[runlim] version:		1.10fixed
[runlim] time limit:		300 seconds
[runlim] real time limit:	311040000 seconds
[runlim] space limit:		4000 MB
[runlim] argv[0]:		./cvc4
[runlim] argv[1]:		--nl-ext-tplanes
[runlim] argv[2]:		--full-saturate-quant
[runlim] argv[3]:		--no-e-matching
[runlim] argv[4]:		/tmp/bBNSdMoq.smt2
[runlim] start:			Tue Jan 29 17:03:35 2019
[runlim] main pid:		27687
[runlim] sample:		9.7 time, 10.7 real, 47.4 MB
[runlim] sample:		19.2 time, 20.7 real, 57.5 MB
[runlim] sample:		27.9 time, 30.7 real, 63.6 MB
[runlim] sample:		36.7 time, 40.7 real, 67.8 MB
[runlim] sample:		46.5 time, 50.7 real, 73.9 MB
[runlim] sample:		56.5 time, 60.7 real, 78.5 MB
[runlim] sample:		66.5 time, 70.7 real, 82.3 MB
[runlim] sample:		75.7 time, 80.7 real, 89.0 MB
[runlim] sample:		84.2 time, 90.7 real, 91.3 MB
[runlim] sample:		93.9 time, 100.7 real, 95.9 MB
[runlim] sample:		103.9 time, 110.7 real, 99.0 MB
[runlim] sample:		113.9 time, 120.7 real, 100.7 MB
[runlim] sample:		123.9 time, 130.7 real, 104.3 MB
[runlim] sample:		133.9 time, 140.7 real, 104.8 MB
[runlim] sample:		143.9 time, 150.7 real, 104.8 MB
[runlim] sample:		153.9 time, 160.7 real, 104.8 MB
[runlim] sample:		163.9 time, 170.7 real, 105.0 MB
[runlim] sample:		173.9 time, 180.7 real, 105.3 MB
[runlim] sample:		183.9 time, 190.7 real, 105.3 MB
[runlim] sample:		193.9 time, 200.7 real, 105.8 MB
[runlim] sample:		203.9 time, 210.7 real, 105.8 MB
[runlim] sample:		213.9 time, 220.7 real, 105.8 MB
[runlim] sample:		223.9 time, 230.7 real, 105.8 MB
[runlim] sample:		233.9 time, 240.7 real, 105.8 MB
[runlim] sample:		243.9 time, 250.7 real, 105.8 MB
[runlim] sample:		253.9 time, 260.7 real, 105.8 MB
[runlim] sample:		263.9 time, 270.7 real, 106.0 MB
[runlim] sample:		273.9 time, 280.7 real, 106.0 MB
[runlim] sample:		283.9 time, 290.7 real, 106.3 MB
[runlim] sample:		293.9 time, 300.7 real, 106.6 MB
CVC4 interrupted by SIGTERM.
[runlim] end:			Tue Jan 29 17:08:41 2019
[runlim] status:		out of time
[runlim] result:		2
[runlim] children:		0
[runlim] real:			306.88 seconds
[runlim] time:			300.08 seconds
[runlim] space:			106.8 MB
[runlim] samples:		3062
