[runlim] version:		1.10fixed
[runlim] time limit:		300 seconds
[runlim] real time limit:	311040000 seconds
[runlim] space limit:		4000 MB
[runlim] argv[0]:		./cvc4
[runlim] argv[1]:		--nl-ext-tplanes
[runlim] argv[2]:		--full-saturate-quant
[runlim] argv[3]:		--no-e-matching
[runlim] argv[4]:		/tmp/6hywtRVZ.smt2
[runlim] start:			Tue Feb  5 13:27:20 2019
[runlim] main pid:		5635
/tmp/6hywtRVZ.smt2:4.12: No set-logic command was given before this point.
/tmp/6hywtRVZ.smt2:4.12: CVC4 will make all theories available.
/tmp/6hywtRVZ.smt2:4.12: Consider setting a stricter logic for (likely) better performance.
/tmp/6hywtRVZ.smt2:4.12: To suppress this warning in the future use (set-logic ALL).
[runlim] sample:		9.1 time, 10.2 real, 43.1 MB
[runlim] sample:		19.1 time, 20.2 real, 53.8 MB
[runlim] sample:		29.0 time, 30.2 real, 61.6 MB
[runlim] sample:		39.0 time, 40.2 real, 65.0 MB
[runlim] sample:		48.7 time, 50.2 real, 68.6 MB
[runlim] sample:		58.3 time, 60.2 real, 70.7 MB
[runlim] sample:		68.0 time, 70.2 real, 71.6 MB
[runlim] sample:		76.4 time, 80.2 real, 73.4 MB
[runlim] sample:		84.9 time, 90.2 real, 78.0 MB
[runlim] sample:		94.6 time, 100.2 real, 81.3 MB
[runlim] sample:		104.1 time, 110.2 real, 83.1 MB
[runlim] sample:		113.1 time, 120.2 real, 85.1 MB
[runlim] sample:		122.2 time, 130.2 real, 85.1 MB
[runlim] sample:		131.6 time, 140.2 real, 85.1 MB
[runlim] sample:		141.0 time, 150.2 real, 85.1 MB
[runlim] sample:		150.1 time, 160.2 real, 85.1 MB
[runlim] sample:		158.9 time, 170.2 real, 85.1 MB
[runlim] sample:		168.4 time, 180.2 real, 85.1 MB
[runlim] sample:		178.4 time, 190.2 real, 85.1 MB
[runlim] sample:		188.4 time, 200.2 real, 85.1 MB
[runlim] sample:		198.4 time, 210.2 real, 85.1 MB
[runlim] sample:		208.4 time, 220.2 real, 85.1 MB
[runlim] sample:		218.4 time, 230.2 real, 85.1 MB
[runlim] sample:		228.4 time, 240.2 real, 85.1 MB
[runlim] sample:		238.4 time, 250.2 real, 85.1 MB
[runlim] sample:		247.6 time, 260.2 real, 85.1 MB
[runlim] sample:		256.2 time, 270.2 real, 85.1 MB
[runlim] sample:		265.9 time, 280.2 real, 85.1 MB
[runlim] sample:		275.9 time, 290.2 real, 85.1 MB
[runlim] sample:		285.9 time, 300.2 real, 85.1 MB
[runlim] sample:		295.9 time, 310.2 real, 85.1 MB
[runlim] end:			Tue Feb  5 13:32:32 2019
[runlim] status:		signal(9)
[runlim] result:		11
[runlim] children:		0
[runlim] real:			312.94 seconds
[runlim] time:			298.58 seconds
[runlim] space:			85.1 MB
[runlim] samples:		3127
