[runlim] version:		1.10fixed
[runlim] time limit:		300 seconds
[runlim] real time limit:	311040000 seconds
[runlim] space limit:		4000 MB
[runlim] argv[0]:		./cvc4
[runlim] argv[1]:		--nl-ext-tplanes
[runlim] argv[2]:		--full-saturate-quant
[runlim] argv[3]:		--no-e-matching
[runlim] argv[4]:		/tmp/g7lOPfUX.smt2
[runlim] start:			Tue Feb  5 10:34:04 2019
[runlim] main pid:		15437
[runlim] sample:		9.8 time, 10.1 real, 42.6 MB
[runlim] sample:		19.8 time, 20.1 real, 49.8 MB
[runlim] sample:		29.6 time, 30.1 real, 55.2 MB
[runlim] sample:		39.6 time, 40.1 real, 60.5 MB
[runlim] sample:		49.6 time, 50.1 real, 64.1 MB
[runlim] sample:		59.4 time, 60.1 real, 67.4 MB
[runlim] sample:		69.0 time, 70.1 real, 70.0 MB
[runlim] sample:		78.9 time, 80.1 real, 72.3 MB
[runlim] sample:		88.8 time, 90.1 real, 74.6 MB
[runlim] sample:		98.9 time, 100.1 real, 76.7 MB
[runlim] sample:		108.9 time, 110.1 real, 79.7 MB
[runlim] sample:		118.8 time, 120.1 real, 81.5 MB
[runlim] sample:		128.8 time, 130.1 real, 83.8 MB
[runlim] sample:		138.8 time, 140.1 real, 85.4 MB
[runlim] sample:		148.8 time, 150.1 real, 86.7 MB
[runlim] sample:		158.4 time, 160.1 real, 87.9 MB
[runlim] sample:		168.1 time, 170.1 real, 91.6 MB
[runlim] sample:		177.8 time, 180.1 real, 92.6 MB
[runlim] sample:		187.8 time, 190.1 real, 94.4 MB
[runlim] sample:		197.8 time, 200.1 real, 95.2 MB
[runlim] sample:		207.8 time, 210.1 real, 96.5 MB
[runlim] sample:		217.7 time, 220.1 real, 97.8 MB
[runlim] sample:		227.6 time, 230.1 real, 99.1 MB
[runlim] sample:		237.6 time, 240.1 real, 100.3 MB
[runlim] sample:		247.2 time, 250.1 real, 101.4 MB
[runlim] sample:		256.9 time, 260.1 real, 102.4 MB
[runlim] sample:		266.9 time, 270.1 real, 103.4 MB
[runlim] sample:		276.9 time, 280.1 real, 105.0 MB
[runlim] sample:		286.9 time, 290.1 real, 105.5 MB
[runlim] sample:		296.9 time, 300.1 real, 107.1 MB
CVC4 interrupted by SIGTERM.
[runlim] end:			Tue Feb  5 10:39:07 2019
[runlim] status:		out of time
[runlim] result:		2
[runlim] children:		0
[runlim] real:			303.36 seconds
[runlim] time:			300.05 seconds
[runlim] space:			107.8 MB
[runlim] samples:		3032
