[runlim] version:		1.10fixed
[runlim] time limit:		300 seconds
[runlim] real time limit:	311040000 seconds
[runlim] space limit:		4000 MB
[runlim] argv[0]:		./cvc4
[runlim] argv[1]:		--nl-ext-tplanes
[runlim] argv[2]:		--full-saturate-quant
[runlim] argv[3]:		--no-e-matching
[runlim] argv[4]:		/tmp/KVFU2f4Z.smt2
[runlim] start:			Tue Feb  5 10:34:14 2019
[runlim] main pid:		27272
[runlim] sample:		8.6 time, 10.9 real, 40.9 MB
[runlim] sample:		17.0 time, 20.9 real, 47.9 MB
[runlim] sample:		25.4 time, 30.9 real, 52.5 MB
[runlim] sample:		33.3 time, 40.9 real, 56.7 MB
[runlim] sample:		41.4 time, 50.9 real, 59.8 MB
[runlim] sample:		49.5 time, 60.9 real, 63.6 MB
[runlim] sample:		58.4 time, 70.9 real, 66.4 MB
[runlim] sample:		68.4 time, 80.9 real, 69.0 MB
[runlim] sample:		77.4 time, 90.9 real, 71.6 MB
[runlim] sample:		87.4 time, 100.9 real, 73.9 MB
[runlim] sample:		97.4 time, 110.9 real, 76.0 MB
[runlim] sample:		107.4 time, 120.9 real, 77.8 MB
[runlim] sample:		117.4 time, 130.9 real, 80.1 MB
[runlim] sample:		127.4 time, 140.9 real, 82.2 MB
[runlim] sample:		137.4 time, 150.9 real, 84.3 MB
[runlim] sample:		147.3 time, 160.9 real, 85.8 MB
[runlim] sample:		155.2 time, 170.9 real, 86.8 MB
[runlim] sample:		163.0 time, 180.9 real, 88.1 MB
[runlim] sample:		171.1 time, 190.9 real, 89.4 MB
[runlim] sample:		179.6 time, 200.9 real, 90.4 MB
[runlim] sample:		189.3 time, 210.9 real, 91.5 MB
[runlim] sample:		199.3 time, 220.9 real, 92.8 MB
[runlim] sample:		209.3 time, 230.9 real, 96.2 MB
[runlim] sample:		219.3 time, 240.9 real, 97.5 MB
[runlim] sample:		229.3 time, 250.9 real, 98.7 MB
[runlim] sample:		239.3 time, 260.9 real, 99.8 MB
[runlim] sample:		249.2 time, 270.9 real, 100.5 MB
[runlim] sample:		259.2 time, 280.9 real, 101.8 MB
[runlim] sample:		269.2 time, 290.9 real, 102.6 MB
[runlim] sample:		279.2 time, 300.9 real, 103.9 MB
[runlim] sample:		289.2 time, 310.9 real, 105.2 MB
[runlim] sample:		299.2 time, 320.9 real, 106.5 MB
CVC4 interrupted by SIGTERM.
[runlim] end:			Tue Feb  5 10:39:35 2019
[runlim] status:		out of time
[runlim] result:		2
[runlim] children:		0
[runlim] real:			321.72 seconds
[runlim] time:			300.04 seconds
[runlim] space:			106.5 MB
[runlim] samples:		3208
