[runlim] version:		1.10fixed
[runlim] time limit:		300 seconds
[runlim] real time limit:	311040000 seconds
[runlim] space limit:		4000 MB
[runlim] argv[0]:		./cvc4
[runlim] argv[1]:		--nl-ext-tplanes
[runlim] argv[2]:		--full-saturate-quant
[runlim] argv[3]:		--no-e-matching
[runlim] argv[4]:		/tmp/efLlA5lV.smt2
[runlim] start:			Tue Feb  5 10:34:07 2019
[runlim] main pid:		10838
[runlim] sample:		9.4 time, 10.5 real, 42.1 MB
[runlim] sample:		18.8 time, 20.5 real, 49.3 MB
[runlim] sample:		28.3 time, 30.5 real, 54.5 MB
[runlim] sample:		37.8 time, 40.5 real, 59.7 MB
[runlim] sample:		47.5 time, 50.5 real, 63.3 MB
[runlim] sample:		57.0 time, 60.5 real, 66.4 MB
[runlim] sample:		65.7 time, 70.5 real, 68.7 MB
[runlim] sample:		75.5 time, 80.5 real, 71.8 MB
[runlim] sample:		84.9 time, 90.5 real, 73.9 MB
[runlim] sample:		94.3 time, 100.5 real, 75.7 MB
[runlim] sample:		103.6 time, 110.5 real, 78.6 MB
[runlim] sample:		112.4 time, 120.5 real, 80.1 MB
[runlim] sample:		121.6 time, 130.5 real, 81.9 MB
[runlim] sample:		131.6 time, 140.5 real, 84.3 MB
[runlim] sample:		141.2 time, 150.5 real, 85.3 MB
[runlim] sample:		151.1 time, 160.5 real, 86.8 MB
[runlim] sample:		160.9 time, 170.5 real, 88.1 MB
[runlim] sample:		169.4 time, 180.5 real, 91.5 MB
[runlim] sample:		179.1 time, 190.5 real, 92.8 MB
[runlim] sample:		188.0 time, 200.5 real, 94.1 MB
[runlim] sample:		197.2 time, 210.5 real, 95.1 MB
[runlim] sample:		206.1 time, 220.5 real, 96.2 MB
[runlim] sample:		215.0 time, 230.5 real, 97.7 MB
[runlim] sample:		224.2 time, 240.5 real, 98.5 MB
[runlim] sample:		233.8 time, 250.5 real, 99.5 MB
[runlim] sample:		243.0 time, 260.5 real, 101.1 MB
[runlim] sample:		252.2 time, 270.5 real, 101.8 MB
[runlim] sample:		262.1 time, 280.5 real, 103.4 MB
[runlim] sample:		272.1 time, 290.5 real, 104.4 MB
[runlim] sample:		281.0 time, 300.5 real, 105.2 MB
[runlim] sample:		290.8 time, 310.5 real, 106.0 MB
CVC4 interrupted by SIGTERM.
[runlim] end:			Tue Feb  5 10:39:26 2019
[runlim] status:		out of time
[runlim] result:		2
[runlim] children:		0
[runlim] real:			319.86 seconds
[runlim] time:			300.08 seconds
[runlim] space:			107.8 MB
[runlim] samples:		3193
