[runlim] version:		1.10fixed
[runlim] time limit:		300 seconds
[runlim] real time limit:	311040000 seconds
[runlim] space limit:		4000 MB
[runlim] argv[0]:		./cvc4
[runlim] argv[1]:		--nl-ext-tplanes
[runlim] argv[2]:		--full-saturate-quant
[runlim] argv[3]:		--no-e-matching
[runlim] argv[4]:		/tmp/H33aS1db.smt2
[runlim] start:			Tue Jan 29 17:02:36 2019
[runlim] main pid:		14254
[runlim] sample:		7.6 time, 10.1 real, 43.3 MB
[runlim] sample:		15.8 time, 20.1 real, 55.2 MB
[runlim] sample:		25.5 time, 30.1 real, 62.6 MB
[runlim] sample:		34.8 time, 40.1 real, 64.9 MB
[runlim] sample:		44.4 time, 50.1 real, 68.7 MB
[runlim] sample:		53.5 time, 60.1 real, 74.9 MB
[runlim] sample:		63.0 time, 70.1 real, 81.4 MB
[runlim] sample:		70.9 time, 80.1 real, 86.1 MB
[runlim] sample:		80.3 time, 90.1 real, 86.6 MB
[runlim] sample:		89.6 time, 100.1 real, 87.5 MB
[runlim] sample:		99.6 time, 110.1 real, 88.0 MB
[runlim] sample:		109.6 time, 120.1 real, 88.3 MB
[runlim] sample:		119.6 time, 130.1 real, 92.9 MB
[runlim] sample:		128.6 time, 140.1 real, 94.7 MB
[runlim] sample:		138.3 time, 150.1 real, 95.2 MB
[runlim] sample:		148.2 time, 160.1 real, 100.3 MB
[runlim] sample:		158.2 time, 170.1 real, 101.8 MB
[runlim] sample:		168.0 time, 180.1 real, 110.9 MB
[runlim] sample:		177.5 time, 190.1 real, 113.2 MB
[runlim] sample:		187.5 time, 200.1 real, 113.2 MB
[runlim] sample:		197.5 time, 210.1 real, 113.5 MB
[runlim] sample:		207.4 time, 220.1 real, 113.7 MB
[runlim] sample:		217.3 time, 230.1 real, 114.2 MB
[runlim] sample:		226.1 time, 240.1 real, 114.2 MB
[runlim] sample:		236.1 time, 250.1 real, 115.0 MB
[runlim] sample:		246.1 time, 260.1 real, 115.0 MB
[runlim] sample:		254.6 time, 270.1 real, 115.2 MB
[runlim] sample:		262.9 time, 280.1 real, 116.0 MB
[runlim] sample:		272.2 time, 290.1 real, 116.0 MB
[runlim] sample:		282.2 time, 300.1 real, 116.2 MB
[runlim] sample:		292.2 time, 310.1 real, 116.2 MB
CVC4 interrupted by SIGTERM.
[runlim] end:			Tue Jan 29 17:07:53 2019
[runlim] status:		out of time
[runlim] result:		2
[runlim] children:		0
[runlim] real:			317.89 seconds
[runlim] time:			300.02 seconds
[runlim] space:			117.0 MB
[runlim] samples:		3178
