[runlim] version:		1.10fixed
[runlim] time limit:		300 seconds
[runlim] real time limit:	311040000 seconds
[runlim] space limit:		4000 MB
[runlim] argv[0]:		./cvc4
[runlim] argv[1]:		--nl-ext-tplanes
[runlim] argv[2]:		--full-saturate-quant
[runlim] argv[3]:		--no-e-matching
[runlim] argv[4]:		/tmp/UdK7wMBq.smt2
[runlim] start:			Tue Jan 29 17:06:16 2019
[runlim] main pid:		32071
[runlim] sample:		9.3 time, 10.9 real, 51.8 MB
[runlim] sample:		18.6 time, 20.9 real, 62.4 MB
[runlim] sample:		27.9 time, 30.9 real, 71.2 MB
[runlim] sample:		37.5 time, 40.9 real, 78.7 MB
[runlim] sample:		47.5 time, 50.9 real, 84.8 MB
[runlim] sample:		57.5 time, 60.9 real, 89.2 MB
[runlim] sample:		67.5 time, 70.9 real, 115.3 MB
[runlim] sample:		77.5 time, 80.9 real, 115.6 MB
[runlim] sample:		87.5 time, 90.9 real, 114.9 MB
[runlim] sample:		97.5 time, 100.9 real, 120.1 MB
[runlim] sample:		107.5 time, 110.9 real, 123.7 MB
[runlim] sample:		117.5 time, 120.9 real, 128.6 MB
[runlim] sample:		127.5 time, 130.9 real, 134.8 MB
[runlim] sample:		137.4 time, 140.9 real, 136.8 MB
[runlim] sample:		147.4 time, 150.9 real, 138.4 MB
[runlim] sample:		157.4 time, 160.9 real, 142.3 MB
[runlim] sample:		167.4 time, 170.9 real, 147.7 MB
[runlim] sample:		177.4 time, 180.9 real, 150.8 MB
[runlim] sample:		187.4 time, 190.9 real, 151.3 MB
[runlim] sample:		197.4 time, 200.9 real, 155.1 MB
[runlim] sample:		207.4 time, 210.9 real, 157.5 MB
[runlim] sample:		217.4 time, 220.9 real, 160.3 MB
[runlim] sample:		227.4 time, 230.9 real, 160.8 MB
[runlim] sample:		237.4 time, 240.9 real, 164.2 MB
[runlim] sample:		247.4 time, 250.9 real, 165.7 MB
[runlim] sample:		257.4 time, 260.9 real, 169.6 MB
[runlim] sample:		267.4 time, 270.9 real, 172.1 MB
[runlim] sample:		277.4 time, 280.9 real, 174.2 MB
[runlim] sample:		287.4 time, 290.9 real, 177.0 MB
[runlim] sample:		297.4 time, 300.9 real, 181.4 MB
CVC4 interrupted by SIGTERM.
[runlim] end:			Tue Jan 29 17:11:19 2019
[runlim] status:		out of time
[runlim] result:		2
[runlim] children:		0
[runlim] real:			303.67 seconds
[runlim] time:			300.09 seconds
[runlim] space:			181.7 MB
[runlim] samples:		3027
