[runlim] version:		1.10fixed
[runlim] time limit:		300 seconds
[runlim] real time limit:	311040000 seconds
[runlim] space limit:		4000 MB
[runlim] argv[0]:		./cvc4
[runlim] argv[1]:		--nl-ext-tplanes
[runlim] argv[2]:		--full-saturate-quant
[runlim] argv[3]:		--no-e-matching
[runlim] argv[4]:		/tmp/RYOLsxsr.smt2
[runlim] start:			Tue Feb  5 10:34:39 2019
[runlim] main pid:		26771
[runlim] sample:		8.8 time, 10.7 real, 46.6 MB
[runlim] sample:		18.7 time, 20.7 real, 55.0 MB
[runlim] sample:		28.3 time, 30.7 real, 70.0 MB
[runlim] sample:		37.6 time, 40.7 real, 77.0 MB
[runlim] sample:		46.9 time, 50.7 real, 82.5 MB
[runlim] sample:		56.5 time, 60.7 real, 89.2 MB
[runlim] sample:		64.8 time, 70.7 real, 93.8 MB
[runlim] sample:		74.8 time, 80.7 real, 105.0 MB
[runlim] sample:		84.8 time, 90.7 real, 105.5 MB
[runlim] sample:		94.6 time, 100.7 real, 105.8 MB
[runlim] sample:		104.1 time, 110.7 real, 118.7 MB
[runlim] sample:		114.0 time, 120.7 real, 118.7 MB
[runlim] sample:		122.6 time, 130.7 real, 119.0 MB
[runlim] sample:		131.6 time, 140.7 real, 133.9 MB
[runlim] sample:		140.9 time, 150.7 real, 134.2 MB
[runlim] sample:		150.0 time, 160.7 real, 134.2 MB
[runlim] sample:		158.8 time, 170.7 real, 134.2 MB
[runlim] sample:		168.8 time, 180.7 real, 134.2 MB
[runlim] sample:		178.8 time, 190.7 real, 134.4 MB
[runlim] sample:		188.8 time, 200.7 real, 157.4 MB
[runlim] sample:		198.2 time, 210.7 real, 158.9 MB
[runlim] sample:		207.3 time, 220.7 real, 158.9 MB
[runlim] sample:		216.8 time, 230.7 real, 159.2 MB
[runlim] sample:		226.4 time, 240.7 real, 159.2 MB
[runlim] sample:		236.4 time, 250.7 real, 176.7 MB
[runlim] sample:		246.2 time, 260.7 real, 176.7 MB
[runlim] sample:		255.3 time, 270.7 real, 176.7 MB
[runlim] sample:		265.3 time, 280.7 real, 178.7 MB
[runlim] sample:		275.3 time, 290.7 real, 179.1 MB
[runlim] sample:		285.3 time, 300.7 real, 179.1 MB
[runlim] sample:		295.3 time, 310.7 real, 179.1 MB
CVC4 interrupted by SIGTERM.
[runlim] end:			Tue Feb  5 10:39:54 2019
[runlim] status:		out of time
[runlim] result:		2
[runlim] children:		0
[runlim] real:			315.39 seconds
[runlim] time:			300.02 seconds
[runlim] space:			193.8 MB
[runlim] samples:		3147
