[runlim] version:		1.10fixed
[runlim] time limit:		300 seconds
[runlim] real time limit:	311040000 seconds
[runlim] space limit:		4000 MB
[runlim] argv[0]:		./cvc4
[runlim] argv[1]:		--nl-ext-tplanes
[runlim] argv[2]:		--full-saturate-quant
[runlim] argv[3]:		--no-e-matching
[runlim] argv[4]:		/tmp/mtoXylzJ.smt2
[runlim] start:			Tue Feb  5 10:34:10 2019
[runlim] main pid:		4445
[runlim] sample:		10.0 time, 10.4 real, 42.3 MB
[runlim] sample:		20.0 time, 20.4 real, 50.1 MB
[runlim] sample:		30.0 time, 30.4 real, 55.4 MB
[runlim] sample:		38.8 time, 40.4 real, 59.0 MB
[runlim] sample:		48.8 time, 50.4 real, 63.8 MB
[runlim] sample:		58.8 time, 60.4 real, 66.9 MB
[runlim] sample:		67.7 time, 70.4 real, 69.5 MB
[runlim] sample:		76.8 time, 80.4 real, 72.1 MB
[runlim] sample:		86.8 time, 90.4 real, 74.2 MB
[runlim] sample:		96.7 time, 100.4 real, 76.2 MB
[runlim] sample:		106.7 time, 110.4 real, 78.5 MB
[runlim] sample:		116.7 time, 120.4 real, 80.6 MB
[runlim] sample:		126.7 time, 130.4 real, 82.7 MB
[runlim] sample:		136.7 time, 140.4 real, 84.8 MB
[runlim] sample:		146.7 time, 150.4 real, 86.4 MB
[runlim] sample:		156.7 time, 160.4 real, 87.9 MB
[runlim] sample:		166.7 time, 170.4 real, 89.7 MB
[runlim] sample:		176.7 time, 180.4 real, 91.0 MB
[runlim] sample:		186.7 time, 190.4 real, 92.0 MB
[runlim] sample:		196.7 time, 200.4 real, 93.6 MB
[runlim] sample:		206.7 time, 210.4 real, 96.8 MB
[runlim] sample:		216.7 time, 220.4 real, 97.9 MB
[runlim] sample:		226.7 time, 230.4 real, 99.4 MB
[runlim] sample:		236.3 time, 240.4 real, 100.2 MB
[runlim] sample:		245.4 time, 250.4 real, 101.2 MB
[runlim] sample:		255.4 time, 260.4 real, 102.2 MB
[runlim] sample:		265.4 time, 270.4 real, 103.0 MB
[runlim] sample:		275.3 time, 280.4 real, 104.3 MB
[runlim] sample:		285.2 time, 290.4 real, 104.8 MB
[runlim] sample:		295.2 time, 300.4 real, 106.4 MB
CVC4 interrupted by SIGTERM.
[runlim] end:			Tue Feb  5 10:39:15 2019
[runlim] status:		out of time
[runlim] result:		2
[runlim] children:		0
[runlim] real:			305.27 seconds
[runlim] time:			300.05 seconds
[runlim] space:			107.1 MB
[runlim] samples:		3048
