[runlim] version:		1.10fixed
[runlim] time limit:		300 seconds
[runlim] real time limit:	311040000 seconds
[runlim] space limit:		4000 MB
[runlim] argv[0]:		./cvc4
[runlim] argv[1]:		--nl-ext-tplanes
[runlim] argv[2]:		--full-saturate-quant
[runlim] argv[3]:		--no-e-matching
[runlim] argv[4]:		/tmp/BsE3nRPp.smt2
[runlim] start:			Tue Jan 29 17:02:24 2019
[runlim] main pid:		28702
[runlim] sample:		7.8 time, 10.2 real, 44.2 MB
[runlim] sample:		16.8 time, 20.2 real, 55.8 MB
[runlim] sample:		25.1 time, 30.2 real, 62.3 MB
[runlim] sample:		33.5 time, 40.2 real, 66.4 MB
[runlim] sample:		43.2 time, 50.2 real, 72.8 MB
[runlim] sample:		52.9 time, 60.2 real, 79.3 MB
[runlim] sample:		62.6 time, 70.2 real, 81.1 MB
[runlim] sample:		71.5 time, 80.2 real, 84.6 MB
[runlim] sample:		79.2 time, 90.2 real, 87.2 MB
[runlim] sample:		88.5 time, 100.2 real, 90.1 MB
[runlim] sample:		97.5 time, 110.2 real, 95.5 MB
[runlim] sample:		106.5 time, 120.2 real, 95.7 MB
[runlim] sample:		115.8 time, 130.2 real, 99.3 MB
[runlim] sample:		124.9 time, 140.2 real, 101.2 MB
[runlim] sample:		134.6 time, 150.2 real, 101.8 MB
[runlim] sample:		144.6 time, 160.2 real, 103.0 MB
[runlim] sample:		154.6 time, 170.2 real, 105.9 MB
[runlim] sample:		164.6 time, 180.2 real, 108.4 MB
[runlim] sample:		172.5 time, 190.2 real, 109.5 MB
[runlim] sample:		182.4 time, 200.2 real, 116.4 MB
[runlim] sample:		192.4 time, 210.2 real, 116.7 MB
[runlim] sample:		202.4 time, 220.2 real, 117.2 MB
[runlim] sample:		212.4 time, 230.2 real, 117.4 MB
[runlim] sample:		222.4 time, 240.2 real, 122.1 MB
[runlim] sample:		232.4 time, 250.2 real, 123.6 MB
[runlim] sample:		242.4 time, 260.2 real, 123.9 MB
[runlim] sample:		252.4 time, 270.2 real, 124.4 MB
[runlim] sample:		262.4 time, 280.2 real, 124.7 MB
[runlim] sample:		272.4 time, 290.2 real, 124.9 MB
[runlim] sample:		281.6 time, 300.2 real, 127.0 MB
[runlim] sample:		289.7 time, 310.2 real, 127.0 MB
[runlim] sample:		297.7 time, 320.2 real, 129.0 MB
[runlim] end:			Tue Jan 29 17:07:45 2019
[runlim] status:		signal(9)
[runlim] result:		11
[runlim] children:		0
[runlim] real:			321.62 seconds
[runlim] time:			298.79 seconds
[runlim] space:			129.0 MB
[runlim] samples:		3213
