[runlim] version:		1.10fixed
[runlim] time limit:		300 seconds
[runlim] real time limit:	311040000 seconds
[runlim] space limit:		4000 MB
[runlim] argv[0]:		./cvc4
[runlim] argv[1]:		--nl-ext-tplanes
[runlim] argv[2]:		--full-saturate-quant
[runlim] argv[3]:		--no-e-matching
[runlim] argv[4]:		/tmp/KKnt604M.smt2
[runlim] start:			Tue Feb  5 10:35:03 2019
[runlim] main pid:		17694
[runlim] sample:		8.7 time, 10.7 real, 45.9 MB
[runlim] sample:		17.4 time, 20.7 real, 55.8 MB
[runlim] sample:		27.4 time, 30.7 real, 63.8 MB
[runlim] sample:		37.4 time, 40.7 real, 69.7 MB
[runlim] sample:		47.3 time, 50.7 real, 75.9 MB
[runlim] sample:		56.7 time, 60.7 real, 79.5 MB
[runlim] sample:		66.7 time, 70.7 real, 84.9 MB
[runlim] sample:		76.7 time, 80.7 real, 88.8 MB
[runlim] sample:		86.7 time, 90.7 real, 92.9 MB
[runlim] sample:		95.6 time, 100.7 real, 95.5 MB
[runlim] sample:		103.9 time, 110.7 real, 100.2 MB
[runlim] sample:		112.5 time, 120.7 real, 103.8 MB
[runlim] sample:		122.2 time, 130.7 real, 107.1 MB
[runlim] sample:		132.2 time, 140.7 real, 111.2 MB
[runlim] sample:		142.2 time, 150.7 real, 114.1 MB
[runlim] sample:		152.2 time, 160.7 real, 118.3 MB
[runlim] sample:		162.2 time, 170.7 real, 120.2 MB
[runlim] sample:		172.2 time, 180.7 real, 123.3 MB
[runlim] sample:		182.2 time, 190.7 real, 125.7 MB
[runlim] sample:		192.1 time, 200.7 real, 129.2 MB
[runlim] sample:		201.5 time, 210.7 real, 131.0 MB
[runlim] sample:		210.8 time, 220.7 real, 133.3 MB
[runlim] sample:		219.8 time, 230.7 real, 134.9 MB
[runlim] sample:		228.7 time, 240.7 real, 136.9 MB
[runlim] sample:		237.8 time, 250.7 real, 139.2 MB
[runlim] sample:		247.8 time, 260.7 real, 141.5 MB
[runlim] sample:		257.8 time, 270.7 real, 143.3 MB
[runlim] sample:		267.8 time, 280.7 real, 144.6 MB
[runlim] sample:		277.8 time, 290.7 real, 146.4 MB
[runlim] sample:		287.8 time, 300.7 real, 147.7 MB
[runlim] sample:		297.8 time, 310.7 real, 149.2 MB
CVC4 interrupted by SIGTERM.
[runlim] end:			Tue Feb  5 10:40:15 2019
[runlim] status:		out of time
[runlim] result:		2
[runlim] children:		0
[runlim] real:			312.93 seconds
[runlim] time:			300.02 seconds
[runlim] space:			149.2 MB
[runlim] samples:		3122
