[runlim] version:		1.10fixed
[runlim] time limit:		300 seconds
[runlim] real time limit:	311040000 seconds
[runlim] space limit:		4000 MB
[runlim] argv[0]:		./cvc4
[runlim] argv[1]:		--nl-ext-tplanes
[runlim] argv[2]:		--full-saturate-quant
[runlim] argv[3]:		--no-e-matching
[runlim] argv[4]:		/tmp/QW3Hjxn4.smt2
[runlim] start:			Tue Feb  5 10:30:09 2019
[runlim] main pid:		10630
/tmp/QW3Hjxn4.smt2:4.12: No set-logic command was given before this point.
/tmp/QW3Hjxn4.smt2:4.12: CVC4 will make all theories available.
/tmp/QW3Hjxn4.smt2:4.12: Consider setting a stricter logic for (likely) better performance.
/tmp/QW3Hjxn4.smt2:4.12: To suppress this warning in the future use (set-logic ALL).
[runlim] sample:		9.0 time, 10.7 real, 41.5 MB
[runlim] sample:		18.0 time, 20.7 real, 48.6 MB
[runlim] sample:		27.2 time, 30.7 real, 48.6 MB
[runlim] sample:		36.6 time, 40.7 real, 48.6 MB
[runlim] sample:		46.1 time, 50.7 real, 48.6 MB
[runlim] sample:		55.5 time, 60.7 real, 48.8 MB
[runlim] sample:		65.2 time, 70.7 real, 48.8 MB
[runlim] sample:		74.8 time, 80.7 real, 49.1 MB
[runlim] sample:		84.2 time, 90.7 real, 49.1 MB
[runlim] sample:		93.4 time, 100.7 real, 49.1 MB
[runlim] sample:		102.7 time, 110.7 real, 49.3 MB
[runlim] sample:		112.2 time, 120.7 real, 49.3 MB
[runlim] sample:		121.8 time, 130.7 real, 49.3 MB
[runlim] sample:		131.2 time, 140.7 real, 49.6 MB
[runlim] sample:		140.9 time, 150.7 real, 49.6 MB
[runlim] sample:		149.9 time, 160.7 real, 49.6 MB
[runlim] sample:		158.9 time, 170.7 real, 49.6 MB
[runlim] sample:		168.1 time, 180.7 real, 49.9 MB
[runlim] sample:		177.7 time, 190.7 real, 49.9 MB
[runlim] sample:		186.7 time, 200.7 real, 49.9 MB
[runlim] sample:		195.7 time, 210.7 real, 50.1 MB
[runlim] sample:		204.8 time, 220.7 real, 50.6 MB
[runlim] sample:		213.8 time, 230.7 real, 50.6 MB
[runlim] sample:		223.1 time, 240.7 real, 50.6 MB
[runlim] sample:		233.1 time, 250.7 real, 50.6 MB
[runlim] sample:		243.1 time, 260.7 real, 50.6 MB
[runlim] sample:		253.1 time, 270.7 real, 50.9 MB
[runlim] sample:		262.7 time, 280.7 real, 50.9 MB
[runlim] sample:		272.2 time, 290.7 real, 50.9 MB
[runlim] sample:		281.2 time, 300.7 real, 50.9 MB
[runlim] sample:		291.0 time, 310.7 real, 51.1 MB
CVC4 interrupted by SIGTERM.
[runlim] end:			Tue Feb  5 10:35:29 2019
[runlim] status:		out of time
[runlim] result:		2
[runlim] children:		0
[runlim] real:			320.53 seconds
[runlim] time:			300.03 seconds
[runlim] space:			51.1 MB
[runlim] samples:		3198
