[runlim] version:		1.10fixed
[runlim] time limit:		300 seconds
[runlim] real time limit:	311040000 seconds
[runlim] space limit:		4000 MB
[runlim] argv[0]:		./cvc4
[runlim] argv[1]:		--nl-ext-tplanes
[runlim] argv[2]:		--full-saturate-quant
[runlim] argv[3]:		--no-e-matching
[runlim] argv[4]:		/tmp/HphNICnt.smt2
[runlim] start:			Tue Jan 29 17:02:38 2019
[runlim] main pid:		18376
[runlim] sample:		8.0 time, 10.6 real, 46.4 MB
[runlim] sample:		15.6 time, 20.6 real, 55.2 MB
[runlim] sample:		23.4 time, 30.6 real, 61.0 MB
[runlim] sample:		30.8 time, 40.6 real, 66.4 MB
[runlim] sample:		38.2 time, 50.6 real, 72.5 MB
[runlim] sample:		45.6 time, 60.6 real, 77.4 MB
[runlim] sample:		53.8 time, 70.6 real, 79.2 MB
[runlim] sample:		62.5 time, 80.6 real, 81.7 MB
[runlim] sample:		71.4 time, 90.6 real, 83.5 MB
[runlim] sample:		81.1 time, 100.6 real, 88.3 MB
[runlim] sample:		90.7 time, 110.6 real, 95.7 MB
[runlim] sample:		100.4 time, 120.6 real, 100.6 MB
[runlim] sample:		110.4 time, 130.6 real, 102.4 MB
[runlim] sample:		120.4 time, 140.6 real, 103.1 MB
[runlim] sample:		130.4 time, 150.6 real, 103.5 MB
[runlim] sample:		139.7 time, 160.6 real, 103.7 MB
[runlim] sample:		149.3 time, 170.6 real, 104.7 MB
[runlim] sample:		159.0 time, 180.6 real, 108.3 MB
[runlim] sample:		168.6 time, 190.6 real, 111.5 MB
[runlim] sample:		178.3 time, 200.6 real, 115.1 MB
[runlim] sample:		187.7 time, 210.6 real, 117.4 MB
[runlim] sample:		196.8 time, 220.6 real, 117.7 MB
[runlim] sample:		206.0 time, 230.6 real, 118.7 MB
[runlim] sample:		215.8 time, 240.6 real, 123.3 MB
[runlim] sample:		225.3 time, 250.6 real, 126.9 MB
[runlim] sample:		234.5 time, 260.6 real, 127.2 MB
[runlim] sample:		243.7 time, 270.6 real, 133.6 MB
[runlim] sample:		252.7 time, 280.6 real, 136.5 MB
[runlim] end:			Tue Jan 29 17:07:25 2019
[runlim] status:		ok
[runlim] result:		0
[runlim] children:		0
[runlim] real:			287.52 seconds
[runlim] time:			258.92 seconds
[runlim] space:			138.8 MB
[runlim] samples:		2869
