[runlim] version:		1.10fixed
[runlim] time limit:		300 seconds
[runlim] real time limit:	311040000 seconds
[runlim] space limit:		4000 MB
[runlim] argv[0]:		./cvc4
[runlim] argv[1]:		--nl-ext-tplanes
[runlim] argv[2]:		--full-saturate-quant
[runlim] argv[3]:		--no-e-matching
[runlim] argv[4]:		/tmp/yRaRw5LD.smt2
[runlim] start:			Tue Feb  5 10:33:51 2019
[runlim] main pid:		2427
[runlim] sample:		7.9 time, 10.8 real, 40.9 MB
[runlim] sample:		17.2 time, 20.8 real, 48.1 MB
[runlim] sample:		27.2 time, 30.8 real, 54.0 MB
[runlim] sample:		37.2 time, 40.8 real, 59.7 MB
[runlim] sample:		47.2 time, 50.8 real, 63.0 MB
[runlim] sample:		57.2 time, 60.8 real, 66.4 MB
[runlim] sample:		67.2 time, 70.8 real, 68.9 MB
[runlim] sample:		77.2 time, 80.8 real, 71.8 MB
[runlim] sample:		87.2 time, 90.8 real, 74.1 MB
[runlim] sample:		96.8 time, 100.8 real, 76.1 MB
[runlim] sample:		106.3 time, 110.8 real, 78.9 MB
[runlim] sample:		115.4 time, 120.8 real, 81.0 MB
[runlim] sample:		124.6 time, 130.8 real, 82.3 MB
[runlim] sample:		134.6 time, 140.8 real, 84.3 MB
[runlim] sample:		144.6 time, 150.8 real, 85.9 MB
[runlim] sample:		154.6 time, 160.8 real, 87.2 MB
[runlim] sample:		164.6 time, 170.8 real, 88.7 MB
[runlim] sample:		174.6 time, 180.8 real, 92.1 MB
[runlim] sample:		184.6 time, 190.8 real, 93.7 MB
[runlim] sample:		194.6 time, 200.8 real, 95.0 MB
[runlim] sample:		204.6 time, 210.8 real, 95.7 MB
[runlim] sample:		214.6 time, 220.8 real, 97.3 MB
[runlim] sample:		224.6 time, 230.8 real, 98.3 MB
[runlim] sample:		234.6 time, 240.8 real, 99.9 MB
[runlim] sample:		244.6 time, 250.8 real, 100.9 MB
[runlim] sample:		254.6 time, 260.8 real, 101.9 MB
[runlim] sample:		264.6 time, 270.8 real, 103.5 MB
[runlim] sample:		274.6 time, 280.8 real, 104.2 MB
[runlim] sample:		284.6 time, 290.8 real, 105.3 MB
[runlim] sample:		294.6 time, 300.8 real, 107.1 MB
CVC4 interrupted by SIGTERM.
[runlim] end:			Tue Feb  5 10:38:57 2019
[runlim] status:		out of time
[runlim] result:		2
[runlim] children:		0
[runlim] real:			306.24 seconds
[runlim] time:			300.03 seconds
[runlim] space:			107.1 MB
[runlim] samples:		3054
