[runlim] version:		1.10fixed
[runlim] time limit:		300 seconds
[runlim] real time limit:	311040000 seconds
[runlim] space limit:		4000 MB
[runlim] argv[0]:		./cvc4
[runlim] argv[1]:		--nl-ext-tplanes
[runlim] argv[2]:		--full-saturate-quant
[runlim] argv[3]:		--no-e-matching
[runlim] argv[4]:		/tmp/y2ZInmkr.smt2
[runlim] start:			Tue Feb  5 13:27:02 2019
[runlim] main pid:		12533
[runlim] sample:		8.2 time, 11.0 real, 48.0 MB
[runlim] sample:		18.0 time, 21.0 real, 58.5 MB
[runlim] sample:		28.0 time, 31.0 real, 66.2 MB
[runlim] sample:		38.0 time, 41.0 real, 73.4 MB
[runlim] sample:		48.0 time, 51.0 real, 77.5 MB
[runlim] sample:		58.0 time, 61.0 real, 82.4 MB
[runlim] sample:		68.0 time, 71.0 real, 91.4 MB
[runlim] sample:		78.0 time, 81.0 real, 96.3 MB
[runlim] sample:		88.0 time, 91.0 real, 99.9 MB
[runlim] sample:		98.0 time, 101.0 real, 104.0 MB
[runlim] sample:		108.0 time, 111.0 real, 107.1 MB
[runlim] sample:		118.0 time, 121.0 real, 117.2 MB
[runlim] sample:		127.9 time, 131.0 real, 117.4 MB
[runlim] sample:		137.9 time, 141.0 real, 119.8 MB
[runlim] sample:		147.9 time, 151.0 real, 130.4 MB
[runlim] sample:		157.9 time, 161.0 real, 135.5 MB
[runlim] sample:		167.9 time, 171.0 real, 140.0 MB
[runlim] sample:		177.6 time, 181.0 real, 142.3 MB
[runlim] sample:		187.6 time, 191.0 real, 155.4 MB
[runlim] sample:		197.6 time, 201.0 real, 158.5 MB
[runlim] sample:		207.1 time, 211.0 real, 159.1 MB
[runlim] sample:		216.4 time, 221.0 real, 159.3 MB
[runlim] sample:		225.7 time, 231.0 real, 159.5 MB
[runlim] sample:		235.0 time, 241.0 real, 168.1 MB
[runlim] sample:		244.3 time, 251.0 real, 170.9 MB
[runlim] sample:		253.7 time, 261.0 real, 171.5 MB
[runlim] sample:		263.2 time, 271.0 real, 171.5 MB
[runlim] sample:		272.8 time, 281.0 real, 172.0 MB
[runlim] sample:		282.5 time, 291.0 real, 172.0 MB
[runlim] sample:		292.2 time, 301.0 real, 174.5 MB
[runlim] end:			Tue Feb  5 13:32:09 2019
[runlim] status:		signal(9)
[runlim] result:		11
[runlim] children:		0
[runlim] real:			307.97 seconds
[runlim] time:			299.11 seconds
[runlim] space:			174.5 MB
[runlim] samples:		3069
