[runlim] version:		1.10fixed
[runlim] time limit:		300 seconds
[runlim] real time limit:	311040000 seconds
[runlim] space limit:		4000 MB
[runlim] argv[0]:		./cvc4
[runlim] argv[1]:		--nl-ext-tplanes
[runlim] argv[2]:		--full-saturate-quant
[runlim] argv[3]:		--no-e-matching
[runlim] argv[4]:		/tmp/RbvRHakZ.smt2
[runlim] start:			Tue Feb  5 10:29:20 2019
[runlim] main pid:		23289
[runlim] sample:		8.0 time, 10.5 real, 49.3 MB
[runlim] sample:		16.9 time, 20.5 real, 61.5 MB
[runlim] sample:		26.9 time, 30.5 real, 69.8 MB
[runlim] sample:		37.0 time, 40.5 real, 79.0 MB
[runlim] sample:		46.7 time, 50.5 real, 86.4 MB
[runlim] sample:		56.7 time, 60.5 real, 91.6 MB
[runlim] sample:		66.7 time, 70.5 real, 97.6 MB
[runlim] sample:		76.7 time, 80.5 real, 101.5 MB
[runlim] sample:		86.4 time, 90.5 real, 104.5 MB
[runlim] sample:		94.7 time, 100.5 real, 110.5 MB
[runlim] sample:		103.4 time, 110.5 real, 112.3 MB
[runlim] sample:		113.1 time, 120.5 real, 113.3 MB
[runlim] sample:		122.8 time, 130.5 real, 116.4 MB
[runlim] sample:		132.5 time, 140.5 real, 119.2 MB
[runlim] sample:		142.2 time, 150.5 real, 122.3 MB
[runlim] sample:		151.9 time, 160.5 real, 125.1 MB
[runlim] sample:		161.6 time, 170.5 real, 128.5 MB
[runlim] sample:		170.9 time, 180.5 real, 131.5 MB
[runlim] sample:		180.2 time, 190.5 real, 134.0 MB
[runlim] sample:		189.5 time, 200.5 real, 137.1 MB
[runlim] sample:		198.8 time, 210.5 real, 141.2 MB
[runlim] sample:		208.1 time, 220.5 real, 146.6 MB
[runlim] sample:		217.4 time, 230.5 real, 147.6 MB
[runlim] sample:		226.8 time, 240.5 real, 149.9 MB
[runlim] sample:		236.8 time, 250.5 real, 153.5 MB
[runlim] sample:		246.8 time, 260.5 real, 157.5 MB
[runlim] sample:		256.8 time, 270.5 real, 158.0 MB
[runlim] sample:		266.8 time, 280.5 real, 160.3 MB
[runlim] sample:		276.8 time, 290.5 real, 163.3 MB
[runlim] sample:		286.8 time, 300.5 real, 165.8 MB
[runlim] end:			Tue Feb  5 10:34:29 2019
[runlim] status:		signal(9)
[runlim] result:		11
[runlim] children:		0
[runlim] real:			309.77 seconds
[runlim] time:			296.03 seconds
[runlim] space:			167.6 MB
[runlim] samples:		3092
