[runlim] version:		1.10fixed
[runlim] time limit:		300 seconds
[runlim] real time limit:	311040000 seconds
[runlim] space limit:		4000 MB
[runlim] argv[0]:		./cvc4
[runlim] argv[1]:		--nl-ext-tplanes
[runlim] argv[2]:		--full-saturate-quant
[runlim] argv[3]:		--no-e-matching
[runlim] argv[4]:		/tmp/Iw3K9IED.smt2
[runlim] start:			Tue Feb  5 10:34:20 2019
[runlim] main pid:		10023
[runlim] sample:		8.0 time, 10.6 real, 44.2 MB
[runlim] sample:		16.3 time, 20.6 real, 53.5 MB
[runlim] sample:		26.2 time, 30.6 real, 61.5 MB
[runlim] sample:		36.1 time, 40.6 real, 68.4 MB
[runlim] sample:		46.1 time, 50.6 real, 74.9 MB
[runlim] sample:		56.1 time, 60.6 real, 80.8 MB
[runlim] sample:		66.2 time, 70.6 real, 85.2 MB
[runlim] sample:		76.1 time, 80.6 real, 91.3 MB
[runlim] sample:		86.2 time, 90.6 real, 96.7 MB
[runlim] sample:		96.2 time, 100.6 real, 100.1 MB
[runlim] sample:		106.1 time, 110.6 real, 104.7 MB
[runlim] sample:		116.1 time, 120.6 real, 107.5 MB
[runlim] sample:		126.1 time, 130.6 real, 111.4 MB
[runlim] sample:		136.1 time, 140.6 real, 114.8 MB
[runlim] sample:		146.1 time, 150.6 real, 117.9 MB
[runlim] sample:		156.1 time, 160.6 real, 121.3 MB
[runlim] sample:		166.1 time, 170.6 real, 124.6 MB
[runlim] sample:		176.1 time, 180.6 real, 128.0 MB
[runlim] sample:		186.1 time, 190.6 real, 130.9 MB
[runlim] sample:		196.1 time, 200.6 real, 132.9 MB
[runlim] sample:		206.1 time, 210.6 real, 135.2 MB
[runlim] sample:		216.1 time, 220.6 real, 137.3 MB
[runlim] sample:		226.1 time, 230.6 real, 141.5 MB
[runlim] sample:		236.1 time, 240.6 real, 142.8 MB
[runlim] sample:		246.1 time, 250.6 real, 145.1 MB
[runlim] sample:		256.1 time, 260.6 real, 148.2 MB
[runlim] sample:		266.1 time, 270.6 real, 151.5 MB
[runlim] sample:		276.1 time, 280.6 real, 153.1 MB
[runlim] sample:		286.1 time, 290.6 real, 156.2 MB
[runlim] sample:		293.9 time, 300.6 real, 158.2 MB
CVC4 interrupted by SIGTERM.
[runlim] end:			Tue Feb  5 10:39:26 2019
[runlim] status:		out of time
[runlim] result:		2
[runlim] children:		0
[runlim] real:			306.84 seconds
[runlim] time:			300.08 seconds
[runlim] space:			159.0 MB
[runlim] samples:		3062
