[runlim] version:		1.10fixed
[runlim] time limit:		300 seconds
[runlim] real time limit:	311040000 seconds
[runlim] space limit:		4000 MB
[runlim] argv[0]:		./cvc4
[runlim] argv[1]:		--nl-ext-tplanes
[runlim] argv[2]:		--full-saturate-quant
[runlim] argv[3]:		--no-e-matching
[runlim] argv[4]:		/tmp/AZ6L9vU2.smt2
[runlim] start:			Tue Jan 29 17:03:52 2019
[runlim] main pid:		31268
[runlim] sample:		7.7 time, 10.5 real, 43.0 MB
[runlim] sample:		17.3 time, 20.5 real, 52.4 MB
[runlim] sample:		26.3 time, 30.5 real, 58.6 MB
[runlim] sample:		35.1 time, 40.5 real, 63.0 MB
[runlim] sample:		44.4 time, 50.5 real, 67.5 MB
[runlim] sample:		54.2 time, 60.5 real, 71.1 MB
[runlim] sample:		63.1 time, 70.5 real, 74.4 MB
[runlim] sample:		73.1 time, 80.5 real, 77.3 MB
[runlim] sample:		83.1 time, 90.5 real, 80.4 MB
[runlim] sample:		92.5 time, 100.5 real, 83.2 MB
[runlim] sample:		102.3 time, 110.5 real, 86.0 MB
[runlim] sample:		112.3 time, 120.5 real, 88.4 MB
[runlim] sample:		122.2 time, 130.5 real, 91.5 MB
[runlim] sample:		131.8 time, 140.5 real, 93.6 MB
[runlim] sample:		141.6 time, 150.5 real, 95.4 MB
[runlim] sample:		151.6 time, 160.5 real, 97.4 MB
[runlim] sample:		161.6 time, 170.5 real, 99.2 MB
[runlim] sample:		171.6 time, 180.5 real, 100.8 MB
[runlim] sample:		181.6 time, 190.5 real, 104.8 MB
[runlim] sample:		191.6 time, 200.5 real, 106.4 MB
[runlim] sample:		201.6 time, 210.5 real, 107.9 MB
[runlim] sample:		211.4 time, 220.5 real, 109.2 MB
[runlim] sample:		221.2 time, 230.5 real, 110.5 MB
[runlim] sample:		231.2 time, 240.5 real, 112.3 MB
[runlim] sample:		241.2 time, 250.5 real, 113.8 MB
[runlim] sample:		251.2 time, 260.5 real, 115.4 MB
[runlim] sample:		261.1 time, 270.5 real, 116.4 MB
[runlim] sample:		271.1 time, 280.5 real, 117.9 MB
[runlim] sample:		281.1 time, 290.5 real, 119.5 MB
[runlim] sample:		291.1 time, 300.5 real, 121.3 MB
[runlim] end:			Tue Jan 29 17:09:00 2019
[runlim] status:		signal(9)
[runlim] result:		11
[runlim] children:		0
[runlim] real:			308.73 seconds
[runlim] time:			299.35 seconds
[runlim] space:			122.3 MB
[runlim] samples:		3082
