[runlim] version:		1.10fixed
[runlim] time limit:		300 seconds
[runlim] real time limit:	311040000 seconds
[runlim] space limit:		4000 MB
[runlim] argv[0]:		./cvc4
[runlim] argv[1]:		--nl-ext-tplanes
[runlim] argv[2]:		--full-saturate-quant
[runlim] argv[3]:		--no-e-matching
[runlim] argv[4]:		/tmp/za1tA1nT.smt2
[runlim] start:			Tue Feb  5 13:27:14 2019
[runlim] main pid:		15945
/tmp/za1tA1nT.smt2:4.12: No set-logic command was given before this point.
/tmp/za1tA1nT.smt2:4.12: CVC4 will make all theories available.
/tmp/za1tA1nT.smt2:4.12: Consider setting a stricter logic for (likely) better performance.
/tmp/za1tA1nT.smt2:4.12: To suppress this warning in the future use (set-logic ALL).
[runlim] sample:		9.8 time, 10.5 real, 47.7 MB
[runlim] sample:		19.8 time, 20.5 real, 59.8 MB
[runlim] sample:		28.8 time, 30.5 real, 67.5 MB
[runlim] sample:		37.7 time, 40.5 real, 72.3 MB
[runlim] sample:		46.5 time, 50.5 real, 74.8 MB
[runlim] sample:		56.5 time, 60.5 real, 81.5 MB
[runlim] sample:		66.5 time, 70.5 real, 84.0 MB
[runlim] sample:		76.5 time, 80.5 real, 89.2 MB
[runlim] sample:		86.5 time, 90.5 real, 95.9 MB
[runlim] sample:		96.5 time, 100.5 real, 98.2 MB
[runlim] sample:		106.5 time, 110.5 real, 106.9 MB
[runlim] sample:		116.5 time, 120.5 real, 106.7 MB
[runlim] sample:		124.8 time, 130.5 real, 107.0 MB
[runlim] sample:		133.1 time, 140.5 real, 108.3 MB
[runlim] sample:		142.7 time, 150.5 real, 111.4 MB
[runlim] sample:		150.7 time, 160.5 real, 113.2 MB
[runlim] sample:		160.2 time, 170.5 real, 116.5 MB
[runlim] sample:		169.9 time, 180.5 real, 119.3 MB
[runlim] sample:		179.6 time, 190.5 real, 120.4 MB
[runlim] sample:		189.2 time, 200.5 real, 121.1 MB
[runlim] sample:		198.9 time, 210.5 real, 122.2 MB
[runlim] sample:		208.7 time, 220.5 real, 122.4 MB
[runlim] sample:		218.7 time, 230.5 real, 123.7 MB
[runlim] sample:		228.7 time, 240.5 real, 125.2 MB
[runlim] sample:		238.7 time, 250.5 real, 125.7 MB
[runlim] sample:		248.5 time, 260.5 real, 129.0 MB
[runlim] sample:		256.8 time, 270.5 real, 130.2 MB
[runlim] sample:		264.7 time, 280.5 real, 130.8 MB
[runlim] sample:		273.2 time, 290.5 real, 135.4 MB
[runlim] sample:		281.5 time, 300.5 real, 135.9 MB
[runlim] sample:		291.5 time, 310.5 real, 136.2 MB
CVC4 interrupted by SIGTERM.
[runlim] end:			Tue Feb  5 13:32:33 2019
[runlim] status:		out of time
[runlim] result:		2
[runlim] children:		0
[runlim] real:			319.02 seconds
[runlim] time:			300.03 seconds
[runlim] space:			138.6 MB
[runlim] samples:		3185
