[runlim] version:		1.10fixed
[runlim] time limit:		300 seconds
[runlim] real time limit:	311040000 seconds
[runlim] space limit:		4000 MB
[runlim] argv[0]:		./cvc4
[runlim] argv[1]:		--nl-ext-tplanes
[runlim] argv[2]:		--full-saturate-quant
[runlim] argv[3]:		--no-e-matching
[runlim] argv[4]:		/tmp/Pw4CJ1YZ.smt2
[runlim] start:			Tue Jan 29 17:05:02 2019
[runlim] main pid:		30579
[runlim] sample:		7.3 time, 10.6 real, 41.4 MB
[runlim] sample:		14.8 time, 20.6 real, 47.1 MB
[runlim] sample:		22.5 time, 30.6 real, 52.2 MB
[runlim] sample:		31.2 time, 40.6 real, 57.5 MB
[runlim] sample:		41.2 time, 50.6 real, 61.4 MB
[runlim] sample:		51.2 time, 60.6 real, 65.0 MB
[runlim] sample:		61.2 time, 70.6 real, 67.8 MB
[runlim] sample:		71.2 time, 80.6 real, 70.9 MB
[runlim] sample:		81.2 time, 90.6 real, 73.2 MB
[runlim] sample:		91.2 time, 100.6 real, 75.3 MB
[runlim] sample:		101.2 time, 110.6 real, 78.5 MB
[runlim] sample:		111.2 time, 120.6 real, 80.3 MB
[runlim] sample:		121.2 time, 130.6 real, 82.9 MB
[runlim] sample:		131.2 time, 140.6 real, 84.7 MB
[runlim] sample:		141.2 time, 150.6 real, 86.0 MB
[runlim] sample:		151.2 time, 160.6 real, 87.0 MB
[runlim] sample:		161.2 time, 170.6 real, 90.6 MB
[runlim] sample:		171.2 time, 180.6 real, 92.9 MB
[runlim] sample:		181.2 time, 190.6 real, 93.9 MB
[runlim] sample:		191.2 time, 200.6 real, 95.0 MB
[runlim] sample:		201.2 time, 210.6 real, 96.8 MB
[runlim] sample:		211.2 time, 220.6 real, 97.8 MB
[runlim] sample:		221.2 time, 230.6 real, 99.1 MB
[runlim] sample:		231.2 time, 240.6 real, 100.1 MB
[runlim] sample:		241.2 time, 250.6 real, 101.2 MB
[runlim] sample:		251.2 time, 260.6 real, 102.2 MB
[runlim] sample:		261.2 time, 270.6 real, 103.2 MB
[runlim] sample:		271.2 time, 280.6 real, 105.0 MB
[runlim] sample:		281.2 time, 290.6 real, 106.3 MB
[runlim] sample:		291.2 time, 300.6 real, 107.6 MB
[runlim] end:			Tue Jan 29 17:10:10 2019
[runlim] status:		signal(9)
[runlim] result:		11
[runlim] children:		0
[runlim] real:			308.16 seconds
[runlim] time:			298.69 seconds
[runlim] space:			108.1 MB
[runlim] samples:		3075
