[runlim] version:		1.10fixed
[runlim] time limit:		300 seconds
[runlim] real time limit:	311040000 seconds
[runlim] space limit:		4000 MB
[runlim] argv[0]:		./cvc4
[runlim] argv[1]:		--nl-ext-tplanes
[runlim] argv[2]:		--full-saturate-quant
[runlim] argv[3]:		--no-e-matching
[runlim] argv[4]:		/tmp/CLMmazn0.smt2
[runlim] start:			Tue Jan 29 17:05:52 2019
[runlim] main pid:		378
[runlim] sample:		9.5 time, 10.9 real, 52.4 MB
[runlim] sample:		18.7 time, 20.9 real, 65.7 MB
[runlim] sample:		26.3 time, 30.9 real, 77.5 MB
[runlim] sample:		34.0 time, 40.9 real, 77.5 MB
[runlim] sample:		41.6 time, 50.9 real, 78.8 MB
[runlim] sample:		50.7 time, 60.9 real, 84.2 MB
[runlim] sample:		60.4 time, 70.9 real, 90.4 MB
[runlim] sample:		70.0 time, 80.9 real, 96.6 MB
[runlim] sample:		79.7 time, 90.9 real, 101.2 MB
[runlim] sample:		89.7 time, 100.9 real, 104.1 MB
[runlim] sample:		99.7 time, 110.9 real, 111.5 MB
[runlim] sample:		109.7 time, 120.9 real, 115.6 MB
[runlim] sample:		119.7 time, 130.9 real, 121.1 MB
[runlim] sample:		129.7 time, 140.9 real, 125.4 MB
[runlim] sample:		139.7 time, 150.9 real, 129.6 MB
[runlim] sample:		149.7 time, 160.9 real, 133.7 MB
[runlim] sample:		159.7 time, 170.9 real, 137.3 MB
[runlim] sample:		169.7 time, 180.9 real, 140.1 MB
[runlim] sample:		179.7 time, 190.9 real, 141.9 MB
[runlim] sample:		189.7 time, 200.9 real, 147.1 MB
[runlim] sample:		199.7 time, 210.9 real, 150.4 MB
[runlim] sample:		209.7 time, 220.9 real, 150.7 MB
[runlim] sample:		219.7 time, 230.9 real, 154.0 MB
[runlim] sample:		229.7 time, 240.9 real, 157.2 MB
[runlim] sample:		239.7 time, 250.9 real, 165.4 MB
[runlim] sample:		249.7 time, 260.9 real, 166.5 MB
[runlim] sample:		259.7 time, 270.9 real, 168.3 MB
[runlim] sample:		269.7 time, 280.9 real, 170.9 MB
[runlim] sample:		279.7 time, 290.9 real, 174.3 MB
[runlim] sample:		289.7 time, 300.9 real, 176.1 MB
[runlim] end:			Tue Jan 29 17:11:00 2019
[runlim] status:		signal(9)
[runlim] result:		11
[runlim] children:		0
[runlim] real:			308.18 seconds
[runlim] time:			296.96 seconds
[runlim] space:			177.6 MB
[runlim] samples:		3073
