[runlim] version:		1.10fixed
[runlim] time limit:		300 seconds
[runlim] real time limit:	311040000 seconds
[runlim] space limit:		4000 MB
[runlim] argv[0]:		./cvc4
[runlim] argv[1]:		--nl-ext-tplanes
[runlim] argv[2]:		--full-saturate-quant
[runlim] argv[3]:		--no-e-matching
[runlim] argv[4]:		/tmp/Tt3f12fV.smt2
[runlim] start:			Tue Jan 29 17:03:49 2019
[runlim] main pid:		6975
[runlim] sample:		9.4 time, 10.8 real, 45.1 MB
[runlim] sample:		17.7 time, 20.8 real, 54.3 MB
[runlim] sample:		26.6 time, 30.8 real, 60.7 MB
[runlim] sample:		35.2 time, 40.8 real, 64.2 MB
[runlim] sample:		43.8 time, 50.8 real, 68.8 MB
[runlim] sample:		52.6 time, 60.8 real, 72.9 MB
[runlim] sample:		61.5 time, 70.8 real, 75.4 MB
[runlim] sample:		69.2 time, 80.8 real, 77.7 MB
[runlim] sample:		76.9 time, 90.8 real, 79.2 MB
[runlim] sample:		86.5 time, 100.8 real, 81.5 MB
[runlim] sample:		96.2 time, 110.8 real, 83.7 MB
[runlim] end:			Tue Jan 29 17:05:40 2019
[runlim] status:		ok
[runlim] result:		0
[runlim] children:		0
[runlim] real:			111.34 seconds
[runlim] time:			96.61 seconds
[runlim] space:			83.7 MB
[runlim] samples:		1105
