[runlim] version:		1.10fixed
[runlim] time limit:		300 seconds
[runlim] real time limit:	311040000 seconds
[runlim] space limit:		4000 MB
[runlim] argv[0]:		./cvc4
[runlim] argv[1]:		--nl-ext-tplanes
[runlim] argv[2]:		--full-saturate-quant
[runlim] argv[3]:		--no-e-matching
[runlim] argv[4]:		/tmp/VpxdSaXN.smt2
[runlim] start:			Tue Feb  5 10:29:07 2019
[runlim] main pid:		32280
[runlim] sample:		7.9 time, 10.7 real, 45.6 MB
[runlim] sample:		17.7 time, 20.7 real, 60.1 MB
[runlim] sample:		27.7 time, 30.7 real, 69.6 MB
[runlim] sample:		37.4 time, 40.7 real, 75.2 MB
[runlim] sample:		47.0 time, 50.7 real, 81.1 MB
[runlim] sample:		56.4 time, 60.7 real, 86.5 MB
[runlim] sample:		66.2 time, 70.7 real, 93.2 MB
[runlim] sample:		76.2 time, 80.7 real, 96.3 MB
[runlim] sample:		86.2 time, 90.7 real, 99.9 MB
[runlim] sample:		96.2 time, 100.7 real, 105.9 MB
[runlim] sample:		105.7 time, 110.7 real, 110.3 MB
[runlim] sample:		115.6 time, 120.7 real, 120.1 MB
[runlim] sample:		125.0 time, 130.7 real, 121.1 MB
[runlim] sample:		134.3 time, 140.7 real, 121.9 MB
[runlim] sample:		143.7 time, 150.7 real, 123.9 MB
[runlim] sample:		153.0 time, 160.7 real, 126.2 MB
[runlim] sample:		162.9 time, 170.7 real, 128.6 MB
[runlim] sample:		172.9 time, 180.7 real, 131.1 MB
[runlim] sample:		182.9 time, 190.7 real, 135.2 MB
[runlim] sample:		192.9 time, 200.7 real, 140.9 MB
[runlim] sample:		202.9 time, 210.7 real, 143.7 MB
[runlim] sample:		212.9 time, 220.7 real, 145.2 MB
[runlim] sample:		222.9 time, 230.7 real, 148.6 MB
[runlim] sample:		231.8 time, 240.7 real, 148.8 MB
[runlim] sample:		241.0 time, 250.7 real, 151.4 MB
[runlim] sample:		250.0 time, 260.7 real, 153.5 MB
[runlim] sample:		259.0 time, 270.7 real, 154.5 MB
[runlim] sample:		267.8 time, 280.7 real, 155.5 MB
[runlim] sample:		277.1 time, 290.7 real, 156.8 MB
[runlim] sample:		287.1 time, 300.7 real, 159.1 MB
[runlim] sample:		297.1 time, 310.7 real, 161.7 MB
[runlim] end:			Tue Feb  5 10:34:19 2019
[runlim] status:		signal(9)
[runlim] result:		11
[runlim] children:		0
[runlim] real:			312.96 seconds
[runlim] time:			299.33 seconds
[runlim] space:			163.7 MB
[runlim] samples:		3122
