[runlim] version:		1.10fixed
[runlim] time limit:		300 seconds
[runlim] real time limit:	311040000 seconds
[runlim] space limit:		4000 MB
[runlim] argv[0]:		./cvc4
[runlim] argv[1]:		--nl-ext-tplanes
[runlim] argv[2]:		--full-saturate-quant
[runlim] argv[3]:		--no-e-matching
[runlim] argv[4]:		/tmp/Uf99dQLR.smt2
[runlim] start:			Tue Feb  5 13:27:15 2019
[runlim] main pid:		31831
/tmp/Uf99dQLR.smt2:4.12: No set-logic command was given before this point.
/tmp/Uf99dQLR.smt2:4.12: CVC4 will make all theories available.
/tmp/Uf99dQLR.smt2:4.12: Consider setting a stricter logic for (likely) better performance.
/tmp/Uf99dQLR.smt2:4.12: To suppress this warning in the future use (set-logic ALL).
[runlim] sample:		8.5 time, 10.1 real, 42.9 MB
[runlim] sample:		18.0 time, 20.1 real, 49.9 MB
[runlim] sample:		27.2 time, 30.1 real, 53.1 MB
[runlim] sample:		37.2 time, 40.1 real, 55.7 MB
[runlim] sample:		46.9 time, 50.1 real, 57.5 MB
[runlim] sample:		56.0 time, 60.1 real, 58.7 MB
[runlim] sample:		66.0 time, 70.1 real, 59.7 MB
[runlim] sample:		76.0 time, 80.1 real, 61.5 MB
[runlim] sample:		86.0 time, 90.1 real, 66.2 MB
[runlim] sample:		96.0 time, 100.1 real, 69.0 MB
[runlim] sample:		106.0 time, 110.1 real, 71.6 MB
[runlim] sample:		116.0 time, 120.1 real, 73.6 MB
[runlim] sample:		126.0 time, 130.1 real, 77.3 MB
[runlim] sample:		136.0 time, 140.1 real, 80.2 MB
[runlim] sample:		146.0 time, 150.1 real, 88.9 MB
[runlim] sample:		156.0 time, 160.1 real, 90.1 MB
[runlim] sample:		165.6 time, 170.1 real, 92.1 MB
[runlim] sample:		175.3 time, 180.1 real, 92.4 MB
[runlim] sample:		185.3 time, 190.1 real, 93.3 MB
[runlim] sample:		195.2 time, 200.1 real, 93.5 MB
[runlim] sample:		204.3 time, 210.1 real, 96.2 MB
[runlim] sample:		214.1 time, 220.1 real, 98.5 MB
[runlim] sample:		223.4 time, 230.1 real, 99.0 MB
[runlim] sample:		232.7 time, 240.1 real, 101.5 MB
[runlim] sample:		242.1 time, 250.1 real, 101.5 MB
[runlim] sample:		250.8 time, 260.1 real, 101.7 MB
[runlim] sample:		260.1 time, 270.1 real, 103.3 MB
[runlim] sample:		269.4 time, 280.1 real, 104.4 MB
[runlim] sample:		279.0 time, 290.1 real, 104.7 MB
[runlim] sample:		289.0 time, 300.1 real, 107.3 MB
[runlim] sample:		299.0 time, 310.1 real, 109.3 MB
CVC4 interrupted by SIGTERM.
[runlim] end:			Tue Feb  5 13:32:26 2019
[runlim] status:		out of time
[runlim] result:		2
[runlim] children:		0
[runlim] real:			311.20 seconds
[runlim] time:			300.07 seconds
[runlim] space:			109.3 MB
[runlim] samples:		3111
