[runlim] version:		1.10fixed
[runlim] time limit:		300 seconds
[runlim] real time limit:	311040000 seconds
[runlim] space limit:		4000 MB
[runlim] argv[0]:		./cvc4
[runlim] argv[1]:		--nl-ext-tplanes
[runlim] argv[2]:		--full-saturate-quant
[runlim] argv[3]:		--no-e-matching
[runlim] argv[4]:		/tmp/4m3xRxpL.smt2
[runlim] start:			Tue Feb  5 13:27:42 2019
[runlim] main pid:		22155
[runlim] sample:		9.6 time, 10.6 real, 43.7 MB
[runlim] sample:		19.4 time, 20.6 real, 50.7 MB
[runlim] sample:		29.4 time, 30.6 real, 55.9 MB
[runlim] sample:		39.4 time, 40.6 real, 60.5 MB
[runlim] sample:		49.4 time, 50.6 real, 64.4 MB
[runlim] sample:		59.4 time, 60.6 real, 67.2 MB
[runlim] sample:		69.4 time, 70.6 real, 70.6 MB
[runlim] sample:		79.4 time, 80.6 real, 72.9 MB
[runlim] sample:		89.4 time, 90.6 real, 75.2 MB
[runlim] sample:		99.4 time, 100.6 real, 77.3 MB
[runlim] sample:		109.4 time, 110.6 real, 80.3 MB
[runlim] sample:		119.4 time, 120.6 real, 81.8 MB
[runlim] sample:		129.4 time, 130.6 real, 84.6 MB
[runlim] sample:		139.2 time, 140.6 real, 85.9 MB
[runlim] sample:		149.1 time, 150.6 real, 87.2 MB
[runlim] sample:		159.1 time, 160.6 real, 88.2 MB
[runlim] sample:		169.1 time, 170.6 real, 92.4 MB
[runlim] sample:		179.1 time, 180.6 real, 94.5 MB
[runlim] sample:		189.1 time, 190.6 real, 95.0 MB
[runlim] sample:		199.1 time, 200.6 real, 97.0 MB
[runlim] sample:		209.1 time, 210.6 real, 97.8 MB
[runlim] sample:		219.1 time, 220.6 real, 98.8 MB
[runlim] sample:		228.5 time, 230.6 real, 99.6 MB
[runlim] sample:		237.9 time, 240.6 real, 101.1 MB
[runlim] sample:		247.2 time, 250.6 real, 102.4 MB
[runlim] sample:		256.6 time, 260.6 real, 103.7 MB
[runlim] sample:		266.0 time, 270.6 real, 104.5 MB
[runlim] sample:		276.0 time, 280.6 real, 105.3 MB
[runlim] sample:		285.9 time, 290.6 real, 106.3 MB
[runlim] sample:		295.9 time, 300.6 real, 107.3 MB
CVC4 interrupted by SIGTERM.
[runlim] end:			Tue Feb  5 13:32:46 2019
[runlim] status:		out of time
[runlim] result:		2
[runlim] children:		0
[runlim] real:			304.74 seconds
[runlim] time:			300.04 seconds
[runlim] space:			108.1 MB
[runlim] samples:		3041
