[runlim] version:		1.10fixed
[runlim] time limit:		300 seconds
[runlim] real time limit:	311040000 seconds
[runlim] space limit:		4000 MB
[runlim] argv[0]:		./cvc4
[runlim] argv[1]:		--nl-ext-tplanes
[runlim] argv[2]:		--full-saturate-quant
[runlim] argv[3]:		--no-e-matching
[runlim] argv[4]:		/tmp/nrK0LBuk.smt2
[runlim] start:			Tue Feb  5 10:33:48 2019
[runlim] main pid:		9331
/tmp/nrK0LBuk.smt2:4.12: No set-logic command was given before this point.
/tmp/nrK0LBuk.smt2:4.12: CVC4 will make all theories available.
/tmp/nrK0LBuk.smt2:4.12: Consider setting a stricter logic for (likely) better performance.
/tmp/nrK0LBuk.smt2:4.12: To suppress this warning in the future use (set-logic ALL).
[runlim] sample:		8.8 time, 10.6 real, 46.3 MB
[runlim] sample:		18.5 time, 20.6 real, 56.6 MB
[runlim] sample:		27.6 time, 30.6 real, 63.6 MB
[runlim] sample:		37.6 time, 40.6 real, 69.2 MB
[runlim] sample:		47.6 time, 50.6 real, 75.0 MB
[runlim] sample:		57.6 time, 60.6 real, 79.4 MB
[runlim] sample:		67.6 time, 70.6 real, 85.1 MB
[runlim] sample:		77.6 time, 80.6 real, 88.9 MB
[runlim] sample:		87.6 time, 90.6 real, 92.8 MB
[runlim] sample:		97.6 time, 100.6 real, 97.2 MB
[runlim] sample:		107.6 time, 110.6 real, 101.1 MB
[runlim] sample:		117.6 time, 120.6 real, 103.6 MB
[runlim] sample:		127.6 time, 130.6 real, 107.0 MB
[runlim] sample:		137.6 time, 140.6 real, 108.8 MB
[runlim] sample:		147.6 time, 150.6 real, 114.8 MB
[runlim] sample:		157.6 time, 160.6 real, 116.6 MB
[runlim] sample:		167.6 time, 170.6 real, 120.2 MB
[runlim] sample:		177.6 time, 180.6 real, 121.8 MB
[runlim] sample:		187.6 time, 190.6 real, 124.9 MB
[runlim] sample:		197.6 time, 200.6 real, 126.9 MB
[runlim] sample:		207.6 time, 210.6 real, 130.0 MB
[runlim] sample:		217.6 time, 220.6 real, 131.3 MB
[runlim] sample:		227.5 time, 230.6 real, 132.6 MB
[runlim] sample:		237.5 time, 240.6 real, 135.7 MB
[runlim] sample:		247.5 time, 250.6 real, 137.2 MB
[runlim] sample:		257.5 time, 260.6 real, 140.3 MB
[runlim] sample:		267.5 time, 270.6 real, 141.8 MB
[runlim] sample:		277.5 time, 280.6 real, 142.9 MB
[runlim] sample:		287.5 time, 290.6 real, 145.7 MB
[runlim] sample:		297.5 time, 300.6 real, 147.0 MB
CVC4 interrupted by SIGTERM.
[runlim] end:			Tue Feb  5 10:38:51 2019
[runlim] status:		out of time
[runlim] result:		2
[runlim] children:		0
[runlim] real:			303.15 seconds
[runlim] time:			300.03 seconds
[runlim] space:			147.0 MB
[runlim] samples:		3025
