[runlim] version:		1.10fixed
[runlim] time limit:		300 seconds
[runlim] real time limit:	311040000 seconds
[runlim] space limit:		4000 MB
[runlim] argv[0]:		./cvc4
[runlim] argv[1]:		--nl-ext-tplanes
[runlim] argv[2]:		--full-saturate-quant
[runlim] argv[3]:		--no-e-matching
[runlim] argv[4]:		/tmp/hZBNPBbt.smt2
[runlim] start:			Tue Feb  5 10:29:03 2019
[runlim] main pid:		8359
[runlim] sample:		9.1 time, 10.9 real, 50.4 MB
[runlim] sample:		18.7 time, 20.9 real, 61.7 MB
[runlim] sample:		28.3 time, 30.9 real, 67.9 MB
[runlim] sample:		38.0 time, 40.9 real, 74.6 MB
[runlim] sample:		47.9 time, 50.9 real, 79.7 MB
[runlim] sample:		57.7 time, 60.9 real, 82.8 MB
[runlim] sample:		67.7 time, 70.9 real, 85.9 MB
[runlim] sample:		77.7 time, 80.9 real, 91.9 MB
[runlim] sample:		87.7 time, 90.9 real, 95.7 MB
[runlim] sample:		97.5 time, 100.9 real, 101.4 MB
[runlim] sample:		106.8 time, 110.9 real, 103.5 MB
[runlim] sample:		116.1 time, 120.9 real, 106.0 MB
[runlim] sample:		125.5 time, 130.9 real, 108.9 MB
[runlim] sample:		134.9 time, 140.9 real, 112.5 MB
[runlim] sample:		144.2 time, 150.9 real, 116.6 MB
[runlim] sample:		153.6 time, 160.9 real, 118.6 MB
[runlim] sample:		163.1 time, 170.9 real, 125.1 MB
[runlim] sample:		172.4 time, 180.9 real, 129.3 MB
[runlim] sample:		182.1 time, 190.9 real, 131.1 MB
[runlim] sample:		192.1 time, 200.9 real, 133.2 MB
[runlim] sample:		201.5 time, 210.9 real, 134.5 MB
[runlim] sample:		210.8 time, 220.9 real, 136.5 MB
[runlim] sample:		220.2 time, 230.9 real, 139.7 MB
[runlim] sample:		229.5 time, 240.9 real, 141.4 MB
[runlim] sample:		238.9 time, 250.9 real, 143.0 MB
[runlim] sample:		248.7 time, 260.9 real, 162.3 MB
[runlim] sample:		258.1 time, 270.9 real, 163.1 MB
[runlim] sample:		267.5 time, 280.9 real, 163.3 MB
[runlim] sample:		277.4 time, 290.9 real, 163.9 MB
[runlim] sample:		286.7 time, 300.9 real, 163.9 MB
[runlim] sample:		295.5 time, 310.9 real, 164.4 MB
[runlim] end:			Tue Feb  5 10:34:14 2019
[runlim] status:		signal(9)
[runlim] result:		11
[runlim] children:		0
[runlim] real:			311.19 seconds
[runlim] time:			295.67 seconds
[runlim] space:			164.4 MB
[runlim] samples:		3102
