[runlim] version:		1.10fixed
[runlim] time limit:		300 seconds
[runlim] real time limit:	311040000 seconds
[runlim] space limit:		4000 MB
[runlim] argv[0]:		./cvc4
[runlim] argv[1]:		--nl-ext-tplanes
[runlim] argv[2]:		--full-saturate-quant
[runlim] argv[3]:		--no-e-matching
[runlim] argv[4]:		/tmp/XQUMTke5.smt2
[runlim] start:			Tue Jan 29 17:03:06 2019
[runlim] main pid:		17100
[runlim] sample:		7.4 time, 11.0 real, 45.2 MB
[runlim] sample:		16.1 time, 21.0 real, 55.0 MB
[runlim] sample:		24.9 time, 31.0 real, 61.2 MB
[runlim] sample:		34.9 time, 41.0 real, 68.2 MB
[runlim] sample:		44.9 time, 51.0 real, 73.6 MB
[runlim] sample:		53.4 time, 61.0 real, 77.7 MB
[runlim] sample:		63.2 time, 71.0 real, 81.8 MB
[runlim] sample:		72.3 time, 81.0 real, 83.9 MB
[runlim] sample:		82.3 time, 91.0 real, 88.0 MB
[runlim] sample:		92.3 time, 101.0 real, 91.7 MB
[runlim] sample:		102.3 time, 111.0 real, 94.3 MB
[runlim] sample:		111.2 time, 121.0 real, 96.1 MB
[runlim] sample:		121.2 time, 131.0 real, 100.2 MB
[runlim] sample:		131.2 time, 141.0 real, 100.5 MB
[runlim] sample:		141.2 time, 151.0 real, 102.5 MB
[runlim] sample:		151.2 time, 161.0 real, 104.3 MB
[runlim] sample:		161.2 time, 171.0 real, 106.7 MB
[runlim] sample:		170.9 time, 181.0 real, 108.7 MB
[runlim] sample:		179.5 time, 191.0 real, 110.8 MB
[runlim] sample:		188.3 time, 201.0 real, 112.8 MB
[runlim] sample:		198.2 time, 211.0 real, 118.2 MB
[runlim] sample:		208.2 time, 221.0 real, 118.2 MB
[runlim] sample:		218.2 time, 231.0 real, 119.8 MB
[runlim] sample:		228.2 time, 241.0 real, 120.8 MB
[runlim] sample:		238.1 time, 251.0 real, 130.1 MB
[runlim] sample:		248.0 time, 261.0 real, 130.1 MB
[runlim] sample:		257.8 time, 271.0 real, 130.6 MB
[runlim] sample:		267.8 time, 281.0 real, 130.9 MB
[runlim] sample:		277.8 time, 291.0 real, 131.6 MB
[runlim] sample:		287.8 time, 301.0 real, 131.6 MB
[runlim] sample:		297.8 time, 311.0 real, 132.9 MB
[runlim] end:			Tue Jan 29 17:08:17 2019
[runlim] status:		signal(9)
[runlim] result:		11
[runlim] children:		0
[runlim] real:			311.90 seconds
[runlim] time:			298.66 seconds
[runlim] space:			132.9 MB
[runlim] samples:		3109
