[runlim] version:		1.10fixed
[runlim] time limit:		300 seconds
[runlim] real time limit:	311040000 seconds
[runlim] space limit:		4000 MB
[runlim] argv[0]:		./cvc4
[runlim] argv[1]:		--nl-ext-tplanes
[runlim] argv[2]:		--full-saturate-quant
[runlim] argv[3]:		--no-e-matching
[runlim] argv[4]:		/tmp/fBIJs1zP.smt2
[runlim] start:			Tue Jan 29 17:04:11 2019
[runlim] main pid:		17277
[runlim] sample:		7.7 time, 10.6 real, 43.0 MB
[runlim] sample:		17.7 time, 20.6 real, 56.0 MB
[runlim] sample:		27.7 time, 30.6 real, 64.7 MB
[runlim] sample:		37.7 time, 40.6 real, 67.8 MB
[runlim] sample:		47.7 time, 50.6 real, 73.8 MB
[runlim] sample:		57.7 time, 60.6 real, 77.7 MB
[runlim] sample:		67.7 time, 70.6 real, 81.5 MB
[runlim] sample:		77.7 time, 80.6 real, 84.0 MB
[runlim] sample:		86.3 time, 90.6 real, 84.5 MB
[runlim] sample:		95.6 time, 100.6 real, 85.0 MB
[runlim] sample:		105.4 time, 110.6 real, 90.9 MB
[runlim] sample:		115.4 time, 120.6 real, 91.1 MB
[runlim] sample:		125.4 time, 130.6 real, 91.6 MB
[runlim] sample:		135.4 time, 140.6 real, 92.3 MB
[runlim] sample:		145.4 time, 150.6 real, 93.3 MB
[runlim] sample:		155.4 time, 160.6 real, 93.8 MB
[runlim] sample:		165.4 time, 170.6 real, 95.3 MB
[runlim] sample:		175.4 time, 180.6 real, 100.1 MB
[runlim] sample:		185.4 time, 190.6 real, 100.6 MB
[runlim] sample:		195.4 time, 200.6 real, 100.9 MB
[runlim] sample:		205.4 time, 210.6 real, 103.9 MB
[runlim] sample:		215.4 time, 220.6 real, 104.2 MB
[runlim] sample:		225.4 time, 230.6 real, 104.6 MB
[runlim] sample:		235.4 time, 240.6 real, 105.1 MB
[runlim] sample:		245.4 time, 250.6 real, 105.6 MB
[runlim] sample:		255.4 time, 260.6 real, 106.3 MB
[runlim] sample:		265.4 time, 270.6 real, 107.3 MB
[runlim] sample:		275.4 time, 280.6 real, 107.8 MB
[runlim] sample:		285.4 time, 290.6 real, 109.3 MB
[runlim] sample:		295.4 time, 300.6 real, 110.6 MB
CVC4 interrupted by SIGTERM.
[runlim] end:			Tue Jan 29 17:09:16 2019
[runlim] status:		out of time
[runlim] result:		2
[runlim] children:		0
[runlim] real:			305.27 seconds
[runlim] time:			300.07 seconds
[runlim] space:			111.1 MB
[runlim] samples:		3047
