[runlim] version:		1.10fixed
[runlim] time limit:		300 seconds
[runlim] real time limit:	311040000 seconds
[runlim] space limit:		4000 MB
[runlim] argv[0]:		./cvc4
[runlim] argv[1]:		--nl-ext-tplanes
[runlim] argv[2]:		--full-saturate-quant
[runlim] argv[3]:		--no-e-matching
[runlim] argv[4]:		/tmp/1mXXILHV.smt2
[runlim] start:			Tue Feb  5 10:33:42 2019
[runlim] main pid:		32446
/tmp/1mXXILHV.smt2:4.12: No set-logic command was given before this point.
/tmp/1mXXILHV.smt2:4.12: CVC4 will make all theories available.
/tmp/1mXXILHV.smt2:4.12: Consider setting a stricter logic for (likely) better performance.
/tmp/1mXXILHV.smt2:4.12: To suppress this warning in the future use (set-logic ALL).
[runlim] sample:		9.2 time, 10.5 real, 43.7 MB
[runlim] sample:		19.2 time, 20.5 real, 51.5 MB
[runlim] sample:		29.2 time, 30.5 real, 57.1 MB
[runlim] sample:		39.2 time, 40.5 real, 62.4 MB
[runlim] sample:		49.2 time, 50.5 real, 66.2 MB
[runlim] sample:		59.2 time, 60.5 real, 69.5 MB
[runlim] sample:		69.2 time, 70.5 real, 73.7 MB
[runlim] sample:		79.2 time, 80.5 real, 76.2 MB
[runlim] sample:		89.2 time, 90.5 real, 79.1 MB
[runlim] sample:		99.2 time, 100.5 real, 82.2 MB
[runlim] sample:		109.2 time, 110.5 real, 84.5 MB
[runlim] sample:		119.2 time, 120.5 real, 86.5 MB
[runlim] sample:		129.2 time, 130.5 real, 89.4 MB
[runlim] sample:		139.2 time, 140.5 real, 91.8 MB
[runlim] sample:		149.2 time, 150.5 real, 94.4 MB
[runlim] sample:		159.2 time, 160.5 real, 96.7 MB
[runlim] sample:		169.2 time, 170.5 real, 98.3 MB
[runlim] sample:		179.2 time, 180.5 real, 101.2 MB
[runlim] sample:		189.2 time, 190.5 real, 103.0 MB
[runlim] sample:		199.2 time, 200.5 real, 107.2 MB
[runlim] sample:		209.2 time, 210.5 real, 108.2 MB
[runlim] sample:		219.2 time, 220.5 real, 109.5 MB
[runlim] sample:		229.2 time, 230.5 real, 112.1 MB
[runlim] sample:		239.2 time, 240.5 real, 112.9 MB
[runlim] sample:		249.2 time, 250.5 real, 114.2 MB
[runlim] sample:		259.2 time, 260.5 real, 117.3 MB
[runlim] sample:		269.2 time, 270.5 real, 118.0 MB
[runlim] sample:		279.2 time, 280.5 real, 119.1 MB
[runlim] sample:		289.2 time, 290.5 real, 121.6 MB
[runlim] sample:		299.2 time, 300.5 real, 122.4 MB
CVC4 interrupted by SIGTERM.
[runlim] end:			Tue Feb  5 10:38:43 2019
[runlim] status:		out of time
[runlim] result:		2
[runlim] children:		0
[runlim] real:			301.38 seconds
[runlim] time:			300.10 seconds
[runlim] space:			122.4 MB
[runlim] samples:		3009
