[runlim] version:		1.10fixed
[runlim] time limit:		300 seconds
[runlim] real time limit:	311040000 seconds
[runlim] space limit:		4000 MB
[runlim] argv[0]:		./cvc4
[runlim] argv[1]:		--nl-ext-tplanes
[runlim] argv[2]:		--full-saturate-quant
[runlim] argv[3]:		--no-e-matching
[runlim] argv[4]:		/tmp/PAKnmSeQ.smt2
[runlim] start:			Tue Jan 29 17:02:38 2019
[runlim] main pid:		17120
[runlim] sample:		8.7 time, 10.7 real, 45.9 MB
[runlim] sample:		18.4 time, 20.7 real, 58.1 MB
[runlim] sample:		28.3 time, 30.7 real, 65.0 MB
[runlim] sample:		38.0 time, 40.7 real, 68.1 MB
[runlim] sample:		47.4 time, 50.7 real, 72.7 MB
[runlim] sample:		55.7 time, 60.7 real, 76.6 MB
[runlim] sample:		65.4 time, 70.7 real, 79.7 MB
[runlim] sample:		75.1 time, 80.7 real, 83.1 MB
[runlim] sample:		84.5 time, 90.7 real, 85.9 MB
[runlim] sample:		94.3 time, 100.7 real, 88.5 MB
[runlim] sample:		104.0 time, 110.7 real, 90.8 MB
[runlim] sample:		113.6 time, 120.7 real, 94.2 MB
[runlim] sample:		123.1 time, 130.7 real, 96.3 MB
[runlim] sample:		130.7 time, 140.7 real, 97.0 MB
[runlim] sample:		140.1 time, 150.7 real, 98.6 MB
[runlim] sample:		150.1 time, 160.7 real, 99.6 MB
[runlim] sample:		159.7 time, 170.7 real, 103.4 MB
[runlim] sample:		167.8 time, 180.7 real, 105.2 MB
[runlim] sample:		177.4 time, 190.7 real, 108.0 MB
[runlim] sample:		185.2 time, 200.7 real, 111.1 MB
[runlim] sample:		194.7 time, 210.7 real, 112.7 MB
[runlim] sample:		204.3 time, 220.7 real, 115.5 MB
[runlim] sample:		214.3 time, 230.7 real, 118.6 MB
[runlim] sample:		223.5 time, 240.7 real, 119.9 MB
[runlim] sample:		233.5 time, 250.7 real, 120.9 MB
[runlim] sample:		243.5 time, 260.7 real, 126.3 MB
[runlim] sample:		252.4 time, 270.7 real, 127.3 MB
[runlim] sample:		260.1 time, 280.7 real, 127.9 MB
[runlim] sample:		269.4 time, 290.7 real, 131.7 MB
[runlim] sample:		279.4 time, 300.7 real, 133.5 MB
[runlim] sample:		289.4 time, 310.7 real, 135.6 MB
[runlim] end:			Tue Jan 29 17:07:57 2019
[runlim] status:		signal(9)
[runlim] result:		11
[runlim] children:		0
[runlim] real:			319.71 seconds
[runlim] time:			298.34 seconds
[runlim] space:			139.2 MB
[runlim] samples:		3189
