[runlim] version:		1.10fixed
[runlim] time limit:		300 seconds
[runlim] real time limit:	311040000 seconds
[runlim] space limit:		4000 MB
[runlim] argv[0]:		./cvc4
[runlim] argv[1]:		--nl-ext-tplanes
[runlim] argv[2]:		--full-saturate-quant
[runlim] argv[3]:		--no-e-matching
[runlim] argv[4]:		/tmp/ZzroZnUv.smt2
[runlim] start:			Tue Feb  5 13:27:21 2019
[runlim] main pid:		13313
/tmp/ZzroZnUv.smt2:4.12: No set-logic command was given before this point.
/tmp/ZzroZnUv.smt2:4.12: CVC4 will make all theories available.
/tmp/ZzroZnUv.smt2:4.12: Consider setting a stricter logic for (likely) better performance.
/tmp/ZzroZnUv.smt2:4.12: To suppress this warning in the future use (set-logic ALL).
[runlim] sample:		7.6 time, 10.7 real, 41.6 MB
[runlim] sample:		17.3 time, 20.7 real, 49.1 MB
[runlim] sample:		27.3 time, 30.7 real, 55.8 MB
[runlim] sample:		37.3 time, 40.7 real, 60.6 MB
[runlim] sample:		47.3 time, 50.7 real, 64.7 MB
[runlim] sample:		57.3 time, 60.7 real, 68.9 MB
[runlim] sample:		67.3 time, 70.7 real, 72.2 MB
[runlim] sample:		77.3 time, 80.7 real, 75.0 MB
[runlim] sample:		87.3 time, 90.7 real, 77.9 MB
[runlim] sample:		97.3 time, 100.7 real, 80.5 MB
[runlim] sample:		107.3 time, 110.7 real, 82.5 MB
[runlim] sample:		117.3 time, 120.7 real, 84.8 MB
[runlim] sample:		127.3 time, 130.7 real, 88.2 MB
[runlim] sample:		137.3 time, 140.7 real, 89.7 MB
[runlim] sample:		147.3 time, 150.7 real, 92.0 MB
[runlim] sample:		157.2 time, 160.7 real, 94.8 MB
[runlim] sample:		166.7 time, 170.7 real, 95.9 MB
[runlim] sample:		176.7 time, 180.7 real, 97.7 MB
[runlim] sample:		186.7 time, 190.7 real, 101.6 MB
[runlim] sample:		196.7 time, 200.7 real, 104.0 MB
[runlim] sample:		206.7 time, 210.7 real, 105.7 MB
[runlim] sample:		216.7 time, 220.7 real, 108.1 MB
[runlim] sample:		226.7 time, 230.7 real, 108.8 MB
[runlim] sample:		236.7 time, 240.7 real, 110.1 MB
[runlim] sample:		246.7 time, 250.7 real, 111.9 MB
[runlim] sample:		256.6 time, 260.7 real, 113.5 MB
[runlim] sample:		266.6 time, 270.7 real, 114.2 MB
[runlim] sample:		276.6 time, 280.7 real, 116.1 MB
[runlim] sample:		286.6 time, 290.7 real, 117.1 MB
[runlim] sample:		296.6 time, 300.7 real, 119.1 MB
CVC4 interrupted by SIGTERM.
[runlim] end:			Tue Feb  5 13:32:25 2019
[runlim] status:		out of time
[runlim] result:		2
[runlim] children:		0
[runlim] real:			304.10 seconds
[runlim] time:			300.02 seconds
[runlim] space:			119.7 MB
[runlim] samples:		3034
