[runlim] version:		1.10fixed
[runlim] time limit:		300 seconds
[runlim] real time limit:	311040000 seconds
[runlim] space limit:		4000 MB
[runlim] argv[0]:		./cvc4
[runlim] argv[1]:		--nl-ext-tplanes
[runlim] argv[2]:		--full-saturate-quant
[runlim] argv[3]:		--no-e-matching
[runlim] argv[4]:		/tmp/MCtV8pI5.smt2
[runlim] start:			Tue Feb  5 10:34:41 2019
[runlim] main pid:		16348
[runlim] sample:		9.6 time, 10.3 real, 45.7 MB
[runlim] sample:		19.6 time, 20.3 real, 57.9 MB
[runlim] sample:		29.6 time, 30.3 real, 65.9 MB
[runlim] sample:		39.6 time, 40.3 real, 72.3 MB
[runlim] sample:		49.6 time, 50.3 real, 85.3 MB
[runlim] sample:		59.6 time, 60.3 real, 85.8 MB
[runlim] sample:		69.6 time, 70.3 real, 87.9 MB
[runlim] sample:		79.6 time, 80.3 real, 92.5 MB
[runlim] sample:		89.6 time, 90.3 real, 97.9 MB
[runlim] sample:		99.6 time, 100.3 real, 101.8 MB
[runlim] sample:		109.6 time, 110.3 real, 106.2 MB
[runlim] sample:		119.6 time, 120.3 real, 109.3 MB
[runlim] sample:		129.6 time, 130.3 real, 112.6 MB
[runlim] sample:		139.6 time, 140.3 real, 116.7 MB
[runlim] sample:		149.6 time, 150.3 real, 119.8 MB
[runlim] sample:		159.6 time, 160.3 real, 122.4 MB
[runlim] sample:		169.6 time, 170.3 real, 125.5 MB
[runlim] sample:		179.6 time, 180.3 real, 127.6 MB
[runlim] sample:		189.6 time, 190.3 real, 129.9 MB
[runlim] sample:		199.6 time, 200.3 real, 131.7 MB
[runlim] sample:		209.6 time, 210.3 real, 134.2 MB
[runlim] sample:		219.6 time, 220.3 real, 137.1 MB
[runlim] sample:		229.6 time, 230.3 real, 138.9 MB
[runlim] sample:		239.6 time, 240.3 real, 140.7 MB
[runlim] sample:		249.6 time, 250.3 real, 143.3 MB
[runlim] sample:		259.6 time, 260.3 real, 146.1 MB
[runlim] sample:		269.6 time, 270.3 real, 147.9 MB
[runlim] sample:		279.6 time, 280.3 real, 150.0 MB
[runlim] sample:		289.6 time, 290.3 real, 172.2 MB
[runlim] sample:		299.6 time, 300.3 real, 231.0 MB
CVC4 interrupted by SIGTERM.
[runlim] end:			Tue Feb  5 10:39:41 2019
[runlim] status:		out of time
[runlim] result:		2
[runlim] children:		0
[runlim] real:			300.85 seconds
[runlim] time:			300.09 seconds
[runlim] space:			231.0 MB
[runlim] samples:		3005
