[runlim] version:		1.10fixed
[runlim] time limit:		300 seconds
[runlim] real time limit:	311040000 seconds
[runlim] space limit:		4000 MB
[runlim] argv[0]:		./cvc4
[runlim] argv[1]:		--nl-ext-tplanes
[runlim] argv[2]:		--full-saturate-quant
[runlim] argv[3]:		--no-e-matching
[runlim] argv[4]:		/tmp/ecYRTyUZ.smt2
[runlim] start:			Tue Feb  5 10:34:19 2019
[runlim] main pid:		24529
[runlim] sample:		9.9 time, 10.2 real, 46.7 MB
[runlim] sample:		19.9 time, 20.2 real, 57.9 MB
[runlim] sample:		29.9 time, 30.2 real, 65.4 MB
[runlim] sample:		39.2 time, 40.2 real, 70.6 MB
[runlim] sample:		49.2 time, 50.2 real, 77.0 MB
[runlim] sample:		59.2 time, 60.2 real, 81.9 MB
[runlim] sample:		68.6 time, 70.2 real, 86.8 MB
[runlim] sample:		77.0 time, 80.2 real, 92.2 MB
[runlim] sample:		86.0 time, 90.2 real, 96.3 MB
[runlim] sample:		96.0 time, 100.2 real, 100.1 MB
[runlim] sample:		105.2 time, 110.2 real, 103.3 MB
[runlim] sample:		114.7 time, 120.2 real, 106.6 MB
[runlim] sample:		124.7 time, 130.2 real, 110.3 MB
[runlim] sample:		134.7 time, 140.2 real, 114.4 MB
[runlim] sample:		144.7 time, 150.2 real, 117.5 MB
[runlim] sample:		154.7 time, 160.2 real, 120.9 MB
[runlim] sample:		164.7 time, 170.2 real, 123.0 MB
[runlim] sample:		174.7 time, 180.2 real, 126.3 MB
[runlim] sample:		184.7 time, 190.2 real, 128.6 MB
[runlim] sample:		194.7 time, 200.2 real, 131.2 MB
[runlim] sample:		204.7 time, 210.2 real, 133.5 MB
[runlim] sample:		214.7 time, 220.2 real, 136.1 MB
[runlim] sample:		224.6 time, 230.2 real, 138.9 MB
[runlim] sample:		233.6 time, 240.2 real, 142.3 MB
[runlim] sample:		242.8 time, 250.2 real, 144.1 MB
[runlim] sample:		252.8 time, 260.2 real, 147.8 MB
[runlim] sample:		261.5 time, 270.2 real, 150.1 MB
[runlim] sample:		271.5 time, 280.2 real, 152.4 MB
[runlim] sample:		281.5 time, 290.2 real, 155.5 MB
[runlim] sample:		291.5 time, 300.2 real, 157.3 MB
CVC4 interrupted by SIGTERM.
[runlim] end:			Tue Feb  5 10:39:27 2019
[runlim] status:		out of time
[runlim] result:		2
[runlim] children:		0
[runlim] real:			308.76 seconds
[runlim] time:			300.03 seconds
[runlim] space:			159.4 MB
[runlim] samples:		3085
