[runlim] version:		1.10fixed
[runlim] time limit:		300 seconds
[runlim] real time limit:	311040000 seconds
[runlim] space limit:		4000 MB
[runlim] argv[0]:		./cvc4
[runlim] argv[1]:		--nl-ext-tplanes
[runlim] argv[2]:		--full-saturate-quant
[runlim] argv[3]:		--no-e-matching
[runlim] argv[4]:		/tmp/zmwPcmXR.smt2
[runlim] start:			Tue Jan 29 17:06:04 2019
[runlim] main pid:		26920
[runlim] sample:		8.2 time, 10.5 real, 49.0 MB
[runlim] sample:		17.7 time, 20.5 real, 57.3 MB
[runlim] sample:		26.4 time, 30.5 real, 63.5 MB
[runlim] sample:		35.7 time, 40.5 real, 74.8 MB
[runlim] sample:		45.1 time, 50.5 real, 78.1 MB
[runlim] sample:		54.5 time, 60.5 real, 84.4 MB
[runlim] sample:		63.8 time, 70.5 real, 84.8 MB
[runlim] sample:		73.0 time, 80.5 real, 85.0 MB
[runlim] sample:		81.9 time, 90.5 real, 85.0 MB
[runlim] sample:		91.9 time, 100.5 real, 85.3 MB
[runlim] sample:		101.9 time, 110.5 real, 86.8 MB
[runlim] sample:		111.9 time, 120.5 real, 87.0 MB
[runlim] sample:		120.8 time, 130.5 real, 87.3 MB
[runlim] sample:		129.2 time, 140.5 real, 92.7 MB
[runlim] sample:		137.4 time, 150.5 real, 93.0 MB
[runlim] sample:		146.7 time, 160.5 real, 95.8 MB
[runlim] sample:		156.4 time, 170.5 real, 95.8 MB
[runlim] sample:		166.1 time, 180.5 real, 95.8 MB
[runlim] sample:		174.2 time, 190.5 real, 95.8 MB
[runlim] sample:		182.4 time, 200.5 real, 95.8 MB
[runlim] sample:		190.6 time, 210.5 real, 97.6 MB
[runlim] sample:		200.0 time, 220.5 real, 100.4 MB
[runlim] sample:		210.0 time, 230.5 real, 104.3 MB
[runlim] sample:		220.0 time, 240.5 real, 111.2 MB
[runlim] sample:		230.0 time, 250.5 real, 114.8 MB
[runlim] sample:		240.0 time, 260.5 real, 127.6 MB
[runlim] sample:		250.0 time, 270.5 real, 127.6 MB
[runlim] sample:		258.5 time, 280.5 real, 127.9 MB
[runlim] sample:		268.5 time, 290.5 real, 128.2 MB
[runlim] sample:		278.5 time, 300.5 real, 136.9 MB
[runlim] sample:		288.5 time, 310.5 real, 141.0 MB
[runlim] end:			Tue Jan 29 17:11:20 2019
[runlim] status:		signal(9)
[runlim] result:		11
[runlim] children:		0
[runlim] real:			316.46 seconds
[runlim] time:			294.43 seconds
[runlim] space:			144.9 MB
[runlim] samples:		3159
