[runlim] version:		1.10fixed
[runlim] time limit:		300 seconds
[runlim] real time limit:	311040000 seconds
[runlim] space limit:		4000 MB
[runlim] argv[0]:		./cvc4
[runlim] argv[1]:		--nl-ext-tplanes
[runlim] argv[2]:		--full-saturate-quant
[runlim] argv[3]:		--no-e-matching
[runlim] argv[4]:		/tmp/9HGc3rTJ.smt2
[runlim] start:			Tue Jan 29 17:04:52 2019
[runlim] main pid:		31915
[runlim] sample:		7.5 time, 10.2 real, 42.0 MB
[runlim] sample:		15.6 time, 20.2 real, 48.2 MB
[runlim] sample:		24.5 time, 30.2 real, 53.7 MB
[runlim] sample:		33.4 time, 40.2 real, 58.5 MB
[runlim] sample:		42.9 time, 50.2 real, 62.6 MB
[runlim] sample:		52.9 time, 60.2 real, 66.2 MB
[runlim] sample:		62.9 time, 70.2 real, 69.0 MB
[runlim] sample:		72.7 time, 80.2 real, 71.6 MB
[runlim] sample:		82.7 time, 90.2 real, 74.2 MB
[runlim] sample:		92.7 time, 100.2 real, 76.5 MB
[runlim] sample:		102.7 time, 110.2 real, 79.7 MB
[runlim] sample:		112.7 time, 120.2 real, 81.3 MB
[runlim] sample:		122.7 time, 130.2 real, 84.1 MB
[runlim] sample:		132.7 time, 140.2 real, 85.4 MB
[runlim] sample:		142.7 time, 150.2 real, 86.4 MB
[runlim] sample:		152.4 time, 160.2 real, 88.0 MB
[runlim] sample:		161.9 time, 170.2 real, 91.7 MB
[runlim] sample:		171.9 time, 180.2 real, 93.3 MB
[runlim] sample:		181.9 time, 190.2 real, 95.1 MB
[runlim] sample:		191.9 time, 200.2 real, 95.6 MB
[runlim] sample:		201.9 time, 210.2 real, 97.7 MB
[runlim] sample:		211.9 time, 220.2 real, 98.4 MB
[runlim] sample:		221.9 time, 230.2 real, 99.7 MB
[runlim] sample:		231.9 time, 240.2 real, 101.0 MB
[runlim] sample:		241.9 time, 250.2 real, 102.3 MB
[runlim] sample:		251.9 time, 260.2 real, 103.3 MB
[runlim] sample:		261.9 time, 270.2 real, 104.4 MB
[runlim] sample:		271.9 time, 280.2 real, 106.4 MB
[runlim] sample:		281.9 time, 290.2 real, 107.2 MB
[runlim] sample:		291.9 time, 300.2 real, 108.2 MB
CVC4 interrupted by SIGTERM.
[runlim] end:			Tue Jan 29 17:10:00 2019
[runlim] status:		out of time
[runlim] result:		2
[runlim] children:		0
[runlim] real:			308.37 seconds
[runlim] time:			300.03 seconds
[runlim] space:			109.3 MB
[runlim] samples:		3081
