[runlim] version:		1.10fixed
[runlim] time limit:		300 seconds
[runlim] real time limit:	311040000 seconds
[runlim] space limit:		4000 MB
[runlim] argv[0]:		./cvc4
[runlim] argv[1]:		--nl-ext-tplanes
[runlim] argv[2]:		--full-saturate-quant
[runlim] argv[3]:		--no-e-matching
[runlim] argv[4]:		/tmp/9bqfzuqe.smt2
[runlim] start:			Tue Feb  5 10:33:53 2019
[runlim] main pid:		24331
[runlim] sample:		9.9 time, 10.0 real, 43.5 MB
[runlim] sample:		17.7 time, 20.0 real, 48.9 MB
[runlim] sample:		27.7 time, 30.0 real, 54.7 MB
[runlim] sample:		37.7 time, 40.0 real, 60.3 MB
[runlim] sample:		47.7 time, 50.0 real, 63.9 MB
[runlim] sample:		57.7 time, 60.0 real, 67.0 MB
[runlim] sample:		67.7 time, 70.0 real, 70.1 MB
[runlim] sample:		77.7 time, 80.0 real, 72.4 MB
[runlim] sample:		87.7 time, 90.0 real, 74.7 MB
[runlim] sample:		97.7 time, 100.0 real, 76.8 MB
[runlim] sample:		107.7 time, 110.0 real, 80.2 MB
[runlim] sample:		117.7 time, 120.0 real, 82.8 MB
[runlim] sample:		127.7 time, 130.0 real, 83.8 MB
[runlim] sample:		137.7 time, 140.0 real, 85.4 MB
[runlim] sample:		147.7 time, 150.0 real, 86.9 MB
[runlim] sample:		157.7 time, 160.0 real, 90.5 MB
[runlim] sample:		167.7 time, 170.0 real, 92.1 MB
[runlim] sample:		177.7 time, 180.0 real, 93.9 MB
[runlim] sample:		187.7 time, 190.0 real, 94.9 MB
[runlim] sample:		197.7 time, 200.0 real, 96.5 MB
[runlim] sample:		207.7 time, 210.0 real, 97.8 MB
[runlim] sample:		217.7 time, 220.0 real, 98.5 MB
[runlim] sample:		227.7 time, 230.0 real, 100.1 MB
[runlim] sample:		237.7 time, 240.0 real, 101.1 MB
[runlim] sample:		247.7 time, 250.0 real, 102.1 MB
[runlim] sample:		257.7 time, 260.0 real, 103.2 MB
[runlim] sample:		267.7 time, 270.0 real, 104.5 MB
[runlim] sample:		277.7 time, 280.0 real, 106.3 MB
[runlim] sample:		287.7 time, 290.0 real, 107.0 MB
[runlim] sample:		297.7 time, 300.0 real, 108.1 MB
CVC4 interrupted by SIGTERM.
[runlim] end:			Tue Feb  5 10:38:55 2019
[runlim] status:		out of time
[runlim] result:		2
[runlim] children:		0
[runlim] real:			302.44 seconds
[runlim] time:			300.10 seconds
[runlim] space:			108.1 MB
[runlim] samples:		3024
