[runlim] version:		1.10fixed
[runlim] time limit:		300 seconds
[runlim] real time limit:	311040000 seconds
[runlim] space limit:		4000 MB
[runlim] argv[0]:		./cvc4
[runlim] argv[1]:		--nl-ext-tplanes
[runlim] argv[2]:		--full-saturate-quant
[runlim] argv[3]:		--no-e-matching
[runlim] argv[4]:		/tmp/gHAZBr5d.smt2
[runlim] start:			Tue Feb  5 10:29:55 2019
[runlim] main pid:		9738
/tmp/gHAZBr5d.smt2:4.12: No set-logic command was given before this point.
/tmp/gHAZBr5d.smt2:4.12: CVC4 will make all theories available.
/tmp/gHAZBr5d.smt2:4.12: Consider setting a stricter logic for (likely) better performance.
/tmp/gHAZBr5d.smt2:4.12: To suppress this warning in the future use (set-logic ALL).
[runlim] sample:		7.9 time, 10.5 real, 27.3 MB
[runlim] sample:		17.9 time, 20.5 real, 30.4 MB
[runlim] sample:		27.9 time, 30.5 real, 33.5 MB
[runlim] sample:		37.9 time, 40.5 real, 36.1 MB
[runlim] sample:		47.5 time, 50.5 real, 38.9 MB
[runlim] sample:		56.6 time, 60.5 real, 41.5 MB
[runlim] sample:		65.7 time, 70.5 real, 43.7 MB
[runlim] sample:		74.7 time, 80.5 real, 46.1 MB
[runlim] sample:		83.8 time, 90.5 real, 48.4 MB
[runlim] sample:		92.9 time, 100.5 real, 50.7 MB
[runlim] sample:		102.2 time, 110.5 real, 52.5 MB
[runlim] sample:		111.4 time, 120.5 real, 54.6 MB
[runlim] sample:		120.6 time, 130.5 real, 56.4 MB
[runlim] sample:		129.6 time, 140.5 real, 58.2 MB
[runlim] sample:		138.7 time, 150.5 real, 59.7 MB
[runlim] sample:		148.0 time, 160.5 real, 61.5 MB
[runlim] sample:		157.3 time, 170.5 real, 63.8 MB
[runlim] sample:		166.6 time, 180.5 real, 66.0 MB
[runlim] sample:		175.8 time, 190.5 real, 68.1 MB
[runlim] sample:		184.9 time, 200.5 real, 69.4 MB
[runlim] sample:		194.4 time, 210.5 real, 71.2 MB
[runlim] sample:		204.4 time, 220.5 real, 72.7 MB
[runlim] sample:		214.4 time, 230.5 real, 74.8 MB
[runlim] sample:		224.2 time, 240.5 real, 76.9 MB
[runlim] sample:		233.2 time, 250.5 real, 77.9 MB
[runlim] sample:		241.5 time, 260.5 real, 79.7 MB
[runlim] sample:		250.4 time, 270.5 real, 81.6 MB
[runlim] sample:		260.3 time, 280.5 real, 82.8 MB
[runlim] sample:		270.3 time, 290.5 real, 84.7 MB
[runlim] sample:		280.3 time, 300.5 real, 85.9 MB
[runlim] sample:		290.3 time, 310.5 real, 87.5 MB
[runlim] end:			Tue Feb  5 10:35:08 2019
[runlim] status:		signal(9)
[runlim] result:		11
[runlim] children:		0
[runlim] real:			313.94 seconds
[runlim] time:			293.70 seconds
[runlim] space:			88.0 MB
[runlim] samples:		3134
