[runlim] version:		1.10fixed
[runlim] time limit:		300 seconds
[runlim] real time limit:	311040000 seconds
[runlim] space limit:		4000 MB
[runlim] argv[0]:		./cvc4
[runlim] argv[1]:		--nl-ext-tplanes
[runlim] argv[2]:		--full-saturate-quant
[runlim] argv[3]:		--no-e-matching
[runlim] argv[4]:		/tmp/Vx0EtZLL.smt2
[runlim] start:			Tue Feb  5 10:29:41 2019
[runlim] main pid:		8855
[runlim] sample:		8.7 time, 10.4 real, 52.1 MB
[runlim] sample:		17.0 time, 20.4 real, 63.2 MB
[runlim] sample:		26.3 time, 30.4 real, 72.3 MB
[runlim] sample:		36.0 time, 40.4 real, 80.8 MB
[runlim] sample:		45.6 time, 50.4 real, 87.2 MB
[runlim] sample:		55.3 time, 60.4 real, 93.3 MB
[runlim] sample:		64.9 time, 70.4 real, 98.7 MB
[runlim] sample:		74.5 time, 80.4 real, 102.6 MB
[runlim] sample:		84.2 time, 90.4 real, 106.2 MB
[runlim] sample:		93.8 time, 100.4 real, 110.0 MB
[runlim] sample:		103.5 time, 110.4 real, 113.4 MB
[runlim] sample:		113.1 time, 120.4 real, 116.5 MB
[runlim] sample:		122.8 time, 130.4 real, 120.3 MB
[runlim] sample:		132.4 time, 140.4 real, 123.9 MB
[runlim] sample:		142.0 time, 150.4 real, 126.8 MB
[runlim] sample:		151.7 time, 160.4 real, 129.4 MB
[runlim] sample:		161.3 time, 170.4 real, 133.2 MB
[runlim] sample:		171.0 time, 180.4 real, 136.3 MB
[runlim] sample:		180.6 time, 190.4 real, 139.9 MB
[runlim] sample:		190.6 time, 200.4 real, 143.0 MB
[runlim] sample:		200.6 time, 210.4 real, 144.8 MB
[runlim] sample:		210.6 time, 220.4 real, 147.7 MB
[runlim] sample:		220.6 time, 230.4 real, 150.0 MB
[runlim] sample:		230.6 time, 240.4 real, 152.6 MB
[runlim] sample:		240.6 time, 250.4 real, 154.6 MB
[runlim] sample:		250.6 time, 260.4 real, 157.0 MB
[runlim] sample:		260.6 time, 270.4 real, 159.1 MB
[runlim] sample:		270.6 time, 280.4 real, 161.2 MB
[runlim] sample:		280.6 time, 290.4 real, 163.2 MB
[runlim] sample:		290.6 time, 300.4 real, 165.0 MB
CVC4 interrupted by SIGTERM.
[runlim] end:			Tue Feb  5 10:34:50 2019
[runlim] status:		out of time
[runlim] result:		2
[runlim] children:		0
[runlim] real:			309.95 seconds
[runlim] time:			300.05 seconds
[runlim] space:			169.4 MB
[runlim] samples:		3095
