[runlim] version:		1.10fixed
[runlim] time limit:		300 seconds
[runlim] real time limit:	311040000 seconds
[runlim] space limit:		4000 MB
[runlim] argv[0]:		./cvc4
[runlim] argv[1]:		--nl-ext-tplanes
[runlim] argv[2]:		--full-saturate-quant
[runlim] argv[3]:		--no-e-matching
[runlim] argv[4]:		/tmp/LdtjaTqU.smt2
[runlim] start:			Tue Feb  5 10:34:14 2019
[runlim] main pid:		26485
[runlim] sample:		8.6 time, 10.7 real, 40.9 MB
[runlim] sample:		18.6 time, 20.7 real, 48.6 MB
[runlim] sample:		28.6 time, 30.7 real, 54.2 MB
[runlim] sample:		38.5 time, 40.7 real, 58.3 MB
[runlim] sample:		48.5 time, 50.7 real, 62.3 MB
[runlim] sample:		58.5 time, 60.7 real, 65.6 MB
[runlim] sample:		68.5 time, 70.7 real, 68.2 MB
[runlim] sample:		78.3 time, 80.7 real, 70.5 MB
[runlim] sample:		87.6 time, 90.7 real, 72.6 MB
[runlim] sample:		97.2 time, 100.7 real, 74.7 MB
[runlim] sample:		107.2 time, 110.7 real, 76.5 MB
[runlim] sample:		117.2 time, 120.7 real, 78.8 MB
[runlim] sample:		127.2 time, 130.7 real, 80.3 MB
[runlim] sample:		136.8 time, 140.7 real, 82.1 MB
[runlim] sample:		145.7 time, 150.7 real, 82.9 MB
[runlim] sample:		155.1 time, 160.7 real, 85.2 MB
[runlim] sample:		165.1 time, 170.7 real, 86.4 MB
[runlim] sample:		175.0 time, 180.7 real, 87.7 MB
[runlim] sample:		185.1 time, 190.7 real, 89.0 MB
[runlim] sample:		194.0 time, 200.7 real, 90.1 MB
[runlim] sample:		203.5 time, 210.7 real, 91.3 MB
[runlim] sample:		213.4 time, 220.7 real, 92.1 MB
[runlim] sample:		222.8 time, 230.7 real, 93.1 MB
[runlim] sample:		232.8 time, 240.7 real, 94.4 MB
[runlim] sample:		242.8 time, 250.7 real, 96.0 MB
[runlim] sample:		252.2 time, 260.7 real, 96.5 MB
[runlim] sample:		262.2 time, 270.7 real, 99.8 MB
[runlim] sample:		272.1 time, 280.7 real, 100.5 MB
[runlim] sample:		282.1 time, 290.7 real, 101.8 MB
[runlim] sample:		291.8 time, 300.7 real, 103.1 MB
CVC4 interrupted by SIGTERM.
[runlim] end:			Tue Feb  5 10:39:23 2019
[runlim] status:		out of time
[runlim] result:		2
[runlim] children:		0
[runlim] real:			309.37 seconds
[runlim] time:			300.10 seconds
[runlim] space:			103.9 MB
[runlim] samples:		3086
