[runlim] version:		1.10fixed
[runlim] time limit:		300 seconds
[runlim] real time limit:	311040000 seconds
[runlim] space limit:		4000 MB
[runlim] argv[0]:		./cvc4
[runlim] argv[1]:		--nl-ext-tplanes
[runlim] argv[2]:		--full-saturate-quant
[runlim] argv[3]:		--no-e-matching
[runlim] argv[4]:		/tmp/Mr7HXlsL.smt2
[runlim] start:			Tue Feb  5 10:33:22 2019
[runlim] main pid:		8342
/tmp/Mr7HXlsL.smt2:4.12: No set-logic command was given before this point.
/tmp/Mr7HXlsL.smt2:4.12: CVC4 will make all theories available.
/tmp/Mr7HXlsL.smt2:4.12: Consider setting a stricter logic for (likely) better performance.
/tmp/Mr7HXlsL.smt2:4.12: To suppress this warning in the future use (set-logic ALL).
[runlim] sample:		9.9 time, 10.6 real, 41.5 MB
[runlim] sample:		19.7 time, 20.6 real, 41.5 MB
[runlim] sample:		28.3 time, 30.6 real, 41.5 MB
[runlim] sample:		38.1 time, 40.6 real, 41.5 MB
[runlim] sample:		48.1 time, 50.6 real, 41.7 MB
[runlim] sample:		58.1 time, 60.6 real, 42.0 MB
[runlim] sample:		68.1 time, 70.6 real, 42.0 MB
[runlim] sample:		78.1 time, 80.6 real, 42.0 MB
[runlim] sample:		88.1 time, 90.6 real, 42.2 MB
[runlim] sample:		98.1 time, 100.6 real, 42.5 MB
[runlim] sample:		108.1 time, 110.6 real, 42.5 MB
[runlim] sample:		118.1 time, 120.6 real, 42.7 MB
[runlim] sample:		128.1 time, 130.6 real, 43.0 MB
[runlim] sample:		138.1 time, 140.6 real, 43.3 MB
[runlim] sample:		148.1 time, 150.6 real, 43.3 MB
[runlim] sample:		158.1 time, 160.6 real, 43.5 MB
[runlim] sample:		168.1 time, 170.6 real, 43.8 MB
[runlim] sample:		178.1 time, 180.6 real, 44.0 MB
[runlim] sample:		188.1 time, 190.6 real, 44.0 MB
[runlim] sample:		198.1 time, 200.6 real, 44.0 MB
[runlim] sample:		208.1 time, 210.6 real, 44.3 MB
[runlim] sample:		218.1 time, 220.6 real, 44.5 MB
[runlim] sample:		228.1 time, 230.6 real, 44.8 MB
[runlim] sample:		238.1 time, 240.6 real, 44.8 MB
[runlim] sample:		248.1 time, 250.6 real, 45.1 MB
[runlim] sample:		258.1 time, 260.6 real, 45.3 MB
[runlim] sample:		268.1 time, 270.6 real, 45.6 MB
[runlim] sample:		278.1 time, 280.6 real, 45.6 MB
[runlim] sample:		288.1 time, 290.6 real, 45.8 MB
[runlim] sample:		298.1 time, 300.6 real, 45.8 MB
CVC4 interrupted by SIGTERM.
[runlim] end:			Tue Feb  5 10:38:24 2019
[runlim] status:		out of time
[runlim] result:		2
[runlim] children:		0
[runlim] real:			302.59 seconds
[runlim] time:			300.10 seconds
[runlim] space:			46.1 MB
[runlim] samples:		3020
