[runlim] version:		1.10fixed
[runlim] time limit:		300 seconds
[runlim] real time limit:	311040000 seconds
[runlim] space limit:		4000 MB
[runlim] argv[0]:		./cvc4
[runlim] argv[1]:		--nl-ext-tplanes
[runlim] argv[2]:		--full-saturate-quant
[runlim] argv[3]:		--no-e-matching
[runlim] argv[4]:		/tmp/rhazRuCt.smt2
[runlim] start:			Tue Feb  5 10:33:57 2019
[runlim] main pid:		10793
[runlim] sample:		9.1 time, 11.0 real, 42.1 MB
[runlim] sample:		18.9 time, 21.0 real, 49.3 MB
[runlim] sample:		28.9 time, 31.0 real, 54.6 MB
[runlim] sample:		38.9 time, 41.0 real, 59.8 MB
[runlim] sample:		48.9 time, 51.0 real, 63.4 MB
[runlim] sample:		58.9 time, 61.0 real, 67.0 MB
[runlim] sample:		68.9 time, 71.0 real, 70.1 MB
[runlim] sample:		78.9 time, 81.0 real, 72.4 MB
[runlim] sample:		88.9 time, 91.0 real, 74.8 MB
[runlim] sample:		98.9 time, 101.0 real, 76.8 MB
[runlim] sample:		108.9 time, 111.0 real, 79.8 MB
[runlim] sample:		118.9 time, 121.0 real, 81.6 MB
[runlim] sample:		128.9 time, 131.0 real, 83.9 MB
[runlim] sample:		138.3 time, 141.0 real, 85.2 MB
[runlim] sample:		147.7 time, 151.0 real, 86.5 MB
[runlim] sample:		157.0 time, 161.0 real, 88.0 MB
[runlim] sample:		166.7 time, 171.0 real, 91.4 MB
[runlim] sample:		176.2 time, 181.0 real, 92.4 MB
[runlim] sample:		185.7 time, 191.0 real, 94.0 MB
[runlim] sample:		194.2 time, 201.0 real, 95.2 MB
[runlim] sample:		203.3 time, 211.0 real, 95.8 MB
[runlim] sample:		212.3 time, 221.0 real, 97.3 MB
[runlim] sample:		221.7 time, 231.0 real, 98.3 MB
[runlim] sample:		231.0 time, 241.0 real, 99.6 MB
[runlim] sample:		240.8 time, 251.0 real, 100.7 MB
[runlim] sample:		250.8 time, 261.0 real, 101.7 MB
[runlim] sample:		260.9 time, 271.0 real, 103.5 MB
[runlim] sample:		270.9 time, 281.0 real, 104.3 MB
[runlim] sample:		280.4 time, 291.0 real, 105.3 MB
[runlim] sample:		289.9 time, 301.0 real, 106.3 MB
[runlim] sample:		299.9 time, 311.0 real, 107.9 MB
CVC4 interrupted by SIGTERM.
[runlim] end:			Tue Feb  5 10:39:08 2019
[runlim] status:		out of time
[runlim] result:		2
[runlim] children:		0
[runlim] real:			311.11 seconds
[runlim] time:			300.04 seconds
[runlim] space:			107.9 MB
[runlim] samples:		3101
