[runlim] version:		1.10fixed
[runlim] time limit:		300 seconds
[runlim] real time limit:	311040000 seconds
[runlim] space limit:		4000 MB
[runlim] argv[0]:		./cvc4
[runlim] argv[1]:		--nl-ext-tplanes
[runlim] argv[2]:		--full-saturate-quant
[runlim] argv[3]:		--no-e-matching
[runlim] argv[4]:		/tmp/aik6yht6.smt2
[runlim] start:			Tue Jan 29 17:05:07 2019
[runlim] main pid:		27866
[runlim] sample:		9.6 time, 10.2 real, 44.1 MB
[runlim] sample:		19.3 time, 20.2 real, 51.6 MB
[runlim] sample:		28.6 time, 30.2 real, 56.8 MB
[runlim] sample:		37.9 time, 40.2 real, 60.2 MB
[runlim] sample:		47.2 time, 50.2 real, 64.6 MB
[runlim] sample:		56.7 time, 60.2 real, 67.4 MB
[runlim] sample:		66.5 time, 70.2 real, 70.8 MB
[runlim] sample:		76.5 time, 80.2 real, 72.8 MB
[runlim] sample:		85.9 time, 90.2 real, 74.9 MB
[runlim] sample:		95.2 time, 100.2 real, 77.5 MB
[runlim] sample:		104.9 time, 110.2 real, 79.8 MB
[runlim] sample:		114.9 time, 120.2 real, 81.3 MB
[runlim] sample:		124.9 time, 130.2 real, 82.6 MB
[runlim] sample:		134.9 time, 140.2 real, 84.1 MB
[runlim] sample:		144.4 time, 150.2 real, 85.4 MB
[runlim] sample:		154.2 time, 160.2 real, 87.9 MB
[runlim] sample:		164.2 time, 170.2 real, 89.7 MB
[runlim] sample:		174.1 time, 180.2 real, 91.0 MB
[runlim] sample:		183.7 time, 190.2 real, 92.3 MB
[runlim] sample:		193.4 time, 200.2 real, 93.1 MB
[runlim] sample:		203.2 time, 210.2 real, 94.1 MB
[runlim] sample:		213.2 time, 220.2 real, 95.6 MB
[runlim] sample:		223.2 time, 230.2 real, 96.4 MB
[runlim] sample:		233.2 time, 240.2 real, 97.4 MB
[runlim] sample:		243.2 time, 250.2 real, 101.5 MB
[runlim] sample:		252.8 time, 260.2 real, 102.3 MB
[runlim] sample:		262.5 time, 270.2 real, 103.6 MB
[runlim] sample:		272.3 time, 280.2 real, 104.1 MB
[runlim] sample:		282.3 time, 290.2 real, 104.9 MB
[runlim] sample:		292.1 time, 300.2 real, 105.6 MB
CVC4 interrupted by SIGTERM.
[runlim] end:			Tue Jan 29 17:10:15 2019
[runlim] status:		out of time
[runlim] result:		2
[runlim] children:		0
[runlim] real:			308.35 seconds
[runlim] time:			300.06 seconds
[runlim] space:			106.4 MB
[runlim] samples:		3081
