[runlim] version:		1.10fixed
[runlim] time limit:		300 seconds
[runlim] real time limit:	311040000 seconds
[runlim] space limit:		4000 MB
[runlim] argv[0]:		./cvc4
[runlim] argv[1]:		--nl-ext-tplanes
[runlim] argv[2]:		--full-saturate-quant
[runlim] argv[3]:		--no-e-matching
[runlim] argv[4]:		/tmp/QLj4RPuW.smt2
[runlim] start:			Tue Jan 29 17:03:52 2019
[runlim] main pid:		28508
[runlim] sample:		8.9 time, 10.6 real, 44.3 MB
[runlim] sample:		18.6 time, 20.6 real, 52.0 MB
[runlim] sample:		28.2 time, 30.6 real, 55.8 MB
[runlim] sample:		37.9 time, 40.6 real, 59.5 MB
[runlim] sample:		47.5 time, 50.6 real, 63.0 MB
[runlim] sample:		57.3 time, 60.6 real, 66.6 MB
[runlim] sample:		67.3 time, 70.6 real, 69.2 MB
[runlim] sample:		77.3 time, 80.6 real, 71.5 MB
[runlim] sample:		87.3 time, 90.6 real, 73.3 MB
[runlim] sample:		97.3 time, 100.6 real, 74.8 MB
[runlim] sample:		107.3 time, 110.6 real, 77.3 MB
[runlim] sample:		117.3 time, 120.6 real, 80.3 MB
[runlim] sample:		127.3 time, 130.6 real, 80.6 MB
[runlim] sample:		137.3 time, 140.6 real, 82.6 MB
[runlim] sample:		147.3 time, 150.6 real, 83.6 MB
[runlim] sample:		157.3 time, 160.6 real, 84.9 MB
[runlim] sample:		167.3 time, 170.6 real, 85.9 MB
[runlim] sample:		177.3 time, 180.6 real, 91.0 MB
[runlim] sample:		187.3 time, 190.6 real, 91.3 MB
[runlim] sample:		197.3 time, 200.6 real, 91.5 MB
[runlim] sample:		207.3 time, 210.6 real, 91.8 MB
[runlim] sample:		217.3 time, 220.6 real, 92.0 MB
[runlim] sample:		227.3 time, 230.6 real, 93.5 MB
[runlim] sample:		237.3 time, 240.6 real, 94.2 MB
[runlim] sample:		247.3 time, 250.6 real, 98.1 MB
[runlim] sample:		257.3 time, 260.6 real, 98.3 MB
[runlim] sample:		267.3 time, 270.6 real, 102.4 MB
[runlim] sample:		277.2 time, 280.6 real, 103.4 MB
[runlim] sample:		287.2 time, 290.6 real, 105.2 MB
[runlim] sample:		297.2 time, 300.6 real, 106.1 MB
CVC4 interrupted by SIGTERM.
[runlim] end:			Tue Jan 29 17:08:55 2019
[runlim] status:		out of time
[runlim] result:		2
[runlim] children:		0
[runlim] real:			303.39 seconds
[runlim] time:			300.05 seconds
[runlim] space:			106.3 MB
[runlim] samples:		3028
