[runlim] version:		1.10fixed
[runlim] time limit:		300 seconds
[runlim] real time limit:	311040000 seconds
[runlim] space limit:		4000 MB
[runlim] argv[0]:		./cvc4
[runlim] argv[1]:		--nl-ext-tplanes
[runlim] argv[2]:		--full-saturate-quant
[runlim] argv[3]:		--no-e-matching
[runlim] argv[4]:		/tmp/RYDjeJxO.smt2
[runlim] start:			Tue Feb  5 10:33:19 2019
[runlim] main pid:		23420
/tmp/RYDjeJxO.smt2:4.12: No set-logic command was given before this point.
/tmp/RYDjeJxO.smt2:4.12: CVC4 will make all theories available.
/tmp/RYDjeJxO.smt2:4.12: Consider setting a stricter logic for (likely) better performance.
/tmp/RYDjeJxO.smt2:4.12: To suppress this warning in the future use (set-logic ALL).
[runlim] sample:		8.9 time, 10.1 real, 44.4 MB
[runlim] sample:		18.9 time, 20.1 real, 50.3 MB
[runlim] sample:		28.9 time, 30.1 real, 54.3 MB
[runlim] sample:		38.9 time, 40.1 real, 57.1 MB
[runlim] sample:		48.9 time, 50.1 real, 57.1 MB
[runlim] sample:		58.9 time, 60.1 real, 57.1 MB
[runlim] sample:		68.9 time, 70.1 real, 57.1 MB
[runlim] sample:		78.9 time, 80.1 real, 57.3 MB
[runlim] sample:		88.9 time, 90.1 real, 57.3 MB
[runlim] sample:		98.9 time, 100.1 real, 57.6 MB
[runlim] sample:		108.9 time, 110.1 real, 57.6 MB
[runlim] sample:		118.9 time, 120.1 real, 57.6 MB
[runlim] sample:		128.9 time, 130.1 real, 57.9 MB
[runlim] sample:		138.9 time, 140.1 real, 58.1 MB
[runlim] sample:		148.9 time, 150.1 real, 58.1 MB
[runlim] sample:		158.9 time, 160.1 real, 58.1 MB
[runlim] sample:		168.9 time, 170.1 real, 58.4 MB
[runlim] sample:		178.9 time, 180.1 real, 58.4 MB
[runlim] sample:		188.4 time, 190.1 real, 58.6 MB
[runlim] sample:		197.7 time, 200.1 real, 58.6 MB
[runlim] sample:		207.7 time, 210.1 real, 58.6 MB
[runlim] sample:		217.7 time, 220.1 real, 58.9 MB
[runlim] sample:		227.7 time, 230.1 real, 58.9 MB
[runlim] sample:		237.3 time, 240.1 real, 59.1 MB
[runlim] sample:		246.3 time, 250.1 real, 59.1 MB
[runlim] sample:		255.1 time, 260.1 real, 59.4 MB
[runlim] sample:		264.1 time, 270.1 real, 59.4 MB
[runlim] sample:		272.9 time, 280.1 real, 59.4 MB
[runlim] sample:		282.5 time, 290.1 real, 59.7 MB
[runlim] sample:		291.3 time, 300.1 real, 59.7 MB
CVC4 interrupted by SIGTERM.
[runlim] end:			Tue Feb  5 10:38:28 2019
[runlim] status:		out of time
[runlim] result:		2
[runlim] children:		0
[runlim] real:			309.51 seconds
[runlim] time:			300.03 seconds
[runlim] space:			59.9 MB
[runlim] samples:		3094
