[runlim] version:		1.10fixed
[runlim] time limit:		300 seconds
[runlim] real time limit:	311040000 seconds
[runlim] space limit:		4000 MB
[runlim] argv[0]:		./cvc4
[runlim] argv[1]:		--nl-ext-tplanes
[runlim] argv[2]:		--full-saturate-quant
[runlim] argv[3]:		--no-e-matching
[runlim] argv[4]:		/tmp/QcFniRPP.smt2
[runlim] start:			Tue Feb  5 13:27:20 2019
[runlim] main pid:		13711
/tmp/QcFniRPP.smt2:4.12: No set-logic command was given before this point.
/tmp/QcFniRPP.smt2:4.12: CVC4 will make all theories available.
/tmp/QcFniRPP.smt2:4.12: Consider setting a stricter logic for (likely) better performance.
/tmp/QcFniRPP.smt2:4.12: To suppress this warning in the future use (set-logic ALL).
[runlim] sample:		8.3 time, 10.1 real, 43.6 MB
[runlim] end:			Tue Feb  5 13:27:33 2019
[runlim] status:		ok
[runlim] result:		0
[runlim] children:		0
[runlim] real:			13.12 seconds
[runlim] time:			11.31 seconds
[runlim] space:			48.7 MB
[runlim] samples:		130
