[runlim] version:		1.10fixed
[runlim] time limit:		300 seconds
[runlim] real time limit:	311040000 seconds
[runlim] space limit:		4000 MB
[runlim] argv[0]:		./cvc4
[runlim] argv[1]:		--nl-ext-tplanes
[runlim] argv[2]:		--full-saturate-quant
[runlim] argv[3]:		--no-e-matching
[runlim] argv[4]:		/tmp/NStl4s7I.smt2
[runlim] start:			Tue Feb  5 10:29:25 2019
[runlim] main pid:		24751
[runlim] sample:		9.1 time, 10.3 real, 48.8 MB
[runlim] sample:		19.1 time, 20.3 real, 61.8 MB
[runlim] sample:		29.1 time, 30.3 real, 68.0 MB
[runlim] sample:		37.9 time, 40.3 real, 73.2 MB
[runlim] sample:		47.9 time, 50.3 real, 78.3 MB
[runlim] sample:		57.9 time, 60.3 real, 82.6 MB
[runlim] sample:		67.8 time, 70.3 real, 85.3 MB
[runlim] sample:		77.8 time, 80.3 real, 90.0 MB
[runlim] sample:		87.8 time, 90.3 real, 92.8 MB
[runlim] sample:		97.8 time, 100.3 real, 97.4 MB
[runlim] sample:		107.8 time, 110.3 real, 101.5 MB
[runlim] sample:		117.8 time, 120.3 real, 103.6 MB
[runlim] sample:		127.8 time, 130.3 real, 106.2 MB
[runlim] sample:		137.8 time, 140.3 real, 107.7 MB
[runlim] sample:		147.8 time, 150.3 real, 110.8 MB
[runlim] sample:		157.8 time, 160.3 real, 113.9 MB
[runlim] sample:		167.8 time, 170.3 real, 119.3 MB
[runlim] sample:		177.8 time, 180.3 real, 120.8 MB
[runlim] sample:		187.8 time, 190.3 real, 124.2 MB
[runlim] sample:		197.8 time, 200.3 real, 125.9 MB
[runlim] sample:		207.8 time, 210.3 real, 133.9 MB
[runlim] sample:		217.8 time, 220.3 real, 146.7 MB
[runlim] sample:		227.8 time, 230.3 real, 146.9 MB
[runlim] sample:		237.8 time, 240.3 real, 147.2 MB
[runlim] sample:		247.8 time, 250.3 real, 149.5 MB
[runlim] sample:		257.8 time, 260.3 real, 154.9 MB
[runlim] sample:		267.8 time, 270.3 real, 155.4 MB
[runlim] sample:		277.8 time, 280.3 real, 155.7 MB
[runlim] sample:		287.8 time, 290.3 real, 156.2 MB
[runlim] sample:		297.8 time, 300.3 real, 156.9 MB
CVC4 interrupted by SIGTERM.
[runlim] end:			Tue Feb  5 10:34:27 2019
[runlim] status:		out of time
[runlim] result:		2
[runlim] children:		0
[runlim] real:			302.50 seconds
[runlim] time:			300.02 seconds
[runlim] space:			156.9 MB
[runlim] samples:		3022
