[runlim] version:		1.10fixed
[runlim] time limit:		300 seconds
[runlim] real time limit:	311040000 seconds
[runlim] space limit:		4000 MB
[runlim] argv[0]:		./cvc4
[runlim] argv[1]:		--nl-ext-tplanes
[runlim] argv[2]:		--full-saturate-quant
[runlim] argv[3]:		--no-e-matching
[runlim] argv[4]:		/tmp/VPvR8wct.smt2
[runlim] start:			Tue Feb  5 10:34:16 2019
[runlim] main pid:		32609
[runlim] sample:		9.6 time, 10.2 real, 48.1 MB
[runlim] sample:		19.6 time, 20.2 real, 58.7 MB
[runlim] sample:		29.6 time, 30.2 real, 67.0 MB
[runlim] sample:		39.6 time, 40.2 real, 83.7 MB
[runlim] sample:		48.9 time, 50.2 real, 90.4 MB
[runlim] sample:		58.6 time, 60.2 real, 91.0 MB
[runlim] sample:		67.2 time, 70.2 real, 91.7 MB
[runlim] sample:		76.8 time, 80.2 real, 95.6 MB
[runlim] sample:		86.7 time, 90.2 real, 95.8 MB
[runlim] sample:		96.7 time, 100.2 real, 99.9 MB
[runlim] sample:		106.7 time, 110.2 real, 106.1 MB
[runlim] sample:		116.7 time, 120.2 real, 110.8 MB
[runlim] sample:		126.7 time, 130.2 real, 115.4 MB
[runlim] sample:		136.7 time, 140.2 real, 119.8 MB
[runlim] sample:		146.5 time, 150.2 real, 122.9 MB
[runlim] sample:		154.6 time, 160.2 real, 124.9 MB
[runlim] sample:		164.6 time, 170.2 real, 128.0 MB
[runlim] sample:		174.6 time, 180.2 real, 132.2 MB
[runlim] sample:		184.6 time, 190.2 real, 135.8 MB
[runlim] sample:		194.6 time, 200.2 real, 139.9 MB
[runlim] sample:		204.6 time, 210.2 real, 141.7 MB
[runlim] sample:		214.6 time, 220.2 real, 147.4 MB
[runlim] sample:		224.6 time, 230.2 real, 147.9 MB
[runlim] sample:		234.6 time, 240.2 real, 149.7 MB
[runlim] sample:		244.2 time, 250.2 real, 153.1 MB
[runlim] sample:		253.1 time, 260.2 real, 154.1 MB
[runlim] sample:		262.4 time, 270.2 real, 156.1 MB
[runlim] sample:		272.2 time, 280.2 real, 158.5 MB
[runlim] sample:		282.2 time, 290.2 real, 160.3 MB
[runlim] sample:		292.2 time, 300.2 real, 163.4 MB
CVC4 interrupted by SIGTERM.
[runlim] end:			Tue Feb  5 10:39:24 2019
[runlim] status:		out of time
[runlim] result:		2
[runlim] children:		0
[runlim] real:			308.11 seconds
[runlim] time:			300.08 seconds
[runlim] space:			166.2 MB
[runlim] samples:		3079
