[runlim] version:		1.10fixed
[runlim] time limit:		300 seconds
[runlim] real time limit:	311040000 seconds
[runlim] space limit:		4000 MB
[runlim] argv[0]:		./cvc4
[runlim] argv[1]:		--nl-ext-tplanes
[runlim] argv[2]:		--full-saturate-quant
[runlim] argv[3]:		--no-e-matching
[runlim] argv[4]:		/tmp/IAqz69QC.smt2
[runlim] start:			Tue Feb  5 10:34:18 2019
[runlim] main pid:		29760
[runlim] sample:		7.8 time, 10.4 real, 39.1 MB
[runlim] sample:		17.8 time, 20.4 real, 41.6 MB
[runlim] sample:		27.3 time, 30.4 real, 43.9 MB
[runlim] sample:		35.3 time, 40.4 real, 45.5 MB
[runlim] sample:		44.5 time, 50.4 real, 47.4 MB
[runlim] sample:		53.7 time, 60.4 real, 50.2 MB
[runlim] sample:		63.2 time, 70.4 real, 53.1 MB
[runlim] sample:		73.1 time, 80.4 real, 55.7 MB
[runlim] sample:		82.8 time, 90.4 real, 57.7 MB
[runlim] sample:		92.4 time, 100.4 real, 60.0 MB
[runlim] sample:		102.1 time, 110.4 real, 61.8 MB
[runlim] sample:		112.0 time, 120.4 real, 63.9 MB
[runlim] sample:		122.0 time, 130.4 real, 66.2 MB
[runlim] sample:		132.0 time, 140.4 real, 69.5 MB
[runlim] sample:		142.0 time, 150.4 real, 71.6 MB
[runlim] sample:		152.0 time, 160.4 real, 73.1 MB
[runlim] sample:		161.9 time, 170.4 real, 75.7 MB
[runlim] sample:		171.9 time, 180.4 real, 75.9 MB
[runlim] sample:		181.9 time, 190.4 real, 76.4 MB
[runlim] sample:		191.9 time, 200.4 real, 76.9 MB
[runlim] sample:		201.6 time, 210.4 real, 76.9 MB
[runlim] sample:		211.5 time, 220.4 real, 80.2 MB
[runlim] sample:		221.3 time, 230.4 real, 80.2 MB
[runlim] sample:		231.2 time, 240.4 real, 80.9 MB
[runlim] sample:		241.2 time, 250.4 real, 82.1 MB
[runlim] sample:		251.2 time, 260.4 real, 84.2 MB
[runlim] sample:		260.9 time, 270.4 real, 84.7 MB
[runlim] sample:		270.9 time, 280.4 real, 85.7 MB
[runlim] sample:		280.2 time, 290.4 real, 86.8 MB
[runlim] sample:		288.6 time, 300.4 real, 87.2 MB
[runlim] sample:		297.3 time, 310.4 real, 87.5 MB
CVC4 interrupted by SIGTERM.
[runlim] end:			Tue Feb  5 10:39:31 2019
[runlim] status:		out of time
[runlim] result:		2
[runlim] children:		0
[runlim] real:			313.83 seconds
[runlim] time:			300.07 seconds
[runlim] space:			87.5 MB
[runlim] samples:		3134
