[runlim] version:		1.10fixed
[runlim] time limit:		300 seconds
[runlim] real time limit:	311040000 seconds
[runlim] space limit:		4000 MB
[runlim] argv[0]:		./cvc4
[runlim] argv[1]:		--nl-ext-tplanes
[runlim] argv[2]:		--full-saturate-quant
[runlim] argv[3]:		--no-e-matching
[runlim] argv[4]:		/tmp/bgfmPfPp.smt2
[runlim] start:			Tue Feb  5 10:34:00 2019
[runlim] main pid:		23829
[runlim] sample:		7.9 time, 10.2 real, 40.8 MB
[runlim] sample:		15.8 time, 20.2 real, 47.8 MB
[runlim] sample:		23.9 time, 30.2 real, 53.0 MB
[runlim] sample:		32.8 time, 40.2 real, 57.5 MB
[runlim] sample:		42.8 time, 50.2 real, 62.2 MB
[runlim] sample:		52.8 time, 60.2 real, 65.8 MB
[runlim] sample:		62.8 time, 70.2 real, 68.9 MB
[runlim] sample:		72.8 time, 80.2 real, 71.9 MB
[runlim] sample:		82.8 time, 90.2 real, 73.8 MB
[runlim] sample:		92.8 time, 100.2 real, 75.8 MB
[runlim] sample:		102.8 time, 110.2 real, 78.1 MB
[runlim] sample:		112.8 time, 120.2 real, 80.2 MB
[runlim] sample:		122.8 time, 130.2 real, 82.3 MB
[runlim] sample:		132.8 time, 140.2 real, 85.0 MB
[runlim] sample:		142.8 time, 150.2 real, 86.3 MB
[runlim] sample:		152.8 time, 160.2 real, 87.8 MB
[runlim] sample:		162.8 time, 170.2 real, 89.3 MB
[runlim] sample:		172.8 time, 180.2 real, 91.1 MB
[runlim] sample:		182.8 time, 190.2 real, 92.2 MB
[runlim] sample:		192.8 time, 200.2 real, 93.5 MB
[runlim] sample:		202.8 time, 210.2 real, 96.9 MB
[runlim] sample:		212.8 time, 220.2 real, 98.2 MB
[runlim] sample:		222.8 time, 230.2 real, 99.5 MB
[runlim] sample:		232.1 time, 240.2 real, 100.5 MB
[runlim] sample:		241.9 time, 250.2 real, 101.5 MB
[runlim] sample:		251.6 time, 260.2 real, 102.6 MB
[runlim] sample:		261.6 time, 270.2 real, 103.1 MB
[runlim] sample:		270.0 time, 280.2 real, 104.4 MB
[runlim] sample:		278.6 time, 290.2 real, 105.1 MB
[runlim] sample:		288.1 time, 300.2 real, 106.2 MB
[runlim] sample:		298.1 time, 310.2 real, 107.5 MB
CVC4 interrupted by SIGTERM.
[runlim] end:			Tue Feb  5 10:39:12 2019
[runlim] status:		out of time
[runlim] result:		2
[runlim] children:		0
[runlim] real:			312.22 seconds
[runlim] time:			300.08 seconds
[runlim] space:			107.5 MB
[runlim] samples:		3120
