[runlim] version:		1.10fixed
[runlim] time limit:		300 seconds
[runlim] real time limit:	311040000 seconds
[runlim] space limit:		4000 MB
[runlim] argv[0]:		./cvc4
[runlim] argv[1]:		--nl-ext-tplanes
[runlim] argv[2]:		--full-saturate-quant
[runlim] argv[3]:		--no-e-matching
[runlim] argv[4]:		/tmp/nMI3Vy5U.smt2
[runlim] start:			Tue Feb  5 13:27:37 2019
[runlim] main pid:		12562
[runlim] sample:		9.6 time, 10.8 real, 45.3 MB
[runlim] sample:		19.5 time, 20.8 real, 55.3 MB
[runlim] sample:		29.5 time, 30.8 real, 62.5 MB
[runlim] sample:		39.5 time, 40.8 real, 67.7 MB
[runlim] sample:		49.5 time, 50.8 real, 72.6 MB
[runlim] sample:		59.4 time, 60.8 real, 77.7 MB
[runlim] sample:		68.8 time, 70.8 real, 80.8 MB
[runlim] sample:		78.5 time, 80.8 real, 80.8 MB
[runlim] sample:		88.5 time, 90.8 real, 81.1 MB
[runlim] sample:		98.5 time, 100.8 real, 93.5 MB
[runlim] sample:		108.5 time, 110.8 real, 100.4 MB
[runlim] sample:		118.5 time, 120.8 real, 104.5 MB
[runlim] sample:		128.4 time, 130.8 real, 106.0 MB
[runlim] sample:		138.4 time, 140.8 real, 107.3 MB
[runlim] sample:		147.1 time, 150.8 real, 109.6 MB
[runlim] sample:		156.7 time, 160.8 real, 114.5 MB
[runlim] sample:		166.0 time, 170.8 real, 119.9 MB
[runlim] sample:		176.0 time, 180.8 real, 121.7 MB
[runlim] sample:		186.0 time, 190.8 real, 123.0 MB
[runlim] sample:		196.0 time, 200.8 real, 123.0 MB
[runlim] sample:		206.0 time, 210.8 real, 123.0 MB
[runlim] sample:		216.0 time, 220.8 real, 123.3 MB
[runlim] sample:		226.0 time, 230.8 real, 123.3 MB
[runlim] sample:		236.0 time, 240.8 real, 123.5 MB
[runlim] sample:		246.0 time, 250.8 real, 125.1 MB
[runlim] sample:		256.0 time, 260.8 real, 125.1 MB
[runlim] sample:		266.0 time, 270.8 real, 129.4 MB
[runlim] sample:		276.0 time, 280.8 real, 129.7 MB
[runlim] sample:		286.0 time, 290.8 real, 129.7 MB
[runlim] sample:		296.0 time, 300.8 real, 130.0 MB
CVC4 interrupted by SIGTERM.
[runlim] end:			Tue Feb  5 13:32:41 2019
[runlim] status:		out of time
[runlim] result:		2
[runlim] children:		0
[runlim] real:			304.92 seconds
[runlim] time:			300.06 seconds
[runlim] space:			130.0 MB
[runlim] samples:		3041
