[runlim] version:		1.10fixed
[runlim] time limit:		300 seconds
[runlim] real time limit:	311040000 seconds
[runlim] space limit:		4000 MB
[runlim] argv[0]:		./cvc4
[runlim] argv[1]:		--nl-ext-tplanes
[runlim] argv[2]:		--full-saturate-quant
[runlim] argv[3]:		--no-e-matching
[runlim] argv[4]:		/tmp/vXcoK4PD.smt2
[runlim] start:			Tue Jan 29 17:03:38 2019
[runlim] main pid:		2821
[runlim] sample:		7.3 time, 10.3 real, 40.6 MB
[runlim] sample:		15.8 time, 20.3 real, 51.2 MB
[runlim] sample:		25.8 time, 30.3 real, 60.4 MB
[runlim] sample:		35.8 time, 40.3 real, 60.4 MB
[runlim] sample:		44.5 time, 50.3 real, 60.4 MB
[runlim] sample:		54.2 time, 60.3 real, 60.6 MB
[runlim] sample:		64.2 time, 70.3 real, 60.9 MB
[runlim] sample:		74.3 time, 80.3 real, 61.4 MB
[runlim] sample:		84.3 time, 90.3 real, 61.7 MB
[runlim] sample:		94.3 time, 100.3 real, 62.2 MB
[runlim] sample:		104.2 time, 110.3 real, 62.7 MB
[runlim] sample:		114.2 time, 120.3 real, 63.0 MB
[runlim] sample:		124.2 time, 130.3 real, 63.5 MB
[runlim] sample:		134.2 time, 140.3 real, 64.0 MB
[runlim] sample:		144.2 time, 150.3 real, 64.3 MB
[runlim] sample:		154.2 time, 160.3 real, 64.8 MB
[runlim] sample:		164.2 time, 170.3 real, 65.0 MB
[runlim] sample:		174.2 time, 180.3 real, 65.3 MB
[runlim] sample:		184.2 time, 190.3 real, 65.8 MB
[runlim] sample:		194.2 time, 200.3 real, 66.3 MB
[runlim] sample:		203.2 time, 210.3 real, 66.6 MB
[runlim] sample:		210.5 time, 220.3 real, 66.8 MB
[runlim] sample:		218.4 time, 230.3 real, 67.3 MB
[runlim] sample:		228.4 time, 240.3 real, 67.6 MB
[runlim] sample:		238.4 time, 250.3 real, 67.9 MB
[runlim] sample:		248.4 time, 260.3 real, 68.4 MB
[runlim] sample:		258.4 time, 270.3 real, 68.6 MB
[runlim] sample:		268.4 time, 280.3 real, 69.1 MB
[runlim] sample:		277.6 time, 290.3 real, 69.7 MB
[runlim] sample:		287.6 time, 300.3 real, 69.9 MB
[runlim] end:			Tue Jan 29 17:08:47 2019
[runlim] status:		signal(9)
[runlim] result:		11
[runlim] children:		0
[runlim] real:			309.45 seconds
[runlim] time:			296.66 seconds
[runlim] space:			70.2 MB
[runlim] samples:		3091
