[runlim] version:		1.10fixed
[runlim] time limit:		300 seconds
[runlim] real time limit:	311040000 seconds
[runlim] space limit:		4000 MB
[runlim] argv[0]:		./cvc4
[runlim] argv[1]:		--nl-ext-tplanes
[runlim] argv[2]:		--full-saturate-quant
[runlim] argv[3]:		--no-e-matching
[runlim] argv[4]:		/tmp/7pKLcc8s.smt2
[runlim] start:			Tue Feb  5 13:26:55 2019
[runlim] main pid:		21540
[runlim] sample:		9.7 time, 10.6 real, 53.0 MB
[runlim] sample:		19.7 time, 20.6 real, 64.4 MB
[runlim] sample:		29.7 time, 30.6 real, 72.8 MB
[runlim] sample:		39.6 time, 40.6 real, 80.9 MB
[runlim] sample:		49.7 time, 50.6 real, 87.0 MB
[runlim] sample:		59.2 time, 60.6 real, 91.9 MB
[runlim] sample:		68.9 time, 70.6 real, 96.0 MB
[runlim] sample:		78.9 time, 80.6 real, 101.0 MB
[runlim] sample:		88.9 time, 90.6 real, 104.6 MB
[runlim] sample:		98.2 time, 100.6 real, 108.2 MB
[runlim] sample:		107.6 time, 110.6 real, 111.3 MB
[runlim] sample:		117.3 time, 120.6 real, 114.4 MB
[runlim] sample:		127.0 time, 130.6 real, 118.0 MB
[runlim] sample:		136.9 time, 140.6 real, 121.6 MB
[runlim] sample:		146.6 time, 150.6 real, 124.4 MB
[runlim] sample:		156.3 time, 160.6 real, 126.7 MB
[runlim] sample:		166.0 time, 170.6 real, 129.6 MB
[runlim] sample:		175.7 time, 180.6 real, 132.3 MB
[runlim] sample:		185.2 time, 190.6 real, 136.6 MB
[runlim] sample:		195.1 time, 200.6 real, 138.4 MB
[runlim] sample:		205.1 time, 210.6 real, 140.4 MB
[runlim] sample:		213.7 time, 220.6 real, 142.2 MB
[runlim] sample:		222.3 time, 230.6 real, 145.3 MB
[runlim] sample:		231.3 time, 240.6 real, 147.3 MB
[runlim] sample:		241.3 time, 250.6 real, 149.1 MB
[runlim] sample:		251.3 time, 260.6 real, 151.4 MB
[runlim] sample:		261.3 time, 270.6 real, 153.3 MB
[runlim] sample:		271.3 time, 280.6 real, 155.4 MB
[runlim] sample:		281.3 time, 290.6 real, 157.2 MB
[runlim] sample:		291.1 time, 300.6 real, 158.5 MB
CVC4 interrupted by SIGTERM.
[runlim] end:			Tue Feb  5 13:32:04 2019
[runlim] status:		out of time
[runlim] result:		2
[runlim] children:		0
[runlim] real:			309.58 seconds
[runlim] time:			300.09 seconds
[runlim] space:			160.3 MB
[runlim] samples:		3090
