[runlim] version:		1.10fixed
[runlim] time limit:		300 seconds
[runlim] real time limit:	311040000 seconds
[runlim] space limit:		4000 MB
[runlim] argv[0]:		./cvc4
[runlim] argv[1]:		--nl-ext-tplanes
[runlim] argv[2]:		--full-saturate-quant
[runlim] argv[3]:		--no-e-matching
[runlim] argv[4]:		/tmp/w27shfWt.smt2
[runlim] start:			Tue Feb  5 10:34:32 2019
[runlim] main pid:		15615
[runlim] sample:		9.2 time, 11.0 real, 45.6 MB
[runlim] sample:		18.8 time, 21.0 real, 56.0 MB
[runlim] sample:		28.4 time, 31.0 real, 64.7 MB
[runlim] sample:		38.0 time, 41.0 real, 70.9 MB
[runlim] sample:		47.7 time, 51.0 real, 81.9 MB
[runlim] sample:		57.4 time, 61.0 real, 85.5 MB
[runlim] sample:		66.1 time, 71.0 real, 85.8 MB
[runlim] sample:		75.4 time, 81.0 real, 89.9 MB
[runlim] sample:		83.5 time, 91.0 real, 94.0 MB
[runlim] sample:		92.6 time, 101.0 real, 99.4 MB
[runlim] sample:		101.3 time, 111.0 real, 102.8 MB
[runlim] sample:		111.1 time, 121.0 real, 106.4 MB
[runlim] sample:		121.1 time, 131.0 real, 110.0 MB
[runlim] sample:		131.1 time, 141.0 real, 112.6 MB
[runlim] sample:		141.0 time, 151.0 real, 116.4 MB
[runlim] sample:		150.7 time, 161.0 real, 119.3 MB
[runlim] sample:		160.3 time, 171.0 real, 122.3 MB
[runlim] sample:		169.8 time, 181.0 real, 124.9 MB
[runlim] sample:		178.0 time, 191.0 real, 127.2 MB
[runlim] sample:		186.4 time, 201.0 real, 128.3 MB
[runlim] sample:		196.0 time, 211.0 real, 130.9 MB
[runlim] sample:		205.7 time, 221.0 real, 133.4 MB
[runlim] sample:		215.3 time, 231.0 real, 136.8 MB
[runlim] sample:		224.9 time, 241.0 real, 137.3 MB
[runlim] sample:		234.6 time, 251.0 real, 139.4 MB
[runlim] sample:		244.6 time, 261.0 real, 141.9 MB
[runlim] sample:		254.6 time, 271.0 real, 144.2 MB
[runlim] sample:		264.6 time, 281.0 real, 146.3 MB
[runlim] sample:		274.6 time, 291.0 real, 149.1 MB
[runlim] sample:		284.6 time, 301.0 real, 150.7 MB
[runlim] sample:		294.6 time, 311.0 real, 202.6 MB
CVC4 interrupted by SIGTERM.
[runlim] end:			Tue Feb  5 10:39:48 2019
[runlim] status:		out of time
[runlim] result:		2
[runlim] children:		0
[runlim] real:			316.52 seconds
[runlim] time:			300.05 seconds
[runlim] space:			235.6 MB
[runlim] samples:		3155
