[runlim] version:		1.10fixed
[runlim] time limit:		300 seconds
[runlim] real time limit:	311040000 seconds
[runlim] space limit:		4000 MB
[runlim] argv[0]:		./cvc4
[runlim] argv[1]:		--nl-ext-tplanes
[runlim] argv[2]:		--full-saturate-quant
[runlim] argv[3]:		--no-e-matching
[runlim] argv[4]:		/tmp/3vn9Sulm.smt2
[runlim] start:			Tue Feb  5 10:34:16 2019
[runlim] main pid:		24387
[runlim] sample:		8.6 time, 10.6 real, 47.3 MB
[runlim] sample:		18.3 time, 20.6 real, 56.7 MB
[runlim] sample:		27.9 time, 30.6 real, 63.9 MB
[runlim] sample:		37.6 time, 40.6 real, 70.3 MB
[runlim] sample:		46.2 time, 50.6 real, 75.7 MB
[runlim] sample:		54.5 time, 60.6 real, 79.3 MB
[runlim] sample:		64.5 time, 70.6 real, 84.5 MB
[runlim] sample:		74.5 time, 80.6 real, 89.4 MB
[runlim] sample:		84.5 time, 90.6 real, 94.0 MB
[runlim] sample:		94.2 time, 100.6 real, 96.9 MB
[runlim] sample:		101.8 time, 110.6 real, 100.9 MB
[runlim] sample:		110.5 time, 120.6 real, 104.2 MB
[runlim] sample:		120.2 time, 130.6 real, 107.3 MB
[runlim] sample:		128.7 time, 140.6 real, 110.1 MB
[runlim] sample:		137.7 time, 150.6 real, 112.9 MB
[runlim] sample:		145.9 time, 160.6 real, 115.0 MB
[runlim] sample:		153.5 time, 170.6 real, 118.1 MB
[runlim] sample:		162.6 time, 180.6 real, 120.1 MB
[runlim] sample:		172.6 time, 190.6 real, 123.0 MB
[runlim] sample:		182.6 time, 200.6 real, 125.0 MB
[runlim] sample:		192.6 time, 210.6 real, 126.8 MB
[runlim] sample:		202.6 time, 220.6 real, 130.2 MB
[runlim] sample:		212.6 time, 230.6 real, 132.4 MB
[runlim] sample:		222.6 time, 240.6 real, 135.2 MB
[runlim] sample:		232.6 time, 250.6 real, 137.3 MB
[runlim] sample:		242.6 time, 260.6 real, 139.9 MB
[runlim] sample:		252.6 time, 270.6 real, 143.0 MB
[runlim] sample:		262.6 time, 280.6 real, 145.4 MB
[runlim] sample:		272.6 time, 290.6 real, 210.8 MB
[runlim] sample:		282.6 time, 300.6 real, 235.7 MB
[runlim] sample:		292.6 time, 310.6 real, 235.7 MB
[runlim] end:			Tue Feb  5 10:39:33 2019
[runlim] status:		signal(9)
[runlim] result:		11
[runlim] children:		0
[runlim] real:			317.41 seconds
[runlim] time:			299.00 seconds
[runlim] space:			235.7 MB
[runlim] samples:		3167
