[runlim] version:		1.10fixed
[runlim] time limit:		300 seconds
[runlim] real time limit:	311040000 seconds
[runlim] space limit:		4000 MB
[runlim] argv[0]:		./cvc4
[runlim] argv[1]:		--nl-ext-tplanes
[runlim] argv[2]:		--full-saturate-quant
[runlim] argv[3]:		--no-e-matching
[runlim] argv[4]:		/tmp/2gmJuUXQ.smt2
[runlim] start:			Tue Feb  5 10:33:56 2019
[runlim] main pid:		11698
[runlim] sample:		8.8 time, 10.4 real, 41.3 MB
[runlim] sample:		18.3 time, 20.4 real, 48.5 MB
[runlim] sample:		27.5 time, 30.4 real, 53.2 MB
[runlim] sample:		37.0 time, 40.4 real, 57.4 MB
[runlim] sample:		47.0 time, 50.4 real, 61.0 MB
[runlim] sample:		57.0 time, 60.4 real, 65.1 MB
[runlim] sample:		67.0 time, 70.4 real, 67.9 MB
[runlim] sample:		76.1 time, 80.4 real, 70.0 MB
[runlim] sample:		85.7 time, 90.4 real, 72.1 MB
[runlim] sample:		95.6 time, 100.4 real, 74.1 MB
[runlim] sample:		104.8 time, 110.4 real, 75.7 MB
[runlim] sample:		114.2 time, 120.4 real, 77.5 MB
[runlim] sample:		122.9 time, 130.4 real, 79.3 MB
[runlim] sample:		132.5 time, 140.4 real, 81.1 MB
[runlim] sample:		142.4 time, 150.4 real, 82.6 MB
[runlim] sample:		152.4 time, 160.4 real, 85.1 MB
[runlim] sample:		162.4 time, 170.4 real, 86.1 MB
[runlim] sample:		172.4 time, 180.4 real, 87.4 MB
[runlim] sample:		182.4 time, 190.4 real, 88.7 MB
[runlim] sample:		192.4 time, 200.4 real, 90.0 MB
[runlim] sample:		202.4 time, 210.4 real, 91.0 MB
[runlim] sample:		212.4 time, 220.4 real, 91.8 MB
[runlim] sample:		222.4 time, 230.4 real, 93.0 MB
[runlim] sample:		232.4 time, 240.4 real, 94.1 MB
[runlim] sample:		242.4 time, 250.4 real, 95.4 MB
[runlim] sample:		252.4 time, 260.4 real, 96.4 MB
[runlim] sample:		262.4 time, 270.4 real, 97.2 MB
[runlim] sample:		270.5 time, 280.4 real, 100.4 MB
[runlim] sample:		280.5 time, 290.4 real, 101.2 MB
[runlim] sample:		290.5 time, 300.4 real, 102.7 MB
[runlim] sample:		299.8 time, 310.4 real, 103.5 MB
CVC4 interrupted by SIGTERM.
[runlim] end:			Tue Feb  5 10:39:06 2019
[runlim] status:		out of time
[runlim] result:		2
[runlim] children:		0
[runlim] real:			310.71 seconds
[runlim] time:			300.04 seconds
[runlim] space:			103.5 MB
[runlim] samples:		3103
