[runlim] version:		1.10fixed
[runlim] time limit:		300 seconds
[runlim] real time limit:	311040000 seconds
[runlim] space limit:		4000 MB
[runlim] argv[0]:		./cvc4
[runlim] argv[1]:		--nl-ext-tplanes
[runlim] argv[2]:		--full-saturate-quant
[runlim] argv[3]:		--no-e-matching
[runlim] argv[4]:		/tmp/I6mLbSb7.smt2
[runlim] start:			Tue Feb  5 10:29:54 2019
[runlim] main pid:		29449
[runlim] sample:		8.4 time, 10.9 real, 48.3 MB
[runlim] sample:		16.1 time, 20.9 real, 58.6 MB
[runlim] sample:		23.7 time, 30.9 real, 68.2 MB
[runlim] sample:		31.4 time, 40.9 real, 71.8 MB
[runlim] sample:		39.1 time, 50.9 real, 77.2 MB
[runlim] sample:		46.7 time, 60.9 real, 81.8 MB
[runlim] sample:		54.4 time, 70.9 real, 86.2 MB
[runlim] sample:		62.0 time, 80.9 real, 89.3 MB
[runlim] sample:		69.7 time, 90.9 real, 93.2 MB
[runlim] sample:		77.3 time, 100.9 real, 96.3 MB
[runlim] sample:		86.0 time, 110.9 real, 101.0 MB
[runlim] sample:		96.0 time, 120.9 real, 104.6 MB
[runlim] sample:		106.0 time, 130.9 real, 107.9 MB
[runlim] sample:		116.0 time, 140.9 real, 111.5 MB
[runlim] sample:		124.5 time, 150.9 real, 114.9 MB
[runlim] sample:		134.5 time, 160.9 real, 119.1 MB
[runlim] sample:		144.5 time, 170.9 real, 123.2 MB
[runlim] sample:		154.5 time, 180.9 real, 126.8 MB
[runlim] sample:		164.5 time, 190.9 real, 130.7 MB
[runlim] sample:		172.2 time, 200.9 real, 132.2 MB
[runlim] sample:		179.9 time, 210.9 real, 134.8 MB
[runlim] sample:		187.9 time, 220.9 real, 136.1 MB
[runlim] sample:		197.5 time, 230.9 real, 141.8 MB
[runlim] sample:		207.3 time, 240.9 real, 142.8 MB
[runlim] sample:		217.3 time, 250.9 real, 145.1 MB
[runlim] sample:		227.3 time, 260.9 real, 156.7 MB
[runlim] sample:		236.9 time, 270.9 real, 168.0 MB
[runlim] sample:		246.7 time, 280.9 real, 168.8 MB
[runlim] sample:		256.7 time, 290.9 real, 169.0 MB
[runlim] sample:		266.7 time, 300.9 real, 169.3 MB
[runlim] sample:		276.7 time, 310.9 real, 169.8 MB
[runlim] sample:		286.7 time, 320.9 real, 171.1 MB
[runlim] end:			Tue Feb  5 10:35:20 2019
[runlim] status:		signal(9)
[runlim] result:		11
[runlim] children:		0
[runlim] real:			326.65 seconds
[runlim] time:			292.41 seconds
[runlim] space:			171.3 MB
[runlim] samples:		3257
