[runlim] version:		1.10fixed
[runlim] time limit:		300 seconds
[runlim] real time limit:	311040000 seconds
[runlim] space limit:		4000 MB
[runlim] argv[0]:		./cvc4
[runlim] argv[1]:		--nl-ext-tplanes
[runlim] argv[2]:		--full-saturate-quant
[runlim] argv[3]:		--no-e-matching
[runlim] argv[4]:		/tmp/fxyyGjhU.smt2
[runlim] start:			Tue Feb  5 10:34:00 2019
[runlim] main pid:		12178
[runlim] sample:		7.6 time, 10.3 real, 40.2 MB
[runlim] sample:		15.9 time, 20.3 real, 46.8 MB
[runlim] sample:		24.6 time, 30.3 real, 52.2 MB
[runlim] sample:		33.9 time, 40.3 real, 56.2 MB
[runlim] sample:		42.6 time, 50.3 real, 59.6 MB
[runlim] sample:		51.7 time, 60.3 real, 63.8 MB
[runlim] sample:		61.3 time, 70.3 real, 66.4 MB
[runlim] sample:		71.0 time, 80.3 real, 69.0 MB
[runlim] sample:		80.6 time, 90.3 real, 71.5 MB
[runlim] sample:		90.3 time, 100.3 real, 73.1 MB
[runlim] sample:		100.0 time, 110.3 real, 75.4 MB
[runlim] sample:		109.6 time, 120.3 real, 77.2 MB
[runlim] sample:		119.3 time, 130.3 real, 79.5 MB
[runlim] sample:		129.0 time, 140.3 real, 81.1 MB
[runlim] sample:		138.6 time, 150.3 real, 82.4 MB
[runlim] sample:		148.3 time, 160.3 real, 83.9 MB
[runlim] sample:		158.0 time, 170.3 real, 85.9 MB
[runlim] sample:		167.7 time, 180.3 real, 87.2 MB
[runlim] sample:		177.3 time, 190.3 real, 88.5 MB
[runlim] sample:		187.0 time, 200.3 real, 89.5 MB
[runlim] sample:		196.7 time, 210.3 real, 90.8 MB
[runlim] sample:		206.3 time, 220.3 real, 92.1 MB
[runlim] sample:		216.0 time, 230.3 real, 92.9 MB
[runlim] sample:		225.7 time, 240.3 real, 93.9 MB
[runlim] sample:		235.4 time, 250.3 real, 95.4 MB
[runlim] sample:		245.0 time, 260.3 real, 96.2 MB
[runlim] sample:		254.7 time, 270.3 real, 99.2 MB
[runlim] sample:		264.4 time, 280.3 real, 100.5 MB
[runlim] sample:		274.4 time, 290.3 real, 101.5 MB
[runlim] sample:		284.4 time, 300.3 real, 102.3 MB
[runlim] end:			Tue Feb  5 10:39:08 2019
[runlim] status:		signal(9)
[runlim] result:		11
[runlim] children:		0
[runlim] real:			308.33 seconds
[runlim] time:			292.35 seconds
[runlim] space:			103.8 MB
[runlim] samples:		3080
