[runlim] version:		1.10fixed
[runlim] time limit:		300 seconds
[runlim] real time limit:	311040000 seconds
[runlim] space limit:		4000 MB
[runlim] argv[0]:		./cvc4
[runlim] argv[1]:		--nl-ext-tplanes
[runlim] argv[2]:		--full-saturate-quant
[runlim] argv[3]:		--no-e-matching
[runlim] argv[4]:		/tmp/Hbarflqj.smt2
[runlim] start:			Thu Feb 14 00:44:06 2019
[runlim] main pid:		1234
[runlim] sample:		8.9 time, 10.6 real, 50.7 MB
[runlim] sample:		16.6 time, 20.6 real, 59.7 MB
[runlim] sample:		24.2 time, 30.6 real, 67.0 MB
[runlim] sample:		33.5 time, 40.6 real, 75.0 MB
[runlim] sample:		43.5 time, 50.6 real, 80.2 MB
[runlim] sample:		53.5 time, 60.6 real, 87.1 MB
[runlim] sample:		63.5 time, 70.6 real, 93.1 MB
[runlim] sample:		73.5 time, 80.6 real, 96.4 MB
[runlim] sample:		83.5 time, 90.6 real, 105.7 MB
[runlim] sample:		93.5 time, 100.6 real, 110.3 MB
[runlim] sample:		103.5 time, 110.6 real, 114.7 MB
[runlim] sample:		113.5 time, 120.6 real, 116.5 MB
[runlim] sample:		123.5 time, 130.6 real, 119.9 MB
[runlim] sample:		133.5 time, 140.6 real, 124.4 MB
[runlim] sample:		143.5 time, 150.6 real, 127.2 MB
[runlim] sample:		153.5 time, 160.6 real, 129.5 MB
[runlim] sample:		163.5 time, 170.6 real, 131.1 MB
[runlim] sample:		173.5 time, 180.6 real, 131.6 MB
[runlim] sample:		183.5 time, 190.6 real, 137.8 MB
[runlim] sample:		193.5 time, 200.6 real, 142.4 MB
[runlim] sample:		203.5 time, 210.6 real, 142.9 MB
[runlim] sample:		213.5 time, 220.6 real, 146.8 MB
[runlim] sample:		223.5 time, 230.6 real, 149.9 MB
[runlim] sample:		233.5 time, 240.6 real, 152.7 MB
[runlim] sample:		243.5 time, 250.6 real, 154.0 MB
[runlim] sample:		253.4 time, 260.6 real, 157.9 MB
[runlim] sample:		263.4 time, 270.6 real, 159.2 MB
[runlim] sample:		273.4 time, 280.6 real, 161.2 MB
[runlim] sample:		283.4 time, 290.6 real, 163.8 MB
[runlim] sample:		293.4 time, 300.6 real, 165.3 MB
[runlim] end:			Thu Feb 14 00:49:12 2019
[runlim] status:		signal(9)
[runlim] result:		11
[runlim] children:		0
[runlim] real:			306.48 seconds
[runlim] time:			299.34 seconds
[runlim] space:			167.1 MB
[runlim] samples:		3059
