[runlim] version:		1.10fixed
[runlim] time limit:		300 seconds
[runlim] real time limit:	311040000 seconds
[runlim] space limit:		4000 MB
[runlim] argv[0]:		./cvc4
[runlim] argv[1]:		--nl-ext-tplanes
[runlim] argv[2]:		--full-saturate-quant
[runlim] argv[3]:		--no-e-matching
[runlim] argv[4]:		/tmp/7g1V17TH.smt2
[runlim] start:			Thu Feb 14 00:44:22 2019
[runlim] main pid:		12434
[runlim] sample:		7.3 time, 10.0 real, 43.8 MB
[runlim] sample:		14.6 time, 20.0 real, 53.8 MB
[runlim] sample:		21.9 time, 30.0 real, 61.9 MB
[runlim] sample:		31.4 time, 40.0 real, 72.5 MB
[runlim] sample:		41.2 time, 50.0 real, 73.5 MB
[runlim] sample:		49.0 time, 60.0 real, 75.0 MB
[runlim] sample:		57.7 time, 70.0 real, 82.5 MB
[runlim] sample:		67.7 time, 80.0 real, 85.9 MB
[runlim] sample:		77.7 time, 90.0 real, 87.6 MB
[runlim] sample:		87.7 time, 100.0 real, 87.6 MB
[runlim] sample:		95.9 time, 110.0 real, 87.6 MB
[runlim] sample:		104.2 time, 120.0 real, 87.6 MB
[runlim] sample:		114.2 time, 130.0 real, 87.6 MB
[runlim] sample:		124.2 time, 140.0 real, 87.6 MB
[runlim] sample:		133.7 time, 150.0 real, 87.6 MB
[runlim] sample:		141.6 time, 160.0 real, 87.6 MB
[runlim] sample:		151.6 time, 170.0 real, 87.6 MB
[runlim] sample:		161.1 time, 180.0 real, 87.6 MB
[runlim] sample:		170.8 time, 190.0 real, 87.6 MB
[runlim] sample:		180.8 time, 200.0 real, 87.9 MB
[runlim] sample:		190.8 time, 210.0 real, 87.9 MB
[runlim] sample:		200.8 time, 220.0 real, 87.9 MB
[runlim] sample:		210.8 time, 230.0 real, 87.9 MB
[runlim] sample:		220.8 time, 240.0 real, 87.9 MB
[runlim] sample:		230.8 time, 250.0 real, 87.9 MB
[runlim] sample:		240.8 time, 260.0 real, 87.9 MB
[runlim] sample:		250.8 time, 270.0 real, 87.9 MB
[runlim] sample:		260.8 time, 280.0 real, 88.1 MB
[runlim] sample:		270.8 time, 290.0 real, 88.1 MB
[runlim] sample:		280.8 time, 300.0 real, 88.1 MB
[runlim] sample:		290.8 time, 310.0 real, 88.1 MB
[runlim] end:			Thu Feb 14 00:49:34 2019
[runlim] status:		signal(9)
[runlim] result:		11
[runlim] children:		0
[runlim] real:			312.35 seconds
[runlim] time:			293.13 seconds
[runlim] space:			88.1 MB
[runlim] samples:		3123
