[runlim] version:		1.10fixed
[runlim] time limit:		300 seconds
[runlim] real time limit:	311040000 seconds
[runlim] space limit:		4000 MB
[runlim] argv[0]:		./cvc4
[runlim] argv[1]:		--nl-ext-tplanes
[runlim] argv[2]:		--full-saturate-quant
[runlim] argv[3]:		--no-e-matching
[runlim] argv[4]:		/tmp/610mlHYX.smt2
[runlim] start:			Thu Feb 14 00:44:48 2019
[runlim] main pid:		18342
[runlim] sample:		7.7 time, 10.6 real, 50.0 MB
[runlim] sample:		17.7 time, 20.6 real, 60.7 MB
[runlim] sample:		27.7 time, 30.6 real, 70.7 MB
[runlim] sample:		37.7 time, 40.6 real, 75.9 MB
[runlim] sample:		47.7 time, 50.6 real, 82.4 MB
[runlim] sample:		57.7 time, 60.6 real, 88.0 MB
[runlim] sample:		67.7 time, 70.6 real, 92.9 MB
[runlim] sample:		77.7 time, 80.6 real, 98.6 MB
[runlim] sample:		87.1 time, 90.6 real, 100.4 MB
[runlim] sample:		97.1 time, 100.6 real, 107.9 MB
[runlim] sample:		107.1 time, 110.6 real, 113.6 MB
[runlim] sample:		117.1 time, 120.6 real, 117.9 MB
[runlim] sample:		127.1 time, 130.6 real, 120.5 MB
[runlim] sample:		137.1 time, 140.6 real, 123.4 MB
[runlim] sample:		147.1 time, 150.6 real, 124.9 MB
[runlim] sample:		157.1 time, 160.6 real, 127.1 MB
[runlim] sample:		167.1 time, 170.6 real, 130.2 MB
[runlim] sample:		177.1 time, 180.6 real, 133.9 MB
[runlim] sample:		187.1 time, 190.6 real, 134.1 MB
[runlim] sample:		197.1 time, 200.6 real, 137.7 MB
[runlim] sample:		207.1 time, 210.6 real, 140.6 MB
[runlim] sample:		216.8 time, 220.6 real, 143.4 MB
[runlim] sample:		226.8 time, 230.6 real, 146.8 MB
[runlim] sample:		236.8 time, 240.6 real, 147.0 MB
[runlim] sample:		246.8 time, 250.6 real, 148.3 MB
[runlim] sample:		256.8 time, 260.6 real, 151.1 MB
[runlim] sample:		266.8 time, 270.6 real, 154.0 MB
[runlim] sample:		275.9 time, 280.6 real, 157.8 MB
[runlim] sample:		285.9 time, 290.6 real, 160.6 MB
[runlim] sample:		295.6 time, 300.6 real, 161.6 MB
CVC4 interrupted by SIGTERM.
[runlim] end:			Thu Feb 14 00:49:54 2019
[runlim] status:		out of time
[runlim] result:		2
[runlim] children:		0
[runlim] real:			306.53 seconds
[runlim] time:			300.01 seconds
[runlim] space:			163.4 MB
[runlim] samples:		3059
