[runlim] version:		1.10fixed
[runlim] time limit:		300 seconds
[runlim] real time limit:	311040000 seconds
[runlim] space limit:		4000 MB
[runlim] argv[0]:		./cvc4
[runlim] argv[1]:		--nl-ext-tplanes
[runlim] argv[2]:		--full-saturate-quant
[runlim] argv[3]:		--no-e-matching
[runlim] argv[4]:		/tmp/72neRWqw.smt2
[runlim] start:			Thu Feb 14 00:44:19 2019
[runlim] main pid:		6760
[runlim] sample:		8.3 time, 10.9 real, 47.1 MB
[runlim] sample:		17.8 time, 20.9 real, 59.5 MB
[runlim] sample:		27.8 time, 30.9 real, 66.5 MB
[runlim] sample:		37.8 time, 40.9 real, 75.0 MB
[runlim] sample:		47.8 time, 50.9 real, 81.5 MB
[runlim] sample:		57.8 time, 60.9 real, 82.0 MB
[runlim] sample:		67.8 time, 70.9 real, 83.3 MB
[runlim] sample:		77.8 time, 80.9 real, 84.6 MB
[runlim] sample:		87.8 time, 90.9 real, 85.7 MB
[runlim] sample:		97.8 time, 100.9 real, 86.9 MB
[runlim] sample:		107.8 time, 110.9 real, 88.5 MB
[runlim] sample:		117.8 time, 120.9 real, 90.0 MB
[runlim] sample:		127.8 time, 130.9 real, 91.1 MB
[runlim] sample:		137.8 time, 140.9 real, 92.4 MB
[runlim] sample:		147.8 time, 150.9 real, 93.4 MB
[runlim] sample:		157.8 time, 160.9 real, 94.7 MB
[runlim] sample:		167.8 time, 170.9 real, 95.7 MB
[runlim] sample:		177.8 time, 180.9 real, 97.3 MB
[runlim] sample:		187.2 time, 190.9 real, 98.3 MB
[runlim] sample:		196.6 time, 200.9 real, 99.6 MB
[runlim] sample:		206.6 time, 210.9 real, 101.1 MB
[runlim] sample:		216.5 time, 220.9 real, 102.2 MB
[runlim] sample:		226.6 time, 230.9 real, 103.4 MB
[runlim] sample:		236.5 time, 240.9 real, 105.0 MB
[runlim] sample:		246.5 time, 250.9 real, 106.3 MB
[runlim] sample:		254.8 time, 260.9 real, 107.1 MB
[runlim] sample:		264.0 time, 270.9 real, 108.9 MB
[runlim] sample:		274.0 time, 280.9 real, 109.9 MB
[runlim] sample:		284.0 time, 290.9 real, 110.9 MB
[runlim] sample:		294.0 time, 300.9 real, 112.2 MB
CVC4 interrupted by SIGTERM.
[runlim] end:			Thu Feb 14 00:49:25 2019
[runlim] status:		out of time
[runlim] result:		2
[runlim] children:		0
[runlim] real:			306.89 seconds
[runlim] time:			300.01 seconds
[runlim] space:			113.0 MB
[runlim] samples:		3060
