[runlim] version:		1.10fixed
[runlim] time limit:		300 seconds
[runlim] real time limit:	311040000 seconds
[runlim] space limit:		4000 MB
[runlim] argv[0]:		./cvc4
[runlim] argv[1]:		--nl-ext-tplanes
[runlim] argv[2]:		--full-saturate-quant
[runlim] argv[3]:		--no-e-matching
[runlim] argv[4]:		/tmp/vQii3Dqd.smt2
[runlim] start:			Thu Feb 14 00:45:03 2019
[runlim] main pid:		29630
[runlim] sample:		9.1 time, 10.9 real, 68.4 MB
[runlim] sample:		17.9 time, 20.9 real, 112.8 MB
[runlim] sample:		27.9 time, 30.9 real, 164.4 MB
[runlim] sample:		37.8 time, 40.9 real, 215.8 MB
[runlim] sample:		46.0 time, 50.9 real, 259.9 MB
[runlim] sample:		54.8 time, 60.9 real, 303.7 MB
[runlim] sample:		63.1 time, 70.9 real, 345.5 MB
[runlim] sample:		72.8 time, 80.9 real, 389.8 MB
[runlim] sample:		82.6 time, 90.9 real, 445.1 MB
[runlim] sample:		91.8 time, 100.9 real, 484.4 MB
[runlim] sample:		101.5 time, 110.9 real, 498.5 MB
[runlim] sample:		111.1 time, 120.9 real, 543.4 MB
[runlim] sample:		120.8 time, 130.9 real, 595.6 MB
[runlim] sample:		130.4 time, 140.9 real, 639.4 MB
[runlim] sample:		140.1 time, 150.9 real, 684.0 MB
[runlim] sample:		149.5 time, 160.9 real, 727.1 MB
[runlim] sample:		159.2 time, 170.9 real, 785.1 MB
[runlim] sample:		168.9 time, 180.9 real, 829.9 MB
[runlim] sample:		178.4 time, 190.9 real, 890.7 MB
[runlim] sample:		187.1 time, 200.9 real, 924.5 MB
[runlim] sample:		195.8 time, 210.9 real, 949.8 MB
[runlim] sample:		204.8 time, 220.9 real, 991.8 MB
[runlim] sample:		214.6 time, 230.9 real, 1036.4 MB
[runlim] sample:		224.6 time, 240.9 real, 1081.0 MB
[runlim] sample:		234.4 time, 250.9 real, 1133.0 MB
[runlim] sample:		244.4 time, 260.9 real, 1181.2 MB
[runlim] sample:		254.4 time, 270.9 real, 1236.0 MB
[runlim] sample:		264.4 time, 280.9 real, 1286.3 MB
[runlim] sample:		274.4 time, 290.9 real, 1335.0 MB
[runlim] sample:		284.4 time, 300.9 real, 1343.1 MB
[runlim] sample:		294.4 time, 310.9 real, 1349.2 MB
CVC4 interrupted by SIGTERM.
[runlim] end:			Thu Feb 14 00:50:19 2019
[runlim] status:		out of time
[runlim] result:		2
[runlim] children:		0
[runlim] real:			316.55 seconds
[runlim] time:			300.03 seconds
[runlim] space:			1375.5 MB
[runlim] samples:		3156
