[runlim] version:		1.10fixed
[runlim] time limit:		300 seconds
[runlim] real time limit:	311040000 seconds
[runlim] space limit:		4000 MB
[runlim] argv[0]:		./cvc4
[runlim] argv[1]:		--nl-ext-tplanes
[runlim] argv[2]:		--full-saturate-quant
[runlim] argv[3]:		--no-e-matching
[runlim] argv[4]:		/tmp/GVydid8M.smt2
[runlim] start:			Thu Feb 14 00:44:05 2019
[runlim] main pid:		14734
[runlim] sample:		9.1 time, 10.8 real, 50.4 MB
[runlim] sample:		19.1 time, 20.8 real, 59.7 MB
[runlim] sample:		29.1 time, 30.8 real, 68.2 MB
[runlim] sample:		39.1 time, 40.8 real, 75.5 MB
[runlim] sample:		49.1 time, 50.8 real, 81.4 MB
[runlim] sample:		59.1 time, 60.8 real, 85.8 MB
[runlim] sample:		69.1 time, 70.8 real, 95.3 MB
[runlim] sample:		79.1 time, 80.8 real, 97.1 MB
[runlim] sample:		89.1 time, 90.8 real, 99.9 MB
[runlim] sample:		99.1 time, 100.8 real, 105.1 MB
[runlim] sample:		109.1 time, 110.8 real, 110.3 MB
[runlim] sample:		119.1 time, 120.8 real, 113.1 MB
[runlim] sample:		129.1 time, 130.8 real, 118.2 MB
[runlim] sample:		139.1 time, 140.8 real, 121.4 MB
[runlim] sample:		149.1 time, 150.8 real, 124.8 MB
[runlim] sample:		159.0 time, 160.8 real, 127.6 MB
[runlim] sample:		167.7 time, 170.8 real, 132.4 MB
[runlim] sample:		177.6 time, 180.8 real, 133.3 MB
[runlim] sample:		187.6 time, 190.8 real, 135.9 MB
[runlim] sample:		197.6 time, 200.8 real, 138.0 MB
[runlim] sample:		207.6 time, 210.8 real, 140.8 MB
[runlim] sample:		217.6 time, 220.8 real, 143.2 MB
[runlim] sample:		227.6 time, 230.8 real, 145.5 MB
[runlim] sample:		237.6 time, 240.8 real, 147.5 MB
[runlim] sample:		247.6 time, 250.8 real, 150.4 MB
[runlim] sample:		257.5 time, 260.8 real, 154.0 MB
[runlim] sample:		267.5 time, 270.8 real, 156.9 MB
[runlim] sample:		277.5 time, 280.8 real, 158.4 MB
[runlim] sample:		287.5 time, 290.8 real, 160.2 MB
[runlim] sample:		297.5 time, 300.8 real, 169.5 MB
CVC4 interrupted by SIGTERM.
[runlim] end:			Thu Feb 14 00:49:08 2019
[runlim] status:		out of time
[runlim] result:		2
[runlim] children:		0
[runlim] real:			303.35 seconds
[runlim] time:			300.03 seconds
[runlim] space:			169.8 MB
[runlim] samples:		3025
