[runlim] version:		1.10fixed
[runlim] time limit:		300 seconds
[runlim] real time limit:	311040000 seconds
[runlim] space limit:		4000 MB
[runlim] argv[0]:		./cvc4
[runlim] argv[1]:		--nl-ext-tplanes
[runlim] argv[2]:		--full-saturate-quant
[runlim] argv[3]:		--no-e-matching
[runlim] argv[4]:		/tmp/A0NWnIZI.smt2
[runlim] start:			Thu Feb 14 00:45:04 2019
[runlim] main pid:		30781
[runlim] sample:		8.6 time, 10.2 real, 47.6 MB
[runlim] sample:		17.3 time, 20.2 real, 56.6 MB
[runlim] sample:		25.9 time, 30.2 real, 64.4 MB
[runlim] sample:		34.5 time, 40.2 real, 69.8 MB
[runlim] sample:		43.5 time, 50.2 real, 74.7 MB
[runlim] sample:		53.2 time, 60.2 real, 80.1 MB
[runlim] sample:		62.9 time, 70.2 real, 87.6 MB
[runlim] sample:		72.6 time, 80.2 real, 96.1 MB
[runlim] sample:		81.5 time, 90.2 real, 98.9 MB
[runlim] sample:		89.8 time, 100.2 real, 106.0 MB
[runlim] sample:		99.3 time, 110.2 real, 107.8 MB
[runlim] sample:		108.4 time, 120.2 real, 111.4 MB
[runlim] sample:		117.6 time, 130.2 real, 117.1 MB
[runlim] sample:		127.6 time, 140.2 real, 121.7 MB
[runlim] sample:		137.6 time, 150.2 real, 125.1 MB
[runlim] sample:		147.6 time, 160.2 real, 129.3 MB
[runlim] sample:		156.1 time, 170.2 real, 131.6 MB
[runlim] sample:		164.1 time, 180.2 real, 135.2 MB
[runlim] sample:		172.1 time, 190.2 real, 138.5 MB
[runlim] sample:		180.1 time, 200.2 real, 140.3 MB
[runlim] sample:		188.1 time, 210.2 real, 143.4 MB
[runlim] sample:		197.6 time, 220.2 real, 145.5 MB
[runlim] sample:		207.6 time, 230.2 real, 149.1 MB
[runlim] sample:		217.6 time, 240.2 real, 152.7 MB
[runlim] sample:		227.6 time, 250.2 real, 155.5 MB
[runlim] sample:		237.6 time, 260.2 real, 161.7 MB
[runlim] sample:		247.6 time, 270.2 real, 163.1 MB
[runlim] sample:		257.6 time, 280.2 real, 163.6 MB
[runlim] sample:		267.6 time, 290.2 real, 166.7 MB
[runlim] sample:		277.6 time, 300.2 real, 172.1 MB
[runlim] sample:		287.6 time, 310.2 real, 172.9 MB
[runlim] end:			Thu Feb 14 00:50:17 2019
[runlim] status:		signal(9)
[runlim] result:		11
[runlim] children:		0
[runlim] real:			313.35 seconds
[runlim] time:			290.67 seconds
[runlim] space:			173.4 MB
[runlim] samples:		3131
