[runlim] version:		1.10fixed
[runlim] time limit:		300 seconds
[runlim] real time limit:	311040000 seconds
[runlim] space limit:		4000 MB
[runlim] argv[0]:		./cvc4
[runlim] argv[1]:		--nl-ext-tplanes
[runlim] argv[2]:		--full-saturate-quant
[runlim] argv[3]:		--no-e-matching
[runlim] argv[4]:		/tmp/awXYsUha.smt2
[runlim] start:			Thu Feb 14 00:45:08 2019
[runlim] main pid:		23976
[runlim] sample:		8.0 time, 10.6 real, 46.5 MB
[runlim] sample:		16.8 time, 20.6 real, 57.8 MB
[runlim] sample:		26.7 time, 30.6 real, 62.9 MB
[runlim] end:			Thu Feb 14 00:45:42 2019
[runlim] status:		ok
[runlim] result:		0
[runlim] children:		0
[runlim] real:			34.63 seconds
[runlim] time:			30.64 seconds
[runlim] space:			70.3 MB
[runlim] samples:		339
