[runlim] version:		1.10fixed
[runlim] time limit:		300 seconds
[runlim] real time limit:	311040000 seconds
[runlim] space limit:		4000 MB
[runlim] argv[0]:		./cvc4
[runlim] argv[1]:		--nl-ext-tplanes
[runlim] argv[2]:		--full-saturate-quant
[runlim] argv[3]:		--no-e-matching
[runlim] argv[4]:		/tmp/lansMRUw.smt2
[runlim] start:			Thu Feb 14 00:45:00 2019
[runlim] main pid:		25205
[runlim] sample:		9.4 time, 10.7 real, 51.7 MB
[runlim] sample:		19.4 time, 20.7 real, 62.7 MB
[runlim] sample:		29.4 time, 30.7 real, 71.0 MB
[runlim] sample:		39.4 time, 40.7 real, 78.4 MB
[runlim] sample:		49.0 time, 50.7 real, 82.6 MB
[runlim] sample:		58.5 time, 60.7 real, 89.0 MB
[runlim] sample:		67.7 time, 70.7 real, 93.4 MB
[runlim] sample:		77.1 time, 80.7 real, 97.5 MB
[runlim] sample:		87.1 time, 90.7 real, 99.9 MB
[runlim] sample:		97.1 time, 100.7 real, 105.8 MB
[runlim] sample:		107.1 time, 110.7 real, 111.5 MB
[runlim] sample:		117.1 time, 120.7 real, 113.8 MB
[runlim] sample:		127.1 time, 130.7 real, 116.9 MB
[runlim] sample:		137.1 time, 140.7 real, 119.2 MB
[runlim] sample:		146.9 time, 150.7 real, 121.8 MB
[runlim] sample:		156.9 time, 160.7 real, 125.2 MB
[runlim] sample:		165.6 time, 170.7 real, 128.2 MB
[runlim] sample:		173.5 time, 180.7 real, 132.4 MB
[runlim] sample:		182.9 time, 190.7 real, 133.5 MB
[runlim] sample:		192.9 time, 200.7 real, 133.7 MB
[runlim] sample:		202.9 time, 210.7 real, 140.7 MB
[runlim] sample:		212.9 time, 220.7 real, 144.6 MB
[runlim] sample:		222.9 time, 230.7 real, 147.2 MB
[runlim] sample:		232.9 time, 240.7 real, 148.7 MB
[runlim] sample:		242.9 time, 250.7 real, 149.0 MB
[runlim] sample:		252.9 time, 260.7 real, 149.5 MB
[runlim] sample:		262.9 time, 270.7 real, 151.0 MB
[runlim] sample:		272.9 time, 280.7 real, 153.9 MB
[runlim] sample:		282.6 time, 290.7 real, 156.2 MB
[runlim] sample:		292.3 time, 300.7 real, 156.5 MB
CVC4 interrupted by SIGTERM.
[runlim] end:			Thu Feb 14 00:50:08 2019
[runlim] status:		out of time
[runlim] result:		2
[runlim] children:		0
[runlim] real:			308.57 seconds
[runlim] time:			300.09 seconds
[runlim] space:			156.7 MB
[runlim] samples:		3079
