[runlim] version:		1.10fixed
[runlim] time limit:		300 seconds
[runlim] real time limit:	311040000 seconds
[runlim] space limit:		4000 MB
[runlim] argv[0]:		./cvc4
[runlim] argv[1]:		--nl-ext-tplanes
[runlim] argv[2]:		--full-saturate-quant
[runlim] argv[3]:		--no-e-matching
[runlim] argv[4]:		/tmp/bXGNimUg.smt2
[runlim] start:			Thu Feb 14 00:46:30 2019
[runlim] main pid:		25563
[runlim] sample:		8.3 time, 10.4 real, 49.5 MB
[runlim] sample:		17.6 time, 20.4 real, 60.6 MB
[runlim] sample:		26.3 time, 30.4 real, 67.8 MB
[runlim] sample:		35.2 time, 40.4 real, 73.0 MB
[runlim] sample:		44.8 time, 50.4 real, 77.9 MB
[runlim] sample:		54.5 time, 60.4 real, 83.5 MB
[runlim] sample:		63.0 time, 70.4 real, 87.1 MB
[runlim] sample:		70.6 time, 80.4 real, 93.3 MB
[runlim] sample:		80.3 time, 90.4 real, 97.7 MB
[runlim] sample:		90.2 time, 100.4 real, 102.1 MB
[runlim] sample:		100.2 time, 110.4 real, 105.4 MB
[runlim] sample:		108.1 time, 120.4 real, 109.0 MB
[runlim] sample:		117.3 time, 130.4 real, 113.2 MB
[runlim] sample:		126.9 time, 140.4 real, 116.5 MB
[runlim] sample:		134.3 time, 150.4 real, 118.8 MB
[runlim] sample:		141.8 time, 160.4 real, 121.4 MB
[runlim] sample:		151.5 time, 170.4 real, 123.7 MB
[runlim] sample:		161.2 time, 180.4 real, 125.5 MB
[runlim] sample:		170.9 time, 190.4 real, 128.4 MB
[runlim] sample:		180.4 time, 200.4 real, 134.8 MB
[runlim] sample:		190.4 time, 210.4 real, 135.6 MB
[runlim] sample:		200.4 time, 220.4 real, 136.6 MB
[runlim] sample:		210.4 time, 230.4 real, 139.7 MB
[runlim] sample:		220.4 time, 240.4 real, 142.0 MB
[runlim] sample:		230.1 time, 250.4 real, 144.9 MB
[runlim] sample:		239.7 time, 260.4 real, 148.5 MB
[runlim] sample:		247.9 time, 270.4 real, 148.7 MB
[runlim] sample:		256.2 time, 280.4 real, 150.0 MB
[runlim] sample:		266.2 time, 290.4 real, 152.3 MB
[runlim] sample:		276.2 time, 300.4 real, 152.6 MB
[runlim] sample:		286.2 time, 310.4 real, 154.1 MB
[runlim] sample:		296.2 time, 320.4 real, 164.7 MB
CVC4 interrupted by SIGTERM.
[runlim] end:			Thu Feb 14 00:51:54 2019
[runlim] status:		out of time
[runlim] result:		2
[runlim] children:		0
[runlim] real:			324.22 seconds
[runlim] time:			300.03 seconds
[runlim] space:			165.0 MB
[runlim] samples:		3238
