[runlim] version:		1.10fixed
[runlim] time limit:		300 seconds
[runlim] real time limit:	311040000 seconds
[runlim] space limit:		4000 MB
[runlim] argv[0]:		./cvc4
[runlim] argv[1]:		--nl-ext-tplanes
[runlim] argv[2]:		--full-saturate-quant
[runlim] argv[3]:		--no-e-matching
[runlim] argv[4]:		/tmp/T0n78lX2.smt2
[runlim] start:			Thu Feb 14 00:45:43 2019
[runlim] main pid:		24067
[runlim] sample:		9.5 time, 10.0 real, 50.3 MB
[runlim] sample:		19.0 time, 20.0 real, 59.3 MB
[runlim] sample:		28.8 time, 30.0 real, 61.6 MB
[runlim] sample:		38.1 time, 40.0 real, 64.1 MB
[runlim] sample:		47.7 time, 50.0 real, 69.5 MB
[runlim] sample:		57.2 time, 60.0 real, 72.6 MB
[runlim] sample:		65.2 time, 70.0 real, 75.3 MB
[runlim] sample:		74.4 time, 80.0 real, 81.2 MB
[runlim] sample:		83.8 time, 90.0 real, 82.5 MB
[runlim] sample:		93.8 time, 100.0 real, 87.7 MB
[runlim] sample:		103.8 time, 110.0 real, 92.8 MB
[runlim] sample:		113.8 time, 120.0 real, 93.1 MB
[runlim] sample:		123.8 time, 130.0 real, 102.2 MB
[runlim] sample:		133.8 time, 140.0 real, 103.8 MB
[runlim] sample:		141.2 time, 150.0 real, 103.8 MB
[runlim] sample:		150.4 time, 160.0 real, 103.8 MB
[runlim] sample:		159.4 time, 170.0 real, 110.2 MB
[runlim] sample:		168.2 time, 180.0 real, 117.6 MB
[runlim] sample:		177.0 time, 190.0 real, 121.2 MB
[runlim] sample:		185.5 time, 200.0 real, 124.3 MB
[runlim] sample:		194.9 time, 210.0 real, 124.3 MB
[runlim] sample:		204.7 time, 220.0 real, 124.3 MB
[runlim] sample:		214.7 time, 230.0 real, 124.3 MB
[runlim] sample:		224.7 time, 240.0 real, 124.5 MB
[runlim] sample:		234.7 time, 250.0 real, 125.3 MB
[runlim] sample:		244.7 time, 260.0 real, 125.3 MB
[runlim] sample:		254.7 time, 270.0 real, 125.8 MB
[runlim] sample:		264.7 time, 280.0 real, 125.8 MB
[runlim] sample:		274.6 time, 290.0 real, 127.4 MB
[runlim] sample:		284.6 time, 300.0 real, 127.6 MB
[runlim] sample:		294.6 time, 310.0 real, 129.2 MB
[runlim] end:			Thu Feb 14 00:50:57 2019
[runlim] status:		signal(9)
[runlim] result:		11
[runlim] children:		0
[runlim] real:			314.74 seconds
[runlim] time:			299.35 seconds
[runlim] space:			129.4 MB
[runlim] samples:		3147
