[runlim] version:		1.10fixed
[runlim] time limit:		300 seconds
[runlim] real time limit:	311040000 seconds
[runlim] space limit:		4000 MB
[runlim] argv[0]:		./cvc4
[runlim] argv[1]:		--nl-ext-tplanes
[runlim] argv[2]:		--full-saturate-quant
[runlim] argv[3]:		--no-e-matching
[runlim] argv[4]:		/tmp/MxOhRteE.smt2
[runlim] start:			Thu Feb 14 00:44:44 2019
[runlim] main pid:		30436
[runlim] sample:		8.8 time, 10.8 real, 52.1 MB
[runlim] sample:		18.8 time, 20.8 real, 62.3 MB
[runlim] sample:		28.8 time, 30.8 real, 71.3 MB
[runlim] sample:		38.8 time, 40.8 real, 77.7 MB
[runlim] sample:		48.8 time, 50.8 real, 83.4 MB
[runlim] sample:		58.1 time, 60.8 real, 88.6 MB
[runlim] sample:		67.1 time, 70.8 real, 95.8 MB
[runlim] sample:		76.1 time, 80.8 real, 101.5 MB
[runlim] sample:		85.2 time, 90.8 real, 103.8 MB
[runlim] sample:		94.3 time, 100.8 real, 107.4 MB
[runlim] sample:		104.0 time, 110.8 real, 112.3 MB
[runlim] sample:		113.7 time, 120.8 real, 116.5 MB
[runlim] sample:		123.4 time, 130.8 real, 119.8 MB
[runlim] sample:		133.1 time, 140.8 real, 123.4 MB
[runlim] sample:		142.8 time, 150.8 real, 127.3 MB
[runlim] sample:		152.5 time, 160.8 real, 130.9 MB
[runlim] sample:		162.2 time, 170.8 real, 133.5 MB
[runlim] sample:		172.1 time, 180.8 real, 137.9 MB
[runlim] sample:		182.1 time, 190.8 real, 139.2 MB
[runlim] sample:		192.1 time, 200.8 real, 140.7 MB
[runlim] sample:		202.0 time, 210.8 real, 144.4 MB
[runlim] sample:		211.6 time, 220.8 real, 146.4 MB
[runlim] sample:		221.3 time, 230.8 real, 155.9 MB
[runlim] sample:		230.9 time, 240.8 real, 156.2 MB
[runlim] sample:		240.9 time, 250.8 real, 156.5 MB
[runlim] sample:		250.8 time, 260.8 real, 156.8 MB
[runlim] sample:		260.5 time, 270.8 real, 158.3 MB
[runlim] sample:		268.9 time, 280.8 real, 160.6 MB
[runlim] sample:		276.9 time, 290.8 real, 161.7 MB
[runlim] sample:		286.3 time, 300.8 real, 164.7 MB
[runlim] sample:		296.0 time, 310.8 real, 167.1 MB
[runlim] end:			Thu Feb 14 00:49:56 2019
[runlim] status:		signal(9)
[runlim] result:		11
[runlim] children:		0
[runlim] real:			312.53 seconds
[runlim] time:			297.68 seconds
[runlim] space:			167.3 MB
[runlim] samples:		3117
