[runlim] version:		1.10fixed
[runlim] time limit:		300 seconds
[runlim] real time limit:	311040000 seconds
[runlim] space limit:		4000 MB
[runlim] argv[0]:		./cvc4
[runlim] argv[1]:		--nl-ext-tplanes
[runlim] argv[2]:		--full-saturate-quant
[runlim] argv[3]:		--no-e-matching
[runlim] argv[4]:		/tmp/DqZHJvzG.smt2
[runlim] start:			Thu Feb 14 00:45:34 2019
[runlim] main pid:		29742
[runlim] sample:		9.2 time, 10.5 real, 51.7 MB
[runlim] sample:		17.6 time, 20.5 real, 60.2 MB
[runlim] sample:		25.6 time, 30.5 real, 67.4 MB
[runlim] sample:		33.9 time, 40.5 real, 72.3 MB
[runlim] sample:		42.4 time, 50.5 real, 79.8 MB
[runlim] sample:		51.1 time, 60.5 real, 84.2 MB
[runlim] sample:		59.7 time, 70.5 real, 88.6 MB
[runlim] sample:		69.7 time, 80.5 real, 95.0 MB
[runlim] sample:		79.7 time, 90.5 real, 97.3 MB
[runlim] sample:		89.7 time, 100.5 real, 105.1 MB
[runlim] sample:		99.7 time, 110.5 real, 109.4 MB
[runlim] sample:		109.7 time, 120.5 real, 113.8 MB
[runlim] sample:		119.7 time, 130.5 real, 117.4 MB
[runlim] sample:		129.7 time, 140.5 real, 120.8 MB
[runlim] sample:		139.7 time, 150.5 real, 123.3 MB
[runlim] sample:		149.5 time, 160.5 real, 125.9 MB
[runlim] sample:		159.5 time, 170.5 real, 130.3 MB
[runlim] sample:		169.5 time, 180.5 real, 132.1 MB
[runlim] sample:		179.5 time, 190.5 real, 135.2 MB
[runlim] sample:		189.4 time, 200.5 real, 137.3 MB
[runlim] sample:		199.4 time, 210.5 real, 138.8 MB
[runlim] sample:		209.4 time, 220.5 real, 149.4 MB
[runlim] sample:		218.8 time, 230.5 real, 150.4 MB
[runlim] sample:		228.8 time, 240.5 real, 152.0 MB
[runlim] sample:		238.8 time, 250.5 real, 156.3 MB
[runlim] sample:		248.6 time, 260.5 real, 156.6 MB
[runlim] sample:		257.9 time, 270.5 real, 157.9 MB
[runlim] sample:		267.4 time, 280.5 real, 160.2 MB
[runlim] sample:		276.0 time, 290.5 real, 162.5 MB
[runlim] sample:		286.0 time, 300.5 real, 164.6 MB
[runlim] sample:		296.0 time, 310.5 real, 166.9 MB
CVC4 interrupted by SIGTERM.
[runlim] end:			Thu Feb 14 00:50:48 2019
[runlim] status:		out of time
[runlim] result:		2
[runlim] children:		0
[runlim] real:			314.55 seconds
[runlim] time:			300.03 seconds
[runlim] space:			168.5 MB
[runlim] samples:		3140
