[runlim] version:		1.10fixed
[runlim] time limit:		300 seconds
[runlim] real time limit:	311040000 seconds
[runlim] space limit:		4000 MB
[runlim] argv[0]:		./cvc4
[runlim] argv[1]:		--nl-ext-tplanes
[runlim] argv[2]:		--full-saturate-quant
[runlim] argv[3]:		--no-e-matching
[runlim] argv[4]:		/tmp/TkRZpR2S.smt2
[runlim] start:			Thu Feb 14 00:46:20 2019
[runlim] main pid:		12605
[runlim] sample:		9.0 time, 10.5 real, 50.6 MB
[runlim] sample:		18.3 time, 20.5 real, 60.1 MB
[runlim] sample:		27.7 time, 30.5 real, 68.4 MB
[runlim] sample:		37.0 time, 40.5 real, 75.2 MB
[runlim] sample:		46.4 time, 50.5 real, 80.1 MB
[runlim] sample:		55.7 time, 60.5 real, 85.0 MB
[runlim] sample:		65.1 time, 70.5 real, 93.5 MB
[runlim] sample:		74.6 time, 80.5 real, 98.9 MB
[runlim] sample:		84.6 time, 90.5 real, 101.7 MB
[runlim] sample:		94.6 time, 100.5 real, 106.1 MB
[runlim] sample:		104.3 time, 110.5 real, 111.5 MB
[runlim] sample:		113.5 time, 120.5 real, 115.9 MB
[runlim] sample:		123.2 time, 130.5 real, 119.0 MB
[runlim] sample:		132.9 time, 140.5 real, 122.3 MB
[runlim] sample:		142.9 time, 150.5 real, 126.6 MB
[runlim] sample:		152.9 time, 160.5 real, 131.3 MB
[runlim] sample:		162.9 time, 170.5 real, 135.1 MB
[runlim] sample:		172.8 time, 180.5 real, 137.7 MB
[runlim] sample:		180.6 time, 190.5 real, 138.7 MB
[runlim] sample:		189.9 time, 200.5 real, 139.8 MB
[runlim] sample:		199.9 time, 210.5 real, 141.7 MB
[runlim] sample:		209.9 time, 220.5 real, 144.8 MB
[runlim] sample:		219.9 time, 230.5 real, 147.6 MB
[runlim] sample:		229.4 time, 240.5 real, 149.7 MB
[runlim] sample:		237.5 time, 250.5 real, 151.2 MB
[runlim] sample:		247.5 time, 260.5 real, 154.4 MB
[runlim] sample:		256.6 time, 270.5 real, 157.5 MB
[runlim] sample:		265.6 time, 280.5 real, 161.8 MB
[runlim] sample:		275.6 time, 290.5 real, 162.9 MB
[runlim] sample:		284.6 time, 300.5 real, 162.9 MB
[runlim] sample:		294.2 time, 310.5 real, 164.2 MB
[runlim] end:			Thu Feb 14 00:51:32 2019
[runlim] status:		signal(9)
[runlim] result:		11
[runlim] children:		0
[runlim] real:			312.03 seconds
[runlim] time:			295.67 seconds
[runlim] space:			164.4 MB
[runlim] samples:		3115
