[runlim] version:		1.10fixed
[runlim] time limit:		300 seconds
[runlim] real time limit:	311040000 seconds
[runlim] space limit:		4000 MB
[runlim] argv[0]:		./cvc4
[runlim] argv[1]:		--nl-ext-tplanes
[runlim] argv[2]:		--full-saturate-quant
[runlim] argv[3]:		--no-e-matching
[runlim] argv[4]:		/tmp/92FwkCEN.smt2
[runlim] start:			Thu Feb 14 00:45:05 2019
[runlim] main pid:		3057
[runlim] sample:		8.8 time, 10.3 real, 51.0 MB
[runlim] sample:		18.8 time, 20.3 real, 62.1 MB
[runlim] sample:		28.8 time, 30.3 real, 70.7 MB
[runlim] sample:		38.0 time, 40.3 real, 76.0 MB
[runlim] sample:		47.6 time, 50.3 real, 82.7 MB
[runlim] sample:		57.3 time, 60.3 real, 88.4 MB
[runlim] sample:		67.0 time, 70.3 real, 97.4 MB
[runlim] sample:		76.8 time, 80.3 real, 100.5 MB
[runlim] sample:		86.8 time, 90.3 real, 103.8 MB
[runlim] sample:		96.4 time, 100.3 real, 108.3 MB
[runlim] sample:		106.3 time, 110.3 real, 113.9 MB
[runlim] sample:		116.3 time, 120.3 real, 118.8 MB
[runlim] sample:		126.3 time, 130.3 real, 122.2 MB
[runlim] sample:		136.3 time, 140.3 real, 125.1 MB
[runlim] sample:		146.3 time, 150.3 real, 128.5 MB
[runlim] sample:		156.3 time, 160.3 real, 130.8 MB
[runlim] sample:		166.3 time, 170.3 real, 139.3 MB
[runlim] sample:		176.3 time, 180.3 real, 141.4 MB
[runlim] sample:		186.3 time, 190.3 real, 143.2 MB
[runlim] sample:		196.3 time, 200.3 real, 144.8 MB
[runlim] sample:		206.3 time, 210.3 real, 145.3 MB
[runlim] sample:		216.3 time, 220.3 real, 147.9 MB
[runlim] sample:		226.3 time, 230.3 real, 151.0 MB
[runlim] sample:		236.3 time, 240.3 real, 154.0 MB
[runlim] sample:		246.3 time, 250.3 real, 154.6 MB
[runlim] sample:		256.3 time, 260.3 real, 157.7 MB
[runlim] sample:		266.3 time, 270.3 real, 159.9 MB
[runlim] sample:		276.3 time, 280.3 real, 161.7 MB
[runlim] sample:		286.3 time, 290.3 real, 165.3 MB
[runlim] sample:		296.3 time, 300.3 real, 166.3 MB
CVC4 interrupted by SIGTERM.
[runlim] end:			Thu Feb 14 00:50:09 2019
[runlim] status:		out of time
[runlim] result:		2
[runlim] children:		0
[runlim] real:			304.03 seconds
[runlim] time:			300.01 seconds
[runlim] space:			166.3 MB
[runlim] samples:		3037
