[runlim] version:		1.10fixed
[runlim] time limit:		300 seconds
[runlim] real time limit:	311040000 seconds
[runlim] space limit:		4000 MB
[runlim] argv[0]:		./cvc4
[runlim] argv[1]:		--nl-ext-tplanes
[runlim] argv[2]:		--full-saturate-quant
[runlim] argv[3]:		--no-e-matching
[runlim] argv[4]:		/tmp/pTL8cF71.smt2
[runlim] start:			Thu Feb 14 00:46:15 2019
[runlim] main pid:		5505
[runlim] sample:		8.4 time, 10.4 real, 49.7 MB
[runlim] sample:		16.4 time, 20.4 real, 61.1 MB
[runlim] sample:		25.3 time, 30.4 real, 71.0 MB
[runlim] sample:		34.9 time, 40.4 real, 75.9 MB
[runlim] sample:		44.9 time, 50.4 real, 82.6 MB
[runlim] sample:		54.9 time, 60.4 real, 88.4 MB
[runlim] sample:		64.9 time, 70.4 real, 96.2 MB
[runlim] sample:		74.9 time, 80.4 real, 99.0 MB
[runlim] sample:		84.9 time, 90.4 real, 106.1 MB
[runlim] sample:		94.8 time, 100.4 real, 109.4 MB
[runlim] sample:		104.9 time, 110.4 real, 114.1 MB
[runlim] sample:		114.9 time, 120.4 real, 118.7 MB
[runlim] sample:		124.8 time, 130.4 real, 123.1 MB
[runlim] sample:		134.8 time, 140.4 real, 127.2 MB
[runlim] sample:		144.8 time, 150.4 real, 131.4 MB
[runlim] sample:		154.8 time, 160.4 real, 134.8 MB
[runlim] sample:		164.8 time, 170.4 real, 136.1 MB
[runlim] sample:		174.4 time, 180.4 real, 145.4 MB
[runlim] sample:		184.1 time, 190.4 real, 147.0 MB
[runlim] sample:		194.1 time, 200.4 real, 149.6 MB
[runlim] sample:		204.1 time, 210.4 real, 153.5 MB
[runlim] sample:		213.8 time, 220.4 real, 156.8 MB
[runlim] sample:		223.3 time, 230.4 real, 157.1 MB
[runlim] sample:		232.9 time, 240.4 real, 157.3 MB
[runlim] sample:		242.6 time, 250.4 real, 157.8 MB
[runlim] sample:		252.1 time, 260.4 real, 160.7 MB
[runlim] sample:		261.0 time, 270.4 real, 161.4 MB
[runlim] sample:		271.0 time, 280.4 real, 163.8 MB
[runlim] sample:		280.7 time, 290.4 real, 167.1 MB
[runlim] sample:		289.9 time, 300.4 real, 172.5 MB
[runlim] sample:		299.9 time, 310.4 real, 172.8 MB
CVC4 interrupted by SIGTERM.
[runlim] end:			Thu Feb 14 00:51:25 2019
[runlim] status:		out of time
[runlim] result:		2
[runlim] children:		0
[runlim] real:			310.49 seconds
[runlim] time:			300.02 seconds
[runlim] space:			172.8 MB
[runlim] samples:		3101
