[runlim] version:		1.10fixed
[runlim] time limit:		300 seconds
[runlim] real time limit:	311040000 seconds
[runlim] space limit:		4000 MB
[runlim] argv[0]:		./cvc4
[runlim] argv[1]:		--nl-ext-tplanes
[runlim] argv[2]:		--full-saturate-quant
[runlim] argv[3]:		--no-e-matching
[runlim] argv[4]:		/tmp/Ff5NzQ9J.smt2
[runlim] start:			Thu Feb 14 00:46:18 2019
[runlim] main pid:		1440
[runlim] sample:		8.8 time, 10.9 real, 44.8 MB
[runlim] sample:		17.4 time, 20.9 real, 57.7 MB
[runlim] sample:		27.1 time, 30.9 real, 63.3 MB
[runlim] sample:		35.7 time, 40.9 real, 63.8 MB
[runlim] sample:		44.5 time, 50.9 real, 63.8 MB
[runlim] sample:		54.2 time, 60.9 real, 63.8 MB
[runlim] sample:		63.9 time, 70.9 real, 63.8 MB
[runlim] sample:		73.9 time, 80.9 real, 63.8 MB
[runlim] sample:		82.7 time, 90.9 real, 63.8 MB
[runlim] sample:		92.7 time, 100.9 real, 63.8 MB
[runlim] sample:		102.2 time, 110.9 real, 63.8 MB
[runlim] sample:		111.9 time, 120.9 real, 63.8 MB
[runlim] sample:		121.9 time, 130.9 real, 63.8 MB
[runlim] sample:		130.3 time, 140.9 real, 63.8 MB
[runlim] sample:		140.3 time, 150.9 real, 63.8 MB
[runlim] sample:		148.7 time, 160.9 real, 63.8 MB
[runlim] sample:		158.7 time, 170.9 real, 63.8 MB
[runlim] sample:		168.7 time, 180.9 real, 63.8 MB
[runlim] sample:		177.9 time, 190.9 real, 63.8 MB
[runlim] sample:		187.8 time, 200.9 real, 63.8 MB
[runlim] sample:		197.5 time, 210.9 real, 63.8 MB
[runlim] sample:		207.5 time, 220.9 real, 63.8 MB
[runlim] sample:		217.5 time, 230.9 real, 63.8 MB
[runlim] sample:		227.5 time, 240.9 real, 63.8 MB
[runlim] sample:		237.5 time, 250.9 real, 63.8 MB
[runlim] sample:		247.5 time, 260.9 real, 63.8 MB
[runlim] sample:		257.5 time, 270.9 real, 63.8 MB
[runlim] sample:		267.5 time, 280.9 real, 63.8 MB
[runlim] sample:		277.5 time, 290.9 real, 63.8 MB
[runlim] sample:		287.5 time, 300.9 real, 63.8 MB
[runlim] sample:		297.5 time, 310.9 real, 63.8 MB
[runlim] end:			Thu Feb 14 00:51:28 2019
[runlim] status:		signal(9)
[runlim] result:		11
[runlim] children:		0
[runlim] real:			310.91 seconds
[runlim] time:			297.49 seconds
[runlim] space:			63.8 MB
[runlim] samples:		3100
