[runlim] version:		1.10fixed
[runlim] time limit:		300 seconds
[runlim] real time limit:	311040000 seconds
[runlim] space limit:		4000 MB
[runlim] argv[0]:		./cvc4
[runlim] argv[1]:		--nl-ext-tplanes
[runlim] argv[2]:		--full-saturate-quant
[runlim] argv[3]:		--no-e-matching
[runlim] argv[4]:		/tmp/Y5RUkrd5.smt2
[runlim] start:			Thu Feb 14 00:44:26 2019
[runlim] main pid:		24118
[runlim] sample:		9.7 time, 10.3 real, 52.5 MB
[runlim] sample:		19.7 time, 20.3 real, 64.5 MB
[runlim] sample:		29.7 time, 30.3 real, 64.8 MB
[runlim] sample:		39.7 time, 40.3 real, 64.8 MB
[runlim] sample:		49.1 time, 50.3 real, 64.8 MB
[runlim] sample:		58.4 time, 60.3 real, 64.8 MB
[runlim] sample:		67.9 time, 70.3 real, 64.8 MB
[runlim] sample:		77.4 time, 80.3 real, 64.8 MB
[runlim] sample:		87.4 time, 90.3 real, 64.8 MB
[runlim] sample:		96.4 time, 100.3 real, 64.8 MB
[runlim] sample:		105.5 time, 110.3 real, 64.8 MB
[runlim] sample:		114.2 time, 120.3 real, 64.8 MB
[runlim] sample:		122.8 time, 130.3 real, 65.0 MB
[runlim] sample:		131.5 time, 140.3 real, 65.0 MB
[runlim] sample:		139.9 time, 150.3 real, 65.3 MB
[runlim] sample:		147.9 time, 160.3 real, 65.3 MB
[runlim] sample:		156.4 time, 170.3 real, 65.3 MB
[runlim] sample:		165.0 time, 180.3 real, 65.6 MB
[runlim] sample:		175.0 time, 190.3 real, 65.6 MB
[runlim] sample:		184.3 time, 200.3 real, 65.8 MB
[runlim] sample:		194.3 time, 210.3 real, 65.8 MB
[runlim] sample:		202.9 time, 220.3 real, 65.8 MB
[runlim] sample:		211.6 time, 230.3 real, 66.1 MB
[runlim] sample:		221.6 time, 240.3 real, 66.1 MB
[runlim] sample:		231.1 time, 250.3 real, 66.1 MB
[runlim] sample:		240.1 time, 260.3 real, 66.3 MB
[runlim] sample:		250.1 time, 270.3 real, 66.3 MB
[runlim] sample:		259.0 time, 280.3 real, 66.6 MB
[runlim] sample:		267.7 time, 290.3 real, 66.6 MB
[runlim] sample:		275.6 time, 300.3 real, 66.6 MB
[runlim] sample:		284.3 time, 310.3 real, 66.9 MB
[runlim] sample:		293.5 time, 320.3 real, 66.9 MB
CVC4 interrupted by SIGTERM.
[runlim] end:			Thu Feb 14 00:49:53 2019
[runlim] status:		out of time
[runlim] result:		2
[runlim] children:		0
[runlim] real:			327.40 seconds
[runlim] time:			300.01 seconds
[runlim] space:			66.9 MB
[runlim] samples:		3271
