[runlim] version:		1.10fixed
[runlim] time limit:		300 seconds
[runlim] real time limit:	311040000 seconds
[runlim] space limit:		4000 MB
[runlim] argv[0]:		./cvc4
[runlim] argv[1]:		--nl-ext-tplanes
[runlim] argv[2]:		--full-saturate-quant
[runlim] argv[3]:		--no-e-matching
[runlim] argv[4]:		/tmp/0busXMrQ.smt2
[runlim] start:			Thu Feb 14 00:44:15 2019
[runlim] main pid:		11769
[runlim] sample:		8.0 time, 10.5 real, 49.5 MB
[runlim] sample:		17.2 time, 20.5 real, 60.0 MB
[runlim] sample:		25.3 time, 30.5 real, 68.0 MB
[runlim] sample:		32.5 time, 40.5 real, 72.5 MB
[runlim] sample:		39.8 time, 50.5 real, 77.7 MB
[runlim] sample:		48.8 time, 60.5 real, 82.6 MB
[runlim] sample:		58.8 time, 70.5 real, 88.7 MB
[runlim] sample:		68.3 time, 80.5 real, 95.9 MB
[runlim] sample:		77.3 time, 90.5 real, 99.5 MB
[runlim] sample:		85.3 time, 100.5 real, 101.3 MB
[runlim] sample:		94.4 time, 110.5 real, 106.2 MB
[runlim] sample:		102.5 time, 120.5 real, 109.8 MB
[runlim] sample:		110.2 time, 130.5 real, 113.9 MB
[runlim] sample:		119.7 time, 140.5 real, 117.0 MB
[runlim] sample:		127.4 time, 150.5 real, 121.4 MB
[runlim] sample:		137.4 time, 160.5 real, 125.0 MB
[runlim] sample:		147.4 time, 170.5 real, 128.3 MB
[runlim] sample:		157.4 time, 180.5 real, 132.7 MB
[runlim] sample:		167.2 time, 190.5 real, 134.2 MB
[runlim] sample:		176.9 time, 200.5 real, 135.0 MB
[runlim] sample:		186.9 time, 210.5 real, 138.8 MB
[runlim] sample:		196.9 time, 220.5 real, 141.9 MB
[runlim] sample:		206.9 time, 230.5 real, 144.7 MB
[runlim] sample:		216.9 time, 240.5 real, 146.8 MB
[runlim] sample:		226.9 time, 250.5 real, 148.3 MB
[runlim] sample:		235.7 time, 260.5 real, 149.1 MB
[runlim] sample:		245.0 time, 270.5 real, 150.4 MB
[runlim] sample:		254.3 time, 280.5 real, 152.7 MB
[runlim] sample:		263.7 time, 290.5 real, 160.4 MB
[runlim] sample:		273.0 time, 300.5 real, 162.0 MB
[runlim] sample:		282.3 time, 310.5 real, 166.1 MB
[runlim] end:			Thu Feb 14 00:49:34 2019
[runlim] status:		signal(9)
[runlim] result:		11
[runlim] children:		0
[runlim] real:			319.93 seconds
[runlim] time:			290.99 seconds
[runlim] space:			167.4 MB
[runlim] samples:		3193
