[runlim] version:		1.10fixed
[runlim] time limit:		1800 seconds
[runlim] real time limit:	311040000 seconds
[runlim] space limit:		4000 MB
[runlim] argv[0]:		./cvc4
[runlim] argv[1]:		--nl-ext-tplanes
[runlim] argv[2]:		--full-saturate-quant
[runlim] argv[3]:		--no-e-matching
[runlim] argv[4]:		/tmp/ZnESBDPC.smt2
[runlim] start:			Sat Feb  9 17:22:42 2019
[runlim] main pid:		19896
[runlim] sample:		10.0 time, 10.2 real, 53.8 MB
[runlim] sample:		20.0 time, 20.2 real, 70.7 MB
[runlim] sample:		30.0 time, 30.2 real, 81.4 MB
[runlim] sample:		40.0 time, 40.2 real, 88.4 MB
[runlim] sample:		50.0 time, 50.2 real, 94.0 MB
[runlim] sample:		60.0 time, 60.2 real, 99.1 MB
[runlim] sample:		70.0 time, 70.2 real, 104.3 MB
[runlim] sample:		80.0 time, 80.2 real, 108.1 MB
[runlim] sample:		90.0 time, 90.2 real, 111.5 MB
[runlim] sample:		100.0 time, 100.2 real, 114.1 MB
[runlim] sample:		110.0 time, 110.2 real, 116.4 MB
[runlim] sample:		120.0 time, 120.2 real, 119.2 MB
[runlim] sample:		130.0 time, 130.2 real, 122.3 MB
[runlim] sample:		140.0 time, 140.2 real, 127.7 MB
[runlim] sample:		150.0 time, 150.2 real, 130.8 MB
[runlim] sample:		160.0 time, 160.2 real, 135.0 MB
[runlim] sample:		170.0 time, 170.2 real, 137.8 MB
[runlim] sample:		180.0 time, 180.2 real, 140.9 MB
[runlim] sample:		189.9 time, 190.2 real, 142.7 MB
[runlim] sample:		199.4 time, 200.2 real, 144.2 MB
[runlim] sample:		208.7 time, 210.2 real, 146.9 MB
[runlim] sample:		217.8 time, 220.2 real, 148.3 MB
[runlim] sample:		226.2 time, 230.2 real, 150.9 MB
[runlim] sample:		234.5 time, 240.2 real, 153.5 MB
[runlim] sample:		243.5 time, 250.2 real, 154.7 MB
[runlim] sample:		252.0 time, 260.2 real, 156.8 MB
[runlim] sample:		259.4 time, 270.2 real, 158.3 MB
[runlim] sample:		269.2 time, 280.2 real, 163.7 MB
[runlim] sample:		278.3 time, 290.2 real, 165.8 MB
[runlim] sample:		287.6 time, 300.2 real, 168.1 MB
[runlim] sample:		296.9 time, 310.2 real, 170.9 MB
[runlim] sample:		306.2 time, 320.2 real, 171.9 MB
[runlim] sample:		315.6 time, 330.2 real, 174.0 MB
[runlim] sample:		325.1 time, 340.2 real, 175.0 MB
[runlim] sample:		334.8 time, 350.2 real, 177.4 MB
[runlim] sample:		344.4 time, 360.2 real, 179.4 MB
[runlim] sample:		353.8 time, 370.2 real, 183.1 MB
[runlim] sample:		363.4 time, 380.2 real, 184.1 MB
[runlim] sample:		372.4 time, 390.2 real, 185.9 MB
[runlim] sample:		380.5 time, 400.2 real, 186.2 MB
[runlim] sample:		388.9 time, 410.2 real, 189.8 MB
[runlim] sample:		397.6 time, 420.2 real, 191.1 MB
[runlim] sample:		406.6 time, 430.2 real, 192.6 MB
[runlim] sample:		416.1 time, 440.2 real, 193.9 MB
[runlim] sample:		425.8 time, 450.2 real, 194.9 MB
[runlim] sample:		435.8 time, 460.2 real, 195.4 MB
[runlim] sample:		445.8 time, 470.2 real, 199.6 MB
[runlim] sample:		455.8 time, 480.2 real, 200.8 MB
[runlim] sample:		465.8 time, 490.2 real, 202.7 MB
[runlim] sample:		475.2 time, 500.2 real, 206.8 MB
[runlim] sample:		484.9 time, 510.2 real, 206.8 MB
[runlim] sample:		494.9 time, 520.2 real, 211.9 MB
[runlim] sample:		504.9 time, 530.2 real, 241.4 MB
[runlim] sample:		514.9 time, 540.2 real, 241.9 MB
[runlim] sample:		524.9 time, 550.2 real, 242.5 MB
[runlim] sample:		534.9 time, 560.2 real, 242.7 MB
[runlim] sample:		544.9 time, 570.2 real, 242.7 MB
[runlim] sample:		554.7 time, 580.2 real, 243.2 MB
[runlim] sample:		564.7 time, 590.2 real, 243.2 MB
[runlim] sample:		574.5 time, 600.2 real, 243.5 MB
[runlim] sample:		584.0 time, 610.2 real, 244.5 MB
[runlim] sample:		593.8 time, 620.2 real, 245.5 MB
[runlim] sample:		603.2 time, 630.2 real, 245.8 MB
[runlim] sample:		612.6 time, 640.2 real, 245.8 MB
[runlim] sample:		622.3 time, 650.2 real, 246.0 MB
[runlim] sample:		632.0 time, 660.2 real, 246.0 MB
[runlim] sample:		641.5 time, 670.2 real, 248.1 MB
[runlim] sample:		651.0 time, 680.2 real, 250.7 MB
[runlim] sample:		660.6 time, 690.2 real, 252.7 MB
[runlim] sample:		670.0 time, 700.2 real, 258.1 MB
[runlim] sample:		679.3 time, 710.2 real, 258.1 MB
[runlim] sample:		688.6 time, 720.2 real, 261.2 MB
[runlim] sample:		698.4 time, 730.2 real, 262.2 MB
[runlim] sample:		708.4 time, 740.2 real, 262.2 MB
[runlim] sample:		718.2 time, 750.2 real, 262.5 MB
[runlim] sample:		727.9 time, 760.2 real, 296.8 MB
[runlim] sample:		737.9 time, 770.2 real, 303.5 MB
[runlim] sample:		747.9 time, 780.2 real, 303.5 MB
[runlim] sample:		757.9 time, 790.2 real, 303.8 MB
[runlim] sample:		767.8 time, 800.2 real, 304.5 MB
[runlim] sample:		777.5 time, 810.2 real, 304.8 MB
[runlim] sample:		787.1 time, 820.2 real, 304.8 MB
[runlim] sample:		796.8 time, 830.2 real, 304.8 MB
[runlim] sample:		806.3 time, 840.2 real, 305.0 MB
[runlim] sample:		815.6 time, 850.2 real, 305.0 MB
[runlim] sample:		824.9 time, 860.2 real, 305.3 MB
[runlim] sample:		834.2 time, 870.2 real, 305.8 MB
[runlim] sample:		843.5 time, 880.2 real, 306.0 MB
[runlim] sample:		852.8 time, 890.2 real, 306.0 MB
[runlim] sample:		862.2 time, 900.2 real, 306.8 MB
[runlim] sample:		871.5 time, 910.2 real, 306.8 MB
[runlim] sample:		880.8 time, 920.2 real, 307.8 MB
[runlim] sample:		890.1 time, 930.2 real, 307.8 MB
[runlim] sample:		899.4 time, 940.2 real, 307.8 MB
[runlim] sample:		908.8 time, 950.2 real, 308.1 MB
[runlim] sample:		918.2 time, 960.2 real, 308.1 MB
[runlim] sample:		927.7 time, 970.2 real, 308.3 MB
[runlim] sample:		937.2 time, 980.2 real, 308.3 MB
[runlim] sample:		946.6 time, 990.2 real, 308.3 MB
[runlim] sample:		956.3 time, 1000.2 real, 308.6 MB
[runlim] sample:		966.0 time, 1010.2 real, 308.6 MB
[runlim] sample:		975.6 time, 1020.2 real, 308.6 MB
[runlim] sample:		985.3 time, 1030.2 real, 339.5 MB
[runlim] sample:		995.0 time, 1040.2 real, 344.1 MB
[runlim] sample:		1004.3 time, 1050.2 real, 344.1 MB
[runlim] sample:		1014.0 time, 1060.2 real, 344.4 MB
[runlim] sample:		1024.0 time, 1070.2 real, 344.4 MB
[runlim] sample:		1034.0 time, 1080.2 real, 344.7 MB
[runlim] sample:		1044.0 time, 1090.2 real, 344.7 MB
[runlim] sample:		1054.0 time, 1100.2 real, 344.7 MB
[runlim] sample:		1064.0 time, 1110.2 real, 344.9 MB
[runlim] sample:		1074.0 time, 1120.2 real, 344.9 MB
[runlim] sample:		1083.7 time, 1130.2 real, 344.9 MB
[runlim] sample:		1093.4 time, 1140.2 real, 345.2 MB
[runlim] sample:		1102.9 time, 1150.2 real, 345.2 MB
[runlim] sample:		1112.2 time, 1160.2 real, 345.2 MB
[runlim] sample:		1121.5 time, 1170.2 real, 345.4 MB
[runlim] sample:		1130.9 time, 1180.2 real, 345.4 MB
[runlim] sample:		1140.2 time, 1190.2 real, 345.4 MB
[runlim] sample:		1149.6 time, 1200.2 real, 345.7 MB
[runlim] sample:		1159.3 time, 1210.2 real, 346.1 MB
[runlim] sample:		1169.3 time, 1220.2 real, 346.1 MB
[runlim] sample:		1179.3 time, 1230.2 real, 346.3 MB
[runlim] sample:		1189.2 time, 1240.2 real, 346.3 MB
[runlim] sample:		1199.2 time, 1250.2 real, 346.3 MB
[runlim] sample:		1209.2 time, 1260.2 real, 348.4 MB
[runlim] sample:		1218.7 time, 1270.2 real, 348.4 MB
[runlim] sample:		1228.1 time, 1280.2 real, 348.7 MB
[runlim] sample:		1237.7 time, 1290.2 real, 348.7 MB
[runlim] sample:		1247.2 time, 1300.2 real, 348.7 MB
[runlim] sample:		1256.5 time, 1310.2 real, 349.0 MB
[runlim] sample:		1266.1 time, 1320.2 real, 349.7 MB
[runlim] sample:		1276.1 time, 1330.2 real, 349.7 MB
[runlim] sample:		1286.1 time, 1340.2 real, 349.7 MB
[runlim] sample:		1296.1 time, 1350.2 real, 350.0 MB
[runlim] sample:		1306.1 time, 1360.2 real, 350.0 MB
[runlim] sample:		1315.5 time, 1370.2 real, 350.2 MB
[runlim] sample:		1324.8 time, 1380.2 real, 350.2 MB
[runlim] sample:		1334.2 time, 1390.2 real, 354.6 MB
[runlim] sample:		1343.6 time, 1400.2 real, 354.6 MB
[runlim] sample:		1353.3 time, 1410.2 real, 355.1 MB
[runlim] sample:		1363.3 time, 1420.2 real, 355.1 MB
[runlim] sample:		1373.3 time, 1430.2 real, 355.4 MB
[runlim] sample:		1383.3 time, 1440.2 real, 355.4 MB
[runlim] sample:		1393.0 time, 1450.2 real, 355.4 MB
[runlim] sample:		1403.0 time, 1460.2 real, 355.6 MB
[runlim] sample:		1413.0 time, 1470.2 real, 355.6 MB
[runlim] sample:		1423.0 time, 1480.2 real, 376.8 MB
[runlim] sample:		1433.0 time, 1490.2 real, 410.8 MB
[runlim] sample:		1442.8 time, 1500.2 real, 412.3 MB
[runlim] sample:		1452.1 time, 1510.2 real, 412.3 MB
[runlim] sample:		1461.5 time, 1520.2 real, 412.3 MB
[runlim] sample:		1470.8 time, 1530.2 real, 412.3 MB
[runlim] sample:		1480.2 time, 1540.2 real, 412.6 MB
[runlim] sample:		1489.5 time, 1550.2 real, 412.6 MB
[runlim] sample:		1498.9 time, 1560.2 real, 412.6 MB
[runlim] sample:		1508.6 time, 1570.2 real, 412.6 MB
[runlim] sample:		1518.3 time, 1580.2 real, 412.8 MB
[runlim] sample:		1528.1 time, 1590.2 real, 412.8 MB
[runlim] sample:		1537.4 time, 1600.2 real, 412.8 MB
[runlim] sample:		1546.8 time, 1610.2 real, 413.1 MB
[runlim] sample:		1556.4 time, 1620.2 real, 413.1 MB
[runlim] sample:		1566.4 time, 1630.2 real, 413.1 MB
[runlim] sample:		1576.3 time, 1640.2 real, 413.1 MB
[runlim] sample:		1585.6 time, 1650.2 real, 413.3 MB
[runlim] sample:		1595.0 time, 1660.2 real, 413.3 MB
[runlim] sample:		1604.3 time, 1670.2 real, 413.3 MB
[runlim] sample:		1613.9 time, 1680.2 real, 413.3 MB
[runlim] sample:		1623.9 time, 1690.2 real, 413.3 MB
[runlim] sample:		1633.3 time, 1700.2 real, 413.6 MB
[runlim] sample:		1642.6 time, 1710.2 real, 413.6 MB
[runlim] sample:		1652.6 time, 1720.2 real, 413.6 MB
[runlim] sample:		1662.0 time, 1730.2 real, 413.6 MB
[runlim] sample:		1671.8 time, 1740.2 real, 413.8 MB
[runlim] sample:		1681.7 time, 1750.2 real, 413.8 MB
[runlim] sample:		1691.4 time, 1760.2 real, 413.5 MB
[runlim] sample:		1701.4 time, 1770.2 real, 413.5 MB
[runlim] sample:		1710.8 time, 1780.2 real, 413.5 MB
[runlim] sample:		1720.1 time, 1790.2 real, 413.5 MB
[runlim] sample:		1729.5 time, 1800.2 real, 413.6 MB
[runlim] sample:		1738.8 time, 1810.2 real, 413.6 MB
[runlim] sample:		1748.1 time, 1820.2 real, 413.6 MB
[runlim] sample:		1757.4 time, 1830.2 real, 413.6 MB
[runlim] sample:		1766.9 time, 1840.2 real, 413.9 MB
[runlim] sample:		1776.9 time, 1850.2 real, 413.9 MB
[runlim] sample:		1786.9 time, 1860.2 real, 413.9 MB
[runlim] sample:		1796.9 time, 1870.2 real, 413.9 MB
CVC4 interrupted by SIGTERM.
[runlim] end:			Sat Feb  9 17:53:55 2019
[runlim] status:		out of time
[runlim] result:		2
[runlim] children:		0
[runlim] real:			1873.37 seconds
[runlim] time:			1800.01 seconds
[runlim] space:			414.7 MB
[runlim] samples:		18731
