[runlim] version:		1.10fixed
[runlim] time limit:		1800 seconds
[runlim] real time limit:	311040000 seconds
[runlim] space limit:		4000 MB
[runlim] argv[0]:		./cvc4
[runlim] argv[1]:		--nl-ext-tplanes
[runlim] argv[2]:		--full-saturate-quant
[runlim] argv[3]:		--no-e-matching
[runlim] argv[4]:		/tmp/1x886aRk.smt2
[runlim] start:			Sat Feb  9 01:22:10 2019
[runlim] main pid:		8064
[runlim] sample:		9.7 time, 10.4 real, 52.8 MB
[runlim] sample:		19.4 time, 20.4 real, 62.5 MB
[runlim] sample:		29.1 time, 30.4 real, 72.4 MB
[runlim] sample:		38.0 time, 40.4 real, 80.6 MB
[runlim] sample:		46.2 time, 50.4 real, 84.5 MB
[runlim] sample:		55.4 time, 60.4 real, 89.4 MB
[runlim] sample:		63.3 time, 70.4 real, 95.0 MB
[runlim] sample:		71.4 time, 80.4 real, 96.6 MB
[runlim] sample:		79.6 time, 90.4 real, 100.7 MB
[runlim] sample:		88.4 time, 100.4 real, 101.2 MB
[runlim] sample:		97.3 time, 110.4 real, 104.0 MB
[runlim] sample:		107.1 time, 120.4 real, 106.6 MB
[runlim] sample:		117.1 time, 130.4 real, 110.2 MB
[runlim] sample:		126.1 time, 140.4 real, 113.8 MB
[runlim] sample:		136.1 time, 150.4 real, 116.7 MB
[runlim] sample:		145.4 time, 160.4 real, 119.0 MB
[runlim] sample:		155.3 time, 170.4 real, 121.8 MB
[runlim] sample:		164.7 time, 180.4 real, 124.5 MB
[runlim] sample:		174.4 time, 190.4 real, 127.1 MB
[runlim] sample:		183.1 time, 200.4 real, 129.6 MB
[runlim] sample:		191.8 time, 210.4 real, 131.4 MB
[runlim] sample:		200.7 time, 220.4 real, 134.7 MB
[runlim] sample:		209.1 time, 230.4 real, 137.0 MB
[runlim] sample:		217.8 time, 240.4 real, 139.1 MB
[runlim] sample:		227.4 time, 250.4 real, 141.4 MB
[runlim] sample:		236.8 time, 260.4 real, 146.6 MB
[runlim] sample:		246.5 time, 270.4 real, 147.6 MB
[runlim] sample:		256.1 time, 280.4 real, 150.2 MB
[runlim] sample:		265.8 time, 290.4 real, 151.7 MB
[runlim] sample:		275.5 time, 300.4 real, 152.7 MB
[runlim] sample:		285.2 time, 310.4 real, 153.8 MB
[runlim] sample:		294.9 time, 320.4 real, 155.0 MB
[runlim] sample:		304.5 time, 330.4 real, 155.9 MB
[runlim] sample:		314.2 time, 340.4 real, 157.7 MB
[runlim] sample:		323.9 time, 350.4 real, 160.8 MB
[runlim] sample:		333.6 time, 360.4 real, 162.1 MB
[runlim] sample:		343.2 time, 370.4 real, 163.9 MB
[runlim] sample:		352.9 time, 380.4 real, 167.4 MB
[runlim] sample:		362.5 time, 390.4 real, 168.7 MB
[runlim] sample:		372.2 time, 400.4 real, 170.5 MB
[runlim] sample:		381.8 time, 410.4 real, 173.0 MB
[runlim] sample:		391.5 time, 420.4 real, 175.3 MB
[runlim] sample:		401.1 time, 430.4 real, 178.2 MB
[runlim] sample:		410.8 time, 440.4 real, 178.4 MB
[runlim] sample:		420.6 time, 450.4 real, 180.5 MB
[runlim] sample:		430.6 time, 460.4 real, 182.8 MB
[runlim] sample:		440.6 time, 470.4 real, 183.6 MB
[runlim] sample:		450.5 time, 480.4 real, 186.9 MB
[runlim] sample:		460.5 time, 490.4 real, 190.0 MB
[runlim] sample:		470.5 time, 500.4 real, 192.3 MB
[runlim] sample:		480.5 time, 510.4 real, 193.1 MB
[runlim] sample:		490.5 time, 520.4 real, 195.4 MB
[runlim] sample:		500.5 time, 530.4 real, 196.4 MB
[runlim] sample:		510.5 time, 540.4 real, 197.7 MB
[runlim] sample:		520.5 time, 550.4 real, 200.3 MB
[runlim] sample:		530.5 time, 560.4 real, 202.1 MB
[runlim] sample:		540.5 time, 570.4 real, 203.7 MB
[runlim] sample:		550.5 time, 580.4 real, 205.5 MB
[runlim] sample:		560.5 time, 590.4 real, 207.8 MB
[runlim] sample:		570.5 time, 600.4 real, 209.6 MB
[runlim] sample:		580.5 time, 610.4 real, 211.1 MB
[runlim] sample:		590.5 time, 620.4 real, 212.4 MB
[runlim] sample:		600.5 time, 630.4 real, 213.7 MB
[runlim] sample:		610.5 time, 640.4 real, 215.2 MB
[runlim] sample:		620.5 time, 650.4 real, 217.0 MB
[runlim] sample:		630.5 time, 660.4 real, 218.3 MB
[runlim] sample:		640.5 time, 670.4 real, 218.8 MB
[runlim] sample:		650.5 time, 680.4 real, 221.9 MB
[runlim] sample:		660.5 time, 690.4 real, 222.2 MB
[runlim] sample:		670.5 time, 700.4 real, 222.4 MB
[runlim] sample:		680.5 time, 710.4 real, 223.5 MB
[runlim] sample:		690.5 time, 720.4 real, 226.6 MB
[runlim] sample:		700.5 time, 730.4 real, 226.6 MB
[runlim] sample:		710.5 time, 740.4 real, 228.4 MB
[runlim] sample:		720.5 time, 750.4 real, 230.7 MB
[runlim] sample:		730.5 time, 760.4 real, 231.7 MB
[runlim] sample:		740.5 time, 770.4 real, 232.0 MB
[runlim] sample:		750.5 time, 780.4 real, 233.3 MB
[runlim] sample:		760.5 time, 790.4 real, 235.1 MB
[runlim] sample:		770.5 time, 800.4 real, 236.1 MB
[runlim] sample:		780.5 time, 810.4 real, 238.1 MB
[runlim] sample:		790.5 time, 820.4 real, 238.9 MB
[runlim] sample:		800.5 time, 830.4 real, 240.7 MB
[runlim] sample:		810.5 time, 840.4 real, 241.5 MB
[runlim] sample:		820.5 time, 850.4 real, 242.5 MB
[runlim] sample:		830.5 time, 860.4 real, 245.8 MB
[runlim] sample:		840.5 time, 870.4 real, 246.8 MB
[runlim] sample:		850.5 time, 880.4 real, 247.4 MB
[runlim] sample:		860.5 time, 890.4 real, 247.7 MB
[runlim] sample:		870.5 time, 900.4 real, 248.2 MB
[runlim] sample:		880.5 time, 910.4 real, 248.4 MB
[runlim] sample:		890.5 time, 920.4 real, 248.4 MB
[runlim] sample:		900.5 time, 930.4 real, 248.4 MB
[runlim] sample:		910.5 time, 940.4 real, 248.9 MB
[runlim] sample:		920.5 time, 950.4 real, 248.9 MB
[runlim] sample:		930.5 time, 960.4 real, 258.2 MB
[runlim] sample:		940.5 time, 970.4 real, 258.5 MB
[runlim] sample:		950.5 time, 980.4 real, 258.5 MB
[runlim] sample:		960.5 time, 990.4 real, 258.5 MB
[runlim] sample:		970.5 time, 1000.4 real, 258.7 MB
[runlim] sample:		980.5 time, 1010.4 real, 259.3 MB
[runlim] sample:		990.5 time, 1020.4 real, 259.3 MB
[runlim] sample:		1000.5 time, 1030.4 real, 259.3 MB
[runlim] sample:		1010.5 time, 1040.4 real, 259.8 MB
[runlim] sample:		1020.5 time, 1050.4 real, 261.1 MB
[runlim] sample:		1030.5 time, 1060.4 real, 261.1 MB
[runlim] sample:		1040.5 time, 1070.4 real, 263.4 MB
[runlim] sample:		1050.5 time, 1080.4 real, 266.4 MB
[runlim] sample:		1060.5 time, 1090.4 real, 266.9 MB
[runlim] sample:		1070.5 time, 1100.4 real, 269.8 MB
[runlim] sample:		1080.5 time, 1110.4 real, 270.0 MB
[runlim] sample:		1090.5 time, 1120.4 real, 270.6 MB
[runlim] sample:		1100.5 time, 1130.4 real, 271.8 MB
[runlim] sample:		1110.4 time, 1140.4 real, 273.4 MB
[runlim] sample:		1120.5 time, 1150.4 real, 274.2 MB
[runlim] sample:		1130.5 time, 1160.4 real, 276.2 MB
[runlim] sample:		1140.5 time, 1170.4 real, 276.2 MB
[runlim] sample:		1150.5 time, 1180.4 real, 277.0 MB
[runlim] sample:		1160.4 time, 1190.4 real, 277.8 MB
[runlim] sample:		1170.5 time, 1200.4 real, 279.1 MB
[runlim] sample:		1180.4 time, 1210.4 real, 279.8 MB
[runlim] sample:		1190.4 time, 1220.4 real, 280.3 MB
[runlim] sample:		1200.4 time, 1230.4 real, 281.1 MB
[runlim] sample:		1210.4 time, 1240.4 real, 282.7 MB
[runlim] sample:		1220.4 time, 1250.4 real, 283.4 MB
[runlim] sample:		1230.0 time, 1260.4 real, 283.9 MB
[runlim] sample:		1239.7 time, 1270.4 real, 284.2 MB
[runlim] sample:		1249.2 time, 1280.4 real, 288.1 MB
[runlim] sample:		1257.1 time, 1290.4 real, 288.1 MB
[runlim] sample:		1264.6 time, 1300.4 real, 288.6 MB
[runlim] sample:		1272.5 time, 1310.4 real, 289.6 MB
[runlim] sample:		1281.7 time, 1320.4 real, 289.6 MB
[runlim] sample:		1290.5 time, 1330.4 real, 290.9 MB
[runlim] sample:		1298.6 time, 1340.4 real, 290.9 MB
[runlim] sample:		1307.7 time, 1350.4 real, 292.9 MB
[runlim] sample:		1317.5 time, 1360.4 real, 292.9 MB
[runlim] sample:		1327.2 time, 1370.4 real, 293.2 MB
[runlim] sample:		1337.1 time, 1380.4 real, 293.2 MB
[runlim] sample:		1345.4 time, 1390.4 real, 303.0 MB
[runlim] sample:		1354.8 time, 1400.4 real, 303.0 MB
[runlim] sample:		1364.6 time, 1410.4 real, 303.0 MB
[runlim] sample:		1373.9 time, 1420.4 real, 303.5 MB
[runlim] sample:		1382.8 time, 1430.4 real, 303.5 MB
[runlim] sample:		1392.8 time, 1440.4 real, 303.7 MB
[runlim] sample:		1401.0 time, 1450.4 real, 303.7 MB
[runlim] sample:		1408.8 time, 1460.4 real, 303.7 MB
[runlim] sample:		1417.2 time, 1470.4 real, 303.7 MB
[runlim] sample:		1425.7 time, 1480.4 real, 303.7 MB
[runlim] sample:		1434.6 time, 1490.4 real, 304.0 MB
[runlim] sample:		1444.2 time, 1500.4 real, 304.0 MB
[runlim] sample:		1453.3 time, 1510.4 real, 304.0 MB
[runlim] sample:		1462.7 time, 1520.4 real, 304.5 MB
[runlim] sample:		1472.0 time, 1530.4 real, 305.0 MB
[runlim] sample:		1481.4 time, 1540.4 real, 307.3 MB
[runlim] sample:		1490.7 time, 1550.4 real, 311.6 MB
[runlim] sample:		1500.1 time, 1560.4 real, 312.7 MB
[runlim] sample:		1509.4 time, 1570.4 real, 312.7 MB
[runlim] sample:		1518.8 time, 1580.4 real, 314.5 MB
[runlim] sample:		1528.1 time, 1590.4 real, 315.0 MB
[runlim] sample:		1537.5 time, 1600.4 real, 316.5 MB
[runlim] sample:		1547.2 time, 1610.4 real, 316.8 MB
[runlim] sample:		1557.2 time, 1620.4 real, 317.8 MB
[runlim] sample:		1566.9 time, 1630.4 real, 318.6 MB
[runlim] sample:		1574.6 time, 1640.4 real, 319.9 MB
[runlim] sample:		1583.3 time, 1650.4 real, 320.4 MB
[runlim] sample:		1593.1 time, 1660.4 real, 321.4 MB
[runlim] sample:		1603.1 time, 1670.4 real, 321.7 MB
[runlim] sample:		1613.1 time, 1680.4 real, 322.4 MB
[runlim] sample:		1623.1 time, 1690.4 real, 322.9 MB
[runlim] sample:		1633.1 time, 1700.4 real, 323.2 MB
[runlim] sample:		1643.1 time, 1710.4 real, 324.0 MB
[runlim] sample:		1653.1 time, 1720.4 real, 324.8 MB
[runlim] sample:		1663.0 time, 1730.4 real, 324.8 MB
[runlim] sample:		1673.0 time, 1740.4 real, 325.0 MB
[runlim] sample:		1683.0 time, 1750.4 real, 325.4 MB
[runlim] sample:		1693.0 time, 1760.4 real, 325.4 MB
[runlim] sample:		1703.0 time, 1770.4 real, 325.4 MB
[runlim] sample:		1713.0 time, 1780.4 real, 326.2 MB
[runlim] sample:		1723.0 time, 1790.4 real, 326.2 MB
[runlim] sample:		1733.0 time, 1800.4 real, 326.2 MB
[runlim] sample:		1742.3 time, 1810.4 real, 330.3 MB
[runlim] sample:		1749.6 time, 1820.4 real, 331.8 MB
[runlim] sample:		1757.6 time, 1830.4 real, 331.8 MB
[runlim] sample:		1767.6 time, 1840.4 real, 332.1 MB
[runlim] sample:		1777.6 time, 1850.4 real, 332.1 MB
[runlim] sample:		1787.6 time, 1860.4 real, 332.1 MB
[runlim] sample:		1797.6 time, 1870.4 real, 333.4 MB
CVC4 interrupted by SIGTERM.
[runlim] end:			Sat Feb  9 01:53:22 2019
[runlim] status:		out of time
[runlim] result:		2
[runlim] children:		0
[runlim] real:			1872.90 seconds
[runlim] time:			1800.08 seconds
[runlim] space:			333.6 MB
[runlim] samples:		18725
