[runlim] version:		1.10fixed
[runlim] time limit:		1800 seconds
[runlim] real time limit:	311040000 seconds
[runlim] space limit:		4000 MB
[runlim] argv[0]:		./cvc4
[runlim] argv[1]:		--nl-ext-tplanes
[runlim] argv[2]:		--full-saturate-quant
[runlim] argv[3]:		--no-e-matching
[runlim] argv[4]:		/tmp/TzAuo6A3.smt2
[runlim] start:			Sat Feb  9 17:22:42 2019
[runlim] main pid:		1046
[runlim] sample:		10.0 time, 10.4 real, 55.9 MB
[runlim] sample:		20.0 time, 20.4 real, 64.6 MB
[runlim] sample:		30.0 time, 30.4 real, 69.3 MB
[runlim] sample:		40.0 time, 40.4 real, 71.8 MB
[runlim] sample:		50.0 time, 50.4 real, 76.4 MB
[runlim] sample:		60.0 time, 60.4 real, 80.2 MB
[runlim] sample:		70.0 time, 70.4 real, 83.5 MB
[runlim] sample:		80.0 time, 80.4 real, 87.6 MB
[runlim] sample:		90.0 time, 90.4 real, 90.6 MB
[runlim] sample:		99.9 time, 100.4 real, 92.4 MB
[runlim] sample:		109.8 time, 110.4 real, 95.2 MB
[runlim] sample:		119.4 time, 120.4 real, 96.7 MB
[runlim] sample:		129.2 time, 130.4 real, 99.2 MB
[runlim] sample:		138.9 time, 140.4 real, 100.0 MB
[runlim] sample:		148.5 time, 150.4 real, 101.2 MB
[runlim] sample:		158.0 time, 160.4 real, 103.5 MB
[runlim] sample:		168.0 time, 170.4 real, 107.6 MB
[runlim] sample:		178.0 time, 180.4 real, 109.2 MB
[runlim] sample:		188.0 time, 190.4 real, 111.5 MB
[runlim] sample:		198.0 time, 200.4 real, 113.0 MB
[runlim] sample:		208.0 time, 210.4 real, 114.0 MB
[runlim] sample:		217.8 time, 220.4 real, 118.1 MB
[runlim] sample:		227.5 time, 230.4 real, 118.9 MB
[runlim] sample:		237.5 time, 240.4 real, 121.3 MB
[runlim] sample:		247.5 time, 250.4 real, 123.3 MB
[runlim] sample:		257.5 time, 260.4 real, 124.8 MB
[runlim] sample:		267.5 time, 270.4 real, 125.6 MB
[runlim] sample:		277.1 time, 280.4 real, 126.4 MB
[runlim] sample:		286.5 time, 290.4 real, 127.0 MB
[runlim] sample:		296.2 time, 300.4 real, 128.0 MB
[runlim] sample:		305.9 time, 310.4 real, 128.3 MB
[runlim] sample:		315.6 time, 320.4 real, 129.5 MB
[runlim] sample:		325.6 time, 330.4 real, 130.5 MB
[runlim] sample:		335.6 time, 340.4 real, 130.8 MB
[runlim] sample:		345.6 time, 350.4 real, 131.8 MB
[runlim] sample:		355.6 time, 360.4 real, 132.8 MB
[runlim] sample:		365.6 time, 370.4 real, 133.1 MB
[runlim] sample:		375.6 time, 380.4 real, 134.9 MB
[runlim] sample:		385.6 time, 390.4 real, 136.1 MB
[runlim] sample:		395.3 time, 400.4 real, 136.9 MB
[runlim] sample:		404.8 time, 410.4 real, 139.2 MB
[runlim] sample:		413.8 time, 420.4 real, 139.4 MB
[runlim] sample:		422.7 time, 430.4 real, 140.4 MB
[runlim] sample:		431.7 time, 440.4 real, 141.7 MB
[runlim] sample:		440.7 time, 450.4 real, 142.0 MB
[runlim] sample:		450.0 time, 460.4 real, 143.8 MB
[runlim] sample:		459.7 time, 470.4 real, 144.3 MB
[runlim] sample:		469.1 time, 480.4 real, 144.5 MB
[runlim] sample:		478.3 time, 490.4 real, 145.0 MB
[runlim] sample:		487.9 time, 500.4 real, 145.5 MB
[runlim] sample:		497.6 time, 510.4 real, 146.5 MB
[runlim] sample:		507.2 time, 520.4 real, 147.0 MB
[runlim] sample:		516.9 time, 530.4 real, 147.3 MB
[runlim] sample:		526.6 time, 540.4 real, 148.1 MB
[runlim] sample:		536.2 time, 550.4 real, 148.6 MB
[runlim] sample:		545.9 time, 560.4 real, 148.9 MB
[runlim] sample:		555.6 time, 570.4 real, 149.1 MB
[runlim] sample:		565.2 time, 580.4 real, 149.9 MB
[runlim] sample:		574.9 time, 590.4 real, 150.1 MB
[runlim] sample:		584.6 time, 600.4 real, 150.4 MB
[runlim] sample:		594.2 time, 610.4 real, 150.6 MB
[runlim] sample:		603.9 time, 620.4 real, 151.1 MB
[runlim] sample:		613.6 time, 630.4 real, 151.6 MB
[runlim] sample:		623.1 time, 640.4 real, 151.9 MB
[runlim] sample:		632.9 time, 650.4 real, 152.1 MB
[runlim] sample:		642.9 time, 660.4 real, 152.6 MB
[runlim] sample:		652.8 time, 670.4 real, 153.4 MB
[runlim] sample:		662.5 time, 680.4 real, 153.7 MB
[runlim] sample:		672.5 time, 690.4 real, 153.7 MB
[runlim] sample:		682.4 time, 700.4 real, 154.7 MB
[runlim] sample:		691.8 time, 710.4 real, 157.0 MB
[runlim] sample:		701.0 time, 720.4 real, 157.7 MB
[runlim] sample:		709.9 time, 730.4 real, 158.2 MB
[runlim] sample:		719.3 time, 740.4 real, 159.5 MB
[runlim] sample:		729.3 time, 750.4 real, 161.3 MB
[runlim] sample:		739.1 time, 760.4 real, 161.6 MB
[runlim] sample:		748.8 time, 770.4 real, 162.6 MB
[runlim] sample:		758.5 time, 780.4 real, 162.8 MB
[runlim] sample:		768.2 time, 790.4 real, 164.4 MB
[runlim] sample:		778.2 time, 800.4 real, 167.4 MB
[runlim] sample:		788.2 time, 810.4 real, 167.9 MB
[runlim] sample:		798.2 time, 820.4 real, 169.4 MB
[runlim] sample:		807.9 time, 830.4 real, 169.9 MB
[runlim] sample:		817.7 time, 840.4 real, 171.9 MB
[runlim] sample:		827.6 time, 850.4 real, 172.2 MB
[runlim] sample:		837.6 time, 860.4 real, 172.2 MB
[runlim] sample:		847.6 time, 870.4 real, 172.7 MB
[runlim] sample:		857.6 time, 880.4 real, 173.2 MB
[runlim] sample:		867.6 time, 890.4 real, 173.4 MB
[runlim] sample:		877.6 time, 900.4 real, 175.9 MB
[runlim] sample:		887.6 time, 910.4 real, 176.4 MB
[runlim] sample:		897.6 time, 920.4 real, 176.9 MB
[runlim] sample:		907.6 time, 930.4 real, 178.5 MB
[runlim] sample:		917.6 time, 940.4 real, 179.4 MB
[runlim] sample:		927.6 time, 950.4 real, 179.9 MB
[runlim] sample:		937.6 time, 960.4 real, 180.2 MB
[runlim] sample:		947.6 time, 970.4 real, 181.4 MB
[runlim] sample:		957.5 time, 980.4 real, 182.7 MB
[runlim] sample:		966.8 time, 990.4 real, 184.0 MB
[runlim] sample:		975.8 time, 1000.4 real, 184.5 MB
[runlim] sample:		985.0 time, 1010.4 real, 185.0 MB
[runlim] sample:		994.6 time, 1020.4 real, 186.0 MB
[runlim] sample:		1004.2 time, 1030.4 real, 186.7 MB
[runlim] sample:		1013.9 time, 1040.4 real, 187.7 MB
[runlim] sample:		1023.9 time, 1050.4 real, 189.2 MB
[runlim] sample:		1033.6 time, 1060.4 real, 191.3 MB
[runlim] sample:		1043.3 time, 1070.4 real, 192.3 MB
[runlim] sample:		1052.8 time, 1080.4 real, 193.5 MB
[runlim] sample:		1062.6 time, 1090.4 real, 194.8 MB
[runlim] sample:		1072.3 time, 1100.4 real, 196.0 MB
[runlim] sample:		1082.0 time, 1110.4 real, 196.7 MB
[runlim] sample:		1091.7 time, 1120.4 real, 197.2 MB
[runlim] sample:		1101.3 time, 1130.4 real, 198.3 MB
[runlim] sample:		1111.0 time, 1140.4 real, 198.5 MB
[runlim] sample:		1120.8 time, 1150.4 real, 199.3 MB
[runlim] sample:		1130.8 time, 1160.4 real, 200.3 MB
[runlim] sample:		1140.7 time, 1170.4 real, 201.1 MB
[runlim] sample:		1150.3 time, 1180.4 real, 203.9 MB
[runlim] sample:		1159.8 time, 1190.4 real, 204.4 MB
[runlim] sample:		1169.1 time, 1200.4 real, 204.7 MB
[runlim] sample:		1178.4 time, 1210.4 real, 205.4 MB
[runlim] sample:		1187.8 time, 1220.4 real, 205.9 MB
[runlim] sample:		1197.1 time, 1230.4 real, 206.2 MB
[runlim] sample:		1206.4 time, 1240.4 real, 206.4 MB
[runlim] sample:		1215.8 time, 1250.4 real, 207.7 MB
[runlim] sample:		1225.8 time, 1260.4 real, 208.1 MB
[runlim] sample:		1235.8 time, 1270.4 real, 209.7 MB
[runlim] sample:		1245.8 time, 1280.4 real, 210.2 MB
[runlim] sample:		1255.7 time, 1290.4 real, 211.2 MB
[runlim] sample:		1265.2 time, 1300.4 real, 211.6 MB
[runlim] sample:		1274.8 time, 1310.4 real, 212.4 MB
[runlim] sample:		1284.7 time, 1320.4 real, 213.2 MB
[runlim] sample:		1294.7 time, 1330.4 real, 213.7 MB
[runlim] sample:		1304.7 time, 1340.4 real, 214.2 MB
[runlim] sample:		1314.7 time, 1350.4 real, 214.7 MB
[runlim] sample:		1324.7 time, 1360.4 real, 216.2 MB
[runlim] sample:		1334.7 time, 1370.4 real, 216.4 MB
[runlim] sample:		1344.7 time, 1380.4 real, 217.2 MB
[runlim] sample:		1354.7 time, 1390.4 real, 217.7 MB
[runlim] sample:		1364.7 time, 1400.4 real, 218.4 MB
[runlim] sample:		1374.7 time, 1410.4 real, 218.9 MB
[runlim] sample:		1384.7 time, 1420.4 real, 219.5 MB
[runlim] sample:		1394.7 time, 1430.4 real, 220.0 MB
[runlim] sample:		1404.7 time, 1440.4 real, 220.7 MB
[runlim] sample:		1414.7 time, 1450.4 real, 221.5 MB
[runlim] sample:		1424.7 time, 1460.4 real, 222.2 MB
[runlim] sample:		1434.7 time, 1470.4 real, 222.2 MB
[runlim] sample:		1444.7 time, 1480.4 real, 222.7 MB
[runlim] sample:		1454.7 time, 1490.4 real, 227.6 MB
[runlim] sample:		1464.7 time, 1500.4 real, 228.1 MB
[runlim] sample:		1474.7 time, 1510.4 real, 228.6 MB
[runlim] sample:		1484.7 time, 1520.4 real, 228.9 MB
[runlim] sample:		1494.7 time, 1530.4 real, 229.1 MB
[runlim] sample:		1504.7 time, 1540.4 real, 229.6 MB
[runlim] sample:		1514.7 time, 1550.4 real, 230.1 MB
[runlim] sample:		1524.7 time, 1560.4 real, 230.9 MB
[runlim] sample:		1534.7 time, 1570.4 real, 230.9 MB
[runlim] sample:		1544.7 time, 1580.4 real, 231.4 MB
[runlim] sample:		1554.7 time, 1590.4 real, 233.2 MB
[runlim] sample:		1564.7 time, 1600.4 real, 233.9 MB
[runlim] sample:		1574.7 time, 1610.4 real, 234.4 MB
[runlim] sample:		1584.7 time, 1620.4 real, 234.9 MB
[runlim] sample:		1594.7 time, 1630.4 real, 235.4 MB
[runlim] sample:		1604.7 time, 1640.4 real, 236.1 MB
[runlim] sample:		1614.7 time, 1650.4 real, 236.4 MB
[runlim] sample:		1624.7 time, 1660.4 real, 236.6 MB
[runlim] sample:		1634.7 time, 1670.4 real, 237.9 MB
[runlim] sample:		1644.7 time, 1680.4 real, 238.6 MB
[runlim] sample:		1654.7 time, 1690.4 real, 239.6 MB
[runlim] sample:		1664.7 time, 1700.4 real, 240.9 MB
[runlim] sample:		1674.7 time, 1710.4 real, 241.1 MB
[runlim] sample:		1684.7 time, 1720.4 real, 242.2 MB
[runlim] sample:		1694.7 time, 1730.4 real, 242.7 MB
[runlim] sample:		1704.7 time, 1740.4 real, 244.0 MB
[runlim] sample:		1714.7 time, 1750.4 real, 244.0 MB
[runlim] sample:		1724.7 time, 1760.4 real, 244.2 MB
[runlim] sample:		1734.7 time, 1770.4 real, 245.0 MB
[runlim] sample:		1744.6 time, 1780.4 real, 245.7 MB
[runlim] sample:		1754.7 time, 1790.4 real, 249.8 MB
[runlim] sample:		1764.7 time, 1800.4 real, 249.8 MB
[runlim] sample:		1774.7 time, 1810.4 real, 250.0 MB
[runlim] sample:		1784.7 time, 1820.4 real, 250.0 MB
[runlim] sample:		1794.7 time, 1830.4 real, 251.0 MB
CVC4 interrupted by SIGTERM.
[runlim] end:			Sat Feb  9 17:53:17 2019
[runlim] status:		out of time
[runlim] result:		2
[runlim] children:		0
[runlim] real:			1835.80 seconds
[runlim] time:			1800.05 seconds
[runlim] space:			251.2 MB
[runlim] samples:		18354
