[runlim] version:		1.10fixed
[runlim] time limit:		300 seconds
[runlim] real time limit:	311040000 seconds
[runlim] space limit:		4000 MB
[runlim] argv[0]:		./cvc4
[runlim] argv[1]:		--nl-ext-tplanes
[runlim] argv[2]:		--full-saturate-quant
[runlim] argv[3]:		--no-e-matching
[runlim] argv[4]:		/tmp/Nf1ZPmcD.smt2
[runlim] start:			Thu Feb 14 00:38:50 2019
[runlim] main pid:		29257
[runlim] sample:		8.6 time, 10.7 real, 49.6 MB
[runlim] sample:		17.2 time, 20.7 real, 61.9 MB
[runlim] sample:		25.9 time, 30.7 real, 69.6 MB
[runlim] sample:		34.6 time, 40.7 real, 77.0 MB
[runlim] sample:		43.2 time, 50.7 real, 82.7 MB
[runlim] sample:		51.8 time, 60.7 real, 89.4 MB
[runlim] sample:		60.5 time, 70.7 real, 93.6 MB
[runlim] sample:		69.4 time, 80.7 real, 97.4 MB
[runlim] sample:		78.0 time, 90.7 real, 100.3 MB
[runlim] sample:		85.9 time, 100.7 real, 101.0 MB
[runlim] sample:		95.8 time, 110.7 real, 105.7 MB
[runlim] sample:		105.8 time, 120.7 real, 108.5 MB
[runlim] sample:		115.8 time, 130.7 real, 111.9 MB
[runlim] sample:		125.8 time, 140.7 real, 115.2 MB
[runlim] sample:		135.4 time, 150.7 real, 117.8 MB
[runlim] sample:		142.7 time, 160.7 real, 124.5 MB
[runlim] sample:		150.3 time, 170.7 real, 127.3 MB
[runlim] sample:		160.0 time, 180.7 real, 131.6 MB
[runlim] sample:		169.1 time, 190.7 real, 133.7 MB
[runlim] sample:		179.1 time, 200.7 real, 137.5 MB
[runlim] sample:		189.1 time, 210.7 real, 141.1 MB
[runlim] sample:		199.1 time, 220.7 real, 141.9 MB
[runlim] sample:		209.1 time, 230.7 real, 145.0 MB
[runlim] sample:		219.1 time, 240.7 real, 146.5 MB
[runlim] sample:		229.1 time, 250.7 real, 148.7 MB
[runlim] sample:		238.6 time, 260.7 real, 151.5 MB
[runlim] sample:		247.9 time, 270.7 real, 153.5 MB
[runlim] sample:		255.5 time, 280.7 real, 156.4 MB
[runlim] sample:		263.8 time, 290.7 real, 157.7 MB
[runlim] sample:		273.7 time, 300.7 real, 160.2 MB
[runlim] sample:		283.7 time, 310.7 real, 162.6 MB
[runlim] sample:		293.7 time, 320.7 real, 166.2 MB
[runlim] end:			Thu Feb 14 00:44:16 2019
[runlim] status:		signal(9)
[runlim] result:		11
[runlim] children:		0
[runlim] real:			326.43 seconds
[runlim] time:			299.37 seconds
[runlim] space:			168.2 MB
[runlim] samples:		3257
