[runlim] version:		1.10fixed
[runlim] time limit:		1800 seconds
[runlim] real time limit:	311040000 seconds
[runlim] space limit:		4000 MB
[runlim] argv[0]:		./cvc4
[runlim] argv[1]:		--nl-ext-tplanes
[runlim] argv[2]:		--full-saturate-quant
[runlim] argv[3]:		--no-e-matching
[runlim] argv[4]:		/tmp/4uNlM8Mb.smt2
[runlim] start:			Sat Feb  9 14:34:30 2019
[runlim] main pid:		30959
[runlim] sample:		9.9 time, 10.6 real, 50.1 MB
[runlim] sample:		18.9 time, 20.6 real, 66.3 MB
[runlim] sample:		28.3 time, 30.6 real, 74.0 MB
[runlim] sample:		38.3 time, 40.6 real, 83.5 MB
[runlim] sample:		48.3 time, 50.6 real, 86.3 MB
[runlim] sample:		58.3 time, 60.6 real, 93.5 MB
[runlim] sample:		68.3 time, 70.6 real, 98.9 MB
[runlim] sample:		78.3 time, 80.6 real, 103.0 MB
[runlim] sample:		88.3 time, 90.6 real, 103.0 MB
[runlim] sample:		98.2 time, 100.6 real, 103.5 MB
[runlim] sample:		108.2 time, 110.6 real, 103.5 MB
[runlim] sample:		118.2 time, 120.6 real, 103.5 MB
[runlim] sample:		128.2 time, 130.6 real, 103.5 MB
[runlim] sample:		136.9 time, 140.6 real, 103.5 MB
[runlim] sample:		146.7 time, 150.6 real, 103.5 MB
[runlim] sample:		155.4 time, 160.6 real, 103.5 MB
[runlim] sample:		162.7 time, 170.6 real, 103.5 MB
[runlim] sample:		170.3 time, 180.6 real, 103.5 MB
[runlim] sample:		178.9 time, 190.6 real, 103.5 MB
[runlim] sample:		188.5 time, 200.6 real, 103.5 MB
[runlim] sample:		198.2 time, 210.6 real, 103.5 MB
[runlim] sample:		207.8 time, 220.6 real, 103.5 MB
[runlim] sample:		217.4 time, 230.6 real, 103.5 MB
[runlim] sample:		225.8 time, 240.6 real, 103.5 MB
[runlim] sample:		233.7 time, 250.6 real, 103.8 MB
[runlim] sample:		243.3 time, 260.6 real, 103.8 MB
[runlim] sample:		253.0 time, 270.6 real, 103.8 MB
[runlim] sample:		262.7 time, 280.6 real, 103.8 MB
[runlim] sample:		271.3 time, 290.6 real, 103.8 MB
[runlim] sample:		279.0 time, 300.6 real, 103.8 MB
[runlim] sample:		287.1 time, 310.6 real, 103.8 MB
[runlim] sample:		295.0 time, 320.6 real, 103.8 MB
[runlim] sample:		304.6 time, 330.6 real, 103.8 MB
[runlim] sample:		313.7 time, 340.6 real, 104.0 MB
[runlim] sample:		322.6 time, 350.6 real, 104.0 MB
[runlim] sample:		332.6 time, 360.6 real, 104.3 MB
[runlim] sample:		342.6 time, 370.6 real, 104.3 MB
[runlim] sample:		352.4 time, 380.6 real, 104.3 MB
[runlim] sample:		362.1 time, 390.6 real, 104.6 MB
[runlim] sample:		371.7 time, 400.6 real, 104.6 MB
[runlim] sample:		381.4 time, 410.6 real, 104.8 MB
[runlim] sample:		391.1 time, 420.6 real, 104.8 MB
[runlim] sample:		400.4 time, 430.6 real, 104.8 MB
[runlim] sample:		408.7 time, 440.6 real, 105.1 MB
[runlim] sample:		417.9 time, 450.6 real, 105.1 MB
[runlim] sample:		427.9 time, 460.6 real, 105.1 MB
[runlim] sample:		437.9 time, 470.6 real, 105.3 MB
[runlim] sample:		447.9 time, 480.6 real, 105.3 MB
[runlim] sample:		457.9 time, 490.6 real, 105.6 MB
[runlim] sample:		467.5 time, 500.6 real, 105.6 MB
[runlim] sample:		475.1 time, 510.6 real, 105.6 MB
[runlim] sample:		483.6 time, 520.6 real, 105.8 MB
[runlim] sample:		493.6 time, 530.6 real, 105.8 MB
[runlim] sample:		503.6 time, 540.6 real, 106.1 MB
[runlim] sample:		513.6 time, 550.6 real, 106.4 MB
[runlim] sample:		523.6 time, 560.6 real, 106.4 MB
[runlim] sample:		533.6 time, 570.6 real, 106.4 MB
[runlim] sample:		543.6 time, 580.6 real, 106.6 MB
[runlim] sample:		553.5 time, 590.6 real, 106.6 MB
[runlim] sample:		561.1 time, 600.6 real, 106.9 MB
[runlim] sample:		568.8 time, 610.6 real, 106.9 MB
[runlim] sample:		576.5 time, 620.6 real, 106.9 MB
[runlim] sample:		585.6 time, 630.6 real, 107.1 MB
[runlim] sample:		594.7 time, 640.6 real, 107.1 MB
[runlim] sample:		603.6 time, 650.6 real, 107.1 MB
[runlim] sample:		611.4 time, 660.6 real, 107.4 MB
[runlim] sample:		620.2 time, 670.6 real, 107.4 MB
[runlim] sample:		629.2 time, 680.6 real, 107.4 MB
[runlim] sample:		636.9 time, 690.6 real, 107.6 MB
[runlim] sample:		644.5 time, 700.6 real, 107.6 MB
[runlim] sample:		652.2 time, 710.6 real, 107.6 MB
[runlim] sample:		659.9 time, 720.6 real, 107.9 MB
[runlim] sample:		669.2 time, 730.6 real, 107.9 MB
[runlim] sample:		677.7 time, 740.6 real, 107.9 MB
[runlim] sample:		686.9 time, 750.6 real, 108.1 MB
[runlim] sample:		696.3 time, 760.6 real, 108.1 MB
[runlim] sample:		705.3 time, 770.6 real, 108.4 MB
[runlim] sample:		714.6 time, 780.6 real, 108.4 MB
[runlim] sample:		723.9 time, 790.6 real, 108.4 MB
[runlim] sample:		733.2 time, 800.6 real, 108.7 MB
[runlim] sample:		742.6 time, 810.6 real, 108.7 MB
[runlim] sample:		751.9 time, 820.6 real, 108.9 MB
[runlim] sample:		761.0 time, 830.6 real, 108.9 MB
[runlim] sample:		770.8 time, 840.6 real, 108.9 MB
[runlim] sample:		780.7 time, 850.6 real, 109.2 MB
[runlim] sample:		790.7 time, 860.6 real, 109.2 MB
[runlim] sample:		800.7 time, 870.6 real, 109.4 MB
[runlim] sample:		809.9 time, 880.6 real, 109.4 MB
[runlim] sample:		818.5 time, 890.6 real, 109.4 MB
[runlim] sample:		827.2 time, 900.6 real, 109.7 MB
[runlim] sample:		837.2 time, 910.6 real, 109.7 MB
[runlim] sample:		847.2 time, 920.6 real, 109.7 MB
[runlim] sample:		857.2 time, 930.6 real, 109.9 MB
[runlim] sample:		866.7 time, 940.6 real, 109.9 MB
[runlim] sample:		874.8 time, 950.6 real, 109.9 MB
[runlim] sample:		884.4 time, 960.6 real, 110.2 MB
[runlim] sample:		894.4 time, 970.6 real, 110.5 MB
[runlim] sample:		904.4 time, 980.6 real, 110.5 MB
[runlim] sample:		914.4 time, 990.6 real, 110.5 MB
[runlim] sample:		924.4 time, 1000.6 real, 110.7 MB
[runlim] sample:		934.4 time, 1010.6 real, 110.7 MB
[runlim] sample:		944.4 time, 1020.6 real, 110.7 MB
[runlim] sample:		953.1 time, 1030.6 real, 111.0 MB
[runlim] sample:		962.5 time, 1040.6 real, 111.0 MB
[runlim] sample:		971.8 time, 1050.6 real, 111.2 MB
[runlim] sample:		981.1 time, 1060.6 real, 111.2 MB
[runlim] sample:		989.4 time, 1070.6 real, 111.2 MB
[runlim] sample:		998.6 time, 1080.6 real, 111.5 MB
[runlim] sample:		1006.6 time, 1090.6 real, 111.7 MB
[runlim] sample:		1015.9 time, 1100.6 real, 111.7 MB
[runlim] sample:		1025.9 time, 1110.6 real, 111.7 MB
[runlim] sample:		1035.9 time, 1120.6 real, 112.0 MB
[runlim] sample:		1045.9 time, 1130.6 real, 112.0 MB
[runlim] sample:		1055.9 time, 1140.6 real, 112.3 MB
[runlim] sample:		1065.9 time, 1150.6 real, 112.3 MB
[runlim] sample:		1075.9 time, 1160.6 real, 112.3 MB
[runlim] sample:		1085.9 time, 1170.6 real, 112.5 MB
[runlim] sample:		1095.9 time, 1180.6 real, 112.5 MB
[runlim] sample:		1105.9 time, 1190.6 real, 112.8 MB
[runlim] sample:		1115.9 time, 1200.6 real, 112.8 MB
[runlim] sample:		1125.6 time, 1210.6 real, 112.8 MB
[runlim] sample:		1133.6 time, 1220.6 real, 113.0 MB
[runlim] sample:		1143.6 time, 1230.6 real, 113.0 MB
[runlim] sample:		1153.6 time, 1240.6 real, 113.3 MB
[runlim] sample:		1163.6 time, 1250.6 real, 113.3 MB
[runlim] sample:		1173.6 time, 1260.6 real, 113.3 MB
[runlim] sample:		1183.6 time, 1270.6 real, 113.5 MB
[runlim] sample:		1193.6 time, 1280.6 real, 113.5 MB
[runlim] sample:		1203.6 time, 1290.6 real, 113.8 MB
[runlim] sample:		1213.6 time, 1300.6 real, 113.8 MB
[runlim] sample:		1223.6 time, 1310.6 real, 114.1 MB
[runlim] sample:		1233.6 time, 1320.6 real, 114.1 MB
[runlim] sample:		1243.6 time, 1330.6 real, 114.1 MB
[runlim] sample:		1253.6 time, 1340.6 real, 114.3 MB
[runlim] sample:		1263.6 time, 1350.6 real, 114.3 MB
[runlim] sample:		1273.3 time, 1360.6 real, 114.6 MB
[runlim] sample:		1283.3 time, 1370.6 real, 114.6 MB
[runlim] sample:		1293.3 time, 1380.6 real, 114.6 MB
[runlim] sample:		1303.3 time, 1390.6 real, 114.8 MB
[runlim] sample:		1313.3 time, 1400.6 real, 114.8 MB
[runlim] sample:		1323.3 time, 1410.6 real, 115.1 MB
[runlim] sample:		1333.3 time, 1420.6 real, 115.1 MB
[runlim] sample:		1343.3 time, 1430.6 real, 115.3 MB
[runlim] sample:		1353.0 time, 1440.6 real, 115.3 MB
[runlim] sample:		1363.0 time, 1450.6 real, 115.3 MB
[runlim] sample:		1373.0 time, 1460.6 real, 115.6 MB
[runlim] sample:		1383.0 time, 1470.6 real, 115.6 MB
[runlim] sample:		1393.0 time, 1480.6 real, 115.9 MB
[runlim] sample:		1403.0 time, 1490.6 real, 116.1 MB
[runlim] sample:		1413.0 time, 1500.6 real, 116.1 MB
[runlim] sample:		1423.0 time, 1510.6 real, 116.1 MB
[runlim] sample:		1433.0 time, 1520.6 real, 116.1 MB
[runlim] sample:		1443.0 time, 1530.6 real, 116.4 MB
[runlim] sample:		1453.0 time, 1540.6 real, 116.4 MB
[runlim] sample:		1463.0 time, 1550.6 real, 116.6 MB
[runlim] sample:		1471.5 time, 1560.6 real, 116.6 MB
[runlim] sample:		1480.3 time, 1570.6 real, 116.6 MB
[runlim] sample:		1490.3 time, 1580.6 real, 116.9 MB
[runlim] sample:		1500.3 time, 1590.6 real, 116.9 MB
[runlim] sample:		1510.3 time, 1600.6 real, 117.1 MB
[runlim] sample:		1520.3 time, 1610.6 real, 117.1 MB
[runlim] sample:		1530.3 time, 1620.6 real, 117.4 MB
[runlim] sample:		1540.3 time, 1630.6 real, 117.4 MB
[runlim] sample:		1550.3 time, 1640.6 real, 117.6 MB
[runlim] sample:		1560.3 time, 1650.6 real, 117.6 MB
[runlim] sample:		1570.3 time, 1660.6 real, 117.6 MB
[runlim] sample:		1580.3 time, 1670.6 real, 117.9 MB
[runlim] sample:		1589.1 time, 1680.6 real, 117.9 MB
[runlim] sample:		1598.7 time, 1690.6 real, 117.9 MB
[runlim] sample:		1608.7 time, 1700.6 real, 118.2 MB
[runlim] sample:		1618.7 time, 1710.6 real, 118.2 MB
[runlim] sample:		1628.7 time, 1720.6 real, 118.4 MB
[runlim] sample:		1638.2 time, 1730.6 real, 118.4 MB
[runlim] sample:		1647.1 time, 1740.6 real, 118.4 MB
[runlim] sample:		1655.4 time, 1750.6 real, 118.7 MB
[runlim] sample:		1664.2 time, 1760.6 real, 118.7 MB
[runlim] sample:		1672.8 time, 1770.6 real, 118.9 MB
[runlim] sample:		1681.1 time, 1780.6 real, 118.9 MB
[runlim] sample:		1689.5 time, 1790.6 real, 119.2 MB
[runlim] sample:		1697.8 time, 1800.6 real, 119.2 MB
[runlim] sample:		1707.8 time, 1810.6 real, 119.2 MB
[runlim] sample:		1717.8 time, 1820.6 real, 119.4 MB
[runlim] sample:		1727.8 time, 1830.6 real, 119.7 MB
[runlim] sample:		1737.5 time, 1840.6 real, 119.7 MB
[runlim] sample:		1747.2 time, 1850.6 real, 119.9 MB
[runlim] sample:		1756.8 time, 1860.6 real, 119.9 MB
[runlim] sample:		1766.7 time, 1870.6 real, 119.9 MB
[runlim] sample:		1776.7 time, 1880.6 real, 120.2 MB
[runlim] sample:		1786.7 time, 1890.6 real, 120.2 MB
[runlim] sample:		1796.7 time, 1900.6 real, 120.5 MB
CVC4 interrupted by SIGTERM.
[runlim] end:			Sat Feb  9 15:06:14 2019
[runlim] status:		out of time
[runlim] result:		2
[runlim] children:		0
[runlim] real:			1904.20 seconds
[runlim] time:			1800.05 seconds
[runlim] space:			120.5 MB
[runlim] samples:		19036
