[runlim] version:		1.10fixed
[runlim] time limit:		1800 seconds
[runlim] real time limit:	311040000 seconds
[runlim] space limit:		4000 MB
[runlim] argv[0]:		./cvc4
[runlim] argv[1]:		--nl-ext-tplanes
[runlim] argv[2]:		--full-saturate-quant
[runlim] argv[3]:		--no-e-matching
[runlim] argv[4]:		/tmp/O0YSmnwJ.smt2
[runlim] start:			Sat Feb  9 17:22:41 2019
[runlim] main pid:		8714
[runlim] sample:		10.0 time, 11.0 real, 52.1 MB
[runlim] sample:		20.0 time, 21.0 real, 66.4 MB
[runlim] sample:		30.0 time, 31.0 real, 72.1 MB
[runlim] sample:		39.4 time, 41.0 real, 78.7 MB
[runlim] sample:		49.0 time, 51.0 real, 84.6 MB
[runlim] sample:		58.7 time, 61.0 real, 90.5 MB
[runlim] sample:		67.8 time, 71.0 real, 93.9 MB
[runlim] sample:		77.8 time, 81.0 real, 96.4 MB
[runlim] sample:		87.8 time, 91.0 real, 101.3 MB
[runlim] sample:		97.8 time, 101.0 real, 104.2 MB
[runlim] sample:		105.6 time, 111.0 real, 106.7 MB
[runlim] sample:		115.3 time, 121.0 real, 108.5 MB
[runlim] sample:		125.3 time, 131.0 real, 114.7 MB
[runlim] sample:		134.7 time, 141.0 real, 116.1 MB
[runlim] sample:		144.7 time, 151.0 real, 117.1 MB
[runlim] sample:		154.6 time, 161.0 real, 120.7 MB
[runlim] sample:		164.3 time, 171.0 real, 122.7 MB
[runlim] sample:		172.9 time, 181.0 real, 129.7 MB
[runlim] sample:		181.8 time, 191.0 real, 130.5 MB
[runlim] sample:		191.1 time, 201.0 real, 131.8 MB
[runlim] sample:		201.1 time, 211.0 real, 132.1 MB
[runlim] sample:		211.1 time, 221.0 real, 139.0 MB
[runlim] sample:		221.1 time, 231.0 real, 140.6 MB
[runlim] sample:		231.1 time, 241.0 real, 141.9 MB
[runlim] sample:		241.1 time, 251.0 real, 142.1 MB
[runlim] sample:		251.1 time, 261.0 real, 147.5 MB
[runlim] sample:		261.1 time, 271.0 real, 148.3 MB
[runlim] sample:		271.1 time, 281.0 real, 149.3 MB
[runlim] sample:		279.9 time, 291.0 real, 150.1 MB
[runlim] sample:		289.5 time, 301.0 real, 150.4 MB
[runlim] sample:		299.0 time, 311.0 real, 152.2 MB
[runlim] sample:		307.0 time, 321.0 real, 158.3 MB
[runlim] sample:		316.9 time, 331.0 real, 159.0 MB
[runlim] sample:		326.9 time, 341.0 real, 160.1 MB
[runlim] sample:		336.9 time, 351.0 real, 160.4 MB
[runlim] sample:		346.9 time, 361.0 real, 164.8 MB
[runlim] sample:		356.9 time, 371.0 real, 171.7 MB
[runlim] sample:		366.9 time, 381.0 real, 172.4 MB
[runlim] sample:		376.0 time, 391.0 real, 174.6 MB
[runlim] sample:		384.2 time, 401.0 real, 174.6 MB
[runlim] sample:		393.1 time, 411.0 real, 175.1 MB
[runlim] sample:		400.9 time, 421.0 real, 175.1 MB
[runlim] sample:		410.7 time, 431.0 real, 175.6 MB
[runlim] sample:		420.2 time, 441.0 real, 176.1 MB
[runlim] sample:		428.5 time, 451.0 real, 176.4 MB
[runlim] sample:		436.2 time, 461.0 real, 185.4 MB
[runlim] sample:		445.0 time, 471.0 real, 185.7 MB
[runlim] sample:		455.0 time, 481.0 real, 186.7 MB
[runlim] sample:		464.1 time, 491.0 real, 186.7 MB
[runlim] sample:		474.1 time, 501.0 real, 186.9 MB
[runlim] sample:		482.8 time, 511.0 real, 186.9 MB
[runlim] sample:		491.9 time, 521.0 real, 187.5 MB
[runlim] sample:		500.4 time, 531.0 real, 187.7 MB
[runlim] sample:		508.8 time, 541.0 real, 188.0 MB
[runlim] sample:		518.8 time, 551.0 real, 188.7 MB
[runlim] sample:		528.8 time, 561.0 real, 191.1 MB
[runlim] sample:		538.8 time, 571.0 real, 194.7 MB
[runlim] sample:		548.8 time, 581.0 real, 197.5 MB
[runlim] sample:		558.8 time, 591.0 real, 198.0 MB
[runlim] sample:		568.8 time, 601.0 real, 202.2 MB
[runlim] sample:		578.0 time, 611.0 real, 216.1 MB
[runlim] sample:		585.9 time, 621.0 real, 216.1 MB
[runlim] sample:		595.5 time, 631.0 real, 217.4 MB
[runlim] sample:		605.0 time, 641.0 real, 217.4 MB
[runlim] sample:		613.8 time, 651.0 real, 217.4 MB
[runlim] sample:		621.4 time, 661.0 real, 217.6 MB
[runlim] sample:		630.4 time, 671.0 real, 217.6 MB
[runlim] sample:		640.4 time, 681.0 real, 217.6 MB
[runlim] sample:		650.4 time, 691.0 real, 218.7 MB
[runlim] sample:		660.4 time, 701.0 real, 218.7 MB
[runlim] sample:		670.4 time, 711.0 real, 219.2 MB
[runlim] sample:		678.2 time, 721.0 real, 219.2 MB
[runlim] sample:		688.2 time, 731.0 real, 219.4 MB
[runlim] sample:		697.3 time, 741.0 real, 219.4 MB
[runlim] sample:		707.3 time, 751.0 real, 219.7 MB
[runlim] sample:		717.3 time, 761.0 real, 221.0 MB
[runlim] sample:		726.6 time, 771.0 real, 221.0 MB
[runlim] sample:		734.3 time, 781.0 real, 221.0 MB
[runlim] sample:		744.2 time, 791.0 real, 221.2 MB
[runlim] sample:		754.2 time, 801.0 real, 221.2 MB
[runlim] sample:		763.9 time, 811.0 real, 222.3 MB
[runlim] sample:		773.6 time, 821.0 real, 223.0 MB
[runlim] sample:		783.5 time, 831.0 real, 238.5 MB
[runlim] sample:		793.5 time, 841.0 real, 238.8 MB
[runlim] sample:		803.5 time, 851.0 real, 239.5 MB
[runlim] sample:		813.5 time, 861.0 real, 239.5 MB
[runlim] sample:		823.2 time, 871.0 real, 240.3 MB
[runlim] sample:		833.2 time, 881.0 real, 240.6 MB
[runlim] sample:		843.2 time, 891.0 real, 240.6 MB
[runlim] sample:		853.0 time, 901.0 real, 240.8 MB
[runlim] sample:		862.4 time, 911.0 real, 240.8 MB
[runlim] sample:		871.1 time, 921.0 real, 241.1 MB
[runlim] sample:		880.0 time, 931.0 real, 241.1 MB
[runlim] sample:		889.6 time, 941.0 real, 241.1 MB
[runlim] sample:		899.5 time, 951.0 real, 241.3 MB
[runlim] sample:		909.5 time, 961.0 real, 241.6 MB
[runlim] sample:		919.5 time, 971.0 real, 241.6 MB
[runlim] sample:		929.5 time, 981.0 real, 242.1 MB
[runlim] sample:		939.3 time, 991.0 real, 242.1 MB
[runlim] sample:		949.3 time, 1001.0 real, 242.1 MB
[runlim] sample:		959.3 time, 1011.0 real, 243.4 MB
[runlim] sample:		969.3 time, 1021.0 real, 258.5 MB
[runlim] sample:		978.4 time, 1031.0 real, 258.7 MB
[runlim] sample:		987.1 time, 1041.0 real, 258.7 MB
[runlim] sample:		995.1 time, 1051.0 real, 258.7 MB
[runlim] sample:		1004.6 time, 1061.0 real, 259.0 MB
[runlim] sample:		1014.0 time, 1071.0 real, 259.0 MB
[runlim] sample:		1023.4 time, 1081.0 real, 259.0 MB
[runlim] sample:		1032.1 time, 1091.0 real, 261.0 MB
[runlim] sample:		1040.6 time, 1101.0 real, 261.0 MB
[runlim] sample:		1049.8 time, 1111.0 real, 261.0 MB
[runlim] sample:		1058.2 time, 1121.0 real, 261.3 MB
[runlim] sample:		1066.6 time, 1131.0 real, 261.3 MB
[runlim] sample:		1076.2 time, 1141.0 real, 261.3 MB
[runlim] sample:		1085.6 time, 1151.0 real, 261.3 MB
[runlim] sample:		1095.5 time, 1161.0 real, 261.5 MB
[runlim] sample:		1105.4 time, 1171.0 real, 261.5 MB
[runlim] sample:		1113.7 time, 1181.0 real, 267.7 MB
[runlim] sample:		1122.9 time, 1191.0 real, 267.7 MB
[runlim] sample:		1131.3 time, 1201.0 real, 268.0 MB
[runlim] sample:		1140.1 time, 1211.0 real, 268.0 MB
[runlim] sample:		1150.0 time, 1221.0 real, 268.0 MB
[runlim] sample:		1160.0 time, 1231.0 real, 269.0 MB
[runlim] sample:		1170.0 time, 1241.0 real, 269.0 MB
[runlim] sample:		1180.0 time, 1251.0 real, 269.3 MB
[runlim] sample:		1189.5 time, 1261.0 real, 269.3 MB
[runlim] sample:		1199.2 time, 1271.0 real, 269.5 MB
[runlim] sample:		1208.8 time, 1281.0 real, 269.5 MB
[runlim] sample:		1218.7 time, 1291.0 real, 269.5 MB
[runlim] sample:		1228.7 time, 1301.0 real, 269.8 MB
[runlim] sample:		1238.7 time, 1311.0 real, 269.8 MB
[runlim] sample:		1248.5 time, 1321.0 real, 271.6 MB
[runlim] sample:		1258.4 time, 1331.0 real, 271.6 MB
[runlim] sample:		1268.0 time, 1341.0 real, 271.8 MB
[runlim] sample:		1277.8 time, 1351.0 real, 271.8 MB
[runlim] sample:		1287.4 time, 1361.0 real, 271.8 MB
[runlim] sample:		1297.1 time, 1371.0 real, 272.9 MB
[runlim] sample:		1307.0 time, 1381.0 real, 280.6 MB
[runlim] sample:		1317.0 time, 1391.0 real, 283.2 MB
[runlim] sample:		1325.8 time, 1401.0 real, 283.2 MB
[runlim] sample:		1334.5 time, 1411.0 real, 283.2 MB
[runlim] sample:		1343.0 time, 1421.0 real, 283.4 MB
[runlim] sample:		1352.2 time, 1431.0 real, 283.4 MB
[runlim] sample:		1360.7 time, 1441.0 real, 284.0 MB
[runlim] sample:		1370.4 time, 1451.0 real, 284.0 MB
[runlim] sample:		1380.3 time, 1461.0 real, 284.5 MB
[runlim] sample:		1390.3 time, 1471.0 real, 284.5 MB
[runlim] sample:		1399.6 time, 1481.0 real, 284.7 MB
[runlim] sample:		1408.1 time, 1491.0 real, 285.2 MB
[runlim] sample:		1417.0 time, 1501.0 real, 285.2 MB
[runlim] sample:		1425.9 time, 1511.0 real, 285.2 MB
[runlim] sample:		1435.6 time, 1521.0 real, 285.5 MB
[runlim] sample:		1445.2 time, 1531.0 real, 285.5 MB
[runlim] sample:		1455.0 time, 1541.0 real, 286.0 MB
[runlim] sample:		1465.0 time, 1551.0 real, 286.0 MB
[runlim] sample:		1475.0 time, 1561.0 real, 286.3 MB
[runlim] sample:		1484.9 time, 1571.0 real, 286.3 MB
[runlim] sample:		1494.6 time, 1581.0 real, 286.3 MB
[runlim] sample:		1504.6 time, 1591.0 real, 286.3 MB
[runlim] sample:		1514.6 time, 1601.0 real, 286.3 MB
[runlim] sample:		1524.3 time, 1611.0 real, 287.0 MB
[runlim] sample:		1534.3 time, 1621.0 real, 287.0 MB
[runlim] sample:		1544.3 time, 1631.0 real, 287.0 MB
[runlim] sample:		1554.1 time, 1641.0 real, 287.0 MB
[runlim] sample:		1563.8 time, 1651.0 real, 287.0 MB
[runlim] sample:		1573.6 time, 1661.0 real, 287.3 MB
[runlim] sample:		1583.6 time, 1671.0 real, 288.1 MB
[runlim] sample:		1593.6 time, 1681.0 real, 288.1 MB
[runlim] sample:		1603.3 time, 1691.0 real, 288.1 MB
[runlim] sample:		1612.9 time, 1701.0 real, 288.1 MB
[runlim] sample:		1622.8 time, 1711.0 real, 289.1 MB
[runlim] sample:		1632.5 time, 1721.0 real, 289.1 MB
[runlim] sample:		1642.2 time, 1731.0 real, 289.1 MB
[runlim] sample:		1652.2 time, 1741.0 real, 289.3 MB
[runlim] sample:		1662.2 time, 1751.0 real, 289.6 MB
[runlim] sample:		1672.2 time, 1761.0 real, 289.6 MB
[runlim] sample:		1682.2 time, 1771.0 real, 290.9 MB
[runlim] sample:		1692.2 time, 1781.0 real, 290.9 MB
[runlim] sample:		1701.1 time, 1791.0 real, 291.4 MB
[runlim] sample:		1710.4 time, 1801.0 real, 291.9 MB
[runlim] sample:		1720.1 time, 1811.0 real, 292.7 MB
[runlim] sample:		1730.0 time, 1821.0 real, 293.5 MB
[runlim] sample:		1739.0 time, 1831.0 real, 293.5 MB
[runlim] sample:		1748.4 time, 1841.0 real, 293.5 MB
[runlim] sample:		1756.6 time, 1851.0 real, 294.7 MB
[runlim] sample:		1765.1 time, 1861.0 real, 295.8 MB
[runlim] sample:		1774.2 time, 1871.0 real, 295.8 MB
[runlim] sample:		1783.8 time, 1881.0 real, 296.8 MB
[runlim] sample:		1792.0 time, 1891.0 real, 296.8 MB
CVC4 interrupted by SIGTERM.
[runlim] end:			Sat Feb  9 17:54:20 2019
[runlim] status:		out of time
[runlim] result:		2
[runlim] children:		0
[runlim] real:			1899.09 seconds
[runlim] time:			1800.08 seconds
[runlim] space:			298.8 MB
[runlim] samples:		18981
