[runlim] version:		1.10fixed
[runlim] time limit:		1800 seconds
[runlim] real time limit:	311040000 seconds
[runlim] space limit:		4000 MB
[runlim] argv[0]:		./cvc4
[runlim] argv[1]:		--nl-ext-tplanes
[runlim] argv[2]:		--full-saturate-quant
[runlim] argv[3]:		--no-e-matching
[runlim] argv[4]:		/tmp/2wVBiPju.smt2
[runlim] start:			Wed Feb  6 06:32:28 2019
[runlim] main pid:		5382
[runlim] sample:		10.0 time, 10.9 real, 50.5 MB
[runlim] sample:		19.1 time, 20.9 real, 62.8 MB
[runlim] sample:		28.3 time, 30.9 real, 72.7 MB
[runlim] sample:		38.2 time, 40.9 real, 79.2 MB
[runlim] sample:		46.5 time, 50.9 real, 83.1 MB
[runlim] sample:		56.0 time, 60.9 real, 89.1 MB
[runlim] sample:		64.5 time, 70.9 real, 93.5 MB
[runlim] sample:		73.3 time, 80.9 real, 94.6 MB
[runlim] sample:		82.3 time, 90.9 real, 106.1 MB
[runlim] sample:		92.2 time, 100.9 real, 107.1 MB
[runlim] sample:		102.2 time, 110.9 real, 109.4 MB
[runlim] sample:		111.9 time, 120.9 real, 112.0 MB
[runlim] sample:		121.5 time, 130.9 real, 115.1 MB
[runlim] sample:		131.2 time, 140.9 real, 117.9 MB
[runlim] sample:		140.9 time, 150.9 real, 120.5 MB
[runlim] sample:		150.5 time, 160.9 real, 123.3 MB
[runlim] sample:		160.2 time, 170.9 real, 125.9 MB
[runlim] sample:		169.5 time, 180.9 real, 127.9 MB
[runlim] sample:		179.0 time, 190.9 real, 129.7 MB
[runlim] sample:		188.7 time, 200.9 real, 130.8 MB
[runlim] sample:		198.5 time, 210.9 real, 132.8 MB
[runlim] sample:		208.5 time, 220.9 real, 134.9 MB
[runlim] sample:		218.5 time, 230.9 real, 137.6 MB
[runlim] sample:		228.5 time, 240.9 real, 140.2 MB
[runlim] sample:		238.5 time, 250.9 real, 141.5 MB
[runlim] sample:		248.5 time, 260.9 real, 143.3 MB
[runlim] sample:		257.9 time, 270.9 real, 145.1 MB
[runlim] sample:		266.6 time, 280.9 real, 148.5 MB
[runlim] sample:		275.3 time, 290.9 real, 151.3 MB
[runlim] sample:		283.9 time, 300.9 real, 153.2 MB
[runlim] sample:		293.1 time, 310.9 real, 157.0 MB
[runlim] sample:		303.0 time, 320.9 real, 160.9 MB
[runlim] sample:		312.8 time, 330.9 real, 162.7 MB
[runlim] sample:		322.6 time, 340.9 real, 165.8 MB
[runlim] sample:		332.4 time, 350.9 real, 167.6 MB
[runlim] sample:		342.1 time, 360.9 real, 168.9 MB
[runlim] sample:		351.9 time, 370.9 real, 169.6 MB
[runlim] sample:		361.7 time, 380.9 real, 170.6 MB
[runlim] sample:		371.6 time, 390.9 real, 172.2 MB
[runlim] sample:		381.5 time, 400.9 real, 174.5 MB
[runlim] sample:		391.4 time, 410.9 real, 175.3 MB
[runlim] sample:		401.4 time, 420.9 real, 179.6 MB
[runlim] sample:		411.5 time, 430.9 real, 182.0 MB
[runlim] sample:		421.4 time, 440.9 real, 195.9 MB
[runlim] sample:		431.4 time, 450.9 real, 204.4 MB
[runlim] sample:		441.4 time, 460.9 real, 204.6 MB
[runlim] sample:		451.4 time, 470.9 real, 204.6 MB
[runlim] sample:		461.2 time, 480.9 real, 205.4 MB
[runlim] sample:		471.1 time, 490.9 real, 205.6 MB
[runlim] sample:		481.1 time, 500.9 real, 205.6 MB
[runlim] sample:		490.8 time, 510.9 real, 206.2 MB
[runlim] sample:		500.8 time, 520.9 real, 206.4 MB
[runlim] sample:		510.6 time, 530.9 real, 206.4 MB
[runlim] sample:		520.4 time, 540.9 real, 206.7 MB
[runlim] sample:		530.4 time, 550.9 real, 206.9 MB
[runlim] sample:		540.1 time, 560.9 real, 207.7 MB
[runlim] sample:		550.0 time, 570.9 real, 208.5 MB
[runlim] sample:		559.9 time, 580.9 real, 212.0 MB
[runlim] sample:		569.6 time, 590.9 real, 214.6 MB
[runlim] sample:		579.5 time, 600.9 real, 220.2 MB
[runlim] sample:		589.5 time, 610.9 real, 220.7 MB
[runlim] sample:		599.3 time, 620.9 real, 222.3 MB
[runlim] sample:		609.1 time, 630.9 real, 250.1 MB
[runlim] sample:		618.8 time, 640.9 real, 251.9 MB
[runlim] sample:		628.7 time, 650.9 real, 251.9 MB
[runlim] sample:		638.6 time, 660.9 real, 252.2 MB
[runlim] sample:		648.4 time, 670.9 real, 252.2 MB
[runlim] sample:		658.3 time, 680.9 real, 252.7 MB
[runlim] sample:		666.9 time, 690.9 real, 252.9 MB
[runlim] sample:		676.9 time, 700.9 real, 252.9 MB
[runlim] sample:		686.9 time, 710.9 real, 253.2 MB
[runlim] sample:		696.6 time, 720.9 real, 253.4 MB
[runlim] sample:		705.9 time, 730.9 real, 253.7 MB
[runlim] sample:		715.2 time, 740.9 real, 253.9 MB
[runlim] sample:		723.9 time, 750.9 real, 253.9 MB
[runlim] sample:		733.1 time, 760.9 real, 253.9 MB
[runlim] sample:		742.2 time, 770.9 real, 254.2 MB
[runlim] sample:		751.5 time, 780.9 real, 254.5 MB
[runlim] sample:		760.8 time, 790.9 real, 254.5 MB
[runlim] sample:		770.1 time, 800.9 real, 254.7 MB
[runlim] sample:		779.2 time, 810.9 real, 257.8 MB
[runlim] sample:		788.0 time, 820.9 real, 257.8 MB
[runlim] sample:		797.1 time, 830.9 real, 258.1 MB
[runlim] sample:		806.6 time, 840.9 real, 258.1 MB
[runlim] sample:		816.6 time, 850.9 real, 283.8 MB
[runlim] sample:		826.6 time, 860.9 real, 286.2 MB
[runlim] sample:		835.7 time, 870.9 real, 286.4 MB
[runlim] sample:		845.4 time, 880.9 real, 286.4 MB
[runlim] sample:		855.3 time, 890.9 real, 286.7 MB
[runlim] sample:		865.3 time, 900.9 real, 286.7 MB
[runlim] sample:		875.2 time, 910.9 real, 286.9 MB
[runlim] sample:		884.0 time, 920.9 real, 287.4 MB
[runlim] sample:		893.3 time, 930.9 real, 287.7 MB
[runlim] sample:		902.6 time, 940.9 real, 287.7 MB
[runlim] sample:		912.2 time, 950.9 real, 301.9 MB
[runlim] sample:		921.9 time, 960.9 real, 303.4 MB
[runlim] sample:		931.6 time, 970.9 real, 303.7 MB
[runlim] sample:		941.3 time, 980.9 real, 303.7 MB
[runlim] sample:		951.1 time, 990.9 real, 303.9 MB
[runlim] sample:		961.1 time, 1000.9 real, 303.9 MB
[runlim] sample:		971.1 time, 1010.9 real, 303.9 MB
[runlim] sample:		981.1 time, 1020.9 real, 304.2 MB
[runlim] sample:		991.1 time, 1030.9 real, 304.2 MB
[runlim] sample:		1001.1 time, 1040.9 real, 304.2 MB
[runlim] sample:		1011.1 time, 1050.9 real, 304.9 MB
[runlim] sample:		1021.1 time, 1060.9 real, 304.9 MB
[runlim] sample:		1031.1 time, 1070.9 real, 304.9 MB
[runlim] sample:		1041.1 time, 1080.9 real, 305.2 MB
[runlim] sample:		1051.1 time, 1090.9 real, 305.2 MB
[runlim] sample:		1061.1 time, 1100.9 real, 305.2 MB
[runlim] sample:		1071.1 time, 1110.9 real, 305.4 MB
[runlim] sample:		1081.1 time, 1120.9 real, 305.4 MB
[runlim] sample:		1091.1 time, 1130.9 real, 305.7 MB
[runlim] sample:		1101.1 time, 1140.9 real, 305.7 MB
[runlim] sample:		1111.1 time, 1150.9 real, 307.0 MB
[runlim] sample:		1121.1 time, 1160.9 real, 307.0 MB
[runlim] sample:		1131.1 time, 1170.9 real, 307.0 MB
[runlim] sample:		1141.1 time, 1180.9 real, 308.0 MB
[runlim] sample:		1151.1 time, 1190.9 real, 308.0 MB
[runlim] sample:		1161.0 time, 1200.9 real, 309.0 MB
[runlim] sample:		1171.0 time, 1210.9 real, 309.0 MB
[runlim] sample:		1181.0 time, 1220.9 real, 309.3 MB
[runlim] sample:		1191.0 time, 1230.9 real, 309.3 MB
[runlim] sample:		1201.0 time, 1240.9 real, 309.5 MB
[runlim] sample:		1211.0 time, 1250.9 real, 310.3 MB
[runlim] sample:		1221.0 time, 1260.9 real, 310.3 MB
[runlim] sample:		1231.0 time, 1270.9 real, 310.3 MB
[runlim] sample:		1241.0 time, 1280.9 real, 311.1 MB
[runlim] sample:		1251.0 time, 1290.9 real, 311.1 MB
[runlim] sample:		1261.0 time, 1300.9 real, 311.3 MB
[runlim] sample:		1271.0 time, 1310.9 real, 311.3 MB
[runlim] sample:		1281.0 time, 1320.9 real, 311.3 MB
[runlim] sample:		1291.0 time, 1330.9 real, 311.6 MB
[runlim] sample:		1301.0 time, 1340.9 real, 311.6 MB
[runlim] sample:		1311.0 time, 1350.9 real, 311.8 MB
[runlim] sample:		1321.0 time, 1360.9 real, 311.8 MB
[runlim] sample:		1331.0 time, 1370.9 real, 312.1 MB
[runlim] sample:		1341.0 time, 1380.9 real, 312.1 MB
[runlim] sample:		1351.0 time, 1390.9 real, 312.1 MB
[runlim] sample:		1361.0 time, 1400.9 real, 312.3 MB
[runlim] sample:		1371.0 time, 1410.9 real, 316.4 MB
[runlim] sample:		1381.0 time, 1420.9 real, 316.4 MB
[runlim] sample:		1391.0 time, 1430.9 real, 320.5 MB
[runlim] sample:		1401.0 time, 1440.9 real, 320.5 MB
[runlim] sample:		1411.0 time, 1450.9 real, 321.3 MB
[runlim] sample:		1421.0 time, 1460.9 real, 321.3 MB
[runlim] sample:		1431.0 time, 1470.9 real, 321.3 MB
[runlim] sample:		1440.9 time, 1480.9 real, 322.9 MB
[runlim] sample:		1450.9 time, 1490.9 real, 325.4 MB
[runlim] sample:		1460.9 time, 1500.9 real, 325.7 MB
[runlim] sample:		1470.9 time, 1510.9 real, 326.9 MB
[runlim] sample:		1480.9 time, 1520.9 real, 331.6 MB
[runlim] sample:		1490.9 time, 1530.9 real, 331.6 MB
[runlim] sample:		1500.9 time, 1540.9 real, 331.6 MB
[runlim] sample:		1510.9 time, 1550.9 real, 331.6 MB
[runlim] sample:		1520.9 time, 1560.9 real, 331.8 MB
[runlim] sample:		1530.9 time, 1570.9 real, 370.2 MB
[runlim] sample:		1540.9 time, 1580.9 real, 394.0 MB
[runlim] sample:		1550.9 time, 1590.9 real, 395.5 MB
[runlim] sample:		1560.9 time, 1600.9 real, 396.5 MB
[runlim] sample:		1570.9 time, 1610.9 real, 396.8 MB
[runlim] sample:		1580.9 time, 1620.9 real, 396.8 MB
[runlim] sample:		1590.9 time, 1630.9 real, 397.0 MB
[runlim] sample:		1600.9 time, 1640.9 real, 397.0 MB
[runlim] sample:		1610.9 time, 1650.9 real, 398.3 MB
[runlim] sample:		1620.9 time, 1660.9 real, 399.3 MB
[runlim] sample:		1630.9 time, 1670.9 real, 399.3 MB
[runlim] sample:		1640.9 time, 1680.9 real, 400.6 MB
[runlim] sample:		1650.9 time, 1690.9 real, 400.6 MB
[runlim] sample:		1660.8 time, 1700.9 real, 400.9 MB
[runlim] sample:		1670.8 time, 1710.9 real, 400.9 MB
[runlim] sample:		1680.8 time, 1720.9 real, 400.9 MB
[runlim] sample:		1690.8 time, 1730.9 real, 400.9 MB
[runlim] sample:		1700.8 time, 1740.9 real, 401.1 MB
[runlim] sample:		1710.8 time, 1750.9 real, 401.4 MB
[runlim] sample:		1720.8 time, 1760.9 real, 401.4 MB
[runlim] sample:		1730.8 time, 1770.9 real, 401.4 MB
[runlim] sample:		1740.8 time, 1780.9 real, 401.6 MB
[runlim] sample:		1750.8 time, 1790.9 real, 401.6 MB
[runlim] sample:		1760.8 time, 1800.9 real, 401.6 MB
[runlim] sample:		1770.8 time, 1810.9 real, 401.6 MB
[runlim] sample:		1780.8 time, 1820.9 real, 401.6 MB
[runlim] sample:		1790.8 time, 1830.9 real, 401.9 MB
CVC4 interrupted by SIGTERM.
[runlim] end:			Wed Feb  6 07:03:08 2019
[runlim] status:		out of time
[runlim] result:		2
[runlim] children:		0
[runlim] real:			1840.27 seconds
[runlim] time:			1800.09 seconds
[runlim] space:			401.9 MB
[runlim] samples:		18393
