[runlim] version:		1.10fixed
[runlim] time limit:		300 seconds
[runlim] real time limit:	311040000 seconds
[runlim] space limit:		4000 MB
[runlim] argv[0]:		./cvc4
[runlim] argv[1]:		--nl-ext-tplanes
[runlim] argv[2]:		--full-saturate-quant
[runlim] argv[3]:		--no-e-matching
[runlim] argv[4]:		/tmp/jh7zMiNn.smt2
[runlim] start:			Thu Feb 14 00:38:36 2019
[runlim] main pid:		484
[runlim] sample:		7.4 time, 10.7 real, 45.2 MB
[runlim] sample:		17.4 time, 20.7 real, 63.6 MB
[runlim] sample:		25.3 time, 30.7 real, 69.8 MB
[runlim] sample:		35.2 time, 40.7 real, 80.8 MB
[runlim] sample:		44.1 time, 50.7 real, 84.1 MB
[runlim] sample:		52.9 time, 60.7 real, 94.5 MB
[runlim] sample:		62.9 time, 70.7 real, 96.0 MB
[runlim] sample:		72.9 time, 80.7 real, 104.7 MB
[runlim] sample:		82.9 time, 90.7 real, 105.0 MB
[runlim] sample:		92.9 time, 100.7 real, 107.6 MB
[runlim] sample:		102.9 time, 110.7 real, 109.9 MB
[runlim] sample:		112.9 time, 120.7 real, 117.3 MB
[runlim] sample:		122.9 time, 130.7 real, 120.8 MB
[runlim] sample:		132.9 time, 140.7 real, 121.1 MB
[runlim] sample:		142.9 time, 150.7 real, 121.1 MB
[runlim] sample:		152.8 time, 160.7 real, 121.1 MB
[runlim] sample:		162.8 time, 170.7 real, 121.1 MB
[runlim] sample:		172.4 time, 180.7 real, 121.1 MB
[runlim] sample:		182.4 time, 190.7 real, 121.1 MB
[runlim] sample:		190.6 time, 200.7 real, 121.1 MB
[runlim] sample:		200.4 time, 210.7 real, 121.1 MB
[runlim] sample:		210.4 time, 220.7 real, 121.1 MB
[runlim] sample:		220.4 time, 230.7 real, 121.4 MB
[runlim] sample:		230.3 time, 240.7 real, 121.4 MB
[runlim] sample:		240.3 time, 250.7 real, 121.6 MB
[runlim] sample:		250.3 time, 260.7 real, 121.6 MB
[runlim] sample:		260.3 time, 270.7 real, 121.9 MB
[runlim] sample:		270.3 time, 280.7 real, 121.9 MB
[runlim] sample:		280.1 time, 290.7 real, 121.9 MB
[runlim] sample:		287.7 time, 300.7 real, 122.1 MB
[runlim] sample:		297.6 time, 310.7 real, 122.1 MB
[runlim] end:			Thu Feb 14 00:43:48 2019
[runlim] status:		signal(9)
[runlim] result:		11
[runlim] children:		0
[runlim] real:			312.99 seconds
[runlim] time:			299.82 seconds
[runlim] space:			122.1 MB
[runlim] samples:		3122
