[runlim] version:		1.10fixed
[runlim] time limit:		300 seconds
[runlim] real time limit:	311040000 seconds
[runlim] space limit:		4000 MB
[runlim] argv[0]:		./cvc4
[runlim] argv[1]:		--nl-ext-tplanes
[runlim] argv[2]:		--full-saturate-quant
[runlim] argv[3]:		--no-e-matching
[runlim] argv[4]:		/tmp/JKVSCjGn.smt2
[runlim] start:			Thu Feb 14 00:38:22 2019
[runlim] main pid:		10670
[runlim] sample:		9.3 time, 10.7 real, 48.7 MB
[runlim] end:			Thu Feb 14 00:38:33 2019
[runlim] status:		ok
[runlim] result:		0
[runlim] children:		0
[runlim] real:			11.69 seconds
[runlim] time:			10.24 seconds
[runlim] space:			48.7 MB
[runlim] samples:		110
