[runlim] version:		1.10fixed
[runlim] time limit:		1800 seconds
[runlim] real time limit:	311040000 seconds
[runlim] space limit:		4000 MB
[runlim] argv[0]:		./cvc4
[runlim] argv[1]:		--nl-ext-tplanes
[runlim] argv[2]:		--full-saturate-quant
[runlim] argv[3]:		--no-e-matching
[runlim] argv[4]:		/tmp/bIjyZ2fa.smt2
[runlim] start:			Sat Feb  9 01:24:41 2019
[runlim] main pid:		16328
[runlim] sample:		8.8 time, 10.8 real, 47.5 MB
[runlim] sample:		18.8 time, 20.8 real, 48.2 MB
[runlim] sample:		28.8 time, 30.8 real, 49.8 MB
[runlim] sample:		38.8 time, 40.8 real, 51.1 MB
[runlim] sample:		48.8 time, 50.8 real, 52.6 MB
[runlim] sample:		58.8 time, 60.8 real, 53.7 MB
[runlim] sample:		68.8 time, 70.8 real, 55.2 MB
[runlim] sample:		78.8 time, 80.8 real, 56.2 MB
[runlim] sample:		88.8 time, 90.8 real, 57.3 MB
[runlim] sample:		98.8 time, 100.8 real, 58.8 MB
[runlim] sample:		108.0 time, 110.8 real, 59.8 MB
[runlim] sample:		115.6 time, 120.8 real, 60.9 MB
[runlim] sample:		123.1 time, 130.8 real, 61.4 MB
[runlim] sample:		132.3 time, 140.8 real, 62.7 MB
[runlim] sample:		142.3 time, 150.8 real, 64.2 MB
[runlim] sample:		152.3 time, 160.8 real, 65.5 MB
[runlim] sample:		162.3 time, 170.8 real, 66.3 MB
[runlim] sample:		172.3 time, 180.8 real, 67.6 MB
[runlim] sample:		180.3 time, 190.8 real, 68.1 MB
[runlim] sample:		189.8 time, 200.8 real, 69.6 MB
[runlim] sample:		199.3 time, 210.8 real, 70.6 MB
[runlim] sample:		207.7 time, 220.8 real, 71.7 MB
[runlim] sample:		215.1 time, 230.8 real, 73.0 MB
[runlim] sample:		222.6 time, 240.8 real, 73.5 MB
[runlim] sample:		232.1 time, 250.8 real, 74.5 MB
[runlim] sample:		242.1 time, 260.8 real, 75.5 MB
[runlim] sample:		252.1 time, 270.8 real, 76.6 MB
[runlim] sample:		262.1 time, 280.8 real, 77.9 MB
[runlim] sample:		272.1 time, 290.8 real, 78.9 MB
[runlim] sample:		282.1 time, 300.8 real, 80.0 MB
[runlim] sample:		292.1 time, 310.8 real, 81.2 MB
[runlim] sample:		302.1 time, 320.8 real, 82.0 MB
[runlim] sample:		311.8 time, 330.8 real, 83.1 MB
[runlim] sample:		321.2 time, 340.8 real, 84.1 MB
[runlim] sample:		331.2 time, 350.8 real, 85.1 MB
[runlim] sample:		341.2 time, 360.8 real, 86.1 MB
[runlim] sample:		351.2 time, 370.8 real, 86.9 MB
[runlim] sample:		361.2 time, 380.8 real, 88.0 MB
[runlim] sample:		371.2 time, 390.8 real, 88.7 MB
[runlim] sample:		381.2 time, 400.8 real, 89.8 MB
[runlim] sample:		391.2 time, 410.8 real, 90.5 MB
[runlim] sample:		401.2 time, 420.8 real, 91.6 MB
[runlim] sample:		411.2 time, 430.8 real, 92.3 MB
[runlim] sample:		421.2 time, 440.8 real, 93.1 MB
[runlim] sample:		431.2 time, 450.8 real, 94.1 MB
[runlim] sample:		441.2 time, 460.8 real, 94.9 MB
[runlim] sample:		451.2 time, 470.8 real, 95.8 MB
[runlim] sample:		460.8 time, 480.8 real, 96.3 MB
[runlim] sample:		470.5 time, 490.8 real, 97.4 MB
[runlim] sample:		480.2 time, 500.8 real, 98.4 MB
[runlim] sample:		489.8 time, 510.8 real, 98.9 MB
[runlim] sample:		498.6 time, 520.8 real, 99.9 MB
[runlim] sample:		508.3 time, 530.8 real, 100.7 MB
[runlim] sample:		518.0 time, 540.8 real, 101.5 MB
[runlim] sample:		527.6 time, 550.8 real, 102.5 MB
[runlim] sample:		537.3 time, 560.8 real, 103.0 MB
[runlim] sample:		547.0 time, 570.8 real, 104.1 MB
[runlim] sample:		556.6 time, 580.8 real, 104.8 MB
[runlim] sample:		566.3 time, 590.8 real, 105.9 MB
[runlim] sample:		575.5 time, 600.8 real, 106.4 MB
[runlim] sample:		585.4 time, 610.8 real, 108.2 MB
[runlim] sample:		595.4 time, 620.8 real, 109.2 MB
[runlim] sample:		605.4 time, 630.8 real, 111.8 MB
[runlim] sample:		615.4 time, 640.8 real, 111.8 MB
[runlim] sample:		625.4 time, 650.8 real, 112.6 MB
[runlim] sample:		635.4 time, 660.8 real, 113.4 MB
[runlim] sample:		645.4 time, 670.8 real, 114.7 MB
[runlim] sample:		655.4 time, 680.8 real, 115.7 MB
[runlim] sample:		665.4 time, 690.8 real, 116.2 MB
[runlim] sample:		675.4 time, 700.8 real, 117.3 MB
[runlim] sample:		685.4 time, 710.8 real, 117.8 MB
[runlim] sample:		695.4 time, 720.8 real, 118.6 MB
[runlim] sample:		705.4 time, 730.8 real, 119.9 MB
[runlim] sample:		715.4 time, 740.8 real, 120.6 MB
[runlim] sample:		725.4 time, 750.8 real, 121.4 MB
[runlim] sample:		735.4 time, 760.8 real, 122.4 MB
[runlim] sample:		745.4 time, 770.8 real, 123.0 MB
[runlim] sample:		755.4 time, 780.8 real, 123.7 MB
[runlim] sample:		764.8 time, 790.8 real, 124.5 MB
[runlim] sample:		773.1 time, 800.8 real, 125.0 MB
[runlim] sample:		781.5 time, 810.8 real, 125.5 MB
[runlim] sample:		789.8 time, 820.8 real, 126.3 MB
[runlim] sample:		798.1 time, 830.8 real, 126.6 MB
[runlim] sample:		807.3 time, 840.8 real, 127.3 MB
[runlim] sample:		817.0 time, 850.8 real, 128.1 MB
[runlim] sample:		826.6 time, 860.8 real, 128.6 MB
[runlim] sample:		836.3 time, 870.8 real, 129.4 MB
[runlim] sample:		846.0 time, 880.8 real, 130.2 MB
[runlim] sample:		855.6 time, 890.8 real, 130.7 MB
[runlim] sample:		865.3 time, 900.8 real, 131.2 MB
[runlim] sample:		873.9 time, 910.8 real, 132.2 MB
[runlim] sample:		883.3 time, 920.8 real, 133.5 MB
[runlim] sample:		893.3 time, 930.8 real, 133.8 MB
[runlim] sample:		903.3 time, 940.8 real, 134.8 MB
[runlim] sample:		913.3 time, 950.8 real, 135.6 MB
[runlim] sample:		922.1 time, 960.8 real, 135.8 MB
[runlim] sample:		931.8 time, 970.8 real, 136.6 MB
[runlim] sample:		941.5 time, 980.8 real, 137.4 MB
[runlim] sample:		951.1 time, 990.8 real, 137.9 MB
[runlim] sample:		960.8 time, 1000.8 real, 138.9 MB
[runlim] sample:		970.4 time, 1010.8 real, 139.4 MB
[runlim] sample:		980.1 time, 1020.8 real, 140.0 MB
[runlim] sample:		989.8 time, 1030.8 real, 140.7 MB
[runlim] sample:		998.5 time, 1040.8 real, 141.5 MB
[runlim] sample:		1007.4 time, 1050.8 real, 142.0 MB
[runlim] sample:		1016.0 time, 1060.8 real, 142.5 MB
[runlim] sample:		1024.8 time, 1070.8 real, 143.1 MB
[runlim] sample:		1033.4 time, 1080.8 real, 143.8 MB
[runlim] sample:		1042.3 time, 1090.8 real, 144.1 MB
[runlim] sample:		1051.2 time, 1100.8 real, 144.6 MB
[runlim] sample:		1059.9 time, 1110.8 real, 145.4 MB
[runlim] sample:		1068.5 time, 1120.8 real, 147.1 MB
[runlim] sample:		1077.1 time, 1130.8 real, 147.3 MB
[runlim] sample:		1086.4 time, 1140.8 real, 147.8 MB
[runlim] sample:		1095.3 time, 1150.8 real, 148.6 MB
[runlim] sample:		1104.4 time, 1160.8 real, 149.1 MB
[runlim] sample:		1114.2 time, 1170.8 real, 149.6 MB
[runlim] sample:		1122.3 time, 1180.8 real, 150.1 MB
[runlim] sample:		1131.3 time, 1190.8 real, 150.9 MB
[runlim] sample:		1140.8 time, 1200.8 real, 151.2 MB
[runlim] sample:		1150.0 time, 1210.8 real, 151.7 MB
[runlim] sample:		1158.1 time, 1220.8 real, 152.2 MB
[runlim] sample:		1166.7 time, 1230.8 real, 153.8 MB
[runlim] sample:		1174.8 time, 1240.8 real, 153.8 MB
[runlim] sample:		1183.1 time, 1250.8 real, 153.8 MB
[runlim] sample:		1192.1 time, 1260.8 real, 154.3 MB
[runlim] sample:		1201.8 time, 1270.8 real, 155.0 MB
[runlim] sample:		1210.8 time, 1280.8 real, 155.3 MB
[runlim] sample:		1220.8 time, 1290.8 real, 156.1 MB
[runlim] sample:		1230.8 time, 1300.8 real, 156.9 MB
[runlim] sample:		1240.8 time, 1310.8 real, 157.4 MB
[runlim] sample:		1250.8 time, 1320.8 real, 157.9 MB
[runlim] sample:		1260.8 time, 1330.8 real, 158.4 MB
[runlim] sample:		1270.8 time, 1340.8 real, 159.2 MB
[runlim] sample:		1280.7 time, 1350.8 real, 159.4 MB
[runlim] sample:		1290.7 time, 1360.8 real, 160.2 MB
[runlim] sample:		1300.7 time, 1370.8 real, 161.0 MB
[runlim] sample:		1310.2 time, 1380.8 real, 161.5 MB
[runlim] sample:		1319.5 time, 1390.8 real, 161.7 MB
[runlim] sample:		1328.8 time, 1400.8 real, 162.3 MB
[runlim] sample:		1338.2 time, 1410.8 real, 163.0 MB
[runlim] sample:		1348.2 time, 1420.8 real, 163.6 MB
[runlim] sample:		1358.2 time, 1430.8 real, 164.1 MB
[runlim] sample:		1368.2 time, 1440.8 real, 164.6 MB
[runlim] sample:		1378.2 time, 1450.8 real, 165.4 MB
[runlim] sample:		1388.2 time, 1460.8 real, 165.6 MB
[runlim] sample:		1398.2 time, 1470.8 real, 166.1 MB
[runlim] sample:		1408.2 time, 1480.8 real, 166.9 MB
[runlim] sample:		1418.2 time, 1490.8 real, 167.7 MB
[runlim] sample:		1428.2 time, 1500.8 real, 167.9 MB
[runlim] sample:		1438.2 time, 1510.8 real, 168.4 MB
[runlim] sample:		1448.2 time, 1520.8 real, 169.2 MB
[runlim] sample:		1458.2 time, 1530.8 real, 169.7 MB
[runlim] sample:		1468.2 time, 1540.8 real, 170.2 MB
[runlim] sample:		1478.2 time, 1550.8 real, 170.8 MB
[runlim] sample:		1488.2 time, 1560.8 real, 171.5 MB
[runlim] sample:		1498.2 time, 1570.8 real, 172.0 MB
[runlim] sample:		1508.2 time, 1580.8 real, 172.3 MB
[runlim] sample:		1518.2 time, 1590.8 real, 173.1 MB
[runlim] sample:		1528.2 time, 1600.8 real, 173.6 MB
[runlim] sample:		1538.2 time, 1610.8 real, 174.4 MB
[runlim] sample:		1548.2 time, 1620.8 real, 174.9 MB
[runlim] sample:		1558.2 time, 1630.8 real, 175.4 MB
[runlim] sample:		1568.2 time, 1640.8 real, 176.2 MB
[runlim] sample:		1578.2 time, 1650.8 real, 176.4 MB
[runlim] sample:		1588.2 time, 1660.8 real, 176.9 MB
[runlim] sample:		1598.2 time, 1670.8 real, 177.5 MB
[runlim] sample:		1608.2 time, 1680.8 real, 178.2 MB
[runlim] sample:		1618.2 time, 1690.8 real, 178.5 MB
[runlim] sample:		1628.2 time, 1700.8 real, 179.0 MB
[runlim] sample:		1638.2 time, 1710.8 real, 179.5 MB
[runlim] sample:		1648.2 time, 1720.8 real, 180.3 MB
[runlim] sample:		1658.2 time, 1730.8 real, 180.5 MB
[runlim] sample:		1668.1 time, 1740.8 real, 181.1 MB
[runlim] sample:		1678.2 time, 1750.8 real, 182.3 MB
[runlim] sample:		1688.2 time, 1760.8 real, 182.9 MB
[runlim] sample:		1698.1 time, 1770.8 real, 182.9 MB
[runlim] sample:		1708.1 time, 1780.8 real, 183.1 MB
[runlim] sample:		1718.1 time, 1790.8 real, 183.6 MB
[runlim] sample:		1728.1 time, 1800.8 real, 184.2 MB
[runlim] sample:		1738.1 time, 1810.8 real, 184.4 MB
[runlim] sample:		1748.1 time, 1820.8 real, 184.9 MB
[runlim] sample:		1758.1 time, 1830.8 real, 185.7 MB
[runlim] sample:		1768.1 time, 1840.8 real, 186.2 MB
[runlim] sample:		1778.1 time, 1850.8 real, 186.7 MB
[runlim] sample:		1788.1 time, 1860.8 real, 187.0 MB
[runlim] end:			Sat Feb  9 01:55:42 2019
[runlim] status:		signal(9)
[runlim] result:		11
[runlim] children:		0
[runlim] real:			1861.32 seconds
[runlim] time:			1788.64 seconds
[runlim] space:			187.0 MB
[runlim] samples:		18605
