[runlim] version:		1.10fixed
[runlim] time limit:		1800 seconds
[runlim] real time limit:	311040000 seconds
[runlim] space limit:		4000 MB
[runlim] argv[0]:		./cvc4
[runlim] argv[1]:		--nl-ext-tplanes
[runlim] argv[2]:		--full-saturate-quant
[runlim] argv[3]:		--no-e-matching
[runlim] argv[4]:		/tmp/SW3APovI.smt2
[runlim] start:			Sat Feb  9 14:34:30 2019
[runlim] main pid:		29965
[runlim] sample:		10.0 time, 10.9 real, 53.3 MB
[runlim] sample:		20.0 time, 20.9 real, 61.1 MB
[runlim] sample:		29.8 time, 30.9 real, 72.9 MB
[runlim] sample:		39.7 time, 40.9 real, 81.3 MB
[runlim] sample:		49.6 time, 50.9 real, 85.7 MB
[runlim] sample:		57.9 time, 60.9 real, 89.3 MB
[runlim] sample:		66.4 time, 70.9 real, 94.7 MB
[runlim] sample:		74.9 time, 80.9 real, 97.8 MB
[runlim] sample:		83.7 time, 90.9 real, 100.7 MB
[runlim] sample:		92.3 time, 100.9 real, 103.2 MB
[runlim] sample:		101.1 time, 110.9 real, 105.3 MB
[runlim] sample:		109.2 time, 120.9 real, 108.7 MB
[runlim] sample:		118.2 time, 130.9 real, 110.0 MB
[runlim] sample:		127.9 time, 140.9 real, 115.9 MB
[runlim] sample:		137.2 time, 150.9 real, 116.9 MB
[runlim] sample:		145.2 time, 160.9 real, 118.2 MB
[runlim] sample:		154.8 time, 170.9 real, 120.8 MB
[runlim] sample:		164.5 time, 180.9 real, 121.3 MB
[runlim] sample:		172.7 time, 190.9 real, 123.0 MB
[runlim] sample:		182.7 time, 200.9 real, 125.8 MB
[runlim] sample:		191.1 time, 210.9 real, 126.6 MB
[runlim] sample:		199.2 time, 220.9 real, 127.9 MB
[runlim] sample:		207.6 time, 230.9 real, 129.5 MB
[runlim] sample:		216.0 time, 240.9 real, 133.0 MB
[runlim] sample:		225.0 time, 250.9 real, 134.3 MB
[runlim] sample:		233.3 time, 260.9 real, 134.8 MB
[runlim] sample:		242.3 time, 270.9 real, 139.5 MB
[runlim] sample:		251.9 time, 280.9 real, 139.7 MB
[runlim] sample:		261.6 time, 290.9 real, 139.9 MB
[runlim] sample:		271.5 time, 300.9 real, 145.8 MB
[runlim] sample:		281.5 time, 310.9 real, 147.1 MB
[runlim] sample:		291.5 time, 320.9 real, 149.5 MB
[runlim] sample:		301.5 time, 330.9 real, 150.0 MB
[runlim] sample:		311.5 time, 340.9 real, 151.3 MB
[runlim] sample:		321.5 time, 350.9 real, 151.5 MB
[runlim] sample:		331.5 time, 360.9 real, 153.9 MB
[runlim] sample:		341.5 time, 370.9 real, 154.9 MB
[runlim] sample:		351.5 time, 380.9 real, 155.4 MB
[runlim] sample:		361.5 time, 390.9 real, 156.1 MB
[runlim] sample:		371.5 time, 400.9 real, 156.3 MB
[runlim] sample:		381.5 time, 410.9 real, 156.8 MB
[runlim] sample:		391.5 time, 420.9 real, 161.7 MB
[runlim] sample:		401.5 time, 430.9 real, 161.9 MB
[runlim] sample:		411.5 time, 440.9 real, 162.2 MB
[runlim] sample:		421.5 time, 450.9 real, 162.4 MB
[runlim] sample:		431.5 time, 460.9 real, 162.7 MB
[runlim] sample:		441.5 time, 470.9 real, 162.9 MB
[runlim] sample:		451.5 time, 480.9 real, 163.6 MB
[runlim] sample:		461.5 time, 490.9 real, 164.4 MB
[runlim] sample:		471.5 time, 500.9 real, 164.7 MB
[runlim] sample:		481.5 time, 510.9 real, 165.2 MB
[runlim] sample:		491.5 time, 520.9 real, 166.0 MB
[runlim] sample:		501.5 time, 530.9 real, 166.5 MB
[runlim] sample:		511.5 time, 540.9 real, 167.0 MB
[runlim] sample:		521.5 time, 550.9 real, 168.0 MB
[runlim] sample:		531.5 time, 560.9 real, 168.5 MB
[runlim] sample:		541.5 time, 570.9 real, 169.2 MB
[runlim] sample:		551.5 time, 580.9 real, 169.5 MB
[runlim] sample:		561.5 time, 590.9 real, 171.3 MB
[runlim] sample:		571.5 time, 600.9 real, 172.0 MB
[runlim] sample:		581.5 time, 610.9 real, 172.3 MB
[runlim] sample:		591.5 time, 620.9 real, 172.5 MB
[runlim] sample:		601.5 time, 630.9 real, 173.0 MB
[runlim] sample:		611.5 time, 640.9 real, 175.8 MB
[runlim] sample:		621.5 time, 650.9 real, 176.3 MB
[runlim] sample:		631.5 time, 660.9 real, 176.3 MB
[runlim] sample:		641.5 time, 670.9 real, 176.8 MB
[runlim] sample:		651.5 time, 680.9 real, 177.0 MB
[runlim] sample:		661.5 time, 690.9 real, 177.2 MB
[runlim] sample:		671.5 time, 700.9 real, 178.5 MB
[runlim] sample:		681.5 time, 710.9 real, 178.7 MB
[runlim] sample:		691.5 time, 720.9 real, 179.0 MB
[runlim] sample:		701.5 time, 730.9 real, 179.5 MB
[runlim] sample:		711.5 time, 740.9 real, 179.7 MB
[runlim] sample:		721.5 time, 750.9 real, 180.0 MB
[runlim] sample:		731.5 time, 760.9 real, 182.1 MB
[runlim] sample:		741.5 time, 770.9 real, 182.3 MB
[runlim] sample:		751.4 time, 780.9 real, 182.8 MB
[runlim] sample:		761.4 time, 790.9 real, 184.6 MB
[runlim] sample:		771.5 time, 800.9 real, 185.0 MB
[runlim] sample:		781.5 time, 810.9 real, 186.1 MB
[runlim] sample:		791.4 time, 820.9 real, 186.3 MB
[runlim] sample:		801.4 time, 830.9 real, 188.1 MB
[runlim] sample:		811.4 time, 840.9 real, 188.6 MB
[runlim] sample:		821.4 time, 850.9 real, 188.8 MB
[runlim] sample:		831.4 time, 860.9 real, 190.1 MB
[runlim] sample:		841.4 time, 870.9 real, 190.5 MB
[runlim] sample:		851.4 time, 880.9 real, 190.8 MB
[runlim] sample:		861.4 time, 890.9 real, 191.3 MB
[runlim] sample:		871.4 time, 900.9 real, 192.3 MB
[runlim] sample:		881.4 time, 910.9 real, 194.4 MB
[runlim] sample:		891.4 time, 920.9 real, 194.6 MB
[runlim] sample:		901.4 time, 930.9 real, 194.6 MB
[runlim] sample:		911.4 time, 940.9 real, 194.9 MB
[runlim] sample:		921.4 time, 950.9 real, 196.6 MB
[runlim] sample:		931.4 time, 960.9 real, 210.0 MB
[runlim] sample:		941.4 time, 970.9 real, 211.0 MB
[runlim] sample:		951.4 time, 980.9 real, 215.3 MB
[runlim] sample:		961.4 time, 990.9 real, 218.3 MB
[runlim] sample:		971.4 time, 1000.9 real, 219.6 MB
[runlim] sample:		981.4 time, 1010.9 real, 220.9 MB
[runlim] sample:		991.4 time, 1020.9 real, 224.1 MB
[runlim] sample:		1001.4 time, 1030.9 real, 224.9 MB
[runlim] sample:		1011.4 time, 1040.9 real, 225.6 MB
[runlim] sample:		1021.4 time, 1050.9 real, 226.1 MB
[runlim] sample:		1031.4 time, 1060.9 real, 226.3 MB
[runlim] sample:		1041.4 time, 1070.9 real, 227.0 MB
[runlim] sample:		1051.4 time, 1080.9 real, 228.2 MB
[runlim] sample:		1061.4 time, 1090.9 real, 229.0 MB
[runlim] sample:		1071.4 time, 1100.9 real, 229.7 MB
[runlim] sample:		1081.4 time, 1110.9 real, 230.4 MB
[runlim] sample:		1091.4 time, 1120.9 real, 230.9 MB
[runlim] sample:		1101.4 time, 1130.9 real, 231.2 MB
[runlim] sample:		1111.4 time, 1140.9 real, 234.7 MB
[runlim] sample:		1121.4 time, 1150.9 real, 235.5 MB
[runlim] sample:		1131.4 time, 1160.9 real, 236.2 MB
[runlim] sample:		1141.4 time, 1170.9 real, 236.7 MB
[runlim] sample:		1151.4 time, 1180.9 real, 236.9 MB
[runlim] sample:		1161.4 time, 1190.9 real, 237.2 MB
[runlim] sample:		1171.4 time, 1200.9 real, 238.1 MB
[runlim] sample:		1181.4 time, 1210.9 real, 238.8 MB
[runlim] sample:		1191.4 time, 1220.9 real, 239.6 MB
[runlim] sample:		1201.4 time, 1230.9 real, 240.1 MB
[runlim] sample:		1211.4 time, 1240.9 real, 240.6 MB
[runlim] sample:		1221.4 time, 1250.9 real, 241.6 MB
[runlim] sample:		1231.3 time, 1260.9 real, 242.0 MB
[runlim] sample:		1241.3 time, 1270.9 real, 242.5 MB
[runlim] sample:		1251.3 time, 1280.9 real, 244.1 MB
[runlim] sample:		1261.3 time, 1290.9 real, 244.8 MB
[runlim] sample:		1271.3 time, 1300.9 real, 245.6 MB
[runlim] sample:		1281.3 time, 1310.9 real, 246.3 MB
[runlim] sample:		1291.3 time, 1320.9 real, 248.3 MB
[runlim] sample:		1301.3 time, 1330.9 real, 249.3 MB
[runlim] sample:		1311.3 time, 1340.9 real, 250.1 MB
[runlim] sample:		1321.3 time, 1350.9 real, 253.4 MB
[runlim] sample:		1331.3 time, 1360.9 real, 254.6 MB
[runlim] sample:		1341.3 time, 1370.9 real, 255.3 MB
[runlim] sample:		1351.3 time, 1380.9 real, 256.6 MB
[runlim] sample:		1361.3 time, 1390.9 real, 257.6 MB
[runlim] sample:		1371.3 time, 1400.9 real, 258.6 MB
[runlim] sample:		1381.3 time, 1410.9 real, 259.1 MB
[runlim] sample:		1391.3 time, 1420.9 real, 260.1 MB
[runlim] sample:		1401.3 time, 1430.9 real, 262.6 MB
[runlim] sample:		1411.3 time, 1440.9 real, 264.0 MB
[runlim] sample:		1421.3 time, 1450.9 real, 264.8 MB
[runlim] sample:		1431.3 time, 1460.9 real, 265.8 MB
[runlim] sample:		1441.3 time, 1470.9 real, 266.8 MB
[runlim] sample:		1451.3 time, 1480.9 real, 267.5 MB
[runlim] sample:		1461.3 time, 1490.9 real, 268.0 MB
[runlim] sample:		1471.3 time, 1500.9 real, 268.5 MB
[runlim] sample:		1481.3 time, 1510.9 real, 270.0 MB
[runlim] sample:		1491.3 time, 1520.9 real, 271.2 MB
[runlim] sample:		1501.3 time, 1530.9 real, 272.1 MB
[runlim] sample:		1511.3 time, 1540.9 real, 273.4 MB
[runlim] sample:		1521.3 time, 1550.9 real, 274.4 MB
[runlim] sample:		1531.3 time, 1560.9 real, 275.1 MB
[runlim] sample:		1541.3 time, 1570.9 real, 275.6 MB
[runlim] sample:		1551.3 time, 1580.9 real, 276.1 MB
[runlim] sample:		1561.3 time, 1590.9 real, 277.3 MB
[runlim] sample:		1571.3 time, 1600.9 real, 278.5 MB
[runlim] sample:		1581.3 time, 1610.9 real, 280.0 MB
[runlim] sample:		1591.3 time, 1620.9 real, 281.0 MB
[runlim] sample:		1601.3 time, 1630.9 real, 282.0 MB
[runlim] sample:		1611.3 time, 1640.9 real, 283.0 MB
[runlim] sample:		1621.3 time, 1650.9 real, 283.2 MB
[runlim] sample:		1631.3 time, 1660.9 real, 283.7 MB
[runlim] sample:		1641.3 time, 1670.9 real, 285.4 MB
[runlim] sample:		1651.3 time, 1680.9 real, 286.6 MB
[runlim] sample:		1661.3 time, 1690.9 real, 287.3 MB
[runlim] sample:		1671.3 time, 1700.9 real, 288.3 MB
[runlim] sample:		1681.3 time, 1710.9 real, 289.1 MB
[runlim] sample:		1691.3 time, 1720.9 real, 289.8 MB
[runlim] sample:		1701.3 time, 1730.9 real, 290.3 MB
[runlim] sample:		1711.3 time, 1740.9 real, 291.1 MB
[runlim] sample:		1721.3 time, 1750.9 real, 292.3 MB
[runlim] sample:		1731.3 time, 1760.9 real, 293.3 MB
[runlim] sample:		1741.3 time, 1770.9 real, 294.0 MB
[runlim] sample:		1751.3 time, 1780.9 real, 295.3 MB
[runlim] sample:		1761.3 time, 1790.9 real, 296.2 MB
[runlim] sample:		1771.2 time, 1800.9 real, 296.9 MB
[runlim] sample:		1781.2 time, 1810.9 real, 297.4 MB
[runlim] sample:		1791.2 time, 1820.9 real, 297.9 MB
CVC4 interrupted by SIGTERM.
[runlim] end:			Sat Feb  9 15:04:59 2019
[runlim] status:		out of time
[runlim] result:		2
[runlim] children:		0
[runlim] real:			1829.76 seconds
[runlim] time:			1800.05 seconds
[runlim] space:			298.9 MB
[runlim] samples:		18288
