[runlim] version:		1.10fixed
[runlim] time limit:		1800 seconds
[runlim] real time limit:	311040000 seconds
[runlim] space limit:		4000 MB
[runlim] argv[0]:		./cvc4
[runlim] argv[1]:		--nl-ext-tplanes
[runlim] argv[2]:		--full-saturate-quant
[runlim] argv[3]:		--no-e-matching
[runlim] argv[4]:		/tmp/RDiJvbOt.smt2
[runlim] start:			Sat Feb  9 14:34:30 2019
[runlim] main pid:		12245
[runlim] sample:		10.0 time, 10.9 real, 52.5 MB
[runlim] sample:		18.6 time, 20.9 real, 64.1 MB
[runlim] sample:		26.7 time, 30.9 real, 71.2 MB
[runlim] sample:		35.5 time, 40.9 real, 77.6 MB
[runlim] sample:		45.5 time, 50.9 real, 88.2 MB
[runlim] sample:		55.5 time, 60.9 real, 94.1 MB
[runlim] sample:		65.5 time, 70.9 real, 99.1 MB
[runlim] sample:		75.4 time, 80.9 real, 102.2 MB
[runlim] sample:		85.4 time, 90.9 real, 106.3 MB
[runlim] sample:		95.4 time, 100.9 real, 109.8 MB
[runlim] sample:		105.4 time, 110.9 real, 112.9 MB
[runlim] sample:		114.9 time, 120.9 real, 116.3 MB
[runlim] sample:		123.0 time, 130.9 real, 118.8 MB
[runlim] sample:		131.2 time, 140.9 real, 120.1 MB
[runlim] sample:		140.0 time, 150.9 real, 122.7 MB
[runlim] sample:		150.0 time, 160.9 real, 125.5 MB
[runlim] sample:		160.0 time, 170.9 real, 128.6 MB
[runlim] sample:		169.2 time, 180.9 real, 130.7 MB
[runlim] sample:		178.9 time, 190.9 real, 134.3 MB
[runlim] sample:		188.9 time, 200.9 real, 135.8 MB
[runlim] sample:		198.9 time, 210.9 real, 138.9 MB
[runlim] sample:		208.9 time, 220.9 real, 141.8 MB
[runlim] sample:		218.9 time, 230.9 real, 143.7 MB
[runlim] sample:		228.9 time, 240.9 real, 146.0 MB
[runlim] sample:		238.9 time, 250.9 real, 148.0 MB
[runlim] sample:		248.9 time, 260.9 real, 150.3 MB
[runlim] sample:		258.9 time, 270.9 real, 150.6 MB
[runlim] sample:		268.6 time, 280.9 real, 152.7 MB
[runlim] sample:		277.8 time, 290.9 real, 154.2 MB
[runlim] sample:		286.6 time, 300.9 real, 155.8 MB
[runlim] sample:		295.8 time, 310.9 real, 158.7 MB
[runlim] sample:		303.7 time, 320.9 real, 163.1 MB
[runlim] sample:		311.8 time, 330.9 real, 169.8 MB
[runlim] sample:		320.7 time, 340.9 real, 170.8 MB
[runlim] sample:		329.5 time, 350.9 real, 173.1 MB
[runlim] sample:		337.7 time, 360.9 real, 173.4 MB
[runlim] sample:		346.8 time, 370.9 real, 175.2 MB
[runlim] sample:		356.8 time, 380.9 real, 178.7 MB
[runlim] sample:		366.8 time, 390.9 real, 181.0 MB
[runlim] sample:		376.8 time, 400.9 real, 182.6 MB
[runlim] sample:		386.8 time, 410.9 real, 184.4 MB
[runlim] sample:		396.8 time, 420.9 real, 187.0 MB
[runlim] sample:		406.8 time, 430.9 real, 187.2 MB
[runlim] sample:		416.8 time, 440.9 real, 190.0 MB
[runlim] sample:		426.8 time, 450.9 real, 191.6 MB
[runlim] sample:		436.8 time, 460.9 real, 192.9 MB
[runlim] sample:		446.8 time, 470.9 real, 194.2 MB
[runlim] sample:		456.8 time, 480.9 real, 196.0 MB
[runlim] sample:		466.8 time, 490.9 real, 197.2 MB
[runlim] sample:		476.8 time, 500.9 real, 199.3 MB
[runlim] sample:		486.7 time, 510.9 real, 200.3 MB
[runlim] sample:		495.4 time, 520.9 real, 204.7 MB
[runlim] sample:		504.8 time, 530.9 real, 207.0 MB
[runlim] sample:		514.4 time, 540.9 real, 209.6 MB
[runlim] sample:		524.0 time, 550.9 real, 217.9 MB
[runlim] sample:		532.7 time, 560.9 real, 244.4 MB
[runlim] sample:		541.7 time, 570.9 real, 244.9 MB
[runlim] sample:		550.0 time, 580.9 real, 245.1 MB
[runlim] sample:		559.6 time, 590.9 real, 245.9 MB
[runlim] sample:		569.6 time, 600.9 real, 245.9 MB
[runlim] sample:		579.6 time, 610.9 real, 246.2 MB
[runlim] sample:		589.6 time, 620.9 real, 246.4 MB
[runlim] sample:		599.6 time, 630.9 real, 246.7 MB
[runlim] sample:		609.1 time, 640.9 real, 247.2 MB
[runlim] sample:		619.0 time, 650.9 real, 247.2 MB
[runlim] sample:		628.9 time, 660.9 real, 247.5 MB
[runlim] sample:		638.9 time, 670.9 real, 247.7 MB
[runlim] sample:		648.4 time, 680.9 real, 248.0 MB
[runlim] sample:		657.3 time, 690.9 real, 248.7 MB
[runlim] sample:		667.3 time, 700.9 real, 248.7 MB
[runlim] sample:		676.7 time, 710.9 real, 249.8 MB
[runlim] sample:		686.7 time, 720.9 real, 250.8 MB
[runlim] sample:		696.7 time, 730.9 real, 250.8 MB
[runlim] sample:		706.7 time, 740.9 real, 251.0 MB
[runlim] sample:		716.7 time, 750.9 real, 251.0 MB
[runlim] sample:		726.7 time, 760.9 real, 251.3 MB
[runlim] sample:		735.6 time, 770.9 real, 251.3 MB
[runlim] sample:		745.5 time, 780.9 real, 254.6 MB
[runlim] sample:		755.5 time, 790.9 real, 255.4 MB
[runlim] sample:		765.5 time, 800.9 real, 260.3 MB
[runlim] sample:		775.5 time, 810.9 real, 260.5 MB
[runlim] sample:		785.5 time, 820.9 real, 263.3 MB
[runlim] sample:		795.5 time, 830.9 real, 264.1 MB
[runlim] sample:		805.5 time, 840.9 real, 264.6 MB
[runlim] sample:		815.5 time, 850.9 real, 265.4 MB
[runlim] sample:		825.5 time, 860.9 real, 287.1 MB
[runlim] sample:		833.9 time, 870.9 real, 316.6 MB
[runlim] sample:		842.3 time, 880.9 real, 317.4 MB
[runlim] sample:		851.3 time, 890.9 real, 317.6 MB
[runlim] sample:		861.3 time, 900.9 real, 317.6 MB
[runlim] sample:		871.3 time, 910.9 real, 317.9 MB
[runlim] sample:		881.1 time, 920.9 real, 317.9 MB
[runlim] sample:		890.6 time, 930.9 real, 318.4 MB
[runlim] sample:		900.2 time, 940.9 real, 318.4 MB
[runlim] sample:		909.5 time, 950.9 real, 318.7 MB
[runlim] sample:		919.5 time, 960.9 real, 318.7 MB
[runlim] sample:		929.5 time, 970.9 real, 318.9 MB
[runlim] sample:		939.5 time, 980.9 real, 318.9 MB
[runlim] sample:		949.5 time, 990.9 real, 319.2 MB
[runlim] sample:		959.5 time, 1000.9 real, 319.2 MB
[runlim] sample:		969.5 time, 1010.9 real, 319.4 MB
[runlim] sample:		979.5 time, 1020.9 real, 320.2 MB
[runlim] sample:		989.5 time, 1030.9 real, 320.2 MB
[runlim] sample:		999.5 time, 1040.9 real, 320.4 MB
[runlim] sample:		1009.5 time, 1050.9 real, 321.2 MB
[runlim] sample:		1019.5 time, 1060.9 real, 321.2 MB
[runlim] sample:		1029.5 time, 1070.9 real, 322.2 MB
[runlim] sample:		1039.5 time, 1080.9 real, 322.5 MB
[runlim] sample:		1049.5 time, 1090.9 real, 323.0 MB
[runlim] sample:		1059.5 time, 1100.9 real, 323.7 MB
[runlim] sample:		1069.5 time, 1110.9 real, 323.7 MB
[runlim] sample:		1079.2 time, 1120.9 real, 323.7 MB
[runlim] sample:		1087.7 time, 1130.9 real, 323.7 MB
[runlim] sample:		1097.2 time, 1140.9 real, 332.0 MB
[runlim] sample:		1107.2 time, 1150.9 real, 366.8 MB
[runlim] sample:		1116.1 time, 1160.9 real, 367.6 MB
[runlim] sample:		1124.0 time, 1170.9 real, 367.6 MB
[runlim] sample:		1133.9 time, 1180.9 real, 367.6 MB
[runlim] sample:		1143.9 time, 1190.9 real, 367.8 MB
[runlim] sample:		1153.9 time, 1200.9 real, 367.8 MB
[runlim] sample:		1163.9 time, 1210.9 real, 369.1 MB
[runlim] sample:		1173.5 time, 1220.9 real, 369.1 MB
[runlim] sample:		1182.9 time, 1230.9 real, 369.1 MB
[runlim] sample:		1191.9 time, 1240.9 real, 369.4 MB
[runlim] sample:		1201.2 time, 1250.9 real, 369.4 MB
[runlim] sample:		1209.6 time, 1260.9 real, 369.4 MB
[runlim] sample:		1218.8 time, 1270.9 real, 369.6 MB
[runlim] sample:		1227.2 time, 1280.9 real, 369.6 MB
[runlim] sample:		1235.9 time, 1290.9 real, 369.6 MB
[runlim] sample:		1244.8 time, 1300.9 real, 369.6 MB
[runlim] sample:		1253.9 time, 1310.9 real, 369.9 MB
[runlim] sample:		1263.6 time, 1320.9 real, 369.9 MB
[runlim] sample:		1273.3 time, 1330.9 real, 370.1 MB
[runlim] sample:		1282.9 time, 1340.9 real, 370.1 MB
[runlim] sample:		1292.6 time, 1350.9 real, 370.1 MB
[runlim] sample:		1302.2 time, 1360.9 real, 370.4 MB
[runlim] sample:		1311.9 time, 1370.9 real, 374.8 MB
[runlim] sample:		1321.6 time, 1380.9 real, 375.0 MB
[runlim] sample:		1330.3 time, 1390.9 real, 375.4 MB
[runlim] sample:		1338.3 time, 1400.9 real, 375.6 MB
[runlim] sample:		1346.7 time, 1410.9 real, 375.6 MB
[runlim] sample:		1354.9 time, 1420.9 real, 375.6 MB
[runlim] sample:		1363.7 time, 1430.9 real, 375.9 MB
[runlim] sample:		1371.7 time, 1440.9 real, 375.9 MB
[runlim] sample:		1380.9 time, 1450.9 real, 376.1 MB
[runlim] sample:		1389.8 time, 1460.9 real, 376.1 MB
[runlim] sample:		1399.5 time, 1470.9 real, 376.4 MB
[runlim] sample:		1409.1 time, 1480.9 real, 376.5 MB
[runlim] sample:		1418.7 time, 1490.9 real, 376.5 MB
[runlim] sample:		1427.4 time, 1500.9 real, 376.8 MB
[runlim] sample:		1437.1 time, 1510.9 real, 376.8 MB
[runlim] sample:		1446.2 time, 1520.9 real, 377.0 MB
[runlim] sample:		1455.7 time, 1530.9 real, 377.0 MB
[runlim] sample:		1464.6 time, 1540.9 real, 377.0 MB
[runlim] sample:		1474.4 time, 1550.9 real, 377.0 MB
[runlim] sample:		1484.4 time, 1560.9 real, 377.3 MB
[runlim] sample:		1494.4 time, 1570.9 real, 377.3 MB
[runlim] sample:		1504.4 time, 1580.9 real, 377.5 MB
[runlim] sample:		1514.4 time, 1590.9 real, 377.5 MB
[runlim] sample:		1524.4 time, 1600.9 real, 377.5 MB
[runlim] sample:		1534.3 time, 1610.9 real, 377.5 MB
[runlim] sample:		1543.7 time, 1620.9 real, 377.5 MB
[runlim] sample:		1552.8 time, 1630.9 real, 395.6 MB
[runlim] sample:		1562.7 time, 1640.9 real, 432.8 MB
[runlim] sample:		1572.7 time, 1650.9 real, 442.3 MB
[runlim] sample:		1582.7 time, 1660.9 real, 444.4 MB
[runlim] sample:		1592.7 time, 1670.9 real, 444.4 MB
[runlim] sample:		1602.7 time, 1680.9 real, 444.4 MB
[runlim] sample:		1612.3 time, 1690.9 real, 452.1 MB
[runlim] sample:		1620.9 time, 1700.9 real, 452.4 MB
[runlim] sample:		1629.9 time, 1710.9 real, 452.6 MB
[runlim] sample:		1638.6 time, 1720.9 real, 452.6 MB
[runlim] sample:		1647.1 time, 1730.9 real, 452.6 MB
[runlim] sample:		1656.0 time, 1740.9 real, 452.6 MB
[runlim] sample:		1665.0 time, 1750.9 real, 452.9 MB
[runlim] sample:		1675.0 time, 1760.9 real, 452.9 MB
[runlim] sample:		1685.0 time, 1770.9 real, 452.9 MB
[runlim] sample:		1695.0 time, 1780.9 real, 452.9 MB
[runlim] sample:		1705.0 time, 1790.9 real, 453.1 MB
[runlim] sample:		1715.0 time, 1800.9 real, 453.1 MB
[runlim] sample:		1725.0 time, 1810.9 real, 453.1 MB
[runlim] sample:		1735.0 time, 1820.9 real, 453.1 MB
[runlim] sample:		1745.0 time, 1830.9 real, 453.4 MB
[runlim] sample:		1755.0 time, 1840.9 real, 453.4 MB
[runlim] sample:		1764.2 time, 1850.9 real, 453.4 MB
[runlim] sample:		1772.1 time, 1860.9 real, 453.4 MB
[runlim] sample:		1781.2 time, 1870.9 real, 453.4 MB
[runlim] sample:		1791.2 time, 1880.9 real, 453.6 MB
CVC4 interrupted by SIGTERM.
[runlim] end:			Sat Feb  9 15:05:59 2019
[runlim] status:		out of time
[runlim] result:		2
[runlim] children:		0
[runlim] real:			1889.73 seconds
[runlim] time:			1800.03 seconds
[runlim] space:			453.6 MB
[runlim] samples:		18888
