[runlim] version:		1.10fixed
[runlim] time limit:		1800 seconds
[runlim] real time limit:	311040000 seconds
[runlim] space limit:		4000 MB
[runlim] argv[0]:		./cvc4
[runlim] argv[1]:		--nl-ext-tplanes
[runlim] argv[2]:		--full-saturate-quant
[runlim] argv[3]:		--no-e-matching
[runlim] argv[4]:		/tmp/9WltgZeI.smt2
[runlim] start:			Sat Feb  9 14:34:30 2019
[runlim] main pid:		29554
[runlim] sample:		9.9 time, 10.6 real, 50.1 MB
[runlim] sample:		19.9 time, 20.6 real, 64.0 MB
[runlim] sample:		29.9 time, 30.6 real, 74.2 MB
[runlim] sample:		39.9 time, 40.6 real, 82.7 MB
[runlim] sample:		49.9 time, 50.6 real, 84.8 MB
[runlim] sample:		59.9 time, 60.6 real, 88.6 MB
[runlim] sample:		69.9 time, 70.6 real, 94.4 MB
[runlim] sample:		79.9 time, 80.6 real, 100.6 MB
[runlim] sample:		89.9 time, 90.6 real, 108.9 MB
[runlim] sample:		99.9 time, 100.6 real, 111.7 MB
[runlim] sample:		109.9 time, 110.6 real, 112.2 MB
[runlim] sample:		119.9 time, 120.6 real, 113.2 MB
[runlim] sample:		129.9 time, 130.6 real, 119.1 MB
[runlim] sample:		139.9 time, 140.6 real, 123.2 MB
[runlim] sample:		149.9 time, 150.6 real, 126.8 MB
[runlim] sample:		159.9 time, 160.6 real, 131.6 MB
[runlim] sample:		169.9 time, 170.6 real, 131.8 MB
[runlim] sample:		179.9 time, 180.6 real, 137.7 MB
[runlim] sample:		189.9 time, 190.6 real, 141.3 MB
[runlim] sample:		199.9 time, 200.6 real, 144.4 MB
[runlim] sample:		209.9 time, 210.6 real, 154.5 MB
[runlim] sample:		219.8 time, 220.6 real, 162.4 MB
[runlim] sample:		229.7 time, 230.6 real, 163.1 MB
[runlim] sample:		239.6 time, 240.6 real, 163.1 MB
[runlim] sample:		248.6 time, 250.6 real, 163.4 MB
[runlim] sample:		257.1 time, 260.6 real, 163.4 MB
[runlim] sample:		265.0 time, 270.6 real, 163.9 MB
[runlim] sample:		273.0 time, 280.6 real, 163.9 MB
[runlim] sample:		281.8 time, 290.6 real, 163.9 MB
[runlim] sample:		289.9 time, 300.6 real, 163.9 MB
[runlim] sample:		298.9 time, 310.6 real, 163.9 MB
[runlim] sample:		307.3 time, 320.6 real, 163.9 MB
[runlim] sample:		317.0 time, 330.6 real, 163.9 MB
[runlim] sample:		326.7 time, 340.6 real, 163.9 MB
[runlim] sample:		336.4 time, 350.6 real, 163.9 MB
[runlim] sample:		346.1 time, 360.6 real, 163.9 MB
[runlim] sample:		355.2 time, 370.6 real, 163.9 MB
[runlim] sample:		364.2 time, 380.6 real, 163.9 MB
[runlim] sample:		373.9 time, 390.6 real, 163.9 MB
[runlim] sample:		383.9 time, 400.6 real, 163.9 MB
[runlim] sample:		393.8 time, 410.6 real, 163.9 MB
[runlim] sample:		402.6 time, 420.6 real, 163.9 MB
[runlim] sample:		411.2 time, 430.6 real, 163.9 MB
[runlim] sample:		419.7 time, 440.6 real, 163.9 MB
[runlim] sample:		427.7 time, 450.6 real, 163.9 MB
[runlim] sample:		436.9 time, 460.6 real, 163.9 MB
[runlim] sample:		446.8 time, 470.6 real, 163.9 MB
[runlim] sample:		456.3 time, 480.6 real, 163.9 MB
[runlim] sample:		466.3 time, 490.6 real, 163.9 MB
[runlim] sample:		476.3 time, 500.6 real, 163.9 MB
[runlim] sample:		486.3 time, 510.6 real, 163.9 MB
[runlim] sample:		496.2 time, 520.6 real, 163.9 MB
[runlim] sample:		506.0 time, 530.6 real, 163.9 MB
[runlim] sample:		516.0 time, 540.6 real, 163.9 MB
[runlim] sample:		526.0 time, 550.6 real, 163.9 MB
[runlim] sample:		536.0 time, 560.6 real, 163.9 MB
[runlim] sample:		546.0 time, 570.6 real, 163.9 MB
[runlim] sample:		555.9 time, 580.6 real, 163.9 MB
[runlim] sample:		565.6 time, 590.6 real, 163.9 MB
[runlim] sample:		575.2 time, 600.6 real, 163.9 MB
[runlim] sample:		584.9 time, 610.6 real, 163.9 MB
[runlim] sample:		594.5 time, 620.6 real, 163.9 MB
[runlim] sample:		604.2 time, 630.6 real, 163.9 MB
[runlim] sample:		613.9 time, 640.6 real, 164.2 MB
[runlim] sample:		623.5 time, 650.6 real, 164.2 MB
[runlim] sample:		633.2 time, 660.6 real, 164.2 MB
[runlim] sample:		643.1 time, 670.6 real, 164.2 MB
[runlim] sample:		653.1 time, 680.6 real, 164.2 MB
[runlim] sample:		663.1 time, 690.6 real, 164.4 MB
[runlim] sample:		672.4 time, 700.6 real, 164.4 MB
[runlim] sample:		681.7 time, 710.6 real, 164.4 MB
[runlim] sample:		691.0 time, 720.6 real, 164.4 MB
[runlim] sample:		700.4 time, 730.6 real, 164.4 MB
[runlim] sample:		709.5 time, 740.6 real, 164.7 MB
[runlim] sample:		718.5 time, 750.6 real, 164.9 MB
[runlim] sample:		727.5 time, 760.6 real, 164.9 MB
[runlim] sample:		736.5 time, 770.6 real, 164.9 MB
[runlim] sample:		745.5 time, 780.6 real, 164.9 MB
[runlim] sample:		754.7 time, 790.6 real, 164.9 MB
[runlim] sample:		764.4 time, 800.6 real, 165.2 MB
[runlim] sample:		774.1 time, 810.6 real, 165.2 MB
[runlim] sample:		783.8 time, 820.6 real, 165.2 MB
[runlim] sample:		793.5 time, 830.6 real, 165.2 MB
[runlim] sample:		803.2 time, 840.6 real, 165.4 MB
[runlim] sample:		812.9 time, 850.6 real, 165.4 MB
[runlim] sample:		822.6 time, 860.6 real, 165.4 MB
[runlim] sample:		832.3 time, 870.6 real, 165.4 MB
[runlim] sample:		842.0 time, 880.6 real, 165.4 MB
[runlim] sample:		851.8 time, 890.6 real, 165.7 MB
[runlim] sample:		861.5 time, 900.6 real, 165.7 MB
[runlim] sample:		871.2 time, 910.6 real, 165.7 MB
[runlim] sample:		880.9 time, 920.6 real, 165.7 MB
[runlim] sample:		890.6 time, 930.6 real, 166.0 MB
[runlim] sample:		900.3 time, 940.6 real, 166.0 MB
[runlim] sample:		910.0 time, 950.6 real, 166.0 MB
[runlim] sample:		919.5 time, 960.6 real, 166.0 MB
[runlim] sample:		928.8 time, 970.6 real, 166.0 MB
[runlim] sample:		938.8 time, 980.6 real, 166.2 MB
[runlim] sample:		948.8 time, 990.6 real, 166.2 MB
[runlim] sample:		958.4 time, 1000.6 real, 166.2 MB
[runlim] sample:		967.4 time, 1010.6 real, 166.2 MB
[runlim] sample:		976.4 time, 1020.6 real, 166.5 MB
[runlim] sample:		985.5 time, 1030.6 real, 166.5 MB
[runlim] sample:		994.5 time, 1040.6 real, 166.5 MB
[runlim] sample:		1003.7 time, 1050.6 real, 166.5 MB
[runlim] sample:		1013.7 time, 1060.6 real, 166.5 MB
[runlim] sample:		1023.0 time, 1070.6 real, 166.7 MB
[runlim] sample:		1032.0 time, 1080.6 real, 166.7 MB
[runlim] sample:		1041.5 time, 1090.6 real, 166.7 MB
[runlim] sample:		1051.5 time, 1100.6 real, 166.7 MB
[runlim] sample:		1061.5 time, 1110.6 real, 167.0 MB
[runlim] sample:		1071.5 time, 1120.6 real, 167.0 MB
[runlim] sample:		1080.7 time, 1130.6 real, 167.0 MB
[runlim] sample:		1090.7 time, 1140.6 real, 167.0 MB
[runlim] sample:		1100.7 time, 1150.6 real, 167.0 MB
[runlim] sample:		1110.7 time, 1160.6 real, 167.2 MB
[runlim] sample:		1120.7 time, 1170.6 real, 167.2 MB
[runlim] sample:		1130.7 time, 1180.6 real, 167.2 MB
[runlim] sample:		1140.7 time, 1190.6 real, 167.2 MB
[runlim] sample:		1150.7 time, 1200.6 real, 167.5 MB
[runlim] sample:		1160.7 time, 1210.6 real, 167.5 MB
[runlim] sample:		1169.9 time, 1220.6 real, 167.5 MB
[runlim] sample:		1179.1 time, 1230.6 real, 167.5 MB
[runlim] sample:		1188.7 time, 1240.6 real, 167.5 MB
[runlim] sample:		1198.7 time, 1250.6 real, 167.8 MB
[runlim] sample:		1208.0 time, 1260.6 real, 167.8 MB
[runlim] sample:		1217.0 time, 1270.6 real, 167.8 MB
[runlim] sample:		1226.0 time, 1280.6 real, 167.8 MB
[runlim] sample:		1235.1 time, 1290.6 real, 167.8 MB
[runlim] sample:		1244.8 time, 1300.6 real, 168.0 MB
[runlim] sample:		1254.8 time, 1310.6 real, 168.0 MB
[runlim] sample:		1264.8 time, 1320.6 real, 168.0 MB
[runlim] sample:		1274.8 time, 1330.6 real, 168.0 MB
[runlim] sample:		1284.8 time, 1340.6 real, 168.0 MB
[runlim] sample:		1294.8 time, 1350.6 real, 168.3 MB
[runlim] sample:		1304.8 time, 1360.6 real, 168.3 MB
[runlim] sample:		1314.6 time, 1370.6 real, 168.3 MB
[runlim] sample:		1324.1 time, 1380.6 real, 168.3 MB
[runlim] sample:		1334.1 time, 1390.6 real, 168.5 MB
[runlim] sample:		1344.1 time, 1400.6 real, 168.5 MB
[runlim] sample:		1354.1 time, 1410.6 real, 168.5 MB
[runlim] sample:		1364.1 time, 1420.6 real, 168.5 MB
[runlim] sample:		1374.1 time, 1430.6 real, 168.5 MB
[runlim] sample:		1384.1 time, 1440.6 real, 168.8 MB
[runlim] sample:		1394.1 time, 1450.6 real, 168.8 MB
[runlim] sample:		1403.7 time, 1460.6 real, 168.8 MB
[runlim] sample:		1412.7 time, 1470.6 real, 168.8 MB
[runlim] sample:		1421.7 time, 1480.6 real, 169.1 MB
[runlim] sample:		1430.8 time, 1490.6 real, 169.1 MB
[runlim] sample:		1439.8 time, 1500.6 real, 169.1 MB
[runlim] sample:		1448.8 time, 1510.6 real, 169.1 MB
[runlim] sample:		1457.8 time, 1520.6 real, 169.1 MB
[runlim] sample:		1466.8 time, 1530.6 real, 169.1 MB
[runlim] sample:		1476.0 time, 1540.6 real, 169.3 MB
[runlim] sample:		1486.0 time, 1550.6 real, 169.3 MB
[runlim] sample:		1496.0 time, 1560.6 real, 169.3 MB
[runlim] sample:		1506.0 time, 1570.6 real, 169.3 MB
[runlim] sample:		1515.8 time, 1580.6 real, 169.6 MB
[runlim] sample:		1525.3 time, 1590.6 real, 169.6 MB
[runlim] sample:		1535.0 time, 1600.6 real, 169.6 MB
[runlim] sample:		1544.8 time, 1610.6 real, 169.6 MB
[runlim] sample:		1554.5 time, 1620.6 real, 169.6 MB
[runlim] sample:		1564.2 time, 1630.6 real, 169.8 MB
[runlim] sample:		1573.9 time, 1640.6 real, 169.8 MB
[runlim] sample:		1583.6 time, 1650.6 real, 169.8 MB
[runlim] sample:		1593.3 time, 1660.6 real, 169.8 MB
[runlim] sample:		1603.0 time, 1670.6 real, 170.1 MB
[runlim] sample:		1612.7 time, 1680.6 real, 170.1 MB
[runlim] sample:		1622.4 time, 1690.6 real, 170.1 MB
[runlim] sample:		1632.1 time, 1700.6 real, 170.1 MB
[runlim] sample:		1641.8 time, 1710.6 real, 170.3 MB
[runlim] sample:		1651.5 time, 1720.6 real, 170.3 MB
[runlim] sample:		1661.2 time, 1730.6 real, 170.3 MB
[runlim] sample:		1670.3 time, 1740.6 real, 170.3 MB
[runlim] sample:		1679.3 time, 1750.6 real, 170.3 MB
[runlim] sample:		1688.3 time, 1760.6 real, 170.6 MB
[runlim] sample:		1697.8 time, 1770.6 real, 170.6 MB
[runlim] sample:		1706.9 time, 1780.6 real, 170.6 MB
[runlim] sample:		1716.7 time, 1790.6 real, 170.6 MB
[runlim] sample:		1726.7 time, 1800.6 real, 170.6 MB
[runlim] sample:		1736.7 time, 1810.6 real, 170.9 MB
[runlim] sample:		1746.7 time, 1820.6 real, 170.9 MB
[runlim] sample:		1756.5 time, 1830.6 real, 170.9 MB
[runlim] sample:		1766.5 time, 1840.6 real, 170.9 MB
[runlim] sample:		1776.5 time, 1850.6 real, 171.1 MB
[runlim] sample:		1786.5 time, 1860.6 real, 171.1 MB
[runlim] sample:		1796.5 time, 1870.6 real, 171.1 MB
CVC4 interrupted by SIGTERM.
[runlim] end:			Sat Feb  9 15:05:44 2019
[runlim] status:		out of time
[runlim] result:		2
[runlim] children:		0
[runlim] real:			1874.25 seconds
[runlim] time:			1800.09 seconds
[runlim] space:			171.1 MB
[runlim] samples:		18736
