[runlim] version:		1.10fixed
[runlim] time limit:		1800 seconds
[runlim] real time limit:	311040000 seconds
[runlim] space limit:		4000 MB
[runlim] argv[0]:		./cvc4
[runlim] argv[1]:		--nl-ext-tplanes
[runlim] argv[2]:		--full-saturate-quant
[runlim] argv[3]:		--no-e-matching
[runlim] argv[4]:		/tmp/shCKBNkq.smt2
[runlim] start:			Wed Feb  6 06:32:28 2019
[runlim] main pid:		21758
[runlim] sample:		9.8 time, 10.7 real, 49.9 MB
[runlim] sample:		18.1 time, 20.7 real, 57.4 MB
[runlim] sample:		26.2 time, 30.7 real, 62.8 MB
[runlim] sample:		34.5 time, 40.7 real, 67.7 MB
[runlim] sample:		44.2 time, 50.7 real, 73.0 MB
[runlim] sample:		53.3 time, 60.7 real, 77.4 MB
[runlim] sample:		61.8 time, 70.7 real, 81.0 MB
[runlim] sample:		70.3 time, 80.7 real, 83.8 MB
[runlim] sample:		78.7 time, 90.7 real, 87.4 MB
[runlim] sample:		88.0 time, 100.7 real, 91.5 MB
[runlim] sample:		98.0 time, 110.7 real, 94.3 MB
[runlim] sample:		107.9 time, 120.7 real, 97.4 MB
[runlim] sample:		117.9 time, 130.7 real, 100.0 MB
[runlim] sample:		127.3 time, 140.7 real, 103.3 MB
[runlim] sample:		135.5 time, 150.7 real, 105.1 MB
[runlim] sample:		143.8 time, 160.7 real, 107.0 MB
[runlim] sample:		152.3 time, 170.7 real, 109.3 MB
[runlim] sample:		162.0 time, 180.7 real, 111.1 MB
[runlim] sample:		172.0 time, 190.7 real, 113.9 MB
[runlim] sample:		182.0 time, 200.7 real, 115.7 MB
[runlim] sample:		191.9 time, 210.7 real, 117.8 MB
[runlim] sample:		201.9 time, 220.7 real, 119.6 MB
[runlim] sample:		211.9 time, 230.7 real, 121.1 MB
[runlim] sample:		221.9 time, 240.7 real, 123.4 MB
[runlim] sample:		231.9 time, 250.7 real, 125.2 MB
[runlim] sample:		241.9 time, 260.7 real, 127.0 MB
[runlim] sample:		251.9 time, 270.7 real, 129.5 MB
[runlim] sample:		261.9 time, 280.7 real, 131.1 MB
[runlim] sample:		271.9 time, 290.7 real, 132.6 MB
[runlim] sample:		281.3 time, 300.7 real, 134.7 MB
[runlim] sample:		289.7 time, 310.7 real, 135.5 MB
[runlim] sample:		298.0 time, 320.7 real, 137.8 MB
[runlim] sample:		306.4 time, 330.7 real, 138.5 MB
[runlim] sample:		316.1 time, 340.7 real, 140.1 MB
[runlim] sample:		325.1 time, 350.7 real, 141.6 MB
[runlim] sample:		333.4 time, 360.7 real, 142.4 MB
[runlim] sample:		342.3 time, 370.7 real, 143.7 MB
[runlim] sample:		352.3 time, 380.7 real, 145.6 MB
[runlim] sample:		362.3 time, 390.7 real, 146.7 MB
[runlim] sample:		372.3 time, 400.7 real, 147.9 MB
[runlim] sample:		382.3 time, 410.7 real, 148.7 MB
[runlim] sample:		392.3 time, 420.7 real, 150.3 MB
[runlim] sample:		402.3 time, 430.7 real, 151.3 MB
[runlim] sample:		412.3 time, 440.7 real, 153.1 MB
[runlim] sample:		422.3 time, 450.7 real, 153.9 MB
[runlim] sample:		432.3 time, 460.7 real, 154.9 MB
[runlim] sample:		440.7 time, 470.7 real, 158.1 MB
[runlim] sample:		450.4 time, 480.7 real, 159.6 MB
[runlim] sample:		460.4 time, 490.7 real, 161.9 MB
[runlim] sample:		470.4 time, 500.7 real, 162.2 MB
[runlim] sample:		480.3 time, 510.7 real, 163.5 MB
[runlim] sample:		490.3 time, 520.7 real, 164.5 MB
[runlim] sample:		500.3 time, 530.7 real, 165.8 MB
[runlim] sample:		510.3 time, 540.7 real, 166.8 MB
[runlim] sample:		520.3 time, 550.7 real, 168.1 MB
[runlim] sample:		530.3 time, 560.7 real, 168.6 MB
[runlim] sample:		540.3 time, 570.7 real, 169.6 MB
[runlim] sample:		550.1 time, 580.7 real, 170.7 MB
[runlim] sample:		560.1 time, 590.7 real, 172.0 MB
[runlim] sample:		570.1 time, 600.7 real, 173.2 MB
[runlim] sample:		580.1 time, 610.7 real, 173.8 MB
[runlim] sample:		590.1 time, 620.7 real, 174.8 MB
[runlim] sample:		600.1 time, 630.7 real, 175.3 MB
[runlim] sample:		610.1 time, 640.7 real, 176.6 MB
[runlim] sample:		620.0 time, 650.7 real, 177.3 MB
[runlim] sample:		629.7 time, 660.7 real, 178.6 MB
[runlim] sample:		638.2 time, 670.7 real, 179.4 MB
[runlim] sample:		647.8 time, 680.7 real, 180.2 MB
[runlim] sample:		657.5 time, 690.7 real, 181.0 MB
[runlim] sample:		665.9 time, 700.7 real, 182.0 MB
[runlim] sample:		675.2 time, 710.7 real, 183.3 MB
[runlim] sample:		684.5 time, 720.7 real, 183.8 MB
[runlim] sample:		692.4 time, 730.7 real, 184.6 MB
[runlim] sample:		700.4 time, 740.7 real, 186.1 MB
[runlim] sample:		709.4 time, 750.7 real, 186.1 MB
[runlim] sample:		717.6 time, 760.7 real, 186.9 MB
[runlim] sample:		727.6 time, 770.7 real, 188.2 MB
[runlim] sample:		737.3 time, 780.7 real, 188.9 MB
[runlim] sample:		746.6 time, 790.7 real, 189.7 MB
[runlim] sample:		754.9 time, 800.7 real, 190.0 MB
[runlim] sample:		763.6 time, 810.7 real, 191.0 MB
[runlim] sample:		773.6 time, 820.7 real, 191.8 MB
[runlim] sample:		783.6 time, 830.7 real, 192.3 MB
[runlim] sample:		793.6 time, 840.7 real, 194.6 MB
[runlim] sample:		803.6 time, 850.7 real, 195.9 MB
[runlim] sample:		813.6 time, 860.7 real, 196.6 MB
[runlim] sample:		823.0 time, 870.7 real, 197.2 MB
[runlim] sample:		831.3 time, 880.7 real, 197.4 MB
[runlim] sample:		839.5 time, 890.7 real, 198.2 MB
[runlim] sample:		848.5 time, 900.7 real, 198.9 MB
[runlim] sample:		857.8 time, 910.7 real, 199.5 MB
[runlim] sample:		867.2 time, 920.7 real, 200.0 MB
[runlim] sample:		876.5 time, 930.7 real, 200.7 MB
[runlim] sample:		885.9 time, 940.7 real, 201.5 MB
[runlim] sample:		895.9 time, 950.7 real, 202.5 MB
[runlim] sample:		905.9 time, 960.7 real, 202.8 MB
[runlim] sample:		915.9 time, 970.7 real, 203.6 MB
[runlim] sample:		925.6 time, 980.7 real, 204.3 MB
[runlim] sample:		935.6 time, 990.7 real, 205.3 MB
[runlim] sample:		945.6 time, 1000.7 real, 205.9 MB
[runlim] sample:		955.6 time, 1010.7 real, 206.9 MB
[runlim] sample:		965.6 time, 1020.7 real, 208.7 MB
[runlim] sample:		975.6 time, 1030.7 real, 209.2 MB
[runlim] sample:		985.6 time, 1040.7 real, 210.2 MB
[runlim] sample:		995.6 time, 1050.7 real, 210.7 MB
[runlim] sample:		1005.2 time, 1060.7 real, 211.8 MB
[runlim] sample:		1014.2 time, 1070.7 real, 212.8 MB
[runlim] sample:		1023.5 time, 1080.7 real, 213.3 MB
[runlim] sample:		1031.8 time, 1090.7 real, 213.6 MB
[runlim] sample:		1040.9 time, 1100.7 real, 214.3 MB
[runlim] sample:		1050.8 time, 1110.7 real, 215.1 MB
[runlim] sample:		1060.8 time, 1120.7 real, 216.1 MB
[runlim] sample:		1070.8 time, 1130.7 real, 216.1 MB
[runlim] sample:		1080.6 time, 1140.7 real, 217.2 MB
[runlim] sample:		1090.0 time, 1150.7 real, 217.9 MB
[runlim] sample:		1099.3 time, 1160.7 real, 218.2 MB
[runlim] sample:		1108.6 time, 1170.7 real, 219.2 MB
[runlim] sample:		1118.0 time, 1180.7 real, 219.5 MB
[runlim] sample:		1127.3 time, 1190.7 real, 220.0 MB
[runlim] sample:		1136.7 time, 1200.7 real, 221.0 MB
[runlim] sample:		1146.0 time, 1210.7 real, 222.0 MB
[runlim] sample:		1155.4 time, 1220.7 real, 222.3 MB
[runlim] sample:		1164.7 time, 1230.7 real, 222.8 MB
[runlim] sample:		1174.1 time, 1240.7 real, 223.6 MB
[runlim] sample:		1183.4 time, 1250.7 real, 224.1 MB
[runlim] sample:		1192.8 time, 1260.7 real, 224.9 MB
[runlim] sample:		1202.1 time, 1270.7 real, 225.4 MB
[runlim] sample:		1211.4 time, 1280.7 real, 225.9 MB
[runlim] sample:		1220.8 time, 1290.7 real, 226.1 MB
[runlim] sample:		1230.1 time, 1300.7 real, 226.9 MB
[runlim] sample:		1239.3 time, 1310.7 real, 227.7 MB
[runlim] sample:		1249.0 time, 1320.7 real, 227.9 MB
[runlim] sample:		1259.0 time, 1330.7 real, 228.7 MB
[runlim] sample:		1269.0 time, 1340.7 real, 230.0 MB
[runlim] sample:		1279.0 time, 1350.7 real, 230.3 MB
[runlim] sample:		1289.0 time, 1360.7 real, 231.0 MB
[runlim] sample:		1298.8 time, 1370.7 real, 231.3 MB
[runlim] sample:		1308.5 time, 1380.7 real, 231.6 MB
[runlim] sample:		1317.5 time, 1390.7 real, 232.6 MB
[runlim] sample:		1325.8 time, 1400.7 real, 232.9 MB
[runlim] sample:		1334.2 time, 1410.7 real, 233.4 MB
[runlim] sample:		1342.5 time, 1420.7 real, 233.9 MB
[runlim] sample:		1350.9 time, 1430.7 real, 235.0 MB
[runlim] sample:		1359.2 time, 1440.7 real, 235.5 MB
[runlim] sample:		1367.7 time, 1450.7 real, 236.5 MB
[runlim] sample:		1377.0 time, 1460.7 real, 236.5 MB
[runlim] sample:		1386.4 time, 1470.7 real, 237.5 MB
[runlim] sample:		1396.3 time, 1480.7 real, 238.3 MB
[runlim] sample:		1406.3 time, 1490.7 real, 238.6 MB
[runlim] sample:		1416.3 time, 1500.7 real, 239.3 MB
[runlim] sample:		1425.6 time, 1510.7 real, 239.6 MB
[runlim] sample:		1434.9 time, 1520.7 real, 239.8 MB
[runlim] sample:		1444.2 time, 1530.7 real, 240.1 MB
[runlim] sample:		1453.6 time, 1540.7 real, 241.1 MB
[runlim] sample:		1462.9 time, 1550.7 real, 241.4 MB
[runlim] sample:		1472.2 time, 1560.7 real, 242.4 MB
[runlim] sample:		1480.8 time, 1570.7 real, 242.9 MB
[runlim] sample:		1489.1 time, 1580.7 real, 242.9 MB
[runlim] sample:		1498.0 time, 1590.7 real, 243.4 MB
[runlim] sample:		1508.0 time, 1600.7 real, 246.1 MB
[runlim] sample:		1518.0 time, 1610.7 real, 246.8 MB
[runlim] sample:		1528.0 time, 1620.7 real, 246.8 MB
[runlim] sample:		1538.0 time, 1630.7 real, 247.6 MB
[runlim] sample:		1548.0 time, 1640.7 real, 247.9 MB
[runlim] sample:		1558.0 time, 1650.7 real, 248.4 MB
[runlim] sample:		1568.0 time, 1660.7 real, 249.1 MB
[runlim] sample:		1578.0 time, 1670.7 real, 249.7 MB
[runlim] sample:		1588.0 time, 1680.7 real, 250.2 MB
[runlim] sample:		1598.0 time, 1690.7 real, 250.4 MB
[runlim] sample:		1606.7 time, 1700.7 real, 250.9 MB
[runlim] sample:		1615.0 time, 1710.7 real, 251.5 MB
[runlim] sample:		1624.5 time, 1720.7 real, 251.5 MB
[runlim] sample:		1634.5 time, 1730.7 real, 253.0 MB
[runlim] sample:		1644.5 time, 1740.7 real, 253.5 MB
[runlim] sample:		1654.5 time, 1750.7 real, 254.3 MB
[runlim] sample:		1664.5 time, 1760.7 real, 254.3 MB
[runlim] sample:		1674.5 time, 1770.7 real, 254.8 MB
[runlim] sample:		1684.5 time, 1780.7 real, 255.3 MB
[runlim] sample:		1694.5 time, 1790.7 real, 255.9 MB
[runlim] sample:		1704.5 time, 1800.7 real, 256.1 MB
[runlim] sample:		1714.5 time, 1810.7 real, 256.6 MB
[runlim] sample:		1724.5 time, 1820.7 real, 257.1 MB
[runlim] sample:		1734.5 time, 1830.7 real, 258.7 MB
[runlim] sample:		1744.5 time, 1840.7 real, 258.9 MB
[runlim] sample:		1754.5 time, 1850.7 real, 260.2 MB
[runlim] sample:		1764.5 time, 1860.7 real, 260.2 MB
[runlim] end:			Wed Feb  6 07:03:32 2019
[runlim] status:		signal(9)
[runlim] result:		11
[runlim] children:		0
[runlim] real:			1864.63 seconds
[runlim] time:			1768.36 seconds
[runlim] space:			261.0 MB
[runlim] samples:		18639
