[runlim] version:		1.10fixed
[runlim] time limit:		1800 seconds
[runlim] real time limit:	311040000 seconds
[runlim] space limit:		4000 MB
[runlim] argv[0]:		./cvc4
[runlim] argv[1]:		--nl-ext-tplanes
[runlim] argv[2]:		--full-saturate-quant
[runlim] argv[3]:		--no-e-matching
[runlim] argv[4]:		/tmp/Ankcqqwc.smt2
[runlim] start:			Sat Feb  9 14:34:30 2019
[runlim] main pid:		25020
[runlim] sample:		10.0 time, 10.0 real, 54.0 MB
[runlim] sample:		19.7 time, 20.0 real, 65.5 MB
[runlim] sample:		27.2 time, 30.0 real, 72.8 MB
[runlim] sample:		35.7 time, 40.0 real, 77.1 MB
[runlim] sample:		44.9 time, 50.0 real, 83.4 MB
[runlim] sample:		54.5 time, 60.0 real, 93.3 MB
[runlim] sample:		62.5 time, 70.0 real, 100.3 MB
[runlim] sample:		71.5 time, 80.0 real, 108.5 MB
[runlim] sample:		81.5 time, 90.0 real, 110.8 MB
[runlim] sample:		91.5 time, 100.0 real, 114.7 MB
[runlim] sample:		99.2 time, 110.0 real, 117.2 MB
[runlim] sample:		107.7 time, 120.0 real, 120.8 MB
[runlim] sample:		116.5 time, 130.0 real, 126.3 MB
[runlim] sample:		126.5 time, 140.0 real, 129.6 MB
[runlim] sample:		136.5 time, 150.0 real, 140.9 MB
[runlim] sample:		146.5 time, 160.0 real, 142.2 MB
[runlim] sample:		156.5 time, 170.0 real, 142.7 MB
[runlim] sample:		166.5 time, 180.0 real, 144.7 MB
[runlim] sample:		176.5 time, 190.0 real, 146.8 MB
[runlim] sample:		186.5 time, 200.0 real, 149.6 MB
[runlim] sample:		196.5 time, 210.0 real, 154.0 MB
[runlim] sample:		206.5 time, 220.0 real, 164.8 MB
[runlim] sample:		216.5 time, 230.0 real, 166.6 MB
[runlim] sample:		226.5 time, 240.0 real, 167.7 MB
[runlim] sample:		236.5 time, 250.0 real, 170.1 MB
[runlim] sample:		246.5 time, 260.0 real, 171.7 MB
[runlim] sample:		256.5 time, 270.0 real, 171.9 MB
[runlim] sample:		266.5 time, 280.0 real, 173.0 MB
[runlim] sample:		275.4 time, 290.0 real, 174.5 MB
[runlim] sample:		283.8 time, 300.0 real, 176.5 MB
[runlim] sample:		291.4 time, 310.0 real, 179.1 MB
[runlim] sample:		299.1 time, 320.0 real, 180.7 MB
[runlim] sample:		308.3 time, 330.0 real, 182.2 MB
[runlim] sample:		316.2 time, 340.0 real, 183.0 MB
[runlim] sample:		325.6 time, 350.0 real, 183.5 MB
[runlim] sample:		333.2 time, 360.0 real, 186.0 MB
[runlim] sample:		343.2 time, 370.0 real, 190.7 MB
[runlim] sample:		353.2 time, 380.0 real, 191.7 MB
[runlim] sample:		363.2 time, 390.0 real, 194.3 MB
[runlim] sample:		373.2 time, 400.0 real, 195.8 MB
[runlim] sample:		383.2 time, 410.0 real, 197.4 MB
[runlim] sample:		393.2 time, 420.0 real, 198.1 MB
[runlim] sample:		403.2 time, 430.0 real, 201.0 MB
[runlim] sample:		413.2 time, 440.0 real, 204.0 MB
[runlim] sample:		423.1 time, 450.0 real, 205.8 MB
[runlim] sample:		433.1 time, 460.0 real, 207.1 MB
[runlim] sample:		443.1 time, 470.0 real, 209.4 MB
[runlim] sample:		452.1 time, 480.0 real, 211.0 MB
[runlim] sample:		461.7 time, 490.0 real, 212.5 MB
[runlim] sample:		471.7 time, 500.0 real, 213.6 MB
[runlim] sample:		481.7 time, 510.0 real, 215.6 MB
[runlim] sample:		491.7 time, 520.0 real, 216.4 MB
[runlim] sample:		501.7 time, 530.0 real, 218.2 MB
[runlim] sample:		511.7 time, 540.0 real, 220.8 MB
[runlim] sample:		521.7 time, 550.0 real, 221.0 MB
[runlim] sample:		530.7 time, 560.0 real, 222.1 MB
[runlim] sample:		540.7 time, 570.0 real, 222.8 MB
[runlim] sample:		550.7 time, 580.0 real, 225.7 MB
[runlim] sample:		560.7 time, 590.0 real, 227.0 MB
[runlim] sample:		570.7 time, 600.0 real, 227.7 MB
[runlim] sample:		580.7 time, 610.0 real, 231.6 MB
[runlim] sample:		590.2 time, 620.0 real, 234.4 MB
[runlim] sample:		599.9 time, 630.0 real, 235.4 MB
[runlim] sample:		609.8 time, 640.0 real, 237.2 MB
[runlim] sample:		619.8 time, 650.0 real, 237.5 MB
[runlim] sample:		629.8 time, 660.0 real, 239.0 MB
[runlim] sample:		639.8 time, 670.0 real, 239.8 MB
[runlim] sample:		649.8 time, 680.0 real, 241.1 MB
[runlim] sample:		659.8 time, 690.0 real, 241.9 MB
[runlim] sample:		669.3 time, 700.0 real, 241.9 MB
[runlim] sample:		677.3 time, 710.0 real, 245.7 MB
[runlim] sample:		686.1 time, 720.0 real, 248.3 MB
[runlim] sample:		695.5 time, 730.0 real, 249.6 MB
[runlim] sample:		704.9 time, 740.0 real, 250.4 MB
[runlim] sample:		714.2 time, 750.0 real, 253.8 MB
[runlim] sample:		723.2 time, 760.0 real, 254.6 MB
[runlim] sample:		732.1 time, 770.0 real, 255.6 MB
[runlim] sample:		741.5 time, 780.0 real, 256.9 MB
[runlim] sample:		749.6 time, 790.0 real, 256.9 MB
[runlim] sample:		758.5 time, 800.0 real, 258.2 MB
[runlim] sample:		767.6 time, 810.0 real, 259.5 MB
[runlim] sample:		777.0 time, 820.0 real, 260.8 MB
[runlim] sample:		786.4 time, 830.0 real, 261.8 MB
[runlim] sample:		794.5 time, 840.0 real, 263.6 MB
[runlim] sample:		804.0 time, 850.0 real, 263.6 MB
[runlim] sample:		814.0 time, 860.0 real, 265.4 MB
[runlim] sample:		824.0 time, 870.0 real, 266.5 MB
[runlim] sample:		834.0 time, 880.0 real, 268.5 MB
[runlim] sample:		844.0 time, 890.0 real, 269.5 MB
[runlim] sample:		854.0 time, 900.0 real, 273.3 MB
[runlim] sample:		863.2 time, 910.0 real, 274.1 MB
[runlim] sample:		871.5 time, 920.0 real, 274.3 MB
[runlim] sample:		880.8 time, 930.0 real, 276.1 MB
[runlim] sample:		890.2 time, 940.0 real, 278.5 MB
[runlim] sample:		899.2 time, 950.0 real, 280.0 MB
[runlim] sample:		909.2 time, 960.0 real, 281.3 MB
[runlim] sample:		919.2 time, 970.0 real, 282.1 MB
[runlim] sample:		929.2 time, 980.0 real, 282.6 MB
[runlim] sample:		939.2 time, 990.0 real, 284.9 MB
[runlim] sample:		949.2 time, 1000.0 real, 285.1 MB
[runlim] sample:		959.2 time, 1010.0 real, 287.2 MB
[runlim] sample:		969.2 time, 1020.0 real, 288.0 MB
[runlim] sample:		979.2 time, 1030.0 real, 288.5 MB
[runlim] sample:		988.5 time, 1040.0 real, 289.5 MB
[runlim] sample:		996.7 time, 1050.0 real, 289.8 MB
[runlim] sample:		1006.1 time, 1060.0 real, 290.8 MB
[runlim] sample:		1015.4 time, 1070.0 real, 291.1 MB
[runlim] sample:		1024.8 time, 1080.0 real, 291.1 MB
[runlim] sample:		1034.2 time, 1090.0 real, 292.1 MB
[runlim] sample:		1043.2 time, 1100.0 real, 297.5 MB
[runlim] sample:		1051.9 time, 1110.0 real, 297.5 MB
[runlim] sample:		1061.0 time, 1120.0 real, 301.3 MB
[runlim] sample:		1069.0 time, 1130.0 real, 302.6 MB
[runlim] sample:		1077.0 time, 1140.0 real, 303.9 MB
[runlim] sample:		1086.4 time, 1150.0 real, 304.7 MB
[runlim] sample:		1095.2 time, 1160.0 real, 304.9 MB
[runlim] sample:		1104.1 time, 1170.0 real, 306.0 MB
[runlim] sample:		1113.5 time, 1180.0 real, 308.0 MB
[runlim] sample:		1122.8 time, 1190.0 real, 310.6 MB
[runlim] sample:		1131.3 time, 1200.0 real, 310.6 MB
[runlim] sample:		1139.7 time, 1210.0 real, 313.2 MB
[runlim] sample:		1149.7 time, 1220.0 real, 313.4 MB
[runlim] sample:		1159.7 time, 1230.0 real, 313.4 MB
[runlim] sample:		1169.7 time, 1240.0 real, 315.0 MB
[runlim] sample:		1179.7 time, 1250.0 real, 318.3 MB
[runlim] sample:		1189.7 time, 1260.0 real, 318.8 MB
[runlim] sample:		1199.7 time, 1270.0 real, 321.4 MB
[runlim] sample:		1209.7 time, 1280.0 real, 321.9 MB
[runlim] sample:		1219.7 time, 1290.0 real, 327.0 MB
[runlim] sample:		1229.7 time, 1300.0 real, 328.5 MB
[runlim] sample:		1239.7 time, 1310.0 real, 331.4 MB
[runlim] sample:		1249.7 time, 1320.0 real, 331.4 MB
[runlim] sample:		1259.7 time, 1330.0 real, 331.6 MB
[runlim] sample:		1269.7 time, 1340.0 real, 332.6 MB
[runlim] sample:		1279.7 time, 1350.0 real, 332.9 MB
[runlim] sample:		1289.7 time, 1360.0 real, 333.9 MB
[runlim] sample:		1299.7 time, 1370.0 real, 334.4 MB
[runlim] sample:		1309.6 time, 1380.0 real, 337.3 MB
[runlim] sample:		1319.6 time, 1390.0 real, 341.4 MB
[runlim] sample:		1329.6 time, 1400.0 real, 341.4 MB
[runlim] sample:		1339.6 time, 1410.0 real, 341.6 MB
[runlim] sample:		1349.6 time, 1420.0 real, 341.6 MB
[runlim] sample:		1359.6 time, 1430.0 real, 341.6 MB
[runlim] sample:		1369.6 time, 1440.0 real, 343.4 MB
[runlim] sample:		1379.6 time, 1450.0 real, 343.7 MB
[runlim] sample:		1389.6 time, 1460.0 real, 344.2 MB
[runlim] sample:		1399.6 time, 1470.0 real, 344.8 MB
[runlim] sample:		1409.6 time, 1480.0 real, 345.0 MB
[runlim] sample:		1419.6 time, 1490.0 real, 345.0 MB
[runlim] sample:		1429.6 time, 1500.0 real, 345.8 MB
[runlim] sample:		1439.6 time, 1510.0 real, 348.6 MB
[runlim] sample:		1449.6 time, 1520.0 real, 348.6 MB
[runlim] sample:		1459.6 time, 1530.0 real, 352.0 MB
[runlim] sample:		1469.6 time, 1540.0 real, 354.0 MB
[runlim] sample:		1479.6 time, 1550.0 real, 355.3 MB
[runlim] sample:		1489.6 time, 1560.0 real, 355.8 MB
[runlim] sample:		1499.6 time, 1570.0 real, 357.9 MB
[runlim] sample:		1509.6 time, 1580.0 real, 358.9 MB
[runlim] sample:		1519.6 time, 1590.0 real, 359.4 MB
[runlim] sample:		1529.6 time, 1600.0 real, 359.7 MB
[runlim] sample:		1539.6 time, 1610.0 real, 361.8 MB
[runlim] sample:		1549.6 time, 1620.0 real, 362.3 MB
[runlim] sample:		1559.6 time, 1630.0 real, 362.5 MB
[runlim] sample:		1569.6 time, 1640.0 real, 363.3 MB
[runlim] sample:		1579.6 time, 1650.0 real, 364.3 MB
[runlim] sample:		1589.1 time, 1660.0 real, 365.6 MB
[runlim] sample:		1597.6 time, 1670.0 real, 365.9 MB
[runlim] sample:		1607.0 time, 1680.0 real, 365.9 MB
[runlim] sample:		1616.3 time, 1690.0 real, 365.9 MB
[runlim] sample:		1625.7 time, 1700.0 real, 365.9 MB
[runlim] sample:		1635.1 time, 1710.0 real, 366.4 MB
[runlim] sample:		1643.4 time, 1720.0 real, 368.4 MB
[runlim] sample:		1651.5 time, 1730.0 real, 369.0 MB
[runlim] sample:		1659.5 time, 1740.0 real, 370.2 MB
[runlim] sample:		1668.7 time, 1750.0 real, 372.1 MB
[runlim] sample:		1678.0 time, 1760.0 real, 373.9 MB
[runlim] sample:		1686.9 time, 1770.0 real, 374.1 MB
[runlim] sample:		1695.6 time, 1780.0 real, 374.1 MB
[runlim] sample:		1704.2 time, 1790.0 real, 374.9 MB
[runlim] sample:		1712.4 time, 1800.0 real, 375.9 MB
[runlim] sample:		1722.4 time, 1810.0 real, 376.9 MB
[runlim] sample:		1732.4 time, 1820.0 real, 376.9 MB
[runlim] sample:		1742.4 time, 1830.0 real, 377.2 MB
[runlim] sample:		1752.4 time, 1840.0 real, 377.7 MB
[runlim] sample:		1762.4 time, 1850.0 real, 378.2 MB
[runlim] sample:		1772.4 time, 1860.0 real, 378.2 MB
[runlim] sample:		1782.4 time, 1870.0 real, 378.7 MB
[runlim] end:			Sat Feb  9 15:05:47 2019
[runlim] status:		signal(9)
[runlim] result:		11
[runlim] children:		0
[runlim] real:			1876.69 seconds
[runlim] time:			1789.03 seconds
[runlim] space:			379.2 MB
[runlim] samples:		18766
