[runlim] version:		1.10fixed
[runlim] time limit:		1800 seconds
[runlim] real time limit:	311040000 seconds
[runlim] space limit:		4000 MB
[runlim] argv[0]:		./cvc4
[runlim] argv[1]:		--nl-ext-tplanes
[runlim] argv[2]:		--full-saturate-quant
[runlim] argv[3]:		--no-e-matching
[runlim] argv[4]:		/tmp/v9PpbbUj.smt2
[runlim] start:			Wed Feb  6 06:32:29 2019
[runlim] main pid:		21844
[runlim] sample:		10.0 time, 10.3 real, 48.0 MB
[runlim] sample:		20.0 time, 20.3 real, 61.7 MB
[runlim] sample:		29.9 time, 30.3 real, 69.3 MB
[runlim] sample:		39.9 time, 40.3 real, 74.5 MB
[runlim] sample:		49.9 time, 50.3 real, 79.9 MB
[runlim] sample:		58.6 time, 60.3 real, 85.9 MB
[runlim] sample:		67.0 time, 70.3 real, 89.5 MB
[runlim] sample:		76.0 time, 80.3 real, 92.6 MB
[runlim] sample:		84.5 time, 90.3 real, 98.5 MB
[runlim] sample:		93.1 time, 100.3 real, 100.1 MB
[runlim] sample:		101.3 time, 110.3 real, 100.6 MB
[runlim] sample:		109.5 time, 120.3 real, 104.2 MB
[runlim] sample:		118.0 time, 130.3 real, 106.8 MB
[runlim] sample:		128.0 time, 140.3 real, 110.9 MB
[runlim] sample:		138.0 time, 150.3 real, 111.1 MB
[runlim] sample:		148.0 time, 160.3 real, 112.3 MB
[runlim] sample:		158.0 time, 170.3 real, 116.7 MB
[runlim] sample:		167.9 time, 180.3 real, 117.7 MB
[runlim] sample:		177.9 time, 190.3 real, 118.5 MB
[runlim] sample:		187.9 time, 200.3 real, 121.0 MB
[runlim] sample:		197.9 time, 210.3 real, 123.6 MB
[runlim] sample:		207.9 time, 220.3 real, 126.2 MB
[runlim] sample:		216.5 time, 230.3 real, 128.3 MB
[runlim] sample:		224.8 time, 240.3 real, 129.3 MB
[runlim] sample:		233.0 time, 250.3 real, 133.7 MB
[runlim] sample:		241.3 time, 260.3 real, 134.8 MB
[runlim] sample:		250.7 time, 270.3 real, 136.0 MB
[runlim] sample:		259.4 time, 280.3 real, 137.1 MB
[runlim] sample:		267.6 time, 290.3 real, 138.1 MB
[runlim] sample:		276.6 time, 300.3 real, 138.4 MB
[runlim] sample:		286.5 time, 310.3 real, 138.6 MB
[runlim] sample:		296.5 time, 320.3 real, 142.5 MB
[runlim] sample:		306.5 time, 330.3 real, 143.0 MB
[runlim] sample:		316.5 time, 340.3 real, 144.0 MB
[runlim] sample:		326.5 time, 350.3 real, 145.1 MB
[runlim] sample:		336.5 time, 360.3 real, 146.9 MB
[runlim] sample:		346.5 time, 370.3 real, 150.7 MB
[runlim] sample:		356.5 time, 380.3 real, 152.0 MB
[runlim] sample:		366.4 time, 390.3 real, 154.1 MB
[runlim] sample:		376.4 time, 400.3 real, 155.1 MB
[runlim] sample:		386.4 time, 410.3 real, 155.4 MB
[runlim] sample:		396.4 time, 420.3 real, 158.4 MB
[runlim] sample:		406.4 time, 430.3 real, 159.9 MB
[runlim] sample:		415.9 time, 440.3 real, 166.9 MB
[runlim] sample:		424.2 time, 450.3 real, 168.9 MB
[runlim] sample:		434.2 time, 460.3 real, 168.9 MB
[runlim] sample:		444.2 time, 470.3 real, 170.2 MB
[runlim] sample:		454.2 time, 480.3 real, 171.5 MB
[runlim] sample:		464.2 time, 490.3 real, 173.5 MB
[runlim] sample:		474.2 time, 500.3 real, 174.1 MB
[runlim] sample:		484.2 time, 510.3 real, 174.6 MB
[runlim] sample:		494.2 time, 520.3 real, 175.1 MB
[runlim] sample:		504.2 time, 530.3 real, 175.3 MB
[runlim] sample:		513.1 time, 540.3 real, 175.6 MB
[runlim] sample:		522.7 time, 550.3 real, 176.4 MB
[runlim] sample:		532.7 time, 560.3 real, 177.4 MB
[runlim] sample:		542.0 time, 570.3 real, 177.4 MB
[runlim] sample:		549.6 time, 580.3 real, 179.7 MB
[runlim] sample:		557.3 time, 590.3 real, 188.7 MB
[runlim] sample:		565.0 time, 600.3 real, 188.7 MB
[runlim] sample:		572.7 time, 610.3 real, 189.5 MB
[runlim] sample:		580.2 time, 620.3 real, 189.5 MB
[runlim] sample:		587.8 time, 630.3 real, 189.5 MB
[runlim] sample:		596.0 time, 640.3 real, 189.5 MB
[runlim] sample:		605.7 time, 650.3 real, 189.8 MB
[runlim] sample:		615.6 time, 660.3 real, 191.8 MB
[runlim] sample:		625.6 time, 670.3 real, 192.3 MB
[runlim] sample:		635.5 time, 680.3 real, 192.6 MB
[runlim] sample:		645.4 time, 690.3 real, 192.6 MB
[runlim] sample:		655.4 time, 700.3 real, 192.9 MB
[runlim] sample:		665.1 time, 710.3 real, 193.1 MB
[runlim] sample:		674.8 time, 720.3 real, 193.4 MB
[runlim] sample:		684.5 time, 730.3 real, 193.4 MB
[runlim] sample:		694.3 time, 740.3 real, 193.6 MB
[runlim] sample:		704.3 time, 750.3 real, 194.9 MB
[runlim] sample:		714.3 time, 760.3 real, 195.2 MB
[runlim] sample:		724.0 time, 770.3 real, 196.7 MB
[runlim] sample:		734.0 time, 780.3 real, 197.5 MB
[runlim] sample:		743.9 time, 790.3 real, 198.5 MB
[runlim] sample:		753.7 time, 800.3 real, 198.8 MB
[runlim] sample:		763.7 time, 810.3 real, 200.1 MB
[runlim] sample:		773.7 time, 820.3 real, 200.1 MB
[runlim] sample:		783.7 time, 830.3 real, 211.5 MB
[runlim] sample:		793.7 time, 840.3 real, 212.2 MB
[runlim] sample:		803.5 time, 850.3 real, 212.2 MB
[runlim] sample:		813.2 time, 860.3 real, 212.5 MB
[runlim] sample:		823.0 time, 870.3 real, 212.5 MB
[runlim] sample:		832.7 time, 880.3 real, 212.5 MB
[runlim] sample:		842.4 time, 890.3 real, 212.5 MB
[runlim] sample:		851.6 time, 900.3 real, 212.7 MB
[runlim] sample:		859.9 time, 910.3 real, 212.7 MB
[runlim] sample:		869.5 time, 920.3 real, 213.3 MB
[runlim] sample:		879.1 time, 930.3 real, 213.3 MB
[runlim] sample:		887.4 time, 940.3 real, 213.5 MB
[runlim] sample:		896.1 time, 950.3 real, 214.3 MB
[runlim] sample:		904.8 time, 960.3 real, 214.5 MB
[runlim] sample:		914.7 time, 970.3 real, 214.5 MB
[runlim] sample:		923.6 time, 980.3 real, 216.6 MB
[runlim] sample:		932.0 time, 990.3 real, 216.6 MB
[runlim] sample:		940.3 time, 1000.3 real, 216.6 MB
[runlim] sample:		948.7 time, 1010.3 real, 216.9 MB
[runlim] sample:		957.0 time, 1020.3 real, 217.1 MB
[runlim] sample:		965.4 time, 1030.3 real, 217.1 MB
[runlim] sample:		973.7 time, 1040.3 real, 217.4 MB
[runlim] sample:		982.0 time, 1050.3 real, 218.2 MB
[runlim] sample:		991.0 time, 1060.3 real, 218.5 MB
[runlim] sample:		1001.0 time, 1070.3 real, 218.7 MB
[runlim] sample:		1011.0 time, 1080.3 real, 220.3 MB
[runlim] sample:		1021.0 time, 1090.3 real, 230.1 MB
[runlim] sample:		1031.0 time, 1100.3 real, 230.3 MB
[runlim] sample:		1041.0 time, 1110.3 real, 231.1 MB
[runlim] sample:		1050.6 time, 1120.3 real, 231.1 MB
[runlim] sample:		1060.0 time, 1130.3 real, 231.3 MB
[runlim] sample:		1069.6 time, 1140.3 real, 231.3 MB
[runlim] sample:		1079.6 time, 1150.3 real, 231.9 MB
[runlim] sample:		1089.6 time, 1160.3 real, 231.9 MB
[runlim] sample:		1099.6 time, 1170.3 real, 231.9 MB
[runlim] sample:		1109.6 time, 1180.3 real, 232.1 MB
[runlim] sample:		1119.6 time, 1190.3 real, 232.6 MB
[runlim] sample:		1129.6 time, 1200.3 real, 233.4 MB
[runlim] sample:		1139.6 time, 1210.3 real, 233.7 MB
[runlim] sample:		1149.6 time, 1220.3 real, 233.7 MB
[runlim] sample:		1159.6 time, 1230.3 real, 233.7 MB
[runlim] sample:		1169.6 time, 1240.3 real, 233.7 MB
[runlim] sample:		1179.6 time, 1250.3 real, 234.9 MB
[runlim] sample:		1189.6 time, 1260.3 real, 235.2 MB
[runlim] sample:		1199.6 time, 1270.3 real, 236.0 MB
[runlim] sample:		1209.6 time, 1280.3 real, 236.7 MB
[runlim] sample:		1219.6 time, 1290.3 real, 237.3 MB
[runlim] sample:		1229.6 time, 1300.3 real, 238.0 MB
[runlim] sample:		1239.6 time, 1310.3 real, 238.3 MB
[runlim] sample:		1249.6 time, 1320.3 real, 240.5 MB
[runlim] sample:		1259.6 time, 1330.3 real, 240.8 MB
[runlim] sample:		1269.1 time, 1340.3 real, 240.8 MB
[runlim] sample:		1278.0 time, 1350.3 real, 240.8 MB
[runlim] sample:		1286.2 time, 1360.3 real, 241.0 MB
[runlim] sample:		1294.5 time, 1370.3 real, 241.8 MB
[runlim] sample:		1302.8 time, 1380.3 real, 242.1 MB
[runlim] sample:		1312.6 time, 1390.3 real, 242.1 MB
[runlim] sample:		1322.6 time, 1400.3 real, 251.8 MB
[runlim] sample:		1332.6 time, 1410.3 real, 252.4 MB
[runlim] sample:		1342.6 time, 1420.3 real, 252.9 MB
[runlim] sample:		1352.6 time, 1430.3 real, 253.9 MB
[runlim] sample:		1362.6 time, 1440.3 real, 253.9 MB
[runlim] sample:		1372.6 time, 1450.3 real, 253.9 MB
[runlim] sample:		1382.6 time, 1460.3 real, 254.2 MB
[runlim] sample:		1392.6 time, 1470.3 real, 254.2 MB
[runlim] sample:		1401.3 time, 1480.3 real, 254.2 MB
[runlim] sample:		1409.7 time, 1490.3 real, 254.2 MB
[runlim] sample:		1418.0 time, 1500.3 real, 254.2 MB
[runlim] sample:		1426.3 time, 1510.3 real, 254.9 MB
[runlim] sample:		1435.8 time, 1520.3 real, 254.9 MB
[runlim] sample:		1445.4 time, 1530.3 real, 255.2 MB
[runlim] sample:		1454.0 time, 1540.3 real, 255.2 MB
[runlim] sample:		1462.3 time, 1550.3 real, 255.2 MB
[runlim] sample:		1471.6 time, 1560.3 real, 255.2 MB
[runlim] sample:		1481.6 time, 1570.3 real, 255.5 MB
[runlim] sample:		1491.6 time, 1580.3 real, 255.7 MB
[runlim] sample:		1500.9 time, 1590.3 real, 255.7 MB
[runlim] sample:		1509.3 time, 1600.3 real, 255.7 MB
[runlim] sample:		1517.6 time, 1610.3 real, 256.0 MB
[runlim] sample:		1526.9 time, 1620.3 real, 256.0 MB
[runlim] sample:		1536.2 time, 1630.3 real, 256.5 MB
[runlim] sample:		1545.6 time, 1640.3 real, 257.3 MB
[runlim] sample:		1554.9 time, 1650.3 real, 257.3 MB
[runlim] sample:		1564.2 time, 1660.3 real, 258.0 MB
[runlim] sample:		1573.5 time, 1670.3 real, 258.8 MB
[runlim] sample:		1582.9 time, 1680.3 real, 260.9 MB
[runlim] sample:		1592.8 time, 1690.3 real, 261.6 MB
[runlim] sample:		1602.8 time, 1700.3 real, 261.6 MB
[runlim] sample:		1612.8 time, 1710.3 real, 261.6 MB
[runlim] sample:		1622.8 time, 1720.3 real, 262.4 MB
[runlim] sample:		1632.8 time, 1730.3 real, 262.4 MB
[runlim] sample:		1642.8 time, 1740.3 real, 262.9 MB
[runlim] sample:		1652.8 time, 1750.3 real, 263.4 MB
[runlim] sample:		1662.8 time, 1760.3 real, 263.4 MB
[runlim] sample:		1672.8 time, 1770.3 real, 263.7 MB
[runlim] sample:		1682.8 time, 1780.3 real, 263.9 MB
[runlim] sample:		1692.8 time, 1790.3 real, 264.5 MB
[runlim] sample:		1702.8 time, 1800.3 real, 265.0 MB
[runlim] sample:		1712.8 time, 1810.3 real, 265.0 MB
[runlim] sample:		1722.8 time, 1820.3 real, 265.0 MB
[runlim] sample:		1732.8 time, 1830.3 real, 267.0 MB
[runlim] sample:		1742.7 time, 1840.3 real, 267.6 MB
[runlim] sample:		1752.8 time, 1850.3 real, 267.6 MB
[runlim] sample:		1762.7 time, 1860.3 real, 267.6 MB
[runlim] end:			Wed Feb  6 07:03:35 2019
[runlim] status:		signal(9)
[runlim] result:		11
[runlim] children:		0
[runlim] real:			1866.03 seconds
[runlim] time:			1768.44 seconds
[runlim] space:			267.8 MB
[runlim] samples:		18657
