[runlim] version:		1.10fixed
[runlim] time limit:		1800 seconds
[runlim] real time limit:	311040000 seconds
[runlim] space limit:		4000 MB
[runlim] argv[0]:		./cvc4
[runlim] argv[1]:		--nl-ext-tplanes
[runlim] argv[2]:		--full-saturate-quant
[runlim] argv[3]:		--no-e-matching
[runlim] argv[4]:		/tmp/fwdUpIuq.smt2
[runlim] start:			Sat Feb  9 01:21:55 2019
[runlim] main pid:		28681
[runlim] sample:		9.0 time, 10.3 real, 50.2 MB
[runlim] sample:		18.5 time, 20.3 real, 64.9 MB
[runlim] sample:		27.7 time, 30.3 real, 74.0 MB
[runlim] sample:		37.4 time, 40.3 real, 80.7 MB
[runlim] sample:		46.9 time, 50.3 real, 91.1 MB
[runlim] sample:		55.5 time, 60.3 real, 96.5 MB
[runlim] sample:		65.2 time, 70.3 real, 107.3 MB
[runlim] sample:		75.2 time, 80.3 real, 108.3 MB
[runlim] sample:		85.2 time, 90.3 real, 111.4 MB
[runlim] sample:		95.2 time, 100.3 real, 115.0 MB
[runlim] sample:		105.2 time, 110.3 real, 119.1 MB
[runlim] sample:		115.1 time, 120.3 real, 121.2 MB
[runlim] sample:		124.2 time, 130.3 real, 124.3 MB
[runlim] sample:		133.0 time, 140.3 real, 128.4 MB
[runlim] sample:		142.0 time, 150.3 real, 130.2 MB
[runlim] sample:		152.0 time, 160.3 real, 133.9 MB
[runlim] sample:		162.0 time, 170.3 real, 137.0 MB
[runlim] sample:		172.0 time, 180.3 real, 140.1 MB
[runlim] sample:		182.0 time, 190.3 real, 141.9 MB
[runlim] sample:		192.0 time, 200.3 real, 145.0 MB
[runlim] sample:		202.0 time, 210.3 real, 147.1 MB
[runlim] sample:		212.0 time, 220.3 real, 149.4 MB
[runlim] sample:		222.0 time, 230.3 real, 150.7 MB
[runlim] sample:		232.0 time, 240.3 real, 153.0 MB
[runlim] sample:		242.0 time, 250.3 real, 155.3 MB
[runlim] sample:		252.0 time, 260.3 real, 157.3 MB
[runlim] sample:		262.0 time, 270.3 real, 161.5 MB
[runlim] sample:		272.0 time, 280.3 real, 165.6 MB
[runlim] sample:		282.0 time, 290.3 real, 166.9 MB
[runlim] sample:		292.0 time, 300.3 real, 168.4 MB
[runlim] sample:		302.0 time, 310.3 real, 170.5 MB
[runlim] sample:		312.0 time, 320.3 real, 174.9 MB
[runlim] sample:		322.0 time, 330.3 real, 179.0 MB
[runlim] sample:		332.0 time, 340.3 real, 179.2 MB
[runlim] sample:		342.0 time, 350.3 real, 181.3 MB
[runlim] sample:		352.0 time, 360.3 real, 198.8 MB
[runlim] sample:		362.0 time, 370.3 real, 199.9 MB
[runlim] sample:		372.0 time, 380.3 real, 200.1 MB
[runlim] sample:		382.0 time, 390.3 real, 201.4 MB
[runlim] sample:		392.0 time, 400.3 real, 201.7 MB
[runlim] sample:		402.0 time, 410.3 real, 201.7 MB
[runlim] sample:		412.0 time, 420.3 real, 201.9 MB
[runlim] sample:		422.0 time, 430.3 real, 202.7 MB
[runlim] sample:		432.0 time, 440.3 real, 204.2 MB
[runlim] sample:		442.0 time, 450.3 real, 204.5 MB
[runlim] sample:		452.0 time, 460.3 real, 204.7 MB
[runlim] sample:		462.0 time, 470.3 real, 205.0 MB
[runlim] sample:		472.0 time, 480.3 real, 205.2 MB
[runlim] sample:		482.0 time, 490.3 real, 206.5 MB
[runlim] sample:		492.0 time, 500.3 real, 208.5 MB
[runlim] sample:		502.0 time, 510.3 real, 210.1 MB
[runlim] sample:		512.0 time, 520.3 real, 211.9 MB
[runlim] sample:		522.0 time, 530.3 real, 213.2 MB
[runlim] sample:		532.0 time, 540.3 real, 213.7 MB
[runlim] sample:		542.0 time, 550.3 real, 213.9 MB
[runlim] sample:		552.0 time, 560.3 real, 215.7 MB
[runlim] sample:		562.0 time, 570.3 real, 218.0 MB
[runlim] sample:		572.0 time, 580.3 real, 219.8 MB
[runlim] sample:		582.0 time, 590.3 real, 220.9 MB
[runlim] sample:		592.0 time, 600.3 real, 222.1 MB
[runlim] sample:		602.0 time, 610.3 real, 223.4 MB
[runlim] sample:		612.0 time, 620.3 real, 225.2 MB
[runlim] sample:		622.0 time, 630.3 real, 225.7 MB
[runlim] sample:		632.0 time, 640.3 real, 227.3 MB
[runlim] sample:		642.0 time, 650.3 real, 228.3 MB
[runlim] sample:		652.0 time, 660.3 real, 228.6 MB
[runlim] sample:		662.0 time, 670.3 real, 228.8 MB
[runlim] sample:		672.0 time, 680.3 real, 230.1 MB
[runlim] sample:		682.0 time, 690.3 real, 231.4 MB
[runlim] sample:		692.0 time, 700.3 real, 232.4 MB
[runlim] sample:		702.0 time, 710.3 real, 234.0 MB
[runlim] sample:		712.0 time, 720.3 real, 234.7 MB
[runlim] sample:		721.9 time, 730.3 real, 237.3 MB
[runlim] sample:		731.9 time, 740.3 real, 238.3 MB
[runlim] sample:		741.9 time, 750.3 real, 240.4 MB
[runlim] sample:		751.9 time, 760.3 real, 240.9 MB
[runlim] sample:		761.9 time, 770.3 real, 242.4 MB
[runlim] sample:		771.9 time, 780.3 real, 243.2 MB
[runlim] sample:		781.9 time, 790.3 real, 243.7 MB
[runlim] sample:		791.9 time, 800.3 real, 245.5 MB
[runlim] sample:		801.9 time, 810.3 real, 246.5 MB
[runlim] sample:		811.9 time, 820.3 real, 247.1 MB
[runlim] sample:		821.9 time, 830.3 real, 248.3 MB
[runlim] sample:		831.9 time, 840.3 real, 251.6 MB
[runlim] sample:		841.9 time, 850.3 real, 252.6 MB
[runlim] sample:		851.9 time, 860.3 real, 253.3 MB
[runlim] sample:		861.9 time, 870.3 real, 253.9 MB
[runlim] sample:		871.9 time, 880.3 real, 254.4 MB
[runlim] sample:		881.9 time, 890.3 real, 254.9 MB
[runlim] sample:		891.9 time, 900.3 real, 258.0 MB
[runlim] sample:		901.9 time, 910.3 real, 259.0 MB
[runlim] sample:		911.9 time, 920.3 real, 260.8 MB
[runlim] sample:		921.9 time, 930.3 real, 262.4 MB
[runlim] sample:		931.9 time, 940.3 real, 263.1 MB
[runlim] sample:		941.9 time, 950.3 real, 264.1 MB
[runlim] sample:		951.9 time, 960.3 real, 265.2 MB
[runlim] sample:		961.9 time, 970.3 real, 266.5 MB
[runlim] sample:		971.9 time, 980.3 real, 267.0 MB
[runlim] sample:		981.9 time, 990.3 real, 269.0 MB
[runlim] sample:		991.9 time, 1000.3 real, 270.1 MB
[runlim] sample:		1001.9 time, 1010.3 real, 270.1 MB
[runlim] sample:		1011.9 time, 1020.3 real, 270.3 MB
[runlim] sample:		1021.9 time, 1030.3 real, 270.3 MB
[runlim] sample:		1031.9 time, 1040.3 real, 273.9 MB
[runlim] sample:		1041.9 time, 1050.3 real, 274.4 MB
[runlim] sample:		1051.9 time, 1060.3 real, 275.2 MB
[runlim] sample:		1061.9 time, 1070.3 real, 276.0 MB
[runlim] sample:		1071.9 time, 1080.3 real, 277.8 MB
[runlim] sample:		1081.9 time, 1090.3 real, 278.8 MB
[runlim] sample:		1091.9 time, 1100.3 real, 279.6 MB
[runlim] sample:		1101.9 time, 1110.3 real, 280.4 MB
[runlim] sample:		1111.9 time, 1120.3 real, 281.9 MB
[runlim] sample:		1121.9 time, 1130.3 real, 282.1 MB
[runlim] sample:		1131.9 time, 1140.3 real, 282.9 MB
[runlim] sample:		1141.9 time, 1150.3 real, 283.7 MB
[runlim] sample:		1151.9 time, 1160.3 real, 284.7 MB
[runlim] sample:		1161.9 time, 1170.3 real, 285.5 MB
[runlim] sample:		1171.9 time, 1180.3 real, 286.5 MB
[runlim] sample:		1181.9 time, 1190.3 real, 287.0 MB
[runlim] sample:		1191.9 time, 1200.3 real, 287.0 MB
[runlim] sample:		1201.9 time, 1210.3 real, 298.6 MB
[runlim] sample:		1211.9 time, 1220.3 real, 308.1 MB
[runlim] sample:		1221.9 time, 1230.3 real, 308.6 MB
[runlim] sample:		1231.9 time, 1240.3 real, 309.7 MB
[runlim] sample:		1241.9 time, 1250.3 real, 310.7 MB
[runlim] sample:		1251.9 time, 1260.3 real, 312.3 MB
[runlim] sample:		1261.9 time, 1270.3 real, 313.3 MB
[runlim] sample:		1271.9 time, 1280.3 real, 314.3 MB
[runlim] sample:		1281.9 time, 1290.3 real, 314.6 MB
[runlim] sample:		1291.9 time, 1300.3 real, 316.1 MB
[runlim] sample:		1301.9 time, 1310.3 real, 316.4 MB
[runlim] sample:		1311.9 time, 1320.3 real, 321.9 MB
[runlim] sample:		1321.9 time, 1330.3 real, 322.2 MB
[runlim] sample:		1331.9 time, 1340.3 real, 322.4 MB
[runlim] sample:		1341.9 time, 1350.3 real, 323.4 MB
[runlim] sample:		1351.9 time, 1360.3 real, 323.9 MB
[runlim] sample:		1361.9 time, 1370.3 real, 325.2 MB
[runlim] sample:		1371.9 time, 1380.3 real, 325.2 MB
[runlim] sample:		1381.9 time, 1390.3 real, 330.9 MB
[runlim] sample:		1391.9 time, 1400.3 real, 331.1 MB
[runlim] sample:		1401.9 time, 1410.3 real, 331.1 MB
[runlim] sample:		1411.9 time, 1420.3 real, 333.5 MB
[runlim] sample:		1421.9 time, 1430.3 real, 334.2 MB
[runlim] sample:		1431.8 time, 1440.3 real, 334.2 MB
[runlim] sample:		1441.4 time, 1450.3 real, 336.0 MB
[runlim] sample:		1451.1 time, 1460.3 real, 337.8 MB
[runlim] sample:		1460.7 time, 1470.3 real, 339.9 MB
[runlim] sample:		1470.4 time, 1480.3 real, 340.1 MB
[runlim] sample:		1480.0 time, 1490.3 real, 340.9 MB
[runlim] sample:		1489.7 time, 1500.3 real, 342.5 MB
[runlim] sample:		1499.4 time, 1510.3 real, 342.5 MB
[runlim] sample:		1509.0 time, 1520.3 real, 345.3 MB
[runlim] sample:		1518.7 time, 1530.3 real, 345.3 MB
[runlim] sample:		1528.3 time, 1540.3 real, 346.0 MB
[runlim] sample:		1538.0 time, 1550.3 real, 347.8 MB
[runlim] sample:		1547.6 time, 1560.3 real, 375.4 MB
[runlim] sample:		1557.3 time, 1570.3 real, 402.8 MB
[runlim] sample:		1566.9 time, 1580.3 real, 403.8 MB
[runlim] sample:		1576.6 time, 1590.3 real, 403.8 MB
[runlim] sample:		1586.2 time, 1600.3 real, 404.0 MB
[runlim] sample:		1595.9 time, 1610.3 real, 404.0 MB
[runlim] sample:		1605.6 time, 1620.3 real, 404.0 MB
[runlim] sample:		1615.2 time, 1630.3 real, 404.0 MB
[runlim] sample:		1624.9 time, 1640.3 real, 404.3 MB
[runlim] sample:		1634.5 time, 1650.3 real, 404.3 MB
[runlim] sample:		1644.2 time, 1660.3 real, 404.3 MB
[runlim] sample:		1653.8 time, 1670.3 real, 404.5 MB
[runlim] sample:		1663.5 time, 1680.3 real, 404.5 MB
[runlim] sample:		1672.9 time, 1690.3 real, 404.5 MB
[runlim] sample:		1682.7 time, 1700.3 real, 404.8 MB
[runlim] sample:		1692.6 time, 1710.3 real, 404.8 MB
[runlim] sample:		1701.7 time, 1720.3 real, 404.8 MB
[runlim] sample:		1711.3 time, 1730.3 real, 405.0 MB
[runlim] sample:		1720.5 time, 1740.3 real, 405.0 MB
[runlim] sample:		1729.8 time, 1750.3 real, 405.0 MB
[runlim] sample:		1739.2 time, 1760.3 real, 405.3 MB
[runlim] sample:		1748.8 time, 1770.3 real, 405.3 MB
[runlim] sample:		1758.8 time, 1780.3 real, 406.3 MB
[runlim] sample:		1768.8 time, 1790.3 real, 406.6 MB
[runlim] sample:		1778.8 time, 1800.3 real, 408.4 MB
[runlim] sample:		1787.9 time, 1810.3 real, 408.6 MB
[runlim] sample:		1796.2 time, 1820.3 real, 408.6 MB
CVC4 interrupted by SIGTERM.
[runlim] end:			Sat Feb  9 01:52:19 2019
[runlim] status:		out of time
[runlim] result:		2
[runlim] children:		0
[runlim] real:			1824.77 seconds
[runlim] time:			1800.03 seconds
[runlim] space:			408.6 MB
[runlim] samples:		18244
