[runlim] version:		1.10fixed
[runlim] time limit:		1800 seconds
[runlim] real time limit:	311040000 seconds
[runlim] space limit:		4000 MB
[runlim] argv[0]:		./cvc4
[runlim] argv[1]:		--nl-ext-tplanes
[runlim] argv[2]:		--full-saturate-quant
[runlim] argv[3]:		--no-e-matching
[runlim] argv[4]:		/tmp/gCRP7Usf.smt2
[runlim] start:			Sat Feb  9 01:21:41 2019
[runlim] main pid:		15069
[runlim] sample:		9.1 time, 10.6 real, 51.0 MB
[runlim] sample:		19.1 time, 20.6 real, 64.8 MB
[runlim] sample:		27.7 time, 30.6 real, 73.3 MB
[runlim] sample:		37.3 time, 40.6 real, 79.3 MB
[runlim] sample:		47.3 time, 50.6 real, 84.9 MB
[runlim] sample:		57.3 time, 60.6 real, 91.1 MB
[runlim] sample:		67.2 time, 70.6 real, 96.0 MB
[runlim] sample:		76.9 time, 80.6 real, 106.1 MB
[runlim] sample:		86.5 time, 90.6 real, 106.9 MB
[runlim] sample:		96.5 time, 100.6 real, 109.7 MB
[runlim] sample:		106.5 time, 110.6 real, 111.2 MB
[runlim] sample:		116.5 time, 120.6 real, 113.6 MB
[runlim] sample:		126.5 time, 130.6 real, 116.6 MB
[runlim] sample:		136.5 time, 140.6 real, 119.5 MB
[runlim] sample:		146.5 time, 150.6 real, 123.1 MB
[runlim] sample:		156.5 time, 160.6 real, 125.4 MB
[runlim] sample:		166.4 time, 170.6 real, 127.5 MB
[runlim] sample:		176.1 time, 180.6 real, 129.5 MB
[runlim] sample:		185.7 time, 190.6 real, 131.6 MB
[runlim] sample:		195.4 time, 200.6 real, 133.6 MB
[runlim] sample:		205.0 time, 210.6 real, 136.7 MB
[runlim] sample:		214.8 time, 220.6 real, 137.7 MB
[runlim] sample:		224.8 time, 230.6 real, 139.5 MB
[runlim] sample:		234.8 time, 240.6 real, 141.7 MB
[runlim] sample:		244.8 time, 250.6 real, 148.6 MB
[runlim] sample:		254.8 time, 260.6 real, 155.3 MB
[runlim] sample:		264.8 time, 270.6 real, 156.1 MB
[runlim] sample:		274.8 time, 280.6 real, 156.9 MB
[runlim] sample:		284.8 time, 290.6 real, 157.4 MB
[runlim] sample:		294.8 time, 300.6 real, 158.2 MB
[runlim] sample:		304.8 time, 310.6 real, 158.7 MB
[runlim] sample:		314.8 time, 320.6 real, 158.7 MB
[runlim] sample:		324.8 time, 330.6 real, 160.2 MB
[runlim] sample:		334.8 time, 340.6 real, 161.3 MB
[runlim] sample:		344.8 time, 350.6 real, 166.9 MB
[runlim] sample:		354.8 time, 360.6 real, 167.5 MB
[runlim] sample:		364.8 time, 370.6 real, 168.0 MB
[runlim] sample:		374.8 time, 380.6 real, 170.8 MB
[runlim] sample:		384.8 time, 390.6 real, 173.4 MB
[runlim] sample:		394.8 time, 400.6 real, 174.4 MB
[runlim] sample:		404.8 time, 410.6 real, 176.2 MB
[runlim] sample:		414.8 time, 420.6 real, 177.5 MB
[runlim] sample:		424.5 time, 430.6 real, 178.3 MB
[runlim] sample:		434.3 time, 440.6 real, 180.1 MB
[runlim] sample:		444.3 time, 450.6 real, 180.6 MB
[runlim] sample:		453.7 time, 460.6 real, 182.1 MB
[runlim] sample:		463.1 time, 470.6 real, 185.2 MB
[runlim] sample:		472.4 time, 480.6 real, 185.2 MB
[runlim] sample:		481.8 time, 490.6 real, 187.9 MB
[runlim] sample:		491.1 time, 500.6 real, 189.1 MB
[runlim] sample:		500.8 time, 510.6 real, 190.2 MB
[runlim] sample:		510.8 time, 520.6 real, 191.7 MB
[runlim] sample:		520.8 time, 530.6 real, 194.0 MB
[runlim] sample:		530.8 time, 540.6 real, 195.8 MB
[runlim] sample:		540.8 time, 550.6 real, 197.4 MB
[runlim] sample:		550.8 time, 560.6 real, 197.9 MB
[runlim] sample:		560.8 time, 570.6 real, 199.7 MB
[runlim] sample:		570.5 time, 580.6 real, 200.7 MB
[runlim] sample:		580.5 time, 590.6 real, 202.0 MB
[runlim] sample:		590.5 time, 600.6 real, 202.5 MB
[runlim] sample:		600.5 time, 610.6 real, 205.6 MB
[runlim] sample:		609.3 time, 620.6 real, 207.4 MB
[runlim] sample:		618.0 time, 630.6 real, 208.5 MB
[runlim] sample:		627.0 time, 640.6 real, 209.5 MB
[runlim] sample:		635.7 time, 650.6 real, 210.5 MB
[runlim] sample:		644.9 time, 660.6 real, 211.0 MB
[runlim] sample:		654.2 time, 670.6 real, 212.1 MB
[runlim] sample:		663.5 time, 680.6 real, 212.3 MB
[runlim] sample:		673.4 time, 690.6 real, 239.8 MB
[runlim] sample:		683.0 time, 700.6 real, 240.1 MB
[runlim] sample:		692.4 time, 710.6 real, 240.1 MB
[runlim] sample:		701.7 time, 720.6 real, 240.1 MB
[runlim] sample:		711.0 time, 730.6 real, 240.6 MB
[runlim] sample:		720.7 time, 740.6 real, 240.6 MB
[runlim] sample:		730.5 time, 750.6 real, 240.6 MB
[runlim] sample:		739.8 time, 760.6 real, 240.8 MB
[runlim] sample:		749.1 time, 770.6 real, 240.8 MB
[runlim] sample:		757.9 time, 780.6 real, 240.8 MB
[runlim] sample:		767.3 time, 790.6 real, 241.1 MB
[runlim] sample:		777.3 time, 800.6 real, 241.6 MB
[runlim] sample:		787.3 time, 810.6 real, 241.8 MB
[runlim] sample:		797.3 time, 820.6 real, 241.8 MB
[runlim] sample:		807.2 time, 830.6 real, 242.3 MB
[runlim] sample:		816.9 time, 840.6 real, 242.3 MB
[runlim] sample:		826.0 time, 850.6 real, 243.1 MB
[runlim] sample:		834.6 time, 860.6 real, 251.4 MB
[runlim] sample:		843.3 time, 870.6 real, 259.4 MB
[runlim] sample:		852.1 time, 880.6 real, 259.4 MB
[runlim] sample:		861.1 time, 890.6 real, 259.4 MB
[runlim] sample:		869.8 time, 900.6 real, 259.4 MB
[runlim] sample:		879.0 time, 910.6 real, 259.6 MB
[runlim] sample:		888.5 time, 920.6 real, 259.6 MB
[runlim] sample:		897.2 time, 930.6 real, 259.6 MB
[runlim] sample:		906.5 time, 940.6 real, 259.6 MB
[runlim] sample:		916.2 time, 950.6 real, 259.9 MB
[runlim] sample:		925.8 time, 960.6 real, 260.1 MB
[runlim] sample:		935.5 time, 970.6 real, 260.1 MB
[runlim] sample:		945.1 time, 980.6 real, 260.6 MB
[runlim] sample:		954.3 time, 990.6 real, 260.6 MB
[runlim] sample:		963.9 time, 1000.6 real, 260.9 MB
[runlim] sample:		973.5 time, 1010.6 real, 260.9 MB
[runlim] sample:		982.9 time, 1020.6 real, 261.4 MB
[runlim] sample:		992.5 time, 1030.6 real, 261.7 MB
[runlim] sample:		1002.1 time, 1040.6 real, 261.7 MB
[runlim] sample:		1011.8 time, 1050.6 real, 261.9 MB
[runlim] sample:		1021.5 time, 1060.6 real, 261.9 MB
[runlim] sample:		1031.2 time, 1070.6 real, 261.9 MB
[runlim] sample:		1040.9 time, 1080.6 real, 263.2 MB
[runlim] sample:		1050.5 time, 1090.6 real, 263.2 MB
[runlim] sample:		1060.2 time, 1100.6 real, 263.2 MB
[runlim] sample:		1069.9 time, 1110.6 real, 263.4 MB
[runlim] sample:		1079.6 time, 1120.6 real, 263.4 MB
[runlim] sample:		1089.6 time, 1130.6 real, 263.7 MB
[runlim] sample:		1099.6 time, 1140.6 real, 263.7 MB
[runlim] sample:		1109.6 time, 1150.6 real, 264.0 MB
[runlim] sample:		1119.6 time, 1160.6 real, 264.0 MB
[runlim] sample:		1129.6 time, 1170.6 real, 264.0 MB
[runlim] sample:		1139.6 time, 1180.6 real, 267.0 MB
[runlim] sample:		1149.6 time, 1190.6 real, 268.3 MB
[runlim] sample:		1159.6 time, 1200.6 real, 268.3 MB
[runlim] sample:		1169.6 time, 1210.6 real, 268.3 MB
[runlim] sample:		1179.2 time, 1220.6 real, 268.6 MB
[runlim] sample:		1187.0 time, 1230.6 real, 268.8 MB
[runlim] sample:		1195.5 time, 1240.6 real, 269.9 MB
[runlim] sample:		1202.8 time, 1250.6 real, 269.9 MB
[runlim] sample:		1210.5 time, 1260.6 real, 270.1 MB
[runlim] sample:		1220.5 time, 1270.6 real, 270.7 MB
[runlim] sample:		1230.5 time, 1280.6 real, 271.0 MB
[runlim] sample:		1240.5 time, 1290.6 real, 274.3 MB
[runlim] sample:		1250.5 time, 1300.6 real, 275.6 MB
[runlim] sample:		1260.5 time, 1310.6 real, 276.4 MB
[runlim] sample:		1270.5 time, 1320.6 real, 277.7 MB
[runlim] sample:		1280.5 time, 1330.6 real, 278.7 MB
[runlim] sample:		1290.3 time, 1340.6 real, 280.0 MB
[runlim] sample:		1299.0 time, 1350.6 real, 280.5 MB
[runlim] sample:		1309.0 time, 1360.6 real, 281.0 MB
[runlim] sample:		1319.0 time, 1370.6 real, 282.3 MB
[runlim] sample:		1329.0 time, 1380.6 real, 282.6 MB
[runlim] sample:		1339.0 time, 1390.6 real, 283.6 MB
[runlim] sample:		1347.7 time, 1400.6 real, 283.8 MB
[runlim] sample:		1357.3 time, 1410.6 real, 284.4 MB
[runlim] sample:		1365.2 time, 1420.6 real, 284.4 MB
[runlim] sample:		1374.6 time, 1430.6 real, 284.9 MB
[runlim] sample:		1384.2 time, 1440.6 real, 289.8 MB
[runlim] sample:		1393.9 time, 1450.6 real, 290.0 MB
[runlim] sample:		1403.6 time, 1460.6 real, 291.6 MB
[runlim] sample:		1413.6 time, 1470.6 real, 292.1 MB
[runlim] sample:		1423.5 time, 1480.6 real, 293.4 MB
[runlim] sample:		1433.2 time, 1490.6 real, 294.7 MB
[runlim] sample:		1442.8 time, 1500.6 real, 295.9 MB
[runlim] sample:		1452.7 time, 1510.6 real, 296.2 MB
[runlim] sample:		1462.7 time, 1520.6 real, 296.8 MB
[runlim] sample:		1472.7 time, 1530.6 real, 296.8 MB
[runlim] sample:		1482.7 time, 1540.6 real, 297.8 MB
[runlim] sample:		1492.2 time, 1550.6 real, 298.1 MB
[runlim] sample:		1501.6 time, 1560.6 real, 298.6 MB
[runlim] sample:		1511.2 time, 1570.6 real, 298.9 MB
[runlim] sample:		1520.4 time, 1580.6 real, 299.1 MB
[runlim] sample:		1529.5 time, 1590.6 real, 299.4 MB
[runlim] sample:		1538.7 time, 1600.6 real, 299.9 MB
[runlim] sample:		1548.2 time, 1610.6 real, 300.6 MB
[runlim] sample:		1557.8 time, 1620.6 real, 300.9 MB
[runlim] sample:		1566.5 time, 1630.6 real, 301.2 MB
[runlim] sample:		1576.1 time, 1640.6 real, 301.7 MB
[runlim] sample:		1585.8 time, 1650.6 real, 303.0 MB
[runlim] sample:		1595.5 time, 1660.6 real, 303.7 MB
[runlim] sample:		1605.2 time, 1670.6 real, 303.7 MB
[runlim] sample:		1614.9 time, 1680.6 real, 304.3 MB
[runlim] sample:		1624.0 time, 1690.6 real, 304.8 MB
[runlim] sample:		1633.7 time, 1700.6 real, 305.5 MB
[runlim] sample:		1642.6 time, 1710.6 real, 306.1 MB
[runlim] sample:		1652.6 time, 1720.6 real, 306.6 MB
[runlim] sample:		1662.6 time, 1730.6 real, 307.3 MB
[runlim] sample:		1672.6 time, 1740.6 real, 309.7 MB
[runlim] sample:		1682.6 time, 1750.6 real, 309.7 MB
[runlim] sample:		1691.9 time, 1760.6 real, 309.9 MB
[runlim] sample:		1701.2 time, 1770.6 real, 310.4 MB
[runlim] sample:		1710.0 time, 1780.6 real, 310.5 MB
[runlim] sample:		1718.8 time, 1790.6 real, 312.5 MB
[runlim] sample:		1727.8 time, 1800.6 real, 312.8 MB
[runlim] sample:		1737.8 time, 1810.6 real, 313.6 MB
[runlim] sample:		1747.8 time, 1820.6 real, 317.7 MB
[runlim] sample:		1757.8 time, 1830.6 real, 317.9 MB
[runlim] sample:		1767.8 time, 1840.6 real, 318.4 MB
[runlim] sample:		1777.8 time, 1850.6 real, 324.6 MB
[runlim] sample:		1787.8 time, 1860.6 real, 324.6 MB
[runlim] sample:		1797.8 time, 1870.6 real, 324.9 MB
CVC4 interrupted by SIGTERM.
[runlim] end:			Sat Feb  9 01:52:53 2019
[runlim] status:		out of time
[runlim] result:		2
[runlim] children:		0
[runlim] real:			1872.80 seconds
[runlim] time:			1800.04 seconds
[runlim] space:			324.9 MB
[runlim] samples:		18722
