[runlim] version:		1.10fixed
[runlim] time limit:		1800 seconds
[runlim] real time limit:	311040000 seconds
[runlim] space limit:		4000 MB
[runlim] argv[0]:		./cvc4
[runlim] argv[1]:		--nl-ext-tplanes
[runlim] argv[2]:		--full-saturate-quant
[runlim] argv[3]:		--no-e-matching
[runlim] argv[4]:		/tmp/BrCWSotY.smt2
[runlim] start:			Sat Feb  9 01:37:09 2019
[runlim] main pid:		13834
[runlim] sample:		9.5 time, 10.4 real, 51.2 MB
[runlim] sample:		19.5 time, 20.4 real, 63.0 MB
[runlim] sample:		28.3 time, 30.4 real, 71.5 MB
[runlim] sample:		38.3 time, 40.4 real, 78.5 MB
[runlim] sample:		48.3 time, 50.4 real, 84.4 MB
[runlim] sample:		58.3 time, 60.4 real, 90.6 MB
[runlim] sample:		68.3 time, 70.4 real, 96.4 MB
[runlim] sample:		78.3 time, 80.4 real, 103.6 MB
[runlim] sample:		88.3 time, 90.4 real, 108.3 MB
[runlim] sample:		97.9 time, 100.4 real, 112.4 MB
[runlim] sample:		107.5 time, 110.4 real, 117.6 MB
[runlim] sample:		117.2 time, 120.4 real, 121.2 MB
[runlim] sample:		126.8 time, 130.4 real, 124.8 MB
[runlim] sample:		136.4 time, 140.4 real, 128.4 MB
[runlim] sample:		146.1 time, 150.4 real, 130.7 MB
[runlim] sample:		154.6 time, 160.4 real, 134.3 MB
[runlim] sample:		162.7 time, 170.4 real, 136.6 MB
[runlim] sample:		171.0 time, 180.4 real, 139.0 MB
[runlim] sample:		179.0 time, 190.4 real, 142.0 MB
[runlim] sample:		186.7 time, 200.4 real, 144.4 MB
[runlim] sample:		194.4 time, 210.4 real, 146.4 MB
[runlim] sample:		202.8 time, 220.4 real, 148.2 MB
[runlim] sample:		211.0 time, 230.4 real, 153.4 MB
[runlim] sample:		219.4 time, 240.4 real, 155.2 MB
[runlim] sample:		227.3 time, 250.4 real, 156.5 MB
[runlim] sample:		235.1 time, 260.4 real, 158.6 MB
[runlim] sample:		244.8 time, 270.4 real, 165.7 MB
[runlim] sample:		253.5 time, 280.4 real, 167.0 MB
[runlim] sample:		261.2 time, 290.4 real, 168.3 MB
[runlim] sample:		269.1 time, 300.4 real, 170.4 MB
[runlim] sample:		277.7 time, 310.4 real, 171.6 MB
[runlim] sample:		287.3 time, 320.4 real, 174.0 MB
[runlim] sample:		296.7 time, 330.4 real, 175.5 MB
[runlim] sample:		304.6 time, 340.4 real, 177.1 MB
[runlim] sample:		312.2 time, 350.4 real, 179.1 MB
[runlim] sample:		320.3 time, 360.4 real, 180.7 MB
[runlim] sample:		329.1 time, 370.4 real, 184.3 MB
[runlim] sample:		337.8 time, 380.4 real, 185.3 MB
[runlim] sample:		345.8 time, 390.4 real, 187.4 MB
[runlim] sample:		354.7 time, 400.4 real, 188.4 MB
[runlim] sample:		364.2 time, 410.4 real, 189.4 MB
[runlim] sample:		373.9 time, 420.4 real, 191.5 MB
[runlim] sample:		383.9 time, 430.4 real, 194.3 MB
[runlim] sample:		393.9 time, 440.4 real, 197.2 MB
[runlim] sample:		403.6 time, 450.4 real, 200.5 MB
[runlim] sample:		412.8 time, 460.4 real, 201.8 MB
[runlim] sample:		422.8 time, 470.4 real, 203.3 MB
[runlim] sample:		432.8 time, 480.4 real, 204.9 MB
[runlim] sample:		442.6 time, 490.4 real, 206.2 MB
[runlim] sample:		452.6 time, 500.4 real, 208.8 MB
[runlim] sample:		462.6 time, 510.4 real, 209.5 MB
[runlim] sample:		472.6 time, 520.4 real, 211.8 MB
[runlim] sample:		482.6 time, 530.4 real, 213.1 MB
[runlim] sample:		492.6 time, 540.4 real, 214.2 MB
[runlim] sample:		502.6 time, 550.4 real, 214.7 MB
[runlim] sample:		512.6 time, 560.4 real, 217.8 MB
[runlim] sample:		522.6 time, 570.4 real, 219.1 MB
[runlim] sample:		532.6 time, 580.4 real, 221.9 MB
[runlim] sample:		542.6 time, 590.4 real, 223.2 MB
[runlim] sample:		552.6 time, 600.4 real, 225.8 MB
[runlim] sample:		562.6 time, 610.4 real, 227.8 MB
[runlim] sample:		571.9 time, 620.4 real, 230.1 MB
[runlim] sample:		581.5 time, 630.4 real, 230.9 MB
[runlim] sample:		591.5 time, 640.4 real, 231.4 MB
[runlim] sample:		601.5 time, 650.4 real, 232.2 MB
[runlim] sample:		611.5 time, 660.4 real, 234.0 MB
[runlim] sample:		621.5 time, 670.4 real, 235.8 MB
[runlim] sample:		631.5 time, 680.4 real, 237.4 MB
[runlim] sample:		641.5 time, 690.4 real, 240.2 MB
[runlim] sample:		651.5 time, 700.4 real, 241.8 MB
[runlim] sample:		661.5 time, 710.4 real, 243.0 MB
[runlim] sample:		671.4 time, 720.4 real, 243.8 MB
[runlim] sample:		681.4 time, 730.4 real, 244.3 MB
[runlim] sample:		691.4 time, 740.4 real, 245.1 MB
[runlim] sample:		701.4 time, 750.4 real, 246.9 MB
[runlim] sample:		711.4 time, 760.4 real, 248.7 MB
[runlim] sample:		721.4 time, 770.4 real, 250.3 MB
[runlim] sample:		731.4 time, 780.4 real, 251.3 MB
[runlim] sample:		741.4 time, 790.4 real, 252.6 MB
[runlim] sample:		751.4 time, 800.4 real, 254.9 MB
[runlim] sample:		761.4 time, 810.4 real, 256.7 MB
[runlim] sample:		771.4 time, 820.4 real, 258.2 MB
[runlim] sample:		781.4 time, 830.4 real, 259.0 MB
[runlim] sample:		791.4 time, 840.4 real, 259.8 MB
[runlim] sample:		801.4 time, 850.4 real, 260.8 MB
[runlim] sample:		811.4 time, 860.4 real, 261.3 MB
[runlim] sample:		821.4 time, 870.4 real, 263.1 MB
[runlim] sample:		831.4 time, 880.4 real, 265.7 MB
[runlim] sample:		841.4 time, 890.4 real, 267.5 MB
[runlim] sample:		850.4 time, 900.4 real, 272.9 MB
[runlim] sample:		860.4 time, 910.4 real, 274.2 MB
[runlim] sample:		869.6 time, 920.4 real, 275.0 MB
[runlim] sample:		879.0 time, 930.4 real, 275.2 MB
[runlim] sample:		887.5 time, 940.4 real, 275.5 MB
[runlim] sample:		896.5 time, 950.4 real, 276.3 MB
[runlim] sample:		905.6 time, 960.4 real, 277.1 MB
[runlim] sample:		915.5 time, 970.4 real, 278.6 MB
[runlim] sample:		925.5 time, 980.4 real, 280.4 MB
[runlim] sample:		935.5 time, 990.4 real, 281.7 MB
[runlim] sample:		945.5 time, 1000.4 real, 283.2 MB
[runlim] sample:		955.5 time, 1010.4 real, 285.8 MB
[runlim] sample:		965.5 time, 1020.4 real, 286.8 MB
[runlim] sample:		975.5 time, 1030.4 real, 287.9 MB
[runlim] sample:		985.5 time, 1040.4 real, 288.7 MB
[runlim] sample:		995.5 time, 1050.4 real, 289.4 MB
[runlim] sample:		1005.5 time, 1060.4 real, 292.0 MB
[runlim] sample:		1015.5 time, 1070.4 real, 292.0 MB
[runlim] sample:		1025.5 time, 1080.4 real, 294.6 MB
[runlim] sample:		1035.5 time, 1090.4 real, 305.7 MB
[runlim] sample:		1045.5 time, 1100.4 real, 305.9 MB
[runlim] sample:		1055.5 time, 1110.4 real, 305.9 MB
[runlim] sample:		1065.5 time, 1120.4 real, 306.2 MB
[runlim] sample:		1075.5 time, 1130.4 real, 307.5 MB
[runlim] sample:		1085.5 time, 1140.4 real, 309.5 MB
[runlim] sample:		1095.5 time, 1150.4 real, 311.1 MB
[runlim] sample:		1105.5 time, 1160.4 real, 311.3 MB
[runlim] sample:		1115.5 time, 1170.4 real, 311.3 MB
[runlim] sample:		1125.5 time, 1180.4 real, 313.4 MB
[runlim] sample:		1135.5 time, 1190.4 real, 315.2 MB
[runlim] sample:		1145.5 time, 1200.4 real, 315.5 MB
[runlim] sample:		1155.5 time, 1210.4 real, 316.8 MB
[runlim] sample:		1165.5 time, 1220.4 real, 317.5 MB
[runlim] sample:		1175.4 time, 1230.4 real, 319.6 MB
[runlim] sample:		1185.5 time, 1240.4 real, 321.1 MB
[runlim] sample:		1195.4 time, 1250.4 real, 321.4 MB
[runlim] sample:		1205.4 time, 1260.4 real, 322.9 MB
[runlim] sample:		1215.4 time, 1270.4 real, 323.2 MB
[runlim] sample:		1225.4 time, 1280.4 real, 323.4 MB
[runlim] sample:		1235.4 time, 1290.4 real, 323.7 MB
[runlim] sample:		1245.4 time, 1300.4 real, 324.5 MB
[runlim] sample:		1255.4 time, 1310.4 real, 325.5 MB
[runlim] sample:		1265.4 time, 1320.4 real, 327.3 MB
[runlim] sample:		1275.4 time, 1330.4 real, 328.9 MB
[runlim] sample:		1285.4 time, 1340.4 real, 329.9 MB
[runlim] sample:		1295.4 time, 1350.4 real, 330.4 MB
[runlim] sample:		1305.4 time, 1360.4 real, 332.2 MB
[runlim] sample:		1315.4 time, 1370.4 real, 332.7 MB
[runlim] sample:		1325.4 time, 1380.4 real, 334.0 MB
[runlim] sample:		1335.4 time, 1390.4 real, 334.0 MB
[runlim] sample:		1345.4 time, 1400.4 real, 335.6 MB
[runlim] sample:		1355.3 time, 1410.4 real, 336.1 MB
[runlim] sample:		1364.7 time, 1420.4 real, 336.9 MB
[runlim] sample:		1373.5 time, 1430.4 real, 338.1 MB
[runlim] sample:		1382.0 time, 1440.4 real, 338.1 MB
[runlim] sample:		1390.3 time, 1450.4 real, 339.7 MB
[runlim] sample:		1399.2 time, 1460.4 real, 340.7 MB
[runlim] sample:		1409.2 time, 1470.4 real, 342.0 MB
[runlim] sample:		1419.2 time, 1480.4 real, 342.3 MB
[runlim] sample:		1429.2 time, 1490.4 real, 343.8 MB
[runlim] sample:		1439.2 time, 1500.4 real, 344.8 MB
[runlim] sample:		1449.2 time, 1510.4 real, 346.1 MB
[runlim] sample:		1459.2 time, 1520.4 real, 347.7 MB
[runlim] sample:		1469.2 time, 1530.4 real, 347.7 MB
[runlim] sample:		1479.2 time, 1540.4 real, 347.9 MB
[runlim] sample:		1489.2 time, 1550.4 real, 347.9 MB
[runlim] sample:		1499.2 time, 1560.4 real, 348.2 MB
[runlim] sample:		1509.2 time, 1570.4 real, 348.2 MB
[runlim] sample:		1519.2 time, 1580.4 real, 350.5 MB
[runlim] sample:		1529.2 time, 1590.4 real, 351.5 MB
[runlim] sample:		1539.2 time, 1600.4 real, 352.6 MB
[runlim] sample:		1549.2 time, 1610.4 real, 352.8 MB
[runlim] sample:		1559.2 time, 1620.4 real, 354.6 MB
[runlim] sample:		1569.2 time, 1630.4 real, 355.7 MB
[runlim] sample:		1579.1 time, 1640.4 real, 357.0 MB
[runlim] sample:		1589.1 time, 1650.4 real, 357.7 MB
[runlim] sample:		1599.1 time, 1660.4 real, 359.0 MB
[runlim] sample:		1609.1 time, 1670.4 real, 360.8 MB
[runlim] sample:		1619.1 time, 1680.4 real, 361.1 MB
[runlim] sample:		1629.1 time, 1690.4 real, 361.6 MB
[runlim] sample:		1639.1 time, 1700.4 real, 362.9 MB
[runlim] sample:		1649.1 time, 1710.4 real, 363.4 MB
[runlim] sample:		1658.9 time, 1720.4 real, 363.6 MB
[runlim] sample:		1668.9 time, 1730.4 real, 365.2 MB
[runlim] sample:		1678.9 time, 1740.4 real, 366.0 MB
[runlim] sample:		1688.8 time, 1750.4 real, 366.0 MB
[runlim] sample:		1698.8 time, 1760.4 real, 367.8 MB
[runlim] sample:		1708.8 time, 1770.4 real, 368.8 MB
[runlim] sample:		1718.8 time, 1780.4 real, 369.1 MB
[runlim] sample:		1727.6 time, 1790.4 real, 369.6 MB
[runlim] sample:		1736.5 time, 1800.4 real, 369.8 MB
[runlim] sample:		1745.9 time, 1810.4 real, 370.1 MB
[runlim] sample:		1754.3 time, 1820.4 real, 371.1 MB
[runlim] sample:		1762.6 time, 1830.4 real, 371.9 MB
[runlim] sample:		1772.4 time, 1840.4 real, 371.9 MB
[runlim] sample:		1782.4 time, 1850.4 real, 374.0 MB
[runlim] sample:		1792.4 time, 1860.4 real, 374.7 MB
CVC4 interrupted by SIGTERM.
[runlim] end:			Sat Feb  9 02:08:17 2019
[runlim] status:		out of time
[runlim] result:		2
[runlim] children:		0
[runlim] real:			1868.16 seconds
[runlim] time:			1800.06 seconds
[runlim] space:			376.0 MB
[runlim] samples:		18677
