[runlim] version:		1.10fixed
[runlim] time limit:		1800 seconds
[runlim] real time limit:	311040000 seconds
[runlim] space limit:		4000 MB
[runlim] argv[0]:		./cvc4
[runlim] argv[1]:		--nl-ext-tplanes
[runlim] argv[2]:		--full-saturate-quant
[runlim] argv[3]:		--no-e-matching
[runlim] argv[4]:		/tmp/5SEL12m6.smt2
[runlim] start:			Wed Feb  6 06:32:31 2019
[runlim] main pid:		5652
[runlim] sample:		9.1 time, 10.8 real, 46.7 MB
[runlim] sample:		18.2 time, 20.8 real, 55.7 MB
[runlim] sample:		24.9 time, 30.8 real, 64.9 MB
[runlim] sample:		34.1 time, 40.8 real, 68.2 MB
[runlim] sample:		41.7 time, 50.8 real, 71.9 MB
[runlim] sample:		50.0 time, 60.8 real, 73.7 MB
[runlim] sample:		58.0 time, 70.8 real, 79.7 MB
[runlim] sample:		66.4 time, 80.8 real, 83.6 MB
[runlim] sample:		76.3 time, 90.8 real, 90.0 MB
[runlim] sample:		86.0 time, 100.8 real, 95.8 MB
[runlim] sample:		95.7 time, 110.8 real, 100.1 MB
[runlim] sample:		105.7 time, 120.8 real, 104.3 MB
[runlim] sample:		115.7 time, 130.8 real, 109.2 MB
[runlim] sample:		125.7 time, 140.8 real, 112.8 MB
[runlim] sample:		135.4 time, 150.8 real, 116.1 MB
[runlim] sample:		145.1 time, 160.8 real, 120.0 MB
[runlim] sample:		154.7 time, 170.8 real, 123.3 MB
[runlim] sample:		164.4 time, 180.8 real, 126.4 MB
[runlim] sample:		173.7 time, 190.8 real, 129.8 MB
[runlim] sample:		183.4 time, 200.8 real, 132.6 MB
[runlim] sample:		192.8 time, 210.8 real, 134.2 MB
[runlim] sample:		201.1 time, 220.8 real, 136.0 MB
[runlim] sample:		209.7 time, 230.8 real, 138.0 MB
[runlim] sample:		219.0 time, 240.8 real, 140.1 MB
[runlim] sample:		228.8 time, 250.8 real, 142.9 MB
[runlim] sample:		238.6 time, 260.8 real, 145.2 MB
[runlim] sample:		248.5 time, 270.8 real, 147.8 MB
[runlim] sample:		258.1 time, 280.8 real, 149.6 MB
[runlim] sample:		267.2 time, 290.8 real, 151.7 MB
[runlim] sample:		277.0 time, 300.8 real, 153.2 MB
[runlim] sample:		286.1 time, 310.8 real, 157.1 MB
[runlim] sample:		295.4 time, 320.8 real, 157.9 MB
[runlim] sample:		305.2 time, 330.8 real, 162.0 MB
[runlim] sample:		315.2 time, 340.8 real, 164.8 MB
[runlim] sample:		324.7 time, 350.8 real, 166.4 MB
[runlim] sample:		333.7 time, 360.8 real, 167.9 MB
[runlim] sample:		342.4 time, 370.8 real, 169.4 MB
[runlim] sample:		352.4 time, 380.8 real, 171.2 MB
[runlim] sample:		362.1 time, 390.8 real, 173.0 MB
[runlim] sample:		372.1 time, 400.8 real, 175.3 MB
[runlim] sample:		382.1 time, 410.8 real, 177.1 MB
[runlim] sample:		392.0 time, 420.8 real, 179.4 MB
[runlim] sample:		401.3 time, 430.8 real, 181.0 MB
[runlim] sample:		411.2 time, 440.8 real, 181.8 MB
[runlim] sample:		420.9 time, 450.8 real, 184.1 MB
[runlim] sample:		430.9 time, 460.8 real, 184.8 MB
[runlim] sample:		440.6 time, 470.8 real, 187.9 MB
[runlim] sample:		450.5 time, 480.8 real, 188.5 MB
[runlim] sample:		460.3 time, 490.8 real, 189.7 MB
[runlim] sample:		468.6 time, 500.8 real, 191.3 MB
[runlim] sample:		477.2 time, 510.8 real, 192.6 MB
[runlim] sample:		485.5 time, 520.8 real, 193.4 MB
[runlim] sample:		494.3 time, 530.8 real, 195.4 MB
[runlim] sample:		503.6 time, 540.8 real, 196.7 MB
[runlim] sample:		512.2 time, 550.8 real, 197.7 MB
[runlim] sample:		521.5 time, 560.8 real, 199.0 MB
[runlim] sample:		530.5 time, 570.8 real, 201.1 MB
[runlim] sample:		539.5 time, 580.8 real, 202.4 MB
[runlim] sample:		548.4 time, 590.8 real, 203.2 MB
[runlim] sample:		557.7 time, 600.8 real, 204.4 MB
[runlim] sample:		567.0 time, 610.8 real, 205.5 MB
[runlim] sample:		575.5 time, 620.8 real, 207.0 MB
[runlim] sample:		585.5 time, 630.8 real, 208.0 MB
[runlim] sample:		595.5 time, 640.8 real, 209.3 MB
[runlim] sample:		605.5 time, 650.8 real, 210.1 MB
[runlim] sample:		615.5 time, 660.8 real, 212.7 MB
[runlim] sample:		625.5 time, 670.8 real, 214.5 MB
[runlim] sample:		634.9 time, 680.8 real, 215.0 MB
[runlim] sample:		643.9 time, 690.8 real, 216.3 MB
[runlim] sample:		652.5 time, 700.8 real, 216.8 MB
[runlim] sample:		661.7 time, 710.8 real, 218.6 MB
[runlim] sample:		671.4 time, 720.8 real, 219.1 MB
[runlim] sample:		681.4 time, 730.8 real, 220.4 MB
[runlim] sample:		690.8 time, 740.8 real, 221.7 MB
[runlim] sample:		699.8 time, 750.8 real, 222.0 MB
[runlim] sample:		708.1 time, 760.8 real, 224.0 MB
[runlim] sample:		716.6 time, 770.8 real, 226.4 MB
[runlim] sample:		724.9 time, 780.8 real, 226.4 MB
[runlim] sample:		734.7 time, 790.8 real, 227.9 MB
[runlim] sample:		744.7 time, 800.8 real, 228.8 MB
[runlim] sample:		754.7 time, 810.8 real, 230.0 MB
[runlim] sample:		764.7 time, 820.8 real, 231.6 MB
[runlim] sample:		774.7 time, 830.8 real, 232.1 MB
[runlim] sample:		784.3 time, 840.8 real, 233.6 MB
[runlim] sample:		793.6 time, 850.8 real, 234.7 MB
[runlim] sample:		802.5 time, 860.8 real, 234.9 MB
[runlim] sample:		811.8 time, 870.8 real, 236.9 MB
[runlim] sample:		821.8 time, 880.8 real, 237.4 MB
[runlim] sample:		830.7 time, 890.8 real, 240.0 MB
[runlim] sample:		839.7 time, 900.8 real, 242.2 MB
[runlim] sample:		848.5 time, 910.8 real, 242.9 MB
[runlim] sample:		858.3 time, 920.8 real, 245.2 MB
[runlim] sample:		868.2 time, 930.8 real, 245.8 MB
[runlim] sample:		878.2 time, 940.8 real, 245.8 MB
[runlim] sample:		888.2 time, 950.8 real, 246.3 MB
[runlim] sample:		898.2 time, 960.8 real, 248.9 MB
[runlim] sample:		908.2 time, 970.8 real, 249.1 MB
[runlim] sample:		918.2 time, 980.8 real, 250.1 MB
[runlim] sample:		928.0 time, 990.8 real, 251.7 MB
[runlim] sample:		938.0 time, 1000.8 real, 252.2 MB
[runlim] sample:		948.0 time, 1010.8 real, 253.2 MB
[runlim] sample:		958.0 time, 1020.8 real, 254.8 MB
[runlim] sample:		968.0 time, 1030.8 real, 254.8 MB
[runlim] sample:		978.0 time, 1040.8 real, 256.3 MB
[runlim] sample:		987.9 time, 1050.8 real, 258.4 MB
[runlim] sample:		997.9 time, 1060.8 real, 258.6 MB
[runlim] sample:		1007.9 time, 1070.8 real, 260.5 MB
[runlim] sample:		1017.9 time, 1080.8 real, 261.5 MB
[runlim] sample:		1027.9 time, 1090.8 real, 261.7 MB
[runlim] sample:		1037.9 time, 1100.8 real, 263.0 MB
[runlim] sample:		1047.9 time, 1110.8 real, 263.3 MB
[runlim] sample:		1057.9 time, 1120.8 real, 263.5 MB
[runlim] sample:		1067.9 time, 1130.8 real, 264.3 MB
[runlim] sample:		1077.9 time, 1140.8 real, 265.9 MB
[runlim] sample:		1087.9 time, 1150.8 real, 267.7 MB
[runlim] sample:		1097.9 time, 1160.8 real, 267.9 MB
[runlim] sample:		1107.9 time, 1170.8 real, 269.0 MB
[runlim] sample:		1117.9 time, 1180.8 real, 269.5 MB
[runlim] sample:		1127.9 time, 1190.8 real, 270.5 MB
[runlim] sample:		1137.9 time, 1200.8 real, 272.0 MB
[runlim] sample:		1147.9 time, 1210.8 real, 272.6 MB
[runlim] sample:		1157.9 time, 1220.8 real, 273.6 MB
[runlim] sample:		1167.9 time, 1230.8 real, 274.6 MB
[runlim] sample:		1176.3 time, 1240.8 real, 275.7 MB
[runlim] sample:		1184.8 time, 1250.8 real, 275.9 MB
[runlim] sample:		1192.8 time, 1260.8 real, 275.9 MB
[runlim] sample:		1201.8 time, 1270.8 real, 276.9 MB
[runlim] sample:		1209.9 time, 1280.8 real, 278.2 MB
[runlim] sample:		1218.2 time, 1290.8 real, 278.5 MB
[runlim] sample:		1227.1 time, 1300.8 real, 279.0 MB
[runlim] sample:		1236.4 time, 1310.8 real, 279.8 MB
[runlim] sample:		1246.4 time, 1320.8 real, 285.9 MB
[runlim] sample:		1256.4 time, 1330.8 real, 286.5 MB
[runlim] sample:		1266.4 time, 1340.8 real, 287.2 MB
[runlim] sample:		1276.4 time, 1350.8 real, 289.3 MB
[runlim] sample:		1286.0 time, 1360.8 real, 289.5 MB
[runlim] sample:		1295.1 time, 1370.8 real, 289.8 MB
[runlim] sample:		1304.4 time, 1380.8 real, 290.6 MB
[runlim] sample:		1313.8 time, 1390.8 real, 292.9 MB
[runlim] sample:		1322.5 time, 1400.8 real, 293.4 MB
[runlim] sample:		1331.0 time, 1410.8 real, 293.4 MB
[runlim] sample:		1340.0 time, 1420.8 real, 293.9 MB
[runlim] sample:		1349.3 time, 1430.8 real, 295.5 MB
[runlim] sample:		1358.4 time, 1440.8 real, 295.7 MB
[runlim] sample:		1366.6 time, 1450.8 real, 297.5 MB
[runlim] sample:		1375.4 time, 1460.8 real, 297.8 MB
[runlim] sample:		1383.7 time, 1470.8 real, 299.3 MB
[runlim] sample:		1392.4 time, 1480.8 real, 299.6 MB
[runlim] sample:		1400.5 time, 1490.8 real, 299.8 MB
[runlim] sample:		1410.5 time, 1500.8 real, 300.1 MB
[runlim] sample:		1420.5 time, 1510.8 real, 302.4 MB
[runlim] sample:		1430.5 time, 1520.8 real, 303.0 MB
[runlim] sample:		1440.5 time, 1530.8 real, 303.5 MB
[runlim] sample:		1450.1 time, 1540.8 real, 304.1 MB
[runlim] sample:		1458.3 time, 1550.8 real, 305.3 MB
[runlim] sample:		1466.6 time, 1560.8 real, 309.2 MB
[runlim] sample:		1474.8 time, 1570.8 real, 309.5 MB
[runlim] sample:		1483.4 time, 1580.8 real, 309.7 MB
[runlim] sample:		1492.3 time, 1590.8 real, 309.7 MB
[runlim] sample:		1502.3 time, 1600.8 real, 311.0 MB
[runlim] sample:		1512.3 time, 1610.8 real, 311.3 MB
[runlim] sample:		1522.3 time, 1620.8 real, 311.5 MB
[runlim] sample:		1532.3 time, 1630.8 real, 312.3 MB
[runlim] sample:		1542.3 time, 1640.8 real, 314.1 MB
[runlim] sample:		1552.3 time, 1650.8 real, 314.4 MB
[runlim] sample:		1562.3 time, 1660.8 real, 314.6 MB
[runlim] sample:		1572.3 time, 1670.8 real, 315.4 MB
[runlim] sample:		1582.3 time, 1680.8 real, 318.0 MB
[runlim] sample:		1592.3 time, 1690.8 real, 318.2 MB
[runlim] sample:		1602.3 time, 1700.8 real, 318.2 MB
[runlim] sample:		1612.3 time, 1710.8 real, 319.0 MB
[runlim] sample:		1622.3 time, 1720.8 real, 321.3 MB
[runlim] sample:		1632.3 time, 1730.8 real, 322.3 MB
[runlim] sample:		1642.3 time, 1740.8 real, 322.6 MB
[runlim] sample:		1652.3 time, 1750.8 real, 322.6 MB
[runlim] sample:		1662.3 time, 1760.8 real, 324.7 MB
[runlim] sample:		1672.3 time, 1770.8 real, 324.9 MB
[runlim] sample:		1682.3 time, 1780.8 real, 324.9 MB
[runlim] sample:		1690.8 time, 1790.8 real, 325.7 MB
[runlim] sample:		1698.8 time, 1800.8 real, 326.0 MB
[runlim] sample:		1707.3 time, 1810.8 real, 328.0 MB
[runlim] sample:		1715.6 time, 1820.8 real, 328.5 MB
[runlim] sample:		1724.9 time, 1830.8 real, 328.5 MB
[runlim] sample:		1734.3 time, 1840.8 real, 329.3 MB
[runlim] sample:		1743.3 time, 1850.8 real, 331.1 MB
[runlim] sample:		1752.8 time, 1860.8 real, 331.6 MB
[runlim] sample:		1762.8 time, 1870.8 real, 332.1 MB
[runlim] sample:		1772.8 time, 1880.8 real, 332.4 MB
[runlim] sample:		1782.8 time, 1890.8 real, 333.2 MB
[runlim] sample:		1792.8 time, 1900.8 real, 335.0 MB
CVC4 interrupted by SIGTERM.
[runlim] end:			Wed Feb  6 07:04:19 2019
[runlim] status:		out of time
[runlim] result:		2
[runlim] children:		0
[runlim] real:			1908.09 seconds
[runlim] time:			1800.09 seconds
[runlim] space:			335.2 MB
[runlim] samples:		19073
