[runlim] version:		1.10fixed
[runlim] time limit:		1800 seconds
[runlim] real time limit:	311040000 seconds
[runlim] space limit:		4000 MB
[runlim] argv[0]:		./cvc4
[runlim] argv[1]:		--nl-ext-tplanes
[runlim] argv[2]:		--full-saturate-quant
[runlim] argv[3]:		--no-e-matching
[runlim] argv[4]:		/tmp/yFZKbSp5.smt2
[runlim] start:			Sat Feb  9 01:44:23 2019
[runlim] main pid:		11560
[runlim] sample:		9.0 time, 10.4 real, 48.2 MB
[runlim] sample:		19.0 time, 20.4 real, 59.7 MB
[runlim] sample:		29.1 time, 30.4 real, 66.9 MB
[runlim] sample:		39.0 time, 40.4 real, 72.6 MB
[runlim] sample:		49.0 time, 50.4 real, 79.4 MB
[runlim] sample:		59.0 time, 60.4 real, 83.6 MB
[runlim] sample:		69.0 time, 70.4 real, 88.2 MB
[runlim] sample:		79.0 time, 80.4 real, 94.1 MB
[runlim] sample:		89.0 time, 90.4 real, 98.5 MB
[runlim] sample:		99.0 time, 100.4 real, 101.9 MB
[runlim] sample:		109.0 time, 110.4 real, 105.2 MB
[runlim] sample:		119.0 time, 120.4 real, 108.6 MB
[runlim] sample:		129.0 time, 130.4 real, 111.4 MB
[runlim] sample:		139.0 time, 140.4 real, 115.3 MB
[runlim] sample:		149.0 time, 150.4 real, 118.1 MB
[runlim] sample:		159.0 time, 160.4 real, 122.5 MB
[runlim] sample:		169.0 time, 170.4 real, 124.1 MB
[runlim] sample:		179.0 time, 180.4 real, 126.4 MB
[runlim] sample:		189.0 time, 190.4 real, 129.2 MB
[runlim] sample:		199.0 time, 200.4 real, 132.2 MB
[runlim] sample:		209.0 time, 210.4 real, 135.6 MB
[runlim] sample:		219.0 time, 220.4 real, 138.7 MB
[runlim] sample:		229.0 time, 230.4 real, 140.5 MB
[runlim] sample:		239.0 time, 240.4 real, 142.3 MB
[runlim] sample:		249.0 time, 250.4 real, 144.6 MB
[runlim] sample:		259.0 time, 260.4 real, 146.2 MB
[runlim] sample:		269.0 time, 270.4 real, 148.5 MB
[runlim] sample:		279.0 time, 280.4 real, 151.3 MB
[runlim] sample:		289.0 time, 290.4 real, 151.9 MB
[runlim] sample:		299.0 time, 300.4 real, 153.7 MB
[runlim] sample:		309.0 time, 310.4 real, 157.3 MB
[runlim] sample:		319.0 time, 320.4 real, 158.4 MB
[runlim] sample:		329.0 time, 330.4 real, 160.2 MB
[runlim] sample:		339.0 time, 340.4 real, 162.2 MB
[runlim] sample:		348.2 time, 350.4 real, 166.4 MB
[runlim] sample:		358.0 time, 360.4 real, 166.9 MB
[runlim] sample:		368.0 time, 370.4 real, 168.7 MB
[runlim] sample:		378.0 time, 380.4 real, 169.7 MB
[runlim] sample:		388.0 time, 390.4 real, 171.8 MB
[runlim] sample:		398.0 time, 400.4 real, 173.1 MB
[runlim] sample:		408.0 time, 410.4 real, 175.6 MB
[runlim] sample:		418.0 time, 420.4 real, 176.9 MB
[runlim] sample:		428.0 time, 430.4 real, 178.7 MB
[runlim] sample:		438.0 time, 440.4 real, 181.1 MB
[runlim] sample:		448.0 time, 450.4 real, 181.8 MB
[runlim] sample:		458.0 time, 460.4 real, 183.1 MB
[runlim] sample:		468.0 time, 470.4 real, 184.9 MB
[runlim] sample:		478.0 time, 480.4 real, 187.0 MB
[runlim] sample:		488.0 time, 490.4 real, 187.8 MB
[runlim] sample:		498.0 time, 500.4 real, 190.3 MB
[runlim] sample:		507.7 time, 510.4 real, 191.6 MB
[runlim] sample:		515.3 time, 520.4 real, 193.5 MB
[runlim] sample:		525.1 time, 530.4 real, 194.3 MB
[runlim] sample:		533.6 time, 540.4 real, 196.1 MB
[runlim] sample:		541.2 time, 550.4 real, 198.9 MB
[runlim] sample:		549.6 time, 560.4 real, 200.5 MB
[runlim] sample:		559.3 time, 570.4 real, 201.3 MB
[runlim] sample:		569.0 time, 580.4 real, 202.3 MB
[runlim] sample:		579.0 time, 590.4 real, 204.1 MB
[runlim] sample:		588.9 time, 600.4 real, 205.4 MB
[runlim] sample:		598.7 time, 610.4 real, 206.7 MB
[runlim] sample:		608.7 time, 620.4 real, 209.0 MB
[runlim] sample:		618.7 time, 630.4 real, 210.3 MB
[runlim] sample:		628.6 time, 640.4 real, 213.1 MB
[runlim] sample:		638.6 time, 650.4 real, 213.9 MB
[runlim] sample:		648.6 time, 660.4 real, 214.7 MB
[runlim] sample:		658.6 time, 670.4 real, 216.2 MB
[runlim] sample:		668.6 time, 680.4 real, 217.2 MB
[runlim] sample:		678.6 time, 690.4 real, 218.0 MB
[runlim] sample:		688.6 time, 700.4 real, 220.3 MB
[runlim] sample:		698.6 time, 710.4 real, 220.9 MB
[runlim] sample:		708.3 time, 720.4 real, 221.4 MB
[runlim] sample:		717.3 time, 730.4 real, 223.7 MB
[runlim] sample:		727.1 time, 740.4 real, 224.4 MB
[runlim] sample:		737.0 time, 750.4 real, 226.0 MB
[runlim] sample:		746.4 time, 760.4 real, 227.3 MB
[runlim] sample:		756.2 time, 770.4 real, 229.3 MB
[runlim] sample:		766.2 time, 780.4 real, 230.9 MB
[runlim] sample:		776.1 time, 790.4 real, 231.9 MB
[runlim] sample:		786.1 time, 800.4 real, 234.2 MB
[runlim] sample:		796.1 time, 810.4 real, 235.3 MB
[runlim] sample:		806.0 time, 820.4 real, 236.0 MB
[runlim] sample:		815.8 time, 830.4 real, 236.5 MB
[runlim] sample:		825.3 time, 840.4 real, 237.3 MB
[runlim] sample:		834.6 time, 850.4 real, 241.7 MB
[runlim] sample:		842.9 time, 860.4 real, 242.2 MB
[runlim] sample:		851.4 time, 870.4 real, 243.0 MB
[runlim] sample:		861.1 time, 880.4 real, 243.3 MB
[runlim] sample:		870.6 time, 890.4 real, 244.3 MB
[runlim] sample:		880.5 time, 900.4 real, 244.8 MB
[runlim] sample:		890.5 time, 910.4 real, 246.1 MB
[runlim] sample:		900.5 time, 920.4 real, 247.3 MB
[runlim] sample:		910.5 time, 930.4 real, 248.1 MB
[runlim] sample:		920.5 time, 940.4 real, 250.9 MB
[runlim] sample:		930.5 time, 950.4 real, 251.2 MB
[runlim] sample:		940.4 time, 960.4 real, 253.0 MB
[runlim] sample:		950.2 time, 970.4 real, 254.5 MB
[runlim] sample:		959.9 time, 980.4 real, 255.0 MB
[runlim] sample:		969.0 time, 990.4 real, 258.1 MB
[runlim] sample:		978.3 time, 1000.4 real, 258.4 MB
[runlim] sample:		986.6 time, 1010.4 real, 258.9 MB
[runlim] sample:		995.3 time, 1020.4 real, 259.4 MB
[runlim] sample:		1005.3 time, 1030.4 real, 260.2 MB
[runlim] sample:		1015.3 time, 1040.4 real, 260.4 MB
[runlim] sample:		1025.3 time, 1050.4 real, 262.0 MB
[runlim] sample:		1034.9 time, 1060.4 real, 262.5 MB
[runlim] sample:		1044.2 time, 1070.4 real, 264.1 MB
[runlim] sample:		1053.8 time, 1080.4 real, 265.9 MB
[runlim] sample:		1063.6 time, 1090.4 real, 266.4 MB
[runlim] sample:		1073.6 time, 1100.4 real, 268.2 MB
[runlim] sample:		1083.6 time, 1110.4 real, 269.5 MB
[runlim] sample:		1093.2 time, 1120.4 real, 269.7 MB
[runlim] sample:		1103.2 time, 1130.4 real, 271.3 MB
[runlim] sample:		1113.2 time, 1140.4 real, 271.5 MB
[runlim] sample:		1123.2 time, 1150.4 real, 272.8 MB
[runlim] sample:		1131.5 time, 1160.4 real, 273.1 MB
[runlim] sample:		1140.8 time, 1170.4 real, 273.6 MB
[runlim] sample:		1150.8 time, 1180.4 real, 274.9 MB
[runlim] sample:		1160.8 time, 1190.4 real, 275.6 MB
[runlim] sample:		1170.7 time, 1200.4 real, 278.0 MB
[runlim] sample:		1180.3 time, 1210.4 real, 278.2 MB
[runlim] sample:		1190.0 time, 1220.4 real, 279.3 MB
[runlim] sample:		1199.8 time, 1230.4 real, 280.3 MB
[runlim] sample:		1209.8 time, 1240.4 real, 282.1 MB
[runlim] sample:		1219.8 time, 1250.4 real, 282.4 MB
[runlim] sample:		1229.7 time, 1260.4 real, 282.9 MB
[runlim] sample:		1239.4 time, 1270.4 real, 283.6 MB
[runlim] sample:		1249.3 time, 1280.4 real, 284.7 MB
[runlim] sample:		1259.2 time, 1290.4 real, 285.4 MB
[runlim] sample:		1268.9 time, 1300.4 real, 285.7 MB
[runlim] sample:		1278.6 time, 1310.4 real, 286.5 MB
[runlim] sample:		1288.3 time, 1320.4 real, 288.8 MB
[runlim] sample:		1297.9 time, 1330.4 real, 290.9 MB
[runlim] sample:		1307.9 time, 1340.4 real, 291.6 MB
[runlim] sample:		1317.9 time, 1350.4 real, 292.1 MB
[runlim] sample:		1327.9 time, 1360.4 real, 293.2 MB
[runlim] sample:		1337.8 time, 1370.4 real, 298.3 MB
[runlim] sample:		1347.8 time, 1380.4 real, 299.6 MB
[runlim] sample:		1357.6 time, 1390.4 real, 300.4 MB
[runlim] sample:		1367.3 time, 1400.4 real, 301.4 MB
[runlim] sample:		1377.2 time, 1410.4 real, 304.0 MB
[runlim] sample:		1387.2 time, 1420.4 real, 304.0 MB
[runlim] sample:		1397.0 time, 1430.4 real, 304.8 MB
[runlim] sample:		1407.0 time, 1440.4 real, 305.8 MB
[runlim] sample:		1416.8 time, 1450.4 real, 307.1 MB
[runlim] sample:		1426.5 time, 1460.4 real, 307.8 MB
[runlim] sample:		1436.2 time, 1470.4 real, 308.6 MB
[runlim] sample:		1445.9 time, 1480.4 real, 310.2 MB
[runlim] sample:		1455.7 time, 1490.4 real, 314.3 MB
[runlim] sample:		1464.4 time, 1500.4 real, 314.8 MB
[runlim] sample:		1473.2 time, 1510.4 real, 316.3 MB
[runlim] sample:		1483.2 time, 1520.4 real, 317.9 MB
[runlim] sample:		1493.2 time, 1530.4 real, 318.2 MB
[runlim] sample:		1503.2 time, 1540.4 real, 318.4 MB
[runlim] sample:		1513.2 time, 1550.4 real, 319.4 MB
[runlim] sample:		1523.2 time, 1560.4 real, 320.5 MB
[runlim] sample:		1533.2 time, 1570.4 real, 321.5 MB
[runlim] sample:		1543.2 time, 1580.4 real, 322.3 MB
[runlim] sample:		1553.2 time, 1590.4 real, 322.8 MB
[runlim] sample:		1563.2 time, 1600.4 real, 325.1 MB
[runlim] sample:		1573.2 time, 1610.4 real, 325.6 MB
[runlim] sample:		1583.2 time, 1620.4 real, 328.5 MB
[runlim] sample:		1593.2 time, 1630.4 real, 328.7 MB
[runlim] sample:		1603.2 time, 1640.4 real, 329.8 MB
[runlim] sample:		1613.2 time, 1650.4 real, 330.5 MB
[runlim] sample:		1623.2 time, 1660.4 real, 331.8 MB
[runlim] sample:		1633.2 time, 1670.4 real, 332.3 MB
[runlim] sample:		1643.2 time, 1680.4 real, 333.6 MB
[runlim] sample:		1653.2 time, 1690.4 real, 335.1 MB
[runlim] sample:		1663.2 time, 1700.4 real, 335.4 MB
[runlim] sample:		1673.2 time, 1710.4 real, 335.7 MB
[runlim] sample:		1683.2 time, 1720.4 real, 337.2 MB
[runlim] sample:		1693.2 time, 1730.4 real, 338.8 MB
[runlim] sample:		1703.2 time, 1740.4 real, 340.0 MB
[runlim] sample:		1713.2 time, 1750.4 real, 341.6 MB
[runlim] sample:		1723.2 time, 1760.4 real, 342.9 MB
[runlim] sample:		1733.2 time, 1770.4 real, 343.1 MB
[runlim] sample:		1743.2 time, 1780.4 real, 343.4 MB
[runlim] sample:		1753.2 time, 1790.4 real, 344.2 MB
[runlim] sample:		1763.2 time, 1800.4 real, 345.5 MB
[runlim] sample:		1773.1 time, 1810.4 real, 346.2 MB
[runlim] sample:		1783.1 time, 1820.4 real, 346.5 MB
[runlim] sample:		1793.1 time, 1830.4 real, 347.0 MB
CVC4 interrupted by SIGTERM.
[runlim] end:			Sat Feb  9 02:15:00 2019
[runlim] status:		out of time
[runlim] result:		2
[runlim] children:		0
[runlim] real:			1837.36 seconds
[runlim] time:			1800.03 seconds
[runlim] space:			347.3 MB
[runlim] samples:		18369
