[runlim] version:		1.10fixed
[runlim] time limit:		1800 seconds
[runlim] real time limit:	311040000 seconds
[runlim] space limit:		4000 MB
[runlim] argv[0]:		./cvc4
[runlim] argv[1]:		--nl-ext-tplanes
[runlim] argv[2]:		--full-saturate-quant
[runlim] argv[3]:		--no-e-matching
[runlim] argv[4]:		/tmp/cr0xXueF.smt2
[runlim] start:			Sat Feb  9 17:52:28 2019
[runlim] main pid:		17796
[runlim] sample:		8.3 time, 11.0 real, 32.8 MB
[runlim] sample:		16.6 time, 21.0 real, 32.8 MB
[runlim] sample:		25.3 time, 31.0 real, 33.9 MB
[runlim] sample:		35.3 time, 41.0 real, 34.6 MB
[runlim] sample:		45.1 time, 51.0 real, 35.7 MB
[runlim] sample:		55.1 time, 61.0 real, 36.4 MB
[runlim] sample:		65.1 time, 71.0 real, 37.5 MB
[runlim] sample:		75.1 time, 81.0 real, 38.2 MB
[runlim] sample:		85.1 time, 91.0 real, 39.3 MB
[runlim] sample:		95.1 time, 101.0 real, 40.3 MB
[runlim] sample:		105.1 time, 111.0 real, 41.1 MB
[runlim] sample:		115.1 time, 121.0 real, 42.1 MB
[runlim] sample:		125.1 time, 131.0 real, 42.9 MB
[runlim] sample:		135.1 time, 141.0 real, 44.2 MB
[runlim] sample:		145.1 time, 151.0 real, 45.2 MB
[runlim] sample:		155.1 time, 161.0 real, 46.2 MB
[runlim] sample:		165.1 time, 171.0 real, 47.0 MB
[runlim] sample:		175.1 time, 181.0 real, 47.8 MB
[runlim] sample:		185.1 time, 191.0 real, 48.8 MB
[runlim] sample:		195.1 time, 201.0 real, 49.8 MB
[runlim] sample:		205.1 time, 211.0 real, 50.6 MB
[runlim] sample:		215.1 time, 221.0 real, 51.6 MB
[runlim] sample:		225.1 time, 231.0 real, 52.4 MB
[runlim] sample:		235.1 time, 241.0 real, 53.2 MB
[runlim] sample:		245.1 time, 251.0 real, 54.2 MB
[runlim] sample:		255.1 time, 261.0 real, 55.0 MB
[runlim] sample:		265.1 time, 271.0 real, 56.0 MB
[runlim] sample:		275.1 time, 281.0 real, 56.8 MB
[runlim] sample:		285.1 time, 291.0 real, 57.5 MB
[runlim] sample:		295.1 time, 301.0 real, 58.6 MB
[runlim] sample:		305.1 time, 311.0 real, 59.3 MB
[runlim] sample:		315.1 time, 321.0 real, 60.1 MB
[runlim] sample:		325.1 time, 331.0 real, 61.2 MB
[runlim] sample:		335.1 time, 341.0 real, 61.7 MB
[runlim] sample:		345.1 time, 351.0 real, 62.4 MB
[runlim] sample:		355.1 time, 361.0 real, 64.0 MB
[runlim] sample:		365.1 time, 371.0 real, 65.3 MB
[runlim] sample:		375.1 time, 381.0 real, 66.0 MB
[runlim] sample:		385.1 time, 391.0 real, 67.2 MB
[runlim] sample:		395.1 time, 401.0 real, 67.9 MB
[runlim] sample:		405.1 time, 411.0 real, 69.0 MB
[runlim] sample:		415.1 time, 421.0 real, 69.5 MB
[runlim] sample:		425.1 time, 431.0 real, 70.3 MB
[runlim] sample:		435.1 time, 441.0 real, 71.3 MB
[runlim] sample:		445.1 time, 451.0 real, 72.2 MB
[runlim] sample:		455.1 time, 461.0 real, 73.3 MB
[runlim] sample:		465.1 time, 471.0 real, 74.0 MB
[runlim] sample:		475.1 time, 481.0 real, 74.6 MB
[runlim] sample:		485.1 time, 491.0 real, 75.6 MB
[runlim] sample:		495.1 time, 501.0 real, 76.4 MB
[runlim] sample:		505.1 time, 511.0 real, 77.1 MB
[runlim] sample:		515.1 time, 521.0 real, 77.9 MB
[runlim] sample:		525.1 time, 531.0 real, 78.9 MB
[runlim] sample:		535.1 time, 541.0 real, 79.7 MB
[runlim] sample:		545.1 time, 551.0 real, 80.2 MB
[runlim] sample:		555.1 time, 561.0 real, 81.3 MB
[runlim] sample:		565.1 time, 571.0 real, 82.0 MB
[runlim] sample:		575.1 time, 581.0 real, 82.8 MB
[runlim] sample:		585.1 time, 591.0 real, 83.6 MB
[runlim] sample:		594.9 time, 601.0 real, 84.3 MB
[runlim] sample:		603.6 time, 611.0 real, 85.1 MB
[runlim] sample:		612.1 time, 621.0 real, 85.9 MB
[runlim] sample:		620.2 time, 631.0 real, 86.7 MB
[runlim] sample:		629.0 time, 641.0 real, 86.9 MB
[runlim] sample:		638.1 time, 651.0 real, 87.9 MB
[runlim] sample:		646.2 time, 661.0 real, 88.2 MB
[runlim] sample:		653.9 time, 671.0 real, 89.0 MB
[runlim] sample:		662.9 time, 681.0 real, 89.5 MB
[runlim] sample:		671.9 time, 691.0 real, 90.3 MB
[runlim] sample:		680.3 time, 701.0 real, 90.8 MB
[runlim] sample:		689.9 time, 711.0 real, 91.6 MB
[runlim] sample:		698.0 time, 721.0 real, 91.8 MB
[runlim] sample:		705.2 time, 731.0 real, 92.6 MB
[runlim] sample:		714.8 time, 741.0 real, 93.1 MB
[runlim] sample:		724.5 time, 751.0 real, 93.9 MB
[runlim] sample:		734.1 time, 761.0 real, 94.4 MB
[runlim] sample:		743.8 time, 771.0 real, 95.2 MB
[runlim] sample:		753.4 time, 781.0 real, 95.9 MB
[runlim] sample:		763.0 time, 791.0 real, 96.7 MB
[runlim] sample:		771.5 time, 801.0 real, 97.2 MB
[runlim] sample:		780.1 time, 811.0 real, 98.0 MB
[runlim] sample:		788.8 time, 821.0 real, 98.5 MB
[runlim] sample:		796.8 time, 831.0 real, 99.0 MB
[runlim] sample:		806.3 time, 841.0 real, 99.8 MB
[runlim] sample:		815.9 time, 851.0 real, 100.3 MB
[runlim] sample:		825.5 time, 861.0 real, 101.1 MB
[runlim] sample:		835.5 time, 871.0 real, 101.9 MB
[runlim] sample:		845.5 time, 881.0 real, 102.4 MB
[runlim] sample:		855.5 time, 891.0 real, 103.1 MB
[runlim] sample:		865.5 time, 901.0 real, 103.7 MB
[runlim] sample:		875.5 time, 911.0 real, 104.5 MB
[runlim] sample:		885.5 time, 921.0 real, 105.0 MB
[runlim] sample:		895.0 time, 931.0 real, 105.8 MB
[runlim] sample:		904.0 time, 941.0 real, 108.1 MB
[runlim] sample:		913.1 time, 951.0 real, 108.1 MB
[runlim] sample:		922.4 time, 961.0 real, 108.4 MB
[runlim] sample:		931.7 time, 971.0 real, 111.0 MB
[runlim] sample:		941.0 time, 981.0 real, 111.2 MB
[runlim] sample:		950.7 time, 991.0 real, 111.8 MB
[runlim] sample:		960.4 time, 1001.0 real, 112.5 MB
[runlim] sample:		970.0 time, 1011.0 real, 113.0 MB
[runlim] sample:		979.7 time, 1021.0 real, 113.8 MB
[runlim] sample:		989.3 time, 1031.0 real, 114.3 MB
[runlim] sample:		999.0 time, 1041.0 real, 115.1 MB
[runlim] sample:		1008.6 time, 1051.0 real, 115.4 MB
[runlim] sample:		1018.3 time, 1061.0 real, 116.1 MB
[runlim] sample:		1027.9 time, 1071.0 real, 116.6 MB
[runlim] sample:		1037.6 time, 1081.0 real, 117.4 MB
[runlim] sample:		1047.2 time, 1091.0 real, 117.9 MB
[runlim] sample:		1056.8 time, 1101.0 real, 118.7 MB
[runlim] sample:		1066.5 time, 1111.0 real, 119.2 MB
[runlim] sample:		1076.1 time, 1121.0 real, 120.0 MB
[runlim] sample:		1085.8 time, 1131.0 real, 120.5 MB
[runlim] sample:		1095.4 time, 1141.0 real, 121.3 MB
[runlim] sample:		1105.1 time, 1151.0 real, 121.8 MB
[runlim] sample:		1114.7 time, 1161.0 real, 122.3 MB
[runlim] sample:		1124.4 time, 1171.0 real, 122.8 MB
[runlim] sample:		1134.0 time, 1181.0 real, 123.6 MB
[runlim] sample:		1143.6 time, 1191.0 real, 124.1 MB
[runlim] sample:		1153.3 time, 1201.0 real, 124.9 MB
[runlim] sample:		1162.9 time, 1211.0 real, 125.4 MB
[runlim] sample:		1172.6 time, 1221.0 real, 125.9 MB
[runlim] sample:		1182.2 time, 1231.0 real, 126.7 MB
[runlim] sample:		1191.9 time, 1241.0 real, 127.2 MB
[runlim] sample:		1201.5 time, 1251.0 real, 128.8 MB
[runlim] sample:		1211.2 time, 1261.0 real, 129.3 MB
[runlim] sample:		1220.8 time, 1271.0 real, 129.8 MB
[runlim] sample:		1230.5 time, 1281.0 real, 130.3 MB
[runlim] sample:		1240.1 time, 1291.0 real, 131.1 MB
[runlim] sample:		1249.8 time, 1301.0 real, 131.6 MB
[runlim] sample:		1259.4 time, 1311.0 real, 132.2 MB
[runlim] sample:		1269.0 time, 1321.0 real, 132.9 MB
[runlim] sample:		1278.7 time, 1331.0 real, 133.2 MB
[runlim] sample:		1288.3 time, 1341.0 real, 134.0 MB
[runlim] sample:		1298.0 time, 1351.0 real, 134.2 MB
[runlim] sample:		1307.6 time, 1361.0 real, 135.0 MB
[runlim] sample:		1317.3 time, 1371.0 real, 135.5 MB
[runlim] sample:		1326.9 time, 1381.0 real, 136.0 MB
[runlim] sample:		1336.6 time, 1391.0 real, 136.8 MB
[runlim] sample:		1346.2 time, 1401.0 real, 137.6 MB
[runlim] sample:		1355.9 time, 1411.0 real, 138.3 MB
[runlim] sample:		1365.5 time, 1421.0 real, 138.8 MB
[runlim] sample:		1375.2 time, 1431.0 real, 139.6 MB
[runlim] sample:		1384.8 time, 1441.0 real, 139.9 MB
[runlim] sample:		1394.5 time, 1451.0 real, 140.9 MB
[runlim] sample:		1404.1 time, 1461.0 real, 141.9 MB
[runlim] sample:		1413.8 time, 1471.0 real, 142.2 MB
[runlim] sample:		1423.4 time, 1481.0 real, 143.0 MB
[runlim] sample:		1433.0 time, 1491.0 real, 143.2 MB
[runlim] sample:		1442.7 time, 1501.0 real, 144.3 MB
[runlim] sample:		1452.3 time, 1511.0 real, 144.5 MB
[runlim] sample:		1462.0 time, 1521.0 real, 145.8 MB
[runlim] sample:		1471.7 time, 1531.0 real, 146.1 MB
[runlim] sample:		1481.3 time, 1541.0 real, 146.8 MB
[runlim] sample:		1490.2 time, 1551.0 real, 147.3 MB
[runlim] sample:		1498.5 time, 1561.0 real, 147.6 MB
[runlim] sample:		1506.8 time, 1571.0 real, 148.1 MB
[runlim] sample:		1515.2 time, 1581.0 real, 148.6 MB
[runlim] sample:		1524.9 time, 1591.0 real, 149.1 MB
[runlim] sample:		1534.6 time, 1601.0 real, 149.9 MB
[runlim] sample:		1543.5 time, 1611.0 real, 150.2 MB
[runlim] sample:		1551.9 time, 1621.0 real, 150.7 MB
[runlim] sample:		1560.2 time, 1631.0 real, 151.2 MB
[runlim] sample:		1568.6 time, 1641.0 real, 151.5 MB
[runlim] sample:		1576.9 time, 1651.0 real, 152.0 MB
[runlim] sample:		1586.3 time, 1661.0 real, 152.5 MB
[runlim] sample:		1596.0 time, 1671.0 real, 153.0 MB
[runlim] sample:		1605.7 time, 1681.0 real, 153.8 MB
[runlim] sample:		1615.1 time, 1691.0 real, 154.0 MB
[runlim] sample:		1623.5 time, 1701.0 real, 154.6 MB
[runlim] sample:		1631.8 time, 1711.0 real, 155.1 MB
[runlim] sample:		1640.5 time, 1721.0 real, 155.6 MB
[runlim] sample:		1650.2 time, 1731.0 real, 156.1 MB
[runlim] sample:		1659.3 time, 1741.0 real, 156.4 MB
[runlim] sample:		1667.9 time, 1751.0 real, 156.9 MB
[runlim] sample:		1676.9 time, 1761.0 real, 157.6 MB
[runlim] sample:		1685.3 time, 1771.0 real, 157.9 MB
[runlim] sample:		1693.6 time, 1781.0 real, 158.4 MB
[runlim] sample:		1702.0 time, 1791.0 real, 158.9 MB
[runlim] sample:		1710.4 time, 1801.0 real, 159.2 MB
[runlim] sample:		1718.8 time, 1811.0 real, 159.7 MB
[runlim] sample:		1727.2 time, 1821.0 real, 160.2 MB
[runlim] sample:		1735.5 time, 1831.0 real, 160.5 MB
[runlim] sample:		1743.9 time, 1841.0 real, 161.0 MB
[runlim] sample:		1752.3 time, 1851.0 real, 161.5 MB
[runlim] sample:		1760.6 time, 1861.0 real, 161.8 MB
[runlim] sample:		1769.0 time, 1871.0 real, 162.3 MB
[runlim] end:			Sat Feb  9 18:23:40 2019
[runlim] status:		signal(9)
[runlim] result:		11
[runlim] children:		0
[runlim] real:			1872.04 seconds
[runlim] time:			1769.99 seconds
[runlim] space:			162.3 MB
[runlim] samples:		18710
