[runlim] version:		1.10fixed
[runlim] time limit:		1800 seconds
[runlim] real time limit:	311040000 seconds
[runlim] space limit:		4000 MB
[runlim] argv[0]:		./cvc4
[runlim] argv[1]:		--nl-ext-tplanes
[runlim] argv[2]:		--full-saturate-quant
[runlim] argv[3]:		--no-e-matching
[runlim] argv[4]:		/tmp/RvRPA3zW.smt2
[runlim] start:			Wed Feb  6 06:32:33 2019
[runlim] main pid:		24004
[runlim] sample:		9.6 time, 10.4 real, 49.3 MB
[runlim] sample:		18.5 time, 20.4 real, 58.6 MB
[runlim] sample:		28.2 time, 30.4 real, 65.3 MB
[runlim] sample:		37.9 time, 40.4 real, 85.5 MB
[runlim] sample:		47.6 time, 50.4 real, 85.4 MB
[runlim] sample:		57.3 time, 60.4 real, 87.7 MB
[runlim] sample:		66.3 time, 70.4 real, 93.4 MB
[runlim] sample:		76.0 time, 80.4 real, 94.7 MB
[runlim] sample:		85.7 time, 90.4 real, 96.5 MB
[runlim] sample:		95.6 time, 100.4 real, 99.8 MB
[runlim] sample:		105.6 time, 110.4 real, 100.4 MB
[runlim] sample:		115.6 time, 120.4 real, 107.0 MB
[runlim] sample:		125.6 time, 130.4 real, 110.8 MB
[runlim] sample:		135.6 time, 140.4 real, 115.5 MB
[runlim] sample:		145.6 time, 150.4 real, 118.8 MB
[runlim] sample:		155.6 time, 160.4 real, 123.5 MB
[runlim] sample:		165.6 time, 170.4 real, 126.6 MB
[runlim] sample:		175.6 time, 180.4 real, 129.3 MB
[runlim] sample:		185.6 time, 190.4 real, 133.4 MB
[runlim] sample:		195.3 time, 200.4 real, 135.5 MB
[runlim] sample:		205.1 time, 210.4 real, 138.6 MB
[runlim] sample:		215.1 time, 220.4 real, 141.7 MB
[runlim] sample:		225.0 time, 230.4 real, 146.1 MB
[runlim] sample:		234.8 time, 240.4 real, 146.3 MB
[runlim] sample:		244.8 time, 250.4 real, 149.4 MB
[runlim] sample:		254.8 time, 260.4 real, 151.7 MB
[runlim] sample:		264.9 time, 270.4 real, 153.8 MB
[runlim] sample:		274.8 time, 280.4 real, 155.6 MB
[runlim] sample:		284.7 time, 290.4 real, 158.9 MB
[runlim] sample:		294.7 time, 300.4 real, 162.3 MB
[runlim] sample:		304.4 time, 310.4 real, 165.1 MB
[runlim] sample:		314.2 time, 320.4 real, 166.2 MB
[runlim] sample:		323.9 time, 330.4 real, 170.2 MB
[runlim] sample:		333.6 time, 340.4 real, 171.4 MB
[runlim] sample:		342.7 time, 350.4 real, 173.8 MB
[runlim] sample:		352.4 time, 360.4 real, 175.6 MB
[runlim] sample:		362.0 time, 370.4 real, 177.1 MB
[runlim] sample:		371.7 time, 380.4 real, 179.2 MB
[runlim] sample:		381.4 time, 390.4 real, 181.5 MB
[runlim] sample:		391.1 time, 400.4 real, 184.1 MB
[runlim] sample:		400.7 time, 410.4 real, 185.6 MB
[runlim] sample:		410.4 time, 420.4 real, 186.6 MB
[runlim] sample:		420.1 time, 430.4 real, 189.2 MB
[runlim] sample:		429.7 time, 440.4 real, 191.3 MB
[runlim] sample:		439.4 time, 450.4 real, 192.1 MB
[runlim] sample:		449.1 time, 460.4 real, 194.4 MB
[runlim] sample:		458.7 time, 470.4 real, 196.4 MB
[runlim] sample:		468.4 time, 480.4 real, 198.2 MB
[runlim] sample:		478.1 time, 490.4 real, 199.8 MB
[runlim] sample:		487.7 time, 500.4 real, 201.9 MB
[runlim] sample:		497.7 time, 510.4 real, 204.7 MB
[runlim] sample:		507.5 time, 520.4 real, 206.0 MB
[runlim] sample:		517.0 time, 530.4 real, 206.8 MB
[runlim] sample:		525.5 time, 540.4 real, 208.0 MB
[runlim] sample:		533.9 time, 550.4 real, 209.6 MB
[runlim] sample:		542.2 time, 560.4 real, 210.9 MB
[runlim] sample:		550.6 time, 570.4 real, 212.2 MB
[runlim] sample:		558.2 time, 580.4 real, 214.0 MB
[runlim] sample:		566.9 time, 590.4 real, 214.5 MB
[runlim] sample:		575.9 time, 600.4 real, 216.8 MB
[runlim] sample:		585.6 time, 610.4 real, 218.3 MB
[runlim] sample:		595.3 time, 620.4 real, 220.1 MB
[runlim] sample:		604.8 time, 630.4 real, 220.9 MB
[runlim] sample:		613.6 time, 640.4 real, 222.0 MB
[runlim] sample:		621.4 time, 650.4 real, 223.0 MB
[runlim] sample:		630.9 time, 660.4 real, 225.3 MB
[runlim] sample:		640.6 time, 670.4 real, 227.6 MB
[runlim] sample:		650.3 time, 680.4 real, 227.9 MB
[runlim] sample:		659.7 time, 690.4 real, 229.9 MB
[runlim] sample:		668.0 time, 700.4 real, 229.9 MB
[runlim] sample:		676.4 time, 710.4 real, 230.5 MB
[runlim] sample:		685.5 time, 720.4 real, 231.7 MB
[runlim] sample:		693.7 time, 730.4 real, 232.5 MB
[runlim] sample:		702.8 time, 740.4 real, 233.6 MB
[runlim] sample:		712.8 time, 750.4 real, 235.6 MB
[runlim] sample:		722.8 time, 760.4 real, 237.2 MB
[runlim] sample:		732.8 time, 770.4 real, 237.5 MB
[runlim] sample:		742.8 time, 780.4 real, 239.2 MB
[runlim] sample:		752.8 time, 790.4 real, 239.4 MB
[runlim] sample:		762.8 time, 800.4 real, 240.7 MB
[runlim] sample:		772.8 time, 810.4 real, 242.5 MB
[runlim] sample:		782.8 time, 820.4 real, 244.1 MB
[runlim] sample:		792.8 time, 830.4 real, 245.1 MB
[runlim] sample:		802.8 time, 840.4 real, 245.9 MB
[runlim] sample:		812.8 time, 850.4 real, 246.7 MB
[runlim] sample:		822.8 time, 860.4 real, 247.4 MB
[runlim] sample:		832.5 time, 870.4 real, 249.0 MB
[runlim] sample:		842.2 time, 880.4 real, 250.8 MB
[runlim] sample:		851.8 time, 890.4 real, 251.6 MB
[runlim] sample:		861.5 time, 900.4 real, 252.3 MB
[runlim] sample:		871.1 time, 910.4 real, 253.4 MB
[runlim] sample:		880.8 time, 920.4 real, 255.2 MB
[runlim] sample:		890.6 time, 930.4 real, 258.0 MB
[runlim] sample:		900.6 time, 940.4 real, 260.5 MB
[runlim] sample:		910.6 time, 950.4 real, 262.3 MB
[runlim] sample:		920.6 time, 960.4 real, 263.6 MB
[runlim] sample:		930.6 time, 970.4 real, 264.4 MB
[runlim] sample:		940.6 time, 980.4 real, 266.7 MB
[runlim] sample:		950.6 time, 990.4 real, 267.7 MB
[runlim] sample:		960.6 time, 1000.4 real, 268.8 MB
[runlim] sample:		970.5 time, 1010.4 real, 270.3 MB
[runlim] sample:		980.5 time, 1020.4 real, 271.6 MB
[runlim] sample:		990.5 time, 1030.4 real, 271.9 MB
[runlim] sample:		1000.5 time, 1040.4 real, 272.6 MB
[runlim] sample:		1010.5 time, 1050.4 real, 275.2 MB
[runlim] sample:		1020.5 time, 1060.4 real, 277.0 MB
[runlim] sample:		1030.5 time, 1070.4 real, 277.3 MB
[runlim] sample:		1040.5 time, 1080.4 real, 278.0 MB
[runlim] sample:		1050.5 time, 1090.4 real, 280.4 MB
[runlim] sample:		1060.5 time, 1100.4 real, 280.6 MB
[runlim] sample:		1070.5 time, 1110.4 real, 280.9 MB
[runlim] sample:		1080.5 time, 1120.4 real, 281.1 MB
[runlim] sample:		1090.5 time, 1130.4 real, 281.9 MB
[runlim] sample:		1100.5 time, 1140.4 real, 283.7 MB
[runlim] sample:		1110.5 time, 1150.4 real, 284.5 MB
[runlim] sample:		1120.5 time, 1160.4 real, 284.5 MB
[runlim] sample:		1130.5 time, 1170.4 real, 285.3 MB
[runlim] sample:		1140.5 time, 1180.4 real, 286.5 MB
[runlim] sample:		1150.5 time, 1190.4 real, 287.3 MB
[runlim] sample:		1160.5 time, 1200.4 real, 288.3 MB
[runlim] sample:		1170.5 time, 1210.4 real, 288.6 MB
[runlim] sample:		1180.5 time, 1220.4 real, 290.9 MB
[runlim] sample:		1190.5 time, 1230.4 real, 291.2 MB
[runlim] sample:		1200.5 time, 1240.4 real, 292.5 MB
[runlim] sample:		1210.5 time, 1250.4 real, 292.7 MB
[runlim] sample:		1220.5 time, 1260.4 real, 295.8 MB
[runlim] sample:		1230.5 time, 1270.4 real, 296.9 MB
[runlim] sample:		1240.5 time, 1280.4 real, 297.4 MB
[runlim] sample:		1250.5 time, 1290.4 real, 299.2 MB
[runlim] sample:		1260.5 time, 1300.4 real, 299.7 MB
[runlim] sample:		1270.5 time, 1310.4 real, 300.2 MB
[runlim] sample:		1280.5 time, 1320.4 real, 302.8 MB
[runlim] sample:		1290.5 time, 1330.4 real, 302.8 MB
[runlim] sample:		1300.5 time, 1340.4 real, 303.0 MB
[runlim] sample:		1310.5 time, 1350.4 real, 305.9 MB
[runlim] sample:		1320.5 time, 1360.4 real, 306.4 MB
[runlim] sample:		1330.5 time, 1370.4 real, 307.2 MB
[runlim] sample:		1340.5 time, 1380.4 real, 307.4 MB
[runlim] sample:		1350.5 time, 1390.4 real, 309.0 MB
[runlim] sample:		1360.5 time, 1400.4 real, 310.5 MB
[runlim] sample:		1370.5 time, 1410.4 real, 314.6 MB
[runlim] sample:		1380.5 time, 1420.4 real, 314.9 MB
[runlim] sample:		1390.5 time, 1430.4 real, 315.2 MB
[runlim] sample:		1400.5 time, 1440.4 real, 320.5 MB
[runlim] sample:		1410.5 time, 1450.4 real, 321.8 MB
[runlim] sample:		1420.5 time, 1460.4 real, 322.3 MB
[runlim] sample:		1430.5 time, 1470.4 real, 323.1 MB
[runlim] sample:		1440.5 time, 1480.4 real, 323.4 MB
[runlim] sample:		1450.5 time, 1490.4 real, 325.4 MB
[runlim] sample:		1460.5 time, 1500.4 real, 325.7 MB
[runlim] sample:		1470.5 time, 1510.4 real, 326.8 MB
[runlim] sample:		1480.5 time, 1520.4 real, 327.9 MB
[runlim] sample:		1490.5 time, 1530.4 real, 328.6 MB
[runlim] sample:		1500.5 time, 1540.4 real, 330.7 MB
[runlim] sample:		1510.5 time, 1550.4 real, 331.2 MB
[runlim] sample:		1520.5 time, 1560.4 real, 331.5 MB
[runlim] sample:		1530.5 time, 1570.4 real, 332.0 MB
[runlim] sample:		1540.5 time, 1580.4 real, 332.8 MB
[runlim] sample:		1550.4 time, 1590.4 real, 333.8 MB
[runlim] sample:		1560.4 time, 1600.4 real, 334.3 MB
[runlim] sample:		1570.4 time, 1610.4 real, 335.6 MB
[runlim] sample:		1580.4 time, 1620.4 real, 336.4 MB
[runlim] sample:		1590.4 time, 1630.4 real, 337.9 MB
[runlim] sample:		1600.4 time, 1640.4 real, 341.3 MB
[runlim] sample:		1610.4 time, 1650.4 real, 343.1 MB
[runlim] sample:		1620.4 time, 1660.4 real, 345.4 MB
[runlim] sample:		1630.4 time, 1670.4 real, 346.4 MB
[runlim] sample:		1640.4 time, 1680.4 real, 346.9 MB
[runlim] sample:		1650.4 time, 1690.4 real, 348.5 MB
[runlim] sample:		1660.4 time, 1700.4 real, 348.7 MB
[runlim] sample:		1670.4 time, 1710.4 real, 349.0 MB
[runlim] sample:		1680.4 time, 1720.4 real, 349.5 MB
[runlim] sample:		1690.4 time, 1730.4 real, 349.8 MB
[runlim] sample:		1700.4 time, 1740.4 real, 350.3 MB
[runlim] sample:		1710.4 time, 1750.4 real, 351.3 MB
[runlim] sample:		1720.4 time, 1760.4 real, 351.6 MB
[runlim] sample:		1730.4 time, 1770.4 real, 352.1 MB
[runlim] sample:		1740.4 time, 1780.4 real, 353.4 MB
[runlim] sample:		1750.4 time, 1790.4 real, 353.6 MB
[runlim] sample:		1760.4 time, 1800.4 real, 353.9 MB
[runlim] sample:		1770.4 time, 1810.4 real, 355.4 MB
[runlim] sample:		1780.4 time, 1820.4 real, 356.0 MB
[runlim] sample:		1790.4 time, 1830.4 real, 357.0 MB
CVC4 interrupted by SIGTERM.
[runlim] end:			Wed Feb  6 07:03:13 2019
[runlim] status:		out of time
[runlim] result:		2
[runlim] children:		0
[runlim] real:			1840.14 seconds
[runlim] time:			1800.09 seconds
[runlim] space:			357.5 MB
[runlim] samples:		18397
