[runlim] version:		1.10fixed
[runlim] time limit:		1800 seconds
[runlim] real time limit:	311040000 seconds
[runlim] space limit:		4000 MB
[runlim] argv[0]:		./cvc4
[runlim] argv[1]:		--nl-ext-tplanes
[runlim] argv[2]:		--full-saturate-quant
[runlim] argv[3]:		--no-e-matching
[runlim] argv[4]:		/tmp/jpFlKQqy.smt2
[runlim] start:			Wed Feb  6 06:32:32 2019
[runlim] main pid:		22522
[runlim] sample:		8.6 time, 10.9 real, 44.5 MB
[runlim] sample:		17.7 time, 20.9 real, 55.8 MB
[runlim] sample:		26.7 time, 30.9 real, 62.7 MB
[runlim] sample:		36.5 time, 40.9 real, 70.6 MB
[runlim] sample:		45.4 time, 50.9 real, 76.4 MB
[runlim] sample:		54.0 time, 60.9 real, 81.3 MB
[runlim] sample:		62.7 time, 70.9 real, 85.2 MB
[runlim] sample:		71.3 time, 80.9 real, 90.4 MB
[runlim] sample:		79.9 time, 90.9 real, 92.4 MB
[runlim] sample:		88.5 time, 100.9 real, 97.6 MB
[runlim] sample:		98.4 time, 110.9 real, 100.1 MB
[runlim] sample:		108.4 time, 120.9 real, 103.0 MB
[runlim] sample:		118.4 time, 130.9 real, 107.1 MB
[runlim] sample:		128.4 time, 140.9 real, 109.7 MB
[runlim] sample:		138.4 time, 150.9 real, 114.8 MB
[runlim] sample:		148.4 time, 160.9 real, 116.3 MB
[runlim] sample:		158.4 time, 170.9 real, 119.7 MB
[runlim] sample:		168.4 time, 180.9 real, 123.3 MB
[runlim] sample:		178.4 time, 190.9 real, 124.6 MB
[runlim] sample:		188.4 time, 200.9 real, 127.9 MB
[runlim] sample:		198.4 time, 210.9 real, 129.7 MB
[runlim] sample:		208.4 time, 220.9 real, 132.5 MB
[runlim] sample:		218.4 time, 230.9 real, 134.9 MB
[runlim] sample:		228.4 time, 240.9 real, 137.9 MB
[runlim] sample:		238.4 time, 250.9 real, 141.2 MB
[runlim] sample:		248.4 time, 260.9 real, 143.3 MB
[runlim] sample:		258.4 time, 270.9 real, 144.6 MB
[runlim] sample:		268.4 time, 280.9 real, 146.9 MB
[runlim] sample:		278.4 time, 290.9 real, 149.7 MB
[runlim] sample:		288.4 time, 300.9 real, 151.5 MB
[runlim] sample:		298.4 time, 310.9 real, 153.1 MB
[runlim] sample:		308.4 time, 320.9 real, 154.6 MB
[runlim] sample:		318.4 time, 330.9 real, 155.4 MB
[runlim] sample:		328.4 time, 340.9 real, 158.2 MB
[runlim] sample:		338.4 time, 350.9 real, 158.5 MB
[runlim] sample:		348.4 time, 360.9 real, 162.8 MB
[runlim] sample:		358.4 time, 370.9 real, 164.9 MB
[runlim] sample:		368.4 time, 380.9 real, 167.5 MB
[runlim] sample:		378.4 time, 390.9 real, 169.8 MB
[runlim] sample:		388.4 time, 400.9 real, 170.8 MB
[runlim] sample:		398.4 time, 410.9 real, 172.6 MB
[runlim] sample:		408.4 time, 420.9 real, 174.7 MB
[runlim] sample:		418.4 time, 430.9 real, 175.7 MB
[runlim] sample:		428.4 time, 440.9 real, 177.5 MB
[runlim] sample:		438.4 time, 450.9 real, 178.8 MB
[runlim] sample:		448.4 time, 460.9 real, 179.8 MB
[runlim] sample:		458.4 time, 470.9 real, 181.4 MB
[runlim] sample:		468.4 time, 480.9 real, 181.6 MB
[runlim] sample:		478.4 time, 490.9 real, 184.5 MB
[runlim] sample:		488.4 time, 500.9 real, 185.2 MB
[runlim] sample:		498.4 time, 510.9 real, 186.5 MB
[runlim] sample:		508.4 time, 520.9 real, 187.8 MB
[runlim] sample:		518.4 time, 530.9 real, 189.6 MB
[runlim] sample:		528.4 time, 540.9 real, 191.9 MB
[runlim] sample:		538.4 time, 550.9 real, 193.5 MB
[runlim] sample:		548.4 time, 560.9 real, 193.7 MB
[runlim] sample:		558.4 time, 570.9 real, 196.1 MB
[runlim] sample:		568.4 time, 580.9 real, 197.1 MB
[runlim] sample:		578.4 time, 590.9 real, 198.4 MB
[runlim] sample:		588.4 time, 600.9 real, 199.2 MB
[runlim] sample:		598.4 time, 610.9 real, 201.0 MB
[runlim] sample:		608.4 time, 620.9 real, 202.8 MB
[runlim] sample:		618.4 time, 630.9 real, 204.9 MB
[runlim] sample:		628.4 time, 640.9 real, 205.1 MB
[runlim] sample:		638.4 time, 650.9 real, 205.9 MB
[runlim] sample:		648.4 time, 660.9 real, 208.8 MB
[runlim] sample:		658.4 time, 670.9 real, 209.8 MB
[runlim] sample:		668.4 time, 680.9 real, 210.3 MB
[runlim] sample:		678.4 time, 690.9 real, 212.1 MB
[runlim] sample:		688.4 time, 700.9 real, 213.9 MB
[runlim] sample:		698.4 time, 710.9 real, 214.7 MB
[runlim] sample:		708.4 time, 720.9 real, 215.2 MB
[runlim] sample:		718.4 time, 730.9 real, 218.5 MB
[runlim] sample:		728.4 time, 740.9 real, 218.8 MB
[runlim] sample:		738.4 time, 750.9 real, 219.6 MB
[runlim] sample:		748.4 time, 760.9 real, 222.2 MB
[runlim] sample:		758.4 time, 770.9 real, 222.7 MB
[runlim] sample:		768.4 time, 780.9 real, 224.2 MB
[runlim] sample:		778.4 time, 790.9 real, 226.7 MB
[runlim] sample:		788.4 time, 800.9 real, 228.0 MB
[runlim] sample:		798.4 time, 810.9 real, 229.5 MB
[runlim] sample:		808.4 time, 820.9 real, 232.1 MB
[runlim] sample:		818.4 time, 830.9 real, 232.4 MB
[runlim] sample:		828.4 time, 840.9 real, 232.9 MB
[runlim] sample:		838.4 time, 850.9 real, 236.9 MB
[runlim] sample:		848.4 time, 860.9 real, 237.4 MB
[runlim] sample:		858.4 time, 870.9 real, 238.4 MB
[runlim] sample:		868.4 time, 880.9 real, 240.5 MB
[runlim] sample:		878.4 time, 890.9 real, 241.0 MB
[runlim] sample:		888.4 time, 900.9 real, 241.3 MB
[runlim] sample:		898.4 time, 910.9 real, 241.5 MB
[runlim] sample:		908.4 time, 920.9 real, 242.0 MB
[runlim] sample:		918.4 time, 930.9 real, 245.4 MB
[runlim] sample:		928.4 time, 940.9 real, 245.6 MB
[runlim] sample:		938.4 time, 950.9 real, 248.1 MB
[runlim] sample:		948.4 time, 960.9 real, 248.6 MB
[runlim] sample:		958.4 time, 970.9 real, 250.2 MB
[runlim] sample:		968.4 time, 980.9 real, 251.7 MB
[runlim] sample:		978.4 time, 990.9 real, 252.0 MB
[runlim] sample:		988.4 time, 1000.9 real, 253.3 MB
[runlim] sample:		998.4 time, 1010.9 real, 253.8 MB
[runlim] sample:		1008.4 time, 1020.9 real, 256.1 MB
[runlim] sample:		1018.4 time, 1030.9 real, 257.1 MB
[runlim] sample:		1028.4 time, 1040.9 real, 257.4 MB
[runlim] sample:		1038.4 time, 1050.9 real, 259.0 MB
[runlim] sample:		1048.4 time, 1060.9 real, 259.2 MB
[runlim] sample:		1058.4 time, 1070.9 real, 259.7 MB
[runlim] sample:		1068.4 time, 1080.9 real, 260.8 MB
[runlim] sample:		1078.4 time, 1090.9 real, 261.0 MB
[runlim] sample:		1088.3 time, 1100.9 real, 263.1 MB
[runlim] sample:		1098.3 time, 1110.9 real, 265.2 MB
[runlim] sample:		1108.3 time, 1120.9 real, 265.7 MB
[runlim] sample:		1118.3 time, 1130.9 real, 266.7 MB
[runlim] sample:		1128.3 time, 1140.9 real, 267.2 MB
[runlim] sample:		1138.3 time, 1150.9 real, 267.5 MB
[runlim] sample:		1148.3 time, 1160.9 real, 268.8 MB
[runlim] sample:		1158.3 time, 1170.9 real, 269.0 MB
[runlim] sample:		1168.3 time, 1180.9 real, 271.6 MB
[runlim] sample:		1178.3 time, 1190.9 real, 271.9 MB
[runlim] sample:		1188.3 time, 1200.9 real, 272.6 MB
[runlim] sample:		1198.3 time, 1210.9 real, 274.2 MB
[runlim] sample:		1208.3 time, 1220.9 real, 274.7 MB
[runlim] sample:		1218.3 time, 1230.9 real, 275.0 MB
[runlim] sample:		1228.3 time, 1240.9 real, 276.2 MB
[runlim] sample:		1238.3 time, 1250.9 real, 276.5 MB
[runlim] sample:		1248.3 time, 1260.9 real, 278.1 MB
[runlim] sample:		1258.3 time, 1270.9 real, 278.6 MB
[runlim] sample:		1268.3 time, 1280.9 real, 279.9 MB
[runlim] sample:		1278.3 time, 1290.9 real, 280.4 MB
[runlim] sample:		1288.3 time, 1300.9 real, 281.9 MB
[runlim] sample:		1298.3 time, 1310.9 real, 282.4 MB
[runlim] sample:		1308.3 time, 1320.9 real, 282.7 MB
[runlim] sample:		1318.3 time, 1330.9 real, 283.7 MB
[runlim] sample:		1328.3 time, 1340.9 real, 284.0 MB
[runlim] sample:		1338.3 time, 1350.9 real, 284.8 MB
[runlim] sample:		1348.3 time, 1360.9 real, 285.3 MB
[runlim] sample:		1358.3 time, 1370.9 real, 286.3 MB
[runlim] sample:		1368.3 time, 1380.9 real, 286.6 MB
[runlim] sample:		1378.3 time, 1390.9 real, 287.8 MB
[runlim] sample:		1388.3 time, 1400.9 real, 288.4 MB
[runlim] sample:		1398.3 time, 1410.9 real, 290.2 MB
[runlim] sample:		1408.3 time, 1420.9 real, 290.7 MB
[runlim] sample:		1418.3 time, 1430.9 real, 290.7 MB
[runlim] sample:		1428.2 time, 1440.9 real, 296.7 MB
[runlim] sample:		1438.2 time, 1450.9 real, 297.2 MB
[runlim] sample:		1448.2 time, 1460.9 real, 298.2 MB
[runlim] sample:		1458.0 time, 1470.9 real, 298.5 MB
[runlim] sample:		1467.7 time, 1480.9 real, 298.7 MB
[runlim] sample:		1477.3 time, 1490.9 real, 299.8 MB
[runlim] sample:		1487.0 time, 1500.9 real, 300.3 MB
[runlim] sample:		1496.9 time, 1510.9 real, 301.6 MB
[runlim] sample:		1506.9 time, 1520.9 real, 301.8 MB
[runlim] sample:		1516.7 time, 1530.9 real, 302.4 MB
[runlim] sample:		1526.4 time, 1540.9 real, 302.9 MB
[runlim] sample:		1536.0 time, 1550.9 real, 303.1 MB
[runlim] sample:		1545.7 time, 1560.9 real, 303.9 MB
[runlim] sample:		1555.4 time, 1570.9 real, 304.4 MB
[runlim] sample:		1565.1 time, 1580.9 real, 306.0 MB
[runlim] sample:		1574.8 time, 1590.9 real, 306.2 MB
[runlim] sample:		1584.6 time, 1600.9 real, 306.5 MB
[runlim] sample:		1594.6 time, 1610.9 real, 306.7 MB
[runlim] sample:		1604.6 time, 1620.9 real, 308.3 MB
[runlim] sample:		1614.6 time, 1630.9 real, 309.3 MB
[runlim] sample:		1624.4 time, 1640.9 real, 309.3 MB
[runlim] sample:		1634.1 time, 1650.9 real, 309.6 MB
[runlim] sample:		1643.8 time, 1660.9 real, 311.1 MB
[runlim] sample:		1653.5 time, 1670.9 real, 315.0 MB
[runlim] sample:		1663.2 time, 1680.9 real, 315.5 MB
[runlim] sample:		1672.8 time, 1690.9 real, 315.5 MB
[runlim] sample:		1682.5 time, 1700.9 real, 316.0 MB
[runlim] sample:		1692.2 time, 1710.9 real, 317.6 MB
[runlim] sample:		1701.9 time, 1720.9 real, 317.8 MB
[runlim] sample:		1711.9 time, 1730.9 real, 318.1 MB
[runlim] sample:		1721.9 time, 1740.9 real, 321.2 MB
[runlim] sample:		1731.9 time, 1750.9 real, 321.9 MB
[runlim] sample:		1741.8 time, 1760.9 real, 323.0 MB
[runlim] sample:		1751.5 time, 1770.9 real, 324.8 MB
[runlim] sample:		1761.1 time, 1780.9 real, 325.3 MB
[runlim] sample:		1771.1 time, 1790.9 real, 327.1 MB
[runlim] sample:		1780.9 time, 1800.9 real, 330.7 MB
[runlim] sample:		1790.6 time, 1810.9 real, 330.7 MB
CVC4 interrupted by SIGTERM.
[runlim] end:			Wed Feb  6 07:02:52 2019
[runlim] status:		out of time
[runlim] result:		2
[runlim] children:		0
[runlim] real:			1820.72 seconds
[runlim] time:			1800.10 seconds
[runlim] space:			332.5 MB
[runlim] samples:		18198
