[runlim] version:		1.10fixed
[runlim] time limit:		300 seconds
[runlim] real time limit:	311040000 seconds
[runlim] space limit:		4000 MB
[runlim] argv[0]:		./cvc4
[runlim] argv[1]:		--nl-ext-tplanes
[runlim] argv[2]:		--full-saturate-quant
[runlim] argv[3]:		--no-e-matching
[runlim] argv[4]:		/tmp/9NSzhy4S.smt2
[runlim] start:			Thu Feb 14 00:42:23 2019
[runlim] main pid:		29982
[runlim] sample:		7.6 time, 10.5 real, 44.1 MB
[runlim] sample:		17.2 time, 20.5 real, 62.4 MB
[runlim] sample:		27.2 time, 30.5 real, 70.1 MB
[runlim] sample:		37.2 time, 40.5 real, 79.8 MB
[runlim] sample:		47.2 time, 50.5 real, 84.4 MB
[runlim] sample:		57.2 time, 60.5 real, 90.5 MB
[runlim] sample:		67.2 time, 70.5 real, 95.4 MB
[runlim] sample:		77.2 time, 80.5 real, 99.5 MB
[runlim] sample:		87.2 time, 90.5 real, 103.3 MB
[runlim] sample:		96.8 time, 100.5 real, 107.7 MB
[runlim] sample:		106.5 time, 110.5 real, 111.9 MB
[runlim] sample:		116.2 time, 120.5 real, 116.5 MB
[runlim] sample:		125.9 time, 130.5 real, 119.1 MB
[runlim] sample:		135.9 time, 140.5 real, 122.9 MB
[runlim] sample:		145.9 time, 150.5 real, 127.0 MB
[runlim] sample:		155.9 time, 160.5 real, 130.6 MB
[runlim] sample:		165.9 time, 170.5 real, 134.6 MB
[runlim] sample:		175.8 time, 180.5 real, 136.1 MB
[runlim] sample:		185.4 time, 190.5 real, 138.2 MB
[runlim] sample:		194.7 time, 200.5 real, 140.5 MB
[runlim] sample:		204.2 time, 210.5 real, 144.1 MB
[runlim] sample:		212.9 time, 220.5 real, 146.7 MB
[runlim] sample:		222.5 time, 230.5 real, 148.0 MB
[runlim] sample:		232.2 time, 240.5 real, 150.0 MB
[runlim] sample:		241.9 time, 250.5 real, 152.9 MB
[runlim] sample:		251.6 time, 260.5 real, 155.7 MB
[runlim] sample:		261.2 time, 270.5 real, 157.3 MB
[runlim] sample:		271.2 time, 280.5 real, 159.6 MB
[runlim] sample:		281.2 time, 290.5 real, 161.4 MB
[runlim] sample:		291.2 time, 300.5 real, 164.1 MB
[runlim] end:			Thu Feb 14 00:47:32 2019
[runlim] status:		signal(9)
[runlim] result:		11
[runlim] children:		0
[runlim] real:			309.07 seconds
[runlim] time:			299.83 seconds
[runlim] space:			165.7 MB
[runlim] samples:		3086
