[runlim] version:		1.10fixed
[runlim] time limit:		1800 seconds
[runlim] real time limit:	311040000 seconds
[runlim] space limit:		4000 MB
[runlim] argv[0]:		./cvc4
[runlim] argv[1]:		--nl-ext-tplanes
[runlim] argv[2]:		--full-saturate-quant
[runlim] argv[3]:		--no-e-matching
[runlim] argv[4]:		/tmp/sGYNWTye.smt2
[runlim] start:			Wed Feb  6 06:32:32 2019
[runlim] main pid:		9396
[runlim] sample:		9.7 time, 10.7 real, 36.4 MB
[runlim] sample:		19.7 time, 20.7 real, 36.4 MB
[runlim] sample:		29.7 time, 30.7 real, 36.4 MB
[runlim] sample:		39.7 time, 40.7 real, 36.7 MB
[runlim] sample:		49.7 time, 50.7 real, 37.2 MB
[runlim] sample:		59.7 time, 60.7 real, 37.7 MB
[runlim] sample:		69.7 time, 70.7 real, 38.2 MB
[runlim] sample:		79.7 time, 80.7 real, 38.7 MB
[runlim] sample:		89.7 time, 90.7 real, 39.2 MB
[runlim] sample:		99.7 time, 100.7 real, 39.8 MB
[runlim] sample:		109.7 time, 110.7 real, 40.0 MB
[runlim] sample:		119.7 time, 120.7 real, 40.5 MB
[runlim] sample:		129.7 time, 130.7 real, 41.0 MB
[runlim] sample:		139.7 time, 140.7 real, 41.6 MB
[runlim] sample:		149.7 time, 150.7 real, 41.8 MB
[runlim] sample:		159.7 time, 160.7 real, 42.3 MB
[runlim] sample:		169.7 time, 170.7 real, 42.8 MB
[runlim] sample:		179.7 time, 180.7 real, 43.4 MB
[runlim] sample:		189.7 time, 190.7 real, 43.9 MB
[runlim] sample:		199.7 time, 200.7 real, 44.1 MB
[runlim] sample:		209.7 time, 210.7 real, 45.2 MB
[runlim] sample:		219.7 time, 220.7 real, 45.4 MB
[runlim] sample:		229.7 time, 230.7 real, 45.9 MB
[runlim] sample:		239.7 time, 240.7 real, 46.5 MB
[runlim] sample:		249.7 time, 250.7 real, 47.2 MB
[runlim] sample:		259.7 time, 260.7 real, 47.5 MB
[runlim] sample:		269.6 time, 270.7 real, 48.0 MB
[runlim] sample:		279.6 time, 280.7 real, 48.5 MB
[runlim] sample:		289.6 time, 290.7 real, 48.8 MB
[runlim] sample:		299.6 time, 300.7 real, 49.3 MB
[runlim] sample:		309.6 time, 310.7 real, 49.8 MB
[runlim] sample:		319.6 time, 320.7 real, 50.3 MB
[runlim] sample:		329.6 time, 330.7 real, 50.6 MB
[runlim] sample:		339.6 time, 340.7 real, 51.1 MB
[runlim] sample:		349.6 time, 350.7 real, 51.6 MB
[runlim] sample:		359.6 time, 360.7 real, 51.9 MB
[runlim] sample:		369.6 time, 370.7 real, 52.4 MB
[runlim] sample:		379.6 time, 380.7 real, 52.9 MB
[runlim] sample:		389.6 time, 390.7 real, 53.4 MB
[runlim] sample:		399.6 time, 400.7 real, 53.9 MB
[runlim] sample:		409.6 time, 410.7 real, 54.4 MB
[runlim] sample:		419.6 time, 420.7 real, 54.7 MB
[runlim] sample:		429.6 time, 430.7 real, 55.2 MB
[runlim] sample:		439.6 time, 440.7 real, 55.5 MB
[runlim] sample:		449.6 time, 450.7 real, 56.0 MB
[runlim] sample:		459.6 time, 460.7 real, 56.5 MB
[runlim] sample:		469.6 time, 470.7 real, 56.8 MB
[runlim] sample:		479.6 time, 480.7 real, 57.3 MB
[runlim] sample:		489.6 time, 490.7 real, 57.8 MB
[runlim] sample:		499.6 time, 500.7 real, 58.3 MB
[runlim] sample:		509.6 time, 510.7 real, 58.6 MB
[runlim] sample:		519.6 time, 520.7 real, 59.1 MB
[runlim] sample:		529.5 time, 530.7 real, 59.6 MB
[runlim] sample:		539.5 time, 540.7 real, 59.9 MB
[runlim] sample:		549.5 time, 550.7 real, 60.4 MB
[runlim] sample:		559.5 time, 560.7 real, 60.9 MB
[runlim] sample:		569.5 time, 570.7 real, 61.1 MB
[runlim] sample:		579.5 time, 580.7 real, 61.7 MB
[runlim] sample:		589.5 time, 590.7 real, 62.2 MB
[runlim] sample:		599.5 time, 600.7 real, 62.7 MB
[runlim] sample:		609.5 time, 610.7 real, 62.9 MB
[runlim] sample:		619.5 time, 620.7 real, 63.5 MB
[runlim] sample:		629.5 time, 630.7 real, 64.4 MB
[runlim] sample:		639.5 time, 640.7 real, 64.7 MB
[runlim] sample:		649.5 time, 650.7 real, 65.2 MB
[runlim] sample:		659.5 time, 660.7 real, 66.2 MB
[runlim] sample:		669.5 time, 670.7 real, 66.5 MB
[runlim] sample:		679.5 time, 680.7 real, 67.0 MB
[runlim] sample:		689.5 time, 690.7 real, 67.3 MB
[runlim] sample:		699.1 time, 700.7 real, 67.8 MB
[runlim] sample:		707.2 time, 710.7 real, 68.3 MB
[runlim] sample:		715.9 time, 720.7 real, 68.6 MB
[runlim] sample:		725.4 time, 730.7 real, 68.8 MB
[runlim] sample:		733.9 time, 740.7 real, 69.3 MB
[runlim] sample:		742.2 time, 750.7 real, 69.6 MB
[runlim] sample:		749.9 time, 760.7 real, 69.9 MB
[runlim] sample:		758.2 time, 770.7 real, 70.4 MB
[runlim] sample:		767.6 time, 780.7 real, 70.6 MB
[runlim] sample:		776.4 time, 790.7 real, 71.1 MB
[runlim] sample:		785.1 time, 800.7 real, 71.4 MB
[runlim] sample:		795.0 time, 810.7 real, 71.7 MB
[runlim] sample:		804.6 time, 820.7 real, 72.2 MB
[runlim] sample:		814.2 time, 830.7 real, 72.4 MB
[runlim] sample:		823.2 time, 840.7 real, 73.0 MB
[runlim] sample:		831.6 time, 850.7 real, 73.2 MB
[runlim] sample:		840.0 time, 860.7 real, 73.7 MB
[runlim] sample:		848.8 time, 870.7 real, 74.0 MB
[runlim] sample:		857.5 time, 880.7 real, 74.5 MB
[runlim] sample:		865.5 time, 890.7 real, 74.8 MB
[runlim] sample:		874.2 time, 900.7 real, 75.5 MB
[runlim] sample:		883.6 time, 910.7 real, 76.0 MB
[runlim] sample:		893.3 time, 920.7 real, 76.2 MB
[runlim] sample:		902.9 time, 930.7 real, 76.7 MB
[runlim] sample:		912.6 time, 940.7 real, 77.0 MB
[runlim] sample:		922.3 time, 950.7 real, 77.8 MB
[runlim] sample:		932.0 time, 960.7 real, 78.0 MB
[runlim] sample:		941.8 time, 970.7 real, 78.5 MB
[runlim] sample:		951.1 time, 980.7 real, 78.8 MB
[runlim] sample:		960.9 time, 990.7 real, 79.3 MB
[runlim] sample:		970.0 time, 1000.7 real, 79.6 MB
[runlim] sample:		979.3 time, 1010.7 real, 80.1 MB
[runlim] sample:		988.9 time, 1020.7 real, 80.6 MB
[runlim] sample:		998.3 time, 1030.7 real, 81.1 MB
[runlim] sample:		1008.3 time, 1040.7 real, 81.4 MB
[runlim] sample:		1018.3 time, 1050.7 real, 81.9 MB
[runlim] sample:		1028.3 time, 1060.7 real, 82.2 MB
[runlim] sample:		1038.2 time, 1070.7 real, 82.7 MB
[runlim] sample:		1047.9 time, 1080.7 real, 82.9 MB
[runlim] sample:		1057.9 time, 1090.7 real, 83.4 MB
[runlim] sample:		1067.9 time, 1100.7 real, 83.7 MB
[runlim] sample:		1077.9 time, 1110.7 real, 84.2 MB
[runlim] sample:		1087.9 time, 1120.7 real, 84.5 MB
[runlim] sample:		1097.4 time, 1130.7 real, 85.0 MB
[runlim] sample:		1106.4 time, 1140.7 real, 85.2 MB
[runlim] sample:		1116.2 time, 1150.7 real, 85.5 MB
[runlim] sample:		1126.2 time, 1160.7 real, 86.0 MB
[runlim] sample:		1135.7 time, 1170.7 real, 86.5 MB
[runlim] sample:		1145.1 time, 1180.7 real, 86.8 MB
[runlim] sample:		1154.8 time, 1190.7 real, 87.3 MB
[runlim] sample:		1164.4 time, 1200.7 real, 87.6 MB
[runlim] sample:		1174.1 time, 1210.7 real, 88.1 MB
[runlim] sample:		1183.8 time, 1220.7 real, 88.3 MB
[runlim] sample:		1193.5 time, 1230.7 real, 88.6 MB
[runlim] sample:		1203.1 time, 1240.7 real, 89.1 MB
[runlim] sample:		1212.6 time, 1250.7 real, 89.4 MB
[runlim] sample:		1221.6 time, 1260.7 real, 89.6 MB
[runlim] sample:		1231.2 time, 1270.7 real, 90.1 MB
[runlim] sample:		1241.2 time, 1280.7 real, 90.7 MB
[runlim] sample:		1251.2 time, 1290.7 real, 90.9 MB
[runlim] sample:		1261.2 time, 1300.7 real, 91.4 MB
[runlim] sample:		1271.2 time, 1310.7 real, 91.7 MB
[runlim] sample:		1281.2 time, 1320.7 real, 92.2 MB
[runlim] sample:		1291.2 time, 1330.7 real, 92.5 MB
[runlim] sample:		1301.2 time, 1340.7 real, 93.0 MB
[runlim] sample:		1311.1 time, 1350.7 real, 93.2 MB
[runlim] sample:		1320.8 time, 1360.7 real, 93.8 MB
[runlim] sample:		1330.5 time, 1370.7 real, 94.0 MB
[runlim] sample:		1340.1 time, 1380.7 real, 94.8 MB
[runlim] sample:		1349.8 time, 1390.7 real, 95.3 MB
[runlim] sample:		1359.5 time, 1400.7 real, 95.6 MB
[runlim] sample:		1369.2 time, 1410.7 real, 95.8 MB
[runlim] sample:		1378.9 time, 1420.7 real, 96.3 MB
[runlim] sample:		1388.5 time, 1430.7 real, 96.6 MB
[runlim] sample:		1397.8 time, 1440.7 real, 96.8 MB
[runlim] sample:		1406.9 time, 1450.7 real, 97.4 MB
[runlim] sample:		1415.9 time, 1460.7 real, 97.6 MB
[runlim] sample:		1425.0 time, 1470.7 real, 97.9 MB
[runlim] sample:		1434.0 time, 1480.7 real, 98.4 MB
[runlim] sample:		1443.0 time, 1490.7 real, 98.6 MB
[runlim] sample:		1452.3 time, 1500.7 real, 98.9 MB
[runlim] sample:		1461.9 time, 1510.7 real, 99.4 MB
[runlim] sample:		1471.3 time, 1520.7 real, 99.7 MB
[runlim] sample:		1480.6 time, 1530.7 real, 100.2 MB
[runlim] sample:		1490.3 time, 1540.7 real, 100.4 MB
[runlim] sample:		1500.0 time, 1550.7 real, 101.0 MB
[runlim] sample:		1509.7 time, 1560.7 real, 101.2 MB
[runlim] sample:		1519.3 time, 1570.7 real, 101.5 MB
[runlim] sample:		1529.0 time, 1580.7 real, 102.0 MB
[runlim] sample:		1538.7 time, 1590.7 real, 102.3 MB
[runlim] sample:		1548.3 time, 1600.7 real, 102.5 MB
[runlim] sample:		1558.0 time, 1610.7 real, 103.0 MB
[runlim] sample:		1567.7 time, 1620.7 real, 103.3 MB
[runlim] sample:		1577.3 time, 1630.7 real, 103.5 MB
[runlim] sample:		1587.0 time, 1640.7 real, 104.1 MB
[runlim] sample:		1596.7 time, 1650.7 real, 104.3 MB
[runlim] sample:		1606.1 time, 1660.7 real, 104.6 MB
[runlim] sample:		1615.2 time, 1670.7 real, 104.8 MB
[runlim] sample:		1624.8 time, 1680.7 real, 105.3 MB
[runlim] sample:		1634.6 time, 1690.7 real, 105.6 MB
[runlim] sample:		1644.3 time, 1700.7 real, 105.9 MB
[runlim] sample:		1654.0 time, 1710.7 real, 106.4 MB
[runlim] sample:		1663.2 time, 1720.7 real, 106.6 MB
[runlim] sample:		1673.0 time, 1730.7 real, 109.0 MB
[runlim] sample:		1683.0 time, 1740.7 real, 109.0 MB
[runlim] sample:		1693.0 time, 1750.7 real, 109.0 MB
[runlim] sample:		1702.8 time, 1760.7 real, 110.4 MB
[runlim] sample:		1712.4 time, 1770.7 real, 110.4 MB
[runlim] sample:		1722.1 time, 1780.7 real, 110.9 MB
[runlim] sample:		1731.8 time, 1790.7 real, 111.9 MB
[runlim] sample:		1741.5 time, 1800.7 real, 111.9 MB
[runlim] sample:		1751.2 time, 1810.7 real, 112.4 MB
[runlim] sample:		1760.5 time, 1820.7 real, 112.7 MB
[runlim] sample:		1770.1 time, 1830.7 real, 113.0 MB
[runlim] sample:		1779.8 time, 1840.7 real, 113.5 MB
[runlim] sample:		1789.6 time, 1850.7 real, 113.7 MB
[runlim] sample:		1799.6 time, 1860.7 real, 114.0 MB
CVC4 interrupted by SIGTERM.
[runlim] end:			Wed Feb  6 07:03:33 2019
[runlim] status:		out of time
[runlim] result:		2
[runlim] children:		0
[runlim] real:			1861.23 seconds
[runlim] time:			1800.09 seconds
[runlim] space:			114.0 MB
[runlim] samples:		18605
