[runlim] version:		1.10fixed
[runlim] time limit:		1800 seconds
[runlim] real time limit:	311040000 seconds
[runlim] space limit:		4000 MB
[runlim] argv[0]:		./cvc4
[runlim] argv[1]:		--nl-ext-tplanes
[runlim] argv[2]:		--full-saturate-quant
[runlim] argv[3]:		--no-e-matching
[runlim] argv[4]:		/tmp/rqg0r7oR.smt2
[runlim] start:			Sat Feb  9 01:38:28 2019
[runlim] main pid:		15012
[runlim] sample:		7.6 time, 10.7 real, 44.6 MB
[runlim] sample:		15.0 time, 20.7 real, 53.6 MB
[runlim] sample:		22.6 time, 30.7 real, 60.5 MB
[runlim] sample:		30.1 time, 40.7 real, 65.2 MB
[runlim] sample:		38.0 time, 50.7 real, 77.4 MB
[runlim] sample:		48.0 time, 60.7 real, 87.2 MB
[runlim] sample:		58.0 time, 70.7 real, 89.2 MB
[runlim] sample:		68.0 time, 80.7 real, 90.2 MB
[runlim] sample:		78.0 time, 90.7 real, 93.5 MB
[runlim] sample:		88.0 time, 100.7 real, 98.9 MB
[runlim] sample:		98.0 time, 110.7 real, 104.4 MB
[runlim] sample:		108.0 time, 120.7 real, 111.6 MB
[runlim] sample:		118.0 time, 130.7 real, 115.5 MB
[runlim] sample:		128.0 time, 140.7 real, 119.3 MB
[runlim] sample:		138.0 time, 150.7 real, 123.8 MB
[runlim] sample:		147.4 time, 160.7 real, 128.2 MB
[runlim] sample:		155.4 time, 170.7 real, 131.8 MB
[runlim] sample:		163.2 time, 180.7 real, 133.6 MB
[runlim] sample:		171.1 time, 190.7 real, 137.0 MB
[runlim] sample:		180.3 time, 200.7 real, 140.3 MB
[runlim] sample:		190.3 time, 210.7 real, 145.2 MB
[runlim] sample:		200.3 time, 220.7 real, 146.8 MB
[runlim] sample:		210.3 time, 230.7 real, 149.1 MB
[runlim] sample:		219.8 time, 240.7 real, 151.9 MB
[runlim] sample:		227.7 time, 250.7 real, 154.3 MB
[runlim] sample:		236.8 time, 260.7 real, 155.8 MB
[runlim] sample:		246.8 time, 270.7 real, 158.6 MB
[runlim] sample:		256.8 time, 280.7 real, 162.0 MB
[runlim] sample:		266.8 time, 290.7 real, 163.8 MB
[runlim] sample:		276.8 time, 300.7 real, 166.6 MB
[runlim] sample:		286.5 time, 310.7 real, 169.0 MB
[runlim] sample:		296.0 time, 320.7 real, 171.5 MB
[runlim] sample:		305.7 time, 330.7 real, 174.1 MB
[runlim] sample:		314.9 time, 340.7 real, 175.4 MB
[runlim] sample:		322.5 time, 350.7 real, 178.0 MB
[runlim] sample:		330.2 time, 360.7 real, 179.7 MB
[runlim] sample:		338.7 time, 370.7 real, 181.8 MB
[runlim] sample:		348.7 time, 380.7 real, 187.4 MB
[runlim] sample:		358.7 time, 390.7 real, 188.4 MB
[runlim] sample:		368.7 time, 400.7 real, 189.4 MB
[runlim] sample:		378.7 time, 410.7 real, 192.3 MB
[runlim] sample:		388.7 time, 420.7 real, 196.4 MB
[runlim] sample:		398.7 time, 430.7 real, 198.2 MB
[runlim] sample:		408.7 time, 440.7 real, 199.5 MB
[runlim] sample:		418.7 time, 450.7 real, 201.8 MB
[runlim] sample:		428.7 time, 460.7 real, 203.1 MB
[runlim] sample:		438.7 time, 470.7 real, 205.7 MB
[runlim] sample:		448.0 time, 480.7 real, 207.2 MB
[runlim] sample:		458.0 time, 490.7 real, 208.8 MB
[runlim] sample:		468.0 time, 500.7 real, 211.3 MB
[runlim] sample:		478.0 time, 510.7 real, 212.4 MB
[runlim] sample:		488.0 time, 520.7 real, 213.9 MB
[runlim] sample:		498.0 time, 530.7 real, 215.2 MB
[runlim] sample:		508.0 time, 540.7 real, 217.5 MB
[runlim] sample:		518.0 time, 550.7 real, 219.6 MB
[runlim] sample:		528.0 time, 560.7 real, 219.8 MB
[runlim] sample:		538.0 time, 570.7 real, 221.4 MB
[runlim] sample:		548.0 time, 580.7 real, 222.9 MB
[runlim] sample:		556.4 time, 590.7 real, 225.0 MB
[runlim] sample:		566.4 time, 600.7 real, 225.8 MB
[runlim] sample:		576.4 time, 610.7 real, 227.3 MB
[runlim] sample:		586.4 time, 620.7 real, 228.3 MB
[runlim] sample:		595.2 time, 630.7 real, 229.9 MB
[runlim] sample:		605.2 time, 640.7 real, 233.2 MB
[runlim] sample:		615.2 time, 650.7 real, 234.7 MB
[runlim] sample:		623.8 time, 660.7 real, 236.5 MB
[runlim] sample:		631.6 time, 670.7 real, 237.6 MB
[runlim] sample:		641.6 time, 680.7 real, 239.4 MB
[runlim] sample:		651.6 time, 690.7 real, 243.8 MB
[runlim] sample:		661.6 time, 700.7 real, 244.0 MB
[runlim] sample:		671.6 time, 710.7 real, 247.1 MB
[runlim] sample:		680.9 time, 720.7 real, 247.4 MB
[runlim] sample:		688.6 time, 730.7 real, 247.6 MB
[runlim] sample:		697.4 time, 740.7 real, 248.9 MB
[runlim] sample:		705.2 time, 750.7 real, 249.9 MB
[runlim] sample:		712.8 time, 760.7 real, 250.2 MB
[runlim] sample:		720.3 time, 770.7 real, 250.2 MB
[runlim] sample:		728.2 time, 780.7 real, 252.0 MB
[runlim] sample:		738.2 time, 790.7 real, 254.1 MB
[runlim] sample:		747.3 time, 800.7 real, 256.4 MB
[runlim] sample:		755.4 time, 810.7 real, 257.7 MB
[runlim] sample:		765.4 time, 820.7 real, 259.7 MB
[runlim] sample:		775.4 time, 830.7 real, 262.3 MB
[runlim] sample:		785.4 time, 840.7 real, 263.1 MB
[runlim] sample:		794.8 time, 850.7 real, 265.1 MB
[runlim] sample:		804.0 time, 860.7 real, 266.7 MB
[runlim] sample:		814.0 time, 870.7 real, 269.5 MB
[runlim] sample:		824.0 time, 880.7 real, 270.8 MB
[runlim] sample:		834.0 time, 890.7 real, 271.6 MB
[runlim] sample:		844.0 time, 900.7 real, 273.4 MB
[runlim] sample:		854.0 time, 910.7 real, 273.9 MB
[runlim] sample:		864.0 time, 920.7 real, 275.2 MB
[runlim] sample:		873.7 time, 930.7 real, 276.5 MB
[runlim] sample:		883.6 time, 940.7 real, 279.8 MB
[runlim] sample:		892.6 time, 950.7 real, 280.1 MB
[runlim] sample:		900.3 time, 960.7 real, 280.6 MB
[runlim] sample:		908.3 time, 970.7 real, 282.6 MB
[runlim] sample:		917.0 time, 980.7 real, 283.4 MB
[runlim] sample:		924.9 time, 990.7 real, 284.2 MB
[runlim] sample:		933.2 time, 1000.7 real, 286.5 MB
[runlim] sample:		941.8 time, 1010.7 real, 287.5 MB
[runlim] sample:		950.8 time, 1020.7 real, 288.8 MB
[runlim] sample:		960.0 time, 1030.7 real, 290.4 MB
[runlim] sample:		970.0 time, 1040.7 real, 293.2 MB
[runlim] sample:		979.6 time, 1050.7 real, 295.0 MB
[runlim] sample:		987.8 time, 1060.7 real, 295.3 MB
[runlim] sample:		996.7 time, 1070.7 real, 297.8 MB
[runlim] sample:		1005.7 time, 1080.7 real, 298.6 MB
[runlim] sample:		1014.0 time, 1090.7 real, 299.9 MB
[runlim] sample:		1022.5 time, 1100.7 real, 300.2 MB
[runlim] sample:		1031.8 time, 1110.7 real, 300.7 MB
[runlim] sample:		1039.9 time, 1120.7 real, 301.4 MB
[runlim] sample:		1048.0 time, 1130.7 real, 303.5 MB
[runlim] sample:		1056.6 time, 1140.7 real, 304.0 MB
[runlim] sample:		1065.7 time, 1150.7 real, 304.5 MB
[runlim] sample:		1074.9 time, 1160.7 real, 305.0 MB
[runlim] sample:		1084.6 time, 1170.7 real, 306.6 MB
[runlim] sample:		1094.3 time, 1180.7 real, 311.5 MB
[runlim] sample:		1104.0 time, 1190.7 real, 312.0 MB
[runlim] sample:		1113.7 time, 1200.7 real, 313.3 MB
[runlim] sample:		1123.7 time, 1210.7 real, 316.1 MB
[runlim] sample:		1133.7 time, 1220.7 real, 318.2 MB
[runlim] sample:		1143.7 time, 1230.7 real, 321.3 MB
[runlim] sample:		1153.7 time, 1240.7 real, 322.3 MB
[runlim] sample:		1163.7 time, 1250.7 real, 323.9 MB
[runlim] sample:		1173.7 time, 1260.7 real, 326.2 MB
[runlim] sample:		1183.7 time, 1270.7 real, 326.4 MB
[runlim] sample:		1193.7 time, 1280.7 real, 326.7 MB
[runlim] sample:		1203.7 time, 1290.7 real, 328.0 MB
[runlim] sample:		1213.7 time, 1300.7 real, 329.5 MB
[runlim] sample:		1223.7 time, 1310.7 real, 330.0 MB
[runlim] sample:		1233.7 time, 1320.7 real, 331.3 MB
[runlim] sample:		1243.7 time, 1330.7 real, 333.1 MB
[runlim] sample:		1253.7 time, 1340.7 real, 333.1 MB
[runlim] sample:		1263.7 time, 1350.7 real, 334.1 MB
[runlim] sample:		1273.7 time, 1360.7 real, 336.2 MB
[runlim] sample:		1283.7 time, 1370.7 real, 339.0 MB
[runlim] sample:		1293.7 time, 1380.7 real, 339.5 MB
[runlim] sample:		1303.7 time, 1390.7 real, 340.6 MB
[runlim] sample:		1313.7 time, 1400.7 real, 342.6 MB
[runlim] sample:		1323.7 time, 1410.7 real, 348.2 MB
[runlim] sample:		1333.7 time, 1420.7 real, 348.7 MB
[runlim] sample:		1343.7 time, 1430.7 real, 349.5 MB
[runlim] sample:		1353.6 time, 1440.7 real, 349.7 MB
[runlim] sample:		1362.6 time, 1450.7 real, 351.3 MB
[runlim] sample:		1371.6 time, 1460.7 real, 353.1 MB
[runlim] sample:		1380.6 time, 1470.7 real, 353.3 MB
[runlim] sample:		1389.6 time, 1480.7 real, 353.6 MB
[runlim] sample:		1398.7 time, 1490.7 real, 354.9 MB
[runlim] sample:		1407.7 time, 1500.7 real, 355.4 MB
[runlim] sample:		1416.7 time, 1510.7 real, 358.2 MB
[runlim] sample:		1426.1 time, 1520.7 real, 358.5 MB
[runlim] sample:		1436.1 time, 1530.7 real, 359.8 MB
[runlim] sample:		1446.1 time, 1540.7 real, 360.6 MB
[runlim] sample:		1456.1 time, 1550.7 real, 363.1 MB
[runlim] sample:		1466.1 time, 1560.7 real, 364.2 MB
[runlim] sample:		1476.1 time, 1570.7 real, 366.0 MB
[runlim] sample:		1486.1 time, 1580.7 real, 366.8 MB
[runlim] sample:		1496.1 time, 1590.7 real, 368.3 MB
[runlim] sample:		1506.1 time, 1600.7 real, 370.1 MB
[runlim] sample:		1516.1 time, 1610.7 real, 371.1 MB
[runlim] sample:		1526.1 time, 1620.7 real, 374.2 MB
[runlim] sample:		1536.1 time, 1630.7 real, 374.5 MB
[runlim] sample:		1546.1 time, 1640.7 real, 375.8 MB
[runlim] sample:		1556.1 time, 1650.7 real, 375.8 MB
[runlim] sample:		1566.1 time, 1660.7 real, 376.3 MB
[runlim] sample:		1576.1 time, 1670.7 real, 376.8 MB
[runlim] sample:		1586.1 time, 1680.7 real, 378.4 MB
[runlim] sample:		1596.1 time, 1690.7 real, 378.9 MB
[runlim] sample:		1606.1 time, 1700.7 real, 379.1 MB
[runlim] sample:		1616.1 time, 1710.7 real, 379.6 MB
[runlim] sample:		1626.0 time, 1720.7 real, 380.7 MB
[runlim] sample:		1636.0 time, 1730.7 real, 383.5 MB
[runlim] sample:		1646.0 time, 1740.7 real, 384.8 MB
[runlim] sample:		1656.0 time, 1750.7 real, 385.0 MB
[runlim] sample:		1666.0 time, 1760.7 real, 385.8 MB
[runlim] sample:		1676.0 time, 1770.7 real, 386.3 MB
[runlim] sample:		1686.0 time, 1780.7 real, 387.9 MB
[runlim] sample:		1696.0 time, 1790.7 real, 388.4 MB
[runlim] sample:		1706.0 time, 1800.7 real, 388.7 MB
[runlim] sample:		1716.0 time, 1810.7 real, 389.2 MB
[runlim] sample:		1726.0 time, 1820.7 real, 390.7 MB
[runlim] sample:		1736.0 time, 1830.7 real, 393.6 MB
[runlim] sample:		1746.0 time, 1840.7 real, 394.3 MB
[runlim] sample:		1756.0 time, 1850.7 real, 395.4 MB
[runlim] sample:		1766.0 time, 1860.7 real, 397.2 MB
[runlim] sample:		1776.0 time, 1870.7 real, 399.5 MB
[runlim] sample:		1786.0 time, 1880.7 real, 401.0 MB
[runlim] end:			Sat Feb  9 02:09:57 2019
[runlim] status:		signal(9)
[runlim] result:		11
[runlim] children:		0
[runlim] real:			1889.29 seconds
[runlim] time:			1794.53 seconds
[runlim] space:			401.3 MB
[runlim] samples:		18885
