[runlim] version:		1.10fixed
[runlim] time limit:		1800 seconds
[runlim] real time limit:	311040000 seconds
[runlim] space limit:		4000 MB
[runlim] argv[0]:		./cvc4
[runlim] argv[1]:		--nl-ext-tplanes
[runlim] argv[2]:		--full-saturate-quant
[runlim] argv[3]:		--no-e-matching
[runlim] argv[4]:		/tmp/LYhUiz3q.smt2
[runlim] start:			Sat Feb  9 17:23:22 2019
[runlim] main pid:		5127
[runlim] sample:		9.4 time, 10.9 real, 45.3 MB
[runlim] sample:		19.1 time, 20.9 real, 59.0 MB
[runlim] sample:		29.0 time, 30.9 real, 67.8 MB
[runlim] sample:		38.3 time, 40.9 real, 74.1 MB
[runlim] sample:		47.7 time, 50.9 real, 79.8 MB
[runlim] sample:		57.0 time, 60.9 real, 84.4 MB
[runlim] sample:		66.4 time, 70.9 real, 89.3 MB
[runlim] sample:		75.8 time, 80.9 real, 94.1 MB
[runlim] sample:		85.1 time, 90.9 real, 98.3 MB
[runlim] sample:		94.6 time, 100.9 real, 102.9 MB
[runlim] sample:		104.5 time, 110.9 real, 106.5 MB
[runlim] sample:		113.9 time, 120.9 real, 110.1 MB
[runlim] sample:		123.2 time, 130.9 real, 112.9 MB
[runlim] sample:		132.6 time, 140.9 real, 117.0 MB
[runlim] sample:		141.9 time, 150.9 real, 119.6 MB
[runlim] sample:		151.3 time, 160.9 real, 121.7 MB
[runlim] sample:		160.6 time, 170.9 real, 124.2 MB
[runlim] sample:		170.0 time, 180.9 real, 126.6 MB
[runlim] sample:		180.0 time, 190.9 real, 127.8 MB
[runlim] sample:		189.4 time, 200.9 real, 130.7 MB
[runlim] sample:		198.7 time, 210.9 real, 132.7 MB
[runlim] sample:		208.1 time, 220.9 real, 135.1 MB
[runlim] sample:		217.5 time, 230.9 real, 136.9 MB
[runlim] sample:		227.3 time, 240.9 real, 138.7 MB
[runlim] sample:		237.3 time, 250.9 real, 140.7 MB
[runlim] sample:		247.3 time, 260.9 real, 142.8 MB
[runlim] sample:		256.7 time, 270.9 real, 145.4 MB
[runlim] sample:		266.7 time, 280.9 real, 147.2 MB
[runlim] sample:		276.5 time, 290.9 real, 149.5 MB
[runlim] sample:		285.8 time, 300.9 real, 153.2 MB
[runlim] sample:		295.2 time, 310.9 real, 154.8 MB
[runlim] sample:		304.5 time, 320.9 real, 155.8 MB
[runlim] sample:		313.9 time, 330.9 real, 157.6 MB
[runlim] sample:		322.3 time, 340.9 real, 159.2 MB
[runlim] sample:		330.7 time, 350.9 real, 161.2 MB
[runlim] sample:		339.1 time, 360.9 real, 162.8 MB
[runlim] sample:		347.6 time, 370.9 real, 164.6 MB
[runlim] sample:		357.6 time, 380.9 real, 167.4 MB
[runlim] sample:		367.3 time, 390.9 real, 168.6 MB
[runlim] sample:		377.1 time, 400.9 real, 170.2 MB
[runlim] sample:		385.8 time, 410.9 real, 171.2 MB
[runlim] sample:		394.6 time, 420.9 real, 173.3 MB
[runlim] sample:		404.6 time, 430.9 real, 174.3 MB
[runlim] sample:		414.1 time, 440.9 real, 175.9 MB
[runlim] sample:		423.8 time, 450.9 real, 177.9 MB
[runlim] sample:		433.5 time, 460.9 real, 180.2 MB
[runlim] sample:		443.2 time, 470.9 real, 181.5 MB
[runlim] sample:		452.9 time, 480.9 real, 183.3 MB
[runlim] sample:		462.8 time, 490.9 real, 184.9 MB
[runlim] sample:		472.8 time, 500.9 real, 186.4 MB
[runlim] sample:		482.6 time, 510.9 real, 187.7 MB
[runlim] sample:		492.4 time, 520.9 real, 189.0 MB
[runlim] sample:		502.4 time, 530.9 real, 190.0 MB
[runlim] sample:		512.4 time, 540.9 real, 191.8 MB
[runlim] sample:		522.4 time, 550.9 real, 193.4 MB
[runlim] sample:		532.1 time, 560.9 real, 194.9 MB
[runlim] sample:		541.4 time, 570.9 real, 198.4 MB
[runlim] sample:		550.9 time, 580.9 real, 199.4 MB
[runlim] sample:		560.5 time, 590.9 real, 202.6 MB
[runlim] sample:		569.9 time, 600.9 real, 203.6 MB
[runlim] sample:		579.4 time, 610.9 real, 204.6 MB
[runlim] sample:		589.0 time, 620.9 real, 205.7 MB
[runlim] sample:		598.6 time, 630.9 real, 207.0 MB
[runlim] sample:		607.3 time, 640.9 real, 208.0 MB
[runlim] sample:		617.2 time, 650.9 real, 210.6 MB
[runlim] sample:		627.2 time, 660.9 real, 211.9 MB
[runlim] sample:		637.2 time, 670.9 real, 213.0 MB
[runlim] sample:		647.2 time, 680.9 real, 214.3 MB
[runlim] sample:		657.2 time, 690.9 real, 215.7 MB
[runlim] sample:		667.2 time, 700.9 real, 217.0 MB
[runlim] sample:		677.0 time, 710.9 real, 218.2 MB
[runlim] sample:		687.0 time, 720.9 real, 219.5 MB
[runlim] sample:		696.2 time, 730.9 real, 220.6 MB
[runlim] sample:		706.0 time, 740.9 real, 222.1 MB
[runlim] sample:		716.0 time, 750.9 real, 223.4 MB
[runlim] sample:		726.0 time, 760.9 real, 224.4 MB
[runlim] sample:		736.0 time, 770.9 real, 226.5 MB
[runlim] sample:		746.0 time, 780.9 real, 228.0 MB
[runlim] sample:		756.0 time, 790.9 real, 229.8 MB
[runlim] sample:		765.7 time, 800.9 real, 231.6 MB
[runlim] sample:		775.4 time, 810.9 real, 232.9 MB
[runlim] sample:		785.3 time, 820.9 real, 234.2 MB
[runlim] sample:		795.3 time, 830.9 real, 234.7 MB
[runlim] sample:		805.2 time, 840.9 real, 236.3 MB
[runlim] sample:		815.0 time, 850.9 real, 237.6 MB
[runlim] sample:		825.0 time, 860.9 real, 238.6 MB
[runlim] sample:		835.0 time, 870.9 real, 239.9 MB
[runlim] sample:		845.0 time, 880.9 real, 242.0 MB
[runlim] sample:		854.9 time, 890.9 real, 242.2 MB
[runlim] sample:		864.6 time, 900.9 real, 243.2 MB
[runlim] sample:		873.6 time, 910.9 real, 244.5 MB
[runlim] sample:		882.7 time, 920.9 real, 245.8 MB
[runlim] sample:		892.7 time, 930.9 real, 246.6 MB
[runlim] sample:		902.2 time, 940.9 real, 247.6 MB
[runlim] sample:		911.6 time, 950.9 real, 249.4 MB
[runlim] sample:		920.9 time, 960.9 real, 251.2 MB
[runlim] sample:		930.3 time, 970.9 real, 252.0 MB
[runlim] sample:		939.8 time, 980.9 real, 252.8 MB
[runlim] sample:		949.3 time, 990.9 real, 253.8 MB
[runlim] sample:		959.0 time, 1000.9 real, 254.8 MB
[runlim] sample:		968.6 time, 1010.9 real, 256.4 MB
[runlim] sample:		978.2 time, 1020.9 real, 257.2 MB
[runlim] sample:		987.7 time, 1030.9 real, 257.9 MB
[runlim] sample:		997.7 time, 1040.9 real, 259.2 MB
[runlim] sample:		1007.7 time, 1050.9 real, 260.0 MB
[runlim] sample:		1017.5 time, 1060.9 real, 261.0 MB
[runlim] sample:		1027.2 time, 1070.9 real, 262.0 MB
[runlim] sample:		1037.0 time, 1080.9 real, 263.1 MB
[runlim] sample:		1047.0 time, 1090.9 real, 263.6 MB
[runlim] sample:		1057.0 time, 1100.9 real, 264.9 MB
[runlim] sample:		1066.7 time, 1110.9 real, 266.4 MB
[runlim] sample:		1076.4 time, 1120.9 real, 267.6 MB
[runlim] sample:		1086.0 time, 1130.9 real, 268.4 MB
[runlim] sample:		1095.7 time, 1140.9 real, 269.4 MB
[runlim] sample:		1105.4 time, 1150.9 real, 270.4 MB
[runlim] sample:		1115.1 time, 1160.9 real, 271.2 MB
[runlim] sample:		1124.8 time, 1170.9 real, 271.7 MB
[runlim] sample:		1134.7 time, 1180.9 real, 272.5 MB
[runlim] sample:		1144.5 time, 1190.9 real, 273.5 MB
[runlim] sample:		1154.2 time, 1200.9 real, 275.1 MB
[runlim] sample:		1163.9 time, 1210.9 real, 275.6 MB
[runlim] sample:		1173.6 time, 1220.9 real, 276.1 MB
[runlim] sample:		1183.6 time, 1230.9 real, 277.4 MB
[runlim] sample:		1193.6 time, 1240.9 real, 278.2 MB
[runlim] sample:		1203.6 time, 1250.9 real, 279.2 MB
[runlim] sample:		1213.3 time, 1260.9 real, 281.8 MB
[runlim] sample:		1223.0 time, 1270.9 real, 282.1 MB
[runlim] sample:		1232.2 time, 1280.9 real, 283.1 MB
[runlim] sample:		1240.9 time, 1290.9 real, 283.6 MB
[runlim] sample:		1250.1 time, 1300.9 real, 284.6 MB
[runlim] sample:		1259.8 time, 1310.9 real, 285.4 MB
[runlim] sample:		1269.8 time, 1320.9 real, 286.7 MB
[runlim] sample:		1279.8 time, 1330.9 real, 288.5 MB
[runlim] sample:		1289.8 time, 1340.9 real, 291.7 MB
[runlim] sample:		1299.8 time, 1350.9 real, 296.0 MB
[runlim] sample:		1309.8 time, 1360.9 real, 296.3 MB
[runlim] sample:		1319.8 time, 1370.9 real, 296.6 MB
[runlim] sample:		1329.8 time, 1380.9 real, 297.3 MB
[runlim] sample:		1339.8 time, 1390.9 real, 298.6 MB
[runlim] sample:		1349.8 time, 1400.9 real, 299.9 MB
[runlim] sample:		1359.8 time, 1410.9 real, 300.4 MB
[runlim] sample:		1369.8 time, 1420.9 real, 300.9 MB
[runlim] sample:		1379.8 time, 1430.9 real, 301.9 MB
[runlim] sample:		1389.1 time, 1440.9 real, 303.2 MB
[runlim] sample:		1398.5 time, 1450.9 real, 304.0 MB
[runlim] sample:		1407.4 time, 1460.9 real, 304.5 MB
[runlim] sample:		1416.1 time, 1470.9 real, 305.0 MB
[runlim] sample:		1424.8 time, 1480.9 real, 305.5 MB
[runlim] sample:		1433.5 time, 1490.9 real, 306.6 MB
[runlim] sample:		1442.9 time, 1500.9 real, 307.9 MB
[runlim] sample:		1452.9 time, 1510.9 real, 308.4 MB
[runlim] sample:		1462.9 time, 1520.9 real, 309.4 MB
[runlim] sample:		1472.9 time, 1530.9 real, 309.9 MB
[runlim] sample:		1482.9 time, 1540.9 real, 310.7 MB
[runlim] sample:		1492.7 time, 1550.9 real, 311.2 MB
[runlim] sample:		1502.1 time, 1560.9 real, 311.7 MB
[runlim] sample:		1511.6 time, 1570.9 real, 313.0 MB
[runlim] sample:		1521.6 time, 1580.9 real, 313.5 MB
[runlim] sample:		1531.4 time, 1590.9 real, 314.8 MB
[runlim] sample:		1541.1 time, 1600.9 real, 315.1 MB
[runlim] sample:		1550.0 time, 1610.9 real, 316.4 MB
[runlim] sample:		1559.8 time, 1620.9 real, 317.6 MB
[runlim] sample:		1569.5 time, 1630.9 real, 318.7 MB
[runlim] sample:		1579.5 time, 1640.9 real, 319.4 MB
[runlim] sample:		1589.4 time, 1650.9 real, 320.7 MB
[runlim] sample:		1599.3 time, 1660.9 real, 321.3 MB
[runlim] sample:		1609.3 time, 1670.9 real, 322.3 MB
[runlim] sample:		1619.3 time, 1680.9 real, 323.6 MB
[runlim] sample:		1629.0 time, 1690.9 real, 324.6 MB
[runlim] sample:		1638.8 time, 1700.9 real, 325.9 MB
[runlim] sample:		1648.5 time, 1710.9 real, 327.1 MB
[runlim] sample:		1658.3 time, 1720.9 real, 327.6 MB
[runlim] sample:		1668.2 time, 1730.9 real, 328.6 MB
[runlim] sample:		1677.9 time, 1740.9 real, 329.4 MB
[runlim] sample:		1687.6 time, 1750.9 real, 330.2 MB
[runlim] sample:		1697.3 time, 1760.9 real, 330.7 MB
[runlim] sample:		1706.1 time, 1770.9 real, 330.9 MB
[runlim] sample:		1715.8 time, 1780.9 real, 332.2 MB
[runlim] sample:		1724.2 time, 1790.9 real, 332.7 MB
[runlim] sample:		1732.2 time, 1800.9 real, 333.2 MB
[runlim] sample:		1742.0 time, 1810.9 real, 333.8 MB
[runlim] sample:		1751.8 time, 1820.9 real, 335.8 MB
[runlim] sample:		1761.5 time, 1830.9 real, 335.8 MB
[runlim] sample:		1770.8 time, 1840.9 real, 336.3 MB
[runlim] sample:		1779.3 time, 1850.9 real, 336.9 MB
[runlim] sample:		1788.7 time, 1860.9 real, 337.1 MB
[runlim] sample:		1798.2 time, 1870.9 real, 338.1 MB
CVC4 interrupted by SIGTERM.
[runlim] end:			Sat Feb  9 17:54:35 2019
[runlim] status:		out of time
[runlim] result:		2
[runlim] children:		0
[runlim] real:			1873.06 seconds
[runlim] time:			1800.08 seconds
[runlim] space:			338.4 MB
[runlim] samples:		18721
