[runlim] version:		1.10fixed
[runlim] time limit:		1800 seconds
[runlim] real time limit:	311040000 seconds
[runlim] space limit:		4000 MB
[runlim] argv[0]:		./cvc4
[runlim] argv[1]:		--nl-ext-tplanes
[runlim] argv[2]:		--full-saturate-quant
[runlim] argv[3]:		--no-e-matching
[runlim] argv[4]:		/tmp/gnv3iwdV.smt2
[runlim] start:			Sat Feb  9 17:32:12 2019
[runlim] main pid:		18843
[runlim] sample:		8.4 time, 10.9 real, 45.2 MB
[runlim] sample:		16.9 time, 20.9 real, 56.5 MB
[runlim] sample:		25.6 time, 30.9 real, 58.4 MB
[runlim] sample:		34.1 time, 40.9 real, 60.2 MB
[runlim] sample:		43.1 time, 50.9 real, 61.5 MB
[runlim] sample:		53.1 time, 60.9 real, 63.0 MB
[runlim] sample:		62.0 time, 70.9 real, 64.3 MB
[runlim] sample:		72.0 time, 80.9 real, 66.1 MB
[runlim] sample:		80.8 time, 90.9 real, 67.4 MB
[runlim] sample:		89.2 time, 100.9 real, 68.7 MB
[runlim] sample:		99.2 time, 110.9 real, 70.5 MB
[runlim] sample:		109.2 time, 120.9 real, 72.0 MB
[runlim] sample:		119.2 time, 130.9 real, 73.6 MB
[runlim] sample:		128.7 time, 140.9 real, 75.6 MB
[runlim] sample:		138.7 time, 150.9 real, 76.6 MB
[runlim] sample:		148.7 time, 160.9 real, 78.5 MB
[runlim] sample:		157.5 time, 170.9 real, 79.7 MB
[runlim] sample:		166.2 time, 180.9 real, 81.0 MB
[runlim] sample:		174.6 time, 190.9 real, 82.6 MB
[runlim] sample:		183.3 time, 200.9 real, 83.9 MB
[runlim] sample:		192.0 time, 210.9 real, 85.4 MB
[runlim] sample:		202.0 time, 220.9 real, 87.2 MB
[runlim] sample:		211.7 time, 230.9 real, 88.5 MB
[runlim] sample:		221.7 time, 240.9 real, 90.3 MB
[runlim] sample:		230.9 time, 250.9 real, 91.9 MB
[runlim] sample:		239.7 time, 260.9 real, 93.1 MB
[runlim] sample:		248.0 time, 270.9 real, 94.4 MB
[runlim] sample:		256.6 time, 280.9 real, 95.7 MB
[runlim] sample:		266.0 time, 290.9 real, 97.3 MB
[runlim] sample:		275.0 time, 300.9 real, 98.5 MB
[runlim] sample:		284.5 time, 310.9 real, 100.1 MB
[runlim] sample:		294.5 time, 320.9 real, 101.6 MB
[runlim] sample:		304.5 time, 330.9 real, 103.2 MB
[runlim] sample:		314.5 time, 340.9 real, 105.0 MB
[runlim] sample:		324.5 time, 350.9 real, 106.5 MB
[runlim] sample:		334.5 time, 360.9 real, 109.0 MB
[runlim] sample:		344.5 time, 370.9 real, 110.6 MB
[runlim] sample:		354.5 time, 380.9 real, 112.6 MB
[runlim] sample:		364.5 time, 390.9 real, 115.1 MB
[runlim] sample:		374.5 time, 400.9 real, 116.2 MB
[runlim] sample:		384.5 time, 410.9 real, 118.5 MB
[runlim] sample:		394.5 time, 420.9 real, 120.0 MB
[runlim] sample:		404.5 time, 430.9 real, 123.6 MB
[runlim] sample:		413.9 time, 440.9 real, 124.5 MB
[runlim] sample:		422.3 time, 450.9 real, 125.5 MB
[runlim] sample:		430.6 time, 460.9 real, 127.1 MB
[runlim] sample:		440.4 time, 470.9 real, 128.6 MB
[runlim] sample:		450.4 time, 480.9 real, 129.9 MB
[runlim] sample:		460.4 time, 490.9 real, 131.4 MB
[runlim] sample:		469.2 time, 500.9 real, 133.0 MB
[runlim] sample:		478.4 time, 510.9 real, 134.3 MB
[runlim] sample:		488.4 time, 520.9 real, 135.8 MB
[runlim] sample:		498.4 time, 530.9 real, 137.4 MB
[runlim] sample:		508.1 time, 540.9 real, 138.9 MB
[runlim] sample:		518.1 time, 550.9 real, 140.5 MB
[runlim] sample:		528.1 time, 560.9 real, 142.0 MB
[runlim] sample:		538.1 time, 570.9 real, 144.1 MB
[runlim] sample:		548.1 time, 580.9 real, 145.4 MB
[runlim] sample:		558.1 time, 590.9 real, 146.9 MB
[runlim] sample:		568.1 time, 600.9 real, 148.7 MB
[runlim] sample:		578.1 time, 610.9 real, 150.5 MB
[runlim] sample:		588.0 time, 620.9 real, 152.1 MB
[runlim] sample:		598.0 time, 630.9 real, 153.6 MB
[runlim] sample:		608.0 time, 640.9 real, 155.1 MB
[runlim] sample:		618.0 time, 650.9 real, 156.7 MB
[runlim] sample:		628.0 time, 660.9 real, 158.5 MB
[runlim] sample:		638.0 time, 670.9 real, 159.8 MB
[runlim] sample:		647.9 time, 680.9 real, 161.3 MB
[runlim] sample:		656.9 time, 690.9 real, 163.1 MB
[runlim] sample:		665.6 time, 700.9 real, 164.7 MB
[runlim] sample:		674.8 time, 710.9 real, 165.4 MB
[runlim] sample:		684.0 time, 720.9 real, 166.7 MB
[runlim] sample:		694.0 time, 730.9 real, 168.3 MB
[runlim] sample:		704.0 time, 740.9 real, 169.8 MB
[runlim] sample:		714.0 time, 750.9 real, 171.4 MB
[runlim] sample:		723.5 time, 760.9 real, 172.7 MB
[runlim] sample:		732.1 time, 770.9 real, 174.2 MB
[runlim] sample:		740.8 time, 780.9 real, 175.5 MB
[runlim] sample:		750.2 time, 790.9 real, 176.8 MB
[runlim] sample:		760.2 time, 800.9 real, 178.3 MB
[runlim] sample:		770.2 time, 810.9 real, 180.1 MB
[runlim] sample:		779.7 time, 820.9 real, 181.4 MB
[runlim] sample:		788.8 time, 830.9 real, 183.0 MB
[runlim] sample:		798.8 time, 840.9 real, 184.5 MB
[runlim] sample:		808.8 time, 850.9 real, 185.8 MB
[runlim] sample:		818.8 time, 860.9 real, 187.3 MB
[runlim] sample:		828.8 time, 870.9 real, 188.9 MB
[runlim] sample:		838.8 time, 880.9 real, 194.1 MB
[runlim] sample:		848.0 time, 890.9 real, 198.2 MB
[runlim] sample:		856.8 time, 900.9 real, 198.2 MB
[runlim] sample:		865.6 time, 910.9 real, 201.5 MB
[runlim] sample:		873.9 time, 920.9 real, 201.8 MB
[runlim] sample:		882.3 time, 930.9 real, 203.1 MB
[runlim] sample:		890.9 time, 940.9 real, 204.4 MB
[runlim] sample:		899.9 time, 950.9 real, 205.6 MB
[runlim] sample:		908.9 time, 960.9 real, 206.9 MB
[runlim] sample:		917.7 time, 970.9 real, 208.2 MB
[runlim] sample:		927.3 time, 980.9 real, 210.0 MB
[runlim] sample:		937.3 time, 990.9 real, 211.6 MB
[runlim] sample:		946.7 time, 1000.9 real, 213.4 MB
[runlim] sample:		956.0 time, 1010.9 real, 214.9 MB
[runlim] sample:		965.2 time, 1020.9 real, 215.9 MB
[runlim] sample:		974.4 time, 1030.9 real, 217.2 MB
[runlim] sample:		983.5 time, 1040.9 real, 218.8 MB
[runlim] sample:		992.5 time, 1050.9 real, 220.3 MB
[runlim] sample:		1001.9 time, 1060.9 real, 221.6 MB
[runlim] sample:		1010.9 time, 1070.9 real, 223.2 MB
[runlim] sample:		1019.5 time, 1080.9 real, 224.9 MB
[runlim] sample:		1028.6 time, 1090.9 real, 225.4 MB
[runlim] sample:		1038.1 time, 1100.9 real, 226.9 MB
[runlim] sample:		1047.8 time, 1110.9 real, 228.5 MB
[runlim] sample:		1057.8 time, 1120.9 real, 230.3 MB
[runlim] sample:		1066.8 time, 1130.9 real, 231.3 MB
[runlim] sample:		1076.4 time, 1140.9 real, 232.6 MB
[runlim] sample:		1086.4 time, 1150.9 real, 234.1 MB
[runlim] sample:		1096.1 time, 1160.9 real, 235.7 MB
[runlim] sample:		1104.9 time, 1170.9 real, 237.0 MB
[runlim] sample:		1113.8 time, 1180.9 real, 238.3 MB
[runlim] sample:		1123.3 time, 1190.9 real, 239.8 MB
[runlim] sample:		1132.4 time, 1200.9 real, 241.1 MB
[runlim] sample:		1142.3 time, 1210.9 real, 242.6 MB
[runlim] sample:		1151.9 time, 1220.9 real, 243.9 MB
[runlim] sample:		1161.9 time, 1230.9 real, 245.5 MB
[runlim] sample:		1171.9 time, 1240.9 real, 249.6 MB
[runlim] sample:		1181.9 time, 1250.9 real, 250.6 MB
[runlim] sample:		1191.9 time, 1260.9 real, 251.9 MB
[runlim] sample:		1201.9 time, 1270.9 real, 253.5 MB
[runlim] sample:		1211.8 time, 1280.9 real, 254.7 MB
[runlim] sample:		1221.8 time, 1290.9 real, 256.3 MB
[runlim] sample:		1231.9 time, 1300.9 real, 258.6 MB
[runlim] sample:		1241.8 time, 1310.9 real, 260.2 MB
[runlim] sample:		1251.8 time, 1320.9 real, 262.0 MB
[runlim] sample:		1261.8 time, 1330.9 real, 263.8 MB
[runlim] sample:		1271.8 time, 1340.9 real, 267.1 MB
[runlim] sample:		1281.8 time, 1350.9 real, 267.4 MB
[runlim] sample:		1291.8 time, 1360.9 real, 268.9 MB
[runlim] sample:		1301.8 time, 1370.9 real, 270.5 MB
[runlim] sample:		1311.8 time, 1380.9 real, 271.8 MB
[runlim] sample:		1321.8 time, 1390.9 real, 273.0 MB
[runlim] sample:		1331.8 time, 1400.9 real, 274.6 MB
[runlim] sample:		1341.8 time, 1410.9 real, 276.1 MB
[runlim] sample:		1351.8 time, 1420.9 real, 277.7 MB
[runlim] sample:		1361.8 time, 1430.9 real, 279.2 MB
[runlim] sample:		1371.8 time, 1440.9 real, 280.8 MB
[runlim] sample:		1381.8 time, 1450.9 real, 282.3 MB
[runlim] sample:		1391.8 time, 1460.9 real, 283.9 MB
[runlim] sample:		1401.8 time, 1470.9 real, 285.1 MB
[runlim] sample:		1411.8 time, 1480.9 real, 286.7 MB
[runlim] sample:		1421.8 time, 1490.9 real, 288.2 MB
[runlim] sample:		1431.8 time, 1500.9 real, 289.8 MB
[runlim] sample:		1441.8 time, 1510.9 real, 291.1 MB
[runlim] sample:		1451.8 time, 1520.9 real, 292.6 MB
[runlim] sample:		1461.8 time, 1530.9 real, 295.2 MB
[runlim] sample:		1471.8 time, 1540.9 real, 296.2 MB
[runlim] sample:		1481.4 time, 1550.9 real, 297.5 MB
[runlim] sample:		1489.3 time, 1560.9 real, 298.8 MB
[runlim] sample:		1497.7 time, 1570.9 real, 300.1 MB
[runlim] sample:		1505.7 time, 1580.9 real, 301.1 MB
[runlim] sample:		1513.8 time, 1590.9 real, 302.4 MB
[runlim] sample:		1521.5 time, 1600.9 real, 303.4 MB
[runlim] sample:		1529.5 time, 1610.9 real, 304.5 MB
[runlim] sample:		1538.1 time, 1620.9 real, 305.8 MB
[runlim] sample:		1546.8 time, 1630.9 real, 306.8 MB
[runlim] sample:		1555.1 time, 1640.9 real, 308.3 MB
[runlim] sample:		1564.4 time, 1650.9 real, 309.6 MB
[runlim] sample:		1574.4 time, 1660.9 real, 310.9 MB
[runlim] sample:		1583.7 time, 1670.9 real, 312.5 MB
[runlim] sample:		1591.9 time, 1680.9 real, 313.5 MB
[runlim] sample:		1599.1 time, 1690.9 real, 314.8 MB
[runlim] sample:		1608.3 time, 1700.9 real, 316.1 MB
[runlim] sample:		1618.0 time, 1710.9 real, 317.6 MB
[runlim] sample:		1627.3 time, 1720.9 real, 318.9 MB
[runlim] sample:		1636.3 time, 1730.9 real, 320.2 MB
[runlim] sample:		1645.9 time, 1740.9 real, 321.7 MB
[runlim] sample:		1655.7 time, 1750.9 real, 323.0 MB
[runlim] sample:		1664.9 time, 1760.9 real, 325.6 MB
[runlim] sample:		1673.3 time, 1770.9 real, 325.6 MB
[runlim] sample:		1682.5 time, 1780.9 real, 326.9 MB
[runlim] sample:		1691.8 time, 1790.9 real, 328.2 MB
[runlim] sample:		1701.1 time, 1800.9 real, 330.0 MB
[runlim] sample:		1710.8 time, 1810.9 real, 331.5 MB
[runlim] sample:		1720.4 time, 1820.9 real, 332.8 MB
[runlim] sample:		1730.1 time, 1830.9 real, 334.4 MB
[runlim] sample:		1739.8 time, 1840.9 real, 335.9 MB
[runlim] sample:		1749.4 time, 1850.9 real, 337.2 MB
[runlim] sample:		1759.1 time, 1860.9 real, 338.7 MB
[runlim] sample:		1768.8 time, 1870.9 real, 340.0 MB
[runlim] sample:		1778.4 time, 1880.9 real, 342.9 MB
[runlim] sample:		1787.7 time, 1890.9 real, 343.4 MB
[runlim] sample:		1797.0 time, 1900.9 real, 344.7 MB
CVC4 interrupted by SIGTERM.
[runlim] end:			Sat Feb  9 18:03:56 2019
[runlim] status:		out of time
[runlim] result:		2
[runlim] children:		0
[runlim] real:			1904.19 seconds
[runlim] time:			1800.01 seconds
[runlim] space:			345.2 MB
[runlim] samples:		19033
