[runlim] version:		1.10fixed
[runlim] time limit:		300 seconds
[runlim] real time limit:	311040000 seconds
[runlim] space limit:		4000 MB
[runlim] argv[0]:		./cvc4
[runlim] argv[1]:		--nl-ext-tplanes
[runlim] argv[2]:		--full-saturate-quant
[runlim] argv[3]:		--no-e-matching
[runlim] argv[4]:		/tmp/hcCiqdpY.smt2
[runlim] start:			Thu Feb 14 00:42:36 2019
[runlim] main pid:		11919
[runlim] sample:		8.7 time, 10.3 real, 45.1 MB
[runlim] sample:		18.7 time, 20.3 real, 57.1 MB
[runlim] sample:		28.7 time, 30.3 real, 69.5 MB
[runlim] sample:		38.7 time, 40.3 real, 72.7 MB
[runlim] sample:		48.7 time, 50.3 real, 82.9 MB
[runlim] sample:		58.4 time, 60.3 real, 82.9 MB
[runlim] sample:		66.2 time, 70.3 real, 87.6 MB
[runlim] sample:		73.5 time, 80.3 real, 89.1 MB
[runlim] sample:		82.0 time, 90.3 real, 96.3 MB
[runlim] sample:		92.0 time, 100.3 real, 96.3 MB
[runlim] sample:		102.0 time, 110.3 real, 110.6 MB
[runlim] sample:		112.0 time, 120.3 real, 110.6 MB
[runlim] sample:		122.0 time, 130.3 real, 110.6 MB
[runlim] sample:		131.9 time, 140.3 real, 110.6 MB
[runlim] sample:		141.9 time, 150.3 real, 110.6 MB
[runlim] sample:		151.9 time, 160.3 real, 110.6 MB
[runlim] sample:		161.9 time, 170.3 real, 110.6 MB
[runlim] sample:		171.9 time, 180.3 real, 110.6 MB
[runlim] sample:		181.9 time, 190.3 real, 110.8 MB
[runlim] sample:		190.7 time, 200.3 real, 114.6 MB
[runlim] sample:		200.7 time, 210.3 real, 114.6 MB
[runlim] sample:		210.7 time, 220.3 real, 114.6 MB
[runlim] sample:		220.7 time, 230.3 real, 114.6 MB
[runlim] sample:		228.8 time, 240.3 real, 116.9 MB
[runlim] sample:		238.0 time, 250.3 real, 117.9 MB
[runlim] sample:		247.2 time, 260.3 real, 118.2 MB
[runlim] sample:		255.8 time, 270.3 real, 118.2 MB
[runlim] sample:		265.6 time, 280.3 real, 127.4 MB
[runlim] sample:		275.6 time, 290.3 real, 127.7 MB
[runlim] sample:		285.6 time, 300.3 real, 127.9 MB
[runlim] sample:		295.1 time, 310.3 real, 127.9 MB
[runlim] end:			Thu Feb 14 00:47:47 2019
[runlim] status:		signal(9)
[runlim] result:		11
[runlim] children:		0
[runlim] real:			311.50 seconds
[runlim] time:			296.04 seconds
[runlim] space:			127.9 MB
[runlim] samples:		3112
