[runlim] version:		1.10fixed
[runlim] time limit:		1800 seconds
[runlim] real time limit:	311040000 seconds
[runlim] space limit:		4000 MB
[runlim] argv[0]:		./cvc4
[runlim] argv[1]:		--nl-ext-tplanes
[runlim] argv[2]:		--full-saturate-quant
[runlim] argv[3]:		--no-e-matching
[runlim] argv[4]:		/tmp/fLhx030z.smt2
[runlim] start:			Sat Feb  9 17:52:31 2019
[runlim] main pid:		19388
[runlim] sample:		8.8 time, 10.9 real, 45.2 MB
[runlim] sample:		18.8 time, 20.9 real, 59.6 MB
[runlim] sample:		28.7 time, 30.9 real, 66.0 MB
[runlim] sample:		38.8 time, 40.9 real, 74.0 MB
[runlim] sample:		48.8 time, 50.9 real, 79.5 MB
[runlim] sample:		58.7 time, 60.9 real, 96.5 MB
[runlim] sample:		68.7 time, 70.9 real, 98.5 MB
[runlim] sample:		78.6 time, 80.9 real, 99.8 MB
[runlim] sample:		88.6 time, 90.9 real, 101.9 MB
[runlim] sample:		96.4 time, 100.9 real, 105.2 MB
[runlim] sample:		103.7 time, 110.9 real, 105.5 MB
[runlim] sample:		112.8 time, 120.9 real, 106.3 MB
[runlim] sample:		122.6 time, 130.9 real, 109.1 MB
[runlim] sample:		131.3 time, 140.9 real, 113.0 MB
[runlim] sample:		139.9 time, 150.9 real, 115.8 MB
[runlim] sample:		149.7 time, 160.9 real, 117.9 MB
[runlim] sample:		159.7 time, 170.9 real, 121.2 MB
[runlim] sample:		169.7 time, 180.9 real, 124.0 MB
[runlim] sample:		179.7 time, 190.9 real, 127.4 MB
[runlim] sample:		189.7 time, 200.9 real, 129.2 MB
[runlim] sample:		199.7 time, 210.9 real, 131.8 MB
[runlim] sample:		209.7 time, 220.9 real, 134.1 MB
[runlim] sample:		219.7 time, 230.9 real, 136.2 MB
[runlim] sample:		229.7 time, 240.9 real, 139.5 MB
[runlim] sample:		239.7 time, 250.9 real, 141.8 MB
[runlim] sample:		249.7 time, 260.9 real, 144.1 MB
[runlim] sample:		259.6 time, 270.9 real, 148.3 MB
[runlim] sample:		269.2 time, 280.9 real, 148.8 MB
[runlim] sample:		278.9 time, 290.9 real, 150.8 MB
[runlim] sample:		288.6 time, 300.9 real, 153.2 MB
[runlim] sample:		298.2 time, 310.9 real, 156.0 MB
[runlim] sample:		308.1 time, 320.9 real, 157.8 MB
[runlim] sample:		317.6 time, 330.9 real, 160.6 MB
[runlim] sample:		327.6 time, 340.9 real, 165.0 MB
[runlim] sample:		337.0 time, 350.9 real, 166.6 MB
[runlim] sample:		345.6 time, 360.9 real, 167.6 MB
[runlim] sample:		353.9 time, 370.9 real, 169.1 MB
[runlim] sample:		362.8 time, 380.9 real, 170.7 MB
[runlim] sample:		371.6 time, 390.9 real, 172.8 MB
[runlim] sample:		379.4 time, 400.9 real, 173.3 MB
[runlim] sample:		387.8 time, 410.9 real, 175.1 MB
[runlim] sample:		396.7 time, 420.9 real, 177.4 MB
[runlim] sample:		405.8 time, 430.9 real, 178.4 MB
[runlim] sample:		415.4 time, 440.9 real, 180.5 MB
[runlim] sample:		425.1 time, 450.9 real, 182.3 MB
[runlim] sample:		433.6 time, 460.9 real, 183.3 MB
[runlim] sample:		442.6 time, 470.9 real, 184.9 MB
[runlim] sample:		452.6 time, 480.9 real, 186.7 MB
[runlim] sample:		462.6 time, 490.9 real, 188.2 MB
[runlim] sample:		471.2 time, 500.9 real, 197.2 MB
[runlim] sample:		479.9 time, 510.9 real, 197.5 MB
[runlim] sample:		489.9 time, 520.9 real, 197.7 MB
[runlim] sample:		498.4 time, 530.9 real, 198.0 MB
[runlim] sample:		507.5 time, 540.9 real, 198.3 MB
[runlim] sample:		516.8 time, 550.9 real, 200.3 MB
[runlim] sample:		525.2 time, 560.9 real, 200.6 MB
[runlim] sample:		534.4 time, 570.9 real, 202.1 MB
[runlim] sample:		543.8 time, 580.9 real, 203.4 MB
[runlim] sample:		553.8 time, 590.9 real, 204.4 MB
[runlim] sample:		563.8 time, 600.9 real, 205.7 MB
[runlim] sample:		573.8 time, 610.9 real, 206.8 MB
[runlim] sample:		583.8 time, 620.9 real, 208.6 MB
[runlim] sample:		593.8 time, 630.9 real, 209.6 MB
[runlim] sample:		603.8 time, 640.9 real, 211.1 MB
[runlim] sample:		613.8 time, 650.9 real, 212.4 MB
[runlim] sample:		623.8 time, 660.9 real, 213.7 MB
[runlim] sample:		633.8 time, 670.9 real, 215.0 MB
[runlim] sample:		643.8 time, 680.9 real, 216.8 MB
[runlim] sample:		653.8 time, 690.9 real, 217.6 MB
[runlim] sample:		663.8 time, 700.9 real, 218.9 MB
[runlim] sample:		673.8 time, 710.9 real, 221.2 MB
[runlim] sample:		683.8 time, 720.9 real, 221.4 MB
[runlim] sample:		693.8 time, 730.9 real, 223.8 MB
[runlim] sample:		703.8 time, 740.9 real, 225.1 MB
[runlim] sample:		713.8 time, 750.9 real, 226.1 MB
[runlim] sample:		723.8 time, 760.9 real, 229.7 MB
[runlim] sample:		733.8 time, 770.9 real, 231.5 MB
[runlim] sample:		743.8 time, 780.9 real, 231.5 MB
[runlim] sample:		753.8 time, 790.9 real, 256.5 MB
[runlim] sample:		763.8 time, 800.9 real, 305.8 MB
[runlim] sample:		773.8 time, 810.9 real, 359.5 MB
[runlim] sample:		783.8 time, 820.9 real, 399.5 MB
[runlim] sample:		793.8 time, 830.9 real, 402.9 MB
[runlim] sample:		803.8 time, 840.9 real, 403.1 MB
[runlim] sample:		813.8 time, 850.9 real, 403.1 MB
[runlim] sample:		823.8 time, 860.9 real, 403.1 MB
[runlim] sample:		833.8 time, 870.9 real, 403.1 MB
[runlim] sample:		843.8 time, 880.9 real, 403.1 MB
[runlim] sample:		853.8 time, 890.9 real, 403.1 MB
[runlim] sample:		863.8 time, 900.9 real, 403.1 MB
[runlim] sample:		873.8 time, 910.9 real, 403.1 MB
[runlim] sample:		883.8 time, 920.9 real, 403.1 MB
[runlim] sample:		893.8 time, 930.9 real, 407.5 MB
[runlim] sample:		903.7 time, 940.9 real, 409.1 MB
[runlim] sample:		913.7 time, 950.9 real, 409.1 MB
[runlim] sample:		923.7 time, 960.9 real, 409.3 MB
[runlim] sample:		933.7 time, 970.9 real, 409.8 MB
[runlim] sample:		943.7 time, 980.9 real, 410.1 MB
[runlim] sample:		953.7 time, 990.9 real, 410.1 MB
[runlim] sample:		963.7 time, 1000.9 real, 410.1 MB
[runlim] sample:		973.7 time, 1010.9 real, 410.6 MB
[runlim] sample:		983.7 time, 1020.9 real, 410.6 MB
[runlim] sample:		993.7 time, 1030.9 real, 410.6 MB
[runlim] sample:		1003.7 time, 1040.9 real, 410.6 MB
[runlim] sample:		1013.7 time, 1050.9 real, 410.6 MB
[runlim] sample:		1023.7 time, 1060.9 real, 410.6 MB
[runlim] sample:		1033.7 time, 1070.9 real, 419.9 MB
[runlim] sample:		1043.7 time, 1080.9 real, 419.9 MB
[runlim] sample:		1053.7 time, 1090.9 real, 419.9 MB
[runlim] sample:		1063.7 time, 1100.9 real, 419.9 MB
[runlim] sample:		1073.7 time, 1110.9 real, 420.1 MB
[runlim] sample:		1083.7 time, 1120.9 real, 420.1 MB
[runlim] sample:		1093.7 time, 1130.9 real, 420.4 MB
[runlim] sample:		1103.7 time, 1140.9 real, 420.4 MB
[runlim] sample:		1113.7 time, 1150.9 real, 420.4 MB
[runlim] sample:		1123.7 time, 1160.9 real, 420.4 MB
[runlim] sample:		1133.7 time, 1170.9 real, 420.7 MB
[runlim] sample:		1143.7 time, 1180.9 real, 420.7 MB
[runlim] sample:		1153.7 time, 1190.9 real, 420.7 MB
[runlim] sample:		1163.7 time, 1200.9 real, 421.0 MB
[runlim] sample:		1173.7 time, 1210.9 real, 421.0 MB
[runlim] sample:		1183.7 time, 1220.9 real, 421.2 MB
[runlim] sample:		1193.7 time, 1230.9 real, 421.5 MB
[runlim] sample:		1203.7 time, 1240.9 real, 421.5 MB
[runlim] sample:		1213.7 time, 1250.9 real, 421.7 MB
[runlim] sample:		1223.6 time, 1260.9 real, 421.7 MB
[runlim] sample:		1233.6 time, 1270.9 real, 422.0 MB
[runlim] sample:		1243.6 time, 1280.9 real, 422.2 MB
[runlim] sample:		1253.6 time, 1290.9 real, 422.2 MB
[runlim] sample:		1263.6 time, 1300.9 real, 422.5 MB
[runlim] sample:		1273.6 time, 1310.9 real, 422.8 MB
[runlim] sample:		1283.6 time, 1320.9 real, 423.0 MB
[runlim] sample:		1293.6 time, 1330.9 real, 423.0 MB
[runlim] sample:		1303.6 time, 1340.9 real, 423.5 MB
[runlim] sample:		1313.6 time, 1350.9 real, 423.5 MB
[runlim] sample:		1323.6 time, 1360.9 real, 423.8 MB
[runlim] sample:		1333.6 time, 1370.9 real, 424.3 MB
[runlim] sample:		1343.6 time, 1380.9 real, 424.3 MB
[runlim] sample:		1353.6 time, 1390.9 real, 424.3 MB
[runlim] sample:		1363.6 time, 1400.9 real, 424.3 MB
[runlim] sample:		1373.6 time, 1410.9 real, 424.3 MB
[runlim] sample:		1383.6 time, 1420.9 real, 424.3 MB
[runlim] sample:		1393.6 time, 1430.9 real, 424.3 MB
[runlim] sample:		1403.6 time, 1440.9 real, 424.3 MB
[runlim] sample:		1413.6 time, 1450.9 real, 424.3 MB
[runlim] sample:		1423.6 time, 1460.9 real, 424.3 MB
[runlim] sample:		1433.6 time, 1470.9 real, 424.6 MB
[runlim] sample:		1443.6 time, 1480.9 real, 424.6 MB
[runlim] sample:		1453.6 time, 1490.9 real, 424.6 MB
[runlim] sample:		1463.6 time, 1500.9 real, 424.6 MB
[runlim] sample:		1473.6 time, 1510.9 real, 424.6 MB
[runlim] sample:		1483.6 time, 1520.9 real, 424.8 MB
[runlim] sample:		1493.6 time, 1530.9 real, 424.8 MB
[runlim] sample:		1503.5 time, 1540.9 real, 424.8 MB
[runlim] sample:		1513.5 time, 1550.9 real, 425.1 MB
[runlim] sample:		1523.5 time, 1560.9 real, 425.1 MB
[runlim] sample:		1533.5 time, 1570.9 real, 425.1 MB
[runlim] sample:		1543.5 time, 1580.9 real, 425.1 MB
[runlim] sample:		1553.5 time, 1590.9 real, 425.3 MB
[runlim] sample:		1563.5 time, 1600.9 real, 425.6 MB
[runlim] sample:		1573.5 time, 1610.9 real, 425.9 MB
[runlim] sample:		1583.5 time, 1620.9 real, 426.1 MB
[runlim] sample:		1593.5 time, 1630.9 real, 426.4 MB
[runlim] sample:		1603.5 time, 1640.9 real, 426.6 MB
[runlim] sample:		1613.5 time, 1650.9 real, 426.6 MB
[runlim] sample:		1623.5 time, 1660.9 real, 426.9 MB
[runlim] sample:		1633.5 time, 1670.9 real, 426.9 MB
[runlim] sample:		1643.5 time, 1680.9 real, 426.9 MB
[runlim] sample:		1653.5 time, 1690.9 real, 427.2 MB
[runlim] sample:		1663.5 time, 1700.9 real, 427.2 MB
[runlim] sample:		1673.5 time, 1710.9 real, 427.2 MB
[runlim] sample:		1683.5 time, 1720.9 real, 427.2 MB
[runlim] sample:		1693.5 time, 1730.9 real, 427.2 MB
[runlim] sample:		1703.5 time, 1740.9 real, 427.5 MB
[runlim] sample:		1713.5 time, 1750.9 real, 427.5 MB
[runlim] sample:		1723.5 time, 1760.9 real, 427.5 MB
[runlim] sample:		1733.5 time, 1770.9 real, 427.5 MB
[runlim] sample:		1743.5 time, 1780.9 real, 427.5 MB
[runlim] sample:		1753.5 time, 1790.9 real, 427.5 MB
[runlim] sample:		1763.5 time, 1800.9 real, 427.5 MB
[runlim] sample:		1773.5 time, 1810.9 real, 427.5 MB
[runlim] sample:		1783.5 time, 1820.9 real, 427.5 MB
[runlim] sample:		1793.5 time, 1830.9 real, 428.0 MB
CVC4 interrupted by SIGTERM.
[runlim] end:			Sat Feb  9 18:23:08 2019
[runlim] status:		out of time
[runlim] result:		2
[runlim] children:		0
[runlim] real:			1837.50 seconds
[runlim] time:			1800.06 seconds
[runlim] space:			428.0 MB
[runlim] samples:		18366
