[runlim] version:		1.10fixed
[runlim] time limit:		1800 seconds
[runlim] real time limit:	311040000 seconds
[runlim] space limit:		4000 MB
[runlim] argv[0]:		./cvc4
[runlim] argv[1]:		--nl-ext-tplanes
[runlim] argv[2]:		--full-saturate-quant
[runlim] argv[3]:		--no-e-matching
[runlim] argv[4]:		/tmp/JIFsoNZr.smt2
[runlim] start:			Sat Feb  9 01:38:09 2019
[runlim] main pid:		3371
[runlim] sample:		8.8 time, 10.0 real, 41.0 MB
[runlim] sample:		18.8 time, 20.0 real, 41.0 MB
[runlim] sample:		28.8 time, 30.0 real, 41.0 MB
[runlim] sample:		38.6 time, 40.0 real, 41.0 MB
[runlim] sample:		48.3 time, 50.0 real, 41.0 MB
[runlim] sample:		57.9 time, 60.0 real, 41.0 MB
[runlim] sample:		66.7 time, 70.0 real, 41.0 MB
[runlim] sample:		75.0 time, 80.0 real, 41.0 MB
[runlim] sample:		83.7 time, 90.0 real, 41.3 MB
[runlim] sample:		93.4 time, 100.0 real, 41.6 MB
[runlim] sample:		103.0 time, 110.0 real, 41.8 MB
[runlim] sample:		111.4 time, 120.0 real, 42.1 MB
[runlim] sample:		120.8 time, 130.0 real, 42.3 MB
[runlim] sample:		130.8 time, 140.0 real, 42.8 MB
[runlim] sample:		140.8 time, 150.0 real, 43.1 MB
[runlim] sample:		150.7 time, 160.0 real, 43.3 MB
[runlim] sample:		160.5 time, 170.0 real, 43.6 MB
[runlim] sample:		169.3 time, 180.0 real, 43.9 MB
[runlim] sample:		178.8 time, 190.0 real, 44.1 MB
[runlim] sample:		188.7 time, 200.0 real, 44.4 MB
[runlim] sample:		198.6 time, 210.0 real, 44.6 MB
[runlim] sample:		207.1 time, 220.0 real, 44.9 MB
[runlim] sample:		215.4 time, 230.0 real, 45.1 MB
[runlim] sample:		223.0 time, 240.0 real, 45.4 MB
[runlim] sample:		231.5 time, 250.0 real, 45.7 MB
[runlim] sample:		240.0 time, 260.0 real, 45.9 MB
[runlim] sample:		249.1 time, 270.0 real, 46.2 MB
[runlim] sample:		257.0 time, 280.0 real, 46.4 MB
[runlim] sample:		266.8 time, 290.0 real, 46.7 MB
[runlim] sample:		276.8 time, 300.0 real, 46.9 MB
[runlim] sample:		286.8 time, 310.0 real, 47.2 MB
[runlim] sample:		296.8 time, 320.0 real, 47.7 MB
[runlim] sample:		306.8 time, 330.0 real, 48.0 MB
[runlim] sample:		316.6 time, 340.0 real, 48.2 MB
[runlim] sample:		326.6 time, 350.0 real, 48.7 MB
[runlim] sample:		336.6 time, 360.0 real, 49.0 MB
[runlim] sample:		346.6 time, 370.0 real, 49.3 MB
[runlim] sample:		356.6 time, 380.0 real, 49.5 MB
[runlim] sample:		366.6 time, 390.0 real, 49.8 MB
[runlim] sample:		375.8 time, 400.0 real, 50.0 MB
[runlim] sample:		383.9 time, 410.0 real, 50.3 MB
[runlim] sample:		392.1 time, 420.0 real, 50.5 MB
[runlim] sample:		401.6 time, 430.0 real, 50.8 MB
[runlim] sample:		410.9 time, 440.0 real, 51.1 MB
[runlim] sample:		420.4 time, 450.0 real, 51.3 MB
[runlim] sample:		430.4 time, 460.0 real, 51.6 MB
[runlim] sample:		439.4 time, 470.0 real, 52.1 MB
[runlim] sample:		447.3 time, 480.0 real, 52.3 MB
[runlim] sample:		455.4 time, 490.0 real, 52.6 MB
[runlim] sample:		463.5 time, 500.0 real, 52.6 MB
[runlim] sample:		472.5 time, 510.0 real, 52.8 MB
[runlim] sample:		482.5 time, 520.0 real, 53.4 MB
[runlim] sample:		492.5 time, 530.0 real, 53.6 MB
[runlim] sample:		502.5 time, 540.0 real, 53.9 MB
[runlim] sample:		512.3 time, 550.0 real, 54.1 MB
[runlim] sample:		522.0 time, 560.0 real, 54.4 MB
[runlim] sample:		531.7 time, 570.0 real, 54.6 MB
[runlim] sample:		541.3 time, 580.0 real, 54.9 MB
[runlim] sample:		551.0 time, 590.0 real, 55.2 MB
[runlim] sample:		560.7 time, 600.0 real, 55.4 MB
[runlim] sample:		570.3 time, 610.0 real, 55.7 MB
[runlim] sample:		579.7 time, 620.0 real, 55.9 MB
[runlim] sample:		588.3 time, 630.0 real, 56.2 MB
[runlim] sample:		596.9 time, 640.0 real, 56.4 MB
[runlim] sample:		605.5 time, 650.0 real, 56.4 MB
[runlim] sample:		614.6 time, 660.0 real, 56.7 MB
[runlim] sample:		624.3 time, 670.0 real, 57.0 MB
[runlim] sample:		633.9 time, 680.0 real, 57.5 MB
[runlim] sample:		642.1 time, 690.0 real, 57.7 MB
[runlim] sample:		651.3 time, 700.0 real, 57.7 MB
[runlim] sample:		661.3 time, 710.0 real, 58.0 MB
[runlim] sample:		671.3 time, 720.0 real, 58.5 MB
[runlim] sample:		681.3 time, 730.0 real, 58.5 MB
[runlim] sample:		691.3 time, 740.0 real, 58.8 MB
[runlim] sample:		701.3 time, 750.0 real, 59.0 MB
[runlim] sample:		711.3 time, 760.0 real, 59.3 MB
[runlim] sample:		721.3 time, 770.0 real, 59.5 MB
[runlim] sample:		731.3 time, 780.0 real, 60.0 MB
[runlim] sample:		741.2 time, 790.0 real, 60.0 MB
[runlim] sample:		751.2 time, 800.0 real, 60.3 MB
[runlim] sample:		761.2 time, 810.0 real, 60.6 MB
[runlim] sample:		771.2 time, 820.0 real, 60.8 MB
[runlim] sample:		781.2 time, 830.0 real, 61.1 MB
[runlim] sample:		791.2 time, 840.0 real, 61.3 MB
[runlim] sample:		801.2 time, 850.0 real, 61.6 MB
[runlim] sample:		811.2 time, 860.0 real, 62.1 MB
[runlim] sample:		821.2 time, 870.0 real, 62.3 MB
[runlim] sample:		831.2 time, 880.0 real, 62.6 MB
[runlim] sample:		841.2 time, 890.0 real, 62.9 MB
[runlim] sample:		851.2 time, 900.0 real, 63.1 MB
[runlim] sample:		861.2 time, 910.0 real, 63.4 MB
[runlim] sample:		870.2 time, 920.0 real, 63.6 MB
[runlim] sample:		879.9 time, 930.0 real, 63.9 MB
[runlim] sample:		889.9 time, 940.0 real, 64.1 MB
[runlim] sample:		899.9 time, 950.0 real, 64.4 MB
[runlim] sample:		908.6 time, 960.0 real, 64.7 MB
[runlim] sample:		916.6 time, 970.0 real, 64.7 MB
[runlim] sample:		925.7 time, 980.0 real, 64.9 MB
[runlim] sample:		935.2 time, 990.0 real, 65.2 MB
[runlim] sample:		943.3 time, 1000.0 real, 65.4 MB
[runlim] sample:		952.1 time, 1010.0 real, 65.7 MB
[runlim] sample:		961.8 time, 1020.0 real, 65.9 MB
[runlim] sample:		971.4 time, 1030.0 real, 66.2 MB
[runlim] sample:		981.1 time, 1040.0 real, 66.2 MB
[runlim] sample:		990.7 time, 1050.0 real, 66.7 MB
[runlim] sample:		1000.4 time, 1060.0 real, 67.0 MB
[runlim] sample:		1010.1 time, 1070.0 real, 67.6 MB
[runlim] sample:		1019.7 time, 1080.0 real, 67.9 MB
[runlim] sample:		1029.4 time, 1090.0 real, 68.1 MB
[runlim] sample:		1039.1 time, 1100.0 real, 68.4 MB
[runlim] sample:		1048.8 time, 1110.0 real, 68.6 MB
[runlim] sample:		1058.4 time, 1120.0 real, 68.9 MB
[runlim] sample:		1068.1 time, 1130.0 real, 69.9 MB
[runlim] sample:		1077.8 time, 1140.0 real, 69.9 MB
[runlim] sample:		1087.4 time, 1150.0 real, 69.9 MB
[runlim] sample:		1097.1 time, 1160.0 real, 70.2 MB
[runlim] sample:		1106.8 time, 1170.0 real, 70.9 MB
[runlim] sample:		1116.5 time, 1180.0 real, 71.4 MB
[runlim] sample:		1126.1 time, 1190.0 real, 71.4 MB
[runlim] sample:		1135.8 time, 1200.0 real, 71.7 MB
[runlim] sample:		1145.5 time, 1210.0 real, 71.9 MB
[runlim] sample:		1155.1 time, 1220.0 real, 72.7 MB
[runlim] sample:		1164.8 time, 1230.0 real, 72.7 MB
[runlim] sample:		1174.4 time, 1240.0 real, 73.0 MB
[runlim] sample:		1184.1 time, 1250.0 real, 73.2 MB
[runlim] sample:		1193.7 time, 1260.0 real, 73.5 MB
[runlim] sample:		1203.4 time, 1270.0 real, 73.7 MB
[runlim] sample:		1213.0 time, 1280.0 real, 74.0 MB
[runlim] sample:		1221.8 time, 1290.0 real, 74.2 MB
[runlim] sample:		1230.6 time, 1300.0 real, 74.5 MB
[runlim] sample:		1238.5 time, 1310.0 real, 74.8 MB
[runlim] sample:		1246.1 time, 1320.0 real, 75.0 MB
[runlim] sample:		1254.9 time, 1330.0 real, 75.0 MB
[runlim] sample:		1264.8 time, 1340.0 real, 75.3 MB
[runlim] sample:		1274.6 time, 1350.0 real, 75.5 MB
[runlim] sample:		1284.2 time, 1360.0 real, 76.0 MB
[runlim] sample:		1293.9 time, 1370.0 real, 76.3 MB
[runlim] sample:		1303.6 time, 1380.0 real, 76.6 MB
[runlim] sample:		1313.0 time, 1390.0 real, 76.8 MB
[runlim] sample:		1322.6 time, 1400.0 real, 76.8 MB
[runlim] sample:		1332.3 time, 1410.0 real, 77.1 MB
[runlim] sample:		1342.0 time, 1420.0 real, 77.3 MB
[runlim] sample:		1351.6 time, 1430.0 real, 77.6 MB
[runlim] sample:		1361.3 time, 1440.0 real, 77.8 MB
[runlim] sample:		1371.0 time, 1450.0 real, 78.1 MB
[runlim] sample:		1380.7 time, 1460.0 real, 78.4 MB
[runlim] sample:		1390.3 time, 1470.0 real, 78.9 MB
[runlim] sample:		1400.0 time, 1480.0 real, 79.1 MB
[runlim] sample:		1409.6 time, 1490.0 real, 79.4 MB
[runlim] sample:		1418.9 time, 1500.0 real, 79.6 MB
[runlim] sample:		1428.3 time, 1510.0 real, 79.6 MB
[runlim] sample:		1437.7 time, 1520.0 real, 79.9 MB
[runlim] sample:		1447.6 time, 1530.0 real, 80.4 MB
[runlim] sample:		1457.6 time, 1540.0 real, 80.7 MB
[runlim] sample:		1467.6 time, 1550.0 real, 80.9 MB
[runlim] sample:		1477.6 time, 1560.0 real, 81.2 MB
[runlim] sample:		1487.6 time, 1570.0 real, 81.4 MB
[runlim] sample:		1497.6 time, 1580.0 real, 81.9 MB
[runlim] sample:		1507.6 time, 1590.0 real, 82.2 MB
[runlim] sample:		1517.6 time, 1600.0 real, 82.5 MB
[runlim] sample:		1527.6 time, 1610.0 real, 82.7 MB
[runlim] sample:		1537.6 time, 1620.0 real, 83.0 MB
[runlim] sample:		1547.6 time, 1630.0 real, 83.2 MB
[runlim] sample:		1557.6 time, 1640.0 real, 83.5 MB
[runlim] sample:		1567.6 time, 1650.0 real, 83.7 MB
[runlim] sample:		1577.6 time, 1660.0 real, 84.0 MB
[runlim] sample:		1587.6 time, 1670.0 real, 84.3 MB
[runlim] sample:		1597.5 time, 1680.0 real, 84.5 MB
[runlim] sample:		1607.5 time, 1690.0 real, 84.8 MB
[runlim] sample:		1617.5 time, 1700.0 real, 85.0 MB
[runlim] sample:		1627.5 time, 1710.0 real, 85.3 MB
[runlim] sample:		1637.5 time, 1720.0 real, 85.5 MB
[runlim] sample:		1647.5 time, 1730.0 real, 85.8 MB
[runlim] sample:		1657.5 time, 1740.0 real, 86.1 MB
[runlim] sample:		1667.5 time, 1750.0 real, 86.3 MB
[runlim] sample:		1677.5 time, 1760.0 real, 86.6 MB
[runlim] sample:		1687.5 time, 1770.0 real, 87.1 MB
[runlim] sample:		1697.5 time, 1780.0 real, 87.1 MB
[runlim] sample:		1707.5 time, 1790.0 real, 87.3 MB
[runlim] sample:		1717.5 time, 1800.0 real, 87.6 MB
[runlim] sample:		1727.5 time, 1810.0 real, 87.9 MB
[runlim] sample:		1737.5 time, 1820.0 real, 88.4 MB
[runlim] sample:		1747.5 time, 1830.0 real, 88.6 MB
[runlim] sample:		1757.5 time, 1840.0 real, 88.9 MB
[runlim] sample:		1767.5 time, 1850.0 real, 89.1 MB
[runlim] sample:		1777.5 time, 1860.0 real, 89.1 MB
[runlim] end:			Sat Feb  9 02:09:14 2019
[runlim] status:		signal(9)
[runlim] result:		11
[runlim] children:		0
[runlim] real:			1865.58 seconds
[runlim] time:			1783.02 seconds
[runlim] space:			89.4 MB
[runlim] samples:		18655
