[runlim] version:		1.10fixed
[runlim] time limit:		1800 seconds
[runlim] real time limit:	311040000 seconds
[runlim] space limit:		4000 MB
[runlim] argv[0]:		./cvc4
[runlim] argv[1]:		--nl-ext-tplanes
[runlim] argv[2]:		--full-saturate-quant
[runlim] argv[3]:		--no-e-matching
[runlim] argv[4]:		/tmp/IBkxcTM5.smt2
[runlim] start:			Sat Feb  9 01:27:22 2019
[runlim] main pid:		32568
[runlim] sample:		9.5 time, 10.5 real, 43.5 MB
[runlim] sample:		19.1 time, 20.5 real, 51.5 MB
[runlim] sample:		27.5 time, 30.5 real, 57.3 MB
[runlim] sample:		35.6 time, 40.5 real, 60.9 MB
[runlim] sample:		44.0 time, 50.5 real, 64.2 MB
[runlim] sample:		53.4 time, 60.5 real, 67.8 MB
[runlim] sample:		63.3 time, 70.5 real, 71.7 MB
[runlim] sample:		73.3 time, 80.5 real, 74.5 MB
[runlim] sample:		83.3 time, 90.5 real, 79.0 MB
[runlim] sample:		93.3 time, 100.5 real, 82.4 MB
[runlim] sample:		103.3 time, 110.5 real, 84.9 MB
[runlim] sample:		113.3 time, 120.5 real, 87.0 MB
[runlim] sample:		123.3 time, 130.5 real, 89.1 MB
[runlim] sample:		133.1 time, 140.5 real, 91.4 MB
[runlim] sample:		142.2 time, 150.5 real, 92.9 MB
[runlim] sample:		150.0 time, 160.5 real, 94.2 MB
[runlim] sample:		159.8 time, 170.5 real, 95.8 MB
[runlim] sample:		169.8 time, 180.5 real, 97.3 MB
[runlim] sample:		179.8 time, 190.5 real, 99.1 MB
[runlim] sample:		189.8 time, 200.5 real, 100.7 MB
[runlim] sample:		199.8 time, 210.5 real, 102.2 MB
[runlim] sample:		209.8 time, 220.5 real, 103.7 MB
[runlim] sample:		219.8 time, 230.5 real, 105.3 MB
[runlim] sample:		229.8 time, 240.5 real, 106.6 MB
[runlim] sample:		239.8 time, 250.5 real, 108.1 MB
[runlim] sample:		249.8 time, 260.5 real, 111.1 MB
[runlim] sample:		259.8 time, 270.5 real, 112.4 MB
[runlim] sample:		269.6 time, 280.5 real, 113.7 MB
[runlim] sample:		279.3 time, 290.5 real, 115.0 MB
[runlim] sample:		288.6 time, 300.5 real, 116.0 MB
[runlim] sample:		298.5 time, 310.5 real, 117.5 MB
[runlim] sample:		308.2 time, 320.5 real, 118.1 MB
[runlim] sample:		317.5 time, 330.5 real, 119.1 MB
[runlim] sample:		327.5 time, 340.5 real, 120.6 MB
[runlim] sample:		337.5 time, 350.5 real, 125.0 MB
[runlim] sample:		347.5 time, 360.5 real, 125.8 MB
[runlim] sample:		356.6 time, 370.5 real, 126.5 MB
[runlim] sample:		364.6 time, 380.5 real, 127.6 MB
[runlim] sample:		373.7 time, 390.5 real, 128.6 MB
[runlim] sample:		383.6 time, 400.5 real, 129.4 MB
[runlim] sample:		391.8 time, 410.5 real, 130.1 MB
[runlim] sample:		401.8 time, 420.5 real, 131.2 MB
[runlim] sample:		411.8 time, 430.5 real, 132.2 MB
[runlim] sample:		421.8 time, 440.5 real, 133.2 MB
[runlim] sample:		431.8 time, 450.5 real, 134.3 MB
[runlim] sample:		440.9 time, 460.5 real, 136.1 MB
[runlim] sample:		449.5 time, 470.5 real, 136.1 MB
[runlim] sample:		458.2 time, 480.5 real, 136.6 MB
[runlim] sample:		466.8 time, 490.5 real, 137.6 MB
[runlim] sample:		475.5 time, 500.5 real, 138.4 MB
[runlim] sample:		484.1 time, 510.5 real, 138.6 MB
[runlim] sample:		492.9 time, 520.5 real, 140.7 MB
[runlim] sample:		502.1 time, 530.5 real, 141.5 MB
[runlim] sample:		511.0 time, 540.5 real, 142.0 MB
[runlim] sample:		520.0 time, 550.5 real, 142.8 MB
[runlim] sample:		528.7 time, 560.5 real, 143.3 MB
[runlim] sample:		537.4 time, 570.5 real, 143.8 MB
[runlim] sample:		546.3 time, 580.5 real, 144.8 MB
[runlim] sample:		555.0 time, 590.5 real, 145.3 MB
[runlim] sample:		563.6 time, 600.5 real, 145.6 MB
[runlim] sample:		571.8 time, 610.5 real, 146.9 MB
[runlim] sample:		580.0 time, 620.5 real, 147.1 MB
[runlim] sample:		588.8 time, 630.5 real, 147.9 MB
[runlim] sample:		598.6 time, 640.5 real, 148.4 MB
[runlim] sample:		608.6 time, 650.5 real, 149.0 MB
[runlim] sample:		618.5 time, 660.5 real, 149.5 MB
[runlim] sample:		626.7 time, 670.5 real, 150.0 MB
[runlim] sample:		633.8 time, 680.5 real, 151.8 MB
[runlim] sample:		642.4 time, 690.5 real, 152.0 MB
[runlim] sample:		651.0 time, 700.5 real, 152.6 MB
[runlim] sample:		661.0 time, 710.5 real, 153.3 MB
[runlim] sample:		670.5 time, 720.5 real, 153.9 MB
[runlim] sample:		678.6 time, 730.5 real, 154.4 MB
[runlim] sample:		686.9 time, 740.5 real, 154.9 MB
[runlim] sample:		695.1 time, 750.5 real, 155.4 MB
[runlim] sample:		704.1 time, 760.5 real, 156.2 MB
[runlim] sample:		712.6 time, 770.5 real, 156.9 MB
[runlim] sample:		721.3 time, 780.5 real, 157.5 MB
[runlim] sample:		730.6 time, 790.5 real, 158.0 MB
[runlim] sample:		739.9 time, 800.5 real, 158.7 MB
[runlim] sample:		749.6 time, 810.5 real, 159.3 MB
[runlim] sample:		759.3 time, 820.5 real, 160.0 MB
[runlim] sample:		769.0 time, 830.5 real, 161.1 MB
[runlim] sample:		778.6 time, 840.5 real, 161.8 MB
[runlim] sample:		788.3 time, 850.5 real, 162.6 MB
[runlim] sample:		798.0 time, 860.5 real, 163.1 MB
[runlim] sample:		807.7 time, 870.5 real, 163.9 MB
[runlim] sample:		817.4 time, 880.5 real, 164.7 MB
[runlim] sample:		827.1 time, 890.5 real, 165.7 MB
[runlim] sample:		836.6 time, 900.5 real, 166.0 MB
[runlim] sample:		846.0 time, 910.5 real, 166.2 MB
[runlim] sample:		855.3 time, 920.5 real, 167.2 MB
[runlim] sample:		864.7 time, 930.5 real, 167.5 MB
[runlim] sample:		874.0 time, 940.5 real, 168.0 MB
[runlim] sample:		883.4 time, 950.5 real, 168.3 MB
[runlim] sample:		892.8 time, 960.5 real, 169.1 MB
[runlim] sample:		902.1 time, 970.5 real, 169.8 MB
[runlim] sample:		911.5 time, 980.5 real, 170.3 MB
[runlim] sample:		920.2 time, 990.5 real, 170.9 MB
[runlim] sample:		930.2 time, 1000.5 real, 171.1 MB
[runlim] sample:		939.2 time, 1010.5 real, 171.1 MB
[runlim] sample:		948.2 time, 1020.5 real, 171.6 MB
[runlim] sample:		958.0 time, 1030.5 real, 171.9 MB
[runlim] sample:		966.1 time, 1040.5 real, 172.1 MB
[runlim] sample:		976.1 time, 1050.5 real, 172.9 MB
[runlim] sample:		984.5 time, 1060.5 real, 173.2 MB
[runlim] sample:		992.5 time, 1070.5 real, 173.7 MB
[runlim] sample:		1000.9 time, 1080.5 real, 173.9 MB
[runlim] sample:		1010.9 time, 1090.5 real, 174.5 MB
[runlim] sample:		1020.9 time, 1100.5 real, 174.7 MB
[runlim] sample:		1030.9 time, 1110.5 real, 175.5 MB
[runlim] sample:		1040.1 time, 1120.5 real, 175.7 MB
[runlim] sample:		1049.5 time, 1130.5 real, 176.3 MB
[runlim] sample:		1059.5 time, 1140.5 real, 176.8 MB
[runlim] sample:		1069.5 time, 1150.5 real, 177.0 MB
[runlim] sample:		1079.5 time, 1160.5 real, 177.8 MB
[runlim] sample:		1089.5 time, 1170.5 real, 178.1 MB
[runlim] sample:		1099.5 time, 1180.5 real, 178.3 MB
[runlim] sample:		1109.1 time, 1190.5 real, 179.1 MB
[runlim] sample:		1118.8 time, 1200.5 real, 179.6 MB
[runlim] sample:		1126.8 time, 1210.5 real, 179.9 MB
[runlim] sample:		1136.8 time, 1220.5 real, 180.6 MB
[runlim] sample:		1146.8 time, 1230.5 real, 181.2 MB
[runlim] sample:		1156.8 time, 1240.5 real, 181.7 MB
[runlim] sample:		1166.2 time, 1250.5 real, 182.2 MB
[runlim] sample:		1176.2 time, 1260.5 real, 182.7 MB
[runlim] sample:		1186.2 time, 1270.5 real, 183.0 MB
[runlim] sample:		1195.5 time, 1280.5 real, 183.5 MB
[runlim] sample:		1204.9 time, 1290.5 real, 184.0 MB
[runlim] sample:		1214.9 time, 1300.5 real, 184.8 MB
[runlim] sample:		1224.9 time, 1310.5 real, 185.3 MB
[runlim] sample:		1234.7 time, 1320.5 real, 185.8 MB
[runlim] sample:		1244.7 time, 1330.5 real, 186.8 MB
[runlim] sample:		1254.7 time, 1340.5 real, 187.1 MB
[runlim] sample:		1263.0 time, 1350.5 real, 187.3 MB
[runlim] sample:		1270.4 time, 1360.5 real, 187.6 MB
[runlim] sample:		1278.3 time, 1370.5 real, 191.7 MB
[runlim] sample:		1288.1 time, 1380.5 real, 191.9 MB
[runlim] sample:		1298.1 time, 1390.5 real, 192.7 MB
[runlim] sample:		1308.1 time, 1400.5 real, 193.5 MB
[runlim] sample:		1317.8 time, 1410.5 real, 194.0 MB
[runlim] sample:		1327.8 time, 1420.5 real, 194.3 MB
[runlim] sample:		1337.8 time, 1430.5 real, 195.0 MB
[runlim] sample:		1347.8 time, 1440.5 real, 195.8 MB
[runlim] sample:		1357.8 time, 1450.5 real, 196.1 MB
[runlim] sample:		1367.8 time, 1460.5 real, 196.8 MB
[runlim] sample:		1377.8 time, 1470.5 real, 197.4 MB
[runlim] sample:		1387.8 time, 1480.5 real, 197.6 MB
[runlim] sample:		1397.8 time, 1490.5 real, 198.1 MB
[runlim] sample:		1407.8 time, 1500.5 real, 198.1 MB
[runlim] sample:		1417.8 time, 1510.5 real, 198.9 MB
[runlim] sample:		1427.8 time, 1520.5 real, 199.2 MB
[runlim] sample:		1437.8 time, 1530.5 real, 199.7 MB
[runlim] sample:		1447.7 time, 1540.5 real, 199.7 MB
[runlim] sample:		1457.7 time, 1550.5 real, 199.7 MB
[runlim] sample:		1467.7 time, 1560.5 real, 199.9 MB
[runlim] sample:		1477.7 time, 1570.5 real, 200.4 MB
[runlim] sample:		1487.7 time, 1580.5 real, 200.4 MB
[runlim] sample:		1497.7 time, 1590.5 real, 201.5 MB
[runlim] sample:		1507.7 time, 1600.5 real, 201.7 MB
[runlim] sample:		1517.7 time, 1610.5 real, 202.2 MB
[runlim] sample:		1527.7 time, 1620.5 real, 202.2 MB
[runlim] sample:		1537.7 time, 1630.5 real, 202.5 MB
[runlim] sample:		1547.7 time, 1640.5 real, 203.0 MB
[runlim] sample:		1557.7 time, 1650.5 real, 203.3 MB
[runlim] sample:		1567.7 time, 1660.5 real, 203.5 MB
[runlim] sample:		1577.7 time, 1670.5 real, 204.1 MB
[runlim] sample:		1587.7 time, 1680.5 real, 204.3 MB
[runlim] sample:		1597.7 time, 1690.5 real, 204.6 MB
[runlim] sample:		1607.7 time, 1700.5 real, 204.8 MB
[runlim] sample:		1617.7 time, 1710.5 real, 205.6 MB
[runlim] sample:		1627.7 time, 1720.5 real, 205.9 MB
[runlim] sample:		1637.7 time, 1730.5 real, 206.1 MB
[runlim] sample:		1647.7 time, 1740.5 real, 206.4 MB
[runlim] sample:		1657.7 time, 1750.5 real, 206.9 MB
[runlim] sample:		1667.7 time, 1760.5 real, 207.1 MB
[runlim] sample:		1677.7 time, 1770.5 real, 207.4 MB
[runlim] sample:		1687.7 time, 1780.5 real, 207.7 MB
[runlim] sample:		1697.7 time, 1790.5 real, 207.9 MB
[runlim] sample:		1707.7 time, 1800.5 real, 208.2 MB
[runlim] sample:		1717.7 time, 1810.5 real, 208.7 MB
[runlim] sample:		1727.7 time, 1820.5 real, 216.1 MB
[runlim] sample:		1737.7 time, 1830.5 real, 216.4 MB
[runlim] sample:		1747.7 time, 1840.5 real, 217.2 MB
[runlim] sample:		1757.7 time, 1850.5 real, 217.7 MB
[runlim] sample:		1767.7 time, 1860.5 real, 217.7 MB
[runlim] sample:		1777.7 time, 1870.5 real, 217.7 MB
[runlim] sample:		1787.7 time, 1880.5 real, 218.2 MB
[runlim] end:			Sat Feb  9 01:58:50 2019
[runlim] status:		signal(9)
[runlim] result:		11
[runlim] children:		0
[runlim] real:			1888.91 seconds
[runlim] time:			1796.10 seconds
[runlim] space:			222.6 MB
[runlim] samples:		18884
