[runlim] version:		1.10fixed
[runlim] time limit:		1800 seconds
[runlim] real time limit:	311040000 seconds
[runlim] space limit:		4000 MB
[runlim] argv[0]:		./cvc4
[runlim] argv[1]:		--nl-ext-tplanes
[runlim] argv[2]:		--full-saturate-quant
[runlim] argv[3]:		--no-e-matching
[runlim] argv[4]:		/tmp/cnStDtU0.smt2
[runlim] start:			Wed Feb  6 06:32:30 2019
[runlim] main pid:		21375
[runlim] sample:		9.9 time, 10.2 real, 42.7 MB
[runlim] sample:		19.8 time, 20.2 real, 50.2 MB
[runlim] sample:		29.5 time, 30.2 real, 55.4 MB
[runlim] sample:		38.8 time, 40.2 real, 59.5 MB
[runlim] sample:		48.6 time, 50.2 real, 63.6 MB
[runlim] sample:		58.2 time, 60.2 real, 67.2 MB
[runlim] sample:		67.9 time, 70.2 real, 69.5 MB
[runlim] sample:		77.8 time, 80.2 real, 72.6 MB
[runlim] sample:		87.8 time, 90.2 real, 74.4 MB
[runlim] sample:		97.8 time, 100.2 real, 76.5 MB
[runlim] sample:		107.8 time, 110.2 real, 78.5 MB
[runlim] sample:		117.8 time, 120.2 real, 80.6 MB
[runlim] sample:		127.8 time, 130.2 real, 83.9 MB
[runlim] sample:		137.8 time, 140.2 real, 85.2 MB
[runlim] sample:		147.5 time, 150.2 real, 86.7 MB
[runlim] sample:		157.1 time, 160.2 real, 88.0 MB
[runlim] sample:		167.1 time, 170.2 real, 89.5 MB
[runlim] sample:		176.8 time, 180.2 real, 90.8 MB
[runlim] sample:		185.8 time, 190.2 real, 92.4 MB
[runlim] sample:		194.9 time, 200.2 real, 95.6 MB
[runlim] sample:		204.9 time, 210.2 real, 96.6 MB
[runlim] sample:		214.4 time, 220.2 real, 98.1 MB
[runlim] sample:		222.6 time, 230.2 real, 98.9 MB
[runlim] sample:		232.2 time, 240.2 real, 100.2 MB
[runlim] sample:		242.2 time, 250.2 real, 101.0 MB
[runlim] sample:		252.0 time, 260.2 real, 102.0 MB
[runlim] sample:		261.6 time, 270.2 real, 102.5 MB
[runlim] sample:		271.6 time, 280.2 real, 103.8 MB
[runlim] sample:		281.3 time, 290.2 real, 104.6 MB
[runlim] sample:		291.3 time, 300.2 real, 106.1 MB
[runlim] sample:		301.3 time, 310.2 real, 107.7 MB
[runlim] sample:		311.3 time, 320.2 real, 108.4 MB
[runlim] sample:		321.3 time, 330.2 real, 109.5 MB
[runlim] sample:		331.2 time, 340.2 real, 110.2 MB
[runlim] sample:		341.2 time, 350.2 real, 111.0 MB
[runlim] sample:		351.0 time, 360.2 real, 112.0 MB
[runlim] sample:		361.0 time, 370.2 real, 113.1 MB
[runlim] sample:		370.6 time, 380.2 real, 114.4 MB
[runlim] sample:		380.6 time, 390.2 real, 114.9 MB
[runlim] sample:		390.5 time, 400.2 real, 115.9 MB
[runlim] sample:		400.4 time, 410.2 real, 117.5 MB
[runlim] sample:		410.4 time, 420.2 real, 117.7 MB
[runlim] sample:		420.4 time, 430.2 real, 119.0 MB
[runlim] sample:		430.4 time, 440.2 real, 119.0 MB
[runlim] sample:		440.1 time, 450.2 real, 119.8 MB
[runlim] sample:		449.8 time, 460.2 real, 121.3 MB
[runlim] sample:		459.5 time, 470.2 real, 122.4 MB
[runlim] sample:		469.2 time, 480.2 real, 122.6 MB
[runlim] sample:		479.0 time, 490.2 real, 123.1 MB
[runlim] sample:		489.0 time, 500.2 real, 123.9 MB
[runlim] sample:		499.0 time, 510.2 real, 124.7 MB
[runlim] sample:		508.9 time, 520.2 real, 125.2 MB
[runlim] sample:		518.6 time, 530.2 real, 125.7 MB
[runlim] sample:		528.6 time, 540.2 real, 126.2 MB
[runlim] sample:		538.6 time, 550.2 real, 126.5 MB
[runlim] sample:		548.6 time, 560.2 real, 127.2 MB
[runlim] sample:		558.4 time, 570.2 real, 127.8 MB
[runlim] sample:		568.1 time, 580.2 real, 128.0 MB
[runlim] sample:		577.7 time, 590.2 real, 129.1 MB
[runlim] sample:		587.2 time, 600.2 real, 129.8 MB
[runlim] sample:		596.9 time, 610.2 real, 129.8 MB
[runlim] sample:		606.2 time, 620.2 real, 130.3 MB
[runlim] sample:		615.1 time, 630.2 real, 131.4 MB
[runlim] sample:		623.7 time, 640.2 real, 131.6 MB
[runlim] sample:		633.4 time, 650.2 real, 131.9 MB
[runlim] sample:		643.4 time, 660.2 real, 132.9 MB
[runlim] sample:		653.4 time, 670.2 real, 133.4 MB
[runlim] sample:		663.4 time, 680.2 real, 133.9 MB
[runlim] sample:		673.4 time, 690.2 real, 134.5 MB
[runlim] sample:		683.4 time, 700.2 real, 135.2 MB
[runlim] sample:		692.3 time, 710.2 real, 135.8 MB
[runlim] sample:		701.2 time, 720.2 real, 136.0 MB
[runlim] sample:		710.2 time, 730.2 real, 139.2 MB
[runlim] sample:		719.3 time, 740.2 real, 139.7 MB
[runlim] sample:		728.3 time, 750.2 real, 139.9 MB
[runlim] sample:		738.1 time, 760.2 real, 140.2 MB
[runlim] sample:		747.9 time, 770.2 real, 141.2 MB
[runlim] sample:		757.5 time, 780.2 real, 141.8 MB
[runlim] sample:		766.7 time, 790.2 real, 142.3 MB
[runlim] sample:		776.3 time, 800.2 real, 142.8 MB
[runlim] sample:		785.8 time, 810.2 real, 143.6 MB
[runlim] sample:		795.7 time, 820.2 real, 144.1 MB
[runlim] sample:		805.7 time, 830.2 real, 144.1 MB
[runlim] sample:		815.7 time, 840.2 real, 144.3 MB
[runlim] sample:		825.7 time, 850.2 real, 145.6 MB
[runlim] sample:		835.4 time, 860.2 real, 146.4 MB
[runlim] sample:		845.1 time, 870.2 real, 146.4 MB
[runlim] sample:		854.8 time, 880.2 real, 146.9 MB
[runlim] sample:		864.7 time, 890.2 real, 147.4 MB
[runlim] sample:		873.7 time, 900.2 real, 147.9 MB
[runlim] sample:		882.7 time, 910.2 real, 148.2 MB
[runlim] sample:		891.5 time, 920.2 real, 148.5 MB
[runlim] sample:		901.4 time, 930.2 real, 148.7 MB
[runlim] sample:		911.0 time, 940.2 real, 149.7 MB
[runlim] sample:		920.2 time, 950.2 real, 150.0 MB
[runlim] sample:		929.5 time, 960.2 real, 150.3 MB
[runlim] sample:		939.5 time, 970.2 real, 150.5 MB
[runlim] sample:		949.5 time, 980.2 real, 152.8 MB
[runlim] sample:		959.2 time, 990.2 real, 153.1 MB
[runlim] sample:		967.9 time, 1000.2 real, 153.1 MB
[runlim] sample:		977.4 time, 1010.2 real, 153.1 MB
[runlim] sample:		987.2 time, 1020.2 real, 153.4 MB
[runlim] sample:		997.0 time, 1030.2 real, 154.1 MB
[runlim] sample:		1006.7 time, 1040.2 real, 154.4 MB
[runlim] sample:		1016.4 time, 1050.2 real, 154.6 MB
[runlim] sample:		1026.1 time, 1060.2 real, 154.6 MB
[runlim] sample:		1035.8 time, 1070.2 real, 155.2 MB
[runlim] sample:		1045.7 time, 1080.2 real, 155.9 MB
[runlim] sample:		1055.7 time, 1090.2 real, 156.2 MB
[runlim] sample:		1065.4 time, 1100.2 real, 156.4 MB
[runlim] sample:		1075.4 time, 1110.2 real, 156.4 MB
[runlim] sample:		1085.4 time, 1120.2 real, 161.6 MB
[runlim] sample:		1095.2 time, 1130.2 real, 162.1 MB
[runlim] sample:		1105.2 time, 1140.2 real, 162.1 MB
[runlim] sample:		1115.2 time, 1150.2 real, 162.3 MB
[runlim] sample:		1125.2 time, 1160.2 real, 162.8 MB
[runlim] sample:		1135.2 time, 1170.2 real, 163.6 MB
[runlim] sample:		1145.2 time, 1180.2 real, 164.1 MB
[runlim] sample:		1154.9 time, 1190.2 real, 164.1 MB
[runlim] sample:		1164.8 time, 1200.2 real, 164.4 MB
[runlim] sample:		1173.7 time, 1210.2 real, 164.6 MB
[runlim] sample:		1182.8 time, 1220.2 real, 165.7 MB
[runlim] sample:		1191.9 time, 1230.2 real, 165.9 MB
[runlim] sample:		1201.6 time, 1240.2 real, 166.2 MB
[runlim] sample:		1211.6 time, 1250.2 real, 166.5 MB
[runlim] sample:		1221.6 time, 1260.2 real, 166.7 MB
[runlim] sample:		1230.8 time, 1270.2 real, 167.7 MB
[runlim] sample:		1240.5 time, 1280.2 real, 167.7 MB
[runlim] sample:		1249.2 time, 1290.2 real, 168.0 MB
[runlim] sample:		1259.0 time, 1300.2 real, 168.3 MB
[runlim] sample:		1268.9 time, 1310.2 real, 168.5 MB
[runlim] sample:		1278.8 time, 1320.2 real, 168.8 MB
[runlim] sample:		1288.7 time, 1330.2 real, 169.8 MB
[runlim] sample:		1298.6 time, 1340.2 real, 170.1 MB
[runlim] sample:		1308.6 time, 1350.2 real, 170.3 MB
[runlim] sample:		1318.5 time, 1360.2 real, 170.6 MB
[runlim] sample:		1328.1 time, 1370.2 real, 170.8 MB
[runlim] sample:		1337.3 time, 1380.2 real, 171.9 MB
[runlim] sample:		1346.4 time, 1390.2 real, 172.6 MB
[runlim] sample:		1355.9 time, 1400.2 real, 172.6 MB
[runlim] sample:		1364.7 time, 1410.2 real, 173.2 MB
[runlim] sample:		1373.7 time, 1420.2 real, 173.2 MB
[runlim] sample:		1383.5 time, 1430.2 real, 173.7 MB
[runlim] sample:		1393.3 time, 1440.2 real, 174.7 MB
[runlim] sample:		1403.0 time, 1450.2 real, 175.0 MB
[runlim] sample:		1412.7 time, 1460.2 real, 175.2 MB
[runlim] sample:		1422.4 time, 1470.2 real, 175.5 MB
[runlim] sample:		1432.2 time, 1480.2 real, 175.7 MB
[runlim] sample:		1441.9 time, 1490.2 real, 176.8 MB
[runlim] sample:		1451.7 time, 1500.2 real, 176.8 MB
[runlim] sample:		1461.7 time, 1510.2 real, 177.0 MB
[runlim] sample:		1471.4 time, 1520.2 real, 177.0 MB
[runlim] sample:		1481.4 time, 1530.2 real, 177.0 MB
[runlim] sample:		1491.4 time, 1540.2 real, 177.3 MB
[runlim] sample:		1501.4 time, 1550.2 real, 178.3 MB
[runlim] sample:		1511.2 time, 1560.2 real, 178.6 MB
[runlim] sample:		1521.2 time, 1570.2 real, 178.6 MB
[runlim] sample:		1530.9 time, 1580.2 real, 178.6 MB
[runlim] sample:		1540.8 time, 1590.2 real, 178.6 MB
[runlim] sample:		1550.6 time, 1600.2 real, 178.8 MB
[runlim] sample:		1560.3 time, 1610.2 real, 179.6 MB
[runlim] sample:		1570.1 time, 1620.2 real, 179.9 MB
[runlim] sample:		1580.1 time, 1630.2 real, 179.9 MB
[runlim] sample:		1589.9 time, 1640.2 real, 180.1 MB
[runlim] sample:		1599.6 time, 1650.2 real, 180.1 MB
[runlim] sample:		1609.2 time, 1660.2 real, 180.1 MB
[runlim] sample:		1619.1 time, 1670.2 real, 181.1 MB
[runlim] sample:		1628.7 time, 1680.2 real, 181.4 MB
[runlim] sample:		1637.6 time, 1690.2 real, 181.4 MB
[runlim] sample:		1647.5 time, 1700.2 real, 181.7 MB
[runlim] sample:		1657.2 time, 1710.2 real, 181.7 MB
[runlim] sample:		1666.9 time, 1720.2 real, 181.7 MB
[runlim] sample:		1676.7 time, 1730.2 real, 182.7 MB
[runlim] sample:		1686.1 time, 1740.2 real, 182.9 MB
[runlim] sample:		1695.9 time, 1750.2 real, 183.2 MB
[runlim] sample:		1705.8 time, 1760.2 real, 183.5 MB
[runlim] sample:		1715.7 time, 1770.2 real, 183.7 MB
[runlim] sample:		1725.7 time, 1780.2 real, 184.0 MB
[runlim] sample:		1735.3 time, 1790.2 real, 184.0 MB
[runlim] sample:		1744.7 time, 1800.2 real, 185.0 MB
[runlim] sample:		1754.7 time, 1810.2 real, 185.3 MB
[runlim] sample:		1764.7 time, 1820.2 real, 185.5 MB
[runlim] sample:		1773.5 time, 1830.2 real, 185.5 MB
[runlim] sample:		1782.9 time, 1840.2 real, 185.5 MB
[runlim] sample:		1792.9 time, 1850.2 real, 185.8 MB
CVC4 interrupted by SIGTERM.
[runlim] end:			Wed Feb  6 07:03:27 2019
[runlim] status:		out of time
[runlim] result:		2
[runlim] children:		0
[runlim] real:			1857.41 seconds
[runlim] time:			1800.08 seconds
[runlim] space:			185.8 MB
[runlim] samples:		18572
