[runlim] version:		1.10fixed
[runlim] time limit:		1800 seconds
[runlim] real time limit:	311040000 seconds
[runlim] space limit:		4000 MB
[runlim] argv[0]:		./cvc4
[runlim] argv[1]:		--nl-ext-tplanes
[runlim] argv[2]:		--full-saturate-quant
[runlim] argv[3]:		--no-e-matching
[runlim] argv[4]:		/tmp/PCZnxoA3.smt2
[runlim] start:			Sat Feb  9 17:22:42 2019
[runlim] main pid:		28252
[runlim] sample:		10.0 time, 10.5 real, 46.1 MB
[runlim] sample:		20.0 time, 20.5 real, 55.3 MB
[runlim] sample:		30.0 time, 30.5 real, 60.7 MB
[runlim] sample:		40.0 time, 40.5 real, 65.9 MB
[runlim] sample:		50.0 time, 50.5 real, 69.5 MB
[runlim] sample:		60.0 time, 60.5 real, 75.0 MB
[runlim] sample:		70.0 time, 70.5 real, 77.6 MB
[runlim] sample:		80.0 time, 80.5 real, 80.4 MB
[runlim] sample:		90.0 time, 90.5 real, 83.5 MB
[runlim] sample:		100.0 time, 100.5 real, 86.4 MB
[runlim] sample:		110.0 time, 110.5 real, 88.9 MB
[runlim] sample:		120.0 time, 120.5 real, 93.4 MB
[runlim] sample:		130.0 time, 130.5 real, 95.5 MB
[runlim] sample:		140.0 time, 140.5 real, 98.1 MB
[runlim] sample:		150.0 time, 150.5 real, 99.1 MB
[runlim] sample:		160.0 time, 160.5 real, 100.9 MB
[runlim] sample:		170.0 time, 170.5 real, 106.5 MB
[runlim] sample:		180.0 time, 180.5 real, 107.3 MB
[runlim] sample:		190.0 time, 190.5 real, 109.9 MB
[runlim] sample:		200.0 time, 200.5 real, 112.2 MB
[runlim] sample:		210.0 time, 210.5 real, 113.2 MB
[runlim] sample:		220.0 time, 220.5 real, 114.2 MB
[runlim] sample:		230.0 time, 230.5 real, 117.1 MB
[runlim] sample:		240.0 time, 240.5 real, 118.9 MB
[runlim] sample:		250.0 time, 250.5 real, 119.1 MB
[runlim] sample:		260.0 time, 260.5 real, 121.5 MB
[runlim] sample:		270.0 time, 270.5 real, 123.5 MB
[runlim] sample:		280.0 time, 280.5 real, 124.8 MB
[runlim] sample:		290.0 time, 290.5 real, 125.3 MB
[runlim] sample:		300.0 time, 300.5 real, 126.4 MB
[runlim] sample:		310.0 time, 310.5 real, 129.7 MB
[runlim] sample:		319.9 time, 320.5 real, 130.7 MB
[runlim] sample:		329.9 time, 330.5 real, 131.0 MB
[runlim] sample:		339.9 time, 340.5 real, 131.5 MB
[runlim] sample:		349.9 time, 350.5 real, 133.8 MB
[runlim] sample:		359.9 time, 360.5 real, 135.9 MB
[runlim] sample:		369.9 time, 370.5 real, 137.2 MB
[runlim] sample:		379.9 time, 380.5 real, 137.4 MB
[runlim] sample:		389.9 time, 390.5 real, 137.7 MB
[runlim] sample:		399.9 time, 400.5 real, 140.5 MB
[runlim] sample:		409.9 time, 410.5 real, 142.1 MB
[runlim] sample:		419.9 time, 420.5 real, 143.6 MB
[runlim] sample:		429.9 time, 430.5 real, 143.9 MB
[runlim] sample:		439.9 time, 440.5 real, 143.9 MB
[runlim] sample:		449.8 time, 450.5 real, 145.6 MB
[runlim] sample:		459.8 time, 460.5 real, 150.1 MB
[runlim] sample:		469.8 time, 470.5 real, 150.6 MB
[runlim] sample:		479.8 time, 480.5 real, 152.4 MB
[runlim] sample:		489.8 time, 490.5 real, 152.4 MB
[runlim] sample:		499.8 time, 500.5 real, 152.7 MB
[runlim] sample:		509.8 time, 510.5 real, 152.9 MB
[runlim] sample:		519.8 time, 520.5 real, 155.8 MB
[runlim] sample:		529.8 time, 530.5 real, 157.6 MB
[runlim] sample:		539.8 time, 540.5 real, 158.3 MB
[runlim] sample:		549.8 time, 550.5 real, 158.9 MB
[runlim] sample:		559.8 time, 560.5 real, 159.1 MB
[runlim] sample:		569.8 time, 570.5 real, 159.1 MB
[runlim] sample:		579.8 time, 580.5 real, 160.9 MB
[runlim] sample:		589.8 time, 590.5 real, 167.0 MB
[runlim] sample:		599.8 time, 600.5 real, 169.3 MB
[runlim] sample:		609.8 time, 610.5 real, 170.3 MB
[runlim] sample:		619.8 time, 620.5 real, 171.4 MB
[runlim] sample:		629.8 time, 630.5 real, 171.6 MB
[runlim] sample:		639.8 time, 640.5 real, 171.6 MB
[runlim] sample:		649.8 time, 650.5 real, 172.6 MB
[runlim] sample:		659.8 time, 660.5 real, 174.7 MB
[runlim] sample:		669.8 time, 670.5 real, 175.7 MB
[runlim] sample:		679.8 time, 680.5 real, 177.0 MB
[runlim] sample:		689.8 time, 690.5 real, 177.8 MB
[runlim] sample:		699.7 time, 700.5 real, 177.8 MB
[runlim] sample:		709.7 time, 710.5 real, 177.8 MB
[runlim] sample:		719.7 time, 720.5 real, 178.0 MB
[runlim] sample:		729.7 time, 730.5 real, 179.3 MB
[runlim] sample:		739.7 time, 740.5 real, 182.4 MB
[runlim] sample:		749.7 time, 750.5 real, 183.2 MB
[runlim] sample:		759.7 time, 760.5 real, 183.5 MB
[runlim] sample:		769.7 time, 770.5 real, 184.2 MB
[runlim] sample:		779.7 time, 780.5 real, 184.2 MB
[runlim] sample:		789.7 time, 790.5 real, 184.2 MB
[runlim] sample:		799.7 time, 800.5 real, 184.5 MB
[runlim] sample:		809.7 time, 810.5 real, 186.5 MB
[runlim] sample:		819.7 time, 820.5 real, 188.6 MB
[runlim] sample:		829.7 time, 830.5 real, 189.6 MB
[runlim] sample:		839.7 time, 840.5 real, 189.6 MB
[runlim] sample:		849.7 time, 850.5 real, 189.6 MB
[runlim] sample:		859.7 time, 860.5 real, 190.7 MB
[runlim] sample:		869.7 time, 870.5 real, 190.7 MB
[runlim] sample:		879.7 time, 880.5 real, 190.7 MB
[runlim] sample:		889.7 time, 890.5 real, 190.9 MB
[runlim] sample:		899.7 time, 900.5 real, 193.0 MB
[runlim] sample:		909.7 time, 910.5 real, 194.8 MB
[runlim] sample:		919.7 time, 920.5 real, 197.9 MB
[runlim] sample:		929.7 time, 930.5 real, 197.9 MB
[runlim] sample:		939.7 time, 940.5 real, 197.9 MB
[runlim] sample:		949.7 time, 950.5 real, 198.4 MB
[runlim] sample:		959.7 time, 960.5 real, 198.7 MB
[runlim] sample:		969.7 time, 970.5 real, 198.9 MB
[runlim] sample:		979.7 time, 980.5 real, 198.9 MB
[runlim] sample:		989.7 time, 990.5 real, 199.2 MB
[runlim] sample:		999.7 time, 1000.5 real, 201.0 MB
[runlim] sample:		1009.7 time, 1010.5 real, 203.0 MB
[runlim] sample:		1019.7 time, 1020.5 real, 203.3 MB
[runlim] sample:		1029.7 time, 1030.5 real, 203.8 MB
[runlim] sample:		1039.7 time, 1040.5 real, 205.1 MB
[runlim] sample:		1049.7 time, 1050.5 real, 205.9 MB
[runlim] sample:		1059.7 time, 1060.5 real, 205.9 MB
[runlim] sample:		1069.7 time, 1070.5 real, 205.9 MB
[runlim] sample:		1079.7 time, 1080.5 real, 206.1 MB
[runlim] sample:		1089.7 time, 1090.5 real, 206.1 MB
[runlim] sample:		1099.7 time, 1100.5 real, 208.2 MB
[runlim] sample:		1109.7 time, 1110.5 real, 210.5 MB
[runlim] sample:		1119.7 time, 1120.5 real, 210.8 MB
[runlim] sample:		1129.7 time, 1130.5 real, 210.8 MB
[runlim] sample:		1139.7 time, 1140.5 real, 211.8 MB
[runlim] sample:		1149.7 time, 1150.5 real, 213.4 MB
[runlim] sample:		1159.7 time, 1160.5 real, 213.4 MB
[runlim] sample:		1169.7 time, 1170.5 real, 213.4 MB
[runlim] sample:		1179.7 time, 1180.5 real, 213.6 MB
[runlim] sample:		1189.7 time, 1190.5 real, 213.6 MB
[runlim] sample:		1199.7 time, 1200.5 real, 213.6 MB
[runlim] sample:		1209.7 time, 1210.5 real, 215.9 MB
[runlim] sample:		1219.7 time, 1220.5 real, 219.5 MB
[runlim] sample:		1229.7 time, 1230.5 real, 219.5 MB
[runlim] sample:		1239.7 time, 1240.5 real, 220.1 MB
[runlim] sample:		1249.7 time, 1250.5 real, 220.1 MB
[runlim] sample:		1259.7 time, 1260.5 real, 220.1 MB
[runlim] sample:		1269.7 time, 1270.5 real, 221.1 MB
[runlim] sample:		1279.7 time, 1280.5 real, 221.1 MB
[runlim] sample:		1289.7 time, 1290.5 real, 221.2 MB
[runlim] sample:		1299.6 time, 1300.5 real, 222.2 MB
[runlim] sample:		1309.6 time, 1310.5 real, 222.2 MB
[runlim] sample:		1319.6 time, 1320.5 real, 223.0 MB
[runlim] sample:		1329.6 time, 1330.5 real, 223.8 MB
[runlim] sample:		1339.7 time, 1340.5 real, 226.1 MB
[runlim] sample:		1349.6 time, 1350.5 real, 226.4 MB
[runlim] sample:		1359.6 time, 1360.5 real, 226.6 MB
[runlim] sample:		1369.6 time, 1370.5 real, 226.6 MB
[runlim] sample:		1379.6 time, 1380.5 real, 227.4 MB
[runlim] sample:		1389.6 time, 1390.5 real, 228.4 MB
[runlim] sample:		1399.6 time, 1400.5 real, 228.4 MB
[runlim] sample:		1409.6 time, 1410.5 real, 228.7 MB
[runlim] sample:		1419.6 time, 1420.5 real, 228.7 MB
[runlim] sample:		1429.6 time, 1430.5 real, 228.7 MB
[runlim] sample:		1439.6 time, 1440.5 real, 229.5 MB
[runlim] sample:		1449.6 time, 1450.5 real, 231.5 MB
[runlim] sample:		1459.6 time, 1460.5 real, 233.6 MB
[runlim] sample:		1469.6 time, 1470.5 real, 233.6 MB
[runlim] sample:		1479.6 time, 1480.5 real, 233.6 MB
[runlim] sample:		1489.6 time, 1490.5 real, 234.1 MB
[runlim] sample:		1499.6 time, 1500.5 real, 234.4 MB
[runlim] sample:		1509.6 time, 1510.5 real, 234.6 MB
[runlim] sample:		1519.6 time, 1520.5 real, 235.6 MB
[runlim] sample:		1529.6 time, 1530.5 real, 235.6 MB
[runlim] sample:		1539.6 time, 1540.5 real, 235.9 MB
[runlim] sample:		1549.6 time, 1550.5 real, 235.9 MB
[runlim] sample:		1559.6 time, 1560.5 real, 235.9 MB
[runlim] sample:		1569.6 time, 1570.5 real, 236.2 MB
[runlim] sample:		1579.6 time, 1580.5 real, 239.0 MB
[runlim] sample:		1589.6 time, 1590.5 real, 240.3 MB
[runlim] sample:		1599.6 time, 1600.5 real, 240.5 MB
[runlim] sample:		1609.6 time, 1610.5 real, 240.5 MB
[runlim] sample:		1619.6 time, 1620.5 real, 240.8 MB
[runlim] sample:		1629.6 time, 1630.5 real, 241.1 MB
[runlim] sample:		1639.6 time, 1640.5 real, 241.6 MB
[runlim] sample:		1649.6 time, 1650.5 real, 242.6 MB
[runlim] sample:		1659.6 time, 1660.5 real, 242.6 MB
[runlim] sample:		1669.6 time, 1670.5 real, 242.6 MB
[runlim] sample:		1679.6 time, 1680.5 real, 242.6 MB
[runlim] sample:		1689.6 time, 1690.5 real, 242.9 MB
[runlim] sample:		1699.6 time, 1700.5 real, 242.9 MB
[runlim] sample:		1709.6 time, 1710.5 real, 242.9 MB
[runlim] sample:		1719.6 time, 1720.5 real, 242.9 MB
[runlim] sample:		1729.6 time, 1730.5 real, 246.2 MB
[runlim] sample:		1739.6 time, 1740.5 real, 252.8 MB
[runlim] sample:		1749.6 time, 1750.5 real, 252.8 MB
[runlim] sample:		1759.6 time, 1760.5 real, 252.8 MB
[runlim] sample:		1769.6 time, 1770.5 real, 252.8 MB
[runlim] sample:		1779.6 time, 1780.5 real, 252.8 MB
[runlim] sample:		1789.6 time, 1790.5 real, 252.8 MB
[runlim] sample:		1799.6 time, 1800.5 real, 252.8 MB
CVC4 interrupted by SIGTERM.
[runlim] end:			Sat Feb  9 17:52:43 2019
[runlim] status:		out of time
[runlim] result:		2
[runlim] children:		0
[runlim] real:			1801.04 seconds
[runlim] time:			1800.08 seconds
[runlim] space:			252.8 MB
[runlim] samples:		18005
