[runlim] version:		1.10fixed
[runlim] time limit:		1800 seconds
[runlim] real time limit:	311040000 seconds
[runlim] space limit:		4000 MB
[runlim] argv[0]:		./cvc4
[runlim] argv[1]:		--nl-ext-tplanes
[runlim] argv[2]:		--full-saturate-quant
[runlim] argv[3]:		--no-e-matching
[runlim] argv[4]:		/tmp/ELgw6YvD.smt2
[runlim] start:			Sat Feb  9 17:23:12 2019
[runlim] main pid:		29195
[runlim] sample:		9.3 time, 10.0 real, 41.9 MB
[runlim] sample:		18.7 time, 20.0 real, 49.7 MB
[runlim] sample:		28.4 time, 30.0 real, 55.3 MB
[runlim] sample:		37.9 time, 40.0 real, 59.2 MB
[runlim] sample:		47.3 time, 50.0 real, 63.5 MB
[runlim] sample:		56.6 time, 60.0 real, 66.8 MB
[runlim] sample:		66.0 time, 70.0 real, 69.4 MB
[runlim] sample:		75.3 time, 80.0 real, 72.2 MB
[runlim] sample:		84.7 time, 90.0 real, 74.3 MB
[runlim] sample:		94.0 time, 100.0 real, 76.4 MB
[runlim] sample:		103.8 time, 110.0 real, 78.2 MB
[runlim] sample:		113.8 time, 120.0 real, 80.2 MB
[runlim] sample:		123.8 time, 130.0 real, 82.6 MB
[runlim] sample:		133.3 time, 140.0 real, 85.2 MB
[runlim] sample:		142.7 time, 150.0 real, 86.2 MB
[runlim] sample:		152.0 time, 160.0 real, 87.7 MB
[runlim] sample:		161.7 time, 170.0 real, 89.3 MB
[runlim] sample:		171.7 time, 180.0 real, 91.1 MB
[runlim] sample:		181.7 time, 190.0 real, 92.4 MB
[runlim] sample:		191.7 time, 200.0 real, 95.8 MB
[runlim] sample:		201.7 time, 210.0 real, 97.1 MB
[runlim] sample:		211.7 time, 220.0 real, 98.3 MB
[runlim] sample:		221.3 time, 230.0 real, 99.4 MB
[runlim] sample:		230.7 time, 240.0 real, 100.7 MB
[runlim] sample:		240.1 time, 250.0 real, 101.4 MB
[runlim] sample:		249.9 time, 260.0 real, 102.5 MB
[runlim] sample:		259.9 time, 270.0 real, 103.8 MB
[runlim] sample:		269.9 time, 280.0 real, 104.5 MB
[runlim] sample:		279.9 time, 290.0 real, 105.8 MB
[runlim] sample:		289.8 time, 300.0 real, 107.1 MB
[runlim] sample:		299.8 time, 310.0 real, 108.4 MB
[runlim] sample:		309.7 time, 320.0 real, 109.2 MB
[runlim] sample:		319.7 time, 330.0 real, 110.4 MB
[runlim] sample:		329.7 time, 340.0 real, 111.2 MB
[runlim] sample:		339.7 time, 350.0 real, 112.3 MB
[runlim] sample:		349.5 time, 360.0 real, 113.3 MB
[runlim] sample:		359.5 time, 370.0 real, 114.3 MB
[runlim] sample:		367.9 time, 380.0 real, 114.6 MB
[runlim] sample:		376.4 time, 390.0 real, 115.6 MB
[runlim] sample:		385.8 time, 400.0 real, 116.4 MB
[runlim] sample:		395.2 time, 410.0 real, 117.1 MB
[runlim] sample:		404.8 time, 420.0 real, 118.7 MB
[runlim] sample:		413.1 time, 430.0 real, 119.0 MB
[runlim] sample:		422.3 time, 440.0 real, 119.2 MB
[runlim] sample:		432.3 time, 450.0 real, 121.3 MB
[runlim] sample:		442.3 time, 460.0 real, 122.0 MB
[runlim] sample:		452.3 time, 470.0 real, 122.3 MB
[runlim] sample:		462.3 time, 480.0 real, 123.1 MB
[runlim] sample:		472.3 time, 490.0 real, 123.9 MB
[runlim] sample:		482.3 time, 500.0 real, 124.6 MB
[runlim] sample:		492.3 time, 510.0 real, 125.1 MB
[runlim] sample:		502.3 time, 520.0 real, 125.7 MB
[runlim] sample:		512.3 time, 530.0 real, 126.4 MB
[runlim] sample:		522.1 time, 540.0 real, 126.7 MB
[runlim] sample:		531.4 time, 550.0 real, 127.5 MB
[runlim] sample:		540.8 time, 560.0 real, 128.0 MB
[runlim] sample:		550.1 time, 570.0 real, 128.2 MB
[runlim] sample:		559.5 time, 580.0 real, 128.5 MB
[runlim] sample:		568.8 time, 590.0 real, 129.8 MB
[runlim] sample:		578.2 time, 600.0 real, 130.0 MB
[runlim] sample:		587.5 time, 610.0 real, 130.3 MB
[runlim] sample:		596.9 time, 620.0 real, 131.3 MB
[runlim] sample:		606.2 time, 630.0 real, 131.8 MB
[runlim] sample:		615.6 time, 640.0 real, 132.1 MB
[runlim] sample:		624.9 time, 650.0 real, 133.1 MB
[runlim] sample:		634.3 time, 660.0 real, 133.6 MB
[runlim] sample:		644.3 time, 670.0 real, 134.2 MB
[runlim] sample:		654.3 time, 680.0 real, 134.7 MB
[runlim] sample:		664.2 time, 690.0 real, 135.7 MB
[runlim] sample:		673.5 time, 700.0 real, 136.0 MB
[runlim] sample:		682.9 time, 710.0 real, 136.5 MB
[runlim] sample:		692.2 time, 720.0 real, 139.5 MB
[runlim] sample:		701.6 time, 730.0 real, 139.8 MB
[runlim] sample:		710.9 time, 740.0 real, 140.3 MB
[runlim] sample:		720.5 time, 750.0 real, 140.8 MB
[runlim] sample:		729.9 time, 760.0 real, 141.8 MB
[runlim] sample:		739.2 time, 770.0 real, 142.3 MB
[runlim] sample:		748.6 time, 780.0 real, 142.6 MB
[runlim] sample:		758.3 time, 790.0 real, 143.1 MB
[runlim] sample:		768.3 time, 800.0 real, 144.2 MB
[runlim] sample:		778.3 time, 810.0 real, 144.2 MB
[runlim] sample:		788.3 time, 820.0 real, 144.4 MB
[runlim] sample:		798.3 time, 830.0 real, 145.4 MB
[runlim] sample:		808.3 time, 840.0 real, 146.5 MB
[runlim] sample:		818.1 time, 850.0 real, 146.7 MB
[runlim] sample:		827.5 time, 860.0 real, 147.0 MB
[runlim] sample:		836.9 time, 870.0 real, 147.2 MB
[runlim] sample:		846.2 time, 880.0 real, 148.3 MB
[runlim] sample:		855.6 time, 890.0 real, 148.3 MB
[runlim] sample:		865.1 time, 900.0 real, 148.8 MB
[runlim] sample:		875.1 time, 910.0 real, 148.8 MB
[runlim] sample:		885.1 time, 920.0 real, 149.8 MB
[runlim] sample:		895.1 time, 930.0 real, 150.1 MB
[runlim] sample:		904.8 time, 940.0 real, 150.6 MB
[runlim] sample:		914.2 time, 950.0 real, 152.7 MB
[runlim] sample:		923.5 time, 960.0 real, 152.9 MB
[runlim] sample:		932.9 time, 970.0 real, 153.2 MB
[runlim] sample:		942.2 time, 980.0 real, 153.2 MB
[runlim] sample:		951.5 time, 990.0 real, 153.4 MB
[runlim] sample:		960.9 time, 1000.0 real, 153.4 MB
[runlim] sample:		970.2 time, 1010.0 real, 154.5 MB
[runlim] sample:		979.8 time, 1020.0 real, 154.7 MB
[runlim] sample:		989.8 time, 1030.0 real, 155.0 MB
[runlim] sample:		999.8 time, 1040.0 real, 155.2 MB
[runlim] sample:		1009.8 time, 1050.0 real, 156.0 MB
[runlim] sample:		1019.8 time, 1060.0 real, 156.3 MB
[runlim] sample:		1029.2 time, 1070.0 real, 156.5 MB
[runlim] sample:		1038.5 time, 1080.0 real, 156.8 MB
[runlim] sample:		1047.8 time, 1090.0 real, 157.0 MB
[runlim] sample:		1057.2 time, 1100.0 real, 161.8 MB
[runlim] sample:		1066.5 time, 1110.0 real, 162.4 MB
[runlim] sample:		1075.9 time, 1120.0 real, 162.4 MB
[runlim] sample:		1085.2 time, 1130.0 real, 163.1 MB
[runlim] sample:		1094.6 time, 1140.0 real, 163.1 MB
[runlim] sample:		1103.9 time, 1150.0 real, 164.2 MB
[runlim] sample:		1113.6 time, 1160.0 real, 164.4 MB
[runlim] sample:		1122.7 time, 1170.0 real, 164.7 MB
[runlim] sample:		1131.4 time, 1180.0 real, 164.9 MB
[runlim] sample:		1141.0 time, 1190.0 real, 165.2 MB
[runlim] sample:		1150.1 time, 1200.0 real, 166.0 MB
[runlim] sample:		1159.6 time, 1210.0 real, 166.2 MB
[runlim] sample:		1168.6 time, 1220.0 real, 166.5 MB
[runlim] sample:		1177.4 time, 1230.0 real, 166.7 MB
[runlim] sample:		1186.8 time, 1240.0 real, 167.0 MB
[runlim] sample:		1196.4 time, 1250.0 real, 167.3 MB
[runlim] sample:		1205.6 time, 1260.0 real, 168.3 MB
[runlim] sample:		1214.9 time, 1270.0 real, 168.5 MB
[runlim] sample:		1224.9 time, 1280.0 real, 168.8 MB
[runlim] sample:		1234.9 time, 1290.0 real, 168.8 MB
[runlim] sample:		1244.9 time, 1300.0 real, 169.3 MB
[runlim] sample:		1254.8 time, 1310.0 real, 170.3 MB
[runlim] sample:		1264.0 time, 1320.0 real, 170.6 MB
[runlim] sample:		1273.7 time, 1330.0 real, 170.6 MB
[runlim] sample:		1282.2 time, 1340.0 real, 170.9 MB
[runlim] sample:		1290.5 time, 1350.0 real, 171.1 MB
[runlim] sample:		1299.5 time, 1360.0 real, 172.4 MB
[runlim] sample:		1309.0 time, 1370.0 real, 172.7 MB
[runlim] sample:		1318.0 time, 1380.0 real, 173.2 MB
[runlim] sample:		1327.7 time, 1390.0 real, 173.2 MB
[runlim] sample:		1336.5 time, 1400.0 real, 173.4 MB
[runlim] sample:		1345.8 time, 1410.0 real, 173.7 MB
[runlim] sample:		1355.0 time, 1420.0 real, 174.7 MB
[runlim] sample:		1363.6 time, 1430.0 real, 175.0 MB
[runlim] sample:		1373.2 time, 1440.0 real, 175.0 MB
[runlim] sample:		1382.3 time, 1450.0 real, 175.5 MB
[runlim] sample:		1390.9 time, 1460.0 real, 175.5 MB
[runlim] sample:		1399.0 time, 1470.0 real, 175.8 MB
[runlim] sample:		1407.8 time, 1480.0 real, 176.3 MB
[runlim] sample:		1417.8 time, 1490.0 real, 176.5 MB
[runlim] sample:		1427.3 time, 1500.0 real, 176.8 MB
[runlim] sample:		1436.9 time, 1510.0 real, 177.0 MB
[runlim] sample:		1446.9 time, 1520.0 real, 177.3 MB
[runlim] sample:		1456.9 time, 1530.0 real, 177.3 MB
[runlim] sample:		1466.2 time, 1540.0 real, 178.1 MB
[runlim] sample:		1476.2 time, 1550.0 real, 178.3 MB
[runlim] sample:		1486.2 time, 1560.0 real, 178.3 MB
[runlim] sample:		1496.2 time, 1570.0 real, 178.6 MB
[runlim] sample:		1506.2 time, 1580.0 real, 178.6 MB
[runlim] sample:		1516.2 time, 1590.0 real, 178.6 MB
[runlim] sample:		1526.0 time, 1600.0 real, 179.6 MB
[runlim] sample:		1534.3 time, 1610.0 real, 179.9 MB
[runlim] sample:		1542.7 time, 1620.0 real, 179.9 MB
[runlim] sample:		1551.1 time, 1630.0 real, 180.1 MB
[runlim] sample:		1560.6 time, 1640.0 real, 180.1 MB
[runlim] sample:		1570.2 time, 1650.0 real, 180.1 MB
[runlim] sample:		1579.7 time, 1660.0 real, 180.4 MB
[runlim] sample:		1589.7 time, 1670.0 real, 181.2 MB
[runlim] sample:		1599.7 time, 1680.0 real, 181.4 MB
[runlim] sample:		1609.6 time, 1690.0 real, 181.7 MB
[runlim] sample:		1619.4 time, 1700.0 real, 181.7 MB
[runlim] sample:		1629.2 time, 1710.0 real, 181.7 MB
[runlim] sample:		1639.2 time, 1720.0 real, 181.9 MB
[runlim] sample:		1649.2 time, 1730.0 real, 182.7 MB
[runlim] sample:		1658.9 time, 1740.0 real, 183.2 MB
[runlim] sample:		1668.7 time, 1750.0 real, 183.5 MB
[runlim] sample:		1678.7 time, 1760.0 real, 183.5 MB
[runlim] sample:		1688.7 time, 1770.0 real, 184.0 MB
[runlim] sample:		1698.6 time, 1780.0 real, 184.0 MB
[runlim] sample:		1708.3 time, 1790.0 real, 184.0 MB
[runlim] sample:		1718.0 time, 1800.0 real, 185.3 MB
[runlim] sample:		1727.9 time, 1810.0 real, 185.3 MB
[runlim] sample:		1737.9 time, 1820.0 real, 185.6 MB
[runlim] sample:		1747.9 time, 1830.0 real, 185.6 MB
[runlim] sample:		1757.9 time, 1840.0 real, 185.8 MB
[runlim] sample:		1767.9 time, 1850.0 real, 185.8 MB
[runlim] sample:		1777.9 time, 1860.0 real, 186.8 MB
[runlim] sample:		1787.9 time, 1870.0 real, 187.4 MB
[runlim] sample:		1797.7 time, 1880.0 real, 187.4 MB
CVC4 interrupted by SIGTERM.
[runlim] end:			Sat Feb  9 17:54:34 2019
[runlim] status:		out of time
[runlim] result:		2
[runlim] children:		0
[runlim] real:			1882.43 seconds
[runlim] time:			1800.08 seconds
[runlim] space:			187.4 MB
[runlim] samples:		18824
