[runlim] version:		1.10fixed
[runlim] time limit:		1800 seconds
[runlim] real time limit:	311040000 seconds
[runlim] space limit:		4000 MB
[runlim] argv[0]:		./cvc4
[runlim] argv[1]:		--nl-ext-tplanes
[runlim] argv[2]:		--full-saturate-quant
[runlim] argv[3]:		--no-e-matching
[runlim] argv[4]:		/tmp/eQmwsa1R.smt2
[runlim] start:			Sat Feb  9 01:33:53 2019
[runlim] main pid:		2906
[runlim] sample:		8.0 time, 10.6 real, 42.2 MB
[runlim] sample:		16.9 time, 20.6 real, 48.9 MB
[runlim] sample:		26.8 time, 30.6 real, 54.5 MB
[runlim] sample:		35.6 time, 40.6 real, 59.1 MB
[runlim] sample:		45.3 time, 50.6 real, 63.2 MB
[runlim] sample:		54.1 time, 60.6 real, 66.3 MB
[runlim] sample:		63.0 time, 70.6 real, 68.9 MB
[runlim] sample:		73.0 time, 80.6 real, 71.5 MB
[runlim] sample:		82.7 time, 90.6 real, 73.8 MB
[runlim] sample:		90.5 time, 100.6 real, 75.3 MB
[runlim] sample:		100.5 time, 110.6 real, 78.4 MB
[runlim] sample:		110.5 time, 120.6 real, 80.2 MB
[runlim] sample:		120.5 time, 130.6 real, 83.1 MB
[runlim] sample:		130.5 time, 140.6 real, 84.6 MB
[runlim] sample:		140.5 time, 150.6 real, 86.2 MB
[runlim] sample:		150.5 time, 160.6 real, 87.7 MB
[runlim] sample:		160.5 time, 170.6 real, 90.8 MB
[runlim] sample:		170.5 time, 180.6 real, 92.9 MB
[runlim] sample:		180.2 time, 190.6 real, 93.9 MB
[runlim] sample:		189.9 time, 200.6 real, 95.4 MB
[runlim] sample:		199.6 time, 210.6 real, 96.7 MB
[runlim] sample:		209.2 time, 220.6 real, 97.8 MB
[runlim] sample:		218.9 time, 230.6 real, 99.3 MB
[runlim] sample:		228.6 time, 240.6 real, 100.1 MB
[runlim] sample:		238.2 time, 250.6 real, 101.1 MB
[runlim] sample:		247.9 time, 260.6 real, 102.1 MB
[runlim] sample:		257.7 time, 270.6 real, 103.2 MB
[runlim] sample:		267.5 time, 280.6 real, 105.0 MB
[runlim] sample:		276.9 time, 290.6 real, 106.3 MB
[runlim] sample:		286.9 time, 300.6 real, 107.3 MB
[runlim] sample:		296.9 time, 310.6 real, 108.1 MB
[runlim] sample:		306.9 time, 320.6 real, 109.4 MB
[runlim] sample:		316.9 time, 330.6 real, 110.4 MB
[runlim] sample:		326.9 time, 340.6 real, 111.2 MB
[runlim] sample:		336.9 time, 350.6 real, 112.2 MB
[runlim] sample:		346.9 time, 360.6 real, 113.7 MB
[runlim] sample:		356.9 time, 370.6 real, 114.3 MB
[runlim] sample:		366.6 time, 380.6 real, 115.8 MB
[runlim] sample:		374.2 time, 390.6 real, 116.3 MB
[runlim] sample:		383.9 time, 400.6 real, 117.1 MB
[runlim] sample:		392.5 time, 410.6 real, 117.3 MB
[runlim] sample:		402.5 time, 420.6 real, 118.4 MB
[runlim] sample:		412.5 time, 430.6 real, 119.1 MB
[runlim] sample:		422.5 time, 440.6 real, 120.2 MB
[runlim] sample:		432.5 time, 450.6 real, 120.9 MB
[runlim] sample:		442.5 time, 460.6 real, 121.2 MB
[runlim] sample:		452.5 time, 470.6 real, 122.5 MB
[runlim] sample:		462.5 time, 480.6 real, 123.3 MB
[runlim] sample:		471.0 time, 490.6 real, 123.8 MB
[runlim] sample:		478.7 time, 500.6 real, 124.0 MB
[runlim] sample:		487.6 time, 510.6 real, 124.8 MB
[runlim] sample:		496.4 time, 520.6 real, 125.6 MB
[runlim] sample:		505.9 time, 530.6 real, 125.6 MB
[runlim] sample:		515.9 time, 540.6 real, 126.6 MB
[runlim] sample:		525.9 time, 550.6 real, 127.6 MB
[runlim] sample:		535.9 time, 560.6 real, 128.7 MB
[runlim] sample:		543.8 time, 570.6 real, 128.7 MB
[runlim] sample:		551.5 time, 580.6 real, 129.7 MB
[runlim] sample:		561.1 time, 590.6 real, 129.7 MB
[runlim] sample:		569.0 time, 600.6 real, 132.9 MB
[runlim] sample:		577.9 time, 610.6 real, 133.9 MB
[runlim] sample:		587.9 time, 620.6 real, 133.9 MB
[runlim] sample:		597.9 time, 630.6 real, 135.2 MB
[runlim] sample:		607.9 time, 640.6 real, 136.2 MB
[runlim] sample:		617.8 time, 650.6 real, 136.2 MB
[runlim] sample:		626.5 time, 660.6 real, 137.5 MB
[runlim] sample:		636.5 time, 670.6 real, 138.0 MB
[runlim] sample:		646.5 time, 680.6 real, 138.5 MB
[runlim] sample:		656.5 time, 690.6 real, 139.8 MB
[runlim] sample:		666.5 time, 700.6 real, 140.1 MB
[runlim] sample:		676.4 time, 710.6 real, 140.3 MB
[runlim] sample:		686.4 time, 720.6 real, 141.1 MB
[runlim] sample:		696.4 time, 730.6 real, 141.1 MB
[runlim] sample:		706.4 time, 740.6 real, 141.9 MB
[runlim] sample:		716.4 time, 750.6 real, 142.7 MB
[runlim] sample:		726.4 time, 760.6 real, 142.7 MB
[runlim] sample:		736.4 time, 770.6 real, 143.4 MB
[runlim] sample:		746.0 time, 780.6 real, 143.4 MB
[runlim] sample:		754.0 time, 790.6 real, 144.0 MB
[runlim] sample:		764.0 time, 800.6 real, 144.0 MB
[runlim] sample:		774.0 time, 810.6 real, 144.7 MB
[runlim] sample:		784.0 time, 820.6 real, 145.8 MB
[runlim] sample:		793.2 time, 830.6 real, 146.3 MB
[runlim] sample:		803.2 time, 840.6 real, 147.3 MB
[runlim] sample:		813.2 time, 850.6 real, 147.6 MB
[runlim] sample:		823.2 time, 860.6 real, 152.6 MB
[runlim] sample:		833.2 time, 870.6 real, 152.8 MB
[runlim] sample:		843.2 time, 880.6 real, 153.9 MB
[runlim] sample:		850.5 time, 890.6 real, 153.9 MB
[runlim] sample:		859.6 time, 900.6 real, 154.6 MB
[runlim] sample:		866.9 time, 910.6 real, 154.9 MB
[runlim] sample:		874.2 time, 920.6 real, 154.9 MB
[runlim] sample:		881.5 time, 930.6 real, 155.7 MB
[runlim] sample:		890.0 time, 940.6 real, 155.9 MB
[runlim] sample:		899.6 time, 950.6 real, 157.0 MB
[runlim] sample:		909.3 time, 960.6 real, 157.2 MB
[runlim] sample:		918.9 time, 970.6 real, 158.2 MB
[runlim] sample:		928.6 time, 980.6 real, 158.5 MB
[runlim] sample:		937.9 time, 990.6 real, 160.3 MB
[runlim] sample:		947.1 time, 1000.6 real, 160.6 MB
[runlim] sample:		955.9 time, 1010.6 real, 160.6 MB
[runlim] sample:		964.4 time, 1020.6 real, 161.6 MB
[runlim] sample:		973.8 time, 1030.6 real, 161.6 MB
[runlim] sample:		983.1 time, 1040.6 real, 162.9 MB
[runlim] sample:		992.8 time, 1050.6 real, 162.9 MB
[runlim] sample:		1000.9 time, 1060.6 real, 162.9 MB
[runlim] sample:		1010.9 time, 1070.6 real, 164.2 MB
[runlim] sample:		1019.6 time, 1080.6 real, 164.2 MB
[runlim] sample:		1027.9 time, 1090.6 real, 165.2 MB
[runlim] sample:		1037.5 time, 1100.6 real, 165.2 MB
[runlim] sample:		1046.0 time, 1110.6 real, 165.5 MB
[runlim] sample:		1055.8 time, 1120.6 real, 165.7 MB
[runlim] sample:		1065.4 time, 1130.6 real, 166.0 MB
[runlim] sample:		1074.9 time, 1140.6 real, 166.5 MB
[runlim] sample:		1084.8 time, 1150.6 real, 166.5 MB
[runlim] sample:		1094.6 time, 1160.6 real, 167.0 MB
[runlim] sample:		1104.5 time, 1170.6 real, 167.0 MB
[runlim] sample:		1114.3 time, 1180.6 real, 167.0 MB
[runlim] sample:		1124.0 time, 1190.6 real, 167.5 MB
[runlim] sample:		1133.9 time, 1200.6 real, 167.8 MB
[runlim] sample:		1143.9 time, 1210.6 real, 168.3 MB
[runlim] sample:		1153.9 time, 1220.6 real, 168.3 MB
[runlim] sample:		1163.9 time, 1230.6 real, 168.6 MB
[runlim] sample:		1173.9 time, 1240.6 real, 168.8 MB
[runlim] sample:		1183.9 time, 1250.6 real, 169.1 MB
[runlim] sample:		1193.7 time, 1260.6 real, 170.1 MB
[runlim] sample:		1203.4 time, 1270.6 real, 170.4 MB
[runlim] sample:		1213.3 time, 1280.6 real, 170.9 MB
[runlim] sample:		1223.3 time, 1290.6 real, 170.9 MB
[runlim] sample:		1233.3 time, 1300.6 real, 172.4 MB
[runlim] sample:		1243.3 time, 1310.6 real, 172.9 MB
[runlim] sample:		1253.1 time, 1320.6 real, 172.9 MB
[runlim] sample:		1262.8 time, 1330.6 real, 174.0 MB
[runlim] sample:		1272.6 time, 1340.6 real, 174.0 MB
[runlim] sample:		1282.3 time, 1350.6 real, 175.0 MB
[runlim] sample:		1291.8 time, 1360.6 real, 175.0 MB
[runlim] sample:		1300.8 time, 1370.6 real, 175.0 MB
[runlim] sample:		1310.8 time, 1380.6 real, 175.8 MB
[runlim] sample:		1320.8 time, 1390.6 real, 176.0 MB
[runlim] sample:		1330.8 time, 1400.6 real, 176.0 MB
[runlim] sample:		1340.1 time, 1410.6 real, 177.1 MB
[runlim] sample:		1350.0 time, 1420.6 real, 177.1 MB
[runlim] sample:		1360.0 time, 1430.6 real, 178.1 MB
[runlim] sample:		1370.0 time, 1440.6 real, 178.1 MB
[runlim] sample:		1380.0 time, 1450.6 real, 178.1 MB
[runlim] sample:		1389.6 time, 1460.6 real, 179.1 MB
[runlim] sample:		1398.7 time, 1470.6 real, 179.4 MB
[runlim] sample:		1407.2 time, 1480.6 real, 179.4 MB
[runlim] sample:		1416.8 time, 1490.6 real, 180.4 MB
[runlim] sample:		1426.0 time, 1500.6 real, 180.4 MB
[runlim] sample:		1436.0 time, 1510.6 real, 180.4 MB
[runlim] sample:		1446.0 time, 1520.6 real, 180.9 MB
[runlim] sample:		1455.3 time, 1530.6 real, 181.2 MB
[runlim] sample:		1464.7 time, 1540.6 real, 181.2 MB
[runlim] sample:		1474.1 time, 1550.6 real, 182.2 MB
[runlim] sample:		1483.5 time, 1560.6 real, 182.2 MB
[runlim] sample:		1492.8 time, 1570.6 real, 182.2 MB
[runlim] sample:		1502.8 time, 1580.6 real, 183.2 MB
[runlim] sample:		1512.8 time, 1590.6 real, 183.5 MB
[runlim] sample:		1522.8 time, 1600.6 real, 183.5 MB
[runlim] sample:		1532.8 time, 1610.6 real, 184.0 MB
[runlim] sample:		1542.8 time, 1620.6 real, 184.0 MB
[runlim] sample:		1552.8 time, 1630.6 real, 184.0 MB
[runlim] sample:		1562.8 time, 1640.6 real, 184.3 MB
[runlim] sample:		1572.8 time, 1650.6 real, 184.3 MB
[runlim] sample:		1582.8 time, 1660.6 real, 184.3 MB
[runlim] sample:		1592.8 time, 1670.6 real, 185.3 MB
[runlim] sample:		1602.8 time, 1680.6 real, 185.3 MB
[runlim] sample:		1612.7 time, 1690.6 real, 185.3 MB
[runlim] sample:		1622.1 time, 1700.6 real, 185.8 MB
[runlim] sample:		1631.2 time, 1710.6 real, 185.8 MB
[runlim] sample:		1639.7 time, 1720.6 real, 185.8 MB
[runlim] sample:		1649.3 time, 1730.6 real, 187.1 MB
[runlim] sample:		1657.6 time, 1740.6 real, 187.1 MB
[runlim] sample:		1666.6 time, 1750.6 real, 187.1 MB
[runlim] sample:		1676.6 time, 1760.6 real, 187.9 MB
[runlim] sample:		1686.6 time, 1770.6 real, 187.9 MB
[runlim] sample:		1696.6 time, 1780.6 real, 187.9 MB
[runlim] sample:		1706.6 time, 1790.6 real, 189.4 MB
[runlim] sample:		1716.6 time, 1800.6 real, 189.4 MB
[runlim] sample:		1726.6 time, 1810.6 real, 189.4 MB
[runlim] sample:		1736.6 time, 1820.6 real, 189.4 MB
[runlim] sample:		1746.6 time, 1830.6 real, 190.5 MB
[runlim] sample:		1756.3 time, 1840.6 real, 190.5 MB
[runlim] sample:		1765.7 time, 1850.6 real, 190.5 MB
[runlim] end:			Sat Feb  9 02:04:51 2019
[runlim] status:		signal(9)
[runlim] result:		11
[runlim] children:		0
[runlim] real:			1858.15 seconds
[runlim] time:			1772.66 seconds
[runlim] space:			191.2 MB
[runlim] samples:		18575
