[runlim] version:		1.10fixed
[runlim] time limit:		1800 seconds
[runlim] real time limit:	311040000 seconds
[runlim] space limit:		4000 MB
[runlim] argv[0]:		./cvc4
[runlim] argv[1]:		--nl-ext-tplanes
[runlim] argv[2]:		--full-saturate-quant
[runlim] argv[3]:		--no-e-matching
[runlim] argv[4]:		/tmp/3AyA2Sil.smt2
[runlim] start:			Sat Feb  9 17:22:42 2019
[runlim] main pid:		28424
[runlim] sample:		10.0 time, 10.8 real, 44.3 MB
[runlim] sample:		20.0 time, 20.8 real, 50.7 MB
[runlim] sample:		30.0 time, 30.8 real, 56.0 MB
[runlim] sample:		40.0 time, 40.8 real, 61.0 MB
[runlim] sample:		50.0 time, 50.8 real, 64.6 MB
[runlim] sample:		60.0 time, 60.8 real, 67.9 MB
[runlim] sample:		70.0 time, 70.8 real, 70.7 MB
[runlim] sample:		80.0 time, 80.8 real, 72.5 MB
[runlim] sample:		90.0 time, 90.8 real, 74.9 MB
[runlim] sample:		100.0 time, 100.8 real, 77.4 MB
[runlim] sample:		110.0 time, 110.8 real, 79.0 MB
[runlim] sample:		120.0 time, 120.8 real, 82.8 MB
[runlim] sample:		130.0 time, 130.8 real, 84.4 MB
[runlim] sample:		140.0 time, 140.8 real, 85.4 MB
[runlim] sample:		150.0 time, 150.8 real, 87.0 MB
[runlim] sample:		160.0 time, 160.8 real, 88.8 MB
[runlim] sample:		170.0 time, 170.8 real, 89.8 MB
[runlim] sample:		180.0 time, 180.8 real, 91.1 MB
[runlim] sample:		190.0 time, 190.8 real, 92.1 MB
[runlim] sample:		200.0 time, 200.8 real, 95.0 MB
[runlim] sample:		210.0 time, 210.8 real, 96.8 MB
[runlim] sample:		220.0 time, 220.8 real, 97.9 MB
[runlim] sample:		230.0 time, 230.8 real, 98.9 MB
[runlim] sample:		240.0 time, 240.8 real, 100.2 MB
[runlim] sample:		250.0 time, 250.8 real, 101.7 MB
[runlim] sample:		260.0 time, 260.8 real, 102.5 MB
[runlim] sample:		270.0 time, 270.8 real, 103.5 MB
[runlim] sample:		280.0 time, 280.8 real, 105.3 MB
[runlim] sample:		290.0 time, 290.8 real, 105.8 MB
[runlim] sample:		300.0 time, 300.8 real, 107.4 MB
[runlim] sample:		310.0 time, 310.8 real, 107.9 MB
[runlim] sample:		319.9 time, 320.8 real, 109.2 MB
[runlim] sample:		329.9 time, 330.8 real, 110.5 MB
[runlim] sample:		339.9 time, 340.8 real, 111.0 MB
[runlim] sample:		349.9 time, 350.8 real, 111.5 MB
[runlim] sample:		359.9 time, 360.8 real, 112.3 MB
[runlim] sample:		369.9 time, 370.8 real, 113.6 MB
[runlim] sample:		379.9 time, 380.8 real, 114.3 MB
[runlim] sample:		389.9 time, 390.8 real, 115.4 MB
[runlim] sample:		399.9 time, 400.8 real, 116.2 MB
[runlim] sample:		409.9 time, 410.8 real, 118.0 MB
[runlim] sample:		419.9 time, 420.8 real, 118.5 MB
[runlim] sample:		429.9 time, 430.8 real, 119.5 MB
[runlim] sample:		439.8 time, 440.8 real, 119.5 MB
[runlim] sample:		448.7 time, 450.8 real, 120.5 MB
[runlim] sample:		458.1 time, 460.8 real, 122.3 MB
[runlim] sample:		468.1 time, 470.8 real, 123.1 MB
[runlim] sample:		478.1 time, 480.8 real, 123.4 MB
[runlim] sample:		488.1 time, 490.8 real, 124.4 MB
[runlim] sample:		498.1 time, 500.8 real, 125.4 MB
[runlim] sample:		508.1 time, 510.8 real, 125.7 MB
[runlim] sample:		518.1 time, 520.8 real, 126.7 MB
[runlim] sample:		528.1 time, 530.8 real, 127.0 MB
[runlim] sample:		538.1 time, 540.8 real, 127.7 MB
[runlim] sample:		548.1 time, 550.8 real, 128.3 MB
[runlim] sample:		558.1 time, 560.8 real, 128.5 MB
[runlim] sample:		568.1 time, 570.8 real, 130.1 MB
[runlim] sample:		578.1 time, 580.8 real, 130.1 MB
[runlim] sample:		588.1 time, 590.8 real, 130.8 MB
[runlim] sample:		598.1 time, 600.8 real, 131.1 MB
[runlim] sample:		608.1 time, 610.8 real, 131.9 MB
[runlim] sample:		618.1 time, 620.8 real, 132.4 MB
[runlim] sample:		628.1 time, 630.8 real, 132.6 MB
[runlim] sample:		638.1 time, 640.8 real, 133.4 MB
[runlim] sample:		648.1 time, 650.8 real, 134.2 MB
[runlim] sample:		656.9 time, 660.8 real, 134.7 MB
[runlim] sample:		665.4 time, 670.8 real, 137.5 MB
[runlim] sample:		674.0 time, 680.8 real, 137.5 MB
[runlim] sample:		682.7 time, 690.8 real, 138.2 MB
[runlim] sample:		691.6 time, 700.8 real, 138.5 MB
[runlim] sample:		700.5 time, 710.8 real, 139.3 MB
[runlim] sample:		709.4 time, 720.8 real, 139.5 MB
[runlim] sample:		718.4 time, 730.8 real, 140.5 MB
[runlim] sample:		727.2 time, 740.8 real, 140.8 MB
[runlim] sample:		735.7 time, 750.8 real, 141.6 MB
[runlim] sample:		745.7 time, 760.8 real, 141.6 MB
[runlim] sample:		755.7 time, 770.8 real, 142.6 MB
[runlim] sample:		765.7 time, 780.8 real, 143.6 MB
[runlim] sample:		775.7 time, 790.8 real, 144.7 MB
[runlim] sample:		785.7 time, 800.8 real, 145.4 MB
[runlim] sample:		795.7 time, 810.8 real, 145.4 MB
[runlim] sample:		805.7 time, 820.8 real, 146.5 MB
[runlim] sample:		815.7 time, 830.8 real, 147.0 MB
[runlim] sample:		825.7 time, 840.8 real, 147.8 MB
[runlim] sample:		835.7 time, 850.8 real, 148.8 MB
[runlim] sample:		845.7 time, 860.8 real, 148.8 MB
[runlim] sample:		855.7 time, 870.8 real, 149.8 MB
[runlim] sample:		865.7 time, 880.8 real, 149.8 MB
[runlim] sample:		875.7 time, 890.8 real, 150.3 MB
[runlim] sample:		885.7 time, 900.8 real, 150.3 MB
[runlim] sample:		895.7 time, 910.8 real, 155.3 MB
[runlim] sample:		905.7 time, 920.8 real, 155.8 MB
[runlim] sample:		915.7 time, 930.8 real, 156.1 MB
[runlim] sample:		925.7 time, 940.8 real, 157.9 MB
[runlim] sample:		935.7 time, 950.8 real, 158.1 MB
[runlim] sample:		945.7 time, 960.8 real, 158.1 MB
[runlim] sample:		955.7 time, 970.8 real, 158.9 MB
[runlim] sample:		965.7 time, 980.8 real, 158.9 MB
[runlim] sample:		974.5 time, 990.8 real, 159.7 MB
[runlim] sample:		983.0 time, 1000.8 real, 159.7 MB
[runlim] sample:		992.0 time, 1010.8 real, 160.4 MB
[runlim] sample:		1000.8 time, 1020.8 real, 160.7 MB
[runlim] sample:		1009.8 time, 1030.8 real, 160.7 MB
[runlim] sample:		1018.7 time, 1040.8 real, 161.5 MB
[runlim] sample:		1027.7 time, 1050.8 real, 161.5 MB
[runlim] sample:		1036.3 time, 1060.8 real, 162.5 MB
[runlim] sample:		1045.3 time, 1070.8 real, 162.5 MB
[runlim] sample:		1054.1 time, 1080.8 real, 162.5 MB
[runlim] sample:		1062.9 time, 1090.8 real, 163.5 MB
[runlim] sample:		1071.8 time, 1100.8 real, 163.5 MB
[runlim] sample:		1080.7 time, 1110.8 real, 163.5 MB
[runlim] sample:		1089.5 time, 1120.8 real, 164.3 MB
[runlim] sample:		1097.9 time, 1130.8 real, 164.6 MB
[runlim] sample:		1107.6 time, 1140.8 real, 165.3 MB
[runlim] sample:		1117.6 time, 1150.8 real, 165.6 MB
[runlim] sample:		1127.6 time, 1160.8 real, 166.4 MB
[runlim] sample:		1137.6 time, 1170.8 real, 166.4 MB
[runlim] sample:		1147.6 time, 1180.8 real, 166.6 MB
[runlim] sample:		1157.6 time, 1190.8 real, 167.7 MB
[runlim] sample:		1167.6 time, 1200.8 real, 167.7 MB
[runlim] sample:		1177.5 time, 1210.8 real, 168.7 MB
[runlim] sample:		1187.5 time, 1220.8 real, 168.7 MB
[runlim] sample:		1197.5 time, 1230.8 real, 169.7 MB
[runlim] sample:		1207.5 time, 1240.8 real, 169.7 MB
[runlim] sample:		1217.5 time, 1250.8 real, 170.8 MB
[runlim] sample:		1226.7 time, 1260.8 real, 171.0 MB
[runlim] sample:		1235.2 time, 1270.8 real, 171.0 MB
[runlim] sample:		1243.5 time, 1280.8 real, 172.3 MB
[runlim] sample:		1252.3 time, 1290.8 real, 172.3 MB
[runlim] sample:		1261.3 time, 1300.8 real, 172.3 MB
[runlim] sample:		1269.8 time, 1310.8 real, 173.3 MB
[runlim] sample:		1278.1 time, 1320.8 real, 173.3 MB
[runlim] sample:		1286.5 time, 1330.8 real, 173.3 MB
[runlim] sample:		1295.2 time, 1340.8 real, 174.6 MB
[runlim] sample:		1303.8 time, 1350.8 real, 174.6 MB
[runlim] sample:		1313.8 time, 1360.8 real, 174.6 MB
[runlim] sample:		1323.8 time, 1370.8 real, 175.6 MB
[runlim] sample:		1333.8 time, 1380.8 real, 175.6 MB
[runlim] sample:		1343.8 time, 1390.8 real, 175.9 MB
[runlim] sample:		1353.8 time, 1400.8 real, 176.4 MB
[runlim] sample:		1363.8 time, 1410.8 real, 176.4 MB
[runlim] sample:		1373.8 time, 1420.8 real, 177.2 MB
[runlim] sample:		1383.8 time, 1430.8 real, 177.2 MB
[runlim] sample:		1393.8 time, 1440.8 real, 177.4 MB
[runlim] sample:		1403.8 time, 1450.8 real, 178.0 MB
[runlim] sample:		1413.8 time, 1460.8 real, 178.0 MB
[runlim] sample:		1423.8 time, 1470.8 real, 178.2 MB
[runlim] sample:		1433.8 time, 1480.8 real, 178.5 MB
[runlim] sample:		1443.8 time, 1490.8 real, 178.5 MB
[runlim] sample:		1453.8 time, 1500.8 real, 179.2 MB
[runlim] sample:		1463.4 time, 1510.8 real, 179.2 MB
[runlim] sample:		1471.8 time, 1520.8 real, 179.2 MB
[runlim] sample:		1480.2 time, 1530.8 real, 180.3 MB
[runlim] sample:		1488.5 time, 1540.8 real, 180.3 MB
[runlim] sample:		1496.8 time, 1550.8 real, 180.3 MB
[runlim] sample:		1506.7 time, 1560.8 real, 181.6 MB
[runlim] sample:		1516.7 time, 1570.8 real, 181.6 MB
[runlim] sample:		1526.7 time, 1580.8 real, 181.6 MB
[runlim] sample:		1536.7 time, 1590.8 real, 182.3 MB
[runlim] sample:		1546.7 time, 1600.8 real, 182.6 MB
[runlim] sample:		1556.7 time, 1610.8 real, 182.6 MB
[runlim] sample:		1566.7 time, 1620.8 real, 183.4 MB
[runlim] sample:		1576.7 time, 1630.8 real, 183.4 MB
[runlim] sample:		1586.7 time, 1640.8 real, 183.4 MB
[runlim] sample:		1596.7 time, 1650.8 real, 184.4 MB
[runlim] sample:		1606.7 time, 1660.8 real, 184.4 MB
[runlim] sample:		1616.7 time, 1670.8 real, 184.4 MB
[runlim] sample:		1626.7 time, 1680.8 real, 184.9 MB
[runlim] sample:		1636.7 time, 1690.8 real, 185.2 MB
[runlim] sample:		1646.7 time, 1700.8 real, 185.2 MB
[runlim] sample:		1656.6 time, 1710.8 real, 186.2 MB
[runlim] sample:		1666.6 time, 1720.8 real, 186.2 MB
[runlim] sample:		1676.6 time, 1730.8 real, 186.2 MB
[runlim] sample:		1686.6 time, 1740.8 real, 187.0 MB
[runlim] sample:		1696.6 time, 1750.8 real, 187.2 MB
[runlim] sample:		1706.6 time, 1760.8 real, 187.2 MB
[runlim] sample:		1715.8 time, 1770.8 real, 187.5 MB
[runlim] sample:		1724.6 time, 1780.8 real, 187.5 MB
[runlim] sample:		1733.1 time, 1790.8 real, 187.5 MB
[runlim] sample:		1741.7 time, 1800.8 real, 189.3 MB
[runlim] sample:		1751.3 time, 1810.8 real, 189.3 MB
[runlim] sample:		1761.0 time, 1820.8 real, 189.3 MB
[runlim] sample:		1770.9 time, 1830.8 real, 189.3 MB
[runlim] sample:		1780.6 time, 1840.8 real, 190.3 MB
[runlim] sample:		1790.5 time, 1850.8 real, 190.3 MB
CVC4 interrupted by SIGTERM.
[runlim] end:			Sat Feb  9 17:53:42 2019
[runlim] status:		out of time
[runlim] result:		2
[runlim] children:		0
[runlim] real:			1860.42 seconds
[runlim] time:			1800.08 seconds
[runlim] space:			190.3 MB
[runlim] samples:		18596
