[runlim] version:		1.10fixed
[runlim] time limit:		1800 seconds
[runlim] real time limit:	311040000 seconds
[runlim] space limit:		4000 MB
[runlim] argv[0]:		./cvc4
[runlim] argv[1]:		--nl-ext-tplanes
[runlim] argv[2]:		--full-saturate-quant
[runlim] argv[3]:		--no-e-matching
[runlim] argv[4]:		/tmp/HxPTQkJ3.smt2
[runlim] start:			Sat Feb  9 01:25:23 2019
[runlim] main pid:		11292
[runlim] sample:		9.4 time, 10.3 real, 43.2 MB
[runlim] sample:		19.1 time, 20.3 real, 50.7 MB
[runlim] sample:		28.7 time, 30.3 real, 56.6 MB
[runlim] sample:		38.4 time, 40.3 real, 60.2 MB
[runlim] sample:		48.0 time, 50.3 real, 63.8 MB
[runlim] sample:		57.7 time, 60.3 real, 66.9 MB
[runlim] sample:		66.7 time, 70.3 real, 70.0 MB
[runlim] sample:		76.0 time, 80.3 real, 71.8 MB
[runlim] sample:		85.4 time, 90.3 real, 74.6 MB
[runlim] sample:		94.7 time, 100.3 real, 76.4 MB
[runlim] sample:		104.1 time, 110.3 real, 79.4 MB
[runlim] sample:		113.4 time, 120.3 real, 81.0 MB
[runlim] sample:		122.8 time, 130.3 real, 83.0 MB
[runlim] sample:		132.1 time, 140.3 real, 84.6 MB
[runlim] sample:		141.4 time, 150.3 real, 85.9 MB
[runlim] sample:		150.8 time, 160.3 real, 86.9 MB
[runlim] sample:		160.1 time, 170.3 real, 90.7 MB
[runlim] sample:		169.5 time, 180.3 real, 92.0 MB
[runlim] sample:		178.9 time, 190.3 real, 93.8 MB
[runlim] sample:		188.4 time, 200.3 real, 94.8 MB
[runlim] sample:		197.7 time, 210.3 real, 96.4 MB
[runlim] sample:		207.4 time, 220.3 real, 97.4 MB
[runlim] sample:		217.1 time, 230.3 real, 98.2 MB
[runlim] sample:		226.7 time, 240.3 real, 99.5 MB
[runlim] sample:		236.4 time, 250.3 real, 100.8 MB
[runlim] sample:		246.1 time, 260.3 real, 102.0 MB
[runlim] sample:		255.5 time, 270.3 real, 103.1 MB
[runlim] sample:		264.5 time, 280.3 real, 104.1 MB
[runlim] sample:		274.2 time, 290.3 real, 105.1 MB
[runlim] sample:		283.9 time, 300.3 real, 106.2 MB
[runlim] sample:		293.4 time, 310.3 real, 107.5 MB
[runlim] sample:		302.1 time, 320.3 real, 108.2 MB
[runlim] sample:		310.7 time, 330.3 real, 109.3 MB
[runlim] sample:		319.5 time, 340.3 real, 110.3 MB
[runlim] sample:		329.1 time, 350.3 real, 111.1 MB
[runlim] sample:		338.8 time, 360.3 real, 112.1 MB
[runlim] sample:		347.7 time, 370.3 real, 113.1 MB
[runlim] sample:		357.3 time, 380.3 real, 114.1 MB
[runlim] sample:		367.0 time, 390.3 real, 115.4 MB
[runlim] sample:		375.8 time, 400.3 real, 116.2 MB
[runlim] sample:		384.9 time, 410.3 real, 117.0 MB
[runlim] sample:		394.4 time, 420.3 real, 117.2 MB
[runlim] sample:		403.1 time, 430.3 real, 118.8 MB
[runlim] sample:		411.8 time, 440.3 real, 119.3 MB
[runlim] sample:		420.7 time, 450.3 real, 120.1 MB
[runlim] sample:		429.4 time, 460.3 real, 120.8 MB
[runlim] sample:		438.0 time, 470.3 real, 121.1 MB
[runlim] sample:		446.7 time, 480.3 real, 121.6 MB
[runlim] sample:		455.3 time, 490.3 real, 122.4 MB
[runlim] sample:		464.0 time, 500.3 real, 123.2 MB
[runlim] sample:		473.3 time, 510.3 real, 123.9 MB
[runlim] sample:		482.6 time, 520.3 real, 124.7 MB
[runlim] sample:		491.9 time, 530.3 real, 124.7 MB
[runlim] sample:		500.9 time, 540.3 real, 125.7 MB
[runlim] sample:		509.9 time, 550.3 real, 126.5 MB
[runlim] sample:		518.9 time, 560.3 real, 127.3 MB
[runlim] sample:		528.0 time, 570.3 real, 127.5 MB
[runlim] sample:		537.0 time, 580.3 real, 128.6 MB
[runlim] sample:		546.3 time, 590.3 real, 129.6 MB
[runlim] sample:		555.6 time, 600.3 real, 129.6 MB
[runlim] sample:		565.0 time, 610.3 real, 132.6 MB
[runlim] sample:		574.0 time, 620.3 real, 133.9 MB
[runlim] sample:		583.3 time, 630.3 real, 133.9 MB
[runlim] sample:		592.4 time, 640.3 real, 134.9 MB
[runlim] sample:		601.5 time, 650.3 real, 135.9 MB
[runlim] sample:		610.5 time, 660.3 real, 136.2 MB
[runlim] sample:		619.5 time, 670.3 real, 136.7 MB
[runlim] sample:		628.5 time, 680.3 real, 137.5 MB
[runlim] sample:		637.8 time, 690.3 real, 138.5 MB
[runlim] sample:		647.0 time, 700.3 real, 138.5 MB
[runlim] sample:		656.0 time, 710.3 real, 139.8 MB
[runlim] sample:		665.1 time, 720.3 real, 140.3 MB
[runlim] sample:		674.4 time, 730.3 real, 140.3 MB
[runlim] sample:		683.7 time, 740.3 real, 140.3 MB
[runlim] sample:		692.9 time, 750.3 real, 141.1 MB
[runlim] sample:		702.0 time, 760.3 real, 141.9 MB
[runlim] sample:		711.7 time, 770.3 real, 142.1 MB
[runlim] sample:		721.6 time, 780.3 real, 142.9 MB
[runlim] sample:		730.1 time, 790.3 real, 142.9 MB
[runlim] sample:		739.2 time, 800.3 real, 143.4 MB
[runlim] sample:		749.2 time, 810.3 real, 143.4 MB
[runlim] sample:		759.1 time, 820.3 real, 144.2 MB
[runlim] sample:		769.1 time, 830.3 real, 144.2 MB
[runlim] sample:		779.1 time, 840.3 real, 145.0 MB
[runlim] sample:		789.1 time, 850.3 real, 146.2 MB
[runlim] sample:		799.1 time, 860.3 real, 146.2 MB
[runlim] sample:		809.1 time, 870.3 real, 147.5 MB
[runlim] sample:		819.1 time, 880.3 real, 147.5 MB
[runlim] sample:		829.1 time, 890.3 real, 152.7 MB
[runlim] sample:		839.1 time, 900.3 real, 152.9 MB
[runlim] sample:		849.1 time, 910.3 real, 153.7 MB
[runlim] sample:		859.1 time, 920.3 real, 154.0 MB
[runlim] sample:		869.1 time, 930.3 real, 155.0 MB
[runlim] sample:		879.1 time, 940.3 real, 155.0 MB
[runlim] sample:		889.1 time, 950.3 real, 156.0 MB
[runlim] sample:		899.1 time, 960.3 real, 156.0 MB
[runlim] sample:		909.1 time, 970.3 real, 157.3 MB
[runlim] sample:		919.1 time, 980.3 real, 157.3 MB
[runlim] sample:		929.1 time, 990.3 real, 158.6 MB
[runlim] sample:		939.1 time, 1000.3 real, 160.7 MB
[runlim] sample:		949.1 time, 1010.3 real, 160.7 MB
[runlim] sample:		959.1 time, 1020.3 real, 160.7 MB
[runlim] sample:		969.0 time, 1030.3 real, 161.7 MB
[runlim] sample:		979.0 time, 1040.3 real, 162.2 MB
[runlim] sample:		989.0 time, 1050.3 real, 163.0 MB
[runlim] sample:		998.0 time, 1060.3 real, 163.0 MB
[runlim] sample:		1006.6 time, 1070.3 real, 164.3 MB
[runlim] sample:		1015.3 time, 1080.3 real, 164.3 MB
[runlim] sample:		1023.9 time, 1090.3 real, 164.3 MB
[runlim] sample:		1032.5 time, 1100.3 real, 165.3 MB
[runlim] sample:		1042.2 time, 1110.3 real, 165.6 MB
[runlim] sample:		1052.2 time, 1120.3 real, 166.1 MB
[runlim] sample:		1062.1 time, 1130.3 real, 166.1 MB
[runlim] sample:		1072.1 time, 1140.3 real, 166.6 MB
[runlim] sample:		1082.1 time, 1150.3 real, 166.6 MB
[runlim] sample:		1092.1 time, 1160.3 real, 167.4 MB
[runlim] sample:		1102.2 time, 1170.3 real, 167.6 MB
[runlim] sample:		1112.2 time, 1180.3 real, 167.6 MB
[runlim] sample:		1122.1 time, 1190.3 real, 168.2 MB
[runlim] sample:		1132.1 time, 1200.3 real, 168.2 MB
[runlim] sample:		1142.1 time, 1210.3 real, 168.7 MB
[runlim] sample:		1152.1 time, 1220.3 real, 168.9 MB
[runlim] sample:		1162.1 time, 1230.3 real, 169.4 MB
[runlim] sample:		1171.0 time, 1240.3 real, 169.4 MB
[runlim] sample:		1179.9 time, 1250.3 real, 169.7 MB
[runlim] sample:		1188.8 time, 1260.3 real, 170.2 MB
[runlim] sample:		1197.8 time, 1270.3 real, 170.2 MB
[runlim] sample:		1206.8 time, 1280.3 real, 171.5 MB
[runlim] sample:		1216.2 time, 1290.3 real, 171.5 MB
[runlim] sample:		1225.5 time, 1300.3 real, 171.5 MB
[runlim] sample:		1234.7 time, 1310.3 real, 172.3 MB
[runlim] sample:		1243.8 time, 1320.3 real, 172.8 MB
[runlim] sample:		1252.8 time, 1330.3 real, 172.8 MB
[runlim] sample:		1261.8 time, 1340.3 real, 174.1 MB
[runlim] sample:		1270.8 time, 1350.3 real, 174.1 MB
[runlim] sample:		1279.8 time, 1360.3 real, 175.1 MB
[runlim] sample:		1288.7 time, 1370.3 real, 175.4 MB
[runlim] sample:		1297.7 time, 1380.3 real, 175.4 MB
[runlim] sample:		1306.7 time, 1390.3 real, 176.2 MB
[runlim] sample:		1315.6 time, 1400.3 real, 176.2 MB
[runlim] sample:		1324.6 time, 1410.3 real, 176.2 MB
[runlim] sample:		1333.5 time, 1420.3 real, 177.2 MB
[runlim] sample:		1342.5 time, 1430.3 real, 177.2 MB
[runlim] sample:		1351.4 time, 1440.3 real, 177.2 MB
[runlim] sample:		1361.2 time, 1450.3 real, 178.2 MB
[runlim] sample:		1371.2 time, 1460.3 real, 178.2 MB
[runlim] sample:		1381.2 time, 1470.3 real, 178.2 MB
[runlim] sample:		1391.2 time, 1480.3 real, 179.5 MB
[runlim] sample:		1401.2 time, 1490.3 real, 179.5 MB
[runlim] sample:		1411.2 time, 1500.3 real, 180.5 MB
[runlim] sample:		1421.2 time, 1510.3 real, 180.5 MB
[runlim] sample:		1431.2 time, 1520.3 real, 181.0 MB
[runlim] sample:		1441.2 time, 1530.3 real, 181.0 MB
[runlim] sample:		1451.2 time, 1540.3 real, 181.0 MB
[runlim] sample:		1461.2 time, 1550.3 real, 181.3 MB
[runlim] sample:		1471.2 time, 1560.3 real, 182.3 MB
[runlim] sample:		1481.2 time, 1570.3 real, 182.3 MB
[runlim] sample:		1491.2 time, 1580.3 real, 182.3 MB
[runlim] sample:		1501.2 time, 1590.3 real, 183.6 MB
[runlim] sample:		1511.2 time, 1600.3 real, 183.6 MB
[runlim] sample:		1521.2 time, 1610.3 real, 183.6 MB
[runlim] sample:		1531.2 time, 1620.3 real, 184.1 MB
[runlim] sample:		1541.2 time, 1630.3 real, 184.4 MB
[runlim] sample:		1551.2 time, 1640.3 real, 184.4 MB
[runlim] sample:		1561.2 time, 1650.3 real, 184.6 MB
[runlim] sample:		1571.2 time, 1660.3 real, 184.6 MB
[runlim] sample:		1581.2 time, 1670.3 real, 185.2 MB
[runlim] sample:		1591.2 time, 1680.3 real, 185.2 MB
[runlim] sample:		1601.2 time, 1690.3 real, 185.2 MB
[runlim] sample:		1611.2 time, 1700.3 real, 185.9 MB
[runlim] sample:		1621.2 time, 1710.3 real, 185.9 MB
[runlim] sample:		1631.2 time, 1720.3 real, 185.9 MB
[runlim] sample:		1641.2 time, 1730.3 real, 187.2 MB
[runlim] sample:		1651.2 time, 1740.3 real, 187.2 MB
[runlim] sample:		1661.2 time, 1750.3 real, 187.2 MB
[runlim] sample:		1671.2 time, 1760.3 real, 188.0 MB
[runlim] sample:		1681.2 time, 1770.3 real, 188.0 MB
[runlim] sample:		1691.2 time, 1780.3 real, 188.0 MB
[runlim] sample:		1701.2 time, 1790.3 real, 189.5 MB
[runlim] sample:		1711.2 time, 1800.3 real, 189.5 MB
[runlim] sample:		1721.2 time, 1810.3 real, 189.5 MB
[runlim] sample:		1731.2 time, 1820.3 real, 189.5 MB
[runlim] sample:		1741.2 time, 1830.3 real, 190.3 MB
[runlim] sample:		1751.2 time, 1840.3 real, 190.3 MB
[runlim] sample:		1761.2 time, 1850.3 real, 190.3 MB
[runlim] sample:		1771.2 time, 1860.3 real, 191.3 MB
[runlim] sample:		1781.2 time, 1870.3 real, 191.3 MB
[runlim] end:			Sat Feb  9 01:56:36 2019
[runlim] status:		signal(9)
[runlim] result:		11
[runlim] children:		0
[runlim] real:			1873.33 seconds
[runlim] time:			1784.18 seconds
[runlim] space:			191.3 MB
[runlim] samples:		18730
