[runlim] version:		1.10fixed
[runlim] time limit:		1800 seconds
[runlim] real time limit:	311040000 seconds
[runlim] space limit:		4000 MB
[runlim] argv[0]:		./cvc4
[runlim] argv[1]:		--nl-ext-tplanes
[runlim] argv[2]:		--full-saturate-quant
[runlim] argv[3]:		--no-e-matching
[runlim] argv[4]:		/tmp/axQeiVaE.smt2
[runlim] start:			Sat Feb  9 17:23:11 2019
[runlim] main pid:		19416
[runlim] sample:		9.5 time, 10.0 real, 42.0 MB
[runlim] sample:		18.7 time, 20.0 real, 49.8 MB
[runlim] sample:		28.7 time, 30.0 real, 55.2 MB
[runlim] sample:		38.7 time, 40.0 real, 59.4 MB
[runlim] sample:		48.7 time, 50.0 real, 63.8 MB
[runlim] sample:		57.9 time, 60.0 real, 66.9 MB
[runlim] sample:		67.9 time, 70.0 real, 69.4 MB
[runlim] sample:		77.7 time, 80.0 real, 72.3 MB
[runlim] sample:		87.7 time, 90.0 real, 74.6 MB
[runlim] sample:		97.7 time, 100.0 real, 76.4 MB
[runlim] sample:		107.7 time, 110.0 real, 78.7 MB
[runlim] sample:		117.6 time, 120.0 real, 80.5 MB
[runlim] sample:		125.7 time, 130.0 real, 82.6 MB
[runlim] sample:		134.8 time, 140.0 real, 84.6 MB
[runlim] sample:		144.8 time, 150.0 real, 86.1 MB
[runlim] sample:		153.8 time, 160.0 real, 87.7 MB
[runlim] sample:		161.5 time, 170.0 real, 89.0 MB
[runlim] sample:		171.3 time, 180.0 real, 90.0 MB
[runlim] sample:		179.0 time, 190.0 real, 91.3 MB
[runlim] sample:		189.0 time, 200.0 real, 92.8 MB
[runlim] sample:		199.0 time, 210.0 real, 96.0 MB
[runlim] sample:		207.6 time, 220.0 real, 97.1 MB
[runlim] sample:		216.9 time, 230.0 real, 98.4 MB
[runlim] sample:		226.9 time, 240.0 real, 99.4 MB
[runlim] sample:		236.9 time, 250.0 real, 100.7 MB
[runlim] sample:		246.6 time, 260.0 real, 101.5 MB
[runlim] sample:		256.1 time, 270.0 real, 102.2 MB
[runlim] sample:		265.7 time, 280.0 real, 103.3 MB
[runlim] sample:		275.7 time, 290.0 real, 104.3 MB
[runlim] sample:		285.6 time, 300.0 real, 105.8 MB
[runlim] sample:		293.1 time, 310.0 real, 106.9 MB
[runlim] sample:		300.9 time, 320.0 real, 107.4 MB
[runlim] sample:		310.9 time, 330.0 real, 108.4 MB
[runlim] sample:		320.0 time, 340.0 real, 109.2 MB
[runlim] sample:		330.0 time, 350.0 real, 110.5 MB
[runlim] sample:		338.9 time, 360.0 real, 111.0 MB
[runlim] sample:		348.9 time, 370.0 real, 112.3 MB
[runlim] sample:		358.5 time, 380.0 real, 112.8 MB
[runlim] sample:		368.2 time, 390.0 real, 113.8 MB
[runlim] sample:		375.7 time, 400.0 real, 114.3 MB
[runlim] sample:		383.0 time, 410.0 real, 114.8 MB
[runlim] sample:		391.2 time, 420.0 real, 116.1 MB
[runlim] sample:		400.9 time, 430.0 real, 117.4 MB
[runlim] sample:		410.5 time, 440.0 real, 117.9 MB
[runlim] sample:		420.4 time, 450.0 real, 119.0 MB
[runlim] sample:		430.4 time, 460.0 real, 119.0 MB
[runlim] sample:		440.4 time, 470.0 real, 120.0 MB
[runlim] sample:		449.1 time, 480.0 real, 121.3 MB
[runlim] sample:		458.4 time, 490.0 real, 122.1 MB
[runlim] sample:		468.4 time, 500.0 real, 122.8 MB
[runlim] sample:		478.4 time, 510.0 real, 123.4 MB
[runlim] sample:		488.4 time, 520.0 real, 124.6 MB
[runlim] sample:		497.6 time, 530.0 real, 124.9 MB
[runlim] sample:		506.2 time, 540.0 real, 125.7 MB
[runlim] sample:		515.7 time, 550.0 real, 126.2 MB
[runlim] sample:		525.5 time, 560.0 real, 126.4 MB
[runlim] sample:		534.6 time, 570.0 real, 126.7 MB
[runlim] sample:		542.9 time, 580.0 real, 127.5 MB
[runlim] sample:		551.4 time, 590.0 real, 128.0 MB
[runlim] sample:		560.2 time, 600.0 real, 128.2 MB
[runlim] sample:		568.7 time, 610.0 real, 128.5 MB
[runlim] sample:		576.8 time, 620.0 real, 129.5 MB
[runlim] sample:		585.5 time, 630.0 real, 130.1 MB
[runlim] sample:		595.5 time, 640.0 real, 130.3 MB
[runlim] sample:		604.7 time, 650.0 real, 131.1 MB
[runlim] sample:		614.6 time, 660.0 real, 131.6 MB
[runlim] sample:		624.3 time, 670.0 real, 132.1 MB
[runlim] sample:		633.4 time, 680.0 real, 132.6 MB
[runlim] sample:		641.6 time, 690.0 real, 133.7 MB
[runlim] sample:		650.9 time, 700.0 real, 133.9 MB
[runlim] sample:		659.9 time, 710.0 real, 134.4 MB
[runlim] sample:		668.5 time, 720.0 real, 134.7 MB
[runlim] sample:		677.9 time, 730.0 real, 135.7 MB
[runlim] sample:		687.6 time, 740.0 real, 136.0 MB
[runlim] sample:		696.8 time, 750.0 real, 136.5 MB
[runlim] sample:		705.0 time, 760.0 real, 139.5 MB
[runlim] sample:		713.7 time, 770.0 real, 139.7 MB
[runlim] sample:		723.4 time, 780.0 real, 140.2 MB
[runlim] sample:		732.7 time, 790.0 real, 140.5 MB
[runlim] sample:		742.5 time, 800.0 real, 141.8 MB
[runlim] sample:		752.2 time, 810.0 real, 142.3 MB
[runlim] sample:		762.2 time, 820.0 real, 142.6 MB
[runlim] sample:		772.2 time, 830.0 real, 143.1 MB
[runlim] sample:		782.2 time, 840.0 real, 143.8 MB
[runlim] sample:		792.2 time, 850.0 real, 144.1 MB
[runlim] sample:		802.0 time, 860.0 real, 144.1 MB
[runlim] sample:		810.9 time, 870.0 real, 145.4 MB
[runlim] sample:		820.4 time, 880.0 real, 145.9 MB
[runlim] sample:		830.4 time, 890.0 real, 146.4 MB
[runlim] sample:		840.3 time, 900.0 real, 146.7 MB
[runlim] sample:		849.0 time, 910.0 real, 147.2 MB
[runlim] sample:		857.6 time, 920.0 real, 148.0 MB
[runlim] sample:		866.3 time, 930.0 real, 148.2 MB
[runlim] sample:		875.7 time, 940.0 real, 148.5 MB
[runlim] sample:		885.7 time, 950.0 real, 148.7 MB
[runlim] sample:		895.6 time, 960.0 real, 149.5 MB
[runlim] sample:		905.5 time, 970.0 real, 150.0 MB
[runlim] sample:		914.9 time, 980.0 real, 150.3 MB
[runlim] sample:		924.3 time, 990.0 real, 152.4 MB
[runlim] sample:		934.0 time, 1000.0 real, 152.9 MB
[runlim] sample:		943.6 time, 1010.0 real, 153.4 MB
[runlim] sample:		953.3 time, 1020.0 real, 153.4 MB
[runlim] sample:		963.0 time, 1030.0 real, 153.4 MB
[runlim] sample:		973.0 time, 1040.0 real, 153.6 MB
[runlim] sample:		983.0 time, 1050.0 real, 154.7 MB
[runlim] sample:		993.0 time, 1060.0 real, 154.9 MB
[runlim] sample:		1003.0 time, 1070.0 real, 155.2 MB
[runlim] sample:		1013.0 time, 1080.0 real, 155.4 MB
[runlim] sample:		1023.0 time, 1090.0 real, 156.2 MB
[runlim] sample:		1032.7 time, 1100.0 real, 156.5 MB
[runlim] sample:		1042.4 time, 1110.0 real, 156.7 MB
[runlim] sample:		1052.0 time, 1120.0 real, 157.0 MB
[runlim] sample:		1061.7 time, 1130.0 real, 157.0 MB
[runlim] sample:		1071.3 time, 1140.0 real, 162.0 MB
[runlim] sample:		1081.0 time, 1150.0 real, 162.6 MB
[runlim] sample:		1090.8 time, 1160.0 real, 162.6 MB
[runlim] sample:		1100.8 time, 1170.0 real, 162.8 MB
[runlim] sample:		1110.1 time, 1180.0 real, 163.6 MB
[runlim] sample:		1119.1 time, 1190.0 real, 164.4 MB
[runlim] sample:		1128.6 time, 1200.0 real, 164.6 MB
[runlim] sample:		1138.3 time, 1210.0 real, 164.9 MB
[runlim] sample:		1147.9 time, 1220.0 real, 165.1 MB
[runlim] sample:		1157.1 time, 1230.0 real, 165.4 MB
[runlim] sample:		1166.2 time, 1240.0 real, 166.4 MB
[runlim] sample:		1175.9 time, 1250.0 real, 166.4 MB
[runlim] sample:		1185.7 time, 1260.0 real, 166.7 MB
[runlim] sample:		1195.3 time, 1270.0 real, 166.9 MB
[runlim] sample:		1205.0 time, 1280.0 real, 167.2 MB
[runlim] sample:		1214.7 time, 1290.0 real, 168.2 MB
[runlim] sample:		1224.5 time, 1300.0 real, 168.5 MB
[runlim] sample:		1234.5 time, 1310.0 real, 168.7 MB
[runlim] sample:		1244.3 time, 1320.0 real, 169.0 MB
[runlim] sample:		1253.7 time, 1330.0 real, 169.3 MB
[runlim] sample:		1263.2 time, 1340.0 real, 170.3 MB
[runlim] sample:		1272.6 time, 1350.0 real, 170.5 MB
[runlim] sample:		1282.2 time, 1360.0 real, 170.8 MB
[runlim] sample:		1292.0 time, 1370.0 real, 171.1 MB
[runlim] sample:		1302.0 time, 1380.0 real, 171.3 MB
[runlim] sample:		1311.7 time, 1390.0 real, 171.6 MB
[runlim] sample:		1321.4 time, 1400.0 real, 172.9 MB
[runlim] sample:		1330.6 time, 1410.0 real, 173.1 MB
[runlim] sample:		1340.0 time, 1420.0 real, 173.6 MB
[runlim] sample:		1349.7 time, 1430.0 real, 173.9 MB
[runlim] sample:		1358.9 time, 1440.0 real, 173.9 MB
[runlim] sample:		1368.5 time, 1450.0 real, 175.2 MB
[runlim] sample:		1378.0 time, 1460.0 real, 175.2 MB
[runlim] sample:		1387.2 time, 1470.0 real, 175.4 MB
[runlim] sample:		1396.3 time, 1480.0 real, 175.7 MB
[runlim] sample:		1405.5 time, 1490.0 real, 175.9 MB
[runlim] sample:		1414.8 time, 1500.0 real, 176.2 MB
[runlim] sample:		1424.8 time, 1510.0 real, 176.7 MB
[runlim] sample:		1434.8 time, 1520.0 real, 176.7 MB
[runlim] sample:		1444.4 time, 1530.0 real, 177.0 MB
[runlim] sample:		1453.7 time, 1540.0 real, 177.5 MB
[runlim] sample:		1462.7 time, 1550.0 real, 177.5 MB
[runlim] sample:		1471.9 time, 1560.0 real, 177.5 MB
[runlim] sample:		1481.6 time, 1570.0 real, 178.3 MB
[runlim] sample:		1491.6 time, 1580.0 real, 178.5 MB
[runlim] sample:		1501.6 time, 1590.0 real, 178.5 MB
[runlim] sample:		1511.6 time, 1600.0 real, 178.5 MB
[runlim] sample:		1521.6 time, 1610.0 real, 178.8 MB
[runlim] sample:		1531.6 time, 1620.0 real, 178.8 MB
[runlim] sample:		1541.6 time, 1630.0 real, 179.6 MB
[runlim] sample:		1551.6 time, 1640.0 real, 179.8 MB
[runlim] sample:		1561.6 time, 1650.0 real, 180.1 MB
[runlim] sample:		1571.6 time, 1660.0 real, 180.1 MB
[runlim] sample:		1581.6 time, 1670.0 real, 180.1 MB
[runlim] sample:		1591.6 time, 1680.0 real, 180.3 MB
[runlim] sample:		1601.3 time, 1690.0 real, 181.1 MB
[runlim] sample:		1610.4 time, 1700.0 real, 181.6 MB
[runlim] sample:		1619.5 time, 1710.0 real, 181.6 MB
[runlim] sample:		1629.2 time, 1720.0 real, 181.9 MB
[runlim] sample:		1638.8 time, 1730.0 real, 181.9 MB
[runlim] sample:		1648.5 time, 1740.0 real, 181.9 MB
[runlim] sample:		1658.1 time, 1750.0 real, 182.1 MB
[runlim] sample:		1667.9 time, 1760.0 real, 183.2 MB
[runlim] sample:		1677.8 time, 1770.0 real, 183.7 MB
[runlim] sample:		1686.8 time, 1780.0 real, 183.7 MB
[runlim] sample:		1695.9 time, 1790.0 real, 183.9 MB
[runlim] sample:		1704.9 time, 1800.0 real, 184.2 MB
[runlim] sample:		1714.9 time, 1810.0 real, 184.2 MB
[runlim] sample:		1724.9 time, 1820.0 real, 185.2 MB
[runlim] sample:		1734.7 time, 1830.0 real, 185.7 MB
[runlim] sample:		1742.9 time, 1840.0 real, 185.7 MB
[runlim] sample:		1752.0 time, 1850.0 real, 185.7 MB
[runlim] sample:		1762.0 time, 1860.0 real, 186.0 MB
[runlim] sample:		1772.0 time, 1870.0 real, 186.0 MB
[runlim] sample:		1782.0 time, 1880.0 real, 186.3 MB
[runlim] sample:		1792.0 time, 1890.0 real, 187.3 MB
CVC4 interrupted by SIGTERM.
[runlim] end:			Sat Feb  9 17:54:50 2019
[runlim] status:		out of time
[runlim] result:		2
[runlim] children:		0
[runlim] real:			1898.13 seconds
[runlim] time:			1800.10 seconds
[runlim] space:			187.5 MB
[runlim] samples:		18981
