[runlim] version:		1.10fixed
[runlim] time limit:		1800 seconds
[runlim] real time limit:	311040000 seconds
[runlim] space limit:		4000 MB
[runlim] argv[0]:		./cvc4
[runlim] argv[1]:		--nl-ext-tplanes
[runlim] argv[2]:		--full-saturate-quant
[runlim] argv[3]:		--no-e-matching
[runlim] argv[4]:		/tmp/R50JKzus.smt2
[runlim] start:			Sat Feb  9 17:22:42 2019
[runlim] main pid:		20290
[runlim] sample:		9.3 time, 10.7 real, 43.3 MB
[runlim] sample:		19.3 time, 20.7 real, 50.0 MB
[runlim] sample:		29.3 time, 30.7 real, 55.6 MB
[runlim] sample:		38.8 time, 40.7 real, 59.2 MB
[runlim] sample:		48.1 time, 50.7 real, 63.6 MB
[runlim] sample:		57.5 time, 60.7 real, 66.7 MB
[runlim] sample:		66.9 time, 70.7 real, 69.3 MB
[runlim] sample:		76.3 time, 80.7 real, 71.8 MB
[runlim] sample:		85.7 time, 90.7 real, 73.4 MB
[runlim] sample:		95.0 time, 100.7 real, 75.5 MB
[runlim] sample:		104.4 time, 110.7 real, 77.5 MB
[runlim] sample:		113.8 time, 120.7 real, 80.4 MB
[runlim] sample:		123.1 time, 130.7 real, 83.0 MB
[runlim] sample:		132.5 time, 140.7 real, 84.3 MB
[runlim] sample:		141.9 time, 150.7 real, 85.3 MB
[runlim] sample:		150.7 time, 160.7 real, 86.9 MB
[runlim] sample:		160.4 time, 170.7 real, 88.4 MB
[runlim] sample:		169.1 time, 180.7 real, 89.7 MB
[runlim] sample:		177.8 time, 190.7 real, 90.8 MB
[runlim] sample:		187.2 time, 200.7 real, 94.2 MB
[runlim] sample:		197.2 time, 210.7 real, 95.2 MB
[runlim] sample:		207.0 time, 220.7 real, 96.0 MB
[runlim] sample:		215.7 time, 230.7 real, 97.8 MB
[runlim] sample:		224.4 time, 240.7 real, 98.8 MB
[runlim] sample:		233.1 time, 250.7 real, 99.4 MB
[runlim] sample:		242.9 time, 260.7 real, 100.6 MB
[runlim] sample:		252.9 time, 270.7 real, 101.7 MB
[runlim] sample:		262.4 time, 280.7 real, 102.7 MB
[runlim] sample:		272.2 time, 290.7 real, 104.5 MB
[runlim] sample:		280.9 time, 300.7 real, 105.5 MB
[runlim] sample:		289.6 time, 310.7 real, 106.3 MB
[runlim] sample:		299.3 time, 320.7 real, 107.6 MB
[runlim] sample:		309.3 time, 330.7 real, 108.4 MB
[runlim] sample:		319.3 time, 340.7 real, 109.7 MB
[runlim] sample:		329.3 time, 350.7 real, 110.7 MB
[runlim] sample:		338.7 time, 360.7 real, 111.5 MB
[runlim] sample:		348.7 time, 370.7 real, 112.2 MB
[runlim] sample:		358.4 time, 380.7 real, 113.3 MB
[runlim] sample:		368.3 time, 390.7 real, 114.3 MB
[runlim] sample:		378.3 time, 400.7 real, 114.6 MB
[runlim] sample:		388.3 time, 410.7 real, 115.6 MB
[runlim] sample:		398.3 time, 420.7 real, 116.1 MB
[runlim] sample:		408.3 time, 430.7 real, 117.9 MB
[runlim] sample:		418.2 time, 440.7 real, 118.7 MB
[runlim] sample:		428.1 time, 450.7 real, 119.5 MB
[runlim] sample:		438.1 time, 460.7 real, 120.5 MB
[runlim] sample:		447.6 time, 470.7 real, 122.3 MB
[runlim] sample:		457.5 time, 480.7 real, 122.3 MB
[runlim] sample:		467.5 time, 490.7 real, 123.3 MB
[runlim] sample:		476.8 time, 500.7 real, 124.4 MB
[runlim] sample:		486.1 time, 510.7 real, 124.9 MB
[runlim] sample:		495.4 time, 520.7 real, 125.1 MB
[runlim] sample:		504.7 time, 530.7 real, 125.9 MB
[runlim] sample:		514.0 time, 540.7 real, 126.9 MB
[runlim] sample:		523.3 time, 550.7 real, 126.9 MB
[runlim] sample:		532.9 time, 560.7 real, 128.2 MB
[runlim] sample:		542.9 time, 570.7 real, 128.7 MB
[runlim] sample:		552.9 time, 580.7 real, 129.0 MB
[runlim] sample:		562.9 time, 590.7 real, 129.8 MB
[runlim] sample:		572.9 time, 600.7 real, 130.0 MB
[runlim] sample:		582.9 time, 610.7 real, 130.8 MB
[runlim] sample:		592.9 time, 620.7 real, 130.8 MB
[runlim] sample:		602.8 time, 630.7 real, 131.6 MB
[runlim] sample:		611.5 time, 640.7 real, 131.6 MB
[runlim] sample:		620.1 time, 650.7 real, 132.4 MB
[runlim] sample:		628.8 time, 660.7 real, 132.4 MB
[runlim] sample:		637.5 time, 670.7 real, 133.1 MB
[runlim] sample:		647.2 time, 680.7 real, 134.2 MB
[runlim] sample:		657.2 time, 690.7 real, 134.4 MB
[runlim] sample:		667.2 time, 700.7 real, 137.3 MB
[runlim] sample:		677.2 time, 710.7 real, 137.3 MB
[runlim] sample:		687.2 time, 720.7 real, 138.3 MB
[runlim] sample:		697.2 time, 730.7 real, 139.4 MB
[runlim] sample:		706.0 time, 740.7 real, 139.6 MB
[runlim] sample:		715.4 time, 750.7 real, 140.7 MB
[runlim] sample:		724.8 time, 760.7 real, 140.7 MB
[runlim] sample:		734.4 time, 770.7 real, 141.7 MB
[runlim] sample:		744.4 time, 780.7 real, 141.7 MB
[runlim] sample:		754.4 time, 790.7 real, 142.7 MB
[runlim] sample:		764.4 time, 800.7 real, 143.8 MB
[runlim] sample:		774.4 time, 810.7 real, 144.8 MB
[runlim] sample:		784.4 time, 820.7 real, 145.3 MB
[runlim] sample:		793.6 time, 830.7 real, 145.6 MB
[runlim] sample:		803.0 time, 840.7 real, 146.6 MB
[runlim] sample:		812.4 time, 850.7 real, 146.8 MB
[runlim] sample:		821.8 time, 860.7 real, 147.6 MB
[runlim] sample:		831.1 time, 870.7 real, 147.9 MB
[runlim] sample:		840.5 time, 880.7 real, 148.6 MB
[runlim] sample:		849.5 time, 890.7 real, 148.6 MB
[runlim] sample:		858.7 time, 900.7 real, 149.9 MB
[runlim] sample:		867.4 time, 910.7 real, 149.9 MB
[runlim] sample:		876.1 time, 920.7 real, 150.5 MB
[runlim] sample:		884.8 time, 930.7 real, 150.5 MB
[runlim] sample:		893.6 time, 940.7 real, 151.2 MB
[runlim] sample:		903.0 time, 950.7 real, 151.5 MB
[runlim] sample:		912.6 time, 960.7 real, 151.7 MB
[runlim] sample:		922.6 time, 970.7 real, 153.5 MB
[runlim] sample:		932.0 time, 980.7 real, 153.8 MB
[runlim] sample:		941.4 time, 990.7 real, 153.8 MB
[runlim] sample:		950.8 time, 1000.7 real, 153.8 MB
[runlim] sample:		960.2 time, 1010.7 real, 158.4 MB
[runlim] sample:		970.1 time, 1020.7 real, 158.7 MB
[runlim] sample:		979.6 time, 1030.7 real, 159.4 MB
[runlim] sample:		989.0 time, 1040.7 real, 159.4 MB
[runlim] sample:		998.4 time, 1050.7 real, 160.5 MB
[runlim] sample:		1007.8 time, 1060.7 real, 160.5 MB
[runlim] sample:		1017.2 time, 1070.7 real, 161.5 MB
[runlim] sample:		1026.6 time, 1080.7 real, 161.5 MB
[runlim] sample:		1036.0 time, 1090.7 real, 162.5 MB
[runlim] sample:		1045.4 time, 1100.7 real, 162.5 MB
[runlim] sample:		1054.8 time, 1110.7 real, 163.3 MB
[runlim] sample:		1064.2 time, 1120.7 real, 163.6 MB
[runlim] sample:		1073.6 time, 1130.7 real, 163.6 MB
[runlim] sample:		1083.0 time, 1140.7 real, 164.3 MB
[runlim] sample:		1092.2 time, 1150.7 real, 164.3 MB
[runlim] sample:		1102.2 time, 1160.7 real, 165.1 MB
[runlim] sample:		1111.4 time, 1170.7 real, 165.4 MB
[runlim] sample:		1121.2 time, 1180.7 real, 166.4 MB
[runlim] sample:		1131.1 time, 1190.7 real, 166.4 MB
[runlim] sample:		1141.1 time, 1200.7 real, 166.4 MB
[runlim] sample:		1151.1 time, 1210.7 real, 167.4 MB
[runlim] sample:		1161.0 time, 1220.7 real, 167.4 MB
[runlim] sample:		1171.0 time, 1230.7 real, 168.5 MB
[runlim] sample:		1181.0 time, 1240.7 real, 168.5 MB
[runlim] sample:		1190.8 time, 1250.7 real, 168.5 MB
[runlim] sample:		1200.1 time, 1260.7 real, 169.5 MB
[runlim] sample:		1209.4 time, 1270.7 real, 169.8 MB
[runlim] sample:		1218.7 time, 1280.7 real, 170.5 MB
[runlim] sample:		1228.7 time, 1290.7 real, 170.8 MB
[runlim] sample:		1238.5 time, 1300.7 real, 170.8 MB
[runlim] sample:		1248.5 time, 1310.7 real, 172.1 MB
[runlim] sample:		1258.5 time, 1320.7 real, 172.1 MB
[runlim] sample:		1267.8 time, 1330.7 real, 173.1 MB
[runlim] sample:		1277.2 time, 1340.7 real, 173.4 MB
[runlim] sample:		1286.2 time, 1350.7 real, 173.4 MB
[runlim] sample:		1294.6 time, 1360.7 real, 174.4 MB
[runlim] sample:		1303.0 time, 1370.7 real, 174.4 MB
[runlim] sample:		1311.4 time, 1380.7 real, 174.4 MB
[runlim] sample:		1319.8 time, 1390.7 real, 175.4 MB
[runlim] sample:		1329.8 time, 1400.7 real, 175.7 MB
[runlim] sample:		1339.2 time, 1410.7 real, 175.7 MB
[runlim] sample:		1349.2 time, 1420.7 real, 175.9 MB
[runlim] sample:		1358.0 time, 1430.7 real, 176.5 MB
[runlim] sample:		1366.4 time, 1440.7 real, 176.5 MB
[runlim] sample:		1374.8 time, 1450.7 real, 176.7 MB
[runlim] sample:		1383.2 time, 1460.7 real, 176.7 MB
[runlim] sample:		1392.0 time, 1470.7 real, 176.7 MB
[runlim] sample:		1402.0 time, 1480.7 real, 177.2 MB
[runlim] sample:		1412.0 time, 1490.7 real, 177.2 MB
[runlim] sample:		1421.8 time, 1500.7 real, 178.0 MB
[runlim] sample:		1431.7 time, 1510.7 real, 178.0 MB
[runlim] sample:		1441.2 time, 1520.7 real, 178.0 MB
[runlim] sample:		1450.4 time, 1530.7 real, 179.0 MB
[runlim] sample:		1460.4 time, 1540.7 real, 179.0 MB
[runlim] sample:		1469.1 time, 1550.7 real, 179.3 MB
[runlim] sample:		1478.5 time, 1560.7 real, 180.1 MB
[runlim] sample:		1488.4 time, 1570.7 real, 180.1 MB
[runlim] sample:		1498.4 time, 1580.7 real, 180.1 MB
[runlim] sample:		1508.4 time, 1590.7 real, 181.4 MB
[runlim] sample:		1518.4 time, 1600.7 real, 181.4 MB
[runlim] sample:		1527.2 time, 1610.7 real, 181.4 MB
[runlim] sample:		1536.8 time, 1620.7 real, 182.1 MB
[runlim] sample:		1546.8 time, 1630.7 real, 182.1 MB
[runlim] sample:		1556.8 time, 1640.7 real, 182.1 MB
[runlim] sample:		1565.2 time, 1650.7 real, 182.9 MB
[runlim] sample:		1573.5 time, 1660.7 real, 182.9 MB
[runlim] sample:		1582.6 time, 1670.7 real, 183.2 MB
[runlim] sample:		1592.3 time, 1680.7 real, 183.2 MB
[runlim] sample:		1601.9 time, 1690.7 real, 183.9 MB
[runlim] sample:		1611.9 time, 1700.7 real, 183.9 MB
[runlim] sample:		1621.9 time, 1710.7 real, 183.9 MB
[runlim] sample:		1631.9 time, 1720.7 real, 185.0 MB
[runlim] sample:		1640.4 time, 1730.7 real, 185.0 MB
[runlim] sample:		1649.4 time, 1740.7 real, 185.0 MB
[runlim] sample:		1658.9 time, 1750.7 real, 186.0 MB
[runlim] sample:		1668.9 time, 1760.7 real, 186.0 MB
[runlim] sample:		1678.9 time, 1770.7 real, 186.3 MB
[runlim] sample:		1688.9 time, 1780.7 real, 186.8 MB
[runlim] sample:		1697.7 time, 1790.7 real, 187.0 MB
[runlim] sample:		1706.1 time, 1800.7 real, 187.0 MB
[runlim] sample:		1715.2 time, 1810.7 real, 187.3 MB
[runlim] sample:		1725.0 time, 1820.7 real, 187.3 MB
[runlim] sample:		1735.0 time, 1830.7 real, 187.6 MB
[runlim] sample:		1745.0 time, 1840.7 real, 189.1 MB
[runlim] sample:		1754.8 time, 1850.7 real, 189.1 MB
[runlim] sample:		1764.5 time, 1860.7 real, 189.1 MB
[runlim] sample:		1774.5 time, 1870.7 real, 189.1 MB
[runlim] sample:		1784.2 time, 1880.7 real, 190.1 MB
[runlim] sample:		1793.8 time, 1890.7 real, 190.1 MB
[runlim] end:			Sat Feb  9 17:54:18 2019
[runlim] status:		signal(9)
[runlim] result:		11
[runlim] children:		0
[runlim] real:			1896.47 seconds
[runlim] time:			1799.43 seconds
[runlim] space:			190.1 MB
[runlim] samples:		18958
