[runlim] version:		1.10fixed
[runlim] time limit:		1800 seconds
[runlim] real time limit:	311040000 seconds
[runlim] space limit:		4000 MB
[runlim] argv[0]:		./cvc4
[runlim] argv[1]:		--nl-ext-tplanes
[runlim] argv[2]:		--full-saturate-quant
[runlim] argv[3]:		--no-e-matching
[runlim] argv[4]:		/tmp/mFRbiR28.smt2
[runlim] start:			Sat Feb  9 01:33:48 2019
[runlim] main pid:		18409
[runlim] sample:		9.1 time, 11.0 real, 43.1 MB
[runlim] sample:		18.3 time, 21.0 real, 50.2 MB
[runlim] sample:		26.6 time, 31.0 real, 54.3 MB
[runlim] sample:		34.9 time, 41.0 real, 58.8 MB
[runlim] sample:		43.2 time, 51.0 real, 62.2 MB
[runlim] sample:		51.6 time, 61.0 real, 65.3 MB
[runlim] sample:		61.2 time, 71.0 real, 68.1 MB
[runlim] sample:		71.2 time, 81.0 real, 70.9 MB
[runlim] sample:		81.2 time, 91.0 real, 73.5 MB
[runlim] sample:		90.3 time, 101.0 real, 75.3 MB
[runlim] sample:		98.6 time, 111.0 real, 78.4 MB
[runlim] sample:		108.5 time, 121.0 real, 80.5 MB
[runlim] sample:		118.5 time, 131.0 real, 83.0 MB
[runlim] sample:		128.5 time, 141.0 real, 84.1 MB
[runlim] sample:		138.5 time, 151.0 real, 85.6 MB
[runlim] sample:		148.5 time, 161.0 real, 87.2 MB
[runlim] sample:		158.5 time, 171.0 real, 91.0 MB
[runlim] sample:		168.5 time, 181.0 real, 92.2 MB
[runlim] sample:		178.5 time, 191.0 real, 94.0 MB
[runlim] sample:		188.5 time, 201.0 real, 95.1 MB
[runlim] sample:		198.5 time, 211.0 real, 96.6 MB
[runlim] sample:		208.5 time, 221.0 real, 97.7 MB
[runlim] sample:		217.6 time, 231.0 real, 98.7 MB
[runlim] sample:		227.6 time, 241.0 real, 99.5 MB
[runlim] sample:		237.6 time, 251.0 real, 101.3 MB
[runlim] sample:		247.6 time, 261.0 real, 102.0 MB
[runlim] sample:		257.6 time, 271.0 real, 103.1 MB
[runlim] sample:		267.3 time, 281.0 real, 103.8 MB
[runlim] sample:		276.4 time, 291.0 real, 104.6 MB
[runlim] sample:		286.4 time, 301.0 real, 105.6 MB
[runlim] sample:		295.8 time, 311.0 real, 106.9 MB
[runlim] sample:		304.7 time, 321.0 real, 107.7 MB
[runlim] sample:		313.7 time, 331.0 real, 109.0 MB
[runlim] sample:		322.7 time, 341.0 real, 110.0 MB
[runlim] sample:		332.4 time, 351.0 real, 111.1 MB
[runlim] sample:		342.3 time, 361.0 real, 112.1 MB
[runlim] sample:		351.6 time, 371.0 real, 113.1 MB
[runlim] sample:		359.9 time, 381.0 real, 114.1 MB
[runlim] sample:		368.2 time, 391.0 real, 114.4 MB
[runlim] sample:		376.5 time, 401.0 real, 116.0 MB
[runlim] sample:		385.4 time, 411.0 real, 117.0 MB
[runlim] sample:		395.3 time, 421.0 real, 117.2 MB
[runlim] sample:		405.2 time, 431.0 real, 118.5 MB
[runlim] sample:		415.2 time, 441.0 real, 119.3 MB
[runlim] sample:		425.2 time, 451.0 real, 119.3 MB
[runlim] sample:		435.2 time, 461.0 real, 121.1 MB
[runlim] sample:		444.2 time, 471.0 real, 121.1 MB
[runlim] sample:		452.6 time, 481.0 real, 121.9 MB
[runlim] sample:		460.9 time, 491.0 real, 122.6 MB
[runlim] sample:		469.6 time, 501.0 real, 123.4 MB
[runlim] sample:		478.4 time, 511.0 real, 123.9 MB
[runlim] sample:		487.3 time, 521.0 real, 123.9 MB
[runlim] sample:		496.9 time, 531.0 real, 124.7 MB
[runlim] sample:		506.7 time, 541.0 real, 125.7 MB
[runlim] sample:		516.7 time, 551.0 real, 126.5 MB
[runlim] sample:		526.7 time, 561.0 real, 126.8 MB
[runlim] sample:		536.7 time, 571.0 real, 127.5 MB
[runlim] sample:		546.7 time, 581.0 real, 128.6 MB
[runlim] sample:		556.7 time, 591.0 real, 128.8 MB
[runlim] sample:		565.4 time, 601.0 real, 129.9 MB
[runlim] sample:		573.7 time, 611.0 real, 133.0 MB
[runlim] sample:		582.1 time, 621.0 real, 133.2 MB
[runlim] sample:		590.4 time, 631.0 real, 134.0 MB
[runlim] sample:		598.8 time, 641.0 real, 134.0 MB
[runlim] sample:		607.1 time, 651.0 real, 135.0 MB
[runlim] sample:		616.6 time, 661.0 real, 135.8 MB
[runlim] sample:		626.6 time, 671.0 real, 136.3 MB
[runlim] sample:		636.6 time, 681.0 real, 137.3 MB
[runlim] sample:		646.6 time, 691.0 real, 137.6 MB
[runlim] sample:		656.6 time, 701.0 real, 138.6 MB
[runlim] sample:		666.6 time, 711.0 real, 139.7 MB
[runlim] sample:		676.6 time, 721.0 real, 139.9 MB
[runlim] sample:		686.6 time, 731.0 real, 140.4 MB
[runlim] sample:		696.6 time, 741.0 real, 140.4 MB
[runlim] sample:		706.6 time, 751.0 real, 140.9 MB
[runlim] sample:		716.6 time, 761.0 real, 141.2 MB
[runlim] sample:		726.6 time, 771.0 real, 142.2 MB
[runlim] sample:		736.6 time, 781.0 real, 142.8 MB
[runlim] sample:		746.6 time, 791.0 real, 143.0 MB
[runlim] sample:		756.6 time, 801.0 real, 143.5 MB
[runlim] sample:		766.4 time, 811.0 real, 143.5 MB
[runlim] sample:		776.4 time, 821.0 real, 144.3 MB
[runlim] sample:		786.4 time, 831.0 real, 144.3 MB
[runlim] sample:		796.4 time, 841.0 real, 145.1 MB
[runlim] sample:		806.4 time, 851.0 real, 146.4 MB
[runlim] sample:		816.3 time, 861.0 real, 146.4 MB
[runlim] sample:		826.0 time, 871.0 real, 147.4 MB
[runlim] sample:		835.7 time, 881.0 real, 147.6 MB
[runlim] sample:		844.7 time, 891.0 real, 152.8 MB
[runlim] sample:		852.6 time, 901.0 real, 153.0 MB
[runlim] sample:		860.6 time, 911.0 real, 153.0 MB
[runlim] sample:		869.6 time, 921.0 real, 154.0 MB
[runlim] sample:		877.6 time, 931.0 real, 154.0 MB
[runlim] sample:		885.7 time, 941.0 real, 155.1 MB
[runlim] sample:		895.7 time, 951.0 real, 155.1 MB
[runlim] sample:		905.7 time, 961.0 real, 156.1 MB
[runlim] sample:		915.7 time, 971.0 real, 156.1 MB
[runlim] sample:		925.3 time, 981.0 real, 157.4 MB
[runlim] sample:		935.3 time, 991.0 real, 157.4 MB
[runlim] sample:		944.8 time, 1001.0 real, 158.4 MB
[runlim] sample:		953.6 time, 1011.0 real, 160.5 MB
[runlim] sample:		963.3 time, 1021.0 real, 160.5 MB
[runlim] sample:		971.3 time, 1031.0 real, 160.7 MB
[runlim] sample:		979.3 time, 1041.0 real, 160.7 MB
[runlim] sample:		988.9 time, 1051.0 real, 161.5 MB
[runlim] sample:		998.9 time, 1061.0 real, 162.0 MB
[runlim] sample:		1008.9 time, 1071.0 real, 163.1 MB
[runlim] sample:		1018.9 time, 1081.0 real, 163.1 MB
[runlim] sample:		1028.8 time, 1091.0 real, 164.1 MB
[runlim] sample:		1038.8 time, 1101.0 real, 164.4 MB
[runlim] sample:		1048.8 time, 1111.0 real, 165.4 MB
[runlim] sample:		1058.8 time, 1121.0 real, 165.4 MB
[runlim] sample:		1068.8 time, 1131.0 real, 165.9 MB
[runlim] sample:		1078.8 time, 1141.0 real, 166.2 MB
[runlim] sample:		1088.8 time, 1151.0 real, 166.7 MB
[runlim] sample:		1098.8 time, 1161.0 real, 166.7 MB
[runlim] sample:		1108.8 time, 1171.0 real, 166.9 MB
[runlim] sample:		1118.8 time, 1181.0 real, 167.4 MB
[runlim] sample:		1128.8 time, 1191.0 real, 167.7 MB
[runlim] sample:		1138.8 time, 1201.0 real, 168.0 MB
[runlim] sample:		1148.8 time, 1211.0 real, 168.2 MB
[runlim] sample:		1158.8 time, 1221.0 real, 168.7 MB
[runlim] sample:		1168.8 time, 1231.0 real, 168.7 MB
[runlim] sample:		1178.8 time, 1241.0 real, 169.2 MB
[runlim] sample:		1188.8 time, 1251.0 real, 169.5 MB
[runlim] sample:		1198.8 time, 1261.0 real, 169.8 MB
[runlim] sample:		1208.8 time, 1271.0 real, 170.0 MB
[runlim] sample:		1218.8 time, 1281.0 real, 170.3 MB
[runlim] sample:		1228.8 time, 1291.0 real, 171.6 MB
[runlim] sample:		1238.8 time, 1301.0 real, 171.6 MB
[runlim] sample:		1248.8 time, 1311.0 real, 172.3 MB
[runlim] sample:		1258.8 time, 1321.0 real, 172.6 MB
[runlim] sample:		1268.8 time, 1331.0 real, 172.9 MB
[runlim] sample:		1278.8 time, 1341.0 real, 174.1 MB
[runlim] sample:		1288.8 time, 1351.0 real, 174.1 MB
[runlim] sample:		1298.8 time, 1361.0 real, 175.2 MB
[runlim] sample:		1308.8 time, 1371.0 real, 175.2 MB
[runlim] sample:		1318.8 time, 1381.0 real, 175.4 MB
[runlim] sample:		1328.8 time, 1391.0 real, 176.2 MB
[runlim] sample:		1338.8 time, 1401.0 real, 176.2 MB
[runlim] sample:		1348.8 time, 1411.0 real, 177.2 MB
[runlim] sample:		1358.8 time, 1421.0 real, 177.2 MB
[runlim] sample:		1368.8 time, 1431.0 real, 177.2 MB
[runlim] sample:		1378.8 time, 1441.0 real, 178.3 MB
[runlim] sample:		1388.8 time, 1451.0 real, 178.3 MB
[runlim] sample:		1398.8 time, 1461.0 real, 178.3 MB
[runlim] sample:		1408.8 time, 1471.0 real, 179.6 MB
[runlim] sample:		1418.8 time, 1481.0 real, 179.6 MB
[runlim] sample:		1428.8 time, 1491.0 real, 180.6 MB
[runlim] sample:		1438.8 time, 1501.0 real, 180.6 MB
[runlim] sample:		1448.8 time, 1511.0 real, 180.8 MB
[runlim] sample:		1458.8 time, 1521.0 real, 181.1 MB
[runlim] sample:		1468.8 time, 1531.0 real, 181.4 MB
[runlim] sample:		1478.8 time, 1541.0 real, 181.4 MB
[runlim] sample:		1488.8 time, 1551.0 real, 182.4 MB
[runlim] sample:		1498.8 time, 1561.0 real, 182.4 MB
[runlim] sample:		1508.8 time, 1571.0 real, 182.9 MB
[runlim] sample:		1518.8 time, 1581.0 real, 183.7 MB
[runlim] sample:		1528.8 time, 1591.0 real, 183.7 MB
[runlim] sample:		1538.8 time, 1601.0 real, 183.9 MB
[runlim] sample:		1548.8 time, 1611.0 real, 184.2 MB
[runlim] sample:		1558.8 time, 1621.0 real, 184.2 MB
[runlim] sample:		1568.8 time, 1631.0 real, 184.2 MB
[runlim] sample:		1578.8 time, 1641.0 real, 184.4 MB
[runlim] sample:		1588.8 time, 1651.0 real, 184.4 MB
[runlim] sample:		1598.8 time, 1661.0 real, 185.2 MB
[runlim] sample:		1608.8 time, 1671.0 real, 185.2 MB
[runlim] sample:		1618.8 time, 1681.0 real, 185.2 MB
[runlim] sample:		1628.8 time, 1691.0 real, 186.2 MB
[runlim] sample:		1638.8 time, 1701.0 real, 186.2 MB
[runlim] sample:		1648.8 time, 1711.0 real, 186.5 MB
[runlim] sample:		1658.8 time, 1721.0 real, 187.0 MB
[runlim] sample:		1668.8 time, 1731.0 real, 187.0 MB
[runlim] sample:		1678.8 time, 1741.0 real, 187.0 MB
[runlim] sample:		1688.8 time, 1751.0 real, 188.6 MB
[runlim] sample:		1698.8 time, 1761.0 real, 188.6 MB
[runlim] sample:		1708.8 time, 1771.0 real, 188.6 MB
[runlim] sample:		1718.8 time, 1781.0 real, 189.3 MB
[runlim] sample:		1728.8 time, 1791.0 real, 189.3 MB
[runlim] sample:		1738.8 time, 1801.0 real, 189.3 MB
[runlim] sample:		1748.8 time, 1811.0 real, 190.9 MB
[runlim] sample:		1758.8 time, 1821.0 real, 190.9 MB
[runlim] sample:		1768.8 time, 1831.0 real, 190.9 MB
[runlim] sample:		1778.8 time, 1841.0 real, 191.9 MB
[runlim] sample:		1788.8 time, 1851.0 real, 191.9 MB
[runlim] end:			Sat Feb  9 02:04:48 2019
[runlim] status:		signal(9)
[runlim] result:		11
[runlim] children:		0
[runlim] real:			1860.77 seconds
[runlim] time:			1798.56 seconds
[runlim] space:			191.9 MB
[runlim] samples:		18598
