[runlim] version:		1.10fixed
[runlim] time limit:		1800 seconds
[runlim] real time limit:	311040000 seconds
[runlim] space limit:		4000 MB
[runlim] argv[0]:		./cvc4
[runlim] argv[1]:		--nl-ext-tplanes
[runlim] argv[2]:		--full-saturate-quant
[runlim] argv[3]:		--no-e-matching
[runlim] argv[4]:		/tmp/MFuTgPkU.smt2
[runlim] start:			Sat Feb  9 01:27:33 2019
[runlim] main pid:		2497
[runlim] sample:		9.0 time, 10.6 real, 43.2 MB
[runlim] sample:		18.1 time, 20.6 real, 50.4 MB
[runlim] sample:		26.3 time, 30.6 real, 54.7 MB
[runlim] sample:		36.3 time, 40.6 real, 59.9 MB
[runlim] sample:		46.0 time, 50.6 real, 63.2 MB
[runlim] sample:		54.5 time, 60.6 real, 66.1 MB
[runlim] sample:		62.7 time, 70.6 real, 68.6 MB
[runlim] sample:		70.0 time, 80.6 real, 70.7 MB
[runlim] sample:		78.7 time, 90.6 real, 72.8 MB
[runlim] sample:		88.7 time, 100.6 real, 74.8 MB
[runlim] sample:		98.1 time, 110.6 real, 78.0 MB
[runlim] sample:		108.1 time, 120.6 real, 80.3 MB
[runlim] sample:		118.1 time, 130.6 real, 82.9 MB
[runlim] sample:		128.1 time, 140.6 real, 84.4 MB
[runlim] sample:		136.4 time, 150.6 real, 85.4 MB
[runlim] sample:		143.6 time, 160.6 real, 86.2 MB
[runlim] sample:		152.8 time, 170.6 real, 87.7 MB
[runlim] sample:		160.2 time, 180.6 real, 90.6 MB
[runlim] sample:		167.4 time, 190.6 real, 91.9 MB
[runlim] sample:		174.7 time, 200.6 real, 92.9 MB
[runlim] sample:		183.6 time, 210.6 real, 94.8 MB
[runlim] sample:		192.2 time, 220.6 real, 95.3 MB
[runlim] sample:		202.2 time, 230.6 real, 96.8 MB
[runlim] sample:		212.2 time, 240.6 real, 98.4 MB
[runlim] sample:		222.2 time, 250.6 real, 99.1 MB
[runlim] sample:		231.1 time, 260.6 real, 100.2 MB
[runlim] sample:		240.6 time, 270.6 real, 100.9 MB
[runlim] sample:		250.6 time, 280.6 real, 102.2 MB
[runlim] sample:		260.6 time, 290.6 real, 103.3 MB
[runlim] sample:		270.6 time, 300.6 real, 104.5 MB
[runlim] sample:		279.7 time, 310.6 real, 105.3 MB
[runlim] sample:		288.6 time, 320.6 real, 106.6 MB
[runlim] sample:		298.6 time, 330.6 real, 107.4 MB
[runlim] sample:		308.6 time, 340.6 real, 108.7 MB
[runlim] sample:		317.8 time, 350.6 real, 109.7 MB
[runlim] sample:		327.7 time, 360.6 real, 110.7 MB
[runlim] sample:		337.7 time, 370.6 real, 111.8 MB
[runlim] sample:		347.7 time, 380.6 real, 113.3 MB
[runlim] sample:		357.7 time, 390.6 real, 114.1 MB
[runlim] sample:		367.6 time, 400.6 real, 115.6 MB
[runlim] sample:		377.5 time, 410.6 real, 115.9 MB
[runlim] sample:		385.0 time, 420.6 real, 116.6 MB
[runlim] sample:		392.9 time, 430.6 real, 117.2 MB
[runlim] sample:		402.9 time, 440.6 real, 118.4 MB
[runlim] sample:		411.9 time, 450.6 real, 118.4 MB
[runlim] sample:		421.5 time, 460.6 real, 119.2 MB
[runlim] sample:		431.5 time, 470.6 real, 120.8 MB
[runlim] sample:		441.5 time, 480.6 real, 120.8 MB
[runlim] sample:		451.5 time, 490.6 real, 121.5 MB
[runlim] sample:		461.4 time, 500.6 real, 123.1 MB
[runlim] sample:		471.3 time, 510.6 real, 123.3 MB
[runlim] sample:		481.3 time, 520.6 real, 123.9 MB
[runlim] sample:		490.3 time, 530.6 real, 124.6 MB
[runlim] sample:		500.0 time, 540.6 real, 125.4 MB
[runlim] sample:		509.6 time, 550.6 real, 125.7 MB
[runlim] sample:		519.2 time, 560.6 real, 126.4 MB
[runlim] sample:		528.9 time, 570.6 real, 127.5 MB
[runlim] sample:		538.0 time, 580.6 real, 127.5 MB
[runlim] sample:		547.6 time, 590.6 real, 128.5 MB
[runlim] sample:		557.6 time, 600.6 real, 129.5 MB
[runlim] sample:		567.6 time, 610.6 real, 129.5 MB
[runlim] sample:		577.6 time, 620.6 real, 132.6 MB
[runlim] sample:		587.3 time, 630.6 real, 133.1 MB
[runlim] sample:		597.1 time, 640.6 real, 133.8 MB
[runlim] sample:		607.1 time, 650.6 real, 134.9 MB
[runlim] sample:		616.3 time, 660.6 real, 135.6 MB
[runlim] sample:		626.3 time, 670.6 real, 136.2 MB
[runlim] sample:		634.2 time, 680.6 real, 137.2 MB
[runlim] sample:		641.7 time, 690.6 real, 137.4 MB
[runlim] sample:		651.5 time, 700.6 real, 138.5 MB
[runlim] sample:		660.3 time, 710.6 real, 138.5 MB
[runlim] sample:		670.3 time, 720.6 real, 139.5 MB
[runlim] sample:		680.3 time, 730.6 real, 140.0 MB
[runlim] sample:		690.3 time, 740.6 real, 140.3 MB
[runlim] sample:		699.0 time, 750.6 real, 140.8 MB
[runlim] sample:		708.7 time, 760.6 real, 140.8 MB
[runlim] sample:		718.3 time, 770.6 real, 141.6 MB
[runlim] sample:		726.8 time, 780.6 real, 142.1 MB
[runlim] sample:		736.8 time, 790.6 real, 142.6 MB
[runlim] sample:		746.8 time, 800.6 real, 142.6 MB
[runlim] sample:		756.8 time, 810.6 real, 143.1 MB
[runlim] sample:		766.8 time, 820.6 real, 143.6 MB
[runlim] sample:		776.7 time, 830.6 real, 143.9 MB
[runlim] sample:		785.9 time, 840.6 real, 144.4 MB
[runlim] sample:		795.0 time, 850.6 real, 145.4 MB
[runlim] sample:		803.0 time, 860.6 real, 146.2 MB
[runlim] sample:		810.9 time, 870.6 real, 146.2 MB
[runlim] sample:		818.9 time, 880.6 real, 146.2 MB
[runlim] sample:		828.0 time, 890.6 real, 147.5 MB
[runlim] sample:		836.2 time, 900.6 real, 147.5 MB
[runlim] sample:		844.4 time, 910.6 real, 152.8 MB
[runlim] sample:		852.6 time, 920.6 real, 152.8 MB
[runlim] sample:		861.1 time, 930.6 real, 153.6 MB
[runlim] sample:		871.1 time, 940.6 real, 153.8 MB
[runlim] sample:		881.1 time, 950.6 real, 154.6 MB
[runlim] sample:		890.8 time, 960.6 real, 154.9 MB
[runlim] sample:		900.1 time, 970.6 real, 155.6 MB
[runlim] sample:		908.6 time, 980.6 real, 155.9 MB
[runlim] sample:		917.5 time, 990.6 real, 155.9 MB
[runlim] sample:		926.4 time, 1000.6 real, 157.2 MB
[runlim] sample:		935.5 time, 1010.6 real, 157.2 MB
[runlim] sample:		944.6 time, 1020.6 real, 158.5 MB
[runlim] sample:		953.3 time, 1030.6 real, 160.3 MB
[runlim] sample:		962.6 time, 1040.6 real, 160.3 MB
[runlim] sample:		970.8 time, 1050.6 real, 160.5 MB
[runlim] sample:		979.0 time, 1060.6 real, 161.3 MB
[runlim] sample:		987.6 time, 1070.6 real, 161.3 MB
[runlim] sample:		997.0 time, 1080.6 real, 161.8 MB
[runlim] sample:		1006.7 time, 1090.6 real, 162.8 MB
[runlim] sample:		1016.7 time, 1100.6 real, 162.8 MB
[runlim] sample:		1026.7 time, 1110.6 real, 164.1 MB
[runlim] sample:		1036.6 time, 1120.6 real, 164.1 MB
[runlim] sample:		1046.3 time, 1130.6 real, 165.2 MB
[runlim] sample:		1056.3 time, 1140.6 real, 165.2 MB
[runlim] sample:		1064.8 time, 1150.6 real, 165.2 MB
[runlim] sample:		1074.7 time, 1160.6 real, 165.7 MB
[runlim] sample:		1084.7 time, 1170.6 real, 165.9 MB
[runlim] sample:		1094.7 time, 1180.6 real, 166.5 MB
[runlim] sample:		1104.7 time, 1190.6 real, 166.7 MB
[runlim] sample:		1114.7 time, 1200.6 real, 167.2 MB
[runlim] sample:		1124.7 time, 1210.6 real, 167.2 MB
[runlim] sample:		1134.7 time, 1220.6 real, 167.2 MB
[runlim] sample:		1144.7 time, 1230.6 real, 168.0 MB
[runlim] sample:		1154.7 time, 1240.6 real, 168.0 MB
[runlim] sample:		1164.7 time, 1250.6 real, 168.5 MB
[runlim] sample:		1174.7 time, 1260.6 real, 168.5 MB
[runlim] sample:		1184.7 time, 1270.6 real, 169.3 MB
[runlim] sample:		1194.7 time, 1280.6 real, 169.3 MB
[runlim] sample:		1204.7 time, 1290.6 real, 169.8 MB
[runlim] sample:		1214.7 time, 1300.6 real, 170.1 MB
[runlim] sample:		1224.7 time, 1310.6 real, 170.1 MB
[runlim] sample:		1234.7 time, 1320.6 real, 171.4 MB
[runlim] sample:		1244.7 time, 1330.6 real, 171.4 MB
[runlim] sample:		1254.7 time, 1340.6 real, 172.6 MB
[runlim] sample:		1264.7 time, 1350.6 real, 172.6 MB
[runlim] sample:		1274.7 time, 1360.6 real, 172.6 MB
[runlim] sample:		1284.7 time, 1370.6 real, 173.7 MB
[runlim] sample:		1294.7 time, 1380.6 real, 174.4 MB
[runlim] sample:		1304.7 time, 1390.6 real, 175.0 MB
[runlim] sample:		1314.7 time, 1400.6 real, 175.0 MB
[runlim] sample:		1324.7 time, 1410.6 real, 175.0 MB
[runlim] sample:		1334.7 time, 1420.6 real, 176.0 MB
[runlim] sample:		1344.7 time, 1430.6 real, 176.0 MB
[runlim] sample:		1354.7 time, 1440.6 real, 177.0 MB
[runlim] sample:		1364.7 time, 1450.6 real, 177.0 MB
[runlim] sample:		1374.7 time, 1460.6 real, 177.0 MB
[runlim] sample:		1384.7 time, 1470.6 real, 177.8 MB
[runlim] sample:		1394.7 time, 1480.6 real, 178.0 MB
[runlim] sample:		1404.7 time, 1490.6 real, 178.0 MB
[runlim] sample:		1414.7 time, 1500.6 real, 178.0 MB
[runlim] sample:		1424.7 time, 1510.6 real, 178.0 MB
[runlim] sample:		1434.7 time, 1520.6 real, 179.6 MB
[runlim] sample:		1444.7 time, 1530.6 real, 179.8 MB
[runlim] sample:		1454.7 time, 1540.6 real, 180.1 MB
[runlim] sample:		1464.7 time, 1550.6 real, 181.1 MB
[runlim] sample:		1474.7 time, 1560.6 real, 181.1 MB
[runlim] sample:		1484.7 time, 1570.6 real, 182.4 MB
[runlim] sample:		1494.7 time, 1580.6 real, 182.4 MB
[runlim] sample:		1504.7 time, 1590.6 real, 182.4 MB
[runlim] sample:		1514.7 time, 1600.6 real, 183.2 MB
[runlim] sample:		1524.7 time, 1610.6 real, 183.2 MB
[runlim] sample:		1534.7 time, 1620.6 real, 183.2 MB
[runlim] sample:		1544.7 time, 1630.6 real, 184.5 MB
[runlim] sample:		1554.7 time, 1640.6 real, 184.5 MB
[runlim] sample:		1564.7 time, 1650.6 real, 184.5 MB
[runlim] sample:		1574.7 time, 1660.6 real, 185.0 MB
[runlim] sample:		1584.7 time, 1670.6 real, 185.0 MB
[runlim] sample:		1594.7 time, 1680.6 real, 185.0 MB
[runlim] sample:		1604.7 time, 1690.6 real, 185.5 MB
[runlim] sample:		1614.6 time, 1700.6 real, 185.5 MB
[runlim] sample:		1624.6 time, 1710.6 real, 185.5 MB
[runlim] sample:		1634.6 time, 1720.6 real, 185.8 MB
[runlim] sample:		1644.6 time, 1730.6 real, 186.0 MB
[runlim] sample:		1654.6 time, 1740.6 real, 186.0 MB
[runlim] sample:		1664.6 time, 1750.6 real, 187.1 MB
[runlim] sample:		1674.6 time, 1760.6 real, 187.3 MB
[runlim] sample:		1684.6 time, 1770.6 real, 187.3 MB
[runlim] sample:		1694.6 time, 1780.6 real, 188.1 MB
[runlim] sample:		1704.6 time, 1790.6 real, 188.1 MB
[runlim] sample:		1714.6 time, 1800.6 real, 188.3 MB
[runlim] sample:		1724.6 time, 1810.6 real, 188.6 MB
[runlim] sample:		1734.6 time, 1820.6 real, 189.6 MB
[runlim] sample:		1744.6 time, 1830.6 real, 189.6 MB
[runlim] sample:		1754.6 time, 1840.6 real, 189.6 MB
[runlim] sample:		1764.6 time, 1850.6 real, 190.4 MB
[runlim] sample:		1774.6 time, 1860.6 real, 190.7 MB
[runlim] sample:		1784.6 time, 1870.6 real, 190.7 MB
[runlim] sample:		1794.6 time, 1880.6 real, 191.4 MB
CVC4 interrupted by SIGTERM.
[runlim] end:			Sat Feb  9 01:58:59 2019
[runlim] status:		out of time
[runlim] result:		2
[runlim] children:		0
[runlim] real:			1886.05 seconds
[runlim] time:			1800.03 seconds
[runlim] space:			191.7 MB
[runlim] samples:		18854
