[runlim] version:		1.10fixed
[runlim] time limit:		1800 seconds
[runlim] real time limit:	311040000 seconds
[runlim] space limit:		4000 MB
[runlim] argv[0]:		./cvc4
[runlim] argv[1]:		--nl-ext-tplanes
[runlim] argv[2]:		--full-saturate-quant
[runlim] argv[3]:		--no-e-matching
[runlim] argv[4]:		/tmp/d6Jp0VGM.smt2
[runlim] start:			Wed Feb  6 06:32:30 2019
[runlim] main pid:		21282
[runlim] sample:		10.0 time, 10.9 real, 44.4 MB
[runlim] sample:		20.0 time, 20.9 real, 50.8 MB
[runlim] sample:		30.0 time, 30.9 real, 56.1 MB
[runlim] sample:		40.0 time, 40.9 real, 61.1 MB
[runlim] sample:		49.3 time, 50.9 real, 64.5 MB
[runlim] sample:		57.6 time, 60.9 real, 67.0 MB
[runlim] sample:		67.3 time, 70.9 real, 69.1 MB
[runlim] sample:		76.8 time, 80.9 real, 71.7 MB
[runlim] sample:		86.5 time, 90.9 real, 73.7 MB
[runlim] sample:		96.5 time, 100.9 real, 76.3 MB
[runlim] sample:		106.2 time, 110.9 real, 78.1 MB
[runlim] sample:		116.0 time, 120.9 real, 81.7 MB
[runlim] sample:		126.0 time, 130.9 real, 83.5 MB
[runlim] sample:		136.0 time, 140.9 real, 84.6 MB
[runlim] sample:		146.0 time, 150.9 real, 86.4 MB
[runlim] sample:		156.0 time, 160.9 real, 87.9 MB
[runlim] sample:		166.0 time, 170.9 real, 88.9 MB
[runlim] sample:		176.0 time, 180.9 real, 90.2 MB
[runlim] sample:		186.0 time, 190.9 real, 91.5 MB
[runlim] sample:		196.0 time, 200.9 real, 95.1 MB
[runlim] sample:		205.8 time, 210.9 real, 96.2 MB
[runlim] sample:		215.4 time, 220.9 real, 98.0 MB
[runlim] sample:		225.1 time, 230.9 real, 99.0 MB
[runlim] sample:		234.4 time, 240.9 real, 99.8 MB
[runlim] sample:		244.2 time, 250.9 real, 100.5 MB
[runlim] sample:		253.9 time, 260.9 real, 101.8 MB
[runlim] sample:		263.6 time, 270.9 real, 103.6 MB
[runlim] sample:		273.6 time, 280.9 real, 104.9 MB
[runlim] sample:		283.6 time, 290.9 real, 106.0 MB
[runlim] sample:		293.3 time, 300.9 real, 107.0 MB
[runlim] sample:		302.9 time, 310.9 real, 108.0 MB
[runlim] sample:		311.4 time, 320.9 real, 109.0 MB
[runlim] sample:		320.4 time, 330.9 real, 110.1 MB
[runlim] sample:		330.4 time, 340.9 real, 111.1 MB
[runlim] sample:		340.4 time, 350.9 real, 111.6 MB
[runlim] sample:		350.1 time, 360.9 real, 112.4 MB
[runlim] sample:		359.0 time, 370.9 real, 113.4 MB
[runlim] sample:		368.3 time, 380.9 real, 113.7 MB
[runlim] sample:		378.2 time, 390.9 real, 114.4 MB
[runlim] sample:		387.9 time, 400.9 real, 115.7 MB
[runlim] sample:		397.2 time, 410.9 real, 116.3 MB
[runlim] sample:		407.1 time, 420.9 real, 118.1 MB
[runlim] sample:		416.9 time, 430.9 real, 118.3 MB
[runlim] sample:		426.9 time, 440.9 real, 119.3 MB
[runlim] sample:		436.5 time, 450.9 real, 119.6 MB
[runlim] sample:		445.8 time, 460.9 real, 121.7 MB
[runlim] sample:		455.4 time, 470.9 real, 121.9 MB
[runlim] sample:		465.1 time, 480.9 real, 122.9 MB
[runlim] sample:		475.1 time, 490.9 real, 122.9 MB
[runlim] sample:		485.1 time, 500.9 real, 124.2 MB
[runlim] sample:		495.0 time, 510.9 real, 125.3 MB
[runlim] sample:		504.6 time, 520.9 real, 125.5 MB
[runlim] sample:		512.9 time, 530.9 real, 125.5 MB
[runlim] sample:		521.4 time, 540.9 real, 127.1 MB
[runlim] sample:		531.2 time, 550.9 real, 127.6 MB
[runlim] sample:		540.6 time, 560.9 real, 127.6 MB
[runlim] sample:		550.2 time, 570.9 real, 128.6 MB
[runlim] sample:		559.8 time, 580.9 real, 129.1 MB
[runlim] sample:		569.7 time, 590.9 real, 129.4 MB
[runlim] sample:		579.5 time, 600.9 real, 130.2 MB
[runlim] sample:		589.5 time, 610.9 real, 130.9 MB
[runlim] sample:		599.3 time, 620.9 real, 130.9 MB
[runlim] sample:		609.2 time, 630.9 real, 131.7 MB
[runlim] sample:		619.2 time, 640.9 real, 132.5 MB
[runlim] sample:		628.9 time, 650.9 real, 132.5 MB
[runlim] sample:		638.6 time, 660.9 real, 133.2 MB
[runlim] sample:		648.1 time, 670.9 real, 133.2 MB
[runlim] sample:		658.1 time, 680.9 real, 134.5 MB
[runlim] sample:		668.1 time, 690.9 real, 137.4 MB
[runlim] sample:		678.0 time, 700.9 real, 137.4 MB
[runlim] sample:		687.7 time, 710.9 real, 138.4 MB
[runlim] sample:		697.4 time, 720.9 real, 139.5 MB
[runlim] sample:		707.4 time, 730.9 real, 139.5 MB
[runlim] sample:		717.4 time, 740.9 real, 140.5 MB
[runlim] sample:		727.4 time, 750.9 real, 140.5 MB
[runlim] sample:		737.2 time, 760.9 real, 141.5 MB
[runlim] sample:		746.6 time, 770.9 real, 141.5 MB
[runlim] sample:		755.9 time, 780.9 real, 142.6 MB
[runlim] sample:		765.2 time, 790.9 real, 142.6 MB
[runlim] sample:		774.0 time, 800.9 real, 144.1 MB
[runlim] sample:		784.0 time, 810.9 real, 145.1 MB
[runlim] sample:		794.0 time, 820.9 real, 145.1 MB
[runlim] sample:		804.0 time, 830.9 real, 146.4 MB
[runlim] sample:		814.0 time, 840.9 real, 146.7 MB
[runlim] sample:		823.4 time, 850.9 real, 147.5 MB
[runlim] sample:		833.4 time, 860.9 real, 147.5 MB
[runlim] sample:		843.4 time, 870.9 real, 148.5 MB
[runlim] sample:		853.4 time, 880.9 real, 148.5 MB
[runlim] sample:		863.4 time, 890.9 real, 149.8 MB
[runlim] sample:		873.4 time, 900.9 real, 149.8 MB
[runlim] sample:		883.4 time, 910.9 real, 150.3 MB
[runlim] sample:		893.4 time, 920.9 real, 150.6 MB
[runlim] sample:		903.4 time, 930.9 real, 151.1 MB
[runlim] sample:		912.5 time, 940.9 real, 151.1 MB
[runlim] sample:		922.5 time, 950.9 real, 151.6 MB
[runlim] sample:		932.4 time, 960.9 real, 153.9 MB
[runlim] sample:		941.1 time, 970.9 real, 158.2 MB
[runlim] sample:		949.8 time, 980.9 real, 158.2 MB
[runlim] sample:		959.3 time, 990.9 real, 158.2 MB
[runlim] sample:		969.0 time, 1000.9 real, 158.2 MB
[runlim] sample:		978.6 time, 1010.9 real, 158.2 MB
[runlim] sample:		988.3 time, 1020.9 real, 159.2 MB
[runlim] sample:		997.6 time, 1030.9 real, 159.5 MB
[runlim] sample:		1007.0 time, 1040.9 real, 160.5 MB
[runlim] sample:		1015.5 time, 1050.9 real, 160.5 MB
[runlim] sample:		1025.5 time, 1060.9 real, 161.3 MB
[runlim] sample:		1035.5 time, 1070.9 real, 161.3 MB
[runlim] sample:		1044.6 time, 1080.9 real, 162.3 MB
[runlim] sample:		1053.8 time, 1090.9 real, 162.3 MB
[runlim] sample:		1063.7 time, 1100.9 real, 162.6 MB
[runlim] sample:		1073.2 time, 1110.9 real, 163.3 MB
[runlim] sample:		1082.8 time, 1120.9 real, 163.3 MB
[runlim] sample:		1092.5 time, 1130.9 real, 164.1 MB
[runlim] sample:		1101.5 time, 1140.9 real, 164.1 MB
[runlim] sample:		1110.4 time, 1150.9 real, 165.1 MB
[runlim] sample:		1120.4 time, 1160.9 real, 165.4 MB
[runlim] sample:		1130.4 time, 1170.9 real, 165.4 MB
[runlim] sample:		1140.3 time, 1180.9 real, 166.2 MB
[runlim] sample:		1150.2 time, 1190.9 real, 166.2 MB
[runlim] sample:		1160.2 time, 1200.9 real, 167.2 MB
[runlim] sample:		1170.2 time, 1210.9 real, 167.5 MB
[runlim] sample:		1180.2 time, 1220.9 real, 168.2 MB
[runlim] sample:		1190.2 time, 1230.9 real, 168.5 MB
[runlim] sample:		1200.2 time, 1240.9 real, 168.5 MB
[runlim] sample:		1210.2 time, 1250.9 real, 169.5 MB
[runlim] sample:		1220.2 time, 1260.9 real, 169.5 MB
[runlim] sample:		1230.1 time, 1270.9 real, 170.5 MB
[runlim] sample:		1239.7 time, 1280.9 real, 170.5 MB
[runlim] sample:		1249.4 time, 1290.9 real, 171.1 MB
[runlim] sample:		1259.1 time, 1300.9 real, 171.8 MB
[runlim] sample:		1268.8 time, 1310.9 real, 172.1 MB
[runlim] sample:		1278.8 time, 1320.9 real, 172.9 MB
[runlim] sample:		1287.7 time, 1330.9 real, 173.1 MB
[runlim] sample:		1296.5 time, 1340.9 real, 173.1 MB
[runlim] sample:		1304.9 time, 1350.9 real, 174.1 MB
[runlim] sample:		1313.0 time, 1360.9 real, 174.1 MB
[runlim] sample:		1321.3 time, 1370.9 real, 174.1 MB
[runlim] sample:		1330.4 time, 1380.9 real, 175.2 MB
[runlim] sample:		1338.7 time, 1390.9 real, 175.7 MB
[runlim] sample:		1347.3 time, 1400.9 real, 175.7 MB
[runlim] sample:		1356.8 time, 1410.9 real, 175.7 MB
[runlim] sample:		1366.0 time, 1420.9 real, 176.0 MB
[runlim] sample:		1375.3 time, 1430.9 real, 176.0 MB
[runlim] sample:		1385.0 time, 1440.9 real, 176.5 MB
[runlim] sample:		1394.0 time, 1450.9 real, 176.5 MB
[runlim] sample:		1402.1 time, 1460.9 real, 176.5 MB
[runlim] sample:		1411.2 time, 1470.9 real, 177.0 MB
[runlim] sample:		1420.5 time, 1480.9 real, 177.0 MB
[runlim] sample:		1428.7 time, 1490.9 real, 177.0 MB
[runlim] sample:		1436.8 time, 1500.9 real, 177.8 MB
[runlim] sample:		1445.0 time, 1510.9 real, 177.8 MB
[runlim] sample:		1453.8 time, 1520.9 real, 177.8 MB
[runlim] sample:		1463.2 time, 1530.9 real, 178.8 MB
[runlim] sample:		1472.9 time, 1540.9 real, 179.0 MB
[runlim] sample:		1482.9 time, 1550.9 real, 179.0 MB
[runlim] sample:		1492.9 time, 1560.9 real, 180.1 MB
[runlim] sample:		1502.8 time, 1570.9 real, 180.1 MB
[runlim] sample:		1512.5 time, 1580.9 real, 180.1 MB
[runlim] sample:		1522.2 time, 1590.9 real, 181.4 MB
[runlim] sample:		1531.8 time, 1600.9 real, 181.4 MB
[runlim] sample:		1541.5 time, 1610.9 real, 181.4 MB
[runlim] sample:		1551.2 time, 1620.9 real, 182.1 MB
[runlim] sample:		1560.9 time, 1630.9 real, 182.1 MB
[runlim] sample:		1570.6 time, 1640.9 real, 182.1 MB
[runlim] sample:		1580.3 time, 1650.9 real, 182.9 MB
[runlim] sample:		1589.9 time, 1660.9 real, 183.2 MB
[runlim] sample:		1599.4 time, 1670.9 real, 183.2 MB
[runlim] sample:		1608.7 time, 1680.9 real, 183.9 MB
[runlim] sample:		1618.0 time, 1690.9 real, 183.9 MB
[runlim] sample:		1627.5 time, 1700.9 real, 183.9 MB
[runlim] sample:		1637.2 time, 1710.9 real, 184.7 MB
[runlim] sample:		1646.8 time, 1720.9 real, 185.0 MB
[runlim] sample:		1656.6 time, 1730.9 real, 185.0 MB
[runlim] sample:		1666.6 time, 1740.9 real, 186.0 MB
[runlim] sample:		1676.4 time, 1750.9 real, 186.0 MB
[runlim] sample:		1686.1 time, 1760.9 real, 186.0 MB
[runlim] sample:		1695.9 time, 1770.9 real, 186.8 MB
[runlim] sample:		1705.9 time, 1780.9 real, 186.8 MB
[runlim] sample:		1715.9 time, 1790.9 real, 186.8 MB
[runlim] sample:		1725.7 time, 1800.9 real, 187.3 MB
[runlim] sample:		1735.0 time, 1810.9 real, 187.3 MB
[runlim] sample:		1744.2 time, 1820.9 real, 187.3 MB
[runlim] sample:		1753.6 time, 1830.9 real, 187.3 MB
[runlim] sample:		1763.6 time, 1840.9 real, 188.8 MB
[runlim] sample:		1773.6 time, 1850.9 real, 188.8 MB
[runlim] sample:		1783.6 time, 1860.9 real, 188.8 MB
[runlim] sample:		1793.6 time, 1870.9 real, 189.9 MB
CVC4 interrupted by SIGTERM.
[runlim] end:			Wed Feb  6 07:03:47 2019
[runlim] status:		out of time
[runlim] result:		2
[runlim] children:		0
[runlim] real:			1877.40 seconds
[runlim] time:			1800.09 seconds
[runlim] space:			189.9 MB
[runlim] samples:		18765
