[runlim] version:		1.10fixed
[runlim] time limit:		1800 seconds
[runlim] real time limit:	311040000 seconds
[runlim] space limit:		4000 MB
[runlim] argv[0]:		./cvc4
[runlim] argv[1]:		--nl-ext-tplanes
[runlim] argv[2]:		--full-saturate-quant
[runlim] argv[3]:		--no-e-matching
[runlim] argv[4]:		/tmp/PJSTkRI3.smt2
[runlim] start:			Sat Feb  9 01:26:41 2019
[runlim] main pid:		22565
[runlim] sample:		8.9 time, 10.0 real, 34.1 MB
[runlim] sample:		18.8 time, 20.0 real, 35.4 MB
[runlim] sample:		28.6 time, 30.0 real, 37.0 MB
[runlim] sample:		37.4 time, 40.0 real, 38.3 MB
[runlim] sample:		45.1 time, 50.0 real, 39.6 MB
[runlim] sample:		54.1 time, 60.0 real, 40.6 MB
[runlim] sample:		63.6 time, 70.0 real, 41.9 MB
[runlim] sample:		73.1 time, 80.0 real, 43.7 MB
[runlim] sample:		81.8 time, 90.0 real, 44.4 MB
[runlim] sample:		91.8 time, 100.0 real, 46.2 MB
[runlim] sample:		101.8 time, 110.0 real, 47.5 MB
[runlim] sample:		111.8 time, 120.0 real, 48.8 MB
[runlim] sample:		120.4 time, 130.0 real, 50.1 MB
[runlim] sample:		129.6 time, 140.0 real, 51.1 MB
[runlim] sample:		137.7 time, 150.0 real, 52.2 MB
[runlim] sample:		147.0 time, 160.0 real, 53.2 MB
[runlim] sample:		156.9 time, 170.0 real, 54.2 MB
[runlim] sample:		166.8 time, 180.0 real, 55.5 MB
[runlim] sample:		175.8 time, 190.0 real, 56.6 MB
[runlim] sample:		185.5 time, 200.0 real, 57.8 MB
[runlim] sample:		195.4 time, 210.0 real, 58.9 MB
[runlim] sample:		205.3 time, 220.0 real, 60.7 MB
[runlim] sample:		215.3 time, 230.0 real, 62.5 MB
[runlim] sample:		225.3 time, 240.0 real, 63.8 MB
[runlim] sample:		235.1 time, 250.0 real, 65.1 MB
[runlim] sample:		244.8 time, 260.0 real, 65.8 MB
[runlim] sample:		254.2 time, 270.0 real, 66.9 MB
[runlim] sample:		262.5 time, 280.0 real, 67.6 MB
[runlim] sample:		271.4 time, 290.0 real, 68.7 MB
[runlim] sample:		280.1 time, 300.0 real, 69.7 MB
[runlim] sample:		289.4 time, 310.0 real, 70.5 MB
[runlim] sample:		298.6 time, 320.0 real, 71.5 MB
[runlim] sample:		307.5 time, 330.0 real, 72.3 MB
[runlim] sample:		316.3 time, 340.0 real, 73.6 MB
[runlim] sample:		325.8 time, 350.0 real, 74.3 MB
[runlim] sample:		335.7 time, 360.0 real, 75.6 MB
[runlim] sample:		343.8 time, 370.0 real, 76.1 MB
[runlim] sample:		353.7 time, 380.0 real, 77.2 MB
[runlim] sample:		363.7 time, 390.0 real, 78.7 MB
[runlim] sample:		373.3 time, 400.0 real, 79.7 MB
[runlim] sample:		383.3 time, 410.0 real, 80.8 MB
[runlim] sample:		392.9 time, 420.0 real, 81.3 MB
[runlim] sample:		401.6 time, 430.0 real, 82.3 MB
[runlim] sample:		411.1 time, 440.0 real, 83.1 MB
[runlim] sample:		420.9 time, 450.0 real, 84.1 MB
[runlim] sample:		429.4 time, 460.0 real, 84.9 MB
[runlim] sample:		438.1 time, 470.0 real, 85.4 MB
[runlim] sample:		447.2 time, 480.0 real, 86.4 MB
[runlim] sample:		457.2 time, 490.0 real, 87.2 MB
[runlim] sample:		467.2 time, 500.0 real, 88.5 MB
[runlim] sample:		474.9 time, 510.0 real, 89.0 MB
[runlim] sample:		483.9 time, 520.0 real, 89.5 MB
[runlim] sample:		493.4 time, 530.0 real, 90.6 MB
[runlim] sample:		501.4 time, 540.0 real, 91.1 MB
[runlim] sample:		511.4 time, 550.0 real, 92.1 MB
[runlim] sample:		520.2 time, 560.0 real, 92.9 MB
[runlim] sample:		528.9 time, 570.0 real, 93.6 MB
[runlim] sample:		538.2 time, 580.0 real, 94.7 MB
[runlim] sample:		547.8 time, 590.0 real, 95.2 MB
[runlim] sample:		557.3 time, 600.0 real, 96.2 MB
[runlim] sample:		566.4 time, 610.0 real, 97.0 MB
[runlim] sample:		575.4 time, 620.0 real, 97.5 MB
[runlim] sample:		584.9 time, 630.0 real, 98.5 MB
[runlim] sample:		594.8 time, 640.0 real, 99.3 MB
[runlim] sample:		604.0 time, 650.0 real, 101.4 MB
[runlim] sample:		613.2 time, 660.0 real, 101.9 MB
[runlim] sample:		623.2 time, 670.0 real, 103.4 MB
[runlim] sample:		632.4 time, 680.0 real, 105.5 MB
[runlim] sample:		640.1 time, 690.0 real, 105.8 MB
[runlim] sample:		649.2 time, 700.0 real, 106.5 MB
[runlim] sample:		658.7 time, 710.0 real, 107.0 MB
[runlim] sample:		667.6 time, 720.0 real, 108.1 MB
[runlim] sample:		676.7 time, 730.0 real, 108.6 MB
[runlim] sample:		685.1 time, 740.0 real, 109.1 MB
[runlim] sample:		693.8 time, 750.0 real, 109.9 MB
[runlim] sample:		703.0 time, 760.0 real, 110.6 MB
[runlim] sample:		712.5 time, 770.0 real, 111.2 MB
[runlim] sample:		721.7 time, 780.0 real, 111.9 MB
[runlim] sample:		729.9 time, 790.0 real, 112.4 MB
[runlim] sample:		738.7 time, 800.0 real, 113.2 MB
[runlim] sample:		748.2 time, 810.0 real, 114.3 MB
[runlim] sample:		758.2 time, 820.0 real, 114.8 MB
[runlim] sample:		768.2 time, 830.0 real, 115.3 MB
[runlim] sample:		778.2 time, 840.0 real, 116.3 MB
[runlim] sample:		788.2 time, 850.0 real, 116.8 MB
[runlim] sample:		798.2 time, 860.0 real, 117.6 MB
[runlim] sample:		808.2 time, 870.0 real, 118.4 MB
[runlim] sample:		818.2 time, 880.0 real, 118.9 MB
[runlim] sample:		827.5 time, 890.0 real, 119.7 MB
[runlim] sample:		837.4 time, 900.0 real, 120.4 MB
[runlim] sample:		847.4 time, 910.0 real, 121.2 MB
[runlim] sample:		856.9 time, 920.0 real, 121.7 MB
[runlim] sample:		866.6 time, 930.0 real, 122.5 MB
[runlim] sample:		875.6 time, 940.0 real, 123.3 MB
[runlim] sample:		884.7 time, 950.0 real, 123.5 MB
[runlim] sample:		894.0 time, 960.0 real, 124.3 MB
[runlim] sample:		903.0 time, 970.0 real, 125.1 MB
[runlim] sample:		912.4 time, 980.0 real, 126.1 MB
[runlim] sample:		921.9 time, 990.0 real, 126.6 MB
[runlim] sample:		931.7 time, 1000.0 real, 127.6 MB
[runlim] sample:		940.9 time, 1010.0 real, 128.2 MB
[runlim] sample:		948.2 time, 1020.0 real, 128.7 MB
[runlim] sample:		955.9 time, 1030.0 real, 129.2 MB
[runlim] sample:		965.9 time, 1040.0 real, 130.0 MB
[runlim] sample:		975.8 time, 1050.0 real, 130.5 MB
[runlim] sample:		985.8 time, 1060.0 real, 131.3 MB
[runlim] sample:		995.8 time, 1070.0 real, 132.3 MB
[runlim] sample:		1005.8 time, 1080.0 real, 132.5 MB
[runlim] sample:		1015.8 time, 1090.0 real, 133.3 MB
[runlim] sample:		1024.8 time, 1100.0 real, 134.1 MB
[runlim] sample:		1033.4 time, 1110.0 real, 134.3 MB
[runlim] sample:		1042.3 time, 1120.0 real, 134.9 MB
[runlim] sample:		1052.1 time, 1130.0 real, 136.1 MB
[runlim] sample:		1062.1 time, 1140.0 real, 136.4 MB
[runlim] sample:		1072.1 time, 1150.0 real, 136.9 MB
[runlim] sample:		1081.2 time, 1160.0 real, 137.7 MB
[runlim] sample:		1090.9 time, 1170.0 real, 138.5 MB
[runlim] sample:		1100.6 time, 1180.0 real, 138.7 MB
[runlim] sample:		1110.2 time, 1190.0 real, 139.5 MB
[runlim] sample:		1119.9 time, 1200.0 real, 142.1 MB
[runlim] sample:		1129.3 time, 1210.0 real, 142.1 MB
[runlim] sample:		1139.0 time, 1220.0 real, 142.3 MB
[runlim] sample:		1147.3 time, 1230.0 real, 142.8 MB
[runlim] sample:		1156.4 time, 1240.0 real, 143.6 MB
[runlim] sample:		1164.4 time, 1250.0 real, 143.9 MB
[runlim] sample:		1172.7 time, 1260.0 real, 144.4 MB
[runlim] sample:		1182.3 time, 1270.0 real, 145.2 MB
[runlim] sample:		1191.3 time, 1280.0 real, 145.7 MB
[runlim] sample:		1199.8 time, 1290.0 real, 146.2 MB
[runlim] sample:		1209.2 time, 1300.0 real, 146.7 MB
[runlim] sample:		1218.5 time, 1310.0 real, 147.5 MB
[runlim] sample:		1228.4 time, 1320.0 real, 148.0 MB
[runlim] sample:		1236.7 time, 1330.0 real, 148.5 MB
[runlim] sample:		1245.9 time, 1340.0 real, 149.0 MB
[runlim] sample:		1254.8 time, 1350.0 real, 149.8 MB
[runlim] sample:		1263.9 time, 1360.0 real, 150.1 MB
[runlim] sample:		1272.8 time, 1370.0 real, 150.6 MB
[runlim] sample:		1282.5 time, 1380.0 real, 151.3 MB
[runlim] sample:		1292.5 time, 1390.0 real, 151.9 MB
[runlim] sample:		1301.7 time, 1400.0 real, 152.4 MB
[runlim] sample:		1310.4 time, 1410.0 real, 152.9 MB
[runlim] sample:		1319.2 time, 1420.0 real, 153.7 MB
[runlim] sample:		1328.9 time, 1430.0 real, 153.9 MB
[runlim] sample:		1338.9 time, 1440.0 real, 154.4 MB
[runlim] sample:		1348.6 time, 1450.0 real, 155.2 MB
[runlim] sample:		1358.6 time, 1460.0 real, 155.7 MB
[runlim] sample:		1368.6 time, 1470.0 real, 156.2 MB
[runlim] sample:		1378.6 time, 1480.0 real, 156.8 MB
[runlim] sample:		1388.6 time, 1490.0 real, 157.5 MB
[runlim] sample:		1398.6 time, 1500.0 real, 157.8 MB
[runlim] sample:		1408.6 time, 1510.0 real, 158.3 MB
[runlim] sample:		1418.6 time, 1520.0 real, 159.1 MB
[runlim] sample:		1428.6 time, 1530.0 real, 159.8 MB
[runlim] sample:		1438.6 time, 1540.0 real, 160.1 MB
[runlim] sample:		1448.6 time, 1550.0 real, 160.6 MB
[runlim] sample:		1458.6 time, 1560.0 real, 161.4 MB
[runlim] sample:		1468.6 time, 1570.0 real, 161.9 MB
[runlim] sample:		1478.6 time, 1580.0 real, 162.4 MB
[runlim] sample:		1488.6 time, 1590.0 real, 163.2 MB
[runlim] sample:		1498.0 time, 1600.0 real, 163.4 MB
[runlim] sample:		1506.1 time, 1610.0 real, 164.0 MB
[runlim] sample:		1516.1 time, 1620.0 real, 165.3 MB
[runlim] sample:		1526.1 time, 1630.0 real, 165.3 MB
[runlim] sample:		1536.1 time, 1640.0 real, 166.0 MB
[runlim] sample:		1546.1 time, 1650.0 real, 166.5 MB
[runlim] sample:		1556.1 time, 1660.0 real, 166.8 MB
[runlim] sample:		1564.7 time, 1670.0 real, 167.6 MB
[runlim] sample:		1572.4 time, 1680.0 real, 168.1 MB
[runlim] sample:		1580.2 time, 1690.0 real, 168.3 MB
[runlim] sample:		1587.9 time, 1700.0 real, 168.9 MB
[runlim] sample:		1595.6 time, 1710.0 real, 169.4 MB
[runlim] sample:		1603.3 time, 1720.0 real, 169.6 MB
[runlim] sample:		1611.1 time, 1730.0 real, 170.4 MB
[runlim] sample:		1621.1 time, 1740.0 real, 170.9 MB
[runlim] sample:		1631.1 time, 1750.0 real, 171.4 MB
[runlim] sample:		1640.5 time, 1760.0 real, 171.9 MB
[runlim] sample:		1650.5 time, 1770.0 real, 172.5 MB
[runlim] sample:		1660.5 time, 1780.0 real, 173.0 MB
[runlim] sample:		1670.5 time, 1790.0 real, 173.5 MB
[runlim] sample:		1680.5 time, 1800.0 real, 174.0 MB
[runlim] sample:		1690.5 time, 1810.0 real, 174.5 MB
[runlim] sample:		1700.5 time, 1820.0 real, 175.6 MB
[runlim] sample:		1710.5 time, 1830.0 real, 176.1 MB
[runlim] sample:		1720.5 time, 1840.0 real, 176.6 MB
[runlim] sample:		1730.5 time, 1850.0 real, 177.1 MB
[runlim] sample:		1740.5 time, 1860.0 real, 177.6 MB
[runlim] sample:		1750.5 time, 1870.0 real, 177.9 MB
[runlim] sample:		1760.5 time, 1880.0 real, 178.6 MB
[runlim] sample:		1770.5 time, 1890.0 real, 179.2 MB
[runlim] sample:		1780.5 time, 1900.0 real, 179.7 MB
[runlim] end:			Sat Feb  9 01:58:30 2019
[runlim] status:		signal(9)
[runlim] result:		11
[runlim] children:		0
[runlim] real:			1908.13 seconds
[runlim] time:			1788.55 seconds
[runlim] space:			179.9 MB
[runlim] samples:		19081
