[runlim] version:		1.10fixed
[runlim] time limit:		300 seconds
[runlim] real time limit:	311040000 seconds
[runlim] space limit:		4000 MB
[runlim] argv[0]:		./cvc4
[runlim] argv[1]:		--nl-ext-tplanes
[runlim] argv[2]:		--full-saturate-quant
[runlim] argv[3]:		--no-e-matching
[runlim] argv[4]:		/tmp/jNLmJmNL.smt2
[runlim] start:			Thu Feb 14 00:43:45 2019
[runlim] main pid:		14675
/tmp/jNLmJmNL.smt2:4.12: No set-logic command was given before this point.
/tmp/jNLmJmNL.smt2:4.12: CVC4 will make all theories available.
/tmp/jNLmJmNL.smt2:4.12: Consider setting a stricter logic for (likely) better performance.
/tmp/jNLmJmNL.smt2:4.12: To suppress this warning in the future use (set-logic ALL).
[runlim] sample:		7.6 time, 10.7 real, 41.5 MB
[runlim] sample:		17.6 time, 20.7 real, 50.5 MB
[runlim] sample:		27.3 time, 30.7 real, 53.5 MB
[runlim] sample:		35.4 time, 40.7 real, 56.0 MB
[runlim] sample:		44.0 time, 50.7 real, 58.3 MB
[runlim] sample:		54.0 time, 60.7 real, 59.5 MB
[runlim] sample:		63.9 time, 70.7 real, 62.5 MB
[runlim] sample:		73.4 time, 80.7 real, 64.0 MB
[runlim] sample:		83.4 time, 90.7 real, 65.0 MB
[runlim] sample:		93.4 time, 100.7 real, 66.2 MB
[runlim] sample:		102.7 time, 110.7 real, 67.9 MB
[runlim] sample:		112.4 time, 120.7 real, 68.6 MB
[runlim] sample:		121.8 time, 130.7 real, 70.5 MB
[runlim] sample:		131.4 time, 140.7 real, 71.0 MB
[runlim] sample:		140.6 time, 150.7 real, 71.8 MB
[runlim] sample:		150.4 time, 160.7 real, 73.0 MB
[runlim] sample:		158.9 time, 170.7 real, 75.3 MB
[runlim] sample:		168.4 time, 180.7 real, 76.3 MB
[runlim] sample:		176.5 time, 190.7 real, 76.3 MB
[runlim] sample:		185.9 time, 200.7 real, 79.3 MB
[runlim] sample:		195.9 time, 210.7 real, 79.8 MB
[runlim] sample:		205.9 time, 220.7 real, 85.5 MB
[runlim] sample:		214.3 time, 230.7 real, 87.0 MB
[runlim] sample:		223.8 time, 240.7 real, 87.5 MB
[runlim] sample:		233.8 time, 250.7 real, 89.0 MB
[runlim] sample:		243.8 time, 260.7 real, 89.2 MB
[runlim] sample:		253.8 time, 270.7 real, 90.1 MB
[runlim] sample:		263.8 time, 280.7 real, 90.1 MB
[runlim] sample:		273.8 time, 290.7 real, 93.6 MB
[runlim] sample:		283.8 time, 300.7 real, 93.8 MB
[runlim] sample:		293.8 time, 310.7 real, 96.8 MB
[runlim] end:			Thu Feb 14 00:48:59 2019
[runlim] status:		signal(9)
[runlim] result:		11
[runlim] children:		0
[runlim] real:			314.10 seconds
[runlim] time:			297.10 seconds
[runlim] space:			96.8 MB
[runlim] samples:		3133
