[runlim] version:		1.10fixed
[runlim] time limit:		1800 seconds
[runlim] real time limit:	311040000 seconds
[runlim] space limit:		4000 MB
[runlim] argv[0]:		./cvc4
[runlim] argv[1]:		--nl-ext-tplanes
[runlim] argv[2]:		--full-saturate-quant
[runlim] argv[3]:		--no-e-matching
[runlim] argv[4]:		/tmp/qLhlWWLP.smt2
[runlim] start:			Sat Feb  9 01:49:53 2019
[runlim] main pid:		31050
/tmp/qLhlWWLP.smt2:4.12: No set-logic command was given before this point.
/tmp/qLhlWWLP.smt2:4.12: CVC4 will make all theories available.
/tmp/qLhlWWLP.smt2:4.12: Consider setting a stricter logic for (likely) better performance.
/tmp/qLhlWWLP.smt2:4.12: To suppress this warning in the future use (set-logic ALL).
[runlim] sample:		8.6 time, 10.5 real, 44.0 MB
[runlim] sample:		17.6 time, 20.5 real, 50.1 MB
[runlim] sample:		27.6 time, 30.5 real, 55.2 MB
[runlim] sample:		37.6 time, 40.5 real, 62.8 MB
[runlim] sample:		46.4 time, 50.5 real, 64.0 MB
[runlim] sample:		54.7 time, 60.5 real, 65.6 MB
[runlim] sample:		62.6 time, 70.5 real, 67.1 MB
[runlim] sample:		70.6 time, 80.5 real, 67.9 MB
[runlim] sample:		78.6 time, 90.5 real, 68.9 MB
[runlim] sample:		87.8 time, 100.5 real, 70.4 MB
[runlim] sample:		96.0 time, 110.5 real, 70.9 MB
[runlim] sample:		106.0 time, 120.5 real, 71.9 MB
[runlim] sample:		116.0 time, 130.5 real, 72.7 MB
[runlim] sample:		126.0 time, 140.5 real, 74.7 MB
[runlim] sample:		135.2 time, 150.5 real, 75.7 MB
[runlim] sample:		143.9 time, 160.5 real, 78.8 MB
[runlim] sample:		152.6 time, 170.5 real, 79.4 MB
[runlim] sample:		161.9 time, 180.5 real, 79.9 MB
[runlim] sample:		171.9 time, 190.5 real, 83.2 MB
[runlim] sample:		181.9 time, 200.5 real, 86.8 MB
[runlim] sample:		191.9 time, 210.5 real, 86.8 MB
[runlim] sample:		201.1 time, 220.5 real, 86.8 MB
[runlim] sample:		209.8 time, 230.5 real, 88.7 MB
[runlim] sample:		218.5 time, 240.5 real, 89.5 MB
[runlim] sample:		227.2 time, 250.5 real, 90.2 MB
[runlim] sample:		235.9 time, 260.5 real, 92.0 MB
[runlim] sample:		245.2 time, 270.5 real, 93.3 MB
[runlim] sample:		255.2 time, 280.5 real, 93.6 MB
[runlim] sample:		265.2 time, 290.5 real, 97.2 MB
[runlim] sample:		274.9 time, 300.5 real, 98.1 MB
[runlim] sample:		284.1 time, 310.5 real, 102.2 MB
[runlim] sample:		294.1 time, 320.5 real, 104.7 MB
[runlim] sample:		304.1 time, 330.5 real, 106.5 MB
[runlim] sample:		314.1 time, 340.5 real, 107.3 MB
[runlim] sample:		324.1 time, 350.5 real, 110.0 MB
[runlim] sample:		334.1 time, 360.5 real, 112.1 MB
[runlim] sample:		344.1 time, 370.5 real, 112.3 MB
[runlim] sample:		354.1 time, 380.5 real, 112.3 MB
[runlim] sample:		364.1 time, 390.5 real, 112.3 MB
[runlim] sample:		374.1 time, 400.5 real, 112.3 MB
[runlim] sample:		384.0 time, 410.5 real, 113.4 MB
[runlim] sample:		394.0 time, 420.5 real, 113.7 MB
[runlim] sample:		404.0 time, 430.5 real, 113.7 MB
[runlim] sample:		414.0 time, 440.5 real, 113.9 MB
[runlim] sample:		424.0 time, 450.5 real, 113.9 MB
[runlim] sample:		434.0 time, 460.5 real, 113.9 MB
[runlim] sample:		444.0 time, 470.5 real, 115.2 MB
[runlim] sample:		451.9 time, 480.5 real, 115.5 MB
[runlim] sample:		459.6 time, 490.5 real, 115.7 MB
[runlim] sample:		468.1 time, 500.5 real, 116.3 MB
[runlim] sample:		477.4 time, 510.5 real, 116.3 MB
[runlim] sample:		486.8 time, 520.5 real, 117.3 MB
[runlim] sample:		496.1 time, 530.5 real, 117.5 MB
[runlim] sample:		505.4 time, 540.5 real, 119.1 MB
[runlim] sample:		515.2 time, 550.5 real, 119.1 MB
[runlim] sample:		525.2 time, 560.5 real, 119.1 MB
[runlim] sample:		535.2 time, 570.5 real, 119.8 MB
[runlim] sample:		545.2 time, 580.5 real, 119.8 MB
[runlim] sample:		554.1 time, 590.5 real, 121.4 MB
[runlim] sample:		562.5 time, 600.5 real, 121.4 MB
[runlim] sample:		572.2 time, 610.5 real, 121.6 MB
[runlim] sample:		581.8 time, 620.5 real, 122.7 MB
[runlim] sample:		591.4 time, 630.5 real, 122.9 MB
[runlim] sample:		600.7 time, 640.5 real, 126.0 MB
[runlim] sample:		610.0 time, 650.5 real, 126.0 MB
[runlim] sample:		620.0 time, 660.5 real, 126.0 MB
[runlim] sample:		630.0 time, 670.5 real, 126.0 MB
[runlim] sample:		640.0 time, 680.5 real, 126.0 MB
[runlim] sample:		650.0 time, 690.5 real, 126.0 MB
[runlim] sample:		660.0 time, 700.5 real, 126.8 MB
[runlim] sample:		670.0 time, 710.5 real, 128.9 MB
[runlim] sample:		680.0 time, 720.5 real, 129.1 MB
[runlim] sample:		690.0 time, 730.5 real, 129.4 MB
[runlim] sample:		700.0 time, 740.5 real, 129.9 MB
[runlim] sample:		710.0 time, 750.5 real, 130.1 MB
[runlim] sample:		720.0 time, 760.5 real, 132.2 MB
[runlim] sample:		729.4 time, 770.5 real, 132.2 MB
[runlim] sample:		738.9 time, 780.5 real, 132.5 MB
[runlim] sample:		748.6 time, 790.5 real, 132.5 MB
[runlim] sample:		758.3 time, 800.5 real, 132.5 MB
[runlim] sample:		768.0 time, 810.5 real, 132.7 MB
[runlim] sample:		777.7 time, 820.5 real, 134.5 MB
[runlim] sample:		787.0 time, 830.5 real, 134.5 MB
[runlim] sample:		796.7 time, 840.5 real, 135.7 MB
[runlim] sample:		806.7 time, 850.5 real, 136.0 MB
[runlim] sample:		816.7 time, 860.5 real, 137.0 MB
[runlim] sample:		826.7 time, 870.5 real, 138.8 MB
[runlim] sample:		836.7 time, 880.5 real, 140.7 MB
[runlim] sample:		846.0 time, 890.5 real, 140.9 MB
[runlim] sample:		854.3 time, 900.5 real, 140.9 MB
[runlim] sample:		862.6 time, 910.5 real, 140.9 MB
[runlim] sample:		871.0 time, 920.5 real, 140.9 MB
[runlim] sample:		881.0 time, 930.5 real, 141.1 MB
[runlim] sample:		889.8 time, 940.5 real, 141.1 MB
[runlim] sample:		899.8 time, 950.5 real, 141.4 MB
[runlim] sample:		909.8 time, 960.5 real, 142.4 MB
[runlim] sample:		919.8 time, 970.5 real, 144.9 MB
[runlim] sample:		929.8 time, 980.5 real, 144.9 MB
[runlim] sample:		939.8 time, 990.5 real, 145.7 MB
[runlim] sample:		949.8 time, 1000.5 real, 145.7 MB
[runlim] sample:		959.8 time, 1010.5 real, 145.7 MB
[runlim] sample:		969.8 time, 1020.5 real, 146.0 MB
[runlim] sample:		979.8 time, 1030.5 real, 146.0 MB
[runlim] sample:		989.8 time, 1040.5 real, 148.7 MB
[runlim] sample:		999.8 time, 1050.5 real, 148.9 MB
[runlim] sample:		1009.8 time, 1060.5 real, 148.9 MB
[runlim] sample:		1019.8 time, 1070.5 real, 148.9 MB
[runlim] sample:		1029.7 time, 1080.5 real, 149.1 MB
[runlim] sample:		1039.7 time, 1090.5 real, 149.1 MB
[runlim] sample:		1049.7 time, 1100.5 real, 149.1 MB
[runlim] sample:		1059.7 time, 1110.5 real, 149.4 MB
[runlim] sample:		1069.4 time, 1120.5 real, 149.4 MB
[runlim] sample:		1079.1 time, 1130.5 real, 149.4 MB
[runlim] sample:		1089.1 time, 1140.5 real, 159.7 MB
[runlim] sample:		1099.1 time, 1150.5 real, 159.7 MB
[runlim] sample:		1109.1 time, 1160.5 real, 159.7 MB
[runlim] sample:		1119.1 time, 1170.5 real, 159.9 MB
[runlim] sample:		1126.9 time, 1180.5 real, 159.9 MB
[runlim] sample:		1135.6 time, 1190.5 real, 159.9 MB
[runlim] sample:		1145.6 time, 1200.5 real, 159.9 MB
[runlim] sample:		1155.5 time, 1210.5 real, 160.1 MB
[runlim] sample:		1165.5 time, 1220.5 real, 160.1 MB
[runlim] sample:		1174.2 time, 1230.5 real, 162.8 MB
[runlim] sample:		1182.6 time, 1240.5 real, 162.8 MB
[runlim] sample:		1192.4 time, 1250.5 real, 163.0 MB
[runlim] sample:		1202.1 time, 1260.5 real, 163.0 MB
[runlim] sample:		1211.9 time, 1270.5 real, 163.0 MB
[runlim] sample:		1221.9 time, 1280.5 real, 163.0 MB
[runlim] sample:		1231.9 time, 1290.5 real, 163.3 MB
[runlim] sample:		1241.8 time, 1300.5 real, 163.3 MB
[runlim] sample:		1249.9 time, 1310.5 real, 163.3 MB
[runlim] sample:		1257.5 time, 1320.5 real, 163.3 MB
[runlim] sample:		1265.2 time, 1330.5 real, 163.5 MB
[runlim] sample:		1272.8 time, 1340.5 real, 163.5 MB
[runlim] sample:		1281.1 time, 1350.5 real, 163.5 MB
[runlim] sample:		1291.1 time, 1360.5 real, 163.5 MB
[runlim] sample:		1301.2 time, 1370.5 real, 163.5 MB
[runlim] sample:		1311.1 time, 1380.5 real, 163.8 MB
[runlim] sample:		1321.1 time, 1390.5 real, 163.8 MB
[runlim] sample:		1331.1 time, 1400.5 real, 163.8 MB
[runlim] sample:		1341.1 time, 1410.5 real, 164.0 MB
[runlim] sample:		1351.1 time, 1420.5 real, 164.0 MB
[runlim] sample:		1361.1 time, 1430.5 real, 164.0 MB
[runlim] sample:		1371.1 time, 1440.5 real, 164.0 MB
[runlim] sample:		1381.1 time, 1450.5 real, 164.2 MB
[runlim] sample:		1391.1 time, 1460.5 real, 164.2 MB
[runlim] sample:		1401.1 time, 1470.5 real, 167.4 MB
[runlim] sample:		1411.1 time, 1480.5 real, 167.4 MB
[runlim] sample:		1421.1 time, 1490.5 real, 167.4 MB
[runlim] sample:		1431.1 time, 1500.5 real, 167.4 MB
[runlim] sample:		1441.1 time, 1510.5 real, 167.6 MB
[runlim] sample:		1451.1 time, 1520.5 real, 167.6 MB
[runlim] sample:		1461.1 time, 1530.5 real, 167.6 MB
[runlim] sample:		1471.1 time, 1540.5 real, 167.8 MB
[runlim] sample:		1481.1 time, 1550.5 real, 167.8 MB
[runlim] sample:		1491.1 time, 1560.5 real, 168.6 MB
[runlim] sample:		1501.1 time, 1570.5 real, 168.8 MB
[runlim] sample:		1511.1 time, 1580.5 real, 168.8 MB
[runlim] sample:		1521.1 time, 1590.5 real, 169.1 MB
[runlim] sample:		1531.1 time, 1600.5 real, 169.1 MB
[runlim] sample:		1541.1 time, 1610.5 real, 169.1 MB
[runlim] sample:		1551.1 time, 1620.5 real, 169.1 MB
[runlim] sample:		1561.1 time, 1630.5 real, 169.1 MB
[runlim] sample:		1571.1 time, 1640.5 real, 169.4 MB
[runlim] sample:		1581.1 time, 1650.5 real, 169.4 MB
[runlim] sample:		1591.1 time, 1660.5 real, 169.4 MB
[runlim] sample:		1601.1 time, 1670.5 real, 169.6 MB
[runlim] sample:		1611.1 time, 1680.5 real, 169.6 MB
[runlim] sample:		1621.1 time, 1690.5 real, 169.6 MB
[runlim] sample:		1631.1 time, 1700.5 real, 169.6 MB
[runlim] sample:		1641.1 time, 1710.5 real, 169.6 MB
[runlim] sample:		1651.1 time, 1720.5 real, 173.8 MB
[runlim] sample:		1661.1 time, 1730.5 real, 173.8 MB
[runlim] sample:		1671.1 time, 1740.5 real, 174.0 MB
[runlim] sample:		1681.1 time, 1750.5 real, 174.0 MB
[runlim] sample:		1691.1 time, 1760.5 real, 174.0 MB
[runlim] sample:		1701.1 time, 1770.5 real, 174.3 MB
[runlim] sample:		1711.1 time, 1780.5 real, 174.3 MB
[runlim] sample:		1721.1 time, 1790.5 real, 174.3 MB
[runlim] sample:		1731.1 time, 1800.5 real, 174.5 MB
[runlim] sample:		1741.1 time, 1810.5 real, 174.8 MB
[runlim] sample:		1751.1 time, 1820.5 real, 174.8 MB
[runlim] sample:		1761.1 time, 1830.5 real, 178.6 MB
[runlim] sample:		1771.1 time, 1840.5 real, 178.6 MB
[runlim] sample:		1781.1 time, 1850.5 real, 178.6 MB
[runlim] sample:		1791.1 time, 1860.5 real, 178.6 MB
[runlim] end:			Sat Feb  9 02:20:58 2019
[runlim] status:		signal(9)
[runlim] result:		11
[runlim] children:		0
[runlim] real:			1865.36 seconds
[runlim] time:			1795.92 seconds
[runlim] space:			178.9 MB
[runlim] samples:		18648
