[runlim] version:		1.10fixed
[runlim] time limit:		300 seconds
[runlim] real time limit:	311040000 seconds
[runlim] space limit:		4000 MB
[runlim] argv[0]:		./cvc4
[runlim] argv[1]:		--nl-ext-tplanes
[runlim] argv[2]:		--full-saturate-quant
[runlim] argv[3]:		--no-e-matching
[runlim] argv[4]:		/tmp/cZey0u3h.smt2
[runlim] start:			Thu Feb 14 00:43:24 2019
[runlim] main pid:		27602
/tmp/cZey0u3h.smt2:4.12: No set-logic command was given before this point.
/tmp/cZey0u3h.smt2:4.12: CVC4 will make all theories available.
/tmp/cZey0u3h.smt2:4.12: Consider setting a stricter logic for (likely) better performance.
/tmp/cZey0u3h.smt2:4.12: To suppress this warning in the future use (set-logic ALL).
[runlim] sample:		9.6 time, 10.2 real, 40.2 MB
[runlim] sample:		19.3 time, 20.2 real, 47.1 MB
[runlim] sample:		27.9 time, 30.2 real, 53.2 MB
[runlim] sample:		37.2 time, 40.2 real, 56.5 MB
[runlim] sample:		47.2 time, 50.2 real, 59.3 MB
[runlim] sample:		57.2 time, 60.2 real, 64.1 MB
[runlim] sample:		67.2 time, 70.2 real, 68.7 MB
[runlim] sample:		75.5 time, 80.2 real, 70.2 MB
[runlim] sample:		83.1 time, 90.2 real, 76.2 MB
[runlim] sample:		90.7 time, 100.2 real, 77.7 MB
[runlim] sample:		98.4 time, 110.2 real, 79.5 MB
[runlim] sample:		106.0 time, 120.2 real, 80.2 MB
[runlim] sample:		114.8 time, 130.2 real, 85.3 MB
[runlim] sample:		123.2 time, 140.2 real, 90.1 MB
[runlim] sample:		131.1 time, 150.2 real, 90.1 MB
[runlim] sample:		140.7 time, 160.2 real, 92.7 MB
[runlim] sample:		149.0 time, 170.2 real, 93.4 MB
[runlim] sample:		157.9 time, 180.2 real, 95.7 MB
[runlim] sample:		166.9 time, 190.2 real, 99.6 MB
[runlim] sample:		176.4 time, 200.2 real, 103.9 MB
[runlim] sample:		185.4 time, 210.2 real, 105.2 MB
[runlim] sample:		195.4 time, 220.2 real, 107.2 MB
[runlim] sample:		205.4 time, 230.2 real, 108.2 MB
[runlim] sample:		213.4 time, 240.2 real, 108.4 MB
[runlim] sample:		222.1 time, 250.2 real, 111.3 MB
[runlim] sample:		231.4 time, 260.2 real, 111.8 MB
[runlim] sample:		240.8 time, 270.2 real, 113.3 MB
[runlim] sample:		250.7 time, 280.2 real, 114.3 MB
[runlim] sample:		260.7 time, 290.2 real, 116.2 MB
[runlim] sample:		270.7 time, 300.2 real, 120.6 MB
[runlim] sample:		280.7 time, 310.2 real, 121.4 MB
[runlim] sample:		290.1 time, 320.2 real, 123.7 MB
[runlim] end:			Thu Feb 14 00:48:54 2019
[runlim] status:		signal(9)
[runlim] result:		11
[runlim] children:		0
[runlim] real:			330.05 seconds
[runlim] time:			298.18 seconds
[runlim] space:			125.5 MB
[runlim] samples:		3298
