[runlim] version:		1.10fixed
[runlim] time limit:		1800 seconds
[runlim] real time limit:	311040000 seconds
[runlim] space limit:		4000 MB
[runlim] argv[0]:		./cvc4
[runlim] argv[1]:		--nl-ext-tplanes
[runlim] argv[2]:		--full-saturate-quant
[runlim] argv[3]:		--no-e-matching
[runlim] argv[4]:		/tmp/BcR7s3Ct.smt2
[runlim] start:			Sat Feb  9 14:34:41 2019
[runlim] main pid:		28285
/tmp/BcR7s3Ct.smt2:4.12: No set-logic command was given before this point.
/tmp/BcR7s3Ct.smt2:4.12: CVC4 will make all theories available.
/tmp/BcR7s3Ct.smt2:4.12: Consider setting a stricter logic for (likely) better performance.
/tmp/BcR7s3Ct.smt2:4.12: To suppress this warning in the future use (set-logic ALL).
[runlim] sample:		8.6 time, 10.6 real, 43.5 MB
[runlim] sample:		17.3 time, 20.6 real, 48.5 MB
[runlim] sample:		25.9 time, 30.6 real, 53.1 MB
[runlim] sample:		34.6 time, 40.6 real, 57.0 MB
[runlim] sample:		43.2 time, 50.6 real, 58.2 MB
[runlim] sample:		51.9 time, 60.6 real, 60.7 MB
[runlim] sample:		61.2 time, 70.6 real, 62.5 MB
[runlim] sample:		70.9 time, 80.6 real, 65.0 MB
[runlim] sample:		80.6 time, 90.6 real, 65.5 MB
[runlim] sample:		90.5 time, 100.6 real, 69.6 MB
[runlim] sample:		100.5 time, 110.6 real, 72.8 MB
[runlim] sample:		110.5 time, 120.6 real, 78.0 MB
[runlim] sample:		120.5 time, 130.6 real, 85.2 MB
[runlim] sample:		130.5 time, 140.6 real, 87.0 MB
[runlim] sample:		140.5 time, 150.6 real, 92.7 MB
[runlim] sample:		150.5 time, 160.6 real, 94.7 MB
[runlim] sample:		160.5 time, 170.6 real, 97.5 MB
[runlim] sample:		170.5 time, 180.6 real, 97.5 MB
[runlim] sample:		180.5 time, 190.6 real, 98.6 MB
[runlim] sample:		190.4 time, 200.6 real, 107.9 MB
[runlim] sample:		200.4 time, 210.6 real, 109.1 MB
[runlim] sample:		210.5 time, 220.6 real, 114.5 MB
[runlim] sample:		220.5 time, 230.6 real, 115.8 MB
[runlim] sample:		230.4 time, 240.6 real, 118.3 MB
[runlim] sample:		240.4 time, 250.6 real, 120.8 MB
[runlim] sample:		250.4 time, 260.6 real, 123.2 MB
[runlim] sample:		260.4 time, 270.6 real, 125.5 MB
[runlim] sample:		270.4 time, 280.6 real, 128.2 MB
[runlim] sample:		280.4 time, 290.6 real, 131.3 MB
[runlim] sample:		290.4 time, 300.6 real, 131.5 MB
[runlim] sample:		300.4 time, 310.6 real, 133.7 MB
[runlim] sample:		310.4 time, 320.6 real, 135.8 MB
[runlim] sample:		320.4 time, 330.6 real, 143.2 MB
[runlim] sample:		330.4 time, 340.6 real, 143.2 MB
[runlim] sample:		340.4 time, 350.6 real, 143.2 MB
[runlim] sample:		350.4 time, 360.6 real, 144.3 MB
[runlim] sample:		360.4 time, 370.6 real, 145.0 MB
[runlim] sample:		370.4 time, 380.6 real, 146.2 MB
[runlim] sample:		380.4 time, 390.6 real, 147.4 MB
[runlim] sample:		390.4 time, 400.6 real, 148.1 MB
[runlim] sample:		400.4 time, 410.6 real, 151.6 MB
[runlim] sample:		410.4 time, 420.6 real, 151.8 MB
[runlim] sample:		420.4 time, 430.6 real, 153.2 MB
[runlim] sample:		430.4 time, 440.6 real, 155.0 MB
[runlim] sample:		440.4 time, 450.6 real, 155.2 MB
[runlim] sample:		450.4 time, 460.6 real, 155.4 MB
[runlim] sample:		460.4 time, 470.6 real, 156.0 MB
[runlim] sample:		470.4 time, 480.6 real, 158.4 MB
[runlim] sample:		480.4 time, 490.6 real, 160.9 MB
[runlim] sample:		490.4 time, 500.6 real, 162.9 MB
[runlim] sample:		500.4 time, 510.6 real, 163.4 MB
[runlim] sample:		510.4 time, 520.6 real, 164.3 MB
[runlim] sample:		520.4 time, 530.6 real, 164.3 MB
[runlim] sample:		530.4 time, 540.6 real, 165.3 MB
[runlim] sample:		540.4 time, 550.6 real, 167.8 MB
[runlim] sample:		550.4 time, 560.6 real, 168.0 MB
[runlim] sample:		560.4 time, 570.6 real, 168.0 MB
[runlim] sample:		570.4 time, 580.6 real, 169.2 MB
[runlim] sample:		580.4 time, 590.6 real, 169.4 MB
[runlim] sample:		590.4 time, 600.6 real, 169.7 MB
[runlim] sample:		600.4 time, 610.6 real, 171.1 MB
[runlim] sample:		610.4 time, 620.6 real, 173.6 MB
[runlim] sample:		620.4 time, 630.6 real, 174.6 MB
[runlim] sample:		630.4 time, 640.6 real, 176.4 MB
[runlim] sample:		640.4 time, 650.6 real, 177.7 MB
[runlim] sample:		650.4 time, 660.6 real, 179.1 MB
[runlim] sample:		660.4 time, 670.6 real, 179.1 MB
[runlim] sample:		670.2 time, 680.6 real, 180.7 MB
[runlim] sample:		679.6 time, 690.6 real, 181.0 MB
[runlim] sample:		689.1 time, 700.6 real, 181.5 MB
[runlim] sample:		698.3 time, 710.6 real, 181.7 MB
[runlim] sample:		707.1 time, 720.6 real, 182.0 MB
[runlim] sample:		715.3 time, 730.6 real, 189.7 MB
[runlim] sample:		723.0 time, 740.6 real, 190.8 MB
[runlim] sample:		731.1 time, 750.6 real, 190.8 MB
[runlim] sample:		739.7 time, 760.6 real, 193.7 MB
[runlim] sample:		749.1 time, 770.6 real, 195.5 MB
[runlim] sample:		757.8 time, 780.6 real, 195.5 MB
[runlim] sample:		766.1 time, 790.6 real, 197.1 MB
[runlim] sample:		775.8 time, 800.6 real, 197.1 MB
[runlim] sample:		785.3 time, 810.6 real, 197.4 MB
[runlim] sample:		793.7 time, 820.6 real, 200.1 MB
[runlim] sample:		802.6 time, 830.6 real, 200.1 MB
[runlim] sample:		812.3 time, 840.6 real, 200.3 MB
[runlim] sample:		820.9 time, 850.6 real, 208.9 MB
[runlim] sample:		828.5 time, 860.6 real, 208.9 MB
[runlim] sample:		837.3 time, 870.6 real, 208.9 MB
[runlim] sample:		845.5 time, 880.6 real, 210.0 MB
[runlim] sample:		853.9 time, 890.6 real, 210.2 MB
[runlim] sample:		862.8 time, 900.6 real, 211.6 MB
[runlim] sample:		871.8 time, 910.6 real, 211.8 MB
[runlim] sample:		880.9 time, 920.6 real, 212.6 MB
[runlim] sample:		890.4 time, 930.6 real, 212.6 MB
[runlim] sample:		899.4 time, 940.6 real, 216.2 MB
[runlim] sample:		908.1 time, 950.6 real, 221.1 MB
[runlim] sample:		918.0 time, 960.6 real, 222.2 MB
[runlim] sample:		928.0 time, 970.6 real, 222.2 MB
[runlim] sample:		938.0 time, 980.6 real, 222.4 MB
[runlim] sample:		948.0 time, 990.6 real, 226.3 MB
[runlim] sample:		958.0 time, 1000.6 real, 228.1 MB
[runlim] sample:		968.0 time, 1010.6 real, 228.1 MB
[runlim] sample:		978.0 time, 1020.6 real, 228.4 MB
[runlim] sample:		988.0 time, 1030.6 real, 233.6 MB
[runlim] sample:		998.0 time, 1040.6 real, 233.9 MB
[runlim] sample:		1008.0 time, 1050.6 real, 233.9 MB
[runlim] sample:		1018.0 time, 1060.6 real, 234.1 MB
[runlim] sample:		1028.0 time, 1070.6 real, 236.5 MB
[runlim] sample:		1038.0 time, 1080.6 real, 236.8 MB
[runlim] sample:		1048.0 time, 1090.6 real, 236.8 MB
[runlim] sample:		1058.0 time, 1100.6 real, 236.8 MB
[runlim] sample:		1068.0 time, 1110.6 real, 236.8 MB
[runlim] sample:		1078.0 time, 1120.6 real, 236.8 MB
[runlim] sample:		1088.0 time, 1130.6 real, 238.3 MB
[runlim] sample:		1098.0 time, 1140.6 real, 240.1 MB
[runlim] sample:		1106.8 time, 1150.6 real, 241.4 MB
[runlim] sample:		1116.2 time, 1160.6 real, 243.5 MB
[runlim] sample:		1125.5 time, 1170.6 real, 243.7 MB
[runlim] sample:		1134.9 time, 1180.6 real, 247.6 MB
[runlim] sample:		1143.6 time, 1190.6 real, 247.9 MB
[runlim] sample:		1152.3 time, 1200.6 real, 252.0 MB
[runlim] sample:		1160.9 time, 1210.6 real, 254.3 MB
[runlim] sample:		1170.9 time, 1220.6 real, 256.4 MB
[runlim] sample:		1180.9 time, 1230.6 real, 257.7 MB
[runlim] sample:		1190.9 time, 1240.6 real, 257.7 MB
[runlim] sample:		1200.9 time, 1250.6 real, 257.7 MB
[runlim] sample:		1210.9 time, 1260.6 real, 257.7 MB
[runlim] sample:		1220.9 time, 1270.6 real, 258.8 MB
[runlim] sample:		1230.9 time, 1280.6 real, 259.0 MB
[runlim] sample:		1240.9 time, 1290.6 real, 259.0 MB
[runlim] sample:		1250.9 time, 1300.6 real, 259.0 MB
[runlim] sample:		1260.9 time, 1310.6 real, 259.0 MB
[runlim] sample:		1270.9 time, 1320.6 real, 260.6 MB
[runlim] sample:		1280.9 time, 1330.6 real, 260.6 MB
[runlim] sample:		1290.9 time, 1340.6 real, 260.6 MB
[runlim] sample:		1300.9 time, 1350.6 real, 260.6 MB
[runlim] sample:		1310.9 time, 1360.6 real, 261.8 MB
[runlim] sample:		1320.9 time, 1370.6 real, 262.3 MB
[runlim] sample:		1330.9 time, 1380.6 real, 264.1 MB
[runlim] sample:		1340.9 time, 1390.6 real, 264.1 MB
[runlim] sample:		1350.9 time, 1400.6 real, 264.6 MB
[runlim] sample:		1360.9 time, 1410.6 real, 269.0 MB
[runlim] sample:		1370.9 time, 1420.6 real, 274.7 MB
[runlim] sample:		1380.9 time, 1430.6 real, 276.2 MB
[runlim] sample:		1390.9 time, 1440.6 real, 276.2 MB
[runlim] sample:		1400.9 time, 1450.6 real, 276.2 MB
[runlim] sample:		1410.9 time, 1460.6 real, 276.5 MB
[runlim] sample:		1420.9 time, 1470.6 real, 276.5 MB
[runlim] sample:		1430.9 time, 1480.6 real, 277.0 MB
[runlim] sample:		1440.9 time, 1490.6 real, 285.1 MB
[runlim] sample:		1450.9 time, 1500.6 real, 285.3 MB
[runlim] sample:		1460.9 time, 1510.6 real, 285.3 MB
[runlim] sample:		1470.9 time, 1520.6 real, 285.3 MB
[runlim] sample:		1480.9 time, 1530.6 real, 285.3 MB
[runlim] sample:		1490.9 time, 1540.6 real, 285.3 MB
[runlim] sample:		1500.9 time, 1550.6 real, 285.3 MB
[runlim] sample:		1510.9 time, 1560.6 real, 285.3 MB
[runlim] sample:		1520.9 time, 1570.6 real, 291.0 MB
[runlim] sample:		1530.9 time, 1580.6 real, 291.5 MB
[runlim] sample:		1540.9 time, 1590.6 real, 292.0 MB
[runlim] sample:		1550.3 time, 1600.6 real, 292.0 MB
[runlim] sample:		1559.5 time, 1610.6 real, 292.0 MB
[runlim] sample:		1568.3 time, 1620.6 real, 292.0 MB
[runlim] sample:		1576.8 time, 1630.6 real, 296.4 MB
[runlim] sample:		1586.0 time, 1640.6 real, 296.4 MB
[runlim] sample:		1595.5 time, 1650.6 real, 296.4 MB
[runlim] sample:		1605.1 time, 1660.6 real, 296.4 MB
[runlim] sample:		1614.8 time, 1670.6 real, 300.2 MB
[runlim] sample:		1624.1 time, 1680.6 real, 300.2 MB
[runlim] sample:		1633.7 time, 1690.6 real, 300.2 MB
[runlim] sample:		1643.7 time, 1700.6 real, 305.6 MB
[runlim] sample:		1653.7 time, 1710.6 real, 311.6 MB
[runlim] sample:		1662.6 time, 1720.6 real, 313.9 MB
[runlim] sample:		1672.3 time, 1730.6 real, 313.9 MB
[runlim] sample:		1681.9 time, 1740.6 real, 314.6 MB
[runlim] sample:		1691.6 time, 1750.6 real, 314.6 MB
[runlim] sample:		1701.4 time, 1760.6 real, 314.6 MB
[runlim] sample:		1711.4 time, 1770.6 real, 314.6 MB
[runlim] sample:		1721.4 time, 1780.6 real, 314.6 MB
[runlim] sample:		1731.4 time, 1790.6 real, 314.6 MB
[runlim] sample:		1741.4 time, 1800.6 real, 314.6 MB
[runlim] sample:		1751.4 time, 1810.6 real, 314.6 MB
[runlim] sample:		1761.4 time, 1820.6 real, 314.9 MB
[runlim] sample:		1771.4 time, 1830.6 real, 314.9 MB
[runlim] sample:		1781.4 time, 1840.6 real, 314.9 MB
[runlim] sample:		1791.4 time, 1850.6 real, 314.9 MB
CVC4 interrupted by SIGTERM.
[runlim] end:			Sat Feb  9 15:05:40 2019
[runlim] status:		out of time
[runlim] result:		2
[runlim] children:		0
[runlim] real:			1859.23 seconds
[runlim] time:			1800.02 seconds
[runlim] space:			314.9 MB
[runlim] samples:		18586
