[runlim] version:		1.10fixed
[runlim] time limit:		300 seconds
[runlim] real time limit:	311040000 seconds
[runlim] space limit:		4000 MB
[runlim] argv[0]:		./cvc4
[runlim] argv[1]:		--nl-ext-tplanes
[runlim] argv[2]:		--full-saturate-quant
[runlim] argv[3]:		--no-e-matching
[runlim] argv[4]:		/tmp/xrOsBbRl.smt2
[runlim] start:			Thu Feb 14 00:43:07 2019
[runlim] main pid:		6394
/tmp/xrOsBbRl.smt2:4.12: No set-logic command was given before this point.
/tmp/xrOsBbRl.smt2:4.12: CVC4 will make all theories available.
/tmp/xrOsBbRl.smt2:4.12: Consider setting a stricter logic for (likely) better performance.
/tmp/xrOsBbRl.smt2:4.12: To suppress this warning in the future use (set-logic ALL).
[runlim] sample:		8.8 time, 10.2 real, 44.9 MB
[runlim] sample:		18.8 time, 20.2 real, 51.0 MB
[runlim] sample:		28.8 time, 30.2 real, 54.0 MB
[runlim] sample:		38.8 time, 40.2 real, 56.0 MB
[runlim] sample:		48.8 time, 50.2 real, 59.0 MB
[runlim] sample:		58.8 time, 60.2 real, 60.7 MB
[runlim] sample:		68.8 time, 70.2 real, 62.4 MB
[runlim] sample:		78.8 time, 80.2 real, 62.9 MB
[runlim] sample:		88.7 time, 90.2 real, 65.9 MB
[runlim] sample:		98.7 time, 100.2 real, 66.7 MB
[runlim] sample:		108.7 time, 110.2 real, 68.2 MB
[runlim] sample:		118.7 time, 120.2 real, 69.2 MB
[runlim] sample:		128.7 time, 130.2 real, 72.0 MB
[runlim] sample:		138.7 time, 140.2 real, 72.7 MB
[runlim] sample:		148.7 time, 150.2 real, 73.7 MB
[runlim] sample:		158.7 time, 160.2 real, 74.4 MB
[runlim] sample:		168.7 time, 170.2 real, 78.8 MB
[runlim] sample:		178.7 time, 180.2 real, 82.0 MB
[runlim] sample:		188.7 time, 190.2 real, 82.7 MB
[runlim] sample:		198.7 time, 200.2 real, 85.0 MB
[runlim] sample:		208.7 time, 210.2 real, 86.3 MB
[runlim] sample:		218.7 time, 220.2 real, 86.8 MB
[runlim] sample:		228.7 time, 230.2 real, 88.1 MB
[runlim] sample:		238.3 time, 240.2 real, 88.6 MB
[runlim] sample:		248.3 time, 250.2 real, 89.4 MB
[runlim] sample:		258.3 time, 260.2 real, 90.3 MB
[runlim] sample:		268.2 time, 270.2 real, 91.9 MB
[runlim] sample:		278.2 time, 280.2 real, 92.6 MB
[runlim] sample:		288.2 time, 290.2 real, 92.6 MB
[runlim] sample:		296.8 time, 300.2 real, 92.9 MB
CVC4 interrupted by SIGTERM.
[runlim] end:			Thu Feb 14 00:48:11 2019
[runlim] status:		out of time
[runlim] result:		2
[runlim] children:		0
[runlim] real:			304.35 seconds
[runlim] time:			300.08 seconds
[runlim] space:			92.9 MB
[runlim] samples:		3041
