[runlim] version:		1.10fixed
[runlim] time limit:		1800 seconds
[runlim] real time limit:	311040000 seconds
[runlim] space limit:		4000 MB
[runlim] argv[0]:		./cvc4
[runlim] argv[1]:		--nl-ext-tplanes
[runlim] argv[2]:		--full-saturate-quant
[runlim] argv[3]:		--no-e-matching
[runlim] argv[4]:		/tmp/pxj1CbIA.smt2
[runlim] start:			Sat Feb  9 17:53:09 2019
[runlim] main pid:		17223
/tmp/pxj1CbIA.smt2:4.12: No set-logic command was given before this point.
/tmp/pxj1CbIA.smt2:4.12: CVC4 will make all theories available.
/tmp/pxj1CbIA.smt2:4.12: Consider setting a stricter logic for (likely) better performance.
/tmp/pxj1CbIA.smt2:4.12: To suppress this warning in the future use (set-logic ALL).
[runlim] sample:		9.1 time, 10.9 real, 41.3 MB
[runlim] sample:		19.1 time, 20.9 real, 51.1 MB
[runlim] sample:		29.1 time, 30.9 real, 59.1 MB
[runlim] sample:		39.0 time, 40.9 real, 65.8 MB
[runlim] sample:		49.0 time, 50.9 real, 69.6 MB
[runlim] sample:		59.0 time, 60.9 real, 71.6 MB
[runlim] sample:		68.5 time, 70.9 real, 78.6 MB
[runlim] sample:		78.2 time, 80.9 real, 80.1 MB
[runlim] sample:		87.8 time, 90.9 real, 83.4 MB
[runlim] sample:		96.1 time, 100.9 real, 88.6 MB
[runlim] sample:		104.9 time, 110.9 real, 91.4 MB
[runlim] sample:		113.4 time, 120.9 real, 93.7 MB
[runlim] sample:		122.6 time, 130.9 real, 101.0 MB
[runlim] sample:		131.9 time, 140.9 real, 102.8 MB
[runlim] sample:		140.6 time, 150.9 real, 103.0 MB
[runlim] sample:		149.3 time, 160.9 real, 104.1 MB
[runlim] sample:		159.3 time, 170.9 real, 104.6 MB
[runlim] sample:		169.3 time, 180.9 real, 106.3 MB
[runlim] sample:		179.3 time, 190.9 real, 109.4 MB
[runlim] sample:		189.3 time, 200.9 real, 110.5 MB
[runlim] sample:		199.0 time, 210.9 real, 111.5 MB
[runlim] sample:		208.4 time, 220.9 real, 114.8 MB
[runlim] sample:		216.5 time, 230.9 real, 115.9 MB
[runlim] sample:		224.9 time, 240.9 real, 115.9 MB
[runlim] sample:		233.3 time, 250.9 real, 116.4 MB
[runlim] sample:		239.8 time, 260.9 real, 117.7 MB
[runlim] sample:		249.7 time, 270.9 real, 117.7 MB
[runlim] sample:		258.4 time, 280.9 real, 123.6 MB
[runlim] sample:		266.8 time, 290.9 real, 125.9 MB
[runlim] sample:		274.9 time, 300.9 real, 126.2 MB
[runlim] sample:		283.9 time, 310.9 real, 127.1 MB
[runlim] sample:		292.8 time, 320.9 real, 127.1 MB
[runlim] sample:		302.4 time, 330.9 real, 127.1 MB
[runlim] sample:		312.4 time, 340.9 real, 127.1 MB
[runlim] sample:		322.4 time, 350.9 real, 127.1 MB
[runlim] sample:		332.4 time, 360.9 real, 131.2 MB
[runlim] sample:		342.4 time, 370.9 real, 131.2 MB
[runlim] sample:		352.4 time, 380.9 real, 132.2 MB
[runlim] sample:		362.4 time, 390.9 real, 132.2 MB
[runlim] sample:		372.4 time, 400.9 real, 142.3 MB
[runlim] sample:		382.4 time, 410.9 real, 143.6 MB
[runlim] sample:		392.4 time, 420.9 real, 147.7 MB
[runlim] sample:		402.4 time, 430.9 real, 147.7 MB
[runlim] sample:		412.4 time, 440.9 real, 148.2 MB
[runlim] sample:		422.4 time, 450.9 real, 148.2 MB
[runlim] sample:		432.4 time, 460.9 real, 148.2 MB
[runlim] sample:		442.4 time, 470.9 real, 148.2 MB
[runlim] sample:		452.4 time, 480.9 real, 148.2 MB
[runlim] sample:		462.4 time, 490.9 real, 148.2 MB
[runlim] sample:		472.4 time, 500.9 real, 148.2 MB
[runlim] sample:		482.4 time, 510.9 real, 148.2 MB
[runlim] sample:		492.4 time, 520.9 real, 148.2 MB
[runlim] sample:		502.4 time, 530.9 real, 148.2 MB
[runlim] sample:		512.4 time, 540.9 real, 148.2 MB
[runlim] sample:		522.4 time, 550.9 real, 148.2 MB
[runlim] sample:		532.4 time, 560.9 real, 148.2 MB
[runlim] sample:		542.4 time, 570.9 real, 148.2 MB
[runlim] sample:		552.4 time, 580.9 real, 148.2 MB
[runlim] sample:		562.4 time, 590.9 real, 148.2 MB
[runlim] sample:		572.4 time, 600.9 real, 148.2 MB
[runlim] sample:		582.4 time, 610.9 real, 148.2 MB
[runlim] sample:		592.4 time, 620.9 real, 148.2 MB
[runlim] sample:		602.4 time, 630.9 real, 148.2 MB
[runlim] sample:		612.4 time, 640.9 real, 148.2 MB
[runlim] sample:		622.4 time, 650.9 real, 148.2 MB
[runlim] sample:		632.4 time, 660.9 real, 148.2 MB
[runlim] sample:		642.4 time, 670.9 real, 148.2 MB
[runlim] sample:		652.4 time, 680.9 real, 148.2 MB
[runlim] sample:		662.4 time, 690.9 real, 148.2 MB
[runlim] sample:		672.4 time, 700.9 real, 148.2 MB
[runlim] sample:		682.4 time, 710.9 real, 148.2 MB
[runlim] sample:		692.4 time, 720.9 real, 148.2 MB
[runlim] sample:		702.4 time, 730.9 real, 148.2 MB
[runlim] sample:		712.4 time, 740.9 real, 148.2 MB
[runlim] sample:		722.4 time, 750.9 real, 148.2 MB
[runlim] sample:		732.4 time, 760.9 real, 148.2 MB
[runlim] sample:		742.4 time, 770.9 real, 148.2 MB
[runlim] sample:		752.4 time, 780.9 real, 148.2 MB
[runlim] sample:		762.4 time, 790.9 real, 148.2 MB
[runlim] sample:		772.4 time, 800.9 real, 148.2 MB
[runlim] sample:		782.4 time, 810.9 real, 148.2 MB
[runlim] sample:		792.4 time, 820.9 real, 148.2 MB
[runlim] sample:		802.4 time, 830.9 real, 148.2 MB
[runlim] sample:		812.4 time, 840.9 real, 148.2 MB
[runlim] sample:		822.4 time, 850.9 real, 148.2 MB
[runlim] sample:		832.4 time, 860.9 real, 148.2 MB
[runlim] sample:		842.4 time, 870.9 real, 148.2 MB
[runlim] sample:		851.6 time, 880.9 real, 148.2 MB
[runlim] sample:		860.2 time, 890.9 real, 148.2 MB
[runlim] sample:		870.2 time, 900.9 real, 148.2 MB
[runlim] sample:		880.2 time, 910.9 real, 148.2 MB
[runlim] sample:		890.2 time, 920.9 real, 148.2 MB
[runlim] sample:		900.2 time, 930.9 real, 148.2 MB
[runlim] sample:		909.3 time, 940.9 real, 148.2 MB
[runlim] sample:		919.1 time, 950.9 real, 148.2 MB
[runlim] sample:		929.1 time, 960.9 real, 148.2 MB
[runlim] sample:		939.1 time, 970.9 real, 148.2 MB
[runlim] sample:		948.9 time, 980.9 real, 148.2 MB
[runlim] sample:		956.4 time, 990.9 real, 148.2 MB
[runlim] sample:		963.9 time, 1000.9 real, 148.2 MB
[runlim] sample:		971.4 time, 1010.9 real, 148.2 MB
[runlim] sample:		978.8 time, 1020.9 real, 148.2 MB
[runlim] sample:		988.3 time, 1030.9 real, 148.2 MB
[runlim] sample:		998.3 time, 1040.9 real, 148.2 MB
[runlim] sample:		1008.3 time, 1050.9 real, 148.2 MB
[runlim] sample:		1018.2 time, 1060.9 real, 148.2 MB
[runlim] sample:		1028.2 time, 1070.9 real, 148.2 MB
[runlim] sample:		1038.2 time, 1080.9 real, 148.2 MB
[runlim] sample:		1048.2 time, 1090.9 real, 148.2 MB
[runlim] sample:		1058.2 time, 1100.9 real, 148.2 MB
[runlim] sample:		1068.2 time, 1110.9 real, 148.2 MB
[runlim] sample:		1078.2 time, 1120.9 real, 148.2 MB
[runlim] sample:		1088.2 time, 1130.9 real, 148.2 MB
[runlim] sample:		1098.2 time, 1140.9 real, 148.2 MB
[runlim] sample:		1108.2 time, 1150.9 real, 148.2 MB
[runlim] sample:		1118.2 time, 1160.9 real, 148.5 MB
[runlim] sample:		1128.2 time, 1170.9 real, 148.5 MB
[runlim] sample:		1138.2 time, 1180.9 real, 148.5 MB
[runlim] sample:		1148.2 time, 1190.9 real, 148.5 MB
[runlim] sample:		1158.2 time, 1200.9 real, 148.5 MB
[runlim] sample:		1166.0 time, 1210.9 real, 148.5 MB
[runlim] sample:		1173.4 time, 1220.9 real, 148.5 MB
[runlim] sample:		1180.9 time, 1230.9 real, 148.5 MB
[runlim] sample:		1190.6 time, 1240.9 real, 148.5 MB
[runlim] sample:		1199.0 time, 1250.9 real, 148.5 MB
[runlim] sample:		1206.5 time, 1260.9 real, 148.5 MB
[runlim] sample:		1214.0 time, 1270.9 real, 148.5 MB
[runlim] sample:		1221.4 time, 1280.9 real, 148.5 MB
[runlim] sample:		1230.3 time, 1290.9 real, 148.5 MB
[runlim] sample:		1240.3 time, 1300.9 real, 148.5 MB
[runlim] sample:		1250.3 time, 1310.9 real, 148.5 MB
[runlim] sample:		1260.3 time, 1320.9 real, 148.5 MB
[runlim] sample:		1270.3 time, 1330.9 real, 148.5 MB
[runlim] sample:		1280.3 time, 1340.9 real, 148.5 MB
[runlim] sample:		1290.3 time, 1350.9 real, 148.5 MB
[runlim] sample:		1300.3 time, 1360.9 real, 148.5 MB
[runlim] sample:		1310.3 time, 1370.9 real, 148.5 MB
[runlim] sample:		1320.2 time, 1380.9 real, 148.5 MB
[runlim] sample:		1330.2 time, 1390.9 real, 148.5 MB
[runlim] sample:		1340.2 time, 1400.9 real, 148.5 MB
[runlim] sample:		1350.2 time, 1410.9 real, 148.5 MB
[runlim] sample:		1360.2 time, 1420.9 real, 148.5 MB
[runlim] sample:		1370.2 time, 1430.9 real, 148.5 MB
[runlim] sample:		1380.2 time, 1440.9 real, 148.5 MB
[runlim] sample:		1390.2 time, 1450.9 real, 148.5 MB
[runlim] sample:		1400.2 time, 1460.9 real, 148.5 MB
[runlim] sample:		1410.2 time, 1470.9 real, 148.5 MB
[runlim] sample:		1419.4 time, 1480.9 real, 148.5 MB
[runlim] sample:		1426.8 time, 1490.9 real, 148.5 MB
[runlim] sample:		1434.2 time, 1500.9 real, 148.5 MB
[runlim] sample:		1441.6 time, 1510.9 real, 148.5 MB
[runlim] sample:		1449.1 time, 1520.9 real, 148.5 MB
[runlim] sample:		1456.5 time, 1530.9 real, 148.5 MB
[runlim] sample:		1463.9 time, 1540.9 real, 148.5 MB
[runlim] sample:		1471.3 time, 1550.9 real, 148.5 MB
[runlim] sample:		1478.7 time, 1560.9 real, 148.5 MB
[runlim] sample:		1486.1 time, 1570.9 real, 148.5 MB
[runlim] sample:		1493.5 time, 1580.9 real, 148.5 MB
[runlim] sample:		1500.9 time, 1590.9 real, 148.5 MB
[runlim] sample:		1508.3 time, 1600.9 real, 148.5 MB
[runlim] sample:		1515.7 time, 1610.9 real, 148.5 MB
[runlim] sample:		1524.4 time, 1620.9 real, 148.5 MB
[runlim] sample:		1534.4 time, 1630.9 real, 148.5 MB
[runlim] sample:		1542.9 time, 1640.9 real, 148.5 MB
[runlim] sample:		1550.3 time, 1650.9 real, 148.5 MB
[runlim] sample:		1557.7 time, 1660.9 real, 148.5 MB
[runlim] sample:		1565.1 time, 1670.9 real, 148.5 MB
[runlim] sample:		1574.4 time, 1680.9 real, 148.5 MB
[runlim] sample:		1584.4 time, 1690.9 real, 148.5 MB
[runlim] sample:		1594.4 time, 1700.9 real, 148.5 MB
[runlim] sample:		1604.4 time, 1710.9 real, 148.5 MB
[runlim] sample:		1614.4 time, 1720.9 real, 148.5 MB
[runlim] sample:		1624.4 time, 1730.9 real, 148.5 MB
[runlim] sample:		1634.4 time, 1740.9 real, 148.5 MB
[runlim] sample:		1644.2 time, 1750.9 real, 148.5 MB
[runlim] sample:		1651.5 time, 1760.9 real, 148.5 MB
[runlim] sample:		1659.2 time, 1770.9 real, 148.5 MB
[runlim] sample:		1669.2 time, 1780.9 real, 148.5 MB
[runlim] sample:		1677.0 time, 1790.9 real, 148.5 MB
[runlim] sample:		1687.0 time, 1800.9 real, 148.5 MB
[runlim] sample:		1697.0 time, 1810.9 real, 148.5 MB
[runlim] sample:		1707.0 time, 1820.9 real, 148.5 MB
[runlim] sample:		1717.0 time, 1830.9 real, 148.5 MB
[runlim] sample:		1726.1 time, 1840.9 real, 148.5 MB
[runlim] sample:		1734.1 time, 1850.9 real, 148.5 MB
[runlim] sample:		1743.6 time, 1860.9 real, 148.5 MB
[runlim] sample:		1753.3 time, 1870.9 real, 148.5 MB
[runlim] sample:		1762.7 time, 1880.9 real, 148.5 MB
[runlim] sample:		1772.3 time, 1890.9 real, 148.5 MB
[runlim] end:			Sat Feb  9 18:24:49 2019
[runlim] status:		signal(9)
[runlim] result:		11
[runlim] children:		0
[runlim] real:			1900.33 seconds
[runlim] time:			1781.38 seconds
[runlim] space:			148.5 MB
[runlim] samples:		18994
