[runlim] version:		1.10fixed
[runlim] time limit:		1800 seconds
[runlim] real time limit:	311040000 seconds
[runlim] space limit:		4000 MB
[runlim] argv[0]:		./cvc4
[runlim] argv[1]:		--nl-ext-tplanes
[runlim] argv[2]:		--full-saturate-quant
[runlim] argv[3]:		--no-e-matching
[runlim] argv[4]:		/tmp/hr7zi3II.smt2
[runlim] start:			Sat Feb  9 01:50:03 2019
[runlim] main pid:		15408
/tmp/hr7zi3II.smt2:4.12: No set-logic command was given before this point.
/tmp/hr7zi3II.smt2:4.12: CVC4 will make all theories available.
/tmp/hr7zi3II.smt2:4.12: Consider setting a stricter logic for (likely) better performance.
/tmp/hr7zi3II.smt2:4.12: To suppress this warning in the future use (set-logic ALL).
[runlim] sample:		9.3 time, 10.9 real, 52.3 MB
[runlim] sample:		18.7 time, 20.9 real, 57.1 MB
[runlim] sample:		27.9 time, 30.9 real, 66.3 MB
[runlim] sample:		37.5 time, 40.9 real, 71.7 MB
[runlim] sample:		47.2 time, 50.9 real, 76.8 MB
[runlim] sample:		56.5 time, 60.9 real, 81.5 MB
[runlim] sample:		65.1 time, 70.9 real, 83.6 MB
[runlim] sample:		74.2 time, 80.9 real, 84.8 MB
[runlim] sample:		82.8 time, 90.9 real, 85.4 MB
[runlim] sample:		91.2 time, 100.9 real, 86.4 MB
[runlim] sample:		99.2 time, 110.9 real, 93.6 MB
[runlim] sample:		109.1 time, 120.9 real, 94.1 MB
[runlim] sample:		118.0 time, 130.9 real, 94.4 MB
[runlim] sample:		128.0 time, 140.9 real, 94.4 MB
[runlim] sample:		138.0 time, 150.9 real, 94.4 MB
[runlim] sample:		148.0 time, 160.9 real, 94.4 MB
[runlim] sample:		158.0 time, 170.9 real, 94.4 MB
[runlim] sample:		168.0 time, 180.9 real, 94.4 MB
[runlim] sample:		178.0 time, 190.9 real, 94.4 MB
[runlim] sample:		188.0 time, 200.9 real, 94.4 MB
[runlim] sample:		198.0 time, 210.9 real, 94.6 MB
[runlim] sample:		208.0 time, 220.9 real, 95.4 MB
[runlim] sample:		218.0 time, 230.9 real, 95.7 MB
[runlim] sample:		228.0 time, 240.9 real, 96.7 MB
[runlim] sample:		238.0 time, 250.9 real, 96.7 MB
[runlim] sample:		248.0 time, 260.9 real, 97.5 MB
[runlim] sample:		258.0 time, 270.9 real, 98.0 MB
[runlim] sample:		268.0 time, 280.9 real, 98.8 MB
[runlim] sample:		278.0 time, 290.9 real, 99.0 MB
[runlim] sample:		288.0 time, 300.9 real, 99.5 MB
[runlim] sample:		298.0 time, 310.9 real, 100.1 MB
[runlim] sample:		308.0 time, 320.9 real, 100.6 MB
[runlim] sample:		318.0 time, 330.9 real, 101.3 MB
[runlim] sample:		327.9 time, 340.9 real, 101.6 MB
[runlim] sample:		337.6 time, 350.9 real, 102.4 MB
[runlim] sample:		347.0 time, 360.9 real, 102.9 MB
[runlim] sample:		356.3 time, 370.9 real, 103.4 MB
[runlim] sample:		365.7 time, 380.9 real, 103.7 MB
[runlim] sample:		375.4 time, 390.9 real, 104.4 MB
[runlim] sample:		384.7 time, 400.9 real, 104.7 MB
[runlim] sample:		394.1 time, 410.9 real, 105.5 MB
[runlim] sample:		403.4 time, 420.9 real, 105.7 MB
[runlim] sample:		412.8 time, 430.9 real, 106.8 MB
[runlim] sample:		421.4 time, 440.9 real, 107.0 MB
[runlim] sample:		429.8 time, 450.9 real, 107.8 MB
[runlim] sample:		439.2 time, 460.9 real, 108.1 MB
[runlim] sample:		449.2 time, 470.9 real, 108.8 MB
[runlim] sample:		459.2 time, 480.9 real, 109.3 MB
[runlim] sample:		469.2 time, 490.9 real, 109.9 MB
[runlim] sample:		479.2 time, 500.9 real, 110.6 MB
[runlim] sample:		489.2 time, 510.9 real, 110.9 MB
[runlim] sample:		499.1 time, 520.9 real, 111.9 MB
[runlim] sample:		507.5 time, 530.9 real, 112.2 MB
[runlim] sample:		517.5 time, 540.9 real, 112.9 MB
[runlim] sample:		526.4 time, 550.9 real, 113.2 MB
[runlim] sample:		534.9 time, 560.9 real, 115.0 MB
[runlim] sample:		543.2 time, 570.9 real, 115.0 MB
[runlim] sample:		551.6 time, 580.9 real, 115.8 MB
[runlim] sample:		561.4 time, 590.9 real, 116.0 MB
[runlim] sample:		571.4 time, 600.9 real, 116.8 MB
[runlim] sample:		580.6 time, 610.9 real, 117.1 MB
[runlim] sample:		590.6 time, 620.9 real, 117.8 MB
[runlim] sample:		600.6 time, 630.9 real, 118.4 MB
[runlim] sample:		610.6 time, 640.9 real, 119.9 MB
[runlim] sample:		620.1 time, 650.9 real, 120.9 MB
[runlim] sample:		629.5 time, 660.9 real, 120.9 MB
[runlim] sample:		638.9 time, 670.9 real, 121.5 MB
[runlim] sample:		648.2 time, 680.9 real, 121.7 MB
[runlim] sample:		657.6 time, 690.9 real, 122.5 MB
[runlim] sample:		667.6 time, 700.9 real, 122.7 MB
[runlim] sample:		677.6 time, 710.9 real, 123.5 MB
[runlim] sample:		687.6 time, 720.9 real, 124.8 MB
[runlim] sample:		697.6 time, 730.9 real, 125.3 MB
[runlim] sample:		707.6 time, 740.9 real, 125.8 MB
[runlim] sample:		717.6 time, 750.9 real, 126.4 MB
[runlim] sample:		727.6 time, 760.9 real, 127.1 MB
[runlim] sample:		736.9 time, 770.9 real, 127.4 MB
[runlim] sample:		746.1 time, 780.9 real, 128.2 MB
[runlim] sample:		754.5 time, 790.9 real, 128.4 MB
[runlim] sample:		762.9 time, 800.9 real, 129.2 MB
[runlim] sample:		772.7 time, 810.9 real, 129.4 MB
[runlim] sample:		781.6 time, 820.9 real, 130.2 MB
[runlim] sample:		791.6 time, 830.9 real, 130.7 MB
[runlim] sample:		801.2 time, 840.9 real, 131.5 MB
[runlim] sample:		810.5 time, 850.9 real, 132.0 MB
[runlim] sample:		819.9 time, 860.9 real, 132.5 MB
[runlim] sample:		829.3 time, 870.9 real, 133.1 MB
[runlim] sample:		838.9 time, 880.9 real, 133.6 MB
[runlim] sample:		848.9 time, 890.9 real, 134.1 MB
[runlim] sample:		858.3 time, 900.9 real, 134.6 MB
[runlim] sample:		866.7 time, 910.9 real, 135.1 MB
[runlim] sample:		875.5 time, 920.9 real, 135.4 MB
[runlim] sample:		885.5 time, 930.9 real, 136.1 MB
[runlim] sample:		895.4 time, 940.9 real, 136.7 MB
[runlim] sample:		905.4 time, 950.9 real, 137.4 MB
[runlim] sample:		915.3 time, 960.9 real, 137.9 MB
[runlim] sample:		925.3 time, 970.9 real, 138.5 MB
[runlim] sample:		934.4 time, 980.9 real, 139.0 MB
[runlim] sample:		943.8 time, 990.9 real, 139.5 MB
[runlim] sample:		953.1 time, 1000.9 real, 140.0 MB
[runlim] sample:		962.8 time, 1010.9 real, 140.5 MB
[runlim] sample:		972.8 time, 1020.9 real, 141.8 MB
[runlim] sample:		982.3 time, 1030.9 real, 142.1 MB
[runlim] sample:		991.7 time, 1040.9 real, 142.8 MB
[runlim] sample:		1001.6 time, 1050.9 real, 143.4 MB
[runlim] sample:		1011.6 time, 1060.9 real, 143.9 MB
[runlim] sample:		1021.6 time, 1070.9 real, 144.4 MB
[runlim] sample:		1031.6 time, 1080.9 real, 144.9 MB
[runlim] sample:		1041.5 time, 1090.9 real, 145.7 MB
[runlim] sample:		1051.1 time, 1100.9 real, 146.4 MB
[runlim] sample:		1060.8 time, 1110.9 real, 147.2 MB
[runlim] sample:		1069.9 time, 1120.9 real, 147.5 MB
[runlim] sample:		1078.9 time, 1130.9 real, 150.1 MB
[runlim] sample:		1088.0 time, 1140.9 real, 150.1 MB
[runlim] sample:		1097.0 time, 1150.9 real, 150.3 MB
[runlim] sample:		1106.0 time, 1160.9 real, 150.6 MB
[runlim] sample:		1115.3 time, 1170.9 real, 151.3 MB
[runlim] sample:		1124.9 time, 1180.9 real, 151.6 MB
[runlim] sample:		1134.6 time, 1190.9 real, 152.4 MB
[runlim] sample:		1144.2 time, 1200.9 real, 152.9 MB
[runlim] sample:		1153.9 time, 1210.9 real, 153.4 MB
[runlim] sample:		1163.6 time, 1220.9 real, 153.9 MB
[runlim] sample:		1173.2 time, 1230.9 real, 154.2 MB
[runlim] sample:		1182.9 time, 1240.9 real, 155.0 MB
[runlim] sample:		1192.6 time, 1250.9 real, 155.5 MB
[runlim] sample:		1202.1 time, 1260.9 real, 156.2 MB
[runlim] sample:		1211.6 time, 1270.9 real, 156.5 MB
[runlim] sample:		1221.3 time, 1280.9 real, 157.3 MB
[runlim] sample:		1231.3 time, 1290.9 real, 157.8 MB
[runlim] sample:		1241.3 time, 1300.9 real, 158.3 MB
[runlim] sample:		1251.2 time, 1310.9 real, 159.1 MB
[runlim] sample:		1260.8 time, 1320.9 real, 159.6 MB
[runlim] sample:		1270.8 time, 1330.9 real, 160.4 MB
[runlim] sample:		1280.8 time, 1340.9 real, 160.9 MB
[runlim] sample:		1290.8 time, 1350.9 real, 161.9 MB
[runlim] sample:		1300.8 time, 1360.9 real, 161.9 MB
[runlim] sample:		1310.8 time, 1370.9 real, 162.4 MB
[runlim] sample:		1320.8 time, 1380.9 real, 163.2 MB
[runlim] sample:		1330.8 time, 1390.9 real, 163.5 MB
[runlim] sample:		1340.8 time, 1400.9 real, 164.5 MB
[runlim] sample:		1350.8 time, 1410.9 real, 164.7 MB
[runlim] sample:		1360.8 time, 1420.9 real, 165.5 MB
[runlim] sample:		1370.8 time, 1430.9 real, 166.0 MB
[runlim] sample:		1380.8 time, 1440.9 real, 166.5 MB
[runlim] sample:		1389.7 time, 1450.9 real, 167.1 MB
[runlim] sample:		1399.1 time, 1460.9 real, 167.3 MB
[runlim] sample:		1408.3 time, 1470.9 real, 168.1 MB
[runlim] sample:		1416.6 time, 1480.9 real, 168.4 MB
[runlim] sample:		1425.6 time, 1490.9 real, 170.2 MB
[runlim] sample:		1434.3 time, 1500.9 real, 170.2 MB
[runlim] sample:		1444.3 time, 1510.9 real, 170.2 MB
[runlim] sample:		1454.3 time, 1520.9 real, 170.4 MB
[runlim] sample:		1464.3 time, 1530.9 real, 171.7 MB
[runlim] sample:		1474.3 time, 1540.9 real, 171.7 MB
[runlim] sample:		1484.3 time, 1550.9 real, 172.5 MB
[runlim] sample:		1494.3 time, 1560.9 real, 172.7 MB
[runlim] sample:		1504.0 time, 1570.9 real, 173.5 MB
[runlim] sample:		1512.9 time, 1580.9 real, 173.8 MB
[runlim] sample:		1521.9 time, 1590.9 real, 174.5 MB
[runlim] sample:		1531.2 time, 1600.9 real, 174.8 MB
[runlim] sample:		1540.8 time, 1610.9 real, 175.6 MB
[runlim] sample:		1549.8 time, 1620.9 real, 175.8 MB
[runlim] sample:		1558.8 time, 1630.9 real, 176.6 MB
[runlim] sample:		1568.1 time, 1640.9 real, 176.9 MB
[runlim] sample:		1578.1 time, 1650.9 real, 177.6 MB
[runlim] sample:		1588.1 time, 1660.9 real, 177.9 MB
[runlim] sample:		1598.1 time, 1670.9 real, 178.7 MB
[runlim] sample:		1608.1 time, 1680.9 real, 179.2 MB
[runlim] sample:		1618.1 time, 1690.9 real, 179.7 MB
[runlim] sample:		1627.1 time, 1700.9 real, 180.2 MB
[runlim] sample:		1635.8 time, 1710.9 real, 180.7 MB
[runlim] sample:		1645.8 time, 1720.9 real, 181.0 MB
[runlim] sample:		1655.8 time, 1730.9 real, 181.8 MB
[runlim] sample:		1665.8 time, 1740.9 real, 182.3 MB
[runlim] sample:		1675.8 time, 1750.9 real, 182.8 MB
[runlim] sample:		1685.8 time, 1760.9 real, 183.3 MB
[runlim] sample:		1695.8 time, 1770.9 real, 183.8 MB
[runlim] sample:		1705.7 time, 1780.9 real, 184.3 MB
[runlim] sample:		1715.7 time, 1790.9 real, 184.6 MB
[runlim] sample:		1725.7 time, 1800.9 real, 185.4 MB
[runlim] sample:		1735.7 time, 1810.9 real, 186.1 MB
[runlim] sample:		1745.7 time, 1820.9 real, 186.6 MB
[runlim] sample:		1755.7 time, 1830.9 real, 187.2 MB
[runlim] sample:		1765.7 time, 1840.9 real, 187.7 MB
[runlim] sample:		1775.7 time, 1850.9 real, 188.2 MB
[runlim] sample:		1785.7 time, 1860.9 real, 189.0 MB
[runlim] end:			Sat Feb  9 02:21:05 2019
[runlim] status:		signal(9)
[runlim] result:		11
[runlim] children:		0
[runlim] real:			1862.82 seconds
[runlim] time:			1787.62 seconds
[runlim] space:			189.0 MB
[runlim] samples:		18619
