[runlim] version:		1.10fixed
[runlim] time limit:		300 seconds
[runlim] real time limit:	311040000 seconds
[runlim] space limit:		4000 MB
[runlim] argv[0]:		./cvc4
[runlim] argv[1]:		--nl-ext-tplanes
[runlim] argv[2]:		--full-saturate-quant
[runlim] argv[3]:		--no-e-matching
[runlim] argv[4]:		/tmp/7lVsX1tJ.smt2
[runlim] start:			Thu Feb 14 00:43:38 2019
[runlim] main pid:		558
/tmp/7lVsX1tJ.smt2:4.12: No set-logic command was given before this point.
/tmp/7lVsX1tJ.smt2:4.12: CVC4 will make all theories available.
/tmp/7lVsX1tJ.smt2:4.12: Consider setting a stricter logic for (likely) better performance.
/tmp/7lVsX1tJ.smt2:4.12: To suppress this warning in the future use (set-logic ALL).
[runlim] sample:		7.3 time, 10.7 real, 43.5 MB
[runlim] sample:		14.6 time, 20.7 real, 50.5 MB
[runlim] sample:		24.5 time, 30.7 real, 62.7 MB
[runlim] sample:		34.5 time, 40.7 real, 68.9 MB
[runlim] sample:		44.5 time, 50.7 real, 79.3 MB
[runlim] sample:		54.5 time, 60.7 real, 82.7 MB
[runlim] sample:		64.5 time, 70.7 real, 89.7 MB
[runlim] sample:		74.5 time, 80.7 real, 92.0 MB
[runlim] sample:		84.5 time, 90.7 real, 103.3 MB
[runlim] sample:		94.5 time, 100.7 real, 106.4 MB
[runlim] sample:		104.5 time, 110.7 real, 109.5 MB
[runlim] sample:		114.5 time, 120.7 real, 113.9 MB
[runlim] sample:		124.5 time, 130.7 real, 122.7 MB
[runlim] sample:		134.5 time, 140.7 real, 123.2 MB
[runlim] sample:		144.5 time, 150.7 real, 130.4 MB
[runlim] sample:		154.5 time, 160.7 real, 130.9 MB
[runlim] sample:		164.5 time, 170.7 real, 134.5 MB
[runlim] sample:		174.5 time, 180.7 real, 140.2 MB
[runlim] sample:		184.5 time, 190.7 real, 140.4 MB
[runlim] sample:		194.5 time, 200.7 real, 140.9 MB
[runlim] sample:		204.5 time, 210.7 real, 142.2 MB
[runlim] sample:		214.5 time, 220.7 real, 142.7 MB
[runlim] sample:		224.5 time, 230.7 real, 145.3 MB
[runlim] sample:		234.5 time, 240.7 real, 150.5 MB
[runlim] sample:		244.5 time, 250.7 real, 150.7 MB
[runlim] sample:		254.5 time, 260.7 real, 150.7 MB
[runlim] sample:		264.5 time, 270.7 real, 151.8 MB
[runlim] sample:		274.5 time, 280.7 real, 152.8 MB
[runlim] sample:		284.5 time, 290.7 real, 153.0 MB
[runlim] sample:		294.5 time, 300.7 real, 153.3 MB
CVC4 interrupted by SIGTERM.
[runlim] end:			Thu Feb 14 00:48:44 2019
[runlim] status:		out of time
[runlim] result:		2
[runlim] children:		0
[runlim] real:			306.23 seconds
[runlim] time:			300.01 seconds
[runlim] space:			153.3 MB
[runlim] samples:		3055
