[runlim] version:		1.10fixed
[runlim] time limit:		1800 seconds
[runlim] real time limit:	311040000 seconds
[runlim] space limit:		4000 MB
[runlim] argv[0]:		./cvc4
[runlim] argv[1]:		--nl-ext-tplanes
[runlim] argv[2]:		--full-saturate-quant
[runlim] argv[3]:		--no-e-matching
[runlim] argv[4]:		/tmp/ojeQN3X8.smt2
[runlim] start:			Sat Feb  9 17:53:26 2019
[runlim] main pid:		18008
/tmp/ojeQN3X8.smt2:4.12: No set-logic command was given before this point.
/tmp/ojeQN3X8.smt2:4.12: CVC4 will make all theories available.
/tmp/ojeQN3X8.smt2:4.12: Consider setting a stricter logic for (likely) better performance.
/tmp/ojeQN3X8.smt2:4.12: To suppress this warning in the future use (set-logic ALL).
[runlim] sample:		9.6 time, 10.8 real, 48.2 MB
[runlim] sample:		19.6 time, 20.8 real, 58.4 MB
[runlim] sample:		29.6 time, 30.8 real, 67.3 MB
[runlim] sample:		39.5 time, 40.8 real, 72.5 MB
[runlim] sample:		49.5 time, 50.8 real, 77.9 MB
[runlim] sample:		59.6 time, 60.8 real, 84.5 MB
[runlim] sample:		69.5 time, 70.8 real, 91.5 MB
[runlim] sample:		79.5 time, 80.8 real, 94.8 MB
[runlim] sample:		89.5 time, 90.8 real, 100.0 MB
[runlim] sample:		99.5 time, 100.8 real, 106.5 MB
[runlim] sample:		109.5 time, 110.8 real, 108.5 MB
[runlim] sample:		119.5 time, 120.8 real, 111.1 MB
[runlim] sample:		129.5 time, 130.8 real, 115.2 MB
[runlim] sample:		139.5 time, 140.8 real, 117.0 MB
[runlim] sample:		149.5 time, 150.8 real, 120.1 MB
[runlim] sample:		159.5 time, 160.8 real, 125.0 MB
[runlim] sample:		169.5 time, 170.8 real, 128.4 MB
[runlim] sample:		179.5 time, 180.8 real, 132.7 MB
[runlim] sample:		189.5 time, 190.8 real, 140.5 MB
[runlim] sample:		199.5 time, 200.8 real, 142.8 MB
[runlim] sample:		209.5 time, 210.8 real, 144.3 MB
[runlim] sample:		219.5 time, 220.8 real, 147.9 MB
[runlim] sample:		229.5 time, 230.8 real, 149.7 MB
[runlim] sample:		239.5 time, 240.8 real, 159.3 MB
[runlim] sample:		249.5 time, 250.8 real, 161.1 MB
[runlim] sample:		259.4 time, 260.8 real, 163.6 MB
[runlim] sample:		269.4 time, 270.8 real, 168.5 MB
[runlim] sample:		278.9 time, 280.8 real, 171.4 MB
[runlim] sample:		288.9 time, 290.8 real, 172.4 MB
[runlim] sample:		298.2 time, 300.8 real, 174.7 MB
[runlim] sample:		306.5 time, 310.8 real, 178.1 MB
[runlim] sample:		315.8 time, 320.8 real, 181.4 MB
[runlim] sample:		325.3 time, 330.8 real, 182.7 MB
[runlim] sample:		334.1 time, 340.8 real, 185.0 MB
[runlim] sample:		344.1 time, 350.8 real, 203.0 MB
[runlim] sample:		354.1 time, 360.8 real, 203.7 MB
[runlim] sample:		364.1 time, 370.8 real, 204.5 MB
[runlim] sample:		374.1 time, 380.8 real, 204.5 MB
[runlim] sample:		384.1 time, 390.8 real, 205.0 MB
[runlim] sample:		394.1 time, 400.8 real, 205.3 MB
[runlim] sample:		404.1 time, 410.8 real, 207.8 MB
[runlim] sample:		414.1 time, 420.8 real, 208.6 MB
[runlim] sample:		424.1 time, 430.8 real, 209.9 MB
[runlim] sample:		434.1 time, 440.8 real, 212.0 MB
[runlim] sample:		443.5 time, 450.8 real, 214.5 MB
[runlim] sample:		452.5 time, 460.8 real, 218.2 MB
[runlim] sample:		461.7 time, 470.8 real, 222.3 MB
[runlim] sample:		471.0 time, 480.8 real, 222.8 MB
[runlim] sample:		480.8 time, 490.8 real, 224.3 MB
[runlim] sample:		490.0 time, 500.8 real, 226.9 MB
[runlim] sample:		499.0 time, 510.8 real, 229.2 MB
[runlim] sample:		508.6 time, 520.8 real, 230.5 MB
[runlim] sample:		518.3 time, 530.8 real, 234.6 MB
[runlim] sample:		528.3 time, 540.8 real, 236.7 MB
[runlim] sample:		538.2 time, 550.8 real, 239.5 MB
[runlim] sample:		548.0 time, 560.8 real, 240.0 MB
[runlim] sample:		557.7 time, 570.8 real, 242.4 MB
[runlim] sample:		567.5 time, 580.8 real, 246.2 MB
[runlim] sample:		577.4 time, 590.8 real, 249.3 MB
[runlim] sample:		587.1 time, 600.8 real, 249.8 MB
[runlim] sample:		596.8 time, 610.8 real, 252.2 MB
[runlim] sample:		606.8 time, 620.8 real, 255.3 MB
[runlim] sample:		616.8 time, 630.8 real, 255.5 MB
[runlim] sample:		626.5 time, 640.8 real, 259.1 MB
[runlim] sample:		635.9 time, 650.8 real, 262.2 MB
[runlim] sample:		645.2 time, 660.8 real, 263.0 MB
[runlim] sample:		654.5 time, 670.8 real, 264.5 MB
[runlim] sample:		663.8 time, 680.8 real, 284.5 MB
[runlim] sample:		673.3 time, 690.8 real, 284.5 MB
[runlim] sample:		683.3 time, 700.8 real, 285.1 MB
[runlim] sample:		693.3 time, 710.8 real, 285.3 MB
[runlim] sample:		703.3 time, 720.8 real, 286.9 MB
[runlim] sample:		713.2 time, 730.8 real, 287.4 MB
[runlim] sample:		723.2 time, 740.8 real, 287.6 MB
[runlim] sample:		733.2 time, 750.8 real, 287.9 MB
[runlim] sample:		743.2 time, 760.8 real, 288.1 MB
[runlim] sample:		753.2 time, 770.8 real, 288.4 MB
[runlim] sample:		763.2 time, 780.8 real, 288.7 MB
[runlim] sample:		773.2 time, 790.8 real, 290.2 MB
[runlim] sample:		783.2 time, 800.8 real, 293.0 MB
[runlim] sample:		793.2 time, 810.8 real, 293.5 MB
[runlim] sample:		802.6 time, 820.8 real, 295.1 MB
[runlim] sample:		811.9 time, 830.8 real, 305.7 MB
[runlim] sample:		821.2 time, 840.8 real, 305.9 MB
[runlim] sample:		830.6 time, 850.8 real, 306.2 MB
[runlim] sample:		839.9 time, 860.8 real, 306.4 MB
[runlim] sample:		849.3 time, 870.8 real, 309.5 MB
[runlim] sample:		858.9 time, 880.8 real, 310.3 MB
[runlim] sample:		868.3 time, 890.8 real, 313.4 MB
[runlim] sample:		877.6 time, 900.8 real, 313.9 MB
[runlim] sample:		886.9 time, 910.8 real, 317.3 MB
[runlim] sample:		896.3 time, 920.8 real, 317.8 MB
[runlim] sample:		905.6 time, 930.8 real, 321.4 MB
[runlim] sample:		914.9 time, 940.8 real, 321.9 MB
[runlim] sample:		924.2 time, 950.8 real, 323.7 MB
[runlim] sample:		933.9 time, 960.8 real, 326.3 MB
[runlim] sample:		943.9 time, 970.8 real, 328.3 MB
[runlim] sample:		953.9 time, 980.8 real, 329.6 MB
[runlim] sample:		963.9 time, 990.8 real, 333.5 MB
[runlim] sample:		973.5 time, 1000.8 real, 333.8 MB
[runlim] sample:		982.8 time, 1010.8 real, 334.3 MB
[runlim] sample:		992.8 time, 1020.8 real, 345.8 MB
[runlim] sample:		1002.8 time, 1030.8 real, 346.4 MB
[runlim] sample:		1012.8 time, 1040.8 real, 350.0 MB
[runlim] sample:		1022.8 time, 1050.8 real, 350.2 MB
[runlim] sample:		1032.8 time, 1060.8 real, 355.1 MB
[runlim] sample:		1042.8 time, 1070.8 real, 355.4 MB
[runlim] sample:		1052.8 time, 1080.8 real, 359.7 MB
[runlim] sample:		1062.7 time, 1090.8 real, 359.7 MB
[runlim] sample:		1072.1 time, 1100.8 real, 363.4 MB
[runlim] sample:		1081.5 time, 1110.8 real, 363.6 MB
[runlim] sample:		1091.5 time, 1120.8 real, 367.2 MB
[runlim] sample:		1100.1 time, 1130.8 real, 367.5 MB
[runlim] sample:		1107.3 time, 1140.8 real, 367.7 MB
[runlim] sample:		1115.9 time, 1150.8 real, 370.1 MB
[runlim] sample:		1125.9 time, 1160.8 real, 372.6 MB
[runlim] sample:		1135.9 time, 1170.8 real, 375.7 MB
[runlim] sample:		1145.9 time, 1180.8 real, 376.5 MB
[runlim] sample:		1155.9 time, 1190.8 real, 376.7 MB
[runlim] sample:		1165.9 time, 1200.8 real, 381.1 MB
[runlim] sample:		1175.8 time, 1210.8 real, 381.6 MB
[runlim] sample:		1185.8 time, 1220.8 real, 384.5 MB
[runlim] sample:		1195.8 time, 1230.8 real, 384.7 MB
[runlim] sample:		1205.8 time, 1240.8 real, 388.3 MB
[runlim] sample:		1215.8 time, 1250.8 real, 388.6 MB
[runlim] sample:		1225.8 time, 1260.8 real, 388.9 MB
[runlim] sample:		1235.8 time, 1270.8 real, 393.2 MB
[runlim] sample:		1244.7 time, 1280.8 real, 393.2 MB
[runlim] sample:		1253.6 time, 1290.8 real, 398.4 MB
[runlim] sample:		1260.9 time, 1300.8 real, 398.7 MB
[runlim] sample:		1269.0 time, 1310.8 real, 398.7 MB
[runlim] sample:		1279.0 time, 1320.8 real, 402.3 MB
[runlim] sample:		1289.0 time, 1330.8 real, 402.5 MB
[runlim] sample:		1299.0 time, 1340.8 real, 403.0 MB
[runlim] sample:		1309.0 time, 1350.8 real, 406.6 MB
[runlim] sample:		1319.0 time, 1360.8 real, 406.6 MB
[runlim] sample:		1329.0 time, 1370.8 real, 447.2 MB
[runlim] sample:		1338.3 time, 1380.8 real, 449.0 MB
[runlim] sample:		1346.1 time, 1390.8 real, 449.0 MB
[runlim] sample:		1356.1 time, 1400.8 real, 449.8 MB
[runlim] sample:		1366.1 time, 1410.8 real, 450.6 MB
[runlim] sample:		1376.1 time, 1420.8 real, 450.6 MB
[runlim] sample:		1386.1 time, 1430.8 real, 450.8 MB
[runlim] sample:		1396.1 time, 1440.8 real, 450.8 MB
[runlim] sample:		1406.1 time, 1450.8 real, 450.8 MB
[runlim] sample:		1416.1 time, 1460.8 real, 451.6 MB
[runlim] sample:		1426.1 time, 1470.8 real, 451.6 MB
[runlim] sample:		1436.1 time, 1480.8 real, 451.6 MB
[runlim] sample:		1446.1 time, 1490.8 real, 452.4 MB
[runlim] sample:		1456.1 time, 1500.8 real, 452.4 MB
[runlim] sample:		1466.1 time, 1510.8 real, 452.4 MB
[runlim] sample:		1476.0 time, 1520.8 real, 454.7 MB
[runlim] sample:		1486.0 time, 1530.8 real, 455.4 MB
[runlim] sample:		1496.0 time, 1540.8 real, 455.4 MB
[runlim] sample:		1506.0 time, 1550.8 real, 456.2 MB
[runlim] sample:		1516.0 time, 1560.8 real, 456.2 MB
[runlim] sample:		1524.9 time, 1570.8 real, 456.2 MB
[runlim] sample:		1534.9 time, 1580.8 real, 456.7 MB
[runlim] sample:		1543.0 time, 1590.8 real, 456.7 MB
[runlim] sample:		1552.7 time, 1600.8 real, 456.7 MB
[runlim] sample:		1560.6 time, 1610.8 real, 457.2 MB
[runlim] sample:		1570.1 time, 1620.8 real, 457.5 MB
[runlim] sample:		1580.0 time, 1630.8 real, 457.5 MB
[runlim] sample:		1590.0 time, 1640.8 real, 458.0 MB
[runlim] sample:		1600.0 time, 1650.8 real, 460.1 MB
[runlim] sample:		1610.0 time, 1660.8 real, 460.1 MB
[runlim] sample:		1620.0 time, 1670.8 real, 460.6 MB
[runlim] sample:		1629.7 time, 1680.8 real, 461.3 MB
[runlim] sample:		1639.6 time, 1690.8 real, 461.9 MB
[runlim] sample:		1649.6 time, 1700.8 real, 462.4 MB
[runlim] sample:		1659.6 time, 1710.8 real, 462.9 MB
[runlim] sample:		1669.6 time, 1720.8 real, 462.9 MB
[runlim] sample:		1679.6 time, 1730.8 real, 463.9 MB
[runlim] sample:		1689.6 time, 1740.8 real, 468.3 MB
[runlim] sample:		1699.6 time, 1750.8 real, 468.3 MB
[runlim] sample:		1708.5 time, 1760.8 real, 468.8 MB
[runlim] sample:		1717.4 time, 1770.8 real, 473.2 MB
[runlim] sample:		1727.4 time, 1780.8 real, 473.5 MB
[runlim] sample:		1737.4 time, 1790.8 real, 473.5 MB
[runlim] sample:		1746.4 time, 1800.8 real, 476.3 MB
[runlim] sample:		1756.0 time, 1810.8 real, 478.3 MB
[runlim] sample:		1766.0 time, 1820.8 real, 478.3 MB
[runlim] sample:		1776.0 time, 1830.8 real, 478.6 MB
[runlim] sample:		1786.0 time, 1840.8 real, 485.3 MB
[runlim] sample:		1796.0 time, 1850.8 real, 485.3 MB
[runlim] end:			Sat Feb  9 18:24:19 2019
[runlim] status:		signal(9)
[runlim] result:		11
[runlim] children:		0
[runlim] real:			1853.49 seconds
[runlim] time:			1798.65 seconds
[runlim] space:			502.8 MB
[runlim] samples:		18527
