[runlim] version:		1.10fixed
[runlim] time limit:		1800 seconds
[runlim] real time limit:	311040000 seconds
[runlim] space limit:		4000 MB
[runlim] argv[0]:		./cvc4
[runlim] argv[1]:		--nl-ext-tplanes
[runlim] argv[2]:		--full-saturate-quant
[runlim] argv[3]:		--no-e-matching
[runlim] argv[4]:		/tmp/Gp2zS2Oj.smt2
[runlim] start:			Sat Feb  9 17:53:25 2019
[runlim] main pid:		26793
/tmp/Gp2zS2Oj.smt2:4.12: No set-logic command was given before this point.
/tmp/Gp2zS2Oj.smt2:4.12: CVC4 will make all theories available.
/tmp/Gp2zS2Oj.smt2:4.12: Consider setting a stricter logic for (likely) better performance.
/tmp/Gp2zS2Oj.smt2:4.12: To suppress this warning in the future use (set-logic ALL).
[runlim] sample:		7.8 time, 10.1 real, 46.6 MB
[runlim] sample:		16.7 time, 20.1 real, 58.1 MB
[runlim] sample:		26.7 time, 30.1 real, 68.6 MB
[runlim] sample:		36.7 time, 40.1 real, 79.1 MB
[runlim] sample:		46.7 time, 50.1 real, 85.5 MB
[runlim] sample:		56.7 time, 60.1 real, 91.2 MB
[runlim] sample:		66.7 time, 70.1 real, 96.8 MB
[runlim] sample:		76.7 time, 80.1 real, 101.7 MB
[runlim] sample:		86.7 time, 90.1 real, 107.8 MB
[runlim] sample:		96.7 time, 100.1 real, 112.5 MB
[runlim] sample:		106.7 time, 110.1 real, 121.1 MB
[runlim] sample:		116.7 time, 120.1 real, 124.7 MB
[runlim] sample:		126.7 time, 130.1 real, 128.5 MB
[runlim] sample:		136.7 time, 140.1 real, 132.9 MB
[runlim] sample:		146.7 time, 150.1 real, 136.3 MB
[runlim] sample:		156.7 time, 160.1 real, 139.3 MB
[runlim] sample:		166.7 time, 170.1 real, 142.7 MB
[runlim] sample:		176.7 time, 180.1 real, 145.0 MB
[runlim] sample:		186.7 time, 190.1 real, 148.6 MB
[runlim] sample:		196.7 time, 200.1 real, 151.7 MB
[runlim] sample:		206.6 time, 210.1 real, 155.6 MB
[runlim] sample:		216.6 time, 220.1 real, 157.9 MB
[runlim] sample:		226.6 time, 230.1 real, 161.5 MB
[runlim] sample:		236.6 time, 240.1 real, 163.1 MB
[runlim] sample:		246.6 time, 250.1 real, 165.6 MB
[runlim] sample:		256.6 time, 260.1 real, 167.9 MB
[runlim] sample:		266.6 time, 270.1 real, 170.5 MB
[runlim] sample:		276.6 time, 280.1 real, 172.8 MB
[runlim] sample:		286.6 time, 290.1 real, 174.9 MB
[runlim] sample:		296.6 time, 300.1 real, 177.0 MB
[runlim] sample:		306.6 time, 310.1 real, 183.3 MB
[runlim] sample:		316.6 time, 320.1 real, 185.6 MB
[runlim] sample:		326.6 time, 330.1 real, 187.4 MB
[runlim] sample:		336.6 time, 340.1 real, 189.8 MB
[runlim] sample:		346.6 time, 350.1 real, 200.2 MB
[runlim] sample:		356.6 time, 360.1 real, 202.3 MB
[runlim] sample:		366.6 time, 370.1 real, 204.6 MB
[runlim] sample:		376.6 time, 380.1 real, 206.6 MB
[runlim] sample:		386.6 time, 390.1 real, 209.2 MB
[runlim] sample:		395.2 time, 400.1 real, 210.5 MB
[runlim] sample:		404.2 time, 410.1 real, 212.3 MB
[runlim] sample:		411.8 time, 420.1 real, 214.1 MB
[runlim] sample:		420.9 time, 430.1 real, 215.4 MB
[runlim] sample:		430.9 time, 440.1 real, 217.7 MB
[runlim] sample:		440.9 time, 450.1 real, 219.3 MB
[runlim] sample:		450.9 time, 460.1 real, 221.3 MB
[runlim] sample:		460.9 time, 470.1 real, 222.9 MB
[runlim] sample:		470.9 time, 480.1 real, 223.9 MB
[runlim] sample:		480.9 time, 490.1 real, 226.2 MB
[runlim] sample:		490.9 time, 500.1 real, 227.5 MB
[runlim] sample:		500.9 time, 510.1 real, 229.3 MB
[runlim] sample:		510.9 time, 520.1 real, 231.4 MB
[runlim] sample:		519.4 time, 530.1 real, 232.9 MB
[runlim] sample:		527.3 time, 540.1 real, 233.7 MB
[runlim] sample:		535.2 time, 550.1 real, 235.0 MB
[runlim] sample:		544.9 time, 560.1 real, 236.3 MB
[runlim] sample:		554.9 time, 570.1 real, 238.1 MB
[runlim] sample:		564.9 time, 580.1 real, 239.6 MB
[runlim] sample:		574.9 time, 590.1 real, 240.9 MB
[runlim] sample:		584.9 time, 600.1 real, 242.2 MB
[runlim] sample:		594.9 time, 610.1 real, 242.7 MB
[runlim] sample:		604.9 time, 620.1 real, 244.5 MB
[runlim] sample:		614.9 time, 630.1 real, 246.8 MB
[runlim] sample:		624.9 time, 640.1 real, 248.6 MB
[runlim] sample:		634.9 time, 650.1 real, 250.4 MB
[runlim] sample:		644.9 time, 660.1 real, 251.7 MB
[runlim] sample:		652.9 time, 670.1 real, 253.3 MB
[runlim] sample:		660.8 time, 680.1 real, 254.1 MB
[runlim] sample:		669.0 time, 690.1 real, 255.9 MB
[runlim] sample:		679.0 time, 700.1 real, 256.6 MB
[runlim] sample:		689.0 time, 710.1 real, 257.4 MB
[runlim] sample:		699.0 time, 720.1 real, 258.2 MB
[runlim] sample:		709.0 time, 730.1 real, 259.7 MB
[runlim] sample:		719.0 time, 740.1 real, 262.5 MB
[runlim] sample:		728.6 time, 750.1 real, 263.3 MB
[runlim] sample:		737.6 time, 760.1 real, 264.1 MB
[runlim] sample:		747.6 time, 770.1 real, 265.6 MB
[runlim] sample:		757.6 time, 780.1 real, 266.4 MB
[runlim] sample:		767.6 time, 790.1 real, 267.7 MB
[runlim] sample:		777.6 time, 800.1 real, 269.5 MB
[runlim] sample:		787.6 time, 810.1 real, 270.3 MB
[runlim] sample:		797.6 time, 820.1 real, 272.6 MB
[runlim] sample:		807.6 time, 830.1 real, 273.4 MB
[runlim] sample:		817.6 time, 840.1 real, 274.4 MB
[runlim] sample:		827.6 time, 850.1 real, 275.7 MB
[runlim] sample:		837.6 time, 860.1 real, 276.7 MB
[runlim] sample:		847.6 time, 870.1 real, 278.2 MB
[runlim] sample:		857.6 time, 880.1 real, 279.5 MB
[runlim] sample:		867.6 time, 890.1 real, 280.3 MB
[runlim] sample:		877.6 time, 900.1 real, 281.8 MB
[runlim] sample:		887.6 time, 910.1 real, 282.4 MB
[runlim] sample:		897.6 time, 920.1 real, 283.4 MB
[runlim] sample:		907.6 time, 930.1 real, 284.7 MB
[runlim] sample:		917.6 time, 940.1 real, 286.7 MB
[runlim] sample:		927.6 time, 950.1 real, 288.3 MB
[runlim] sample:		937.6 time, 960.1 real, 289.1 MB
[runlim] sample:		947.6 time, 970.1 real, 290.9 MB
[runlim] sample:		957.6 time, 980.1 real, 291.9 MB
[runlim] sample:		967.6 time, 990.1 real, 292.7 MB
[runlim] sample:		977.6 time, 1000.1 real, 294.2 MB
[runlim] sample:		987.6 time, 1010.1 real, 295.0 MB
[runlim] sample:		997.6 time, 1020.1 real, 296.5 MB
[runlim] sample:		1007.6 time, 1030.1 real, 297.3 MB
[runlim] sample:		1017.6 time, 1040.1 real, 298.1 MB
[runlim] sample:		1027.6 time, 1050.1 real, 299.4 MB
[runlim] sample:		1037.6 time, 1060.1 real, 300.9 MB
[runlim] sample:		1047.6 time, 1070.1 real, 301.7 MB
[runlim] sample:		1057.6 time, 1080.1 real, 302.2 MB
[runlim] sample:		1067.6 time, 1090.1 real, 304.5 MB
[runlim] sample:		1077.6 time, 1100.1 real, 305.5 MB
[runlim] sample:		1087.6 time, 1110.1 real, 306.1 MB
[runlim] sample:		1097.6 time, 1120.1 real, 307.1 MB
[runlim] sample:		1107.6 time, 1130.1 real, 308.4 MB
[runlim] sample:		1117.6 time, 1140.1 real, 309.4 MB
[runlim] sample:		1127.6 time, 1150.1 real, 310.2 MB
[runlim] sample:		1137.6 time, 1160.1 real, 311.2 MB
[runlim] sample:		1147.6 time, 1170.1 real, 312.0 MB
[runlim] sample:		1157.6 time, 1180.1 real, 313.0 MB
[runlim] sample:		1167.5 time, 1190.1 real, 314.0 MB
[runlim] sample:		1177.5 time, 1200.1 real, 314.8 MB
[runlim] sample:		1187.5 time, 1210.1 real, 315.6 MB
[runlim] sample:		1197.5 time, 1220.1 real, 316.6 MB
[runlim] sample:		1207.5 time, 1230.1 real, 326.2 MB
[runlim] sample:		1217.5 time, 1240.1 real, 327.0 MB
[runlim] sample:		1227.5 time, 1250.1 real, 327.8 MB
[runlim] sample:		1237.5 time, 1260.1 real, 328.8 MB
[runlim] sample:		1247.5 time, 1270.1 real, 329.6 MB
[runlim] sample:		1257.5 time, 1280.1 real, 330.1 MB
[runlim] sample:		1267.5 time, 1290.1 real, 331.1 MB
[runlim] sample:		1277.5 time, 1300.1 real, 331.9 MB
[runlim] sample:		1287.5 time, 1310.1 real, 332.9 MB
[runlim] sample:		1297.5 time, 1320.1 real, 334.5 MB
[runlim] sample:		1307.5 time, 1330.1 real, 335.3 MB
[runlim] sample:		1317.5 time, 1340.1 real, 336.0 MB
[runlim] sample:		1327.5 time, 1350.1 real, 336.6 MB
[runlim] sample:		1337.5 time, 1360.1 real, 337.6 MB
[runlim] sample:		1347.5 time, 1370.1 real, 338.4 MB
[runlim] sample:		1357.5 time, 1380.1 real, 339.1 MB
[runlim] sample:		1367.5 time, 1390.1 real, 340.2 MB
[runlim] sample:		1377.5 time, 1400.1 real, 340.9 MB
[runlim] sample:		1387.5 time, 1410.1 real, 342.0 MB
[runlim] sample:		1397.5 time, 1420.1 real, 342.7 MB
[runlim] sample:		1407.5 time, 1430.1 real, 343.3 MB
[runlim] sample:		1417.5 time, 1440.1 real, 361.0 MB
[runlim] sample:		1427.5 time, 1450.1 real, 362.0 MB
[runlim] sample:		1437.5 time, 1460.1 real, 363.0 MB
[runlim] sample:		1447.5 time, 1470.1 real, 364.1 MB
[runlim] sample:		1457.5 time, 1480.1 real, 365.3 MB
[runlim] sample:		1467.5 time, 1490.1 real, 365.9 MB
[runlim] sample:		1477.5 time, 1500.1 real, 366.6 MB
[runlim] sample:		1487.5 time, 1510.1 real, 367.2 MB
[runlim] sample:		1497.5 time, 1520.1 real, 368.2 MB
[runlim] sample:		1507.5 time, 1530.1 real, 369.0 MB
[runlim] sample:		1517.5 time, 1540.1 real, 369.5 MB
[runlim] sample:		1527.5 time, 1550.1 real, 370.5 MB
[runlim] sample:		1537.5 time, 1560.1 real, 371.5 MB
[runlim] sample:		1547.5 time, 1570.1 real, 372.3 MB
[runlim] sample:		1557.5 time, 1580.1 real, 373.9 MB
[runlim] sample:		1567.5 time, 1590.1 real, 375.1 MB
[runlim] sample:		1577.5 time, 1600.1 real, 375.9 MB
[runlim] sample:		1587.5 time, 1610.1 real, 376.9 MB
[runlim] sample:		1597.5 time, 1620.1 real, 381.3 MB
[runlim] sample:		1607.5 time, 1630.1 real, 381.3 MB
[runlim] sample:		1617.5 time, 1640.1 real, 381.3 MB
[runlim] sample:		1627.5 time, 1650.1 real, 381.3 MB
[runlim] sample:		1637.5 time, 1660.1 real, 381.8 MB
[runlim] sample:		1647.5 time, 1670.1 real, 382.6 MB
[runlim] sample:		1657.5 time, 1680.1 real, 383.4 MB
[runlim] sample:		1667.5 time, 1690.1 real, 384.4 MB
[runlim] sample:		1677.5 time, 1700.1 real, 385.2 MB
[runlim] sample:		1687.5 time, 1710.1 real, 386.0 MB
[runlim] sample:		1697.5 time, 1720.1 real, 386.7 MB
[runlim] sample:		1707.5 time, 1730.1 real, 387.5 MB
[runlim] sample:		1717.5 time, 1740.1 real, 388.5 MB
[runlim] sample:		1727.1 time, 1750.1 real, 389.3 MB
[runlim] sample:		1737.0 time, 1760.1 real, 391.9 MB
[runlim] sample:		1746.2 time, 1770.1 real, 392.1 MB
[runlim] sample:		1754.7 time, 1780.1 real, 392.9 MB
[runlim] sample:		1764.4 time, 1790.1 real, 393.7 MB
[runlim] sample:		1773.3 time, 1800.1 real, 393.9 MB
[runlim] sample:		1782.1 time, 1810.1 real, 394.4 MB
[runlim] sample:		1790.8 time, 1820.1 real, 395.5 MB
[runlim] sample:		1799.7 time, 1830.1 real, 396.2 MB
CVC4 interrupted by SIGTERM.
[runlim] end:			Sat Feb  9 18:23:55 2019
[runlim] status:		out of time
[runlim] result:		2
[runlim] children:		0
[runlim] real:			1830.39 seconds
[runlim] time:			1800.01 seconds
[runlim] space:			396.2 MB
[runlim] samples:		18303
