[runlim] version:		1.10fixed
[runlim] time limit:		1800 seconds
[runlim] real time limit:	311040000 seconds
[runlim] space limit:		4000 MB
[runlim] argv[0]:		./cvc4
[runlim] argv[1]:		--nl-ext-tplanes
[runlim] argv[2]:		--full-saturate-quant
[runlim] argv[3]:		--no-e-matching
[runlim] argv[4]:		/tmp/VK0FtuWf.smt2
[runlim] start:			Sat Feb  9 14:34:37 2019
[runlim] main pid:		2205
/tmp/VK0FtuWf.smt2:4.12: No set-logic command was given before this point.
/tmp/VK0FtuWf.smt2:4.12: CVC4 will make all theories available.
/tmp/VK0FtuWf.smt2:4.12: Consider setting a stricter logic for (likely) better performance.
/tmp/VK0FtuWf.smt2:4.12: To suppress this warning in the future use (set-logic ALL).
[runlim] sample:		9.3 time, 10.5 real, 45.2 MB
[runlim] sample:		18.1 time, 20.5 real, 53.5 MB
[runlim] sample:		27.2 time, 30.5 real, 61.2 MB
[runlim] end:			Sat Feb  9 14:35:09 2019
[runlim] status:		ok
[runlim] result:		0
[runlim] children:		0
[runlim] real:			32.53 seconds
[runlim] time:			28.98 seconds
[runlim] space:			61.5 MB
[runlim] samples:		319
