[runlim] version:		1.10fixed
[runlim] time limit:		1800 seconds
[runlim] real time limit:	311040000 seconds
[runlim] space limit:		4000 MB
[runlim] argv[0]:		./cvc4
[runlim] argv[1]:		--nl-ext-tplanes
[runlim] argv[2]:		--full-saturate-quant
[runlim] argv[3]:		--no-e-matching
[runlim] argv[4]:		/tmp/ILjWZHLv.smt2
[runlim] start:			Sat Feb  9 14:34:39 2019
[runlim] main pid:		1592
/tmp/ILjWZHLv.smt2:4.12: No set-logic command was given before this point.
/tmp/ILjWZHLv.smt2:4.12: CVC4 will make all theories available.
/tmp/ILjWZHLv.smt2:4.12: Consider setting a stricter logic for (likely) better performance.
/tmp/ILjWZHLv.smt2:4.12: To suppress this warning in the future use (set-logic ALL).
[runlim] sample:		8.8 time, 10.1 real, 43.7 MB
[runlim] sample:		18.8 time, 20.1 real, 49.6 MB
[runlim] sample:		27.9 time, 30.1 real, 54.5 MB
[runlim] sample:		37.2 time, 40.1 real, 57.2 MB
[runlim] sample:		46.1 time, 50.1 real, 60.8 MB
[runlim] sample:		55.6 time, 60.1 real, 67.0 MB
[runlim] sample:		65.2 time, 70.1 real, 70.4 MB
[runlim] sample:		74.9 time, 80.1 real, 73.1 MB
[runlim] sample:		84.6 time, 90.1 real, 74.4 MB
[runlim] sample:		92.9 time, 100.1 real, 75.3 MB
[runlim] sample:		101.8 time, 110.1 real, 75.6 MB
[runlim] sample:		110.0 time, 120.1 real, 77.0 MB
[runlim] sample:		120.0 time, 130.1 real, 78.4 MB
[runlim] sample:		129.5 time, 140.1 real, 86.7 MB
[runlim] sample:		139.5 time, 150.1 real, 91.7 MB
[runlim] sample:		149.5 time, 160.1 real, 91.9 MB
[runlim] sample:		159.5 time, 170.1 real, 93.7 MB
[runlim] sample:		169.5 time, 180.1 real, 96.6 MB
[runlim] sample:		179.5 time, 190.1 real, 97.1 MB
[runlim] sample:		189.5 time, 200.1 real, 98.6 MB
[runlim] sample:		199.5 time, 210.1 real, 100.6 MB
[runlim] sample:		209.5 time, 220.1 real, 102.7 MB
[runlim] sample:		219.5 time, 230.1 real, 102.7 MB
[runlim] sample:		229.4 time, 240.1 real, 102.9 MB
[runlim] sample:		239.4 time, 250.1 real, 103.2 MB
[runlim] sample:		249.4 time, 260.1 real, 106.2 MB
[runlim] sample:		259.4 time, 270.1 real, 106.5 MB
[runlim] sample:		269.4 time, 280.1 real, 106.5 MB
[runlim] sample:		279.4 time, 290.1 real, 109.6 MB
[runlim] sample:		289.4 time, 300.1 real, 110.3 MB
[runlim] sample:		299.4 time, 310.1 real, 112.6 MB
[runlim] sample:		307.5 time, 320.1 real, 112.6 MB
[runlim] sample:		315.5 time, 330.1 real, 112.9 MB
[runlim] sample:		323.6 time, 340.1 real, 112.9 MB
[runlim] sample:		331.8 time, 350.1 real, 114.6 MB
[runlim] sample:		341.8 time, 360.1 real, 114.6 MB
[runlim] sample:		351.7 time, 370.1 real, 127.8 MB
[runlim] sample:		361.4 time, 380.1 real, 134.2 MB
[runlim] sample:		371.1 time, 390.1 real, 137.6 MB
[runlim] sample:		380.7 time, 400.1 real, 141.2 MB
[runlim] sample:		390.1 time, 410.1 real, 144.8 MB
[runlim] sample:		399.1 time, 420.1 real, 149.9 MB
[runlim] sample:		408.8 time, 430.1 real, 160.5 MB
[runlim] sample:		418.8 time, 440.1 real, 169.5 MB
[runlim] sample:		428.8 time, 450.1 real, 169.8 MB
[runlim] sample:		438.8 time, 460.1 real, 172.1 MB
[runlim] sample:		448.7 time, 470.1 real, 173.6 MB
[runlim] sample:		458.4 time, 480.1 real, 181.4 MB
[runlim] sample:		468.1 time, 490.1 real, 182.1 MB
[runlim] sample:		477.7 time, 500.1 real, 185.2 MB
[runlim] sample:		487.4 time, 510.1 real, 190.4 MB
[runlim] sample:		497.1 time, 520.1 real, 194.0 MB
[runlim] sample:		506.8 time, 530.1 real, 194.2 MB
[runlim] sample:		516.5 time, 540.1 real, 194.5 MB
[runlim] sample:		526.1 time, 550.1 real, 194.7 MB
[runlim] sample:		535.8 time, 560.1 real, 195.0 MB
[runlim] sample:		545.0 time, 570.1 real, 195.2 MB
[runlim] sample:		554.8 time, 580.1 real, 195.2 MB
[runlim] sample:		564.0 time, 590.1 real, 197.5 MB
[runlim] sample:		574.0 time, 600.1 real, 198.8 MB
[runlim] sample:		582.1 time, 610.1 real, 199.1 MB
[runlim] sample:		591.1 time, 620.1 real, 199.6 MB
[runlim] sample:		600.6 time, 630.1 real, 200.9 MB
[runlim] sample:		610.4 time, 640.1 real, 202.7 MB
[runlim] sample:		620.2 time, 650.1 real, 202.9 MB
[runlim] sample:		630.2 time, 660.1 real, 203.4 MB
[runlim] sample:		640.2 time, 670.1 real, 205.2 MB
[runlim] sample:		650.2 time, 680.1 real, 208.8 MB
[runlim] sample:		660.2 time, 690.1 real, 209.1 MB
[runlim] sample:		670.2 time, 700.1 real, 209.3 MB
[runlim] sample:		680.2 time, 710.1 real, 209.6 MB
[runlim] sample:		689.8 time, 720.1 real, 209.6 MB
[runlim] sample:		699.8 time, 730.1 real, 209.8 MB
[runlim] sample:		709.8 time, 740.1 real, 210.1 MB
[runlim] sample:		719.4 time, 750.1 real, 210.1 MB
[runlim] sample:		729.1 time, 760.1 real, 214.5 MB
[runlim] sample:		738.8 time, 770.1 real, 214.7 MB
[runlim] sample:		748.3 time, 780.1 real, 217.3 MB
[runlim] sample:		758.3 time, 790.1 real, 217.6 MB
[runlim] sample:		768.3 time, 800.1 real, 218.1 MB
[runlim] sample:		778.3 time, 810.1 real, 218.3 MB
[runlim] sample:		788.0 time, 820.1 real, 218.3 MB
[runlim] sample:		797.6 time, 830.1 real, 218.3 MB
[runlim] sample:		807.1 time, 840.1 real, 218.3 MB
[runlim] sample:		817.0 time, 850.1 real, 218.3 MB
[runlim] sample:		826.9 time, 860.1 real, 220.6 MB
[runlim] sample:		836.2 time, 870.1 real, 220.6 MB
[runlim] sample:		845.9 time, 880.1 real, 220.6 MB
[runlim] sample:		855.5 time, 890.1 real, 220.9 MB
[runlim] sample:		865.2 time, 900.1 real, 220.9 MB
[runlim] sample:		874.9 time, 910.1 real, 220.9 MB
[runlim] sample:		884.6 time, 920.1 real, 220.9 MB
[runlim] sample:		894.2 time, 930.1 real, 220.9 MB
[runlim] sample:		903.9 time, 940.1 real, 228.0 MB
[runlim] sample:		913.8 time, 950.1 real, 239.4 MB
[runlim] sample:		923.8 time, 960.1 real, 244.0 MB
[runlim] sample:		932.4 time, 970.1 real, 244.3 MB
[runlim] sample:		941.1 time, 980.1 real, 244.3 MB
[runlim] sample:		951.1 time, 990.1 real, 244.3 MB
[runlim] sample:		959.3 time, 1000.1 real, 244.5 MB
[runlim] sample:		967.3 time, 1010.1 real, 244.5 MB
[runlim] sample:		975.6 time, 1020.1 real, 244.5 MB
[runlim] sample:		985.3 time, 1030.1 real, 244.8 MB
[runlim] sample:		993.5 time, 1040.1 real, 245.3 MB
[runlim] sample:		1002.9 time, 1050.1 real, 245.5 MB
[runlim] sample:		1012.8 time, 1060.1 real, 245.5 MB
[runlim] sample:		1022.7 time, 1070.1 real, 245.5 MB
[runlim] sample:		1032.3 time, 1080.1 real, 245.7 MB
[runlim] sample:		1042.0 time, 1090.1 real, 245.7 MB
[runlim] sample:		1050.2 time, 1100.1 real, 245.7 MB
[runlim] sample:		1059.6 time, 1110.1 real, 245.7 MB
[runlim] sample:		1069.6 time, 1120.1 real, 250.1 MB
[runlim] sample:		1079.6 time, 1130.1 real, 252.7 MB
[runlim] sample:		1089.6 time, 1140.1 real, 252.7 MB
[runlim] sample:		1099.0 time, 1150.1 real, 252.9 MB
[runlim] sample:		1107.7 time, 1160.1 real, 252.9 MB
[runlim] sample:		1116.9 time, 1170.1 real, 253.1 MB
[runlim] sample:		1125.7 time, 1180.1 real, 253.1 MB
[runlim] sample:		1135.7 time, 1190.1 real, 253.4 MB
[runlim] sample:		1145.7 time, 1200.1 real, 253.4 MB
[runlim] sample:		1155.7 time, 1210.1 real, 253.4 MB
[runlim] sample:		1165.7 time, 1220.1 real, 253.6 MB
[runlim] sample:		1175.7 time, 1230.1 real, 253.6 MB
[runlim] sample:		1185.7 time, 1240.1 real, 253.6 MB
[runlim] sample:		1195.7 time, 1250.1 real, 254.1 MB
[runlim] sample:		1205.7 time, 1260.1 real, 262.6 MB
[runlim] sample:		1215.5 time, 1270.1 real, 267.8 MB
[runlim] sample:		1225.1 time, 1280.1 real, 268.3 MB
[runlim] sample:		1234.8 time, 1290.1 real, 268.3 MB
[runlim] sample:		1244.5 time, 1300.1 real, 268.6 MB
[runlim] sample:		1254.1 time, 1310.1 real, 269.1 MB
[runlim] sample:		1263.8 time, 1320.1 real, 269.1 MB
[runlim] sample:		1273.4 time, 1330.1 real, 269.6 MB
[runlim] sample:		1283.4 time, 1340.1 real, 269.6 MB
[runlim] sample:		1293.4 time, 1350.1 real, 270.4 MB
[runlim] sample:		1302.3 time, 1360.1 real, 271.1 MB
[runlim] sample:		1311.8 time, 1370.1 real, 271.1 MB
[runlim] sample:		1321.8 time, 1380.1 real, 271.4 MB
[runlim] sample:		1331.8 time, 1390.1 real, 271.7 MB
[runlim] sample:		1340.6 time, 1400.1 real, 271.9 MB
[runlim] sample:		1350.6 time, 1410.1 real, 273.7 MB
[runlim] sample:		1360.3 time, 1420.1 real, 273.7 MB
[runlim] sample:		1370.0 time, 1430.1 real, 274.0 MB
[runlim] sample:		1379.6 time, 1440.1 real, 274.0 MB
[runlim] sample:		1389.3 time, 1450.1 real, 274.2 MB
[runlim] sample:		1399.0 time, 1460.1 real, 274.8 MB
[runlim] sample:		1408.6 time, 1470.1 real, 275.3 MB
[runlim] sample:		1418.3 time, 1480.1 real, 275.8 MB
[runlim] sample:		1427.9 time, 1490.1 real, 276.0 MB
[runlim] sample:		1437.6 time, 1500.1 real, 276.3 MB
[runlim] sample:		1447.3 time, 1510.1 real, 276.8 MB
[runlim] sample:		1456.9 time, 1520.1 real, 277.3 MB
[runlim] sample:		1466.3 time, 1530.1 real, 277.8 MB
[runlim] sample:		1474.7 time, 1540.1 real, 277.8 MB
[runlim] sample:		1482.7 time, 1550.1 real, 280.7 MB
[runlim] sample:		1492.1 time, 1560.1 real, 280.7 MB
[runlim] sample:		1501.8 time, 1570.1 real, 280.7 MB
[runlim] sample:		1511.5 time, 1580.1 real, 280.9 MB
[runlim] sample:		1521.2 time, 1590.1 real, 280.9 MB
[runlim] sample:		1530.8 time, 1600.1 real, 280.9 MB
[runlim] sample:		1539.5 time, 1610.1 real, 281.2 MB
[runlim] sample:		1547.5 time, 1620.1 real, 281.2 MB
[runlim] sample:		1556.6 time, 1630.1 real, 281.5 MB
[runlim] sample:		1566.6 time, 1640.1 real, 282.0 MB
[runlim] sample:		1576.6 time, 1650.1 real, 282.2 MB
[runlim] sample:		1586.6 time, 1660.1 real, 282.5 MB
[runlim] sample:		1596.5 time, 1670.1 real, 283.0 MB
[runlim] sample:		1605.1 time, 1680.1 real, 283.3 MB
[runlim] sample:		1613.1 time, 1690.1 real, 283.8 MB
[runlim] sample:		1622.0 time, 1700.1 real, 284.0 MB
[runlim] sample:		1632.0 time, 1710.1 real, 284.3 MB
[runlim] sample:		1642.0 time, 1720.1 real, 284.8 MB
[runlim] sample:		1652.0 time, 1730.1 real, 285.3 MB
[runlim] sample:		1662.0 time, 1740.1 real, 285.8 MB
[runlim] sample:		1672.0 time, 1750.1 real, 286.4 MB
[runlim] sample:		1682.0 time, 1760.1 real, 286.4 MB
[runlim] sample:		1692.0 time, 1770.1 real, 286.9 MB
[runlim] sample:		1702.0 time, 1780.1 real, 287.4 MB
[runlim] sample:		1711.8 time, 1790.1 real, 287.9 MB
[runlim] sample:		1721.7 time, 1800.1 real, 288.2 MB
[runlim] sample:		1731.7 time, 1810.1 real, 288.4 MB
[runlim] sample:		1741.7 time, 1820.1 real, 293.6 MB
[runlim] sample:		1751.7 time, 1830.1 real, 293.8 MB
[runlim] sample:		1761.6 time, 1840.1 real, 293.8 MB
[runlim] sample:		1771.3 time, 1850.1 real, 293.8 MB
[runlim] sample:		1780.8 time, 1860.1 real, 294.1 MB
[runlim] sample:		1790.6 time, 1870.1 real, 294.1 MB
[runlim] end:			Sat Feb  9 15:05:57 2019
[runlim] status:		signal(9)
[runlim] result:		11
[runlim] children:		0
[runlim] real:			1878.33 seconds
[runlim] time:			1798.80 seconds
[runlim] space:			294.1 MB
[runlim] samples:		18782
