[runlim] version:		1.10fixed
[runlim] time limit:		1800 seconds
[runlim] real time limit:	311040000 seconds
[runlim] space limit:		4000 MB
[runlim] argv[0]:		./cvc4
[runlim] argv[1]:		--nl-ext-tplanes
[runlim] argv[2]:		--full-saturate-quant
[runlim] argv[3]:		--no-e-matching
[runlim] argv[4]:		/tmp/CkFQfsDF.smt2
[runlim] start:			Sat Feb  9 01:48:50 2019
[runlim] main pid:		1014
/tmp/CkFQfsDF.smt2:4.12: No set-logic command was given before this point.
/tmp/CkFQfsDF.smt2:4.12: CVC4 will make all theories available.
/tmp/CkFQfsDF.smt2:4.12: Consider setting a stricter logic for (likely) better performance.
/tmp/CkFQfsDF.smt2:4.12: To suppress this warning in the future use (set-logic ALL).
[runlim] sample:		7.9 time, 10.6 real, 46.9 MB
[runlim] sample:		17.5 time, 20.6 real, 59.7 MB
[runlim] sample:		26.4 time, 30.6 real, 68.7 MB
[runlim] sample:		34.3 time, 40.6 real, 76.7 MB
[runlim] sample:		43.0 time, 50.6 real, 83.6 MB
[runlim] sample:		52.1 time, 60.6 real, 89.0 MB
[runlim] sample:		61.6 time, 70.6 real, 94.7 MB
[runlim] sample:		71.6 time, 80.6 real, 100.1 MB
[runlim] sample:		79.5 time, 90.6 real, 102.9 MB
[runlim] sample:		85.9 time, 100.6 real, 107.9 MB
[runlim] sample:		95.8 time, 110.6 real, 111.5 MB
[runlim] sample:		105.5 time, 120.6 real, 120.6 MB
[runlim] sample:		113.4 time, 130.6 real, 123.7 MB
[runlim] sample:		122.0 time, 140.6 real, 127.0 MB
[runlim] sample:		131.9 time, 150.6 real, 130.6 MB
[runlim] sample:		141.4 time, 160.6 real, 134.2 MB
[runlim] sample:		150.5 time, 170.6 real, 137.6 MB
[runlim] sample:		160.0 time, 180.6 real, 140.1 MB
[runlim] sample:		169.3 time, 190.6 real, 143.2 MB
[runlim] sample:		178.3 time, 200.6 real, 145.8 MB
[runlim] sample:		187.3 time, 210.6 real, 148.7 MB
[runlim] sample:		196.9 time, 220.6 real, 151.7 MB
[runlim] sample:		206.4 time, 230.6 real, 154.8 MB
[runlim] sample:		216.2 time, 240.6 real, 158.2 MB
[runlim] sample:		226.2 time, 250.6 real, 161.8 MB
[runlim] sample:		236.2 time, 260.6 real, 163.1 MB
[runlim] sample:		246.2 time, 270.6 real, 165.7 MB
[runlim] sample:		256.2 time, 280.6 real, 168.0 MB
[runlim] sample:		266.2 time, 290.6 real, 170.6 MB
[runlim] sample:		276.2 time, 300.6 real, 172.9 MB
[runlim] sample:		286.2 time, 310.6 real, 174.9 MB
[runlim] sample:		296.2 time, 320.6 real, 177.3 MB
[runlim] sample:		306.2 time, 330.6 real, 183.5 MB
[runlim] sample:		316.2 time, 340.6 real, 185.8 MB
[runlim] sample:		326.1 time, 350.6 real, 187.6 MB
[runlim] sample:		336.1 time, 360.6 real, 189.9 MB
[runlim] sample:		346.2 time, 370.6 real, 200.4 MB
[runlim] sample:		356.2 time, 380.6 real, 202.4 MB
[runlim] sample:		366.2 time, 390.6 real, 204.8 MB
[runlim] sample:		376.1 time, 400.6 real, 206.8 MB
[runlim] sample:		386.2 time, 410.6 real, 209.4 MB
[runlim] sample:		396.1 time, 420.6 real, 211.2 MB
[runlim] sample:		406.1 time, 430.6 real, 213.5 MB
[runlim] sample:		416.1 time, 440.6 real, 214.8 MB
[runlim] sample:		426.1 time, 450.6 real, 216.9 MB
[runlim] sample:		436.1 time, 460.6 real, 219.2 MB
[runlim] sample:		446.1 time, 470.6 real, 221.0 MB
[runlim] sample:		456.1 time, 480.6 real, 223.1 MB
[runlim] sample:		466.1 time, 490.6 real, 224.3 MB
[runlim] sample:		476.1 time, 500.6 real, 226.7 MB
[runlim] sample:		486.1 time, 510.6 real, 227.9 MB
[runlim] sample:		496.1 time, 520.6 real, 229.0 MB
[runlim] sample:		506.1 time, 530.6 real, 231.0 MB
[runlim] sample:		516.1 time, 540.6 real, 232.8 MB
[runlim] sample:		526.1 time, 550.6 real, 234.4 MB
[runlim] sample:		536.1 time, 560.6 real, 235.7 MB
[runlim] sample:		546.1 time, 570.6 real, 237.2 MB
[runlim] sample:		556.1 time, 580.6 real, 239.5 MB
[runlim] sample:		566.1 time, 590.6 real, 241.1 MB
[runlim] sample:		576.1 time, 600.6 real, 242.1 MB
[runlim] sample:		586.1 time, 610.6 real, 242.9 MB
[runlim] sample:		596.1 time, 620.6 real, 244.7 MB
[runlim] sample:		606.1 time, 630.6 real, 247.0 MB
[runlim] sample:		616.1 time, 640.6 real, 248.8 MB
[runlim] sample:		626.1 time, 650.6 real, 250.6 MB
[runlim] sample:		636.1 time, 660.6 real, 251.9 MB
[runlim] sample:		646.1 time, 670.6 real, 252.4 MB
[runlim] sample:		656.1 time, 680.6 real, 254.2 MB
[runlim] sample:		666.1 time, 690.6 real, 256.0 MB
[runlim] sample:		676.1 time, 700.6 real, 257.0 MB
[runlim] sample:		686.1 time, 710.6 real, 257.8 MB
[runlim] sample:		696.1 time, 720.6 real, 259.1 MB
[runlim] sample:		706.1 time, 730.6 real, 260.1 MB
[runlim] sample:		716.1 time, 740.6 real, 262.4 MB
[runlim] sample:		726.1 time, 750.6 real, 264.0 MB
[runlim] sample:		736.1 time, 760.6 real, 265.0 MB
[runlim] sample:		746.1 time, 770.6 real, 265.8 MB
[runlim] sample:		756.1 time, 780.6 real, 266.8 MB
[runlim] sample:		766.1 time, 790.6 real, 268.9 MB
[runlim] sample:		776.1 time, 800.6 real, 269.7 MB
[runlim] sample:		786.1 time, 810.6 real, 271.5 MB
[runlim] sample:		796.1 time, 820.6 real, 273.0 MB
[runlim] sample:		806.1 time, 830.6 real, 273.5 MB
[runlim] sample:		816.1 time, 840.6 real, 275.1 MB
[runlim] sample:		826.1 time, 850.6 real, 276.1 MB
[runlim] sample:		836.1 time, 860.6 real, 277.4 MB
[runlim] sample:		846.1 time, 870.6 real, 278.9 MB
[runlim] sample:		856.1 time, 880.6 real, 279.9 MB
[runlim] sample:		866.1 time, 890.6 real, 281.5 MB
[runlim] sample:		876.1 time, 900.6 real, 282.0 MB
[runlim] sample:		886.1 time, 910.6 real, 283.6 MB
[runlim] sample:		896.1 time, 920.6 real, 284.3 MB
[runlim] sample:		906.1 time, 930.6 real, 286.9 MB
[runlim] sample:		916.1 time, 940.6 real, 287.9 MB
[runlim] sample:		926.1 time, 950.6 real, 288.5 MB
[runlim] sample:		936.1 time, 960.6 real, 290.3 MB
[runlim] sample:		946.1 time, 970.6 real, 291.0 MB
[runlim] sample:		956.1 time, 980.6 real, 292.8 MB
[runlim] sample:		966.1 time, 990.6 real, 293.6 MB
[runlim] sample:		976.1 time, 1000.6 real, 294.6 MB
[runlim] sample:		986.1 time, 1010.6 real, 295.9 MB
[runlim] sample:		996.1 time, 1020.6 real, 296.7 MB
[runlim] sample:		1006.1 time, 1030.6 real, 298.5 MB
[runlim] sample:		1016.1 time, 1040.6 real, 299.3 MB
[runlim] sample:		1026.1 time, 1050.6 real, 300.3 MB
[runlim] sample:		1036.1 time, 1060.6 real, 302.1 MB
[runlim] sample:		1046.1 time, 1070.6 real, 302.9 MB
[runlim] sample:		1056.1 time, 1080.6 real, 304.2 MB
[runlim] sample:		1066.1 time, 1090.6 real, 305.7 MB
[runlim] sample:		1076.1 time, 1100.6 real, 306.5 MB
[runlim] sample:		1086.1 time, 1110.6 real, 307.0 MB
[runlim] sample:		1096.1 time, 1120.6 real, 307.8 MB
[runlim] sample:		1106.1 time, 1130.6 real, 309.1 MB
[runlim] sample:		1116.1 time, 1140.6 real, 310.6 MB
[runlim] sample:		1126.1 time, 1150.6 real, 311.1 MB
[runlim] sample:		1136.1 time, 1160.6 real, 311.9 MB
[runlim] sample:		1146.1 time, 1170.6 real, 312.7 MB
[runlim] sample:		1156.1 time, 1180.6 real, 314.5 MB
[runlim] sample:		1166.1 time, 1190.6 real, 315.0 MB
[runlim] sample:		1176.1 time, 1200.6 real, 315.7 MB
[runlim] sample:		1186.1 time, 1210.6 real, 316.5 MB
[runlim] sample:		1196.0 time, 1220.6 real, 318.1 MB
[runlim] sample:		1206.0 time, 1230.6 real, 327.1 MB
[runlim] sample:		1216.0 time, 1240.6 real, 328.1 MB
[runlim] sample:		1226.0 time, 1250.6 real, 328.9 MB
[runlim] sample:		1236.0 time, 1260.6 real, 329.7 MB
[runlim] sample:		1246.0 time, 1270.6 real, 330.5 MB
[runlim] sample:		1256.0 time, 1280.6 real, 331.8 MB
[runlim] sample:		1266.0 time, 1290.6 real, 333.3 MB
[runlim] sample:		1276.0 time, 1300.6 real, 333.8 MB
[runlim] sample:		1286.0 time, 1310.6 real, 334.9 MB
[runlim] sample:		1296.0 time, 1320.6 real, 335.6 MB
[runlim] sample:		1306.0 time, 1330.6 real, 336.1 MB
[runlim] sample:		1316.0 time, 1340.6 real, 337.4 MB
[runlim] sample:		1326.0 time, 1350.6 real, 338.7 MB
[runlim] sample:		1336.0 time, 1360.6 real, 339.5 MB
[runlim] sample:		1346.0 time, 1370.6 real, 340.3 MB
[runlim] sample:		1356.0 time, 1380.6 real, 341.0 MB
[runlim] sample:		1366.0 time, 1390.6 real, 342.1 MB
[runlim] sample:		1376.0 time, 1400.6 real, 342.8 MB
[runlim] sample:		1386.0 time, 1410.6 real, 343.6 MB
[runlim] sample:		1396.0 time, 1420.6 real, 361.2 MB
[runlim] sample:		1406.0 time, 1430.6 real, 362.2 MB
[runlim] sample:		1416.0 time, 1440.6 real, 363.2 MB
[runlim] sample:		1426.0 time, 1450.6 real, 363.7 MB
[runlim] sample:		1436.0 time, 1460.6 real, 365.5 MB
[runlim] sample:		1446.0 time, 1470.6 real, 366.1 MB
[runlim] sample:		1456.0 time, 1480.6 real, 366.8 MB
[runlim] sample:		1466.0 time, 1490.6 real, 367.3 MB
[runlim] sample:		1476.0 time, 1500.6 real, 368.4 MB
[runlim] sample:		1486.0 time, 1510.6 real, 369.2 MB
[runlim] sample:		1496.0 time, 1520.6 real, 370.7 MB
[runlim] sample:		1506.0 time, 1530.6 real, 371.7 MB
[runlim] sample:		1516.0 time, 1540.6 real, 372.2 MB
[runlim] sample:		1526.0 time, 1550.6 real, 373.5 MB
[runlim] sample:		1536.0 time, 1560.6 real, 374.6 MB
[runlim] sample:		1546.0 time, 1570.6 real, 375.3 MB
[runlim] sample:		1556.0 time, 1580.6 real, 376.1 MB
[runlim] sample:		1566.0 time, 1590.6 real, 377.4 MB
[runlim] sample:		1576.0 time, 1600.6 real, 381.5 MB
[runlim] sample:		1586.0 time, 1610.6 real, 381.5 MB
[runlim] sample:		1596.0 time, 1620.6 real, 381.5 MB
[runlim] sample:		1606.0 time, 1630.6 real, 381.5 MB
[runlim] sample:		1616.0 time, 1640.6 real, 382.0 MB
[runlim] sample:		1626.0 time, 1650.6 real, 383.1 MB
[runlim] sample:		1636.0 time, 1660.6 real, 383.8 MB
[runlim] sample:		1646.0 time, 1670.6 real, 384.6 MB
[runlim] sample:		1656.0 time, 1680.6 real, 385.4 MB
[runlim] sample:		1666.0 time, 1690.6 real, 386.1 MB
[runlim] sample:		1676.0 time, 1700.6 real, 387.2 MB
[runlim] sample:		1686.0 time, 1710.6 real, 387.7 MB
[runlim] sample:		1696.0 time, 1720.6 real, 388.7 MB
[runlim] sample:		1706.0 time, 1730.6 real, 389.5 MB
[runlim] sample:		1716.0 time, 1740.6 real, 390.0 MB
[runlim] sample:		1726.0 time, 1750.6 real, 392.6 MB
[runlim] sample:		1736.0 time, 1760.6 real, 393.1 MB
[runlim] sample:		1746.0 time, 1770.6 real, 394.1 MB
[runlim] sample:		1756.0 time, 1780.6 real, 394.6 MB
[runlim] sample:		1766.0 time, 1790.6 real, 395.9 MB
[runlim] sample:		1776.0 time, 1800.6 real, 396.7 MB
[runlim] sample:		1786.0 time, 1810.6 real, 397.2 MB
[runlim] sample:		1796.0 time, 1820.6 real, 398.0 MB
CVC4 interrupted by SIGTERM.
[runlim] end:			Sat Feb  9 02:19:14 2019
[runlim] status:		out of time
[runlim] result:		2
[runlim] children:		0
[runlim] real:			1824.78 seconds
[runlim] time:			1800.09 seconds
[runlim] space:			399.0 MB
[runlim] samples:		18241
