[runlim] version:		1.10fixed
[runlim] time limit:		1800 seconds
[runlim] real time limit:	311040000 seconds
[runlim] space limit:		4000 MB
[runlim] argv[0]:		./cvc4
[runlim] argv[1]:		--nl-ext-tplanes
[runlim] argv[2]:		--full-saturate-quant
[runlim] argv[3]:		--no-e-matching
[runlim] argv[4]:		/tmp/n59jyL8d.smt2
[runlim] start:			Sat Feb  9 14:34:36 2019
[runlim] main pid:		8429
/tmp/n59jyL8d.smt2:4.12: No set-logic command was given before this point.
/tmp/n59jyL8d.smt2:4.12: CVC4 will make all theories available.
/tmp/n59jyL8d.smt2:4.12: Consider setting a stricter logic for (likely) better performance.
/tmp/n59jyL8d.smt2:4.12: To suppress this warning in the future use (set-logic ALL).
[runlim] sample:		9.5 time, 10.9 real, 44.2 MB
[runlim] sample:		19.5 time, 20.9 real, 53.3 MB
[runlim] sample:		29.5 time, 30.9 real, 59.0 MB
[runlim] sample:		39.5 time, 40.9 real, 60.2 MB
[runlim] sample:		49.5 time, 50.9 real, 60.5 MB
[runlim] sample:		59.5 time, 60.9 real, 60.5 MB
[runlim] sample:		69.5 time, 70.9 real, 60.5 MB
[runlim] sample:		79.5 time, 80.9 real, 60.5 MB
[runlim] sample:		89.5 time, 90.9 real, 60.5 MB
[runlim] sample:		99.5 time, 100.9 real, 60.5 MB
[runlim] sample:		109.5 time, 110.9 real, 60.5 MB
[runlim] sample:		119.5 time, 120.9 real, 60.5 MB
[runlim] sample:		129.5 time, 130.9 real, 60.5 MB
[runlim] sample:		139.5 time, 140.9 real, 60.5 MB
[runlim] sample:		149.5 time, 150.9 real, 60.5 MB
[runlim] sample:		159.5 time, 160.9 real, 60.5 MB
[runlim] sample:		169.5 time, 170.9 real, 60.5 MB
[runlim] sample:		179.5 time, 180.9 real, 60.5 MB
[runlim] sample:		189.5 time, 190.9 real, 60.5 MB
[runlim] sample:		199.5 time, 200.9 real, 60.5 MB
[runlim] sample:		209.5 time, 210.9 real, 60.5 MB
[runlim] sample:		219.5 time, 220.9 real, 60.5 MB
[runlim] sample:		229.5 time, 230.9 real, 60.5 MB
[runlim] sample:		239.5 time, 240.9 real, 60.5 MB
[runlim] sample:		249.5 time, 250.9 real, 60.5 MB
[runlim] sample:		259.5 time, 260.9 real, 60.5 MB
[runlim] sample:		269.5 time, 270.9 real, 60.5 MB
[runlim] sample:		279.5 time, 280.9 real, 60.5 MB
[runlim] sample:		289.5 time, 290.9 real, 60.5 MB
[runlim] sample:		299.1 time, 300.9 real, 60.5 MB
[runlim] sample:		309.0 time, 310.9 real, 60.5 MB
[runlim] sample:		318.7 time, 320.9 real, 60.5 MB
[runlim] sample:		327.4 time, 330.9 real, 60.5 MB
[runlim] sample:		335.3 time, 340.9 real, 60.5 MB
[runlim] sample:		343.8 time, 350.9 real, 60.5 MB
[runlim] sample:		352.9 time, 360.9 real, 60.5 MB
[runlim] sample:		361.4 time, 370.9 real, 60.5 MB
[runlim] sample:		370.3 time, 380.9 real, 60.5 MB
[runlim] sample:		378.4 time, 390.9 real, 60.5 MB
[runlim] sample:		387.6 time, 400.9 real, 60.5 MB
[runlim] sample:		397.3 time, 410.9 real, 60.5 MB
[runlim] sample:		406.9 time, 420.9 real, 60.5 MB
[runlim] sample:		416.6 time, 430.9 real, 60.5 MB
[runlim] sample:		426.3 time, 440.9 real, 60.5 MB
[runlim] sample:		435.9 time, 450.9 real, 60.5 MB
[runlim] sample:		445.6 time, 460.9 real, 60.5 MB
[runlim] sample:		455.2 time, 470.9 real, 60.5 MB
[runlim] sample:		464.9 time, 480.9 real, 60.5 MB
[runlim] sample:		474.6 time, 490.9 real, 60.5 MB
[runlim] sample:		484.2 time, 500.9 real, 60.5 MB
[runlim] sample:		492.7 time, 510.9 real, 60.5 MB
[runlim] sample:		501.0 time, 520.9 real, 60.5 MB
[runlim] sample:		509.8 time, 530.9 real, 60.5 MB
[runlim] sample:		519.0 time, 540.9 real, 60.5 MB
[runlim] sample:		528.5 time, 550.9 real, 60.5 MB
[runlim] sample:		537.8 time, 560.9 real, 60.5 MB
[runlim] sample:		547.4 time, 570.9 real, 60.5 MB
[runlim] sample:		557.1 time, 580.9 real, 60.5 MB
[runlim] sample:		566.8 time, 590.9 real, 60.5 MB
[runlim] sample:		576.4 time, 600.9 real, 60.5 MB
[runlim] sample:		586.1 time, 610.9 real, 60.5 MB
[runlim] sample:		595.8 time, 620.9 real, 60.5 MB
[runlim] sample:		605.5 time, 630.9 real, 60.5 MB
[runlim] sample:		615.1 time, 640.9 real, 60.5 MB
[runlim] sample:		624.8 time, 650.9 real, 60.5 MB
[runlim] sample:		634.5 time, 660.9 real, 60.5 MB
[runlim] sample:		644.1 time, 670.9 real, 60.5 MB
[runlim] sample:		653.8 time, 680.9 real, 60.5 MB
[runlim] sample:		663.5 time, 690.9 real, 60.8 MB
[runlim] sample:		673.2 time, 700.9 real, 60.8 MB
[runlim] sample:		682.9 time, 710.9 real, 60.8 MB
[runlim] sample:		692.5 time, 720.9 real, 60.8 MB
[runlim] sample:		702.2 time, 730.9 real, 61.0 MB
[runlim] sample:		711.9 time, 740.9 real, 61.0 MB
[runlim] sample:		721.5 time, 750.9 real, 61.0 MB
[runlim] sample:		731.2 time, 760.9 real, 61.0 MB
[runlim] sample:		740.9 time, 770.9 real, 61.0 MB
[runlim] sample:		750.5 time, 780.9 real, 61.3 MB
[runlim] sample:		760.2 time, 790.9 real, 61.3 MB
[runlim] sample:		769.9 time, 800.9 real, 61.3 MB
[runlim] sample:		779.5 time, 810.9 real, 61.3 MB
[runlim] sample:		789.2 time, 820.9 real, 61.5 MB
[runlim] sample:		798.9 time, 830.9 real, 61.5 MB
[runlim] sample:		808.5 time, 840.9 real, 61.5 MB
[runlim] sample:		818.2 time, 850.9 real, 61.5 MB
[runlim] sample:		827.9 time, 860.9 real, 61.5 MB
[runlim] sample:		837.5 time, 870.9 real, 61.8 MB
[runlim] sample:		847.2 time, 880.9 real, 61.8 MB
[runlim] sample:		856.9 time, 890.9 real, 61.8 MB
[runlim] sample:		866.5 time, 900.9 real, 62.1 MB
[runlim] sample:		876.2 time, 910.9 real, 62.1 MB
[runlim] sample:		885.9 time, 920.9 real, 62.1 MB
[runlim] sample:		895.5 time, 930.9 real, 62.1 MB
[runlim] sample:		905.2 time, 940.9 real, 62.1 MB
[runlim] sample:		914.9 time, 950.9 real, 62.1 MB
[runlim] sample:		924.5 time, 960.9 real, 62.3 MB
[runlim] sample:		934.2 time, 970.9 real, 62.3 MB
[runlim] sample:		943.9 time, 980.9 real, 62.3 MB
[runlim] sample:		953.6 time, 990.9 real, 62.3 MB
[runlim] sample:		963.2 time, 1000.9 real, 62.3 MB
[runlim] sample:		972.9 time, 1010.9 real, 62.6 MB
[runlim] sample:		982.6 time, 1020.9 real, 62.6 MB
[runlim] sample:		992.2 time, 1030.9 real, 62.6 MB
[runlim] sample:		1001.9 time, 1040.9 real, 62.8 MB
[runlim] sample:		1011.6 time, 1050.9 real, 62.8 MB
[runlim] sample:		1021.2 time, 1060.9 real, 62.8 MB
[runlim] sample:		1030.9 time, 1070.9 real, 62.8 MB
[runlim] sample:		1040.6 time, 1080.9 real, 63.1 MB
[runlim] sample:		1050.3 time, 1090.9 real, 63.1 MB
[runlim] sample:		1059.9 time, 1100.9 real, 63.1 MB
[runlim] sample:		1069.6 time, 1110.9 real, 63.1 MB
[runlim] sample:		1079.3 time, 1120.9 real, 63.3 MB
[runlim] sample:		1089.0 time, 1130.9 real, 63.3 MB
[runlim] sample:		1098.6 time, 1140.9 real, 63.3 MB
[runlim] sample:		1108.3 time, 1150.9 real, 63.3 MB
[runlim] sample:		1118.0 time, 1160.9 real, 63.6 MB
[runlim] sample:		1127.7 time, 1170.9 real, 63.6 MB
[runlim] sample:		1137.3 time, 1180.9 real, 63.6 MB
[runlim] sample:		1147.0 time, 1190.9 real, 63.6 MB
[runlim] sample:		1156.7 time, 1200.9 real, 63.6 MB
[runlim] sample:		1166.4 time, 1210.9 real, 63.9 MB
[runlim] sample:		1176.0 time, 1220.9 real, 63.9 MB
[runlim] sample:		1185.7 time, 1230.9 real, 63.9 MB
[runlim] sample:		1195.4 time, 1240.9 real, 63.9 MB
[runlim] sample:		1205.1 time, 1250.9 real, 64.1 MB
[runlim] sample:		1214.8 time, 1260.9 real, 64.1 MB
[runlim] sample:		1224.4 time, 1270.9 real, 64.1 MB
[runlim] sample:		1234.1 time, 1280.9 real, 64.1 MB
[runlim] sample:		1243.8 time, 1290.9 real, 64.1 MB
[runlim] sample:		1253.5 time, 1300.9 real, 64.4 MB
[runlim] sample:		1263.1 time, 1310.9 real, 64.4 MB
[runlim] sample:		1272.8 time, 1320.9 real, 64.4 MB
[runlim] sample:		1282.5 time, 1330.9 real, 64.4 MB
[runlim] sample:		1292.2 time, 1340.9 real, 64.6 MB
[runlim] sample:		1301.8 time, 1350.9 real, 64.6 MB
[runlim] sample:		1311.5 time, 1360.9 real, 64.6 MB
[runlim] sample:		1321.2 time, 1370.9 real, 64.6 MB
[runlim] sample:		1330.8 time, 1380.9 real, 64.6 MB
[runlim] sample:		1340.5 time, 1390.9 real, 64.9 MB
[runlim] sample:		1350.2 time, 1400.9 real, 64.9 MB
[runlim] sample:		1359.9 time, 1410.9 real, 64.9 MB
[runlim] sample:		1369.5 time, 1420.9 real, 64.9 MB
[runlim] sample:		1379.2 time, 1430.9 real, 65.1 MB
[runlim] sample:		1388.9 time, 1440.9 real, 65.1 MB
[runlim] sample:		1398.6 time, 1450.9 real, 65.1 MB
[runlim] sample:		1408.2 time, 1460.9 real, 65.1 MB
[runlim] sample:		1417.9 time, 1470.9 real, 65.1 MB
[runlim] sample:		1427.6 time, 1480.9 real, 65.4 MB
[runlim] sample:		1437.2 time, 1490.9 real, 65.4 MB
[runlim] sample:		1446.9 time, 1500.9 real, 65.4 MB
[runlim] sample:		1456.6 time, 1510.9 real, 65.4 MB
[runlim] sample:		1466.2 time, 1520.9 real, 65.4 MB
[runlim] sample:		1475.9 time, 1530.9 real, 65.7 MB
[runlim] sample:		1485.6 time, 1540.9 real, 65.7 MB
[runlim] sample:		1495.2 time, 1550.9 real, 65.7 MB
[runlim] sample:		1504.9 time, 1560.9 real, 65.7 MB
[runlim] sample:		1514.6 time, 1570.9 real, 65.7 MB
[runlim] sample:		1524.2 time, 1580.9 real, 65.9 MB
[runlim] sample:		1533.9 time, 1590.9 real, 65.9 MB
[runlim] sample:		1543.6 time, 1600.9 real, 65.9 MB
[runlim] sample:		1553.3 time, 1610.9 real, 65.9 MB
[runlim] sample:		1562.9 time, 1620.9 real, 66.2 MB
[runlim] sample:		1572.6 time, 1630.9 real, 66.2 MB
[runlim] sample:		1582.3 time, 1640.9 real, 66.2 MB
[runlim] sample:		1591.9 time, 1650.9 real, 66.2 MB
[runlim] sample:		1601.6 time, 1660.9 real, 66.2 MB
[runlim] sample:		1611.3 time, 1670.9 real, 66.4 MB
[runlim] sample:		1621.0 time, 1680.9 real, 66.4 MB
[runlim] sample:		1630.6 time, 1690.9 real, 66.4 MB
[runlim] sample:		1640.3 time, 1700.9 real, 66.4 MB
[runlim] sample:		1650.0 time, 1710.9 real, 66.7 MB
[runlim] sample:		1659.7 time, 1720.9 real, 66.7 MB
[runlim] sample:		1669.3 time, 1730.9 real, 66.7 MB
[runlim] sample:		1679.0 time, 1740.9 real, 66.7 MB
[runlim] sample:		1688.7 time, 1750.9 real, 66.7 MB
[runlim] sample:		1698.4 time, 1760.9 real, 66.9 MB
[runlim] sample:		1708.0 time, 1770.9 real, 66.9 MB
[runlim] sample:		1717.7 time, 1780.9 real, 66.9 MB
[runlim] sample:		1727.4 time, 1790.9 real, 66.9 MB
[runlim] sample:		1737.1 time, 1800.9 real, 67.2 MB
[runlim] sample:		1746.7 time, 1810.9 real, 67.2 MB
[runlim] sample:		1756.4 time, 1820.9 real, 67.2 MB
[runlim] sample:		1766.1 time, 1830.9 real, 67.2 MB
[runlim] end:			Sat Feb  9 15:05:12 2019
[runlim] status:		signal(9)
[runlim] result:		11
[runlim] children:		0
[runlim] real:			1836.73 seconds
[runlim] time:			1771.70 seconds
[runlim] space:			67.2 MB
[runlim] samples:		18358
