[runlim] version:		1.10fixed
[runlim] time limit:		300 seconds
[runlim] real time limit:	311040000 seconds
[runlim] space limit:		4000 MB
[runlim] argv[0]:		./cvc4
[runlim] argv[1]:		--nl-ext-tplanes
[runlim] argv[2]:		--full-saturate-quant
[runlim] argv[3]:		--no-e-matching
[runlim] argv[4]:		/tmp/iJPPtMja.smt2
[runlim] start:			Thu Feb 14 00:43:26 2019
[runlim] main pid:		29766
/tmp/iJPPtMja.smt2:4.12: No set-logic command was given before this point.
/tmp/iJPPtMja.smt2:4.12: CVC4 will make all theories available.
/tmp/iJPPtMja.smt2:4.12: Consider setting a stricter logic for (likely) better performance.
/tmp/iJPPtMja.smt2:4.12: To suppress this warning in the future use (set-logic ALL).
[runlim] sample:		8.9 time, 10.3 real, 44.9 MB
[runlim] sample:		18.9 time, 20.3 real, 55.1 MB
[runlim] sample:		28.9 time, 30.3 real, 63.2 MB
[runlim] sample:		38.9 time, 40.3 real, 68.8 MB
[runlim] sample:		48.9 time, 50.3 real, 75.5 MB
[runlim] sample:		58.9 time, 60.3 real, 78.6 MB
[runlim] sample:		68.8 time, 70.3 real, 84.0 MB
[runlim] sample:		78.9 time, 80.3 real, 88.1 MB
[runlim] sample:		88.8 time, 90.3 real, 97.2 MB
[runlim] sample:		98.3 time, 100.3 real, 101.6 MB
[runlim] sample:		107.5 time, 110.3 real, 102.3 MB
[runlim] sample:		116.1 time, 120.3 real, 102.9 MB
[runlim] sample:		124.3 time, 130.3 real, 107.8 MB
[runlim] sample:		133.2 time, 140.3 real, 113.2 MB
[runlim] sample:		141.2 time, 150.3 real, 114.8 MB
[runlim] sample:		149.3 time, 160.3 real, 115.0 MB
[runlim] sample:		158.1 time, 170.3 real, 117.3 MB
[runlim] sample:		167.5 time, 180.3 real, 120.9 MB
[runlim] sample:		176.0 time, 190.3 real, 121.9 MB
[runlim] sample:		185.7 time, 200.3 real, 128.2 MB
[runlim] sample:		195.7 time, 210.3 real, 128.5 MB
[runlim] sample:		205.7 time, 220.3 real, 130.0 MB
[runlim] sample:		215.7 time, 230.3 real, 131.3 MB
[runlim] sample:		225.7 time, 240.3 real, 132.9 MB
[runlim] sample:		235.7 time, 250.3 real, 136.0 MB
[runlim] sample:		245.7 time, 260.3 real, 137.0 MB
[runlim] sample:		255.6 time, 270.3 real, 137.2 MB
[runlim] sample:		265.6 time, 280.3 real, 138.5 MB
[runlim] sample:		275.6 time, 290.3 real, 143.1 MB
[runlim] sample:		285.6 time, 300.3 real, 147.5 MB
[runlim] sample:		295.6 time, 310.3 real, 149.6 MB
CVC4 interrupted by SIGTERM.
[runlim] end:			Thu Feb 14 00:48:40 2019
[runlim] status:		out of time
[runlim] result:		2
[runlim] children:		0
[runlim] real:			314.75 seconds
[runlim] time:			300.04 seconds
[runlim] space:			149.6 MB
[runlim] samples:		3144
