[runlim] version:		1.10fixed
[runlim] time limit:		300 seconds
[runlim] real time limit:	311040000 seconds
[runlim] space limit:		4000 MB
[runlim] argv[0]:		./cvc4
[runlim] argv[1]:		--nl-ext-tplanes
[runlim] argv[2]:		--full-saturate-quant
[runlim] argv[3]:		--no-e-matching
[runlim] argv[4]:		/tmp/ySSGJWdd.smt2
[runlim] start:			Tue Feb  5 10:23:40 2019
[runlim] main pid:		16444
[runlim] sample:		9.5 time, 10.8 real, 49.3 MB
[runlim] sample:		18.1 time, 20.8 real, 61.9 MB
[runlim] sample:		26.7 time, 30.8 real, 71.2 MB
[runlim] sample:		36.0 time, 40.8 real, 78.0 MB
[runlim] sample:		45.6 time, 50.8 real, 84.9 MB
[runlim] sample:		55.2 time, 60.8 real, 90.1 MB
[runlim] sample:		65.0 time, 70.8 real, 95.5 MB
[runlim] sample:		75.0 time, 80.8 real, 98.6 MB
[runlim] sample:		83.7 time, 90.8 real, 104.2 MB
[runlim] sample:		92.6 time, 100.8 real, 106.3 MB
[runlim] sample:		101.7 time, 110.8 real, 108.4 MB
[runlim] sample:		110.7 time, 120.8 real, 111.0 MB
[runlim] sample:		119.6 time, 130.8 real, 114.3 MB
[runlim] sample:		128.6 time, 140.8 real, 117.1 MB
[runlim] sample:		137.8 time, 150.8 real, 123.1 MB
[runlim] sample:		147.8 time, 160.8 real, 126.7 MB
[runlim] sample:		157.2 time, 170.8 real, 128.0 MB
[runlim] sample:		166.3 time, 180.8 real, 138.2 MB
[runlim] sample:		176.3 time, 190.8 real, 138.5 MB
[runlim] sample:		186.3 time, 200.8 real, 140.3 MB
[runlim] sample:		196.3 time, 210.8 real, 142.1 MB
[runlim] sample:		206.2 time, 220.8 real, 148.5 MB
[runlim] sample:		216.2 time, 230.8 real, 156.5 MB
[runlim] sample:		226.2 time, 240.8 real, 157.5 MB
[runlim] sample:		236.2 time, 250.8 real, 158.1 MB
[runlim] sample:		245.4 time, 260.8 real, 158.6 MB
[runlim] sample:		254.3 time, 270.8 real, 158.6 MB
[runlim] sample:		264.3 time, 280.8 real, 161.6 MB
[runlim] sample:		274.3 time, 290.8 real, 162.6 MB
[runlim] sample:		284.3 time, 300.8 real, 163.6 MB
[runlim] sample:		294.3 time, 310.8 real, 167.2 MB
CVC4 interrupted by SIGTERM.
[runlim] end:			Tue Feb  5 10:28:56 2019
[runlim] status:		out of time
[runlim] result:		2
[runlim] children:		0
[runlim] real:			316.52 seconds
[runlim] time:			300.01 seconds
[runlim] space:			167.5 MB
[runlim] samples:		3157
