[runlim] version:		1.10fixed
[runlim] time limit:		300 seconds
[runlim] real time limit:	311040000 seconds
[runlim] space limit:		4000 MB
[runlim] argv[0]:		./cvc4
[runlim] argv[1]:		--nl-ext-tplanes
[runlim] argv[2]:		--full-saturate-quant
[runlim] argv[3]:		--no-e-matching
[runlim] argv[4]:		/tmp/LAgzJjIo.smt2
[runlim] start:			Tue Feb  5 10:28:58 2019
[runlim] main pid:		22900
/tmp/LAgzJjIo.smt2:4.12: No set-logic command was given before this point.
/tmp/LAgzJjIo.smt2:4.12: CVC4 will make all theories available.
/tmp/LAgzJjIo.smt2:4.12: Consider setting a stricter logic for (likely) better performance.
/tmp/LAgzJjIo.smt2:4.12: To suppress this warning in the future use (set-logic ALL).
[runlim] sample:		8.4 time, 10.2 real, 43.2 MB
[runlim] sample:		18.0 time, 20.2 real, 60.6 MB
[runlim] sample:		27.7 time, 30.2 real, 78.4 MB
[runlim] sample:		36.2 time, 40.2 real, 92.6 MB
[runlim] sample:		45.4 time, 50.2 real, 111.0 MB
[runlim] sample:		54.8 time, 60.2 real, 126.5 MB
[runlim] sample:		64.4 time, 70.2 real, 145.2 MB
[runlim] sample:		74.3 time, 80.2 real, 160.9 MB
[runlim] sample:		84.3 time, 90.2 real, 176.2 MB
[runlim] sample:		94.3 time, 100.2 real, 195.0 MB
[runlim] sample:		104.2 time, 110.2 real, 211.9 MB
[runlim] sample:		113.5 time, 120.2 real, 226.6 MB
[runlim] sample:		123.0 time, 130.2 real, 242.6 MB
[runlim] sample:		132.6 time, 140.2 real, 258.3 MB
[runlim] sample:		142.1 time, 150.2 real, 273.0 MB
[runlim] sample:		151.8 time, 160.2 real, 290.3 MB
[runlim] sample:		161.8 time, 170.2 real, 306.6 MB
[runlim] sample:		170.8 time, 180.2 real, 321.1 MB
[runlim] sample:		180.0 time, 190.2 real, 335.5 MB
[runlim] sample:		189.3 time, 200.2 real, 350.4 MB
[runlim] sample:		198.9 time, 210.2 real, 373.0 MB
[runlim] sample:		208.5 time, 220.2 real, 392.5 MB
[runlim] sample:		218.2 time, 230.2 real, 408.5 MB
[runlim] sample:		227.8 time, 240.2 real, 424.5 MB
[runlim] sample:		237.5 time, 250.2 real, 441.0 MB
[runlim] sample:		247.1 time, 260.2 real, 456.9 MB
[runlim] sample:		256.7 time, 270.2 real, 477.0 MB
[runlim] sample:		266.7 time, 280.2 real, 492.8 MB
[runlim] sample:		276.7 time, 290.2 real, 497.0 MB
[runlim] sample:		286.7 time, 300.2 real, 497.0 MB
[runlim] sample:		296.7 time, 310.2 real, 497.0 MB
CVC4 interrupted by SIGTERM.
[runlim] end:			Tue Feb  5 10:34:11 2019
[runlim] status:		out of time
[runlim] result:		2
[runlim] children:		0
[runlim] real:			313.60 seconds
[runlim] time:			300.02 seconds
[runlim] space:			501.3 MB
[runlim] samples:		3134
