[runlim] version:		1.10fixed
[runlim] time limit:		300 seconds
[runlim] real time limit:	311040000 seconds
[runlim] space limit:		4000 MB
[runlim] argv[0]:		./cvc4
[runlim] argv[1]:		--nl-ext-tplanes
[runlim] argv[2]:		--full-saturate-quant
[runlim] argv[3]:		--no-e-matching
[runlim] argv[4]:		/tmp/8MfbatfF.smt2
[runlim] start:			Tue Feb  5 10:28:39 2019
[runlim] main pid:		25409
/tmp/8MfbatfF.smt2:4.12: No set-logic command was given before this point.
/tmp/8MfbatfF.smt2:4.12: CVC4 will make all theories available.
/tmp/8MfbatfF.smt2:4.12: Consider setting a stricter logic for (likely) better performance.
/tmp/8MfbatfF.smt2:4.12: To suppress this warning in the future use (set-logic ALL).
[runlim] sample:		8.8 time, 10.2 real, 44.5 MB
[runlim] sample:		18.5 time, 20.2 real, 55.8 MB
[runlim] sample:		27.8 time, 30.2 real, 62.4 MB
[runlim] sample:		36.6 time, 40.2 real, 68.5 MB
[runlim] sample:		46.3 time, 50.2 real, 72.9 MB
[runlim] sample:		56.3 time, 60.2 real, 80.4 MB
[runlim] sample:		66.3 time, 70.2 real, 86.8 MB
[runlim] sample:		76.3 time, 80.2 real, 91.2 MB
[runlim] sample:		85.9 time, 90.2 real, 95.6 MB
[runlim] sample:		94.9 time, 100.2 real, 98.1 MB
[runlim] sample:		103.9 time, 110.2 real, 105.1 MB
[runlim] sample:		112.9 time, 120.2 real, 107.2 MB
[runlim] sample:		122.8 time, 130.2 real, 113.3 MB
[runlim] sample:		132.1 time, 140.2 real, 114.8 MB
[runlim] sample:		141.8 time, 150.2 real, 115.1 MB
[runlim] sample:		150.8 time, 160.2 real, 115.6 MB
[runlim] sample:		159.9 time, 170.2 real, 117.4 MB
[runlim] sample:		169.7 time, 180.2 real, 118.7 MB
[runlim] sample:		179.7 time, 190.2 real, 120.2 MB
[runlim] sample:		189.7 time, 200.2 real, 127.7 MB
[runlim] sample:		199.7 time, 210.2 real, 128.0 MB
[runlim] sample:		209.7 time, 220.2 real, 129.2 MB
[runlim] sample:		219.7 time, 230.2 real, 129.8 MB
[runlim] sample:		229.0 time, 240.2 real, 133.4 MB
[runlim] sample:		238.3 time, 250.2 real, 135.4 MB
[runlim] sample:		248.3 time, 260.2 real, 136.4 MB
[runlim] sample:		258.3 time, 270.2 real, 146.7 MB
[runlim] sample:		268.3 time, 280.2 real, 147.3 MB
[runlim] sample:		278.3 time, 290.2 real, 151.4 MB
[runlim] sample:		288.3 time, 300.2 real, 151.6 MB
[runlim] end:			Tue Feb  5 10:33:49 2019
[runlim] status:		signal(9)
[runlim] result:		11
[runlim] children:		0
[runlim] real:			310.06 seconds
[runlim] time:			298.12 seconds
[runlim] space:			151.6 MB
[runlim] samples:		3098
