[runlim] version:		1.10fixed
[runlim] time limit:		300 seconds
[runlim] real time limit:	311040000 seconds
[runlim] space limit:		4000 MB
[runlim] argv[0]:		./cvc4
[runlim] argv[1]:		--nl-ext-tplanes
[runlim] argv[2]:		--full-saturate-quant
[runlim] argv[3]:		--no-e-matching
[runlim] argv[4]:		/tmp/cs38xitp.smt2
[runlim] start:			Tue Feb  5 10:24:17 2019
[runlim] main pid:		23306
[runlim] sample:		7.6 time, 10.1 real, 38.1 MB
[runlim] sample:		17.4 time, 20.1 real, 44.4 MB
[runlim] sample:		27.3 time, 30.1 real, 50.4 MB
[runlim] sample:		37.1 time, 40.1 real, 55.5 MB
[runlim] sample:		47.1 time, 50.1 real, 59.1 MB
[runlim] sample:		57.1 time, 60.1 real, 63.2 MB
[runlim] sample:		67.1 time, 70.1 real, 65.2 MB
[runlim] sample:		77.1 time, 80.1 real, 67.8 MB
[runlim] sample:		87.1 time, 90.1 real, 69.9 MB
[runlim] sample:		97.1 time, 100.1 real, 72.4 MB
[runlim] sample:		106.0 time, 110.1 real, 74.5 MB
[runlim] sample:		114.7 time, 120.1 real, 76.8 MB
[runlim] sample:		123.4 time, 130.1 real, 77.9 MB
[runlim] sample:		132.7 time, 140.1 real, 78.4 MB
[runlim] sample:		142.7 time, 150.1 real, 80.9 MB
[runlim] sample:		152.7 time, 160.1 real, 82.2 MB
[runlim] sample:		162.7 time, 170.1 real, 83.0 MB
[runlim] sample:		172.7 time, 180.1 real, 84.3 MB
[runlim] sample:		182.5 time, 190.1 real, 86.1 MB
[runlim] sample:		192.2 time, 200.1 real, 87.4 MB
[runlim] sample:		201.9 time, 210.1 real, 89.4 MB
[runlim] sample:		211.9 time, 220.1 real, 90.7 MB
[runlim] sample:		221.9 time, 230.2 real, 92.3 MB
[runlim] sample:		231.9 time, 240.2 real, 92.8 MB
[runlim] sample:		241.3 time, 250.2 real, 97.2 MB
[runlim] sample:		250.4 time, 260.1 real, 98.2 MB
[runlim] sample:		260.4 time, 270.1 real, 99.5 MB
[runlim] sample:		270.4 time, 280.1 real, 101.6 MB
[runlim] sample:		280.4 time, 290.1 real, 102.8 MB
[runlim] sample:		290.4 time, 300.1 real, 104.4 MB
CVC4 interrupted by SIGTERM.
[runlim] end:			Tue Feb  5 10:29:26 2019
[runlim] status:		out of time
[runlim] result:		2
[runlim] children:		0
[runlim] real:			309.87 seconds
[runlim] time:			300.07 seconds
[runlim] space:			105.2 MB
[runlim] samples:		3097
