[runlim] version:		1.10fixed
[runlim] time limit:		300 seconds
[runlim] real time limit:	311040000 seconds
[runlim] space limit:		4000 MB
[runlim] argv[0]:		./cvc4
[runlim] argv[1]:		--nl-ext-tplanes
[runlim] argv[2]:		--full-saturate-quant
[runlim] argv[3]:		--no-e-matching
[runlim] argv[4]:		/tmp/MslN2OHG.smt2
[runlim] start:			Tue Feb  5 10:28:08 2019
[runlim] main pid:		7550
[runlim] sample:		8.8 time, 10.8 real, 47.2 MB
[runlim] sample:		18.5 time, 20.8 real, 58.1 MB
[runlim] sample:		28.1 time, 30.8 real, 65.0 MB
[runlim] sample:		36.7 time, 40.8 real, 71.5 MB
[runlim] sample:		46.5 time, 50.8 real, 89.7 MB
[runlim] sample:		56.5 time, 60.8 real, 91.2 MB
[runlim] sample:		66.5 time, 70.8 real, 92.0 MB
[runlim] sample:		76.5 time, 80.8 real, 93.8 MB
[runlim] sample:		86.5 time, 90.8 real, 99.5 MB
[runlim] sample:		96.4 time, 100.8 real, 106.2 MB
[runlim] sample:		106.0 time, 110.8 real, 110.3 MB
[runlim] sample:		115.7 time, 120.8 real, 113.1 MB
[runlim] sample:		125.7 time, 130.8 real, 118.6 MB
[runlim] sample:		135.7 time, 140.8 real, 122.7 MB
[runlim] sample:		145.7 time, 150.8 real, 127.4 MB
[runlim] sample:		155.7 time, 160.8 real, 131.0 MB
[runlim] sample:		165.7 time, 170.8 real, 135.4 MB
[runlim] sample:		175.7 time, 180.8 real, 139.5 MB
[runlim] sample:		185.7 time, 190.8 real, 142.1 MB
[runlim] sample:		195.7 time, 200.8 real, 145.7 MB
[runlim] sample:		205.7 time, 210.8 real, 148.3 MB
[runlim] sample:		215.7 time, 220.8 real, 151.4 MB
[runlim] sample:		225.7 time, 230.8 real, 153.2 MB
[runlim] sample:		235.7 time, 240.8 real, 155.8 MB
[runlim] sample:		245.7 time, 250.8 real, 159.4 MB
[runlim] sample:		255.7 time, 260.8 real, 162.5 MB
[runlim] sample:		265.7 time, 270.8 real, 164.0 MB
[runlim] sample:		275.7 time, 280.8 real, 165.8 MB
[runlim] sample:		285.7 time, 290.8 real, 168.4 MB
[runlim] sample:		295.7 time, 300.8 real, 170.7 MB
CVC4 interrupted by SIGTERM.
[runlim] end:			Tue Feb  5 10:33:13 2019
[runlim] status:		out of time
[runlim] result:		2
[runlim] children:		0
[runlim] real:			305.24 seconds
[runlim] time:			300.07 seconds
[runlim] space:			172.0 MB
[runlim] samples:		3044
