[runlim] version:		1.10fixed
[runlim] time limit:		300 seconds
[runlim] real time limit:	311040000 seconds
[runlim] space limit:		4000 MB
[runlim] argv[0]:		./cvc4
[runlim] argv[1]:		--nl-ext-tplanes
[runlim] argv[2]:		--full-saturate-quant
[runlim] argv[3]:		--no-e-matching
[runlim] argv[4]:		/tmp/vDH02CRp.smt2
[runlim] start:			Tue Feb  5 10:28:44 2019
[runlim] main pid:		22844
/tmp/vDH02CRp.smt2:4.12: No set-logic command was given before this point.
/tmp/vDH02CRp.smt2:4.12: CVC4 will make all theories available.
/tmp/vDH02CRp.smt2:4.12: Consider setting a stricter logic for (likely) better performance.
/tmp/vDH02CRp.smt2:4.12: To suppress this warning in the future use (set-logic ALL).
[runlim] sample:		9.4 time, 10.7 real, 46.4 MB
[runlim] sample:		19.1 time, 20.7 real, 54.2 MB
[runlim] sample:		28.7 time, 30.7 real, 61.7 MB
[runlim] sample:		38.7 time, 40.7 real, 64.2 MB
[runlim] sample:		47.1 time, 50.7 real, 66.3 MB
[runlim] sample:		55.9 time, 60.7 real, 69.4 MB
[runlim] sample:		64.1 time, 70.7 real, 72.2 MB
[runlim] sample:		73.4 time, 80.7 real, 74.5 MB
[runlim] sample:		83.1 time, 90.7 real, 83.8 MB
[runlim] sample:		92.7 time, 100.7 real, 85.1 MB
[runlim] sample:		101.9 time, 110.7 real, 87.2 MB
[runlim] sample:		110.9 time, 120.7 real, 87.4 MB
[runlim] sample:		120.0 time, 130.7 real, 93.4 MB
[runlim] sample:		129.0 time, 140.7 real, 93.6 MB
[runlim] sample:		138.6 time, 150.7 real, 98.3 MB
[runlim] sample:		148.1 time, 160.7 real, 99.3 MB
[runlim] sample:		157.5 time, 170.7 real, 104.7 MB
[runlim] sample:		166.7 time, 180.7 real, 105.1 MB
[runlim] sample:		176.0 time, 190.7 real, 108.9 MB
[runlim] sample:		185.6 time, 200.7 real, 113.5 MB
[runlim] sample:		195.1 time, 210.7 real, 114.3 MB
[runlim] sample:		204.4 time, 220.7 real, 114.6 MB
[runlim] sample:		213.5 time, 230.7 real, 117.9 MB
[runlim] sample:		222.5 time, 240.7 real, 117.9 MB
[runlim] sample:		231.8 time, 250.7 real, 118.4 MB
[runlim] sample:		241.5 time, 260.7 real, 121.8 MB
[runlim] sample:		251.2 time, 270.7 real, 122.5 MB
[runlim] sample:		260.5 time, 280.7 real, 124.3 MB
[runlim] sample:		269.5 time, 290.7 real, 124.5 MB
[runlim] sample:		278.9 time, 300.7 real, 124.5 MB
[runlim] sample:		288.9 time, 310.7 real, 126.3 MB
[runlim] sample:		298.9 time, 320.7 real, 126.6 MB
[runlim] end:			Tue Feb  5 10:34:04 2019
[runlim] status:		signal(9)
[runlim] result:		11
[runlim] children:		0
[runlim] real:			320.94 seconds
[runlim] time:			299.12 seconds
[runlim] space:			126.6 MB
[runlim] samples:		3202
