[runlim] version:		1.10fixed
[runlim] time limit:		300 seconds
[runlim] real time limit:	311040000 seconds
[runlim] space limit:		4000 MB
[runlim] argv[0]:		./cvc4
[runlim] argv[1]:		--nl-ext-tplanes
[runlim] argv[2]:		--full-saturate-quant
[runlim] argv[3]:		--no-e-matching
[runlim] argv[4]:		/tmp/jrgnfSJq.smt2
[runlim] start:			Tue Feb  5 13:22:01 2019
[runlim] main pid:		30825
[runlim] sample:		9.8 time, 10.3 real, 47.5 MB
[runlim] sample:		19.8 time, 20.3 real, 63.6 MB
[runlim] sample:		29.8 time, 30.3 real, 70.9 MB
[runlim] sample:		39.8 time, 40.3 real, 83.1 MB
[runlim] sample:		49.8 time, 50.3 real, 86.7 MB
[runlim] sample:		59.8 time, 60.3 real, 90.1 MB
[runlim] sample:		69.8 time, 70.3 real, 95.2 MB
[runlim] sample:		79.8 time, 80.3 real, 103.4 MB
[runlim] end:			Tue Feb  5 13:23:26 2019
[runlim] status:		ok
[runlim] result:		0
[runlim] children:		0
[runlim] real:			85.91 seconds
[runlim] time:			85.30 seconds
[runlim] space:			105.2 MB
[runlim] samples:		855
