[runlim] version:		1.10fixed
[runlim] time limit:		300 seconds
[runlim] real time limit:	311040000 seconds
[runlim] space limit:		4000 MB
[runlim] argv[0]:		./cvc4
[runlim] argv[1]:		--nl-ext-tplanes
[runlim] argv[2]:		--full-saturate-quant
[runlim] argv[3]:		--no-e-matching
[runlim] argv[4]:		/tmp/i3J55seA.smt2
[runlim] start:			Tue Feb  5 13:22:43 2019
[runlim] main pid:		31673
[runlim] sample:		8.9 time, 10.4 real, 46.4 MB
[runlim] sample:		16.9 time, 20.4 real, 56.1 MB
[runlim] sample:		26.8 time, 30.4 real, 64.3 MB
[runlim] sample:		35.1 time, 40.4 real, 70.3 MB
[runlim] sample:		44.7 time, 50.4 real, 76.6 MB
[runlim] sample:		54.8 time, 60.4 real, 83.3 MB
[runlim] sample:		64.2 time, 70.4 real, 85.8 MB
[runlim] sample:		72.8 time, 80.4 real, 86.1 MB
[runlim] sample:		81.5 time, 90.4 real, 90.8 MB
[runlim] sample:		91.5 time, 100.4 real, 95.7 MB
[runlim] sample:		101.5 time, 110.4 real, 99.5 MB
[runlim] sample:		111.0 time, 120.4 real, 102.9 MB
[runlim] sample:		120.3 time, 130.4 real, 105.4 MB
[runlim] sample:		130.3 time, 140.4 real, 109.6 MB
[runlim] sample:		140.3 time, 150.4 real, 112.4 MB
[runlim] sample:		150.3 time, 160.4 real, 116.8 MB
[runlim] sample:		160.3 time, 170.4 real, 119.4 MB
[runlim] sample:		170.3 time, 180.4 real, 121.7 MB
[runlim] sample:		180.3 time, 190.4 real, 124.8 MB
[runlim] sample:		190.3 time, 200.4 real, 128.4 MB
[runlim] sample:		200.3 time, 210.4 real, 130.7 MB
[runlim] sample:		210.3 time, 220.4 real, 133.0 MB
[runlim] sample:		220.3 time, 230.4 real, 134.8 MB
[runlim] sample:		230.3 time, 240.4 real, 137.4 MB
[runlim] sample:		240.3 time, 250.4 real, 140.0 MB
[runlim] sample:		250.3 time, 260.4 real, 145.9 MB
[runlim] sample:		260.3 time, 270.4 real, 147.4 MB
[runlim] sample:		270.3 time, 280.4 real, 149.5 MB
[runlim] sample:		280.3 time, 290.4 real, 151.1 MB
[runlim] sample:		290.3 time, 300.4 real, 152.9 MB
CVC4 interrupted by SIGTERM.
[runlim] end:			Tue Feb  5 13:27:53 2019
[runlim] status:		out of time
[runlim] result:		2
[runlim] children:		0
[runlim] real:			310.25 seconds
[runlim] time:			300.07 seconds
[runlim] space:			156.5 MB
[runlim] samples:		3098
