[runlim] version:		1.10fixed
[runlim] time limit:		300 seconds
[runlim] real time limit:	311040000 seconds
[runlim] space limit:		4000 MB
[runlim] argv[0]:		./cvc4
[runlim] argv[1]:		--nl-ext-tplanes
[runlim] argv[2]:		--full-saturate-quant
[runlim] argv[3]:		--no-e-matching
[runlim] argv[4]:		/tmp/ehfFaShV.smt2
[runlim] start:			Tue Feb  5 13:21:57 2019
[runlim] main pid:		30895
[runlim] sample:		9.0 time, 10.8 real, 52.6 MB
[runlim] sample:		17.5 time, 20.8 real, 60.8 MB
[runlim] sample:		26.0 time, 30.8 real, 67.5 MB
[runlim] sample:		35.0 time, 40.8 real, 73.4 MB
[runlim] sample:		44.4 time, 50.8 real, 81.7 MB
[runlim] sample:		54.4 time, 60.8 real, 84.3 MB
[runlim] sample:		64.4 time, 70.8 real, 91.9 MB
[runlim] sample:		74.4 time, 80.8 real, 94.3 MB
[runlim] sample:		84.0 time, 90.8 real, 100.0 MB
[runlim] sample:		94.0 time, 100.8 real, 102.8 MB
[runlim] sample:		104.0 time, 110.8 real, 104.1 MB
[runlim] sample:		114.0 time, 120.8 real, 108.2 MB
[runlim] sample:		124.0 time, 130.8 real, 115.4 MB
[runlim] sample:		134.0 time, 140.8 real, 116.4 MB
[runlim] sample:		144.0 time, 150.8 real, 117.1 MB
[runlim] sample:		154.1 time, 160.8 real, 117.4 MB
[runlim] sample:		164.1 time, 170.8 real, 117.6 MB
[runlim] sample:		174.1 time, 180.8 real, 117.9 MB
[runlim] sample:		184.0 time, 190.8 real, 119.2 MB
[runlim] sample:		193.7 time, 200.8 real, 119.4 MB
[runlim] sample:		203.4 time, 210.8 real, 120.4 MB
[runlim] sample:		213.4 time, 220.8 real, 121.7 MB
[runlim] sample:		223.3 time, 230.8 real, 122.8 MB
[runlim] sample:		233.3 time, 240.8 real, 124.3 MB
[runlim] sample:		242.9 time, 250.8 real, 124.6 MB
[runlim] sample:		252.9 time, 260.8 real, 125.9 MB
[runlim] sample:		262.9 time, 270.8 real, 126.6 MB
[runlim] sample:		272.9 time, 280.8 real, 127.9 MB
[runlim] sample:		282.9 time, 290.8 real, 129.0 MB
[runlim] sample:		292.9 time, 300.8 real, 130.2 MB
CVC4 interrupted by SIGTERM.
[runlim] end:			Tue Feb  5 13:27:05 2019
[runlim] status:		out of time
[runlim] result:		2
[runlim] children:		0
[runlim] real:			308.05 seconds
[runlim] time:			300.06 seconds
[runlim] space:			130.5 MB
[runlim] samples:		3072
