[runlim] version:		1.10fixed
[runlim] time limit:		300 seconds
[runlim] real time limit:	311040000 seconds
[runlim] space limit:		4000 MB
[runlim] argv[0]:		./cvc4
[runlim] argv[1]:		--nl-ext-tplanes
[runlim] argv[2]:		--full-saturate-quant
[runlim] argv[3]:		--no-e-matching
[runlim] argv[4]:		/tmp/PqgE5Go5.smt2
[runlim] start:			Tue Feb  5 10:24:22 2019
[runlim] main pid:		14720
[runlim] sample:		8.9 time, 10.2 real, 40.7 MB
[runlim] sample:		17.7 time, 20.2 real, 47.7 MB
[runlim] sample:		26.7 time, 30.2 real, 52.3 MB
[runlim] sample:		34.9 time, 40.2 real, 56.1 MB
[runlim] sample:		43.2 time, 50.2 real, 58.9 MB
[runlim] sample:		52.3 time, 60.2 real, 62.7 MB
[runlim] sample:		61.6 time, 70.2 real, 65.8 MB
[runlim] sample:		71.0 time, 80.2 real, 68.1 MB
[runlim] sample:		80.6 time, 90.2 real, 70.2 MB
[runlim] sample:		89.8 time, 100.2 real, 72.5 MB
[runlim] sample:		99.8 time, 110.2 real, 74.6 MB
[runlim] sample:		109.8 time, 120.2 real, 75.9 MB
[runlim] sample:		119.8 time, 130.2 real, 78.2 MB
[runlim] sample:		129.8 time, 140.2 real, 80.2 MB
[runlim] sample:		139.2 time, 150.2 real, 81.8 MB
[runlim] sample:		147.5 time, 160.2 real, 82.8 MB
[runlim] sample:		155.9 time, 170.2 real, 84.8 MB
[runlim] sample:		165.9 time, 180.2 real, 86.0 MB
[runlim] sample:		175.9 time, 190.2 real, 87.1 MB
[runlim] sample:		185.9 time, 200.2 real, 88.4 MB
[runlim] sample:		195.9 time, 210.2 real, 89.6 MB
[runlim] sample:		205.9 time, 220.2 real, 90.7 MB
[runlim] sample:		215.6 time, 230.2 real, 92.0 MB
[runlim] sample:		225.6 time, 240.2 real, 93.0 MB
[runlim] sample:		235.6 time, 250.2 real, 94.0 MB
[runlim] sample:		244.7 time, 260.2 real, 95.3 MB
[runlim] sample:		254.6 time, 270.2 real, 96.1 MB
[runlim] sample:		264.6 time, 280.2 real, 99.5 MB
[runlim] sample:		274.6 time, 290.2 real, 100.0 MB
[runlim] sample:		284.6 time, 300.2 real, 101.0 MB
[runlim] sample:		294.6 time, 310.2 real, 102.8 MB
[runlim] end:			Tue Feb  5 10:29:36 2019
[runlim] status:		signal(9)
[runlim] result:		11
[runlim] children:		0
[runlim] real:			314.54 seconds
[runlim] time:			298.91 seconds
[runlim] space:			103.3 MB
[runlim] samples:		3143
