[runlim] version:		1.10fixed
[runlim] time limit:		300 seconds
[runlim] real time limit:	311040000 seconds
[runlim] space limit:		4000 MB
[runlim] argv[0]:		./cvc4
[runlim] argv[1]:		--nl-ext-tplanes
[runlim] argv[2]:		--full-saturate-quant
[runlim] argv[3]:		--no-e-matching
[runlim] argv[4]:		/tmp/khOm1IxY.smt2
[runlim] start:			Tue Feb  5 10:28:39 2019
[runlim] main pid:		7661
/tmp/khOm1IxY.smt2:4.12: No set-logic command was given before this point.
/tmp/khOm1IxY.smt2:4.12: CVC4 will make all theories available.
/tmp/khOm1IxY.smt2:4.12: Consider setting a stricter logic for (likely) better performance.
/tmp/khOm1IxY.smt2:4.12: To suppress this warning in the future use (set-logic ALL).
[runlim] sample:		9.3 time, 10.6 real, 43.1 MB
[runlim] sample:		18.7 time, 20.6 real, 52.2 MB
[runlim] sample:		27.4 time, 30.6 real, 59.7 MB
[runlim] sample:		37.0 time, 40.6 real, 63.2 MB
[runlim] sample:		47.0 time, 50.6 real, 66.5 MB
[runlim] sample:		56.9 time, 60.6 real, 78.7 MB
[runlim] sample:		66.9 time, 70.6 real, 82.2 MB
[runlim] sample:		76.9 time, 80.6 real, 86.3 MB
[runlim] sample:		86.3 time, 90.6 real, 87.9 MB
[runlim] sample:		96.0 time, 100.6 real, 91.2 MB
[runlim] sample:		105.7 time, 110.6 real, 92.8 MB
[runlim] sample:		115.3 time, 120.6 real, 94.4 MB
[runlim] sample:		125.0 time, 130.6 real, 95.1 MB
[runlim] sample:		134.6 time, 140.6 real, 99.0 MB
[runlim] sample:		144.5 time, 150.6 real, 100.3 MB
[runlim] sample:		154.5 time, 160.6 real, 101.6 MB
[runlim] sample:		164.5 time, 170.6 real, 109.8 MB
[runlim] sample:		172.5 time, 180.6 real, 109.3 MB
[runlim] sample:		182.4 time, 190.6 real, 110.1 MB
[runlim] sample:		192.4 time, 200.6 real, 111.4 MB
[runlim] sample:		202.4 time, 210.6 real, 111.4 MB
[runlim] sample:		212.4 time, 220.6 real, 112.6 MB
[runlim] sample:		222.4 time, 230.6 real, 113.3 MB
[runlim] sample:		232.4 time, 240.6 real, 115.9 MB
[runlim] sample:		242.4 time, 250.6 real, 118.0 MB
[runlim] sample:		252.4 time, 260.6 real, 118.5 MB
[runlim] sample:		262.4 time, 270.6 real, 118.5 MB
[runlim] sample:		272.4 time, 280.6 real, 121.0 MB
[runlim] sample:		282.4 time, 290.6 real, 123.0 MB
[runlim] sample:		292.4 time, 300.6 real, 123.8 MB
CVC4 interrupted by SIGTERM.
[runlim] end:			Tue Feb  5 10:33:47 2019
[runlim] status:		out of time
[runlim] result:		2
[runlim] children:		0
[runlim] real:			308.32 seconds
[runlim] time:			300.05 seconds
[runlim] space:			126.1 MB
[runlim] samples:		3077
