[runlim] version:		1.10fixed
[runlim] time limit:		300 seconds
[runlim] real time limit:	311040000 seconds
[runlim] space limit:		4000 MB
[runlim] argv[0]:		./cvc4
[runlim] argv[1]:		--nl-ext-tplanes
[runlim] argv[2]:		--full-saturate-quant
[runlim] argv[3]:		--no-e-matching
[runlim] argv[4]:		/tmp/r7VZph6u.smt2
[runlim] start:			Tue Feb  5 13:26:25 2019
[runlim] main pid:		24275
/tmp/r7VZph6u.smt2:4.12: No set-logic command was given before this point.
/tmp/r7VZph6u.smt2:4.12: CVC4 will make all theories available.
/tmp/r7VZph6u.smt2:4.12: Consider setting a stricter logic for (likely) better performance.
/tmp/r7VZph6u.smt2:4.12: To suppress this warning in the future use (set-logic ALL).
[runlim] sample:		7.4 time, 10.2 real, 41.8 MB
[runlim] sample:		17.0 time, 20.2 real, 52.6 MB
[runlim] sample:		26.7 time, 30.2 real, 59.9 MB
[runlim] sample:		36.0 time, 40.2 real, 65.8 MB
[runlim] sample:		45.4 time, 50.2 real, 70.2 MB
[runlim] sample:		55.0 time, 60.2 real, 75.0 MB
[runlim] sample:		64.7 time, 70.2 real, 79.1 MB
[runlim] sample:		74.6 time, 80.2 real, 82.9 MB
[runlim] sample:		84.6 time, 90.2 real, 86.3 MB
[runlim] sample:		94.6 time, 100.2 real, 90.9 MB
[runlim] sample:		104.6 time, 110.2 real, 93.8 MB
[runlim] sample:		114.6 time, 120.2 real, 97.6 MB
[runlim] sample:		124.2 time, 130.2 real, 100.2 MB
[runlim] sample:		132.2 time, 140.2 real, 103.6 MB
[runlim] sample:		142.1 time, 150.2 real, 105.7 MB
[runlim] sample:		151.2 time, 160.2 real, 108.2 MB
[runlim] sample:		159.2 time, 170.2 real, 111.3 MB
[runlim] sample:		167.2 time, 180.2 real, 112.6 MB
[runlim] sample:		177.0 time, 190.2 real, 116.3 MB
[runlim] sample:		187.0 time, 200.2 real, 118.1 MB
[runlim] sample:		197.0 time, 210.2 real, 120.1 MB
[runlim] sample:		206.8 time, 220.2 real, 122.4 MB
[runlim] sample:		216.8 time, 230.2 real, 125.0 MB
[runlim] sample:		226.6 time, 240.2 real, 127.1 MB
[runlim] sample:		236.3 time, 250.2 real, 129.1 MB
[runlim] sample:		246.0 time, 260.2 real, 130.9 MB
[runlim] sample:		255.7 time, 270.2 real, 133.3 MB
[runlim] sample:		265.5 time, 280.2 real, 134.3 MB
[runlim] sample:		275.1 time, 290.2 real, 137.4 MB
[runlim] sample:		284.8 time, 300.2 real, 138.4 MB
[runlim] sample:		294.8 time, 310.2 real, 140.3 MB
[runlim] end:			Tue Feb  5 13:31:38 2019
[runlim] status:		signal(9)
[runlim] result:		11
[runlim] children:		0
[runlim] real:			313.34 seconds
[runlim] time:			297.93 seconds
[runlim] space:			140.3 MB
[runlim] samples:		3131
