[runlim] version:		1.10fixed
[runlim] time limit:		300 seconds
[runlim] real time limit:	311040000 seconds
[runlim] space limit:		4000 MB
[runlim] argv[0]:		./cvc4
[runlim] argv[1]:		--nl-ext-tplanes
[runlim] argv[2]:		--full-saturate-quant
[runlim] argv[3]:		--no-e-matching
[runlim] argv[4]:		/tmp/jqVqlPcP.smt2
[runlim] start:			Tue Feb  5 10:23:36 2019
[runlim] main pid:		18192
[runlim] sample:		9.7 time, 10.9 real, 47.3 MB
[runlim] sample:		19.7 time, 20.9 real, 57.0 MB
[runlim] sample:		29.7 time, 30.9 real, 66.1 MB
[runlim] sample:		39.4 time, 40.9 real, 75.0 MB
[runlim] sample:		49.0 time, 50.9 real, 75.7 MB
[runlim] sample:		58.7 time, 60.9 real, 77.3 MB
[runlim] sample:		67.7 time, 70.9 real, 78.6 MB
[runlim] sample:		77.7 time, 80.9 real, 80.6 MB
[runlim] sample:		87.1 time, 90.9 real, 81.7 MB
[runlim] sample:		97.1 time, 100.9 real, 83.0 MB
[runlim] sample:		106.4 time, 110.9 real, 84.8 MB
[runlim] sample:		115.4 time, 120.9 real, 86.1 MB
[runlim] sample:		124.5 time, 130.9 real, 87.6 MB
[runlim] sample:		132.5 time, 140.9 real, 88.4 MB
[runlim] sample:		141.9 time, 150.9 real, 90.2 MB
[runlim] sample:		151.7 time, 160.9 real, 91.2 MB
[runlim] sample:		161.0 time, 170.9 real, 93.0 MB
[runlim] sample:		169.5 time, 180.9 real, 93.8 MB
[runlim] sample:		178.7 time, 190.9 real, 95.3 MB
[runlim] sample:		188.7 time, 200.9 real, 96.6 MB
[runlim] sample:		198.6 time, 210.9 real, 98.7 MB
[runlim] sample:		207.5 time, 220.9 real, 99.7 MB
[runlim] sample:		217.5 time, 230.9 real, 101.5 MB
[runlim] sample:		227.5 time, 240.9 real, 102.8 MB
[runlim] sample:		237.5 time, 250.9 real, 104.4 MB
[runlim] sample:		247.4 time, 260.9 real, 106.7 MB
[runlim] sample:		255.9 time, 270.9 real, 108.0 MB
[runlim] sample:		265.9 time, 280.9 real, 109.3 MB
[runlim] sample:		275.8 time, 290.9 real, 110.6 MB
[runlim] sample:		285.2 time, 300.9 real, 112.1 MB
[runlim] sample:		293.6 time, 310.9 real, 113.4 MB
CVC4 interrupted by SIGTERM.
[runlim] end:			Tue Feb  5 10:28:54 2019
[runlim] status:		out of time
[runlim] result:		2
[runlim] children:		0
[runlim] real:			318.39 seconds
[runlim] time:			300.06 seconds
[runlim] space:			113.9 MB
[runlim] samples:		3175
