[runlim] version:		1.10fixed
[runlim] time limit:		300 seconds
[runlim] real time limit:	311040000 seconds
[runlim] space limit:		4000 MB
[runlim] argv[0]:		./cvc4
[runlim] argv[1]:		--nl-ext-tplanes
[runlim] argv[2]:		--full-saturate-quant
[runlim] argv[3]:		--no-e-matching
[runlim] argv[4]:		/tmp/T56MIeF5.smt2
[runlim] start:			Tue Feb  5 10:28:44 2019
[runlim] main pid:		9014
/tmp/T56MIeF5.smt2:4.12: No set-logic command was given before this point.
/tmp/T56MIeF5.smt2:4.12: CVC4 will make all theories available.
/tmp/T56MIeF5.smt2:4.12: Consider setting a stricter logic for (likely) better performance.
/tmp/T56MIeF5.smt2:4.12: To suppress this warning in the future use (set-logic ALL).
[runlim] sample:		9.2 time, 10.5 real, 41.9 MB
[runlim] sample:		19.2 time, 20.5 real, 53.8 MB
[runlim] sample:		29.2 time, 30.5 real, 56.1 MB
[runlim] sample:		39.2 time, 40.5 real, 60.5 MB
[runlim] sample:		49.2 time, 50.5 real, 68.0 MB
[runlim] sample:		59.2 time, 60.5 real, 72.2 MB
[runlim] sample:		69.2 time, 70.5 real, 74.9 MB
[runlim] sample:		78.9 time, 80.5 real, 75.4 MB
[runlim] sample:		88.9 time, 90.5 real, 75.4 MB
[runlim] sample:		98.9 time, 100.5 real, 75.4 MB
[runlim] sample:		108.9 time, 110.5 real, 75.4 MB
[runlim] sample:		118.9 time, 120.5 real, 75.4 MB
[runlim] sample:		128.9 time, 130.5 real, 75.4 MB
[runlim] sample:		138.9 time, 140.5 real, 75.4 MB
[runlim] sample:		148.9 time, 150.5 real, 75.4 MB
[runlim] sample:		158.9 time, 160.5 real, 75.4 MB
[runlim] sample:		168.9 time, 170.5 real, 75.4 MB
[runlim] sample:		178.9 time, 180.5 real, 75.4 MB
[runlim] sample:		188.9 time, 190.5 real, 75.4 MB
[runlim] sample:		198.9 time, 200.5 real, 75.4 MB
[runlim] sample:		208.9 time, 210.5 real, 75.4 MB
[runlim] sample:		218.9 time, 220.5 real, 75.4 MB
[runlim] sample:		228.9 time, 230.5 real, 75.4 MB
[runlim] sample:		238.9 time, 240.5 real, 75.4 MB
[runlim] sample:		248.9 time, 250.5 real, 75.4 MB
[runlim] sample:		258.9 time, 260.5 real, 75.4 MB
[runlim] sample:		268.9 time, 270.5 real, 75.4 MB
[runlim] sample:		278.9 time, 280.5 real, 75.4 MB
[runlim] sample:		288.9 time, 290.5 real, 75.4 MB
[runlim] sample:		298.9 time, 300.5 real, 75.4 MB
CVC4 interrupted by SIGTERM.
[runlim] end:			Tue Feb  5 10:33:45 2019
[runlim] status:		out of time
[runlim] result:		2
[runlim] children:		0
[runlim] real:			301.58 seconds
[runlim] time:			300.01 seconds
[runlim] space:			75.4 MB
[runlim] samples:		3011
