[runlim] version:		1.10fixed
[runlim] time limit:		300 seconds
[runlim] real time limit:	311040000 seconds
[runlim] space limit:		4000 MB
[runlim] argv[0]:		./cvc4
[runlim] argv[1]:		--nl-ext-tplanes
[runlim] argv[2]:		--full-saturate-quant
[runlim] argv[3]:		--no-e-matching
[runlim] argv[4]:		/tmp/mESj5Qrw.smt2
[runlim] start:			Tue Feb  5 10:28:26 2019
[runlim] main pid:		21674
[runlim] sample:		9.6 time, 10.7 real, 47.6 MB
[runlim] sample:		19.2 time, 20.7 real, 57.9 MB
[runlim] sample:		29.0 time, 30.7 real, 64.1 MB
[runlim] sample:		39.0 time, 40.7 real, 87.8 MB
[runlim] sample:		49.0 time, 50.7 real, 88.1 MB
[runlim] sample:		59.0 time, 60.7 real, 90.4 MB
[runlim] sample:		69.0 time, 70.7 real, 91.4 MB
[runlim] sample:		79.0 time, 80.7 real, 93.2 MB
[runlim] sample:		89.0 time, 90.7 real, 99.1 MB
[runlim] sample:		98.9 time, 100.7 real, 106.0 MB
[runlim] sample:		108.9 time, 110.7 real, 109.9 MB
[runlim] sample:		118.4 time, 120.7 real, 113.5 MB
[runlim] sample:		127.0 time, 130.7 real, 119.4 MB
[runlim] sample:		135.7 time, 140.7 real, 123.0 MB
[runlim] sample:		145.2 time, 150.7 real, 126.9 MB
[runlim] sample:		154.0 time, 160.7 real, 130.9 MB
[runlim] sample:		162.7 time, 170.7 real, 135.0 MB
[runlim] sample:		172.3 time, 180.7 real, 138.6 MB
[runlim] sample:		182.3 time, 190.7 real, 141.4 MB
[runlim] sample:		192.3 time, 200.7 real, 146.6 MB
[runlim] sample:		202.3 time, 210.7 real, 148.1 MB
[runlim] sample:		212.3 time, 220.7 real, 150.5 MB
[runlim] sample:		221.6 time, 230.7 real, 152.8 MB
[runlim] sample:		230.5 time, 240.7 real, 155.6 MB
[runlim] sample:		240.2 time, 250.7 real, 159.5 MB
[runlim] sample:		249.9 time, 260.7 real, 161.5 MB
[runlim] sample:		258.6 time, 270.7 real, 162.6 MB
[runlim] sample:		268.3 time, 280.7 real, 164.9 MB
[runlim] sample:		278.2 time, 290.7 real, 167.5 MB
[runlim] sample:		288.2 time, 300.7 real, 169.0 MB
[runlim] end:			Tue Feb  5 10:33:35 2019
[runlim] status:		signal(9)
[runlim] result:		11
[runlim] children:		0
[runlim] real:			309.08 seconds
[runlim] time:			296.56 seconds
[runlim] space:			170.8 MB
[runlim] samples:		3084
