[runlim] version:		1.10fixed
[runlim] time limit:		300 seconds
[runlim] real time limit:	311040000 seconds
[runlim] space limit:		4000 MB
[runlim] argv[0]:		./cvc4
[runlim] argv[1]:		--nl-ext-tplanes
[runlim] argv[2]:		--full-saturate-quant
[runlim] argv[3]:		--no-e-matching
[runlim] argv[4]:		/tmp/oLOMrtRp.smt2
[runlim] start:			Tue Feb  5 10:26:38 2019
[runlim] main pid:		31193
[runlim] sample:		9.6 time, 10.9 real, 46.1 MB
[runlim] sample:		19.3 time, 20.9 real, 56.2 MB
[runlim] sample:		29.0 time, 30.9 real, 63.6 MB
[runlim] sample:		38.6 time, 40.9 real, 69.3 MB
[runlim] sample:		48.6 time, 50.9 real, 75.9 MB
[runlim] sample:		58.6 time, 60.9 real, 80.5 MB
[runlim] sample:		68.6 time, 70.9 real, 85.9 MB
[runlim] sample:		78.6 time, 80.9 real, 89.8 MB
[runlim] sample:		88.6 time, 90.9 real, 93.9 MB
[runlim] sample:		98.6 time, 100.9 real, 98.7 MB
[runlim] sample:		108.6 time, 110.9 real, 101.8 MB
[runlim] sample:		118.6 time, 120.9 real, 104.6 MB
[runlim] sample:		128.6 time, 130.9 real, 108.5 MB
[runlim] sample:		138.6 time, 140.9 real, 111.8 MB
[runlim] sample:		148.6 time, 150.9 real, 114.4 MB
[runlim] sample:		158.6 time, 160.9 real, 117.3 MB
[runlim] sample:		168.6 time, 170.9 real, 120.0 MB
[runlim] sample:		178.6 time, 180.9 real, 123.6 MB
[runlim] sample:		188.6 time, 190.9 real, 125.7 MB
[runlim] sample:		198.6 time, 200.9 real, 127.7 MB
[runlim] sample:		208.2 time, 210.9 real, 130.4 MB
[runlim] sample:		216.9 time, 220.9 real, 133.0 MB
[runlim] sample:		226.9 time, 230.9 real, 134.2 MB
[runlim] sample:		236.9 time, 240.9 real, 136.8 MB
[runlim] sample:		246.9 time, 250.9 real, 139.4 MB
[runlim] sample:		256.9 time, 260.9 real, 141.7 MB
[runlim] sample:		266.1 time, 270.9 real, 142.9 MB
[runlim] sample:		275.8 time, 280.9 real, 145.0 MB
[runlim] sample:		285.8 time, 290.9 real, 147.0 MB
[runlim] sample:		295.7 time, 300.9 real, 148.3 MB
CVC4 interrupted by SIGTERM.
[runlim] end:			Tue Feb  5 10:31:43 2019
[runlim] status:		out of time
[runlim] result:		2
[runlim] children:		0
[runlim] real:			305.45 seconds
[runlim] time:			300.08 seconds
[runlim] space:			150.6 MB
[runlim] samples:		3045
