[runlim] version:		1.10fixed
[runlim] time limit:		300 seconds
[runlim] real time limit:	311040000 seconds
[runlim] space limit:		4000 MB
[runlim] argv[0]:		./cvc4
[runlim] argv[1]:		--nl-ext-tplanes
[runlim] argv[2]:		--full-saturate-quant
[runlim] argv[3]:		--no-e-matching
[runlim] argv[4]:		/tmp/csLvimiy.smt2
[runlim] start:			Tue Feb  5 13:22:11 2019
[runlim] main pid:		30719
[runlim] sample:		8.6 time, 10.6 real, 42.5 MB
[runlim] sample:		16.5 time, 20.6 real, 48.7 MB
[runlim] sample:		25.0 time, 30.6 real, 53.2 MB
[runlim] sample:		33.9 time, 40.6 real, 57.1 MB
[runlim] sample:		42.4 time, 50.6 real, 61.8 MB
[runlim] sample:		51.6 time, 60.6 real, 64.6 MB
[runlim] sample:		59.6 time, 70.6 real, 67.4 MB
[runlim] sample:		67.6 time, 80.6 real, 69.0 MB
[runlim] sample:		75.6 time, 90.6 real, 71.5 MB
[runlim] sample:		83.5 time, 100.6 real, 73.1 MB
[runlim] sample:		92.7 time, 110.6 real, 74.9 MB
[runlim] sample:		101.0 time, 120.6 real, 77.5 MB
[runlim] sample:		110.9 time, 130.6 real, 79.0 MB
[runlim] sample:		120.8 time, 140.6 real, 82.4 MB
[runlim] sample:		130.4 time, 150.6 real, 84.2 MB
[runlim] sample:		140.4 time, 160.6 real, 85.5 MB
[runlim] sample:		150.4 time, 170.6 real, 86.8 MB
[runlim] sample:		160.4 time, 180.6 real, 88.6 MB
[runlim] sample:		169.1 time, 190.6 real, 89.6 MB
[runlim] sample:		178.5 time, 200.6 real, 90.9 MB
[runlim] sample:		186.7 time, 210.6 real, 91.9 MB
[runlim] sample:		196.3 time, 220.6 real, 94.9 MB
[runlim] sample:		206.4 time, 230.6 real, 96.7 MB
[runlim] sample:		215.6 time, 240.6 real, 97.7 MB
[runlim] sample:		225.4 time, 250.6 real, 98.5 MB
[runlim] sample:		235.4 time, 260.6 real, 100.0 MB
[runlim] sample:		243.3 time, 270.6 real, 100.3 MB
[runlim] sample:		253.2 time, 280.6 real, 102.4 MB
[runlim] sample:		263.2 time, 290.6 real, 103.4 MB
[runlim] sample:		273.0 time, 300.6 real, 104.2 MB
[runlim] sample:		283.0 time, 310.6 real, 105.4 MB
[runlim] sample:		292.3 time, 320.6 real, 106.5 MB
CVC4 interrupted by SIGTERM.
[runlim] end:			Tue Feb  5 13:27:40 2019
[runlim] status:		out of time
[runlim] result:		2
[runlim] children:		0
[runlim] real:			329.01 seconds
[runlim] time:			300.09 seconds
[runlim] space:			107.5 MB
[runlim] samples:		3284
