[runlim] version:		1.10fixed
[runlim] time limit:		300 seconds
[runlim] real time limit:	311040000 seconds
[runlim] space limit:		4000 MB
[runlim] argv[0]:		./cvc4
[runlim] argv[1]:		--nl-ext-tplanes
[runlim] argv[2]:		--full-saturate-quant
[runlim] argv[3]:		--no-e-matching
[runlim] argv[4]:		/tmp/DRPlp82f.smt2
[runlim] start:			Tue Jan 29 16:59:19 2019
[runlim] main pid:		4039
[runlim] sample:		8.8 time, 10.9 real, 43.4 MB
[runlim] sample:		18.8 time, 20.9 real, 51.0 MB
[runlim] sample:		28.8 time, 30.9 real, 57.2 MB
[runlim] sample:		38.1 time, 40.9 real, 61.1 MB
[runlim] sample:		46.3 time, 50.9 real, 64.2 MB
[runlim] sample:		56.0 time, 60.9 real, 67.3 MB
[runlim] sample:		65.9 time, 70.9 real, 70.6 MB
[runlim] sample:		75.9 time, 80.9 real, 72.4 MB
[runlim] sample:		85.9 time, 90.9 real, 75.0 MB
[runlim] sample:		95.9 time, 100.9 real, 77.3 MB
[runlim] sample:		105.9 time, 110.9 real, 80.2 MB
[runlim] sample:		115.9 time, 120.9 real, 82.8 MB
[runlim] sample:		125.9 time, 130.9 real, 84.6 MB
[runlim] sample:		135.9 time, 140.9 real, 85.9 MB
[runlim] sample:		145.9 time, 150.9 real, 87.4 MB
[runlim] sample:		155.9 time, 160.9 real, 91.2 MB
[runlim] sample:		165.9 time, 170.9 real, 92.5 MB
[runlim] sample:		175.9 time, 180.9 real, 94.1 MB
[runlim] sample:		185.9 time, 190.9 real, 95.1 MB
[runlim] sample:		195.9 time, 200.9 real, 97.2 MB
[runlim] sample:		205.9 time, 210.9 real, 97.9 MB
[runlim] sample:		215.9 time, 220.9 real, 99.0 MB
[runlim] sample:		225.9 time, 230.9 real, 100.3 MB
[runlim] sample:		235.9 time, 240.9 real, 101.6 MB
[runlim] sample:		245.9 time, 250.9 real, 102.6 MB
[runlim] sample:		255.9 time, 260.9 real, 103.9 MB
[runlim] sample:		265.9 time, 270.9 real, 104.7 MB
[runlim] sample:		275.9 time, 280.9 real, 105.7 MB
[runlim] sample:		285.9 time, 290.9 real, 107.0 MB
[runlim] sample:		295.9 time, 300.9 real, 107.5 MB
CVC4 interrupted by SIGTERM.
[runlim] end:			Tue Jan 29 17:04:24 2019
[runlim] status:		out of time
[runlim] result:		2
[runlim] children:		0
[runlim] real:			305.15 seconds
[runlim] time:			300.08 seconds
[runlim] space:			108.3 MB
[runlim] samples:		3042
