[runlim] version:		1.10fixed
[runlim] time limit:		300 seconds
[runlim] real time limit:	311040000 seconds
[runlim] space limit:		4000 MB
[runlim] argv[0]:		./cvc4
[runlim] argv[1]:		--nl-ext-tplanes
[runlim] argv[2]:		--full-saturate-quant
[runlim] argv[3]:		--no-e-matching
[runlim] argv[4]:		/tmp/cFcEwULc.smt2
[runlim] start:			Tue Jan 29 17:01:35 2019
[runlim] main pid:		4594
[runlim] sample:		8.0 time, 10.4 real, 40.4 MB
[runlim] sample:		16.1 time, 20.4 real, 52.7 MB
[runlim] sample:		24.5 time, 30.4 real, 62.0 MB
[runlim] sample:		34.5 time, 40.4 real, 70.5 MB
[runlim] sample:		44.5 time, 50.4 real, 77.2 MB
[runlim] sample:		54.5 time, 60.4 real, 82.1 MB
[runlim] sample:		63.9 time, 70.4 real, 86.5 MB
[runlim] sample:		72.5 time, 80.4 real, 92.2 MB
[runlim] sample:		81.3 time, 90.4 real, 98.1 MB
[runlim] sample:		90.0 time, 100.4 real, 100.4 MB
[runlim] sample:		98.7 time, 110.4 real, 104.8 MB
[runlim] sample:		107.3 time, 120.4 real, 107.4 MB
[runlim] sample:		117.1 time, 130.4 real, 111.5 MB
[runlim] sample:		127.1 time, 140.4 real, 115.1 MB
[runlim] sample:		136.8 time, 150.4 real, 117.4 MB
[runlim] sample:		146.4 time, 160.4 real, 124.1 MB
[runlim] sample:		156.1 time, 170.4 real, 124.6 MB
[runlim] sample:		163.7 time, 180.4 real, 126.4 MB
[runlim] sample:		171.1 time, 190.4 real, 128.5 MB
[runlim] sample:		179.2 time, 200.4 real, 131.1 MB
[runlim] sample:		189.2 time, 210.4 real, 133.6 MB
[runlim] sample:		199.2 time, 220.4 real, 136.2 MB
[runlim] sample:		209.0 time, 230.4 real, 138.8 MB
[runlim] sample:		219.0 time, 240.4 real, 143.7 MB
[runlim] sample:		229.0 time, 250.4 real, 145.0 MB
[runlim] sample:		237.7 time, 260.4 real, 146.5 MB
[runlim] sample:		246.7 time, 270.4 real, 148.6 MB
[runlim] sample:		256.7 time, 280.4 real, 150.1 MB
[runlim] sample:		266.7 time, 290.4 real, 158.9 MB
[runlim] sample:		276.7 time, 300.4 real, 159.7 MB
[runlim] sample:		286.7 time, 310.4 real, 161.2 MB
[runlim] end:			Tue Jan 29 17:06:53 2019
[runlim] status:		signal(9)
[runlim] result:		11
[runlim] children:		0
[runlim] real:			318.37 seconds
[runlim] time:			294.58 seconds
[runlim] space:			162.5 MB
[runlim] samples:		3179
