[runlim] version:		1.10fixed
[runlim] time limit:		300 seconds
[runlim] real time limit:	311040000 seconds
[runlim] space limit:		4000 MB
[runlim] argv[0]:		./cvc4
[runlim] argv[1]:		--nl-ext-tplanes
[runlim] argv[2]:		--full-saturate-quant
[runlim] argv[3]:		--no-e-matching
[runlim] argv[4]:		/tmp/bF6G77sQ.smt2
[runlim] start:			Tue Feb  5 10:24:17 2019
[runlim] main pid:		31448
[runlim] sample:		9.5 time, 10.6 real, 41.8 MB
[runlim] sample:		19.3 time, 20.6 real, 49.7 MB
[runlim] sample:		29.3 time, 30.6 real, 55.3 MB
[runlim] sample:		39.3 time, 40.6 real, 59.4 MB
[runlim] sample:		48.3 time, 50.6 real, 63.8 MB
[runlim] sample:		57.1 time, 60.6 real, 66.6 MB
[runlim] sample:		65.7 time, 70.6 real, 68.9 MB
[runlim] sample:		74.4 time, 80.6 real, 71.5 MB
[runlim] sample:		83.0 time, 90.6 real, 73.3 MB
[runlim] sample:		92.2 time, 100.6 real, 75.1 MB
[runlim] sample:		101.5 time, 110.6 real, 77.2 MB
[runlim] sample:		111.0 time, 120.6 real, 78.7 MB
[runlim] sample:		120.6 time, 130.6 real, 80.5 MB
[runlim] sample:		130.6 time, 140.6 real, 83.9 MB
[runlim] sample:		140.6 time, 150.6 real, 85.1 MB
[runlim] sample:		149.2 time, 160.6 real, 86.7 MB
[runlim] sample:		157.6 time, 170.6 real, 88.0 MB
[runlim] sample:		166.3 time, 180.6 real, 89.0 MB
[runlim] sample:		175.7 time, 190.6 real, 90.5 MB
[runlim] sample:		185.1 time, 200.6 real, 91.6 MB
[runlim] sample:		195.1 time, 210.6 real, 92.9 MB
[runlim] sample:		204.3 time, 220.6 real, 96.3 MB
[runlim] sample:		213.1 time, 230.6 real, 97.3 MB
[runlim] sample:		222.3 time, 240.6 real, 98.4 MB
[runlim] sample:		231.8 time, 250.6 real, 99.4 MB
[runlim] sample:		240.5 time, 260.6 real, 100.7 MB
[runlim] sample:		250.1 time, 270.6 real, 101.5 MB
[runlim] sample:		260.1 time, 280.6 real, 102.2 MB
[runlim] sample:		270.1 time, 290.6 real, 103.3 MB
[runlim] sample:		280.1 time, 300.6 real, 104.0 MB
[runlim] sample:		290.1 time, 310.6 real, 105.6 MB
CVC4 interrupted by SIGTERM.
[runlim] end:			Tue Feb  5 10:29:37 2019
[runlim] status:		out of time
[runlim] result:		2
[runlim] children:		0
[runlim] real:			320.48 seconds
[runlim] time:			300.02 seconds
[runlim] space:			106.9 MB
[runlim] samples:		3199
