[runlim] version:		1.10fixed
[runlim] time limit:		300 seconds
[runlim] real time limit:	311040000 seconds
[runlim] space limit:		4000 MB
[runlim] argv[0]:		./cvc4
[runlim] argv[1]:		--nl-ext-tplanes
[runlim] argv[2]:		--full-saturate-quant
[runlim] argv[3]:		--no-e-matching
[runlim] argv[4]:		/tmp/OZ9MGJek.smt2
[runlim] start:			Tue Feb  5 10:28:54 2019
[runlim] main pid:		9279
/tmp/OZ9MGJek.smt2:4.12: No set-logic command was given before this point.
/tmp/OZ9MGJek.smt2:4.12: CVC4 will make all theories available.
/tmp/OZ9MGJek.smt2:4.12: Consider setting a stricter logic for (likely) better performance.
/tmp/OZ9MGJek.smt2:4.12: To suppress this warning in the future use (set-logic ALL).
[runlim] sample:		7.3 time, 10.7 real, 29.1 MB
[runlim] sample:		17.3 time, 20.7 real, 30.9 MB
[runlim] sample:		27.3 time, 30.7 real, 32.7 MB
[runlim] sample:		37.3 time, 40.7 real, 34.5 MB
[runlim] sample:		47.3 time, 50.7 real, 36.0 MB
[runlim] sample:		57.3 time, 60.7 real, 38.1 MB
[runlim] sample:		66.8 time, 70.7 real, 39.4 MB
[runlim] sample:		75.9 time, 80.7 real, 41.2 MB
[runlim] sample:		83.9 time, 90.7 real, 42.0 MB
[runlim] sample:		92.2 time, 100.7 real, 43.8 MB
[runlim] sample:		100.5 time, 110.7 real, 45.7 MB
[runlim] sample:		109.1 time, 120.7 real, 46.8 MB
[runlim] sample:		118.8 time, 130.7 real, 48.6 MB
[runlim] sample:		128.4 time, 140.7 real, 49.9 MB
[runlim] sample:		138.1 time, 150.7 real, 51.4 MB
[runlim] sample:		147.7 time, 160.7 real, 52.7 MB
[runlim] sample:		157.1 time, 170.7 real, 54.0 MB
[runlim] sample:		165.5 time, 180.7 real, 55.5 MB
[runlim] sample:		174.8 time, 190.7 real, 56.6 MB
[runlim] sample:		184.7 time, 200.7 real, 58.1 MB
[runlim] sample:		194.7 time, 210.7 real, 59.6 MB
[runlim] sample:		204.7 time, 220.7 real, 60.7 MB
[runlim] sample:		214.7 time, 230.7 real, 62.2 MB
[runlim] sample:		224.7 time, 240.7 real, 64.0 MB
[runlim] sample:		234.7 time, 250.7 real, 65.8 MB
[runlim] sample:		244.7 time, 260.7 real, 67.4 MB
[runlim] sample:		253.9 time, 270.7 real, 68.2 MB
[runlim] sample:		262.0 time, 280.7 real, 69.5 MB
[runlim] sample:		271.4 time, 290.7 real, 70.8 MB
[runlim] sample:		281.4 time, 300.7 real, 72.1 MB
[runlim] sample:		291.4 time, 310.7 real, 73.1 MB
[runlim] end:			Tue Feb  5 10:34:05 2019
[runlim] status:		signal(9)
[runlim] result:		11
[runlim] children:		0
[runlim] real:			311.41 seconds
[runlim] time:			291.97 seconds
[runlim] space:			73.1 MB
[runlim] samples:		3106
