[runlim] version:		1.10fixed
[runlim] time limit:		300 seconds
[runlim] real time limit:	311040000 seconds
[runlim] space limit:		4000 MB
[runlim] argv[0]:		./cvc4
[runlim] argv[1]:		--nl-ext-tplanes
[runlim] argv[2]:		--full-saturate-quant
[runlim] argv[3]:		--no-e-matching
[runlim] argv[4]:		/tmp/NFSh7pdz.smt2
[runlim] start:			Tue Feb  5 10:28:42 2019
[runlim] main pid:		22812
/tmp/NFSh7pdz.smt2:4.12: No set-logic command was given before this point.
/tmp/NFSh7pdz.smt2:4.12: CVC4 will make all theories available.
/tmp/NFSh7pdz.smt2:4.12: Consider setting a stricter logic for (likely) better performance.
/tmp/NFSh7pdz.smt2:4.12: To suppress this warning in the future use (set-logic ALL).
[runlim] sample:		8.9 time, 10.9 real, 45.0 MB
[runlim] sample:		18.7 time, 20.9 real, 57.1 MB
[runlim] sample:		28.7 time, 30.9 real, 67.6 MB
[runlim] sample:		38.7 time, 40.9 real, 74.8 MB
[runlim] sample:		48.7 time, 50.9 real, 77.9 MB
[runlim] sample:		58.7 time, 60.9 real, 84.9 MB
[runlim] sample:		68.7 time, 70.9 real, 87.3 MB
[runlim] sample:		78.6 time, 80.9 real, 92.2 MB
[runlim] sample:		87.8 time, 90.9 real, 96.8 MB
[runlim] sample:		96.0 time, 100.9 real, 99.1 MB
[runlim] sample:		104.3 time, 110.9 real, 101.9 MB
[runlim] sample:		112.5 time, 120.9 real, 107.7 MB
[runlim] sample:		121.5 time, 130.9 real, 110.3 MB
[runlim] sample:		129.8 time, 140.9 real, 113.1 MB
[runlim] sample:		138.1 time, 150.9 real, 118.0 MB
[runlim] sample:		147.2 time, 160.9 real, 122.1 MB
[runlim] sample:		156.0 time, 170.9 real, 124.9 MB
[runlim] sample:		165.4 time, 180.9 real, 126.9 MB
[runlim] sample:		175.3 time, 190.9 real, 129.0 MB
[runlim] sample:		184.0 time, 200.9 real, 132.1 MB
[runlim] sample:		192.9 time, 210.9 real, 133.8 MB
[runlim] sample:		202.9 time, 220.9 real, 135.9 MB
[runlim] sample:		212.9 time, 230.9 real, 142.8 MB
[runlim] sample:		222.9 time, 240.9 real, 147.7 MB
[runlim] sample:		232.9 time, 250.9 real, 150.8 MB
[runlim] sample:		242.9 time, 260.9 real, 153.6 MB
[runlim] sample:		252.2 time, 270.9 real, 156.5 MB
[runlim] sample:		261.5 time, 280.9 real, 159.0 MB
[runlim] sample:		269.8 time, 290.9 real, 161.1 MB
[runlim] sample:		279.3 time, 300.9 real, 162.9 MB
[runlim] sample:		286.6 time, 310.9 real, 164.2 MB
[runlim] sample:		296.0 time, 320.9 real, 166.5 MB
[runlim] end:			Tue Feb  5 10:34:04 2019
[runlim] status:		signal(9)
[runlim] result:		11
[runlim] children:		0
[runlim] real:			322.76 seconds
[runlim] time:			297.81 seconds
[runlim] space:			166.5 MB
[runlim] samples:		3218
