[runlim] version:		1.10fixed
[runlim] time limit:		300 seconds
[runlim] real time limit:	311040000 seconds
[runlim] space limit:		4000 MB
[runlim] argv[0]:		./cvc4
[runlim] argv[1]:		--nl-ext-tplanes
[runlim] argv[2]:		--full-saturate-quant
[runlim] argv[3]:		--no-e-matching
[runlim] argv[4]:		/tmp/11Z9wTv9.smt2
[runlim] start:			Tue Feb  5 10:28:30 2019
[runlim] main pid:		10285
[runlim] sample:		7.6 time, 10.2 real, 45.2 MB
[runlim] sample:		17.0 time, 20.2 real, 55.8 MB
[runlim] sample:		27.0 time, 30.2 real, 64.1 MB
[runlim] sample:		37.0 time, 40.2 real, 72.0 MB
[runlim] sample:		47.0 time, 50.2 real, 87.4 MB
[runlim] sample:		57.0 time, 60.2 real, 89.0 MB
[runlim] sample:		66.7 time, 70.2 real, 91.6 MB
[runlim] sample:		76.4 time, 80.2 real, 93.4 MB
[runlim] sample:		85.8 time, 90.2 real, 94.8 MB
[runlim] sample:		95.2 time, 100.2 real, 98.7 MB
[runlim] sample:		104.9 time, 110.2 real, 105.3 MB
[runlim] sample:		114.6 time, 120.2 real, 108.9 MB
[runlim] sample:		124.1 time, 130.2 real, 113.0 MB
[runlim] sample:		133.5 time, 140.2 real, 116.6 MB
[runlim] sample:		142.6 time, 150.2 real, 120.5 MB
[runlim] sample:		151.9 time, 160.2 real, 123.0 MB
[runlim] sample:		160.9 time, 170.2 real, 127.5 MB
[runlim] sample:		170.0 time, 180.2 real, 130.2 MB
[runlim] sample:		179.3 time, 190.2 real, 134.6 MB
[runlim] sample:		188.8 time, 200.2 real, 138.0 MB
[runlim] sample:		198.2 time, 210.2 real, 139.8 MB
[runlim] sample:		207.3 time, 220.2 real, 142.9 MB
[runlim] sample:		216.4 time, 230.2 real, 146.2 MB
[runlim] sample:		225.7 time, 240.2 real, 147.5 MB
[runlim] sample:		234.7 time, 250.2 real, 150.6 MB
[runlim] sample:		244.4 time, 260.2 real, 152.4 MB
[runlim] sample:		254.1 time, 270.2 real, 155.0 MB
[runlim] sample:		263.6 time, 280.2 real, 158.3 MB
[runlim] sample:		272.8 time, 290.2 real, 160.6 MB
[runlim] sample:		282.4 time, 300.2 real, 161.9 MB
[runlim] sample:		292.1 time, 310.2 real, 164.0 MB
CVC4 interrupted by SIGTERM.
[runlim] end:			Tue Feb  5 10:33:48 2019
[runlim] status:		out of time
[runlim] result:		2
[runlim] children:		0
[runlim] real:			318.47 seconds
[runlim] time:			300.05 seconds
[runlim] space:			166.6 MB
[runlim] samples:		3182
