[runlim] version:		1.10fixed
[runlim] time limit:		300 seconds
[runlim] real time limit:	311040000 seconds
[runlim] space limit:		4000 MB
[runlim] argv[0]:		./cvc4
[runlim] argv[1]:		--nl-ext-tplanes
[runlim] argv[2]:		--full-saturate-quant
[runlim] argv[3]:		--no-e-matching
[runlim] argv[4]:		/tmp/kUwAuBKs.smt2
[runlim] start:			Tue Feb  5 10:28:37 2019
[runlim] main pid:		7468
[runlim] sample:		9.4 time, 10.9 real, 45.7 MB
[runlim] sample:		19.3 time, 20.9 real, 57.0 MB
[runlim] sample:		29.3 time, 30.9 real, 64.8 MB
[runlim] sample:		39.3 time, 40.9 real, 70.7 MB
[runlim] sample:		49.3 time, 50.9 real, 76.6 MB
[runlim] sample:		59.3 time, 60.9 real, 82.0 MB
[runlim] sample:		69.3 time, 70.9 real, 86.9 MB
[runlim] sample:		79.3 time, 80.9 real, 93.0 MB
[runlim] sample:		88.9 time, 90.9 real, 97.4 MB
[runlim] sample:		98.9 time, 100.9 real, 101.3 MB
[runlim] sample:		108.9 time, 110.9 real, 104.6 MB
[runlim] sample:		118.9 time, 120.9 real, 108.0 MB
[runlim] sample:		128.9 time, 130.9 real, 112.1 MB
[runlim] sample:		138.9 time, 140.9 real, 116.2 MB
[runlim] sample:		148.9 time, 150.9 real, 119.2 MB
[runlim] sample:		158.9 time, 160.9 real, 122.8 MB
[runlim] sample:		168.9 time, 170.9 real, 125.4 MB
[runlim] sample:		178.9 time, 180.9 real, 127.2 MB
[runlim] sample:		188.9 time, 190.9 real, 130.3 MB
[runlim] sample:		198.9 time, 200.9 real, 132.1 MB
[runlim] sample:		208.9 time, 210.9 real, 134.9 MB
[runlim] sample:		218.9 time, 220.9 real, 137.2 MB
[runlim] sample:		228.9 time, 230.9 real, 140.9 MB
[runlim] sample:		238.9 time, 240.9 real, 142.9 MB
[runlim] sample:		248.9 time, 250.9 real, 146.6 MB
[runlim] sample:		258.9 time, 260.9 real, 149.8 MB
[runlim] sample:		268.9 time, 270.9 real, 151.0 MB
[runlim] sample:		278.9 time, 280.9 real, 154.7 MB
[runlim] sample:		288.9 time, 290.9 real, 157.0 MB
[runlim] sample:		298.9 time, 300.9 real, 159.0 MB
CVC4 interrupted by SIGTERM.
[runlim] end:			Tue Feb  5 10:33:39 2019
[runlim] status:		out of time
[runlim] result:		2
[runlim] children:		0
[runlim] real:			302.16 seconds
[runlim] time:			300.08 seconds
[runlim] space:			159.0 MB
[runlim] samples:		3012
