[runlim] version:		1.10fixed
[runlim] time limit:		300 seconds
[runlim] real time limit:	311040000 seconds
[runlim] space limit:		4000 MB
[runlim] argv[0]:		./cvc4
[runlim] argv[1]:		--nl-ext-tplanes
[runlim] argv[2]:		--full-saturate-quant
[runlim] argv[3]:		--no-e-matching
[runlim] argv[4]:		/tmp/GRzgBLsC.smt2
[runlim] start:			Tue Feb  5 10:24:23 2019
[runlim] main pid:		28497
[runlim] sample:		7.3 time, 10.7 real, 39.0 MB
[runlim] sample:		16.8 time, 20.7 real, 47.2 MB
[runlim] sample:		26.8 time, 30.7 real, 52.1 MB
[runlim] sample:		34.4 time, 40.7 real, 55.1 MB
[runlim] sample:		41.7 time, 50.7 real, 58.2 MB
[runlim] sample:		49.6 time, 60.7 real, 60.8 MB
[runlim] sample:		59.6 time, 70.7 real, 64.7 MB
[runlim] sample:		68.3 time, 80.7 real, 67.0 MB
[runlim] sample:		77.0 time, 90.7 real, 69.0 MB
[runlim] sample:		87.0 time, 100.7 real, 71.6 MB
[runlim] sample:		97.0 time, 110.7 real, 73.4 MB
[runlim] sample:		107.0 time, 120.7 real, 75.5 MB
[runlim] sample:		117.0 time, 130.7 real, 77.5 MB
[runlim] sample:		125.4 time, 140.7 real, 78.8 MB
[runlim] sample:		134.5 time, 150.7 real, 80.6 MB
[runlim] sample:		143.9 time, 160.7 real, 82.4 MB
[runlim] sample:		153.9 time, 170.7 real, 84.2 MB
[runlim] sample:		163.9 time, 180.7 real, 86.2 MB
[runlim] sample:		173.9 time, 190.7 real, 87.7 MB
[runlim] sample:		183.9 time, 200.7 real, 88.7 MB
[runlim] sample:		191.8 time, 210.7 real, 90.0 MB
[runlim] sample:		201.9 time, 220.7 real, 91.1 MB
[runlim] sample:		211.8 time, 230.7 real, 92.1 MB
[runlim] sample:		221.8 time, 240.7 real, 93.6 MB
[runlim] sample:		231.8 time, 250.7 real, 94.7 MB
[runlim] sample:		241.7 time, 260.7 real, 97.6 MB
[runlim] sample:		251.7 time, 270.7 real, 98.9 MB
[runlim] sample:		261.6 time, 280.7 real, 99.9 MB
[runlim] sample:		271.0 time, 290.7 real, 100.7 MB
[runlim] sample:		280.6 time, 300.7 real, 101.7 MB
[runlim] sample:		289.3 time, 310.7 real, 102.8 MB
[runlim] end:			Tue Feb  5 10:29:40 2019
[runlim] status:		signal(9)
[runlim] result:		11
[runlim] children:		0
[runlim] real:			317.97 seconds
[runlim] time:			295.39 seconds
[runlim] space:			103.3 MB
[runlim] samples:		3172
