[runlim] version:		1.10fixed
[runlim] time limit:		300 seconds
[runlim] real time limit:	311040000 seconds
[runlim] space limit:		4000 MB
[runlim] argv[0]:		./cvc4
[runlim] argv[1]:		--nl-ext-tplanes
[runlim] argv[2]:		--full-saturate-quant
[runlim] argv[3]:		--no-e-matching
[runlim] argv[4]:		/tmp/ASSHm6eh.smt2
[runlim] start:			Tue Jan 29 17:00:38 2019
[runlim] main pid:		30753
[runlim] sample:		8.7 time, 10.1 real, 46.6 MB
[runlim] sample:		18.7 time, 20.1 real, 59.2 MB
[runlim] sample:		28.7 time, 30.1 real, 73.8 MB
[runlim] sample:		38.7 time, 40.1 real, 74.3 MB
[runlim] sample:		48.7 time, 50.1 real, 91.0 MB
[runlim] sample:		58.5 time, 60.1 real, 91.5 MB
[runlim] sample:		68.5 time, 70.1 real, 94.6 MB
[runlim] sample:		78.5 time, 80.1 real, 99.0 MB
[runlim] sample:		88.5 time, 90.1 real, 110.3 MB
[runlim] sample:		98.2 time, 100.1 real, 112.8 MB
[runlim] sample:		107.2 time, 110.1 real, 116.2 MB
[runlim] sample:		117.1 time, 120.1 real, 119.5 MB
[runlim] sample:		126.3 time, 130.1 real, 121.1 MB
[runlim] sample:		134.8 time, 140.1 real, 123.7 MB
[runlim] sample:		144.0 time, 150.1 real, 125.7 MB
[runlim] sample:		153.9 time, 160.1 real, 130.1 MB
[runlim] sample:		163.0 time, 170.1 real, 133.2 MB
[runlim] sample:		172.3 time, 180.1 real, 134.0 MB
[runlim] sample:		181.4 time, 190.1 real, 136.5 MB
[runlim] sample:		190.8 time, 200.1 real, 176.0 MB
[runlim] sample:		200.5 time, 210.1 real, 205.6 MB
[runlim] sample:		210.1 time, 220.1 real, 205.8 MB
[runlim] sample:		219.2 time, 230.1 real, 205.8 MB
[runlim] sample:		228.8 time, 240.1 real, 204.3 MB
[runlim] sample:		238.6 time, 250.1 real, 204.5 MB
[runlim] sample:		247.2 time, 260.1 real, 204.5 MB
[runlim] sample:		257.2 time, 270.1 real, 204.8 MB
[runlim] sample:		266.0 time, 280.1 real, 205.0 MB
[runlim] sample:		275.2 time, 290.1 real, 205.0 MB
[runlim] sample:		284.6 time, 300.1 real, 205.0 MB
[runlim] sample:		294.6 time, 310.1 real, 205.3 MB
[runlim] end:			Tue Jan 29 17:05:52 2019
[runlim] status:		signal(9)
[runlim] result:		11
[runlim] children:		0
[runlim] real:			314.22 seconds
[runlim] time:			298.67 seconds
[runlim] space:			206.1 MB
[runlim] samples:		3141
