[runlim] version:		1.10fixed
[runlim] time limit:		300 seconds
[runlim] real time limit:	311040000 seconds
[runlim] space limit:		4000 MB
[runlim] argv[0]:		./cvc4
[runlim] argv[1]:		--nl-ext-tplanes
[runlim] argv[2]:		--full-saturate-quant
[runlim] argv[3]:		--no-e-matching
[runlim] argv[4]:		/tmp/4LGQy0Tk.smt2
[runlim] start:			Tue Feb  5 13:22:02 2019
[runlim] main pid:		13760
[runlim] sample:		9.4 time, 10.3 real, 51.0 MB
[runlim] sample:		19.4 time, 20.3 real, 61.1 MB
[runlim] sample:		29.2 time, 30.3 real, 70.6 MB
[runlim] sample:		39.2 time, 40.3 real, 77.7 MB
[runlim] sample:		49.2 time, 50.3 real, 85.1 MB
[runlim] sample:		59.2 time, 60.3 real, 87.5 MB
[runlim] sample:		69.2 time, 70.3 real, 93.4 MB
[runlim] sample:		79.2 time, 80.3 real, 97.5 MB
[runlim] sample:		89.2 time, 90.3 real, 100.5 MB
[runlim] sample:		99.2 time, 100.3 real, 102.0 MB
[runlim] sample:		109.2 time, 110.3 real, 104.4 MB
[runlim] sample:		119.2 time, 120.3 real, 106.4 MB
[runlim] sample:		129.2 time, 130.3 real, 110.0 MB
[runlim] sample:		139.2 time, 140.3 real, 112.6 MB
[runlim] sample:		149.2 time, 150.3 real, 114.7 MB
[runlim] sample:		159.2 time, 160.3 real, 121.4 MB
[runlim] sample:		168.6 time, 170.3 real, 121.4 MB
[runlim] sample:		178.6 time, 180.3 real, 125.5 MB
[runlim] sample:		188.6 time, 190.3 real, 127.5 MB
[runlim] sample:		198.6 time, 200.3 real, 129.0 MB
[runlim] sample:		207.9 time, 210.3 real, 129.2 MB
[runlim] sample:		217.9 time, 220.3 real, 130.2 MB
[runlim] sample:		227.9 time, 230.3 real, 131.9 MB
[runlim] sample:		237.9 time, 240.3 real, 139.6 MB
[runlim] sample:		247.9 time, 250.3 real, 140.9 MB
[runlim] sample:		257.9 time, 260.3 real, 140.9 MB
[runlim] sample:		267.9 time, 270.3 real, 141.2 MB
[runlim] sample:		277.9 time, 280.3 real, 141.7 MB
[runlim] sample:		287.9 time, 290.3 real, 141.7 MB
[runlim] sample:		297.9 time, 300.3 real, 143.5 MB
CVC4 interrupted by SIGTERM.
[runlim] end:			Tue Feb  5 13:27:04 2019
[runlim] status:		out of time
[runlim] result:		2
[runlim] children:		0
[runlim] real:			302.38 seconds
[runlim] time:			300.04 seconds
[runlim] space:			143.8 MB
[runlim] samples:		3021
