[runlim] version:		1.10fixed
[runlim] time limit:		300 seconds
[runlim] real time limit:	311040000 seconds
[runlim] space limit:		4000 MB
[runlim] argv[0]:		./cvc4
[runlim] argv[1]:		--nl-ext-tplanes
[runlim] argv[2]:		--full-saturate-quant
[runlim] argv[3]:		--no-e-matching
[runlim] argv[4]:		/tmp/ag0lNLZr.smt2
[runlim] start:			Tue Feb  5 10:24:19 2019
[runlim] main pid:		18280
[runlim] sample:		8.6 time, 10.4 real, 43.2 MB
[runlim] sample:		16.9 time, 20.4 real, 49.4 MB
[runlim] sample:		26.9 time, 30.4 real, 55.5 MB
[runlim] sample:		36.9 time, 40.4 real, 60.4 MB
[runlim] sample:		44.9 time, 50.4 real, 63.4 MB
[runlim] sample:		53.3 time, 60.4 real, 66.3 MB
[runlim] sample:		63.2 time, 70.4 real, 69.1 MB
[runlim] sample:		73.2 time, 80.4 real, 71.7 MB
[runlim] sample:		82.9 time, 90.4 real, 74.0 MB
[runlim] sample:		92.0 time, 100.4 real, 76.1 MB
[runlim] sample:		100.9 time, 110.4 real, 78.8 MB
[runlim] sample:		110.9 time, 120.4 real, 81.6 MB
[runlim] sample:		120.9 time, 130.4 real, 83.7 MB
[runlim] sample:		130.9 time, 140.4 real, 85.7 MB
[runlim] sample:		140.6 time, 150.4 real, 86.8 MB
[runlim] sample:		149.1 time, 160.4 real, 90.4 MB
[runlim] sample:		158.2 time, 170.4 real, 91.2 MB
[runlim] sample:		166.6 time, 180.4 real, 93.0 MB
[runlim] sample:		175.2 time, 190.4 real, 94.0 MB
[runlim] sample:		184.5 time, 200.4 real, 94.8 MB
[runlim] sample:		192.5 time, 210.4 real, 95.8 MB
[runlim] sample:		201.1 time, 220.4 real, 97.9 MB
[runlim] sample:		210.4 time, 230.4 real, 98.4 MB
[runlim] sample:		220.4 time, 240.4 real, 99.5 MB
[runlim] sample:		230.4 time, 250.4 real, 100.5 MB
[runlim] sample:		240.4 time, 260.4 real, 101.8 MB
[runlim] sample:		250.4 time, 270.4 real, 102.8 MB
[runlim] sample:		260.4 time, 280.4 real, 104.3 MB
[runlim] sample:		270.4 time, 290.4 real, 105.1 MB
[runlim] sample:		280.4 time, 300.4 real, 105.9 MB
[runlim] sample:		290.4 time, 310.4 real, 106.9 MB
CVC4 interrupted by SIGTERM.
[runlim] end:			Tue Feb  5 10:29:39 2019
[runlim] status:		out of time
[runlim] result:		2
[runlim] children:		0
[runlim] real:			320.14 seconds
[runlim] time:			300.06 seconds
[runlim] space:			108.0 MB
[runlim] samples:		3197
