[runlim] version:		1.10fixed
[runlim] time limit:		300 seconds
[runlim] real time limit:	311040000 seconds
[runlim] space limit:		4000 MB
[runlim] argv[0]:		./cvc4
[runlim] argv[1]:		--nl-ext-tplanes
[runlim] argv[2]:		--full-saturate-quant
[runlim] argv[3]:		--no-e-matching
[runlim] argv[4]:		/tmp/Bngg6ACU.smt2
[runlim] start:			Tue Feb  5 10:28:43 2019
[runlim] main pid:		26513
/tmp/Bngg6ACU.smt2:4.12: No set-logic command was given before this point.
/tmp/Bngg6ACU.smt2:4.12: CVC4 will make all theories available.
/tmp/Bngg6ACU.smt2:4.12: Consider setting a stricter logic for (likely) better performance.
/tmp/Bngg6ACU.smt2:4.12: To suppress this warning in the future use (set-logic ALL).
[runlim] sample:		9.5 time, 10.2 real, 44.2 MB
[runlim] sample:		19.4 time, 20.2 real, 53.3 MB
[runlim] sample:		29.4 time, 30.2 real, 61.3 MB
[runlim] sample:		39.4 time, 40.2 real, 68.4 MB
[runlim] sample:		49.4 time, 50.2 real, 75.8 MB
[runlim] sample:		59.4 time, 60.2 real, 81.9 MB
[runlim] sample:		69.4 time, 70.2 real, 83.2 MB
[runlim] sample:		79.0 time, 80.2 real, 87.5 MB
[runlim] sample:		88.5 time, 90.2 real, 87.8 MB
[runlim] sample:		98.2 time, 100.2 real, 91.6 MB
[runlim] sample:		107.8 time, 110.2 real, 95.5 MB
[runlim] sample:		117.1 time, 120.2 real, 97.8 MB
[runlim] sample:		126.8 time, 130.2 real, 102.9 MB
[runlim] sample:		136.8 time, 140.2 real, 104.4 MB
[runlim] sample:		146.8 time, 150.2 real, 107.2 MB
[runlim] sample:		156.8 time, 160.2 real, 109.7 MB
[runlim] sample:		166.8 time, 170.2 real, 110.0 MB
[runlim] sample:		176.8 time, 180.2 real, 112.5 MB
[runlim] sample:		186.8 time, 190.2 real, 117.2 MB
[runlim] sample:		196.8 time, 200.2 real, 118.7 MB
[runlim] sample:		206.8 time, 210.2 real, 119.5 MB
[runlim] sample:		216.6 time, 220.2 real, 120.0 MB
[runlim] sample:		225.6 time, 230.2 real, 120.5 MB
[runlim] sample:		234.5 time, 240.2 real, 121.7 MB
[runlim] sample:		243.7 time, 250.2 real, 126.2 MB
[runlim] sample:		253.7 time, 260.2 real, 129.8 MB
[runlim] sample:		263.6 time, 270.2 real, 132.6 MB
[runlim] sample:		273.6 time, 280.2 real, 134.2 MB
[runlim] sample:		283.6 time, 290.2 real, 136.0 MB
[runlim] sample:		293.6 time, 300.2 real, 147.1 MB
CVC4 interrupted by SIGTERM.
[runlim] end:			Tue Feb  5 10:33:49 2019
[runlim] status:		out of time
[runlim] result:		2
[runlim] children:		0
[runlim] real:			306.67 seconds
[runlim] time:			300.05 seconds
[runlim] space:			148.1 MB
[runlim] samples:		3064
