[runlim] version:		1.10fixed
[runlim] time limit:		300 seconds
[runlim] real time limit:	311040000 seconds
[runlim] space limit:		4000 MB
[runlim] argv[0]:		./cvc4
[runlim] argv[1]:		--nl-ext-tplanes
[runlim] argv[2]:		--full-saturate-quant
[runlim] argv[3]:		--no-e-matching
[runlim] argv[4]:		/tmp/ndVM6ThE.smt2
[runlim] start:			Tue Feb  5 10:23:47 2019
[runlim] main pid:		7054
[runlim] sample:		8.2 time, 10.3 real, 49.2 MB
[runlim] sample:		17.3 time, 20.3 real, 60.7 MB
[runlim] sample:		27.3 time, 30.3 real, 67.1 MB
[runlim] sample:		37.3 time, 40.3 real, 73.7 MB
[runlim] sample:		47.3 time, 50.3 real, 79.1 MB
[runlim] sample:		57.3 time, 60.3 real, 83.0 MB
[runlim] sample:		67.3 time, 70.3 real, 85.5 MB
[runlim] sample:		77.3 time, 80.3 real, 91.1 MB
[runlim] sample:		87.3 time, 90.3 real, 95.7 MB
[runlim] sample:		97.2 time, 100.3 real, 99.1 MB
[runlim] sample:		107.2 time, 110.3 real, 103.5 MB
[runlim] sample:		117.3 time, 120.3 real, 105.8 MB
[runlim] sample:		127.2 time, 130.3 real, 108.9 MB
[runlim] sample:		137.2 time, 140.3 real, 113.2 MB
[runlim] sample:		147.2 time, 150.3 real, 115.8 MB
[runlim] sample:		157.2 time, 160.3 real, 126.6 MB
[runlim] sample:		167.2 time, 170.3 real, 133.4 MB
[runlim] sample:		177.2 time, 180.3 real, 133.7 MB
[runlim] sample:		187.2 time, 190.3 real, 133.9 MB
[runlim] sample:		197.2 time, 200.3 real, 135.7 MB
[runlim] sample:		207.2 time, 210.3 real, 146.6 MB
[runlim] sample:		217.2 time, 220.3 real, 147.1 MB
[runlim] sample:		227.2 time, 230.3 real, 149.2 MB
[runlim] sample:		237.2 time, 240.3 real, 149.7 MB
[runlim] sample:		247.2 time, 250.3 real, 149.9 MB
[runlim] sample:		257.2 time, 260.3 real, 150.7 MB
[runlim] sample:		267.2 time, 270.3 real, 158.7 MB
[runlim] sample:		277.2 time, 280.3 real, 159.2 MB
[runlim] sample:		287.2 time, 290.3 real, 159.2 MB
[runlim] sample:		297.2 time, 300.3 real, 164.1 MB
CVC4 interrupted by SIGTERM.
[runlim] end:			Tue Feb  5 10:28:50 2019
[runlim] status:		out of time
[runlim] result:		2
[runlim] children:		0
[runlim] real:			303.09 seconds
[runlim] time:			300.03 seconds
[runlim] space:			164.1 MB
[runlim] samples:		3028
