[runlim] version:		1.10fixed
[runlim] time limit:		300 seconds
[runlim] real time limit:	311040000 seconds
[runlim] space limit:		4000 MB
[runlim] argv[0]:		./cvc4
[runlim] argv[1]:		--nl-ext-tplanes
[runlim] argv[2]:		--full-saturate-quant
[runlim] argv[3]:		--no-e-matching
[runlim] argv[4]:		/tmp/Ks0LSmRi.smt2
[runlim] start:			Tue Feb  5 10:28:49 2019
[runlim] main pid:		10506
/tmp/Ks0LSmRi.smt2:4.12: No set-logic command was given before this point.
/tmp/Ks0LSmRi.smt2:4.12: CVC4 will make all theories available.
/tmp/Ks0LSmRi.smt2:4.12: Consider setting a stricter logic for (likely) better performance.
/tmp/Ks0LSmRi.smt2:4.12: To suppress this warning in the future use (set-logic ALL).
[runlim] sample:		8.7 time, 10.6 real, 42.2 MB
[runlim] sample:		17.9 time, 20.6 real, 50.3 MB
[runlim] sample:		27.6 time, 30.6 real, 56.7 MB
[runlim] sample:		37.4 time, 40.6 real, 65.8 MB
[runlim] sample:		47.0 time, 50.6 real, 74.9 MB
[runlim] sample:		56.8 time, 60.6 real, 75.6 MB
[runlim] sample:		66.5 time, 70.6 real, 78.2 MB
[runlim] sample:		76.1 time, 80.6 real, 85.5 MB
[runlim] sample:		85.8 time, 90.6 real, 88.0 MB
[runlim] sample:		95.5 time, 100.6 real, 93.1 MB
[runlim] sample:		105.2 time, 110.6 real, 96.7 MB
[runlim] sample:		115.1 time, 120.6 real, 98.5 MB
[runlim] sample:		125.1 time, 130.6 real, 102.1 MB
[runlim] sample:		135.1 time, 140.6 real, 111.6 MB
[runlim] sample:		145.1 time, 150.6 real, 112.1 MB
[runlim] sample:		154.9 time, 160.6 real, 112.4 MB
[runlim] sample:		164.9 time, 170.6 real, 112.9 MB
[runlim] sample:		174.9 time, 180.6 real, 113.9 MB
[runlim] sample:		184.7 time, 190.6 real, 116.1 MB
[runlim] sample:		194.5 time, 200.6 real, 116.4 MB
[runlim] sample:		204.5 time, 210.6 real, 116.9 MB
[runlim] sample:		214.5 time, 220.6 real, 116.9 MB
[runlim] sample:		224.5 time, 230.6 real, 117.1 MB
[runlim] sample:		234.5 time, 240.6 real, 118.7 MB
[runlim] sample:		244.5 time, 250.6 real, 119.6 MB
[runlim] sample:		254.2 time, 260.6 real, 119.6 MB
[runlim] sample:		264.2 time, 270.6 real, 119.8 MB
[runlim] sample:		273.9 time, 280.6 real, 120.1 MB
[runlim] sample:		283.8 time, 290.6 real, 120.3 MB
[runlim] sample:		293.8 time, 300.6 real, 121.3 MB
CVC4 interrupted by SIGTERM.
[runlim] end:			Tue Feb  5 10:33:55 2019
[runlim] status:		out of time
[runlim] result:		2
[runlim] children:		0
[runlim] real:			306.97 seconds
[runlim] time:			300.02 seconds
[runlim] space:			127.0 MB
[runlim] samples:		3063
