[runlim] version:		1.10fixed
[runlim] time limit:		300 seconds
[runlim] real time limit:	311040000 seconds
[runlim] space limit:		4000 MB
[runlim] argv[0]:		./cvc4
[runlim] argv[1]:		--nl-ext-tplanes
[runlim] argv[2]:		--full-saturate-quant
[runlim] argv[3]:		--no-e-matching
[runlim] argv[4]:		/tmp/ukNWlB9v.smt2
[runlim] start:			Tue Feb  5 10:23:41 2019
[runlim] main pid:		1378
[runlim] sample:		9.8 time, 10.5 real, 51.4 MB
[runlim] sample:		19.8 time, 20.5 real, 62.1 MB
[runlim] sample:		29.8 time, 30.5 real, 69.0 MB
[runlim] sample:		39.8 time, 40.5 real, 75.8 MB
[runlim] sample:		49.7 time, 50.5 real, 79.7 MB
[runlim] sample:		59.7 time, 60.5 real, 83.8 MB
[runlim] sample:		69.7 time, 70.5 real, 86.3 MB
[runlim] sample:		79.7 time, 80.5 real, 92.0 MB
[runlim] sample:		89.7 time, 90.5 real, 95.9 MB
[runlim] sample:		99.7 time, 100.5 real, 101.0 MB
[runlim] sample:		109.7 time, 110.5 real, 104.1 MB
[runlim] sample:		119.7 time, 120.5 real, 106.7 MB
[runlim] sample:		129.7 time, 130.5 real, 109.5 MB
[runlim] sample:		139.7 time, 140.5 real, 113.6 MB
[runlim] sample:		149.7 time, 150.5 real, 117.2 MB
[runlim] sample:		159.7 time, 160.5 real, 119.8 MB
[runlim] sample:		169.7 time, 170.5 real, 125.7 MB
[runlim] sample:		179.7 time, 180.5 real, 130.6 MB
[runlim] sample:		189.7 time, 190.5 real, 132.2 MB
[runlim] sample:		199.7 time, 200.5 real, 134.0 MB
[runlim] sample:		209.7 time, 210.5 real, 136.0 MB
[runlim] sample:		219.7 time, 220.5 real, 139.2 MB
[runlim] sample:		229.7 time, 230.5 real, 140.7 MB
[runlim] sample:		239.7 time, 240.5 real, 142.8 MB
[runlim] sample:		249.7 time, 250.5 real, 162.6 MB
[runlim] sample:		259.7 time, 260.5 real, 163.2 MB
[runlim] sample:		269.7 time, 270.5 real, 163.7 MB
[runlim] sample:		279.7 time, 280.5 real, 164.2 MB
[runlim] sample:		289.7 time, 290.5 real, 164.2 MB
[runlim] sample:		299.7 time, 300.5 real, 165.2 MB
CVC4 interrupted by SIGTERM.
[runlim] end:			Tue Feb  5 10:28:41 2019
[runlim] status:		out of time
[runlim] result:		2
[runlim] children:		0
[runlim] real:			300.85 seconds
[runlim] time:			300.02 seconds
[runlim] space:			165.2 MB
[runlim] samples:		3003
