[runlim] version:		1.10fixed
[runlim] time limit:		300 seconds
[runlim] real time limit:	311040000 seconds
[runlim] space limit:		4000 MB
[runlim] argv[0]:		./cvc4
[runlim] argv[1]:		--nl-ext-tplanes
[runlim] argv[2]:		--full-saturate-quant
[runlim] argv[3]:		--no-e-matching
[runlim] argv[4]:		/tmp/LfnNXd3r.smt2
[runlim] start:			Tue Jan 29 16:59:49 2019
[runlim] main pid:		31751
[runlim] sample:		8.1 time, 10.8 real, 51.1 MB
[runlim] sample:		16.1 time, 20.8 real, 63.4 MB
[runlim] sample:		24.4 time, 30.8 real, 77.4 MB
[runlim] sample:		32.8 time, 40.8 real, 77.4 MB
[runlim] sample:		41.1 time, 50.8 real, 78.8 MB
[runlim] sample:		49.6 time, 60.8 real, 84.7 MB
[runlim] sample:		59.2 time, 70.8 real, 90.1 MB
[runlim] sample:		68.9 time, 80.8 real, 96.5 MB
[runlim] sample:		78.9 time, 90.8 real, 101.4 MB
[runlim] sample:		88.9 time, 100.8 real, 104.3 MB
[runlim] sample:		98.9 time, 110.8 real, 111.7 MB
[runlim] sample:		108.7 time, 120.8 real, 115.6 MB
[runlim] sample:		118.1 time, 130.8 real, 121.0 MB
[runlim] sample:		128.1 time, 140.8 real, 125.9 MB
[runlim] sample:		138.1 time, 150.8 real, 128.5 MB
[runlim] sample:		147.6 time, 160.8 real, 133.6 MB
[runlim] sample:		156.9 time, 170.8 real, 137.0 MB
[runlim] sample:		165.6 time, 180.8 real, 139.3 MB
[runlim] sample:		175.2 time, 190.8 real, 140.8 MB
[runlim] sample:		184.9 time, 200.8 real, 143.4 MB
[runlim] sample:		194.6 time, 210.8 real, 146.8 MB
[runlim] sample:		204.2 time, 220.8 real, 150.1 MB
[runlim] sample:		213.9 time, 230.8 real, 153.7 MB
[runlim] sample:		223.5 time, 240.8 real, 155.3 MB
[runlim] sample:		233.2 time, 250.8 real, 157.4 MB
[runlim] sample:		243.2 time, 260.8 real, 165.4 MB
[runlim] sample:		253.2 time, 270.8 real, 166.7 MB
[runlim] sample:		263.1 time, 280.8 real, 170.9 MB
[runlim] sample:		273.1 time, 290.8 real, 171.9 MB
[runlim] sample:		283.1 time, 300.8 real, 175.0 MB
[runlim] sample:		293.1 time, 310.8 real, 176.3 MB
[runlim] end:			Tue Jan 29 17:05:01 2019
[runlim] status:		signal(9)
[runlim] result:		11
[runlim] children:		0
[runlim] real:			312.33 seconds
[runlim] time:			294.64 seconds
[runlim] space:			177.6 MB
[runlim] samples:		3115
