[runlim] version:		1.10fixed
[runlim] time limit:		300 seconds
[runlim] real time limit:	311040000 seconds
[runlim] space limit:		4000 MB
[runlim] argv[0]:		./cvc4
[runlim] argv[1]:		--nl-ext-tplanes
[runlim] argv[2]:		--full-saturate-quant
[runlim] argv[3]:		--no-e-matching
[runlim] argv[4]:		/tmp/TzCPcbbZ.smt2
[runlim] start:			Tue Feb  5 10:28:45 2019
[runlim] main pid:		30122
/tmp/TzCPcbbZ.smt2:4.12: No set-logic command was given before this point.
/tmp/TzCPcbbZ.smt2:4.12: CVC4 will make all theories available.
/tmp/TzCPcbbZ.smt2:4.12: Consider setting a stricter logic for (likely) better performance.
/tmp/TzCPcbbZ.smt2:4.12: To suppress this warning in the future use (set-logic ALL).
[runlim] sample:		8.6 time, 10.1 real, 42.8 MB
[runlim] sample:		18.3 time, 20.1 real, 50.7 MB
[runlim] sample:		28.2 time, 30.1 real, 56.6 MB
[runlim] sample:		38.2 time, 40.1 real, 62.3 MB
[runlim] sample:		48.2 time, 50.1 real, 66.5 MB
[runlim] sample:		58.2 time, 60.1 real, 71.4 MB
[runlim] sample:		68.2 time, 70.1 real, 73.7 MB
[runlim] sample:		77.9 time, 80.1 real, 77.1 MB
[runlim] sample:		87.7 time, 90.1 real, 79.9 MB
[runlim] sample:		97.7 time, 100.1 real, 82.7 MB
[runlim] sample:		107.7 time, 110.1 real, 85.6 MB
[runlim] sample:		117.7 time, 120.1 real, 89.9 MB
[runlim] sample:		127.7 time, 130.1 real, 91.4 MB
[runlim] sample:		137.7 time, 140.1 real, 94.5 MB
[runlim] sample:		147.7 time, 150.1 real, 95.8 MB
[runlim] sample:		157.7 time, 160.1 real, 99.1 MB
[runlim] sample:		167.7 time, 170.1 real, 103.0 MB
[runlim] sample:		177.4 time, 180.1 real, 104.6 MB
[runlim] sample:		186.6 time, 190.1 real, 107.1 MB
[runlim] sample:		195.9 time, 200.1 real, 108.4 MB
[runlim] sample:		205.1 time, 210.1 real, 111.9 MB
[runlim] sample:		214.4 time, 220.1 real, 112.4 MB
[runlim] sample:		223.6 time, 230.1 real, 113.9 MB
[runlim] sample:		233.1 time, 240.1 real, 116.5 MB
[runlim] sample:		243.1 time, 250.1 real, 117.3 MB
[runlim] sample:		253.1 time, 260.1 real, 118.8 MB
[runlim] sample:		260.7 time, 270.1 real, 118.8 MB
[runlim] sample:		268.2 time, 280.1 real, 121.4 MB
[runlim] sample:		275.8 time, 290.1 real, 122.2 MB
[runlim] sample:		283.5 time, 300.1 real, 123.2 MB
[runlim] sample:		293.5 time, 310.1 real, 123.2 MB
[runlim] end:			Tue Feb  5 10:34:01 2019
[runlim] status:		signal(9)
[runlim] result:		11
[runlim] children:		0
[runlim] real:			316.03 seconds
[runlim] time:			299.30 seconds
[runlim] space:			126.6 MB
[runlim] samples:		3158
