[runlim] version:		1.10fixed
[runlim] time limit:		300 seconds
[runlim] real time limit:	311040000 seconds
[runlim] space limit:		4000 MB
[runlim] argv[0]:		./cvc4
[runlim] argv[1]:		--nl-ext-tplanes
[runlim] argv[2]:		--full-saturate-quant
[runlim] argv[3]:		--no-e-matching
[runlim] argv[4]:		/tmp/1FSYQyzg.smt2
[runlim] start:			Tue Jan 29 17:00:51 2019
[runlim] main pid:		30720
[runlim] sample:		8.2 time, 10.4 real, 51.1 MB
[runlim] sample:		16.6 time, 20.4 real, 63.4 MB
[runlim] sample:		25.7 time, 30.4 real, 71.9 MB
[runlim] sample:		34.0 time, 40.4 real, 91.6 MB
[runlim] sample:		42.0 time, 50.4 real, 91.6 MB
[runlim] sample:		50.8 time, 60.4 real, 91.6 MB
[runlim] sample:		58.9 time, 70.4 real, 91.6 MB
[runlim] sample:		67.6 time, 80.4 real, 92.2 MB
[runlim] sample:		77.3 time, 90.4 real, 92.7 MB
[runlim] sample:		86.8 time, 100.4 real, 98.6 MB
[runlim] sample:		96.8 time, 110.4 real, 102.8 MB
[runlim] sample:		105.7 time, 120.4 real, 106.1 MB
[runlim] sample:		115.4 time, 130.4 real, 108.7 MB
[runlim] sample:		123.2 time, 140.4 real, 114.0 MB
[runlim] sample:		131.8 time, 150.4 real, 118.9 MB
[runlim] sample:		140.6 time, 160.4 real, 124.0 MB
[runlim] sample:		149.1 time, 170.4 real, 127.4 MB
[runlim] sample:		158.3 time, 180.4 real, 130.4 MB
[runlim] sample:		167.6 time, 190.4 real, 135.1 MB
[runlim] sample:		177.0 time, 200.4 real, 138.9 MB
[runlim] sample:		186.7 time, 210.4 real, 142.3 MB
[runlim] sample:		196.3 time, 220.4 real, 143.6 MB
[runlim] sample:		206.0 time, 230.4 real, 146.2 MB
[runlim] sample:		215.7 time, 240.4 real, 150.3 MB
[runlim] sample:		225.7 time, 250.4 real, 152.3 MB
[runlim] sample:		235.2 time, 260.4 real, 155.7 MB
[runlim] sample:		244.8 time, 270.4 real, 156.7 MB
[runlim] sample:		254.8 time, 280.4 real, 159.5 MB
[runlim] sample:		264.7 time, 290.4 real, 167.5 MB
[runlim] sample:		274.7 time, 300.4 real, 168.6 MB
[runlim] sample:		284.2 time, 310.4 real, 173.9 MB
[runlim] sample:		293.9 time, 320.4 real, 174.5 MB
[runlim] end:			Tue Jan 29 17:06:16 2019
[runlim] status:		signal(9)
[runlim] result:		11
[runlim] children:		0
[runlim] real:			325.84 seconds
[runlim] time:			299.30 seconds
[runlim] space:			176.3 MB
[runlim] samples:		3254
