[runlim] version:		1.10fixed
[runlim] time limit:		300 seconds
[runlim] real time limit:	311040000 seconds
[runlim] space limit:		4000 MB
[runlim] argv[0]:		./cvc4
[runlim] argv[1]:		--nl-ext-tplanes
[runlim] argv[2]:		--full-saturate-quant
[runlim] argv[3]:		--no-e-matching
[runlim] argv[4]:		/tmp/ZkYb52By.smt2
[runlim] start:			Tue Feb  5 10:24:09 2019
[runlim] main pid:		32112
[runlim] sample:		8.3 time, 10.6 real, 41.0 MB
[runlim] sample:		18.1 time, 20.6 real, 48.5 MB
[runlim] sample:		28.1 time, 30.6 real, 54.5 MB
[runlim] sample:		38.1 time, 40.6 real, 59.4 MB
[runlim] sample:		48.1 time, 50.6 real, 63.3 MB
[runlim] sample:		58.1 time, 60.6 real, 66.6 MB
[runlim] sample:		68.1 time, 70.6 real, 69.7 MB
[runlim] sample:		76.2 time, 80.6 real, 71.8 MB
[runlim] sample:		85.7 time, 90.6 real, 74.1 MB
[runlim] sample:		95.2 time, 100.6 real, 76.2 MB
[runlim] sample:		104.8 time, 110.6 real, 78.8 MB
[runlim] sample:		114.5 time, 120.6 real, 81.1 MB
[runlim] sample:		123.8 time, 130.6 real, 82.9 MB
[runlim] sample:		133.3 time, 140.6 real, 84.5 MB
[runlim] sample:		142.2 time, 150.6 real, 85.8 MB
[runlim] sample:		152.2 time, 160.6 real, 87.3 MB
[runlim] sample:		160.6 time, 170.6 real, 88.3 MB
[runlim] sample:		168.9 time, 180.6 real, 91.5 MB
[runlim] sample:		178.9 time, 190.6 real, 92.8 MB
[runlim] sample:		188.9 time, 200.6 real, 94.4 MB
[runlim] sample:		197.9 time, 210.6 real, 95.1 MB
[runlim] sample:		207.1 time, 220.6 real, 96.2 MB
[runlim] sample:		216.6 time, 230.6 real, 97.7 MB
[runlim] sample:		225.2 time, 240.6 real, 98.7 MB
[runlim] sample:		234.9 time, 250.6 real, 100.0 MB
[runlim] sample:		244.6 time, 260.6 real, 101.3 MB
[runlim] sample:		253.9 time, 270.6 real, 102.3 MB
[runlim] sample:		263.9 time, 280.6 real, 103.6 MB
[runlim] sample:		273.9 time, 290.6 real, 104.4 MB
[runlim] sample:		283.2 time, 300.6 real, 105.4 MB
[runlim] sample:		292.5 time, 310.6 real, 107.2 MB
[runlim] end:			Tue Feb  5 10:29:26 2019
[runlim] status:		signal(9)
[runlim] result:		11
[runlim] children:		0
[runlim] real:			317.72 seconds
[runlim] time:			298.62 seconds
[runlim] space:			107.8 MB
[runlim] samples:		3171
