[runlim] version:		1.10fixed
[runlim] time limit:		300 seconds
[runlim] real time limit:	311040000 seconds
[runlim] space limit:		4000 MB
[runlim] argv[0]:		./cvc4
[runlim] argv[1]:		--nl-ext-tplanes
[runlim] argv[2]:		--full-saturate-quant
[runlim] argv[3]:		--no-e-matching
[runlim] argv[4]:		/tmp/yGuoJzLW.smt2
[runlim] start:			Tue Jan 29 17:00:28 2019
[runlim] main pid:		6329
[runlim] sample:		7.8 time, 10.8 real, 44.6 MB
[runlim] sample:		15.8 time, 20.8 real, 57.2 MB
[runlim] sample:		23.7 time, 30.8 real, 65.5 MB
[runlim] sample:		31.6 time, 40.8 real, 72.7 MB
[runlim] sample:		40.9 time, 50.8 real, 79.9 MB
[runlim] sample:		50.9 time, 60.8 real, 88.1 MB
[runlim] sample:		60.9 time, 70.8 real, 93.3 MB
[runlim] sample:		70.9 time, 80.8 real, 119.9 MB
[runlim] sample:		80.9 time, 90.8 real, 119.3 MB
[runlim] sample:		90.9 time, 100.8 real, 120.1 MB
[runlim] sample:		100.9 time, 110.8 real, 121.9 MB
[runlim] sample:		110.9 time, 120.8 real, 124.4 MB
[runlim] sample:		120.9 time, 130.8 real, 130.4 MB
[runlim] sample:		130.9 time, 140.8 real, 134.7 MB
[runlim] sample:		140.9 time, 150.8 real, 138.9 MB
[runlim] sample:		150.9 time, 160.8 real, 141.9 MB
[runlim] sample:		160.9 time, 170.8 real, 146.6 MB
[runlim] sample:		170.9 time, 180.8 real, 147.6 MB
[runlim] sample:		180.9 time, 190.8 real, 153.3 MB
[runlim] sample:		190.9 time, 200.8 real, 154.2 MB
[runlim] sample:		200.9 time, 210.8 real, 157.2 MB
[runlim] sample:		210.9 time, 220.8 real, 160.8 MB
[runlim] sample:		220.9 time, 230.8 real, 166.2 MB
[runlim] sample:		230.9 time, 240.8 real, 169.6 MB
[runlim] sample:		240.9 time, 250.8 real, 172.7 MB
[runlim] sample:		250.9 time, 260.8 real, 174.2 MB
[runlim] sample:		260.9 time, 270.8 real, 179.6 MB
[runlim] sample:		270.9 time, 280.8 real, 184.8 MB
[runlim] sample:		280.9 time, 290.8 real, 185.0 MB
[runlim] sample:		290.9 time, 300.8 real, 185.8 MB
[runlim] end:			Tue Jan 29 17:05:36 2019
[runlim] status:		signal(9)
[runlim] result:		11
[runlim] children:		0
[runlim] real:			308.79 seconds
[runlim] time:			298.75 seconds
[runlim] space:			187.3 MB
[runlim] samples:		3079
