[runlim] version:		1.10fixed
[runlim] time limit:		300 seconds
[runlim] real time limit:	311040000 seconds
[runlim] space limit:		4000 MB
[runlim] argv[0]:		./cvc4
[runlim] argv[1]:		--nl-ext-tplanes
[runlim] argv[2]:		--full-saturate-quant
[runlim] argv[3]:		--no-e-matching
[runlim] argv[4]:		/tmp/hCgCm1vJ.smt2
[runlim] start:			Tue Feb  5 13:22:34 2019
[runlim] main pid:		19090
[runlim] sample:		8.0 time, 10.4 real, 45.6 MB
[runlim] sample:		17.2 time, 20.4 real, 56.2 MB
[runlim] sample:		25.8 time, 30.4 real, 63.7 MB
[runlim] sample:		34.4 time, 40.4 real, 68.3 MB
[runlim] sample:		42.4 time, 50.4 real, 83.6 MB
[runlim] sample:		50.4 time, 60.4 real, 90.5 MB
[runlim] sample:		58.4 time, 70.4 real, 91.0 MB
[runlim] sample:		66.4 time, 80.4 real, 92.1 MB
[runlim] sample:		75.4 time, 90.4 real, 94.1 MB
[runlim] sample:		85.3 time, 100.4 real, 95.7 MB
[runlim] sample:		95.0 time, 110.4 real, 97.2 MB
[runlim] sample:		105.0 time, 120.4 real, 104.4 MB
[runlim] sample:		115.0 time, 130.4 real, 109.6 MB
[runlim] sample:		125.0 time, 140.4 real, 113.4 MB
[runlim] sample:		135.0 time, 150.4 real, 119.6 MB
[runlim] sample:		145.0 time, 160.4 real, 121.9 MB
[runlim] sample:		155.0 time, 170.4 real, 124.8 MB
[runlim] sample:		164.0 time, 180.4 real, 127.3 MB
[runlim] sample:		174.0 time, 190.4 real, 131.2 MB
[runlim] sample:		184.0 time, 200.4 real, 135.6 MB
[runlim] sample:		193.7 time, 210.4 real, 138.4 MB
[runlim] sample:		203.0 time, 220.4 real, 140.8 MB
[runlim] sample:		212.3 time, 230.4 real, 144.1 MB
[runlim] sample:		221.7 time, 240.4 real, 147.7 MB
[runlim] sample:		231.7 time, 250.4 real, 148.5 MB
[runlim] sample:		241.7 time, 260.4 real, 151.6 MB
[runlim] sample:		251.3 time, 270.4 real, 153.1 MB
[runlim] sample:		260.6 time, 280.4 real, 155.7 MB
[runlim] sample:		270.2 time, 290.4 real, 157.5 MB
[runlim] sample:		279.9 time, 300.4 real, 159.1 MB
[runlim] sample:		289.6 time, 310.4 real, 162.7 MB
[runlim] end:			Tue Feb  5 13:27:45 2019
[runlim] status:		signal(9)
[runlim] result:		11
[runlim] children:		0
[runlim] real:			311.90 seconds
[runlim] time:			291.03 seconds
[runlim] space:			162.9 MB
[runlim] samples:		3115
