[runlim] version:		1.10fixed
[runlim] time limit:		300 seconds
[runlim] real time limit:	311040000 seconds
[runlim] space limit:		4000 MB
[runlim] argv[0]:		./cvc4
[runlim] argv[1]:		--nl-ext-tplanes
[runlim] argv[2]:		--full-saturate-quant
[runlim] argv[3]:		--no-e-matching
[runlim] argv[4]:		/tmp/eaUtOyOq.smt2
[runlim] start:			Tue Feb  5 10:24:03 2019
[runlim] main pid:		21422
[runlim] sample:		8.0 time, 10.8 real, 45.3 MB
[runlim] sample:		16.0 time, 20.8 real, 53.2 MB
[runlim] sample:		24.2 time, 30.8 real, 59.5 MB
[runlim] sample:		34.1 time, 40.8 real, 64.9 MB
[runlim] sample:		43.4 time, 50.8 real, 69.3 MB
[runlim] sample:		51.4 time, 60.8 real, 72.6 MB
[runlim] sample:		59.4 time, 70.8 real, 76.3 MB
[runlim] sample:		67.4 time, 80.8 real, 78.8 MB
[runlim] sample:		75.4 time, 90.8 real, 83.7 MB
[runlim] sample:		83.5 time, 100.8 real, 85.8 MB
[runlim] sample:		91.5 time, 110.8 real, 87.8 MB
[runlim] sample:		99.5 time, 120.8 real, 90.4 MB
[runlim] sample:		107.6 time, 130.8 real, 92.7 MB
[runlim] sample:		115.6 time, 140.8 real, 94.3 MB
[runlim] sample:		123.6 time, 150.8 real, 95.8 MB
[runlim] sample:		131.6 time, 160.8 real, 96.9 MB
[runlim] sample:		139.7 time, 170.8 real, 98.7 MB
[runlim] sample:		147.7 time, 180.8 real, 99.9 MB
[runlim] sample:		155.7 time, 190.8 real, 101.8 MB
[runlim] sample:		163.8 time, 200.8 real, 103.0 MB
[runlim] sample:		171.8 time, 210.8 real, 104.3 MB
[runlim] sample:		180.8 time, 220.8 real, 106.1 MB
[runlim] sample:		190.2 time, 230.8 real, 107.4 MB
[runlim] sample:		200.2 time, 240.8 real, 108.7 MB
[runlim] sample:		210.2 time, 250.8 real, 110.5 MB
[runlim] sample:		220.0 time, 260.8 real, 111.5 MB
[runlim] sample:		230.0 time, 270.8 real, 112.8 MB
[runlim] sample:		240.0 time, 280.8 real, 113.9 MB
[runlim] sample:		250.0 time, 290.8 real, 116.4 MB
[runlim] sample:		259.9 time, 300.8 real, 117.2 MB
[runlim] sample:		270.0 time, 310.8 real, 118.2 MB
[runlim] end:			Tue Feb  5 10:29:23 2019
[runlim] status:		signal(9)
[runlim] result:		11
[runlim] children:		0
[runlim] real:			320.14 seconds
[runlim] time:			279.26 seconds
[runlim] space:			119.3 MB
[runlim] samples:		3193
