[runlim] version:		1.10fixed
[runlim] time limit:		300 seconds
[runlim] real time limit:	311040000 seconds
[runlim] space limit:		4000 MB
[runlim] argv[0]:		./cvc4
[runlim] argv[1]:		--nl-ext-tplanes
[runlim] argv[2]:		--full-saturate-quant
[runlim] argv[3]:		--no-e-matching
[runlim] argv[4]:		/tmp/9CgYmUZt.smt2
[runlim] start:			Tue Feb  5 13:22:23 2019
[runlim] main pid:		23134
[runlim] sample:		8.6 time, 10.2 real, 44.6 MB
[runlim] sample:		18.5 time, 20.2 real, 57.0 MB
[runlim] sample:		28.5 time, 30.2 real, 65.0 MB
[runlim] sample:		38.5 time, 40.2 real, 73.0 MB
[runlim] sample:		48.5 time, 50.2 real, 78.4 MB
[runlim] sample:		58.5 time, 60.2 real, 83.8 MB
[runlim] sample:		68.5 time, 70.2 real, 88.7 MB
[runlim] sample:		78.5 time, 80.2 real, 93.1 MB
[runlim] sample:		88.5 time, 90.2 real, 97.0 MB
[runlim] sample:		98.5 time, 100.2 real, 100.1 MB
[runlim] sample:		108.5 time, 110.2 real, 103.9 MB
[runlim] sample:		118.5 time, 120.2 real, 107.6 MB
[runlim] sample:		128.5 time, 130.2 real, 110.9 MB
[runlim] sample:		138.5 time, 140.2 real, 113.2 MB
[runlim] sample:		148.5 time, 150.2 real, 116.8 MB
[runlim] sample:		158.5 time, 160.2 real, 119.9 MB
[runlim] sample:		168.5 time, 170.2 real, 124.1 MB
[runlim] sample:		178.5 time, 180.2 real, 127.7 MB
[runlim] sample:		188.5 time, 190.2 real, 130.0 MB
[runlim] sample:		198.5 time, 200.2 real, 131.6 MB
[runlim] sample:		208.5 time, 210.2 real, 134.4 MB
[runlim] sample:		218.5 time, 220.2 real, 136.5 MB
[runlim] sample:		228.5 time, 230.2 real, 139.3 MB
[runlim] sample:		238.5 time, 240.2 real, 141.1 MB
[runlim] sample:		248.5 time, 250.2 real, 143.4 MB
[runlim] sample:		258.5 time, 260.2 real, 145.5 MB
[runlim] sample:		268.5 time, 270.2 real, 149.3 MB
[runlim] sample:		278.5 time, 280.2 real, 151.4 MB
[runlim] sample:		288.5 time, 290.2 real, 154.2 MB
[runlim] sample:		298.5 time, 300.2 real, 155.9 MB
CVC4 interrupted by SIGTERM.
[runlim] end:			Tue Feb  5 13:27:24 2019
[runlim] status:		out of time
[runlim] result:		2
[runlim] children:		0
[runlim] real:			301.86 seconds
[runlim] time:			300.03 seconds
[runlim] space:			157.2 MB
[runlim] samples:		3016
