[runlim] version:		1.10fixed
[runlim] time limit:		300 seconds
[runlim] real time limit:	311040000 seconds
[runlim] space limit:		4000 MB
[runlim] argv[0]:		./cvc4
[runlim] argv[1]:		--nl-ext-tplanes
[runlim] argv[2]:		--full-saturate-quant
[runlim] argv[3]:		--no-e-matching
[runlim] argv[4]:		/tmp/0dOOS4Bt.smt2
[runlim] start:			Tue Jan 29 16:59:46 2019
[runlim] main pid:		7255
[runlim] sample:		9.0 time, 10.9 real, 45.1 MB
[runlim] sample:		18.0 time, 20.9 real, 54.2 MB
[runlim] sample:		27.0 time, 30.9 real, 56.5 MB
[runlim] sample:		36.0 time, 40.9 real, 62.4 MB
[runlim] sample:		45.0 time, 50.9 real, 69.1 MB
[runlim] sample:		54.0 time, 60.9 real, 72.2 MB
[runlim] sample:		63.3 time, 70.9 real, 86.5 MB
[runlim] sample:		73.3 time, 80.9 real, 92.7 MB
[runlim] sample:		83.3 time, 90.9 real, 94.3 MB
[runlim] sample:		93.3 time, 100.9 real, 100.3 MB
[runlim] sample:		103.3 time, 110.9 real, 103.6 MB
[runlim] sample:		113.3 time, 120.9 real, 103.6 MB
[runlim] sample:		123.3 time, 130.9 real, 109.3 MB
[runlim] sample:		133.3 time, 140.9 real, 109.6 MB
[runlim] sample:		143.3 time, 150.9 real, 112.7 MB
[runlim] end:			Tue Jan 29 17:02:22 2019
[runlim] status:		ok
[runlim] result:		0
[runlim] children:		0
[runlim] real:			156.45 seconds
[runlim] time:			148.87 seconds
[runlim] space:			116.8 MB
[runlim] samples:		1556
