[runlim] version:		1.10fixed
[runlim] time limit:		300 seconds
[runlim] real time limit:	311040000 seconds
[runlim] space limit:		4000 MB
[runlim] argv[0]:		./cvc4
[runlim] argv[1]:		--nl-ext-tplanes
[runlim] argv[2]:		--full-saturate-quant
[runlim] argv[3]:		--no-e-matching
[runlim] argv[4]:		/tmp/utLYN0iO.smt2
[runlim] start:			Tue Feb  5 10:23:55 2019
[runlim] main pid:		25548
[runlim] sample:		9.6 time, 10.9 real, 41.2 MB
[runlim] sample:		19.5 time, 20.9 real, 48.2 MB
[runlim] sample:		29.0 time, 30.9 real, 53.1 MB
[runlim] sample:		38.7 time, 40.9 real, 57.4 MB
[runlim] sample:		48.6 time, 50.9 real, 60.5 MB
[runlim] sample:		58.6 time, 60.9 real, 64.5 MB
[runlim] sample:		68.6 time, 70.9 real, 67.1 MB
[runlim] sample:		78.6 time, 80.9 real, 69.9 MB
[runlim] sample:		88.6 time, 90.9 real, 71.8 MB
[runlim] sample:		98.6 time, 100.9 real, 73.8 MB
[runlim] sample:		108.6 time, 110.9 real, 75.6 MB
[runlim] sample:		118.6 time, 120.9 real, 77.4 MB
[runlim] sample:		128.6 time, 130.9 real, 79.2 MB
[runlim] sample:		138.6 time, 140.9 real, 81.0 MB
[runlim] sample:		148.6 time, 150.9 real, 83.1 MB
[runlim] sample:		158.6 time, 160.9 real, 85.7 MB
[runlim] sample:		168.6 time, 170.9 real, 87.0 MB
[runlim] sample:		178.6 time, 180.9 real, 88.6 MB
[runlim] sample:		188.6 time, 190.9 real, 89.6 MB
[runlim] sample:		198.6 time, 200.9 real, 90.9 MB
[runlim] sample:		208.6 time, 210.9 real, 91.9 MB
[runlim] sample:		218.6 time, 220.9 real, 93.4 MB
[runlim] sample:		228.6 time, 230.9 real, 94.5 MB
[runlim] sample:		238.6 time, 240.9 real, 97.6 MB
[runlim] sample:		248.6 time, 250.9 real, 98.9 MB
[runlim] sample:		258.6 time, 260.9 real, 99.6 MB
[runlim] sample:		268.6 time, 270.9 real, 100.7 MB
[runlim] sample:		278.6 time, 280.9 real, 101.7 MB
[runlim] sample:		288.6 time, 290.9 real, 102.7 MB
[runlim] sample:		298.6 time, 300.9 real, 103.7 MB
CVC4 interrupted by SIGTERM.
[runlim] end:			Tue Feb  5 10:28:57 2019
[runlim] status:		out of time
[runlim] result:		2
[runlim] children:		0
[runlim] real:			302.40 seconds
[runlim] time:			300.05 seconds
[runlim] space:			103.7 MB
[runlim] samples:		3015
