[runlim] version:		1.10fixed
[runlim] time limit:		300 seconds
[runlim] real time limit:	311040000 seconds
[runlim] space limit:		4000 MB
[runlim] argv[0]:		./cvc4
[runlim] argv[1]:		--nl-ext-tplanes
[runlim] argv[2]:		--full-saturate-quant
[runlim] argv[3]:		--no-e-matching
[runlim] argv[4]:		/tmp/FQcI2kkc.smt2
[runlim] start:			Tue Jan 29 16:58:35 2019
[runlim] main pid:		28104
[runlim] sample:		9.3 time, 10.7 real, 47.4 MB
[runlim] sample:		18.6 time, 20.7 real, 58.7 MB
[runlim] sample:		27.9 time, 30.7 real, 64.8 MB
[runlim] sample:		37.2 time, 40.7 real, 71.6 MB
[runlim] sample:		46.4 time, 50.7 real, 77.2 MB
[runlim] sample:		55.8 time, 60.7 real, 79.3 MB
[runlim] sample:		65.1 time, 70.7 real, 83.1 MB
[runlim] sample:		74.4 time, 80.7 real, 84.4 MB
[runlim] sample:		83.7 time, 90.7 real, 90.1 MB
[runlim] sample:		93.0 time, 100.7 real, 99.8 MB
[runlim] sample:		102.4 time, 110.7 real, 100.6 MB
[runlim] sample:		111.7 time, 120.7 real, 105.2 MB
[runlim] sample:		121.0 time, 130.7 real, 107.0 MB
[runlim] sample:		130.4 time, 140.7 real, 107.0 MB
[runlim] sample:		140.0 time, 150.7 real, 107.0 MB
[runlim] sample:		148.1 time, 160.7 real, 107.0 MB
[runlim] sample:		156.4 time, 170.7 real, 107.0 MB
[runlim] sample:		164.8 time, 180.7 real, 107.0 MB
[runlim] sample:		173.3 time, 190.7 real, 107.3 MB
[runlim] sample:		181.1 time, 200.7 real, 107.3 MB
[runlim] sample:		189.2 time, 210.7 real, 107.6 MB
[runlim] sample:		198.9 time, 220.7 real, 107.6 MB
[runlim] sample:		208.8 time, 230.7 real, 107.8 MB
[runlim] sample:		218.3 time, 240.7 real, 107.8 MB
[runlim] sample:		227.7 time, 250.7 real, 108.1 MB
[runlim] sample:		237.4 time, 260.7 real, 108.1 MB
[runlim] sample:		247.2 time, 270.7 real, 108.3 MB
[runlim] sample:		255.8 time, 280.7 real, 108.3 MB
[runlim] sample:		263.9 time, 290.7 real, 108.6 MB
[runlim] sample:		273.9 time, 300.7 real, 108.6 MB
[runlim] sample:		283.8 time, 310.7 real, 108.8 MB
[runlim] sample:		291.5 time, 320.7 real, 108.8 MB
[runlim] end:			Tue Jan 29 17:04:02 2019
[runlim] status:		signal(9)
[runlim] result:		11
[runlim] children:		0
[runlim] real:			327.32 seconds
[runlim] time:			297.26 seconds
[runlim] space:			108.8 MB
[runlim] samples:		3266
