[runlim] version:		1.10fixed
[runlim] time limit:		300 seconds
[runlim] real time limit:	311040000 seconds
[runlim] space limit:		4000 MB
[runlim] argv[0]:		./cvc4
[runlim] argv[1]:		--nl-ext-tplanes
[runlim] argv[2]:		--full-saturate-quant
[runlim] argv[3]:		--no-e-matching
[runlim] argv[4]:		/tmp/PckwHJKg.smt2
[runlim] start:			Tue Feb  5 10:23:39 2019
[runlim] main pid:		31664
[runlim] sample:		9.7 time, 10.8 real, 48.2 MB
[runlim] sample:		19.5 time, 20.8 real, 60.0 MB
[runlim] sample:		29.5 time, 30.8 real, 65.4 MB
[runlim] sample:		39.5 time, 40.8 real, 71.0 MB
[runlim] sample:		49.5 time, 50.8 real, 75.9 MB
[runlim] sample:		59.5 time, 60.8 real, 81.1 MB
[runlim] sample:		69.5 time, 70.8 real, 83.5 MB
[runlim] sample:		79.5 time, 80.8 real, 89.3 MB
[runlim] sample:		89.5 time, 90.8 real, 93.4 MB
[runlim] sample:		99.5 time, 100.8 real, 95.7 MB
[runlim] sample:		109.5 time, 110.8 real, 98.8 MB
[runlim] sample:		119.5 time, 120.8 real, 104.7 MB
[runlim] sample:		129.5 time, 130.8 real, 111.9 MB
[runlim] sample:		139.5 time, 140.8 real, 119.9 MB
[runlim] sample:		149.5 time, 150.8 real, 123.5 MB
[runlim] sample:		159.5 time, 160.8 real, 123.8 MB
[runlim] sample:		169.5 time, 170.8 real, 124.3 MB
[runlim] sample:		179.5 time, 180.8 real, 126.6 MB
[runlim] sample:		189.5 time, 190.8 real, 130.0 MB
[runlim] sample:		199.5 time, 200.8 real, 134.9 MB
[runlim] sample:		209.5 time, 210.8 real, 137.4 MB
[runlim] sample:		219.5 time, 220.8 real, 138.5 MB
[runlim] sample:		229.5 time, 230.8 real, 140.5 MB
[runlim] sample:		239.4 time, 240.8 real, 141.3 MB
[runlim] sample:		249.4 time, 250.8 real, 143.6 MB
[runlim] sample:		259.5 time, 260.8 real, 145.4 MB
[runlim] sample:		269.5 time, 270.8 real, 157.3 MB
[runlim] sample:		279.4 time, 280.8 real, 157.3 MB
[runlim] sample:		289.4 time, 290.8 real, 157.5 MB
[runlim] sample:		299.4 time, 300.8 real, 158.5 MB
CVC4 interrupted by SIGTERM.
[runlim] end:			Tue Feb  5 10:28:40 2019
[runlim] status:		out of time
[runlim] result:		2
[runlim] children:		0
[runlim] real:			301.41 seconds
[runlim] time:			300.05 seconds
[runlim] space:			158.5 MB
[runlim] samples:		3006
