[runlim] version:		1.10fixed
[runlim] time limit:		300 seconds
[runlim] real time limit:	311040000 seconds
[runlim] space limit:		4000 MB
[runlim] argv[0]:		./cvc4
[runlim] argv[1]:		--nl-ext-tplanes
[runlim] argv[2]:		--full-saturate-quant
[runlim] argv[3]:		--no-e-matching
[runlim] argv[4]:		/tmp/eG3wSpPu.smt2
[runlim] start:			Tue Jan 29 16:59:40 2019
[runlim] main pid:		29246
[runlim] sample:		7.3 time, 10.1 real, 37.0 MB
[runlim] sample:		15.5 time, 20.1 real, 46.5 MB
[runlim] sample:		25.5 time, 30.1 real, 52.4 MB
[runlim] sample:		35.5 time, 40.1 real, 56.3 MB
[runlim] sample:		45.5 time, 50.1 real, 62.2 MB
[runlim] sample:		55.5 time, 60.1 real, 67.9 MB
[runlim] sample:		65.5 time, 70.1 real, 74.3 MB
[runlim] sample:		75.5 time, 80.1 real, 82.8 MB
[runlim] sample:		85.5 time, 90.1 real, 83.1 MB
[runlim] sample:		95.5 time, 100.1 real, 83.3 MB
[runlim] sample:		105.5 time, 110.1 real, 83.6 MB
[runlim] sample:		115.5 time, 120.1 real, 83.6 MB
[runlim] sample:		125.5 time, 130.1 real, 83.8 MB
[runlim] sample:		135.5 time, 140.1 real, 84.9 MB
[runlim] sample:		145.5 time, 150.1 real, 85.9 MB
[runlim] sample:		155.5 time, 160.1 real, 86.1 MB
[runlim] sample:		165.5 time, 170.1 real, 86.6 MB
[runlim] sample:		175.5 time, 180.1 real, 86.6 MB
[runlim] sample:		185.5 time, 190.1 real, 89.1 MB
[runlim] sample:		195.5 time, 200.1 real, 89.6 MB
[runlim] sample:		205.5 time, 210.1 real, 92.4 MB
[runlim] sample:		215.5 time, 220.1 real, 92.7 MB
[runlim] sample:		225.5 time, 230.1 real, 92.9 MB
[runlim] sample:		235.5 time, 240.1 real, 92.9 MB
[runlim] sample:		245.5 time, 250.1 real, 95.2 MB
[runlim] sample:		255.5 time, 260.1 real, 95.2 MB
[runlim] sample:		265.5 time, 270.1 real, 95.7 MB
[runlim] sample:		275.5 time, 280.1 real, 97.0 MB
[runlim] sample:		285.5 time, 290.1 real, 97.0 MB
[runlim] sample:		295.5 time, 300.1 real, 97.2 MB
CVC4 interrupted by SIGTERM.
[runlim] end:			Tue Jan 29 17:04:44 2019
[runlim] status:		out of time
[runlim] result:		2
[runlim] children:		0
[runlim] real:			304.77 seconds
[runlim] time:			300.10 seconds
[runlim] space:			97.2 MB
[runlim] samples:		3046
