[runlim] version:		1.10fixed
[runlim] time limit:		300 seconds
[runlim] real time limit:	311040000 seconds
[runlim] space limit:		4000 MB
[runlim] argv[0]:		./cvc4
[runlim] argv[1]:		--nl-ext-tplanes
[runlim] argv[2]:		--full-saturate-quant
[runlim] argv[3]:		--no-e-matching
[runlim] argv[4]:		/tmp/U8zz9HDn.smt2
[runlim] start:			Tue Feb  5 10:28:52 2019
[runlim] main pid:		15739
/tmp/U8zz9HDn.smt2:4.12: No set-logic command was given before this point.
/tmp/U8zz9HDn.smt2:4.12: CVC4 will make all theories available.
/tmp/U8zz9HDn.smt2:4.12: Consider setting a stricter logic for (likely) better performance.
/tmp/U8zz9HDn.smt2:4.12: To suppress this warning in the future use (set-logic ALL).
[runlim] sample:		9.1 time, 10.5 real, 43.4 MB
[runlim] sample:		19.1 time, 20.5 real, 50.9 MB
[runlim] sample:		29.1 time, 30.5 real, 56.5 MB
[runlim] sample:		39.1 time, 40.5 real, 62.4 MB
[runlim] sample:		49.1 time, 50.5 real, 66.0 MB
[runlim] sample:		59.1 time, 60.5 real, 68.6 MB
[runlim] sample:		69.1 time, 70.5 real, 72.5 MB
[runlim] sample:		79.0 time, 80.5 real, 76.4 MB
[runlim] sample:		88.3 time, 90.5 real, 78.1 MB
[runlim] sample:		97.6 time, 100.5 real, 80.9 MB
[runlim] sample:		107.0 time, 110.5 real, 83.5 MB
[runlim] sample:		116.0 time, 120.5 real, 85.8 MB
[runlim] sample:		125.4 time, 130.5 real, 87.9 MB
[runlim] sample:		135.4 time, 140.5 real, 91.4 MB
[runlim] sample:		145.2 time, 150.5 real, 92.9 MB
[runlim] sample:		155.2 time, 160.5 real, 94.2 MB
[runlim] sample:		165.2 time, 170.5 real, 97.4 MB
[runlim] sample:		175.2 time, 180.5 real, 99.0 MB
[runlim] sample:		185.2 time, 190.5 real, 104.6 MB
[runlim] sample:		195.2 time, 200.5 real, 105.1 MB
[runlim] sample:		205.2 time, 210.5 real, 106.1 MB
[runlim] sample:		215.2 time, 220.5 real, 109.2 MB
[runlim] sample:		225.2 time, 230.5 real, 111.0 MB
[runlim] sample:		235.2 time, 240.5 real, 113.1 MB
[runlim] sample:		245.2 time, 250.5 real, 114.3 MB
[runlim] sample:		255.2 time, 260.5 real, 115.6 MB
[runlim] sample:		265.2 time, 270.5 real, 118.2 MB
[runlim] sample:		275.2 time, 280.5 real, 118.5 MB
[runlim] sample:		285.2 time, 290.5 real, 119.8 MB
[runlim] sample:		292.9 time, 300.5 real, 121.0 MB
CVC4 interrupted by SIGTERM.
[runlim] end:			Tue Feb  5 10:34:01 2019
[runlim] status:		out of time
[runlim] result:		2
[runlim] children:		0
[runlim] real:			309.24 seconds
[runlim] time:			300.07 seconds
[runlim] space:			123.4 MB
[runlim] samples:		3087
