[runlim] version:		1.10fixed
[runlim] time limit:		300 seconds
[runlim] real time limit:	311040000 seconds
[runlim] space limit:		4000 MB
[runlim] argv[0]:		./cvc4
[runlim] argv[1]:		--nl-ext-tplanes
[runlim] argv[2]:		--full-saturate-quant
[runlim] argv[3]:		--no-e-matching
[runlim] argv[4]:		/tmp/ReXefxCp.smt2
[runlim] start:			Tue Feb  5 13:21:55 2019
[runlim] main pid:		30851
[runlim] sample:		9.6 time, 10.2 real, 51.0 MB
[runlim] sample:		19.6 time, 20.2 real, 65.5 MB
[runlim] sample:		29.6 time, 30.2 real, 71.5 MB
[runlim] sample:		39.6 time, 40.2 real, 77.4 MB
[runlim] sample:		48.8 time, 50.2 real, 82.8 MB
[runlim] sample:		58.8 time, 60.2 real, 88.7 MB
[runlim] sample:		68.8 time, 70.2 real, 92.9 MB
[runlim] sample:		78.8 time, 80.2 real, 96.2 MB
[runlim] sample:		88.8 time, 90.2 real, 99.8 MB
[runlim] sample:		98.8 time, 100.2 real, 102.1 MB
[runlim] sample:		108.8 time, 110.2 real, 105.2 MB
[runlim] sample:		118.8 time, 120.2 real, 108.8 MB
[runlim] sample:		128.5 time, 130.2 real, 111.3 MB
[runlim] sample:		138.0 time, 140.2 real, 114.5 MB
[runlim] sample:		148.0 time, 150.2 real, 117.3 MB
[runlim] sample:		157.6 time, 160.2 real, 119.6 MB
[runlim] sample:		166.5 time, 170.2 real, 121.7 MB
[runlim] sample:		176.5 time, 180.2 real, 124.0 MB
[runlim] sample:		186.2 time, 190.2 real, 126.3 MB
[runlim] sample:		195.7 time, 200.2 real, 133.4 MB
[runlim] sample:		204.5 time, 210.2 real, 137.4 MB
[runlim] sample:		214.5 time, 220.2 real, 137.7 MB
[runlim] sample:		224.2 time, 230.2 real, 139.0 MB
[runlim] sample:		233.8 time, 240.2 real, 139.7 MB
[runlim] sample:		243.0 time, 250.2 real, 141.8 MB
[runlim] sample:		253.0 time, 260.2 real, 144.9 MB
[runlim] sample:		263.0 time, 270.2 real, 145.9 MB
[runlim] sample:		273.0 time, 280.2 real, 149.0 MB
[runlim] sample:		283.0 time, 290.2 real, 151.0 MB
[runlim] sample:		292.9 time, 300.2 real, 152.5 MB
CVC4 interrupted by SIGTERM.
[runlim] end:			Tue Feb  5 13:27:02 2019
[runlim] status:		out of time
[runlim] result:		2
[runlim] children:		0
[runlim] real:			307.36 seconds
[runlim] time:			300.05 seconds
[runlim] space:			153.3 MB
[runlim] samples:		3071
