[runlim] version:		1.10fixed
[runlim] time limit:		300 seconds
[runlim] real time limit:	311040000 seconds
[runlim] space limit:		4000 MB
[runlim] argv[0]:		./cvc4
[runlim] argv[1]:		--nl-ext-tplanes
[runlim] argv[2]:		--full-saturate-quant
[runlim] argv[3]:		--no-e-matching
[runlim] argv[4]:		/tmp/dfmGA8iY.smt2
[runlim] start:			Tue Feb  5 10:28:50 2019
[runlim] main pid:		7634
/tmp/dfmGA8iY.smt2:4.12: No set-logic command was given before this point.
/tmp/dfmGA8iY.smt2:4.12: CVC4 will make all theories available.
/tmp/dfmGA8iY.smt2:4.12: Consider setting a stricter logic for (likely) better performance.
/tmp/dfmGA8iY.smt2:4.12: To suppress this warning in the future use (set-logic ALL).
[runlim] sample:		9.0 time, 10.9 real, 42.4 MB
[runlim] sample:		18.7 time, 20.9 real, 50.4 MB
[runlim] sample:		28.7 time, 30.9 real, 57.6 MB
[runlim] sample:		38.7 time, 40.9 real, 64.3 MB
[runlim] sample:		48.7 time, 50.9 real, 69.5 MB
[runlim] sample:		58.7 time, 60.9 real, 73.1 MB
[runlim] sample:		68.7 time, 70.9 real, 73.1 MB
[runlim] sample:		77.3 time, 80.9 real, 73.1 MB
[runlim] sample:		86.7 time, 90.9 real, 73.1 MB
[runlim] sample:		96.7 time, 100.9 real, 73.1 MB
[runlim] sample:		105.9 time, 110.9 real, 73.1 MB
[runlim] sample:		115.9 time, 120.9 real, 73.1 MB
[runlim] sample:		125.9 time, 130.9 real, 73.1 MB
[runlim] sample:		134.9 time, 140.9 real, 73.1 MB
[runlim] sample:		143.2 time, 150.9 real, 73.1 MB
[runlim] sample:		152.1 time, 160.9 real, 73.1 MB
[runlim] sample:		162.1 time, 170.9 real, 73.1 MB
[runlim] sample:		171.6 time, 180.9 real, 73.1 MB
[runlim] sample:		180.8 time, 190.9 real, 73.1 MB
[runlim] sample:		190.4 time, 200.9 real, 73.1 MB
[runlim] sample:		200.1 time, 210.9 real, 73.1 MB
[runlim] sample:		209.8 time, 220.9 real, 73.1 MB
[runlim] sample:		219.0 time, 230.9 real, 73.1 MB
[runlim] sample:		228.7 time, 240.9 real, 73.1 MB
[runlim] sample:		238.3 time, 250.9 real, 73.1 MB
[runlim] sample:		248.0 time, 260.9 real, 73.1 MB
[runlim] sample:		257.7 time, 270.9 real, 73.1 MB
[runlim] sample:		267.3 time, 280.9 real, 73.1 MB
[runlim] sample:		277.1 time, 290.9 real, 73.1 MB
[runlim] sample:		287.1 time, 300.9 real, 73.1 MB
[runlim] end:			Tue Feb  5 10:34:00 2019
[runlim] status:		signal(9)
[runlim] result:		11
[runlim] children:		0
[runlim] real:			310.77 seconds
[runlim] time:			296.86 seconds
[runlim] space:			73.1 MB
[runlim] samples:		3098
