[runlim] version:		1.10fixed
[runlim] time limit:		300 seconds
[runlim] real time limit:	311040000 seconds
[runlim] space limit:		4000 MB
[runlim] argv[0]:		./cvc4
[runlim] argv[1]:		--nl-ext-tplanes
[runlim] argv[2]:		--full-saturate-quant
[runlim] argv[3]:		--no-e-matching
[runlim] argv[4]:		/tmp/cZ5seHKU.smt2
[runlim] start:			Tue Feb  5 10:23:42 2019
[runlim] main pid:		8253
[runlim] sample:		9.8 time, 10.1 real, 49.4 MB
[runlim] sample:		19.8 time, 20.1 real, 61.5 MB
[runlim] sample:		29.8 time, 30.1 real, 69.8 MB
[runlim] sample:		39.8 time, 40.1 real, 74.4 MB
[runlim] sample:		49.8 time, 50.1 real, 79.8 MB
[runlim] sample:		59.8 time, 60.1 real, 83.8 MB
[runlim] sample:		69.8 time, 70.1 real, 87.1 MB
[runlim] sample:		79.8 time, 80.1 real, 93.5 MB
[runlim] sample:		89.8 time, 90.1 real, 98.4 MB
[runlim] sample:		99.8 time, 100.1 real, 101.5 MB
[runlim] sample:		109.5 time, 110.1 real, 103.1 MB
[runlim] sample:		119.5 time, 120.1 real, 106.2 MB
[runlim] sample:		129.5 time, 130.1 real, 109.8 MB
[runlim] sample:		138.9 time, 140.1 real, 112.1 MB
[runlim] sample:		147.5 time, 150.1 real, 117.2 MB
[runlim] sample:		157.1 time, 160.1 real, 121.9 MB
[runlim] sample:		165.7 time, 170.1 real, 124.2 MB
[runlim] sample:		174.9 time, 180.1 real, 126.5 MB
[runlim] sample:		184.7 time, 190.1 real, 129.4 MB
[runlim] sample:		194.0 time, 200.1 real, 132.0 MB
[runlim] sample:		204.0 time, 210.1 real, 134.8 MB
[runlim] sample:		214.0 time, 220.1 real, 137.1 MB
[runlim] sample:		224.0 time, 230.1 real, 155.4 MB
[runlim] sample:		234.0 time, 240.1 real, 155.4 MB
[runlim] sample:		244.0 time, 250.1 real, 155.7 MB
[runlim] sample:		254.0 time, 260.1 real, 156.2 MB
[runlim] sample:		264.0 time, 270.1 real, 157.0 MB
[runlim] sample:		274.0 time, 280.1 real, 157.5 MB
[runlim] sample:		284.0 time, 290.1 real, 157.8 MB
[runlim] sample:		294.0 time, 300.1 real, 158.3 MB
CVC4 interrupted by SIGTERM.
[runlim] end:			Tue Feb  5 10:28:48 2019
[runlim] status:		out of time
[runlim] result:		2
[runlim] children:		0
[runlim] real:			306.23 seconds
[runlim] time:			300.07 seconds
[runlim] space:			158.8 MB
[runlim] samples:		3061
