[runlim] version:		1.10fixed
[runlim] time limit:		300 seconds
[runlim] real time limit:	311040000 seconds
[runlim] space limit:		4000 MB
[runlim] argv[0]:		./cvc4
[runlim] argv[1]:		--nl-ext-tplanes
[runlim] argv[2]:		--full-saturate-quant
[runlim] argv[3]:		--no-e-matching
[runlim] argv[4]:		/tmp/MZsh9R2Z.smt2
[runlim] start:			Tue Feb  5 10:24:15 2019
[runlim] main pid:		10121
[runlim] sample:		8.9 time, 11.0 real, 44.5 MB
[runlim] sample:		16.9 time, 21.0 real, 44.8 MB
[runlim] sample:		25.6 time, 31.0 real, 45.3 MB
[runlim] sample:		35.6 time, 41.0 real, 45.8 MB
[runlim] sample:		45.6 time, 51.0 real, 46.6 MB
[runlim] sample:		55.6 time, 61.0 real, 47.4 MB
[runlim] sample:		65.6 time, 71.0 real, 48.4 MB
[runlim] sample:		75.6 time, 81.0 real, 48.9 MB
[runlim] sample:		85.6 time, 91.0 real, 49.7 MB
[runlim] sample:		95.6 time, 101.0 real, 50.2 MB
[runlim] sample:		105.5 time, 111.0 real, 51.2 MB
[runlim] sample:		115.5 time, 121.0 real, 51.8 MB
[runlim] sample:		125.5 time, 131.0 real, 52.5 MB
[runlim] sample:		135.5 time, 141.0 real, 53.3 MB
[runlim] sample:		145.5 time, 151.0 real, 53.8 MB
[runlim] sample:		155.5 time, 161.0 real, 54.6 MB
[runlim] sample:		165.5 time, 171.0 real, 55.4 MB
[runlim] sample:		175.5 time, 181.0 real, 56.1 MB
[runlim] sample:		185.5 time, 191.0 real, 56.7 MB
[runlim] sample:		195.5 time, 201.0 real, 57.4 MB
[runlim] sample:		205.5 time, 211.0 real, 57.9 MB
[runlim] sample:		215.5 time, 221.0 real, 59.5 MB
[runlim] sample:		225.5 time, 231.0 real, 60.0 MB
[runlim] sample:		235.5 time, 241.0 real, 60.8 MB
[runlim] sample:		245.5 time, 251.0 real, 61.3 MB
[runlim] sample:		255.5 time, 261.0 real, 62.1 MB
[runlim] sample:		265.5 time, 271.0 real, 62.6 MB
[runlim] sample:		275.5 time, 281.0 real, 63.3 MB
[runlim] sample:		285.2 time, 291.0 real, 63.9 MB
[runlim] sample:		295.2 time, 301.0 real, 64.3 MB
CVC4 interrupted by SIGTERM.
[runlim] end:			Tue Feb  5 10:29:20 2019
[runlim] status:		out of time
[runlim] result:		2
[runlim] children:		0
[runlim] real:			305.78 seconds
[runlim] time:			300.02 seconds
[runlim] space:			65.4 MB
[runlim] samples:		3048
