[runlim] version:		1.10fixed
[runlim] time limit:		300 seconds
[runlim] real time limit:	311040000 seconds
[runlim] space limit:		4000 MB
[runlim] argv[0]:		./cvc4
[runlim] argv[1]:		--nl-ext-tplanes
[runlim] argv[2]:		--full-saturate-quant
[runlim] argv[3]:		--no-e-matching
[runlim] argv[4]:		/tmp/HxxqyyEs.smt2
[runlim] start:			Tue Jan 29 16:58:20 2019
[runlim] main pid:		2409
[runlim] sample:		7.9 time, 10.6 real, 45.7 MB
[runlim] sample:		16.5 time, 20.6 real, 55.2 MB
[runlim] sample:		25.8 time, 30.6 real, 61.9 MB
[runlim] sample:		34.5 time, 40.6 real, 65.8 MB
[runlim] sample:		43.3 time, 50.6 real, 69.9 MB
[runlim] sample:		53.3 time, 60.6 real, 74.0 MB
[runlim] sample:		62.6 time, 70.6 real, 78.2 MB
[runlim] sample:		70.3 time, 80.6 real, 81.6 MB
[runlim] sample:		78.5 time, 90.6 real, 83.6 MB
[runlim] sample:		88.5 time, 100.6 real, 88.3 MB
[runlim] sample:		98.5 time, 110.6 real, 93.1 MB
[runlim] sample:		108.5 time, 120.6 real, 95.2 MB
[runlim] sample:		117.5 time, 130.6 real, 97.0 MB
[runlim] sample:		127.5 time, 140.6 real, 98.2 MB
[runlim] sample:		137.5 time, 150.6 real, 100.8 MB
[runlim] sample:		147.5 time, 160.6 real, 104.2 MB
[runlim] sample:		157.5 time, 170.6 real, 106.2 MB
[runlim] sample:		167.5 time, 180.6 real, 108.5 MB
[runlim] sample:		177.2 time, 190.6 real, 111.1 MB
[runlim] sample:		186.5 time, 200.6 real, 112.4 MB
[runlim] sample:		195.4 time, 210.6 real, 113.2 MB
[runlim] sample:		203.7 time, 220.6 real, 114.7 MB
[runlim] sample:		212.9 time, 230.6 real, 115.7 MB
[runlim] sample:		222.3 time, 240.6 real, 117.3 MB
[runlim] sample:		231.0 time, 250.6 real, 119.1 MB
[runlim] sample:		239.0 time, 260.6 real, 120.1 MB
[runlim] sample:		247.8 time, 270.6 real, 121.7 MB
[runlim] sample:		256.4 time, 280.6 real, 121.9 MB
[runlim] sample:		265.1 time, 290.6 real, 123.5 MB
[runlim] sample:		272.0 time, 300.6 real, 123.7 MB
[runlim] sample:		281.3 time, 310.6 real, 126.1 MB
[runlim] sample:		290.5 time, 320.6 real, 127.1 MB
[runlim] end:			Tue Jan 29 17:03:44 2019
[runlim] status:		signal(9)
[runlim] result:		11
[runlim] children:		0
[runlim] real:			324.93 seconds
[runlim] time:			294.66 seconds
[runlim] space:			127.6 MB
[runlim] samples:		3243
