[runlim] version:		1.10fixed
[runlim] time limit:		300 seconds
[runlim] real time limit:	311040000 seconds
[runlim] space limit:		4000 MB
[runlim] argv[0]:		./cvc4
[runlim] argv[1]:		--nl-ext-tplanes
[runlim] argv[2]:		--full-saturate-quant
[runlim] argv[3]:		--no-e-matching
[runlim] argv[4]:		/tmp/kL9VzwEr.smt2
[runlim] start:			Tue Jan 29 16:59:41 2019
[runlim] main pid:		10873
[runlim] sample:		7.7 time, 10.6 real, 41.2 MB
[runlim] sample:		16.3 time, 20.6 real, 48.5 MB
[runlim] sample:		25.9 time, 30.6 real, 54.2 MB
[runlim] sample:		35.8 time, 40.6 real, 58.9 MB
[runlim] sample:		45.5 time, 50.6 real, 63.4 MB
[runlim] sample:		55.5 time, 60.6 real, 66.8 MB
[runlim] sample:		64.1 time, 70.6 real, 69.6 MB
[runlim] sample:		72.7 time, 80.6 real, 72.2 MB
[runlim] sample:		82.0 time, 90.6 real, 75.0 MB
[runlim] sample:		91.6 time, 100.6 real, 76.3 MB
[runlim] sample:		101.3 time, 110.6 real, 78.1 MB
[runlim] sample:		110.7 time, 120.6 real, 80.2 MB
[runlim] sample:		120.7 time, 130.6 real, 82.2 MB
[runlim] sample:		130.8 time, 140.6 real, 85.6 MB
[runlim] sample:		140.7 time, 150.6 real, 87.4 MB
[runlim] sample:		150.7 time, 160.6 real, 89.0 MB
[runlim] sample:		160.7 time, 170.6 real, 90.5 MB
[runlim] sample:		170.7 time, 180.6 real, 92.1 MB
[runlim] sample:		180.7 time, 190.6 real, 95.8 MB
[runlim] sample:		190.7 time, 200.6 real, 96.8 MB
[runlim] sample:		200.7 time, 210.6 real, 98.4 MB
[runlim] sample:		210.1 time, 220.6 real, 99.6 MB
[runlim] sample:		219.7 time, 230.6 real, 100.9 MB
[runlim] sample:		229.7 time, 240.6 real, 102.0 MB
[runlim] sample:		239.0 time, 250.6 real, 103.3 MB
[runlim] sample:		249.0 time, 260.6 real, 104.5 MB
[runlim] sample:		259.0 time, 270.6 real, 105.8 MB
[runlim] sample:		269.0 time, 280.6 real, 106.6 MB
[runlim] sample:		279.0 time, 290.6 real, 108.2 MB
[runlim] sample:		289.0 time, 300.6 real, 109.4 MB
[runlim] sample:		298.0 time, 310.6 real, 110.5 MB
CVC4 interrupted by SIGTERM.
[runlim] end:			Tue Jan 29 17:04:54 2019
[runlim] status:		out of time
[runlim] result:		2
[runlim] children:		0
[runlim] real:			313.09 seconds
[runlim] time:			300.06 seconds
[runlim] space:			110.5 MB
[runlim] samples:		3125
