[runlim] version:		1.10fixed
[runlim] time limit:		300 seconds
[runlim] real time limit:	311040000 seconds
[runlim] space limit:		4000 MB
[runlim] argv[0]:		./cvc4
[runlim] argv[1]:		--nl-ext-tplanes
[runlim] argv[2]:		--full-saturate-quant
[runlim] argv[3]:		--no-e-matching
[runlim] argv[4]:		/tmp/WyVBQjfe.smt2
[runlim] start:			Tue Feb  5 10:28:19 2019
[runlim] main pid:		22977
[runlim] sample:		9.2 time, 10.7 real, 47.3 MB
[runlim] sample:		19.1 time, 20.7 real, 57.8 MB
[runlim] sample:		29.1 time, 30.7 real, 73.7 MB
[runlim] sample:		39.1 time, 40.7 real, 78.2 MB
[runlim] sample:		49.1 time, 50.7 real, 79.2 MB
[runlim] sample:		58.4 time, 60.7 real, 84.3 MB
[runlim] sample:		67.9 time, 70.7 real, 90.8 MB
[runlim] sample:		77.6 time, 80.7 real, 95.0 MB
[runlim] sample:		87.2 time, 90.7 real, 99.9 MB
[runlim] sample:		96.9 time, 100.7 real, 106.1 MB
[runlim] sample:		105.8 time, 110.7 real, 109.4 MB
[runlim] sample:		115.1 time, 120.7 real, 112.5 MB
[runlim] sample:		124.4 time, 130.7 real, 116.6 MB
[runlim] sample:		133.7 time, 140.7 real, 120.5 MB
[runlim] sample:		143.0 time, 150.7 real, 124.9 MB
[runlim] sample:		152.3 time, 160.7 real, 126.4 MB
[runlim] sample:		161.6 time, 170.7 real, 129.8 MB
[runlim] sample:		170.9 time, 180.7 real, 132.9 MB
[runlim] sample:		180.2 time, 190.7 real, 135.7 MB
[runlim] sample:		189.5 time, 200.7 real, 140.1 MB
[runlim] sample:		198.3 time, 210.7 real, 143.2 MB
[runlim] sample:		206.6 time, 220.7 real, 144.7 MB
[runlim] sample:		214.9 time, 230.7 real, 147.3 MB
[runlim] sample:		224.6 time, 240.7 real, 150.1 MB
[runlim] sample:		234.3 time, 250.7 real, 154.3 MB
[runlim] sample:		242.8 time, 260.7 real, 156.8 MB
[runlim] sample:		251.1 time, 270.7 real, 158.9 MB
[runlim] sample:		259.4 time, 280.7 real, 160.2 MB
[runlim] sample:		267.8 time, 290.7 real, 162.0 MB
[runlim] sample:		276.2 time, 300.7 real, 163.8 MB
[runlim] sample:		284.8 time, 310.7 real, 165.3 MB
[runlim] end:			Tue Feb  5 10:33:33 2019
[runlim] status:		signal(9)
[runlim] result:		11
[runlim] children:		0
[runlim] real:			314.37 seconds
[runlim] time:			287.81 seconds
[runlim] space:			166.1 MB
[runlim] samples:		3136
