[runlim] version:		1.10fixed
[runlim] time limit:		300 seconds
[runlim] real time limit:	311040000 seconds
[runlim] space limit:		4000 MB
[runlim] argv[0]:		./cvc4
[runlim] argv[1]:		--nl-ext-tplanes
[runlim] argv[2]:		--full-saturate-quant
[runlim] argv[3]:		--no-e-matching
[runlim] argv[4]:		/tmp/xqeTGMa6.smt2
[runlim] start:			Tue Jan 29 16:59:29 2019
[runlim] main pid:		30641
[runlim] sample:		8.8 time, 10.6 real, 42.7 MB
[runlim] sample:		17.3 time, 20.6 real, 49.4 MB
[runlim] sample:		26.5 time, 30.6 real, 54.2 MB
[runlim] sample:		36.5 time, 40.6 real, 59.6 MB
[runlim] sample:		46.5 time, 50.6 real, 64.0 MB
[runlim] sample:		56.5 time, 60.6 real, 67.1 MB
[runlim] sample:		66.2 time, 70.6 real, 70.2 MB
[runlim] sample:		75.7 time, 80.6 real, 72.2 MB
[runlim] sample:		85.2 time, 90.6 real, 74.5 MB
[runlim] sample:		95.2 time, 100.6 real, 76.9 MB
[runlim] sample:		105.2 time, 110.6 real, 80.1 MB
[runlim] sample:		114.1 time, 120.6 real, 81.7 MB
[runlim] sample:		122.9 time, 130.6 real, 84.0 MB
[runlim] sample:		131.6 time, 140.6 real, 85.0 MB
[runlim] sample:		140.4 time, 150.6 real, 86.3 MB
[runlim] sample:		149.3 time, 160.6 real, 87.3 MB
[runlim] sample:		158.7 time, 170.6 real, 91.1 MB
[runlim] sample:		168.7 time, 180.6 real, 93.2 MB
[runlim] sample:		178.7 time, 190.6 real, 94.2 MB
[runlim] sample:		188.7 time, 200.6 real, 95.8 MB
[runlim] sample:		198.7 time, 210.6 real, 96.8 MB
[runlim] sample:		208.4 time, 220.6 real, 97.8 MB
[runlim] sample:		218.4 time, 230.6 real, 99.4 MB
[runlim] sample:		228.4 time, 240.6 real, 100.1 MB
[runlim] sample:		236.6 time, 250.6 real, 101.2 MB
[runlim] sample:		246.6 time, 260.6 real, 102.2 MB
[runlim] sample:		256.6 time, 270.6 real, 103.0 MB
[runlim] sample:		266.6 time, 280.6 real, 104.3 MB
[runlim] sample:		276.6 time, 290.6 real, 105.3 MB
[runlim] sample:		286.6 time, 300.6 real, 106.6 MB
[runlim] end:			Tue Jan 29 17:04:38 2019
[runlim] status:		signal(9)
[runlim] result:		11
[runlim] children:		0
[runlim] real:			309.30 seconds
[runlim] time:			295.22 seconds
[runlim] space:			107.6 MB
[runlim] samples:		3086
