[runlim] version:		1.10fixed
[runlim] time limit:		300 seconds
[runlim] real time limit:	311040000 seconds
[runlim] space limit:		4000 MB
[runlim] argv[0]:		./cvc4
[runlim] argv[1]:		--fmf-fun-rlv
[runlim] argv[2]:		/tmp/B5VagOAx.smt2
[runlim] start:			Tue Jan 29 17:23:29 2019
[runlim] main pid:		3081
[runlim] sample:		9.0 time, 10.2 real, 60.7 MB
[runlim] sample:		18.0 time, 20.2 real, 143.5 MB
[runlim] sample:		27.5 time, 30.2 real, 448.9 MB
[runlim] sample:		37.5 time, 40.2 real, 695.5 MB
[runlim] sample:		47.5 time, 50.2 real, 800.7 MB
[runlim] sample:		57.5 time, 60.2 real, 800.7 MB
[runlim] sample:		67.5 time, 70.2 real, 800.9 MB
[runlim] sample:		77.5 time, 80.2 real, 801.2 MB
[runlim] sample:		87.5 time, 90.2 real, 801.2 MB
[runlim] sample:		97.5 time, 100.2 real, 801.2 MB
[runlim] sample:		107.5 time, 110.2 real, 801.2 MB
[runlim] sample:		117.5 time, 120.2 real, 801.2 MB
[runlim] sample:		127.4 time, 130.2 real, 801.4 MB
[runlim] sample:		137.4 time, 140.2 real, 801.4 MB
[runlim] sample:		147.4 time, 150.2 real, 801.4 MB
[runlim] sample:		157.4 time, 160.2 real, 801.7 MB
[runlim] sample:		167.4 time, 170.2 real, 801.7 MB
[runlim] sample:		177.4 time, 180.2 real, 801.7 MB
[runlim] sample:		187.4 time, 190.2 real, 801.9 MB
[runlim] sample:		197.4 time, 200.2 real, 801.9 MB
[runlim] sample:		207.4 time, 210.2 real, 801.9 MB
[runlim] sample:		217.4 time, 220.2 real, 802.2 MB
[runlim] sample:		227.4 time, 230.2 real, 802.2 MB
[runlim] sample:		237.4 time, 240.2 real, 802.2 MB
[runlim] sample:		247.4 time, 250.2 real, 802.5 MB
[runlim] sample:		257.4 time, 260.2 real, 802.5 MB
[runlim] sample:		267.4 time, 270.2 real, 802.5 MB
[runlim] sample:		277.4 time, 280.2 real, 802.7 MB
[runlim] sample:		287.4 time, 290.2 real, 802.7 MB
[runlim] sample:		297.4 time, 300.2 real, 802.7 MB
CVC4 interrupted by SIGTERM.
[runlim] end:			Tue Jan 29 17:28:31 2019
[runlim] status:		out of time
[runlim] result:		2
[runlim] children:		0
[runlim] real:			302.90 seconds
[runlim] time:			300.02 seconds
[runlim] space:			802.7 MB
[runlim] samples:		3026
