[runlim] version:		1.10fixed
[runlim] time limit:		300 seconds
[runlim] real time limit:	311040000 seconds
[runlim] space limit:		4000 MB
[runlim] argv[0]:		./cvc4
[runlim] argv[1]:		--fmf-fun-rlv
[runlim] argv[2]:		/tmp/KPghZ3a9.smt2
[runlim] start:			Tue Feb  5 13:50:16 2019
[runlim] main pid:		1563
[runlim] sample:		10.0 time, 10.3 real, 51.2 MB
[runlim] sample:		20.0 time, 20.3 real, 278.0 MB
[runlim] sample:		29.9 time, 30.3 real, 563.8 MB
[runlim] sample:		39.2 time, 40.3 real, 686.8 MB
[runlim] sample:		48.6 time, 50.3 real, 687.3 MB
[runlim] sample:		58.0 time, 60.3 real, 687.3 MB
[runlim] sample:		67.4 time, 70.3 real, 687.6 MB
[runlim] sample:		76.8 time, 80.3 real, 687.8 MB
[runlim] sample:		86.6 time, 90.3 real, 687.8 MB
[runlim] sample:		96.6 time, 100.3 real, 688.1 MB
[runlim] sample:		106.2 time, 110.3 real, 688.3 MB
[runlim] sample:		115.6 time, 120.3 real, 688.3 MB
[runlim] sample:		125.0 time, 130.3 real, 688.6 MB
[runlim] sample:		134.4 time, 140.3 real, 688.8 MB
[runlim] sample:		143.8 time, 150.3 real, 688.8 MB
[runlim] sample:		153.2 time, 160.3 real, 688.8 MB
[runlim] sample:		162.6 time, 170.3 real, 689.1 MB
[runlim] sample:		172.2 time, 180.3 real, 689.1 MB
[runlim] sample:		182.2 time, 190.3 real, 689.4 MB
[runlim] sample:		192.2 time, 200.3 real, 689.6 MB
[runlim] sample:		202.2 time, 210.3 real, 689.6 MB
[runlim] sample:		212.2 time, 220.3 real, 689.9 MB
[runlim] sample:		221.9 time, 230.3 real, 690.1 MB
[runlim] sample:		231.7 time, 240.3 real, 690.1 MB
[runlim] sample:		240.1 time, 250.3 real, 690.4 MB
[runlim] sample:		249.4 time, 260.3 real, 690.9 MB
[runlim] sample:		257.7 time, 270.3 real, 691.2 MB
[runlim] sample:		266.9 time, 280.3 real, 691.4 MB
[runlim] sample:		275.4 time, 290.3 real, 691.4 MB
[runlim] sample:		284.2 time, 300.3 real, 691.7 MB
[runlim] sample:		293.5 time, 310.3 real, 691.9 MB
CVC4 interrupted by SIGTERM.
[runlim] end:			Tue Feb  5 13:55:32 2019
[runlim] status:		out of time
[runlim] result:		2
[runlim] children:		0
[runlim] real:			316.98 seconds
[runlim] time:			300.06 seconds
[runlim] space:			691.9 MB
[runlim] samples:		3166
