[runlim] version:		1.10fixed
[runlim] time limit:		300 seconds
[runlim] real time limit:	311040000 seconds
[runlim] space limit:		4000 MB
[runlim] argv[0]:		./cvc4
[runlim] argv[1]:		--fmf-fun-rlv
[runlim] argv[2]:		/tmp/sQDNurzy.smt2
[runlim] start:			Tue Jan 29 17:20:52 2019
[runlim] main pid:		31956
[runlim] sample:		9.3 time, 10.9 real, 150.1 MB
[runlim] sample:		19.3 time, 20.9 real, 354.1 MB
[runlim] sample:		29.3 time, 30.9 real, 395.1 MB
[runlim] sample:		39.1 time, 40.9 real, 395.9 MB
[runlim] sample:		49.0 time, 50.9 real, 535.5 MB
[runlim] sample:		59.0 time, 60.9 real, 561.0 MB
[runlim] sample:		69.0 time, 70.9 real, 827.3 MB
[runlim] sample:		79.0 time, 80.9 real, 958.3 MB
[runlim] sample:		88.9 time, 90.9 real, 1001.6 MB
[runlim] sample:		98.9 time, 100.9 real, 1007.0 MB
[runlim] sample:		108.8 time, 110.9 real, 1007.6 MB
[runlim] sample:		117.5 time, 120.9 real, 1018.9 MB
[runlim] sample:		126.1 time, 130.9 real, 1018.9 MB
[runlim] sample:		136.1 time, 140.9 real, 1018.9 MB
[runlim] sample:		146.1 time, 150.9 real, 1018.9 MB
[runlim] sample:		156.1 time, 160.9 real, 1021.2 MB
[runlim] sample:		166.1 time, 170.9 real, 1021.2 MB
[runlim] sample:		176.1 time, 180.9 real, 1021.2 MB
[runlim] sample:		186.1 time, 190.9 real, 1021.2 MB
[runlim] sample:		196.1 time, 200.9 real, 1043.1 MB
[runlim] sample:		206.1 time, 210.9 real, 1356.9 MB
[runlim] sample:		216.1 time, 220.9 real, 1357.1 MB
[runlim] sample:		226.1 time, 230.9 real, 1358.9 MB
[runlim] sample:		236.1 time, 240.9 real, 1360.5 MB
[runlim] sample:		246.1 time, 250.9 real, 1362.0 MB
[runlim] sample:		256.1 time, 260.9 real, 1363.3 MB
[runlim] sample:		266.1 time, 270.9 real, 1364.6 MB
[runlim] sample:		276.1 time, 280.9 real, 1365.6 MB
[runlim] sample:		286.1 time, 290.9 real, 1366.7 MB
[runlim] sample:		296.1 time, 300.9 real, 1367.7 MB
CVC4 interrupted by SIGTERM.
[runlim] end:			Tue Jan 29 17:25:56 2019
[runlim] status:		out of time
[runlim] result:		2
[runlim] children:		0
[runlim] real:			304.94 seconds
[runlim] time:			300.06 seconds
[runlim] space:			1368.2 MB
[runlim] samples:		3040
