[runlim] version:		1.10fixed
[runlim] time limit:		300 seconds
[runlim] real time limit:	311040000 seconds
[runlim] space limit:		4000 MB
[runlim] argv[0]:		./cvc4
[runlim] argv[1]:		--fmf-fun-rlv
[runlim] argv[2]:		/tmp/79IkQi8L.smt2
[runlim] start:			Tue Jan 29 17:23:34 2019
[runlim] main pid:		17011
[runlim] sample:		9.2 time, 10.8 real, 61.5 MB
[runlim] sample:		18.6 time, 20.8 real, 266.8 MB
[runlim] sample:		27.5 time, 30.8 real, 508.3 MB
[runlim] sample:		35.5 time, 40.8 real, 658.7 MB
[runlim] sample:		43.9 time, 50.8 real, 700.2 MB
[runlim] sample:		53.6 time, 60.8 real, 700.5 MB
[runlim] sample:		63.5 time, 70.8 real, 700.5 MB
[runlim] sample:		73.5 time, 80.8 real, 700.5 MB
[runlim] sample:		83.4 time, 90.8 real, 700.5 MB
[runlim] sample:		93.4 time, 100.8 real, 700.7 MB
[runlim] sample:		103.4 time, 110.8 real, 701.0 MB
[runlim] sample:		113.4 time, 120.8 real, 701.0 MB
[runlim] sample:		123.4 time, 130.8 real, 701.2 MB
[runlim] sample:		133.4 time, 140.8 real, 701.2 MB
[runlim] sample:		143.4 time, 150.8 real, 701.2 MB
[runlim] sample:		153.4 time, 160.8 real, 701.5 MB
[runlim] sample:		163.4 time, 170.8 real, 701.5 MB
[runlim] sample:		173.4 time, 180.8 real, 701.8 MB
[runlim] sample:		183.4 time, 190.8 real, 701.8 MB
[runlim] sample:		193.4 time, 200.8 real, 702.0 MB
[runlim] sample:		203.4 time, 210.8 real, 702.0 MB
[runlim] sample:		213.4 time, 220.8 real, 702.0 MB
[runlim] sample:		223.4 time, 230.8 real, 702.3 MB
[runlim] sample:		233.4 time, 240.8 real, 702.3 MB
[runlim] sample:		243.4 time, 250.8 real, 702.5 MB
[runlim] sample:		253.4 time, 260.8 real, 702.5 MB
[runlim] sample:		263.4 time, 270.8 real, 702.8 MB
[runlim] sample:		273.4 time, 280.8 real, 702.8 MB
[runlim] sample:		283.4 time, 290.8 real, 702.8 MB
[runlim] sample:		293.4 time, 300.8 real, 702.8 MB
CVC4 interrupted by SIGTERM.
[runlim] end:			Tue Jan 29 17:28:41 2019
[runlim] status:		out of time
[runlim] result:		2
[runlim] children:		0
[runlim] real:			307.54 seconds
[runlim] time:			300.10 seconds
[runlim] space:			702.8 MB
[runlim] samples:		3067
