[runlim] version:		1.10fixed
[runlim] time limit:		300 seconds
[runlim] real time limit:	311040000 seconds
[runlim] space limit:		4000 MB
[runlim] argv[0]:		./cvc4
[runlim] argv[1]:		--fmf-fun-rlv
[runlim] argv[2]:		/tmp/kKRrnCca.smt2
[runlim] start:			Tue Feb  5 13:49:05 2019
[runlim] main pid:		15290
/tmp/kKRrnCca.smt2:4.12: No set-logic command was given before this point.
/tmp/kKRrnCca.smt2:4.12: CVC4 will make all theories available.
/tmp/kKRrnCca.smt2:4.12: Consider setting a stricter logic for (likely) better performance.
/tmp/kKRrnCca.smt2:4.12: To suppress this warning in the future use (set-logic ALL).
[runlim] sample:		9.3 time, 10.1 real, 36.3 MB
[runlim] sample:		19.1 time, 20.1 real, 46.9 MB
[runlim] sample:		29.0 time, 30.1 real, 58.7 MB
[runlim] sample:		39.0 time, 40.1 real, 65.9 MB
[runlim] sample:		49.0 time, 50.1 real, 67.8 MB
[runlim] sample:		59.0 time, 60.1 real, 69.1 MB
[runlim] sample:		69.0 time, 70.1 real, 71.2 MB
[runlim] sample:		79.0 time, 80.1 real, 71.2 MB
[runlim] sample:		89.0 time, 90.1 real, 72.1 MB
[runlim] sample:		99.0 time, 100.1 real, 72.1 MB
[runlim] sample:		107.6 time, 110.1 real, 73.3 MB
[runlim] sample:		116.2 time, 120.1 real, 73.3 MB
[runlim] sample:		125.1 time, 130.1 real, 73.5 MB
[runlim] sample:		134.8 time, 140.1 real, 73.5 MB
[runlim] sample:		144.1 time, 150.1 real, 73.8 MB
[runlim] sample:		152.7 time, 160.1 real, 76.6 MB
[runlim] sample:		161.4 time, 170.1 real, 77.1 MB
[runlim] sample:		170.0 time, 180.1 real, 79.4 MB
[runlim] sample:		178.6 time, 190.1 real, 79.9 MB
[runlim] sample:		187.3 time, 200.1 real, 81.0 MB
[runlim] sample:		196.3 time, 210.1 real, 81.2 MB
[runlim] sample:		204.8 time, 220.1 real, 81.5 MB
[runlim] sample:		213.3 time, 230.1 real, 81.5 MB
[runlim] sample:		222.3 time, 240.1 real, 81.7 MB
[runlim] sample:		231.3 time, 250.1 real, 82.0 MB
[runlim] sample:		241.3 time, 260.1 real, 82.5 MB
[runlim] sample:		251.3 time, 270.1 real, 85.1 MB
[runlim] sample:		261.3 time, 280.1 real, 85.1 MB
[runlim] sample:		271.3 time, 290.1 real, 85.1 MB
[runlim] sample:		281.3 time, 300.1 real, 85.1 MB
[runlim] sample:		291.3 time, 310.1 real, 85.4 MB
CVC4 interrupted by SIGTERM.
[runlim] end:			Tue Feb  5 13:54:23 2019
[runlim] status:		out of time
[runlim] result:		2
[runlim] children:		0
[runlim] real:			318.89 seconds
[runlim] time:			300.10 seconds
[runlim] space:			85.6 MB
[runlim] samples:		3188
