[runlim] version:		1.10fixed
[runlim] time limit:		300 seconds
[runlim] real time limit:	311040000 seconds
[runlim] space limit:		4000 MB
[runlim] argv[0]:		./cvc4
[runlim] argv[1]:		--fmf-fun-rlv
[runlim] argv[2]:		/tmp/yvh3G4MY.smt2
[runlim] start:			Tue Jan 29 17:20:57 2019
[runlim] main pid:		10063
[runlim] sample:		8.7 time, 10.3 real, 42.1 MB
[runlim] sample:		18.4 time, 20.3 real, 47.0 MB
[runlim] sample:		26.9 time, 30.3 real, 49.5 MB
[runlim] sample:		36.8 time, 40.3 real, 54.4 MB
[runlim] sample:		46.8 time, 50.3 real, 54.6 MB
[runlim] sample:		56.8 time, 60.3 real, 56.1 MB
[runlim] sample:		66.8 time, 70.3 real, 56.8 MB
[runlim] sample:		76.8 time, 80.3 real, 58.6 MB
[runlim] sample:		86.8 time, 90.3 real, 59.8 MB
[runlim] sample:		96.8 time, 100.3 real, 61.9 MB
[runlim] sample:		106.8 time, 110.3 real, 63.4 MB
[runlim] sample:		116.8 time, 120.3 real, 66.7 MB
[runlim] sample:		126.8 time, 130.3 real, 67.2 MB
[runlim] sample:		136.8 time, 140.3 real, 67.7 MB
[runlim] sample:		146.8 time, 150.3 real, 70.2 MB
[runlim] sample:		156.8 time, 160.3 real, 77.9 MB
[runlim] sample:		166.8 time, 170.3 real, 78.4 MB
[runlim] sample:		176.8 time, 180.3 real, 82.2 MB
[runlim] sample:		186.7 time, 190.3 real, 82.9 MB
[runlim] sample:		196.7 time, 200.3 real, 83.8 MB
[runlim] sample:		206.7 time, 210.3 real, 85.1 MB
[runlim] sample:		216.7 time, 220.3 real, 88.0 MB
[runlim] sample:		226.7 time, 230.3 real, 88.7 MB
[runlim] sample:		236.7 time, 240.3 real, 90.5 MB
[runlim] sample:		246.7 time, 250.3 real, 90.9 MB
[runlim] sample:		256.7 time, 260.3 real, 92.2 MB
[runlim] sample:		266.7 time, 270.3 real, 94.2 MB
[runlim] sample:		276.7 time, 280.3 real, 98.2 MB
[runlim] sample:		286.7 time, 290.3 real, 105.6 MB
[runlim] sample:		296.7 time, 300.3 real, 107.3 MB
CVC4 interrupted by SIGTERM.
[runlim] end:			Tue Jan 29 17:26:00 2019
[runlim] status:		out of time
[runlim] result:		2
[runlim] children:		0
[runlim] real:			303.70 seconds
[runlim] time:			300.06 seconds
[runlim] space:			107.5 MB
[runlim] samples:		3034
