[runlim] version:		1.10fixed
[runlim] time limit:		300 seconds
[runlim] real time limit:	311040000 seconds
[runlim] space limit:		4000 MB
[runlim] argv[0]:		./cvc4
[runlim] argv[1]:		--fmf-fun-rlv
[runlim] argv[2]:		/tmp/L1S5bFAu.smt2
[runlim] start:			Tue Feb  5 10:59:48 2019
[runlim] main pid:		31377
[runlim] sample:		8.9 time, 10.1 real, 45.7 MB
[runlim] sample:		18.9 time, 20.1 real, 176.2 MB
[runlim] sample:		28.9 time, 30.1 real, 497.7 MB
[runlim] sample:		38.9 time, 40.1 real, 669.3 MB
[runlim] sample:		48.9 time, 50.1 real, 688.9 MB
[runlim] sample:		58.9 time, 60.1 real, 688.9 MB
[runlim] sample:		68.8 time, 70.1 real, 689.2 MB
[runlim] sample:		76.5 time, 80.1 real, 689.4 MB
[runlim] sample:		84.5 time, 90.1 real, 689.4 MB
[runlim] sample:		94.5 time, 100.1 real, 689.7 MB
[runlim] sample:		104.5 time, 110.1 real, 689.9 MB
[runlim] sample:		114.5 time, 120.1 real, 689.9 MB
[runlim] sample:		124.5 time, 130.1 real, 689.9 MB
[runlim] sample:		134.5 time, 140.1 real, 690.2 MB
[runlim] sample:		144.5 time, 150.1 real, 690.2 MB
[runlim] sample:		154.5 time, 160.1 real, 690.4 MB
[runlim] sample:		164.5 time, 170.1 real, 690.7 MB
[runlim] sample:		174.5 time, 180.1 real, 690.7 MB
[runlim] sample:		184.5 time, 190.1 real, 691.0 MB
[runlim] sample:		194.5 time, 200.1 real, 691.2 MB
[runlim] sample:		204.5 time, 210.1 real, 691.2 MB
[runlim] sample:		214.5 time, 220.1 real, 691.5 MB
[runlim] sample:		224.5 time, 230.1 real, 691.7 MB
[runlim] sample:		233.7 time, 240.1 real, 692.0 MB
[runlim] sample:		243.7 time, 250.1 real, 692.2 MB
[runlim] sample:		253.7 time, 260.1 real, 692.8 MB
[runlim] sample:		263.7 time, 270.1 real, 693.0 MB
[runlim] sample:		273.7 time, 280.1 real, 693.0 MB
[runlim] sample:		283.7 time, 290.1 real, 693.0 MB
[runlim] sample:		293.7 time, 300.1 real, 693.3 MB
CVC4 interrupted by SIGTERM.
[runlim] end:			Tue Feb  5 11:04:54 2019
[runlim] status:		out of time
[runlim] result:		2
[runlim] children:		0
[runlim] real:			306.43 seconds
[runlim] time:			300.04 seconds
[runlim] space:			693.3 MB
[runlim] samples:		3063
