[runlim] version:		1.10fixed
[runlim] time limit:		300 seconds
[runlim] real time limit:	311040000 seconds
[runlim] space limit:		4000 MB
[runlim] argv[0]:		./cvc4
[runlim] argv[1]:		--fmf-fun-rlv
[runlim] argv[2]:		/tmp/9eA6owQn.smt2
[runlim] start:			Tue Feb  5 10:59:25 2019
[runlim] main pid:		17693
/tmp/9eA6owQn.smt2:4.12: No set-logic command was given before this point.
/tmp/9eA6owQn.smt2:4.12: CVC4 will make all theories available.
/tmp/9eA6owQn.smt2:4.12: Consider setting a stricter logic for (likely) better performance.
/tmp/9eA6owQn.smt2:4.12: To suppress this warning in the future use (set-logic ALL).
[runlim] sample:		9.5 time, 10.4 real, 37.6 MB
[runlim] sample:		19.5 time, 20.4 real, 49.1 MB
[runlim] sample:		29.5 time, 30.4 real, 53.8 MB
[runlim] sample:		39.4 time, 40.4 real, 56.0 MB
[runlim] sample:		49.1 time, 50.4 real, 57.3 MB
[runlim] sample:		57.8 time, 60.4 real, 58.8 MB
[runlim] sample:		66.7 time, 70.4 real, 59.4 MB
[runlim] sample:		76.7 time, 80.4 real, 61.2 MB
[runlim] sample:		86.7 time, 90.4 real, 62.2 MB
[runlim] sample:		96.7 time, 100.4 real, 63.2 MB
[runlim] sample:		106.7 time, 110.4 real, 65.2 MB
[runlim] sample:		116.7 time, 120.4 real, 66.8 MB
[runlim] sample:		126.7 time, 130.4 real, 67.0 MB
[runlim] sample:		135.5 time, 140.4 real, 67.8 MB
[runlim] sample:		144.0 time, 150.4 real, 68.5 MB
[runlim] sample:		153.4 time, 160.4 real, 68.8 MB
[runlim] sample:		161.9 time, 170.4 real, 72.6 MB
[runlim] sample:		170.7 time, 180.4 real, 72.9 MB
[runlim] sample:		180.2 time, 190.4 real, 73.1 MB
[runlim] sample:		190.2 time, 200.4 real, 73.6 MB
[runlim] sample:		200.2 time, 210.4 real, 73.8 MB
[runlim] sample:		210.2 time, 220.4 real, 75.9 MB
[runlim] sample:		220.2 time, 230.4 real, 77.2 MB
[runlim] sample:		230.2 time, 240.4 real, 80.1 MB
[runlim] sample:		239.4 time, 250.4 real, 80.6 MB
[runlim] sample:		248.5 time, 260.4 real, 82.4 MB
[runlim] sample:		258.5 time, 270.4 real, 83.1 MB
[runlim] sample:		268.5 time, 280.4 real, 83.6 MB
[runlim] sample:		277.5 time, 290.4 real, 83.9 MB
[runlim] sample:		286.1 time, 300.4 real, 84.1 MB
[runlim] sample:		295.8 time, 310.4 real, 84.6 MB
CVC4 interrupted by SIGTERM.
[runlim] end:			Tue Feb  5 11:04:39 2019
[runlim] status:		out of time
[runlim] result:		2
[runlim] children:		0
[runlim] real:			314.79 seconds
[runlim] time:			300.09 seconds
[runlim] space:			84.6 MB
[runlim] samples:		3144
