[runlim] version:		1.10fixed
[runlim] time limit:		300 seconds
[runlim] real time limit:	311040000 seconds
[runlim] space limit:		4000 MB
[runlim] argv[0]:		./cvc4
[runlim] argv[1]:		--fmf-fun-rlv
[runlim] argv[2]:		/tmp/UjEaSU8G.smt2
[runlim] start:			Tue Feb  5 10:55:59 2019
[runlim] main pid:		28925
[runlim] sample:		8.5 time, 10.3 real, 133.1 MB
[runlim] sample:		17.4 time, 20.3 real, 230.7 MB
[runlim] sample:		26.4 time, 30.3 real, 381.4 MB
[runlim] sample:		35.6 time, 40.3 real, 421.8 MB
[runlim] sample:		45.6 time, 50.3 real, 643.6 MB
[runlim] sample:		55.6 time, 60.3 real, 858.4 MB
[runlim] sample:		65.6 time, 70.3 real, 858.7 MB
[runlim] sample:		75.6 time, 80.3 real, 858.7 MB
[runlim] sample:		85.6 time, 90.3 real, 891.9 MB
[runlim] sample:		95.6 time, 100.3 real, 896.8 MB
[runlim] sample:		105.6 time, 110.3 real, 1145.1 MB
[runlim] sample:		115.6 time, 120.3 real, 1441.9 MB
[runlim] sample:		125.6 time, 130.3 real, 1538.5 MB
[runlim] sample:		135.6 time, 140.3 real, 1538.5 MB
[runlim] sample:		145.6 time, 150.3 real, 1538.5 MB
[runlim] sample:		155.6 time, 160.3 real, 1538.5 MB
[runlim] sample:		165.6 time, 170.3 real, 1546.8 MB
[runlim] sample:		175.6 time, 180.3 real, 1546.8 MB
[runlim] sample:		185.6 time, 190.3 real, 1546.8 MB
[runlim] sample:		195.1 time, 200.3 real, 1546.8 MB
[runlim] sample:		203.5 time, 210.3 real, 1546.8 MB
[runlim] sample:		213.1 time, 220.3 real, 1546.8 MB
[runlim] sample:		223.1 time, 230.3 real, 1546.8 MB
[runlim] sample:		233.1 time, 240.3 real, 1546.8 MB
[runlim] sample:		241.9 time, 250.3 real, 1546.8 MB
[runlim] sample:		250.9 time, 260.3 real, 1558.9 MB
[runlim] sample:		260.9 time, 270.3 real, 1571.5 MB
[runlim] sample:		269.8 time, 280.3 real, 1571.5 MB
[runlim] sample:		279.2 time, 290.3 real, 1571.5 MB
[runlim] sample:		288.7 time, 300.3 real, 1571.7 MB
[runlim] sample:		298.5 time, 310.3 real, 1571.7 MB
CVC4 interrupted by SIGTERM.
[runlim] end:			Tue Feb  5 11:01:11 2019
[runlim] status:		out of time
[runlim] result:		2
[runlim] children:		0
[runlim] real:			312.01 seconds
[runlim] time:			300.06 seconds
[runlim] space:			1571.7 MB
[runlim] samples:		3116
