[runlim] version:		1.10fixed
[runlim] time limit:		300 seconds
[runlim] real time limit:	311040000 seconds
[runlim] space limit:		4000 MB
[runlim] argv[0]:		./cvc4
[runlim] argv[1]:		--fmf-fun-rlv
[runlim] argv[2]:		/tmp/D5be2SpC.smt2
[runlim] start:			Tue Feb  5 10:59:38 2019
[runlim] main pid:		1272
/tmp/D5be2SpC.smt2:4.12: No set-logic command was given before this point.
/tmp/D5be2SpC.smt2:4.12: CVC4 will make all theories available.
/tmp/D5be2SpC.smt2:4.12: Consider setting a stricter logic for (likely) better performance.
/tmp/D5be2SpC.smt2:4.12: To suppress this warning in the future use (set-logic ALL).
[runlim] sample:		9.1 time, 11.0 real, 43.0 MB
[runlim] sample:		18.2 time, 21.0 real, 47.9 MB
[runlim] sample:		26.9 time, 31.0 real, 50.4 MB
[runlim] sample:		35.5 time, 41.0 real, 52.7 MB
[runlim] sample:		43.1 time, 51.0 real, 53.7 MB
[runlim] sample:		51.6 time, 61.0 real, 54.7 MB
[runlim] sample:		61.0 time, 71.0 real, 55.5 MB
[runlim] sample:		70.6 time, 81.0 real, 57.0 MB
[runlim] sample:		79.7 time, 91.0 real, 58.3 MB
[runlim] sample:		88.2 time, 101.0 real, 58.6 MB
[runlim] sample:		96.9 time, 111.0 real, 59.1 MB
[runlim] sample:		105.5 time, 121.0 real, 59.3 MB
[runlim] sample:		114.4 time, 131.0 real, 60.3 MB
[runlim] sample:		123.7 time, 141.0 real, 63.1 MB
[runlim] sample:		133.1 time, 151.0 real, 63.4 MB
[runlim] sample:		142.5 time, 161.0 real, 63.6 MB
[runlim] sample:		151.8 time, 171.0 real, 64.9 MB
[runlim] sample:		161.2 time, 181.0 real, 65.6 MB
[runlim] sample:		170.6 time, 191.0 real, 67.4 MB
[runlim] sample:		180.0 time, 201.0 real, 68.8 MB
[runlim] sample:		189.5 time, 211.0 real, 69.2 MB
[runlim] sample:		199.0 time, 221.0 real, 69.2 MB
[runlim] sample:		209.0 time, 231.0 real, 69.5 MB
[runlim] sample:		219.0 time, 241.0 real, 69.7 MB
[runlim] sample:		229.0 time, 251.0 real, 70.2 MB
[runlim] sample:		239.0 time, 261.0 real, 70.4 MB
[runlim] sample:		249.0 time, 271.0 real, 72.8 MB
[runlim] sample:		258.4 time, 281.0 real, 73.0 MB
[runlim] sample:		266.6 time, 291.0 real, 75.8 MB
[runlim] sample:		276.3 time, 301.0 real, 76.0 MB
[runlim] sample:		286.0 time, 311.0 real, 76.3 MB
[runlim] sample:		295.6 time, 321.0 real, 76.5 MB
[runlim] end:			Tue Feb  5 11:05:01 2019
[runlim] status:		signal(9)
[runlim] result:		11
[runlim] children:		0
[runlim] real:			323.48 seconds
[runlim] time:			297.96 seconds
[runlim] space:			76.5 MB
[runlim] samples:		3224
