[runlim] version:		1.10fixed
[runlim] time limit:		300 seconds
[runlim] real time limit:	311040000 seconds
[runlim] space limit:		4000 MB
[runlim] argv[0]:		./cvc4
[runlim] argv[1]:		--fmf-fun-rlv
[runlim] argv[2]:		/tmp/AYg4o5er.smt2
[runlim] start:			Tue Jan 29 17:22:56 2019
[runlim] main pid:		31792
[runlim] sample:		8.0 time, 10.5 real, 58.7 MB
[runlim] sample:		17.1 time, 20.5 real, 89.6 MB
[runlim] sample:		26.9 time, 30.5 real, 418.5 MB
[runlim] sample:		36.8 time, 40.5 real, 664.1 MB
[runlim] sample:		46.5 time, 50.5 real, 841.3 MB
[runlim] sample:		56.2 time, 60.5 real, 881.3 MB
[runlim] sample:		65.9 time, 70.5 real, 881.3 MB
[runlim] sample:		75.6 time, 80.5 real, 881.5 MB
[runlim] sample:		85.3 time, 90.5 real, 881.5 MB
[runlim] sample:		95.0 time, 100.5 real, 881.8 MB
[runlim] sample:		104.7 time, 110.5 real, 881.8 MB
[runlim] sample:		114.4 time, 120.5 real, 881.8 MB
[runlim] sample:		124.1 time, 130.5 real, 882.1 MB
[runlim] sample:		134.0 time, 140.5 real, 882.1 MB
[runlim] sample:		143.1 time, 150.5 real, 882.1 MB
[runlim] sample:		152.8 time, 160.5 real, 882.3 MB
[runlim] sample:		162.7 time, 170.5 real, 882.3 MB
[runlim] sample:		172.7 time, 180.5 real, 882.3 MB
[runlim] sample:		182.7 time, 190.5 real, 882.3 MB
[runlim] sample:		192.7 time, 200.5 real, 882.3 MB
[runlim] sample:		202.7 time, 210.5 real, 882.3 MB
[runlim] sample:		212.7 time, 220.5 real, 882.3 MB
[runlim] sample:		222.7 time, 230.5 real, 882.6 MB
[runlim] sample:		232.7 time, 240.5 real, 882.6 MB
[runlim] sample:		242.7 time, 250.5 real, 882.6 MB
[runlim] sample:		252.7 time, 260.5 real, 882.6 MB
[runlim] sample:		262.7 time, 270.5 real, 882.8 MB
[runlim] sample:		272.7 time, 280.5 real, 882.8 MB
[runlim] sample:		282.7 time, 290.5 real, 882.8 MB
[runlim] sample:		292.7 time, 300.5 real, 883.1 MB
[runlim] end:			Tue Jan 29 17:28:03 2019
[runlim] status:		signal(9)
[runlim] result:		11
[runlim] children:		0
[runlim] real:			307.21 seconds
[runlim] time:			299.30 seconds
[runlim] space:			883.1 MB
[runlim] samples:		3066
