[runlim] version:		1.10fixed
[runlim] time limit:		300 seconds
[runlim] real time limit:	311040000 seconds
[runlim] space limit:		4000 MB
[runlim] argv[0]:		./cvc4
[runlim] argv[1]:		--fmf-fun-rlv
[runlim] argv[2]:		/tmp/ugVMiqOB.smt2
[runlim] start:			Tue Jan 29 17:23:07 2019
[runlim] main pid:		1872
[runlim] sample:		8.6 time, 10.3 real, 60.2 MB
[runlim] sample:		16.4 time, 20.3 real, 123.1 MB
[runlim] sample:		25.1 time, 30.3 real, 408.0 MB
[runlim] sample:		34.5 time, 40.3 real, 644.9 MB
[runlim] sample:		43.8 time, 50.3 real, 793.6 MB
[runlim] sample:		53.4 time, 60.3 real, 794.8 MB
[runlim] sample:		63.4 time, 70.3 real, 795.3 MB
[runlim] sample:		73.4 time, 80.3 real, 795.8 MB
[runlim] sample:		83.4 time, 90.3 real, 796.4 MB
[runlim] sample:		93.3 time, 100.3 real, 796.6 MB
[runlim] sample:		103.3 time, 110.3 real, 797.8 MB
[runlim] sample:		113.3 time, 120.3 real, 800.1 MB
[runlim] sample:		123.3 time, 130.3 real, 800.6 MB
[runlim] sample:		133.3 time, 140.3 real, 801.6 MB
[runlim] sample:		143.3 time, 150.3 real, 803.1 MB
[runlim] sample:		153.3 time, 160.3 real, 803.3 MB
[runlim] sample:		163.3 time, 170.3 real, 803.5 MB
[runlim] sample:		173.3 time, 180.3 real, 804.7 MB
[runlim] sample:		183.3 time, 190.3 real, 805.0 MB
[runlim] sample:		193.3 time, 200.3 real, 805.2 MB
[runlim] sample:		203.3 time, 210.3 real, 805.6 MB
[runlim] sample:		213.3 time, 220.3 real, 805.8 MB
[runlim] sample:		223.3 time, 230.3 real, 806.3 MB
[runlim] sample:		233.3 time, 240.3 real, 806.5 MB
[runlim] sample:		243.3 time, 250.3 real, 810.1 MB
[runlim] sample:		253.3 time, 260.3 real, 810.5 MB
[runlim] sample:		263.3 time, 270.3 real, 811.0 MB
[runlim] sample:		273.3 time, 280.3 real, 811.5 MB
[runlim] sample:		283.3 time, 290.3 real, 811.9 MB
[runlim] sample:		293.3 time, 300.3 real, 812.4 MB
[runlim] end:			Tue Jan 29 17:28:14 2019
[runlim] status:		out of time
[runlim] result:		2
[runlim] children:		0
[runlim] real:			307.09 seconds
[runlim] time:			300.00 seconds
[runlim] space:			812.7 MB
[runlim] samples:		3067
