[runlim] version:		1.10fixed
[runlim] time limit:		300 seconds
[runlim] real time limit:	311040000 seconds
[runlim] space limit:		4000 MB
[runlim] argv[0]:		./cvc4
[runlim] argv[1]:		--fmf-fun-rlv
[runlim] argv[2]:		/tmp/DZ3VpNde.smt2
[runlim] start:			Tue Feb  5 10:58:34 2019
[runlim] main pid:		27079
/tmp/DZ3VpNde.smt2:4.12: No set-logic command was given before this point.
/tmp/DZ3VpNde.smt2:4.12: CVC4 will make all theories available.
/tmp/DZ3VpNde.smt2:4.12: Consider setting a stricter logic for (likely) better performance.
/tmp/DZ3VpNde.smt2:4.12: To suppress this warning in the future use (set-logic ALL).
[runlim] sample:		8.7 time, 10.7 real, 41.4 MB
[runlim] sample:		17.4 time, 20.7 real, 49.1 MB
[runlim] sample:		26.1 time, 30.7 real, 57.4 MB
[runlim] sample:		35.9 time, 40.7 real, 59.7 MB
[runlim] sample:		45.9 time, 50.7 real, 62.0 MB
[runlim] sample:		55.9 time, 60.7 real, 63.6 MB
[runlim] sample:		65.8 time, 70.7 real, 64.3 MB
[runlim] sample:		75.8 time, 80.7 real, 65.1 MB
[runlim] sample:		85.8 time, 90.7 real, 65.6 MB
[runlim] sample:		95.8 time, 100.7 real, 66.1 MB
[runlim] sample:		105.8 time, 110.7 real, 66.9 MB
[runlim] sample:		115.8 time, 120.7 real, 67.4 MB
[runlim] sample:		125.8 time, 130.7 real, 68.5 MB
[runlim] sample:		135.8 time, 140.7 real, 68.8 MB
[runlim] sample:		145.8 time, 150.7 real, 69.6 MB
[runlim] sample:		155.8 time, 160.7 real, 70.1 MB
[runlim] sample:		165.8 time, 170.7 real, 71.1 MB
[runlim] sample:		175.8 time, 180.7 real, 71.1 MB
[runlim] sample:		185.8 time, 190.7 real, 71.6 MB
[runlim] sample:		195.8 time, 200.7 real, 72.4 MB
[runlim] sample:		205.8 time, 210.7 real, 72.9 MB
[runlim] sample:		215.8 time, 220.7 real, 74.2 MB
[runlim] sample:		225.8 time, 230.7 real, 74.5 MB
[runlim] sample:		235.8 time, 240.7 real, 75.0 MB
[runlim] sample:		245.8 time, 250.7 real, 75.7 MB
[runlim] sample:		255.8 time, 260.7 real, 76.8 MB
[runlim] sample:		265.8 time, 270.7 real, 76.8 MB
[runlim] sample:		275.8 time, 280.7 real, 77.5 MB
[runlim] sample:		285.8 time, 290.7 real, 79.1 MB
[runlim] sample:		295.8 time, 300.7 real, 79.7 MB
[runlim] end:			Tue Feb  5 11:03:37 2019
[runlim] status:		signal(9)
[runlim] result:		11
[runlim] children:		0
[runlim] real:			303.89 seconds
[runlim] time:			299.03 seconds
[runlim] space:			79.7 MB
[runlim] samples:		3032
