[runlim] version:		1.10fixed
[runlim] time limit:		300 seconds
[runlim] real time limit:	311040000 seconds
[runlim] space limit:		4000 MB
[runlim] argv[0]:		./cvc4
[runlim] argv[1]:		--fmf-fun-rlv
[runlim] argv[2]:		/tmp/CoKNosVb.smt2
[runlim] start:			Tue Feb  5 10:55:48 2019
[runlim] main pid:		12659
[runlim] sample:		9.4 time, 10.7 real, 178.9 MB
[runlim] sample:		19.1 time, 20.7 real, 591.7 MB
[runlim] sample:		28.8 time, 30.7 real, 768.7 MB
[runlim] sample:		37.7 time, 40.7 real, 788.8 MB
[runlim] sample:		46.9 time, 50.7 real, 788.8 MB
[runlim] sample:		56.1 time, 60.7 real, 788.8 MB
[runlim] sample:		65.7 time, 70.7 real, 788.8 MB
[runlim] sample:		75.3 time, 80.7 real, 788.8 MB
[runlim] sample:		85.3 time, 90.7 real, 788.8 MB
[runlim] sample:		95.3 time, 100.7 real, 788.8 MB
[runlim] sample:		105.2 time, 110.7 real, 965.4 MB
[runlim] sample:		115.0 time, 120.7 real, 1367.6 MB
[runlim] sample:		124.8 time, 130.7 real, 1703.7 MB
[runlim] sample:		133.8 time, 140.7 real, 2105.9 MB
[runlim] sample:		143.0 time, 150.7 real, 2423.6 MB
[runlim] sample:		152.7 time, 160.7 real, 2759.3 MB
[runlim] sample:		162.2 time, 170.7 real, 3085.7 MB
[runlim] sample:		171.7 time, 180.7 real, 3407.7 MB
[runlim] sample:		181.2 time, 190.7 real, 3524.2 MB
[runlim] sample:		191.1 time, 200.7 real, 3524.5 MB
[runlim] sample:		201.1 time, 210.7 real, 3525.8 MB
[runlim] sample:		211.1 time, 220.7 real, 3525.8 MB
[runlim] sample:		221.1 time, 230.7 real, 3525.8 MB
[runlim] sample:		231.1 time, 240.7 real, 3525.8 MB
[runlim] sample:		241.1 time, 250.7 real, 3525.8 MB
[runlim] sample:		251.1 time, 260.7 real, 3525.8 MB
[runlim] sample:		261.1 time, 270.7 real, 3525.8 MB
[runlim] sample:		271.1 time, 280.7 real, 3525.8 MB
[runlim] sample:		280.8 time, 290.7 real, 3547.4 MB
[runlim] sample:		290.4 time, 300.7 real, 3609.3 MB
[runlim] sample:		300.1 time, 310.7 real, 3609.3 MB
CVC4 interrupted by SIGTERM.
[runlim] end:			Tue Feb  5 11:00:58 2019
[runlim] status:		out of time
[runlim] result:		2
[runlim] children:		0
[runlim] real:			310.86 seconds
[runlim] time:			300.15 seconds
[runlim] space:			3609.3 MB
[runlim] samples:		3101
