[runlim] version:		1.10fixed
[runlim] time limit:		300 seconds
[runlim] real time limit:	311040000 seconds
[runlim] space limit:		4000 MB
[runlim] argv[0]:		./cvc4
[runlim] argv[1]:		--fmf-fun-rlv
[runlim] argv[2]:		/tmp/IfI0wJrl.smt2
[runlim] start:			Tue Jan 29 17:20:11 2019
[runlim] main pid:		7249
[runlim] sample:		8.3 time, 10.8 real, 131.3 MB
[runlim] sample:		18.3 time, 20.8 real, 294.2 MB
[runlim] sample:		28.3 time, 30.8 real, 311.7 MB
[runlim] sample:		38.3 time, 40.8 real, 405.9 MB
[runlim] sample:		48.0 time, 50.8 real, 612.1 MB
[runlim] sample:		56.6 time, 60.8 real, 722.9 MB
[runlim] sample:		65.8 time, 70.8 real, 754.6 MB
[runlim] sample:		75.3 time, 80.8 real, 768.2 MB
[runlim] sample:		85.3 time, 90.8 real, 768.2 MB
[runlim] sample:		94.5 time, 100.8 real, 769.0 MB
[runlim] sample:		103.5 time, 110.8 real, 769.0 MB
[runlim] sample:		112.4 time, 120.8 real, 904.5 MB
[runlim] sample:		122.4 time, 130.8 real, 1019.5 MB
[runlim] sample:		132.1 time, 140.8 real, 1021.6 MB
[runlim] sample:		142.1 time, 150.8 real, 1023.4 MB
[runlim] sample:		150.8 time, 160.8 real, 1024.7 MB
[runlim] sample:		159.9 time, 170.8 real, 1025.9 MB
[runlim] sample:		169.9 time, 180.8 real, 1027.2 MB
[runlim] sample:		179.9 time, 190.8 real, 1028.5 MB
[runlim] sample:		189.9 time, 200.8 real, 1029.6 MB
[runlim] sample:		199.9 time, 210.8 real, 1030.6 MB
[runlim] sample:		209.9 time, 220.8 real, 1031.6 MB
[runlim] sample:		219.9 time, 230.8 real, 1046.8 MB
[runlim] sample:		229.9 time, 240.8 real, 1225.8 MB
[runlim] sample:		239.9 time, 250.8 real, 1523.5 MB
[runlim] sample:		249.9 time, 260.8 real, 1571.2 MB
[runlim] sample:		259.9 time, 270.8 real, 1571.2 MB
[runlim] sample:		269.9 time, 280.8 real, 1571.5 MB
[runlim] sample:		279.7 time, 290.8 real, 1626.9 MB
[runlim] sample:		289.6 time, 300.8 real, 1628.2 MB
[runlim] sample:		299.6 time, 310.8 real, 1633.6 MB
CVC4 interrupted by SIGTERM.
[runlim] end:			Tue Jan 29 17:25:22 2019
[runlim] status:		out of time
[runlim] result:		2
[runlim] children:		0
[runlim] real:			311.26 seconds
[runlim] time:			300.02 seconds
[runlim] space:			1633.6 MB
[runlim] samples:		3104
