[runlim] version:		1.10fixed
[runlim] time limit:		300 seconds
[runlim] real time limit:	311040000 seconds
[runlim] space limit:		4000 MB
[runlim] argv[0]:		./cvc4
[runlim] argv[1]:		--fmf-fun-rlv
[runlim] argv[2]:		/tmp/vFKyz0Sa.smt2
[runlim] start:			Tue Feb  5 10:59:28 2019
[runlim] main pid:		3456
/tmp/vFKyz0Sa.smt2:4.12: No set-logic command was given before this point.
/tmp/vFKyz0Sa.smt2:4.12: CVC4 will make all theories available.
/tmp/vFKyz0Sa.smt2:4.12: Consider setting a stricter logic for (likely) better performance.
/tmp/vFKyz0Sa.smt2:4.12: To suppress this warning in the future use (set-logic ALL).
[runlim] sample:		8.6 time, 10.7 real, 44.7 MB
[runlim] sample:		17.2 time, 20.7 real, 51.8 MB
[runlim] sample:		26.9 time, 30.7 real, 54.6 MB
[runlim] sample:		36.7 time, 40.7 real, 59.9 MB
[runlim] sample:		46.7 time, 50.7 real, 65.6 MB
[runlim] sample:		56.7 time, 60.7 real, 67.6 MB
[runlim] sample:		65.4 time, 70.7 real, 76.9 MB
[runlim] sample:		74.4 time, 80.7 real, 79.7 MB
[runlim] sample:		84.4 time, 90.7 real, 81.7 MB
[runlim] sample:		94.4 time, 100.7 real, 82.8 MB
[runlim] sample:		104.4 time, 110.7 real, 86.6 MB
[runlim] sample:		112.8 time, 120.7 real, 87.1 MB
[runlim] sample:		122.8 time, 130.7 real, 89.0 MB
[runlim] sample:		130.8 time, 140.7 real, 89.0 MB
[runlim] sample:		138.8 time, 150.7 real, 90.8 MB
[runlim] sample:		147.7 time, 160.7 real, 91.3 MB
[runlim] sample:		157.7 time, 170.7 real, 94.1 MB
[runlim] sample:		167.7 time, 180.7 real, 95.9 MB
[runlim] sample:		177.7 time, 190.7 real, 96.4 MB
[runlim] sample:		187.7 time, 200.7 real, 98.1 MB
[runlim] sample:		197.7 time, 210.7 real, 99.6 MB
[runlim] sample:		207.7 time, 220.7 real, 100.9 MB
[runlim] sample:		217.7 time, 230.7 real, 102.4 MB
[runlim] sample:		226.6 time, 240.7 real, 104.8 MB
[runlim] sample:		236.4 time, 250.7 real, 104.8 MB
[runlim] sample:		245.3 time, 260.7 real, 108.1 MB
[runlim] sample:		255.3 time, 270.7 real, 110.3 MB
[runlim] sample:		265.3 time, 280.7 real, 110.6 MB
[runlim] sample:		275.3 time, 290.7 real, 110.6 MB
[runlim] sample:		285.3 time, 300.7 real, 110.8 MB
[runlim] sample:		295.3 time, 310.7 real, 110.8 MB
[runlim] end:			Tue Feb  5 11:04:41 2019
[runlim] status:		signal(9)
[runlim] result:		11
[runlim] children:		0
[runlim] real:			313.52 seconds
[runlim] time:			298.14 seconds
[runlim] space:			110.8 MB
[runlim] samples:		3128
