[runlim] version:		1.10fixed
[runlim] time limit:		300 seconds
[runlim] real time limit:	311040000 seconds
[runlim] space limit:		4000 MB
[runlim] argv[0]:		./cvc4
[runlim] argv[1]:		--fmf-fun-rlv
[runlim] argv[2]:		/tmp/rwMWJ7CH.smt2
[runlim] start:			Tue Feb  5 10:59:07 2019
[runlim] main pid:		3834
/tmp/rwMWJ7CH.smt2:4.12: No set-logic command was given before this point.
/tmp/rwMWJ7CH.smt2:4.12: CVC4 will make all theories available.
/tmp/rwMWJ7CH.smt2:4.12: Consider setting a stricter logic for (likely) better performance.
/tmp/rwMWJ7CH.smt2:4.12: To suppress this warning in the future use (set-logic ALL).
[runlim] sample:		9.0 time, 10.1 real, 43.0 MB
[runlim] sample:		19.0 time, 20.1 real, 50.5 MB
[runlim] sample:		29.0 time, 30.1 real, 57.2 MB
[runlim] sample:		39.0 time, 40.1 real, 68.8 MB
[runlim] sample:		49.0 time, 50.1 real, 72.7 MB
[runlim] sample:		59.0 time, 60.1 real, 75.4 MB
[runlim] sample:		69.0 time, 70.1 real, 77.2 MB
[runlim] sample:		78.9 time, 80.1 real, 77.9 MB
[runlim] sample:		88.9 time, 90.1 real, 80.2 MB
[runlim] sample:		98.9 time, 100.1 real, 84.1 MB
[runlim] sample:		108.9 time, 110.1 real, 85.3 MB
[runlim] sample:		118.9 time, 120.1 real, 85.5 MB
[runlim] sample:		128.7 time, 130.1 real, 85.8 MB
[runlim] sample:		138.7 time, 140.1 real, 86.0 MB
[runlim] sample:		148.7 time, 150.1 real, 88.1 MB
[runlim] sample:		158.7 time, 160.1 real, 88.6 MB
[runlim] sample:		168.7 time, 170.1 real, 88.8 MB
[runlim] sample:		178.7 time, 180.1 real, 89.8 MB
[runlim] sample:		188.7 time, 190.1 real, 90.3 MB
[runlim] sample:		198.7 time, 200.1 real, 94.2 MB
[runlim] sample:		208.7 time, 210.1 real, 97.0 MB
[runlim] sample:		218.7 time, 220.1 real, 97.2 MB
[runlim] sample:		228.7 time, 230.1 real, 97.2 MB
[runlim] sample:		238.7 time, 240.1 real, 99.8 MB
[runlim] sample:		248.7 time, 250.1 real, 100.0 MB
[runlim] sample:		258.7 time, 260.1 real, 100.3 MB
[runlim] sample:		268.7 time, 270.1 real, 100.7 MB
[runlim] sample:		278.7 time, 280.1 real, 101.8 MB
[runlim] sample:		288.7 time, 290.1 real, 104.3 MB
[runlim] sample:		298.7 time, 300.1 real, 104.5 MB
CVC4 interrupted by SIGTERM.
[runlim] end:			Tue Feb  5 11:04:08 2019
[runlim] status:		out of time
[runlim] result:		2
[runlim] children:		0
[runlim] real:			301.49 seconds
[runlim] time:			300.07 seconds
[runlim] space:			104.5 MB
[runlim] samples:		3014
