[runlim] version:		1.10fixed
[runlim] time limit:		300 seconds
[runlim] real time limit:	311040000 seconds
[runlim] space limit:		4000 MB
[runlim] argv[0]:		./cvc4
[runlim] argv[1]:		--fmf-fun-rlv
[runlim] argv[2]:		/tmp/WeLnBL4a.smt2
[runlim] start:			Tue Jan 29 17:23:25 2019
[runlim] main pid:		30552
[runlim] sample:		8.9 time, 11.0 real, 41.5 MB
[runlim] sample:		18.3 time, 21.0 real, 54.8 MB
[runlim] sample:		27.8 time, 31.0 real, 63.3 MB
[runlim] sample:		37.5 time, 41.0 real, 69.8 MB
[runlim] sample:		47.5 time, 51.0 real, 76.2 MB
[runlim] sample:		57.5 time, 61.0 real, 87.9 MB
[runlim] sample:		67.5 time, 71.0 real, 92.8 MB
[runlim] sample:		77.5 time, 81.0 real, 96.6 MB
[runlim] sample:		87.5 time, 91.0 real, 101.0 MB
[runlim] sample:		97.5 time, 101.0 real, 105.1 MB
[runlim] sample:		107.5 time, 111.0 real, 108.5 MB
[runlim] sample:		117.5 time, 121.0 real, 112.1 MB
[runlim] sample:		127.5 time, 131.0 real, 114.4 MB
[runlim] sample:		137.5 time, 141.0 real, 117.8 MB
[runlim] sample:		147.5 time, 151.0 real, 120.9 MB
[runlim] sample:		157.5 time, 161.0 real, 123.4 MB
[runlim] sample:		167.5 time, 171.0 real, 125.5 MB
[runlim] sample:		177.5 time, 181.0 real, 127.8 MB
[runlim] sample:		187.5 time, 191.0 real, 130.4 MB
[runlim] sample:		197.5 time, 201.0 real, 133.0 MB
[runlim] sample:		207.5 time, 211.0 real, 139.3 MB
[runlim] sample:		217.5 time, 221.0 real, 149.9 MB
[runlim] sample:		227.5 time, 231.0 real, 152.2 MB
[runlim] sample:		237.5 time, 241.0 real, 154.8 MB
[runlim] sample:		247.5 time, 251.0 real, 157.1 MB
[runlim] sample:		257.5 time, 261.0 real, 159.4 MB
[runlim] sample:		267.5 time, 271.0 real, 161.0 MB
[runlim] sample:		277.5 time, 281.0 real, 163.3 MB
[runlim] sample:		287.5 time, 291.0 real, 164.8 MB
[runlim] sample:		297.5 time, 301.0 real, 166.6 MB
CVC4 interrupted by SIGTERM.
[runlim] end:			Tue Jan 29 17:28:28 2019
[runlim] status:		out of time
[runlim] result:		2
[runlim] children:		0
[runlim] real:			303.59 seconds
[runlim] time:			300.07 seconds
[runlim] space:			167.1 MB
[runlim] samples:		3026
