[runlim] version:		1.10fixed
[runlim] time limit:		300 seconds
[runlim] real time limit:	311040000 seconds
[runlim] space limit:		4000 MB
[runlim] argv[0]:		./cvc4
[runlim] argv[1]:		--fmf-fun-rlv
[runlim] argv[2]:		/tmp/3BmiVkGo.smt2
[runlim] start:			Tue Jan 29 17:21:32 2019
[runlim] main pid:		21371
[runlim] sample:		9.1 time, 11.0 real, 35.0 MB
[runlim] sample:		18.8 time, 21.0 real, 38.3 MB
[runlim] sample:		28.4 time, 31.0 real, 39.3 MB
[runlim] sample:		38.1 time, 41.0 real, 46.2 MB
[runlim] sample:		47.7 time, 51.0 real, 48.5 MB
[runlim] sample:		57.7 time, 61.0 real, 50.8 MB
[runlim] sample:		67.7 time, 71.0 real, 52.4 MB
[runlim] sample:		77.7 time, 81.0 real, 52.6 MB
[runlim] sample:		87.7 time, 91.0 real, 52.9 MB
[runlim] sample:		97.7 time, 101.0 real, 54.4 MB
[runlim] sample:		107.7 time, 111.0 real, 55.2 MB
[runlim] sample:		117.7 time, 121.0 real, 55.9 MB
[runlim] sample:		127.7 time, 131.0 real, 55.9 MB
[runlim] sample:		137.7 time, 141.0 real, 57.7 MB
[runlim] sample:		147.7 time, 151.0 real, 61.8 MB
[runlim] sample:		157.7 time, 161.0 real, 62.1 MB
[runlim] sample:		167.7 time, 171.0 real, 62.3 MB
[runlim] sample:		177.6 time, 181.0 real, 62.8 MB
[runlim] sample:		187.6 time, 191.0 real, 64.1 MB
[runlim] sample:		197.6 time, 201.0 real, 65.8 MB
[runlim] sample:		207.6 time, 211.0 real, 66.6 MB
[runlim] sample:		217.6 time, 221.0 real, 70.4 MB
[runlim] sample:		227.6 time, 231.0 real, 70.6 MB
[runlim] sample:		237.6 time, 241.0 real, 70.9 MB
[runlim] sample:		247.6 time, 251.0 real, 71.1 MB
[runlim] sample:		257.6 time, 261.0 real, 71.4 MB
[runlim] sample:		267.6 time, 271.0 real, 71.6 MB
[runlim] sample:		277.6 time, 281.0 real, 71.6 MB
[runlim] sample:		287.6 time, 291.0 real, 72.1 MB
[runlim] sample:		297.6 time, 301.0 real, 76.4 MB
CVC4 interrupted by SIGTERM.
[runlim] end:			Tue Jan 29 17:26:35 2019
[runlim] status:		out of time
[runlim] result:		2
[runlim] children:		0
[runlim] real:			303.51 seconds
[runlim] time:			300.07 seconds
[runlim] space:			76.4 MB
[runlim] samples:		3025
