[runlim] version:		1.10fixed
[runlim] time limit:		300 seconds
[runlim] real time limit:	311040000 seconds
[runlim] space limit:		4000 MB
[runlim] argv[0]:		./cvc4
[runlim] argv[1]:		--fmf-fun-rlv
[runlim] argv[2]:		/tmp/XChs0zbC.smt2
[runlim] start:			Tue Feb  5 11:00:01 2019
[runlim] main pid:		12571
[runlim] sample:		9.3 time, 10.7 real, 47.9 MB
[runlim] sample:		19.1 time, 20.7 real, 178.2 MB
[runlim] sample:		28.8 time, 30.7 real, 475.1 MB
[runlim] sample:		38.1 time, 40.7 real, 688.8 MB
[runlim] sample:		46.7 time, 50.7 real, 758.1 MB
[runlim] sample:		55.9 time, 60.7 real, 758.1 MB
[runlim] sample:		65.1 time, 70.7 real, 758.4 MB
[runlim] sample:		75.1 time, 80.7 real, 758.7 MB
[runlim] sample:		85.1 time, 90.7 real, 758.7 MB
[runlim] sample:		95.1 time, 100.7 real, 758.9 MB
[runlim] sample:		105.1 time, 110.7 real, 758.9 MB
[runlim] sample:		115.1 time, 120.7 real, 759.2 MB
[runlim] sample:		125.1 time, 130.7 real, 759.4 MB
[runlim] sample:		135.1 time, 140.7 real, 759.4 MB
[runlim] sample:		145.1 time, 150.7 real, 759.7 MB
[runlim] sample:		155.1 time, 160.7 real, 759.7 MB
[runlim] sample:		165.1 time, 170.7 real, 760.0 MB
[runlim] sample:		175.1 time, 180.7 real, 760.2 MB
[runlim] sample:		185.1 time, 190.7 real, 760.5 MB
[runlim] sample:		195.1 time, 200.7 real, 760.7 MB
[runlim] sample:		205.1 time, 210.7 real, 760.7 MB
[runlim] sample:		215.1 time, 220.7 real, 761.0 MB
[runlim] sample:		225.0 time, 230.7 real, 761.0 MB
[runlim] sample:		235.0 time, 240.7 real, 761.2 MB
[runlim] sample:		245.0 time, 250.7 real, 761.5 MB
[runlim] sample:		255.0 time, 260.7 real, 761.8 MB
[runlim] sample:		265.0 time, 270.7 real, 761.8 MB
[runlim] sample:		275.0 time, 280.7 real, 763.0 MB
[runlim] sample:		285.0 time, 290.7 real, 763.0 MB
[runlim] sample:		295.0 time, 300.7 real, 765.9 MB
CVC4 interrupted by SIGTERM.
[runlim] end:			Tue Feb  5 11:05:06 2019
[runlim] status:		out of time
[runlim] result:		2
[runlim] children:		0
[runlim] real:			305.79 seconds
[runlim] time:			300.02 seconds
[runlim] space:			765.9 MB
[runlim] samples:		3050
