[runlim] version:		1.10fixed
[runlim] time limit:		300 seconds
[runlim] real time limit:	311040000 seconds
[runlim] space limit:		4000 MB
[runlim] argv[0]:		./cvc4
[runlim] argv[1]:		--fmf-fun-rlv
[runlim] argv[2]:		/tmp/3YRfotL8.smt2
[runlim] start:			Tue Feb  5 10:59:44 2019
[runlim] main pid:		17161
[runlim] sample:		9.6 time, 10.5 real, 48.3 MB
[runlim] sample:		19.3 time, 20.5 real, 180.6 MB
[runlim] sample:		27.5 time, 30.5 real, 419.8 MB
[runlim] sample:		37.0 time, 40.5 real, 652.4 MB
[runlim] sample:		46.7 time, 50.5 real, 757.7 MB
[runlim] sample:		56.7 time, 60.5 real, 757.9 MB
[runlim] sample:		65.9 time, 70.5 real, 758.2 MB
[runlim] sample:		75.5 time, 80.5 real, 758.2 MB
[runlim] sample:		85.5 time, 90.5 real, 758.4 MB
[runlim] sample:		94.6 time, 100.5 real, 758.4 MB
[runlim] sample:		104.6 time, 110.5 real, 758.7 MB
[runlim] sample:		112.4 time, 120.5 real, 758.7 MB
[runlim] sample:		121.0 time, 130.5 real, 758.9 MB
[runlim] sample:		130.9 time, 140.5 real, 758.9 MB
[runlim] sample:		140.9 time, 150.5 real, 759.2 MB
[runlim] sample:		150.9 time, 160.5 real, 759.5 MB
[runlim] sample:		160.8 time, 170.5 real, 759.5 MB
[runlim] sample:		170.6 time, 180.5 real, 759.7 MB
[runlim] sample:		179.9 time, 190.5 real, 760.0 MB
[runlim] sample:		188.8 time, 200.5 real, 760.2 MB
[runlim] sample:		196.9 time, 210.5 real, 760.2 MB
[runlim] sample:		205.0 time, 220.5 real, 760.2 MB
[runlim] sample:		213.4 time, 230.5 real, 760.5 MB
[runlim] sample:		222.4 time, 240.5 real, 760.8 MB
[runlim] sample:		231.1 time, 250.5 real, 760.8 MB
[runlim] sample:		240.8 time, 260.5 real, 761.0 MB
[runlim] sample:		250.6 time, 270.5 real, 761.3 MB
[runlim] sample:		258.2 time, 280.5 real, 761.3 MB
[runlim] sample:		266.7 time, 290.5 real, 761.5 MB
[runlim] sample:		273.7 time, 300.5 real, 762.8 MB
[runlim] sample:		282.4 time, 310.5 real, 762.8 MB
[runlim] sample:		292.1 time, 320.5 real, 765.7 MB
CVC4 interrupted by SIGTERM.
[runlim] end:			Tue Feb  5 11:05:12 2019
[runlim] status:		out of time
[runlim] result:		2
[runlim] children:		0
[runlim] real:			328.63 seconds
[runlim] time:			300.04 seconds
[runlim] space:			765.7 MB
[runlim] samples:		3281
