[runlim] version:		1.10fixed
[runlim] time limit:		300 seconds
[runlim] real time limit:	311040000 seconds
[runlim] space limit:		4000 MB
[runlim] argv[0]:		./cvc4
[runlim] argv[1]:		--fmf-fun-rlv
[runlim] argv[2]:		/tmp/Vq9ewhGz.smt2
[runlim] start:			Tue Feb  5 10:58:55 2019
[runlim] main pid:		15234
/tmp/Vq9ewhGz.smt2:4.12: No set-logic command was given before this point.
/tmp/Vq9ewhGz.smt2:4.12: CVC4 will make all theories available.
/tmp/Vq9ewhGz.smt2:4.12: Consider setting a stricter logic for (likely) better performance.
/tmp/Vq9ewhGz.smt2:4.12: To suppress this warning in the future use (set-logic ALL).
[runlim] sample:		9.1 time, 10.9 real, 30.0 MB
[runlim] sample:		18.3 time, 20.9 real, 34.9 MB
[runlim] sample:		27.9 time, 30.9 real, 38.2 MB
[runlim] sample:		37.6 time, 40.9 real, 41.7 MB
[runlim] sample:		47.2 time, 50.9 real, 43.2 MB
[runlim] sample:		57.2 time, 60.9 real, 49.5 MB
[runlim] sample:		67.2 time, 70.9 real, 54.2 MB
[runlim] sample:		77.2 time, 80.9 real, 58.6 MB
[runlim] sample:		87.2 time, 90.9 real, 62.1 MB
[runlim] sample:		97.2 time, 100.9 real, 67.6 MB
[runlim] sample:		107.2 time, 110.9 real, 69.4 MB
[runlim] sample:		117.2 time, 120.9 real, 71.5 MB
[runlim] sample:		127.2 time, 130.9 real, 75.1 MB
[runlim] sample:		137.2 time, 140.9 real, 77.3 MB
[runlim] sample:		147.2 time, 150.9 real, 80.3 MB
[runlim] sample:		157.2 time, 160.9 real, 80.5 MB
[runlim] sample:		167.2 time, 170.9 real, 83.3 MB
[runlim] sample:		177.2 time, 180.9 real, 86.0 MB
[runlim] sample:		187.1 time, 190.9 real, 88.3 MB
[runlim] sample:		197.1 time, 200.9 real, 88.8 MB
[runlim] sample:		207.1 time, 210.9 real, 90.4 MB
[runlim] sample:		217.1 time, 220.9 real, 95.9 MB
[runlim] sample:		227.1 time, 230.9 real, 97.8 MB
[runlim] sample:		237.1 time, 240.9 real, 99.0 MB
[runlim] sample:		247.1 time, 250.9 real, 102.9 MB
[runlim] sample:		257.1 time, 260.9 real, 105.5 MB
[runlim] sample:		267.1 time, 270.9 real, 105.8 MB
[runlim] sample:		277.1 time, 280.9 real, 106.2 MB
[runlim] sample:		287.1 time, 290.9 real, 106.7 MB
[runlim] sample:		297.1 time, 300.9 real, 111.1 MB
CVC4 interrupted by SIGTERM.
[runlim] end:			Tue Feb  5 11:03:58 2019
[runlim] status:		out of time
[runlim] result:		2
[runlim] children:		0
[runlim] real:			303.93 seconds
[runlim] time:			300.10 seconds
[runlim] space:			111.1 MB
[runlim] samples:		3030
