[runlim] version:		1.10fixed
[runlim] time limit:		300 seconds
[runlim] real time limit:	311040000 seconds
[runlim] space limit:		4000 MB
[runlim] argv[0]:		./cvc4
[runlim] argv[1]:		--fmf-fun-rlv
[runlim] argv[2]:		/tmp/4k9CVnI0.smt2
[runlim] start:			Tue Jan 29 17:21:19 2019
[runlim] main pid:		1740
[runlim] sample:		7.8 time, 10.3 real, 43.3 MB
[runlim] sample:		15.7 time, 20.3 real, 59.6 MB
[runlim] sample:		24.5 time, 30.3 real, 61.1 MB
[runlim] sample:		34.2 time, 40.3 real, 62.9 MB
[runlim] sample:		44.0 time, 50.3 real, 64.2 MB
[runlim] sample:		54.0 time, 60.3 real, 66.0 MB
[runlim] sample:		64.0 time, 70.3 real, 70.9 MB
[runlim] sample:		74.0 time, 80.3 real, 71.1 MB
[runlim] sample:		83.2 time, 90.3 real, 71.4 MB
[runlim] sample:		92.1 time, 100.3 real, 72.4 MB
[runlim] sample:		101.0 time, 110.3 real, 72.6 MB
[runlim] sample:		109.7 time, 120.3 real, 94.0 MB
[runlim] sample:		118.4 time, 130.3 real, 106.1 MB
[runlim] sample:		127.3 time, 140.3 real, 113.1 MB
[runlim] sample:		136.3 time, 150.3 real, 117.6 MB
[runlim] sample:		145.2 time, 160.3 real, 117.8 MB
[runlim] sample:		154.2 time, 170.3 real, 118.6 MB
[runlim] sample:		163.7 time, 180.3 real, 118.6 MB
[runlim] sample:		173.7 time, 190.3 real, 119.4 MB
[runlim] sample:		183.0 time, 200.3 real, 120.4 MB
[runlim] sample:		191.9 time, 210.3 real, 122.7 MB
[runlim] sample:		201.8 time, 220.3 real, 122.7 MB
[runlim] sample:		211.7 time, 230.3 real, 122.7 MB
[runlim] sample:		221.3 time, 240.3 real, 122.7 MB
[runlim] sample:		231.0 time, 250.3 real, 125.8 MB
[runlim] sample:		240.7 time, 260.3 real, 126.0 MB
[runlim] sample:		250.3 time, 270.3 real, 126.8 MB
[runlim] sample:		260.0 time, 280.3 real, 127.2 MB
[runlim] sample:		269.9 time, 290.3 real, 133.6 MB
[runlim] sample:		279.9 time, 300.3 real, 133.9 MB
[runlim] sample:		289.9 time, 310.3 real, 134.4 MB
[runlim] end:			Tue Jan 29 17:26:34 2019
[runlim] status:		signal(9)
[runlim] result:		11
[runlim] children:		0
[runlim] real:			315.99 seconds
[runlim] time:			295.61 seconds
[runlim] space:			134.9 MB
[runlim] samples:		3157
