[runlim] version:		1.10fixed
[runlim] time limit:		300 seconds
[runlim] real time limit:	311040000 seconds
[runlim] space limit:		4000 MB
[runlim] argv[0]:		./cvc4
[runlim] argv[1]:		--fmf-fun-rlv
[runlim] argv[2]:		/tmp/Gm7vUDA6.smt2
[runlim] start:			Tue Jan 29 17:21:14 2019
[runlim] main pid:		8168
[runlim] sample:		9.2 time, 10.4 real, 39.3 MB
[runlim] sample:		18.8 time, 20.4 real, 49.3 MB
[runlim] sample:		28.5 time, 30.4 real, 53.2 MB
[runlim] sample:		38.1 time, 40.4 real, 55.7 MB
[runlim] sample:		47.8 time, 50.4 real, 60.9 MB
[runlim] sample:		57.5 time, 60.4 real, 63.4 MB
[runlim] sample:		67.1 time, 70.4 real, 63.9 MB
[runlim] sample:		76.8 time, 80.4 real, 66.0 MB
[runlim] sample:		86.5 time, 90.4 real, 68.2 MB
[runlim] sample:		96.1 time, 100.4 real, 68.7 MB
[runlim] sample:		105.8 time, 110.4 real, 71.5 MB
[runlim] sample:		115.6 time, 120.4 real, 75.4 MB
[runlim] sample:		125.6 time, 130.4 real, 77.5 MB
[runlim] sample:		135.6 time, 140.4 real, 79.7 MB
[runlim] sample:		145.6 time, 150.4 real, 84.4 MB
[runlim] sample:		155.6 time, 160.4 real, 84.9 MB
[runlim] sample:		165.6 time, 170.4 real, 85.9 MB
[runlim] sample:		175.6 time, 180.4 real, 87.4 MB
[runlim] sample:		185.6 time, 190.4 real, 87.9 MB
[runlim] sample:		195.6 time, 200.4 real, 89.1 MB
[runlim] sample:		205.6 time, 210.4 real, 90.2 MB
[runlim] sample:		215.6 time, 220.4 real, 91.4 MB
[runlim] sample:		225.6 time, 230.4 real, 96.1 MB
[runlim] sample:		235.6 time, 240.4 real, 97.6 MB
[runlim] sample:		245.6 time, 250.4 real, 97.9 MB
[runlim] sample:		255.6 time, 260.4 real, 103.3 MB
[runlim] sample:		265.6 time, 270.4 real, 103.7 MB
[runlim] sample:		275.6 time, 280.4 real, 109.6 MB
[runlim] sample:		285.6 time, 290.4 real, 110.1 MB
[runlim] sample:		295.6 time, 300.4 real, 110.4 MB
[runlim] end:			Tue Jan 29 17:26:17 2019
[runlim] status:		signal(9)
[runlim] result:		11
[runlim] children:		0
[runlim] real:			303.94 seconds
[runlim] time:			299.13 seconds
[runlim] space:			110.6 MB
[runlim] samples:		3035
