[runlim] version:		1.10fixed
[runlim] time limit:		300 seconds
[runlim] real time limit:	311040000 seconds
[runlim] space limit:		4000 MB
[runlim] argv[0]:		./cvc4
[runlim] argv[1]:		--fmf-fun-rlv
[runlim] argv[2]:		/tmp/CznjvV9c.smt2
[runlim] start:			Tue Feb  5 13:47:55 2019
[runlim] main pid:		20002
/tmp/CznjvV9c.smt2:4.12: No set-logic command was given before this point.
/tmp/CznjvV9c.smt2:4.12: CVC4 will make all theories available.
/tmp/CznjvV9c.smt2:4.12: Consider setting a stricter logic for (likely) better performance.
/tmp/CznjvV9c.smt2:4.12: To suppress this warning in the future use (set-logic ALL).
[runlim] sample:		8.2 time, 10.1 real, 32.3 MB
[runlim] sample:		17.0 time, 20.1 real, 39.0 MB
[runlim] sample:		24.8 time, 30.1 real, 41.2 MB
[runlim] sample:		32.4 time, 40.1 real, 42.0 MB
[runlim] sample:		41.2 time, 50.1 real, 43.7 MB
[runlim] sample:		49.2 time, 60.1 real, 45.9 MB
[runlim] sample:		58.5 time, 70.1 real, 47.3 MB
[runlim] sample:		67.3 time, 80.1 real, 49.1 MB
[runlim] sample:		76.3 time, 90.1 real, 51.2 MB
[runlim] sample:		85.5 time, 100.1 real, 51.4 MB
[runlim] sample:		95.5 time, 110.1 real, 53.2 MB
[runlim] sample:		105.5 time, 120.1 real, 53.7 MB
[runlim] sample:		115.5 time, 130.1 real, 54.7 MB
[runlim] sample:		125.5 time, 140.1 real, 56.8 MB
[runlim] sample:		134.8 time, 150.1 real, 59.1 MB
[runlim] sample:		143.4 time, 160.1 real, 60.6 MB
[runlim] sample:		152.3 time, 170.1 real, 63.7 MB
[runlim] sample:		161.6 time, 180.1 real, 70.6 MB
[runlim] sample:		171.3 time, 190.1 real, 75.0 MB
[runlim] sample:		180.4 time, 200.1 real, 76.0 MB
[runlim] sample:		189.1 time, 210.1 real, 79.6 MB
[runlim] sample:		198.6 time, 220.1 real, 80.6 MB
[runlim] sample:		208.6 time, 230.1 real, 83.1 MB
[runlim] sample:		218.6 time, 240.1 real, 83.4 MB
[runlim] sample:		227.6 time, 250.1 real, 83.8 MB
[runlim] sample:		236.6 time, 260.1 real, 85.1 MB
[runlim] sample:		245.7 time, 270.1 real, 88.2 MB
[runlim] sample:		254.9 time, 280.1 real, 90.2 MB
[runlim] sample:		264.6 time, 290.1 real, 91.8 MB
[runlim] sample:		274.1 time, 300.1 real, 96.1 MB
[runlim] sample:		283.9 time, 310.1 real, 96.6 MB
[runlim] sample:		293.9 time, 320.1 real, 96.9 MB
[runlim] end:			Tue Feb  5 13:53:17 2019
[runlim] status:		signal(9)
[runlim] result:		11
[runlim] children:		0
[runlim] real:			322.06 seconds
[runlim] time:			295.78 seconds
[runlim] space:			96.9 MB
[runlim] samples:		3219
