[runlim] version:		1.10fixed
[runlim] time limit:		300 seconds
[runlim] real time limit:	311040000 seconds
[runlim] space limit:		4000 MB
[runlim] argv[0]:		./cvc4
[runlim] argv[1]:		--fmf-fun-rlv
[runlim] argv[2]:		/tmp/XjCr7KwB.smt2
[runlim] start:			Tue Feb  5 10:59:43 2019
[runlim] main pid:		13793
[runlim] sample:		9.2 time, 10.3 real, 30.0 MB
[runlim] sample:		18.5 time, 20.3 real, 35.3 MB
[runlim] sample:		27.8 time, 30.3 real, 43.3 MB
[runlim] end:			Tue Feb  5 11:00:17 2019
[runlim] status:		ok
[runlim] result:		0
[runlim] children:		0
[runlim] real:			34.79 seconds
[runlim] time:			31.84 seconds
[runlim] space:			44.6 MB
[runlim] samples:		344
