[runlim] version:		1.10fixed
[runlim] time limit:		300 seconds
[runlim] real time limit:	311040000 seconds
[runlim] space limit:		4000 MB
[runlim] argv[0]:		./cvc4
[runlim] argv[1]:		--fmf-fun-rlv
[runlim] argv[2]:		/tmp/gYfzYfqr.smt2
[runlim] start:			Tue Jan 29 17:20:23 2019
[runlim] main pid:		4267
[runlim] sample:		8.2 time, 10.2 real, 127.7 MB
[runlim] sample:		15.8 time, 20.2 real, 246.6 MB
[runlim] sample:		23.6 time, 30.2 real, 324.4 MB
[runlim] sample:		33.5 time, 40.2 real, 498.4 MB
[runlim] sample:		43.5 time, 50.2 real, 535.2 MB
[runlim] sample:		53.5 time, 60.2 real, 539.6 MB
[runlim] sample:		63.5 time, 70.2 real, 539.9 MB
[runlim] sample:		73.5 time, 80.2 real, 688.7 MB
[runlim] sample:		83.3 time, 90.2 real, 691.0 MB
[runlim] sample:		93.0 time, 100.2 real, 693.4 MB
[runlim] sample:		102.7 time, 110.2 real, 694.9 MB
[runlim] sample:		112.4 time, 120.2 real, 696.5 MB
[runlim] sample:		122.4 time, 130.2 real, 840.3 MB
[runlim] sample:		132.4 time, 140.2 real, 1043.5 MB
[runlim] sample:		142.4 time, 150.2 real, 1043.8 MB
[runlim] sample:		152.4 time, 160.2 real, 1074.4 MB
[runlim] sample:		162.4 time, 170.2 real, 1086.8 MB
[runlim] sample:		172.4 time, 180.2 real, 1086.8 MB
[runlim] sample:		182.4 time, 190.2 real, 1086.8 MB
[runlim] sample:		192.1 time, 200.2 real, 1086.8 MB
[runlim] sample:		202.0 time, 210.2 real, 1088.6 MB
[runlim] sample:		212.0 time, 220.2 real, 1088.6 MB
[runlim] sample:		221.9 time, 230.2 real, 1088.6 MB
[runlim] sample:		231.3 time, 240.2 real, 1088.6 MB
[runlim] sample:		241.3 time, 250.2 real, 1355.9 MB
[runlim] sample:		251.3 time, 260.2 real, 1370.4 MB
[runlim] sample:		261.4 time, 270.2 real, 1371.4 MB
[runlim] sample:		271.4 time, 280.2 real, 1372.7 MB
[runlim] sample:		281.3 time, 290.2 real, 1374.0 MB
[runlim] sample:		291.3 time, 300.2 real, 1375.0 MB
CVC4 interrupted by SIGTERM.
[runlim] end:			Tue Jan 29 17:25:32 2019
[runlim] status:		out of time
[runlim] result:		2
[runlim] children:		0
[runlim] real:			309.02 seconds
[runlim] time:			300.04 seconds
[runlim] space:			1376.0 MB
[runlim] samples:		3087
