[runlim] version:		1.10fixed
[runlim] time limit:		300 seconds
[runlim] real time limit:	311040000 seconds
[runlim] space limit:		4000 MB
[runlim] argv[0]:		./cvc4
[runlim] argv[1]:		--fmf-fun-rlv
[runlim] argv[2]:		/tmp/NpagIsvq.smt2
[runlim] start:			Tue Feb  5 10:59:03 2019
[runlim] main pid:		27556
/tmp/NpagIsvq.smt2:4.12: No set-logic command was given before this point.
/tmp/NpagIsvq.smt2:4.12: CVC4 will make all theories available.
/tmp/NpagIsvq.smt2:4.12: Consider setting a stricter logic for (likely) better performance.
/tmp/NpagIsvq.smt2:4.12: To suppress this warning in the future use (set-logic ALL).
[runlim] sample:		9.3 time, 10.3 real, 38.8 MB
[runlim] sample:		18.9 time, 20.3 real, 42.3 MB
[runlim] sample:		28.7 time, 30.3 real, 45.7 MB
[runlim] sample:		38.7 time, 40.3 real, 52.3 MB
[runlim] sample:		48.7 time, 50.3 real, 53.9 MB
[runlim] sample:		58.7 time, 60.3 real, 55.9 MB
[runlim] sample:		68.7 time, 70.3 real, 59.4 MB
[runlim] sample:		78.7 time, 80.3 real, 62.5 MB
[runlim] sample:		88.7 time, 90.3 real, 64.9 MB
[runlim] sample:		98.7 time, 100.3 real, 66.9 MB
[runlim] sample:		108.7 time, 110.3 real, 69.0 MB
[runlim] sample:		118.6 time, 120.3 real, 69.0 MB
[runlim] sample:		128.6 time, 130.3 real, 70.3 MB
[runlim] sample:		138.6 time, 140.3 real, 70.5 MB
[runlim] sample:		148.6 time, 150.3 real, 72.6 MB
[runlim] sample:		158.6 time, 160.3 real, 72.6 MB
[runlim] sample:		168.6 time, 170.3 real, 73.3 MB
[runlim] sample:		178.6 time, 180.3 real, 74.1 MB
[runlim] sample:		187.9 time, 190.3 real, 74.9 MB
[runlim] sample:		196.4 time, 200.3 real, 75.9 MB
[runlim] sample:		205.8 time, 210.3 real, 77.9 MB
[runlim] sample:		215.8 time, 220.3 real, 79.5 MB
[runlim] sample:		225.8 time, 230.3 real, 79.7 MB
[runlim] sample:		235.6 time, 240.3 real, 80.3 MB
[runlim] sample:		245.6 time, 250.3 real, 80.8 MB
[runlim] sample:		255.6 time, 260.3 real, 81.5 MB
[runlim] sample:		265.6 time, 270.3 real, 82.3 MB
[runlim] sample:		274.2 time, 280.3 real, 83.8 MB
[runlim] sample:		282.1 time, 290.3 real, 83.8 MB
[runlim] sample:		292.0 time, 300.3 real, 86.7 MB
CVC4 interrupted by SIGTERM.
[runlim] end:			Tue Feb  5 11:04:12 2019
[runlim] status:		out of time
[runlim] result:		2
[runlim] children:		0
[runlim] real:			309.99 seconds
[runlim] time:			300.09 seconds
[runlim] space:			86.9 MB
[runlim] samples:		3097
