[runlim] version:		1.10fixed
[runlim] time limit:		300 seconds
[runlim] real time limit:	311040000 seconds
[runlim] space limit:		4000 MB
[runlim] argv[0]:		./cvc4
[runlim] argv[1]:		--fmf-fun-rlv
[runlim] argv[2]:		/tmp/3idCW23X.smt2
[runlim] start:			Tue Feb  5 10:55:45 2019
[runlim] main pid:		13218
[runlim] sample:		8.4 time, 10.3 real, 94.0 MB
[runlim] sample:		18.2 time, 20.3 real, 374.6 MB
[runlim] sample:		28.2 time, 30.3 real, 430.1 MB
[runlim] sample:		38.2 time, 40.3 real, 525.6 MB
[runlim] sample:		48.2 time, 50.3 real, 661.1 MB
[runlim] sample:		58.2 time, 60.3 real, 953.2 MB
[runlim] sample:		68.2 time, 70.3 real, 1340.0 MB
[runlim] sample:		78.2 time, 80.3 real, 1656.6 MB
[runlim] sample:		88.2 time, 90.3 real, 1837.5 MB
[runlim] sample:		98.2 time, 100.3 real, 1837.5 MB
[runlim] sample:		108.2 time, 110.3 real, 1839.1 MB
[runlim] sample:		118.2 time, 120.3 real, 1839.1 MB
[runlim] sample:		128.2 time, 130.3 real, 1840.4 MB
[runlim] sample:		138.2 time, 140.3 real, 1841.1 MB
[runlim] sample:		148.2 time, 150.3 real, 1841.1 MB
[runlim] sample:		158.2 time, 160.3 real, 1944.6 MB
[runlim] sample:		168.2 time, 170.3 real, 1955.9 MB
[runlim] sample:		178.2 time, 180.3 real, 1973.2 MB
[runlim] sample:		188.2 time, 190.3 real, 1993.8 MB
[runlim] sample:		198.2 time, 200.3 real, 2001.0 MB
[runlim] sample:		208.2 time, 210.3 real, 2001.0 MB
[runlim] sample:		218.2 time, 220.3 real, 2001.0 MB
[runlim] sample:		228.2 time, 230.3 real, 2001.0 MB
[runlim] sample:		238.2 time, 240.3 real, 2001.0 MB
[runlim] sample:		248.2 time, 250.3 real, 2001.0 MB
[runlim] sample:		258.2 time, 260.3 real, 2001.0 MB
[runlim] sample:		268.2 time, 270.3 real, 2001.0 MB
[runlim] sample:		278.0 time, 280.3 real, 2001.0 MB
[runlim] sample:		287.8 time, 290.3 real, 2001.0 MB
[runlim] sample:		297.8 time, 300.3 real, 2001.0 MB
CVC4 interrupted by SIGTERM.
[runlim] end:			Tue Feb  5 11:00:47 2019
[runlim] status:		out of time
[runlim] result:		2
[runlim] children:		0
[runlim] real:			302.70 seconds
[runlim] time:			300.19 seconds
[runlim] space:			2001.0 MB
[runlim] samples:		3024
