[runlim] version:		1.10fixed
[runlim] time limit:		300 seconds
[runlim] real time limit:	311040000 seconds
[runlim] space limit:		4000 MB
[runlim] argv[0]:		./cvc4
[runlim] argv[1]:		--fmf-fun-rlv
[runlim] argv[2]:		/tmp/stRwBIVp.smt2
[runlim] start:			Tue Feb  5 10:55:15 2019
[runlim] main pid:		27217
[runlim] sample:		10.0 time, 10.9 real, 103.2 MB
[runlim] sample:		19.5 time, 20.9 real, 278.2 MB
[runlim] sample:		29.1 time, 30.9 real, 336.8 MB
[runlim] sample:		38.0 time, 40.9 real, 650.9 MB
[runlim] sample:		48.0 time, 50.9 real, 948.2 MB
[runlim] sample:		57.9 time, 60.9 real, 1193.7 MB
[runlim] sample:		67.9 time, 70.9 real, 1195.0 MB
[runlim] sample:		77.5 time, 80.9 real, 1196.8 MB
[runlim] sample:		87.5 time, 90.9 real, 1197.8 MB
[runlim] sample:		97.5 time, 100.9 real, 1212.2 MB
[runlim] sample:		107.4 time, 110.9 real, 1327.3 MB
[runlim] sample:		117.2 time, 120.9 real, 1355.4 MB
[runlim] sample:		126.5 time, 130.9 real, 1355.4 MB
[runlim] sample:		135.8 time, 140.9 real, 1355.9 MB
[runlim] sample:		144.8 time, 150.9 real, 1356.7 MB
[runlim] sample:		153.9 time, 160.9 real, 1571.7 MB
[runlim] sample:		162.8 time, 170.9 real, 1815.6 MB
[runlim] sample:		172.7 time, 180.9 real, 2246.2 MB
[runlim] sample:		182.7 time, 190.9 real, 2589.3 MB
[runlim] sample:		192.6 time, 200.9 real, 2864.4 MB
[runlim] sample:		202.6 time, 210.9 real, 3179.5 MB
[runlim] sample:		212.6 time, 220.9 real, 3521.1 MB
CVC4 interrupted by SIGTERM.
[runlim] end:			Tue Feb  5 10:59:02 2019
[runlim] status:		out of memory
[runlim] result:		3
[runlim] children:		0
[runlim] real:			227.57 seconds
[runlim] time:			219.23 seconds
[runlim] space:			4010.6 MB
[runlim] samples:		2266
