[runlim] version:		1.10fixed
[runlim] time limit:		300 seconds
[runlim] real time limit:	311040000 seconds
[runlim] space limit:		4000 MB
[runlim] argv[0]:		./cvc4
[runlim] argv[1]:		--fmf-fun-rlv
[runlim] argv[2]:		/tmp/oedZ6DWY.smt2
[runlim] start:			Tue Feb  5 10:55:13 2019
[runlim] main pid:		26359
[runlim] sample:		8.2 time, 10.7 real, 234.0 MB
[runlim] sample:		16.8 time, 20.7 real, 342.6 MB
[runlim] sample:		26.6 time, 30.7 real, 342.6 MB
[runlim] sample:		36.6 time, 40.7 real, 530.1 MB
[runlim] sample:		46.6 time, 50.7 real, 896.6 MB
[runlim] sample:		56.6 time, 60.7 real, 1300.4 MB
[runlim] sample:		66.6 time, 70.7 real, 1616.8 MB
[runlim] sample:		76.6 time, 80.7 real, 1957.5 MB
[runlim] sample:		86.6 time, 90.7 real, 2288.9 MB
[runlim] sample:		96.6 time, 100.7 real, 2288.9 MB
[runlim] sample:		106.6 time, 110.7 real, 2288.9 MB
[runlim] sample:		116.6 time, 120.7 real, 2288.9 MB
[runlim] sample:		126.6 time, 130.7 real, 2313.2 MB
[runlim] sample:		136.6 time, 140.7 real, 2350.0 MB
[runlim] sample:		146.6 time, 150.7 real, 2373.5 MB
[runlim] sample:		156.5 time, 160.7 real, 2431.5 MB
[runlim] sample:		166.6 time, 170.7 real, 2439.9 MB
[runlim] sample:		176.5 time, 180.7 real, 2453.4 MB
[runlim] sample:		186.5 time, 190.7 real, 2453.4 MB
[runlim] sample:		196.5 time, 200.7 real, 2453.4 MB
[runlim] sample:		206.5 time, 210.7 real, 2453.4 MB
[runlim] sample:		216.5 time, 220.7 real, 2453.6 MB
[runlim] sample:		226.4 time, 230.7 real, 2453.6 MB
[runlim] sample:		236.4 time, 240.7 real, 2453.6 MB
[runlim] sample:		246.4 time, 250.7 real, 2453.6 MB
[runlim] sample:		255.8 time, 260.7 real, 2454.1 MB
[runlim] sample:		265.6 time, 270.7 real, 2454.1 MB
[runlim] sample:		275.0 time, 280.7 real, 2454.1 MB
[runlim] sample:		284.7 time, 290.7 real, 2454.1 MB
[runlim] sample:		294.3 time, 300.7 real, 2454.1 MB
CVC4 interrupted by SIGTERM.
[runlim] end:			Tue Feb  5 11:00:19 2019
[runlim] status:		out of time
[runlim] result:		2
[runlim] children:		0
[runlim] real:			306.52 seconds
[runlim] time:			300.12 seconds
[runlim] space:			2454.1 MB
[runlim] samples:		3058
