[runlim] version:		1.10fixed
[runlim] time limit:		300 seconds
[runlim] real time limit:	311040000 seconds
[runlim] space limit:		4000 MB
[runlim] argv[0]:		./cvc4
[runlim] argv[1]:		--fmf-fun-rlv
[runlim] argv[2]:		/tmp/Qou4TkQi.smt2
[runlim] start:			Tue Feb  5 10:59:44 2019
[runlim] main pid:		2054
[runlim] sample:		9.1 time, 10.5 real, 48.7 MB
[runlim] sample:		18.1 time, 20.5 real, 184.5 MB
[runlim] sample:		27.2 time, 30.5 real, 480.7 MB
[runlim] sample:		36.5 time, 40.5 real, 690.4 MB
[runlim] sample:		45.9 time, 50.5 real, 757.9 MB
[runlim] sample:		55.2 time, 60.5 real, 757.9 MB
[runlim] sample:		64.7 time, 70.5 real, 758.2 MB
[runlim] sample:		74.7 time, 80.5 real, 758.2 MB
[runlim] sample:		84.7 time, 90.5 real, 758.5 MB
[runlim] sample:		94.7 time, 100.5 real, 758.7 MB
[runlim] sample:		104.7 time, 110.5 real, 758.7 MB
[runlim] sample:		114.7 time, 120.5 real, 759.0 MB
[runlim] sample:		124.7 time, 130.5 real, 759.2 MB
[runlim] sample:		134.7 time, 140.5 real, 759.2 MB
[runlim] sample:		144.7 time, 150.5 real, 759.5 MB
[runlim] sample:		154.7 time, 160.5 real, 759.5 MB
[runlim] sample:		162.8 time, 170.5 real, 759.7 MB
[runlim] sample:		170.7 time, 180.5 real, 760.0 MB
[runlim] sample:		178.6 time, 190.5 real, 760.0 MB
[runlim] sample:		188.0 time, 200.5 real, 760.0 MB
[runlim] sample:		197.2 time, 210.5 real, 760.0 MB
[runlim] sample:		206.5 time, 220.5 real, 760.3 MB
[runlim] sample:		215.4 time, 230.5 real, 760.8 MB
[runlim] sample:		224.7 time, 240.5 real, 760.8 MB
[runlim] sample:		234.0 time, 250.5 real, 760.8 MB
[runlim] sample:		243.2 time, 260.5 real, 761.0 MB
[runlim] sample:		252.5 time, 270.5 real, 761.3 MB
[runlim] sample:		262.5 time, 280.5 real, 762.6 MB
[runlim] sample:		272.5 time, 290.5 real, 762.6 MB
[runlim] sample:		282.5 time, 300.5 real, 765.4 MB
[runlim] sample:		292.5 time, 310.5 real, 765.4 MB
CVC4 interrupted by SIGTERM.
[runlim] end:			Tue Feb  5 11:05:02 2019
[runlim] status:		out of time
[runlim] result:		2
[runlim] children:		0
[runlim] real:			318.14 seconds
[runlim] time:			300.07 seconds
[runlim] space:			765.4 MB
[runlim] samples:		3176
