[runlim] version:		1.10fixed
[runlim] time limit:		300 seconds
[runlim] real time limit:	311040000 seconds
[runlim] space limit:		4000 MB
[runlim] argv[0]:		./cvc4
[runlim] argv[1]:		--fmf-fun-rlv
[runlim] argv[2]:		/tmp/VH3qmMWD.smt2
[runlim] start:			Tue Feb  5 13:44:33 2019
[runlim] main pid:		6157
[runlim] sample:		8.6 time, 10.2 real, 177.4 MB
[runlim] sample:		17.3 time, 20.2 real, 258.8 MB
[runlim] sample:		26.0 time, 30.2 real, 349.3 MB
[runlim] sample:		34.8 time, 40.2 real, 372.2 MB
[runlim] sample:		43.5 time, 50.2 real, 385.4 MB
[runlim] sample:		52.2 time, 60.2 real, 397.5 MB
[runlim] sample:		61.2 time, 70.2 real, 406.5 MB
[runlim] sample:		70.3 time, 80.2 real, 416.8 MB
[runlim] sample:		80.0 time, 90.2 real, 447.3 MB
[runlim] sample:		89.7 time, 100.2 real, 466.1 MB
[runlim] sample:		99.4 time, 110.2 real, 489.0 MB
[runlim] sample:		109.1 time, 120.2 real, 523.1 MB
[runlim] sample:		119.1 time, 130.2 real, 525.7 MB
[runlim] sample:		129.1 time, 140.2 real, 575.4 MB
[runlim] sample:		139.0 time, 150.2 real, 587.0 MB
[runlim] sample:		148.6 time, 160.2 real, 603.2 MB
[runlim] sample:		158.5 time, 170.2 real, 604.5 MB
[runlim] sample:		168.3 time, 180.2 real, 605.0 MB
[runlim] sample:		178.0 time, 190.2 real, 627.7 MB
[runlim] sample:		187.7 time, 200.2 real, 640.6 MB
[runlim] sample:		197.4 time, 210.2 real, 641.1 MB
[runlim] sample:		207.4 time, 220.2 real, 665.4 MB
[runlim] sample:		217.4 time, 230.2 real, 686.5 MB
[runlim] sample:		227.4 time, 240.2 real, 687.3 MB
[runlim] sample:		237.3 time, 250.2 real, 702.2 MB
[runlim] sample:		247.1 time, 260.2 real, 704.0 MB
[runlim] sample:		256.9 time, 270.2 real, 708.7 MB
[runlim] sample:		266.9 time, 280.2 real, 708.9 MB
[runlim] sample:		276.9 time, 290.2 real, 711.2 MB
[runlim] sample:		286.9 time, 300.2 real, 711.2 MB
[runlim] sample:		296.9 time, 310.2 real, 730.8 MB
CVC4 interrupted by SIGTERM.
[runlim] end:			Tue Feb  5 13:49:46 2019
[runlim] status:		out of time
[runlim] result:		2
[runlim] children:		0
[runlim] real:			313.36 seconds
[runlim] time:			300.03 seconds
[runlim] space:			731.1 MB
[runlim] samples:		3131
