[runlim] version:		1.10fixed
[runlim] time limit:		300 seconds
[runlim] real time limit:	311040000 seconds
[runlim] space limit:		4000 MB
[runlim] argv[0]:		./cvc4
[runlim] argv[1]:		--fmf-fun-rlv
[runlim] argv[2]:		/tmp/bK4iHoS7.smt2
[runlim] start:			Tue Feb  5 10:59:25 2019
[runlim] main pid:		1341
/tmp/bK4iHoS7.smt2:4.12: No set-logic command was given before this point.
/tmp/bK4iHoS7.smt2:4.12: CVC4 will make all theories available.
/tmp/bK4iHoS7.smt2:4.12: Consider setting a stricter logic for (likely) better performance.
/tmp/bK4iHoS7.smt2:4.12: To suppress this warning in the future use (set-logic ALL).
[runlim] sample:		7.8 time, 10.7 real, 41.9 MB
[runlim] sample:		17.8 time, 20.7 real, 48.8 MB
[runlim] sample:		27.8 time, 30.7 real, 53.2 MB
[runlim] sample:		37.8 time, 40.7 real, 56.2 MB
[runlim] sample:		47.7 time, 50.7 real, 58.0 MB
[runlim] sample:		57.7 time, 60.7 real, 61.1 MB
[runlim] sample:		67.7 time, 70.7 real, 63.0 MB
[runlim] sample:		77.7 time, 80.7 real, 65.6 MB
[runlim] sample:		87.2 time, 90.7 real, 66.3 MB
[runlim] sample:		95.9 time, 100.7 real, 68.1 MB
[runlim] sample:		103.4 time, 110.7 real, 69.7 MB
[runlim] sample:		112.1 time, 120.7 real, 70.9 MB
[runlim] sample:		121.2 time, 130.7 real, 73.5 MB
[runlim] sample:		131.0 time, 140.7 real, 75.0 MB
[runlim] sample:		141.0 time, 150.7 real, 76.3 MB
[runlim] sample:		150.2 time, 160.7 real, 77.8 MB
[runlim] sample:		160.2 time, 170.7 real, 79.0 MB
[runlim] sample:		170.2 time, 180.7 real, 82.4 MB
[runlim] sample:		180.1 time, 190.7 real, 82.8 MB
[runlim] sample:		188.4 time, 200.7 real, 83.1 MB
[runlim] sample:		196.8 time, 210.7 real, 83.9 MB
[runlim] sample:		205.8 time, 220.7 real, 84.6 MB
[runlim] sample:		214.2 time, 230.7 real, 85.4 MB
[runlim] sample:		224.2 time, 240.7 real, 88.3 MB
[runlim] sample:		233.3 time, 250.7 real, 89.8 MB
[runlim] sample:		241.8 time, 260.7 real, 90.1 MB
[runlim] sample:		250.4 time, 270.7 real, 90.3 MB
[runlim] sample:		258.2 time, 280.7 real, 90.5 MB
[runlim] sample:		266.7 time, 290.7 real, 90.8 MB
[runlim] sample:		276.7 time, 300.7 real, 91.0 MB
[runlim] sample:		286.4 time, 310.7 real, 91.5 MB
[runlim] sample:		295.4 time, 320.7 real, 96.1 MB
CVC4 interrupted by SIGTERM.
[runlim] end:			Tue Feb  5 11:04:50 2019
[runlim] status:		out of time
[runlim] result:		2
[runlim] children:		0
[runlim] real:			325.36 seconds
[runlim] time:			300.04 seconds
[runlim] space:			96.6 MB
[runlim] samples:		3246
