[runlim] version:		1.10fixed
[runlim] time limit:		300 seconds
[runlim] real time limit:	311040000 seconds
[runlim] space limit:		4000 MB
[runlim] argv[0]:		./cvc4
[runlim] argv[1]:		--fmf-fun-rlv
[runlim] argv[2]:		/tmp/OhyBsiCO.smt2
[runlim] start:			Tue Feb  5 10:59:44 2019
[runlim] main pid:		28212
[runlim] sample:		9.1 time, 10.8 real, 46.5 MB
[runlim] sample:		18.4 time, 20.8 real, 197.9 MB
[runlim] sample:		27.5 time, 30.8 real, 473.0 MB
[runlim] sample:		37.5 time, 40.8 real, 647.0 MB
[runlim] sample:		46.6 time, 50.8 real, 687.2 MB
[runlim] sample:		56.1 time, 60.8 real, 687.2 MB
[runlim] sample:		66.1 time, 70.8 real, 687.4 MB
[runlim] sample:		75.5 time, 80.8 real, 687.7 MB
[runlim] sample:		84.5 time, 90.8 real, 687.7 MB
[runlim] sample:		94.5 time, 100.8 real, 688.0 MB
[runlim] sample:		104.5 time, 110.8 real, 688.2 MB
[runlim] sample:		114.5 time, 120.8 real, 688.2 MB
[runlim] sample:		124.5 time, 130.8 real, 688.5 MB
[runlim] sample:		134.5 time, 140.8 real, 688.7 MB
[runlim] sample:		144.5 time, 150.8 real, 689.0 MB
[runlim] sample:		154.5 time, 160.8 real, 689.0 MB
[runlim] sample:		164.5 time, 170.8 real, 689.0 MB
[runlim] sample:		174.5 time, 180.8 real, 689.2 MB
[runlim] sample:		184.5 time, 190.8 real, 689.2 MB
[runlim] sample:		194.5 time, 200.8 real, 689.5 MB
[runlim] sample:		204.5 time, 210.8 real, 689.8 MB
[runlim] sample:		214.5 time, 220.8 real, 689.8 MB
[runlim] sample:		224.5 time, 230.8 real, 690.0 MB
[runlim] sample:		234.5 time, 240.8 real, 690.3 MB
[runlim] sample:		244.5 time, 250.8 real, 690.3 MB
[runlim] sample:		254.5 time, 260.8 real, 691.1 MB
[runlim] sample:		264.5 time, 270.8 real, 691.3 MB
[runlim] sample:		274.5 time, 280.8 real, 691.6 MB
[runlim] sample:		284.5 time, 290.8 real, 691.6 MB
[runlim] sample:		294.5 time, 300.8 real, 691.8 MB
CVC4 interrupted by SIGTERM.
[runlim] end:			Tue Feb  5 11:04:50 2019
[runlim] status:		out of time
[runlim] result:		2
[runlim] children:		0
[runlim] real:			306.50 seconds
[runlim] time:			300.10 seconds
[runlim] space:			691.8 MB
[runlim] samples:		3056
