[runlim] version:		1.10fixed
[runlim] time limit:		300 seconds
[runlim] real time limit:	311040000 seconds
[runlim] space limit:		4000 MB
[runlim] argv[0]:		./cvc4
[runlim] argv[1]:		--fmf-fun-rlv
[runlim] argv[2]:		/tmp/TNoX1DE0.smt2
[runlim] start:			Tue Feb  5 10:59:07 2019
[runlim] main pid:		27059
/tmp/TNoX1DE0.smt2:4.12: No set-logic command was given before this point.
/tmp/TNoX1DE0.smt2:4.12: CVC4 will make all theories available.
/tmp/TNoX1DE0.smt2:4.12: Consider setting a stricter logic for (likely) better performance.
/tmp/TNoX1DE0.smt2:4.12: To suppress this warning in the future use (set-logic ALL).
[runlim] sample:		8.4 time, 10.8 real, 37.7 MB
[runlim] sample:		17.2 time, 20.8 real, 40.0 MB
[runlim] sample:		26.7 time, 30.8 real, 50.3 MB
[runlim] sample:		35.4 time, 40.8 real, 62.6 MB
[runlim] sample:		45.1 time, 50.8 real, 65.7 MB
[runlim] sample:		54.8 time, 60.8 real, 68.6 MB
[runlim] sample:		64.8 time, 70.8 real, 70.1 MB
[runlim] sample:		74.8 time, 80.8 real, 70.6 MB
[runlim] sample:		84.8 time, 90.8 real, 73.2 MB
[runlim] sample:		94.8 time, 100.8 real, 73.7 MB
[runlim] sample:		104.8 time, 110.8 real, 73.9 MB
[runlim] sample:		114.8 time, 120.8 real, 76.5 MB
[runlim] sample:		124.8 time, 130.8 real, 78.0 MB
[runlim] sample:		134.8 time, 140.8 real, 78.2 MB
[runlim] sample:		144.8 time, 150.8 real, 78.5 MB
[runlim] sample:		154.8 time, 160.8 real, 78.9 MB
[runlim] sample:		164.8 time, 170.8 real, 83.3 MB
[runlim] sample:		174.8 time, 180.8 real, 83.8 MB
[runlim] sample:		184.8 time, 190.8 real, 86.9 MB
[runlim] sample:		194.8 time, 200.8 real, 90.5 MB
[runlim] sample:		204.8 time, 210.8 real, 92.8 MB
[runlim] sample:		214.8 time, 220.8 real, 95.6 MB
[runlim] sample:		224.8 time, 230.8 real, 97.9 MB
[runlim] sample:		234.7 time, 240.8 real, 98.2 MB
[runlim] sample:		244.7 time, 250.8 real, 106.4 MB
[runlim] sample:		254.7 time, 260.8 real, 108.6 MB
[runlim] sample:		264.7 time, 270.8 real, 111.5 MB
[runlim] sample:		274.7 time, 280.8 real, 116.3 MB
[runlim] sample:		284.7 time, 290.8 real, 116.6 MB
[runlim] sample:		294.7 time, 300.8 real, 116.8 MB
CVC4 interrupted by SIGTERM.
[runlim] end:			Tue Feb  5 11:04:13 2019
[runlim] status:		out of time
[runlim] result:		2
[runlim] children:		0
[runlim] real:			306.14 seconds
[runlim] time:			300.01 seconds
[runlim] space:			116.8 MB
[runlim] samples:		3053
