[runlim] version:		1.10fixed
[runlim] time limit:		300 seconds
[runlim] real time limit:	311040000 seconds
[runlim] space limit:		4000 MB
[runlim] argv[0]:		./cvc4
[runlim] argv[1]:		--fmf-fun-rlv
[runlim] argv[2]:		/tmp/lkX5lCJH.smt2
[runlim] start:			Tue Feb  5 13:50:16 2019
[runlim] main pid:		1546
[runlim] sample:		10.0 time, 10.3 real, 49.3 MB
[runlim] sample:		20.0 time, 20.3 real, 229.5 MB
[runlim] sample:		30.0 time, 30.3 real, 546.4 MB
[runlim] sample:		40.0 time, 40.3 real, 702.0 MB
[runlim] sample:		49.5 time, 50.3 real, 758.2 MB
[runlim] sample:		57.7 time, 60.3 real, 758.5 MB
[runlim] sample:		66.4 time, 70.3 real, 758.5 MB
[runlim] sample:		76.0 time, 80.3 real, 758.7 MB
[runlim] sample:		85.8 time, 90.3 real, 758.7 MB
[runlim] sample:		94.7 time, 100.3 real, 759.0 MB
[runlim] sample:		103.5 time, 110.3 real, 759.0 MB
[runlim] sample:		113.2 time, 120.3 real, 759.3 MB
[runlim] sample:		123.1 time, 130.3 real, 759.5 MB
[runlim] sample:		132.7 time, 140.3 real, 759.5 MB
[runlim] sample:		141.9 time, 150.3 real, 759.8 MB
[runlim] sample:		151.9 time, 160.3 real, 759.8 MB
[runlim] sample:		160.5 time, 170.3 real, 760.0 MB
[runlim] sample:		170.5 time, 180.3 real, 760.3 MB
[runlim] sample:		180.5 time, 190.3 real, 760.5 MB
[runlim] sample:		190.5 time, 200.3 real, 760.5 MB
[runlim] sample:		200.5 time, 210.3 real, 760.5 MB
[runlim] sample:		210.5 time, 220.3 real, 760.8 MB
[runlim] sample:		220.1 time, 230.3 real, 761.1 MB
[runlim] sample:		229.7 time, 240.3 real, 761.3 MB
[runlim] sample:		238.1 time, 250.3 real, 761.3 MB
[runlim] sample:		245.6 time, 260.3 real, 761.6 MB
[runlim] sample:		253.5 time, 270.3 real, 761.6 MB
[runlim] sample:		261.3 time, 280.3 real, 763.1 MB
[runlim] sample:		270.6 time, 290.3 real, 763.1 MB
[runlim] sample:		279.6 time, 300.3 real, 763.1 MB
[runlim] sample:		288.1 time, 310.3 real, 766.0 MB
[runlim] sample:		297.1 time, 320.3 real, 766.0 MB
CVC4 interrupted by SIGTERM.
[runlim] end:			Tue Feb  5 13:55:39 2019
[runlim] status:		out of time
[runlim] result:		2
[runlim] children:		0
[runlim] real:			323.37 seconds
[runlim] time:			300.07 seconds
[runlim] space:			766.0 MB
[runlim] samples:		3230
