[runlim] version:		1.10fixed
[runlim] time limit:		300 seconds
[runlim] real time limit:	311040000 seconds
[runlim] space limit:		4000 MB
[runlim] argv[0]:		./cvc4
[runlim] argv[1]:		--fmf-fun-rlv
[runlim] argv[2]:		/tmp/uPgaTL09.smt2
[runlim] start:			Tue Feb  5 13:50:15 2019
[runlim] main pid:		26781
[runlim] sample:		10.0 time, 11.0 real, 36.4 MB
[runlim] sample:		20.0 time, 21.0 real, 44.1 MB
[runlim] sample:		30.0 time, 31.0 real, 50.5 MB
[runlim] sample:		40.0 time, 41.0 real, 56.9 MB
[runlim] sample:		50.0 time, 51.0 real, 63.1 MB
[runlim] sample:		60.0 time, 61.0 real, 69.3 MB
[runlim] sample:		70.0 time, 71.0 real, 75.9 MB
[runlim] sample:		80.0 time, 81.0 real, 81.8 MB
[runlim] sample:		90.0 time, 91.0 real, 88.0 MB
[runlim] sample:		100.0 time, 101.0 real, 95.5 MB
[runlim] sample:		110.0 time, 111.0 real, 102.4 MB
[runlim] sample:		120.0 time, 121.0 real, 108.8 MB
[runlim] sample:		129.9 time, 131.0 real, 115.0 MB
[runlim] sample:		139.9 time, 141.0 real, 121.1 MB
[runlim] sample:		149.9 time, 151.0 real, 127.8 MB
[runlim] sample:		159.9 time, 161.0 real, 134.7 MB
[runlim] sample:		169.9 time, 171.0 real, 141.4 MB
[runlim] sample:		179.9 time, 181.0 real, 147.5 MB
[runlim] sample:		189.9 time, 191.0 real, 154.5 MB
[runlim] sample:		199.9 time, 201.0 real, 160.4 MB
[runlim] sample:		209.9 time, 211.0 real, 167.3 MB
[runlim] sample:		219.9 time, 221.0 real, 178.2 MB
[runlim] sample:		229.9 time, 231.0 real, 184.5 MB
[runlim] sample:		239.9 time, 241.0 real, 190.7 MB
[runlim] sample:		249.9 time, 251.0 real, 197.1 MB
[runlim] sample:		259.9 time, 261.0 real, 203.3 MB
[runlim] sample:		269.9 time, 271.0 real, 209.5 MB
[runlim] sample:		279.9 time, 281.0 real, 216.0 MB
[runlim] sample:		289.9 time, 291.0 real, 222.4 MB
[runlim] sample:		299.9 time, 301.0 real, 229.1 MB
CVC4 interrupted by SIGTERM.
[runlim] end:			Tue Feb  5 13:55:16 2019
[runlim] status:		out of time
[runlim] result:		2
[runlim] children:		0
[runlim] real:			301.17 seconds
[runlim] time:			300.10 seconds
[runlim] space:			229.1 MB
[runlim] samples:		3002
