[runlim] version:		1.10fixed
[runlim] time limit:		300 seconds
[runlim] real time limit:	311040000 seconds
[runlim] space limit:		4000 MB
[runlim] argv[0]:		./cvc4
[runlim] argv[1]:		--fmf-fun-rlv
[runlim] argv[2]:		/tmp/6bcTCRg1.smt2
[runlim] start:			Tue Feb  5 13:50:16 2019
[runlim] main pid:		26138
[runlim] sample:		9.9 time, 10.5 real, 54.0 MB
[runlim] sample:		19.9 time, 20.5 real, 310.2 MB
[runlim] sample:		28.8 time, 30.5 real, 543.1 MB
[runlim] sample:		38.6 time, 40.5 real, 623.1 MB
[runlim] sample:		48.2 time, 50.5 real, 623.4 MB
[runlim] sample:		58.1 time, 60.5 real, 623.4 MB
[runlim] sample:		67.8 time, 70.5 real, 623.4 MB
[runlim] sample:		76.5 time, 80.5 real, 623.6 MB
[runlim] sample:		86.1 time, 90.5 real, 623.6 MB
[runlim] sample:		94.8 time, 100.5 real, 623.9 MB
[runlim] sample:		104.8 time, 110.5 real, 624.1 MB
[runlim] sample:		114.4 time, 120.5 real, 624.1 MB
[runlim] sample:		122.2 time, 130.5 real, 624.4 MB
[runlim] sample:		132.2 time, 140.5 real, 624.7 MB
[runlim] sample:		142.2 time, 150.5 real, 624.7 MB
[runlim] sample:		151.8 time, 160.5 real, 624.9 MB
[runlim] sample:		161.8 time, 170.5 real, 625.2 MB
[runlim] sample:		171.8 time, 180.5 real, 625.4 MB
[runlim] sample:		181.8 time, 190.5 real, 625.4 MB
[runlim] sample:		191.8 time, 200.5 real, 625.4 MB
[runlim] sample:		200.9 time, 210.5 real, 625.7 MB
[runlim] sample:		210.8 time, 220.5 real, 625.7 MB
[runlim] sample:		220.8 time, 230.5 real, 625.9 MB
[runlim] sample:		230.8 time, 240.5 real, 626.2 MB
[runlim] sample:		240.8 time, 250.5 real, 626.5 MB
[runlim] sample:		250.8 time, 260.5 real, 626.5 MB
[runlim] sample:		260.3 time, 270.5 real, 626.7 MB
[runlim] sample:		270.2 time, 280.5 real, 627.0 MB
[runlim] sample:		280.2 time, 290.5 real, 627.2 MB
[runlim] sample:		290.1 time, 300.5 real, 627.2 MB
[runlim] end:			Tue Feb  5 13:55:26 2019
[runlim] status:		signal(9)
[runlim] result:		11
[runlim] children:		0
[runlim] real:			310.14 seconds
[runlim] time:			299.70 seconds
[runlim] space:			627.5 MB
[runlim] samples:		3096
