[runlim] version:		1.10fixed
[runlim] time limit:		300 seconds
[runlim] real time limit:	311040000 seconds
[runlim] space limit:		4000 MB
[runlim] argv[0]:		./cvc4
[runlim] argv[1]:		--fmf-fun-rlv
[runlim] argv[2]:		/tmp/TAmzif44.smt2
[runlim] start:			Tue Feb  5 13:50:16 2019
[runlim] main pid:		16505
[runlim] sample:		10.0 time, 10.5 real, 56.4 MB
[runlim] sample:		20.0 time, 20.5 real, 76.2 MB
[runlim] sample:		30.0 time, 30.5 real, 289.8 MB
[runlim] sample:		40.0 time, 40.5 real, 584.4 MB
[runlim] sample:		48.1 time, 50.5 real, 825.2 MB
[runlim] sample:		57.7 time, 60.5 real, 1092.9 MB
[runlim] sample:		67.3 time, 70.5 real, 1297.6 MB
[runlim] sample:		77.2 time, 80.5 real, 1409.5 MB
[runlim] sample:		87.2 time, 90.5 real, 1524.2 MB
[runlim] sample:		97.2 time, 100.5 real, 1568.6 MB
[runlim] sample:		107.2 time, 110.5 real, 1568.8 MB
[runlim] sample:		117.2 time, 120.5 real, 1568.8 MB
[runlim] sample:		127.2 time, 130.5 real, 1568.8 MB
[runlim] sample:		137.2 time, 140.5 real, 1569.1 MB
[runlim] sample:		147.2 time, 150.5 real, 1569.1 MB
[runlim] sample:		157.1 time, 160.5 real, 1569.1 MB
[runlim] sample:		167.1 time, 170.5 real, 1569.1 MB
[runlim] sample:		177.1 time, 180.5 real, 1569.3 MB
[runlim] sample:		187.1 time, 190.5 real, 1569.3 MB
[runlim] sample:		197.1 time, 200.5 real, 1569.3 MB
[runlim] sample:		207.1 time, 210.5 real, 1569.3 MB
[runlim] sample:		217.1 time, 220.5 real, 1569.3 MB
[runlim] sample:		227.1 time, 230.5 real, 1569.3 MB
[runlim] sample:		237.0 time, 240.5 real, 1569.6 MB
[runlim] sample:		246.7 time, 250.5 real, 1569.6 MB
[runlim] sample:		256.4 time, 260.5 real, 1569.6 MB
[runlim] sample:		265.8 time, 270.5 real, 1569.6 MB
[runlim] sample:		275.4 time, 280.5 real, 1569.8 MB
[runlim] sample:		285.1 time, 290.5 real, 1569.8 MB
[runlim] sample:		294.3 time, 300.5 real, 1569.8 MB
CVC4 interrupted by SIGTERM.
[runlim] end:			Tue Feb  5 13:55:23 2019
[runlim] status:		out of time
[runlim] result:		2
[runlim] children:		0
[runlim] real:			307.07 seconds
[runlim] time:			300.10 seconds
[runlim] space:			1569.8 MB
[runlim] samples:		3065
