[runlim] version:		1.10fixed
[runlim] time limit:		300 seconds
[runlim] real time limit:	311040000 seconds
[runlim] space limit:		4000 MB
[runlim] argv[0]:		./cvc4
[runlim] argv[1]:		--fmf-fun-rlv
[runlim] argv[2]:		/tmp/hJhgZvbU.smt2
[runlim] start:			Tue Feb  5 10:58:51 2019
[runlim] main pid:		25703
/tmp/hJhgZvbU.smt2:4.12: No set-logic command was given before this point.
/tmp/hJhgZvbU.smt2:4.12: CVC4 will make all theories available.
/tmp/hJhgZvbU.smt2:4.12: Consider setting a stricter logic for (likely) better performance.
/tmp/hJhgZvbU.smt2:4.12: To suppress this warning in the future use (set-logic ALL).
[runlim] sample:		8.4 time, 10.4 real, 35.5 MB
[runlim] sample:		17.9 time, 20.4 real, 42.9 MB
[runlim] sample:		27.8 time, 30.4 real, 45.1 MB
[runlim] sample:		37.8 time, 40.4 real, 46.4 MB
[runlim] sample:		47.8 time, 50.4 real, 49.2 MB
[runlim] sample:		57.8 time, 60.4 real, 54.8 MB
[runlim] sample:		67.6 time, 70.4 real, 57.6 MB
[runlim] sample:		76.7 time, 80.4 real, 59.1 MB
[runlim] sample:		86.0 time, 90.4 real, 62.7 MB
[runlim] sample:		95.4 time, 100.4 real, 64.5 MB
[runlim] sample:		104.5 time, 110.4 real, 65.2 MB
[runlim] sample:		113.7 time, 120.4 real, 67.3 MB
[runlim] sample:		123.3 time, 130.4 real, 69.3 MB
[runlim] sample:		133.0 time, 140.4 real, 73.1 MB
[runlim] sample:		142.6 time, 150.4 real, 73.5 MB
[runlim] sample:		152.3 time, 160.4 real, 74.3 MB
[runlim] sample:		161.9 time, 170.4 real, 74.8 MB
[runlim] sample:		171.6 time, 180.4 real, 75.6 MB
[runlim] sample:		181.2 time, 190.4 real, 78.9 MB
[runlim] sample:		191.0 time, 200.4 real, 79.4 MB
[runlim] sample:		200.2 time, 210.4 real, 83.8 MB
[runlim] sample:		209.2 time, 220.4 real, 84.1 MB
[runlim] sample:		218.9 time, 230.4 real, 84.5 MB
[runlim] sample:		228.8 time, 240.4 real, 84.8 MB
[runlim] sample:		238.8 time, 250.4 real, 85.7 MB
[runlim] sample:		248.5 time, 260.4 real, 86.0 MB
[runlim] sample:		258.5 time, 270.4 real, 86.2 MB
[runlim] sample:		268.5 time, 280.4 real, 86.7 MB
[runlim] sample:		278.3 time, 290.4 real, 87.2 MB
[runlim] sample:		288.3 time, 300.4 real, 87.6 MB
[runlim] sample:		297.9 time, 310.4 real, 88.7 MB
CVC4 interrupted by SIGTERM.
[runlim] end:			Tue Feb  5 11:04:03 2019
[runlim] status:		out of time
[runlim] result:		2
[runlim] children:		0
[runlim] real:			312.77 seconds
[runlim] time:			300.02 seconds
[runlim] space:			88.9 MB
[runlim] samples:		3123
