[runlim] version:		1.10fixed
[runlim] time limit:		300 seconds
[runlim] real time limit:	311040000 seconds
[runlim] space limit:		4000 MB
[runlim] argv[0]:		./cvc4
[runlim] argv[1]:		--fmf-fun-rlv
[runlim] argv[2]:		/tmp/Zf44bLcU.smt2
[runlim] start:			Tue Feb  5 10:58:30 2019
[runlim] main pid:		13658
/tmp/Zf44bLcU.smt2:4.12: No set-logic command was given before this point.
/tmp/Zf44bLcU.smt2:4.12: CVC4 will make all theories available.
/tmp/Zf44bLcU.smt2:4.12: Consider setting a stricter logic for (likely) better performance.
/tmp/Zf44bLcU.smt2:4.12: To suppress this warning in the future use (set-logic ALL).
[runlim] sample:		8.5 time, 10.4 real, 42.5 MB
[runlim] sample:		18.5 time, 20.4 real, 49.2 MB
[runlim] sample:		28.5 time, 30.4 real, 56.6 MB
[runlim] sample:		38.5 time, 40.5 real, 63.9 MB
[runlim] sample:		48.5 time, 50.5 real, 68.0 MB
[runlim] sample:		58.5 time, 60.5 real, 68.7 MB
[runlim] sample:		68.5 time, 70.4 real, 71.1 MB
[runlim] sample:		78.4 time, 80.5 real, 73.4 MB
[runlim] sample:		88.4 time, 90.5 real, 74.8 MB
[runlim] sample:		97.7 time, 100.4 real, 75.6 MB
[runlim] sample:		107.0 time, 110.4 real, 76.6 MB
[runlim] sample:		116.9 time, 120.4 real, 78.3 MB
[runlim] sample:		126.5 time, 130.4 real, 80.6 MB
[runlim] sample:		136.1 time, 140.4 real, 82.4 MB
[runlim] sample:		145.8 time, 150.4 real, 82.7 MB
[runlim] sample:		155.4 time, 160.4 real, 83.2 MB
[runlim] sample:		165.4 time, 170.4 real, 85.0 MB
[runlim] sample:		175.4 time, 180.4 real, 85.2 MB
[runlim] sample:		185.4 time, 190.4 real, 85.2 MB
[runlim] sample:		195.4 time, 200.5 real, 85.2 MB
[runlim] sample:		205.4 time, 210.5 real, 85.5 MB
[runlim] sample:		215.4 time, 220.5 real, 85.5 MB
[runlim] sample:		225.4 time, 230.5 real, 85.5 MB
[runlim] sample:		235.4 time, 240.5 real, 85.8 MB
[runlim] sample:		245.4 time, 250.5 real, 85.8 MB
[runlim] sample:		255.4 time, 260.5 real, 86.0 MB
[runlim] sample:		265.4 time, 270.5 real, 86.0 MB
[runlim] sample:		275.4 time, 280.5 real, 86.0 MB
[runlim] sample:		285.4 time, 290.5 real, 86.3 MB
[runlim] sample:		295.4 time, 300.5 real, 86.3 MB
CVC4 interrupted by SIGTERM.
[runlim] end:			Tue Feb  5 11:03:35 2019
[runlim] status:		out of time
[runlim] result:		2
[runlim] children:		0
[runlim] real:			305.18 seconds
[runlim] time:			300.07 seconds
[runlim] space:			86.3 MB
[runlim] samples:		3047
