[runlim] version:		1.10fixed
[runlim] time limit:		300 seconds
[runlim] real time limit:	311040000 seconds
[runlim] space limit:		4000 MB
[runlim] argv[0]:		./cvc4
[runlim] argv[1]:		--fmf-fun-rlv
[runlim] argv[2]:		/tmp/pXg9uVll.smt2
[runlim] start:			Tue Feb  5 10:55:27 2019
[runlim] main pid:		25563
[runlim] sample:		9.2 time, 11.0 real, 88.1 MB
[runlim] sample:		19.2 time, 21.0 real, 366.2 MB
[runlim] sample:		29.2 time, 31.0 real, 480.4 MB
[runlim] sample:		39.2 time, 41.0 real, 485.5 MB
[runlim] sample:		49.2 time, 51.0 real, 597.4 MB
[runlim] sample:		59.2 time, 61.0 real, 924.7 MB
[runlim] sample:		69.2 time, 71.0 real, 1313.3 MB
[runlim] sample:		79.2 time, 81.0 real, 1630.6 MB
[runlim] sample:		89.2 time, 91.0 real, 2018.6 MB
[runlim] sample:		99.2 time, 101.0 real, 2160.2 MB
[runlim] sample:		109.2 time, 111.0 real, 2161.5 MB
[runlim] sample:		119.2 time, 121.0 real, 2161.5 MB
[runlim] sample:		129.2 time, 131.0 real, 2161.5 MB
[runlim] sample:		139.2 time, 141.0 real, 2163.6 MB
[runlim] sample:		148.2 time, 151.0 real, 2164.3 MB
[runlim] sample:		157.6 time, 161.0 real, 2164.3 MB
[runlim] sample:		167.3 time, 171.0 real, 2164.3 MB
[runlim] sample:		177.3 time, 181.0 real, 2288.5 MB
[runlim] sample:		187.2 time, 191.0 real, 2298.8 MB
[runlim] sample:		196.9 time, 201.0 real, 2365.8 MB
[runlim] sample:		206.6 time, 211.0 real, 2365.8 MB
[runlim] sample:		216.2 time, 221.0 real, 2375.9 MB
[runlim] sample:		225.9 time, 231.0 real, 2375.9 MB
[runlim] sample:		235.6 time, 241.0 real, 2375.9 MB
[runlim] sample:		245.3 time, 251.0 real, 2375.9 MB
[runlim] sample:		254.8 time, 261.0 real, 2375.9 MB
[runlim] sample:		264.0 time, 271.0 real, 2375.9 MB
[runlim] sample:		272.9 time, 281.0 real, 2375.9 MB
[runlim] sample:		282.3 time, 291.0 real, 2375.9 MB
[runlim] sample:		291.6 time, 301.0 real, 2375.9 MB
CVC4 interrupted by SIGTERM.
[runlim] end:			Tue Feb  5 11:00:37 2019
[runlim] status:		out of time
[runlim] result:		2
[runlim] children:		0
[runlim] real:			310.18 seconds
[runlim] time:			300.14 seconds
[runlim] space:			2375.9 MB
[runlim] samples:		3092
