[runlim] version:		1.10fixed
[runlim] time limit:		300 seconds
[runlim] real time limit:	311040000 seconds
[runlim] space limit:		4000 MB
[runlim] argv[0]:		./cvc4
[runlim] argv[1]:		--fmf-fun-rlv
[runlim] argv[2]:		/tmp/uE7TGfhG.smt2
[runlim] start:			Tue Jan 29 17:20:47 2019
[runlim] main pid:		2889
[runlim] sample:		8.2 time, 10.1 real, 134.0 MB
[runlim] sample:		16.7 time, 20.1 real, 165.8 MB
[runlim] sample:		26.7 time, 30.1 real, 310.7 MB
[runlim] sample:		36.7 time, 40.1 real, 311.8 MB
[runlim] sample:		46.7 time, 50.1 real, 312.3 MB
[runlim] sample:		56.7 time, 60.1 real, 316.9 MB
[runlim] sample:		66.7 time, 70.1 real, 326.2 MB
[runlim] sample:		76.7 time, 80.1 real, 329.0 MB
[runlim] sample:		85.4 time, 90.2 real, 447.9 MB
[runlim] sample:		94.0 time, 100.1 real, 633.9 MB
[runlim] sample:		102.9 time, 110.1 real, 634.9 MB
[runlim] sample:		111.9 time, 120.1 real, 666.3 MB
[runlim] sample:		120.7 time, 130.1 real, 666.3 MB
[runlim] sample:		128.5 time, 140.1 real, 666.3 MB
[runlim] sample:		137.1 time, 150.1 real, 666.6 MB
[runlim] sample:		146.6 time, 160.1 real, 666.6 MB
[runlim] sample:		156.3 time, 170.1 real, 675.1 MB
[runlim] sample:		165.9 time, 180.1 real, 675.1 MB
[runlim] sample:		175.6 time, 190.1 real, 677.9 MB
[runlim] sample:		185.6 time, 200.1 real, 677.9 MB
[runlim] sample:		195.6 time, 210.1 real, 687.0 MB
[runlim] sample:		205.6 time, 220.1 real, 688.8 MB
[runlim] sample:		215.5 time, 230.1 real, 690.6 MB
[runlim] sample:		225.5 time, 240.1 real, 692.1 MB
[runlim] sample:		235.5 time, 250.1 real, 693.7 MB
[runlim] sample:		245.5 time, 260.1 real, 694.7 MB
[runlim] sample:		255.5 time, 270.1 real, 696.0 MB
[runlim] sample:		265.5 time, 280.1 real, 697.0 MB
[runlim] sample:		275.5 time, 290.1 real, 698.1 MB
[runlim] sample:		285.5 time, 300.1 real, 698.8 MB
[runlim] sample:		295.5 time, 310.1 real, 699.9 MB
CVC4 interrupted by SIGTERM.
[runlim] end:			Tue Jan 29 17:26:01 2019
[runlim] status:		out of time
[runlim] result:		2
[runlim] children:		0
[runlim] real:			314.71 seconds
[runlim] time:			300.02 seconds
[runlim] space:			700.1 MB
[runlim] samples:		3145
