[runlim] version:		1.10fixed
[runlim] time limit:		300 seconds
[runlim] real time limit:	311040000 seconds
[runlim] space limit:		4000 MB
[runlim] argv[0]:		./cvc4
[runlim] argv[1]:		--fmf-fun-rlv
[runlim] argv[2]:		/tmp/wk8khUyZ.smt2
[runlim] start:			Tue Feb  5 10:57:44 2019
[runlim] main pid:		4278
[runlim] sample:		9.9 time, 10.7 real, 111.9 MB
[runlim] sample:		19.8 time, 20.7 real, 290.2 MB
[runlim] sample:		27.8 time, 30.7 real, 335.6 MB
[runlim] sample:		36.0 time, 40.7 real, 544.4 MB
[runlim] sample:		45.3 time, 50.7 real, 872.5 MB
[runlim] sample:		55.3 time, 60.7 real, 1192.0 MB
[runlim] sample:		65.3 time, 70.7 real, 1194.3 MB
[runlim] sample:		75.3 time, 80.7 real, 1194.8 MB
[runlim] sample:		85.3 time, 90.7 real, 1196.9 MB
[runlim] sample:		95.3 time, 100.7 real, 1196.9 MB
[runlim] sample:		105.3 time, 110.7 real, 1321.3 MB
[runlim] sample:		115.1 time, 120.7 real, 1355.9 MB
[runlim] sample:		124.8 time, 130.7 real, 1355.9 MB
[runlim] sample:		134.5 time, 140.7 real, 1355.9 MB
[runlim] sample:		144.5 time, 150.7 real, 1355.9 MB
[runlim] sample:		154.5 time, 160.7 real, 1571.9 MB
[runlim] sample:		164.5 time, 170.7 real, 1873.5 MB
[runlim] sample:		173.5 time, 180.7 real, 2295.7 MB
[runlim] sample:		183.4 time, 190.7 real, 2616.9 MB
[runlim] sample:		190.6 time, 200.7 real, 2801.2 MB
[runlim] sample:		200.3 time, 210.7 real, 3095.2 MB
[runlim] sample:		210.3 time, 220.7 real, 3449.1 MB
CVC4 interrupted by SIGTERM.
[runlim] end:			Tue Feb  5 11:01:33 2019
[runlim] status:		out of memory
[runlim] result:		3
[runlim] children:		0
[runlim] real:			229.20 seconds
[runlim] time:			218.70 seconds
[runlim] space:			4011.2 MB
[runlim] samples:		2284
