[runlim] version:		1.10fixed
[runlim] time limit:		300 seconds
[runlim] real time limit:	311040000 seconds
[runlim] space limit:		4000 MB
[runlim] argv[0]:		./cvc4
[runlim] argv[1]:		--fmf-fun-rlv
[runlim] argv[2]:		/tmp/BQfHRTvp.smt2
[runlim] start:			Tue Feb  5 10:55:34 2019
[runlim] main pid:		12512
[runlim] sample:		9.2 time, 10.2 real, 109.2 MB
[runlim] sample:		17.6 time, 20.2 real, 322.0 MB
[runlim] sample:		27.6 time, 30.2 real, 406.0 MB
[runlim] sample:		37.6 time, 40.2 real, 660.9 MB
[runlim] sample:		47.6 time, 50.2 real, 1053.1 MB
[runlim] sample:		57.6 time, 60.2 real, 1336.4 MB
[runlim] sample:		67.5 time, 70.2 real, 1341.6 MB
[runlim] sample:		76.4 time, 80.2 real, 1341.6 MB
[runlim] sample:		86.4 time, 90.2 real, 1343.2 MB
[runlim] sample:		94.9 time, 100.2 real, 1344.2 MB
[runlim] sample:		103.7 time, 110.2 real, 1344.2 MB
[runlim] sample:		112.9 time, 120.2 real, 1445.6 MB
[runlim] sample:		120.4 time, 130.2 real, 1469.6 MB
[runlim] sample:		129.4 time, 140.2 real, 1496.9 MB
[runlim] sample:		139.4 time, 150.2 real, 1496.9 MB
[runlim] sample:		149.4 time, 160.2 real, 1496.9 MB
[runlim] sample:		159.4 time, 170.2 real, 1496.9 MB
[runlim] sample:		167.4 time, 180.2 real, 1496.9 MB
[runlim] sample:		176.3 time, 190.2 real, 1496.9 MB
[runlim] sample:		186.3 time, 200.2 real, 1496.9 MB
[runlim] sample:		195.0 time, 210.2 real, 1496.9 MB
[runlim] sample:		202.9 time, 220.2 real, 1496.9 MB
[runlim] sample:		211.6 time, 230.2 real, 1496.9 MB
[runlim] sample:		221.3 time, 240.2 real, 1496.9 MB
[runlim] sample:		231.0 time, 250.2 real, 1497.4 MB
[runlim] sample:		240.8 time, 260.2 real, 1773.0 MB
[runlim] sample:		250.8 time, 270.2 real, 2388.6 MB
[runlim] sample:		260.8 time, 280.2 real, 2547.8 MB
[runlim] sample:		270.8 time, 290.2 real, 2883.0 MB
[runlim] sample:		280.8 time, 300.2 real, 3180.5 MB
[runlim] sample:		290.8 time, 310.2 real, 3524.7 MB
CVC4 interrupted by SIGTERM.
[runlim] end:			Tue Feb  5 11:00:50 2019
[runlim] status:		out of memory
[runlim] result:		3
[runlim] children:		0
[runlim] real:			316.50 seconds
[runlim] time:			296.99 seconds
[runlim] space:			4023.8 MB
[runlim] samples:		3162
