[runlim] version:		1.10fixed
[runlim] time limit:		300 seconds
[runlim] real time limit:	311040000 seconds
[runlim] space limit:		4000 MB
[runlim] argv[0]:		./cvc4
[runlim] argv[1]:		--fmf-fun-rlv
[runlim] argv[2]:		/tmp/5f7OHjxN.smt2
[runlim] start:			Tue Feb  5 13:50:16 2019
[runlim] main pid:		14458
[runlim] sample:		9.9 time, 10.3 real, 48.8 MB
[runlim] sample:		19.2 time, 20.3 real, 139.8 MB
[runlim] sample:		27.9 time, 30.3 real, 400.8 MB
[runlim] sample:		36.1 time, 40.3 real, 597.8 MB
[runlim] sample:		44.8 time, 50.3 real, 780.2 MB
[runlim] sample:		53.0 time, 60.3 real, 837.2 MB
[runlim] sample:		61.5 time, 70.3 real, 837.2 MB
[runlim] sample:		70.0 time, 80.3 real, 837.4 MB
[runlim] sample:		79.3 time, 90.3 real, 837.4 MB
[runlim] sample:		88.9 time, 100.3 real, 837.7 MB
[runlim] sample:		98.6 time, 110.3 real, 837.7 MB
[runlim] sample:		108.2 time, 120.3 real, 837.9 MB
[runlim] sample:		116.9 time, 130.3 real, 838.2 MB
[runlim] sample:		125.0 time, 140.3 real, 838.5 MB
[runlim] sample:		135.0 time, 150.3 real, 838.7 MB
[runlim] sample:		143.9 time, 160.3 real, 839.0 MB
[runlim] sample:		151.0 time, 170.3 real, 839.0 MB
[runlim] sample:		160.0 time, 180.3 real, 847.3 MB
[runlim] sample:		168.3 time, 190.3 real, 847.3 MB
[runlim] sample:		177.8 time, 200.3 real, 847.3 MB
[runlim] sample:		186.6 time, 210.3 real, 847.6 MB
[runlim] sample:		195.3 time, 220.3 real, 847.9 MB
[runlim] sample:		205.3 time, 230.3 real, 847.9 MB
[runlim] sample:		215.3 time, 240.3 real, 848.1 MB
[runlim] sample:		225.3 time, 250.3 real, 848.1 MB
[runlim] sample:		235.2 time, 260.3 real, 848.4 MB
[runlim] sample:		245.2 time, 270.3 real, 848.6 MB
[runlim] sample:		255.2 time, 280.3 real, 848.6 MB
[runlim] sample:		265.2 time, 290.3 real, 848.9 MB
[runlim] sample:		275.2 time, 300.3 real, 848.9 MB
[runlim] sample:		285.2 time, 310.3 real, 849.1 MB
[runlim] sample:		295.2 time, 320.3 real, 849.4 MB
CVC4 interrupted by SIGTERM.
[runlim] end:			Tue Feb  5 13:55:41 2019
[runlim] status:		out of time
[runlim] result:		2
[runlim] children:		0
[runlim] real:			325.17 seconds
[runlim] time:			300.03 seconds
[runlim] space:			854.4 MB
[runlim] samples:		3248
