[runlim] version:		1.10fixed
[runlim] time limit:		300 seconds
[runlim] real time limit:	311040000 seconds
[runlim] space limit:		4000 MB
[runlim] argv[0]:		./cvc4
[runlim] argv[1]:		--fmf-fun-rlv
[runlim] argv[2]:		/tmp/FcPMgbDv.smt2
[runlim] start:			Tue Jan 29 17:18:42 2019
[runlim] main pid:		5757
[runlim] sample:		8.9 time, 10.1 real, 40.8 MB
[runlim] sample:		18.6 time, 20.1 real, 47.2 MB
[runlim] sample:		28.1 time, 30.1 real, 50.0 MB
[runlim] sample:		37.9 time, 40.1 real, 53.7 MB
[runlim] sample:		47.9 time, 50.1 real, 60.9 MB
[runlim] sample:		57.9 time, 60.1 real, 72.2 MB
[runlim] sample:		67.7 time, 70.1 real, 73.2 MB
[runlim] sample:		77.7 time, 80.1 real, 75.5 MB
[runlim] sample:		87.7 time, 90.1 real, 78.3 MB
[runlim] sample:		97.5 time, 100.1 real, 80.6 MB
[runlim] sample:		107.5 time, 110.1 real, 82.6 MB
[runlim] sample:		117.5 time, 120.1 real, 83.6 MB
[runlim] sample:		127.5 time, 130.1 real, 85.2 MB
[runlim] sample:		137.5 time, 140.1 real, 86.6 MB
[runlim] sample:		147.4 time, 150.1 real, 87.9 MB
[runlim] sample:		157.4 time, 160.1 real, 88.7 MB
[runlim] sample:		167.4 time, 170.1 real, 89.4 MB
[runlim] sample:		177.4 time, 180.1 real, 89.9 MB
[runlim] sample:		187.4 time, 190.1 real, 91.0 MB
[runlim] sample:		197.4 time, 200.1 real, 91.8 MB
[runlim] sample:		207.4 time, 210.1 real, 92.8 MB
[runlim] sample:		217.4 time, 220.1 real, 93.8 MB
[runlim] sample:		227.4 time, 230.1 real, 95.1 MB
[runlim] sample:		237.4 time, 240.1 real, 95.8 MB
[runlim] sample:		247.4 time, 250.1 real, 97.1 MB
[runlim] sample:		257.4 time, 260.1 real, 97.9 MB
[runlim] sample:		265.8 time, 270.1 real, 98.6 MB
[runlim] sample:		275.1 time, 280.1 real, 100.4 MB
[runlim] sample:		283.3 time, 290.1 real, 101.9 MB
[runlim] sample:		293.3 time, 300.1 real, 103.4 MB
CVC4 interrupted by SIGTERM.
[runlim] end:			Tue Jan 29 17:23:49 2019
[runlim] status:		out of time
[runlim] result:		2
[runlim] children:		0
[runlim] real:			307.15 seconds
[runlim] time:			300.05 seconds
[runlim] space:			104.4 MB
[runlim] samples:		3070
