[runlim] version:		1.10fixed
[runlim] time limit:		300 seconds
[runlim] real time limit:	311040000 seconds
[runlim] space limit:		4000 MB
[runlim] argv[0]:		./cvc4
[runlim] argv[1]:		--fmf-fun-rlv
[runlim] argv[2]:		/tmp/2wjiSgdv.smt2
[runlim] start:			Tue Feb  5 13:44:31 2019
[runlim] main pid:		19165
[runlim] sample:		9.8 time, 10.4 real, 73.7 MB
[runlim] sample:		17.2 time, 20.4 real, 76.0 MB
[runlim] sample:		26.2 time, 30.4 real, 81.2 MB
[runlim] sample:		36.2 time, 40.4 real, 89.9 MB
[runlim] sample:		45.8 time, 50.4 real, 96.6 MB
[runlim] sample:		55.5 time, 60.4 real, 101.8 MB
[runlim] sample:		63.6 time, 70.4 real, 106.2 MB
[runlim] sample:		71.3 time, 80.4 real, 111.9 MB
[runlim] sample:		80.2 time, 90.4 real, 120.8 MB
[runlim] sample:		89.1 time, 100.4 real, 128.3 MB
[runlim] sample:		97.0 time, 110.4 real, 134.4 MB
[runlim] sample:		105.7 time, 120.4 real, 142.9 MB
[runlim] sample:		114.8 time, 130.4 real, 154.8 MB
[runlim] sample:		123.7 time, 140.4 real, 174.0 MB
[runlim] sample:		133.0 time, 150.4 real, 190.8 MB
[runlim] sample:		142.6 time, 160.4 real, 209.3 MB
[runlim] sample:		152.4 time, 170.4 real, 232.0 MB
[runlim] sample:		162.2 time, 180.4 real, 424.5 MB
[runlim] sample:		171.1 time, 190.4 real, 711.6 MB
[runlim] sample:		180.8 time, 200.4 real, 998.7 MB
[runlim] sample:		190.8 time, 210.4 real, 1288.8 MB
[runlim] sample:		200.8 time, 220.4 real, 1600.9 MB
[runlim] sample:		209.5 time, 230.4 real, 1845.1 MB
[runlim] sample:		218.7 time, 240.4 real, 2124.0 MB
[runlim] sample:		228.1 time, 250.4 real, 2368.5 MB
[runlim] sample:		236.9 time, 260.4 real, 2617.8 MB
[runlim] sample:		246.9 time, 270.4 real, 2931.5 MB
[runlim] sample:		256.9 time, 280.4 real, 3248.1 MB
[runlim] sample:		266.9 time, 290.4 real, 3560.0 MB
[runlim] sample:		276.9 time, 300.4 real, 3997.8 MB
CVC4 interrupted by SIGTERM.
[runlim] end:			Tue Feb  5 13:49:31 2019
[runlim] status:		out of memory
[runlim] result:		3
[runlim] children:		0
[runlim] real:			300.83 seconds
[runlim] time:			277.26 seconds
[runlim] space:			4000.9 MB
[runlim] samples:		3004
