[runlim] version:		1.10fixed
[runlim] time limit:		300 seconds
[runlim] real time limit:	311040000 seconds
[runlim] space limit:		4000 MB
[runlim] argv[0]:		./cvc4
[runlim] argv[1]:		--fmf-fun-rlv
[runlim] argv[2]:		/tmp/QMRUMI64.smt2
[runlim] start:			Tue Feb  5 10:54:25 2019
[runlim] main pid:		3458
/tmp/QMRUMI64.smt2:4.12: No set-logic command was given before this point.
/tmp/QMRUMI64.smt2:4.12: CVC4 will make all theories available.
/tmp/QMRUMI64.smt2:4.12: Consider setting a stricter logic for (likely) better performance.
/tmp/QMRUMI64.smt2:4.12: To suppress this warning in the future use (set-logic ALL).
[runlim] sample:		7.3 time, 10.0 real, 34.8 MB
[runlim] sample:		16.0 time, 20.0 real, 36.0 MB
[runlim] sample:		26.0 time, 30.0 real, 36.9 MB
[runlim] sample:		36.0 time, 40.0 real, 47.2 MB
[runlim] sample:		46.0 time, 50.0 real, 52.0 MB
[runlim] sample:		56.0 time, 60.0 real, 55.1 MB
[runlim] sample:		66.0 time, 70.0 real, 57.1 MB
[runlim] sample:		76.0 time, 80.0 real, 58.4 MB
[runlim] sample:		86.0 time, 90.0 real, 59.4 MB
[runlim] sample:		96.0 time, 100.0 real, 62.2 MB
[runlim] sample:		105.9 time, 110.0 real, 63.9 MB
[runlim] sample:		115.9 time, 120.0 real, 64.4 MB
[runlim] sample:		125.9 time, 130.0 real, 64.6 MB
[runlim] sample:		135.9 time, 140.0 real, 67.7 MB
[runlim] sample:		145.9 time, 150.0 real, 67.9 MB
[runlim] sample:		155.9 time, 160.0 real, 68.4 MB
[runlim] sample:		165.9 time, 170.0 real, 68.9 MB
[runlim] sample:		175.9 time, 180.0 real, 69.1 MB
[runlim] sample:		185.9 time, 190.0 real, 69.6 MB
[runlim] sample:		195.9 time, 200.0 real, 69.8 MB
[runlim] sample:		205.9 time, 210.0 real, 72.9 MB
[runlim] sample:		215.9 time, 220.0 real, 77.7 MB
[runlim] sample:		225.9 time, 230.0 real, 78.4 MB
[runlim] sample:		235.9 time, 240.0 real, 78.9 MB
[runlim] sample:		245.9 time, 250.0 real, 79.3 MB
[runlim] sample:		255.9 time, 260.0 real, 79.6 MB
[runlim] sample:		265.9 time, 270.0 real, 79.9 MB
[runlim] sample:		275.9 time, 280.0 real, 80.1 MB
[runlim] sample:		285.9 time, 290.0 real, 80.6 MB
[runlim] sample:		295.9 time, 300.0 real, 80.8 MB
CVC4 interrupted by SIGTERM.
[runlim] end:			Tue Feb  5 10:59:29 2019
[runlim] status:		out of time
[runlim] result:		2
[runlim] children:		0
[runlim] real:			304.27 seconds
[runlim] time:			300.10 seconds
[runlim] space:			81.1 MB
[runlim] samples:		3042
