[runlim] version:		1.10fixed
[runlim] time limit:		300 seconds
[runlim] real time limit:	311040000 seconds
[runlim] space limit:		4000 MB
[runlim] argv[0]:		./cvc4
[runlim] argv[1]:		--fmf-fun-rlv
[runlim] argv[2]:		/tmp/Aautp6Jc.smt2
[runlim] start:			Tue Jan 29 17:16:31 2019
[runlim] main pid:		31807
[runlim] sample:		8.1 time, 10.9 real, 134.3 MB
[runlim] sample:		16.0 time, 20.9 real, 227.1 MB
[runlim] sample:		25.3 time, 30.9 real, 405.9 MB
[runlim] sample:		34.6 time, 40.9 real, 438.7 MB
[runlim] sample:		43.8 time, 50.9 real, 441.0 MB
[runlim] sample:		52.5 time, 60.9 real, 521.0 MB
[runlim] sample:		59.4 time, 70.9 real, 575.7 MB
[runlim] sample:		67.9 time, 80.9 real, 578.3 MB
[runlim] sample:		77.1 time, 90.9 real, 595.0 MB
[runlim] sample:		86.1 time, 100.9 real, 829.6 MB
[runlim] sample:		95.3 time, 110.9 real, 857.0 MB
[runlim] sample:		104.1 time, 120.9 real, 883.0 MB
[runlim] sample:		113.7 time, 130.9 real, 892.8 MB
[runlim] sample:		123.3 time, 140.9 real, 892.8 MB
[runlim] sample:		133.2 time, 150.9 real, 892.8 MB
[runlim] sample:		143.2 time, 160.9 real, 892.8 MB
[runlim] sample:		153.2 time, 170.9 real, 892.8 MB
[runlim] sample:		163.2 time, 180.9 real, 1127.5 MB
[runlim] sample:		173.0 time, 190.9 real, 1149.7 MB
[runlim] sample:		183.0 time, 200.9 real, 1151.2 MB
[runlim] sample:		193.0 time, 210.9 real, 1152.8 MB
[runlim] sample:		203.0 time, 220.9 real, 1154.1 MB
[runlim] sample:		213.0 time, 230.9 real, 1155.4 MB
[runlim] sample:		223.0 time, 240.9 real, 1156.4 MB
[runlim] sample:		233.0 time, 250.9 real, 1157.4 MB
[runlim] sample:		243.0 time, 260.9 real, 1158.2 MB
[runlim] sample:		253.0 time, 270.9 real, 1159.2 MB
[runlim] sample:		263.0 time, 280.9 real, 1160.0 MB
[runlim] sample:		273.0 time, 290.9 real, 1160.8 MB
[runlim] sample:		283.0 time, 300.9 real, 1161.6 MB
[runlim] sample:		293.0 time, 310.9 real, 1162.3 MB
CVC4 interrupted by SIGTERM.
[runlim] end:			Tue Jan 29 17:21:49 2019
[runlim] status:		out of time
[runlim] result:		2
[runlim] children:		0
[runlim] real:			318.10 seconds
[runlim] time:			300.10 seconds
[runlim] space:			1188.9 MB
[runlim] samples:		3171
