[runlim] version:		1.10fixed
[runlim] time limit:		300 seconds
[runlim] real time limit:	311040000 seconds
[runlim] space limit:		4000 MB
[runlim] argv[0]:		./cvc4
[runlim] argv[1]:		--fmf-fun-rlv
[runlim] argv[2]:		/tmp/JYjWSnQq.smt2
[runlim] start:			Tue Feb  5 10:54:37 2019
[runlim] main pid:		15828
/tmp/JYjWSnQq.smt2:4.12: No set-logic command was given before this point.
/tmp/JYjWSnQq.smt2:4.12: CVC4 will make all theories available.
/tmp/JYjWSnQq.smt2:4.12: Consider setting a stricter logic for (likely) better performance.
/tmp/JYjWSnQq.smt2:4.12: To suppress this warning in the future use (set-logic ALL).
[runlim] sample:		9.3 time, 10.6 real, 43.5 MB
[runlim] sample:		19.1 time, 20.6 real, 44.3 MB
[runlim] sample:		28.4 time, 30.6 real, 45.6 MB
[runlim] sample:		36.4 time, 40.6 real, 52.8 MB
[runlim] sample:		44.4 time, 50.6 real, 54.8 MB
[runlim] sample:		53.0 time, 60.6 real, 56.6 MB
[runlim] sample:		62.2 time, 70.6 real, 60.2 MB
[runlim] sample:		71.8 time, 80.6 real, 64.8 MB
[runlim] sample:		81.7 time, 90.6 real, 67.6 MB
[runlim] sample:		91.7 time, 100.6 real, 72.2 MB
[runlim] sample:		101.7 time, 110.6 real, 83.3 MB
[runlim] sample:		111.7 time, 120.6 real, 87.0 MB
[runlim] sample:		121.7 time, 130.6 real, 87.5 MB
[runlim] sample:		131.7 time, 140.6 real, 90.3 MB
[runlim] sample:		141.7 time, 150.6 real, 91.9 MB
[runlim] sample:		151.7 time, 160.6 real, 93.1 MB
[runlim] sample:		161.5 time, 170.6 real, 94.9 MB
[runlim] sample:		171.1 time, 180.6 real, 98.1 MB
[runlim] sample:		181.1 time, 190.6 real, 100.2 MB
[runlim] sample:		190.9 time, 200.6 real, 101.4 MB
[runlim] sample:		200.9 time, 210.6 real, 101.9 MB
[runlim] sample:		210.5 time, 220.6 real, 106.6 MB
[runlim] end:			Tue Feb  5 10:58:21 2019
[runlim] status:		ok
[runlim] result:		0
[runlim] children:		0
[runlim] real:			224.59 seconds
[runlim] time:			214.22 seconds
[runlim] space:			112.0 MB
[runlim] samples:		2239
