[runlim] version:		1.10fixed
[runlim] time limit:		300 seconds
[runlim] real time limit:	311040000 seconds
[runlim] space limit:		4000 MB
[runlim] argv[0]:		./cvc4
[runlim] argv[1]:		--fmf-fun-rlv
[runlim] argv[2]:		/tmp/rKLORBEP.smt2
[runlim] start:			Tue Feb  5 10:53:11 2019
[runlim] main pid:		26750
[runlim] sample:		8.0 time, 10.4 real, 45.4 MB
[runlim] sample:		16.0 time, 20.4 real, 144.1 MB
[runlim] sample:		24.4 time, 30.4 real, 406.4 MB
[runlim] sample:		33.4 time, 40.4 real, 622.8 MB
[runlim] sample:		42.7 time, 50.4 real, 686.9 MB
[runlim] sample:		52.4 time, 60.4 real, 687.2 MB
[runlim] sample:		62.4 time, 70.4 real, 687.5 MB
[runlim] sample:		71.9 time, 80.4 real, 687.5 MB
[runlim] sample:		80.8 time, 90.4 real, 687.7 MB
[runlim] sample:		90.8 time, 100.4 real, 688.0 MB
[runlim] sample:		100.8 time, 110.4 real, 688.0 MB
[runlim] sample:		110.8 time, 120.4 real, 688.2 MB
[runlim] sample:		120.8 time, 130.4 real, 688.5 MB
[runlim] sample:		130.6 time, 140.4 real, 688.7 MB
[runlim] sample:		140.0 time, 150.4 real, 688.7 MB
[runlim] sample:		150.0 time, 160.4 real, 689.0 MB
[runlim] sample:		160.0 time, 170.4 real, 689.0 MB
[runlim] sample:		170.0 time, 180.4 real, 689.0 MB
[runlim] sample:		180.0 time, 190.4 real, 689.3 MB
[runlim] sample:		190.0 time, 200.4 real, 689.5 MB
[runlim] sample:		200.0 time, 210.4 real, 689.5 MB
[runlim] sample:		210.0 time, 220.4 real, 689.8 MB
[runlim] sample:		220.0 time, 230.4 real, 690.0 MB
[runlim] sample:		230.0 time, 240.4 real, 690.0 MB
[runlim] sample:		240.0 time, 250.4 real, 690.3 MB
[runlim] sample:		250.0 time, 260.4 real, 690.8 MB
[runlim] sample:		260.0 time, 270.4 real, 691.1 MB
[runlim] sample:		270.0 time, 280.4 real, 691.3 MB
[runlim] sample:		280.0 time, 290.4 real, 691.6 MB
[runlim] sample:		290.0 time, 300.4 real, 691.6 MB
[runlim] sample:		299.4 time, 310.4 real, 691.8 MB
CVC4 interrupted by SIGTERM.
[runlim] end:			Tue Feb  5 10:58:22 2019
[runlim] status:		out of time
[runlim] result:		2
[runlim] children:		0
[runlim] real:			311.11 seconds
[runlim] time:			300.03 seconds
[runlim] space:			691.8 MB
[runlim] samples:		3107
