[runlim] version:		1.10fixed
[runlim] time limit:		300 seconds
[runlim] real time limit:	311040000 seconds
[runlim] space limit:		4000 MB
[runlim] argv[0]:		./cvc4
[runlim] argv[1]:		--fmf-fun-rlv
[runlim] argv[2]:		/tmp/uY2gQ135.smt2
[runlim] start:			Tue Feb  5 13:38:06 2019
[runlim] main pid:		6903
[runlim] sample:		9.9 time, 10.9 real, 170.3 MB
[runlim] sample:		19.0 time, 20.9 real, 282.5 MB
[runlim] sample:		28.2 time, 30.9 real, 447.3 MB
[runlim] sample:		37.6 time, 40.9 real, 787.4 MB
[runlim] sample:		47.5 time, 50.9 real, 868.3 MB
[runlim] sample:		57.5 time, 60.9 real, 870.1 MB
[runlim] sample:		67.2 time, 70.9 real, 871.1 MB
[runlim] sample:		77.1 time, 80.9 real, 983.2 MB
[runlim] sample:		87.1 time, 90.9 real, 1004.6 MB
[runlim] sample:		95.4 time, 100.9 real, 1005.3 MB
[runlim] sample:		103.0 time, 110.9 real, 1006.9 MB
[runlim] sample:		112.1 time, 120.9 real, 1364.4 MB
[runlim] sample:		121.2 time, 130.9 real, 1633.0 MB
[runlim] sample:		130.7 time, 140.9 real, 1919.4 MB
[runlim] sample:		140.0 time, 150.9 real, 2331.7 MB
[runlim] sample:		149.3 time, 160.9 real, 2658.3 MB
[runlim] sample:		158.5 time, 170.9 real, 2981.9 MB
[runlim] sample:		168.1 time, 180.9 real, 3289.7 MB
[runlim] sample:		177.9 time, 190.9 real, 3289.7 MB
[runlim] sample:		187.9 time, 200.9 real, 3289.7 MB
[runlim] sample:		197.9 time, 210.9 real, 3289.7 MB
[runlim] sample:		207.9 time, 220.9 real, 3289.7 MB
[runlim] sample:		217.9 time, 230.9 real, 3344.3 MB
[runlim] sample:		227.9 time, 240.9 real, 3344.3 MB
[runlim] sample:		237.9 time, 250.9 real, 3344.6 MB
[runlim] sample:		247.9 time, 260.9 real, 3344.6 MB
[runlim] sample:		257.9 time, 270.9 real, 3345.6 MB
[runlim] sample:		267.9 time, 280.9 real, 3345.6 MB
[runlim] sample:		277.9 time, 290.9 real, 3345.6 MB
[runlim] sample:		287.9 time, 300.9 real, 3345.6 MB
[runlim] sample:		297.9 time, 310.9 real, 3345.6 MB
[runlim] end:			Tue Feb  5 13:43:19 2019
[runlim] status:		signal(9)
[runlim] result:		11
[runlim] children:		0
[runlim] real:			313.04 seconds
[runlim] time:			299.97 seconds
[runlim] space:			3345.6 MB
[runlim] samples:		3121
