[runlim] version:		1.10fixed
[runlim] time limit:		300 seconds
[runlim] real time limit:	311040000 seconds
[runlim] space limit:		4000 MB
[runlim] argv[0]:		./cvc4
[runlim] argv[1]:		--fmf-fun-rlv
[runlim] argv[2]:		/tmp/wd1i4IC3.smt2
[runlim] start:			Tue Jan 29 17:19:32 2019
[runlim] main pid:		2717
[runlim] sample:		9.2 time, 10.3 real, 42.2 MB
[runlim] sample:		18.0 time, 20.3 real, 45.5 MB
[runlim] sample:		27.5 time, 30.3 real, 49.3 MB
[runlim] sample:		36.2 time, 40.3 real, 51.3 MB
[runlim] sample:		44.9 time, 50.3 real, 53.6 MB
[runlim] sample:		54.7 time, 60.3 real, 56.2 MB
[runlim] sample:		64.7 time, 70.3 real, 62.8 MB
[runlim] sample:		74.3 time, 80.3 real, 64.8 MB
[runlim] sample:		83.5 time, 90.3 real, 67.9 MB
[runlim] sample:		93.2 time, 100.3 real, 70.2 MB
[runlim] sample:		102.9 time, 110.3 real, 72.9 MB
[runlim] sample:		112.5 time, 120.3 real, 74.4 MB
[runlim] sample:		122.2 time, 130.3 real, 76.2 MB
[runlim] sample:		131.8 time, 140.3 real, 77.8 MB
[runlim] sample:		141.5 time, 150.3 real, 79.8 MB
[runlim] sample:		151.1 time, 160.3 real, 84.2 MB
[runlim] sample:		160.8 time, 170.3 real, 85.9 MB
[runlim] sample:		170.4 time, 180.3 real, 87.7 MB
[runlim] sample:		180.1 time, 190.3 real, 88.8 MB
[runlim] sample:		190.0 time, 200.3 real, 90.6 MB
[runlim] sample:		200.0 time, 210.3 real, 93.7 MB
[runlim] sample:		210.0 time, 220.3 real, 95.9 MB
[runlim] sample:		220.0 time, 230.3 real, 99.3 MB
[runlim] sample:		230.0 time, 240.3 real, 106.1 MB
[runlim] sample:		240.0 time, 250.3 real, 106.9 MB
[runlim] sample:		250.0 time, 260.3 real, 109.4 MB
[runlim] sample:		260.0 time, 270.3 real, 111.7 MB
[runlim] sample:		270.0 time, 280.3 real, 112.4 MB
[runlim] sample:		280.0 time, 290.3 real, 115.3 MB
[runlim] sample:		290.0 time, 300.3 real, 117.3 MB
[runlim] end:			Tue Jan 29 17:24:40 2019
[runlim] status:		signal(9)
[runlim] result:		11
[runlim] children:		0
[runlim] real:			308.27 seconds
[runlim] time:			297.91 seconds
[runlim] space:			118.8 MB
[runlim] samples:		3079
