[runlim] version:		1.10fixed
[runlim] time limit:		300 seconds
[runlim] real time limit:	311040000 seconds
[runlim] space limit:		4000 MB
[runlim] argv[0]:		./cvc4
[runlim] argv[1]:		--fmf-fun-rlv
[runlim] argv[2]:		/tmp/VbtXBfMM.smt2
[runlim] start:			Tue Jan 29 17:18:00 2019
[runlim] main pid:		7390
[runlim] sample:		9.2 time, 10.5 real, 62.5 MB
[runlim] sample:		18.0 time, 20.5 real, 171.9 MB
[runlim] sample:		25.7 time, 30.5 real, 427.7 MB
[runlim] sample:		33.4 time, 40.5 real, 628.5 MB
[runlim] sample:		42.8 time, 50.5 real, 779.6 MB
[runlim] sample:		52.8 time, 60.5 real, 801.0 MB
[runlim] sample:		62.8 time, 70.5 real, 801.2 MB
[runlim] sample:		72.8 time, 80.5 real, 801.2 MB
[runlim] sample:		82.8 time, 90.5 real, 801.5 MB
[runlim] sample:		92.8 time, 100.5 real, 801.5 MB
[runlim] sample:		102.8 time, 110.5 real, 801.5 MB
[runlim] sample:		112.8 time, 120.5 real, 801.8 MB
[runlim] sample:		122.8 time, 130.5 real, 801.8 MB
[runlim] sample:		132.8 time, 140.5 real, 802.0 MB
[runlim] sample:		142.8 time, 150.5 real, 802.0 MB
[runlim] sample:		152.8 time, 160.5 real, 802.0 MB
[runlim] sample:		162.8 time, 170.5 real, 802.3 MB
[runlim] sample:		172.4 time, 180.5 real, 802.3 MB
[runlim] sample:		182.1 time, 190.5 real, 802.3 MB
[runlim] sample:		192.0 time, 200.5 real, 802.5 MB
[runlim] sample:		202.0 time, 210.5 real, 802.5 MB
[runlim] sample:		212.0 time, 220.5 real, 802.5 MB
[runlim] sample:		222.0 time, 230.5 real, 802.8 MB
[runlim] sample:		232.0 time, 240.5 real, 802.8 MB
[runlim] sample:		242.0 time, 250.5 real, 802.8 MB
[runlim] sample:		252.0 time, 260.5 real, 803.1 MB
[runlim] sample:		262.0 time, 270.5 real, 803.1 MB
[runlim] sample:		272.0 time, 280.5 real, 803.1 MB
[runlim] sample:		282.0 time, 290.5 real, 803.1 MB
[runlim] sample:		292.0 time, 300.5 real, 803.1 MB
[runlim] end:			Tue Jan 29 17:23:08 2019
[runlim] status:		signal(9)
[runlim] result:		11
[runlim] children:		0
[runlim] real:			308.03 seconds
[runlim] time:			299.48 seconds
[runlim] space:			803.1 MB
[runlim] samples:		3075
