[runlim] version:		1.10fixed
[runlim] time limit:		300 seconds
[runlim] real time limit:	311040000 seconds
[runlim] space limit:		4000 MB
[runlim] argv[0]:		./cvc4
[runlim] argv[1]:		--fmf-fun-rlv
[runlim] argv[2]:		/tmp/Rn2PcF3p.smt2
[runlim] start:			Tue Feb  5 10:54:35 2019
[runlim] main pid:		26006
/tmp/Rn2PcF3p.smt2:4.12: No set-logic command was given before this point.
/tmp/Rn2PcF3p.smt2:4.12: CVC4 will make all theories available.
/tmp/Rn2PcF3p.smt2:4.12: Consider setting a stricter logic for (likely) better performance.
/tmp/Rn2PcF3p.smt2:4.12: To suppress this warning in the future use (set-logic ALL).
[runlim] sample:		8.6 time, 10.2 real, 45.4 MB
[runlim] sample:		17.7 time, 20.2 real, 52.3 MB
[runlim] sample:		27.7 time, 30.2 real, 55.9 MB
[runlim] sample:		37.7 time, 40.2 real, 57.7 MB
[runlim] sample:		47.7 time, 50.2 real, 59.4 MB
[runlim] sample:		57.7 time, 60.2 real, 62.0 MB
[runlim] sample:		67.7 time, 70.2 real, 65.7 MB
[runlim] sample:		77.7 time, 80.2 real, 68.8 MB
[runlim] sample:		87.7 time, 90.2 real, 73.1 MB
[runlim] sample:		97.7 time, 100.2 real, 74.1 MB
[runlim] sample:		107.6 time, 110.2 real, 76.0 MB
[runlim] sample:		117.6 time, 120.2 real, 76.0 MB
[runlim] sample:		127.6 time, 130.2 real, 76.5 MB
[runlim] sample:		137.6 time, 140.2 real, 76.7 MB
[runlim] sample:		147.6 time, 150.2 real, 77.0 MB
[runlim] sample:		157.6 time, 160.2 real, 79.5 MB
[runlim] sample:		167.6 time, 170.2 real, 79.9 MB
[runlim] sample:		177.6 time, 180.2 real, 80.2 MB
[runlim] sample:		187.6 time, 190.2 real, 80.4 MB
[runlim] sample:		197.6 time, 200.2 real, 83.2 MB
[runlim] sample:		207.6 time, 210.2 real, 83.7 MB
[runlim] sample:		217.6 time, 220.2 real, 88.1 MB
[runlim] sample:		227.6 time, 230.2 real, 88.6 MB
[runlim] sample:		237.6 time, 240.2 real, 88.8 MB
[runlim] sample:		247.6 time, 250.2 real, 89.0 MB
[runlim] sample:		257.6 time, 260.2 real, 89.3 MB
[runlim] sample:		267.6 time, 270.2 real, 88.5 MB
[runlim] sample:		277.6 time, 280.2 real, 88.8 MB
[runlim] sample:		287.6 time, 290.2 real, 89.3 MB
[runlim] sample:		297.6 time, 300.2 real, 89.5 MB
CVC4 interrupted by SIGTERM.
[runlim] end:			Tue Feb  5 10:59:37 2019
[runlim] status:		out of time
[runlim] result:		2
[runlim] children:		0
[runlim] real:			302.73 seconds
[runlim] time:			300.08 seconds
[runlim] space:			89.8 MB
[runlim] samples:		3025
