[runlim] version:		1.10fixed
[runlim] time limit:		300 seconds
[runlim] real time limit:	311040000 seconds
[runlim] space limit:		4000 MB
[runlim] argv[0]:		./cvc4
[runlim] argv[1]:		--fmf-fun-rlv
[runlim] argv[2]:		/tmp/89jfXMrx.smt2
[runlim] start:			Tue Feb  5 10:50:15 2019
[runlim] main pid:		28928
[runlim] sample:		8.7 time, 10.1 real, 179.2 MB
[runlim] sample:		18.4 time, 20.1 real, 342.9 MB
[runlim] sample:		28.4 time, 30.1 real, 627.2 MB
[runlim] sample:		38.4 time, 40.1 real, 630.0 MB
[runlim] sample:		48.4 time, 50.1 real, 642.4 MB
[runlim] sample:		57.5 time, 60.1 real, 744.9 MB
[runlim] sample:		66.8 time, 70.1 real, 745.7 MB
[runlim] sample:		75.7 time, 80.1 real, 955.0 MB
[runlim] sample:		85.3 time, 90.1 real, 1325.1 MB
[runlim] sample:		95.2 time, 100.1 real, 1605.0 MB
[runlim] sample:		105.2 time, 110.1 real, 2036.9 MB
[runlim] sample:		115.2 time, 120.1 real, 2422.6 MB
[runlim] sample:		125.2 time, 130.1 real, 2697.6 MB
[runlim] sample:		134.2 time, 140.1 real, 2842.5 MB
[runlim] sample:		143.4 time, 150.1 real, 2843.8 MB
[runlim] sample:		153.3 time, 160.1 real, 2843.8 MB
[runlim] sample:		163.2 time, 170.1 real, 2843.8 MB
[runlim] sample:		171.2 time, 180.1 real, 2843.8 MB
[runlim] sample:		178.9 time, 190.1 real, 2843.8 MB
[runlim] sample:		188.3 time, 200.1 real, 2843.8 MB
[runlim] sample:		198.3 time, 210.1 real, 2843.8 MB
[runlim] sample:		207.8 time, 220.1 real, 2843.8 MB
[runlim] sample:		215.2 time, 230.1 real, 2843.8 MB
[runlim] sample:		224.9 time, 240.1 real, 2843.8 MB
[runlim] sample:		234.9 time, 250.1 real, 2843.8 MB
[runlim] sample:		244.6 time, 260.1 real, 2843.8 MB
[runlim] sample:		254.2 time, 270.1 real, 2843.8 MB
[runlim] sample:		263.6 time, 280.1 real, 2843.8 MB
[runlim] sample:		272.9 time, 290.1 real, 2843.8 MB
[runlim] sample:		282.3 time, 300.1 real, 2844.6 MB
[runlim] sample:		291.6 time, 310.1 real, 2845.9 MB
[runlim] end:			Tue Feb  5 10:55:28 2019
[runlim] status:		signal(9)
[runlim] result:		11
[runlim] children:		0
[runlim] real:			313.59 seconds
[runlim] time:			294.97 seconds
[runlim] space:			2850.5 MB
[runlim] samples:		3135
