[runlim] version:		1.10fixed
[runlim] time limit:		300 seconds
[runlim] real time limit:	311040000 seconds
[runlim] space limit:		4000 MB
[runlim] argv[0]:		./cvc4
[runlim] argv[1]:		--fmf-fun-rlv
[runlim] argv[2]:		/tmp/6rBtEXTf.smt2
[runlim] start:			Tue Feb  5 10:50:37 2019
[runlim] main pid:		25681
[runlim] sample:		8.7 time, 10.8 real, 89.2 MB
[runlim] sample:		17.3 time, 20.8 real, 322.1 MB
[runlim] sample:		26.3 time, 30.8 real, 405.6 MB
[runlim] sample:		35.1 time, 40.8 real, 558.4 MB
[runlim] sample:		44.1 time, 50.8 real, 880.7 MB
[runlim] sample:		53.6 time, 60.8 real, 1261.8 MB
[runlim] sample:		63.6 time, 70.8 real, 1340.1 MB
[runlim] sample:		73.6 time, 80.8 real, 1341.7 MB
[runlim] sample:		83.6 time, 90.8 real, 1343.2 MB
[runlim] sample:		92.6 time, 100.8 real, 1344.3 MB
[runlim] sample:		101.5 time, 110.8 real, 1344.3 MB
[runlim] sample:		111.5 time, 120.8 real, 1445.7 MB
[runlim] sample:		121.5 time, 130.8 real, 1492.4 MB
[runlim] sample:		131.5 time, 140.8 real, 1496.8 MB
[runlim] sample:		141.5 time, 150.8 real, 1496.8 MB
[runlim] sample:		151.5 time, 160.8 real, 1496.8 MB
[runlim] sample:		160.5 time, 170.8 real, 1496.8 MB
[runlim] sample:		169.4 time, 180.8 real, 1496.8 MB
[runlim] sample:		178.1 time, 190.8 real, 1496.8 MB
[runlim] sample:		186.9 time, 200.8 real, 1496.8 MB
[runlim] sample:		196.6 time, 210.8 real, 1496.8 MB
[runlim] sample:		206.6 time, 220.8 real, 1496.8 MB
[runlim] sample:		216.6 time, 230.8 real, 1496.8 MB
[runlim] sample:		226.6 time, 240.8 real, 1498.8 MB
[runlim] sample:		236.6 time, 250.8 real, 1787.8 MB
[runlim] sample:		246.6 time, 260.8 real, 2101.4 MB
[runlim] sample:		256.6 time, 270.8 real, 2530.5 MB
[runlim] sample:		266.6 time, 280.8 real, 2840.2 MB
[runlim] sample:		276.6 time, 290.8 real, 3114.7 MB
[runlim] sample:		286.6 time, 300.8 real, 3409.4 MB
[runlim] sample:		296.6 time, 310.8 real, 4024.0 MB
CVC4 interrupted by SIGTERM.
[runlim] end:			Tue Feb  5 10:55:47 2019
[runlim] status:		out of memory
[runlim] result:		3
[runlim] children:		0
[runlim] real:			310.94 seconds
[runlim] time:			296.69 seconds
[runlim] space:			4024.0 MB
[runlim] samples:		3101
