[runlim] version:		1.10fixed
[runlim] time limit:		300 seconds
[runlim] real time limit:	311040000 seconds
[runlim] space limit:		4000 MB
[runlim] argv[0]:		./cvc4
[runlim] argv[1]:		--fmf-fun-rlv
[runlim] argv[2]:		/tmp/tMO2oeoX.smt2
[runlim] start:			Tue Feb  5 10:52:21 2019
[runlim] main pid:		5565
[runlim] sample:		9.1 time, 10.1 real, 29.9 MB
[runlim] sample:		18.4 time, 20.1 real, 35.6 MB
[runlim] sample:		27.7 time, 30.1 real, 43.5 MB
[runlim] end:			Tue Feb  5 10:52:53 2019
[runlim] status:		ok
[runlim] result:		0
[runlim] children:		0
[runlim] real:			32.62 seconds
[runlim] time:			29.97 seconds
[runlim] space:			44.6 MB
[runlim] samples:		324
