[runlim] version:		1.10fixed
[runlim] time limit:		300 seconds
[runlim] real time limit:	311040000 seconds
[runlim] space limit:		4000 MB
[runlim] argv[0]:		./cvc4
[runlim] argv[1]:		--fmf-fun-rlv
[runlim] argv[2]:		/tmp/Vkc7KAU7.smt2
[runlim] start:			Tue Feb  5 10:50:00 2019
[runlim] main pid:		12026
[runlim] sample:		7.7 time, 10.1 real, 178.9 MB
[runlim] sample:		16.3 time, 20.1 real, 262.2 MB
[runlim] sample:		25.4 time, 30.1 real, 609.2 MB
[runlim] sample:		35.0 time, 40.1 real, 628.5 MB
[runlim] sample:		45.0 time, 50.1 real, 630.9 MB
[runlim] sample:		55.0 time, 60.1 real, 744.4 MB
[runlim] sample:		65.0 time, 70.1 real, 745.5 MB
[runlim] sample:		75.0 time, 80.1 real, 1005.4 MB
[runlim] sample:		85.0 time, 90.1 real, 1390.8 MB
[runlim] sample:		95.0 time, 100.1 real, 1678.2 MB
[runlim] sample:		105.0 time, 110.1 real, 2279.2 MB
[runlim] sample:		115.0 time, 120.1 real, 2488.8 MB
[runlim] sample:		125.0 time, 130.1 real, 2750.5 MB
[runlim] sample:		135.0 time, 140.1 real, 2844.9 MB
[runlim] sample:		145.0 time, 150.1 real, 2845.1 MB
[runlim] sample:		155.0 time, 160.1 real, 2845.1 MB
[runlim] sample:		165.0 time, 170.1 real, 2845.1 MB
[runlim] sample:		175.0 time, 180.1 real, 2845.1 MB
[runlim] sample:		185.0 time, 190.1 real, 2845.1 MB
[runlim] sample:		195.0 time, 200.1 real, 2845.1 MB
[runlim] sample:		205.0 time, 210.1 real, 2845.1 MB
[runlim] sample:		215.0 time, 220.1 real, 2845.1 MB
[runlim] sample:		225.0 time, 230.1 real, 2845.1 MB
[runlim] sample:		235.0 time, 240.1 real, 2845.1 MB
[runlim] sample:		245.0 time, 250.1 real, 2845.1 MB
[runlim] sample:		255.0 time, 260.1 real, 2845.1 MB
[runlim] sample:		265.0 time, 270.1 real, 2845.1 MB
[runlim] sample:		275.0 time, 280.1 real, 2845.6 MB
[runlim] sample:		285.0 time, 290.1 real, 2847.4 MB
[runlim] sample:		295.0 time, 300.1 real, 2871.4 MB
CVC4 interrupted by SIGTERM.
[runlim] end:			Tue Feb  5 10:55:05 2019
[runlim] status:		out of time
[runlim] result:		2
[runlim] children:		0
[runlim] real:			305.29 seconds
[runlim] time:			300.17 seconds
[runlim] space:			2883.0 MB
[runlim] samples:		3052
