[runlim] version:		1.10fixed
[runlim] time limit:		300 seconds
[runlim] real time limit:	311040000 seconds
[runlim] space limit:		4000 MB
[runlim] argv[0]:		./cvc4
[runlim] argv[1]:		--fmf-fun-rlv
[runlim] argv[2]:		/tmp/0rGSJThz.smt2
[runlim] start:			Tue Feb  5 10:49:58 2019
[runlim] main pid:		12539
[runlim] sample:		7.7 time, 10.1 real, 124.8 MB
[runlim] sample:		17.0 time, 20.1 real, 215.5 MB
[runlim] sample:		27.0 time, 30.1 real, 355.9 MB
[runlim] sample:		37.0 time, 40.1 real, 396.0 MB
[runlim] sample:		47.0 time, 50.1 real, 732.6 MB
[runlim] sample:		56.5 time, 60.1 real, 808.1 MB
[runlim] sample:		65.4 time, 70.1 real, 808.4 MB
[runlim] sample:		75.0 time, 80.1 real, 808.6 MB
[runlim] sample:		84.3 time, 90.1 real, 847.3 MB
[runlim] sample:		92.5 time, 100.1 real, 847.3 MB
[runlim] sample:		100.8 time, 110.1 real, 1126.1 MB
[runlim] sample:		109.7 time, 120.1 real, 1375.1 MB
[runlim] sample:		119.1 time, 130.1 real, 1503.3 MB
[runlim] sample:		128.5 time, 140.1 real, 1503.3 MB
[runlim] sample:		137.9 time, 150.1 real, 1503.3 MB
[runlim] sample:		147.2 time, 160.1 real, 1503.3 MB
[runlim] sample:		156.6 time, 170.1 real, 1503.3 MB
[runlim] sample:		166.1 time, 180.1 real, 1503.3 MB
[runlim] sample:		175.4 time, 190.1 real, 1503.3 MB
[runlim] sample:		184.8 time, 200.1 real, 1503.3 MB
[runlim] sample:		194.1 time, 210.1 real, 1503.3 MB
[runlim] sample:		203.5 time, 220.1 real, 1503.3 MB
[runlim] sample:		212.9 time, 230.1 real, 1503.3 MB
[runlim] sample:		222.2 time, 240.1 real, 1503.3 MB
[runlim] sample:		231.6 time, 250.1 real, 1512.0 MB
[runlim] sample:		241.5 time, 260.1 real, 1524.6 MB
[runlim] sample:		251.5 time, 270.1 real, 1528.0 MB
[runlim] sample:		261.5 time, 280.1 real, 1528.0 MB
[runlim] sample:		271.5 time, 290.1 real, 1528.0 MB
[runlim] sample:		281.5 time, 300.1 real, 1528.3 MB
[runlim] sample:		291.5 time, 310.1 real, 1553.5 MB
[runlim] end:			Tue Feb  5 10:55:13 2019
[runlim] status:		signal(9)
[runlim] result:		11
[runlim] children:		0
[runlim] real:			315.48 seconds
[runlim] time:			296.81 seconds
[runlim] space:			1590.1 MB
[runlim] samples:		3153
