[runlim] version:		1.10fixed
[runlim] time limit:		300 seconds
[runlim] real time limit:	311040000 seconds
[runlim] space limit:		4000 MB
[runlim] argv[0]:		./cvc4
[runlim] argv[1]:		--fmf-fun-rlv
[runlim] argv[2]:		/tmp/nTWpUazY.smt2
[runlim] start:			Tue Feb  5 10:54:50 2019
[runlim] main pid:		14983
/tmp/nTWpUazY.smt2:4.12: No set-logic command was given before this point.
/tmp/nTWpUazY.smt2:4.12: CVC4 will make all theories available.
/tmp/nTWpUazY.smt2:4.12: Consider setting a stricter logic for (likely) better performance.
/tmp/nTWpUazY.smt2:4.12: To suppress this warning in the future use (set-logic ALL).
[runlim] sample:		9.5 time, 10.4 real, 44.2 MB
[runlim] sample:		18.2 time, 20.4 real, 50.4 MB
[runlim] sample:		27.3 time, 30.4 real, 53.7 MB
[runlim] sample:		37.2 time, 40.4 real, 56.5 MB
[runlim] sample:		46.3 time, 50.4 real, 60.6 MB
[runlim] sample:		56.0 time, 60.4 real, 61.9 MB
[runlim] sample:		65.7 time, 70.4 real, 63.1 MB
[runlim] sample:		75.4 time, 80.4 real, 65.0 MB
[runlim] sample:		85.3 time, 90.4 real, 69.1 MB
[runlim] sample:		95.3 time, 100.4 real, 72.9 MB
[runlim] sample:		105.2 time, 110.4 real, 75.2 MB
[runlim] sample:		113.3 time, 120.4 real, 76.7 MB
[runlim] sample:		122.5 time, 130.4 real, 78.0 MB
[runlim] sample:		131.7 time, 140.4 real, 80.0 MB
[runlim] sample:		139.8 time, 150.4 real, 81.8 MB
[runlim] sample:		148.5 time, 160.4 real, 84.6 MB
[runlim] sample:		157.8 time, 170.4 real, 85.1 MB
[runlim] sample:		167.6 time, 180.4 real, 86.4 MB
[runlim] sample:		177.2 time, 190.4 real, 86.9 MB
[runlim] sample:		186.7 time, 200.4 real, 87.9 MB
[runlim] sample:		196.0 time, 210.4 real, 90.7 MB
[runlim] sample:		205.5 time, 220.4 real, 91.7 MB
[runlim] sample:		215.1 time, 230.4 real, 96.3 MB
[runlim] sample:		224.6 time, 240.4 real, 96.8 MB
[runlim] sample:		234.0 time, 250.4 real, 97.0 MB
[runlim] sample:		244.0 time, 260.4 real, 97.5 MB
[runlim] sample:		254.0 time, 270.4 real, 98.0 MB
[runlim] sample:		264.0 time, 280.4 real, 98.2 MB
[runlim] sample:		274.0 time, 290.4 real, 98.7 MB
[runlim] sample:		284.0 time, 300.4 real, 99.2 MB
[runlim] sample:		294.0 time, 310.4 real, 99.6 MB
CVC4 interrupted by SIGTERM.
[runlim] end:			Tue Feb  5 11:00:06 2019
[runlim] status:		out of time
[runlim] result:		2
[runlim] children:		0
[runlim] real:			316.54 seconds
[runlim] time:			300.07 seconds
[runlim] space:			100.1 MB
[runlim] samples:		3161
