[runlim] version:		1.10fixed
[runlim] time limit:		300 seconds
[runlim] real time limit:	311040000 seconds
[runlim] space limit:		4000 MB
[runlim] argv[0]:		./cvc4
[runlim] argv[1]:		--fmf-fun-rlv
[runlim] argv[2]:		/tmp/sK9R1soE.smt2
[runlim] start:			Tue Feb  5 10:54:39 2019
[runlim] main pid:		32396
/tmp/sK9R1soE.smt2:4.12: No set-logic command was given before this point.
/tmp/sK9R1soE.smt2:4.12: CVC4 will make all theories available.
/tmp/sK9R1soE.smt2:4.12: Consider setting a stricter logic for (likely) better performance.
/tmp/sK9R1soE.smt2:4.12: To suppress this warning in the future use (set-logic ALL).
[runlim] sample:		8.3 time, 10.1 real, 39.5 MB
[runlim] sample:		16.8 time, 20.1 real, 49.4 MB
[runlim] sample:		26.8 time, 30.1 real, 52.4 MB
[runlim] sample:		36.7 time, 40.1 real, 60.4 MB
[runlim] sample:		46.7 time, 50.1 real, 63.7 MB
[runlim] sample:		56.7 time, 60.1 real, 70.9 MB
[runlim] sample:		66.4 time, 70.1 real, 72.9 MB
[runlim] sample:		76.4 time, 80.1 real, 75.7 MB
[runlim] sample:		86.3 time, 90.1 real, 77.8 MB
[runlim] sample:		95.9 time, 100.1 real, 78.3 MB
[runlim] sample:		105.2 time, 110.1 real, 80.7 MB
[runlim] sample:		115.1 time, 120.1 real, 80.9 MB
[runlim] sample:		125.1 time, 130.1 real, 81.9 MB
[runlim] sample:		135.1 time, 140.1 real, 83.7 MB
[runlim] sample:		145.1 time, 150.1 real, 85.5 MB
[runlim] sample:		155.1 time, 160.1 real, 86.0 MB
[runlim] sample:		163.5 time, 170.1 real, 87.8 MB
[runlim] sample:		173.1 time, 180.1 real, 87.8 MB
[runlim] sample:		182.0 time, 190.1 real, 88.9 MB
[runlim] sample:		191.9 time, 200.1 real, 89.1 MB
[runlim] sample:		201.9 time, 210.1 real, 89.3 MB
[runlim] sample:		211.1 time, 220.1 real, 89.3 MB
[runlim] sample:		221.1 time, 230.1 real, 89.6 MB
[runlim] sample:		231.1 time, 240.1 real, 89.6 MB
[runlim] sample:		240.3 time, 250.1 real, 89.9 MB
[runlim] sample:		250.3 time, 260.1 real, 89.9 MB
[runlim] sample:		260.3 time, 270.1 real, 89.9 MB
[runlim] sample:		270.3 time, 280.1 real, 89.9 MB
[runlim] sample:		280.3 time, 290.1 real, 90.1 MB
[runlim] sample:		290.3 time, 300.1 real, 90.1 MB
CVC4 interrupted by SIGTERM.
[runlim] end:			Tue Feb  5 10:59:48 2019
[runlim] status:		out of time
[runlim] result:		2
[runlim] children:		0
[runlim] real:			309.87 seconds
[runlim] time:			300.01 seconds
[runlim] space:			90.1 MB
[runlim] samples:		3097
