[runlim] version:		1.10fixed
[runlim] time limit:		300 seconds
[runlim] real time limit:	311040000 seconds
[runlim] space limit:		4000 MB
[runlim] argv[0]:		./cvc4
[runlim] argv[1]:		--fmf-fun-rlv
[runlim] argv[2]:		/tmp/eQGVgTYw.smt2
[runlim] start:			Tue Feb  5 10:54:48 2019
[runlim] main pid:		1037
/tmp/eQGVgTYw.smt2:4.12: No set-logic command was given before this point.
/tmp/eQGVgTYw.smt2:4.12: CVC4 will make all theories available.
/tmp/eQGVgTYw.smt2:4.12: Consider setting a stricter logic for (likely) better performance.
/tmp/eQGVgTYw.smt2:4.12: To suppress this warning in the future use (set-logic ALL).
[runlim] sample:		9.8 time, 10.8 real, 43.6 MB
[runlim] sample:		19.8 time, 20.8 real, 48.2 MB
[runlim] sample:		29.8 time, 30.8 real, 51.4 MB
[runlim] sample:		39.8 time, 40.8 real, 52.7 MB
[runlim] sample:		49.8 time, 50.8 real, 54.5 MB
[runlim] sample:		59.8 time, 60.8 real, 55.2 MB
[runlim] sample:		69.8 time, 70.8 real, 57.3 MB
[runlim] sample:		79.8 time, 80.8 real, 59.3 MB
[runlim] sample:		89.8 time, 90.8 real, 59.8 MB
[runlim] sample:		99.8 time, 100.8 real, 62.1 MB
[runlim] sample:		109.8 time, 110.8 real, 62.8 MB
[runlim] sample:		119.8 time, 120.8 real, 64.0 MB
[runlim] sample:		129.8 time, 130.8 real, 67.3 MB
[runlim] sample:		139.8 time, 140.8 real, 68.9 MB
[runlim] sample:		149.8 time, 150.8 real, 69.6 MB
[runlim] sample:		159.7 time, 160.8 real, 69.8 MB
[runlim] sample:		169.7 time, 170.8 real, 70.3 MB
[runlim] sample:		179.7 time, 180.8 real, 71.0 MB
[runlim] sample:		189.7 time, 190.8 real, 72.1 MB
[runlim] sample:		199.7 time, 200.8 real, 72.7 MB
[runlim] sample:		209.7 time, 210.8 real, 73.7 MB
[runlim] sample:		219.7 time, 220.8 real, 78.3 MB
[runlim] sample:		229.7 time, 230.8 real, 78.6 MB
[runlim] sample:		239.7 time, 240.8 real, 78.8 MB
[runlim] sample:		249.7 time, 250.8 real, 84.2 MB
[runlim] sample:		259.7 time, 260.8 real, 84.4 MB
[runlim] sample:		269.7 time, 270.8 real, 84.9 MB
[runlim] sample:		279.7 time, 280.8 real, 85.2 MB
[runlim] sample:		289.7 time, 290.8 real, 85.4 MB
[runlim] sample:		299.7 time, 300.8 real, 85.9 MB
CVC4 interrupted by SIGTERM.
[runlim] end:			Tue Feb  5 10:59:49 2019
[runlim] status:		out of time
[runlim] result:		2
[runlim] children:		0
[runlim] real:			301.10 seconds
[runlim] time:			300.01 seconds
[runlim] space:			85.9 MB
[runlim] samples:		3003
