[runlim] version:		1.10fixed
[runlim] time limit:		300 seconds
[runlim] real time limit:	311040000 seconds
[runlim] space limit:		4000 MB
[runlim] argv[0]:		./cvc4
[runlim] argv[1]:		--fmf-fun-rlv
[runlim] argv[2]:		/tmp/A9YC2F5k.smt2
[runlim] start:			Tue Jan 29 17:17:51 2019
[runlim] main pid:		10319
[runlim] sample:		8.7 time, 10.7 real, 71.0 MB
[runlim] sample:		17.7 time, 20.7 real, 95.5 MB
[runlim] sample:		26.8 time, 30.7 real, 123.4 MB
[runlim] sample:		36.8 time, 40.7 real, 163.7 MB
[runlim] sample:		46.8 time, 50.7 real, 339.1 MB
[runlim] sample:		56.8 time, 60.7 real, 690.7 MB
[runlim] sample:		66.8 time, 70.7 real, 998.1 MB
[runlim] sample:		76.8 time, 80.7 real, 1323.7 MB
[runlim] sample:		86.8 time, 90.7 real, 1641.4 MB
[runlim] sample:		96.8 time, 100.7 real, 1950.0 MB
[runlim] sample:		106.8 time, 110.7 real, 2059.1 MB
[runlim] sample:		116.8 time, 120.7 real, 2358.8 MB
[runlim] sample:		126.8 time, 130.7 real, 2577.3 MB
[runlim] sample:		136.8 time, 140.7 real, 2647.1 MB
[runlim] sample:		146.8 time, 150.7 real, 2736.0 MB
[runlim] sample:		156.8 time, 160.7 real, 2841.2 MB
[runlim] sample:		166.8 time, 170.7 real, 2874.2 MB
[runlim] sample:		176.8 time, 180.7 real, 2910.0 MB
[runlim] sample:		186.8 time, 190.7 real, 2961.8 MB
[runlim] sample:		196.8 time, 200.7 real, 2961.8 MB
[runlim] sample:		206.8 time, 210.7 real, 2962.1 MB
[runlim] sample:		216.8 time, 220.7 real, 2962.1 MB
[runlim] sample:		226.8 time, 230.7 real, 2962.1 MB
[runlim] sample:		236.8 time, 240.7 real, 2962.1 MB
[runlim] sample:		246.8 time, 250.7 real, 2962.1 MB
[runlim] sample:		256.8 time, 260.7 real, 2962.1 MB
[runlim] sample:		266.8 time, 270.7 real, 2962.1 MB
[runlim] sample:		276.8 time, 280.7 real, 2962.1 MB
[runlim] sample:		286.8 time, 290.7 real, 2962.1 MB
[runlim] sample:		296.8 time, 300.7 real, 2962.1 MB
[runlim] end:			Tue Jan 29 17:22:55 2019
[runlim] status:		signal(9)
[runlim] result:		11
[runlim] children:		0
[runlim] real:			304.01 seconds
[runlim] time:			299.99 seconds
[runlim] space:			2962.1 MB
[runlim] samples:		3032
