[runlim] version:		1.10fixed
[runlim] time limit:		300 seconds
[runlim] real time limit:	311040000 seconds
[runlim] space limit:		4000 MB
[runlim] argv[0]:		./cvc4
[runlim] argv[1]:		--fmf-fun-rlv
[runlim] argv[2]:		/tmp/PmhAOdJH.smt2
[runlim] start:			Tue Feb  5 10:54:54 2019
[runlim] main pid:		2926
/tmp/PmhAOdJH.smt2:4.12: No set-logic command was given before this point.
/tmp/PmhAOdJH.smt2:4.12: CVC4 will make all theories available.
/tmp/PmhAOdJH.smt2:4.12: Consider setting a stricter logic for (likely) better performance.
/tmp/PmhAOdJH.smt2:4.12: To suppress this warning in the future use (set-logic ALL).
[runlim] sample:		9.0 time, 10.6 real, 34.4 MB
[runlim] sample:		18.1 time, 20.6 real, 36.9 MB
[runlim] sample:		27.9 time, 30.6 real, 39.7 MB
[runlim] sample:		37.9 time, 40.6 real, 40.6 MB
[runlim] sample:		47.9 time, 50.6 real, 42.4 MB
[runlim] sample:		57.9 time, 60.6 real, 44.6 MB
[runlim] sample:		67.8 time, 70.6 real, 45.0 MB
[runlim] sample:		77.8 time, 80.6 real, 45.5 MB
[runlim] sample:		87.8 time, 90.6 real, 47.5 MB
[runlim] sample:		97.8 time, 100.6 real, 48.6 MB
[runlim] sample:		107.8 time, 110.6 real, 50.1 MB
[runlim] sample:		117.8 time, 120.6 real, 52.6 MB
[runlim] sample:		127.8 time, 130.6 real, 52.8 MB
[runlim] sample:		137.8 time, 140.6 real, 53.1 MB
[runlim] sample:		147.8 time, 150.6 real, 53.3 MB
[runlim] sample:		157.8 time, 160.6 real, 53.5 MB
[runlim] sample:		167.8 time, 170.6 real, 54.0 MB
[runlim] sample:		177.8 time, 180.6 real, 54.5 MB
[runlim] sample:		187.8 time, 190.6 real, 59.4 MB
[runlim] sample:		197.8 time, 200.6 real, 65.3 MB
[runlim] sample:		207.8 time, 210.6 real, 69.4 MB
[runlim] sample:		217.8 time, 220.6 real, 73.7 MB
[runlim] sample:		227.8 time, 230.6 real, 74.0 MB
[runlim] sample:		237.8 time, 240.6 real, 80.4 MB
[runlim] sample:		247.8 time, 250.6 real, 82.5 MB
[runlim] sample:		257.8 time, 260.6 real, 84.0 MB
[runlim] sample:		267.8 time, 270.6 real, 90.0 MB
[runlim] sample:		277.8 time, 280.6 real, 90.2 MB
[runlim] sample:		287.8 time, 290.6 real, 90.5 MB
[runlim] sample:		297.8 time, 300.6 real, 90.5 MB
CVC4 interrupted by SIGTERM.
[runlim] end:			Tue Feb  5 10:59:56 2019
[runlim] status:		out of time
[runlim] result:		2
[runlim] children:		0
[runlim] real:			302.93 seconds
[runlim] time:			300.10 seconds
[runlim] space:			90.7 MB
[runlim] samples:		3023
