[runlim] version:		1.10fixed
[runlim] time limit:		300 seconds
[runlim] real time limit:	311040000 seconds
[runlim] space limit:		4000 MB
[runlim] argv[0]:		./cvc4
[runlim] argv[1]:		--fmf-fun-rlv
[runlim] argv[2]:		/tmp/9MnEfYCM.smt2
[runlim] start:			Tue Feb  5 10:50:01 2019
[runlim] main pid:		30450
[runlim] sample:		8.3 time, 10.8 real, 269.3 MB
[runlim] sample:		18.3 time, 20.8 real, 288.4 MB
[runlim] sample:		27.4 time, 30.8 real, 352.6 MB
[runlim] sample:		35.3 time, 40.8 real, 662.2 MB
[runlim] sample:		44.4 time, 50.8 real, 972.1 MB
[runlim] sample:		54.4 time, 60.8 real, 1369.8 MB
[runlim] sample:		64.4 time, 70.8 real, 1684.6 MB
[runlim] sample:		74.4 time, 80.8 real, 2141.6 MB
[runlim] sample:		84.4 time, 90.8 real, 2144.2 MB
[runlim] sample:		94.4 time, 100.8 real, 2158.9 MB
[runlim] sample:		104.4 time, 110.8 real, 2189.1 MB
[runlim] sample:		114.4 time, 120.8 real, 2224.9 MB
[runlim] sample:		124.4 time, 130.8 real, 2306.7 MB
[runlim] sample:		134.4 time, 140.8 real, 2331.4 MB
[runlim] sample:		144.4 time, 150.8 real, 2331.4 MB
[runlim] sample:		154.4 time, 160.8 real, 2331.4 MB
[runlim] sample:		164.4 time, 170.8 real, 2331.4 MB
[runlim] sample:		173.8 time, 180.8 real, 2331.4 MB
[runlim] sample:		181.7 time, 190.8 real, 2331.4 MB
[runlim] sample:		190.8 time, 200.8 real, 2331.4 MB
[runlim] sample:		200.6 time, 210.8 real, 2331.4 MB
[runlim] sample:		210.6 time, 220.8 real, 2331.4 MB
[runlim] sample:		220.6 time, 230.8 real, 2331.4 MB
[runlim] sample:		230.6 time, 240.8 real, 2331.4 MB
[runlim] sample:		240.6 time, 250.8 real, 2331.4 MB
[runlim] sample:		250.6 time, 260.8 real, 2331.4 MB
[runlim] sample:		260.6 time, 270.8 real, 2331.4 MB
[runlim] sample:		270.6 time, 280.8 real, 2331.4 MB
[runlim] sample:		280.6 time, 290.8 real, 2331.4 MB
[runlim] sample:		290.5 time, 300.8 real, 2331.4 MB
[runlim] end:			Tue Feb  5 10:55:10 2019
[runlim] status:		signal(9)
[runlim] result:		11
[runlim] children:		0
[runlim] real:			309.40 seconds
[runlim] time:			299.14 seconds
[runlim] space:			2331.4 MB
[runlim] samples:		3086
