[runlim] version:		1.10fixed
[runlim] time limit:		300 seconds
[runlim] real time limit:	311040000 seconds
[runlim] space limit:		4000 MB
[runlim] argv[0]:		./cvc4
[runlim] argv[1]:		--fmf-fun-rlv
[runlim] argv[2]:		/tmp/Ya55Wk2H.smt2
[runlim] start:			Tue Feb  5 10:50:24 2019
[runlim] main pid:		25775
[runlim] sample:		8.2 time, 10.2 real, 179.0 MB
[runlim] sample:		18.2 time, 20.2 real, 313.9 MB
[runlim] sample:		28.2 time, 30.2 real, 627.4 MB
[runlim] sample:		36.3 time, 40.2 real, 628.7 MB
[runlim] sample:		46.3 time, 50.2 real, 631.0 MB
[runlim] sample:		53.9 time, 60.2 real, 744.5 MB
[runlim] sample:		63.3 time, 70.2 real, 745.5 MB
[runlim] sample:		73.3 time, 80.2 real, 911.3 MB
[runlim] sample:		82.7 time, 90.2 real, 1271.7 MB
[runlim] sample:		92.2 time, 100.2 real, 1546.0 MB
[runlim] sample:		102.2 time, 110.2 real, 1864.7 MB
[runlim] sample:		112.2 time, 120.2 real, 2352.7 MB
[runlim] sample:		122.2 time, 130.2 real, 2652.1 MB
[runlim] sample:		132.2 time, 140.2 real, 2843.6 MB
[runlim] sample:		142.2 time, 150.2 real, 2845.2 MB
[runlim] sample:		152.2 time, 160.2 real, 2845.2 MB
[runlim] sample:		162.2 time, 170.2 real, 2845.2 MB
[runlim] sample:		172.2 time, 180.2 real, 2845.2 MB
[runlim] sample:		182.2 time, 190.2 real, 2845.2 MB
[runlim] sample:		192.2 time, 200.2 real, 2845.2 MB
[runlim] sample:		201.6 time, 210.2 real, 2845.2 MB
[runlim] sample:		211.6 time, 220.2 real, 2845.2 MB
[runlim] sample:		221.6 time, 230.2 real, 2845.2 MB
[runlim] sample:		231.6 time, 240.2 real, 2845.2 MB
[runlim] sample:		241.6 time, 250.2 real, 2845.2 MB
[runlim] sample:		251.6 time, 260.2 real, 2845.2 MB
[runlim] sample:		261.6 time, 270.2 real, 2845.2 MB
[runlim] sample:		271.6 time, 280.2 real, 2845.7 MB
[runlim] sample:		281.6 time, 290.2 real, 2851.9 MB
[runlim] sample:		291.0 time, 300.2 real, 2872.0 MB
CVC4 interrupted by SIGTERM.
[runlim] end:			Tue Feb  5 10:55:33 2019
[runlim] status:		out of time
[runlim] result:		2
[runlim] children:		0
[runlim] real:			309.57 seconds
[runlim] time:			300.12 seconds
[runlim] space:			2894.2 MB
[runlim] samples:		3093
