[runlim] version:		1.10fixed
[runlim] time limit:		300 seconds
[runlim] real time limit:	311040000 seconds
[runlim] space limit:		4000 MB
[runlim] argv[0]:		./cvc4
[runlim] argv[1]:		--fmf-fun-rlv
[runlim] argv[2]:		/tmp/EZtnVJCs.smt2
[runlim] start:			Tue Feb  5 13:38:17 2019
[runlim] main pid:		26318
[runlim] sample:		9.3 time, 10.0 real, 94.6 MB
[runlim] sample:		19.0 time, 20.0 real, 352.9 MB
[runlim] sample:		28.7 time, 30.0 real, 465.2 MB
[runlim] sample:		38.4 time, 40.0 real, 525.8 MB
[runlim] sample:		46.1 time, 50.0 real, 570.7 MB
[runlim] sample:		54.5 time, 60.0 real, 864.7 MB
[runlim] sample:		62.6 time, 70.0 real, 1185.1 MB
[runlim] sample:		71.5 time, 80.0 real, 1471.3 MB
[runlim] sample:		81.2 time, 90.0 real, 1751.0 MB
[runlim] sample:		90.8 time, 100.0 real, 1837.6 MB
[runlim] sample:		100.5 time, 110.0 real, 1839.2 MB
[runlim] sample:		110.2 time, 120.0 real, 1839.2 MB
[runlim] sample:		118.3 time, 130.0 real, 1839.2 MB
[runlim] sample:		126.5 time, 140.0 real, 1840.7 MB
[runlim] sample:		135.2 time, 150.0 real, 1841.7 MB
[runlim] sample:		145.2 time, 160.0 real, 1841.7 MB
[runlim] sample:		155.2 time, 170.0 real, 1911.9 MB
[runlim] sample:		164.6 time, 180.0 real, 1956.1 MB
[runlim] sample:		174.1 time, 190.0 real, 2017.7 MB
[runlim] sample:		184.1 time, 200.0 real, 2023.9 MB
[runlim] sample:		193.4 time, 210.0 real, 2023.9 MB
[runlim] sample:		203.4 time, 220.0 real, 2023.9 MB
[runlim] sample:		213.4 time, 230.0 real, 2023.9 MB
[runlim] sample:		223.4 time, 240.0 real, 2023.9 MB
[runlim] sample:		233.4 time, 250.0 real, 2023.9 MB
[runlim] sample:		243.4 time, 260.0 real, 2023.9 MB
[runlim] sample:		253.4 time, 270.0 real, 2023.9 MB
[runlim] sample:		263.4 time, 280.0 real, 2023.9 MB
[runlim] sample:		273.4 time, 290.0 real, 2023.9 MB
[runlim] sample:		283.4 time, 300.0 real, 2023.9 MB
[runlim] sample:		293.4 time, 310.0 real, 2023.9 MB
[runlim] end:			Tue Feb  5 13:43:29 2019
[runlim] status:		signal(9)
[runlim] result:		11
[runlim] children:		0
[runlim] real:			312.55 seconds
[runlim] time:			295.90 seconds
[runlim] space:			2023.9 MB
[runlim] samples:		3125
