[runlim] version:		1.10fixed
[runlim] time limit:		300 seconds
[runlim] real time limit:	311040000 seconds
[runlim] space limit:		4000 MB
[runlim] argv[0]:		./cvc4
[runlim] argv[1]:		--fmf-fun-rlv
[runlim] argv[2]:		/tmp/1joOy31s.smt2
[runlim] start:			Tue Feb  5 10:50:35 2019
[runlim] main pid:		29495
[runlim] sample:		8.8 time, 10.1 real, 182.9 MB
[runlim] sample:		18.8 time, 20.1 real, 338.6 MB
[runlim] sample:		28.8 time, 30.1 real, 633.9 MB
[runlim] sample:		38.8 time, 40.1 real, 636.3 MB
[runlim] sample:		48.8 time, 50.1 real, 654.3 MB
[runlim] sample:		58.8 time, 60.1 real, 750.8 MB
[runlim] sample:		68.5 time, 70.1 real, 751.1 MB
[runlim] sample:		76.4 time, 80.1 real, 975.7 MB
[runlim] sample:		86.4 time, 90.1 real, 1367.6 MB
[runlim] sample:		95.1 time, 100.1 real, 1616.4 MB
[runlim] sample:		104.9 time, 110.1 real, 2037.9 MB
[runlim] sample:		113.8 time, 120.1 real, 2393.2 MB
[runlim] sample:		121.8 time, 130.1 real, 2624.7 MB
[runlim] sample:		129.7 time, 140.1 real, 2809.0 MB
[runlim] sample:		139.7 time, 150.1 real, 2852.3 MB
[runlim] sample:		149.7 time, 160.1 real, 2852.3 MB
[runlim] sample:		159.7 time, 170.1 real, 2852.3 MB
[runlim] sample:		169.7 time, 180.1 real, 2852.3 MB
[runlim] sample:		179.7 time, 190.1 real, 2852.3 MB
[runlim] sample:		189.7 time, 200.1 real, 2852.3 MB
[runlim] sample:		199.7 time, 210.1 real, 2852.3 MB
[runlim] sample:		209.7 time, 220.1 real, 2852.3 MB
[runlim] sample:		219.6 time, 230.1 real, 2852.3 MB
[runlim] sample:		229.6 time, 240.1 real, 2852.3 MB
[runlim] sample:		239.6 time, 250.1 real, 2852.3 MB
[runlim] sample:		249.6 time, 260.1 real, 2852.3 MB
[runlim] sample:		259.6 time, 270.1 real, 2852.3 MB
[runlim] sample:		269.6 time, 280.1 real, 2852.3 MB
[runlim] sample:		279.6 time, 290.1 real, 2852.3 MB
[runlim] sample:		289.6 time, 300.1 real, 2867.8 MB
[runlim] end:			Tue Feb  5 10:55:43 2019
[runlim] status:		signal(9)
[runlim] result:		11
[runlim] children:		0
[runlim] real:			308.95 seconds
[runlim] time:			298.43 seconds
[runlim] space:			2893.6 MB
[runlim] samples:		3088
