[runlim] version:		1.10fixed
[runlim] time limit:		300 seconds
[runlim] real time limit:	311040000 seconds
[runlim] space limit:		4000 MB
[runlim] argv[0]:		./cvc4
[runlim] argv[1]:		--fmf-fun-rlv
[runlim] argv[2]:		/tmp/WtX3Hurc.smt2
[runlim] start:			Tue Feb  5 10:50:15 2019
[runlim] main pid:		32445
[runlim] sample:		8.1 time, 11.0 real, 140.7 MB
[runlim] sample:		17.2 time, 21.0 real, 253.1 MB
[runlim] sample:		25.2 time, 31.0 real, 334.8 MB
[runlim] sample:		34.1 time, 41.0 real, 447.2 MB
[runlim] sample:		44.1 time, 51.0 real, 489.2 MB
[runlim] sample:		53.5 time, 61.0 real, 662.8 MB
[runlim] sample:		63.1 time, 71.0 real, 1026.3 MB
[runlim] sample:		72.8 time, 81.0 real, 1087.4 MB
[runlim] sample:		82.5 time, 91.0 real, 1087.4 MB
[runlim] sample:		92.1 time, 101.0 real, 1087.4 MB
[runlim] sample:		101.8 time, 111.0 real, 1103.9 MB
[runlim] sample:		111.5 time, 121.0 real, 1116.0 MB
[runlim] sample:		121.1 time, 131.0 real, 1116.5 MB
[runlim] sample:		130.8 time, 141.0 real, 1380.3 MB
[runlim] sample:		140.4 time, 151.0 real, 1511.2 MB
[runlim] sample:		150.1 time, 161.0 real, 1513.3 MB
[runlim] sample:		159.8 time, 171.0 real, 1513.8 MB
[runlim] sample:		169.5 time, 181.0 real, 1515.6 MB
[runlim] sample:		179.2 time, 191.0 real, 1515.6 MB
[runlim] sample:		188.8 time, 201.0 real, 1515.6 MB
[runlim] sample:		198.5 time, 211.0 real, 1515.6 MB
[runlim] sample:		207.5 time, 221.0 real, 1551.7 MB
[runlim] sample:		216.7 time, 231.0 real, 1551.7 MB
[runlim] sample:		225.6 time, 241.0 real, 1551.7 MB
[runlim] sample:		235.4 time, 251.0 real, 1551.7 MB
[runlim] sample:		245.1 time, 261.0 real, 1551.7 MB
[runlim] sample:		254.7 time, 271.0 real, 1551.7 MB
[runlim] sample:		264.1 time, 281.0 real, 1551.7 MB
[runlim] sample:		274.0 time, 291.0 real, 1551.7 MB
[runlim] sample:		283.1 time, 301.0 real, 1551.7 MB
[runlim] sample:		291.8 time, 311.0 real, 1551.7 MB
CVC4 interrupted by SIGTERM.
[runlim] end:			Tue Feb  5 10:55:35 2019
[runlim] status:		out of time
[runlim] result:		2
[runlim] children:		0
[runlim] real:			320.53 seconds
[runlim] time:			300.10 seconds
[runlim] space:			1563.5 MB
[runlim] samples:		3195
