[runlim] version:		1.10fixed
[runlim] time limit:		300 seconds
[runlim] real time limit:	311040000 seconds
[runlim] space limit:		4000 MB
[runlim] argv[0]:		./cvc4
[runlim] argv[1]:		--fmf-fun-rlv
[runlim] argv[2]:		/tmp/EZFYDrEB.smt2
[runlim] start:			Tue Jan 29 17:15:51 2019
[runlim] main pid:		13219
[runlim] sample:		9.4 time, 10.9 real, 91.4 MB
[runlim] sample:		19.3 time, 20.9 real, 121.8 MB
[runlim] sample:		29.0 time, 30.9 real, 139.8 MB
[runlim] sample:		38.8 time, 40.9 real, 157.0 MB
[runlim] sample:		48.5 time, 50.9 real, 176.3 MB
[runlim] sample:		57.9 time, 60.9 real, 190.8 MB
[runlim] sample:		66.2 time, 70.9 real, 202.7 MB
[runlim] sample:		75.4 time, 80.9 real, 214.3 MB
[runlim] sample:		85.1 time, 90.9 real, 226.1 MB
[runlim] sample:		94.8 time, 100.9 real, 227.7 MB
[runlim] sample:		104.7 time, 110.9 real, 237.4 MB
[runlim] sample:		114.7 time, 120.9 real, 248.8 MB
[runlim] sample:		124.7 time, 130.9 real, 250.3 MB
[runlim] sample:		134.5 time, 140.9 real, 261.1 MB
[runlim] sample:		143.6 time, 150.9 real, 274.5 MB
[runlim] sample:		152.6 time, 160.9 real, 277.4 MB
[runlim] sample:		161.7 time, 170.9 real, 279.4 MB
[runlim] sample:		171.6 time, 180.9 real, 290.8 MB
[runlim] sample:		181.6 time, 190.9 real, 292.8 MB
[runlim] sample:		191.6 time, 200.9 real, 306.0 MB
[runlim] sample:		201.6 time, 210.9 real, 316.8 MB
[runlim] sample:		211.6 time, 220.9 real, 329.0 MB
[runlim] sample:		221.6 time, 230.9 real, 329.0 MB
[runlim] sample:		231.6 time, 240.9 real, 336.2 MB
[runlim] sample:		241.6 time, 250.9 real, 344.4 MB
[runlim] sample:		251.6 time, 260.9 real, 344.4 MB
[runlim] sample:		261.6 time, 270.9 real, 360.1 MB
[runlim] sample:		271.5 time, 280.9 real, 360.1 MB
[runlim] sample:		281.2 time, 290.9 real, 362.2 MB
[runlim] sample:		290.8 time, 300.9 real, 376.6 MB
[runlim] end:			Tue Jan 29 17:21:01 2019
[runlim] status:		signal(9)
[runlim] result:		11
[runlim] children:		0
[runlim] real:			310.03 seconds
[runlim] time:			299.60 seconds
[runlim] space:			376.6 MB
[runlim] samples:		3091
