[runlim] version:		1.10fixed
[runlim] time limit:		300 seconds
[runlim] real time limit:	311040000 seconds
[runlim] space limit:		4000 MB
[runlim] argv[0]:		./cvc4
[runlim] argv[1]:		--fmf-fun-rlv
[runlim] argv[2]:		/tmp/4I5YtPzZ.smt2
[runlim] start:			Tue Feb  5 13:44:01 2019
[runlim] main pid:		19681
[runlim] sample:		10.0 time, 10.3 real, 73.5 MB
[runlim] sample:		20.0 time, 20.3 real, 478.8 MB
[runlim] sample:		30.0 time, 30.3 real, 967.0 MB
[runlim] sample:		40.0 time, 40.3 real, 1237.0 MB
[runlim] sample:		50.0 time, 50.3 real, 1408.0 MB
[runlim] sample:		59.9 time, 60.3 real, 1491.0 MB
[runlim] sample:		69.6 time, 70.3 real, 1565.2 MB
[runlim] sample:		78.1 time, 80.3 real, 1568.3 MB
[runlim] sample:		87.2 time, 90.3 real, 1568.3 MB
[runlim] sample:		96.5 time, 100.3 real, 1568.3 MB
[runlim] sample:		105.8 time, 110.3 real, 1568.6 MB
[runlim] sample:		115.3 time, 120.3 real, 1568.6 MB
[runlim] sample:		125.0 time, 130.3 real, 1568.6 MB
[runlim] sample:		134.6 time, 140.3 real, 1568.6 MB
[runlim] sample:		144.0 time, 150.3 real, 1568.8 MB
[runlim] sample:		153.3 time, 160.3 real, 1568.8 MB
[runlim] sample:		162.6 time, 170.3 real, 1568.8 MB
[runlim] sample:		171.4 time, 180.3 real, 1569.1 MB
[runlim] sample:		180.8 time, 190.3 real, 1569.1 MB
[runlim] sample:		190.2 time, 200.3 real, 1569.1 MB
[runlim] sample:		199.0 time, 210.3 real, 1569.1 MB
[runlim] sample:		208.8 time, 220.3 real, 1569.1 MB
[runlim] sample:		218.8 time, 230.3 real, 1569.1 MB
[runlim] sample:		227.6 time, 240.3 real, 1569.1 MB
[runlim] sample:		236.2 time, 250.3 real, 1569.1 MB
[runlim] sample:		245.5 time, 260.3 real, 1569.4 MB
[runlim] sample:		254.8 time, 270.3 real, 1569.4 MB
[runlim] sample:		263.5 time, 280.3 real, 1569.4 MB
[runlim] sample:		272.3 time, 290.3 real, 1569.4 MB
[runlim] sample:		281.9 time, 300.3 real, 1569.6 MB
[runlim] sample:		291.5 time, 310.3 real, 1569.6 MB
CVC4 interrupted by SIGTERM.
[runlim] end:			Tue Feb  5 13:49:19 2019
[runlim] status:		out of time
[runlim] result:		2
[runlim] children:		0
[runlim] real:			318.86 seconds
[runlim] time:			300.03 seconds
[runlim] space:			1569.6 MB
[runlim] samples:		3185
