[runlim] version:		1.10fixed
[runlim] time limit:		300 seconds
[runlim] real time limit:	311040000 seconds
[runlim] space limit:		4000 MB
[runlim] argv[0]:		./cvc4
[runlim] argv[1]:		--fmf-fun-rlv
[runlim] argv[2]:		/tmp/kEuVJIAw.smt2
[runlim] start:			Tue Jan 29 17:15:42 2019
[runlim] main pid:		6544
[runlim] sample:		8.2 time, 10.2 real, 40.2 MB
[runlim] sample:		18.2 time, 20.2 real, 45.0 MB
[runlim] sample:		28.2 time, 30.2 real, 49.1 MB
[runlim] sample:		37.4 time, 40.2 real, 50.6 MB
[runlim] sample:		47.3 time, 50.2 real, 53.4 MB
[runlim] sample:		56.6 time, 60.2 real, 55.1 MB
[runlim] sample:		66.6 time, 70.2 real, 58.7 MB
[runlim] sample:		76.5 time, 80.2 real, 60.5 MB
[runlim] sample:		86.3 time, 90.2 real, 62.3 MB
[runlim] sample:		96.0 time, 100.2 real, 64.7 MB
[runlim] sample:		105.6 time, 110.2 real, 89.7 MB
[runlim] sample:		115.4 time, 120.2 real, 90.0 MB
[runlim] sample:		125.4 time, 130.2 real, 91.8 MB
[runlim] sample:		135.4 time, 140.2 real, 93.2 MB
[runlim] sample:		145.4 time, 150.2 real, 96.8 MB
[runlim] sample:		154.0 time, 160.2 real, 97.6 MB
[runlim] sample:		162.6 time, 170.2 real, 98.3 MB
[runlim] sample:		172.0 time, 180.2 real, 99.5 MB
[runlim] sample:		182.0 time, 190.2 real, 99.5 MB
[runlim] sample:		191.0 time, 200.2 real, 100.0 MB
[runlim] sample:		200.5 time, 210.2 real, 100.6 MB
[runlim] sample:		210.5 time, 220.2 real, 102.6 MB
[runlim] sample:		220.5 time, 230.2 real, 103.9 MB
[runlim] sample:		230.5 time, 240.2 real, 105.9 MB
[runlim] sample:		239.9 time, 250.2 real, 106.9 MB
[runlim] sample:		248.6 time, 260.2 real, 106.9 MB
[runlim] sample:		257.2 time, 270.2 real, 108.2 MB
[runlim] sample:		266.7 time, 280.2 real, 109.3 MB
[runlim] sample:		276.7 time, 290.2 real, 109.5 MB
[runlim] sample:		286.6 time, 300.2 real, 109.5 MB
[runlim] sample:		296.6 time, 310.2 real, 109.9 MB
[runlim] end:			Tue Jan 29 17:20:52 2019
[runlim] status:		signal(9)
[runlim] result:		11
[runlim] children:		0
[runlim] real:			310.99 seconds
[runlim] time:			297.39 seconds
[runlim] space:			110.1 MB
[runlim] samples:		3108
