[runlim] version:		1.10fixed
[runlim] time limit:		300 seconds
[runlim] real time limit:	311040000 seconds
[runlim] space limit:		4000 MB
[runlim] argv[0]:		./cvc4
[runlim] argv[1]:		--fmf-fun-rlv
[runlim] argv[2]:		/tmp/kQ0peK7g.smt2
[runlim] start:			Tue Feb  5 10:54:46 2019
[runlim] main pid:		5857
/tmp/kQ0peK7g.smt2:4.12: No set-logic command was given before this point.
/tmp/kQ0peK7g.smt2:4.12: CVC4 will make all theories available.
/tmp/kQ0peK7g.smt2:4.12: Consider setting a stricter logic for (likely) better performance.
/tmp/kQ0peK7g.smt2:4.12: To suppress this warning in the future use (set-logic ALL).
[runlim] sample:		9.9 time, 10.7 real, 33.7 MB
[runlim] sample:		19.9 time, 20.7 real, 36.0 MB
[runlim] sample:		29.7 time, 30.7 real, 43.1 MB
[runlim] sample:		37.8 time, 40.7 real, 47.9 MB
[runlim] sample:		47.5 time, 50.7 real, 51.7 MB
[runlim] sample:		57.1 time, 60.7 real, 62.3 MB
[runlim] sample:		67.1 time, 70.7 real, 66.9 MB
[runlim] sample:		77.1 time, 80.7 real, 69.0 MB
[runlim] sample:		87.1 time, 90.7 real, 70.3 MB
[runlim] sample:		97.1 time, 100.7 real, 71.8 MB
[runlim] sample:		107.1 time, 110.7 real, 73.8 MB
[runlim] sample:		117.1 time, 120.7 real, 76.4 MB
[runlim] sample:		127.1 time, 130.7 real, 78.4 MB
[runlim] sample:		137.1 time, 140.7 real, 79.4 MB
[runlim] sample:		147.1 time, 150.7 real, 83.0 MB
[runlim] sample:		157.1 time, 160.7 real, 83.2 MB
[runlim] sample:		167.1 time, 170.7 real, 85.3 MB
[runlim] sample:		177.1 time, 180.7 real, 88.1 MB
[runlim] sample:		187.1 time, 190.7 real, 88.6 MB
[runlim] sample:		197.1 time, 200.7 real, 88.8 MB
[runlim] sample:		207.1 time, 210.7 real, 89.3 MB
[runlim] sample:		217.1 time, 220.7 real, 89.7 MB
[runlim] sample:		227.1 time, 230.7 real, 93.3 MB
[runlim] sample:		237.1 time, 240.7 real, 94.3 MB
[runlim] sample:		247.1 time, 250.7 real, 94.9 MB
[runlim] sample:		257.1 time, 260.7 real, 95.1 MB
[runlim] sample:		267.1 time, 270.7 real, 99.9 MB
[runlim] sample:		277.1 time, 280.7 real, 100.2 MB
[runlim] sample:		287.1 time, 290.7 real, 100.6 MB
[runlim] sample:		297.1 time, 300.7 real, 100.9 MB
CVC4 interrupted by SIGTERM.
[runlim] end:			Tue Feb  5 10:59:49 2019
[runlim] status:		out of time
[runlim] result:		2
[runlim] children:		0
[runlim] real:			303.71 seconds
[runlim] time:			300.04 seconds
[runlim] space:			100.9 MB
[runlim] samples:		3030
