[runlim] version:		1.10fixed
[runlim] time limit:		300 seconds
[runlim] real time limit:	311040000 seconds
[runlim] space limit:		4000 MB
[runlim] argv[0]:		./cvc4
[runlim] argv[1]:		--fmf-fun-rlv
[runlim] argv[2]:		/tmp/s4hOhubM.smt2
[runlim] start:			Tue Jan 29 17:16:56 2019
[runlim] main pid:		5669
[runlim] sample:		8.1 time, 10.6 real, 126.2 MB
[runlim] sample:		17.5 time, 20.6 real, 260.6 MB
[runlim] sample:		27.5 time, 30.6 real, 410.4 MB
[runlim] sample:		37.5 time, 40.6 real, 429.7 MB
[runlim] sample:		47.5 time, 50.6 real, 437.0 MB
[runlim] sample:		57.3 time, 60.6 real, 562.3 MB
[runlim] sample:		67.2 time, 70.6 real, 565.1 MB
[runlim] sample:		76.4 time, 80.6 real, 643.5 MB
[runlim] sample:		85.1 time, 90.6 real, 842.5 MB
[runlim] sample:		93.7 time, 100.6 real, 842.5 MB
[runlim] sample:		102.3 time, 110.6 real, 872.2 MB
[runlim] sample:		110.6 time, 120.6 real, 877.3 MB
[runlim] sample:		119.0 time, 130.6 real, 877.3 MB
[runlim] sample:		127.9 time, 140.6 real, 877.3 MB
[runlim] sample:		136.8 time, 150.6 real, 878.4 MB
[runlim] sample:		146.0 time, 160.6 real, 878.4 MB
[runlim] sample:		155.9 time, 170.6 real, 1060.1 MB
[runlim] sample:		165.9 time, 180.6 real, 1130.8 MB
[runlim] sample:		175.6 time, 190.6 real, 1132.3 MB
[runlim] sample:		185.5 time, 200.6 real, 1133.9 MB
[runlim] sample:		195.5 time, 210.6 real, 1135.1 MB
[runlim] sample:		205.5 time, 220.6 real, 1136.4 MB
[runlim] sample:		215.5 time, 230.6 real, 1137.5 MB
[runlim] sample:		225.5 time, 240.6 real, 1138.8 MB
[runlim] sample:		235.5 time, 250.6 real, 1139.5 MB
[runlim] sample:		245.5 time, 260.6 real, 1140.3 MB
[runlim] sample:		255.5 time, 270.6 real, 1141.3 MB
[runlim] sample:		265.5 time, 280.6 real, 1142.1 MB
[runlim] sample:		275.5 time, 290.6 real, 1142.9 MB
[runlim] sample:		285.5 time, 300.6 real, 1143.7 MB
[runlim] sample:		295.5 time, 310.6 real, 1218.7 MB
[runlim] end:			Tue Jan 29 17:22:09 2019
[runlim] status:		signal(9)
[runlim] result:		11
[runlim] children:		0
[runlim] real:			313.42 seconds
[runlim] time:			298.28 seconds
[runlim] space:			1304.8 MB
[runlim] samples:		3128
