[runlim] version:		1.10fixed
[runlim] time limit:		300 seconds
[runlim] real time limit:	311040000 seconds
[runlim] space limit:		4000 MB
[runlim] argv[0]:		./cvc4
[runlim] argv[1]:		--fmf-fun-rlv
[runlim] argv[2]:		/tmp/a1fSSM55.smt2
[runlim] start:			Tue Feb  5 13:44:31 2019
[runlim] main pid:		32318
/tmp/a1fSSM55.smt2:4.12: No set-logic command was given before this point.
/tmp/a1fSSM55.smt2:4.12: CVC4 will make all theories available.
/tmp/a1fSSM55.smt2:4.12: Consider setting a stricter logic for (likely) better performance.
/tmp/a1fSSM55.smt2:4.12: To suppress this warning in the future use (set-logic ALL).
[runlim] sample:		9.2 time, 10.8 real, 35.1 MB
[runlim] sample:		18.1 time, 20.8 real, 50.8 MB
[runlim] sample:		28.1 time, 30.8 real, 53.9 MB
[runlim] sample:		38.1 time, 40.8 real, 59.5 MB
[runlim] sample:		48.0 time, 50.8 real, 60.8 MB
[runlim] sample:		56.3 time, 60.8 real, 61.3 MB
[runlim] sample:		65.8 time, 70.8 real, 63.8 MB
[runlim] sample:		75.8 time, 80.8 real, 64.0 MB
[runlim] sample:		84.4 time, 90.8 real, 66.9 MB
[runlim] sample:		92.6 time, 100.8 real, 68.6 MB
[runlim] sample:		101.0 time, 110.8 real, 69.1 MB
[runlim] sample:		110.5 time, 120.8 real, 70.4 MB
[runlim] sample:		120.5 time, 130.8 real, 71.1 MB
[runlim] sample:		130.5 time, 140.8 real, 72.9 MB
[runlim] sample:		139.9 time, 150.8 real, 73.8 MB
[runlim] sample:		149.6 time, 160.8 real, 75.1 MB
[runlim] sample:		159.6 time, 170.8 real, 76.6 MB
[runlim] sample:		169.2 time, 180.8 real, 78.2 MB
[runlim] sample:		177.8 time, 190.8 real, 79.1 MB
[runlim] sample:		186.4 time, 200.8 real, 79.3 MB
[runlim] sample:		195.0 time, 210.8 real, 80.6 MB
[runlim] sample:		205.0 time, 220.8 real, 81.9 MB
[runlim] sample:		215.0 time, 230.8 real, 82.1 MB
[runlim] sample:		225.0 time, 240.8 real, 82.4 MB
[runlim] sample:		234.2 time, 250.8 real, 82.6 MB
[runlim] sample:		244.2 time, 260.8 real, 83.1 MB
[runlim] sample:		254.2 time, 270.8 real, 84.7 MB
[runlim] sample:		264.2 time, 280.8 real, 88.8 MB
[runlim] sample:		272.9 time, 290.8 real, 88.8 MB
[runlim] sample:		280.9 time, 300.8 real, 88.8 MB
[runlim] sample:		290.9 time, 310.8 real, 91.6 MB
[runlim] end:			Tue Feb  5 13:49:50 2019
[runlim] status:		signal(9)
[runlim] result:		11
[runlim] children:		0
[runlim] real:			319.60 seconds
[runlim] time:			299.73 seconds
[runlim] space:			91.9 MB
[runlim] samples:		3188
