[runlim] version:		1.10fixed
[runlim] time limit:		300 seconds
[runlim] real time limit:	311040000 seconds
[runlim] space limit:		4000 MB
[runlim] argv[0]:		./cvc4
[runlim] argv[1]:		--fmf-fun-rlv
[runlim] argv[2]:		/tmp/MQ2bRW0x.smt2
[runlim] start:			Tue Feb  5 10:54:32 2019
[runlim] main pid:		3473
/tmp/MQ2bRW0x.smt2:4.12: No set-logic command was given before this point.
/tmp/MQ2bRW0x.smt2:4.12: CVC4 will make all theories available.
/tmp/MQ2bRW0x.smt2:4.12: Consider setting a stricter logic for (likely) better performance.
/tmp/MQ2bRW0x.smt2:4.12: To suppress this warning in the future use (set-logic ALL).
[runlim] sample:		7.5 time, 10.1 real, 36.9 MB
[runlim] sample:		15.3 time, 20.1 real, 48.5 MB
[runlim] sample:		25.2 time, 30.1 real, 52.4 MB
[runlim] sample:		35.1 time, 40.1 real, 53.8 MB
[runlim] sample:		45.1 time, 50.1 real, 55.3 MB
[runlim] sample:		55.1 time, 60.1 real, 56.8 MB
[runlim] sample:		65.1 time, 70.1 real, 59.7 MB
[runlim] sample:		75.1 time, 80.1 real, 60.7 MB
[runlim] sample:		85.1 time, 90.1 real, 62.2 MB
[runlim] sample:		95.1 time, 100.1 real, 62.7 MB
[runlim] sample:		105.1 time, 110.1 real, 64.1 MB
[runlim] sample:		115.1 time, 120.1 real, 65.4 MB
[runlim] sample:		125.1 time, 130.1 real, 66.6 MB
[runlim] sample:		135.1 time, 140.1 real, 67.9 MB
[runlim] sample:		144.4 time, 150.1 real, 71.0 MB
[runlim] sample:		154.4 time, 160.1 real, 71.5 MB
[runlim] sample:		164.4 time, 170.1 real, 71.7 MB
[runlim] sample:		173.6 time, 180.1 real, 73.2 MB
[runlim] sample:		183.6 time, 190.1 real, 73.9 MB
[runlim] sample:		193.3 time, 200.1 real, 77.3 MB
[runlim] sample:		203.3 time, 210.1 real, 77.5 MB
[runlim] sample:		213.3 time, 220.1 real, 78.0 MB
[runlim] sample:		223.3 time, 230.1 real, 80.8 MB
[runlim] sample:		233.3 time, 240.1 real, 81.3 MB
[runlim] sample:		240.9 time, 250.1 real, 81.5 MB
[runlim] sample:		248.3 time, 260.1 real, 81.8 MB
[runlim] sample:		257.7 time, 270.1 real, 82.0 MB
[runlim] sample:		267.5 time, 280.1 real, 86.9 MB
[runlim] sample:		277.4 time, 290.1 real, 87.3 MB
[runlim] sample:		287.0 time, 300.1 real, 87.6 MB
[runlim] end:			Tue Feb  5 10:59:41 2019
[runlim] status:		signal(9)
[runlim] result:		11
[runlim] children:		0
[runlim] real:			309.82 seconds
[runlim] time:			296.61 seconds
[runlim] space:			88.0 MB
[runlim] samples:		3096
