[runlim] version:		1.10fixed
[runlim] time limit:		300 seconds
[runlim] real time limit:	311040000 seconds
[runlim] space limit:		4000 MB
[runlim] argv[0]:		./cvc4
[runlim] argv[1]:		--fmf-fun-rlv
[runlim] argv[2]:		/tmp/07LDwLpp.smt2
[runlim] start:			Tue Feb  5 13:44:31 2019
[runlim] main pid:		23624
[runlim] sample:		10.0 time, 10.7 real, 36.1 MB
[runlim] sample:		20.0 time, 20.7 real, 43.9 MB
[runlim] sample:		29.8 time, 30.7 real, 48.8 MB
[runlim] sample:		39.3 time, 40.7 real, 52.7 MB
[runlim] sample:		48.5 time, 50.7 real, 56.7 MB
[runlim] sample:		57.8 time, 60.7 real, 61.5 MB
[runlim] sample:		67.0 time, 70.7 real, 63.8 MB
[runlim] sample:		76.7 time, 80.7 real, 66.1 MB
[runlim] sample:		86.3 time, 90.7 real, 68.2 MB
[runlim] sample:		96.0 time, 100.7 real, 70.3 MB
[runlim] sample:		105.6 time, 110.7 real, 71.8 MB
[runlim] sample:		115.3 time, 120.7 real, 73.6 MB
[runlim] sample:		124.9 time, 130.7 real, 75.2 MB
[runlim] sample:		134.6 time, 140.7 real, 76.5 MB
[runlim] sample:		144.2 time, 150.7 real, 78.3 MB
[runlim] sample:		153.9 time, 160.7 real, 79.3 MB
[runlim] sample:		163.6 time, 170.7 real, 81.1 MB
[runlim] sample:		172.6 time, 180.7 real, 82.4 MB
[runlim] sample:		181.9 time, 190.7 real, 83.9 MB
[runlim] sample:		191.0 time, 200.7 real, 85.5 MB
[runlim] sample:		200.4 time, 210.7 real, 87.3 MB
[runlim] sample:		209.3 time, 220.7 real, 88.6 MB
[runlim] sample:		218.3 time, 230.7 real, 91.2 MB
[runlim] sample:		226.9 time, 240.7 real, 92.0 MB
[runlim] sample:		235.8 time, 250.7 real, 92.7 MB
[runlim] sample:		244.5 time, 260.7 real, 97.4 MB
[runlim] sample:		253.4 time, 270.7 real, 98.0 MB
[runlim] sample:		263.2 time, 280.7 real, 99.0 MB
[runlim] sample:		273.2 time, 290.7 real, 99.8 MB
[runlim] sample:		283.2 time, 300.7 real, 100.8 MB
[runlim] sample:		293.2 time, 310.7 real, 101.6 MB
CVC4 interrupted by SIGTERM.
[runlim] end:			Tue Feb  5 13:49:48 2019
[runlim] status:		out of time
[runlim] result:		2
[runlim] children:		0
[runlim] real:			317.60 seconds
[runlim] time:			300.10 seconds
[runlim] space:			102.3 MB
[runlim] samples:		3169
