[runlim] version:		1.10fixed
[runlim] time limit:		300 seconds
[runlim] real time limit:	311040000 seconds
[runlim] space limit:		4000 MB
[runlim] argv[0]:		./cvc4
[runlim] argv[1]:		--fmf-fun-rlv
[runlim] argv[2]:		/tmp/7iH2AKvU.smt2
[runlim] start:			Tue Feb  5 13:44:32 2019
[runlim] main pid:		15788
/tmp/7iH2AKvU.smt2:4.12: No set-logic command was given before this point.
/tmp/7iH2AKvU.smt2:4.12: CVC4 will make all theories available.
/tmp/7iH2AKvU.smt2:4.12: Consider setting a stricter logic for (likely) better performance.
/tmp/7iH2AKvU.smt2:4.12: To suppress this warning in the future use (set-logic ALL).
[runlim] sample:		9.6 time, 10.0 real, 39.5 MB
[runlim] sample:		19.3 time, 20.0 real, 46.5 MB
[runlim] sample:		28.9 time, 30.0 real, 51.8 MB
[runlim] sample:		38.6 time, 40.0 real, 53.1 MB
[runlim] sample:		48.1 time, 50.0 real, 54.6 MB
[runlim] sample:		57.5 time, 60.0 real, 56.2 MB
[runlim] sample:		66.7 time, 70.0 real, 58.4 MB
[runlim] sample:		76.0 time, 80.0 real, 59.9 MB
[runlim] sample:		85.0 time, 90.0 real, 64.2 MB
[runlim] sample:		94.6 time, 100.0 real, 68.1 MB
[runlim] sample:		104.0 time, 110.0 real, 73.2 MB
[runlim] sample:		114.0 time, 120.0 real, 75.3 MB
[runlim] sample:		123.9 time, 130.0 real, 75.5 MB
[runlim] sample:		132.6 time, 140.0 real, 76.0 MB
[runlim] sample:		142.6 time, 150.0 real, 79.9 MB
[runlim] sample:		152.6 time, 160.0 real, 82.2 MB
[runlim] sample:		162.4 time, 170.0 real, 87.8 MB
[runlim] sample:		172.0 time, 180.0 real, 89.1 MB
[runlim] sample:		180.8 time, 190.0 real, 90.1 MB
[runlim] sample:		188.8 time, 200.0 real, 90.6 MB
[runlim] sample:		198.2 time, 210.0 real, 91.0 MB
[runlim] sample:		207.9 time, 220.0 real, 91.5 MB
[runlim] sample:		217.7 time, 230.0 real, 92.3 MB
[runlim] sample:		227.5 time, 240.0 real, 94.6 MB
[runlim] sample:		236.6 time, 250.0 real, 94.6 MB
[runlim] sample:		245.7 time, 260.0 real, 95.9 MB
[runlim] sample:		254.4 time, 270.0 real, 95.9 MB
[runlim] sample:		263.8 time, 280.0 real, 95.9 MB
[runlim] sample:		272.8 time, 290.0 real, 95.9 MB
[runlim] sample:		282.0 time, 300.0 real, 95.9 MB
[runlim] sample:		292.0 time, 310.0 real, 96.1 MB
CVC4 interrupted by SIGTERM.
[runlim] end:			Tue Feb  5 13:49:50 2019
[runlim] status:		out of time
[runlim] result:		2
[runlim] children:		0
[runlim] real:			318.03 seconds
[runlim] time:			300.04 seconds
[runlim] space:			96.1 MB
[runlim] samples:		3180
