[runlim] version:		1.10fixed
[runlim] time limit:		300 seconds
[runlim] real time limit:	311040000 seconds
[runlim] space limit:		4000 MB
[runlim] argv[0]:		./cvc4
[runlim] argv[1]:		--fmf-fun-rlv
[runlim] argv[2]:		/tmp/ed7h3ftg.smt2
[runlim] start:			Tue Feb  5 10:54:20 2019
[runlim] main pid:		12224
[runlim] sample:		9.0 time, 10.1 real, 48.4 MB
[runlim] sample:		18.6 time, 20.1 real, 194.5 MB
[runlim] sample:		28.6 time, 30.1 real, 523.7 MB
[runlim] sample:		38.6 time, 40.1 real, 707.2 MB
[runlim] sample:		48.6 time, 50.1 real, 759.3 MB
[runlim] sample:		58.6 time, 60.1 real, 759.5 MB
[runlim] sample:		68.6 time, 70.1 real, 759.8 MB
[runlim] sample:		78.6 time, 80.1 real, 759.8 MB
[runlim] sample:		88.6 time, 90.1 real, 760.1 MB
[runlim] sample:		98.6 time, 100.1 real, 760.1 MB
[runlim] sample:		108.6 time, 110.1 real, 760.3 MB
[runlim] sample:		118.6 time, 120.1 real, 760.6 MB
[runlim] sample:		128.6 time, 130.1 real, 760.6 MB
[runlim] sample:		138.6 time, 140.1 real, 760.8 MB
[runlim] sample:		148.6 time, 150.1 real, 761.1 MB
[runlim] sample:		158.6 time, 160.1 real, 761.1 MB
[runlim] sample:		168.6 time, 170.1 real, 761.3 MB
[runlim] sample:		178.6 time, 180.1 real, 761.6 MB
[runlim] sample:		188.6 time, 190.1 real, 761.6 MB
[runlim] sample:		198.6 time, 200.1 real, 761.9 MB
[runlim] sample:		208.6 time, 210.1 real, 761.9 MB
[runlim] sample:		218.6 time, 220.1 real, 762.1 MB
[runlim] sample:		228.6 time, 230.1 real, 762.4 MB
[runlim] sample:		238.6 time, 240.1 real, 762.6 MB
[runlim] sample:		248.6 time, 250.1 real, 762.9 MB
[runlim] sample:		258.6 time, 260.1 real, 764.2 MB
[runlim] sample:		268.6 time, 270.1 real, 764.2 MB
[runlim] sample:		278.6 time, 280.1 real, 764.2 MB
[runlim] sample:		288.6 time, 290.1 real, 767.0 MB
[runlim] sample:		298.6 time, 300.1 real, 767.0 MB
CVC4 interrupted by SIGTERM.
[runlim] end:			Tue Feb  5 10:59:21 2019
[runlim] status:		out of time
[runlim] result:		2
[runlim] children:		0
[runlim] real:			301.65 seconds
[runlim] time:			300.06 seconds
[runlim] space:			767.0 MB
[runlim] samples:		3015
