[runlim] version:		1.10fixed
[runlim] time limit:		300 seconds
[runlim] real time limit:	311040000 seconds
[runlim] space limit:		4000 MB
[runlim] argv[0]:		./cvc4
[runlim] argv[1]:		--fmf-fun-rlv
[runlim] argv[2]:		/tmp/LrTKXP4b.smt2
[runlim] start:			Tue Feb  5 10:54:36 2019
[runlim] main pid:		29795
/tmp/LrTKXP4b.smt2:4.12: No set-logic command was given before this point.
/tmp/LrTKXP4b.smt2:4.12: CVC4 will make all theories available.
/tmp/LrTKXP4b.smt2:4.12: Consider setting a stricter logic for (likely) better performance.
/tmp/LrTKXP4b.smt2:4.12: To suppress this warning in the future use (set-logic ALL).
[runlim] sample:		9.3 time, 10.3 real, 42.8 MB
[runlim] sample:		18.6 time, 20.3 real, 50.2 MB
[runlim] sample:		27.6 time, 30.3 real, 57.4 MB
[runlim] sample:		36.6 time, 40.3 real, 62.3 MB
[runlim] sample:		44.7 time, 50.3 real, 65.6 MB
[runlim] sample:		52.9 time, 60.3 real, 70.5 MB
[runlim] sample:		62.9 time, 70.3 real, 73.3 MB
[runlim] sample:		72.9 time, 80.3 real, 75.6 MB
[runlim] sample:		82.9 time, 90.3 real, 77.2 MB
[runlim] sample:		91.9 time, 100.3 real, 78.8 MB
[runlim] sample:		101.7 time, 110.3 real, 79.2 MB
[runlim] sample:		111.7 time, 120.3 real, 82.3 MB
[runlim] sample:		120.8 time, 130.3 real, 82.8 MB
[runlim] sample:		130.8 time, 140.3 real, 84.3 MB
[runlim] sample:		140.8 time, 150.3 real, 84.8 MB
[runlim] sample:		150.8 time, 160.3 real, 85.3 MB
[runlim] sample:		160.8 time, 170.3 real, 87.4 MB
[runlim] sample:		170.8 time, 180.3 real, 87.7 MB
[runlim] sample:		178.2 time, 190.3 real, 87.9 MB
[runlim] sample:		185.7 time, 200.3 real, 88.1 MB
[runlim] sample:		195.7 time, 210.3 real, 88.4 MB
[runlim] sample:		205.7 time, 220.3 real, 88.6 MB
[runlim] sample:		215.7 time, 230.3 real, 89.1 MB
[runlim] sample:		225.7 time, 240.3 real, 91.1 MB
[runlim] sample:		235.7 time, 250.3 real, 91.9 MB
[runlim] sample:		245.7 time, 260.3 real, 94.9 MB
[runlim] sample:		255.7 time, 270.3 real, 95.2 MB
[runlim] sample:		265.7 time, 280.3 real, 95.4 MB
[runlim] sample:		275.5 time, 290.3 real, 95.7 MB
[runlim] sample:		285.3 time, 300.3 real, 100.3 MB
[runlim] sample:		295.3 time, 310.3 real, 101.7 MB
[runlim] end:			Tue Feb  5 10:59:51 2019
[runlim] status:		signal(9)
[runlim] result:		11
[runlim] children:		0
[runlim] real:			315.36 seconds
[runlim] time:			299.53 seconds
[runlim] space:			102.1 MB
[runlim] samples:		3150
