[runlim] version:		1.10fixed
[runlim] time limit:		300 seconds
[runlim] real time limit:	311040000 seconds
[runlim] space limit:		4000 MB
[runlim] argv[0]:		./cvc4
[runlim] argv[1]:		--fmf-fun-rlv
[runlim] argv[2]:		/tmp/4bm7JvqV.smt2
[runlim] start:			Tue Feb  5 10:53:27 2019
[runlim] main pid:		11334
[runlim] sample:		8.2 time, 10.4 real, 45.5 MB
[runlim] sample:		16.8 time, 20.4 real, 108.4 MB
[runlim] sample:		26.0 time, 30.4 real, 394.7 MB
[runlim] sample:		35.2 time, 40.4 real, 624.0 MB
[runlim] sample:		44.9 time, 50.4 real, 688.4 MB
[runlim] sample:		54.8 time, 60.4 real, 688.4 MB
[runlim] sample:		64.5 time, 70.4 real, 688.4 MB
[runlim] sample:		74.1 time, 80.4 real, 688.7 MB
[runlim] sample:		83.6 time, 90.4 real, 688.7 MB
[runlim] sample:		93.5 time, 100.4 real, 688.9 MB
[runlim] sample:		102.0 time, 110.4 real, 689.2 MB
[runlim] sample:		111.3 time, 120.4 real, 689.2 MB
[runlim] sample:		121.3 time, 130.4 real, 689.5 MB
[runlim] sample:		131.3 time, 140.4 real, 689.7 MB
[runlim] sample:		141.3 time, 150.4 real, 689.7 MB
[runlim] sample:		151.3 time, 160.4 real, 690.0 MB
[runlim] sample:		161.3 time, 170.4 real, 690.2 MB
[runlim] sample:		171.3 time, 180.4 real, 690.5 MB
[runlim] sample:		181.3 time, 190.4 real, 690.5 MB
[runlim] sample:		191.3 time, 200.4 real, 690.5 MB
[runlim] sample:		201.3 time, 210.4 real, 690.8 MB
[runlim] sample:		211.3 time, 220.4 real, 690.8 MB
[runlim] sample:		220.1 time, 230.4 real, 691.0 MB
[runlim] sample:		228.4 time, 240.4 real, 691.0 MB
[runlim] sample:		238.4 time, 250.4 real, 691.3 MB
[runlim] sample:		248.4 time, 260.4 real, 691.8 MB
[runlim] sample:		258.4 time, 270.4 real, 692.0 MB
[runlim] sample:		268.4 time, 280.4 real, 692.3 MB
[runlim] sample:		278.0 time, 290.4 real, 692.3 MB
[runlim] sample:		288.0 time, 300.4 real, 692.6 MB
[runlim] sample:		297.0 time, 310.4 real, 692.8 MB
CVC4 interrupted by SIGTERM.
[runlim] end:			Tue Feb  5 10:58:40 2019
[runlim] status:		out of time
[runlim] result:		2
[runlim] children:		0
[runlim] real:			313.93 seconds
[runlim] time:			300.09 seconds
[runlim] space:			692.8 MB
[runlim] samples:		3135
