[runlim] version:		1.10fixed
[runlim] time limit:		300 seconds
[runlim] real time limit:	311040000 seconds
[runlim] space limit:		4000 MB
[runlim] argv[0]:		./cvc4
[runlim] argv[1]:		--fmf-fun-rlv
[runlim] argv[2]:		/tmp/u8EHnj3K.smt2
[runlim] start:			Tue Feb  5 10:54:31 2019
[runlim] main pid:		26702
/tmp/u8EHnj3K.smt2:4.12: No set-logic command was given before this point.
/tmp/u8EHnj3K.smt2:4.12: CVC4 will make all theories available.
/tmp/u8EHnj3K.smt2:4.12: Consider setting a stricter logic for (likely) better performance.
/tmp/u8EHnj3K.smt2:4.12: To suppress this warning in the future use (set-logic ALL).
[runlim] sample:		9.5 time, 10.2 real, 43.7 MB
[runlim] sample:		19.2 time, 20.2 real, 50.6 MB
[runlim] sample:		29.2 time, 30.2 real, 59.6 MB
[runlim] sample:		39.2 time, 40.2 real, 69.0 MB
[runlim] sample:		49.2 time, 50.2 real, 72.8 MB
[runlim] sample:		59.2 time, 60.2 real, 75.5 MB
[runlim] sample:		69.2 time, 70.2 real, 77.3 MB
[runlim] sample:		79.2 time, 80.2 real, 78.1 MB
[runlim] sample:		89.2 time, 90.2 real, 80.4 MB
[runlim] sample:		99.2 time, 100.2 real, 84.2 MB
[runlim] sample:		109.2 time, 110.2 real, 84.5 MB
[runlim] sample:		119.2 time, 120.2 real, 85.6 MB
[runlim] sample:		129.2 time, 130.2 real, 85.8 MB
[runlim] sample:		139.2 time, 140.2 real, 86.1 MB
[runlim] sample:		149.2 time, 150.2 real, 88.3 MB
[runlim] sample:		158.8 time, 160.2 real, 88.9 MB
[runlim] sample:		168.8 time, 170.2 real, 89.1 MB
[runlim] sample:		178.7 time, 180.2 real, 89.8 MB
[runlim] sample:		187.8 time, 190.2 real, 90.3 MB
[runlim] sample:		197.3 time, 200.2 real, 93.4 MB
[runlim] sample:		206.6 time, 210.2 real, 94.2 MB
[runlim] sample:		216.3 time, 220.2 real, 97.3 MB
[runlim] sample:		226.2 time, 230.2 real, 97.3 MB
[runlim] sample:		236.1 time, 240.2 real, 97.3 MB
[runlim] sample:		246.1 time, 250.2 real, 100.1 MB
[runlim] sample:		255.4 time, 260.2 real, 100.3 MB
[runlim] sample:		264.6 time, 270.2 real, 100.5 MB
[runlim] sample:		274.3 time, 280.2 real, 100.8 MB
[runlim] sample:		284.2 time, 290.2 real, 101.8 MB
[runlim] sample:		294.1 time, 300.2 real, 104.3 MB
CVC4 interrupted by SIGTERM.
[runlim] end:			Tue Feb  5 10:59:37 2019
[runlim] status:		out of time
[runlim] result:		2
[runlim] children:		0
[runlim] real:			306.15 seconds
[runlim] time:			300.05 seconds
[runlim] space:			104.6 MB
[runlim] samples:		3059
