[runlim] version:		1.10fixed
[runlim] time limit:		300 seconds
[runlim] real time limit:	311040000 seconds
[runlim] space limit:		4000 MB
[runlim] argv[0]:		./cvc4
[runlim] argv[1]:		--fmf-fun-rlv
[runlim] argv[2]:		/tmp/N7Ih865b.smt2
[runlim] start:			Tue Feb  5 13:44:31 2019
[runlim] main pid:		1649
[runlim] sample:		10.0 time, 10.4 real, 36.7 MB
[runlim] sample:		19.9 time, 20.4 real, 43.6 MB
[runlim] sample:		29.6 time, 30.4 real, 48.3 MB
[runlim] sample:		37.5 time, 40.4 real, 55.7 MB
[runlim] sample:		45.4 time, 50.4 real, 57.3 MB
[runlim] sample:		55.1 time, 60.4 real, 60.6 MB
[runlim] sample:		65.1 time, 70.4 real, 63.7 MB
[runlim] sample:		75.1 time, 80.4 real, 66.8 MB
[runlim] sample:		85.1 time, 90.4 real, 69.4 MB
[runlim] sample:		95.1 time, 100.4 real, 72.0 MB
[runlim] sample:		105.1 time, 110.4 real, 74.8 MB
[runlim] sample:		114.5 time, 120.4 real, 76.6 MB
[runlim] sample:		122.4 time, 130.4 real, 81.0 MB
[runlim] sample:		130.4 time, 140.4 real, 89.2 MB
[runlim] sample:		140.4 time, 150.4 real, 89.5 MB
[runlim] sample:		150.4 time, 160.4 real, 90.3 MB
[runlim] sample:		158.6 time, 170.4 real, 91.8 MB
[runlim] sample:		166.5 time, 180.4 real, 93.1 MB
[runlim] sample:		176.2 time, 190.4 real, 94.9 MB
[runlim] sample:		186.2 time, 200.4 real, 97.0 MB
[runlim] sample:		196.2 time, 210.4 real, 98.5 MB
[runlim] sample:		206.0 time, 220.4 real, 100.3 MB
[runlim] sample:		215.8 time, 230.4 real, 101.6 MB
[runlim] sample:		225.5 time, 240.4 real, 103.2 MB
[runlim] sample:		235.2 time, 250.4 real, 104.7 MB
[runlim] sample:		244.9 time, 260.4 real, 106.0 MB
[runlim] sample:		254.6 time, 270.4 real, 107.0 MB
[runlim] sample:		264.3 time, 280.4 real, 108.3 MB
[runlim] sample:		273.7 time, 290.4 real, 109.6 MB
[runlim] sample:		283.4 time, 300.4 real, 110.6 MB
[runlim] sample:		293.4 time, 310.4 real, 111.7 MB
[runlim] end:			Tue Feb  5 13:49:47 2019
[runlim] status:		signal(9)
[runlim] result:		11
[runlim] children:		0
[runlim] real:			316.29 seconds
[runlim] time:			299.18 seconds
[runlim] space:			112.2 MB
[runlim] samples:		3158
