[runlim] version:		1.10fixed
[runlim] time limit:		300 seconds
[runlim] real time limit:	311040000 seconds
[runlim] space limit:		4000 MB
[runlim] argv[0]:		./cvc4
[runlim] argv[1]:		--fmf-fun-rlv
[runlim] argv[2]:		/tmp/qo1ezhn8.smt2
[runlim] start:			Tue Feb  5 10:54:29 2019
[runlim] main pid:		3720
/tmp/qo1ezhn8.smt2:4.12: No set-logic command was given before this point.
/tmp/qo1ezhn8.smt2:4.12: CVC4 will make all theories available.
/tmp/qo1ezhn8.smt2:4.12: Consider setting a stricter logic for (likely) better performance.
/tmp/qo1ezhn8.smt2:4.12: To suppress this warning in the future use (set-logic ALL).
[runlim] sample:		8.7 time, 10.3 real, 38.7 MB
[runlim] sample:		18.6 time, 20.3 real, 49.5 MB
[runlim] sample:		28.6 time, 30.3 real, 56.5 MB
[runlim] sample:		38.6 time, 40.3 real, 59.0 MB
[runlim] sample:		48.6 time, 50.3 real, 61.0 MB
[runlim] sample:		58.6 time, 60.3 real, 66.4 MB
[runlim] sample:		68.6 time, 70.3 real, 70.3 MB
[runlim] sample:		77.9 time, 80.3 real, 72.2 MB
[runlim] sample:		87.5 time, 90.3 real, 72.4 MB
[runlim] sample:		97.3 time, 100.3 real, 74.7 MB
[runlim] sample:		107.3 time, 110.3 real, 75.8 MB
[runlim] sample:		116.3 time, 120.3 real, 76.0 MB
[runlim] sample:		125.9 time, 130.3 real, 77.5 MB
[runlim] sample:		135.9 time, 140.3 real, 78.2 MB
[runlim] sample:		145.9 time, 150.3 real, 80.5 MB
[runlim] sample:		154.6 time, 160.3 real, 80.8 MB
[runlim] sample:		164.1 time, 170.3 real, 83.1 MB
[runlim] sample:		174.1 time, 180.3 real, 83.3 MB
[runlim] sample:		184.1 time, 190.3 real, 85.1 MB
[runlim] sample:		194.0 time, 200.3 real, 85.4 MB
[runlim] sample:		204.0 time, 210.3 real, 86.9 MB
[runlim] sample:		214.0 time, 220.3 real, 87.2 MB
[runlim] sample:		224.0 time, 230.3 real, 87.2 MB
[runlim] sample:		234.0 time, 240.3 real, 87.4 MB
[runlim] sample:		244.0 time, 250.3 real, 87.4 MB
[runlim] sample:		254.0 time, 260.3 real, 87.4 MB
[runlim] sample:		264.0 time, 270.3 real, 87.7 MB
[runlim] sample:		274.0 time, 280.3 real, 87.7 MB
[runlim] sample:		284.0 time, 290.3 real, 87.7 MB
[runlim] sample:		294.0 time, 300.3 real, 87.7 MB
CVC4 interrupted by SIGTERM.
[runlim] end:			Tue Feb  5 10:59:35 2019
[runlim] status:		out of time
[runlim] result:		2
[runlim] children:		0
[runlim] real:			306.45 seconds
[runlim] time:			300.06 seconds
[runlim] space:			87.7 MB
[runlim] samples:		3061
