[runlim] version:		1.10fixed
[runlim] time limit:		300 seconds
[runlim] real time limit:	311040000 seconds
[runlim] space limit:		4000 MB
[runlim] argv[0]:		./cvc4
[runlim] argv[1]:		--fmf-fun-rlv
[runlim] argv[2]:		/tmp/wykhSeAJ.smt2
[runlim] start:			Tue Feb  5 10:50:54 2019
[runlim] main pid:		25345
[runlim] sample:		8.2 time, 10.5 real, 179.2 MB
[runlim] sample:		17.9 time, 20.5 real, 349.4 MB
[runlim] sample:		26.4 time, 30.5 real, 625.9 MB
[runlim] sample:		35.6 time, 40.5 real, 628.7 MB
[runlim] sample:		44.5 time, 50.5 real, 631.1 MB
[runlim] sample:		53.0 time, 60.5 real, 744.9 MB
[runlim] sample:		62.1 time, 70.5 real, 745.7 MB
[runlim] sample:		71.7 time, 80.5 real, 891.4 MB
[runlim] sample:		81.4 time, 90.5 real, 1265.3 MB
[runlim] sample:		90.4 time, 100.5 real, 1524.6 MB
[runlim] sample:		99.1 time, 110.5 real, 1795.3 MB
[runlim] sample:		109.1 time, 120.5 real, 2265.6 MB
[runlim] sample:		119.1 time, 130.5 real, 2576.0 MB
[runlim] sample:		129.1 time, 140.5 real, 2829.7 MB
[runlim] sample:		139.1 time, 150.5 real, 2843.8 MB
[runlim] sample:		149.1 time, 160.5 real, 2843.8 MB
[runlim] sample:		159.1 time, 170.5 real, 2843.8 MB
[runlim] sample:		169.1 time, 180.5 real, 2843.8 MB
[runlim] sample:		178.8 time, 190.5 real, 2843.8 MB
[runlim] sample:		187.9 time, 200.5 real, 2843.8 MB
[runlim] sample:		197.5 time, 210.5 real, 2843.8 MB
[runlim] sample:		206.0 time, 220.5 real, 2843.8 MB
[runlim] sample:		215.2 time, 230.5 real, 2843.8 MB
[runlim] sample:		224.3 time, 240.5 real, 2843.8 MB
[runlim] sample:		233.4 time, 250.5 real, 2843.8 MB
[runlim] sample:		243.2 time, 260.5 real, 2843.8 MB
[runlim] sample:		253.2 time, 270.5 real, 2843.8 MB
[runlim] sample:		263.2 time, 280.5 real, 2843.8 MB
[runlim] sample:		272.8 time, 290.5 real, 2845.6 MB
[runlim] sample:		282.5 time, 300.5 real, 2850.5 MB
[runlim] sample:		292.2 time, 310.5 real, 2878.1 MB
CVC4 interrupted by SIGTERM.
[runlim] end:			Tue Feb  5 10:56:12 2019
[runlim] status:		out of time
[runlim] result:		2
[runlim] children:		0
[runlim] real:			318.77 seconds
[runlim] time:			300.18 seconds
[runlim] space:			2892.9 MB
[runlim] samples:		3182
