[runlim] version:		1.10fixed
[runlim] time limit:		300 seconds
[runlim] real time limit:	311040000 seconds
[runlim] space limit:		4000 MB
[runlim] argv[0]:		./cvc4
[runlim] argv[1]:		--fmf-fun-rlv
[runlim] argv[2]:		/tmp/HJc7yU7v.smt2
[runlim] start:			Tue Feb  5 10:54:39 2019
[runlim] main pid:		13127
/tmp/HJc7yU7v.smt2:4.12: No set-logic command was given before this point.
/tmp/HJc7yU7v.smt2:4.12: CVC4 will make all theories available.
/tmp/HJc7yU7v.smt2:4.12: Consider setting a stricter logic for (likely) better performance.
/tmp/HJc7yU7v.smt2:4.12: To suppress this warning in the future use (set-logic ALL).
[runlim] sample:		8.6 time, 10.4 real, 40.5 MB
[runlim] sample:		17.6 time, 20.4 real, 50.9 MB
[runlim] sample:		27.6 time, 30.4 real, 53.7 MB
[runlim] sample:		37.4 time, 40.4 real, 59.0 MB
[runlim] sample:		47.0 time, 50.4 real, 61.6 MB
[runlim] sample:		57.0 time, 60.4 real, 63.9 MB
[runlim] sample:		67.0 time, 70.4 real, 67.0 MB
[runlim] sample:		77.0 time, 80.4 real, 69.1 MB
[runlim] sample:		87.0 time, 90.4 real, 71.0 MB
[runlim] sample:		97.0 time, 100.4 real, 73.0 MB
[runlim] sample:		107.0 time, 110.4 real, 74.1 MB
[runlim] sample:		117.0 time, 120.4 real, 74.6 MB
[runlim] sample:		127.0 time, 130.4 real, 75.3 MB
[runlim] sample:		137.0 time, 140.4 real, 78.4 MB
[runlim] sample:		147.0 time, 150.4 real, 82.3 MB
[runlim] sample:		156.9 time, 160.4 real, 83.8 MB
[runlim] sample:		166.9 time, 170.4 real, 84.0 MB
[runlim] sample:		176.9 time, 180.4 real, 84.3 MB
[runlim] sample:		186.9 time, 190.4 real, 84.5 MB
[runlim] sample:		196.9 time, 200.4 real, 86.6 MB
[runlim] sample:		206.9 time, 210.4 real, 86.8 MB
[runlim] sample:		216.9 time, 220.4 real, 90.4 MB
[runlim] sample:		226.9 time, 230.4 real, 90.4 MB
[runlim] sample:		236.9 time, 240.4 real, 90.6 MB
[runlim] sample:		246.9 time, 250.4 real, 91.1 MB
[runlim] sample:		256.9 time, 260.4 real, 91.3 MB
[runlim] sample:		266.9 time, 270.4 real, 91.8 MB
[runlim] sample:		276.9 time, 280.4 real, 93.6 MB
[runlim] sample:		286.9 time, 290.4 real, 95.9 MB
[runlim] sample:		296.9 time, 300.4 real, 102.5 MB
CVC4 interrupted by SIGTERM.
[runlim] end:			Tue Feb  5 10:59:42 2019
[runlim] status:		out of time
[runlim] result:		2
[runlim] children:		0
[runlim] real:			303.61 seconds
[runlim] time:			300.10 seconds
[runlim] space:			102.5 MB
[runlim] samples:		3032
