[runlim] version:		1.10fixed
[runlim] time limit:		300 seconds
[runlim] real time limit:	311040000 seconds
[runlim] space limit:		4000 MB
[runlim] argv[0]:		./cvc4
[runlim] argv[1]:		--fmf-fun-rlv
[runlim] argv[2]:		/tmp/9kmuDHFJ.smt2
[runlim] start:			Tue Feb  5 10:54:27 2019
[runlim] main pid:		26951
/tmp/9kmuDHFJ.smt2:4.12: No set-logic command was given before this point.
/tmp/9kmuDHFJ.smt2:4.12: CVC4 will make all theories available.
/tmp/9kmuDHFJ.smt2:4.12: Consider setting a stricter logic for (likely) better performance.
/tmp/9kmuDHFJ.smt2:4.12: To suppress this warning in the future use (set-logic ALL).
[runlim] sample:		9.6 time, 10.9 real, 32.7 MB
[runlim] sample:		19.6 time, 20.9 real, 34.2 MB
[runlim] sample:		29.6 time, 30.9 real, 36.4 MB
[runlim] sample:		38.7 time, 40.9 real, 37.1 MB
[runlim] sample:		48.6 time, 50.9 real, 39.4 MB
[runlim] sample:		58.0 time, 60.9 real, 39.9 MB
[runlim] sample:		68.0 time, 70.9 real, 42.5 MB
[runlim] sample:		78.0 time, 80.9 real, 42.8 MB
[runlim] sample:		87.3 time, 90.9 real, 44.8 MB
[runlim] sample:		96.9 time, 100.9 real, 46.3 MB
[runlim] sample:		105.5 time, 110.9 real, 48.2 MB
[runlim] sample:		115.5 time, 120.9 real, 48.4 MB
[runlim] sample:		125.5 time, 130.9 real, 49.1 MB
[runlim] sample:		134.3 time, 140.9 real, 50.7 MB
[runlim] sample:		144.2 time, 150.9 real, 50.9 MB
[runlim] sample:		154.2 time, 160.9 real, 51.4 MB
[runlim] sample:		163.2 time, 170.9 real, 53.4 MB
[runlim] sample:		171.1 time, 180.9 real, 53.6 MB
[runlim] sample:		180.0 time, 190.9 real, 54.1 MB
[runlim] sample:		188.9 time, 200.9 real, 54.3 MB
[runlim] sample:		197.9 time, 210.9 real, 54.6 MB
[runlim] sample:		207.4 time, 220.9 real, 54.8 MB
[runlim] sample:		217.3 time, 230.9 real, 56.3 MB
[runlim] sample:		227.3 time, 240.9 real, 58.1 MB
[runlim] sample:		237.3 time, 250.9 real, 58.3 MB
[runlim] sample:		246.9 time, 260.9 real, 58.8 MB
[runlim] sample:		256.6 time, 270.9 real, 60.9 MB
[runlim] sample:		266.5 time, 280.9 real, 63.7 MB
[runlim] sample:		276.4 time, 290.9 real, 68.5 MB
[runlim] sample:		286.4 time, 300.9 real, 71.1 MB
[runlim] sample:		296.3 time, 310.9 real, 76.5 MB
CVC4 interrupted by SIGTERM.
[runlim] end:			Tue Feb  5 10:59:42 2019
[runlim] status:		out of time
[runlim] result:		2
[runlim] children:		0
[runlim] real:			315.25 seconds
[runlim] time:			300.08 seconds
[runlim] space:			76.7 MB
[runlim] samples:		3143
