[runlim] version:		1.10fixed
[runlim] time limit:		300 seconds
[runlim] real time limit:	311040000 seconds
[runlim] space limit:		4000 MB
[runlim] argv[0]:		./cvc4
[runlim] argv[1]:		--fmf-fun-rlv
[runlim] argv[2]:		/tmp/bKc2pDDo.smt2
[runlim] start:			Tue Feb  5 13:44:01 2019
[runlim] main pid:		25722
[runlim] sample:		10.0 time, 10.4 real, 245.8 MB
[runlim] sample:		20.0 time, 20.4 real, 606.7 MB
[runlim] sample:		30.0 time, 30.4 real, 622.9 MB
[runlim] sample:		40.0 time, 40.4 real, 623.2 MB
[runlim] sample:		50.0 time, 50.4 real, 623.2 MB
[runlim] sample:		60.0 time, 60.4 real, 623.4 MB
[runlim] sample:		70.0 time, 70.4 real, 623.4 MB
[runlim] sample:		79.7 time, 80.4 real, 623.7 MB
[runlim] sample:		88.9 time, 90.4 real, 623.9 MB
[runlim] sample:		98.2 time, 100.4 real, 623.9 MB
[runlim] sample:		107.8 time, 110.4 real, 624.2 MB
[runlim] sample:		116.8 time, 120.4 real, 624.4 MB
[runlim] sample:		126.5 time, 130.4 real, 624.4 MB
[runlim] sample:		136.2 time, 140.4 real, 624.7 MB
[runlim] sample:		146.1 time, 150.4 real, 625.0 MB
[runlim] sample:		155.2 time, 160.4 real, 625.2 MB
[runlim] sample:		165.2 time, 170.4 real, 625.2 MB
[runlim] sample:		175.2 time, 180.4 real, 625.2 MB
[runlim] sample:		185.2 time, 190.4 real, 625.5 MB
[runlim] sample:		195.2 time, 200.4 real, 625.7 MB
[runlim] sample:		205.2 time, 210.4 real, 625.7 MB
[runlim] sample:		215.1 time, 220.4 real, 626.0 MB
[runlim] sample:		223.9 time, 230.4 real, 626.2 MB
[runlim] sample:		233.9 time, 240.4 real, 626.2 MB
[runlim] sample:		243.9 time, 250.4 real, 626.5 MB
[runlim] sample:		252.7 time, 260.4 real, 626.8 MB
[runlim] sample:		262.1 time, 270.4 real, 626.8 MB
[runlim] sample:		271.1 time, 280.4 real, 627.0 MB
[runlim] sample:		279.7 time, 290.4 real, 627.3 MB
[runlim] sample:		288.3 time, 300.4 real, 627.3 MB
[runlim] sample:		296.8 time, 310.4 real, 628.1 MB
[runlim] end:			Tue Feb  5 13:49:13 2019
[runlim] status:		signal(9)
[runlim] result:		11
[runlim] children:		0
[runlim] real:			312.91 seconds
[runlim] time:			298.74 seconds
[runlim] space:			628.1 MB
[runlim] samples:		3124
