[runlim] version:		1.10fixed
[runlim] time limit:		300 seconds
[runlim] real time limit:	311040000 seconds
[runlim] space limit:		4000 MB
[runlim] argv[0]:		./cvc4
[runlim] argv[1]:		--fmf-fun-rlv
[runlim] argv[2]:		/tmp/mZxSGYgH.smt2
[runlim] start:			Tue Feb  5 10:53:08 2019
[runlim] main pid:		32542
[runlim] sample:		7.7 time, 10.9 real, 26.6 MB
[runlim] sample:		15.4 time, 20.9 real, 27.9 MB
[runlim] sample:		24.6 time, 30.9 real, 29.0 MB
[runlim] sample:		34.6 time, 40.9 real, 29.7 MB
[runlim] sample:		44.6 time, 50.9 real, 30.2 MB
[runlim] sample:		54.6 time, 60.9 real, 31.3 MB
[runlim] sample:		62.9 time, 70.9 real, 31.3 MB
[runlim] sample:		72.7 time, 80.9 real, 32.1 MB
[runlim] sample:		82.6 time, 90.9 real, 32.2 MB
[runlim] sample:		92.6 time, 100.9 real, 33.4 MB
[runlim] sample:		102.6 time, 110.9 real, 33.7 MB
[runlim] sample:		112.1 time, 120.9 real, 33.8 MB
[runlim] sample:		122.0 time, 130.9 real, 34.1 MB
[runlim] sample:		131.9 time, 140.9 real, 34.4 MB
[runlim] sample:		141.0 time, 150.9 real, 34.5 MB
[runlim] sample:		151.0 time, 160.9 real, 34.8 MB
[runlim] sample:		161.0 time, 170.9 real, 35.2 MB
[runlim] sample:		171.0 time, 180.9 real, 35.2 MB
[runlim] sample:		181.0 time, 190.9 real, 35.4 MB
[runlim] sample:		191.0 time, 200.9 real, 35.6 MB
[runlim] sample:		200.9 time, 210.9 real, 35.7 MB
[runlim] sample:		210.9 time, 220.9 real, 35.7 MB
[runlim] sample:		220.9 time, 230.9 real, 36.2 MB
[runlim] sample:		230.5 time, 240.9 real, 36.6 MB
[runlim] sample:		239.9 time, 250.9 real, 36.5 MB
[runlim] sample:		248.6 time, 260.9 real, 36.5 MB
[runlim] sample:		257.1 time, 270.9 real, 36.7 MB
[runlim] sample:		264.8 time, 280.9 real, 36.7 MB
[runlim] sample:		273.9 time, 290.9 real, 36.9 MB
[runlim] sample:		283.1 time, 300.9 real, 37.1 MB
[runlim] sample:		292.2 time, 310.9 real, 37.3 MB
CVC4 interrupted by SIGTERM.
[runlim] end:			Tue Feb  5 10:58:27 2019
[runlim] status:		out of time
[runlim] result:		2
[runlim] children:		0
[runlim] real:			319.23 seconds
[runlim] time:			300.06 seconds
[runlim] space:			37.9 MB
[runlim] samples:		3183
