[runlim] version:		1.10fixed
[runlim] time limit:		300 seconds
[runlim] real time limit:	311040000 seconds
[runlim] space limit:		4000 MB
[runlim] argv[0]:		./cvc4
[runlim] argv[1]:		--fmf-fun-rlv
[runlim] argv[2]:		/tmp/Ea1cOz20.smt2
[runlim] start:			Tue Feb  5 13:44:32 2019
[runlim] main pid:		24837
/tmp/Ea1cOz20.smt2:4.12: No set-logic command was given before this point.
/tmp/Ea1cOz20.smt2:4.12: CVC4 will make all theories available.
/tmp/Ea1cOz20.smt2:4.12: Consider setting a stricter logic for (likely) better performance.
/tmp/Ea1cOz20.smt2:4.12: To suppress this warning in the future use (set-logic ALL).
[runlim] sample:		10.0 time, 10.1 real, 38.4 MB
[runlim] sample:		20.0 time, 20.1 real, 43.7 MB
[runlim] sample:		30.0 time, 30.1 real, 53.0 MB
[runlim] sample:		40.0 time, 40.1 real, 58.4 MB
[runlim] sample:		50.0 time, 50.1 real, 62.4 MB
[runlim] sample:		60.0 time, 60.1 real, 63.7 MB
[runlim] sample:		70.0 time, 70.1 real, 67.5 MB
[runlim] sample:		80.0 time, 80.1 real, 69.5 MB
[runlim] sample:		90.0 time, 90.1 real, 70.3 MB
[runlim] sample:		99.8 time, 100.1 real, 71.0 MB
[runlim] sample:		108.7 time, 110.1 real, 73.3 MB
[runlim] sample:		117.4 time, 120.1 real, 78.8 MB
[runlim] sample:		126.0 time, 130.1 real, 87.0 MB
[runlim] sample:		134.7 time, 140.1 real, 87.8 MB
[runlim] sample:		143.4 time, 150.1 real, 89.3 MB
[runlim] sample:		152.0 time, 160.1 real, 92.9 MB
[runlim] sample:		160.7 time, 170.1 real, 93.1 MB
[runlim] sample:		169.5 time, 180.1 real, 97.0 MB
[runlim] sample:		179.5 time, 190.1 real, 98.8 MB
[runlim] sample:		189.4 time, 200.1 real, 102.1 MB
[runlim] sample:		198.2 time, 210.1 real, 102.7 MB
[runlim] sample:		206.9 time, 220.1 real, 106.1 MB
[runlim] sample:		215.7 time, 230.1 real, 106.3 MB
[runlim] sample:		224.4 time, 240.1 real, 106.8 MB
[runlim] sample:		233.4 time, 250.1 real, 109.4 MB
[runlim] sample:		243.4 time, 260.1 real, 109.7 MB
[runlim] sample:		253.4 time, 270.1 real, 109.9 MB
[runlim] sample:		263.4 time, 280.1 real, 110.2 MB
[runlim] sample:		273.1 time, 290.1 real, 110.4 MB
[runlim] sample:		283.1 time, 300.1 real, 110.7 MB
[runlim] end:			Tue Feb  5 13:49:41 2019
[runlim] status:		signal(9)
[runlim] result:		11
[runlim] children:		0
[runlim] real:			309.59 seconds
[runlim] time:			292.58 seconds
[runlim] space:			110.9 MB
[runlim] samples:		3095
