[runlim] version:		1.10fixed
[runlim] time limit:		300 seconds
[runlim] real time limit:	311040000 seconds
[runlim] space limit:		4000 MB
[runlim] argv[0]:		./cvc4
[runlim] argv[1]:		--fmf-fun-rlv
[runlim] argv[2]:		/tmp/H8LnGHf5.smt2
[runlim] start:			Tue Feb  5 10:53:50 2019
[runlim] main pid:		25427
[runlim] sample:		9.1 time, 10.5 real, 46.5 MB
[runlim] sample:		19.1 time, 20.5 real, 194.1 MB
[runlim] sample:		28.9 time, 30.5 real, 497.6 MB
[runlim] sample:		38.9 time, 40.5 real, 667.0 MB
[runlim] sample:		48.9 time, 50.5 real, 688.7 MB
[runlim] sample:		58.9 time, 60.5 real, 688.9 MB
[runlim] sample:		68.9 time, 70.5 real, 688.9 MB
[runlim] sample:		78.9 time, 80.5 real, 689.2 MB
[runlim] sample:		88.6 time, 90.5 real, 689.5 MB
[runlim] sample:		97.3 time, 100.5 real, 689.5 MB
[runlim] sample:		105.7 time, 110.5 real, 689.7 MB
[runlim] sample:		114.0 time, 120.5 real, 689.7 MB
[runlim] sample:		122.5 time, 130.5 real, 690.0 MB
[runlim] sample:		132.4 time, 140.5 real, 690.2 MB
[runlim] sample:		142.4 time, 150.5 real, 690.5 MB
[runlim] sample:		152.4 time, 160.5 real, 690.5 MB
[runlim] sample:		161.5 time, 170.5 real, 690.5 MB
[runlim] sample:		170.8 time, 180.5 real, 690.5 MB
[runlim] sample:		180.8 time, 190.5 real, 690.7 MB
[runlim] sample:		190.6 time, 200.5 real, 691.0 MB
[runlim] sample:		198.9 time, 210.5 real, 691.0 MB
[runlim] sample:		208.6 time, 220.5 real, 691.3 MB
[runlim] sample:		218.6 time, 230.5 real, 691.5 MB
[runlim] sample:		227.2 time, 240.5 real, 691.5 MB
[runlim] sample:		237.2 time, 250.5 real, 691.8 MB
[runlim] sample:		247.2 time, 260.5 real, 692.3 MB
[runlim] sample:		257.2 time, 270.5 real, 692.6 MB
[runlim] sample:		267.0 time, 280.5 real, 692.8 MB
[runlim] sample:		277.0 time, 290.5 real, 692.8 MB
[runlim] sample:		287.0 time, 300.5 real, 693.1 MB
[runlim] sample:		297.0 time, 310.5 real, 693.3 MB
CVC4 interrupted by SIGTERM.
[runlim] end:			Tue Feb  5 10:59:03 2019
[runlim] status:		out of time
[runlim] result:		2
[runlim] children:		0
[runlim] real:			313.57 seconds
[runlim] time:			300.03 seconds
[runlim] space:			693.3 MB
[runlim] samples:		3130
