[runlim] version:		1.10fixed
[runlim] time limit:		300 seconds
[runlim] real time limit:	311040000 seconds
[runlim] space limit:		4000 MB
[runlim] argv[0]:		./cvc4
[runlim] argv[1]:		--fmf-fun-rlv
[runlim] argv[2]:		/tmp/8Q9x2y6e.smt2
[runlim] start:			Tue Feb  5 10:49:54 2019
[runlim] main pid:		25480
[runlim] sample:		9.0 time, 10.5 real, 184.6 MB
[runlim] sample:		18.8 time, 20.5 real, 424.9 MB
[runlim] sample:		28.8 time, 30.5 real, 805.9 MB
[runlim] sample:		38.8 time, 40.5 real, 1095.6 MB
[runlim] sample:		48.8 time, 50.5 real, 1316.9 MB
[runlim] sample:		58.8 time, 60.5 real, 1364.8 MB
[runlim] sample:		68.8 time, 70.5 real, 1364.8 MB
[runlim] sample:		78.8 time, 80.5 real, 1364.8 MB
[runlim] sample:		88.8 time, 90.5 real, 1364.8 MB
[runlim] sample:		98.8 time, 100.5 real, 1364.8 MB
[runlim] sample:		108.8 time, 110.5 real, 1364.8 MB
[runlim] sample:		118.8 time, 120.5 real, 1364.8 MB
[runlim] sample:		128.8 time, 130.5 real, 1364.8 MB
[runlim] sample:		138.8 time, 140.5 real, 1364.8 MB
[runlim] sample:		148.8 time, 150.5 real, 1364.8 MB
[runlim] sample:		158.8 time, 160.5 real, 1364.8 MB
[runlim] sample:		168.8 time, 170.5 real, 1364.8 MB
[runlim] sample:		178.8 time, 180.5 real, 1364.8 MB
[runlim] sample:		188.8 time, 190.5 real, 1364.8 MB
[runlim] sample:		198.7 time, 200.5 real, 1364.8 MB
[runlim] sample:		208.7 time, 210.5 real, 1364.8 MB
[runlim] sample:		218.7 time, 220.5 real, 1391.9 MB
[runlim] sample:		228.7 time, 230.5 real, 1701.5 MB
[runlim] sample:		238.7 time, 240.5 real, 2002.9 MB
[runlim] sample:		246.7 time, 250.5 real, 2388.8 MB
[runlim] sample:		255.1 time, 260.5 real, 2684.2 MB
[runlim] sample:		264.4 time, 270.5 real, 2993.1 MB
[runlim] sample:		274.3 time, 280.5 real, 3300.4 MB
[runlim] sample:		284.2 time, 290.5 real, 3601.5 MB
CVC4 interrupted by SIGTERM.
[runlim] end:			Tue Feb  5 10:54:52 2019
[runlim] status:		out of memory
[runlim] result:		3
[runlim] children:		0
[runlim] real:			298.69 seconds
[runlim] time:			292.29 seconds
[runlim] space:			4015.8 MB
[runlim] samples:		2981
