[runlim] version:		1.10fixed
[runlim] time limit:		300 seconds
[runlim] real time limit:	311040000 seconds
[runlim] space limit:		4000 MB
[runlim] argv[0]:		./cvc4
[runlim] argv[1]:		--fmf-fun-rlv
[runlim] argv[2]:		/tmp/2B3rhEUJ.smt2
[runlim] start:			Tue Feb  5 10:54:40 2019
[runlim] main pid:		1494
/tmp/2B3rhEUJ.smt2:4.12: No set-logic command was given before this point.
/tmp/2B3rhEUJ.smt2:4.12: CVC4 will make all theories available.
/tmp/2B3rhEUJ.smt2:4.12: Consider setting a stricter logic for (likely) better performance.
/tmp/2B3rhEUJ.smt2:4.12: To suppress this warning in the future use (set-logic ALL).
[runlim] sample:		8.0 time, 10.7 real, 31.2 MB
[runlim] sample:		17.7 time, 20.7 real, 43.3 MB
[runlim] sample:		27.6 time, 30.7 real, 44.5 MB
[runlim] sample:		37.6 time, 40.7 real, 45.4 MB
[runlim] sample:		47.6 time, 50.7 real, 45.9 MB
[runlim] sample:		57.6 time, 60.7 real, 46.6 MB
[runlim] sample:		67.6 time, 70.7 real, 47.5 MB
[runlim] sample:		77.6 time, 80.7 real, 48.4 MB
[runlim] sample:		87.6 time, 90.7 real, 49.8 MB
[runlim] sample:		97.6 time, 100.7 real, 51.4 MB
[runlim] sample:		107.6 time, 110.7 real, 51.6 MB
[runlim] sample:		117.6 time, 120.7 real, 53.0 MB
[runlim] sample:		127.6 time, 130.7 real, 54.8 MB
[runlim] sample:		137.6 time, 140.7 real, 64.6 MB
[runlim] sample:		147.6 time, 150.7 real, 66.8 MB
[runlim] sample:		157.6 time, 160.7 real, 67.0 MB
[runlim] sample:		167.6 time, 170.7 real, 67.5 MB
[runlim] sample:		177.6 time, 180.7 real, 69.3 MB
[runlim] sample:		187.6 time, 190.7 real, 70.7 MB
[runlim] sample:		197.6 time, 200.7 real, 71.0 MB
[runlim] sample:		207.6 time, 210.7 real, 71.2 MB
[runlim] sample:		217.6 time, 220.7 real, 71.2 MB
[runlim] sample:		227.6 time, 230.7 real, 71.7 MB
[runlim] sample:		237.6 time, 240.7 real, 71.7 MB
[runlim] sample:		247.6 time, 250.7 real, 71.9 MB
[runlim] sample:		257.6 time, 260.7 real, 73.7 MB
[runlim] sample:		267.6 time, 270.7 real, 74.0 MB
[runlim] sample:		277.6 time, 280.7 real, 74.0 MB
[runlim] sample:		287.6 time, 290.7 real, 75.2 MB
[runlim] sample:		297.6 time, 300.7 real, 78.3 MB
CVC4 interrupted by SIGTERM.
[runlim] end:			Tue Feb  5 10:59:43 2019
[runlim] status:		out of time
[runlim] result:		2
[runlim] children:		0
[runlim] real:			303.20 seconds
[runlim] time:			300.05 seconds
[runlim] space:			78.6 MB
[runlim] samples:		3025
