[runlim] version:		1.10fixed
[runlim] time limit:		300 seconds
[runlim] real time limit:	311040000 seconds
[runlim] space limit:		4000 MB
[runlim] argv[0]:		./cvc4
[runlim] argv[1]:		--nl-ext-tplanes
[runlim] argv[2]:		--fmf-fun-rlv
[runlim] argv[3]:		/tmp/Isxv8x2d.smt2
[runlim] start:			Tue Jan 29 16:48:10 2019
[runlim] main pid:		30008
[runlim] sample:		9.1 time, 10.5 real, 58.8 MB
[runlim] sample:		19.1 time, 20.5 real, 82.3 MB
[runlim] sample:		28.0 time, 30.5 real, 102.0 MB
[runlim] sample:		37.4 time, 40.5 real, 124.4 MB
[runlim] sample:		47.0 time, 50.5 real, 149.8 MB
[runlim] sample:		56.6 time, 60.5 real, 174.3 MB
[runlim] sample:		66.4 time, 70.5 real, 202.9 MB
[runlim] sample:		76.0 time, 80.5 real, 229.0 MB
[runlim] sample:		86.0 time, 90.5 real, 253.2 MB
[runlim] sample:		96.0 time, 100.5 real, 285.0 MB
[runlim] sample:		106.0 time, 110.5 real, 311.8 MB
[runlim] sample:		116.0 time, 120.5 real, 348.6 MB
[runlim] sample:		126.0 time, 130.5 real, 373.6 MB
[runlim] sample:		136.0 time, 140.5 real, 399.4 MB
[runlim] sample:		146.0 time, 150.5 real, 434.3 MB
[runlim] sample:		155.9 time, 160.5 real, 465.5 MB
[runlim] sample:		166.0 time, 170.5 real, 497.0 MB
[runlim] sample:		175.9 time, 180.5 real, 529.2 MB
[runlim] sample:		185.9 time, 190.5 real, 562.2 MB
[runlim] sample:		195.9 time, 200.5 real, 593.1 MB
[runlim] sample:		205.9 time, 210.5 real, 649.9 MB
[runlim] sample:		215.9 time, 220.5 real, 682.4 MB
[runlim] sample:		225.9 time, 230.5 real, 722.8 MB
[runlim] sample:		235.9 time, 240.5 real, 760.0 MB
[runlim] sample:		245.9 time, 250.5 real, 794.5 MB
[runlim] sample:		255.9 time, 260.5 real, 1087.2 MB
[runlim] sample:		265.9 time, 270.5 real, 1369.5 MB
[runlim] sample:		275.9 time, 280.5 real, 1707.8 MB
[runlim] sample:		285.9 time, 290.5 real, 1992.6 MB
[runlim] sample:		295.9 time, 300.5 real, 2341.0 MB
CVC4 interrupted by SIGTERM.
[runlim] end:			Tue Jan 29 16:53:14 2019
[runlim] status:		out of time
[runlim] result:		2
[runlim] children:		0
[runlim] real:			304.70 seconds
[runlim] time:			300.12 seconds
[runlim] space:			2464.5 MB
[runlim] samples:		3042
