[runlim] version:		1.10fixed
[runlim] time limit:		300 seconds
[runlim] real time limit:	311040000 seconds
[runlim] space limit:		4000 MB
[runlim] argv[0]:		./cvc4
[runlim] argv[1]:		--nl-ext-tplanes
[runlim] argv[2]:		--fmf-fun-rlv
[runlim] argv[3]:		/tmp/FR39MFQV.smt2
[runlim] start:			Tue Feb  5 10:07:47 2019
[runlim] main pid:		27707
/tmp/FR39MFQV.smt2:4.12: No set-logic command was given before this point.
/tmp/FR39MFQV.smt2:4.12: CVC4 will make all theories available.
/tmp/FR39MFQV.smt2:4.12: Consider setting a stricter logic for (likely) better performance.
/tmp/FR39MFQV.smt2:4.12: To suppress this warning in the future use (set-logic ALL).
[runlim] sample:		8.5 time, 10.7 real, 43.2 MB
[runlim] sample:		17.7 time, 20.7 real, 48.8 MB
[runlim] sample:		27.1 time, 30.7 real, 53.2 MB
[runlim] sample:		36.2 time, 40.7 real, 56.2 MB
[runlim] sample:		46.0 time, 50.7 real, 58.0 MB
[runlim] sample:		55.4 time, 60.7 real, 60.6 MB
[runlim] sample:		64.5 time, 70.7 real, 62.4 MB
[runlim] sample:		74.5 time, 80.7 real, 64.3 MB
[runlim] sample:		84.5 time, 90.7 real, 66.3 MB
[runlim] sample:		94.5 time, 100.7 real, 68.1 MB
[runlim] sample:		104.5 time, 110.7 real, 70.2 MB
[runlim] sample:		114.5 time, 120.7 real, 73.2 MB
[runlim] sample:		124.5 time, 130.7 real, 75.0 MB
[runlim] sample:		134.4 time, 140.7 real, 76.3 MB
[runlim] sample:		144.4 time, 150.7 real, 77.8 MB
[runlim] sample:		154.4 time, 160.7 real, 82.1 MB
[runlim] sample:		163.7 time, 170.7 real, 82.6 MB
[runlim] sample:		172.9 time, 180.7 real, 82.8 MB
[runlim] sample:		181.4 time, 190.7 real, 83.1 MB
[runlim] sample:		191.3 time, 200.7 real, 84.4 MB
[runlim] sample:		201.3 time, 210.7 real, 85.1 MB
[runlim] sample:		211.0 time, 220.7 real, 88.3 MB
[runlim] sample:		220.3 time, 230.7 real, 89.8 MB
[runlim] sample:		230.0 time, 240.7 real, 90.1 MB
[runlim] sample:		240.0 time, 250.7 real, 90.3 MB
[runlim] sample:		250.0 time, 260.7 real, 90.5 MB
[runlim] sample:		260.0 time, 270.7 real, 90.8 MB
[runlim] sample:		270.0 time, 280.7 real, 91.0 MB
[runlim] sample:		279.5 time, 290.7 real, 95.8 MB
[runlim] sample:		288.8 time, 300.7 real, 96.3 MB
[runlim] sample:		298.7 time, 310.7 real, 96.6 MB
[runlim] end:			Tue Feb  5 10:12:58 2019
[runlim] status:		signal(9)
[runlim] result:		11
[runlim] children:		0
[runlim] real:			311.34 seconds
[runlim] time:			299.27 seconds
[runlim] space:			96.8 MB
[runlim] samples:		3106
