[runlim] version:		1.10fixed
[runlim] time limit:		300 seconds
[runlim] real time limit:	311040000 seconds
[runlim] space limit:		4000 MB
[runlim] argv[0]:		./cvc4
[runlim] argv[1]:		--nl-ext-tplanes
[runlim] argv[2]:		--fmf-fun-rlv
[runlim] argv[3]:		/tmp/pQhMOTPH.smt2
[runlim] start:			Tue Feb  5 13:11:21 2019
[runlim] main pid:		18541
[runlim] sample:		9.2 time, 10.6 real, 87.7 MB
[runlim] sample:		18.9 time, 20.6 real, 358.8 MB
[runlim] sample:		28.8 time, 30.6 real, 480.7 MB
[runlim] sample:		38.8 time, 40.6 real, 486.1 MB
[runlim] sample:		48.7 time, 50.6 real, 618.0 MB
[runlim] sample:		58.5 time, 60.6 real, 939.6 MB
[runlim] sample:		68.5 time, 70.6 real, 1341.7 MB
[runlim] sample:		78.5 time, 80.6 real, 1661.9 MB
[runlim] sample:		88.5 time, 90.6 real, 1969.3 MB
[runlim] sample:		98.5 time, 100.6 real, 2160.3 MB
[runlim] sample:		108.4 time, 110.6 real, 2161.6 MB
[runlim] sample:		118.3 time, 120.6 real, 2161.6 MB
[runlim] sample:		128.0 time, 130.6 real, 2161.6 MB
[runlim] sample:		137.8 time, 140.6 real, 2163.6 MB
[runlim] sample:		147.7 time, 150.6 real, 2164.4 MB
[runlim] sample:		157.4 time, 160.6 real, 2164.4 MB
[runlim] sample:		167.1 time, 170.6 real, 2246.1 MB
[runlim] sample:		176.8 time, 180.6 real, 2291.6 MB
[runlim] sample:		186.5 time, 190.6 real, 2358.9 MB
[runlim] sample:		196.0 time, 200.6 real, 2368.2 MB
[runlim] sample:		205.8 time, 210.6 real, 2378.2 MB
[runlim] sample:		215.8 time, 220.6 real, 2378.2 MB
[runlim] sample:		225.8 time, 230.6 real, 2378.2 MB
[runlim] sample:		235.8 time, 240.6 real, 2378.2 MB
[runlim] sample:		245.8 time, 250.6 real, 2378.2 MB
[runlim] sample:		255.8 time, 260.6 real, 2378.2 MB
[runlim] sample:		265.8 time, 270.6 real, 2378.2 MB
[runlim] sample:		275.8 time, 280.6 real, 2378.2 MB
[runlim] sample:		285.8 time, 290.6 real, 2378.2 MB
[runlim] sample:		295.8 time, 300.6 real, 2378.2 MB
CVC4 interrupted by SIGTERM.
[runlim] end:			Tue Feb  5 13:16:26 2019
[runlim] status:		out of time
[runlim] result:		2
[runlim] children:		0
[runlim] real:			305.07 seconds
[runlim] time:			300.19 seconds
[runlim] space:			2378.2 MB
[runlim] samples:		3044
