[runlim] version:		1.10fixed
[runlim] time limit:		300 seconds
[runlim] real time limit:	311040000 seconds
[runlim] space limit:		4000 MB
[runlim] argv[0]:		./cvc4
[runlim] argv[1]:		--nl-ext-tplanes
[runlim] argv[2]:		--fmf-fun-rlv
[runlim] argv[3]:		/tmp/yzj7Z7Ls.smt2
[runlim] start:			Tue Feb  5 10:08:11 2019
[runlim] main pid:		12820
[runlim] sample:		9.7 time, 10.8 real, 48.2 MB
[runlim] sample:		19.7 time, 20.8 real, 248.7 MB
[runlim] sample:		29.7 time, 30.8 real, 506.4 MB
[runlim] sample:		39.5 time, 40.8 real, 685.6 MB
[runlim] sample:		48.2 time, 50.8 real, 687.9 MB
[runlim] sample:		57.7 time, 60.8 real, 688.2 MB
[runlim] sample:		67.7 time, 70.8 real, 688.4 MB
[runlim] sample:		77.7 time, 80.8 real, 688.4 MB
[runlim] sample:		87.7 time, 90.8 real, 688.7 MB
[runlim] sample:		97.7 time, 100.8 real, 688.9 MB
[runlim] sample:		107.6 time, 110.8 real, 688.9 MB
[runlim] sample:		115.9 time, 120.8 real, 689.2 MB
[runlim] sample:		125.2 time, 130.8 real, 689.5 MB
[runlim] sample:		135.2 time, 140.8 real, 689.7 MB
[runlim] sample:		145.2 time, 150.8 real, 689.7 MB
[runlim] sample:		155.2 time, 160.8 real, 689.7 MB
[runlim] sample:		164.2 time, 170.8 real, 690.0 MB
[runlim] sample:		173.2 time, 180.8 real, 690.0 MB
[runlim] sample:		182.1 time, 190.8 real, 690.2 MB
[runlim] sample:		192.0 time, 200.8 real, 690.2 MB
[runlim] sample:		202.0 time, 210.8 real, 690.5 MB
[runlim] sample:		212.0 time, 220.8 real, 690.7 MB
[runlim] sample:		222.0 time, 230.8 real, 691.0 MB
[runlim] sample:		232.0 time, 240.8 real, 691.0 MB
[runlim] sample:		241.7 time, 250.8 real, 691.2 MB
[runlim] sample:		251.7 time, 260.8 real, 691.8 MB
[runlim] sample:		261.7 time, 270.8 real, 692.0 MB
[runlim] sample:		271.7 time, 280.8 real, 692.3 MB
[runlim] sample:		281.7 time, 290.8 real, 692.5 MB
[runlim] sample:		291.7 time, 300.8 real, 692.8 MB
CVC4 interrupted by SIGTERM.
[runlim] end:			Tue Feb  5 10:13:20 2019
[runlim] status:		out of time
[runlim] result:		2
[runlim] children:		0
[runlim] real:			309.75 seconds
[runlim] time:			300.06 seconds
[runlim] space:			692.8 MB
[runlim] samples:		3089
