[runlim] version:		1.10fixed
[runlim] time limit:		300 seconds
[runlim] real time limit:	311040000 seconds
[runlim] space limit:		4000 MB
[runlim] argv[0]:		./cvc4
[runlim] argv[1]:		--nl-ext-tplanes
[runlim] argv[2]:		--fmf-fun-rlv
[runlim] argv[3]:		/tmp/66kHGEfh.smt2
[runlim] start:			Tue Feb  5 13:11:32 2019
[runlim] main pid:		32062
/tmp/66kHGEfh.smt2:4.12: No set-logic command was given before this point.
/tmp/66kHGEfh.smt2:4.12: CVC4 will make all theories available.
/tmp/66kHGEfh.smt2:4.12: Consider setting a stricter logic for (likely) better performance.
/tmp/66kHGEfh.smt2:4.12: To suppress this warning in the future use (set-logic ALL).
[runlim] sample:		9.8 time, 10.5 real, 34.4 MB
[runlim] sample:		19.8 time, 20.5 real, 36.7 MB
[runlim] sample:		29.8 time, 30.5 real, 38.1 MB
[runlim] sample:		39.8 time, 40.5 real, 39.1 MB
[runlim] sample:		49.8 time, 50.5 real, 41.6 MB
[runlim] sample:		59.8 time, 60.5 real, 42.6 MB
[runlim] sample:		69.8 time, 70.5 real, 42.9 MB
[runlim] sample:		79.8 time, 80.5 real, 43.4 MB
[runlim] sample:		89.8 time, 90.5 real, 45.2 MB
[runlim] sample:		99.8 time, 100.5 real, 45.6 MB
[runlim] sample:		109.8 time, 110.5 real, 47.2 MB
[runlim] sample:		119.8 time, 120.5 real, 48.7 MB
[runlim] sample:		128.9 time, 130.5 real, 49.0 MB
[runlim] sample:		138.5 time, 140.5 real, 49.4 MB
[runlim] sample:		148.5 time, 150.5 real, 52.5 MB
[runlim] sample:		158.5 time, 160.5 real, 53.0 MB
[runlim] sample:		168.1 time, 170.5 real, 55.4 MB
[runlim] sample:		177.5 time, 180.5 real, 55.6 MB
[runlim] sample:		186.8 time, 190.5 real, 55.9 MB
[runlim] sample:		196.1 time, 200.5 real, 55.9 MB
[runlim] sample:		205.3 time, 210.5 real, 56.1 MB
[runlim] sample:		214.1 time, 220.5 real, 56.4 MB
[runlim] sample:		222.7 time, 230.5 real, 56.6 MB
[runlim] sample:		231.8 time, 240.5 real, 56.8 MB
[runlim] sample:		241.8 time, 250.5 real, 57.1 MB
[runlim] sample:		251.8 time, 260.5 real, 57.3 MB
[runlim] sample:		261.8 time, 270.5 real, 58.8 MB
[runlim] sample:		271.8 time, 280.5 real, 65.2 MB
[runlim] sample:		281.8 time, 290.5 real, 69.3 MB
[runlim] sample:		291.8 time, 300.5 real, 76.0 MB
CVC4 interrupted by SIGTERM.
[runlim] end:			Tue Feb  5 13:16:40 2019
[runlim] status:		out of time
[runlim] result:		2
[runlim] children:		0
[runlim] real:			308.87 seconds
[runlim] time:			300.08 seconds
[runlim] space:			76.3 MB
[runlim] samples:		3083
