[runlim] version:		1.10fixed
[runlim] time limit:		300 seconds
[runlim] real time limit:	311040000 seconds
[runlim] space limit:		4000 MB
[runlim] argv[0]:		./cvc4
[runlim] argv[1]:		--nl-ext-tplanes
[runlim] argv[2]:		--fmf-fun-rlv
[runlim] argv[3]:		/tmp/OPUuwRhV.smt2
[runlim] start:			Tue Feb  5 10:07:55 2019
[runlim] main pid:		1123
/tmp/OPUuwRhV.smt2:4.12: No set-logic command was given before this point.
/tmp/OPUuwRhV.smt2:4.12: CVC4 will make all theories available.
/tmp/OPUuwRhV.smt2:4.12: Consider setting a stricter logic for (likely) better performance.
/tmp/OPUuwRhV.smt2:4.12: To suppress this warning in the future use (set-logic ALL).
[runlim] sample:		7.9 time, 10.3 real, 44.4 MB
[runlim] sample:		17.2 time, 20.3 real, 49.9 MB
[runlim] sample:		26.3 time, 30.3 real, 52.3 MB
[runlim] sample:		36.1 time, 40.3 real, 54.6 MB
[runlim] sample:		46.1 time, 50.3 real, 56.6 MB
[runlim] sample:		56.1 time, 60.3 real, 58.7 MB
[runlim] sample:		65.7 time, 70.3 real, 61.7 MB
[runlim] sample:		74.3 time, 80.3 real, 69.1 MB
[runlim] sample:		83.7 time, 90.3 real, 69.6 MB
[runlim] sample:		93.0 time, 100.3 real, 70.8 MB
[runlim] sample:		103.0 time, 110.3 real, 72.0 MB
[runlim] sample:		112.5 time, 120.3 real, 73.0 MB
[runlim] sample:		121.5 time, 130.3 real, 74.0 MB
[runlim] sample:		130.5 time, 140.3 real, 75.0 MB
[runlim] sample:		139.7 time, 150.3 real, 75.7 MB
[runlim] sample:		149.4 time, 160.3 real, 79.1 MB
[runlim] sample:		158.6 time, 170.3 real, 79.3 MB
[runlim] sample:		167.9 time, 180.3 real, 79.6 MB
[runlim] sample:		177.3 time, 190.3 real, 79.8 MB
[runlim] sample:		187.3 time, 200.3 real, 80.0 MB
[runlim] sample:		197.3 time, 210.3 real, 80.3 MB
[runlim] sample:		206.8 time, 220.3 real, 80.8 MB
[runlim] sample:		216.1 time, 230.3 real, 81.0 MB
[runlim] sample:		225.6 time, 240.3 real, 84.6 MB
[runlim] sample:		234.7 time, 250.3 real, 84.4 MB
[runlim] sample:		243.8 time, 260.3 real, 84.9 MB
[runlim] sample:		253.1 time, 270.3 real, 85.4 MB
[runlim] sample:		263.1 time, 280.3 real, 86.9 MB
[runlim] sample:		272.2 time, 290.3 real, 87.9 MB
[runlim] sample:		282.2 time, 300.3 real, 89.4 MB
[runlim] sample:		291.1 time, 310.3 real, 90.2 MB
[runlim] end:			Tue Feb  5 10:13:13 2019
[runlim] status:		signal(9)
[runlim] result:		11
[runlim] children:		0
[runlim] real:			318.56 seconds
[runlim] time:			298.44 seconds
[runlim] space:			90.4 MB
[runlim] samples:		3182
