[runlim] version:		1.10fixed
[runlim] time limit:		300 seconds
[runlim] real time limit:	311040000 seconds
[runlim] space limit:		4000 MB
[runlim] argv[0]:		./cvc4
[runlim] argv[1]:		--nl-ext-tplanes
[runlim] argv[2]:		--fmf-fun-rlv
[runlim] argv[3]:		/tmp/ZnOJOurI.smt2
[runlim] start:			Tue Feb  5 13:11:26 2019
[runlim] main pid:		19823
/tmp/ZnOJOurI.smt2:4.12: No set-logic command was given before this point.
/tmp/ZnOJOurI.smt2:4.12: CVC4 will make all theories available.
/tmp/ZnOJOurI.smt2:4.12: Consider setting a stricter logic for (likely) better performance.
/tmp/ZnOJOurI.smt2:4.12: To suppress this warning in the future use (set-logic ALL).
[runlim] sample:		8.9 time, 10.1 real, 41.4 MB
[runlim] sample:		18.9 time, 20.1 real, 52.8 MB
[runlim] sample:		28.9 time, 30.1 real, 54.3 MB
[runlim] sample:		38.9 time, 40.1 real, 55.3 MB
[runlim] sample:		48.9 time, 50.1 real, 56.1 MB
[runlim] sample:		58.9 time, 60.1 real, 57.3 MB
[runlim] sample:		68.9 time, 70.1 real, 57.6 MB
[runlim] sample:		78.9 time, 80.1 real, 58.4 MB
[runlim] sample:		88.9 time, 90.1 real, 61.4 MB
[runlim] sample:		98.9 time, 100.1 real, 62.2 MB
[runlim] sample:		108.9 time, 110.1 real, 71.2 MB
[runlim] sample:		118.9 time, 120.1 real, 74.3 MB
[runlim] sample:		128.9 time, 130.1 real, 75.8 MB
[runlim] sample:		138.9 time, 140.1 real, 75.8 MB
[runlim] sample:		148.9 time, 150.1 real, 76.8 MB
[runlim] sample:		158.9 time, 160.1 real, 77.1 MB
[runlim] sample:		168.9 time, 170.1 real, 77.1 MB
[runlim] sample:		178.9 time, 180.1 real, 77.3 MB
[runlim] sample:		188.8 time, 190.1 real, 77.8 MB
[runlim] sample:		198.8 time, 200.1 real, 79.5 MB
[runlim] sample:		208.8 time, 210.1 real, 79.7 MB
[runlim] sample:		218.8 time, 220.1 real, 82.5 MB
[runlim] sample:		228.8 time, 230.1 real, 83.5 MB
[runlim] sample:		238.8 time, 240.1 real, 85.3 MB
[runlim] sample:		248.8 time, 250.1 real, 87.4 MB
[runlim] sample:		258.8 time, 260.1 real, 87.9 MB
[runlim] sample:		268.8 time, 270.1 real, 90.2 MB
[runlim] sample:		278.8 time, 280.1 real, 91.2 MB
[runlim] sample:		288.8 time, 290.1 real, 92.7 MB
[runlim] sample:		298.8 time, 300.1 real, 95.5 MB
CVC4 interrupted by SIGTERM.
[runlim] end:			Tue Feb  5 13:16:27 2019
[runlim] status:		out of time
[runlim] result:		2
[runlim] children:		0
[runlim] real:			301.34 seconds
[runlim] time:			300.02 seconds
[runlim] space:			95.5 MB
[runlim] samples:		3012
