[runlim] version:		1.10fixed
[runlim] time limit:		300 seconds
[runlim] real time limit:	311040000 seconds
[runlim] space limit:		4000 MB
[runlim] argv[0]:		./cvc4
[runlim] argv[1]:		--nl-ext-tplanes
[runlim] argv[2]:		--fmf-fun-rlv
[runlim] argv[3]:		/tmp/JnP1ABrZ.smt2
[runlim] start:			Tue Feb  5 10:03:10 2019
[runlim] main pid:		24985
[runlim] sample:		9.9 time, 10.4 real, 105.1 MB
[runlim] sample:		19.7 time, 20.4 real, 111.0 MB
[runlim] sample:		28.2 time, 30.4 real, 245.9 MB
[runlim] sample:		38.2 time, 40.4 real, 250.3 MB
[runlim] sample:		48.2 time, 50.4 real, 258.6 MB
[runlim] sample:		58.2 time, 60.4 real, 306.5 MB
[runlim] sample:		68.2 time, 70.4 real, 553.4 MB
[runlim] sample:		78.2 time, 80.4 real, 556.8 MB
[runlim] sample:		88.2 time, 90.4 real, 557.0 MB
[runlim] sample:		97.0 time, 100.4 real, 562.7 MB
[runlim] sample:		105.6 time, 110.4 real, 563.0 MB
[runlim] sample:		115.6 time, 120.4 real, 563.8 MB
[runlim] sample:		125.6 time, 130.4 real, 572.5 MB
[runlim] sample:		135.6 time, 140.4 real, 574.1 MB
[runlim] sample:		145.6 time, 150.4 real, 575.9 MB
[runlim] sample:		155.6 time, 160.4 real, 577.4 MB
[runlim] sample:		165.0 time, 170.4 real, 578.7 MB
[runlim] sample:		174.3 time, 180.4 real, 580.0 MB
[runlim] sample:		184.3 time, 190.4 real, 581.0 MB
[runlim] sample:		194.3 time, 200.4 real, 582.1 MB
[runlim] sample:		204.3 time, 210.4 real, 583.1 MB
[runlim] sample:		214.3 time, 220.4 real, 584.1 MB
[runlim] sample:		224.3 time, 230.4 real, 585.1 MB
[runlim] sample:		234.3 time, 240.4 real, 585.9 MB
[runlim] sample:		244.3 time, 250.4 real, 622.5 MB
[runlim] sample:		253.3 time, 260.4 real, 897.9 MB
[runlim] sample:		262.3 time, 270.4 real, 1088.0 MB
[runlim] sample:		271.3 time, 280.4 real, 1134.2 MB
[runlim] sample:		281.1 time, 290.4 real, 1149.1 MB
[runlim] sample:		291.1 time, 300.4 real, 1149.1 MB
CVC4 interrupted by SIGTERM.
[runlim] end:			Tue Feb  5 10:08:19 2019
[runlim] status:		out of time
[runlim] result:		2
[runlim] children:		0
[runlim] real:			309.38 seconds
[runlim] time:			300.03 seconds
[runlim] space:			1149.1 MB
[runlim] samples:		3089
