[runlim] version:		1.10fixed
[runlim] time limit:		300 seconds
[runlim] real time limit:	311040000 seconds
[runlim] space limit:		4000 MB
[runlim] argv[0]:		./cvc4
[runlim] argv[1]:		--nl-ext-tplanes
[runlim] argv[2]:		--fmf-fun-rlv
[runlim] argv[3]:		/tmp/1ialpVeV.smt2
[runlim] start:			Tue Jan 29 16:46:47 2019
[runlim] main pid:		8224
[runlim] sample:		7.7 time, 10.1 real, 38.7 MB
[runlim] sample:		15.5 time, 20.1 real, 42.8 MB
[runlim] sample:		25.0 time, 30.1 real, 46.6 MB
[runlim] sample:		35.0 time, 40.1 real, 52.5 MB
[runlim] sample:		45.0 time, 50.1 real, 56.3 MB
[runlim] sample:		55.0 time, 60.1 real, 64.5 MB
[runlim] sample:		65.0 time, 70.1 real, 66.8 MB
[runlim] sample:		74.4 time, 80.1 real, 69.0 MB
[runlim] sample:		82.8 time, 90.1 real, 72.4 MB
[runlim] sample:		92.8 time, 100.1 real, 73.7 MB
[runlim] sample:		102.8 time, 110.1 real, 76.2 MB
[runlim] sample:		112.8 time, 120.1 real, 82.4 MB
[runlim] sample:		122.8 time, 130.1 real, 88.5 MB
[runlim] sample:		132.8 time, 140.1 real, 91.8 MB
[runlim] sample:		142.8 time, 150.1 real, 92.3 MB
[runlim] sample:		152.8 time, 160.1 real, 92.8 MB
[runlim] sample:		162.8 time, 170.1 real, 93.3 MB
[runlim] sample:		172.8 time, 180.1 real, 94.0 MB
[runlim] sample:		182.8 time, 190.1 real, 94.7 MB
[runlim] sample:		192.8 time, 200.1 real, 96.5 MB
[runlim] sample:		202.5 time, 210.1 real, 98.8 MB
[runlim] sample:		211.0 time, 220.1 real, 99.9 MB
[runlim] sample:		218.7 time, 230.1 real, 100.9 MB
[runlim] sample:		227.8 time, 240.1 real, 101.7 MB
[runlim] sample:		235.6 time, 250.1 real, 102.4 MB
[runlim] sample:		244.9 time, 260.1 real, 105.7 MB
[runlim] sample:		253.9 time, 270.1 real, 107.0 MB
[runlim] sample:		261.5 time, 280.1 real, 108.0 MB
[runlim] sample:		270.6 time, 290.1 real, 112.1 MB
[runlim] sample:		280.6 time, 300.1 real, 113.6 MB
[runlim] sample:		290.6 time, 310.1 real, 114.1 MB
[runlim] end:			Tue Jan 29 16:52:03 2019
[runlim] status:		signal(9)
[runlim] result:		11
[runlim] children:		0
[runlim] real:			316.78 seconds
[runlim] time:			297.16 seconds
[runlim] space:			115.6 MB
[runlim] samples:		3166
