[runlim] version:		1.10fixed
[runlim] time limit:		300 seconds
[runlim] real time limit:	311040000 seconds
[runlim] space limit:		4000 MB
[runlim] argv[0]:		./cvc4
[runlim] argv[1]:		--nl-ext-tplanes
[runlim] argv[2]:		--fmf-fun-rlv
[runlim] argv[3]:		/tmp/jOVh6iSY.smt2
[runlim] start:			Tue Feb  5 10:03:16 2019
[runlim] main pid:		29311
[runlim] sample:		9.3 time, 10.2 real, 151.5 MB
[runlim] sample:		18.3 time, 20.2 real, 230.8 MB
[runlim] sample:		28.3 time, 30.2 real, 381.5 MB
[runlim] sample:		38.3 time, 40.2 real, 421.7 MB
[runlim] sample:		48.3 time, 50.2 real, 764.1 MB
[runlim] sample:		58.3 time, 60.2 real, 858.2 MB
[runlim] sample:		68.3 time, 70.2 real, 858.5 MB
[runlim] sample:		78.3 time, 80.2 real, 858.8 MB
[runlim] sample:		88.3 time, 90.2 real, 896.6 MB
[runlim] sample:		98.3 time, 100.2 real, 903.1 MB
[runlim] sample:		108.3 time, 110.2 real, 1286.0 MB
[runlim] sample:		118.3 time, 120.2 real, 1532.5 MB
[runlim] sample:		128.3 time, 130.2 real, 1538.4 MB
[runlim] sample:		138.3 time, 140.2 real, 1538.4 MB
[runlim] sample:		148.3 time, 150.2 real, 1538.4 MB
[runlim] sample:		158.3 time, 160.2 real, 1546.6 MB
[runlim] sample:		168.3 time, 170.2 real, 1546.6 MB
[runlim] sample:		178.3 time, 180.2 real, 1546.6 MB
[runlim] sample:		188.3 time, 190.2 real, 1546.6 MB
[runlim] sample:		198.3 time, 200.2 real, 1546.6 MB
[runlim] sample:		208.3 time, 210.2 real, 1546.6 MB
[runlim] sample:		218.3 time, 220.2 real, 1546.6 MB
[runlim] sample:		228.3 time, 230.2 real, 1546.6 MB
[runlim] sample:		238.3 time, 240.2 real, 1546.6 MB
[runlim] sample:		248.3 time, 250.2 real, 1562.6 MB
[runlim] sample:		258.3 time, 260.2 real, 1571.3 MB
[runlim] sample:		268.3 time, 270.2 real, 1571.3 MB
[runlim] sample:		277.4 time, 280.2 real, 1571.3 MB
[runlim] sample:		287.2 time, 290.2 real, 1571.6 MB
[runlim] sample:		297.2 time, 300.2 real, 1571.6 MB
CVC4 interrupted by SIGTERM.
[runlim] end:			Tue Feb  5 10:08:19 2019
[runlim] status:		out of time
[runlim] result:		2
[runlim] children:		0
[runlim] real:			303.15 seconds
[runlim] time:			300.07 seconds
[runlim] space:			1571.6 MB
[runlim] samples:		3029
