[runlim] version:		1.10fixed
[runlim] time limit:		300 seconds
[runlim] real time limit:	311040000 seconds
[runlim] space limit:		4000 MB
[runlim] argv[0]:		./cvc4
[runlim] argv[1]:		--nl-ext-tplanes
[runlim] argv[2]:		--fmf-fun-rlv
[runlim] argv[3]:		/tmp/YU9t3lil.smt2
[runlim] start:			Tue Feb  5 10:06:58 2019
[runlim] main pid:		27521
/tmp/YU9t3lil.smt2:4.12: No set-logic command was given before this point.
/tmp/YU9t3lil.smt2:4.12: CVC4 will make all theories available.
/tmp/YU9t3lil.smt2:4.12: Consider setting a stricter logic for (likely) better performance.
/tmp/YU9t3lil.smt2:4.12: To suppress this warning in the future use (set-logic ALL).
[runlim] sample:		9.0 time, 10.8 real, 36.0 MB
[runlim] sample:		18.7 time, 20.8 real, 37.8 MB
[runlim] sample:		28.4 time, 30.8 real, 48.9 MB
[runlim] sample:		38.0 time, 40.8 real, 53.7 MB
[runlim] sample:		47.7 time, 50.8 real, 56.8 MB
[runlim] sample:		57.7 time, 60.8 real, 58.6 MB
[runlim] sample:		67.6 time, 70.8 real, 60.4 MB
[runlim] sample:		77.5 time, 80.8 real, 61.4 MB
[runlim] sample:		87.2 time, 90.8 real, 61.9 MB
[runlim] sample:		97.2 time, 100.8 real, 63.1 MB
[runlim] sample:		105.5 time, 110.8 real, 69.3 MB
[runlim] sample:		114.0 time, 120.8 real, 71.1 MB
[runlim] sample:		122.7 time, 130.8 real, 71.4 MB
[runlim] sample:		131.8 time, 140.8 real, 71.6 MB
[runlim] sample:		141.1 time, 150.8 real, 72.6 MB
[runlim] sample:		150.7 time, 160.8 real, 75.4 MB
[runlim] sample:		160.4 time, 170.8 real, 79.5 MB
[runlim] sample:		170.2 time, 180.8 real, 83.4 MB
[runlim] sample:		179.9 time, 190.8 real, 83.9 MB
[runlim] sample:		189.6 time, 200.8 real, 84.2 MB
[runlim] sample:		199.6 time, 210.8 real, 87.2 MB
[runlim] sample:		209.4 time, 220.8 real, 88.0 MB
[runlim] sample:		219.4 time, 230.8 real, 88.2 MB
[runlim] sample:		229.4 time, 240.8 real, 88.5 MB
[runlim] sample:		239.4 time, 250.8 real, 88.7 MB
[runlim] sample:		249.4 time, 260.8 real, 91.5 MB
[runlim] sample:		259.1 time, 270.8 real, 91.8 MB
[runlim] sample:		268.8 time, 280.8 real, 92.0 MB
[runlim] sample:		277.3 time, 290.8 real, 92.0 MB
[runlim] sample:		286.6 time, 300.8 real, 92.5 MB
[runlim] sample:		296.6 time, 310.8 real, 96.9 MB
CVC4 interrupted by SIGTERM.
[runlim] end:			Tue Feb  5 10:12:12 2019
[runlim] status:		out of time
[runlim] result:		2
[runlim] children:		0
[runlim] real:			314.19 seconds
[runlim] time:			300.04 seconds
[runlim] space:			96.9 MB
[runlim] samples:		3134
