[runlim] version:		1.10fixed
[runlim] time limit:		300 seconds
[runlim] real time limit:	311040000 seconds
[runlim] space limit:		4000 MB
[runlim] argv[0]:		./cvc4
[runlim] argv[1]:		--nl-ext-tplanes
[runlim] argv[2]:		--fmf-fun-rlv
[runlim] argv[3]:		/tmp/DmgDCC1w.smt2
[runlim] start:			Tue Feb  5 10:03:04 2019
[runlim] main pid:		28644
[runlim] sample:		8.8 time, 10.2 real, 180.4 MB
[runlim] sample:		18.8 time, 20.2 real, 343.9 MB
[runlim] sample:		28.8 time, 30.2 real, 627.9 MB
[runlim] sample:		38.8 time, 40.2 real, 630.2 MB
[runlim] sample:		48.8 time, 50.2 real, 638.0 MB
[runlim] sample:		58.8 time, 60.2 real, 745.4 MB
[runlim] sample:		68.7 time, 70.2 real, 746.9 MB
[runlim] sample:		77.9 time, 80.2 real, 1010.6 MB
[runlim] sample:		87.3 time, 90.2 real, 1370.2 MB
[runlim] sample:		97.3 time, 100.2 real, 1645.0 MB
[runlim] sample:		106.3 time, 110.2 real, 2037.4 MB
[runlim] sample:		116.3 time, 120.2 real, 2437.7 MB
[runlim] sample:		126.3 time, 130.2 real, 2732.4 MB
[runlim] sample:		136.1 time, 140.2 real, 2846.3 MB
[runlim] sample:		146.1 time, 150.2 real, 2846.3 MB
[runlim] sample:		156.1 time, 160.2 real, 2846.3 MB
[runlim] sample:		164.5 time, 170.2 real, 2846.3 MB
[runlim] sample:		174.3 time, 180.2 real, 2846.3 MB
[runlim] sample:		184.3 time, 190.2 real, 2846.3 MB
[runlim] sample:		194.3 time, 200.2 real, 2846.3 MB
[runlim] sample:		204.3 time, 210.2 real, 2846.3 MB
[runlim] sample:		214.3 time, 220.2 real, 2846.3 MB
[runlim] sample:		223.8 time, 230.2 real, 2846.3 MB
[runlim] sample:		232.0 time, 240.2 real, 2846.3 MB
[runlim] sample:		240.2 time, 250.2 real, 2846.3 MB
[runlim] sample:		249.8 time, 260.2 real, 2846.3 MB
[runlim] sample:		259.8 time, 270.2 real, 2846.3 MB
[runlim] sample:		269.8 time, 280.2 real, 2846.3 MB
[runlim] sample:		279.8 time, 290.2 real, 2846.3 MB
[runlim] sample:		289.8 time, 300.2 real, 2848.4 MB
[runlim] sample:		299.8 time, 310.2 real, 2872.1 MB
CVC4 interrupted by SIGTERM.
[runlim] end:			Tue Feb  5 10:08:14 2019
[runlim] status:		out of time
[runlim] result:		2
[runlim] children:		0
[runlim] real:			310.61 seconds
[runlim] time:			300.20 seconds
[runlim] space:			2872.4 MB
[runlim] samples:		3104
