[runlim] version:		1.10fixed
[runlim] time limit:		300 seconds
[runlim] real time limit:	311040000 seconds
[runlim] space limit:		4000 MB
[runlim] argv[0]:		./cvc4
[runlim] argv[1]:		--nl-ext-tplanes
[runlim] argv[2]:		--fmf-fun-rlv
[runlim] argv[3]:		/tmp/uKwK9BRp.smt2
[runlim] start:			Tue Feb  5 10:03:14 2019
[runlim] main pid:		18449
[runlim] sample:		9.5 time, 10.2 real, 161.9 MB
[runlim] sample:		19.2 time, 20.2 real, 254.2 MB
[runlim] sample:		28.8 time, 30.2 real, 356.1 MB
[runlim] sample:		38.5 time, 40.2 real, 425.4 MB
[runlim] sample:		48.1 time, 50.2 real, 759.0 MB
[runlim] sample:		57.8 time, 60.2 real, 808.0 MB
[runlim] sample:		67.5 time, 70.2 real, 808.5 MB
[runlim] sample:		76.7 time, 80.2 real, 808.8 MB
[runlim] sample:		85.7 time, 90.2 real, 847.4 MB
[runlim] sample:		95.2 time, 100.2 real, 847.7 MB
[runlim] sample:		104.2 time, 110.2 real, 1171.3 MB
[runlim] sample:		113.2 time, 120.2 real, 1423.4 MB
[runlim] sample:		122.4 time, 130.2 real, 1490.5 MB
[runlim] sample:		131.5 time, 140.2 real, 1490.5 MB
[runlim] sample:		140.6 time, 150.2 real, 1490.5 MB
[runlim] sample:		149.7 time, 160.2 real, 1498.0 MB
[runlim] sample:		159.0 time, 170.2 real, 1498.2 MB
[runlim] sample:		168.6 time, 180.2 real, 1498.2 MB
[runlim] sample:		178.3 time, 190.2 real, 1498.2 MB
[runlim] sample:		187.9 time, 200.2 real, 1498.2 MB
[runlim] sample:		196.9 time, 210.2 real, 1498.2 MB
[runlim] sample:		206.0 time, 220.2 real, 1498.2 MB
[runlim] sample:		216.0 time, 230.2 real, 1498.2 MB
[runlim] sample:		226.0 time, 240.2 real, 1498.2 MB
[runlim] sample:		235.4 time, 250.2 real, 1507.8 MB
[runlim] sample:		245.3 time, 260.2 real, 1523.2 MB
[runlim] sample:		255.3 time, 270.2 real, 1523.2 MB
[runlim] sample:		265.2 time, 280.2 real, 1523.2 MB
[runlim] sample:		275.2 time, 290.2 real, 1523.2 MB
[runlim] sample:		285.2 time, 300.2 real, 1523.4 MB
[runlim] sample:		295.2 time, 310.2 real, 1548.7 MB
CVC4 interrupted by SIGTERM.
[runlim] end:			Tue Feb  5 10:08:29 2019
[runlim] status:		out of time
[runlim] result:		2
[runlim] children:		0
[runlim] real:			315.08 seconds
[runlim] time:			300.01 seconds
[runlim] space:			1630.4 MB
[runlim] samples:		3148
