[runlim] version:		1.10fixed
[runlim] time limit:		300 seconds
[runlim] real time limit:	311040000 seconds
[runlim] space limit:		4000 MB
[runlim] argv[0]:		./cvc4
[runlim] argv[1]:		--nl-ext-tplanes
[runlim] argv[2]:		--fmf-fun-rlv
[runlim] argv[3]:		/tmp/9FZaNk8c.smt2
[runlim] start:			Tue Feb  5 10:03:18 2019
[runlim] main pid:		713
[runlim] sample:		8.1 time, 10.7 real, 160.7 MB
[runlim] sample:		16.2 time, 20.7 real, 457.3 MB
[runlim] sample:		25.9 time, 30.7 real, 724.9 MB
[runlim] sample:		35.9 time, 40.7 real, 789.6 MB
[runlim] sample:		45.2 time, 50.7 real, 789.6 MB
[runlim] sample:		53.1 time, 60.7 real, 789.6 MB
[runlim] sample:		61.1 time, 70.7 real, 789.6 MB
[runlim] sample:		69.0 time, 80.7 real, 789.6 MB
[runlim] sample:		77.2 time, 90.7 real, 789.6 MB
[runlim] sample:		87.0 time, 100.7 real, 789.6 MB
[runlim] sample:		97.0 time, 110.7 real, 790.6 MB
[runlim] sample:		107.0 time, 120.7 real, 1104.9 MB
[runlim] sample:		117.0 time, 130.7 real, 1480.6 MB
[runlim] sample:		127.0 time, 140.7 real, 1771.4 MB
[runlim] sample:		136.5 time, 150.7 real, 2350.4 MB
[runlim] sample:		146.5 time, 160.7 real, 2532.3 MB
[runlim] sample:		156.4 time, 170.7 real, 2847.3 MB
[runlim] sample:		166.4 time, 180.7 real, 3160.6 MB
[runlim] sample:		176.4 time, 190.7 real, 3462.2 MB
[runlim] sample:		186.4 time, 200.7 real, 3631.8 MB
[runlim] sample:		196.4 time, 210.7 real, 3631.8 MB
[runlim] sample:		206.4 time, 220.7 real, 3632.1 MB
[runlim] sample:		216.4 time, 230.7 real, 3632.1 MB
[runlim] sample:		226.4 time, 240.7 real, 3632.1 MB
[runlim] sample:		236.0 time, 250.7 real, 3632.1 MB
[runlim] sample:		245.1 time, 260.7 real, 3632.1 MB
[runlim] sample:		254.5 time, 270.7 real, 3632.1 MB
[runlim] sample:		264.5 time, 280.7 real, 3632.1 MB
[runlim] sample:		274.5 time, 290.7 real, 3632.1 MB
[runlim] sample:		284.5 time, 300.7 real, 3632.1 MB
[runlim] sample:		294.5 time, 310.7 real, 3635.7 MB
[runlim] end:			Tue Feb  5 10:08:32 2019
[runlim] status:		signal(9)
[runlim] result:		11
[runlim] children:		0
[runlim] real:			314.29 seconds
[runlim] time:			298.03 seconds
[runlim] space:			3635.7 MB
[runlim] samples:		3135
