[runlim] version:		1.10fixed
[runlim] time limit:		300 seconds
[runlim] real time limit:	311040000 seconds
[runlim] space limit:		4000 MB
[runlim] argv[0]:		./cvc4
[runlim] argv[1]:		--nl-ext-tplanes
[runlim] argv[2]:		--fmf-fun-rlv
[runlim] argv[3]:		/tmp/nqfDJJQg.smt2
[runlim] start:			Tue Jan 29 16:44:59 2019
[runlim] main pid:		1144
[runlim] sample:		9.8 time, 10.2 real, 184.5 MB
[runlim] sample:		19.9 time, 20.2 real, 280.5 MB
[runlim] sample:		29.9 time, 30.2 real, 436.9 MB
[runlim] sample:		39.9 time, 40.2 real, 442.4 MB
[runlim] sample:		49.8 time, 50.2 real, 454.0 MB
[runlim] sample:		59.8 time, 60.2 real, 578.1 MB
[runlim] sample:		69.8 time, 70.2 real, 580.7 MB
[runlim] sample:		79.2 time, 80.2 real, 599.7 MB
[runlim] sample:		88.6 time, 90.2 real, 831.8 MB
[runlim] sample:		96.2 time, 100.2 real, 859.4 MB
[runlim] sample:		105.2 time, 110.2 real, 885.4 MB
[runlim] sample:		115.2 time, 120.2 real, 894.9 MB
[runlim] sample:		124.4 time, 130.2 real, 894.9 MB
[runlim] sample:		134.2 time, 140.2 real, 894.9 MB
[runlim] sample:		144.2 time, 150.2 real, 895.7 MB
[runlim] sample:		154.2 time, 160.2 real, 895.7 MB
[runlim] sample:		162.0 time, 170.2 real, 985.3 MB
[runlim] sample:		170.5 time, 180.2 real, 1152.6 MB
[runlim] sample:		180.5 time, 190.2 real, 1154.2 MB
[runlim] sample:		190.5 time, 200.2 real, 1156.0 MB
[runlim] sample:		200.5 time, 210.2 real, 1157.3 MB
[runlim] sample:		210.5 time, 220.2 real, 1158.6 MB
[runlim] sample:		220.3 time, 230.2 real, 1159.8 MB
[runlim] sample:		229.9 time, 240.2 real, 1160.9 MB
[runlim] sample:		239.6 time, 250.2 real, 1161.9 MB
[runlim] sample:		248.6 time, 260.2 real, 1162.7 MB
[runlim] sample:		258.0 time, 270.2 real, 1163.5 MB
[runlim] sample:		267.3 time, 280.2 real, 1164.2 MB
[runlim] sample:		276.6 time, 290.2 real, 1165.0 MB
[runlim] sample:		285.6 time, 300.2 real, 1165.8 MB
[runlim] sample:		293.3 time, 310.2 real, 1166.3 MB
CVC4 interrupted by SIGTERM.
[runlim] end:			Tue Jan 29 16:50:16 2019
[runlim] status:		out of time
[runlim] result:		2
[runlim] children:		0
[runlim] real:			317.78 seconds
[runlim] time:			300.08 seconds
[runlim] space:			1203.7 MB
[runlim] samples:		3175
