[runlim] version:		1.10fixed
[runlim] time limit:		300 seconds
[runlim] real time limit:	311040000 seconds
[runlim] space limit:		4000 MB
[runlim] argv[0]:		./cvc4
[runlim] argv[1]:		--nl-ext-tplanes
[runlim] argv[2]:		--fmf-fun-rlv
[runlim] argv[3]:		/tmp/DXFS4elx.smt2
[runlim] start:			Tue Jan 29 16:48:11 2019
[runlim] main pid:		19027
[runlim] sample:		9.3 time, 10.7 real, 66.0 MB
[runlim] sample:		18.4 time, 20.7 real, 87.9 MB
[runlim] sample:		27.9 time, 30.7 real, 124.6 MB
[runlim] sample:		37.8 time, 40.7 real, 337.9 MB
[runlim] sample:		47.8 time, 50.7 real, 652.8 MB
[runlim] sample:		57.7 time, 60.7 real, 943.0 MB
[runlim] sample:		65.3 time, 70.7 real, 1177.1 MB
[runlim] sample:		74.7 time, 80.7 real, 1342.2 MB
[runlim] sample:		82.8 time, 90.7 real, 1559.3 MB
[runlim] sample:		92.8 time, 100.7 real, 1691.2 MB
[runlim] sample:		102.2 time, 110.7 real, 1810.8 MB
[runlim] sample:		111.9 time, 120.7 real, 1863.4 MB
[runlim] sample:		121.9 time, 130.7 real, 1908.0 MB
[runlim] sample:		131.9 time, 140.7 real, 1908.2 MB
[runlim] sample:		141.4 time, 150.7 real, 1908.2 MB
[runlim] sample:		151.4 time, 160.7 real, 1908.2 MB
[runlim] sample:		161.4 time, 170.7 real, 1908.5 MB
[runlim] sample:		171.4 time, 180.7 real, 1908.5 MB
[runlim] sample:		181.4 time, 190.7 real, 1908.5 MB
[runlim] sample:		191.4 time, 200.7 real, 1908.5 MB
[runlim] sample:		201.4 time, 210.7 real, 1908.7 MB
[runlim] sample:		210.5 time, 220.7 real, 1908.7 MB
[runlim] sample:		218.1 time, 230.7 real, 1908.7 MB
[runlim] sample:		227.6 time, 240.7 real, 1908.7 MB
[runlim] sample:		237.6 time, 250.7 real, 1909.0 MB
[runlim] sample:		247.6 time, 260.7 real, 1909.0 MB
[runlim] sample:		257.6 time, 270.7 real, 1909.0 MB
[runlim] sample:		267.6 time, 280.7 real, 1909.0 MB
[runlim] sample:		277.6 time, 290.7 real, 1909.3 MB
[runlim] sample:		287.6 time, 300.7 real, 1909.3 MB
[runlim] sample:		297.6 time, 310.7 real, 1909.3 MB
CVC4 interrupted by SIGTERM.
[runlim] end:			Tue Jan 29 16:53:24 2019
[runlim] status:		out of time
[runlim] result:		2
[runlim] children:		0
[runlim] real:			313.29 seconds
[runlim] time:			300.20 seconds
[runlim] space:			1909.3 MB
[runlim] samples:		3126
