[runlim] version:		1.10fixed
[runlim] time limit:		300 seconds
[runlim] real time limit:	311040000 seconds
[runlim] space limit:		4000 MB
[runlim] argv[0]:		./cvc4
[runlim] argv[1]:		--nl-ext-tplanes
[runlim] argv[2]:		--fmf-fun-rlv
[runlim] argv[3]:		/tmp/0u7ZO80V.smt2
[runlim] start:			Tue Feb  5 10:08:15 2019
[runlim] main pid:		6290
[runlim] sample:		8.5 time, 10.6 real, 48.6 MB
[runlim] sample:		18.5 time, 20.6 real, 55.8 MB
[runlim] sample:		28.5 time, 30.6 real, 71.3 MB
[runlim] sample:		38.5 time, 40.6 real, 208.5 MB
[runlim] sample:		48.5 time, 50.6 real, 511.5 MB
[runlim] sample:		58.5 time, 60.6 real, 801.8 MB
[runlim] sample:		68.5 time, 70.6 real, 1049.2 MB
[runlim] sample:		78.5 time, 80.6 real, 1212.9 MB
[runlim] sample:		88.1 time, 90.6 real, 1267.5 MB
[runlim] sample:		97.8 time, 100.6 real, 1267.5 MB
[runlim] sample:		107.4 time, 110.6 real, 1267.8 MB
[runlim] sample:		116.4 time, 120.6 real, 1267.8 MB
[runlim] sample:		126.1 time, 130.6 real, 1267.8 MB
[runlim] sample:		135.5 time, 140.6 real, 1268.0 MB
[runlim] sample:		143.1 time, 150.6 real, 1268.0 MB
[runlim] sample:		151.1 time, 160.6 real, 1268.0 MB
[runlim] sample:		160.7 time, 170.6 real, 1268.0 MB
[runlim] sample:		170.7 time, 180.6 real, 1268.0 MB
[runlim] sample:		180.7 time, 190.6 real, 1268.0 MB
[runlim] sample:		190.7 time, 200.6 real, 1268.3 MB
[runlim] sample:		200.7 time, 210.6 real, 1268.3 MB
[runlim] sample:		210.7 time, 220.6 real, 1268.3 MB
[runlim] sample:		220.0 time, 230.6 real, 1268.6 MB
[runlim] sample:		230.0 time, 240.6 real, 1268.6 MB
[runlim] sample:		240.0 time, 250.6 real, 1268.8 MB
[runlim] sample:		250.0 time, 260.6 real, 1268.8 MB
[runlim] sample:		259.8 time, 270.6 real, 1268.8 MB
[runlim] sample:		269.8 time, 280.6 real, 1269.1 MB
[runlim] sample:		279.7 time, 290.6 real, 1269.1 MB
[runlim] sample:		289.7 time, 300.6 real, 1269.1 MB
[runlim] sample:		299.7 time, 310.6 real, 1269.3 MB
CVC4 interrupted by SIGTERM.
[runlim] end:			Tue Feb  5 10:13:26 2019
[runlim] status:		out of time
[runlim] result:		2
[runlim] children:		0
[runlim] real:			311.07 seconds
[runlim] time:			300.09 seconds
[runlim] space:			1269.3 MB
[runlim] samples:		3104
