[runlim] version:		1.10fixed
[runlim] time limit:		300 seconds
[runlim] real time limit:	311040000 seconds
[runlim] space limit:		4000 MB
[runlim] argv[0]:		./cvc4
[runlim] argv[1]:		--nl-ext-tplanes
[runlim] argv[2]:		--fmf-fun-rlv
[runlim] argv[3]:		/tmp/oVir8ou5.smt2
[runlim] start:			Tue Feb  5 13:11:31 2019
[runlim] main pid:		19911
/tmp/oVir8ou5.smt2:4.12: No set-logic command was given before this point.
/tmp/oVir8ou5.smt2:4.12: CVC4 will make all theories available.
/tmp/oVir8ou5.smt2:4.12: Consider setting a stricter logic for (likely) better performance.
/tmp/oVir8ou5.smt2:4.12: To suppress this warning in the future use (set-logic ALL).
[runlim] sample:		9.4 time, 10.2 real, 38.8 MB
[runlim] sample:		17.6 time, 20.2 real, 43.4 MB
[runlim] sample:		25.9 time, 30.2 real, 53.7 MB
[runlim] sample:		34.5 time, 40.2 real, 56.3 MB
[runlim] sample:		43.3 time, 50.2 real, 60.4 MB
[runlim] sample:		53.1 time, 60.2 real, 63.5 MB
[runlim] sample:		63.1 time, 70.2 real, 64.6 MB
[runlim] sample:		73.1 time, 80.2 real, 66.7 MB
[runlim] sample:		83.1 time, 90.2 real, 70.1 MB
[runlim] sample:		91.4 time, 100.2 real, 73.4 MB
[runlim] sample:		99.7 time, 110.2 real, 73.7 MB
[runlim] sample:		108.1 time, 120.2 real, 74.9 MB
[runlim] sample:		117.6 time, 130.2 real, 76.2 MB
[runlim] sample:		127.3 time, 140.2 real, 76.7 MB
[runlim] sample:		136.6 time, 150.2 real, 79.3 MB
[runlim] sample:		146.2 time, 160.2 real, 79.5 MB
[runlim] sample:		155.9 time, 170.2 real, 82.4 MB
[runlim] sample:		165.6 time, 180.2 real, 82.9 MB
[runlim] sample:		175.2 time, 190.2 real, 83.1 MB
[runlim] sample:		184.9 time, 200.2 real, 83.9 MB
[runlim] sample:		194.7 time, 210.2 real, 85.4 MB
[runlim] sample:		204.3 time, 220.2 real, 86.7 MB
[runlim] sample:		214.1 time, 230.2 real, 89.7 MB
[runlim] sample:		223.8 time, 240.2 real, 90.0 MB
[runlim] sample:		233.4 time, 250.2 real, 90.2 MB
[runlim] sample:		243.2 time, 260.2 real, 90.5 MB
[runlim] sample:		252.8 time, 270.2 real, 91.0 MB
[runlim] sample:		262.5 time, 280.2 real, 91.5 MB
[runlim] sample:		272.2 time, 290.2 real, 91.7 MB
[runlim] sample:		281.9 time, 300.2 real, 92.2 MB
[runlim] sample:		290.4 time, 310.2 real, 92.7 MB
[runlim] end:			Tue Feb  5 13:16:45 2019
[runlim] status:		signal(9)
[runlim] result:		11
[runlim] children:		0
[runlim] real:			314.96 seconds
[runlim] time:			294.95 seconds
[runlim] space:			93.0 MB
[runlim] samples:		3147
