[runlim] version:		1.10fixed
[runlim] time limit:		300 seconds
[runlim] real time limit:	311040000 seconds
[runlim] space limit:		4000 MB
[runlim] argv[0]:		./cvc4
[runlim] argv[1]:		--nl-ext-tplanes
[runlim] argv[2]:		--fmf-fun-rlv
[runlim] argv[3]:		/tmp/AjWgSa6D.smt2
[runlim] start:			Tue Jan 29 16:45:52 2019
[runlim] main pid:		23997
[runlim] sample:		7.5 time, 10.1 real, 123.7 MB
[runlim] sample:		17.5 time, 20.1 real, 259.8 MB
[runlim] sample:		25.3 time, 30.1 real, 411.1 MB
[runlim] sample:		33.7 time, 40.1 real, 427.4 MB
[runlim] sample:		43.7 time, 50.1 real, 430.2 MB
[runlim] sample:		53.6 time, 60.1 real, 559.8 MB
[runlim] sample:		62.4 time, 70.1 real, 563.2 MB
[runlim] sample:		71.4 time, 80.1 real, 565.2 MB
[runlim] sample:		81.4 time, 90.1 real, 714.5 MB
[runlim] sample:		91.4 time, 100.1 real, 842.6 MB
[runlim] sample:		100.9 time, 110.1 real, 869.1 MB
[runlim] sample:		109.5 time, 120.1 real, 877.6 MB
[runlim] sample:		118.2 time, 130.1 real, 877.6 MB
[runlim] sample:		126.9 time, 140.1 real, 877.6 MB
[runlim] sample:		135.5 time, 150.1 real, 878.2 MB
[runlim] sample:		144.7 time, 160.1 real, 878.2 MB
[runlim] sample:		154.4 time, 170.1 real, 947.7 MB
[runlim] sample:		164.2 time, 180.1 real, 1130.4 MB
[runlim] sample:		172.2 time, 190.1 real, 1131.7 MB
[runlim] sample:		180.0 time, 200.1 real, 1132.9 MB
[runlim] sample:		189.7 time, 210.1 real, 1134.5 MB
[runlim] sample:		199.5 time, 220.1 real, 1135.8 MB
[runlim] sample:		207.5 time, 230.1 real, 1136.8 MB
[runlim] sample:		215.3 time, 240.1 real, 1137.6 MB
[runlim] sample:		225.2 time, 250.1 real, 1138.9 MB
[runlim] sample:		235.2 time, 260.1 real, 1139.9 MB
[runlim] sample:		245.2 time, 270.1 real, 1140.7 MB
[runlim] sample:		255.2 time, 280.1 real, 1141.7 MB
[runlim] sample:		265.2 time, 290.1 real, 1142.5 MB
[runlim] sample:		275.2 time, 300.1 real, 1143.5 MB
[runlim] sample:		285.2 time, 310.1 real, 1170.3 MB
[runlim] sample:		295.2 time, 320.1 real, 1400.6 MB
[runlim] end:			Tue Jan 29 16:51:12 2019
[runlim] status:		signal(9)
[runlim] result:		11
[runlim] children:		0
[runlim] real:			320.54 seconds
[runlim] time:			295.63 seconds
[runlim] space:			1409.6 MB
[runlim] samples:		3204
