[runlim] version:		1.10fixed
[runlim] time limit:		300 seconds
[runlim] real time limit:	311040000 seconds
[runlim] space limit:		4000 MB
[runlim] argv[0]:		./cvc4
[runlim] argv[1]:		--nl-ext-tplanes
[runlim] argv[2]:		--fmf-fun-rlv
[runlim] argv[3]:		/tmp/JhGVgata.smt2
[runlim] start:			Tue Feb  5 13:11:39 2019
[runlim] main pid:		9111
[runlim] sample:		9.6 time, 10.4 real, 40.6 MB
[runlim] sample:		19.4 time, 20.4 real, 48.6 MB
[runlim] sample:		29.4 time, 30.4 real, 58.0 MB
[runlim] sample:		39.4 time, 40.4 real, 62.9 MB
[runlim] sample:		49.4 time, 50.4 real, 67.5 MB
[runlim] sample:		59.4 time, 60.4 real, 71.1 MB
[runlim] sample:		69.4 time, 70.4 real, 74.7 MB
[runlim] sample:		79.4 time, 80.4 real, 77.8 MB
[runlim] sample:		89.4 time, 90.4 real, 80.6 MB
[runlim] sample:		99.4 time, 100.4 real, 83.5 MB
[runlim] sample:		109.4 time, 110.4 real, 88.0 MB
[runlim] sample:		119.4 time, 120.4 real, 94.5 MB
[runlim] sample:		129.4 time, 130.4 real, 96.5 MB
[runlim] sample:		139.4 time, 140.4 real, 98.6 MB
[runlim] sample:		149.4 time, 150.4 real, 100.6 MB
[runlim] sample:		159.4 time, 160.4 real, 102.4 MB
[runlim] sample:		169.4 time, 170.4 real, 104.8 MB
[runlim] sample:		179.4 time, 180.4 real, 107.1 MB
[runlim] sample:		189.4 time, 190.4 real, 108.6 MB
[runlim] sample:		199.4 time, 200.4 real, 110.7 MB
[runlim] sample:		209.4 time, 210.4 real, 112.2 MB
[runlim] sample:		219.4 time, 220.4 real, 114.0 MB
[runlim] sample:		229.4 time, 230.4 real, 115.6 MB
[runlim] sample:		239.4 time, 240.4 real, 116.9 MB
[runlim] sample:		249.4 time, 250.4 real, 118.4 MB
[runlim] sample:		259.4 time, 260.4 real, 119.7 MB
[runlim] sample:		269.4 time, 270.4 real, 120.7 MB
[runlim] sample:		279.4 time, 280.4 real, 122.3 MB
[runlim] sample:		289.4 time, 290.4 real, 124.1 MB
[runlim] sample:		299.4 time, 300.4 real, 125.1 MB
CVC4 interrupted by SIGTERM.
[runlim] end:			Tue Feb  5 13:16:40 2019
[runlim] status:		out of time
[runlim] result:		2
[runlim] children:		0
[runlim] real:			301.11 seconds
[runlim] time:			300.10 seconds
[runlim] space:			125.4 MB
[runlim] samples:		3007
