[runlim] version:		1.10fixed
[runlim] time limit:		300 seconds
[runlim] real time limit:	311040000 seconds
[runlim] space limit:		4000 MB
[runlim] argv[0]:		./cvc4
[runlim] argv[1]:		--nl-ext-tplanes
[runlim] argv[2]:		--fmf-fun-rlv
[runlim] argv[3]:		/tmp/nDqe4Q0A.smt2
[runlim] start:			Tue Feb  5 10:08:03 2019
[runlim] main pid:		29158
[runlim] sample:		7.6 time, 10.7 real, 56.4 MB
[runlim] sample:		17.3 time, 20.7 real, 63.4 MB
[runlim] sample:		27.3 time, 30.7 real, 77.9 MB
[runlim] sample:		37.3 time, 40.7 real, 104.5 MB
[runlim] sample:		47.3 time, 50.7 real, 139.1 MB
[runlim] sample:		57.3 time, 60.7 real, 179.8 MB
[runlim] sample:		67.3 time, 70.7 real, 258.6 MB
[runlim] sample:		77.3 time, 80.7 real, 561.9 MB
[runlim] sample:		87.3 time, 90.7 real, 835.3 MB
[runlim] sample:		97.3 time, 100.7 real, 1118.1 MB
[runlim] sample:		107.3 time, 110.7 real, 1388.9 MB
[runlim] sample:		117.3 time, 120.7 real, 1766.5 MB
[runlim] sample:		127.3 time, 130.7 real, 1949.6 MB
[runlim] sample:		137.3 time, 140.7 real, 2246.8 MB
[runlim] sample:		147.3 time, 150.7 real, 2520.4 MB
[runlim] sample:		157.3 time, 160.7 real, 2954.8 MB
[runlim] sample:		167.3 time, 170.7 real, 3069.8 MB
[runlim] sample:		177.1 time, 180.7 real, 3272.2 MB
[runlim] sample:		186.8 time, 190.7 real, 3547.8 MB
[runlim] sample:		196.4 time, 200.7 real, 3854.1 MB
CVC4 interrupted by SIGTERM.
[runlim] end:			Tue Feb  5 10:11:29 2019
[runlim] status:		out of memory
[runlim] result:		3
[runlim] children:		0
[runlim] real:			206.52 seconds
[runlim] time:			201.97 seconds
[runlim] space:			4000.8 MB
[runlim] samples:		2057
