[runlim] version:		1.10fixed
[runlim] time limit:		300 seconds
[runlim] real time limit:	311040000 seconds
[runlim] space limit:		4000 MB
[runlim] argv[0]:		./cvc4
[runlim] argv[1]:		--nl-ext-tplanes
[runlim] argv[2]:		--fmf-fun-rlv
[runlim] argv[3]:		/tmp/pWxasafE.smt2
[runlim] start:			Tue Feb  5 10:03:05 2019
[runlim] main pid:		7307
[runlim] sample:		9.2 time, 10.0 real, 96.8 MB
[runlim] sample:		18.1 time, 20.0 real, 369.9 MB
[runlim] sample:		26.5 time, 30.0 real, 408.6 MB
[runlim] sample:		35.2 time, 40.0 real, 508.1 MB
[runlim] sample:		43.1 time, 50.0 real, 511.4 MB
[runlim] sample:		52.2 time, 60.0 real, 562.0 MB
[runlim] sample:		60.8 time, 70.0 real, 856.4 MB
[runlim] sample:		70.5 time, 80.0 real, 1212.9 MB
[runlim] sample:		80.4 time, 90.0 real, 1529.2 MB
[runlim] sample:		90.3 time, 100.0 real, 1799.2 MB
[runlim] sample:		100.3 time, 110.0 real, 1813.6 MB
[runlim] sample:		110.2 time, 120.0 real, 1815.4 MB
[runlim] sample:		119.8 time, 130.0 real, 1815.4 MB
[runlim] sample:		129.5 time, 140.0 real, 1816.7 MB
[runlim] sample:		139.3 time, 150.0 real, 1818.2 MB
[runlim] sample:		149.3 time, 160.0 real, 1818.2 MB
[runlim] sample:		159.3 time, 170.0 real, 1865.9 MB
[runlim] sample:		169.3 time, 180.0 real, 1950.3 MB
[runlim] sample:		179.3 time, 190.0 real, 1957.5 MB
[runlim] sample:		189.3 time, 200.0 real, 1994.9 MB
[runlim] sample:		199.3 time, 210.0 real, 2010.7 MB
[runlim] sample:		208.0 time, 220.0 real, 2020.7 MB
[runlim] sample:		217.6 time, 230.0 real, 2020.7 MB
[runlim] sample:		227.6 time, 240.0 real, 2020.7 MB
[runlim] sample:		237.6 time, 250.0 real, 2020.7 MB
[runlim] sample:		247.6 time, 260.0 real, 2020.7 MB
[runlim] sample:		257.6 time, 270.0 real, 2020.7 MB
[runlim] sample:		267.2 time, 280.0 real, 2020.7 MB
[runlim] sample:		276.5 time, 290.0 real, 2020.7 MB
[runlim] sample:		286.5 time, 300.0 real, 2020.7 MB
[runlim] sample:		296.5 time, 310.0 real, 2020.7 MB
CVC4 interrupted by SIGTERM.
[runlim] end:			Tue Feb  5 10:08:18 2019
[runlim] status:		out of time
[runlim] result:		2
[runlim] children:		0
[runlim] real:			313.72 seconds
[runlim] time:			300.08 seconds
[runlim] space:			2020.7 MB
[runlim] samples:		3136
