[runlim] version:		1.10fixed
[runlim] time limit:		300 seconds
[runlim] real time limit:	311040000 seconds
[runlim] space limit:		4000 MB
[runlim] argv[0]:		./cvc4
[runlim] argv[1]:		--nl-ext-tplanes
[runlim] argv[2]:		--fmf-fun-rlv
[runlim] argv[3]:		/tmp/Z8XZeVIv.smt2
[runlim] start:			Tue Jan 29 16:45:17 2019
[runlim] main pid:		14546
[runlim] sample:		9.6 time, 10.3 real, 98.2 MB
[runlim] sample:		19.3 time, 20.3 real, 132.0 MB
[runlim] sample:		29.0 time, 30.3 real, 157.7 MB
[runlim] sample:		39.0 time, 40.3 real, 175.0 MB
[runlim] sample:		49.0 time, 50.3 real, 191.7 MB
[runlim] sample:		59.0 time, 60.3 real, 203.6 MB
[runlim] sample:		69.0 time, 70.3 real, 215.9 MB
[runlim] sample:		79.0 time, 80.3 real, 233.3 MB
[runlim] sample:		89.0 time, 90.3 real, 255.0 MB
[runlim] sample:		99.0 time, 100.3 real, 264.2 MB
[runlim] sample:		109.0 time, 110.3 real, 273.8 MB
[runlim] sample:		119.0 time, 120.3 real, 288.2 MB
[runlim] sample:		129.0 time, 130.3 real, 296.7 MB
[runlim] sample:		139.0 time, 140.3 real, 303.9 MB
[runlim] sample:		148.5 time, 150.3 real, 311.9 MB
[runlim] sample:		157.8 time, 160.3 real, 317.1 MB
[runlim] sample:		167.4 time, 170.3 real, 322.2 MB
[runlim] sample:		176.2 time, 180.3 real, 327.9 MB
[runlim] sample:		186.2 time, 190.3 real, 335.6 MB
[runlim] sample:		196.2 time, 200.3 real, 345.4 MB
[runlim] sample:		206.2 time, 210.3 real, 348.5 MB
[runlim] sample:		215.4 time, 220.3 real, 353.1 MB
[runlim] sample:		224.0 time, 230.3 real, 362.9 MB
[runlim] sample:		233.2 time, 240.3 real, 362.9 MB
[runlim] sample:		241.8 time, 250.3 real, 371.2 MB
[runlim] sample:		250.2 time, 260.3 real, 375.0 MB
[runlim] sample:		259.3 time, 270.3 real, 381.5 MB
[runlim] sample:		267.9 time, 280.3 real, 384.8 MB
[runlim] sample:		276.4 time, 290.3 real, 398.7 MB
[runlim] sample:		284.6 time, 300.3 real, 398.7 MB
[runlim] sample:		293.8 time, 310.3 real, 409.3 MB
CVC4 interrupted by SIGTERM.
[runlim] end:			Tue Jan 29 16:50:34 2019
[runlim] status:		out of time
[runlim] result:		2
[runlim] children:		0
[runlim] real:			317.09 seconds
[runlim] time:			300.10 seconds
[runlim] space:			409.3 MB
[runlim] samples:		3168
