[runlim] version:		1.10fixed
[runlim] time limit:		300 seconds
[runlim] real time limit:	311040000 seconds
[runlim] space limit:		4000 MB
[runlim] argv[0]:		./cvc4
[runlim] argv[1]:		--nl-ext-tplanes
[runlim] argv[2]:		--fmf-fun-rlv
[runlim] argv[3]:		/tmp/vvXKYw5h.smt2
[runlim] start:			Tue Feb  5 10:07:49 2019
[runlim] main pid:		18490
/tmp/vvXKYw5h.smt2:4.12: No set-logic command was given before this point.
/tmp/vvXKYw5h.smt2:4.12: CVC4 will make all theories available.
/tmp/vvXKYw5h.smt2:4.12: Consider setting a stricter logic for (likely) better performance.
/tmp/vvXKYw5h.smt2:4.12: To suppress this warning in the future use (set-logic ALL).
[runlim] sample:		9.2 time, 10.1 real, 37.8 MB
[runlim] sample:		19.2 time, 20.1 real, 42.9 MB
[runlim] sample:		29.2 time, 30.1 real, 51.4 MB
[runlim] sample:		39.2 time, 40.1 real, 57.0 MB
[runlim] sample:		49.2 time, 50.1 real, 61.9 MB
[runlim] sample:		59.2 time, 60.1 real, 64.5 MB
[runlim] sample:		69.2 time, 70.1 real, 68.8 MB
[runlim] sample:		79.2 time, 80.1 real, 70.4 MB
[runlim] sample:		89.2 time, 90.1 real, 74.7 MB
[runlim] sample:		99.2 time, 100.1 real, 76.5 MB
[runlim] sample:		109.2 time, 110.1 real, 77.0 MB
[runlim] sample:		119.1 time, 120.1 real, 80.0 MB
[runlim] sample:		129.1 time, 130.1 real, 81.6 MB
[runlim] sample:		139.1 time, 140.1 real, 83.1 MB
[runlim] sample:		149.1 time, 150.1 real, 86.2 MB
[runlim] sample:		159.1 time, 160.1 real, 86.7 MB
[runlim] sample:		169.1 time, 170.1 real, 87.2 MB
[runlim] sample:		179.1 time, 180.1 real, 87.7 MB
[runlim] sample:		189.1 time, 190.1 real, 88.2 MB
[runlim] sample:		199.1 time, 200.1 real, 90.2 MB
[runlim] sample:		209.1 time, 210.1 real, 91.5 MB
[runlim] sample:		219.1 time, 220.1 real, 93.3 MB
[runlim] sample:		229.1 time, 230.1 real, 97.9 MB
[runlim] sample:		239.1 time, 240.1 real, 99.6 MB
[runlim] sample:		249.1 time, 250.1 real, 100.1 MB
[runlim] sample:		259.1 time, 260.1 real, 100.4 MB
[runlim] sample:		269.1 time, 270.1 real, 101.1 MB
[runlim] sample:		279.1 time, 280.1 real, 102.1 MB
[runlim] sample:		289.1 time, 290.1 real, 103.6 MB
[runlim] sample:		299.1 time, 300.1 real, 104.4 MB
CVC4 interrupted by SIGTERM.
[runlim] end:			Tue Feb  5 10:12:50 2019
[runlim] status:		out of time
[runlim] result:		2
[runlim] children:		0
[runlim] real:			301.16 seconds
[runlim] time:			300.08 seconds
[runlim] space:			105.1 MB
[runlim] samples:		3010
