[runlim] version:		1.10fixed
[runlim] time limit:		300 seconds
[runlim] real time limit:	311040000 seconds
[runlim] space limit:		4000 MB
[runlim] argv[0]:		./cvc4
[runlim] argv[1]:		--nl-ext-tplanes
[runlim] argv[2]:		--fmf-fun-rlv
[runlim] argv[3]:		/tmp/iElKn9rE.smt2
[runlim] start:			Tue Jan 29 16:45:25 2019
[runlim] main pid:		12292
[runlim] sample:		7.9 time, 10.2 real, 41.4 MB
[runlim] sample:		17.2 time, 20.2 real, 47.0 MB
[runlim] sample:		27.2 time, 30.2 real, 48.0 MB
[runlim] sample:		37.2 time, 40.2 real, 48.2 MB
[runlim] sample:		47.2 time, 50.2 real, 48.5 MB
[runlim] sample:		57.2 time, 60.2 real, 48.7 MB
[runlim] sample:		67.0 time, 70.2 real, 48.7 MB
[runlim] sample:		76.6 time, 80.2 real, 49.2 MB
[runlim] sample:		86.3 time, 90.2 real, 49.4 MB
[runlim] sample:		96.0 time, 100.2 real, 49.7 MB
[runlim] sample:		105.6 time, 110.2 real, 49.9 MB
[runlim] sample:		115.4 time, 120.2 real, 50.1 MB
[runlim] sample:		125.4 time, 130.2 real, 52.2 MB
[runlim] sample:		135.4 time, 140.2 real, 54.0 MB
[runlim] sample:		145.4 time, 150.2 real, 56.8 MB
[runlim] sample:		155.4 time, 160.2 real, 58.3 MB
[runlim] sample:		165.4 time, 170.2 real, 62.9 MB
[runlim] sample:		175.4 time, 180.2 real, 63.4 MB
[runlim] sample:		185.4 time, 190.2 real, 66.5 MB
[runlim] sample:		195.4 time, 200.2 real, 69.9 MB
[runlim] sample:		205.4 time, 210.2 real, 71.9 MB
[runlim] sample:		215.4 time, 220.2 real, 79.0 MB
[runlim] sample:		225.4 time, 230.2 real, 83.4 MB
[runlim] sample:		235.4 time, 240.2 real, 83.4 MB
[runlim] sample:		245.4 time, 250.2 real, 83.4 MB
[runlim] sample:		255.4 time, 260.2 real, 83.4 MB
[runlim] sample:		265.4 time, 270.2 real, 83.4 MB
[runlim] sample:		275.4 time, 280.2 real, 83.4 MB
[runlim] sample:		285.4 time, 290.2 real, 83.7 MB
[runlim] sample:		295.4 time, 300.2 real, 85.9 MB
CVC4 interrupted by SIGTERM.
[runlim] end:			Tue Jan 29 16:50:29 2019
[runlim] status:		out of time
[runlim] result:		2
[runlim] children:		0
[runlim] real:			304.96 seconds
[runlim] time:			300.10 seconds
[runlim] space:			86.1 MB
[runlim] samples:		3047
