[runlim] version:		1.10fixed
[runlim] time limit:		300 seconds
[runlim] real time limit:	311040000 seconds
[runlim] space limit:		4000 MB
[runlim] argv[0]:		./cvc4
[runlim] argv[1]:		--nl-ext-tplanes
[runlim] argv[2]:		--fmf-fun-rlv
[runlim] argv[3]:		/tmp/v7u9wJxE.smt2
[runlim] start:			Tue Feb  5 10:03:10 2019
[runlim] main pid:		18720
[runlim] sample:		9.3 time, 10.6 real, 118.0 MB
[runlim] sample:		19.3 time, 20.6 real, 360.6 MB
[runlim] sample:		29.3 time, 30.6 real, 406.6 MB
[runlim] sample:		39.1 time, 40.6 real, 747.2 MB
[runlim] sample:		48.8 time, 50.6 real, 1117.5 MB
[runlim] sample:		58.5 time, 60.6 real, 1337.4 MB
[runlim] sample:		68.2 time, 70.6 real, 1341.8 MB
[runlim] sample:		77.9 time, 80.6 real, 1341.8 MB
[runlim] sample:		87.6 time, 90.6 real, 1343.3 MB
[runlim] sample:		97.3 time, 100.6 real, 1344.3 MB
[runlim] sample:		107.0 time, 110.6 real, 1367.8 MB
[runlim] sample:		116.7 time, 120.6 real, 1446.1 MB
[runlim] sample:		126.4 time, 130.6 real, 1492.4 MB
[runlim] sample:		136.1 time, 140.6 real, 1497.1 MB
[runlim] sample:		145.8 time, 150.6 real, 1497.1 MB
[runlim] sample:		155.5 time, 160.6 real, 1497.1 MB
[runlim] sample:		165.2 time, 170.6 real, 1497.1 MB
[runlim] sample:		174.9 time, 180.6 real, 1497.1 MB
[runlim] sample:		184.6 time, 190.6 real, 1497.1 MB
[runlim] sample:		193.9 time, 200.6 real, 1497.1 MB
[runlim] sample:		203.6 time, 210.6 real, 1497.1 MB
[runlim] sample:		213.2 time, 220.6 real, 1497.1 MB
[runlim] sample:		223.0 time, 230.6 real, 1497.1 MB
[runlim] sample:		232.4 time, 240.6 real, 1497.6 MB
[runlim] sample:		241.1 time, 250.6 real, 1677.6 MB
[runlim] sample:		250.3 time, 260.6 real, 1928.7 MB
[runlim] sample:		259.7 time, 270.6 real, 2345.1 MB
[runlim] sample:		269.5 time, 280.6 real, 2643.4 MB
[runlim] sample:		278.7 time, 290.6 real, 2924.4 MB
[runlim] sample:		288.4 time, 300.6 real, 3176.0 MB
[runlim] sample:		298.4 time, 310.6 real, 3480.0 MB
CVC4 interrupted by SIGTERM.
[runlim] end:			Tue Feb  5 10:08:22 2019
[runlim] status:		out of time
[runlim] result:		2
[runlim] children:		0
[runlim] real:			312.55 seconds
[runlim] time:			300.31 seconds
[runlim] space:			3536.4 MB
[runlim] samples:		3119
