[runlim] version:		1.10fixed
[runlim] time limit:		300 seconds
[runlim] real time limit:	311040000 seconds
[runlim] space limit:		4000 MB
[runlim] argv[0]:		./cvc4
[runlim] argv[1]:		--nl-ext-tplanes
[runlim] argv[2]:		--fmf-fun-rlv
[runlim] argv[3]:		/tmp/G3BLZcCF.smt2
[runlim] start:			Tue Feb  5 10:08:05 2019
[runlim] main pid:		30390
[runlim] sample:		9.0 time, 10.2 real, 46.7 MB
[runlim] sample:		17.4 time, 20.2 real, 174.0 MB
[runlim] sample:		26.9 time, 30.2 real, 470.2 MB
[runlim] sample:		35.6 time, 40.2 real, 629.4 MB
[runlim] sample:		44.4 time, 50.2 real, 687.2 MB
[runlim] sample:		54.4 time, 60.2 real, 687.2 MB
[runlim] sample:		64.2 time, 70.2 real, 687.4 MB
[runlim] sample:		74.1 time, 80.2 real, 687.7 MB
[runlim] sample:		84.1 time, 90.2 real, 687.7 MB
[runlim] sample:		94.1 time, 100.2 real, 687.9 MB
[runlim] sample:		101.5 time, 110.2 real, 688.2 MB
[runlim] sample:		110.8 time, 120.2 real, 688.2 MB
[runlim] sample:		120.8 time, 130.2 real, 688.5 MB
[runlim] sample:		130.1 time, 140.2 real, 688.7 MB
[runlim] sample:		139.3 time, 150.2 real, 688.7 MB
[runlim] sample:		146.7 time, 160.2 real, 689.0 MB
[runlim] sample:		154.2 time, 170.2 real, 689.0 MB
[runlim] sample:		161.7 time, 180.2 real, 689.0 MB
[runlim] sample:		169.9 time, 190.2 real, 689.0 MB
[runlim] sample:		177.4 time, 200.2 real, 689.2 MB
[runlim] sample:		185.8 time, 210.2 real, 689.5 MB
[runlim] sample:		195.8 time, 220.2 real, 689.5 MB
[runlim] sample:		205.3 time, 230.2 real, 689.7 MB
[runlim] sample:		213.8 time, 240.2 real, 689.7 MB
[runlim] sample:		222.5 time, 250.2 real, 690.0 MB
[runlim] sample:		231.1 time, 260.2 real, 690.3 MB
[runlim] sample:		239.8 time, 270.2 real, 690.3 MB
[runlim] sample:		248.4 time, 280.2 real, 690.5 MB
[runlim] sample:		257.1 time, 290.2 real, 691.0 MB
[runlim] sample:		266.3 time, 300.2 real, 691.3 MB
[runlim] sample:		276.3 time, 310.2 real, 691.5 MB
[runlim] sample:		286.2 time, 320.2 real, 691.5 MB
[runlim] end:			Tue Feb  5 10:13:28 2019
[runlim] status:		signal(9)
[runlim] result:		11
[runlim] children:		0
[runlim] real:			323.01 seconds
[runlim] time:			288.60 seconds
[runlim] space:			691.8 MB
[runlim] samples:		3228
