[runlim] version:		1.10fixed
[runlim] time limit:		300 seconds
[runlim] real time limit:	311040000 seconds
[runlim] space limit:		4000 MB
[runlim] argv[0]:		./cvc4
[runlim] argv[1]:		--nl-ext-tplanes
[runlim] argv[2]:		--fmf-fun-rlv
[runlim] argv[3]:		/tmp/YIkI5HhH.smt2
[runlim] start:			Tue Feb  5 13:09:28 2019
[runlim] main pid:		2625
[runlim] sample:		7.7 time, 10.2 real, 91.4 MB
[runlim] sample:		16.0 time, 20.2 real, 249.2 MB
[runlim] sample:		24.4 time, 30.2 real, 424.1 MB
[runlim] sample:		33.1 time, 40.2 real, 520.6 MB
[runlim] sample:		43.1 time, 50.2 real, 526.2 MB
[runlim] sample:		53.1 time, 60.2 real, 794.0 MB
[runlim] sample:		62.8 time, 70.2 real, 1167.9 MB
[runlim] sample:		70.6 time, 80.2 real, 1427.3 MB
[runlim] sample:		79.6 time, 90.2 real, 1699.6 MB
[runlim] sample:		89.2 time, 100.2 real, 1837.5 MB
[runlim] sample:		98.0 time, 110.2 real, 1839.0 MB
[runlim] sample:		107.7 time, 120.2 real, 1839.0 MB
[runlim] sample:		117.3 time, 130.2 real, 1840.3 MB
[runlim] sample:		126.0 time, 140.2 real, 1840.3 MB
[runlim] sample:		134.3 time, 150.2 real, 1841.1 MB
[runlim] sample:		142.6 time, 160.2 real, 1841.1 MB
[runlim] sample:		150.6 time, 170.2 real, 1900.4 MB
[runlim] sample:		160.3 time, 180.2 real, 1948.4 MB
[runlim] sample:		170.3 time, 190.2 real, 1956.4 MB
[runlim] sample:		180.3 time, 200.2 real, 1994.3 MB
[runlim] sample:		190.3 time, 210.2 real, 2001.2 MB
[runlim] sample:		200.3 time, 220.2 real, 2001.2 MB
[runlim] sample:		210.3 time, 230.2 real, 2001.2 MB
[runlim] sample:		220.3 time, 240.2 real, 2001.2 MB
[runlim] sample:		230.3 time, 250.2 real, 2001.2 MB
[runlim] sample:		240.3 time, 260.2 real, 2001.2 MB
[runlim] sample:		250.3 time, 270.2 real, 2001.2 MB
[runlim] sample:		260.3 time, 280.2 real, 2001.2 MB
[runlim] sample:		270.3 time, 290.2 real, 2001.2 MB
[runlim] sample:		280.3 time, 300.2 real, 2001.2 MB
[runlim] sample:		290.3 time, 310.2 real, 2001.2 MB
CVC4 interrupted by SIGTERM.
[runlim] end:			Tue Feb  5 13:14:48 2019
[runlim] status:		out of time
[runlim] result:		2
[runlim] children:		0
[runlim] real:			320.09 seconds
[runlim] time:			300.08 seconds
[runlim] space:			2001.2 MB
[runlim] samples:		3198
