[runlim] version:		1.10fixed
[runlim] time limit:		300 seconds
[runlim] real time limit:	311040000 seconds
[runlim] space limit:		4000 MB
[runlim] argv[0]:		./cvc4
[runlim] argv[1]:		--nl-ext-tplanes
[runlim] argv[2]:		--fmf-fun-rlv
[runlim] argv[3]:		/tmp/B05zZyom.smt2
[runlim] start:			Tue Feb  5 10:03:06 2019
[runlim] main pid:		12227
[runlim] sample:		8.6 time, 10.8 real, 133.0 MB
[runlim] sample:		17.6 time, 20.8 real, 135.8 MB
[runlim] sample:		26.2 time, 30.8 real, 138.4 MB
[runlim] sample:		35.4 time, 40.8 real, 158.1 MB
[runlim] sample:		45.0 time, 50.8 real, 367.5 MB
[runlim] sample:		54.5 time, 60.8 real, 369.3 MB
[runlim] sample:		63.5 time, 70.8 real, 370.6 MB
[runlim] sample:		73.1 time, 80.8 real, 375.3 MB
[runlim] sample:		82.8 time, 90.8 real, 382.7 MB
[runlim] sample:		92.4 time, 100.8 real, 385.1 MB
[runlim] sample:		102.1 time, 110.8 real, 386.9 MB
[runlim] sample:		111.8 time, 120.8 real, 388.4 MB
[runlim] sample:		121.4 time, 130.8 real, 389.7 MB
[runlim] sample:		131.1 time, 140.8 real, 505.3 MB
[runlim] sample:		140.2 time, 150.8 real, 813.4 MB
[runlim] sample:		149.1 time, 160.8 real, 895.4 MB
[runlim] sample:		158.5 time, 170.8 real, 900.3 MB
[runlim] sample:		167.5 time, 180.8 real, 900.8 MB
[runlim] sample:		176.6 time, 190.8 real, 900.8 MB
[runlim] sample:		186.3 time, 200.8 real, 901.3 MB
[runlim] sample:		196.2 time, 210.8 real, 901.3 MB
[runlim] sample:		206.2 time, 220.8 real, 901.8 MB
[runlim] sample:		216.2 time, 230.8 real, 902.1 MB
[runlim] sample:		226.1 time, 240.8 real, 902.4 MB
[runlim] sample:		236.1 time, 250.8 real, 915.8 MB
[runlim] sample:		246.1 time, 260.8 real, 915.8 MB
[runlim] sample:		256.1 time, 270.8 real, 915.8 MB
[runlim] sample:		266.1 time, 280.8 real, 916.3 MB
[runlim] sample:		276.1 time, 290.8 real, 916.3 MB
[runlim] sample:		286.0 time, 300.8 real, 916.3 MB
[runlim] sample:		295.7 time, 310.8 real, 923.8 MB
CVC4 interrupted by SIGTERM.
[runlim] end:			Tue Feb  5 10:08:21 2019
[runlim] status:		out of time
[runlim] result:		2
[runlim] children:		0
[runlim] real:			315.20 seconds
[runlim] time:			300.01 seconds
[runlim] space:			924.3 MB
[runlim] samples:		3143
