[runlim] version:		1.10fixed
[runlim] time limit:		300 seconds
[runlim] real time limit:	311040000 seconds
[runlim] space limit:		4000 MB
[runlim] argv[0]:		./cvc4
[runlim] argv[1]:		--nl-ext-tplanes
[runlim] argv[2]:		--fmf-fun-rlv
[runlim] argv[3]:		/tmp/6I7FvTfy.smt2
[runlim] start:			Tue Feb  5 10:03:34 2019
[runlim] main pid:		12310
/tmp/6I7FvTfy.smt2:4.12: No set-logic command was given before this point.
/tmp/6I7FvTfy.smt2:4.12: CVC4 will make all theories available.
/tmp/6I7FvTfy.smt2:4.12: Consider setting a stricter logic for (likely) better performance.
/tmp/6I7FvTfy.smt2:4.12: To suppress this warning in the future use (set-logic ALL).
[runlim] sample:		7.6 time, 10.3 real, 38.4 MB
[runlim] sample:		15.2 time, 20.3 real, 49.2 MB
[runlim] sample:		22.8 time, 30.3 real, 51.5 MB
[runlim] sample:		30.7 time, 40.3 real, 55.8 MB
[runlim] sample:		39.6 time, 50.3 real, 59.3 MB
[runlim] sample:		47.9 time, 60.3 real, 60.9 MB
[runlim] sample:		57.9 time, 70.3 real, 62.4 MB
[runlim] sample:		67.9 time, 80.3 real, 66.4 MB
[runlim] sample:		77.9 time, 90.3 real, 68.2 MB
[runlim] sample:		87.9 time, 100.3 real, 78.0 MB
[runlim] sample:		97.9 time, 110.3 real, 80.0 MB
[runlim] sample:		107.2 time, 120.3 real, 81.3 MB
[runlim] sample:		116.8 time, 130.3 real, 82.6 MB
[runlim] sample:		126.5 time, 140.3 real, 83.3 MB
[runlim] sample:		136.3 time, 150.3 real, 87.7 MB
[runlim] sample:		146.2 time, 160.3 real, 88.2 MB
[runlim] sample:		156.2 time, 170.3 real, 89.9 MB
[runlim] sample:		166.2 time, 180.3 real, 91.5 MB
[runlim] sample:		176.2 time, 190.3 real, 93.8 MB
[runlim] sample:		185.1 time, 200.3 real, 98.6 MB
[runlim] sample:		194.1 time, 210.3 real, 98.8 MB
[runlim] sample:		202.8 time, 220.3 real, 99.1 MB
[runlim] sample:		212.1 time, 230.3 real, 99.3 MB
[runlim] sample:		220.9 time, 240.3 real, 99.5 MB
[runlim] sample:		230.0 time, 250.3 real, 99.8 MB
[runlim] sample:		240.0 time, 260.3 real, 106.2 MB
[runlim] sample:		249.2 time, 270.3 real, 107.7 MB
[runlim] sample:		259.2 time, 280.3 real, 109.3 MB
[runlim] sample:		269.2 time, 290.3 real, 110.3 MB
[runlim] sample:		279.2 time, 300.3 real, 113.1 MB
[runlim] sample:		289.2 time, 310.3 real, 113.5 MB
[runlim] end:			Tue Feb  5 10:08:51 2019
[runlim] status:		signal(9)
[runlim] result:		11
[runlim] children:		0
[runlim] real:			317.89 seconds
[runlim] time:			296.53 seconds
[runlim] space:			117.9 MB
[runlim] samples:		3175
