[runlim] version:		1.10fixed
[runlim] time limit:		300 seconds
[runlim] real time limit:	311040000 seconds
[runlim] space limit:		4000 MB
[runlim] argv[0]:		./cvc4
[runlim] argv[1]:		--nl-ext-tplanes
[runlim] argv[2]:		--fmf-fun-rlv
[runlim] argv[3]:		/tmp/kqTSaV0w.smt2
[runlim] start:			Tue Feb  5 10:05:50 2019
[runlim] main pid:		27267
/tmp/kqTSaV0w.smt2:4.12: No set-logic command was given before this point.
/tmp/kqTSaV0w.smt2:4.12: CVC4 will make all theories available.
/tmp/kqTSaV0w.smt2:4.12: Consider setting a stricter logic for (likely) better performance.
/tmp/kqTSaV0w.smt2:4.12: To suppress this warning in the future use (set-logic ALL).
[runlim] sample:		7.9 time, 10.6 real, 40.2 MB
[runlim] sample:		15.8 time, 20.6 real, 50.2 MB
[runlim] sample:		23.7 time, 30.6 real, 53.3 MB
[runlim] sample:		31.7 time, 40.6 real, 54.5 MB
[runlim] sample:		41.0 time, 50.6 real, 56.6 MB
[runlim] sample:		50.3 time, 60.6 real, 59.1 MB
[runlim] sample:		59.8 time, 70.6 real, 62.2 MB
[runlim] sample:		69.1 time, 80.6 real, 64.5 MB
[runlim] sample:		78.7 time, 90.6 real, 66.8 MB
[runlim] sample:		87.5 time, 100.6 real, 70.0 MB
[runlim] sample:		96.5 time, 110.6 real, 70.2 MB
[runlim] sample:		104.9 time, 120.6 real, 70.7 MB
[runlim] sample:		113.0 time, 130.6 real, 73.5 MB
[runlim] sample:		121.6 time, 140.6 real, 74.0 MB
[runlim] sample:		130.5 time, 150.6 real, 75.6 MB
[runlim] sample:		139.6 time, 160.6 real, 76.1 MB
[runlim] sample:		147.7 time, 170.6 real, 76.8 MB
[runlim] sample:		156.3 time, 180.6 real, 81.9 MB
[runlim] sample:		165.8 time, 190.6 real, 82.4 MB
[runlim] sample:		175.6 time, 200.6 real, 82.6 MB
[runlim] sample:		185.0 time, 210.6 real, 83.1 MB
[runlim] sample:		194.6 time, 220.6 real, 83.3 MB
[runlim] sample:		203.2 time, 230.6 real, 84.1 MB
[runlim] sample:		212.7 time, 240.6 real, 89.2 MB
[runlim] sample:		221.6 time, 250.6 real, 92.3 MB
[runlim] sample:		230.4 time, 260.6 real, 93.8 MB
[runlim] sample:		239.1 time, 270.6 real, 104.9 MB
[runlim] sample:		247.5 time, 280.6 real, 106.2 MB
[runlim] sample:		255.6 time, 290.6 real, 106.4 MB
[runlim] sample:		264.0 time, 300.6 real, 106.9 MB
[runlim] sample:		272.6 time, 310.6 real, 107.3 MB
[runlim] sample:		281.9 time, 320.6 real, 108.3 MB
[runlim] sample:		291.2 time, 330.6 real, 109.4 MB
[runlim] end:			Tue Feb  5 10:11:25 2019
[runlim] status:		signal(9)
[runlim] result:		11
[runlim] children:		0
[runlim] real:			335.14 seconds
[runlim] time:			295.42 seconds
[runlim] space:			112.7 MB
[runlim] samples:		3345
