[runlim] version:		1.10fixed
[runlim] time limit:		300 seconds
[runlim] real time limit:	311040000 seconds
[runlim] space limit:		4000 MB
[runlim] argv[0]:		./cvc4
[runlim] argv[1]:		--nl-ext-tplanes
[runlim] argv[2]:		--fmf-fun-rlv
[runlim] argv[3]:		/tmp/QTgxKdlO.smt2
[runlim] start:			Tue Feb  5 13:11:45 2019
[runlim] main pid:		28977
[runlim] sample:		9.1 time, 10.4 real, 40.0 MB
[runlim] sample:		19.1 time, 20.4 real, 49.0 MB
[runlim] sample:		29.1 time, 30.4 real, 59.0 MB
[runlim] sample:		39.1 time, 40.4 real, 64.7 MB
[runlim] sample:		49.1 time, 50.4 real, 70.4 MB
[runlim] sample:		58.6 time, 60.4 real, 74.8 MB
[runlim] sample:		67.9 time, 70.4 real, 78.6 MB
[runlim] sample:		77.3 time, 80.4 real, 84.5 MB
[runlim] sample:		86.7 time, 90.4 real, 91.9 MB
[runlim] sample:		96.7 time, 100.4 real, 95.2 MB
[runlim] sample:		106.7 time, 110.4 real, 98.6 MB
[runlim] sample:		116.7 time, 120.4 real, 101.9 MB
[runlim] sample:		126.7 time, 130.4 real, 105.0 MB
[runlim] sample:		136.7 time, 140.4 real, 108.1 MB
[runlim] sample:		146.7 time, 150.4 real, 111.5 MB
[runlim] sample:		156.7 time, 160.4 real, 114.6 MB
[runlim] sample:		166.7 time, 170.4 real, 117.2 MB
[runlim] sample:		176.7 time, 180.4 real, 119.7 MB
[runlim] sample:		186.7 time, 190.4 real, 122.1 MB
[runlim] sample:		196.7 time, 200.4 real, 124.6 MB
[runlim] sample:		206.7 time, 210.4 real, 126.7 MB
[runlim] sample:		216.7 time, 220.4 real, 128.8 MB
[runlim] sample:		226.7 time, 230.4 real, 130.6 MB
[runlim] sample:		236.7 time, 240.4 real, 132.6 MB
[runlim] sample:		246.7 time, 250.4 real, 134.7 MB
[runlim] sample:		256.7 time, 260.4 real, 136.5 MB
[runlim] sample:		266.3 time, 270.4 real, 138.6 MB
[runlim] sample:		275.2 time, 280.4 real, 140.1 MB
[runlim] sample:		284.1 time, 290.4 real, 145.8 MB
[runlim] sample:		293.3 time, 300.4 real, 147.6 MB
CVC4 interrupted by SIGTERM.
[runlim] end:			Tue Feb  5 13:16:52 2019
[runlim] status:		out of time
[runlim] result:		2
[runlim] children:		0
[runlim] real:			307.46 seconds
[runlim] time:			300.01 seconds
[runlim] space:			165.2 MB
[runlim] samples:		3070
