[runlim] version:		1.10fixed
[runlim] time limit:		300 seconds
[runlim] real time limit:	311040000 seconds
[runlim] space limit:		4000 MB
[runlim] argv[0]:		./cvc4
[runlim] argv[1]:		--nl-ext-tplanes
[runlim] argv[2]:		--fmf-fun-rlv
[runlim] argv[3]:		/tmp/d8wC8TEa.smt2
[runlim] start:			Tue Jan 29 16:47:00 2019
[runlim] main pid:		1475
[runlim] sample:		9.8 time, 10.4 real, 38.6 MB
[runlim] sample:		18.6 time, 20.4 real, 43.7 MB
[runlim] sample:		28.6 time, 30.4 real, 49.1 MB
[runlim] sample:		37.1 time, 40.4 real, 50.6 MB
[runlim] sample:		47.1 time, 50.4 real, 55.4 MB
[runlim] sample:		57.1 time, 60.4 real, 61.6 MB
[runlim] sample:		67.1 time, 70.4 real, 63.9 MB
[runlim] sample:		77.1 time, 80.4 real, 68.5 MB
[runlim] sample:		87.1 time, 90.4 real, 70.4 MB
[runlim] sample:		96.9 time, 100.4 real, 74.5 MB
[runlim] sample:		106.2 time, 110.4 real, 78.6 MB
[runlim] sample:		114.8 time, 120.4 real, 80.2 MB
[runlim] sample:		124.2 time, 130.4 real, 84.6 MB
[runlim] sample:		133.6 time, 140.4 real, 90.7 MB
[runlim] sample:		143.2 time, 150.4 real, 91.0 MB
[runlim] sample:		152.5 time, 160.4 real, 91.5 MB
[runlim] sample:		161.5 time, 170.4 real, 92.2 MB
[runlim] sample:		169.8 time, 180.4 real, 94.0 MB
[runlim] sample:		177.7 time, 190.4 real, 98.9 MB
[runlim] sample:		186.1 time, 200.4 real, 99.1 MB
[runlim] sample:		194.2 time, 210.4 real, 99.4 MB
[runlim] sample:		202.5 time, 220.4 real, 100.4 MB
[runlim] sample:		211.0 time, 230.4 real, 101.7 MB
[runlim] sample:		221.0 time, 240.4 real, 103.0 MB
[runlim] sample:		230.8 time, 250.4 real, 105.5 MB
[runlim] sample:		240.3 time, 260.4 real, 106.0 MB
[runlim] sample:		249.3 time, 270.4 real, 107.2 MB
[runlim] sample:		257.1 time, 280.4 real, 109.0 MB
[runlim] sample:		265.3 time, 290.4 real, 110.8 MB
[runlim] sample:		275.0 time, 300.4 real, 112.3 MB
[runlim] sample:		285.0 time, 310.4 real, 114.0 MB
[runlim] sample:		295.0 time, 320.4 real, 115.8 MB
CVC4 interrupted by SIGTERM.
[runlim] end:			Tue Jan 29 16:52:25 2019
[runlim] status:		out of time
[runlim] result:		2
[runlim] children:		0
[runlim] real:			325.69 seconds
[runlim] time:			300.02 seconds
[runlim] space:			116.7 MB
[runlim] samples:		3253
