[runlim] version:		1.10fixed
[runlim] time limit:		300 seconds
[runlim] real time limit:	311040000 seconds
[runlim] space limit:		4000 MB
[runlim] argv[0]:		./cvc4
[runlim] argv[1]:		--nl-ext-tplanes
[runlim] argv[2]:		--fmf-fun-rlv
[runlim] argv[3]:		/tmp/VffFhyzt.smt2
[runlim] start:			Tue Feb  5 10:08:14 2019
[runlim] main pid:		29480
[runlim] sample:		9.6 time, 10.9 real, 46.8 MB
[runlim] sample:		19.3 time, 20.9 real, 163.5 MB
[runlim] sample:		28.9 time, 30.9 real, 454.5 MB
[runlim] sample:		38.6 time, 40.9 real, 689.3 MB
[runlim] sample:		48.2 time, 50.9 real, 759.1 MB
[runlim] sample:		57.9 time, 60.9 real, 759.4 MB
[runlim] sample:		67.5 time, 70.9 real, 759.4 MB
[runlim] sample:		77.2 time, 80.9 real, 759.6 MB
[runlim] sample:		86.8 time, 90.9 real, 759.9 MB
[runlim] sample:		96.5 time, 100.9 real, 759.9 MB
[runlim] sample:		106.1 time, 110.9 real, 759.9 MB
[runlim] sample:		115.8 time, 120.9 real, 759.9 MB
[runlim] sample:		125.5 time, 130.9 real, 760.2 MB
[runlim] sample:		135.1 time, 140.9 real, 760.2 MB
[runlim] sample:		144.8 time, 150.9 real, 760.4 MB
[runlim] sample:		154.4 time, 160.9 real, 760.7 MB
[runlim] sample:		164.1 time, 170.9 real, 760.7 MB
[runlim] sample:		173.7 time, 180.9 real, 760.9 MB
[runlim] sample:		183.3 time, 190.9 real, 761.2 MB
[runlim] sample:		191.3 time, 200.9 real, 761.7 MB
[runlim] sample:		199.3 time, 210.9 real, 761.7 MB
[runlim] sample:		207.3 time, 220.9 real, 761.7 MB
[runlim] sample:		215.3 time, 230.9 real, 762.0 MB
[runlim] sample:		223.8 time, 240.9 real, 762.0 MB
[runlim] sample:		233.4 time, 250.9 real, 762.2 MB
[runlim] sample:		243.3 time, 260.9 real, 763.5 MB
[runlim] sample:		252.8 time, 270.9 real, 766.3 MB
[runlim] sample:		262.8 time, 280.9 real, 766.3 MB
[runlim] sample:		272.8 time, 290.9 real, 766.3 MB
[runlim] sample:		282.8 time, 300.9 real, 766.3 MB
[runlim] end:			Tue Feb  5 10:13:23 2019
[runlim] status:		signal(9)
[runlim] result:		11
[runlim] children:		0
[runlim] real:			309.27 seconds
[runlim] time:			291.14 seconds
[runlim] space:			766.3 MB
[runlim] samples:		3084
