[runlim] version:		1.10fixed
[runlim] time limit:		300 seconds
[runlim] real time limit:	311040000 seconds
[runlim] space limit:		4000 MB
[runlim] argv[0]:		./cvc4
[runlim] argv[1]:		--nl-ext-tplanes
[runlim] argv[2]:		--fmf-fun-rlv
[runlim] argv[3]:		/tmp/rTaXQeZ7.smt2
[runlim] start:			Tue Jan 29 16:46:03 2019
[runlim] main pid:		31283
[runlim] sample:		9.5 time, 10.8 real, 38.5 MB
[runlim] sample:		18.7 time, 20.8 real, 41.8 MB
[runlim] sample:		28.6 time, 30.8 real, 45.9 MB
[runlim] sample:		38.6 time, 40.8 real, 48.9 MB
[runlim] sample:		47.6 time, 50.8 real, 49.4 MB
[runlim] sample:		56.6 time, 60.8 real, 50.6 MB
[runlim] sample:		65.5 time, 70.8 real, 55.0 MB
[runlim] sample:		74.4 time, 80.8 real, 55.7 MB
[runlim] sample:		82.1 time, 90.8 real, 56.2 MB
[runlim] sample:		90.3 time, 100.8 real, 56.9 MB
[runlim] sample:		98.3 time, 110.8 real, 62.0 MB
[runlim] sample:		105.7 time, 120.8 real, 62.7 MB
[runlim] sample:		113.4 time, 130.8 real, 64.5 MB
[runlim] sample:		122.5 time, 140.8 real, 65.0 MB
[runlim] sample:		132.3 time, 150.8 real, 65.7 MB
[runlim] sample:		142.3 time, 160.8 real, 66.1 MB
[runlim] sample:		152.2 time, 170.8 real, 66.6 MB
[runlim] sample:		162.2 time, 180.8 real, 67.3 MB
[runlim] sample:		172.2 time, 190.8 real, 67.8 MB
[runlim] sample:		182.2 time, 200.8 real, 68.5 MB
[runlim] sample:		192.2 time, 210.8 real, 69.5 MB
[runlim] sample:		202.2 time, 220.8 real, 70.2 MB
[runlim] sample:		212.2 time, 230.8 real, 71.7 MB
[runlim] sample:		220.6 time, 240.8 real, 72.2 MB
[runlim] sample:		229.1 time, 250.8 real, 74.2 MB
[runlim] sample:		236.8 time, 260.8 real, 74.7 MB
[runlim] sample:		245.2 time, 270.8 real, 80.1 MB
[runlim] sample:		254.2 time, 280.8 real, 80.6 MB
[runlim] sample:		263.9 time, 290.8 real, 80.8 MB
[runlim] sample:		273.2 time, 300.8 real, 81.3 MB
[runlim] sample:		282.5 time, 310.8 real, 81.6 MB
[runlim] sample:		291.8 time, 320.8 real, 82.0 MB
CVC4 interrupted by SIGTERM.
[runlim] end:			Tue Jan 29 16:51:32 2019
[runlim] status:		out of time
[runlim] result:		2
[runlim] children:		0
[runlim] real:			329.25 seconds
[runlim] time:			300.08 seconds
[runlim] space:			82.3 MB
[runlim] samples:		3284
