[runlim] version:		1.10fixed
[runlim] time limit:		300 seconds
[runlim] real time limit:	311040000 seconds
[runlim] space limit:		4000 MB
[runlim] argv[0]:		./cvc4
[runlim] argv[1]:		--nl-ext-tplanes
[runlim] argv[2]:		--fmf-fun-rlv
[runlim] argv[3]:		/tmp/CB9OwsWP.smt2
[runlim] start:			Tue Feb  5 10:07:05 2019
[runlim] main pid:		20181
/tmp/CB9OwsWP.smt2:4.12: No set-logic command was given before this point.
/tmp/CB9OwsWP.smt2:4.12: CVC4 will make all theories available.
/tmp/CB9OwsWP.smt2:4.12: Consider setting a stricter logic for (likely) better performance.
/tmp/CB9OwsWP.smt2:4.12: To suppress this warning in the future use (set-logic ALL).
[runlim] sample:		9.5 time, 10.2 real, 37.6 MB
[runlim] sample:		18.5 time, 20.2 real, 40.1 MB
[runlim] sample:		27.9 time, 30.2 real, 42.1 MB
[runlim] sample:		37.9 time, 40.2 real, 43.1 MB
[runlim] sample:		47.9 time, 50.2 real, 45.9 MB
[runlim] sample:		57.9 time, 60.2 real, 46.4 MB
[runlim] sample:		67.7 time, 70.2 real, 47.4 MB
[runlim] sample:		77.5 time, 80.2 real, 48.3 MB
[runlim] sample:		87.5 time, 90.2 real, 49.1 MB
[runlim] sample:		97.5 time, 100.2 real, 50.7 MB
[runlim] sample:		107.5 time, 110.2 real, 52.5 MB
[runlim] sample:		117.5 time, 120.2 real, 54.0 MB
[runlim] sample:		127.5 time, 130.2 real, 56.4 MB
[runlim] sample:		137.5 time, 140.2 real, 57.6 MB
[runlim] sample:		147.5 time, 150.2 real, 59.4 MB
[runlim] sample:		157.5 time, 160.2 real, 61.0 MB
[runlim] sample:		167.5 time, 170.2 real, 63.6 MB
[runlim] sample:		177.5 time, 180.2 real, 65.6 MB
[runlim] sample:		187.5 time, 190.2 real, 67.2 MB
[runlim] sample:		195.7 time, 200.2 real, 68.5 MB
[runlim] sample:		205.7 time, 210.2 real, 70.3 MB
[runlim] sample:		215.7 time, 220.2 real, 71.8 MB
[runlim] sample:		225.7 time, 230.2 real, 73.4 MB
[runlim] sample:		235.6 time, 240.2 real, 75.4 MB
[runlim] sample:		245.6 time, 250.2 real, 77.2 MB
[runlim] sample:		255.6 time, 260.2 real, 79.0 MB
[runlim] sample:		265.6 time, 270.2 real, 80.6 MB
[runlim] sample:		275.1 time, 280.2 real, 82.4 MB
[runlim] sample:		283.4 time, 290.2 real, 83.4 MB
[runlim] sample:		292.5 time, 300.2 real, 85.0 MB
[runlim] end:			Tue Feb  5 10:12:13 2019
[runlim] status:		signal(9)
[runlim] result:		11
[runlim] children:		0
[runlim] real:			308.36 seconds
[runlim] time:			299.68 seconds
[runlim] space:			86.3 MB
[runlim] samples:		3081
