[runlim] version:		1.10fixed
[runlim] time limit:		300 seconds
[runlim] real time limit:	311040000 seconds
[runlim] space limit:		4000 MB
[runlim] argv[0]:		./cvc4
[runlim] argv[1]:		--nl-ext-tplanes
[runlim] argv[2]:		--fmf-fun-rlv
[runlim] argv[3]:		/tmp/gx4nFzne.smt2
[runlim] start:			Tue Feb  5 10:03:21 2019
[runlim] main pid:		20239
[runlim] sample:		7.2 time, 10.9 real, 73.9 MB
[runlim] sample:		17.1 time, 20.9 real, 273.5 MB
[runlim] sample:		26.1 time, 30.9 real, 368.1 MB
[runlim] sample:		36.1 time, 40.9 real, 717.5 MB
[runlim] sample:		46.1 time, 50.9 real, 868.0 MB
[runlim] sample:		55.2 time, 60.9 real, 868.3 MB
[runlim] sample:		63.8 time, 70.9 real, 871.1 MB
[runlim] sample:		72.9 time, 80.9 real, 932.4 MB
[runlim] sample:		81.1 time, 90.9 real, 998.1 MB
[runlim] sample:		89.4 time, 100.9 real, 1004.3 MB
[runlim] sample:		98.0 time, 110.9 real, 1004.3 MB
[runlim] sample:		108.0 time, 120.9 real, 1155.9 MB
[runlim] sample:		118.0 time, 130.9 real, 1457.8 MB
[runlim] sample:		127.2 time, 140.9 real, 1721.8 MB
[runlim] sample:		135.5 time, 150.9 real, 2084.1 MB
[runlim] sample:		143.8 time, 160.9 real, 2344.9 MB
[runlim] sample:		153.7 time, 170.9 real, 2706.3 MB
[runlim] sample:		163.7 time, 180.9 real, 3048.5 MB
[runlim] sample:		173.7 time, 190.9 real, 3291.3 MB
[runlim] sample:		183.7 time, 200.9 real, 3291.3 MB
[runlim] sample:		193.7 time, 210.9 real, 3291.3 MB
[runlim] sample:		203.7 time, 220.9 real, 3291.6 MB
[runlim] sample:		213.7 time, 230.9 real, 3291.6 MB
[runlim] sample:		223.7 time, 240.9 real, 3352.4 MB
[runlim] sample:		233.7 time, 250.9 real, 3352.4 MB
[runlim] sample:		243.7 time, 260.9 real, 3355.0 MB
[runlim] sample:		253.7 time, 270.9 real, 3358.1 MB
[runlim] sample:		263.7 time, 280.9 real, 3358.1 MB
[runlim] sample:		273.7 time, 290.9 real, 3358.1 MB
[runlim] sample:		283.7 time, 300.9 real, 3359.1 MB
[runlim] sample:		293.7 time, 310.9 real, 3359.1 MB
[runlim] end:			Tue Feb  5 10:08:33 2019
[runlim] status:		signal(9)
[runlim] result:		11
[runlim] children:		0
[runlim] real:			312.87 seconds
[runlim] time:			295.65 seconds
[runlim] space:			3359.1 MB
[runlim] samples:		3120
