[runlim] version:		1.10fixed
[runlim] time limit:		300 seconds
[runlim] real time limit:	311040000 seconds
[runlim] space limit:		4000 MB
[runlim] argv[0]:		./cvc4
[runlim] argv[1]:		--nl-ext-tplanes
[runlim] argv[2]:		--fmf-fun-rlv
[runlim] argv[3]:		/tmp/5VzJcOG8.smt2
[runlim] start:			Tue Feb  5 10:07:51 2019
[runlim] main pid:		19069
/tmp/5VzJcOG8.smt2:4.12: No set-logic command was given before this point.
/tmp/5VzJcOG8.smt2:4.12: CVC4 will make all theories available.
/tmp/5VzJcOG8.smt2:4.12: Consider setting a stricter logic for (likely) better performance.
/tmp/5VzJcOG8.smt2:4.12: To suppress this warning in the future use (set-logic ALL).
[runlim] sample:		9.5 time, 10.6 real, 47.6 MB
[runlim] sample:		19.5 time, 20.6 real, 52.0 MB
[runlim] sample:		29.5 time, 30.6 real, 56.4 MB
[runlim] sample:		38.9 time, 40.6 real, 61.3 MB
[runlim] sample:		48.6 time, 50.6 real, 66.5 MB
[runlim] sample:		58.6 time, 60.6 real, 69.5 MB
[runlim] sample:		68.6 time, 70.6 real, 76.7 MB
[runlim] sample:		78.6 time, 80.6 real, 81.4 MB
[runlim] sample:		88.6 time, 90.6 real, 82.6 MB
[runlim] sample:		98.6 time, 100.6 real, 86.7 MB
[runlim] sample:		108.6 time, 110.6 real, 87.0 MB
[runlim] sample:		118.6 time, 120.6 real, 88.8 MB
[runlim] sample:		128.6 time, 130.6 real, 89.1 MB
[runlim] sample:		138.6 time, 140.6 real, 91.1 MB
[runlim] sample:		148.6 time, 150.6 real, 93.9 MB
[runlim] sample:		158.6 time, 160.6 real, 95.7 MB
[runlim] sample:		168.6 time, 170.6 real, 96.2 MB
[runlim] sample:		178.6 time, 180.6 real, 98.0 MB
[runlim] sample:		188.5 time, 190.6 real, 99.5 MB
[runlim] sample:		198.5 time, 200.6 real, 100.8 MB
[runlim] sample:		208.5 time, 210.6 real, 101.6 MB
[runlim] sample:		218.5 time, 220.6 real, 104.6 MB
[runlim] sample:		228.5 time, 230.6 real, 104.6 MB
[runlim] sample:		238.1 time, 240.6 real, 108.0 MB
[runlim] sample:		246.2 time, 250.6 real, 110.2 MB
[runlim] sample:		256.0 time, 260.6 real, 110.2 MB
[runlim] sample:		265.2 time, 270.6 real, 110.5 MB
[runlim] sample:		273.3 time, 280.6 real, 110.5 MB
[runlim] sample:		283.0 time, 290.6 real, 110.7 MB
[runlim] sample:		293.0 time, 300.6 real, 110.9 MB
CVC4 interrupted by SIGTERM.
[runlim] end:			Tue Feb  5 10:12:58 2019
[runlim] status:		out of time
[runlim] result:		2
[runlim] children:		0
[runlim] real:			307.59 seconds
[runlim] time:			300.03 seconds
[runlim] space:			110.9 MB
[runlim] samples:		3070
