[runlim] version:		1.10fixed
[runlim] time limit:		300 seconds
[runlim] real time limit:	311040000 seconds
[runlim] space limit:		4000 MB
[runlim] argv[0]:		./cvc4
[runlim] argv[1]:		--nl-ext-tplanes
[runlim] argv[2]:		--fmf-fun-rlv
[runlim] argv[3]:		/tmp/B0t5L9s2.smt2
[runlim] start:			Tue Feb  5 13:11:28 2019
[runlim] main pid:		8318
/tmp/B0t5L9s2.smt2:4.12: No set-logic command was given before this point.
/tmp/B0t5L9s2.smt2:4.12: CVC4 will make all theories available.
/tmp/B0t5L9s2.smt2:4.12: Consider setting a stricter logic for (likely) better performance.
/tmp/B0t5L9s2.smt2:4.12: To suppress this warning in the future use (set-logic ALL).
[runlim] sample:		7.6 time, 10.8 real, 41.4 MB
[runlim] sample:		16.8 time, 20.8 real, 51.4 MB
[runlim] sample:		26.3 time, 30.8 real, 53.8 MB
[runlim] sample:		34.5 time, 40.8 real, 58.1 MB
[runlim] sample:		42.8 time, 50.8 real, 60.2 MB
[runlim] sample:		51.2 time, 60.8 real, 62.2 MB
[runlim] sample:		60.3 time, 70.8 real, 63.0 MB
[runlim] sample:		70.3 time, 80.8 real, 63.2 MB
[runlim] sample:		80.3 time, 90.8 real, 66.1 MB
[runlim] sample:		90.3 time, 100.8 real, 66.3 MB
[runlim] sample:		100.3 time, 110.8 real, 66.3 MB
[runlim] sample:		110.2 time, 120.8 real, 67.6 MB
[runlim] sample:		120.1 time, 130.8 real, 68.3 MB
[runlim] sample:		129.3 time, 140.8 real, 69.1 MB
[runlim] sample:		139.3 time, 150.8 real, 71.6 MB
[runlim] sample:		149.3 time, 160.8 real, 73.2 MB
[runlim] sample:		159.3 time, 170.8 real, 79.1 MB
[runlim] sample:		169.3 time, 180.8 real, 79.4 MB
[runlim] sample:		179.3 time, 190.8 real, 80.7 MB
[runlim] sample:		189.2 time, 200.8 real, 83.0 MB
[runlim] sample:		199.3 time, 210.8 real, 84.0 MB
[runlim] sample:		209.2 time, 220.8 real, 84.5 MB
[runlim] sample:		219.2 time, 230.8 real, 85.5 MB
[runlim] sample:		229.2 time, 240.8 real, 86.3 MB
[runlim] sample:		239.2 time, 250.8 real, 89.1 MB
[runlim] sample:		249.2 time, 260.8 real, 89.3 MB
[runlim] sample:		257.4 time, 270.8 real, 91.8 MB
[runlim] sample:		264.7 time, 280.8 real, 93.6 MB
[runlim] sample:		272.0 time, 290.8 real, 96.4 MB
[runlim] sample:		280.2 time, 300.8 real, 96.6 MB
[runlim] sample:		290.2 time, 310.8 real, 96.9 MB
[runlim] end:			Tue Feb  5 13:16:44 2019
[runlim] status:		signal(9)
[runlim] result:		11
[runlim] children:		0
[runlim] real:			316.28 seconds
[runlim] time:			295.69 seconds
[runlim] space:			97.1 MB
[runlim] samples:		3155
