[runlim] version:		1.10fixed
[runlim] time limit:		300 seconds
[runlim] real time limit:	311040000 seconds
[runlim] space limit:		4000 MB
[runlim] argv[0]:		./cvc4
[runlim] argv[1]:		--nl-ext-tplanes
[runlim] argv[2]:		--fmf-fun-rlv
[runlim] argv[3]:		/tmp/KopxYdsp.smt2
[runlim] start:			Tue Feb  5 10:03:15 2019
[runlim] main pid:		5341
[runlim] sample:		8.4 time, 10.5 real, 110.6 MB
[runlim] sample:		18.4 time, 20.5 real, 194.5 MB
[runlim] sample:		28.4 time, 30.5 real, 245.0 MB
[runlim] sample:		38.4 time, 40.5 real, 252.0 MB
[runlim] sample:		48.4 time, 50.5 real, 337.9 MB
[runlim] sample:		58.4 time, 60.5 real, 387.9 MB
[runlim] sample:		67.9 time, 70.5 real, 388.9 MB
[runlim] sample:		77.2 time, 80.5 real, 389.2 MB
[runlim] sample:		87.0 time, 90.5 real, 391.0 MB
[runlim] sample:		97.0 time, 100.5 real, 392.6 MB
[runlim] sample:		107.0 time, 110.5 real, 393.6 MB
[runlim] sample:		117.0 time, 120.5 real, 551.6 MB
[runlim] sample:		127.0 time, 130.5 real, 563.5 MB
[runlim] sample:		137.0 time, 140.5 real, 572.5 MB
[runlim] sample:		146.9 time, 150.5 real, 572.5 MB
[runlim] sample:		156.2 time, 160.5 real, 573.0 MB
[runlim] sample:		165.3 time, 170.5 real, 573.0 MB
[runlim] sample:		173.7 time, 180.5 real, 573.0 MB
[runlim] sample:		183.7 time, 190.5 real, 573.8 MB
[runlim] sample:		192.9 time, 200.5 real, 574.5 MB
[runlim] sample:		202.9 time, 210.5 real, 575.3 MB
[runlim] sample:		212.4 time, 220.5 real, 576.4 MB
[runlim] sample:		221.5 time, 230.5 real, 577.1 MB
[runlim] sample:		230.8 time, 240.5 real, 577.9 MB
[runlim] sample:		240.2 time, 250.5 real, 631.5 MB
[runlim] sample:		250.0 time, 260.5 real, 757.0 MB
[runlim] sample:		260.0 time, 270.5 real, 777.3 MB
[runlim] sample:		270.0 time, 280.5 real, 778.9 MB
[runlim] sample:		280.0 time, 290.5 real, 778.9 MB
[runlim] sample:		290.0 time, 300.5 real, 778.9 MB
[runlim] sample:		300.0 time, 310.5 real, 778.9 MB
CVC4 interrupted by SIGTERM.
[runlim] end:			Tue Feb  5 10:08:25 2019
[runlim] status:		out of time
[runlim] result:		2
[runlim] children:		0
[runlim] real:			310.60 seconds
[runlim] time:			300.07 seconds
[runlim] space:			778.9 MB
[runlim] samples:		3101
