[runlim] version:		1.10fixed
[runlim] time limit:		300 seconds
[runlim] real time limit:	311040000 seconds
[runlim] space limit:		4000 MB
[runlim] argv[0]:		./cvc4
[runlim] argv[1]:		--nl-ext-tplanes
[runlim] argv[2]:		--fmf-fun-rlv
[runlim] argv[3]:		/tmp/knzTw31m.smt2
[runlim] start:			Tue Feb  5 10:06:54 2019
[runlim] main pid:		12361
/tmp/knzTw31m.smt2:4.12: No set-logic command was given before this point.
/tmp/knzTw31m.smt2:4.12: CVC4 will make all theories available.
/tmp/knzTw31m.smt2:4.12: Consider setting a stricter logic for (likely) better performance.
/tmp/knzTw31m.smt2:4.12: To suppress this warning in the future use (set-logic ALL).
[runlim] sample:		8.8 time, 10.4 real, 39.7 MB
[runlim] sample:		18.8 time, 20.4 real, 42.2 MB
[runlim] sample:		28.8 time, 30.4 real, 51.2 MB
[runlim] sample:		38.8 time, 40.4 real, 58.9 MB
[runlim] sample:		48.8 time, 50.4 real, 67.0 MB
[runlim] sample:		58.8 time, 60.4 real, 70.9 MB
[runlim] sample:		67.8 time, 70.4 real, 71.7 MB
[runlim] sample:		76.5 time, 80.4 real, 72.2 MB
[runlim] sample:		86.5 time, 90.4 real, 75.0 MB
[runlim] sample:		96.5 time, 100.4 real, 75.3 MB
[runlim] sample:		106.5 time, 110.4 real, 79.7 MB
[runlim] sample:		116.5 time, 120.4 real, 85.6 MB
[runlim] sample:		126.5 time, 130.4 real, 86.1 MB
[runlim] sample:		136.5 time, 140.4 real, 86.4 MB
[runlim] sample:		146.4 time, 150.4 real, 86.6 MB
[runlim] sample:		156.4 time, 160.4 real, 88.2 MB
[runlim] sample:		166.4 time, 170.4 real, 89.7 MB
[runlim] sample:		176.4 time, 180.4 real, 91.2 MB
[runlim] sample:		186.4 time, 190.4 real, 91.5 MB
[runlim] sample:		196.4 time, 200.4 real, 93.0 MB
[runlim] sample:		206.4 time, 210.4 real, 94.0 MB
[runlim] sample:		216.4 time, 220.4 real, 94.3 MB
[runlim] sample:		226.4 time, 230.4 real, 94.8 MB
[runlim] sample:		236.4 time, 240.4 real, 96.5 MB
[runlim] sample:		246.4 time, 250.4 real, 96.5 MB
[runlim] sample:		256.4 time, 260.4 real, 97.0 MB
[runlim] sample:		266.4 time, 270.4 real, 97.0 MB
[runlim] sample:		276.4 time, 280.4 real, 97.5 MB
[runlim] sample:		286.4 time, 290.4 real, 98.8 MB
[runlim] sample:		296.4 time, 300.4 real, 100.4 MB
CVC4 interrupted by SIGTERM.
[runlim] end:			Tue Feb  5 10:11:58 2019
[runlim] status:		out of time
[runlim] result:		2
[runlim] children:		0
[runlim] real:			304.08 seconds
[runlim] time:			300.10 seconds
[runlim] space:			100.6 MB
[runlim] samples:		3037
