[runlim] version:		1.10fixed
[runlim] time limit:		300 seconds
[runlim] real time limit:	311040000 seconds
[runlim] space limit:		4000 MB
[runlim] argv[0]:		./cvc4
[runlim] argv[1]:		--nl-ext-tplanes
[runlim] argv[2]:		--fmf-fun-rlv
[runlim] argv[3]:		/tmp/VSCWGstu.smt2
[runlim] start:			Tue Feb  5 13:11:34 2019
[runlim] main pid:		10963
/tmp/VSCWGstu.smt2:4.12: No set-logic command was given before this point.
/tmp/VSCWGstu.smt2:4.12: CVC4 will make all theories available.
/tmp/VSCWGstu.smt2:4.12: Consider setting a stricter logic for (likely) better performance.
/tmp/VSCWGstu.smt2:4.12: To suppress this warning in the future use (set-logic ALL).
[runlim] sample:		9.7 time, 10.7 real, 38.8 MB
[runlim] sample:		19.7 time, 20.7 real, 47.1 MB
[runlim] sample:		29.7 time, 30.7 real, 51.4 MB
[runlim] sample:		39.7 time, 40.7 real, 54.4 MB
[runlim] sample:		49.7 time, 50.7 real, 56.7 MB
[runlim] sample:		59.7 time, 60.7 real, 59.3 MB
[runlim] sample:		69.7 time, 70.7 real, 61.1 MB
[runlim] sample:		79.4 time, 80.7 real, 62.0 MB
[runlim] sample:		89.1 time, 90.7 real, 63.3 MB
[runlim] sample:		98.8 time, 100.7 real, 63.6 MB
[runlim] sample:		108.8 time, 110.7 real, 64.1 MB
[runlim] sample:		118.8 time, 120.7 real, 65.3 MB
[runlim] sample:		128.8 time, 130.7 real, 66.4 MB
[runlim] sample:		138.8 time, 140.7 real, 66.9 MB
[runlim] sample:		148.8 time, 150.7 real, 69.3 MB
[runlim] sample:		158.8 time, 160.7 real, 71.1 MB
[runlim] sample:		168.8 time, 170.7 real, 72.3 MB
[runlim] sample:		178.8 time, 180.7 real, 75.1 MB
[runlim] sample:		188.6 time, 190.7 real, 76.9 MB
[runlim] sample:		198.1 time, 200.7 real, 77.2 MB
[runlim] sample:		207.7 time, 210.7 real, 77.4 MB
[runlim] sample:		217.4 time, 220.7 real, 79.2 MB
[runlim] sample:		227.1 time, 230.7 real, 79.5 MB
[runlim] sample:		237.1 time, 240.7 real, 80.3 MB
[runlim] sample:		247.1 time, 250.7 real, 80.8 MB
[runlim] sample:		257.1 time, 260.7 real, 82.0 MB
[runlim] sample:		267.1 time, 270.7 real, 85.4 MB
[runlim] sample:		277.1 time, 280.7 real, 85.6 MB
[runlim] sample:		287.1 time, 290.7 real, 86.1 MB
[runlim] sample:		297.1 time, 300.7 real, 86.3 MB
CVC4 interrupted by SIGTERM.
[runlim] end:			Tue Feb  5 13:16:37 2019
[runlim] status:		out of time
[runlim] result:		2
[runlim] children:		0
[runlim] real:			303.71 seconds
[runlim] time:			300.06 seconds
[runlim] space:			86.8 MB
[runlim] samples:		3030
