[runlim] version:		1.10fixed
[runlim] time limit:		300 seconds
[runlim] real time limit:	311040000 seconds
[runlim] space limit:		4000 MB
[runlim] argv[0]:		./cvc4
[runlim] argv[1]:		--nl-ext-tplanes
[runlim] argv[2]:		--fmf-fun-rlv
[runlim] argv[3]:		/tmp/vXXS66r4.smt2
[runlim] start:			Tue Feb  5 10:07:08 2019
[runlim] main pid:		13863
/tmp/vXXS66r4.smt2:4.12: No set-logic command was given before this point.
/tmp/vXXS66r4.smt2:4.12: CVC4 will make all theories available.
/tmp/vXXS66r4.smt2:4.12: Consider setting a stricter logic for (likely) better performance.
/tmp/vXXS66r4.smt2:4.12: To suppress this warning in the future use (set-logic ALL).
[runlim] sample:		8.6 time, 10.5 real, 35.5 MB
[runlim] sample:		17.3 time, 20.5 real, 37.3 MB
[runlim] sample:		26.8 time, 30.5 real, 38.3 MB
[runlim] sample:		35.0 time, 40.5 real, 39.3 MB
[runlim] sample:		44.0 time, 50.5 real, 50.3 MB
[runlim] sample:		53.7 time, 60.5 real, 56.7 MB
[runlim] sample:		63.6 time, 70.5 real, 59.2 MB
[runlim] sample:		73.6 time, 80.5 real, 61.5 MB
[runlim] sample:		83.6 time, 90.5 real, 63.3 MB
[runlim] sample:		93.6 time, 100.5 real, 64.6 MB
[runlim] sample:		103.6 time, 110.5 real, 66.4 MB
[runlim] sample:		113.3 time, 120.5 real, 68.4 MB
[runlim] sample:		123.0 time, 130.5 real, 72.0 MB
[runlim] sample:		132.1 time, 140.5 real, 72.0 MB
[runlim] sample:		141.4 time, 150.5 real, 72.3 MB
[runlim] sample:		149.8 time, 160.5 real, 72.5 MB
[runlim] sample:		158.2 time, 170.5 real, 72.8 MB
[runlim] sample:		166.7 time, 180.5 real, 73.0 MB
[runlim] sample:		174.8 time, 190.5 real, 75.1 MB
[runlim] sample:		183.8 time, 200.5 real, 75.3 MB
[runlim] sample:		191.8 time, 210.5 real, 75.5 MB
[runlim] sample:		200.7 time, 220.5 real, 75.8 MB
[runlim] sample:		209.6 time, 230.5 real, 76.0 MB
[runlim] sample:		219.0 time, 240.5 real, 76.3 MB
[runlim] sample:		227.8 time, 250.5 real, 79.3 MB
[runlim] sample:		237.6 time, 260.5 real, 79.6 MB
[runlim] sample:		247.6 time, 270.5 real, 79.8 MB
[runlim] sample:		257.6 time, 280.5 real, 84.4 MB
[runlim] sample:		265.9 time, 290.5 real, 84.6 MB
[runlim] sample:		273.8 time, 300.5 real, 84.9 MB
[runlim] sample:		282.7 time, 310.5 real, 85.1 MB
[runlim] sample:		292.0 time, 320.5 real, 85.3 MB
[runlim] sample:		300.0 time, 330.5 real, 85.6 MB
[runlim] end:			Tue Feb  5 10:12:38 2019
[runlim] status:		out of time
[runlim] result:		2
[runlim] children:		0
[runlim] real:			330.66 seconds
[runlim] time:			300.05 seconds
[runlim] space:			85.6 MB
[runlim] samples:		3301
