[runlim] version:		1.10fixed
[runlim] time limit:		300 seconds
[runlim] real time limit:	311040000 seconds
[runlim] space limit:		4000 MB
[runlim] argv[0]:		./cvc4
[runlim] argv[1]:		--nl-ext-tplanes
[runlim] argv[2]:		--fmf-fun-rlv
[runlim] argv[3]:		/tmp/7gycC0DZ.smt2
[runlim] start:			Tue Feb  5 10:07:55 2019
[runlim] main pid:		29025
/tmp/7gycC0DZ.smt2:4.12: No set-logic command was given before this point.
/tmp/7gycC0DZ.smt2:4.12: CVC4 will make all theories available.
/tmp/7gycC0DZ.smt2:4.12: Consider setting a stricter logic for (likely) better performance.
/tmp/7gycC0DZ.smt2:4.12: To suppress this warning in the future use (set-logic ALL).
[runlim] sample:		8.6 time, 10.8 real, 43.5 MB
[runlim] sample:		18.6 time, 20.8 real, 51.4 MB
[runlim] sample:		28.5 time, 30.8 real, 56.8 MB
[runlim] sample:		38.4 time, 40.8 real, 58.7 MB
[runlim] sample:		48.1 time, 50.8 real, 61.8 MB
[runlim] sample:		57.5 time, 60.8 real, 63.0 MB
[runlim] sample:		66.7 time, 70.8 real, 65.1 MB
[runlim] sample:		75.3 time, 80.8 real, 67.4 MB
[runlim] sample:		85.3 time, 90.8 real, 72.0 MB
[runlim] sample:		95.3 time, 100.8 real, 73.8 MB
[runlim] sample:		104.9 time, 110.8 real, 78.5 MB
[runlim] sample:		114.7 time, 120.8 real, 79.2 MB
[runlim] sample:		124.7 time, 130.8 real, 87.7 MB
[runlim] sample:		134.4 time, 140.8 real, 87.9 MB
[runlim] sample:		144.3 time, 150.8 real, 87.9 MB
[runlim] sample:		153.8 time, 160.8 real, 87.9 MB
[runlim] sample:		163.4 time, 170.8 real, 87.9 MB
[runlim] sample:		172.6 time, 180.8 real, 87.9 MB
[runlim] sample:		182.6 time, 190.8 real, 88.2 MB
[runlim] sample:		192.6 time, 200.8 real, 88.2 MB
[runlim] sample:		202.6 time, 210.8 real, 88.2 MB
[runlim] sample:		212.1 time, 220.8 real, 88.4 MB
[runlim] sample:		222.1 time, 230.8 real, 88.4 MB
[runlim] sample:		232.1 time, 240.8 real, 88.4 MB
[runlim] sample:		242.1 time, 250.8 real, 88.7 MB
[runlim] sample:		252.1 time, 260.8 real, 88.7 MB
[runlim] sample:		262.1 time, 270.8 real, 88.7 MB
[runlim] sample:		272.1 time, 280.8 real, 89.0 MB
[runlim] sample:		282.1 time, 290.8 real, 89.0 MB
[runlim] sample:		292.1 time, 300.8 real, 89.0 MB
CVC4 interrupted by SIGTERM.
[runlim] end:			Tue Feb  5 10:13:03 2019
[runlim] status:		out of time
[runlim] result:		2
[runlim] children:		0
[runlim] real:			308.85 seconds
[runlim] time:			300.05 seconds
[runlim] space:			89.2 MB
[runlim] samples:		3080
