[runlim] version:		1.10fixed
[runlim] time limit:		300 seconds
[runlim] real time limit:	311040000 seconds
[runlim] space limit:		4000 MB
[runlim] argv[0]:		./cvc4
[runlim] argv[1]:		--nl-ext-tplanes
[runlim] argv[2]:		--fmf-fun-rlv
[runlim] argv[3]:		/tmp/WmCeTkGN.smt2
[runlim] start:			Tue Feb  5 13:06:22 2019
[runlim] main pid:		10186
[runlim] sample:		8.7 time, 10.9 real, 150.4 MB
[runlim] sample:		18.7 time, 20.9 real, 474.6 MB
[runlim] sample:		28.7 time, 30.9 real, 744.1 MB
[runlim] sample:		38.7 time, 40.9 real, 929.9 MB
[runlim] sample:		48.7 time, 50.9 real, 929.9 MB
[runlim] sample:		58.7 time, 60.9 real, 929.9 MB
[runlim] sample:		68.7 time, 70.9 real, 929.9 MB
[runlim] sample:		78.7 time, 80.9 real, 929.9 MB
[runlim] sample:		88.7 time, 90.9 real, 929.9 MB
[runlim] sample:		98.7 time, 100.9 real, 929.9 MB
[runlim] sample:		108.7 time, 110.9 real, 929.9 MB
[runlim] sample:		118.7 time, 120.9 real, 929.9 MB
[runlim] sample:		128.7 time, 130.9 real, 1125.4 MB
[runlim] sample:		138.7 time, 140.9 real, 1505.0 MB
[runlim] sample:		148.7 time, 150.9 real, 1798.9 MB
[runlim] sample:		158.7 time, 160.9 real, 2394.0 MB
[runlim] sample:		168.7 time, 170.9 real, 2576.4 MB
[runlim] sample:		178.7 time, 180.9 real, 2897.9 MB
[runlim] sample:		188.7 time, 190.9 real, 3224.8 MB
[runlim] sample:		198.7 time, 200.9 real, 3546.0 MB
[runlim] sample:		208.7 time, 210.9 real, 3712.1 MB
CVC4 interrupted by SIGTERM.
[runlim] end:			Tue Feb  5 13:09:54 2019
[runlim] status:		out of memory
[runlim] result:		3
[runlim] children:		0
[runlim] real:			212.59 seconds
[runlim] time:			210.25 seconds
[runlim] space:			4032.0 MB
[runlim] samples:		2116
