[runlim] version:		1.10fixed
[runlim] time limit:		300 seconds
[runlim] real time limit:	311040000 seconds
[runlim] space limit:		4000 MB
[runlim] argv[0]:		./cvc4
[runlim] argv[1]:		--nl-ext-tplanes
[runlim] argv[2]:		--fmf-fun-rlv
[runlim] argv[3]:		/tmp/ZoqZx6kD.smt2
[runlim] start:			Tue Jan 29 16:42:30 2019
[runlim] main pid:		11009
[runlim] sample:		9.4 time, 10.1 real, 72.9 MB
[runlim] sample:		19.0 time, 20.1 real, 100.2 MB
[runlim] sample:		28.7 time, 30.1 real, 133.5 MB
[runlim] sample:		38.4 time, 40.1 real, 172.8 MB
[runlim] sample:		48.0 time, 50.1 real, 414.5 MB
[runlim] sample:		57.7 time, 60.1 real, 744.9 MB
[runlim] sample:		67.3 time, 70.1 real, 1027.5 MB
[runlim] sample:		77.0 time, 80.1 real, 1327.7 MB
[runlim] sample:		86.6 time, 90.1 real, 1625.5 MB
[runlim] sample:		96.3 time, 100.1 real, 1911.1 MB
[runlim] sample:		106.0 time, 110.1 real, 2034.9 MB
[runlim] sample:		115.7 time, 120.1 real, 2290.5 MB
[runlim] sample:		125.0 time, 130.1 real, 2424.8 MB
[runlim] sample:		134.1 time, 140.1 real, 2642.3 MB
[runlim] sample:		143.4 time, 150.1 real, 2649.2 MB
[runlim] sample:		153.3 time, 160.1 real, 2776.6 MB
[runlim] sample:		163.3 time, 170.1 real, 2854.2 MB
[runlim] sample:		173.3 time, 180.1 real, 2884.3 MB
[runlim] sample:		181.0 time, 190.1 real, 2909.8 MB
[runlim] sample:		190.4 time, 200.1 real, 2961.7 MB
[runlim] sample:		200.4 time, 210.1 real, 2961.7 MB
[runlim] sample:		210.4 time, 220.1 real, 2961.9 MB
[runlim] sample:		220.4 time, 230.1 real, 2961.9 MB
[runlim] sample:		230.4 time, 240.1 real, 2961.9 MB
[runlim] sample:		239.7 time, 250.1 real, 2961.9 MB
[runlim] sample:		249.3 time, 260.1 real, 2961.9 MB
[runlim] sample:		258.9 time, 270.1 real, 2961.9 MB
[runlim] sample:		268.6 time, 280.1 real, 2961.9 MB
[runlim] sample:		278.0 time, 290.1 real, 2961.9 MB
[runlim] sample:		288.0 time, 300.1 real, 2961.9 MB
[runlim] sample:		298.0 time, 310.1 real, 2961.9 MB
[runlim] end:			Tue Jan 29 16:47:40 2019
[runlim] status:		signal(9)
[runlim] result:		11
[runlim] children:		0
[runlim] real:			310.36 seconds
[runlim] time:			298.22 seconds
[runlim] space:			2961.9 MB
[runlim] samples:		3102
