[runlim] version:		1.10fixed
[runlim] time limit:		300 seconds
[runlim] real time limit:	311040000 seconds
[runlim] space limit:		4000 MB
[runlim] argv[0]:		./cvc4
[runlim] argv[1]:		--nl-ext-tplanes
[runlim] argv[2]:		--fmf-fun-rlv
[runlim] argv[3]:		/tmp/fXnAHHkc.smt2
[runlim] start:			Tue Feb  5 10:02:50 2019
[runlim] main pid:		29023
/tmp/fXnAHHkc.smt2:4.12: No set-logic command was given before this point.
/tmp/fXnAHHkc.smt2:4.12: CVC4 will make all theories available.
/tmp/fXnAHHkc.smt2:4.12: Consider setting a stricter logic for (likely) better performance.
/tmp/fXnAHHkc.smt2:4.12: To suppress this warning in the future use (set-logic ALL).
[runlim] sample:		9.5 time, 10.3 real, 35.4 MB
[runlim] sample:		19.5 time, 20.3 real, 36.6 MB
[runlim] sample:		29.5 time, 30.4 real, 37.6 MB
[runlim] sample:		39.5 time, 40.3 real, 48.4 MB
[runlim] sample:		49.5 time, 50.3 real, 52.4 MB
[runlim] sample:		59.5 time, 60.3 real, 55.2 MB
[runlim] sample:		69.5 time, 70.3 real, 57.0 MB
[runlim] sample:		79.5 time, 80.3 real, 58.0 MB
[runlim] sample:		89.5 time, 90.3 real, 59.3 MB
[runlim] sample:		99.5 time, 100.3 real, 62.3 MB
[runlim] sample:		109.5 time, 110.3 real, 62.6 MB
[runlim] sample:		119.5 time, 120.3 real, 64.3 MB
[runlim] sample:		129.5 time, 130.3 real, 64.8 MB
[runlim] sample:		139.5 time, 140.3 real, 65.0 MB
[runlim] sample:		149.5 time, 150.3 real, 68.1 MB
[runlim] sample:		159.5 time, 160.3 real, 68.3 MB
[runlim] sample:		169.5 time, 170.3 real, 68.8 MB
[runlim] sample:		179.5 time, 180.3 real, 69.3 MB
[runlim] sample:		189.5 time, 190.3 real, 69.5 MB
[runlim] sample:		199.5 time, 200.3 real, 70.0 MB
[runlim] sample:		209.5 time, 210.3 real, 72.8 MB
[runlim] sample:		219.5 time, 220.3 real, 77.4 MB
[runlim] sample:		229.4 time, 230.3 real, 78.1 MB
[runlim] sample:		239.4 time, 240.3 real, 78.8 MB
[runlim] sample:		249.4 time, 250.3 real, 79.2 MB
[runlim] sample:		259.4 time, 260.3 real, 79.5 MB
[runlim] sample:		269.4 time, 270.3 real, 79.7 MB
[runlim] sample:		279.4 time, 280.3 real, 80.0 MB
[runlim] sample:		289.4 time, 290.3 real, 80.2 MB
[runlim] sample:		299.4 time, 300.3 real, 80.7 MB
CVC4 interrupted by SIGTERM.
[runlim] end:			Tue Feb  5 10:07:50 2019
[runlim] status:		out of time
[runlim] result:		2
[runlim] children:		0
[runlim] real:			300.97 seconds
[runlim] time:			300.03 seconds
[runlim] space:			80.7 MB
[runlim] samples:		3006
