[runlim] version:		1.10fixed
[runlim] time limit:		300 seconds
[runlim] real time limit:	311040000 seconds
[runlim] space limit:		4000 MB
[runlim] argv[0]:		./cvc4
[runlim] argv[1]:		--nl-ext-tplanes
[runlim] argv[2]:		--fmf-fun-rlv
[runlim] argv[3]:		/tmp/j9cO6xKT.smt2
[runlim] start:			Tue Feb  5 09:57:57 2019
[runlim] main pid:		24200
[runlim] sample:		9.4 time, 10.8 real, 86.6 MB
[runlim] sample:		19.1 time, 20.8 real, 322.5 MB
[runlim] sample:		29.0 time, 30.8 real, 420.7 MB
[runlim] sample:		39.0 time, 40.8 real, 515.3 MB
[runlim] sample:		49.0 time, 50.8 real, 850.8 MB
[runlim] sample:		59.0 time, 60.8 real, 1244.3 MB
[runlim] sample:		68.9 time, 70.8 real, 1534.3 MB
[runlim] sample:		78.6 time, 80.8 real, 1597.5 MB
[runlim] sample:		88.2 time, 90.8 real, 1599.3 MB
[runlim] sample:		97.9 time, 100.8 real, 1599.3 MB
[runlim] sample:		107.4 time, 110.8 real, 1600.6 MB
[runlim] sample:		116.3 time, 120.8 real, 1601.9 MB
[runlim] sample:		125.6 time, 130.8 real, 1601.9 MB
[runlim] sample:		134.3 time, 140.8 real, 1702.2 MB
[runlim] sample:		143.0 time, 150.8 real, 1742.5 MB
[runlim] sample:		152.0 time, 160.8 real, 1802.6 MB
[runlim] sample:		161.3 time, 170.8 real, 1808.8 MB
[runlim] sample:		170.6 time, 180.8 real, 1808.8 MB
[runlim] sample:		180.0 time, 190.8 real, 1808.8 MB
[runlim] sample:		189.6 time, 200.8 real, 1808.8 MB
[runlim] sample:		198.5 time, 210.8 real, 1808.8 MB
[runlim] sample:		207.5 time, 220.8 real, 1808.8 MB
[runlim] sample:		216.7 time, 230.8 real, 1808.8 MB
[runlim] sample:		226.4 time, 240.8 real, 1808.8 MB
[runlim] sample:		236.1 time, 250.8 real, 1808.8 MB
[runlim] sample:		245.1 time, 260.8 real, 1808.8 MB
[runlim] sample:		254.7 time, 270.8 real, 1808.8 MB
[runlim] sample:		264.3 time, 280.8 real, 1808.8 MB
[runlim] sample:		274.1 time, 290.8 real, 1808.8 MB
[runlim] sample:		284.1 time, 300.8 real, 1808.8 MB
[runlim] sample:		294.1 time, 310.8 real, 1808.8 MB
[runlim] end:			Tue Feb  5 10:03:10 2019
[runlim] status:		signal(9)
[runlim] result:		11
[runlim] children:		0
[runlim] real:			313.94 seconds
[runlim] time:			297.25 seconds
[runlim] space:			1808.8 MB
[runlim] samples:		3131
