[runlim] version:		1.10fixed
[runlim] time limit:		300 seconds
[runlim] real time limit:	311040000 seconds
[runlim] space limit:		4000 MB
[runlim] argv[0]:		./cvc4
[runlim] argv[1]:		--nl-ext-tplanes
[runlim] argv[2]:		--fmf-fun-rlv
[runlim] argv[3]:		/tmp/zjrtwvZO.smt2
[runlim] start:			Tue Feb  5 13:06:29 2019
[runlim] main pid:		23992
[runlim] sample:		8.8 time, 10.9 real, 46.5 MB
[runlim] sample:		18.8 time, 20.9 real, 196.9 MB
[runlim] sample:		28.8 time, 30.9 real, 497.3 MB
[runlim] sample:		38.8 time, 40.9 real, 666.8 MB
[runlim] sample:		48.8 time, 50.9 real, 688.5 MB
[runlim] sample:		58.8 time, 60.9 real, 688.5 MB
[runlim] sample:		68.8 time, 70.9 real, 688.7 MB
[runlim] sample:		78.8 time, 80.9 real, 689.0 MB
[runlim] sample:		88.8 time, 90.9 real, 689.0 MB
[runlim] sample:		98.8 time, 100.9 real, 689.3 MB
[runlim] sample:		108.8 time, 110.9 real, 689.5 MB
[runlim] sample:		118.8 time, 120.9 real, 689.5 MB
[runlim] sample:		128.8 time, 130.9 real, 689.8 MB
[runlim] sample:		138.8 time, 140.9 real, 690.0 MB
[runlim] sample:		148.8 time, 150.9 real, 690.3 MB
[runlim] sample:		158.8 time, 160.9 real, 690.3 MB
[runlim] sample:		168.8 time, 170.9 real, 690.3 MB
[runlim] sample:		178.8 time, 180.9 real, 690.6 MB
[runlim] sample:		188.8 time, 190.9 real, 690.6 MB
[runlim] sample:		198.8 time, 200.9 real, 690.8 MB
[runlim] sample:		208.8 time, 210.9 real, 691.1 MB
[runlim] sample:		218.8 time, 220.9 real, 691.1 MB
[runlim] sample:		228.8 time, 230.9 real, 691.3 MB
[runlim] sample:		238.8 time, 240.9 real, 691.6 MB
[runlim] sample:		248.8 time, 250.9 real, 692.1 MB
[runlim] sample:		258.8 time, 260.9 real, 692.4 MB
[runlim] sample:		268.8 time, 270.9 real, 692.6 MB
[runlim] sample:		278.7 time, 280.9 real, 692.6 MB
[runlim] sample:		288.7 time, 290.9 real, 692.9 MB
[runlim] sample:		298.7 time, 300.9 real, 693.1 MB
CVC4 interrupted by SIGTERM.
[runlim] end:			Tue Feb  5 13:11:31 2019
[runlim] status:		out of time
[runlim] result:		2
[runlim] children:		0
[runlim] real:			302.20 seconds
[runlim] time:			300.04 seconds
[runlim] space:			693.1 MB
[runlim] samples:		3013
