[runlim] version:		1.10fixed
[runlim] time limit:		300 seconds
[runlim] real time limit:	311040000 seconds
[runlim] space limit:		4000 MB
[runlim] argv[0]:		./cvc4
[runlim] argv[1]:		--nl-ext-tplanes
[runlim] argv[2]:		--fmf-fun-rlv
[runlim] argv[3]:		/tmp/lRvuUIKi.smt2
[runlim] start:			Tue Feb  5 10:02:42 2019
[runlim] main pid:		29400
[runlim] sample:		8.2 time, 10.3 real, 46.3 MB
[runlim] sample:		18.3 time, 20.3 real, 148.0 MB
[runlim] sample:		28.2 time, 30.3 real, 459.6 MB
[runlim] sample:		37.7 time, 40.3 real, 637.1 MB
[runlim] sample:		46.6 time, 50.3 real, 688.9 MB
[runlim] sample:		55.7 time, 60.3 real, 689.2 MB
[runlim] sample:		64.7 time, 70.3 real, 689.4 MB
[runlim] sample:		74.7 time, 80.3 real, 689.4 MB
[runlim] sample:		84.7 time, 90.3 real, 689.7 MB
[runlim] sample:		94.6 time, 100.3 real, 689.9 MB
[runlim] sample:		104.6 time, 110.3 real, 689.9 MB
[runlim] sample:		114.3 time, 120.3 real, 690.2 MB
[runlim] sample:		122.6 time, 130.3 real, 690.2 MB
[runlim] sample:		132.1 time, 140.3 real, 690.4 MB
[runlim] sample:		141.7 time, 150.3 real, 690.7 MB
[runlim] sample:		151.1 time, 160.3 real, 690.7 MB
[runlim] sample:		160.4 time, 170.3 real, 690.7 MB
[runlim] sample:		169.8 time, 180.3 real, 691.0 MB
[runlim] sample:		179.1 time, 190.3 real, 691.0 MB
[runlim] sample:		188.2 time, 200.3 real, 691.2 MB
[runlim] sample:		196.4 time, 210.3 real, 691.2 MB
[runlim] sample:		205.8 time, 220.3 real, 691.5 MB
[runlim] sample:		214.9 time, 230.3 real, 691.7 MB
[runlim] sample:		224.2 time, 240.3 real, 691.7 MB
[runlim] sample:		233.4 time, 250.3 real, 692.0 MB
[runlim] sample:		243.0 time, 260.3 real, 692.2 MB
[runlim] sample:		253.0 time, 270.3 real, 692.8 MB
[runlim] sample:		263.0 time, 280.3 real, 693.0 MB
[runlim] sample:		273.0 time, 290.3 real, 693.3 MB
[runlim] sample:		283.0 time, 300.3 real, 693.3 MB
[runlim] sample:		293.0 time, 310.3 real, 693.5 MB
[runlim] end:			Tue Feb  5 10:07:53 2019
[runlim] status:		signal(9)
[runlim] result:		11
[runlim] children:		0
[runlim] real:			311.44 seconds
[runlim] time:			294.06 seconds
[runlim] space:			693.5 MB
[runlim] samples:		3111
