[runlim] version:		1.10fixed
[runlim] time limit:		300 seconds
[runlim] real time limit:	311040000 seconds
[runlim] space limit:		4000 MB
[runlim] argv[0]:		./cvc4
[runlim] argv[1]:		--nl-ext-tplanes
[runlim] argv[2]:		--fmf-fun-rlv
[runlim] argv[3]:		/tmp/xYlslfIN.smt2
[runlim] start:			Tue Feb  5 10:03:03 2019
[runlim] main pid:		29112
/tmp/xYlslfIN.smt2:4.12: No set-logic command was given before this point.
/tmp/xYlslfIN.smt2:4.12: CVC4 will make all theories available.
/tmp/xYlslfIN.smt2:4.12: Consider setting a stricter logic for (likely) better performance.
/tmp/xYlslfIN.smt2:4.12: To suppress this warning in the future use (set-logic ALL).
[runlim] sample:		9.6 time, 10.0 real, 32.6 MB
[runlim] sample:		19.6 time, 20.0 real, 37.1 MB
[runlim] sample:		29.6 time, 30.0 real, 48.3 MB
[runlim] sample:		39.6 time, 40.0 real, 50.3 MB
[runlim] sample:		49.6 time, 50.0 real, 52.5 MB
[runlim] sample:		59.6 time, 60.0 real, 53.0 MB
[runlim] sample:		69.0 time, 70.0 real, 56.3 MB
[runlim] sample:		77.1 time, 80.0 real, 60.9 MB
[runlim] sample:		85.2 time, 90.0 real, 67.1 MB
[runlim] sample:		95.2 time, 100.0 real, 70.5 MB
[runlim] sample:		105.1 time, 110.0 real, 74.7 MB
[runlim] sample:		113.4 time, 120.0 real, 74.9 MB
[runlim] sample:		122.4 time, 130.0 real, 75.7 MB
[runlim] sample:		132.3 time, 140.0 real, 78.0 MB
[runlim] sample:		140.2 time, 150.0 real, 79.3 MB
[runlim] sample:		148.0 time, 160.0 real, 84.4 MB
[runlim] sample:		157.6 time, 170.0 real, 84.7 MB
[runlim] sample:		166.3 time, 180.0 real, 86.2 MB
[runlim] sample:		176.3 time, 190.0 real, 88.5 MB
[runlim] sample:		186.3 time, 200.0 real, 90.8 MB
[runlim] sample:		196.3 time, 210.0 real, 92.6 MB
[runlim] sample:		206.3 time, 220.0 real, 99.5 MB
[runlim] sample:		216.3 time, 230.0 real, 99.7 MB
[runlim] sample:		226.3 time, 240.0 real, 100.0 MB
[runlim] sample:		236.3 time, 250.0 real, 100.2 MB
[runlim] sample:		246.3 time, 260.0 real, 102.2 MB
[runlim] sample:		256.3 time, 270.0 real, 104.3 MB
[runlim] sample:		266.3 time, 280.0 real, 105.3 MB
[runlim] sample:		276.3 time, 290.0 real, 106.8 MB
[runlim] sample:		286.3 time, 300.0 real, 109.7 MB
[runlim] sample:		296.3 time, 310.0 real, 110.1 MB
[runlim] end:			Tue Feb  5 10:08:16 2019
[runlim] status:		signal(9)
[runlim] result:		11
[runlim] children:		0
[runlim] real:			313.71 seconds
[runlim] time:			299.97 seconds
[runlim] space:			110.7 MB
[runlim] samples:		3137
