[runlim] version:		1.10fixed
[runlim] time limit:		300 seconds
[runlim] real time limit:	311040000 seconds
[runlim] space limit:		4000 MB
[runlim] argv[0]:		./cvc4
[runlim] argv[1]:		--nl-ext-tplanes
[runlim] argv[2]:		--fmf-fun-rlv
[runlim] argv[3]:		/tmp/2svy274r.smt2
[runlim] start:			Tue Feb  5 09:57:59 2019
[runlim] main pid:		10501
[runlim] sample:		8.7 time, 10.6 real, 179.3 MB
[runlim] sample:		18.1 time, 20.6 real, 320.6 MB
[runlim] sample:		27.3 time, 30.6 real, 626.1 MB
[runlim] sample:		37.0 time, 40.6 real, 628.4 MB
[runlim] sample:		45.5 time, 50.6 real, 630.7 MB
[runlim] sample:		54.0 time, 60.6 real, 744.2 MB
[runlim] sample:		62.6 time, 70.6 real, 745.3 MB
[runlim] sample:		71.0 time, 80.6 real, 787.0 MB
[runlim] sample:		80.3 time, 90.6 real, 1079.3 MB
[runlim] sample:		90.0 time, 100.6 real, 1439.3 MB
[runlim] sample:		99.6 time, 110.6 real, 1719.0 MB
[runlim] sample:		109.2 time, 120.6 real, 2159.1 MB
[runlim] sample:		118.9 time, 130.6 real, 2514.4 MB
[runlim] sample:		128.6 time, 140.6 real, 2767.8 MB
[runlim] sample:		138.4 time, 150.6 real, 2844.6 MB
[runlim] sample:		148.4 time, 160.6 real, 2844.9 MB
[runlim] sample:		157.9 time, 170.6 real, 2844.9 MB
[runlim] sample:		167.3 time, 180.6 real, 2844.9 MB
[runlim] sample:		176.6 time, 190.6 real, 2844.9 MB
[runlim] sample:		185.9 time, 200.6 real, 2844.9 MB
[runlim] sample:		195.3 time, 210.6 real, 2844.9 MB
[runlim] sample:		204.9 time, 220.6 real, 2844.9 MB
[runlim] sample:		214.9 time, 230.6 real, 2844.9 MB
[runlim] sample:		224.5 time, 240.6 real, 2844.9 MB
[runlim] sample:		233.8 time, 250.6 real, 2844.9 MB
[runlim] sample:		243.4 time, 260.6 real, 2844.9 MB
[runlim] sample:		253.1 time, 270.6 real, 2844.9 MB
[runlim] sample:		262.8 time, 280.6 real, 2844.9 MB
[runlim] sample:		272.4 time, 290.6 real, 2844.9 MB
[runlim] sample:		282.1 time, 300.6 real, 2847.0 MB
[runlim] sample:		291.7 time, 310.6 real, 2858.8 MB
CVC4 interrupted by SIGTERM.
[runlim] end:			Tue Feb  5 10:03:18 2019
[runlim] status:		out of time
[runlim] result:		2
[runlim] children:		0
[runlim] real:			319.15 seconds
[runlim] time:			300.15 seconds
[runlim] space:			2882.8 MB
[runlim] samples:		3185
