[runlim] version:		1.10fixed
[runlim] time limit:		300 seconds
[runlim] real time limit:	311040000 seconds
[runlim] space limit:		4000 MB
[runlim] argv[0]:		./cvc4
[runlim] argv[1]:		--nl-ext-tplanes
[runlim] argv[2]:		--fmf-fun-rlv
[runlim] argv[3]:		/tmp/HKRG7VVk.smt2
[runlim] start:			Tue Feb  5 09:57:58 2019
[runlim] main pid:		13422
[runlim] sample:		9.8 time, 10.6 real, 181.8 MB
[runlim] sample:		19.9 time, 20.6 real, 285.0 MB
[runlim] sample:		29.9 time, 30.6 real, 356.2 MB
[runlim] sample:		39.9 time, 40.6 real, 477.4 MB
[runlim] sample:		49.9 time, 50.6 real, 806.7 MB
[runlim] sample:		59.8 time, 60.6 real, 808.2 MB
[runlim] sample:		69.8 time, 70.6 real, 808.5 MB
[runlim] sample:		79.8 time, 80.6 real, 822.7 MB
[runlim] sample:		89.8 time, 90.6 real, 847.4 MB
[runlim] sample:		99.8 time, 100.6 real, 978.9 MB
[runlim] sample:		109.8 time, 110.6 real, 1333.8 MB
[runlim] sample:		119.8 time, 120.6 real, 1500.1 MB
[runlim] sample:		129.8 time, 130.6 real, 1500.1 MB
[runlim] sample:		139.8 time, 140.6 real, 1500.1 MB
[runlim] sample:		149.8 time, 150.6 real, 1500.1 MB
[runlim] sample:		159.8 time, 160.6 real, 1500.1 MB
[runlim] sample:		169.8 time, 170.6 real, 1500.1 MB
[runlim] sample:		179.8 time, 180.6 real, 1500.1 MB
[runlim] sample:		189.8 time, 190.6 real, 1500.1 MB
[runlim] sample:		199.8 time, 200.6 real, 1500.1 MB
[runlim] sample:		209.8 time, 210.6 real, 1500.1 MB
[runlim] sample:		219.8 time, 220.6 real, 1500.1 MB
[runlim] sample:		229.8 time, 230.6 real, 1509.4 MB
[runlim] sample:		239.8 time, 240.6 real, 1524.8 MB
[runlim] sample:		249.8 time, 250.6 real, 1524.8 MB
[runlim] sample:		259.8 time, 260.6 real, 1524.8 MB
[runlim] sample:		269.8 time, 270.6 real, 1524.8 MB
[runlim] sample:		279.8 time, 280.6 real, 1525.1 MB
[runlim] sample:		289.8 time, 290.6 real, 1566.3 MB
[runlim] sample:		299.8 time, 300.6 real, 1807.1 MB
CVC4 interrupted by SIGTERM.
[runlim] end:			Tue Feb  5 10:02:58 2019
[runlim] status:		out of time
[runlim] result:		2
[runlim] children:		0
[runlim] real:			300.91 seconds
[runlim] time:			300.02 seconds
[runlim] space:			1812.5 MB
[runlim] samples:		3002
