[runlim] version:		1.10fixed
[runlim] time limit:		300 seconds
[runlim] real time limit:	311040000 seconds
[runlim] space limit:		4000 MB
[runlim] argv[0]:		./cvc4
[runlim] argv[1]:		--nl-ext-tplanes
[runlim] argv[2]:		--fmf-fun-rlv
[runlim] argv[3]:		/tmp/AQUyIiBz.smt2
[runlim] start:			Tue Feb  5 13:06:26 2019
[runlim] main pid:		18189
[runlim] sample:		7.8 time, 10.5 real, 91.1 MB
[runlim] sample:		17.8 time, 20.5 real, 325.8 MB
[runlim] sample:		26.1 time, 30.5 real, 425.3 MB
[runlim] sample:		34.1 time, 40.5 real, 520.5 MB
[runlim] sample:		43.4 time, 50.5 real, 525.5 MB
[runlim] sample:		52.0 time, 60.5 real, 679.5 MB
[runlim] sample:		60.8 time, 70.5 real, 938.6 MB
[runlim] sample:		70.7 time, 80.5 real, 1314.9 MB
[runlim] sample:		80.7 time, 90.5 real, 1616.2 MB
[runlim] sample:		90.7 time, 100.5 real, 1833.6 MB
[runlim] sample:		100.7 time, 110.5 real, 1837.2 MB
[runlim] sample:		110.7 time, 120.5 real, 1838.7 MB
[runlim] sample:		120.7 time, 130.5 real, 1838.7 MB
[runlim] sample:		130.7 time, 140.5 real, 1840.3 MB
[runlim] sample:		140.7 time, 150.5 real, 1841.3 MB
[runlim] sample:		150.7 time, 160.5 real, 1841.3 MB
[runlim] sample:		160.7 time, 170.5 real, 1910.9 MB
[runlim] sample:		169.8 time, 180.5 real, 1948.7 MB
[runlim] sample:		177.9 time, 190.5 real, 1955.9 MB
[runlim] sample:		187.5 time, 200.5 real, 1994.5 MB
[runlim] sample:		196.6 time, 210.5 real, 2001.8 MB
[runlim] sample:		205.4 time, 220.5 real, 2002.0 MB
[runlim] sample:		214.3 time, 230.5 real, 2002.0 MB
[runlim] sample:		222.9 time, 240.5 real, 2002.0 MB
[runlim] sample:		231.7 time, 250.5 real, 2002.0 MB
[runlim] sample:		241.7 time, 260.5 real, 2002.0 MB
[runlim] sample:		251.7 time, 270.5 real, 2002.0 MB
[runlim] sample:		261.7 time, 280.5 real, 2002.0 MB
[runlim] sample:		271.7 time, 290.5 real, 2002.0 MB
[runlim] sample:		281.6 time, 300.5 real, 2002.0 MB
[runlim] sample:		291.5 time, 310.5 real, 2002.0 MB
[runlim] end:			Tue Feb  5 13:11:45 2019
[runlim] status:		signal(9)
[runlim] result:		11
[runlim] children:		0
[runlim] real:			319.67 seconds
[runlim] time:			299.72 seconds
[runlim] space:			2002.0 MB
[runlim] samples:		3191
