[runlim] version:		1.10fixed
[runlim] time limit:		300 seconds
[runlim] real time limit:	311040000 seconds
[runlim] space limit:		4000 MB
[runlim] argv[0]:		./cvc4
[runlim] argv[1]:		--nl-ext-tplanes
[runlim] argv[2]:		--fmf-fun-rlv
[runlim] argv[3]:		/tmp/VDAUcyK1.smt2
[runlim] start:			Tue Feb  5 13:06:24 2019
[runlim] main pid:		17032
[runlim] sample:		9.3 time, 10.4 real, 98.6 MB
[runlim] sample:		19.3 time, 20.4 real, 285.7 MB
[runlim] sample:		29.3 time, 30.4 real, 336.8 MB
[runlim] sample:		39.3 time, 40.4 real, 681.3 MB
[runlim] sample:		49.3 time, 50.4 real, 1024.4 MB
[runlim] sample:		59.3 time, 60.4 real, 1193.6 MB
[runlim] sample:		69.2 time, 70.4 real, 1194.9 MB
[runlim] sample:		79.3 time, 80.4 real, 1196.7 MB
[runlim] sample:		89.2 time, 90.4 real, 1197.8 MB
[runlim] sample:		99.2 time, 100.4 real, 1279.4 MB
[runlim] sample:		109.2 time, 110.4 real, 1351.8 MB
[runlim] sample:		119.2 time, 120.4 real, 1355.7 MB
[runlim] sample:		129.2 time, 130.4 real, 1355.9 MB
[runlim] sample:		139.2 time, 140.4 real, 1355.9 MB
[runlim] sample:		149.2 time, 150.4 real, 1492.3 MB
[runlim] sample:		159.2 time, 160.4 real, 1777.5 MB
[runlim] sample:		169.2 time, 170.4 real, 2095.1 MB
[runlim] sample:		179.2 time, 180.4 real, 2537.1 MB
[runlim] sample:		189.2 time, 190.4 real, 2823.5 MB
[runlim] sample:		199.2 time, 200.4 real, 3118.4 MB
[runlim] sample:		209.2 time, 210.4 real, 3445.1 MB
CVC4 interrupted by SIGTERM.
[runlim] end:			Tue Feb  5 13:10:03 2019
[runlim] status:		out of memory
[runlim] result:		3
[runlim] children:		0
[runlim] real:			219.46 seconds
[runlim] time:			218.22 seconds
[runlim] space:			4010.7 MB
[runlim] samples:		2190
