[runlim] version:		1.10fixed
[runlim] time limit:		300 seconds
[runlim] real time limit:	311040000 seconds
[runlim] space limit:		4000 MB
[runlim] argv[0]:		./cvc4
[runlim] argv[1]:		--nl-ext-tplanes
[runlim] argv[2]:		--fmf-fun-rlv
[runlim] argv[3]:		/tmp/pjhpbcAn.smt2
[runlim] start:			Tue Jan 29 16:43:28 2019
[runlim] main pid:		11241
[runlim] sample:		9.0 time, 10.1 real, 32.6 MB
[runlim] sample:		17.9 time, 20.1 real, 43.7 MB
[runlim] sample:		27.0 time, 30.1 real, 45.7 MB
[runlim] sample:		37.0 time, 40.1 real, 47.4 MB
[runlim] sample:		47.0 time, 50.1 real, 49.5 MB
[runlim] sample:		57.0 time, 60.1 real, 50.0 MB
[runlim] sample:		67.0 time, 70.1 real, 51.3 MB
[runlim] sample:		77.0 time, 80.1 real, 52.5 MB
[runlim] sample:		87.0 time, 90.1 real, 56.9 MB
[runlim] sample:		97.0 time, 100.1 real, 58.9 MB
[runlim] sample:		106.9 time, 110.1 real, 60.5 MB
[runlim] sample:		116.9 time, 120.1 real, 62.6 MB
[runlim] sample:		126.9 time, 130.1 real, 65.4 MB
[runlim] sample:		136.9 time, 140.1 real, 66.9 MB
[runlim] sample:		146.9 time, 150.1 real, 68.2 MB
[runlim] sample:		156.9 time, 160.1 real, 68.9 MB
[runlim] sample:		166.9 time, 170.1 real, 70.7 MB
[runlim] sample:		176.9 time, 180.1 real, 71.5 MB
[runlim] sample:		186.9 time, 190.1 real, 72.8 MB
[runlim] sample:		196.9 time, 200.1 real, 76.9 MB
[runlim] sample:		206.9 time, 210.1 real, 78.1 MB
[runlim] sample:		216.9 time, 220.1 real, 80.7 MB
[runlim] sample:		226.9 time, 230.1 real, 81.2 MB
[runlim] sample:		236.9 time, 240.1 real, 82.2 MB
[runlim] sample:		246.6 time, 250.1 real, 87.0 MB
[runlim] sample:		256.6 time, 260.1 real, 89.6 MB
[runlim] sample:		266.6 time, 270.1 real, 90.6 MB
[runlim] sample:		276.6 time, 280.1 real, 91.4 MB
[runlim] sample:		286.6 time, 290.1 real, 96.2 MB
[runlim] sample:		296.3 time, 300.1 real, 96.7 MB
CVC4 interrupted by SIGTERM.
[runlim] end:			Tue Jan 29 16:48:32 2019
[runlim] status:		out of time
[runlim] result:		2
[runlim] children:		0
[runlim] real:			304.70 seconds
[runlim] time:			300.08 seconds
[runlim] space:			97.0 MB
[runlim] samples:		3046
