[runlim] version:		1.10fixed
[runlim] time limit:		300 seconds
[runlim] real time limit:	311040000 seconds
[runlim] space limit:		4000 MB
[runlim] argv[0]:		./cvc4
[runlim] argv[1]:		--nl-ext-tplanes
[runlim] argv[2]:		--fmf-fun-rlv
[runlim] argv[3]:		/tmp/da4XjtI4.smt2
[runlim] start:			Tue Feb  5 10:02:49 2019
[runlim] main pid:		4798
[runlim] sample:		9.9 time, 10.9 real, 48.7 MB
[runlim] sample:		19.9 time, 20.9 real, 249.8 MB
[runlim] sample:		29.9 time, 30.9 real, 504.6 MB
[runlim] sample:		39.9 time, 40.9 real, 685.7 MB
[runlim] sample:		49.9 time, 50.9 real, 688.5 MB
[runlim] sample:		59.9 time, 60.9 real, 688.5 MB
[runlim] sample:		69.9 time, 70.9 real, 688.8 MB
[runlim] sample:		79.9 time, 80.9 real, 688.8 MB
[runlim] sample:		89.9 time, 90.9 real, 689.1 MB
[runlim] sample:		99.7 time, 100.9 real, 689.3 MB
[runlim] sample:		109.3 time, 110.9 real, 689.3 MB
[runlim] sample:		118.0 time, 120.9 real, 689.6 MB
[runlim] sample:		126.5 time, 130.9 real, 689.6 MB
[runlim] sample:		134.0 time, 140.9 real, 689.8 MB
[runlim] sample:		141.6 time, 150.9 real, 689.8 MB
[runlim] sample:		150.4 time, 160.9 real, 690.1 MB
[runlim] sample:		158.1 time, 170.9 real, 690.3 MB
[runlim] sample:		166.2 time, 180.9 real, 690.3 MB
[runlim] sample:		176.2 time, 190.9 real, 690.6 MB
[runlim] sample:		185.5 time, 200.9 real, 690.6 MB
[runlim] sample:		194.0 time, 210.9 real, 690.6 MB
[runlim] sample:		202.6 time, 220.9 real, 690.9 MB
[runlim] sample:		212.2 time, 230.9 real, 690.9 MB
[runlim] sample:		221.9 time, 240.9 real, 691.1 MB
[runlim] sample:		231.2 time, 250.9 real, 691.4 MB
[runlim] sample:		241.2 time, 260.9 real, 691.4 MB
[runlim] sample:		250.4 time, 270.9 real, 691.9 MB
[runlim] sample:		259.4 time, 280.9 real, 692.1 MB
[runlim] sample:		268.1 time, 290.9 real, 692.4 MB
[runlim] sample:		276.1 time, 300.9 real, 692.4 MB
[runlim] sample:		284.9 time, 310.9 real, 692.7 MB
[runlim] sample:		294.0 time, 320.9 real, 692.9 MB
CVC4 interrupted by SIGTERM.
[runlim] end:			Tue Feb  5 10:08:15 2019
[runlim] status:		out of time
[runlim] result:		2
[runlim] children:		0
[runlim] real:			326.90 seconds
[runlim] time:			300.01 seconds
[runlim] space:			692.9 MB
[runlim] samples:		3260
