[runlim] version:		1.10fixed
[runlim] time limit:		300 seconds
[runlim] real time limit:	311040000 seconds
[runlim] space limit:		4000 MB
[runlim] argv[0]:		./cvc4
[runlim] argv[1]:		--nl-ext-tplanes
[runlim] argv[2]:		--fmf-fun-rlv
[runlim] argv[3]:		/tmp/s2jtFomU.smt2
[runlim] start:			Tue Feb  5 10:02:57 2019
[runlim] main pid:		4674
/tmp/s2jtFomU.smt2:4.12: No set-logic command was given before this point.
/tmp/s2jtFomU.smt2:4.12: CVC4 will make all theories available.
/tmp/s2jtFomU.smt2:4.12: Consider setting a stricter logic for (likely) better performance.
/tmp/s2jtFomU.smt2:4.12: To suppress this warning in the future use (set-logic ALL).
[runlim] sample:		8.7 time, 10.2 real, 43.3 MB
[runlim] sample:		18.4 time, 20.2 real, 50.7 MB
[runlim] sample:		28.0 time, 30.2 real, 55.3 MB
[runlim] sample:		38.0 time, 40.2 real, 59.6 MB
[runlim] sample:		47.6 time, 50.2 real, 61.8 MB
[runlim] sample:		57.6 time, 60.2 real, 64.6 MB
[runlim] sample:		67.6 time, 70.2 real, 67.6 MB
[runlim] sample:		76.8 time, 80.2 real, 69.1 MB
[runlim] sample:		86.4 time, 90.2 real, 78.9 MB
[runlim] sample:		96.1 time, 100.2 real, 80.7 MB
[runlim] sample:		105.8 time, 110.2 real, 83.2 MB
[runlim] sample:		113.8 time, 120.2 real, 84.9 MB
[runlim] sample:		123.8 time, 130.2 real, 85.1 MB
[runlim] sample:		133.8 time, 140.2 real, 87.9 MB
[runlim] sample:		142.6 time, 150.2 real, 89.7 MB
[runlim] sample:		150.3 time, 160.2 real, 89.9 MB
[runlim] sample:		158.1 time, 170.2 real, 90.9 MB
[runlim] sample:		167.8 time, 180.2 real, 91.9 MB
[runlim] sample:		177.8 time, 190.2 real, 93.2 MB
[runlim] sample:		187.8 time, 200.2 real, 96.3 MB
[runlim] sample:		197.7 time, 210.2 real, 99.6 MB
[runlim] sample:		206.7 time, 220.2 real, 100.8 MB
[runlim] sample:		216.1 time, 230.2 real, 101.3 MB
[runlim] sample:		225.6 time, 240.2 real, 108.6 MB
[runlim] sample:		235.3 time, 250.2 real, 109.1 MB
[runlim] sample:		244.9 time, 260.2 real, 109.6 MB
[runlim] sample:		254.6 time, 270.2 real, 110.3 MB
[runlim] sample:		264.2 time, 280.2 real, 111.0 MB
[runlim] sample:		273.5 time, 290.2 real, 117.5 MB
[runlim] sample:		283.5 time, 300.2 real, 119.0 MB
[runlim] sample:		292.2 time, 310.2 real, 119.5 MB
[runlim] end:			Tue Feb  5 10:08:14 2019
[runlim] status:		signal(9)
[runlim] result:		11
[runlim] children:		0
[runlim] real:			317.60 seconds
[runlim] time:			299.58 seconds
[runlim] space:			119.7 MB
[runlim] samples:		3174
