[runlim] version:		1.10fixed
[runlim] time limit:		300 seconds
[runlim] real time limit:	311040000 seconds
[runlim] space limit:		4000 MB
[runlim] argv[0]:		./cvc4
[runlim] argv[1]:		--nl-ext-tplanes
[runlim] argv[2]:		--fmf-fun-rlv
[runlim] argv[3]:		/tmp/WtC8hJ4p.smt2
[runlim] start:			Tue Feb  5 10:02:50 2019
[runlim] main pid:		3866
[runlim] sample:		8.9 time, 10.2 real, 47.5 MB
[runlim] sample:		18.9 time, 20.2 real, 173.6 MB
[runlim] sample:		28.9 time, 30.2 real, 464.6 MB
[runlim] sample:		38.9 time, 40.2 real, 689.1 MB
[runlim] sample:		48.9 time, 50.2 real, 757.4 MB
[runlim] sample:		58.9 time, 60.2 real, 757.7 MB
[runlim] sample:		68.9 time, 70.2 real, 757.7 MB
[runlim] sample:		78.9 time, 80.2 real, 757.9 MB
[runlim] sample:		88.9 time, 90.2 real, 758.2 MB
[runlim] sample:		98.9 time, 100.2 real, 758.2 MB
[runlim] sample:		108.9 time, 110.2 real, 758.4 MB
[runlim] sample:		118.9 time, 120.2 real, 758.7 MB
[runlim] sample:		128.9 time, 130.2 real, 758.7 MB
[runlim] sample:		138.9 time, 140.2 real, 759.0 MB
[runlim] sample:		148.9 time, 150.2 real, 759.0 MB
[runlim] sample:		158.9 time, 160.2 real, 759.2 MB
[runlim] sample:		168.9 time, 170.2 real, 759.5 MB
[runlim] sample:		178.8 time, 180.2 real, 759.5 MB
[runlim] sample:		188.8 time, 190.2 real, 759.7 MB
[runlim] sample:		198.8 time, 200.2 real, 760.0 MB
[runlim] sample:		208.8 time, 210.2 real, 760.0 MB
[runlim] sample:		218.8 time, 220.2 real, 760.2 MB
[runlim] sample:		228.8 time, 230.2 real, 760.2 MB
[runlim] sample:		238.8 time, 240.2 real, 760.5 MB
[runlim] sample:		248.8 time, 250.2 real, 760.8 MB
[runlim] sample:		258.8 time, 260.2 real, 761.0 MB
[runlim] sample:		268.8 time, 270.2 real, 761.3 MB
[runlim] sample:		278.8 time, 280.2 real, 762.6 MB
[runlim] sample:		288.8 time, 290.2 real, 765.1 MB
[runlim] sample:		298.8 time, 300.2 real, 765.1 MB
CVC4 interrupted by SIGTERM.
[runlim] end:			Tue Feb  5 10:07:51 2019
[runlim] status:		out of time
[runlim] result:		2
[runlim] children:		0
[runlim] real:			301.40 seconds
[runlim] time:			300.02 seconds
[runlim] space:			765.1 MB
[runlim] samples:		3012
