[runlim] version:		1.10fixed
[runlim] time limit:		300 seconds
[runlim] real time limit:	311040000 seconds
[runlim] space limit:		4000 MB
[runlim] argv[0]:		./cvc4
[runlim] argv[1]:		--nl-ext-tplanes
[runlim] argv[2]:		--fmf-fun-rlv
[runlim] argv[3]:		/tmp/SXyDolex.smt2
[runlim] start:			Tue Jan 29 16:43:37 2019
[runlim] main pid:		25547
[runlim] sample:		9.4 time, 10.2 real, 35.1 MB
[runlim] sample:		18.5 time, 20.2 real, 38.4 MB
[runlim] sample:		28.1 time, 30.2 real, 43.2 MB
[runlim] sample:		37.8 time, 40.2 real, 48.3 MB
[runlim] sample:		47.7 time, 50.2 real, 51.1 MB
[runlim] sample:		57.7 time, 60.2 real, 54.2 MB
[runlim] sample:		67.7 time, 70.2 real, 57.7 MB
[runlim] sample:		77.7 time, 80.2 real, 58.2 MB
[runlim] sample:		87.7 time, 90.2 real, 65.0 MB
[runlim] sample:		97.7 time, 100.2 real, 67.5 MB
[runlim] sample:		107.7 time, 110.2 real, 72.3 MB
[runlim] sample:		117.7 time, 120.2 real, 73.3 MB
[runlim] sample:		127.4 time, 130.2 real, 76.9 MB
[runlim] sample:		137.1 time, 140.2 real, 77.9 MB
[runlim] sample:		146.8 time, 150.2 real, 81.5 MB
[runlim] sample:		156.7 time, 160.2 real, 86.9 MB
[runlim] sample:		166.6 time, 170.2 real, 88.6 MB
[runlim] sample:		175.7 time, 180.2 real, 88.9 MB
[runlim] sample:		184.0 time, 190.2 real, 89.4 MB
[runlim] sample:		194.0 time, 200.2 real, 91.1 MB
[runlim] sample:		204.0 time, 210.2 real, 92.4 MB
[runlim] sample:		213.9 time, 220.2 real, 94.4 MB
[runlim] sample:		223.9 time, 230.2 real, 95.6 MB
[runlim] sample:		233.6 time, 240.2 real, 96.6 MB
[runlim] sample:		243.2 time, 250.2 real, 98.4 MB
[runlim] sample:		251.1 time, 260.2 real, 99.1 MB
[runlim] sample:		260.5 time, 270.2 real, 100.4 MB
[runlim] sample:		270.5 time, 280.2 real, 101.4 MB
[runlim] sample:		279.4 time, 290.2 real, 107.0 MB
[runlim] sample:		289.4 time, 300.2 real, 107.5 MB
[runlim] sample:		298.8 time, 310.2 real, 108.2 MB
CVC4 interrupted by SIGTERM.
[runlim] end:			Tue Jan 29 16:48:48 2019
[runlim] status:		out of time
[runlim] result:		2
[runlim] children:		0
[runlim] real:			311.91 seconds
[runlim] time:			300.04 seconds
[runlim] space:			108.2 MB
[runlim] samples:		3117
