[runlim] version:		1.10fixed
[runlim] time limit:		300 seconds
[runlim] real time limit:	311040000 seconds
[runlim] space limit:		4000 MB
[runlim] argv[0]:		./cvc4
[runlim] argv[1]:		--nl-ext-tplanes
[runlim] argv[2]:		--fmf-fun-rlv
[runlim] argv[3]:		/tmp/8l8Mz3Kh.smt2
[runlim] start:			Tue Feb  5 13:06:36 2019
[runlim] main pid:		15804
/tmp/8l8Mz3Kh.smt2:4.12: No set-logic command was given before this point.
/tmp/8l8Mz3Kh.smt2:4.12: CVC4 will make all theories available.
/tmp/8l8Mz3Kh.smt2:4.12: Consider setting a stricter logic for (likely) better performance.
/tmp/8l8Mz3Kh.smt2:4.12: To suppress this warning in the future use (set-logic ALL).
[runlim] sample:		9.1 time, 10.7 real, 44.7 MB
[runlim] sample:		19.0 time, 20.7 real, 54.3 MB
[runlim] sample:		29.0 time, 30.7 real, 55.7 MB
[runlim] sample:		39.0 time, 40.7 real, 61.7 MB
[runlim] sample:		49.0 time, 50.7 real, 62.9 MB
[runlim] sample:		58.9 time, 60.7 real, 63.5 MB
[runlim] sample:		68.5 time, 70.7 real, 64.0 MB
[runlim] sample:		78.2 time, 80.7 real, 64.7 MB
[runlim] sample:		87.8 time, 90.7 real, 66.2 MB
[runlim] sample:		97.5 time, 100.7 real, 67.7 MB
[runlim] sample:		107.2 time, 110.7 real, 68.5 MB
[runlim] sample:		117.2 time, 120.7 real, 69.8 MB
[runlim] sample:		127.2 time, 130.7 real, 70.6 MB
[runlim] sample:		137.2 time, 140.7 real, 71.6 MB
[runlim] sample:		146.4 time, 150.7 real, 72.6 MB
[runlim] sample:		155.4 time, 160.7 real, 72.9 MB
[runlim] sample:		164.2 time, 170.7 real, 73.7 MB
[runlim] sample:		173.9 time, 180.7 real, 74.4 MB
[runlim] sample:		183.8 time, 190.7 real, 75.5 MB
[runlim] sample:		193.8 time, 200.7 real, 76.7 MB
[runlim] sample:		203.8 time, 210.7 real, 76.7 MB
[runlim] sample:		213.8 time, 220.7 real, 77.5 MB
[runlim] sample:		223.8 time, 230.7 real, 78.3 MB
[runlim] sample:		233.5 time, 240.7 real, 79.8 MB
[runlim] sample:		243.2 time, 250.7 real, 80.8 MB
[runlim] sample:		252.8 time, 260.7 real, 81.1 MB
[runlim] sample:		262.5 time, 270.7 real, 81.9 MB
[runlim] sample:		272.5 time, 280.7 real, 82.9 MB
[runlim] sample:		282.5 time, 290.7 real, 83.7 MB
[runlim] sample:		292.5 time, 300.7 real, 85.5 MB
CVC4 interrupted by SIGTERM.
[runlim] end:			Tue Feb  5 13:11:44 2019
[runlim] status:		out of time
[runlim] result:		2
[runlim] children:		0
[runlim] real:			308.37 seconds
[runlim] time:			300.06 seconds
[runlim] space:			85.5 MB
[runlim] samples:		3076
