[runlim] version:		1.10fixed
[runlim] time limit:		300 seconds
[runlim] real time limit:	311040000 seconds
[runlim] space limit:		4000 MB
[runlim] argv[0]:		./cvc4
[runlim] argv[1]:		--nl-ext-tplanes
[runlim] argv[2]:		--fmf-fun-rlv
[runlim] argv[3]:		/tmp/6CE77aoL.smt2
[runlim] start:			Tue Feb  5 13:06:23 2019
[runlim] main pid:		31199
[runlim] sample:		9.7 time, 10.2 real, 158.8 MB
[runlim] sample:		19.6 time, 20.2 real, 282.5 MB
[runlim] sample:		29.6 time, 30.2 real, 482.8 MB
[runlim] sample:		39.6 time, 40.2 real, 847.0 MB
[runlim] sample:		49.7 time, 50.2 real, 868.4 MB
[runlim] sample:		59.6 time, 60.2 real, 869.9 MB
[runlim] sample:		69.7 time, 70.2 real, 871.2 MB
[runlim] sample:		79.6 time, 80.2 real, 998.5 MB
[runlim] sample:		89.6 time, 90.2 real, 1004.9 MB
[runlim] sample:		99.6 time, 100.2 real, 1006.0 MB
[runlim] sample:		109.6 time, 110.2 real, 1253.4 MB
[runlim] sample:		119.6 time, 120.2 real, 1534.1 MB
[runlim] sample:		129.6 time, 130.2 real, 1825.2 MB
[runlim] sample:		139.6 time, 140.2 real, 2250.1 MB
[runlim] sample:		149.6 time, 150.2 real, 2587.0 MB
[runlim] sample:		159.6 time, 160.2 real, 2919.3 MB
[runlim] sample:		169.6 time, 170.2 real, 3258.6 MB
[runlim] sample:		179.6 time, 180.2 real, 3290.8 MB
[runlim] sample:		189.6 time, 190.2 real, 3290.8 MB
[runlim] sample:		199.6 time, 200.2 real, 3290.8 MB
[runlim] sample:		209.6 time, 210.2 real, 3291.1 MB
[runlim] sample:		219.6 time, 220.2 real, 3300.6 MB
[runlim] sample:		229.6 time, 230.2 real, 3343.7 MB
[runlim] sample:		239.6 time, 240.2 real, 3343.7 MB
[runlim] sample:		249.6 time, 250.2 real, 3345.0 MB
[runlim] sample:		259.6 time, 260.2 real, 3345.0 MB
[runlim] sample:		269.6 time, 270.2 real, 3345.0 MB
[runlim] sample:		279.6 time, 280.2 real, 3346.3 MB
[runlim] sample:		289.6 time, 290.2 real, 3346.3 MB
[runlim] sample:		299.6 time, 300.2 real, 3346.3 MB
CVC4 interrupted by SIGTERM.
[runlim] end:			Tue Feb  5 13:11:23 2019
[runlim] status:		out of time
[runlim] result:		2
[runlim] children:		0
[runlim] real:			300.77 seconds
[runlim] time:			300.10 seconds
[runlim] space:			3346.3 MB
[runlim] samples:		3005
