[runlim] version:		1.10fixed
[runlim] time limit:		300 seconds
[runlim] real time limit:	311040000 seconds
[runlim] space limit:		4000 MB
[runlim] argv[0]:		./cvc4
[runlim] argv[1]:		--nl-ext-tplanes
[runlim] argv[2]:		--fmf-fun-rlv
[runlim] argv[3]:		/tmp/ZnA7yB0W.smt2
[runlim] start:			Tue Jan 29 16:42:04 2019
[runlim] main pid:		2803
[runlim] sample:		7.8 time, 10.4 real, 27.0 MB
[runlim] sample:		16.9 time, 20.4 real, 28.3 MB
[runlim] sample:		26.9 time, 30.4 real, 29.1 MB
[runlim] sample:		36.9 time, 40.4 real, 30.1 MB
[runlim] sample:		46.9 time, 50.4 real, 30.9 MB
[runlim] sample:		56.9 time, 60.4 real, 31.4 MB
[runlim] sample:		66.9 time, 70.4 real, 32.2 MB
[runlim] sample:		76.9 time, 80.4 real, 32.5 MB
[runlim] sample:		86.9 time, 90.4 real, 32.7 MB
[runlim] sample:		96.9 time, 100.4 real, 33.0 MB
[runlim] sample:		106.9 time, 110.4 real, 33.2 MB
[runlim] sample:		116.9 time, 120.4 real, 33.5 MB
[runlim] sample:		126.9 time, 130.4 real, 34.0 MB
[runlim] sample:		136.9 time, 140.4 real, 34.5 MB
[runlim] sample:		145.8 time, 150.4 real, 34.5 MB
[runlim] sample:		154.4 time, 160.4 real, 34.8 MB
[runlim] sample:		163.0 time, 170.4 real, 35.0 MB
[runlim] sample:		172.3 time, 180.4 real, 35.3 MB
[runlim] sample:		181.9 time, 190.4 real, 35.3 MB
[runlim] sample:		191.1 time, 200.4 real, 35.5 MB
[runlim] sample:		199.8 time, 210.4 real, 35.5 MB
[runlim] sample:		209.0 time, 220.4 real, 36.3 MB
[runlim] sample:		217.6 time, 230.4 real, 36.3 MB
[runlim] sample:		226.9 time, 240.4 real, 36.3 MB
[runlim] sample:		236.4 time, 250.4 real, 36.8 MB
[runlim] sample:		246.4 time, 260.4 real, 36.8 MB
[runlim] sample:		256.4 time, 270.4 real, 37.1 MB
[runlim] sample:		266.4 time, 280.4 real, 37.4 MB
[runlim] sample:		276.4 time, 290.4 real, 37.6 MB
[runlim] sample:		286.4 time, 300.4 real, 37.6 MB
[runlim] end:			Tue Jan 29 16:47:13 2019
[runlim] status:		signal(9)
[runlim] result:		11
[runlim] children:		0
[runlim] real:			309.29 seconds
[runlim] time:			295.30 seconds
[runlim] space:			37.9 MB
[runlim] samples:		3089
