[runlim] version:		1.10fixed
[runlim] time limit:		300 seconds
[runlim] real time limit:	311040000 seconds
[runlim] space limit:		4000 MB
[runlim] argv[0]:		./cvc4
[runlim] argv[1]:		--nl-ext-tplanes
[runlim] argv[2]:		--fmf-fun-rlv
[runlim] argv[3]:		/tmp/9cBKTdms.smt2
[runlim] start:			Tue Feb  5 09:57:58 2019
[runlim] main pid:		27729
[runlim] sample:		8.7 time, 10.0 real, 141.9 MB
[runlim] sample:		18.7 time, 20.0 real, 249.0 MB
[runlim] sample:		28.7 time, 30.0 real, 356.2 MB
[runlim] sample:		38.7 time, 40.0 real, 438.4 MB
[runlim] sample:		48.7 time, 50.0 real, 771.8 MB
[runlim] sample:		58.7 time, 60.0 real, 807.9 MB
[runlim] sample:		68.7 time, 70.0 real, 808.4 MB
[runlim] sample:		78.5 time, 80.0 real, 816.7 MB
[runlim] sample:		88.1 time, 90.0 real, 847.3 MB
[runlim] sample:		97.8 time, 100.0 real, 985.2 MB
[runlim] sample:		107.4 time, 110.0 real, 1343.1 MB
[runlim] sample:		117.1 time, 120.0 real, 1504.8 MB
[runlim] sample:		126.8 time, 130.0 real, 1505.0 MB
[runlim] sample:		136.4 time, 140.0 real, 1505.0 MB
[runlim] sample:		146.1 time, 150.0 real, 1505.0 MB
[runlim] sample:		155.8 time, 160.0 real, 1505.0 MB
[runlim] sample:		165.4 time, 170.0 real, 1505.0 MB
[runlim] sample:		175.1 time, 180.0 real, 1505.0 MB
[runlim] sample:		184.7 time, 190.0 real, 1505.0 MB
[runlim] sample:		194.4 time, 200.0 real, 1505.0 MB
[runlim] sample:		204.1 time, 210.0 real, 1505.0 MB
[runlim] sample:		213.7 time, 220.0 real, 1505.0 MB
[runlim] sample:		221.8 time, 230.0 real, 1505.0 MB
[runlim] sample:		230.8 time, 240.0 real, 1514.8 MB
[runlim] sample:		240.8 time, 250.0 real, 1529.7 MB
[runlim] sample:		250.8 time, 260.0 real, 1529.7 MB
[runlim] sample:		260.8 time, 270.0 real, 1529.7 MB
[runlim] sample:		270.8 time, 280.0 real, 1529.9 MB
[runlim] sample:		278.8 time, 290.0 real, 1529.9 MB
[runlim] sample:		288.2 time, 300.0 real, 1553.4 MB
[runlim] sample:		298.2 time, 310.0 real, 1775.1 MB
[runlim] end:			Tue Feb  5 10:03:08 2019
[runlim] status:		signal(9)
[runlim] result:		11
[runlim] children:		0
[runlim] real:			310.25 seconds
[runlim] time:			298.38 seconds
[runlim] space:			1777.9 MB
[runlim] samples:		3102
