[runlim] version:		1.10fixed
[runlim] time limit:		300 seconds
[runlim] real time limit:	311040000 seconds
[runlim] space limit:		4000 MB
[runlim] argv[0]:		./cvc4
[runlim] argv[1]:		--nl-ext-tplanes
[runlim] argv[2]:		--fmf-fun-rlv
[runlim] argv[3]:		/tmp/6NspwOH7.smt2
[runlim] start:			Tue Feb  5 10:02:43 2019
[runlim] main pid:		19044
[runlim] sample:		9.3 time, 10.0 real, 46.5 MB
[runlim] sample:		19.3 time, 20.0 real, 195.7 MB
[runlim] sample:		28.9 time, 30.0 real, 496.9 MB
[runlim] sample:		38.9 time, 40.0 real, 662.1 MB
[runlim] sample:		48.9 time, 50.0 real, 688.4 MB
[runlim] sample:		58.2 time, 60.0 real, 688.4 MB
[runlim] sample:		68.2 time, 70.0 real, 688.4 MB
[runlim] sample:		78.2 time, 80.0 real, 688.6 MB
[runlim] sample:		88.2 time, 90.0 real, 688.9 MB
[runlim] sample:		98.2 time, 100.0 real, 688.9 MB
[runlim] sample:		108.2 time, 110.0 real, 689.2 MB
[runlim] sample:		118.2 time, 120.0 real, 689.4 MB
[runlim] sample:		128.1 time, 130.0 real, 689.4 MB
[runlim] sample:		137.8 time, 140.0 real, 689.7 MB
[runlim] sample:		147.7 time, 150.0 real, 689.9 MB
[runlim] sample:		157.7 time, 160.0 real, 690.2 MB
[runlim] sample:		167.7 time, 170.0 real, 690.2 MB
[runlim] sample:		177.7 time, 180.0 real, 690.4 MB
[runlim] sample:		187.3 time, 190.0 real, 690.4 MB
[runlim] sample:		196.2 time, 200.0 real, 690.4 MB
[runlim] sample:		206.2 time, 210.0 real, 690.7 MB
[runlim] sample:		216.2 time, 220.0 real, 691.0 MB
[runlim] sample:		226.2 time, 230.0 real, 691.0 MB
[runlim] sample:		236.2 time, 240.0 real, 691.2 MB
[runlim] sample:		246.2 time, 250.0 real, 691.7 MB
[runlim] sample:		256.2 time, 260.0 real, 692.0 MB
[runlim] sample:		266.2 time, 270.0 real, 692.3 MB
[runlim] sample:		276.2 time, 280.0 real, 692.3 MB
[runlim] sample:		286.2 time, 290.0 real, 692.5 MB
[runlim] sample:		296.2 time, 300.0 real, 692.8 MB
CVC4 interrupted by SIGTERM.
[runlim] end:			Tue Feb  5 10:07:46 2019
[runlim] status:		out of time
[runlim] result:		2
[runlim] children:		0
[runlim] real:			303.87 seconds
[runlim] time:			300.02 seconds
[runlim] space:			692.8 MB
[runlim] samples:		3038
