[runlim] version:		1.10fixed
[runlim] time limit:		300 seconds
[runlim] real time limit:	311040000 seconds
[runlim] space limit:		4000 MB
[runlim] argv[0]:		./cvc4
[runlim] argv[1]:		--nl-ext-tplanes
[runlim] argv[2]:		--fmf-fun-rlv
[runlim] argv[3]:		/tmp/VFD8U5NR.smt2
[runlim] start:			Tue Feb  5 09:58:02 2019
[runlim] main pid:		19476
[runlim] sample:		9.8 time, 10.0 real, 210.4 MB
[runlim] sample:		19.8 time, 20.0 real, 571.8 MB
[runlim] sample:		29.8 time, 30.0 real, 789.5 MB
[runlim] sample:		39.8 time, 40.0 real, 789.5 MB
[runlim] sample:		49.8 time, 50.0 real, 789.5 MB
[runlim] sample:		59.8 time, 60.0 real, 789.5 MB
[runlim] sample:		69.8 time, 70.0 real, 789.5 MB
[runlim] sample:		79.8 time, 80.0 real, 789.5 MB
[runlim] sample:		89.8 time, 90.0 real, 789.5 MB
[runlim] sample:		99.8 time, 100.0 real, 990.0 MB
[runlim] sample:		109.8 time, 110.0 real, 1374.9 MB
[runlim] sample:		119.8 time, 120.0 real, 1663.4 MB
[runlim] sample:		129.8 time, 130.0 real, 1964.3 MB
[runlim] sample:		139.8 time, 140.0 real, 2448.5 MB
[runlim] sample:		149.8 time, 150.0 real, 2795.5 MB
[runlim] sample:		159.8 time, 160.0 real, 3132.7 MB
[runlim] sample:		169.8 time, 170.0 real, 3464.5 MB
[runlim] sample:		179.8 time, 180.0 real, 3525.1 MB
[runlim] sample:		189.8 time, 190.0 real, 3525.4 MB
[runlim] sample:		199.8 time, 200.0 real, 3526.1 MB
[runlim] sample:		209.8 time, 210.0 real, 3526.1 MB
[runlim] sample:		219.8 time, 220.0 real, 3526.1 MB
[runlim] sample:		229.8 time, 230.0 real, 3526.1 MB
[runlim] sample:		239.8 time, 240.0 real, 3526.1 MB
[runlim] sample:		249.8 time, 250.0 real, 3526.1 MB
[runlim] sample:		259.8 time, 260.0 real, 3526.1 MB
[runlim] sample:		269.8 time, 270.0 real, 3526.1 MB
[runlim] sample:		279.8 time, 280.0 real, 3608.9 MB
[runlim] sample:		289.8 time, 290.0 real, 3609.1 MB
[runlim] sample:		299.8 time, 300.0 real, 3609.1 MB
CVC4 interrupted by SIGTERM.
[runlim] end:			Tue Feb  5 10:03:02 2019
[runlim] status:		out of time
[runlim] result:		2
[runlim] children:		0
[runlim] real:			300.45 seconds
[runlim] time:			300.17 seconds
[runlim] space:			3609.1 MB
[runlim] samples:		3004
