[runlim] version:		1.10fixed
[runlim] time limit:		300 seconds
[runlim] real time limit:	311040000 seconds
[runlim] space limit:		4000 MB
[runlim] argv[0]:		./cvc4
[runlim] argv[1]:		--nl-ext-tplanes
[runlim] argv[2]:		--fmf-fun-rlv
[runlim] argv[3]:		/tmp/H0asQ5uw.smt2
[runlim] start:			Tue Jan 29 16:44:01 2019
[runlim] main pid:		25524
[runlim] sample:		9.8 time, 10.1 real, 39.3 MB
[runlim] sample:		19.8 time, 20.1 real, 43.3 MB
[runlim] sample:		29.8 time, 30.1 real, 47.3 MB
[runlim] sample:		39.8 time, 40.1 real, 52.6 MB
[runlim] sample:		49.8 time, 50.1 real, 58.2 MB
[runlim] sample:		59.8 time, 60.1 real, 59.7 MB
[runlim] sample:		69.8 time, 70.1 real, 62.2 MB
[runlim] sample:		79.8 time, 80.1 real, 65.2 MB
[runlim] sample:		89.2 time, 90.1 real, 67.8 MB
[runlim] sample:		99.2 time, 100.1 real, 71.3 MB
[runlim] sample:		109.2 time, 110.1 real, 74.0 MB
[runlim] sample:		119.2 time, 120.1 real, 76.5 MB
[runlim] sample:		129.2 time, 130.1 real, 78.6 MB
[runlim] sample:		138.7 time, 140.1 real, 81.4 MB
[runlim] sample:		146.0 time, 150.1 real, 83.2 MB
[runlim] sample:		155.1 time, 160.1 real, 84.7 MB
[runlim] sample:		165.0 time, 170.1 real, 90.1 MB
[runlim] sample:		173.4 time, 180.1 real, 94.2 MB
[runlim] sample:		181.8 time, 190.1 real, 97.3 MB
[runlim] sample:		191.8 time, 200.1 real, 103.3 MB
[runlim] sample:		201.8 time, 210.1 real, 105.6 MB
[runlim] sample:		211.1 time, 220.1 real, 106.6 MB
[runlim] sample:		221.1 time, 230.1 real, 107.3 MB
[runlim] sample:		231.1 time, 240.1 real, 109.6 MB
[runlim] sample:		239.7 time, 250.1 real, 111.4 MB
[runlim] sample:		248.3 time, 260.1 real, 112.9 MB
[runlim] sample:		256.9 time, 270.1 real, 113.1 MB
[runlim] sample:		265.5 time, 280.1 real, 115.4 MB
[runlim] sample:		274.6 time, 290.1 real, 115.9 MB
[runlim] sample:		284.5 time, 300.1 real, 116.4 MB
[runlim] sample:		293.2 time, 310.1 real, 117.4 MB
CVC4 interrupted by SIGTERM.
[runlim] end:			Tue Jan 29 16:49:19 2019
[runlim] status:		out of time
[runlim] result:		2
[runlim] children:		0
[runlim] real:			318.05 seconds
[runlim] time:			300.01 seconds
[runlim] space:			118.7 MB
[runlim] samples:		3179
