[runlim] version:		1.10fixed
[runlim] time limit:		300 seconds
[runlim] real time limit:	311040000 seconds
[runlim] space limit:		4000 MB
[runlim] argv[0]:		./cvc4
[runlim] argv[1]:		--nl-ext-tplanes
[runlim] argv[2]:		--fmf-fun-rlv
[runlim] argv[3]:		/tmp/x0OlvY3E.smt2
[runlim] start:			Tue Feb  5 13:06:30 2019
[runlim] main pid:		10902
[runlim] sample:		8.3 time, 10.8 real, 54.7 MB
[runlim] sample:		16.7 time, 20.8 real, 67.3 MB
[runlim] sample:		25.8 time, 30.8 real, 178.7 MB
[runlim] sample:		35.8 time, 40.8 real, 474.8 MB
[runlim] sample:		45.8 time, 50.8 real, 766.9 MB
[runlim] sample:		55.8 time, 60.8 real, 1082.8 MB
[runlim] sample:		65.5 time, 70.8 real, 1276.8 MB
[runlim] sample:		75.5 time, 80.8 real, 1408.6 MB
[runlim] sample:		84.5 time, 90.8 real, 1485.9 MB
[runlim] sample:		93.3 time, 100.8 real, 1548.0 MB
[runlim] sample:		103.1 time, 110.8 real, 1567.9 MB
[runlim] sample:		112.6 time, 120.8 real, 1567.9 MB
[runlim] sample:		122.6 time, 130.8 real, 1567.9 MB
[runlim] sample:		132.6 time, 140.8 real, 1568.1 MB
[runlim] sample:		142.6 time, 150.8 real, 1568.1 MB
[runlim] sample:		152.6 time, 160.8 real, 1568.1 MB
[runlim] sample:		162.6 time, 170.8 real, 1568.1 MB
[runlim] sample:		172.6 time, 180.8 real, 1568.4 MB
[runlim] sample:		182.6 time, 190.8 real, 1568.4 MB
[runlim] sample:		192.6 time, 200.8 real, 1568.4 MB
[runlim] sample:		202.5 time, 210.8 real, 1568.4 MB
[runlim] sample:		212.5 time, 220.8 real, 1568.4 MB
[runlim] sample:		222.5 time, 230.8 real, 1568.4 MB
[runlim] sample:		231.6 time, 240.8 real, 1568.4 MB
[runlim] sample:		241.5 time, 250.8 real, 1568.6 MB
[runlim] sample:		251.5 time, 260.8 real, 1568.6 MB
[runlim] sample:		261.4 time, 270.8 real, 1568.6 MB
[runlim] sample:		271.4 time, 280.8 real, 1568.9 MB
[runlim] sample:		281.4 time, 290.8 real, 1568.9 MB
[runlim] sample:		291.4 time, 300.8 real, 1568.9 MB
CVC4 interrupted by SIGTERM.
[runlim] end:			Tue Feb  5 13:11:39 2019
[runlim] status:		out of time
[runlim] result:		2
[runlim] children:		0
[runlim] real:			309.47 seconds
[runlim] time:			300.05 seconds
[runlim] space:			1568.9 MB
[runlim] samples:		3086
