[runlim] version:		1.10fixed
[runlim] time limit:		300 seconds
[runlim] real time limit:	311040000 seconds
[runlim] space limit:		4000 MB
[runlim] argv[0]:		./cvc4
[runlim] argv[1]:		--nl-ext-tplanes
[runlim] argv[2]:		--fmf-fun-rlv
[runlim] argv[3]:		/tmp/qG1RX8zq.smt2
[runlim] start:			Tue Feb  5 09:57:59 2019
[runlim] main pid:		28132
[runlim] sample:		8.9 time, 10.9 real, 181.5 MB
[runlim] sample:		18.9 time, 20.9 real, 496.9 MB
[runlim] sample:		28.9 time, 30.9 real, 723.7 MB
[runlim] sample:		38.9 time, 40.9 real, 723.7 MB
[runlim] sample:		48.9 time, 50.9 real, 723.7 MB
[runlim] sample:		58.9 time, 60.9 real, 723.7 MB
[runlim] sample:		68.8 time, 70.9 real, 723.7 MB
[runlim] sample:		78.8 time, 80.9 real, 723.7 MB
[runlim] sample:		88.8 time, 90.9 real, 723.7 MB
[runlim] sample:		98.8 time, 100.9 real, 907.3 MB
[runlim] sample:		108.8 time, 110.9 real, 1303.6 MB
[runlim] sample:		118.8 time, 120.9 real, 1615.5 MB
[runlim] sample:		128.8 time, 130.9 real, 1921.6 MB
[runlim] sample:		138.8 time, 140.9 real, 2400.2 MB
[runlim] sample:		148.8 time, 150.9 real, 2749.5 MB
[runlim] sample:		158.8 time, 160.9 real, 3080.6 MB
[runlim] sample:		168.8 time, 170.9 real, 3265.7 MB
[runlim] sample:		178.8 time, 180.9 real, 3313.1 MB
[runlim] sample:		188.8 time, 190.9 real, 3488.9 MB
[runlim] sample:		198.8 time, 200.9 real, 3488.9 MB
[runlim] sample:		208.8 time, 210.9 real, 3488.9 MB
[runlim] sample:		218.8 time, 220.9 real, 3488.9 MB
[runlim] sample:		228.8 time, 230.9 real, 3488.9 MB
[runlim] sample:		238.8 time, 240.9 real, 3488.9 MB
[runlim] sample:		248.8 time, 250.9 real, 3488.9 MB
[runlim] sample:		258.8 time, 260.9 real, 3488.9 MB
[runlim] sample:		268.8 time, 270.9 real, 3555.7 MB
[runlim] sample:		278.8 time, 280.9 real, 3555.7 MB
[runlim] sample:		288.8 time, 290.9 real, 3555.7 MB
[runlim] sample:		298.8 time, 300.9 real, 3555.7 MB
CVC4 interrupted by SIGTERM.
[runlim] end:			Tue Feb  5 10:03:01 2019
[runlim] status:		out of time
[runlim] result:		2
[runlim] children:		0
[runlim] real:			302.32 seconds
[runlim] time:			300.19 seconds
[runlim] space:			3555.7 MB
[runlim] samples:		3014
