[runlim] version:		1.10fixed
[runlim] time limit:		300 seconds
[runlim] real time limit:	311040000 seconds
[runlim] space limit:		4000 MB
[runlim] argv[0]:		./cvc4
[runlim] argv[1]:		--nl-ext-tplanes
[runlim] argv[2]:		--fmf-fun-rlv
[runlim] argv[3]:		/tmp/WIJ9VM1C.smt2
[runlim] start:			Tue Feb  5 10:02:59 2019
[runlim] main pid:		4775
/tmp/WIJ9VM1C.smt2:4.12: No set-logic command was given before this point.
/tmp/WIJ9VM1C.smt2:4.12: CVC4 will make all theories available.
/tmp/WIJ9VM1C.smt2:4.12: Consider setting a stricter logic for (likely) better performance.
/tmp/WIJ9VM1C.smt2:4.12: To suppress this warning in the future use (set-logic ALL).
[runlim] sample:		10.0 time, 10.8 real, 41.9 MB
[runlim] sample:		20.0 time, 20.8 real, 53.8 MB
[runlim] sample:		29.5 time, 30.8 real, 60.7 MB
[runlim] sample:		38.3 time, 40.8 real, 61.7 MB
[runlim] sample:		48.3 time, 50.8 real, 63.0 MB
[runlim] sample:		58.3 time, 60.8 real, 64.0 MB
[runlim] sample:		67.8 time, 70.8 real, 64.8 MB
[runlim] sample:		76.5 time, 80.8 real, 65.5 MB
[runlim] sample:		85.4 time, 90.8 real, 65.8 MB
[runlim] sample:		94.0 time, 100.8 real, 66.8 MB
[runlim] sample:		104.0 time, 110.8 real, 68.1 MB
[runlim] sample:		114.0 time, 120.8 real, 69.1 MB
[runlim] sample:		124.0 time, 130.8 real, 69.9 MB
[runlim] sample:		134.0 time, 140.8 real, 70.7 MB
[runlim] sample:		144.0 time, 150.8 real, 72.2 MB
[runlim] sample:		154.0 time, 160.8 real, 73.0 MB
[runlim] sample:		164.0 time, 170.8 real, 73.8 MB
[runlim] sample:		174.0 time, 180.8 real, 74.8 MB
[runlim] sample:		182.7 time, 190.8 real, 75.6 MB
[runlim] sample:		191.6 time, 200.8 real, 76.4 MB
[runlim] sample:		199.6 time, 210.8 real, 77.9 MB
[runlim] sample:		209.0 time, 220.8 real, 78.2 MB
[runlim] sample:		218.8 time, 230.8 real, 79.2 MB
[runlim] sample:		226.9 time, 240.8 real, 80.7 MB
[runlim] sample:		235.0 time, 250.8 real, 81.0 MB
[runlim] sample:		244.9 time, 260.8 real, 82.0 MB
[runlim] sample:		254.9 time, 270.8 real, 82.5 MB
[runlim] sample:		264.9 time, 280.8 real, 83.6 MB
[runlim] sample:		274.9 time, 290.8 real, 84.4 MB
[runlim] sample:		284.1 time, 300.8 real, 85.1 MB
[runlim] sample:		294.1 time, 310.8 real, 85.9 MB
[runlim] end:			Tue Feb  5 10:08:12 2019
[runlim] status:		signal(9)
[runlim] result:		11
[runlim] children:		0
[runlim] real:			313.95 seconds
[runlim] time:			297.17 seconds
[runlim] space:			85.9 MB
[runlim] samples:		3131
