[runlim] version:		1.10fixed
[runlim] time limit:		300 seconds
[runlim] real time limit:	311040000 seconds
[runlim] space limit:		4000 MB
[runlim] argv[0]:		./cvc4
[runlim] argv[1]:		--nl-ext-tplanes
[runlim] argv[2]:		--fmf-fun-rlv
[runlim] argv[3]:		/tmp/XW4vdIYw.smt2
[runlim] start:			Tue Feb  5 09:59:50 2019
[runlim] main pid:		24426
[runlim] sample:		9.3 time, 10.2 real, 50.9 MB
[runlim] sample:		18.6 time, 20.2 real, 266.8 MB
[runlim] sample:		28.2 time, 30.2 real, 526.4 MB
[runlim] sample:		37.8 time, 40.2 real, 686.9 MB
[runlim] sample:		47.2 time, 50.2 real, 687.4 MB
[runlim] sample:		56.8 time, 60.2 real, 687.6 MB
[runlim] sample:		66.5 time, 70.2 real, 687.6 MB
[runlim] sample:		76.1 time, 80.2 real, 687.9 MB
[runlim] sample:		85.4 time, 90.2 real, 688.2 MB
[runlim] sample:		94.4 time, 100.2 real, 688.2 MB
[runlim] sample:		103.4 time, 110.2 real, 688.4 MB
[runlim] sample:		112.5 time, 120.2 real, 688.7 MB
[runlim] sample:		121.5 time, 130.2 real, 688.7 MB
[runlim] sample:		130.5 time, 140.2 real, 688.9 MB
[runlim] sample:		139.6 time, 150.2 real, 689.2 MB
[runlim] sample:		148.6 time, 160.2 real, 689.2 MB
[runlim] sample:		157.7 time, 170.2 real, 689.2 MB
[runlim] sample:		166.9 time, 180.2 real, 689.4 MB
[runlim] sample:		176.3 time, 190.2 real, 689.4 MB
[runlim] sample:		185.9 time, 200.2 real, 689.7 MB
[runlim] sample:		195.8 time, 210.2 real, 689.7 MB
[runlim] sample:		205.8 time, 220.2 real, 690.0 MB
[runlim] sample:		215.8 time, 230.2 real, 690.2 MB
[runlim] sample:		225.8 time, 240.2 real, 690.5 MB
[runlim] sample:		235.8 time, 250.2 real, 690.5 MB
[runlim] sample:		245.8 time, 260.2 real, 691.0 MB
[runlim] sample:		255.8 time, 270.2 real, 691.2 MB
[runlim] sample:		265.8 time, 280.2 real, 691.5 MB
[runlim] sample:		275.8 time, 290.2 real, 691.8 MB
[runlim] sample:		285.8 time, 300.2 real, 692.0 MB
[runlim] end:			Tue Feb  5 10:04:56 2019
[runlim] status:		signal(9)
[runlim] result:		11
[runlim] children:		0
[runlim] real:			306.78 seconds
[runlim] time:			292.28 seconds
[runlim] space:			692.0 MB
[runlim] samples:		3065
