[runlim] version:		1.10fixed
[runlim] time limit:		300 seconds
[runlim] real time limit:	311040000 seconds
[runlim] space limit:		4000 MB
[runlim] argv[0]:		./cvc4
[runlim] argv[1]:		--nl-ext-tplanes
[runlim] argv[2]:		--fmf-fun-rlv
[runlim] argv[3]:		/tmp/wiNB3ybs.smt2
[runlim] start:			Tue Feb  5 13:06:24 2019
[runlim] main pid:		28471
[runlim] sample:		10.0 time, 10.6 real, 185.3 MB
[runlim] sample:		19.9 time, 20.6 real, 572.0 MB
[runlim] sample:		29.9 time, 30.6 real, 799.4 MB
[runlim] sample:		40.0 time, 40.6 real, 921.6 MB
[runlim] sample:		50.0 time, 50.6 real, 921.6 MB
[runlim] sample:		59.9 time, 60.6 real, 921.6 MB
[runlim] sample:		69.9 time, 70.6 real, 921.6 MB
[runlim] sample:		79.9 time, 80.6 real, 921.6 MB
[runlim] sample:		89.9 time, 90.6 real, 921.6 MB
[runlim] sample:		99.9 time, 100.6 real, 921.6 MB
[runlim] sample:		109.9 time, 110.6 real, 921.6 MB
[runlim] sample:		119.9 time, 120.6 real, 921.6 MB
[runlim] sample:		129.9 time, 130.6 real, 1124.5 MB
[runlim] sample:		139.9 time, 140.6 real, 1509.5 MB
[runlim] sample:		149.9 time, 150.6 real, 1810.9 MB
[runlim] sample:		159.9 time, 160.6 real, 2262.2 MB
[runlim] sample:		169.9 time, 170.6 real, 2597.6 MB
[runlim] sample:		179.9 time, 180.6 real, 2909.3 MB
[runlim] sample:		189.9 time, 190.6 real, 3233.3 MB
[runlim] sample:		199.9 time, 200.6 real, 3556.1 MB
[runlim] sample:		209.9 time, 210.6 real, 3663.1 MB
[runlim] sample:		219.9 time, 220.6 real, 3663.1 MB
CVC4 interrupted by SIGTERM.
[runlim] end:			Tue Feb  5 13:10:08 2019
[runlim] status:		out of memory
[runlim] result:		3
[runlim] children:		0
[runlim] real:			224.52 seconds
[runlim] time:			223.80 seconds
[runlim] space:			4010.4 MB
[runlim] samples:		2239
