[runlim] version:		1.10fixed
[runlim] time limit:		300 seconds
[runlim] real time limit:	311040000 seconds
[runlim] space limit:		4000 MB
[runlim] argv[0]:		./cvc4
[runlim] argv[1]:		--nl-ext-tplanes
[runlim] argv[2]:		--fmf-fun-rlv
[runlim] argv[3]:		/tmp/vABOjp4y.smt2
[runlim] start:			Tue Feb  5 13:06:43 2019
[runlim] main pid:		2396
/tmp/vABOjp4y.smt2:4.12: No set-logic command was given before this point.
/tmp/vABOjp4y.smt2:4.12: CVC4 will make all theories available.
/tmp/vABOjp4y.smt2:4.12: Consider setting a stricter logic for (likely) better performance.
/tmp/vABOjp4y.smt2:4.12: To suppress this warning in the future use (set-logic ALL).
[runlim] sample:		9.2 time, 10.1 real, 40.6 MB
[runlim] sample:		18.5 time, 20.1 real, 46.7 MB
[runlim] sample:		28.2 time, 30.1 real, 52.9 MB
[runlim] sample:		37.9 time, 40.1 real, 58.9 MB
[runlim] sample:		47.5 time, 50.1 real, 61.2 MB
[runlim] sample:		57.2 time, 60.1 real, 61.7 MB
[runlim] sample:		66.9 time, 70.1 real, 67.2 MB
[runlim] sample:		76.5 time, 80.1 real, 70.0 MB
[runlim] sample:		86.2 time, 90.1 real, 71.8 MB
[runlim] sample:		95.9 time, 100.1 real, 72.5 MB
[runlim] sample:		105.5 time, 110.1 real, 75.9 MB
[runlim] sample:		115.2 time, 120.1 real, 78.2 MB
[runlim] sample:		124.8 time, 130.1 real, 83.3 MB
[runlim] sample:		134.5 time, 140.1 real, 84.3 MB
[runlim] sample:		144.2 time, 150.1 real, 86.6 MB
[runlim] sample:		153.9 time, 160.1 real, 89.9 MB
[runlim] sample:		163.6 time, 170.1 real, 90.4 MB
[runlim] sample:		173.2 time, 180.1 real, 90.8 MB
[runlim] sample:		183.1 time, 190.1 real, 95.7 MB
[runlim] sample:		192.3 time, 200.1 real, 98.0 MB
[runlim] sample:		202.1 time, 210.1 real, 100.3 MB
[runlim] sample:		212.1 time, 220.1 real, 102.3 MB
[runlim] sample:		222.1 time, 230.1 real, 108.3 MB
[runlim] sample:		232.1 time, 240.1 real, 113.4 MB
[runlim] sample:		242.1 time, 250.1 real, 116.0 MB
[runlim] sample:		252.1 time, 260.1 real, 116.5 MB
[runlim] sample:		262.1 time, 270.1 real, 116.9 MB
[runlim] sample:		272.1 time, 280.1 real, 118.5 MB
[runlim] sample:		282.1 time, 290.1 real, 127.0 MB
[runlim] sample:		292.0 time, 300.1 real, 127.2 MB
[runlim] end:			Tue Feb  5 13:11:47 2019
[runlim] status:		signal(9)
[runlim] result:		11
[runlim] children:		0
[runlim] real:			304.24 seconds
[runlim] time:			296.14 seconds
[runlim] space:			127.5 MB
[runlim] samples:		3041
