[runlim] version:		1.10fixed
[runlim] time limit:		300 seconds
[runlim] real time limit:	311040000 seconds
[runlim] space limit:		4000 MB
[runlim] argv[0]:		./cvc4
[runlim] argv[1]:		--nl-ext-tplanes
[runlim] argv[2]:		--fmf-fun-rlv
[runlim] argv[3]:		/tmp/I9oO65xI.smt2
[runlim] start:			Tue Feb  5 10:01:39 2019
[runlim] main pid:		20737
[runlim] sample:		8.2 time, 11.0 real, 46.4 MB
[runlim] sample:		16.4 time, 21.0 real, 173.8 MB
[runlim] sample:		25.5 time, 31.0 real, 447.3 MB
[runlim] sample:		35.2 time, 41.0 real, 640.0 MB
[runlim] sample:		44.9 time, 51.0 real, 687.7 MB
[runlim] sample:		54.5 time, 61.0 real, 687.7 MB
[runlim] sample:		64.5 time, 71.0 real, 688.0 MB
[runlim] sample:		74.5 time, 81.0 real, 688.2 MB
[runlim] sample:		84.5 time, 91.0 real, 688.2 MB
[runlim] sample:		94.5 time, 101.0 real, 688.2 MB
[runlim] sample:		104.5 time, 111.0 real, 688.5 MB
[runlim] sample:		114.5 time, 121.0 real, 688.5 MB
[runlim] sample:		124.5 time, 131.0 real, 688.8 MB
[runlim] sample:		134.5 time, 141.0 real, 689.0 MB
[runlim] sample:		144.5 time, 151.0 real, 689.0 MB
[runlim] sample:		154.4 time, 161.0 real, 689.3 MB
[runlim] sample:		164.4 time, 171.0 real, 689.5 MB
[runlim] sample:		174.4 time, 181.0 real, 689.8 MB
[runlim] sample:		184.4 time, 191.0 real, 689.8 MB
[runlim] sample:		194.4 time, 201.0 real, 690.1 MB
[runlim] sample:		204.4 time, 211.0 real, 690.3 MB
[runlim] sample:		214.4 time, 221.0 real, 690.6 MB
[runlim] sample:		224.4 time, 231.0 real, 690.6 MB
[runlim] sample:		234.4 time, 241.0 real, 690.6 MB
[runlim] sample:		244.4 time, 251.0 real, 690.6 MB
[runlim] sample:		254.4 time, 261.0 real, 691.1 MB
[runlim] sample:		264.4 time, 271.0 real, 691.6 MB
[runlim] sample:		274.4 time, 281.0 real, 691.6 MB
[runlim] sample:		284.4 time, 291.0 real, 691.9 MB
[runlim] sample:		294.4 time, 301.0 real, 691.9 MB
CVC4 interrupted by SIGTERM.
[runlim] end:			Tue Feb  5 10:06:45 2019
[runlim] status:		out of time
[runlim] result:		2
[runlim] children:		0
[runlim] real:			306.83 seconds
[runlim] time:			300.05 seconds
[runlim] space:			692.1 MB
[runlim] samples:		3058
