[runlim] version:		1.10fixed
[runlim] time limit:		300 seconds
[runlim] real time limit:	311040000 seconds
[runlim] space limit:		4000 MB
[runlim] argv[0]:		./cvc4
[runlim] argv[1]:		--nl-ext-tplanes
[runlim] argv[2]:		--fmf-fun-rlv
[runlim] argv[3]:		/tmp/NiWvqxqh.smt2
[runlim] start:			Tue Feb  5 09:58:11 2019
[runlim] main pid:		11051
[runlim] sample:		9.6 time, 11.0 real, 51.1 MB
[runlim] sample:		19.1 time, 21.0 real, 260.3 MB
[runlim] sample:		28.7 time, 31.0 real, 507.6 MB
[runlim] sample:		37.1 time, 41.0 real, 671.0 MB
[runlim] sample:		45.6 time, 51.0 real, 687.7 MB
[runlim] sample:		54.0 time, 61.0 real, 687.7 MB
[runlim] sample:		63.1 time, 71.0 real, 688.0 MB
[runlim] sample:		72.5 time, 81.0 real, 688.2 MB
[runlim] sample:		82.0 time, 91.0 real, 688.2 MB
[runlim] sample:		91.3 time, 101.0 real, 688.5 MB
[runlim] sample:		100.6 time, 111.0 real, 688.8 MB
[runlim] sample:		109.9 time, 121.0 real, 688.8 MB
[runlim] sample:		119.2 time, 131.0 real, 689.0 MB
[runlim] sample:		128.6 time, 141.0 real, 689.0 MB
[runlim] sample:		138.0 time, 151.0 real, 689.3 MB
[runlim] sample:		147.7 time, 161.0 real, 689.5 MB
[runlim] sample:		157.4 time, 171.0 real, 689.5 MB
[runlim] sample:		167.1 time, 181.0 real, 689.5 MB
[runlim] sample:		176.9 time, 191.0 real, 689.8 MB
[runlim] sample:		186.4 time, 201.0 real, 690.1 MB
[runlim] sample:		196.1 time, 211.0 real, 690.1 MB
[runlim] sample:		205.8 time, 221.0 real, 690.3 MB
[runlim] sample:		215.1 time, 231.0 real, 690.3 MB
[runlim] sample:		224.8 time, 241.0 real, 690.6 MB
[runlim] sample:		234.3 time, 251.0 real, 690.8 MB
[runlim] sample:		243.8 time, 261.0 real, 690.8 MB
[runlim] sample:		253.1 time, 271.0 real, 691.6 MB
[runlim] sample:		262.5 time, 281.0 real, 691.6 MB
[runlim] sample:		271.9 time, 291.0 real, 691.9 MB
[runlim] sample:		281.6 time, 301.0 real, 692.1 MB
[runlim] sample:		291.5 time, 311.0 real, 692.4 MB
CVC4 interrupted by SIGTERM.
[runlim] end:			Tue Feb  5 10:03:30 2019
[runlim] status:		out of time
[runlim] result:		2
[runlim] children:		0
[runlim] real:			319.51 seconds
[runlim] time:			300.01 seconds
[runlim] space:			692.4 MB
[runlim] samples:		3185
