[runlim] version:		1.10fixed
[runlim] time limit:		300 seconds
[runlim] real time limit:	311040000 seconds
[runlim] space limit:		4000 MB
[runlim] argv[0]:		./cvc4
[runlim] argv[1]:		--nl-ext-tplanes
[runlim] argv[2]:		--fmf-fun-rlv
[runlim] argv[3]:		/tmp/9skaGXDs.smt2
[runlim] start:			Tue Jan 29 16:40:48 2019
[runlim] main pid:		17554
[runlim] sample:		8.0 time, 10.8 real, 44.9 MB
[runlim] sample:		17.1 time, 20.8 real, 49.0 MB
[runlim] sample:		25.8 time, 30.8 real, 49.8 MB
[runlim] sample:		34.3 time, 40.8 real, 53.8 MB
[runlim] sample:		43.6 time, 50.8 real, 55.0 MB
[runlim] sample:		52.9 time, 60.8 real, 58.1 MB
[runlim] sample:		62.2 time, 70.8 real, 59.1 MB
[runlim] sample:		71.5 time, 80.8 real, 61.8 MB
[runlim] sample:		81.5 time, 90.8 real, 63.3 MB
[runlim] sample:		91.5 time, 100.8 real, 64.3 MB
[runlim] sample:		101.5 time, 110.8 real, 80.3 MB
[runlim] sample:		110.2 time, 120.8 real, 80.3 MB
[runlim] sample:		119.5 time, 130.8 real, 82.2 MB
[runlim] sample:		129.3 time, 140.8 real, 83.8 MB
[runlim] sample:		138.7 time, 150.8 real, 85.3 MB
[runlim] sample:		147.2 time, 160.8 real, 88.1 MB
[runlim] sample:		156.9 time, 170.8 real, 90.7 MB
[runlim] sample:		166.6 time, 180.8 real, 91.9 MB
[runlim] sample:		175.5 time, 190.8 real, 92.4 MB
[runlim] sample:		185.5 time, 200.8 real, 93.9 MB
[runlim] sample:		194.9 time, 210.8 real, 95.4 MB
[runlim] sample:		203.6 time, 220.8 real, 96.7 MB
[runlim] sample:		213.6 time, 230.8 real, 102.6 MB
[runlim] sample:		223.5 time, 240.8 real, 106.1 MB
[runlim] sample:		233.5 time, 250.8 real, 107.1 MB
[runlim] sample:		242.8 time, 260.8 real, 110.7 MB
[runlim] sample:		251.8 time, 270.8 real, 115.6 MB
[runlim] sample:		260.8 time, 280.8 real, 119.0 MB
[runlim] sample:		270.7 time, 290.8 real, 120.3 MB
[runlim] end:			Tue Jan 29 16:45:45 2019
[runlim] status:		ok
[runlim] result:		0
[runlim] children:		0
[runlim] real:			297.22 seconds
[runlim] time:			277.00 seconds
[runlim] space:			120.3 MB
[runlim] samples:		2963
