[runlim] version:		1.10fixed
[runlim] time limit:		300 seconds
[runlim] real time limit:	311040000 seconds
[runlim] space limit:		4000 MB
[runlim] argv[0]:		./cvc4
[runlim] argv[1]:		--nl-ext-tplanes
[runlim] argv[2]:		--fmf-fun-rlv
[runlim] argv[3]:		/tmp/YBzFCG1F.smt2
[runlim] start:			Tue Feb  5 13:06:24 2019
[runlim] main pid:		7871
[runlim] sample:		9.0 time, 10.4 real, 87.8 MB
[runlim] sample:		19.0 time, 20.4 real, 365.9 MB
[runlim] sample:		29.0 time, 30.4 real, 489.1 MB
[runlim] sample:		37.5 time, 40.4 real, 495.2 MB
[runlim] sample:		46.5 time, 50.4 real, 496.2 MB
[runlim] sample:		56.4 time, 60.4 real, 826.3 MB
[runlim] sample:		66.0 time, 70.4 real, 1192.2 MB
[runlim] sample:		75.6 time, 80.4 real, 1497.8 MB
[runlim] sample:		83.7 time, 90.4 real, 1759.9 MB
[runlim] sample:		93.8 time, 100.4 real, 2187.8 MB
[runlim] sample:		103.7 time, 110.4 real, 2333.8 MB
[runlim] sample:		113.8 time, 120.4 real, 2333.8 MB
[runlim] sample:		123.7 time, 130.4 real, 2334.5 MB
[runlim] sample:		133.7 time, 140.4 real, 2334.5 MB
[runlim] sample:		143.8 time, 150.4 real, 2336.3 MB
[runlim] sample:		153.7 time, 160.4 real, 2336.3 MB
[runlim] sample:		163.7 time, 170.4 real, 2337.6 MB
[runlim] sample:		173.7 time, 180.4 real, 2337.6 MB
[runlim] sample:		183.7 time, 190.4 real, 2340.5 MB
[runlim] sample:		193.7 time, 200.4 real, 2468.7 MB
[runlim] sample:		203.7 time, 210.4 real, 2476.7 MB
[runlim] sample:		213.7 time, 220.4 real, 2546.3 MB
[runlim] sample:		223.7 time, 230.4 real, 2546.3 MB
[runlim] sample:		233.7 time, 240.4 real, 2557.9 MB
[runlim] sample:		243.7 time, 250.4 real, 2558.4 MB
[runlim] sample:		253.7 time, 260.4 real, 2558.4 MB
[runlim] sample:		263.7 time, 270.4 real, 2558.4 MB
[runlim] sample:		273.2 time, 280.4 real, 2558.4 MB
[runlim] sample:		282.9 time, 290.4 real, 2558.4 MB
[runlim] sample:		291.6 time, 300.4 real, 2558.4 MB
[runlim] end:			Tue Feb  5 13:11:33 2019
[runlim] status:		signal(9)
[runlim] result:		11
[runlim] children:		0
[runlim] real:			309.51 seconds
[runlim] time:			299.71 seconds
[runlim] space:			2558.4 MB
[runlim] samples:		3091
