[runlim] version:		1.10fixed
[runlim] time limit:		300 seconds
[runlim] real time limit:	311040000 seconds
[runlim] space limit:		4000 MB
[runlim] argv[0]:		./cvc4
[runlim] argv[1]:		--nl-ext-tplanes
[runlim] argv[2]:		--fmf-fun-rlv
[runlim] argv[3]:		/tmp/rzLKozJ9.smt2
[runlim] start:			Tue Feb  5 10:02:59 2019
[runlim] main pid:		20890
/tmp/rzLKozJ9.smt2:4.12: No set-logic command was given before this point.
/tmp/rzLKozJ9.smt2:4.12: CVC4 will make all theories available.
/tmp/rzLKozJ9.smt2:4.12: Consider setting a stricter logic for (likely) better performance.
/tmp/rzLKozJ9.smt2:4.12: To suppress this warning in the future use (set-logic ALL).
[runlim] sample:		9.4 time, 10.5 real, 39.8 MB
[runlim] sample:		19.0 time, 20.5 real, 45.2 MB
[runlim] sample:		29.0 time, 30.5 real, 48.8 MB
[runlim] sample:		39.0 time, 40.5 real, 50.6 MB
[runlim] sample:		49.0 time, 50.5 real, 55.2 MB
[runlim] sample:		59.0 time, 60.5 real, 62.0 MB
[runlim] sample:		69.0 time, 70.5 real, 67.2 MB
[runlim] sample:		79.0 time, 80.5 real, 67.4 MB
[runlim] sample:		89.0 time, 90.5 real, 71.7 MB
[runlim] sample:		99.0 time, 100.5 real, 75.9 MB
[runlim] sample:		109.0 time, 110.5 real, 76.7 MB
[runlim] sample:		119.0 time, 120.5 real, 79.8 MB
[runlim] sample:		129.0 time, 130.5 real, 89.3 MB
[runlim] sample:		139.0 time, 140.5 real, 90.0 MB
[runlim] sample:		149.0 time, 150.5 real, 96.7 MB
[runlim] sample:		159.0 time, 160.5 real, 99.3 MB
[runlim] sample:		169.0 time, 170.5 real, 99.5 MB
[runlim] sample:		179.0 time, 180.5 real, 99.8 MB
[runlim] sample:		189.0 time, 190.5 real, 100.0 MB
[runlim] sample:		199.0 time, 200.5 real, 100.2 MB
[runlim] sample:		209.0 time, 210.5 real, 101.5 MB
[runlim] sample:		219.0 time, 220.5 real, 102.0 MB
[runlim] sample:		229.0 time, 230.5 real, 104.0 MB
[runlim] sample:		239.0 time, 240.5 real, 104.6 MB
[runlim] sample:		249.0 time, 250.5 real, 105.6 MB
[runlim] sample:		259.0 time, 260.5 real, 105.8 MB
[runlim] sample:		269.0 time, 270.5 real, 106.6 MB
[runlim] sample:		279.0 time, 280.5 real, 106.9 MB
[runlim] sample:		289.0 time, 290.5 real, 108.2 MB
[runlim] sample:		299.0 time, 300.5 real, 108.4 MB
CVC4 interrupted by SIGTERM.
[runlim] end:			Tue Feb  5 10:08:00 2019
[runlim] status:		out of time
[runlim] result:		2
[runlim] children:		0
[runlim] real:			301.58 seconds
[runlim] time:			300.07 seconds
[runlim] space:			108.4 MB
[runlim] samples:		3011
