[runlim] version:		1.10fixed
[runlim] time limit:		300 seconds
[runlim] real time limit:	311040000 seconds
[runlim] space limit:		4000 MB
[runlim] argv[0]:		./cvc4
[runlim] argv[1]:		--nl-ext-tplanes
[runlim] argv[2]:		--fmf-fun-rlv
[runlim] argv[3]:		/tmp/noWJhzf2.smt2
[runlim] start:			Tue Feb  5 13:06:24 2019
[runlim] main pid:		1824
[runlim] sample:		9.5 time, 10.4 real, 87.8 MB
[runlim] sample:		19.5 time, 20.4 real, 368.4 MB
[runlim] sample:		28.2 time, 30.4 real, 480.5 MB
[runlim] sample:		38.2 time, 40.4 real, 485.8 MB
[runlim] sample:		48.2 time, 50.4 real, 630.0 MB
[runlim] sample:		58.2 time, 60.4 real, 966.0 MB
[runlim] sample:		68.2 time, 70.4 real, 1365.9 MB
[runlim] sample:		78.2 time, 80.4 real, 1681.2 MB
[runlim] sample:		88.2 time, 90.4 real, 2259.7 MB
[runlim] sample:		98.2 time, 100.4 real, 2159.9 MB
[runlim] sample:		108.2 time, 110.4 real, 2161.2 MB
[runlim] sample:		118.2 time, 120.4 real, 2161.2 MB
[runlim] sample:		128.2 time, 130.4 real, 2161.2 MB
[runlim] sample:		138.1 time, 140.4 real, 2163.0 MB
[runlim] sample:		148.1 time, 150.4 real, 2164.0 MB
[runlim] sample:		157.4 time, 160.4 real, 2164.0 MB
[runlim] sample:		165.2 time, 170.4 real, 2168.1 MB
[runlim] sample:		174.6 time, 180.4 real, 2290.9 MB
[runlim] sample:		183.3 time, 190.4 real, 2297.9 MB
[runlim] sample:		192.1 time, 200.4 real, 2364.1 MB
[runlim] sample:		200.0 time, 210.4 real, 2364.1 MB
[runlim] sample:		209.1 time, 220.4 real, 2374.2 MB
[runlim] sample:		218.5 time, 230.4 real, 2374.2 MB
[runlim] sample:		226.1 time, 240.4 real, 2374.2 MB
[runlim] sample:		235.4 time, 250.4 real, 2374.2 MB
[runlim] sample:		245.4 time, 260.4 real, 2374.2 MB
[runlim] sample:		255.4 time, 270.4 real, 2374.2 MB
[runlim] sample:		265.4 time, 280.4 real, 2374.2 MB
[runlim] sample:		275.3 time, 290.4 real, 2374.2 MB
[runlim] sample:		285.0 time, 300.4 real, 2374.2 MB
[runlim] sample:		294.6 time, 310.4 real, 2374.2 MB
CVC4 interrupted by SIGTERM.
[runlim] end:			Tue Feb  5 13:11:40 2019
[runlim] status:		out of time
[runlim] result:		2
[runlim] children:		0
[runlim] real:			316.34 seconds
[runlim] time:			300.13 seconds
[runlim] space:			2374.2 MB
[runlim] samples:		3159
