[runlim] version:		1.10fixed
[runlim] time limit:		300 seconds
[runlim] real time limit:	311040000 seconds
[runlim] space limit:		4000 MB
[runlim] argv[0]:		./cvc4
[runlim] argv[1]:		--nl-ext-tplanes
[runlim] argv[2]:		--fmf-fun-rlv
[runlim] argv[3]:		/tmp/5Tsi4d3N.smt2
[runlim] start:			Tue Jan 29 16:41:43 2019
[runlim] main pid:		15441
[runlim] sample:		8.6 time, 10.4 real, 108.8 MB
[runlim] sample:		18.6 time, 20.4 real, 164.2 MB
[runlim] sample:		28.6 time, 30.4 real, 221.6 MB
[runlim] sample:		38.1 time, 40.4 real, 311.8 MB
[runlim] sample:		47.1 time, 50.4 real, 362.7 MB
[runlim] sample:		56.5 time, 60.4 real, 378.4 MB
[runlim] sample:		65.8 time, 70.4 real, 383.0 MB
[runlim] sample:		75.2 time, 80.4 real, 405.7 MB
[runlim] sample:		85.2 time, 90.4 real, 410.6 MB
[runlim] sample:		93.7 time, 100.4 real, 603.5 MB
[runlim] sample:		102.0 time, 110.4 real, 663.7 MB
[runlim] sample:		110.2 time, 120.4 real, 690.0 MB
[runlim] sample:		119.6 time, 130.4 real, 691.2 MB
[runlim] sample:		129.6 time, 140.4 real, 691.5 MB
[runlim] sample:		139.6 time, 150.4 real, 696.7 MB
[runlim] sample:		149.4 time, 160.4 real, 696.7 MB
[runlim] sample:		159.2 time, 170.4 real, 696.7 MB
[runlim] sample:		169.2 time, 180.4 real, 698.2 MB
[runlim] sample:		179.2 time, 190.4 real, 698.2 MB
[runlim] sample:		189.1 time, 200.4 real, 745.4 MB
[runlim] sample:		199.0 time, 210.4 real, 747.2 MB
[runlim] sample:		209.0 time, 220.4 real, 748.8 MB
[runlim] sample:		218.9 time, 230.4 real, 750.3 MB
[runlim] sample:		228.4 time, 240.4 real, 751.6 MB
[runlim] sample:		237.6 time, 250.4 real, 752.6 MB
[runlim] sample:		247.6 time, 260.4 real, 753.9 MB
[runlim] sample:		257.6 time, 270.4 real, 755.0 MB
[runlim] sample:		267.6 time, 280.4 real, 756.0 MB
[runlim] sample:		277.6 time, 290.4 real, 812.0 MB
[runlim] sample:		287.6 time, 300.4 real, 1143.0 MB
[runlim] sample:		297.6 time, 310.4 real, 1190.7 MB
CVC4 interrupted by SIGTERM.
[runlim] end:			Tue Jan 29 16:46:55 2019
[runlim] status:		out of time
[runlim] result:		2
[runlim] children:		0
[runlim] real:			312.95 seconds
[runlim] time:			300.08 seconds
[runlim] space:			1190.7 MB
[runlim] samples:		3125
