[runlim] version:		1.10fixed
[runlim] time limit:		300 seconds
[runlim] real time limit:	311040000 seconds
[runlim] space limit:		4000 MB
[runlim] argv[0]:		./cvc4
[runlim] argv[1]:		--nl-ext-tplanes
[runlim] argv[2]:		--fmf-fun-rlv
[runlim] argv[3]:		/tmp/jePxO6hX.smt2
[runlim] start:			Tue Feb  5 10:02:59 2019
[runlim] main pid:		4306
/tmp/jePxO6hX.smt2:4.12: No set-logic command was given before this point.
/tmp/jePxO6hX.smt2:4.12: CVC4 will make all theories available.
/tmp/jePxO6hX.smt2:4.12: Consider setting a stricter logic for (likely) better performance.
/tmp/jePxO6hX.smt2:4.12: To suppress this warning in the future use (set-logic ALL).
[runlim] sample:		9.8 time, 10.2 real, 42.9 MB
[runlim] sample:		19.8 time, 20.2 real, 47.2 MB
[runlim] sample:		29.8 time, 30.2 real, 51.0 MB
[runlim] sample:		39.8 time, 40.2 real, 52.5 MB
[runlim] sample:		49.8 time, 50.2 real, 53.8 MB
[runlim] sample:		59.0 time, 60.2 real, 54.8 MB
[runlim] sample:		68.0 time, 70.2 real, 55.8 MB
[runlim] sample:		77.0 time, 80.2 real, 57.6 MB
[runlim] sample:		85.5 time, 90.2 real, 59.4 MB
[runlim] sample:		95.0 time, 100.2 real, 59.9 MB
[runlim] sample:		105.0 time, 110.2 real, 62.1 MB
[runlim] sample:		115.0 time, 120.2 real, 62.8 MB
[runlim] sample:		125.0 time, 130.2 real, 63.6 MB
[runlim] sample:		134.9 time, 140.2 real, 64.6 MB
[runlim] sample:		144.9 time, 150.2 real, 69.0 MB
[runlim] sample:		154.9 time, 160.2 real, 69.4 MB
[runlim] sample:		164.9 time, 170.2 real, 69.6 MB
[runlim] sample:		174.9 time, 180.2 real, 69.9 MB
[runlim] sample:		184.9 time, 190.2 real, 70.4 MB
[runlim] sample:		194.9 time, 200.2 real, 71.4 MB
[runlim] sample:		204.9 time, 210.2 real, 72.1 MB
[runlim] sample:		214.6 time, 220.2 real, 73.0 MB
[runlim] sample:		224.6 time, 230.2 real, 74.0 MB
[runlim] sample:		234.6 time, 240.2 real, 78.6 MB
[runlim] sample:		244.6 time, 250.2 real, 78.9 MB
[runlim] sample:		254.6 time, 260.2 real, 79.1 MB
[runlim] sample:		264.6 time, 270.2 real, 84.5 MB
[runlim] sample:		274.6 time, 280.2 real, 84.8 MB
[runlim] sample:		284.6 time, 290.2 real, 85.2 MB
[runlim] sample:		294.6 time, 300.2 real, 85.5 MB
CVC4 interrupted by SIGTERM.
[runlim] end:			Tue Feb  5 10:08:04 2019
[runlim] status:		out of time
[runlim] result:		2
[runlim] children:		0
[runlim] real:			305.76 seconds
[runlim] time:			300.05 seconds
[runlim] space:			85.7 MB
[runlim] samples:		3055
