[runlim] version:		1.10fixed
[runlim] time limit:		300 seconds
[runlim] real time limit:	311040000 seconds
[runlim] space limit:		4000 MB
[runlim] argv[0]:		./cvc4
[runlim] argv[1]:		--nl-ext-tplanes
[runlim] argv[2]:		--fmf-fun-rlv
[runlim] argv[3]:		/tmp/XdF9uxFs.smt2
[runlim] start:			Tue Feb  5 13:06:36 2019
[runlim] main pid:		24169
/tmp/XdF9uxFs.smt2:4.12: No set-logic command was given before this point.
/tmp/XdF9uxFs.smt2:4.12: CVC4 will make all theories available.
/tmp/XdF9uxFs.smt2:4.12: Consider setting a stricter logic for (likely) better performance.
/tmp/XdF9uxFs.smt2:4.12: To suppress this warning in the future use (set-logic ALL).
[runlim] sample:		9.6 time, 10.9 real, 43.7 MB
[runlim] sample:		19.5 time, 20.9 real, 52.7 MB
[runlim] sample:		29.4 time, 30.9 real, 55.5 MB
[runlim] sample:		38.7 time, 40.9 real, 59.4 MB
[runlim] sample:		48.5 time, 50.9 real, 62.0 MB
[runlim] sample:		58.5 time, 60.9 real, 63.0 MB
[runlim] sample:		68.5 time, 70.9 real, 63.2 MB
[runlim] sample:		78.5 time, 80.9 real, 65.0 MB
[runlim] sample:		88.5 time, 90.9 real, 66.3 MB
[runlim] sample:		98.5 time, 100.9 real, 66.3 MB
[runlim] sample:		107.8 time, 110.9 real, 67.3 MB
[runlim] sample:		117.7 time, 120.9 real, 67.5 MB
[runlim] sample:		127.7 time, 130.9 real, 68.8 MB
[runlim] sample:		137.7 time, 140.9 real, 69.8 MB
[runlim] sample:		147.7 time, 150.9 real, 71.6 MB
[runlim] sample:		157.7 time, 160.9 real, 78.8 MB
[runlim] sample:		167.6 time, 170.9 real, 79.3 MB
[runlim] sample:		177.1 time, 180.9 real, 79.8 MB
[runlim] sample:		187.1 time, 190.9 real, 81.6 MB
[runlim] sample:		197.1 time, 200.9 real, 83.9 MB
[runlim] sample:		206.3 time, 210.9 real, 84.1 MB
[runlim] sample:		215.7 time, 220.9 real, 84.4 MB
[runlim] sample:		224.7 time, 230.9 real, 85.4 MB
[runlim] sample:		233.6 time, 240.9 real, 86.4 MB
[runlim] sample:		242.9 time, 250.9 real, 89.0 MB
[runlim] sample:		252.3 time, 260.9 real, 89.2 MB
[runlim] sample:		261.0 time, 270.9 real, 91.7 MB
[runlim] sample:		269.6 time, 280.9 real, 93.7 MB
[runlim] sample:		278.8 time, 290.9 real, 96.6 MB
[runlim] sample:		288.7 time, 300.9 real, 96.8 MB
[runlim] sample:		298.7 time, 310.9 real, 97.0 MB
CVC4 interrupted by SIGTERM.
[runlim] end:			Tue Feb  5 13:11:48 2019
[runlim] status:		out of time
[runlim] result:		2
[runlim] children:		0
[runlim] real:			312.29 seconds
[runlim] time:			300.10 seconds
[runlim] space:			97.0 MB
[runlim] samples:		3114
