[runlim] version:		1.10fixed
[runlim] time limit:		300 seconds
[runlim] real time limit:	311040000 seconds
[runlim] space limit:		4000 MB
[runlim] argv[0]:		./cvc4
[runlim] argv[1]:		--nl-ext-tplanes
[runlim] argv[2]:		--fmf-fun-rlv
[runlim] argv[3]:		/tmp/bsSiBq7k.smt2
[runlim] start:			Tue Jan 29 16:43:01 2019
[runlim] main pid:		31791
[runlim] sample:		8.5 time, 10.8 real, 61.5 MB
[runlim] sample:		16.3 time, 20.8 real, 235.6 MB
[runlim] sample:		26.3 time, 30.8 real, 497.3 MB
[runlim] sample:		36.3 time, 40.8 real, 676.4 MB
[runlim] sample:		45.7 time, 50.8 real, 691.9 MB
[runlim] sample:		55.0 time, 60.8 real, 691.9 MB
[runlim] sample:		64.8 time, 70.8 real, 691.9 MB
[runlim] sample:		74.8 time, 80.8 real, 692.1 MB
[runlim] sample:		84.8 time, 90.8 real, 692.1 MB
[runlim] sample:		94.8 time, 100.8 real, 692.4 MB
[runlim] sample:		104.8 time, 110.8 real, 692.4 MB
[runlim] sample:		114.8 time, 120.8 real, 692.6 MB
[runlim] sample:		124.1 time, 130.8 real, 692.6 MB
[runlim] sample:		132.7 time, 140.8 real, 692.6 MB
[runlim] sample:		142.4 time, 150.8 real, 692.9 MB
[runlim] sample:		152.2 time, 160.8 real, 692.9 MB
[runlim] sample:		161.3 time, 170.8 real, 693.2 MB
[runlim] sample:		170.6 time, 180.8 real, 693.2 MB
[runlim] sample:		180.2 time, 190.8 real, 693.2 MB
[runlim] sample:		190.0 time, 200.8 real, 693.2 MB
[runlim] sample:		200.0 time, 210.8 real, 693.2 MB
[runlim] sample:		210.0 time, 220.8 real, 693.4 MB
[runlim] sample:		220.0 time, 230.8 real, 693.4 MB
[runlim] sample:		230.0 time, 240.8 real, 693.4 MB
[runlim] sample:		240.0 time, 250.8 real, 693.7 MB
[runlim] sample:		250.0 time, 260.8 real, 693.7 MB
[runlim] sample:		260.0 time, 270.8 real, 693.9 MB
[runlim] sample:		270.0 time, 280.8 real, 693.9 MB
[runlim] sample:		280.0 time, 290.8 real, 694.2 MB
[runlim] sample:		290.0 time, 300.8 real, 694.2 MB
[runlim] sample:		300.0 time, 310.8 real, 694.2 MB
CVC4 interrupted by SIGTERM.
[runlim] end:			Tue Jan 29 16:48:11 2019
[runlim] status:		out of time
[runlim] result:		2
[runlim] children:		0
[runlim] real:			310.96 seconds
[runlim] time:			300.09 seconds
[runlim] space:			694.2 MB
[runlim] samples:		3101
