[runlim] version:		1.10fixed
[runlim] time limit:		300 seconds
[runlim] real time limit:	311040000 seconds
[runlim] space limit:		4000 MB
[runlim] argv[0]:		./cvc4
[runlim] argv[1]:		--nl-ext-tplanes
[runlim] argv[2]:		--fmf-fun-rlv
[runlim] argv[3]:		/tmp/qrCyhDgw.smt2
[runlim] start:			Tue Feb  5 09:57:59 2019
[runlim] main pid:		3878
[runlim] sample:		9.6 time, 10.6 real, 156.7 MB
[runlim] sample:		19.6 time, 20.6 real, 282.7 MB
[runlim] sample:		29.6 time, 30.6 real, 487.1 MB
[runlim] sample:		39.6 time, 40.6 real, 838.0 MB
[runlim] sample:		49.6 time, 50.6 real, 868.2 MB
[runlim] sample:		59.6 time, 60.6 real, 869.7 MB
[runlim] sample:		69.6 time, 70.6 real, 871.0 MB
[runlim] sample:		79.6 time, 80.6 real, 997.9 MB
[runlim] sample:		89.5 time, 90.6 real, 1004.1 MB
[runlim] sample:		99.5 time, 100.6 real, 1004.4 MB
[runlim] sample:		109.6 time, 110.6 real, 1252.2 MB
[runlim] sample:		119.5 time, 120.6 real, 1546.8 MB
[runlim] sample:		129.6 time, 130.6 real, 1867.3 MB
[runlim] sample:		139.5 time, 140.6 real, 2299.6 MB
[runlim] sample:		149.5 time, 150.6 real, 2677.3 MB
[runlim] sample:		159.5 time, 160.6 real, 3032.5 MB
[runlim] sample:		169.5 time, 170.6 real, 3291.4 MB
[runlim] sample:		179.5 time, 180.6 real, 3291.4 MB
[runlim] sample:		189.5 time, 190.6 real, 3291.4 MB
[runlim] sample:		199.5 time, 200.6 real, 3291.6 MB
[runlim] sample:		209.5 time, 210.6 real, 3291.6 MB
[runlim] sample:		219.5 time, 220.6 real, 3351.4 MB
[runlim] sample:		229.5 time, 230.6 real, 3351.4 MB
[runlim] sample:		239.5 time, 240.6 real, 3357.1 MB
[runlim] sample:		249.5 time, 250.6 real, 3357.1 MB
[runlim] sample:		259.5 time, 260.6 real, 3357.1 MB
[runlim] sample:		269.5 time, 270.6 real, 3357.1 MB
[runlim] sample:		279.5 time, 280.6 real, 3357.4 MB
[runlim] sample:		289.5 time, 290.6 real, 3357.4 MB
[runlim] sample:		299.5 time, 300.6 real, 3357.4 MB
CVC4 interrupted by SIGTERM.
[runlim] end:			Tue Feb  5 10:03:00 2019
[runlim] status:		out of time
[runlim] result:		2
[runlim] children:		0
[runlim] real:			301.25 seconds
[runlim] time:			300.10 seconds
[runlim] space:			3357.4 MB
[runlim] samples:		3006
