[runlim] version:		1.10fixed
[runlim] time limit:		300 seconds
[runlim] real time limit:	311040000 seconds
[runlim] space limit:		4000 MB
[runlim] argv[0]:		./cvc4
[runlim] argv[1]:		--nl-ext-tplanes
[runlim] argv[2]:		--fmf-fun-rlv
[runlim] argv[3]:		/tmp/XAWbPQUR.smt2
[runlim] start:			Tue Feb  5 10:02:57 2019
[runlim] main pid:		24616
/tmp/XAWbPQUR.smt2:4.12: No set-logic command was given before this point.
/tmp/XAWbPQUR.smt2:4.12: CVC4 will make all theories available.
/tmp/XAWbPQUR.smt2:4.12: Consider setting a stricter logic for (likely) better performance.
/tmp/XAWbPQUR.smt2:4.12: To suppress this warning in the future use (set-logic ALL).
[runlim] sample:		9.6 time, 10.0 real, 38.1 MB
[runlim] sample:		19.2 time, 20.0 real, 48.6 MB
[runlim] sample:		28.0 time, 30.0 real, 55.8 MB
[runlim] sample:		37.7 time, 40.0 real, 61.0 MB
[runlim] sample:		47.3 time, 50.0 real, 63.0 MB
[runlim] sample:		57.0 time, 60.0 real, 64.2 MB
[runlim] sample:		66.6 time, 70.0 real, 65.5 MB
[runlim] sample:		76.3 time, 80.0 real, 69.0 MB
[runlim] sample:		85.9 time, 90.0 real, 69.5 MB
[runlim] sample:		95.6 time, 100.0 real, 69.5 MB
[runlim] sample:		105.5 time, 110.0 real, 70.3 MB
[runlim] sample:		114.1 time, 120.0 real, 73.9 MB
[runlim] sample:		123.7 time, 130.0 real, 74.9 MB
[runlim] sample:		132.2 time, 140.0 real, 77.0 MB
[runlim] sample:		139.8 time, 150.0 real, 78.9 MB
[runlim] sample:		148.1 time, 160.0 real, 79.2 MB
[runlim] sample:		155.7 time, 170.0 real, 79.4 MB
[runlim] sample:		163.3 time, 180.0 real, 80.4 MB
[runlim] sample:		172.1 time, 190.0 real, 81.2 MB
[runlim] sample:		182.1 time, 200.0 real, 84.0 MB
[runlim] sample:		192.1 time, 210.0 real, 87.1 MB
[runlim] sample:		201.3 time, 220.0 real, 87.1 MB
[runlim] sample:		210.9 time, 230.0 real, 87.8 MB
[runlim] sample:		220.9 time, 240.0 real, 88.6 MB
[runlim] sample:		230.8 time, 250.0 real, 90.1 MB
[runlim] sample:		240.8 time, 260.0 real, 92.7 MB
[runlim] sample:		250.8 time, 270.0 real, 93.0 MB
[runlim] sample:		260.3 time, 280.0 real, 93.4 MB
[runlim] sample:		269.7 time, 290.0 real, 94.0 MB
[runlim] sample:		278.7 time, 300.0 real, 95.7 MB
[runlim] sample:		288.2 time, 310.0 real, 96.8 MB
[runlim] sample:		297.2 time, 320.0 real, 99.1 MB
[runlim] end:			Tue Feb  5 10:08:18 2019
[runlim] status:		signal(9)
[runlim] result:		11
[runlim] children:		0
[runlim] real:			321.86 seconds
[runlim] time:			298.67 seconds
[runlim] space:			99.1 MB
[runlim] samples:		3218
