[runlim] version:		1.10fixed
[runlim] time limit:		300 seconds
[runlim] real time limit:	311040000 seconds
[runlim] space limit:		4000 MB
[runlim] argv[0]:		./cvc4
[runlim] argv[1]:		--nl-ext-tplanes
[runlim] argv[2]:		--fmf-fun-rlv
[runlim] argv[3]:		/tmp/t2ByRBfI.smt2
[runlim] start:			Tue Feb  5 13:06:29 2019
[runlim] main pid:		15809
[runlim] sample:		7.3 time, 10.7 real, 46.2 MB
[runlim] sample:		17.1 time, 20.7 real, 184.9 MB
[runlim] sample:		26.5 time, 30.7 real, 476.0 MB
[runlim] sample:		34.9 time, 40.7 real, 617.7 MB
[runlim] sample:		43.0 time, 50.7 real, 682.1 MB
[runlim] sample:		50.9 time, 60.7 real, 682.1 MB
[runlim] sample:		60.3 time, 70.7 real, 682.1 MB
[runlim] sample:		69.7 time, 80.7 real, 682.4 MB
[runlim] sample:		79.7 time, 90.7 real, 682.4 MB
[runlim] sample:		88.3 time, 100.7 real, 682.6 MB
[runlim] sample:		96.7 time, 110.7 real, 682.6 MB
[runlim] sample:		106.4 time, 120.7 real, 682.9 MB
[runlim] sample:		116.4 time, 130.7 real, 683.1 MB
[runlim] sample:		126.4 time, 140.7 real, 683.1 MB
[runlim] sample:		136.4 time, 150.7 real, 683.4 MB
[runlim] sample:		145.7 time, 160.7 real, 683.6 MB
[runlim] sample:		155.7 time, 170.7 real, 683.9 MB
[runlim] sample:		165.6 time, 180.7 real, 683.9 MB
[runlim] sample:		173.8 time, 190.7 real, 683.9 MB
[runlim] sample:		182.1 time, 200.7 real, 683.9 MB
[runlim] sample:		191.5 time, 210.7 real, 684.7 MB
[runlim] sample:		201.1 time, 220.7 real, 684.7 MB
[runlim] sample:		210.4 time, 230.7 real, 684.9 MB
[runlim] sample:		219.1 time, 240.7 real, 684.9 MB
[runlim] sample:		227.3 time, 250.7 real, 685.2 MB
[runlim] sample:		235.6 time, 260.7 real, 685.4 MB
[runlim] sample:		244.7 time, 270.7 real, 685.7 MB
[runlim] sample:		253.9 time, 280.7 real, 686.0 MB
[runlim] sample:		262.3 time, 290.7 real, 686.2 MB
[runlim] sample:		271.8 time, 300.7 real, 686.5 MB
[runlim] sample:		281.6 time, 310.7 real, 686.7 MB
[runlim] sample:		291.6 time, 320.7 real, 686.7 MB
[runlim] end:			Tue Feb  5 13:11:52 2019
[runlim] status:		signal(9)
[runlim] result:		11
[runlim] children:		0
[runlim] real:			323.87 seconds
[runlim] time:			294.75 seconds
[runlim] space:			687.0 MB
[runlim] samples:		3231
