[runlim] version:		1.10fixed
[runlim] time limit:		300 seconds
[runlim] real time limit:	311040000 seconds
[runlim] space limit:		4000 MB
[runlim] argv[0]:		./cvc4
[runlim] argv[1]:		--nl-ext-tplanes
[runlim] argv[2]:		--fmf-fun-rlv
[runlim] argv[3]:		/tmp/zV1JBvse.smt2
[runlim] start:			Tue Feb  5 10:03:01 2019
[runlim] main pid:		23373
/tmp/zV1JBvse.smt2:4.12: No set-logic command was given before this point.
/tmp/zV1JBvse.smt2:4.12: CVC4 will make all theories available.
/tmp/zV1JBvse.smt2:4.12: Consider setting a stricter logic for (likely) better performance.
/tmp/zV1JBvse.smt2:4.12: To suppress this warning in the future use (set-logic ALL).
[runlim] sample:		9.3 time, 10.4 real, 37.6 MB
[runlim] sample:		19.3 time, 20.4 real, 40.3 MB
[runlim] sample:		29.3 time, 30.4 real, 42.4 MB
[runlim] sample:		39.3 time, 40.4 real, 44.6 MB
[runlim] sample:		49.3 time, 50.4 real, 46.1 MB
[runlim] sample:		59.3 time, 60.4 real, 47.7 MB
[runlim] sample:		69.2 time, 70.4 real, 48.7 MB
[runlim] sample:		79.2 time, 80.4 real, 49.4 MB
[runlim] sample:		89.2 time, 90.4 real, 50.4 MB
[runlim] sample:		99.2 time, 100.4 real, 52.2 MB
[runlim] sample:		109.2 time, 110.4 real, 53.7 MB
[runlim] sample:		119.2 time, 120.4 real, 55.8 MB
[runlim] sample:		129.2 time, 130.4 real, 57.3 MB
[runlim] sample:		139.2 time, 140.4 real, 59.1 MB
[runlim] sample:		149.2 time, 150.4 real, 60.4 MB
[runlim] sample:		159.2 time, 160.4 real, 63.5 MB
[runlim] sample:		169.2 time, 170.4 real, 65.3 MB
[runlim] sample:		179.2 time, 180.4 real, 67.1 MB
[runlim] sample:		189.2 time, 190.4 real, 68.4 MB
[runlim] sample:		199.2 time, 200.4 real, 70.2 MB
[runlim] sample:		209.2 time, 210.4 real, 71.5 MB
[runlim] sample:		219.2 time, 220.4 real, 73.1 MB
[runlim] sample:		229.2 time, 230.4 real, 74.4 MB
[runlim] sample:		239.2 time, 240.4 real, 76.9 MB
[runlim] sample:		249.1 time, 250.4 real, 78.5 MB
[runlim] sample:		259.1 time, 260.4 real, 80.3 MB
[runlim] sample:		269.1 time, 270.4 real, 82.1 MB
[runlim] sample:		279.1 time, 280.4 real, 83.9 MB
[runlim] sample:		289.1 time, 290.4 real, 85.7 MB
[runlim] sample:		299.1 time, 300.4 real, 87.8 MB
CVC4 interrupted by SIGTERM.
[runlim] end:			Tue Feb  5 10:08:02 2019
[runlim] status:		out of time
[runlim] result:		2
[runlim] children:		0
[runlim] real:			301.34 seconds
[runlim] time:			300.01 seconds
[runlim] space:			87.8 MB
[runlim] samples:		3009
