[runlim] version:		1.10fixed
[runlim] time limit:		300 seconds
[runlim] real time limit:	311040000 seconds
[runlim] space limit:		4000 MB
[runlim] argv[0]:		./cvc4
[runlim] argv[1]:		--nl-ext-tplanes
[runlim] argv[2]:		--fmf-fun-rlv
[runlim] argv[3]:		/tmp/IGObPGcK.smt2
[runlim] start:			Tue Feb  5 13:06:26 2019
[runlim] main pid:		19065
[runlim] sample:		8.4 time, 10.9 real, 104.7 MB
[runlim] sample:		18.3 time, 20.9 real, 108.2 MB
[runlim] sample:		27.6 time, 30.9 real, 246.0 MB
[runlim] sample:		36.9 time, 40.9 real, 250.2 MB
[runlim] sample:		47.0 time, 50.9 real, 259.2 MB
[runlim] sample:		56.9 time, 60.9 real, 348.6 MB
[runlim] sample:		66.9 time, 70.9 real, 556.8 MB
[runlim] sample:		76.9 time, 80.9 real, 557.0 MB
[runlim] sample:		86.7 time, 90.9 real, 557.3 MB
[runlim] sample:		96.7 time, 100.9 real, 563.2 MB
[runlim] sample:		106.7 time, 110.9 real, 564.0 MB
[runlim] sample:		116.7 time, 120.9 real, 571.2 MB
[runlim] sample:		126.7 time, 130.9 real, 573.0 MB
[runlim] sample:		136.7 time, 140.9 real, 574.8 MB
[runlim] sample:		146.7 time, 150.9 real, 576.6 MB
[runlim] sample:		156.7 time, 160.9 real, 577.9 MB
[runlim] sample:		166.7 time, 170.9 real, 579.5 MB
[runlim] sample:		176.7 time, 180.9 real, 580.5 MB
[runlim] sample:		186.7 time, 190.9 real, 581.5 MB
[runlim] sample:		196.7 time, 200.9 real, 582.6 MB
[runlim] sample:		206.7 time, 210.9 real, 583.6 MB
[runlim] sample:		216.7 time, 220.9 real, 584.6 MB
[runlim] sample:		226.7 time, 230.9 real, 585.4 MB
[runlim] sample:		236.7 time, 240.9 real, 586.4 MB
[runlim] sample:		246.7 time, 250.9 real, 706.2 MB
[runlim] sample:		256.7 time, 260.9 real, 1045.0 MB
[runlim] sample:		266.7 time, 270.9 real, 1128.5 MB
[runlim] sample:		276.6 time, 280.9 real, 1149.2 MB
[runlim] sample:		286.6 time, 290.9 real, 1149.2 MB
[runlim] sample:		296.6 time, 300.9 real, 1149.4 MB
CVC4 interrupted by SIGTERM.
[runlim] end:			Tue Feb  5 13:11:30 2019
[runlim] status:		out of time
[runlim] result:		2
[runlim] children:		0
[runlim] real:			304.34 seconds
[runlim] time:			300.05 seconds
[runlim] space:			1149.4 MB
[runlim] samples:		3034
