[runlim] version:		1.10fixed
[runlim] time limit:		300 seconds
[runlim] real time limit:	311040000 seconds
[runlim] space limit:		4000 MB
[runlim] argv[0]:		./cvc4
[runlim] argv[1]:		--nl-ext-tplanes
[runlim] argv[2]:		--fmf-fun-rlv
[runlim] argv[3]:		/tmp/lXXsyc4m.smt2
[runlim] start:			Tue Jan 29 16:42:42 2019
[runlim] main pid:		2611
[runlim] sample:		8.7 time, 10.3 real, 64.8 MB
[runlim] sample:		18.7 time, 20.3 real, 95.9 MB
[runlim] sample:		28.3 time, 30.3 real, 199.0 MB
[runlim] sample:		35.9 time, 40.3 real, 461.7 MB
[runlim] sample:		44.4 time, 50.3 real, 735.1 MB
[runlim] sample:		52.9 time, 60.3 real, 970.5 MB
[runlim] sample:		61.8 time, 70.3 real, 1242.8 MB
[runlim] sample:		70.3 time, 80.3 real, 1433.2 MB
[runlim] sample:		79.4 time, 90.3 real, 1563.8 MB
[runlim] sample:		88.2 time, 100.3 real, 1658.1 MB
[runlim] sample:		96.8 time, 110.3 real, 1708.4 MB
[runlim] sample:		105.7 time, 120.3 real, 1760.7 MB
[runlim] sample:		114.4 time, 130.3 real, 1760.7 MB
[runlim] sample:		124.4 time, 140.3 real, 1761.0 MB
[runlim] sample:		134.4 time, 150.3 real, 1761.0 MB
[runlim] sample:		144.4 time, 160.3 real, 1761.0 MB
[runlim] sample:		154.4 time, 170.3 real, 1761.2 MB
[runlim] sample:		164.4 time, 180.3 real, 1761.2 MB
[runlim] sample:		174.4 time, 190.3 real, 1761.2 MB
[runlim] sample:		184.4 time, 200.3 real, 1761.2 MB
[runlim] sample:		194.4 time, 210.3 real, 1761.2 MB
[runlim] sample:		204.4 time, 220.3 real, 1761.2 MB
[runlim] sample:		214.4 time, 230.3 real, 1761.2 MB
[runlim] sample:		224.4 time, 240.3 real, 1761.2 MB
[runlim] sample:		234.4 time, 250.3 real, 1761.2 MB
[runlim] sample:		244.4 time, 260.3 real, 1761.2 MB
[runlim] sample:		254.4 time, 270.3 real, 1761.5 MB
[runlim] sample:		263.9 time, 280.3 real, 1761.5 MB
[runlim] sample:		273.7 time, 290.3 real, 1761.5 MB
[runlim] sample:		283.7 time, 300.3 real, 1761.5 MB
[runlim] sample:		293.7 time, 310.3 real, 1761.7 MB
[runlim] end:			Tue Jan 29 16:47:58 2019
[runlim] status:		signal(9)
[runlim] result:		11
[runlim] children:		0
[runlim] real:			316.09 seconds
[runlim] time:			299.40 seconds
[runlim] space:			1761.7 MB
[runlim] samples:		3157
