[runlim] version:		1.10fixed
[runlim] time limit:		300 seconds
[runlim] real time limit:	311040000 seconds
[runlim] space limit:		4000 MB
[runlim] argv[0]:		./cvc4
[runlim] argv[1]:		--nl-ext-tplanes
[runlim] argv[2]:		--fmf-fun-rlv
[runlim] argv[3]:		/tmp/2SaINMIt.smt2
[runlim] start:			Tue Feb  5 10:02:56 2019
[runlim] main pid:		19574
/tmp/2SaINMIt.smt2:4.12: No set-logic command was given before this point.
/tmp/2SaINMIt.smt2:4.12: CVC4 will make all theories available.
/tmp/2SaINMIt.smt2:4.12: Consider setting a stricter logic for (likely) better performance.
/tmp/2SaINMIt.smt2:4.12: To suppress this warning in the future use (set-logic ALL).
[runlim] sample:		9.6 time, 10.2 real, 31.7 MB
[runlim] sample:		19.6 time, 20.2 real, 43.2 MB
[runlim] sample:		29.6 time, 30.2 real, 44.4 MB
[runlim] sample:		39.6 time, 40.2 real, 45.4 MB
[runlim] sample:		49.4 time, 50.2 real, 45.9 MB
[runlim] sample:		59.4 time, 60.2 real, 46.5 MB
[runlim] sample:		69.0 time, 70.2 real, 47.4 MB
[runlim] sample:		78.3 time, 80.2 real, 48.4 MB
[runlim] sample:		88.3 time, 90.2 real, 49.5 MB
[runlim] sample:		98.3 time, 100.2 real, 50.3 MB
[runlim] sample:		107.8 time, 110.2 real, 51.3 MB
[runlim] sample:		116.7 time, 120.2 real, 51.8 MB
[runlim] sample:		125.2 time, 130.2 real, 53.0 MB
[runlim] sample:		133.1 time, 140.2 real, 54.8 MB
[runlim] sample:		143.0 time, 150.2 real, 64.6 MB
[runlim] sample:		152.6 time, 160.2 real, 66.7 MB
[runlim] sample:		161.1 time, 170.2 real, 67.0 MB
[runlim] sample:		170.9 time, 180.2 real, 67.2 MB
[runlim] sample:		180.9 time, 190.2 real, 69.0 MB
[runlim] sample:		190.8 time, 200.2 real, 69.3 MB
[runlim] sample:		200.8 time, 210.2 real, 70.9 MB
[runlim] sample:		210.8 time, 220.2 real, 70.9 MB
[runlim] sample:		220.8 time, 230.2 real, 71.2 MB
[runlim] sample:		230.7 time, 240.2 real, 71.6 MB
[runlim] sample:		240.7 time, 250.2 real, 71.6 MB
[runlim] sample:		250.7 time, 260.2 real, 71.6 MB
[runlim] sample:		260.7 time, 270.2 real, 71.9 MB
[runlim] sample:		270.6 time, 280.2 real, 73.7 MB
[runlim] sample:		280.6 time, 290.2 real, 73.9 MB
[runlim] sample:		290.6 time, 300.2 real, 74.2 MB
CVC4 interrupted by SIGTERM.
[runlim] end:			Tue Feb  5 10:08:05 2019
[runlim] status:		out of time
[runlim] result:		2
[runlim] children:		0
[runlim] real:			309.66 seconds
[runlim] time:			300.04 seconds
[runlim] space:			77.0 MB
[runlim] samples:		3094
