[runlim] version:		1.10fixed
[runlim] time limit:		300 seconds
[runlim] real time limit:	311040000 seconds
[runlim] space limit:		4000 MB
[runlim] argv[0]:		./cvc4
[runlim] argv[1]:		--nl-ext-tplanes
[runlim] argv[2]:		--fmf-fun-rlv
[runlim] argv[3]:		/tmp/GKiKPYxX.smt2
[runlim] start:			Tue Feb  5 10:02:55 2019
[runlim] main pid:		6806
/tmp/GKiKPYxX.smt2:4.12: No set-logic command was given before this point.
/tmp/GKiKPYxX.smt2:4.12: CVC4 will make all theories available.
/tmp/GKiKPYxX.smt2:4.12: Consider setting a stricter logic for (likely) better performance.
/tmp/GKiKPYxX.smt2:4.12: To suppress this warning in the future use (set-logic ALL).
[runlim] sample:		9.2 time, 10.3 real, 43.1 MB
[runlim] sample:		18.7 time, 20.3 real, 48.3 MB
[runlim] sample:		27.8 time, 30.3 real, 50.8 MB
[runlim] sample:		37.2 time, 40.3 real, 53.1 MB
[runlim] sample:		46.4 time, 50.3 real, 54.1 MB
[runlim] sample:		56.4 time, 60.3 real, 55.4 MB
[runlim] sample:		66.4 time, 70.3 real, 56.4 MB
[runlim] sample:		76.4 time, 80.3 real, 58.2 MB
[runlim] sample:		86.4 time, 90.3 real, 58.7 MB
[runlim] sample:		96.4 time, 100.3 real, 58.9 MB
[runlim] sample:		106.4 time, 110.3 real, 60.0 MB
[runlim] sample:		116.4 time, 120.3 real, 63.0 MB
[runlim] sample:		126.4 time, 130.3 real, 63.3 MB
[runlim] sample:		136.4 time, 140.3 real, 63.5 MB
[runlim] sample:		146.4 time, 150.3 real, 64.8 MB
[runlim] sample:		156.4 time, 160.3 real, 65.5 MB
[runlim] sample:		166.2 time, 170.3 real, 68.7 MB
[runlim] sample:		175.4 time, 180.3 real, 68.9 MB
[runlim] sample:		185.0 time, 190.3 real, 69.1 MB
[runlim] sample:		195.0 time, 200.3 real, 69.4 MB
[runlim] sample:		205.0 time, 210.3 real, 69.6 MB
[runlim] sample:		215.0 time, 220.3 real, 69.9 MB
[runlim] sample:		225.0 time, 230.3 real, 70.1 MB
[runlim] sample:		235.0 time, 240.3 real, 72.7 MB
[runlim] sample:		245.0 time, 250.3 real, 72.9 MB
[runlim] sample:		255.0 time, 260.3 real, 75.7 MB
[runlim] sample:		265.0 time, 270.3 real, 75.9 MB
[runlim] sample:		275.0 time, 280.3 real, 76.2 MB
[runlim] sample:		285.0 time, 290.3 real, 76.2 MB
[runlim] sample:		295.0 time, 300.3 real, 76.4 MB
CVC4 interrupted by SIGTERM.
[runlim] end:			Tue Feb  5 10:08:00 2019
[runlim] status:		out of time
[runlim] result:		2
[runlim] children:		0
[runlim] real:			305.39 seconds
[runlim] time:			300.09 seconds
[runlim] space:			76.7 MB
[runlim] samples:		3051
