[runlim] version:		1.10fixed
[runlim] time limit:		300 seconds
[runlim] real time limit:	311040000 seconds
[runlim] space limit:		4000 MB
[runlim] argv[0]:		./cvc4
[runlim] argv[1]:		--nl-ext-tplanes
[runlim] argv[2]:		--fmf-fun-rlv
[runlim] argv[3]:		/tmp/7T8ceMjl.smt2
[runlim] start:			Tue Feb  5 10:02:56 2019
[runlim] main pid:		19288
/tmp/7T8ceMjl.smt2:4.12: No set-logic command was given before this point.
/tmp/7T8ceMjl.smt2:4.12: CVC4 will make all theories available.
/tmp/7T8ceMjl.smt2:4.12: Consider setting a stricter logic for (likely) better performance.
/tmp/7T8ceMjl.smt2:4.12: To suppress this warning in the future use (set-logic ALL).
[runlim] sample:		9.1 time, 10.6 real, 41.2 MB
[runlim] sample:		19.1 time, 20.6 real, 49.7 MB
[runlim] sample:		29.1 time, 30.6 real, 58.0 MB
[runlim] sample:		39.1 time, 40.6 real, 63.4 MB
[runlim] sample:		49.1 time, 50.6 real, 65.4 MB
[runlim] sample:		59.1 time, 60.6 real, 68.2 MB
[runlim] sample:		69.1 time, 70.6 real, 71.0 MB
[runlim] sample:		79.1 time, 80.6 real, 73.6 MB
[runlim] sample:		89.1 time, 90.6 real, 74.1 MB
[runlim] sample:		99.1 time, 100.6 real, 75.1 MB
[runlim] sample:		109.1 time, 110.6 real, 77.9 MB
[runlim] sample:		119.0 time, 120.6 real, 79.7 MB
[runlim] sample:		129.1 time, 130.6 real, 81.0 MB
[runlim] sample:		139.1 time, 140.6 real, 81.2 MB
[runlim] sample:		149.0 time, 150.6 real, 81.7 MB
[runlim] sample:		159.0 time, 160.6 real, 82.2 MB
[runlim] sample:		169.0 time, 170.6 real, 83.8 MB
[runlim] sample:		179.0 time, 180.6 real, 84.0 MB
[runlim] sample:		189.0 time, 190.6 real, 84.0 MB
[runlim] sample:		199.0 time, 200.6 real, 84.0 MB
[runlim] sample:		209.0 time, 210.6 real, 84.0 MB
[runlim] sample:		219.0 time, 220.6 real, 84.3 MB
[runlim] sample:		229.0 time, 230.6 real, 84.3 MB
[runlim] sample:		239.0 time, 240.6 real, 84.3 MB
[runlim] sample:		249.0 time, 250.6 real, 84.5 MB
[runlim] sample:		259.0 time, 260.6 real, 84.5 MB
[runlim] sample:		269.0 time, 270.6 real, 84.5 MB
[runlim] sample:		279.0 time, 280.6 real, 84.8 MB
[runlim] sample:		289.0 time, 290.6 real, 85.3 MB
[runlim] sample:		298.2 time, 300.6 real, 85.8 MB
CVC4 interrupted by SIGTERM.
[runlim] end:			Tue Feb  5 10:07:59 2019
[runlim] status:		out of time
[runlim] result:		2
[runlim] children:		0
[runlim] real:			303.03 seconds
[runlim] time:			300.06 seconds
[runlim] space:			85.8 MB
[runlim] samples:		3024
