[runlim] version:		1.10fixed
[runlim] time limit:		300 seconds
[runlim] real time limit:	311040000 seconds
[runlim] space limit:		4000 MB
[runlim] argv[0]:		./cvc4
[runlim] argv[1]:		--nl-ext-tplanes
[runlim] argv[2]:		--fmf-fun-rlv
[runlim] argv[3]:		/tmp/T9Rpsmhl.smt2
[runlim] start:			Tue Feb  5 10:02:44 2019
[runlim] main pid:		19666
[runlim] sample:		7.8 time, 10.3 real, 45.9 MB
[runlim] sample:		17.8 time, 20.3 real, 132.2 MB
[runlim] sample:		27.8 time, 30.3 real, 429.5 MB
[runlim] sample:		37.3 time, 40.3 real, 625.2 MB
[runlim] sample:		47.3 time, 50.3 real, 689.1 MB
[runlim] sample:		57.3 time, 60.3 real, 689.4 MB
[runlim] sample:		67.3 time, 70.3 real, 689.4 MB
[runlim] sample:		76.3 time, 80.3 real, 689.6 MB
[runlim] sample:		85.1 time, 90.3 real, 689.9 MB
[runlim] sample:		94.7 time, 100.3 real, 689.9 MB
[runlim] sample:		104.7 time, 110.3 real, 690.1 MB
[runlim] sample:		114.7 time, 120.3 real, 690.4 MB
[runlim] sample:		124.2 time, 130.3 real, 690.4 MB
[runlim] sample:		133.6 time, 140.3 real, 690.6 MB
[runlim] sample:		142.0 time, 150.3 real, 690.9 MB
[runlim] sample:		151.7 time, 160.3 real, 690.9 MB
[runlim] sample:		161.7 time, 170.3 real, 690.9 MB
[runlim] sample:		171.7 time, 180.3 real, 690.9 MB
[runlim] sample:		181.6 time, 190.3 real, 691.2 MB
[runlim] sample:		191.6 time, 200.3 real, 691.4 MB
[runlim] sample:		201.6 time, 210.3 real, 691.4 MB
[runlim] sample:		211.6 time, 220.3 real, 691.7 MB
[runlim] sample:		221.6 time, 230.3 real, 691.9 MB
[runlim] sample:		231.6 time, 240.3 real, 691.9 MB
[runlim] sample:		241.6 time, 250.3 real, 692.2 MB
[runlim] sample:		251.6 time, 260.3 real, 692.5 MB
[runlim] sample:		261.6 time, 270.3 real, 693.0 MB
[runlim] sample:		271.0 time, 280.3 real, 693.2 MB
[runlim] sample:		281.0 time, 290.3 real, 693.2 MB
[runlim] sample:		291.0 time, 300.3 real, 693.5 MB
CVC4 interrupted by SIGTERM.
[runlim] end:			Tue Feb  5 10:07:53 2019
[runlim] status:		out of time
[runlim] result:		2
[runlim] children:		0
[runlim] real:			309.45 seconds
[runlim] time:			300.09 seconds
[runlim] space:			693.7 MB
[runlim] samples:		3091
