[runlim] version:		1.10fixed
[runlim] time limit:		300 seconds
[runlim] real time limit:	311040000 seconds
[runlim] space limit:		4000 MB
[runlim] argv[0]:		./cvc4
[runlim] argv[1]:		--nl-ext-tplanes
[runlim] argv[2]:		--fmf-fun-rlv
[runlim] argv[3]:		/tmp/y5aMNGbc.smt2
[runlim] start:			Tue Jan 29 16:41:02 2019
[runlim] main pid:		13806
[runlim] sample:		7.4 time, 10.5 real, 111.0 MB
[runlim] sample:		14.8 time, 20.5 real, 154.6 MB
[runlim] sample:		22.9 time, 30.5 real, 295.4 MB
[runlim] sample:		31.0 time, 40.5 real, 311.4 MB
[runlim] sample:		38.8 time, 50.5 real, 311.9 MB
[runlim] sample:		48.3 time, 60.5 real, 314.5 MB
[runlim] sample:		58.3 time, 70.5 real, 318.1 MB
[runlim] sample:		68.3 time, 80.5 real, 328.1 MB
[runlim] sample:		78.3 time, 90.5 real, 454.3 MB
[runlim] sample:		87.6 time, 100.5 real, 634.5 MB
[runlim] sample:		95.5 time, 110.5 real, 662.9 MB
[runlim] sample:		104.0 time, 120.5 real, 666.2 MB
[runlim] sample:		114.0 time, 130.5 real, 666.2 MB
[runlim] sample:		122.9 time, 140.5 real, 666.5 MB
[runlim] sample:		132.5 time, 150.5 real, 666.5 MB
[runlim] sample:		141.7 time, 160.5 real, 666.5 MB
[runlim] sample:		151.7 time, 170.5 real, 675.0 MB
[runlim] sample:		161.7 time, 180.5 real, 675.0 MB
[runlim] sample:		171.7 time, 190.5 real, 677.8 MB
[runlim] sample:		181.7 time, 200.5 real, 677.8 MB
[runlim] sample:		191.7 time, 210.5 real, 687.6 MB
[runlim] sample:		201.7 time, 220.5 real, 689.4 MB
[runlim] sample:		211.5 time, 230.5 real, 691.2 MB
[runlim] sample:		221.5 time, 240.5 real, 692.5 MB
[runlim] sample:		231.4 time, 250.5 real, 693.8 MB
[runlim] sample:		241.4 time, 260.5 real, 695.1 MB
[runlim] sample:		251.3 time, 270.5 real, 696.1 MB
[runlim] sample:		260.7 time, 280.5 real, 697.1 MB
[runlim] sample:		270.8 time, 290.5 real, 697.9 MB
[runlim] sample:		280.6 time, 300.5 real, 698.9 MB
[runlim] sample:		290.5 time, 310.5 real, 699.7 MB
[runlim] end:			Tue Jan 29 16:46:19 2019
[runlim] status:		signal(9)
[runlim] result:		11
[runlim] children:		0
[runlim] real:			317.15 seconds
[runlim] time:			297.13 seconds
[runlim] space:			700.5 MB
[runlim] samples:		3166
