[runlim] version:		1.10fixed
[runlim] time limit:		300 seconds
[runlim] real time limit:	311040000 seconds
[runlim] space limit:		4000 MB
[runlim] argv[0]:		./cvc4
[runlim] argv[1]:		--nl-ext-tplanes
[runlim] argv[2]:		--fmf-fun-rlv
[runlim] argv[3]:		/tmp/F7Mfoc3h.smt2
[runlim] start:			Tue Jan 29 16:44:27 2019
[runlim] main pid:		26040
[runlim] sample:		9.6 time, 11.0 real, 39.9 MB
[runlim] sample:		19.5 time, 21.0 real, 43.7 MB
[runlim] sample:		29.5 time, 31.0 real, 51.4 MB
[runlim] sample:		39.5 time, 41.0 real, 54.4 MB
[runlim] sample:		49.5 time, 51.0 real, 57.3 MB
[runlim] sample:		59.5 time, 61.0 real, 62.9 MB
[runlim] sample:		69.5 time, 71.0 real, 67.5 MB
[runlim] sample:		79.5 time, 81.0 real, 71.1 MB
[runlim] sample:		89.5 time, 91.0 real, 73.1 MB
[runlim] sample:		99.5 time, 101.0 real, 75.1 MB
[runlim] sample:		109.5 time, 111.0 real, 77.7 MB
[runlim] sample:		119.5 time, 121.0 real, 81.3 MB
[runlim] sample:		129.5 time, 131.0 real, 82.3 MB
[runlim] sample:		139.5 time, 141.0 real, 83.8 MB
[runlim] sample:		149.5 time, 151.0 real, 85.3 MB
[runlim] sample:		159.5 time, 161.0 real, 85.8 MB
[runlim] sample:		169.5 time, 171.0 real, 87.8 MB
[runlim] sample:		179.5 time, 181.0 real, 89.9 MB
[runlim] sample:		189.5 time, 191.0 real, 94.7 MB
[runlim] sample:		199.5 time, 201.0 real, 96.3 MB
[runlim] sample:		209.5 time, 211.0 real, 96.8 MB
[runlim] sample:		219.5 time, 221.0 real, 99.5 MB
[runlim] sample:		229.5 time, 231.0 real, 99.8 MB
[runlim] sample:		239.5 time, 241.0 real, 102.8 MB
[runlim] sample:		249.3 time, 251.0 real, 105.6 MB
[runlim] sample:		259.1 time, 261.0 real, 107.1 MB
[runlim] sample:		268.8 time, 271.0 real, 112.9 MB
[runlim] sample:		278.8 time, 281.0 real, 113.4 MB
[runlim] sample:		288.8 time, 291.0 real, 114.0 MB
[runlim] sample:		298.8 time, 301.0 real, 114.5 MB
CVC4 interrupted by SIGTERM.
[runlim] end:			Tue Jan 29 16:49:29 2019
[runlim] status:		out of time
[runlim] result:		2
[runlim] children:		0
[runlim] real:			302.18 seconds
[runlim] time:			300.02 seconds
[runlim] space:			114.5 MB
[runlim] samples:		3012
