[runlim] version:		1.10fixed
[runlim] time limit:		300 seconds
[runlim] real time limit:	311040000 seconds
[runlim] space limit:		4000 MB
[runlim] argv[0]:		./cvc4
[runlim] argv[1]:		--nl-ext-tplanes
[runlim] argv[2]:		--fmf-fun-rlv
[runlim] argv[3]:		/tmp/4xkdgf75.smt2
[runlim] start:			Tue Feb  5 10:03:01 2019
[runlim] main pid:		4696
/tmp/4xkdgf75.smt2:4.12: No set-logic command was given before this point.
/tmp/4xkdgf75.smt2:4.12: CVC4 will make all theories available.
/tmp/4xkdgf75.smt2:4.12: Consider setting a stricter logic for (likely) better performance.
/tmp/4xkdgf75.smt2:4.12: To suppress this warning in the future use (set-logic ALL).
[runlim] sample:		9.2 time, 10.8 real, 43.0 MB
[runlim] sample:		18.9 time, 20.8 real, 46.8 MB
[runlim] sample:		28.9 time, 30.8 real, 50.4 MB
[runlim] sample:		39.0 time, 40.8 real, 52.2 MB
[runlim] sample:		48.6 time, 50.8 real, 53.4 MB
[runlim] sample:		57.2 time, 60.8 real, 55.7 MB
[runlim] sample:		65.6 time, 70.8 real, 59.2 MB
[runlim] sample:		75.5 time, 80.8 real, 63.8 MB
[runlim] sample:		84.5 time, 90.8 real, 64.6 MB
[runlim] sample:		93.0 time, 100.8 real, 66.4 MB
[runlim] sample:		103.0 time, 110.8 real, 68.4 MB
[runlim] sample:		112.4 time, 120.8 real, 68.7 MB
[runlim] sample:		121.5 time, 130.8 real, 74.1 MB
[runlim] sample:		129.6 time, 140.8 real, 74.3 MB
[runlim] sample:		139.2 time, 150.8 real, 74.8 MB
[runlim] sample:		148.9 time, 160.8 real, 76.3 MB
[runlim] sample:		158.6 time, 170.8 real, 79.6 MB
[runlim] sample:		168.2 time, 180.8 real, 81.2 MB
[runlim] sample:		177.9 time, 190.8 real, 84.0 MB
[runlim] sample:		187.6 time, 200.8 real, 85.0 MB
[runlim] sample:		197.0 time, 210.8 real, 88.6 MB
[runlim] sample:		206.7 time, 220.8 real, 90.4 MB
[runlim] sample:		216.7 time, 230.8 real, 90.6 MB
[runlim] sample:		226.7 time, 240.8 real, 94.0 MB
[runlim] sample:		236.7 time, 250.8 real, 94.2 MB
[runlim] sample:		246.7 time, 260.8 real, 94.8 MB
[runlim] sample:		256.7 time, 270.8 real, 97.3 MB
[runlim] sample:		266.7 time, 280.8 real, 98.8 MB
[runlim] sample:		276.7 time, 290.8 real, 101.4 MB
[runlim] sample:		286.7 time, 300.8 real, 101.9 MB
[runlim] sample:		296.7 time, 310.8 real, 102.6 MB
CVC4 interrupted by SIGTERM.
[runlim] end:			Tue Feb  5 10:08:15 2019
[runlim] status:		out of time
[runlim] result:		2
[runlim] children:		0
[runlim] real:			314.21 seconds
[runlim] time:			300.09 seconds
[runlim] space:			103.1 MB
[runlim] samples:		3134
