[runlim] version:		1.10fixed
[runlim] time limit:		300 seconds
[runlim] real time limit:	311040000 seconds
[runlim] space limit:		4000 MB
[runlim] argv[0]:		./cvc4
[runlim] argv[1]:		--nl-ext-tplanes
[runlim] argv[2]:		--fmf-fun-rlv
[runlim] argv[3]:		/tmp/RY0dWoPt.smt2
[runlim] start:			Tue Feb  5 09:57:58 2019
[runlim] main pid:		18289
[runlim] sample:		9.2 time, 10.7 real, 211.0 MB
[runlim] sample:		18.9 time, 20.7 real, 263.6 MB
[runlim] sample:		28.6 time, 30.7 real, 599.7 MB
[runlim] sample:		38.2 time, 40.7 real, 717.6 MB
[runlim] sample:		47.9 time, 50.7 real, 719.9 MB
[runlim] sample:		57.5 time, 60.7 real, 721.4 MB
[runlim] sample:		65.2 time, 70.7 real, 836.6 MB
[runlim] sample:		75.2 time, 80.7 real, 837.1 MB
[runlim] sample:		85.2 time, 90.7 real, 952.9 MB
[runlim] sample:		95.2 time, 100.7 real, 1330.1 MB
[runlim] sample:		105.2 time, 110.7 real, 1619.4 MB
[runlim] sample:		115.2 time, 120.7 real, 2046.6 MB
[runlim] sample:		125.2 time, 130.7 real, 2400.7 MB
[runlim] sample:		135.2 time, 140.7 real, 2641.3 MB
[runlim] sample:		145.2 time, 150.7 real, 2659.1 MB
[runlim] sample:		155.2 time, 160.7 real, 2659.1 MB
[runlim] sample:		165.2 time, 170.7 real, 2659.1 MB
[runlim] sample:		175.2 time, 180.7 real, 2782.5 MB
[runlim] sample:		185.2 time, 190.7 real, 2845.5 MB
[runlim] sample:		195.2 time, 200.7 real, 2845.5 MB
[runlim] sample:		205.2 time, 210.7 real, 2845.5 MB
[runlim] sample:		215.2 time, 220.7 real, 2845.5 MB
[runlim] sample:		225.2 time, 230.7 real, 2845.5 MB
[runlim] sample:		235.2 time, 240.7 real, 2845.5 MB
[runlim] sample:		243.3 time, 250.7 real, 2845.5 MB
[runlim] sample:		250.8 time, 260.7 real, 2845.5 MB
[runlim] sample:		259.2 time, 270.7 real, 2845.5 MB
[runlim] sample:		268.8 time, 280.7 real, 2845.5 MB
[runlim] sample:		278.6 time, 290.7 real, 2845.5 MB
[runlim] sample:		288.6 time, 300.7 real, 2845.5 MB
[runlim] sample:		298.6 time, 310.7 real, 2845.5 MB
CVC4 interrupted by SIGTERM.
[runlim] end:			Tue Feb  5 10:03:10 2019
[runlim] status:		out of time
[runlim] result:		2
[runlim] children:		0
[runlim] real:			312.32 seconds
[runlim] time:			300.19 seconds
[runlim] space:			2845.5 MB
[runlim] samples:		3116
