[runlim] version:		1.10fixed
[runlim] time limit:		300 seconds
[runlim] real time limit:	311040000 seconds
[runlim] space limit:		4000 MB
[runlim] argv[0]:		./cvc4
[runlim] argv[1]:		--nl-ext-tplanes
[runlim] argv[2]:		--fmf-fun-rlv
[runlim] argv[3]:		/tmp/cUSJ4nCx.smt2
[runlim] start:			Tue Feb  5 10:02:43 2019
[runlim] main pid:		17984
[runlim] sample:		9.1 time, 10.3 real, 47.6 MB
[runlim] sample:		19.1 time, 20.3 real, 241.6 MB
[runlim] sample:		27.9 time, 30.3 real, 495.4 MB
[runlim] sample:		37.2 time, 40.3 real, 660.4 MB
[runlim] sample:		46.5 time, 50.3 real, 687.2 MB
[runlim] sample:		55.2 time, 60.3 real, 687.2 MB
[runlim] sample:		64.8 time, 70.3 real, 687.4 MB
[runlim] sample:		74.6 time, 80.3 real, 687.7 MB
[runlim] sample:		84.6 time, 90.3 real, 687.7 MB
[runlim] sample:		94.6 time, 100.3 real, 688.0 MB
[runlim] sample:		104.6 time, 110.3 real, 688.2 MB
[runlim] sample:		114.6 time, 120.3 real, 688.2 MB
[runlim] sample:		124.5 time, 130.3 real, 688.5 MB
[runlim] sample:		134.6 time, 140.3 real, 688.7 MB
[runlim] sample:		144.6 time, 150.3 real, 688.7 MB
[runlim] sample:		154.5 time, 160.3 real, 689.0 MB
[runlim] sample:		164.5 time, 170.3 real, 689.0 MB
[runlim] sample:		174.5 time, 180.3 real, 689.0 MB
[runlim] sample:		184.4 time, 190.3 real, 689.3 MB
[runlim] sample:		194.4 time, 200.3 real, 689.5 MB
[runlim] sample:		204.4 time, 210.3 real, 689.5 MB
[runlim] sample:		214.4 time, 220.3 real, 689.8 MB
[runlim] sample:		224.4 time, 230.3 real, 690.0 MB
[runlim] sample:		234.4 time, 240.3 real, 690.0 MB
[runlim] sample:		244.4 time, 250.3 real, 690.3 MB
[runlim] sample:		254.4 time, 260.3 real, 690.8 MB
[runlim] sample:		264.4 time, 270.3 real, 691.1 MB
[runlim] sample:		274.4 time, 280.3 real, 691.3 MB
[runlim] sample:		284.4 time, 290.3 real, 691.6 MB
[runlim] sample:		294.4 time, 300.3 real, 691.8 MB
CVC4 interrupted by SIGTERM.
[runlim] end:			Tue Feb  5 10:07:49 2019
[runlim] status:		out of time
[runlim] result:		2
[runlim] children:		0
[runlim] real:			306.04 seconds
[runlim] time:			300.08 seconds
[runlim] space:			691.8 MB
[runlim] samples:		3057
