[runlim] version:		1.10fixed
[runlim] time limit:		300 seconds
[runlim] real time limit:	311040000 seconds
[runlim] space limit:		4000 MB
[runlim] argv[0]:		./cvc4
[runlim] argv[1]:		--nl-ext-tplanes
[runlim] argv[2]:		--fmf-fun-rlv
[runlim] argv[3]:		/tmp/QagMYknO.smt2
[runlim] start:			Tue Feb  5 09:57:59 2019
[runlim] main pid:		22986
[runlim] sample:		10.0 time, 10.3 real, 170.8 MB
[runlim] sample:		20.0 time, 20.3 real, 282.6 MB
[runlim] sample:		30.0 time, 30.3 real, 503.3 MB
[runlim] sample:		40.0 time, 40.3 real, 854.0 MB
[runlim] sample:		50.0 time, 50.3 real, 867.9 MB
[runlim] sample:		60.0 time, 60.3 real, 869.7 MB
[runlim] sample:		70.0 time, 70.3 real, 870.8 MB
[runlim] sample:		80.0 time, 80.3 real, 998.0 MB
[runlim] sample:		89.9 time, 90.3 real, 1004.7 MB
[runlim] sample:		99.9 time, 100.3 real, 1004.7 MB
[runlim] sample:		109.9 time, 110.3 real, 1253.0 MB
[runlim] sample:		119.9 time, 120.3 real, 1545.3 MB
[runlim] sample:		129.9 time, 130.3 real, 1844.7 MB
[runlim] sample:		139.9 time, 140.3 real, 2276.8 MB
[runlim] sample:		149.9 time, 150.3 real, 2638.0 MB
[runlim] sample:		159.9 time, 160.3 real, 2978.5 MB
[runlim] sample:		169.9 time, 170.3 real, 3292.6 MB
[runlim] sample:		179.9 time, 180.3 real, 3292.6 MB
[runlim] sample:		189.9 time, 190.3 real, 3292.6 MB
[runlim] sample:		199.9 time, 200.3 real, 3292.6 MB
[runlim] sample:		209.9 time, 210.3 real, 3292.6 MB
[runlim] sample:		219.9 time, 220.3 real, 3348.5 MB
[runlim] sample:		229.9 time, 230.3 real, 3348.5 MB
[runlim] sample:		239.9 time, 240.3 real, 3353.1 MB
[runlim] sample:		249.9 time, 250.3 real, 3353.1 MB
[runlim] sample:		259.9 time, 260.3 real, 3353.1 MB
[runlim] sample:		269.9 time, 270.3 real, 3353.1 MB
[runlim] sample:		279.9 time, 280.3 real, 3353.1 MB
[runlim] sample:		289.9 time, 290.3 real, 3353.1 MB
[runlim] sample:		299.8 time, 300.3 real, 3353.1 MB
CVC4 interrupted by SIGTERM.
[runlim] end:			Tue Feb  5 10:02:59 2019
[runlim] status:		out of time
[runlim] result:		2
[runlim] children:		0
[runlim] real:			300.64 seconds
[runlim] time:			300.15 seconds
[runlim] space:			3353.1 MB
[runlim] samples:		3003
