[runlim] version:		1.10fixed
[runlim] time limit:		300 seconds
[runlim] real time limit:	311040000 seconds
[runlim] space limit:		4000 MB
[runlim] argv[0]:		./cvc4
[runlim] argv[1]:		--nl-ext-tplanes
[runlim] argv[2]:		--fmf-fun-rlv
[runlim] argv[3]:		/tmp/jMvEgAa2.smt2
[runlim] start:			Tue Feb  5 13:06:37 2019
[runlim] main pid:		9481
/tmp/jMvEgAa2.smt2:4.12: No set-logic command was given before this point.
/tmp/jMvEgAa2.smt2:4.12: CVC4 will make all theories available.
/tmp/jMvEgAa2.smt2:4.12: Consider setting a stricter logic for (likely) better performance.
/tmp/jMvEgAa2.smt2:4.12: To suppress this warning in the future use (set-logic ALL).
[runlim] sample:		8.1 time, 10.4 real, 42.8 MB
[runlim] sample:		17.2 time, 20.4 real, 44.1 MB
[runlim] sample:		24.4 time, 30.4 real, 45.6 MB
[runlim] sample:		33.7 time, 40.4 real, 51.6 MB
[runlim] sample:		43.7 time, 50.4 real, 54.9 MB
[runlim] sample:		53.7 time, 60.4 real, 56.9 MB
[runlim] sample:		63.2 time, 70.4 real, 61.0 MB
[runlim] sample:		70.4 time, 80.4 real, 64.6 MB
[runlim] sample:		77.6 time, 90.4 real, 66.6 MB
[runlim] sample:		87.6 time, 100.4 real, 69.7 MB
[runlim] sample:		97.6 time, 110.4 real, 80.3 MB
[runlim] sample:		107.6 time, 120.4 real, 86.9 MB
[runlim] sample:		117.6 time, 130.4 real, 87.1 MB
[runlim] sample:		127.2 time, 140.4 real, 87.9 MB
[runlim] sample:		136.3 time, 150.4 real, 92.0 MB
[runlim] sample:		145.7 time, 160.4 real, 92.3 MB
[runlim] sample:		153.9 time, 170.4 real, 94.3 MB
[runlim] sample:		161.0 time, 180.4 real, 94.8 MB
[runlim] sample:		168.3 time, 190.4 real, 98.3 MB
[runlim] sample:		178.2 time, 200.4 real, 99.8 MB
[runlim] sample:		187.9 time, 210.4 real, 101.1 MB
[runlim] sample:		195.9 time, 220.4 real, 101.6 MB
[runlim] sample:		203.2 time, 230.4 real, 102.1 MB
[runlim] sample:		211.6 time, 240.4 real, 106.2 MB
[runlim] end:			Tue Feb  5 13:10:43 2019
[runlim] status:		ok
[runlim] result:		0
[runlim] children:		0
[runlim] real:			246.68 seconds
[runlim] time:			217.79 seconds
[runlim] space:			111.9 MB
[runlim] samples:		2462
