[runlim] version:		1.10fixed
[runlim] time limit:		300 seconds
[runlim] real time limit:	311040000 seconds
[runlim] space limit:		4000 MB
[runlim] argv[0]:		./cvc4
[runlim] argv[1]:		/tmp/VISUM3cN.smt2
[runlim] start:			Tue Feb  5 09:52:42 2019
[runlim] main pid:		18943
/tmp/VISUM3cN.smt2:4.12: No set-logic command was given before this point.
/tmp/VISUM3cN.smt2:4.12: CVC4 will make all theories available.
/tmp/VISUM3cN.smt2:4.12: Consider setting a stricter logic for (likely) better performance.
/tmp/VISUM3cN.smt2:4.12: To suppress this warning in the future use (set-logic ALL).
[runlim] sample:		10.0 time, 10.0 real, 103.4 MB
[runlim] sample:		20.0 time, 20.0 real, 139.6 MB
[runlim] sample:		30.0 time, 30.0 real, 157.8 MB
[runlim] sample:		40.0 time, 40.0 real, 173.8 MB
[runlim] sample:		50.0 time, 50.0 real, 186.1 MB
[runlim] sample:		60.0 time, 60.0 real, 198.0 MB
[runlim] sample:		70.0 time, 70.0 real, 209.1 MB
[runlim] sample:		80.0 time, 80.0 real, 220.9 MB
[runlim] sample:		90.0 time, 90.0 real, 230.7 MB
[runlim] sample:		100.0 time, 100.0 real, 239.4 MB
[runlim] sample:		110.0 time, 110.0 real, 248.9 MB
[runlim] sample:		120.0 time, 120.0 real, 255.1 MB
[runlim] sample:		130.0 time, 130.0 real, 264.8 MB
[runlim] sample:		140.0 time, 140.0 real, 271.2 MB
[runlim] sample:		150.0 time, 150.0 real, 278.1 MB
[runlim] sample:		160.0 time, 160.0 real, 284.0 MB
[runlim] sample:		170.0 time, 170.0 real, 288.9 MB
[runlim] sample:		180.0 time, 180.0 real, 294.1 MB
[runlim] sample:		189.9 time, 190.0 real, 299.2 MB
[runlim] sample:		199.9 time, 200.0 real, 304.1 MB
[runlim] sample:		207.8 time, 210.0 real, 307.0 MB
[runlim] sample:		215.5 time, 220.0 real, 311.6 MB
[runlim] sample:		224.6 time, 230.0 real, 314.9 MB
[runlim] sample:		234.6 time, 240.0 real, 320.1 MB
[runlim] sample:		244.0 time, 250.0 real, 323.7 MB
[runlim] sample:		254.0 time, 260.0 real, 328.6 MB
[runlim] sample:		264.0 time, 270.0 real, 331.4 MB
[runlim] sample:		274.0 time, 280.0 real, 336.3 MB
[runlim] sample:		284.0 time, 290.0 real, 339.2 MB
[runlim] sample:		291.9 time, 300.0 real, 341.7 MB
[runlim] end:			Tue Feb  5 09:57:49 2019
[runlim] status:		signal(9)
[runlim] result:		11
[runlim] children:		0
[runlim] real:			307.83 seconds
[runlim] time:			299.58 seconds
[runlim] space:			344.6 MB
[runlim] samples:		3077
