[runlim] version:		1.10fixed
[runlim] time limit:		300 seconds
[runlim] real time limit:	311040000 seconds
[runlim] space limit:		4000 MB
[runlim] argv[0]:		./cvc4
[runlim] argv[1]:		/tmp/B4G16Pla.smt2
[runlim] start:			Tue Feb  5 09:52:42 2019
[runlim] main pid:		5616
/tmp/B4G16Pla.smt2:4.12: No set-logic command was given before this point.
/tmp/B4G16Pla.smt2:4.12: CVC4 will make all theories available.
/tmp/B4G16Pla.smt2:4.12: Consider setting a stricter logic for (likely) better performance.
/tmp/B4G16Pla.smt2:4.12: To suppress this warning in the future use (set-logic ALL).
[runlim] sample:		10.0 time, 10.2 real, 109.8 MB
[runlim] sample:		20.0 time, 20.2 real, 149.7 MB
[runlim] sample:		30.0 time, 30.2 real, 171.3 MB
[runlim] sample:		40.0 time, 40.2 real, 189.8 MB
[runlim] sample:		50.0 time, 50.2 real, 203.2 MB
[runlim] sample:		60.0 time, 60.2 real, 217.8 MB
[runlim] sample:		70.0 time, 70.2 real, 230.1 MB
[runlim] sample:		80.0 time, 80.2 real, 245.0 MB
[runlim] sample:		90.0 time, 90.2 real, 254.5 MB
[runlim] sample:		100.0 time, 100.2 real, 265.1 MB
[runlim] sample:		110.0 time, 110.2 real, 274.3 MB
[runlim] sample:		120.0 time, 120.2 real, 281.5 MB
[runlim] sample:		130.0 time, 130.2 real, 288.8 MB
[runlim] sample:		140.0 time, 140.2 real, 296.2 MB
[runlim] sample:		150.0 time, 150.2 real, 303.7 MB
[runlim] sample:		160.0 time, 160.2 real, 309.6 MB
[runlim] sample:		170.0 time, 170.2 real, 316.0 MB
[runlim] sample:		179.9 time, 180.2 real, 322.5 MB
[runlim] sample:		189.9 time, 190.2 real, 328.7 MB
[runlim] sample:		199.9 time, 200.2 real, 334.3 MB
[runlim] sample:		209.9 time, 210.2 real, 338.5 MB
[runlim] sample:		219.9 time, 220.2 real, 342.6 MB
[runlim] sample:		229.9 time, 230.2 real, 348.8 MB
[runlim] sample:		239.9 time, 240.2 real, 353.7 MB
[runlim] sample:		249.9 time, 250.2 real, 357.5 MB
[runlim] sample:		259.9 time, 260.2 real, 366.4 MB
[runlim] sample:		269.8 time, 270.2 real, 367.0 MB
[runlim] sample:		279.5 time, 280.2 real, 371.8 MB
[runlim] sample:		289.4 time, 290.2 real, 376.7 MB
[runlim] sample:		299.4 time, 300.2 real, 380.1 MB
CVC4 interrupted by SIGTERM.
[runlim] end:			Tue Feb  5 09:57:42 2019
[runlim] status:		out of time
[runlim] result:		2
[runlim] children:		0
[runlim] real:			300.97 seconds
[runlim] time:			300.08 seconds
[runlim] space:			380.3 MB
[runlim] samples:		3007
