[runlim] version:		1.10fixed
[runlim] time limit:		300 seconds
[runlim] real time limit:	311040000 seconds
[runlim] space limit:		4000 MB
[runlim] argv[0]:		./cvc4
[runlim] argv[1]:		/tmp/BvYNVS9A.smt2
[runlim] start:			Tue Feb  5 09:52:42 2019
[runlim] main pid:		18556
/tmp/BvYNVS9A.smt2:4.12: No set-logic command was given before this point.
/tmp/BvYNVS9A.smt2:4.12: CVC4 will make all theories available.
/tmp/BvYNVS9A.smt2:4.12: Consider setting a stricter logic for (likely) better performance.
/tmp/BvYNVS9A.smt2:4.12: To suppress this warning in the future use (set-logic ALL).
[runlim] sample:		9.6 time, 10.5 real, 101.5 MB
[runlim] sample:		19.6 time, 20.5 real, 137.9 MB
[runlim] sample:		29.6 time, 30.5 real, 159.3 MB
[runlim] sample:		39.6 time, 40.5 real, 174.8 MB
[runlim] sample:		49.6 time, 50.5 real, 189.7 MB
[runlim] sample:		59.6 time, 60.5 real, 201.1 MB
[runlim] sample:		69.6 time, 70.5 real, 212.9 MB
[runlim] sample:		79.6 time, 80.5 real, 223.4 MB
[runlim] sample:		89.6 time, 90.5 real, 233.6 MB
[runlim] sample:		99.6 time, 100.5 real, 241.8 MB
[runlim] sample:		109.6 time, 110.5 real, 250.5 MB
[runlim] sample:		119.6 time, 120.5 real, 259.3 MB
[runlim] sample:		129.6 time, 130.5 real, 269.1 MB
[runlim] sample:		139.6 time, 140.5 real, 273.7 MB
[runlim] sample:		149.6 time, 150.5 real, 281.2 MB
[runlim] sample:		159.6 time, 160.5 real, 287.6 MB
[runlim] sample:		169.6 time, 170.5 real, 292.7 MB
[runlim] sample:		179.6 time, 180.5 real, 297.9 MB
[runlim] sample:		189.6 time, 190.5 real, 303.3 MB
[runlim] sample:		199.6 time, 200.5 real, 309.0 MB
[runlim] sample:		209.6 time, 210.5 real, 314.1 MB
[runlim] sample:		219.6 time, 220.5 real, 319.3 MB
[runlim] sample:		229.6 time, 230.5 real, 322.1 MB
[runlim] sample:		239.6 time, 240.5 real, 328.0 MB
[runlim] sample:		249.6 time, 250.5 real, 331.9 MB
[runlim] sample:		259.6 time, 260.5 real, 335.7 MB
[runlim] sample:		269.6 time, 270.5 real, 340.6 MB
[runlim] sample:		279.6 time, 280.5 real, 349.0 MB
[runlim] sample:		289.6 time, 290.5 real, 349.5 MB
[runlim] sample:		299.6 time, 300.5 real, 351.6 MB
CVC4 interrupted by SIGTERM.
[runlim] end:			Tue Feb  5 09:57:43 2019
[runlim] status:		out of time
[runlim] result:		2
[runlim] children:		0
[runlim] real:			301.05 seconds
[runlim] time:			300.08 seconds
[runlim] space:			351.6 MB
[runlim] samples:		3005
