[runlim] version:		1.10fixed
[runlim] time limit:		300 seconds
[runlim] real time limit:	311040000 seconds
[runlim] space limit:		4000 MB
[runlim] argv[0]:		./cvc4
[runlim] argv[1]:		/tmp/bEMe1XUw.smt2
[runlim] start:			Tue Feb  5 09:52:42 2019
[runlim] main pid:		9090
/tmp/bEMe1XUw.smt2:4.12: No set-logic command was given before this point.
/tmp/bEMe1XUw.smt2:4.12: CVC4 will make all theories available.
/tmp/bEMe1XUw.smt2:4.12: Consider setting a stricter logic for (likely) better performance.
/tmp/bEMe1XUw.smt2:4.12: To suppress this warning in the future use (set-logic ALL).
[runlim] sample:		10.0 time, 10.4 real, 104.3 MB
[runlim] sample:		20.0 time, 20.4 real, 140.3 MB
[runlim] sample:		30.0 time, 30.4 real, 160.8 MB
[runlim] sample:		39.6 time, 40.4 real, 175.0 MB
[runlim] sample:		48.5 time, 50.4 real, 186.9 MB
[runlim] sample:		58.5 time, 60.4 real, 198.3 MB
[runlim] sample:		68.5 time, 70.4 real, 210.7 MB
[runlim] sample:		78.5 time, 80.4 real, 222.3 MB
[runlim] sample:		88.5 time, 90.4 real, 232.0 MB
[runlim] sample:		96.8 time, 100.4 real, 239.0 MB
[runlim] sample:		106.4 time, 110.4 real, 248.3 MB
[runlim] sample:		116.0 time, 120.4 real, 256.3 MB
[runlim] sample:		124.0 time, 130.4 real, 264.8 MB
[runlim] sample:		133.5 time, 140.4 real, 269.7 MB
[runlim] sample:		143.2 time, 150.4 real, 276.6 MB
[runlim] sample:		151.8 time, 160.4 real, 282.0 MB
[runlim] sample:		159.9 time, 170.4 real, 287.2 MB
[runlim] sample:		168.9 time, 180.4 real, 292.3 MB
[runlim] sample:		177.0 time, 190.4 real, 295.9 MB
[runlim] sample:		186.3 time, 200.4 real, 299.8 MB
[runlim] sample:		195.3 time, 210.4 real, 306.0 MB
[runlim] sample:		203.1 time, 220.4 real, 309.4 MB
[runlim] sample:		211.6 time, 230.4 real, 313.5 MB
[runlim] sample:		219.8 time, 240.4 real, 316.3 MB
[runlim] sample:		227.2 time, 250.4 real, 321.0 MB
[runlim] sample:		235.4 time, 260.4 real, 324.8 MB
[runlim] sample:		244.1 time, 270.4 real, 327.4 MB
[runlim] sample:		253.7 time, 280.4 real, 332.6 MB
[runlim] sample:		263.4 time, 290.4 real, 335.1 MB
[runlim] sample:		272.7 time, 300.4 real, 340.3 MB
[runlim] sample:		282.3 time, 310.4 real, 343.1 MB
[runlim] sample:		292.2 time, 320.4 real, 346.2 MB
CVC4 interrupted by SIGTERM.
[runlim] end:			Tue Feb  5 09:58:10 2019
[runlim] status:		out of time
[runlim] result:		2
[runlim] children:		0
[runlim] real:			328.90 seconds
[runlim] time:			300.07 seconds
[runlim] space:			349.8 MB
[runlim] samples:		3285
