[runlim] version:		1.10fixed
[runlim] time limit:		300 seconds
[runlim] real time limit:	311040000 seconds
[runlim] space limit:		4000 MB
[runlim] argv[0]:		./cvc4
[runlim] argv[1]:		/tmp/IMUccMef.smt2
[runlim] start:			Tue Feb  5 09:52:42 2019
[runlim] main pid:		23119
/tmp/IMUccMef.smt2:4.12: No set-logic command was given before this point.
/tmp/IMUccMef.smt2:4.12: CVC4 will make all theories available.
/tmp/IMUccMef.smt2:4.12: Consider setting a stricter logic for (likely) better performance.
/tmp/IMUccMef.smt2:4.12: To suppress this warning in the future use (set-logic ALL).
[runlim] sample:		10.0 time, 10.3 real, 109.7 MB
[runlim] sample:		20.0 time, 20.3 real, 149.1 MB
[runlim] sample:		30.0 time, 30.3 real, 170.8 MB
[runlim] sample:		40.0 time, 40.3 real, 188.0 MB
[runlim] sample:		49.0 time, 50.3 real, 202.7 MB
[runlim] sample:		58.0 time, 60.3 real, 218.2 MB
[runlim] sample:		67.6 time, 70.3 real, 227.9 MB
[runlim] sample:		77.3 time, 80.3 real, 239.7 MB
[runlim] sample:		87.0 time, 90.3 real, 251.6 MB
[runlim] sample:		96.6 time, 100.3 real, 263.2 MB
[runlim] sample:		106.3 time, 110.3 real, 271.7 MB
[runlim] sample:		115.7 time, 120.3 real, 278.1 MB
[runlim] sample:		125.0 time, 130.3 real, 286.4 MB
[runlim] sample:		134.3 time, 140.3 real, 292.5 MB
[runlim] sample:		143.3 time, 150.3 real, 298.5 MB
[runlim] sample:		152.9 time, 160.3 real, 305.2 MB
[runlim] sample:		162.6 time, 170.3 real, 310.8 MB
[runlim] sample:		172.3 time, 180.3 real, 316.8 MB
[runlim] sample:		181.6 time, 190.3 real, 323.5 MB
[runlim] sample:		190.9 time, 200.3 real, 329.6 MB
[runlim] sample:		199.4 time, 210.3 real, 332.5 MB
[runlim] sample:		208.0 time, 220.3 real, 337.9 MB
[runlim] sample:		217.3 time, 230.3 real, 342.2 MB
[runlim] sample:		226.7 time, 240.3 real, 346.9 MB
[runlim] sample:		235.6 time, 250.3 real, 351.5 MB
[runlim] sample:		244.4 time, 260.3 real, 355.6 MB
[runlim] sample:		253.2 time, 270.3 real, 358.2 MB
[runlim] sample:		262.5 time, 280.3 real, 363.9 MB
[runlim] sample:		271.9 time, 290.3 real, 367.2 MB
[runlim] sample:		281.2 time, 300.3 real, 374.3 MB
[runlim] sample:		291.2 time, 310.3 real, 377.9 MB
CVC4 interrupted by SIGTERM.
[runlim] end:			Tue Feb  5 09:58:01 2019
[runlim] status:		out of time
[runlim] result:		2
[runlim] children:		0
[runlim] real:			319.14 seconds
[runlim] time:			300.04 seconds
[runlim] space:			380.5 MB
[runlim] samples:		3188
