[runlim] version:		1.10fixed
[runlim] time limit:		300 seconds
[runlim] real time limit:	311040000 seconds
[runlim] space limit:		4000 MB
[runlim] argv[0]:		./cvc4
[runlim] argv[1]:		/tmp/204UzUZU.smt2
[runlim] start:			Tue Feb  5 09:52:42 2019
[runlim] main pid:		23787
/tmp/204UzUZU.smt2:4.12: No set-logic command was given before this point.
/tmp/204UzUZU.smt2:4.12: CVC4 will make all theories available.
/tmp/204UzUZU.smt2:4.12: Consider setting a stricter logic for (likely) better performance.
/tmp/204UzUZU.smt2:4.12: To suppress this warning in the future use (set-logic ALL).
[runlim] sample:		10.0 time, 10.4 real, 107.9 MB
[runlim] sample:		20.0 time, 20.4 real, 146.2 MB
[runlim] sample:		30.0 time, 30.4 real, 170.0 MB
[runlim] sample:		40.0 time, 40.4 real, 185.9 MB
[runlim] sample:		50.0 time, 50.4 real, 199.9 MB
[runlim] sample:		60.0 time, 60.4 real, 213.8 MB
[runlim] sample:		70.0 time, 70.4 real, 228.1 MB
[runlim] sample:		80.0 time, 80.4 real, 239.5 MB
[runlim] sample:		90.0 time, 90.4 real, 250.3 MB
[runlim] sample:		100.0 time, 100.4 real, 264.2 MB
[runlim] sample:		110.0 time, 110.4 real, 270.6 MB
[runlim] sample:		120.0 time, 120.4 real, 279.1 MB
[runlim] sample:		129.3 time, 130.4 real, 286.8 MB
[runlim] sample:		139.3 time, 140.4 real, 294.3 MB
[runlim] sample:		149.3 time, 150.4 real, 300.7 MB
[runlim] sample:		159.3 time, 160.4 real, 307.2 MB
[runlim] sample:		169.3 time, 170.4 real, 314.1 MB
[runlim] sample:		179.3 time, 180.4 real, 320.0 MB
[runlim] sample:		189.1 time, 190.4 real, 326.5 MB
[runlim] sample:		198.8 time, 200.4 real, 331.4 MB
[runlim] sample:		208.4 time, 210.4 real, 336.5 MB
[runlim] sample:		218.4 time, 220.4 real, 341.7 MB
[runlim] sample:		228.4 time, 230.4 real, 351.2 MB
[runlim] sample:		238.4 time, 240.4 real, 352.2 MB
[runlim] sample:		248.4 time, 250.4 real, 356.1 MB
[runlim] sample:		258.4 time, 260.4 real, 359.9 MB
[runlim] sample:		268.0 time, 270.4 real, 364.6 MB
[runlim] sample:		277.7 time, 280.4 real, 368.7 MB
[runlim] sample:		287.7 time, 290.4 real, 372.0 MB
[runlim] sample:		297.6 time, 300.4 real, 377.4 MB
CVC4 interrupted by SIGTERM.
[runlim] end:			Tue Feb  5 09:57:44 2019
[runlim] status:		out of time
[runlim] result:		2
[runlim] children:		0
[runlim] real:			302.80 seconds
[runlim] time:			300.05 seconds
[runlim] space:			377.4 MB
[runlim] samples:		3024
