[runlim] version:		1.10fixed
[runlim] time limit:		300 seconds
[runlim] real time limit:	311040000 seconds
[runlim] space limit:		4000 MB
[runlim] argv[0]:		./cvc4
[runlim] argv[1]:		/tmp/9GPr4USS.smt2
[runlim] start:			Tue Feb  5 13:01:17 2019
[runlim] main pid:		13952
/tmp/9GPr4USS.smt2:4.12: No set-logic command was given before this point.
/tmp/9GPr4USS.smt2:4.12: CVC4 will make all theories available.
/tmp/9GPr4USS.smt2:4.12: Consider setting a stricter logic for (likely) better performance.
/tmp/9GPr4USS.smt2:4.12: To suppress this warning in the future use (set-logic ALL).
[runlim] sample:		10.0 time, 10.1 real, 98.2 MB
[runlim] sample:		20.0 time, 20.1 real, 126.4 MB
[runlim] sample:		30.0 time, 30.1 real, 148.3 MB
[runlim] sample:		40.0 time, 40.1 real, 169.0 MB
[runlim] sample:		50.0 time, 50.1 real, 186.3 MB
[runlim] sample:		60.0 time, 60.1 real, 200.5 MB
[runlim] sample:		70.0 time, 70.1 real, 213.3 MB
[runlim] sample:		80.0 time, 80.1 real, 223.9 MB
[runlim] sample:		90.0 time, 90.1 real, 237.5 MB
[runlim] sample:		100.0 time, 100.1 real, 249.6 MB
[runlim] sample:		110.0 time, 110.1 real, 258.1 MB
[runlim] sample:		120.0 time, 120.1 real, 266.0 MB
[runlim] sample:		130.0 time, 130.1 real, 275.4 MB
[runlim] sample:		140.0 time, 140.1 real, 284.7 MB
[runlim] sample:		150.0 time, 150.1 real, 290.1 MB
[runlim] sample:		160.0 time, 160.1 real, 299.6 MB
[runlim] sample:		170.0 time, 170.1 real, 310.4 MB
[runlim] sample:		180.0 time, 180.1 real, 316.0 MB
[runlim] sample:		190.0 time, 190.1 real, 323.8 MB
[runlim] sample:		200.0 time, 200.1 real, 335.3 MB
[runlim] sample:		210.0 time, 210.1 real, 343.7 MB
[runlim] sample:		220.0 time, 220.1 real, 346.0 MB
[runlim] sample:		230.0 time, 230.1 real, 351.6 MB
[runlim] sample:		239.9 time, 240.1 real, 356.8 MB
[runlim] sample:		250.0 time, 250.1 real, 361.9 MB
[runlim] sample:		260.0 time, 260.1 real, 367.8 MB
[runlim] sample:		269.9 time, 270.1 real, 381.4 MB
[runlim] sample:		279.9 time, 280.1 real, 386.8 MB
[runlim] sample:		289.9 time, 290.1 real, 395.0 MB
[runlim] sample:		299.9 time, 300.1 real, 399.6 MB
CVC4 interrupted by SIGTERM.
[runlim] end:			Tue Feb  5 13:06:17 2019
[runlim] status:		out of time
[runlim] result:		2
[runlim] children:		0
[runlim] real:			300.26 seconds
[runlim] time:			300.05 seconds
[runlim] space:			399.6 MB
[runlim] samples:		3001
