[runlim] version:		1.10fixed
[runlim] time limit:		300 seconds
[runlim] real time limit:	311040000 seconds
[runlim] space limit:		4000 MB
[runlim] argv[0]:		./cvc4
[runlim] argv[1]:		/tmp/UIBwCTVM.smt2
[runlim] start:			Tue Jan 29 16:37:04 2019
[runlim] main pid:		20600
[runlim] sample:		8.0 time, 11.0 real, 81.5 MB
[runlim] sample:		17.2 time, 21.0 real, 107.7 MB
[runlim] sample:		27.2 time, 31.0 real, 131.6 MB
[runlim] sample:		37.2 time, 41.0 real, 146.3 MB
[runlim] sample:		46.9 time, 51.0 real, 158.4 MB
[runlim] sample:		56.0 time, 61.0 real, 168.2 MB
[runlim] sample:		65.4 time, 71.0 real, 176.7 MB
[runlim] sample:		74.5 time, 81.0 real, 184.4 MB
[runlim] sample:		83.7 time, 91.0 real, 191.3 MB
[runlim] sample:		93.7 time, 101.0 real, 199.6 MB
[runlim] sample:		102.0 time, 111.0 real, 208.8 MB
[runlim] sample:		110.1 time, 121.0 real, 215.0 MB
[runlim] sample:		120.1 time, 131.0 real, 224.2 MB
[runlim] sample:		130.1 time, 141.0 real, 228.1 MB
[runlim] sample:		140.0 time, 151.0 real, 233.3 MB
[runlim] sample:		150.0 time, 161.0 real, 240.0 MB
[runlim] sample:		160.0 time, 171.0 real, 244.4 MB
[runlim] sample:		169.9 time, 181.0 real, 251.6 MB
[runlim] sample:		180.0 time, 191.0 real, 255.7 MB
[runlim] sample:		189.9 time, 201.0 real, 260.1 MB
[runlim] sample:		199.9 time, 211.0 real, 264.9 MB
[runlim] sample:		208.3 time, 221.0 real, 268.5 MB
[runlim] sample:		218.0 time, 231.0 real, 272.3 MB
[runlim] sample:		228.0 time, 241.0 real, 276.2 MB
[runlim] sample:		238.0 time, 251.0 real, 279.0 MB
[runlim] sample:		247.9 time, 261.0 real, 283.4 MB
[runlim] sample:		257.9 time, 271.0 real, 286.8 MB
[runlim] sample:		267.1 time, 281.0 real, 291.1 MB
[runlim] sample:		275.1 time, 291.0 real, 293.2 MB
[runlim] sample:		284.1 time, 301.0 real, 295.5 MB
[runlim] end:			Tue Jan 29 16:42:14 2019
[runlim] status:		signal(9)
[runlim] result:		11
[runlim] children:		0
[runlim] real:			310.81 seconds
[runlim] time:			293.89 seconds
[runlim] space:			298.6 MB
[runlim] samples:		3098
