[runlim] version:		1.10fixed
[runlim] time limit:		300 seconds
[runlim] real time limit:	311040000 seconds
[runlim] space limit:		4000 MB
[runlim] argv[0]:		./cvc4
[runlim] argv[1]:		/tmp/mzQHfeAn.smt2
[runlim] start:			Tue Feb  5 09:52:42 2019
[runlim] main pid:		21688
/tmp/mzQHfeAn.smt2:4.12: No set-logic command was given before this point.
/tmp/mzQHfeAn.smt2:4.12: CVC4 will make all theories available.
/tmp/mzQHfeAn.smt2:4.12: Consider setting a stricter logic for (likely) better performance.
/tmp/mzQHfeAn.smt2:4.12: To suppress this warning in the future use (set-logic ALL).
[runlim] sample:		8.9 time, 10.6 real, 101.6 MB
[runlim] sample:		17.9 time, 20.6 real, 139.6 MB
[runlim] sample:		27.0 time, 30.6 real, 162.0 MB
[runlim] sample:		36.3 time, 40.6 real, 177.9 MB
[runlim] sample:		45.3 time, 50.6 real, 191.8 MB
[runlim] sample:		54.5 time, 60.6 real, 205.0 MB
[runlim] sample:		63.9 time, 70.6 real, 221.1 MB
[runlim] sample:		72.9 time, 80.6 real, 230.6 MB
[runlim] sample:		82.1 time, 90.6 real, 239.4 MB
[runlim] sample:		91.3 time, 100.6 real, 251.0 MB
[runlim] sample:		100.6 time, 110.6 real, 262.1 MB
[runlim] sample:		109.9 time, 120.6 real, 269.3 MB
[runlim] sample:		118.9 time, 130.6 real, 277.6 MB
[runlim] sample:		127.9 time, 140.6 real, 285.3 MB
[runlim] sample:		137.1 time, 150.6 real, 292.2 MB
[runlim] sample:		146.4 time, 160.6 real, 297.6 MB
[runlim] sample:		155.8 time, 170.6 real, 305.4 MB
[runlim] sample:		165.1 time, 180.6 real, 310.8 MB
[runlim] sample:		174.7 time, 190.6 real, 315.9 MB
[runlim] sample:		184.7 time, 200.6 real, 322.1 MB
[runlim] sample:		194.7 time, 210.6 real, 327.8 MB
[runlim] sample:		204.7 time, 220.6 real, 332.9 MB
[runlim] sample:		214.5 time, 230.6 real, 338.1 MB
[runlim] sample:		223.5 time, 240.6 real, 341.7 MB
[runlim] sample:		232.8 time, 250.6 real, 346.9 MB
[runlim] sample:		242.1 time, 260.6 real, 351.7 MB
[runlim] sample:		251.3 time, 270.6 real, 354.6 MB
[runlim] sample:		260.4 time, 280.6 real, 359.2 MB
[runlim] sample:		269.4 time, 290.6 real, 362.3 MB
[runlim] sample:		278.6 time, 300.6 real, 366.7 MB
[runlim] sample:		288.4 time, 310.6 real, 370.5 MB
[runlim] end:			Tue Feb  5 09:57:59 2019
[runlim] status:		signal(9)
[runlim] result:		11
[runlim] children:		0
[runlim] real:			317.21 seconds
[runlim] time:			295.00 seconds
[runlim] space:			373.9 MB
[runlim] samples:		3166
