[runlim] version:		1.10fixed
[runlim] time limit:		300 seconds
[runlim] real time limit:	311040000 seconds
[runlim] space limit:		4000 MB
[runlim] argv[0]:		./cvc4
[runlim] argv[1]:		/tmp/F3pEtcOH.smt2
[runlim] start:			Tue Feb  5 09:52:42 2019
[runlim] main pid:		25151
/tmp/F3pEtcOH.smt2:4.12: No set-logic command was given before this point.
/tmp/F3pEtcOH.smt2:4.12: CVC4 will make all theories available.
/tmp/F3pEtcOH.smt2:4.12: Consider setting a stricter logic for (likely) better performance.
/tmp/F3pEtcOH.smt2:4.12: To suppress this warning in the future use (set-logic ALL).
[runlim] sample:		10.0 time, 10.3 real, 77.4 MB
[runlim] sample:		20.0 time, 20.3 real, 108.9 MB
[runlim] sample:		30.0 time, 30.3 real, 126.7 MB
[runlim] sample:		40.0 time, 40.3 real, 140.3 MB
[runlim] sample:		50.0 time, 50.3 real, 155.5 MB
[runlim] sample:		60.0 time, 60.3 real, 172.2 MB
[runlim] sample:		70.0 time, 70.3 real, 183.0 MB
[runlim] sample:		80.0 time, 80.3 real, 192.5 MB
[runlim] sample:		90.0 time, 90.3 real, 204.6 MB
[runlim] sample:		100.0 time, 100.3 real, 211.8 MB
[runlim] sample:		110.0 time, 110.3 real, 220.3 MB
[runlim] sample:		120.0 time, 120.3 real, 227.2 MB
[runlim] sample:		130.0 time, 130.3 real, 235.0 MB
[runlim] sample:		140.0 time, 140.3 real, 239.1 MB
[runlim] sample:		150.0 time, 150.3 real, 251.4 MB
[runlim] sample:		160.0 time, 160.3 real, 258.3 MB
[runlim] sample:		170.0 time, 170.3 real, 263.5 MB
[runlim] sample:		180.0 time, 180.3 real, 267.1 MB
[runlim] sample:		190.0 time, 190.3 real, 275.4 MB
[runlim] sample:		200.0 time, 200.3 real, 287.3 MB
[runlim] sample:		210.0 time, 210.3 real, 294.8 MB
[runlim] sample:		220.0 time, 220.3 real, 299.2 MB
[runlim] sample:		230.0 time, 230.3 real, 303.3 MB
[runlim] sample:		240.0 time, 240.3 real, 308.5 MB
[runlim] sample:		250.0 time, 250.3 real, 315.2 MB
[runlim] sample:		260.0 time, 260.3 real, 320.1 MB
[runlim] sample:		270.0 time, 270.3 real, 323.7 MB
[runlim] sample:		280.0 time, 280.3 real, 327.3 MB
[runlim] sample:		290.0 time, 290.3 real, 331.4 MB
[runlim] sample:		299.9 time, 300.3 real, 335.3 MB
CVC4 interrupted by SIGTERM.
[runlim] end:			Tue Feb  5 09:57:42 2019
[runlim] status:		out of time
[runlim] result:		2
[runlim] children:		0
[runlim] real:			300.39 seconds
[runlim] time:			300.02 seconds
[runlim] space:			335.3 MB
[runlim] samples:		3001
