[runlim] version:		1.10fixed
[runlim] time limit:		300 seconds
[runlim] real time limit:	311040000 seconds
[runlim] space limit:		4000 MB
[runlim] argv[0]:		./cvc4
[runlim] argv[1]:		/tmp/kUn93RXs.smt2
[runlim] start:			Tue Feb  5 09:52:42 2019
[runlim] main pid:		19602
/tmp/kUn93RXs.smt2:4.12: No set-logic command was given before this point.
/tmp/kUn93RXs.smt2:4.12: CVC4 will make all theories available.
/tmp/kUn93RXs.smt2:4.12: Consider setting a stricter logic for (likely) better performance.
/tmp/kUn93RXs.smt2:4.12: To suppress this warning in the future use (set-logic ALL).
[runlim] sample:		10.0 time, 10.0 real, 92.9 MB
[runlim] sample:		20.0 time, 20.0 real, 121.3 MB
[runlim] sample:		30.0 time, 30.0 real, 140.2 MB
[runlim] sample:		40.0 time, 40.0 real, 152.5 MB
[runlim] sample:		50.0 time, 50.0 real, 162.4 MB
[runlim] sample:		60.0 time, 60.0 real, 171.7 MB
[runlim] sample:		70.0 time, 70.0 real, 179.4 MB
[runlim] sample:		80.0 time, 80.0 real, 187.2 MB
[runlim] sample:		90.0 time, 90.0 real, 192.8 MB
[runlim] sample:		100.0 time, 100.0 real, 199.8 MB
[runlim] sample:		110.0 time, 110.0 real, 207.7 MB
[runlim] sample:		120.0 time, 120.0 real, 211.1 MB
[runlim] sample:		130.0 time, 130.0 real, 217.2 MB
[runlim] sample:		140.0 time, 140.0 real, 224.0 MB
[runlim] sample:		150.0 time, 150.0 real, 228.5 MB
[runlim] sample:		160.0 time, 160.0 real, 235.2 MB
[runlim] sample:		170.0 time, 170.0 real, 241.0 MB
[runlim] sample:		180.0 time, 180.0 real, 245.3 MB
[runlim] sample:		190.0 time, 190.0 real, 249.2 MB
[runlim] sample:		200.0 time, 200.0 real, 255.4 MB
[runlim] sample:		210.0 time, 210.0 real, 259.0 MB
[runlim] sample:		220.0 time, 220.0 real, 262.8 MB
[runlim] sample:		230.0 time, 230.0 real, 265.9 MB
[runlim] sample:		240.0 time, 240.0 real, 269.5 MB
[runlim] sample:		250.0 time, 250.0 real, 273.9 MB
[runlim] sample:		260.0 time, 260.0 real, 276.0 MB
[runlim] sample:		270.0 time, 270.0 real, 279.8 MB
[runlim] sample:		280.0 time, 280.0 real, 281.6 MB
[runlim] sample:		290.0 time, 290.0 real, 285.6 MB
[runlim] sample:		300.0 time, 300.0 real, 287.7 MB
CVC4 interrupted by SIGTERM.
[runlim] end:			Tue Feb  5 09:57:42 2019
[runlim] status:		out of time
[runlim] result:		2
[runlim] children:		0
[runlim] real:			300.16 seconds
[runlim] time:			300.06 seconds
[runlim] space:			287.7 MB
[runlim] samples:		3001
