[runlim] version:		1.10fixed
[runlim] time limit:		300 seconds
[runlim] real time limit:	311040000 seconds
[runlim] space limit:		4000 MB
[runlim] argv[0]:		./cvc4
[runlim] argv[1]:		/tmp/POxzfz2Y.smt2
[runlim] start:			Tue Feb  5 09:52:42 2019
[runlim] main pid:		16013
/tmp/POxzfz2Y.smt2:4.12: No set-logic command was given before this point.
/tmp/POxzfz2Y.smt2:4.12: CVC4 will make all theories available.
/tmp/POxzfz2Y.smt2:4.12: Consider setting a stricter logic for (likely) better performance.
/tmp/POxzfz2Y.smt2:4.12: To suppress this warning in the future use (set-logic ALL).
[runlim] sample:		10.0 time, 10.4 real, 91.9 MB
[runlim] sample:		20.0 time, 20.4 real, 122.8 MB
[runlim] sample:		30.0 time, 30.4 real, 146.2 MB
[runlim] sample:		40.0 time, 40.4 real, 168.9 MB
[runlim] sample:		50.0 time, 50.4 real, 189.1 MB
[runlim] sample:		60.0 time, 60.4 real, 203.2 MB
[runlim] sample:		70.0 time, 70.4 real, 221.3 MB
[runlim] sample:		80.0 time, 80.4 real, 231.9 MB
[runlim] sample:		90.0 time, 90.4 real, 242.4 MB
[runlim] sample:		100.0 time, 100.4 real, 256.0 MB
[runlim] sample:		110.0 time, 110.4 real, 263.5 MB
[runlim] sample:		120.0 time, 120.4 real, 270.7 MB
[runlim] sample:		129.9 time, 130.4 real, 282.0 MB
[runlim] sample:		139.9 time, 140.4 real, 295.6 MB
[runlim] sample:		149.9 time, 150.4 real, 304.4 MB
[runlim] sample:		159.9 time, 160.4 real, 313.0 MB
[runlim] sample:		169.9 time, 170.4 real, 321.3 MB
[runlim] sample:		179.9 time, 180.4 real, 328.8 MB
[runlim] sample:		189.9 time, 190.4 real, 337.0 MB
[runlim] sample:		199.9 time, 200.4 real, 338.0 MB
[runlim] sample:		209.9 time, 210.4 real, 353.3 MB
[runlim] sample:		219.9 time, 220.4 real, 366.8 MB
[runlim] sample:		229.9 time, 230.4 real, 369.7 MB
[runlim] sample:		239.9 time, 240.4 real, 376.9 MB
[runlim] sample:		249.9 time, 250.4 real, 382.8 MB
[runlim] sample:		259.9 time, 260.4 real, 387.4 MB
[runlim] sample:		269.9 time, 270.4 real, 389.7 MB
[runlim] sample:		279.9 time, 280.4 real, 395.1 MB
[runlim] sample:		289.9 time, 290.4 real, 402.1 MB
[runlim] sample:		299.9 time, 300.4 real, 405.2 MB
CVC4 interrupted by SIGTERM.
[runlim] end:			Tue Feb  5 09:57:42 2019
[runlim] status:		out of time
[runlim] result:		2
[runlim] children:		0
[runlim] real:			300.65 seconds
[runlim] time:			300.10 seconds
[runlim] space:			405.2 MB
[runlim] samples:		3002
