[runlim] version:		1.10fixed
[runlim] time limit:		300 seconds
[runlim] real time limit:	311040000 seconds
[runlim] space limit:		4000 MB
[runlim] argv[0]:		./cvc4
[runlim] argv[1]:		/tmp/g42rinE2.smt2
[runlim] start:			Tue Feb  5 09:52:42 2019
[runlim] main pid:		30110
/tmp/g42rinE2.smt2:4.12: No set-logic command was given before this point.
/tmp/g42rinE2.smt2:4.12: CVC4 will make all theories available.
/tmp/g42rinE2.smt2:4.12: Consider setting a stricter logic for (likely) better performance.
/tmp/g42rinE2.smt2:4.12: To suppress this warning in the future use (set-logic ALL).
[runlim] sample:		10.0 time, 10.2 real, 95.5 MB
[runlim] sample:		20.0 time, 20.2 real, 127.1 MB
[runlim] sample:		30.0 time, 30.2 real, 148.0 MB
[runlim] sample:		40.0 time, 40.2 real, 174.8 MB
[runlim] sample:		50.0 time, 50.2 real, 186.6 MB
[runlim] sample:		60.0 time, 60.2 real, 201.0 MB
[runlim] sample:		70.0 time, 70.2 real, 218.5 MB
[runlim] sample:		80.0 time, 80.2 real, 231.9 MB
[runlim] sample:		90.0 time, 90.2 real, 245.8 MB
[runlim] sample:		100.0 time, 100.2 real, 253.0 MB
[runlim] sample:		110.0 time, 110.2 real, 266.7 MB
[runlim] sample:		120.0 time, 120.2 real, 274.1 MB
[runlim] sample:		130.0 time, 130.2 real, 284.9 MB
[runlim] sample:		140.0 time, 140.2 real, 293.6 MB
[runlim] sample:		150.0 time, 150.2 real, 299.8 MB
[runlim] sample:		160.0 time, 160.2 real, 309.7 MB
[runlim] sample:		170.0 time, 170.2 real, 316.9 MB
[runlim] sample:		180.0 time, 180.2 real, 326.1 MB
[runlim] sample:		189.9 time, 190.2 real, 341.1 MB
[runlim] sample:		199.9 time, 200.2 real, 348.7 MB
[runlim] sample:		209.9 time, 210.2 real, 357.2 MB
[runlim] sample:		219.9 time, 220.2 real, 368.0 MB
[runlim] sample:		229.9 time, 230.2 real, 371.7 MB
[runlim] sample:		239.9 time, 240.2 real, 375.8 MB
[runlim] sample:		249.9 time, 250.2 real, 381.2 MB
[runlim] sample:		259.9 time, 260.2 real, 383.7 MB
[runlim] sample:		269.9 time, 270.2 real, 388.4 MB
[runlim] sample:		279.9 time, 280.2 real, 393.5 MB
[runlim] sample:		289.9 time, 290.2 real, 397.9 MB
[runlim] sample:		299.9 time, 300.2 real, 398.9 MB
CVC4 interrupted by SIGTERM.
[runlim] end:			Tue Feb  5 09:57:42 2019
[runlim] status:		out of time
[runlim] result:		2
[runlim] children:		0
[runlim] real:			300.34 seconds
[runlim] time:			300.04 seconds
[runlim] space:			399.7 MB
[runlim] samples:		3001
