[runlim] version:		1.10fixed
[runlim] time limit:		300 seconds
[runlim] real time limit:	311040000 seconds
[runlim] space limit:		4000 MB
[runlim] argv[0]:		./cvc4
[runlim] argv[1]:		/tmp/jsYHB7T4.smt2
[runlim] start:			Tue Feb  5 09:52:42 2019
[runlim] main pid:		24875
/tmp/jsYHB7T4.smt2:4.12: No set-logic command was given before this point.
/tmp/jsYHB7T4.smt2:4.12: CVC4 will make all theories available.
/tmp/jsYHB7T4.smt2:4.12: Consider setting a stricter logic for (likely) better performance.
/tmp/jsYHB7T4.smt2:4.12: To suppress this warning in the future use (set-logic ALL).
[runlim] sample:		10.0 time, 10.1 real, 92.3 MB
[runlim] sample:		20.0 time, 20.1 real, 115.3 MB
[runlim] sample:		30.0 time, 30.1 real, 136.4 MB
[runlim] sample:		40.0 time, 40.1 real, 148.7 MB
[runlim] sample:		50.0 time, 50.1 real, 159.3 MB
[runlim] sample:		60.0 time, 60.1 real, 169.1 MB
[runlim] sample:		70.0 time, 70.1 real, 177.0 MB
[runlim] sample:		80.0 time, 80.1 real, 183.2 MB
[runlim] sample:		90.0 time, 90.1 real, 190.4 MB
[runlim] sample:		100.0 time, 100.1 real, 196.6 MB
[runlim] sample:		110.0 time, 110.1 real, 201.5 MB
[runlim] sample:		120.0 time, 120.1 real, 211.1 MB
[runlim] sample:		130.0 time, 130.1 real, 213.7 MB
[runlim] sample:		140.0 time, 140.1 real, 218.6 MB
[runlim] sample:		150.0 time, 150.1 real, 225.5 MB
[runlim] sample:		159.9 time, 160.1 real, 231.7 MB
[runlim] sample:		169.9 time, 170.1 real, 236.0 MB
[runlim] sample:		180.0 time, 180.1 real, 241.4 MB
[runlim] sample:		189.9 time, 190.1 real, 245.5 MB
[runlim] sample:		199.9 time, 200.1 real, 249.4 MB
[runlim] sample:		209.9 time, 210.1 real, 253.2 MB
[runlim] sample:		219.9 time, 220.1 real, 259.7 MB
[runlim] sample:		229.9 time, 230.1 real, 261.7 MB
[runlim] sample:		239.9 time, 240.1 real, 266.1 MB
[runlim] sample:		249.9 time, 250.1 real, 271.3 MB
[runlim] sample:		259.9 time, 260.1 real, 273.6 MB
[runlim] sample:		269.9 time, 270.1 real, 277.4 MB
[runlim] sample:		279.9 time, 280.1 real, 280.3 MB
[runlim] sample:		289.9 time, 290.1 real, 283.4 MB
[runlim] sample:		299.9 time, 300.1 real, 285.9 MB
CVC4 interrupted by SIGTERM.
[runlim] end:			Tue Feb  5 09:57:42 2019
[runlim] status:		out of time
[runlim] result:		2
[runlim] children:		0
[runlim] real:			300.24 seconds
[runlim] time:			300.03 seconds
[runlim] space:			285.9 MB
[runlim] samples:		3001
