[runlim] version:		1.10fixed
[runlim] time limit:		1800 seconds
[runlim] real time limit:	311040000 seconds
[runlim] space limit:		4000 MB
[runlim] argv[0]:		./cvc4
[runlim] argv[1]:		/tmp/iZvZiUbQ.smt2
[runlim] start:			Wed Feb  6 06:32:22 2019
[runlim] main pid:		27085
[runlim] sample:		9.7 time, 10.4 real, 33.7 MB
[runlim] sample:		19.7 time, 20.4 real, 37.3 MB
[runlim] sample:		29.7 time, 30.4 real, 40.2 MB
[runlim] sample:		39.7 time, 40.4 real, 42.0 MB
[runlim] sample:		49.7 time, 50.4 real, 44.0 MB
[runlim] sample:		59.7 time, 60.4 real, 46.1 MB
[runlim] sample:		69.7 time, 70.4 real, 47.7 MB
[runlim] sample:		79.7 time, 80.4 real, 49.5 MB
[runlim] sample:		89.7 time, 90.4 real, 51.0 MB
[runlim] sample:		99.7 time, 100.4 real, 52.6 MB
[runlim] sample:		109.7 time, 110.4 real, 53.6 MB
[runlim] sample:		119.7 time, 120.4 real, 55.6 MB
[runlim] sample:		129.7 time, 130.4 real, 56.7 MB
[runlim] sample:		139.7 time, 140.4 real, 58.0 MB
[runlim] sample:		149.7 time, 150.4 real, 59.0 MB
[runlim] sample:		159.7 time, 160.4 real, 60.5 MB
[runlim] sample:		169.7 time, 170.4 real, 61.3 MB
[runlim] sample:		179.7 time, 180.4 real, 62.6 MB
[runlim] sample:		189.7 time, 190.4 real, 63.6 MB
[runlim] sample:		199.7 time, 200.4 real, 64.9 MB
[runlim] sample:		209.7 time, 210.4 real, 66.0 MB
[runlim] sample:		219.7 time, 220.4 real, 66.7 MB
[runlim] sample:		229.7 time, 230.4 real, 68.8 MB
[runlim] sample:		239.7 time, 240.4 real, 69.6 MB
[runlim] sample:		249.7 time, 250.4 real, 70.6 MB
[runlim] sample:		259.7 time, 260.4 real, 72.1 MB
[runlim] sample:		269.7 time, 270.4 real, 72.7 MB
[runlim] sample:		279.7 time, 280.4 real, 72.9 MB
[runlim] sample:		289.7 time, 290.4 real, 74.7 MB
[runlim] sample:		299.7 time, 300.4 real, 75.2 MB
[runlim] sample:		309.7 time, 310.4 real, 76.3 MB
[runlim] sample:		319.7 time, 320.4 real, 77.3 MB
[runlim] sample:		329.7 time, 330.4 real, 78.1 MB
[runlim] sample:		339.7 time, 340.4 real, 79.1 MB
[runlim] sample:		349.7 time, 350.4 real, 80.1 MB
[runlim] sample:		359.7 time, 360.4 real, 80.9 MB
[runlim] sample:		369.7 time, 370.4 real, 81.9 MB
[runlim] sample:		379.7 time, 380.4 real, 82.7 MB
[runlim] sample:		389.7 time, 390.4 real, 84.0 MB
[runlim] sample:		399.7 time, 400.4 real, 85.0 MB
[runlim] sample:		409.7 time, 410.4 real, 85.8 MB
[runlim] sample:		419.6 time, 420.4 real, 86.8 MB
[runlim] sample:		429.7 time, 430.4 real, 87.6 MB
[runlim] sample:		439.6 time, 440.4 real, 88.6 MB
[runlim] sample:		449.6 time, 450.4 real, 89.2 MB
[runlim] sample:		459.6 time, 460.4 real, 89.9 MB
[runlim] sample:		469.6 time, 470.4 real, 90.7 MB
[runlim] sample:		479.6 time, 480.4 real, 91.5 MB
[runlim] sample:		489.6 time, 490.4 real, 92.3 MB
[runlim] sample:		499.6 time, 500.4 real, 92.8 MB
[runlim] sample:		509.6 time, 510.4 real, 93.5 MB
[runlim] sample:		519.6 time, 520.4 real, 94.3 MB
[runlim] sample:		529.6 time, 530.4 real, 95.1 MB
[runlim] sample:		539.6 time, 540.4 real, 95.6 MB
[runlim] sample:		549.6 time, 550.4 real, 96.1 MB
[runlim] sample:		559.6 time, 560.4 real, 96.9 MB
[runlim] sample:		569.6 time, 570.4 real, 97.7 MB
[runlim] sample:		579.6 time, 580.4 real, 98.2 MB
[runlim] sample:		589.6 time, 590.4 real, 99.2 MB
[runlim] sample:		599.6 time, 600.4 real, 99.5 MB
[runlim] sample:		609.6 time, 610.4 real, 100.2 MB
[runlim] sample:		619.6 time, 620.4 real, 100.8 MB
[runlim] sample:		629.6 time, 630.4 real, 101.5 MB
[runlim] sample:		639.6 time, 640.4 real, 101.8 MB
[runlim] sample:		649.6 time, 650.4 real, 102.8 MB
[runlim] sample:		659.6 time, 660.4 real, 103.3 MB
[runlim] sample:		669.6 time, 670.4 real, 103.9 MB
[runlim] sample:		679.6 time, 680.4 real, 104.6 MB
[runlim] sample:		689.6 time, 690.4 real, 105.1 MB
[runlim] sample:		699.6 time, 700.4 real, 105.7 MB
[runlim] sample:		709.6 time, 710.4 real, 106.4 MB
[runlim] sample:		719.6 time, 720.4 real, 106.9 MB
[runlim] sample:		729.6 time, 730.4 real, 107.7 MB
[runlim] sample:		739.6 time, 740.4 real, 107.7 MB
[runlim] sample:		749.6 time, 750.4 real, 108.8 MB
[runlim] sample:		759.6 time, 760.4 real, 109.0 MB
[runlim] sample:		769.6 time, 770.4 real, 110.0 MB
[runlim] sample:		779.6 time, 780.4 real, 111.3 MB
[runlim] sample:		789.6 time, 790.4 real, 111.8 MB
[runlim] sample:		799.6 time, 800.4 real, 112.4 MB
[runlim] sample:		809.6 time, 810.4 real, 112.9 MB
[runlim] sample:		819.6 time, 820.4 real, 113.4 MB
[runlim] sample:		829.6 time, 830.4 real, 114.2 MB
[runlim] sample:		839.6 time, 840.4 real, 114.9 MB
[runlim] sample:		849.6 time, 850.4 real, 115.5 MB
[runlim] sample:		859.6 time, 860.4 real, 116.0 MB
[runlim] sample:		869.6 time, 870.4 real, 116.7 MB
[runlim] sample:		879.6 time, 880.4 real, 117.3 MB
[runlim] sample:		889.6 time, 890.4 real, 117.8 MB
[runlim] sample:		899.6 time, 900.4 real, 118.3 MB
[runlim] sample:		909.6 time, 910.4 real, 119.1 MB
[runlim] sample:		919.6 time, 920.4 real, 119.6 MB
[runlim] sample:		929.6 time, 930.4 real, 120.1 MB
[runlim] sample:		939.6 time, 940.4 real, 120.6 MB
[runlim] sample:		949.6 time, 950.4 real, 121.1 MB
[runlim] sample:		959.6 time, 960.4 real, 121.9 MB
[runlim] sample:		969.6 time, 970.4 real, 122.4 MB
[runlim] sample:		979.6 time, 980.4 real, 122.9 MB
[runlim] sample:		989.6 time, 990.4 real, 123.7 MB
[runlim] sample:		999.6 time, 1000.4 real, 124.2 MB
[runlim] sample:		1009.6 time, 1010.4 real, 124.5 MB
[runlim] sample:		1019.6 time, 1020.4 real, 125.3 MB
[runlim] sample:		1029.6 time, 1030.4 real, 125.8 MB
[runlim] sample:		1039.6 time, 1040.4 real, 126.3 MB
[runlim] sample:		1049.6 time, 1050.4 real, 126.8 MB
[runlim] sample:		1059.6 time, 1060.4 real, 127.3 MB
[runlim] sample:		1069.6 time, 1070.4 real, 127.8 MB
[runlim] sample:		1079.6 time, 1080.4 real, 128.3 MB
[runlim] sample:		1089.6 time, 1090.4 real, 128.6 MB
[runlim] sample:		1099.6 time, 1100.4 real, 129.4 MB
[runlim] sample:		1109.6 time, 1110.4 real, 129.6 MB
[runlim] sample:		1119.6 time, 1120.4 real, 130.4 MB
[runlim] sample:		1129.6 time, 1130.4 real, 130.9 MB
[runlim] sample:		1139.6 time, 1140.4 real, 131.4 MB
[runlim] sample:		1149.6 time, 1150.4 real, 132.2 MB
[runlim] sample:		1159.6 time, 1160.4 real, 132.7 MB
[runlim] sample:		1169.6 time, 1170.4 real, 133.5 MB
[runlim] sample:		1179.6 time, 1180.4 real, 133.8 MB
[runlim] sample:		1189.6 time, 1190.4 real, 138.4 MB
[runlim] sample:		1199.6 time, 1200.4 real, 138.4 MB
[runlim] sample:		1209.6 time, 1210.4 real, 138.4 MB
[runlim] sample:		1219.6 time, 1220.4 real, 138.4 MB
[runlim] sample:		1229.6 time, 1230.4 real, 138.4 MB
[runlim] sample:		1239.6 time, 1240.4 real, 138.7 MB
[runlim] sample:		1249.6 time, 1250.4 real, 138.7 MB
[runlim] sample:		1259.6 time, 1260.4 real, 138.9 MB
[runlim] sample:		1269.6 time, 1270.4 real, 138.9 MB
[runlim] sample:		1279.6 time, 1280.4 real, 141.0 MB
[runlim] sample:		1289.6 time, 1290.4 real, 141.0 MB
[runlim] sample:		1299.6 time, 1300.4 real, 141.2 MB
[runlim] sample:		1309.5 time, 1310.4 real, 141.2 MB
[runlim] sample:		1319.5 time, 1320.4 real, 142.5 MB
[runlim] sample:		1329.5 time, 1330.4 real, 142.5 MB
[runlim] sample:		1339.5 time, 1340.4 real, 142.8 MB
[runlim] sample:		1349.5 time, 1350.4 real, 143.0 MB
[runlim] sample:		1359.6 time, 1360.4 real, 143.3 MB
[runlim] sample:		1369.5 time, 1370.4 real, 144.8 MB
[runlim] sample:		1379.5 time, 1380.4 real, 144.8 MB
[runlim] sample:		1389.5 time, 1390.4 real, 144.8 MB
[runlim] sample:		1399.5 time, 1400.4 real, 145.1 MB
[runlim] sample:		1409.4 time, 1410.4 real, 145.4 MB
[runlim] sample:		1419.4 time, 1420.4 real, 146.4 MB
[runlim] sample:		1429.4 time, 1430.4 real, 146.4 MB
[runlim] sample:		1439.4 time, 1440.4 real, 146.6 MB
[runlim] sample:		1448.9 time, 1450.4 real, 146.9 MB
[runlim] sample:		1457.7 time, 1460.4 real, 146.9 MB
[runlim] sample:		1467.7 time, 1470.4 real, 148.7 MB
[runlim] sample:		1477.7 time, 1480.4 real, 148.7 MB
[runlim] sample:		1487.7 time, 1490.4 real, 148.7 MB
[runlim] sample:		1497.7 time, 1500.4 real, 149.0 MB
[runlim] sample:		1506.9 time, 1510.4 real, 149.2 MB
[runlim] sample:		1516.9 time, 1520.4 real, 150.5 MB
[runlim] sample:		1526.9 time, 1530.4 real, 151.3 MB
[runlim] sample:		1536.9 time, 1540.4 real, 151.5 MB
[runlim] sample:		1546.9 time, 1550.4 real, 151.8 MB
[runlim] sample:		1556.9 time, 1560.4 real, 151.8 MB
[runlim] sample:		1566.9 time, 1570.4 real, 152.1 MB
[runlim] sample:		1576.9 time, 1580.4 real, 153.9 MB
[runlim] sample:		1586.9 time, 1590.4 real, 153.9 MB
[runlim] sample:		1596.9 time, 1600.4 real, 153.9 MB
[runlim] sample:		1604.9 time, 1610.4 real, 154.1 MB
[runlim] sample:		1614.0 time, 1620.4 real, 154.1 MB
[runlim] sample:		1622.7 time, 1630.4 real, 156.2 MB
[runlim] sample:		1630.6 time, 1640.4 real, 156.2 MB
[runlim] sample:		1639.3 time, 1650.4 real, 156.4 MB
[runlim] sample:		1649.3 time, 1660.4 real, 156.7 MB
[runlim] sample:		1659.3 time, 1670.4 real, 156.7 MB
[runlim] sample:		1669.3 time, 1680.4 real, 157.0 MB
[runlim] sample:		1679.3 time, 1690.4 real, 159.0 MB
[runlim] sample:		1689.3 time, 1700.4 real, 159.0 MB
[runlim] sample:		1699.3 time, 1710.4 real, 159.0 MB
[runlim] sample:		1708.5 time, 1720.4 real, 159.0 MB
[runlim] sample:		1717.8 time, 1730.4 real, 159.3 MB
[runlim] sample:		1726.2 time, 1740.4 real, 159.3 MB
[runlim] sample:		1734.6 time, 1750.4 real, 160.3 MB
[runlim] sample:		1742.8 time, 1760.4 real, 160.6 MB
[runlim] sample:		1751.3 time, 1770.4 real, 160.6 MB
[runlim] sample:		1760.5 time, 1780.4 real, 160.8 MB
[runlim] sample:		1770.3 time, 1790.4 real, 161.1 MB
[runlim] sample:		1778.9 time, 1800.4 real, 161.1 MB
[runlim] sample:		1787.6 time, 1810.4 real, 163.1 MB
[runlim] sample:		1795.8 time, 1820.4 real, 163.1 MB
CVC4 interrupted by SIGTERM.
[runlim] end:			Wed Feb  6 07:02:46 2019
[runlim] status:		out of time
[runlim] result:		2
[runlim] children:		0
[runlim] real:			1824.92 seconds
[runlim] time:			1800.08 seconds
[runlim] space:			163.1 MB
[runlim] samples:		18245
