[runlim] version:		1.10fixed
[runlim] time limit:		1800 seconds
[runlim] real time limit:	311040000 seconds
[runlim] space limit:		4000 MB
[runlim] argv[0]:		./cvc4
[runlim] argv[1]:		/tmp/VvtVCKeY.smt2
[runlim] start:			Sat Feb  9 01:12:29 2019
[runlim] main pid:		21259
[runlim] sample:		8.2 time, 10.5 real, 28.9 MB
[runlim] sample:		16.7 time, 20.5 real, 34.3 MB
[runlim] sample:		25.7 time, 30.5 real, 36.3 MB
[runlim] sample:		35.0 time, 40.5 real, 41.2 MB
[runlim] sample:		44.4 time, 50.5 real, 45.0 MB
[runlim] end:			Sat Feb  9 01:13:27 2019
[runlim] status:		ok
[runlim] result:		0
[runlim] children:		0
[runlim] real:			58.08 seconds
[runlim] time:			51.37 seconds
[runlim] space:			47.4 MB
[runlim] samples:		575
