[runlim] version:		1.10fixed
[runlim] time limit:		1800 seconds
[runlim] real time limit:	311040000 seconds
[runlim] space limit:		4000 MB
[runlim] argv[0]:		./cvc4
[runlim] argv[1]:		/tmp/CUBYl979.smt2
[runlim] start:			Sat Feb  9 14:34:29 2019
[runlim] main pid:		29578
/tmp/CUBYl979.smt2:4.12: No set-logic command was given before this point.
/tmp/CUBYl979.smt2:4.12: CVC4 will make all theories available.
/tmp/CUBYl979.smt2:4.12: Consider setting a stricter logic for (likely) better performance.
/tmp/CUBYl979.smt2:4.12: To suppress this warning in the future use (set-logic ALL).
[runlim] sample:		10.0 time, 11.0 real, 106.3 MB
[runlim] sample:		20.0 time, 21.0 real, 142.0 MB
[runlim] sample:		30.0 time, 31.0 real, 162.1 MB
[runlim] sample:		39.8 time, 41.0 real, 178.8 MB
[runlim] sample:		49.5 time, 51.0 real, 192.5 MB
[runlim] sample:		58.5 time, 61.0 real, 204.6 MB
[runlim] sample:		67.1 time, 71.0 real, 215.1 MB
[runlim] sample:		75.4 time, 81.0 real, 228.5 MB
[runlim] sample:		83.3 time, 91.0 real, 238.7 MB
[runlim] sample:		91.7 time, 101.0 real, 247.0 MB
[runlim] sample:		100.2 time, 111.0 real, 253.2 MB
[runlim] sample:		108.9 time, 121.0 real, 262.4 MB
[runlim] sample:		117.1 time, 131.0 real, 271.2 MB
[runlim] sample:		127.0 time, 141.0 real, 277.4 MB
[runlim] sample:		135.5 time, 151.0 real, 284.1 MB
[runlim] sample:		145.0 time, 161.0 real, 289.2 MB
[runlim] sample:		153.2 time, 171.0 real, 294.4 MB
[runlim] sample:		160.0 time, 181.0 real, 298.7 MB
[runlim] sample:		168.4 time, 191.0 real, 303.9 MB
[runlim] sample:		176.0 time, 201.0 real, 307.8 MB
[runlim] sample:		184.8 time, 211.0 real, 312.1 MB
[runlim] sample:		194.8 time, 221.0 real, 319.1 MB
[runlim] sample:		204.4 time, 231.0 real, 324.0 MB
[runlim] sample:		213.4 time, 241.0 real, 328.1 MB
[runlim] sample:		221.9 time, 251.0 real, 333.0 MB
[runlim] sample:		230.0 time, 261.0 real, 336.1 MB
[runlim] sample:		239.4 time, 271.0 real, 340.5 MB
[runlim] sample:		249.0 time, 281.0 real, 345.4 MB
[runlim] sample:		258.2 time, 291.0 real, 348.7 MB
[runlim] sample:		267.9 time, 301.0 real, 352.6 MB
[runlim] sample:		277.5 time, 311.0 real, 357.7 MB
[runlim] sample:		287.0 time, 321.0 real, 360.5 MB
[runlim] sample:		296.3 time, 331.0 real, 364.9 MB
[runlim] sample:		305.6 time, 341.0 real, 367.8 MB
[runlim] sample:		315.5 time, 351.0 real, 377.4 MB
[runlim] sample:		325.5 time, 361.0 real, 377.9 MB
[runlim] sample:		335.5 time, 371.0 real, 379.2 MB
[runlim] sample:		345.5 time, 381.0 real, 384.3 MB
[runlim] sample:		355.5 time, 391.0 real, 386.9 MB
[runlim] sample:		365.5 time, 401.0 real, 390.7 MB
[runlim] sample:		375.1 time, 411.0 real, 395.1 MB
[runlim] sample:		384.4 time, 421.0 real, 397.7 MB
[runlim] sample:		394.0 time, 431.0 real, 401.0 MB
[runlim] sample:		404.0 time, 441.0 real, 405.7 MB
[runlim] sample:		414.0 time, 451.0 real, 408.5 MB
[runlim] sample:		423.5 time, 461.0 real, 410.8 MB
[runlim] sample:		432.9 time, 471.0 real, 421.3 MB
[runlim] sample:		442.9 time, 481.0 real, 424.2 MB
[runlim] sample:		452.6 time, 491.0 real, 424.4 MB
[runlim] sample:		462.0 time, 501.0 real, 426.5 MB
[runlim] sample:		471.9 time, 511.0 real, 428.0 MB
[runlim] sample:		481.9 time, 521.0 real, 431.4 MB
[runlim] sample:		491.9 time, 531.0 real, 438.9 MB
[runlim] sample:		501.8 time, 541.0 real, 444.9 MB
[runlim] sample:		511.8 time, 551.0 real, 448.0 MB
[runlim] sample:		521.8 time, 561.0 real, 450.3 MB
[runlim] sample:		531.9 time, 571.0 real, 452.9 MB
[runlim] sample:		541.8 time, 581.0 real, 455.7 MB
[runlim] sample:		550.9 time, 591.0 real, 461.4 MB
[runlim] sample:		559.9 time, 601.0 real, 466.9 MB
[runlim] sample:		569.0 time, 611.0 real, 472.6 MB
[runlim] sample:		579.0 time, 621.0 real, 473.9 MB
[runlim] sample:		589.0 time, 631.0 real, 475.7 MB
[runlim] sample:		599.0 time, 641.0 real, 477.7 MB
[runlim] sample:		609.0 time, 651.0 real, 480.0 MB
[runlim] sample:		618.9 time, 661.0 real, 482.6 MB
[runlim] sample:		628.4 time, 671.0 real, 484.9 MB
[runlim] sample:		638.4 time, 681.0 real, 487.8 MB
[runlim] sample:		648.4 time, 691.0 real, 490.1 MB
[runlim] sample:		658.4 time, 701.0 real, 492.6 MB
[runlim] sample:		668.4 time, 711.0 real, 495.0 MB
[runlim] sample:		678.4 time, 721.0 real, 497.3 MB
[runlim] sample:		688.1 time, 731.0 real, 498.3 MB
[runlim] sample:		697.2 time, 741.0 real, 500.1 MB
[runlim] sample:		705.6 time, 751.0 real, 509.9 MB
[runlim] sample:		714.8 time, 761.0 real, 510.4 MB
[runlim] sample:		724.8 time, 771.0 real, 511.7 MB
[runlim] sample:		734.8 time, 781.0 real, 514.0 MB
[runlim] sample:		744.6 time, 791.0 real, 515.1 MB
[runlim] sample:		754.6 time, 801.0 real, 517.1 MB
[runlim] sample:		764.6 time, 811.0 real, 519.2 MB
[runlim] sample:		774.6 time, 821.0 real, 521.8 MB
[runlim] sample:		784.1 time, 831.0 real, 524.6 MB
[runlim] sample:		792.5 time, 841.0 real, 526.6 MB
[runlim] sample:		801.0 time, 851.0 real, 526.9 MB
[runlim] sample:		811.0 time, 861.0 real, 530.2 MB
[runlim] sample:		820.8 time, 871.0 real, 532.6 MB
[runlim] sample:		830.0 time, 881.0 real, 535.7 MB
[runlim] sample:		840.0 time, 891.0 real, 536.9 MB
[runlim] sample:		849.9 time, 901.0 real, 539.0 MB
[runlim] sample:		860.0 time, 911.0 real, 542.1 MB
[runlim] sample:		869.0 time, 921.0 real, 544.4 MB
[runlim] sample:		879.0 time, 931.0 real, 545.2 MB
[runlim] sample:		888.8 time, 941.0 real, 547.0 MB
[runlim] sample:		897.2 time, 951.0 real, 549.5 MB
[runlim] sample:		906.1 time, 961.0 real, 550.3 MB
[runlim] sample:		916.1 time, 971.0 real, 552.1 MB
[runlim] sample:		925.7 time, 981.0 real, 554.7 MB
[runlim] sample:		934.1 time, 991.0 real, 556.2 MB
[runlim] sample:		942.5 time, 1001.0 real, 557.0 MB
[runlim] sample:		950.8 time, 1011.0 real, 559.6 MB
[runlim] sample:		959.4 time, 1021.0 real, 560.3 MB
[runlim] sample:		969.4 time, 1031.0 real, 562.1 MB
[runlim] sample:		979.1 time, 1041.0 real, 564.5 MB
[runlim] sample:		989.0 time, 1051.0 real, 566.3 MB
[runlim] sample:		998.7 time, 1061.0 real, 567.0 MB
[runlim] sample:		1008.2 time, 1071.0 real, 570.7 MB
[runlim] sample:		1018.2 time, 1081.0 real, 573.0 MB
[runlim] sample:		1027.4 time, 1091.0 real, 573.0 MB
[runlim] sample:		1037.4 time, 1101.0 real, 575.3 MB
[runlim] sample:		1047.4 time, 1111.0 real, 577.8 MB
[runlim] sample:		1057.4 time, 1121.0 real, 579.4 MB
[runlim] sample:		1067.4 time, 1131.0 real, 580.4 MB
[runlim] sample:		1077.4 time, 1141.0 real, 583.0 MB
[runlim] sample:		1087.4 time, 1151.0 real, 583.8 MB
[runlim] sample:		1097.4 time, 1161.0 real, 585.8 MB
[runlim] sample:		1107.4 time, 1171.0 real, 588.1 MB
[runlim] sample:		1117.4 time, 1181.0 real, 588.7 MB
[runlim] sample:		1126.8 time, 1191.0 real, 590.7 MB
[runlim] sample:		1135.2 time, 1201.0 real, 592.5 MB
[runlim] sample:		1143.5 time, 1211.0 real, 593.3 MB
[runlim] sample:		1152.4 time, 1221.0 real, 595.6 MB
[runlim] sample:		1162.4 time, 1231.0 real, 595.6 MB
[runlim] sample:		1172.4 time, 1241.0 real, 599.2 MB
[runlim] sample:		1182.4 time, 1251.0 real, 601.8 MB
[runlim] sample:		1192.4 time, 1261.0 real, 601.8 MB
[runlim] sample:		1202.4 time, 1271.0 real, 604.6 MB
[runlim] sample:		1212.4 time, 1281.0 real, 606.4 MB
[runlim] sample:		1222.4 time, 1291.0 real, 607.2 MB
[runlim] sample:		1232.4 time, 1301.0 real, 609.8 MB
[runlim] sample:		1242.4 time, 1311.0 real, 609.8 MB
[runlim] sample:		1252.4 time, 1321.0 real, 612.3 MB
[runlim] sample:		1262.2 time, 1331.0 real, 614.3 MB
[runlim] sample:		1270.7 time, 1341.0 real, 614.8 MB
[runlim] sample:		1280.7 time, 1351.0 real, 617.2 MB
[runlim] sample:		1290.7 time, 1361.0 real, 617.2 MB
[runlim] sample:		1300.7 time, 1371.0 real, 620.0 MB
[runlim] sample:		1310.6 time, 1381.0 real, 620.8 MB
[runlim] sample:		1320.6 time, 1391.0 real, 622.3 MB
[runlim] sample:		1330.6 time, 1401.0 real, 624.9 MB
[runlim] sample:		1340.6 time, 1411.0 real, 624.9 MB
[runlim] sample:		1350.6 time, 1421.0 real, 629.8 MB
[runlim] sample:		1360.6 time, 1431.0 real, 630.3 MB
[runlim] sample:		1370.6 time, 1441.0 real, 632.1 MB
[runlim] sample:		1380.6 time, 1451.0 real, 634.6 MB
[runlim] sample:		1390.6 time, 1461.0 real, 634.6 MB
[runlim] sample:		1400.6 time, 1471.0 real, 637.7 MB
[runlim] sample:		1409.6 time, 1481.0 real, 637.7 MB
[runlim] sample:		1417.9 time, 1491.0 real, 639.5 MB
[runlim] sample:		1427.3 time, 1501.0 real, 639.5 MB
[runlim] sample:		1437.2 time, 1511.0 real, 642.1 MB
[runlim] sample:		1447.2 time, 1521.0 real, 642.9 MB
[runlim] sample:		1457.2 time, 1531.0 real, 644.7 MB
[runlim] sample:		1466.8 time, 1541.0 real, 646.7 MB
[runlim] sample:		1476.0 time, 1551.0 real, 647.2 MB
[runlim] sample:		1486.0 time, 1561.0 real, 649.8 MB
[runlim] sample:		1496.0 time, 1571.0 real, 649.8 MB
[runlim] sample:		1506.0 time, 1581.0 real, 652.4 MB
[runlim] sample:		1516.0 time, 1591.0 real, 652.4 MB
[runlim] sample:		1526.0 time, 1601.0 real, 655.0 MB
[runlim] sample:		1535.6 time, 1611.0 real, 655.0 MB
[runlim] sample:		1544.7 time, 1621.0 real, 657.3 MB
[runlim] sample:		1553.7 time, 1631.0 real, 657.3 MB
[runlim] sample:		1562.3 time, 1641.0 real, 659.9 MB
[runlim] sample:		1570.8 time, 1651.0 real, 659.9 MB
[runlim] sample:		1580.8 time, 1661.0 real, 662.2 MB
[runlim] sample:		1590.8 time, 1671.0 real, 662.4 MB
[runlim] sample:		1600.8 time, 1681.0 real, 665.0 MB
[runlim] sample:		1610.1 time, 1691.0 real, 665.0 MB
[runlim] sample:		1619.0 time, 1701.0 real, 666.8 MB
[runlim] sample:		1627.7 time, 1711.0 real, 667.6 MB
[runlim] sample:		1636.1 time, 1721.0 real, 668.1 MB
[runlim] sample:		1645.5 time, 1731.0 real, 670.1 MB
[runlim] sample:		1655.5 time, 1741.0 real, 670.7 MB
[runlim] sample:		1665.5 time, 1751.0 real, 672.7 MB
[runlim] sample:		1675.5 time, 1761.0 real, 673.7 MB
[runlim] sample:		1685.5 time, 1771.0 real, 675.3 MB
[runlim] sample:		1695.5 time, 1781.0 real, 676.3 MB
[runlim] sample:		1705.5 time, 1791.0 real, 677.9 MB
[runlim] sample:		1715.5 time, 1801.0 real, 678.9 MB
[runlim] sample:		1723.8 time, 1811.0 real, 680.2 MB
[runlim] sample:		1732.2 time, 1821.0 real, 680.2 MB
[runlim] sample:		1740.6 time, 1831.0 real, 682.8 MB
[runlim] sample:		1750.3 time, 1841.0 real, 682.8 MB
[runlim] sample:		1760.3 time, 1851.0 real, 685.1 MB
[runlim] sample:		1770.3 time, 1861.0 real, 685.3 MB
[runlim] sample:		1780.3 time, 1871.0 real, 687.6 MB
[runlim] sample:		1790.3 time, 1881.0 real, 687.6 MB
CVC4 interrupted by SIGTERM.
[runlim] end:			Sat Feb  9 15:05:59 2019
[runlim] status:		out of time
[runlim] result:		2
[runlim] children:		0
[runlim] real:			1890.70 seconds
[runlim] time:			1800.01 seconds
[runlim] space:			688.9 MB
[runlim] samples:		18897
