[runlim] version:		1.10fixed
[runlim] time limit:		1800 seconds
[runlim] real time limit:	311040000 seconds
[runlim] space limit:		4000 MB
[runlim] argv[0]:		./cvc4
[runlim] argv[1]:		/tmp/3efeldY5.smt2
[runlim] start:			Sat Feb  9 01:14:03 2019
[runlim] main pid:		25771
/tmp/3efeldY5.smt2:4.12: No set-logic command was given before this point.
/tmp/3efeldY5.smt2:4.12: CVC4 will make all theories available.
/tmp/3efeldY5.smt2:4.12: Consider setting a stricter logic for (likely) better performance.
/tmp/3efeldY5.smt2:4.12: To suppress this warning in the future use (set-logic ALL).
[runlim] sample:		8.8 time, 10.2 real, 62.4 MB
[runlim] sample:		17.9 time, 20.2 real, 81.9 MB
[runlim] sample:		27.9 time, 30.2 real, 89.3 MB
[runlim] sample:		37.4 time, 40.2 real, 99.7 MB
[runlim] sample:		47.4 time, 50.2 real, 111.5 MB
[runlim] sample:		57.4 time, 60.2 real, 114.0 MB
[runlim] sample:		67.2 time, 70.2 real, 121.9 MB
[runlim] sample:		77.2 time, 80.2 real, 124.4 MB
[runlim] sample:		86.8 time, 90.2 real, 132.8 MB
[runlim] sample:		96.5 time, 100.2 real, 135.6 MB
[runlim] sample:		106.2 time, 110.2 real, 158.3 MB
[runlim] sample:		115.8 time, 120.2 real, 158.3 MB
[runlim] sample:		125.5 time, 130.2 real, 159.1 MB
[runlim] sample:		135.2 time, 140.2 real, 161.2 MB
[runlim] sample:		144.8 time, 150.2 real, 161.2 MB
[runlim] sample:		154.5 time, 160.2 real, 163.7 MB
[runlim] sample:		164.2 time, 170.2 real, 171.4 MB
[runlim] sample:		173.8 time, 180.2 real, 173.2 MB
[runlim] sample:		183.5 time, 190.2 real, 176.5 MB
[runlim] sample:		193.1 time, 200.2 real, 176.5 MB
[runlim] sample:		202.8 time, 210.2 real, 186.7 MB
[runlim] sample:		212.5 time, 220.2 real, 186.7 MB
[runlim] sample:		222.1 time, 230.2 real, 189.2 MB
[runlim] sample:		231.8 time, 240.2 real, 189.2 MB
[runlim] sample:		241.5 time, 250.2 real, 194.8 MB
[runlim] sample:		251.1 time, 260.2 real, 199.6 MB
[runlim] sample:		260.8 time, 270.2 real, 199.9 MB
[runlim] sample:		270.5 time, 280.2 real, 204.2 MB
[runlim] sample:		280.2 time, 290.2 real, 204.2 MB
[runlim] sample:		288.9 time, 300.2 real, 208.1 MB
[runlim] sample:		298.1 time, 310.2 real, 216.7 MB
[runlim] sample:		307.8 time, 320.2 real, 216.7 MB
[runlim] sample:		317.5 time, 330.2 real, 249.9 MB
[runlim] sample:		327.1 time, 340.2 real, 249.9 MB
[runlim] sample:		336.8 time, 350.2 real, 249.9 MB
[runlim] sample:		346.4 time, 360.2 real, 252.0 MB
[runlim] sample:		356.4 time, 370.2 real, 252.5 MB
[runlim] sample:		366.4 time, 380.2 real, 252.5 MB
[runlim] sample:		376.4 time, 390.2 real, 253.5 MB
[runlim] sample:		386.4 time, 400.2 real, 253.5 MB
[runlim] sample:		396.4 time, 410.2 real, 253.5 MB
[runlim] sample:		406.4 time, 420.2 real, 256.1 MB
[runlim] sample:		416.4 time, 430.2 real, 256.3 MB
[runlim] sample:		426.4 time, 440.2 real, 256.3 MB
[runlim] sample:		436.4 time, 450.2 real, 256.9 MB
[runlim] sample:		446.4 time, 460.2 real, 257.6 MB
[runlim] sample:		456.4 time, 470.2 real, 257.6 MB
[runlim] sample:		466.4 time, 480.2 real, 257.9 MB
[runlim] sample:		476.4 time, 490.2 real, 261.8 MB
[runlim] sample:		486.4 time, 500.2 real, 261.8 MB
[runlim] sample:		496.4 time, 510.2 real, 261.8 MB
[runlim] sample:		506.4 time, 520.2 real, 263.8 MB
[runlim] sample:		516.4 time, 530.2 real, 265.6 MB
[runlim] sample:		526.4 time, 540.2 real, 265.6 MB
[runlim] sample:		536.4 time, 550.2 real, 265.6 MB
[runlim] sample:		546.4 time, 560.2 real, 275.4 MB
[runlim] sample:		556.4 time, 570.2 real, 277.0 MB
[runlim] sample:		566.4 time, 580.2 real, 277.0 MB
[runlim] sample:		576.4 time, 590.2 real, 277.0 MB
[runlim] sample:		586.4 time, 600.2 real, 281.0 MB
[runlim] sample:		596.4 time, 610.2 real, 281.0 MB
[runlim] sample:		606.4 time, 620.2 real, 281.0 MB
[runlim] sample:		616.4 time, 630.2 real, 281.0 MB
[runlim] sample:		626.3 time, 640.2 real, 284.2 MB
[runlim] sample:		636.3 time, 650.2 real, 291.8 MB
[runlim] sample:		646.3 time, 660.2 real, 291.8 MB
[runlim] sample:		656.3 time, 670.2 real, 291.8 MB
[runlim] sample:		666.3 time, 680.2 real, 291.8 MB
[runlim] sample:		676.3 time, 690.2 real, 296.2 MB
[runlim] sample:		686.3 time, 700.2 real, 296.2 MB
[runlim] sample:		696.3 time, 710.2 real, 296.2 MB
[runlim] sample:		706.3 time, 720.2 real, 296.2 MB
[runlim] sample:		716.3 time, 730.2 real, 300.4 MB
[runlim] sample:		726.3 time, 740.2 real, 309.6 MB
[runlim] sample:		736.3 time, 750.2 real, 309.6 MB
[runlim] sample:		746.3 time, 760.2 real, 309.6 MB
[runlim] sample:		756.3 time, 770.2 real, 309.6 MB
[runlim] sample:		766.3 time, 780.2 real, 310.1 MB
[runlim] sample:		776.3 time, 790.2 real, 312.9 MB
[runlim] sample:		786.3 time, 800.2 real, 312.9 MB
[runlim] sample:		796.3 time, 810.2 real, 312.9 MB
[runlim] sample:		806.2 time, 820.2 real, 312.9 MB
[runlim] sample:		815.9 time, 830.2 real, 317.6 MB
[runlim] sample:		825.7 time, 840.2 real, 325.2 MB
[runlim] sample:		835.3 time, 850.2 real, 325.2 MB
[runlim] sample:		844.7 time, 860.2 real, 325.2 MB
[runlim] sample:		853.6 time, 870.2 real, 325.2 MB
[runlim] sample:		862.3 time, 880.2 real, 325.2 MB
[runlim] sample:		870.6 time, 890.2 real, 329.2 MB
[runlim] sample:		878.5 time, 900.2 real, 330.0 MB
[runlim] sample:		886.3 time, 910.2 real, 330.0 MB
[runlim] sample:		895.4 time, 920.2 real, 330.0 MB
[runlim] sample:		905.2 time, 930.2 real, 330.0 MB
[runlim] sample:		914.8 time, 940.2 real, 330.8 MB
[runlim] sample:		924.8 time, 950.2 real, 332.5 MB
[runlim] sample:		934.4 time, 960.2 real, 399.2 MB
[runlim] sample:		943.5 time, 970.2 real, 399.2 MB
[runlim] sample:		952.8 time, 980.2 real, 399.2 MB
[runlim] sample:		960.5 time, 990.2 real, 399.2 MB
[runlim] sample:		969.5 time, 1000.2 real, 399.2 MB
[runlim] sample:		979.2 time, 1010.2 real, 399.2 MB
[runlim] sample:		988.6 time, 1020.2 real, 400.8 MB
[runlim] sample:		997.6 time, 1030.2 real, 400.8 MB
[runlim] sample:		1005.5 time, 1040.2 real, 400.8 MB
[runlim] sample:		1014.4 time, 1050.2 real, 400.8 MB
[runlim] sample:		1023.2 time, 1060.2 real, 400.8 MB
[runlim] sample:		1032.5 time, 1070.2 real, 400.8 MB
[runlim] sample:		1041.7 time, 1080.2 real, 401.3 MB
[runlim] sample:		1050.9 time, 1090.2 real, 403.9 MB
[runlim] sample:		1060.1 time, 1100.2 real, 404.4 MB
[runlim] sample:		1069.6 time, 1110.2 real, 404.4 MB
[runlim] sample:		1079.4 time, 1120.2 real, 404.4 MB
[runlim] sample:		1089.4 time, 1130.2 real, 404.4 MB
[runlim] sample:		1099.4 time, 1140.2 real, 404.4 MB
[runlim] sample:		1109.4 time, 1150.2 real, 404.9 MB
[runlim] sample:		1119.4 time, 1160.2 real, 405.9 MB
[runlim] sample:		1129.4 time, 1170.2 real, 405.9 MB
[runlim] sample:		1139.4 time, 1180.2 real, 405.9 MB
[runlim] sample:		1149.4 time, 1190.2 real, 405.9 MB
[runlim] sample:		1159.4 time, 1200.2 real, 405.9 MB
[runlim] sample:		1169.4 time, 1210.2 real, 406.5 MB
[runlim] sample:		1179.4 time, 1220.2 real, 409.0 MB
[runlim] sample:		1189.4 time, 1230.2 real, 409.6 MB
[runlim] sample:		1199.4 time, 1240.2 real, 409.6 MB
[runlim] sample:		1209.4 time, 1250.2 real, 409.6 MB
[runlim] sample:		1219.4 time, 1260.2 real, 409.6 MB
[runlim] sample:		1229.4 time, 1270.2 real, 409.6 MB
[runlim] sample:		1239.4 time, 1280.2 real, 410.1 MB
[runlim] sample:		1249.3 time, 1290.2 real, 411.9 MB
[runlim] sample:		1259.3 time, 1300.2 real, 411.9 MB
[runlim] sample:		1269.3 time, 1310.2 real, 411.9 MB
[runlim] sample:		1279.3 time, 1320.2 real, 411.9 MB
[runlim] sample:		1289.3 time, 1330.2 real, 411.9 MB
[runlim] sample:		1299.3 time, 1340.2 real, 412.1 MB
[runlim] sample:		1309.3 time, 1350.2 real, 412.4 MB
[runlim] sample:		1319.1 time, 1360.2 real, 415.5 MB
[runlim] sample:		1329.1 time, 1370.2 real, 415.5 MB
[runlim] sample:		1339.1 time, 1380.2 real, 415.5 MB
[runlim] sample:		1349.1 time, 1390.2 real, 415.5 MB
[runlim] sample:		1359.1 time, 1400.2 real, 415.5 MB
[runlim] sample:		1369.1 time, 1410.2 real, 415.5 MB
[runlim] sample:		1379.1 time, 1420.2 real, 416.0 MB
[runlim] sample:		1389.1 time, 1430.2 real, 417.3 MB
[runlim] sample:		1399.1 time, 1440.2 real, 417.3 MB
[runlim] sample:		1409.1 time, 1450.2 real, 417.3 MB
[runlim] sample:		1419.1 time, 1460.2 real, 417.3 MB
[runlim] sample:		1429.1 time, 1470.2 real, 417.3 MB
[runlim] sample:		1439.1 time, 1480.2 real, 417.3 MB
[runlim] sample:		1449.1 time, 1490.2 real, 420.4 MB
[runlim] sample:		1459.1 time, 1500.2 real, 427.5 MB
[runlim] sample:		1469.1 time, 1510.2 real, 431.1 MB
[runlim] sample:		1479.1 time, 1520.2 real, 431.1 MB
[runlim] sample:		1489.1 time, 1530.2 real, 431.1 MB
[runlim] sample:		1499.1 time, 1540.2 real, 431.1 MB
[runlim] sample:		1509.1 time, 1550.2 real, 431.1 MB
[runlim] sample:		1519.1 time, 1560.2 real, 431.1 MB
[runlim] sample:		1529.1 time, 1570.2 real, 432.5 MB
[runlim] sample:		1539.1 time, 1580.2 real, 434.3 MB
[runlim] sample:		1549.1 time, 1590.2 real, 434.3 MB
[runlim] sample:		1559.1 time, 1600.2 real, 434.3 MB
[runlim] sample:		1569.1 time, 1610.2 real, 434.3 MB
[runlim] sample:		1579.1 time, 1620.2 real, 434.3 MB
[runlim] sample:		1589.1 time, 1630.2 real, 434.3 MB
[runlim] sample:		1599.1 time, 1640.2 real, 439.5 MB
[runlim] sample:		1609.1 time, 1650.2 real, 447.0 MB
[runlim] sample:		1619.1 time, 1660.2 real, 448.8 MB
[runlim] sample:		1629.1 time, 1670.2 real, 448.8 MB
[runlim] sample:		1639.1 time, 1680.2 real, 448.8 MB
[runlim] sample:		1649.1 time, 1690.2 real, 448.8 MB
[runlim] sample:		1659.1 time, 1700.2 real, 448.8 MB
[runlim] sample:		1669.1 time, 1710.2 real, 448.8 MB
[runlim] sample:		1679.1 time, 1720.2 real, 450.3 MB
[runlim] sample:		1689.0 time, 1730.2 real, 453.8 MB
[runlim] sample:		1699.0 time, 1740.2 real, 453.8 MB
[runlim] sample:		1709.0 time, 1750.2 real, 453.8 MB
[runlim] sample:		1719.0 time, 1760.2 real, 453.8 MB
[runlim] sample:		1729.0 time, 1770.2 real, 453.8 MB
[runlim] sample:		1739.0 time, 1780.2 real, 453.8 MB
[runlim] sample:		1749.0 time, 1790.2 real, 453.8 MB
[runlim] sample:		1759.0 time, 1800.2 real, 456.5 MB
[runlim] sample:		1769.0 time, 1810.2 real, 457.4 MB
[runlim] sample:		1779.0 time, 1820.2 real, 466.3 MB
[runlim] sample:		1789.0 time, 1830.2 real, 470.4 MB
[runlim] sample:		1799.0 time, 1840.2 real, 470.4 MB
CVC4 interrupted by SIGTERM.
[runlim] end:			Sat Feb  9 01:44:44 2019
[runlim] status:		out of time
[runlim] result:		2
[runlim] children:		0
[runlim] real:			1841.19 seconds
[runlim] time:			1800.02 seconds
[runlim] space:			470.4 MB
[runlim] samples:		18410
