[runlim] version:		1.10fixed
[runlim] time limit:		1800 seconds
[runlim] real time limit:	311040000 seconds
[runlim] space limit:		4000 MB
[runlim] argv[0]:		./cvc4
[runlim] argv[1]:		/tmp/LB6Cuani.smt2
[runlim] start:			Sat Feb  9 17:22:14 2019
[runlim] main pid:		6342
/tmp/LB6Cuani.smt2:4.12: No set-logic command was given before this point.
/tmp/LB6Cuani.smt2:4.12: CVC4 will make all theories available.
/tmp/LB6Cuani.smt2:4.12: Consider setting a stricter logic for (likely) better performance.
/tmp/LB6Cuani.smt2:4.12: To suppress this warning in the future use (set-logic ALL).
[runlim] sample:		10.0 time, 10.3 real, 146.1 MB
[runlim] sample:		20.0 time, 20.3 real, 189.7 MB
[runlim] sample:		30.0 time, 30.3 real, 219.3 MB
[runlim] sample:		40.0 time, 40.3 real, 240.9 MB
[runlim] sample:		50.0 time, 50.3 real, 254.6 MB
[runlim] sample:		60.0 time, 60.3 real, 271.3 MB
[runlim] sample:		70.0 time, 70.3 real, 282.9 MB
[runlim] sample:		80.0 time, 80.3 real, 294.0 MB
[runlim] sample:		89.2 time, 90.3 real, 302.8 MB
[runlim] sample:		98.4 time, 100.3 real, 312.3 MB
[runlim] sample:		107.4 time, 110.3 real, 320.2 MB
[runlim] sample:		116.8 time, 120.3 real, 328.2 MB
[runlim] sample:		126.4 time, 130.3 real, 335.9 MB
[runlim] sample:		135.0 time, 140.3 real, 342.6 MB
[runlim] sample:		144.1 time, 150.3 real, 349.3 MB
[runlim] sample:		154.1 time, 160.3 real, 356.2 MB
[runlim] sample:		163.5 time, 170.3 real, 363.4 MB
[runlim] sample:		172.4 time, 180.3 real, 370.1 MB
[runlim] sample:		181.7 time, 190.3 real, 378.1 MB
[runlim] sample:		191.0 time, 200.3 real, 384.5 MB
[runlim] sample:		200.7 time, 210.3 real, 394.0 MB
[runlim] sample:		210.7 time, 220.3 real, 396.1 MB
[runlim] sample:		220.7 time, 230.3 real, 403.6 MB
[runlim] sample:		230.7 time, 240.3 real, 407.2 MB
[runlim] sample:		240.7 time, 250.3 real, 417.8 MB
[runlim] sample:		250.5 time, 260.3 real, 419.0 MB
[runlim] sample:		259.9 time, 270.3 real, 426.0 MB
[runlim] sample:		269.3 time, 280.3 real, 431.2 MB
[runlim] sample:		278.8 time, 290.3 real, 434.5 MB
[runlim] sample:		288.8 time, 300.3 real, 446.5 MB
[runlim] sample:		298.8 time, 310.3 real, 452.9 MB
[runlim] sample:		308.8 time, 320.3 real, 456.3 MB
[runlim] sample:		318.8 time, 330.3 real, 459.6 MB
[runlim] sample:		328.8 time, 340.3 real, 464.0 MB
[runlim] sample:		338.8 time, 350.3 real, 474.4 MB
[runlim] sample:		348.8 time, 360.3 real, 478.0 MB
[runlim] sample:		358.8 time, 370.3 real, 481.4 MB
[runlim] sample:		368.8 time, 380.3 real, 485.0 MB
[runlim] sample:		378.8 time, 390.3 real, 489.6 MB
[runlim] sample:		388.8 time, 400.3 real, 495.0 MB
[runlim] sample:		398.8 time, 410.3 real, 499.4 MB
[runlim] sample:		408.8 time, 420.3 real, 503.5 MB
[runlim] sample:		418.3 time, 430.3 real, 507.4 MB
[runlim] sample:		427.6 time, 440.3 real, 515.9 MB
[runlim] sample:		437.6 time, 450.3 real, 518.2 MB
[runlim] sample:		447.6 time, 460.3 real, 522.8 MB
[runlim] sample:		457.4 time, 470.3 real, 526.4 MB
[runlim] sample:		467.4 time, 480.3 real, 530.1 MB
[runlim] sample:		476.8 time, 490.3 real, 534.0 MB
[runlim] sample:		485.8 time, 500.3 real, 535.6 MB
[runlim] sample:		494.9 time, 510.3 real, 537.6 MB
[runlim] sample:		504.9 time, 520.3 real, 541.0 MB
[runlim] sample:		514.9 time, 530.3 real, 545.3 MB
[runlim] sample:		524.9 time, 540.3 real, 549.0 MB
[runlim] sample:		534.9 time, 550.3 real, 552.6 MB
[runlim] sample:		544.5 time, 560.3 real, 556.2 MB
[runlim] sample:		554.5 time, 570.3 real, 559.8 MB
[runlim] sample:		564.5 time, 580.3 real, 563.6 MB
[runlim] sample:		574.2 time, 590.3 real, 564.4 MB
[runlim] sample:		583.9 time, 600.3 real, 567.8 MB
[runlim] sample:		593.5 time, 610.3 real, 571.1 MB
[runlim] sample:		603.2 time, 620.3 real, 575.5 MB
[runlim] sample:		612.9 time, 630.3 real, 579.3 MB
[runlim] sample:		622.6 time, 640.3 real, 579.9 MB
[runlim] sample:		632.2 time, 650.3 real, 583.7 MB
[runlim] sample:		641.4 time, 660.3 real, 587.1 MB
[runlim] sample:		650.5 time, 670.3 real, 590.7 MB
[runlim] sample:		660.5 time, 680.3 real, 592.2 MB
[runlim] sample:		670.5 time, 690.3 real, 594.3 MB
[runlim] sample:		679.9 time, 700.3 real, 597.9 MB
[runlim] sample:		689.0 time, 710.3 real, 602.0 MB
[runlim] sample:		698.0 time, 720.3 real, 602.5 MB
[runlim] sample:		707.3 time, 730.3 real, 605.4 MB
[runlim] sample:		717.3 time, 740.3 real, 609.2 MB
[runlim] sample:		727.3 time, 750.3 real, 614.8 MB
[runlim] sample:		737.3 time, 760.3 real, 616.3 MB
[runlim] sample:		747.0 time, 770.3 real, 618.9 MB
[runlim] sample:		757.0 time, 780.3 real, 621.7 MB
[runlim] sample:		767.0 time, 790.3 real, 623.5 MB
[runlim] sample:		777.0 time, 800.3 real, 624.8 MB
[runlim] sample:		787.0 time, 810.3 real, 627.9 MB
[runlim] sample:		797.0 time, 820.3 real, 631.8 MB
[runlim] sample:		806.8 time, 830.3 real, 631.8 MB
[runlim] sample:		816.1 time, 840.3 real, 635.1 MB
[runlim] sample:		825.5 time, 850.3 real, 640.5 MB
[runlim] sample:		834.5 time, 860.3 real, 640.5 MB
[runlim] sample:		843.6 time, 870.3 real, 644.4 MB
[runlim] sample:		852.6 time, 880.3 real, 644.4 MB
[runlim] sample:		862.5 time, 890.3 real, 647.7 MB
[runlim] sample:		872.5 time, 900.3 real, 651.3 MB
[runlim] sample:		882.5 time, 910.3 real, 651.3 MB
[runlim] sample:		892.5 time, 920.3 real, 654.7 MB
[runlim] sample:		902.5 time, 930.3 real, 657.8 MB
[runlim] sample:		912.5 time, 940.3 real, 658.3 MB
[runlim] sample:		922.5 time, 950.3 real, 661.9 MB
[runlim] sample:		932.5 time, 960.3 real, 663.2 MB
[runlim] sample:		942.5 time, 970.3 real, 665.5 MB
[runlim] sample:		952.5 time, 980.3 real, 669.4 MB
[runlim] sample:		962.5 time, 990.3 real, 669.4 MB
[runlim] sample:		972.5 time, 1000.3 real, 672.7 MB
[runlim] sample:		982.5 time, 1010.3 real, 675.8 MB
[runlim] sample:		992.5 time, 1020.3 real, 676.3 MB
[runlim] sample:		1002.5 time, 1030.3 real, 679.7 MB
[runlim] sample:		1012.5 time, 1040.3 real, 679.7 MB
[runlim] sample:		1022.5 time, 1050.3 real, 683.3 MB
[runlim] sample:		1032.5 time, 1060.3 real, 684.6 MB
[runlim] sample:		1042.5 time, 1070.3 real, 686.9 MB
[runlim] sample:		1052.5 time, 1080.3 real, 690.5 MB
[runlim] sample:		1062.3 time, 1090.3 real, 690.5 MB
[runlim] sample:		1071.3 time, 1100.3 real, 694.1 MB
[runlim] sample:		1080.4 time, 1110.3 real, 694.1 MB
[runlim] sample:		1090.2 time, 1120.3 real, 698.0 MB
[runlim] sample:		1100.2 time, 1130.3 real, 698.0 MB
[runlim] sample:		1110.2 time, 1140.3 real, 701.6 MB
[runlim] sample:		1120.2 time, 1150.3 real, 703.4 MB
[runlim] sample:		1130.0 time, 1160.3 real, 705.4 MB
[runlim] sample:		1139.7 time, 1170.3 real, 706.7 MB
[runlim] sample:		1149.1 time, 1180.3 real, 709.0 MB
[runlim] sample:		1159.1 time, 1190.3 real, 710.6 MB
[runlim] sample:		1169.1 time, 1200.3 real, 712.4 MB
[runlim] sample:		1179.1 time, 1210.3 real, 715.5 MB
[runlim] sample:		1189.1 time, 1220.3 real, 716.0 MB
[runlim] sample:		1199.1 time, 1230.3 real, 719.3 MB
[runlim] sample:		1208.9 time, 1240.3 real, 719.3 MB
[runlim] sample:		1218.5 time, 1250.3 real, 722.9 MB
[runlim] sample:		1228.2 time, 1260.3 real, 722.9 MB
[runlim] sample:		1238.1 time, 1270.3 real, 739.1 MB
[runlim] sample:		1248.1 time, 1280.3 real, 739.1 MB
[runlim] sample:		1257.9 time, 1290.3 real, 739.6 MB
[runlim] sample:		1267.9 time, 1300.3 real, 739.6 MB
[runlim] sample:		1277.7 time, 1310.3 real, 740.1 MB
[runlim] sample:		1287.7 time, 1320.3 real, 740.1 MB
[runlim] sample:		1297.7 time, 1330.3 real, 741.1 MB
[runlim] sample:		1307.7 time, 1340.3 real, 741.1 MB
[runlim] sample:		1317.6 time, 1350.3 real, 744.9 MB
[runlim] sample:		1327.2 time, 1360.3 real, 744.9 MB
[runlim] sample:		1336.5 time, 1370.3 real, 746.0 MB
[runlim] sample:		1345.8 time, 1380.3 real, 748.9 MB
[runlim] sample:		1355.3 time, 1390.3 real, 748.9 MB
[runlim] sample:		1365.3 time, 1400.3 real, 753.8 MB
[runlim] sample:		1375.3 time, 1410.3 real, 753.8 MB
[runlim] sample:		1385.3 time, 1420.3 real, 757.4 MB
[runlim] sample:		1395.3 time, 1430.3 real, 757.4 MB
[runlim] sample:		1405.3 time, 1440.3 real, 761.8 MB
[runlim] sample:		1415.3 time, 1450.3 real, 761.8 MB
[runlim] sample:		1425.3 time, 1460.3 real, 771.3 MB
[runlim] sample:		1435.3 time, 1470.3 real, 771.3 MB
[runlim] sample:		1445.3 time, 1480.3 real, 771.8 MB
[runlim] sample:		1455.2 time, 1490.3 real, 771.8 MB
[runlim] sample:		1464.6 time, 1500.3 real, 772.1 MB
[runlim] sample:		1474.6 time, 1510.3 real, 772.9 MB
[runlim] sample:		1483.9 time, 1520.3 real, 772.9 MB
[runlim] sample:		1493.2 time, 1530.3 real, 777.5 MB
[runlim] sample:		1502.2 time, 1540.3 real, 777.5 MB
[runlim] sample:		1511.3 time, 1550.3 real, 780.3 MB
[runlim] sample:		1521.1 time, 1560.3 real, 780.9 MB
[runlim] sample:		1531.0 time, 1570.3 real, 782.1 MB
[runlim] sample:		1540.1 time, 1580.3 real, 784.2 MB
[runlim] sample:		1549.7 time, 1590.3 real, 784.2 MB
[runlim] sample:		1559.4 time, 1600.3 real, 787.8 MB
[runlim] sample:		1569.4 time, 1610.3 real, 787.8 MB
[runlim] sample:		1579.4 time, 1620.3 real, 790.9 MB
[runlim] sample:		1589.4 time, 1630.3 real, 791.4 MB
[runlim] sample:		1599.4 time, 1640.3 real, 793.0 MB
[runlim] sample:		1609.4 time, 1650.3 real, 795.0 MB
[runlim] sample:		1619.3 time, 1660.3 real, 795.0 MB
[runlim] sample:		1629.2 time, 1670.3 real, 798.4 MB
[runlim] sample:		1639.2 time, 1680.3 real, 798.4 MB
[runlim] sample:		1649.1 time, 1690.3 real, 803.0 MB
[runlim] sample:		1658.8 time, 1700.3 real, 803.0 MB
[runlim] sample:		1668.5 time, 1710.3 real, 818.7 MB
[runlim] sample:		1678.1 time, 1720.3 real, 818.9 MB
[runlim] sample:		1687.5 time, 1730.3 real, 818.9 MB
[runlim] sample:		1696.7 time, 1740.3 real, 819.4 MB
[runlim] sample:		1706.1 time, 1750.3 real, 819.4 MB
[runlim] sample:		1715.6 time, 1760.3 real, 819.4 MB
[runlim] sample:		1725.6 time, 1770.3 real, 819.9 MB
[runlim] sample:		1735.6 time, 1780.3 real, 819.9 MB
[runlim] sample:		1745.1 time, 1790.3 real, 822.5 MB
[runlim] sample:		1754.7 time, 1800.3 real, 822.5 MB
[runlim] sample:		1764.7 time, 1810.3 real, 823.3 MB
[runlim] sample:		1774.6 time, 1820.3 real, 824.1 MB
[runlim] sample:		1784.6 time, 1830.3 real, 824.1 MB
[runlim] sample:		1794.6 time, 1840.3 real, 827.4 MB
CVC4 interrupted by SIGTERM.
[runlim] end:			Sat Feb  9 17:52:59 2019
[runlim] status:		out of time
[runlim] result:		2
[runlim] children:		0
[runlim] real:			1845.78 seconds
[runlim] time:			1800.04 seconds
[runlim] space:			827.4 MB
[runlim] samples:		18454
