[runlim] version:		1.10fixed
[runlim] time limit:		1800 seconds
[runlim] real time limit:	311040000 seconds
[runlim] space limit:		4000 MB
[runlim] argv[0]:		./cvc4
[runlim] argv[1]:		/tmp/eyxVuObn.smt2
[runlim] start:			Sat Feb  9 14:34:29 2019
[runlim] main pid:		15406
/tmp/eyxVuObn.smt2:4.12: No set-logic command was given before this point.
/tmp/eyxVuObn.smt2:4.12: CVC4 will make all theories available.
/tmp/eyxVuObn.smt2:4.12: Consider setting a stricter logic for (likely) better performance.
/tmp/eyxVuObn.smt2:4.12: To suppress this warning in the future use (set-logic ALL).
[runlim] sample:		10.0 time, 10.8 real, 95.9 MB
[runlim] sample:		20.0 time, 20.8 real, 123.9 MB
[runlim] sample:		30.0 time, 30.8 real, 139.0 MB
[runlim] sample:		40.0 time, 40.8 real, 152.4 MB
[runlim] sample:		50.0 time, 50.8 real, 164.3 MB
[runlim] sample:		60.0 time, 60.8 real, 173.8 MB
[runlim] sample:		70.0 time, 70.8 real, 182.6 MB
[runlim] sample:		80.0 time, 80.8 real, 189.8 MB
[runlim] sample:		90.0 time, 90.8 real, 197.5 MB
[runlim] sample:		100.0 time, 100.8 real, 206.2 MB
[runlim] sample:		110.0 time, 110.8 real, 211.9 MB
[runlim] sample:		119.9 time, 120.8 real, 216.8 MB
[runlim] sample:		129.9 time, 130.8 real, 225.9 MB
[runlim] sample:		139.9 time, 140.8 real, 231.7 MB
[runlim] sample:		149.9 time, 150.8 real, 239.4 MB
[runlim] sample:		159.9 time, 160.8 real, 243.0 MB
[runlim] sample:		169.9 time, 170.8 real, 248.2 MB
[runlim] sample:		179.9 time, 180.8 real, 252.3 MB
[runlim] sample:		189.9 time, 190.8 real, 256.2 MB
[runlim] sample:		199.9 time, 200.8 real, 262.6 MB
[runlim] sample:		209.9 time, 210.8 real, 268.0 MB
[runlim] sample:		219.9 time, 220.8 real, 271.6 MB
[runlim] sample:		229.9 time, 230.8 real, 274.9 MB
[runlim] sample:		239.9 time, 240.8 real, 279.1 MB
[runlim] sample:		249.9 time, 250.8 real, 281.9 MB
[runlim] sample:		259.9 time, 260.8 real, 285.8 MB
[runlim] sample:		269.9 time, 270.8 real, 289.4 MB
[runlim] sample:		279.9 time, 280.8 real, 292.2 MB
[runlim] sample:		289.9 time, 290.8 real, 294.8 MB
[runlim] sample:		299.9 time, 300.8 real, 298.6 MB
[runlim] sample:		309.9 time, 310.8 real, 300.7 MB
[runlim] sample:		319.9 time, 320.8 real, 305.3 MB
[runlim] sample:		329.8 time, 330.8 real, 307.4 MB
[runlim] sample:		339.8 time, 340.8 real, 309.7 MB
[runlim] sample:		349.8 time, 350.8 real, 312.0 MB
[runlim] sample:		359.8 time, 360.8 real, 317.7 MB
[runlim] sample:		369.8 time, 370.8 real, 319.2 MB
[runlim] sample:		379.8 time, 380.8 real, 321.3 MB
[runlim] sample:		389.8 time, 390.8 real, 323.4 MB
[runlim] sample:		399.8 time, 400.8 real, 325.9 MB
[runlim] sample:		409.8 time, 410.8 real, 329.3 MB
[runlim] sample:		419.8 time, 420.8 real, 331.6 MB
[runlim] sample:		429.8 time, 430.8 real, 333.6 MB
[runlim] sample:		439.8 time, 440.8 real, 336.5 MB
[runlim] sample:		449.8 time, 450.8 real, 338.5 MB
[runlim] sample:		459.8 time, 460.8 real, 340.9 MB
[runlim] sample:		469.8 time, 470.8 real, 342.9 MB
[runlim] sample:		479.8 time, 480.8 real, 345.0 MB
[runlim] sample:		489.8 time, 490.8 real, 347.3 MB
[runlim] sample:		499.8 time, 500.8 real, 349.3 MB
[runlim] sample:		509.8 time, 510.8 real, 351.4 MB
[runlim] sample:		519.8 time, 520.8 real, 353.4 MB
[runlim] sample:		529.8 time, 530.8 real, 355.8 MB
[runlim] sample:		539.8 time, 540.8 real, 357.8 MB
[runlim] sample:		549.8 time, 550.8 real, 360.2 MB
[runlim] sample:		559.8 time, 560.8 real, 362.2 MB
[runlim] sample:		569.7 time, 570.8 real, 364.3 MB
[runlim] sample:		579.7 time, 580.8 real, 366.3 MB
[runlim] sample:		589.7 time, 590.8 real, 367.1 MB
[runlim] sample:		599.7 time, 600.8 real, 368.6 MB
[runlim] sample:		609.7 time, 610.8 real, 371.2 MB
[runlim] sample:		619.7 time, 620.8 real, 373.3 MB
[runlim] sample:		629.7 time, 630.8 real, 375.3 MB
[runlim] sample:		639.7 time, 640.8 real, 377.4 MB
[runlim] sample:		649.7 time, 650.8 real, 379.5 MB
[runlim] sample:		659.7 time, 660.8 real, 380.2 MB
[runlim] sample:		669.7 time, 670.8 real, 388.3 MB
[runlim] sample:		677.4 time, 680.8 real, 388.5 MB
[runlim] sample:		685.1 time, 690.8 real, 388.5 MB
[runlim] sample:		692.8 time, 700.8 real, 389.0 MB
[runlim] sample:		700.5 time, 710.8 real, 389.0 MB
[runlim] sample:		708.2 time, 720.8 real, 390.8 MB
[runlim] sample:		715.9 time, 730.8 real, 395.2 MB
[runlim] sample:		723.6 time, 740.8 real, 395.2 MB
[runlim] sample:		731.2 time, 750.8 real, 397.2 MB
[runlim] sample:		738.9 time, 760.8 real, 397.2 MB
[runlim] sample:		746.6 time, 770.8 real, 399.6 MB
[runlim] sample:		754.3 time, 780.8 real, 400.1 MB
[runlim] sample:		761.9 time, 790.8 real, 401.1 MB
[runlim] sample:		769.6 time, 800.8 real, 403.4 MB
[runlim] sample:		777.3 time, 810.8 real, 403.4 MB
[runlim] sample:		785.0 time, 820.8 real, 405.2 MB
[runlim] sample:		792.7 time, 830.8 real, 405.2 MB
[runlim] sample:		800.4 time, 840.8 real, 406.7 MB
[runlim] sample:		808.0 time, 850.8 real, 406.7 MB
[runlim] sample:		815.7 time, 860.8 real, 409.3 MB
[runlim] sample:		823.4 time, 870.8 real, 409.6 MB
[runlim] sample:		831.0 time, 880.8 real, 411.1 MB
[runlim] sample:		838.7 time, 890.8 real, 411.9 MB
[runlim] sample:		846.5 time, 900.8 real, 413.4 MB
[runlim] sample:		854.1 time, 910.8 real, 414.7 MB
[runlim] sample:		861.9 time, 920.8 real, 415.7 MB
[runlim] sample:		869.6 time, 930.8 real, 418.1 MB
[runlim] sample:		877.3 time, 940.8 real, 418.8 MB
[runlim] sample:		885.0 time, 950.8 real, 423.0 MB
[runlim] sample:		892.7 time, 960.8 real, 423.0 MB
[runlim] sample:		900.4 time, 970.8 real, 430.7 MB
[runlim] sample:		908.0 time, 980.8 real, 430.7 MB
[runlim] sample:		915.7 time, 990.8 real, 430.9 MB
[runlim] sample:		923.4 time, 1000.8 real, 430.9 MB
[runlim] sample:		931.1 time, 1010.8 real, 431.4 MB
[runlim] sample:		938.8 time, 1020.8 real, 431.4 MB
[runlim] sample:		946.4 time, 1030.8 real, 433.0 MB
[runlim] sample:		954.1 time, 1040.8 real, 433.5 MB
[runlim] sample:		961.7 time, 1050.8 real, 434.5 MB
[runlim] sample:		969.4 time, 1060.8 real, 435.3 MB
[runlim] sample:		977.1 time, 1070.8 real, 435.8 MB
[runlim] sample:		984.8 time, 1080.8 real, 437.1 MB
[runlim] sample:		993.0 time, 1090.8 real, 437.9 MB
[runlim] sample:		1002.7 time, 1100.8 real, 442.0 MB
[runlim] sample:		1012.4 time, 1110.8 real, 443.5 MB
[runlim] sample:		1022.0 time, 1120.8 real, 443.5 MB
[runlim] sample:		1031.7 time, 1130.8 real, 445.6 MB
[runlim] sample:		1041.4 time, 1140.8 real, 445.6 MB
[runlim] sample:		1051.1 time, 1150.8 real, 452.1 MB
[runlim] sample:		1060.8 time, 1160.8 real, 452.1 MB
[runlim] sample:		1070.4 time, 1170.8 real, 454.1 MB
[runlim] sample:		1080.1 time, 1180.8 real, 454.9 MB
[runlim] sample:		1089.8 time, 1190.8 real, 456.2 MB
[runlim] sample:		1099.5 time, 1200.8 real, 459.5 MB
[runlim] sample:		1109.2 time, 1210.8 real, 459.5 MB
[runlim] sample:		1118.8 time, 1220.8 real, 462.6 MB
[runlim] sample:		1128.5 time, 1230.8 real, 462.6 MB
[runlim] sample:		1138.2 time, 1240.8 real, 468.7 MB
[runlim] sample:		1147.9 time, 1250.8 real, 468.7 MB
[runlim] sample:		1157.6 time, 1260.8 real, 470.8 MB
[runlim] sample:		1167.3 time, 1270.8 real, 470.8 MB
[runlim] sample:		1176.9 time, 1280.8 real, 472.9 MB
[runlim] sample:		1186.6 time, 1290.8 real, 472.9 MB
[runlim] sample:		1196.3 time, 1300.8 real, 474.9 MB
[runlim] sample:		1206.0 time, 1310.8 real, 474.9 MB
[runlim] sample:		1215.7 time, 1320.8 real, 477.0 MB
[runlim] sample:		1225.4 time, 1330.8 real, 477.2 MB
[runlim] sample:		1235.0 time, 1340.8 real, 481.9 MB
[runlim] sample:		1244.7 time, 1350.8 real, 482.1 MB
[runlim] sample:		1254.4 time, 1360.8 real, 482.4 MB
[runlim] sample:		1264.1 time, 1370.8 real, 482.4 MB
[runlim] sample:		1273.8 time, 1380.8 real, 483.4 MB
[runlim] sample:		1283.5 time, 1390.8 real, 483.9 MB
[runlim] sample:		1293.2 time, 1400.8 real, 485.7 MB
[runlim] sample:		1302.8 time, 1410.8 real, 485.7 MB
[runlim] sample:		1312.5 time, 1420.8 real, 488.0 MB
[runlim] sample:		1322.2 time, 1430.8 real, 488.0 MB
[runlim] sample:		1331.9 time, 1440.8 real, 490.1 MB
[runlim] sample:		1341.6 time, 1450.8 real, 490.1 MB
[runlim] sample:		1351.3 time, 1460.8 real, 492.7 MB
[runlim] sample:		1360.9 time, 1470.8 real, 492.7 MB
[runlim] sample:		1370.6 time, 1480.8 real, 495.0 MB
[runlim] sample:		1380.3 time, 1490.8 real, 495.0 MB
[runlim] sample:		1390.0 time, 1500.8 real, 497.0 MB
[runlim] sample:		1399.7 time, 1510.8 real, 497.0 MB
[runlim] sample:		1409.4 time, 1520.8 real, 499.1 MB
[runlim] sample:		1417.5 time, 1530.8 real, 499.1 MB
[runlim] sample:		1425.2 time, 1540.8 real, 499.6 MB
[runlim] sample:		1434.6 time, 1550.8 real, 501.1 MB
[runlim] sample:		1444.3 time, 1560.8 real, 501.1 MB
[runlim] sample:		1453.9 time, 1570.8 real, 503.2 MB
[runlim] sample:		1463.6 time, 1580.8 real, 503.2 MB
[runlim] sample:		1473.3 time, 1590.8 real, 505.8 MB
[runlim] sample:		1483.0 time, 1600.8 real, 505.8 MB
[runlim] sample:		1492.7 time, 1610.8 real, 507.3 MB
[runlim] sample:		1502.3 time, 1620.8 real, 507.3 MB
[runlim] sample:		1512.0 time, 1630.8 real, 515.8 MB
[runlim] sample:		1521.7 time, 1640.8 real, 515.8 MB
[runlim] sample:		1531.4 time, 1650.8 real, 516.1 MB
[runlim] sample:		1541.1 time, 1660.8 real, 516.3 MB
[runlim] sample:		1550.7 time, 1670.8 real, 516.3 MB
[runlim] sample:		1560.4 time, 1680.8 real, 517.9 MB
[runlim] sample:		1570.1 time, 1690.8 real, 517.9 MB
[runlim] sample:		1579.8 time, 1700.8 real, 520.5 MB
[runlim] sample:		1589.4 time, 1710.8 real, 520.5 MB
[runlim] sample:		1599.1 time, 1720.8 real, 521.5 MB
[runlim] sample:		1608.8 time, 1730.8 real, 522.3 MB
[runlim] sample:		1618.5 time, 1740.8 real, 522.3 MB
[runlim] sample:		1628.2 time, 1750.8 real, 525.4 MB
[runlim] sample:		1637.8 time, 1760.8 real, 525.4 MB
[runlim] sample:		1647.5 time, 1770.8 real, 527.4 MB
[runlim] sample:		1657.2 time, 1780.8 real, 527.4 MB
[runlim] sample:		1666.8 time, 1790.8 real, 529.0 MB
[runlim] sample:		1676.5 time, 1800.8 real, 529.7 MB
[runlim] sample:		1686.5 time, 1810.8 real, 529.7 MB
[runlim] sample:		1696.5 time, 1820.8 real, 532.8 MB
[runlim] sample:		1706.5 time, 1830.8 real, 532.8 MB
[runlim] sample:		1716.5 time, 1840.8 real, 535.6 MB
[runlim] sample:		1726.5 time, 1850.8 real, 535.6 MB
[runlim] sample:		1736.5 time, 1860.8 real, 536.9 MB
[runlim] sample:		1746.5 time, 1870.8 real, 537.7 MB
[runlim] sample:		1756.4 time, 1880.8 real, 537.7 MB
[runlim] sample:		1766.0 time, 1890.8 real, 540.0 MB
[runlim] sample:		1776.0 time, 1900.8 real, 540.0 MB
[runlim] sample:		1786.0 time, 1910.8 real, 542.1 MB
[runlim] end:			Sat Feb  9 15:06:24 2019
[runlim] status:		signal(9)
[runlim] result:		11
[runlim] children:		0
[runlim] real:			1915.10 seconds
[runlim] time:			1790.25 seconds
[runlim] space:			542.1 MB
[runlim] samples:		19142
