[runlim] version:		1.10fixed
[runlim] time limit:		1800 seconds
[runlim] real time limit:	311040000 seconds
[runlim] space limit:		4000 MB
[runlim] argv[0]:		./cvc4
[runlim] argv[1]:		/tmp/7XBwNEso.smt2
[runlim] start:			Sat Feb  9 17:22:14 2019
[runlim] main pid:		20704
/tmp/7XBwNEso.smt2:4.12: No set-logic command was given before this point.
/tmp/7XBwNEso.smt2:4.12: CVC4 will make all theories available.
/tmp/7XBwNEso.smt2:4.12: Consider setting a stricter logic for (likely) better performance.
/tmp/7XBwNEso.smt2:4.12: To suppress this warning in the future use (set-logic ALL).
[runlim] sample:		10.0 time, 10.4 real, 149.6 MB
[runlim] sample:		20.0 time, 20.4 real, 199.1 MB
[runlim] sample:		30.0 time, 30.4 real, 239.0 MB
[runlim] sample:		40.0 time, 40.4 real, 266.8 MB
[runlim] sample:		50.0 time, 50.4 real, 289.5 MB
[runlim] sample:		59.5 time, 60.4 real, 305.9 MB
[runlim] sample:		69.5 time, 70.4 real, 320.3 MB
[runlim] sample:		79.0 time, 80.4 real, 330.1 MB
[runlim] sample:		87.8 time, 90.4 real, 338.9 MB
[runlim] sample:		97.5 time, 100.4 real, 350.4 MB
[runlim] sample:		106.6 time, 110.4 real, 358.4 MB
[runlim] sample:		115.7 time, 120.4 real, 366.4 MB
[runlim] sample:		125.7 time, 130.4 real, 374.4 MB
[runlim] sample:		135.7 time, 140.4 real, 383.9 MB
[runlim] sample:		145.7 time, 150.4 real, 393.2 MB
[runlim] sample:		155.7 time, 160.4 real, 402.2 MB
[runlim] sample:		165.7 time, 170.4 real, 409.2 MB
[runlim] sample:		175.7 time, 180.4 real, 420.4 MB
[runlim] sample:		185.7 time, 190.4 real, 422.9 MB
[runlim] sample:		195.7 time, 200.4 real, 432.7 MB
[runlim] sample:		205.7 time, 210.4 real, 447.9 MB
[runlim] sample:		215.7 time, 220.4 real, 451.5 MB
[runlim] sample:		225.7 time, 230.4 real, 459.2 MB
[runlim] sample:		235.7 time, 240.4 real, 469.3 MB
[runlim] sample:		245.7 time, 250.4 real, 475.7 MB
[runlim] sample:		255.7 time, 260.4 real, 481.4 MB
[runlim] sample:		265.7 time, 270.4 real, 486.5 MB
[runlim] sample:		274.7 time, 280.4 real, 493.2 MB
[runlim] sample:		283.3 time, 290.4 real, 497.9 MB
[runlim] sample:		293.3 time, 300.4 real, 502.5 MB
[runlim] sample:		303.3 time, 310.4 real, 511.5 MB
[runlim] sample:		313.3 time, 320.4 real, 518.7 MB
[runlim] sample:		323.3 time, 330.4 real, 523.9 MB
[runlim] sample:		332.7 time, 340.4 real, 527.7 MB
[runlim] sample:		341.1 time, 350.4 real, 531.6 MB
[runlim] sample:		349.7 time, 360.4 real, 535.5 MB
[runlim] sample:		359.3 time, 370.4 real, 539.3 MB
[runlim] sample:		369.0 time, 380.4 real, 544.7 MB
[runlim] sample:		378.8 time, 390.4 real, 549.4 MB
[runlim] sample:		388.8 time, 400.4 real, 554.0 MB
[runlim] sample:		398.8 time, 410.4 real, 558.4 MB
[runlim] sample:		408.8 time, 420.4 real, 563.5 MB
[runlim] sample:		418.4 time, 430.4 real, 568.9 MB
[runlim] sample:		428.1 time, 440.4 real, 574.6 MB
[runlim] sample:		438.0 time, 450.4 real, 578.0 MB
[runlim] sample:		447.7 time, 460.4 real, 583.6 MB
[runlim] sample:		456.8 time, 470.4 real, 587.2 MB
[runlim] sample:		466.1 time, 480.4 real, 589.0 MB
[runlim] sample:		475.1 time, 490.4 real, 592.4 MB
[runlim] sample:		484.5 time, 500.4 real, 595.7 MB
[runlim] sample:		494.5 time, 510.4 real, 600.4 MB
[runlim] sample:		504.5 time, 520.4 real, 604.2 MB
[runlim] sample:		514.5 time, 530.4 real, 608.4 MB
[runlim] sample:		524.5 time, 540.4 real, 611.4 MB
[runlim] sample:		534.5 time, 550.4 real, 614.5 MB
[runlim] sample:		544.5 time, 560.4 real, 617.6 MB
[runlim] sample:		554.5 time, 570.4 real, 621.2 MB
[runlim] sample:		564.5 time, 580.4 real, 625.3 MB
[runlim] sample:		574.5 time, 590.4 real, 629.5 MB
[runlim] sample:		584.5 time, 600.4 real, 635.7 MB
[runlim] sample:		594.5 time, 610.4 real, 640.6 MB
[runlim] sample:		604.5 time, 620.4 real, 640.8 MB
[runlim] sample:		614.5 time, 630.4 real, 643.6 MB
[runlim] sample:		624.5 time, 640.4 real, 647.2 MB
[runlim] sample:		634.5 time, 650.4 real, 651.4 MB
[runlim] sample:		644.5 time, 660.4 real, 654.2 MB
[runlim] sample:		654.5 time, 670.4 real, 656.0 MB
[runlim] sample:		664.5 time, 680.4 real, 659.3 MB
[runlim] sample:		674.5 time, 690.4 real, 663.5 MB
[runlim] sample:		684.5 time, 700.4 real, 667.1 MB
[runlim] sample:		694.5 time, 710.4 real, 668.6 MB
[runlim] sample:		704.5 time, 720.4 real, 682.4 MB
[runlim] sample:		714.5 time, 730.4 real, 683.0 MB
[runlim] sample:		724.5 time, 740.4 real, 683.7 MB
[runlim] sample:		734.5 time, 750.4 real, 683.7 MB
[runlim] sample:		744.5 time, 760.4 real, 684.5 MB
[runlim] sample:		754.5 time, 770.4 real, 687.8 MB
[runlim] sample:		764.5 time, 780.4 real, 687.8 MB
[runlim] sample:		774.5 time, 790.4 real, 691.4 MB
[runlim] sample:		784.5 time, 800.4 real, 695.6 MB
[runlim] sample:		794.5 time, 810.4 real, 696.8 MB
[runlim] sample:		804.5 time, 820.4 real, 699.4 MB
[runlim] sample:		814.5 time, 830.4 real, 703.5 MB
[runlim] sample:		824.5 time, 840.4 real, 704.8 MB
[runlim] sample:		834.5 time, 850.4 real, 707.4 MB
[runlim] sample:		844.5 time, 860.4 real, 711.8 MB
[runlim] sample:		854.5 time, 870.4 real, 713.1 MB
[runlim] sample:		864.5 time, 880.4 real, 715.6 MB
[runlim] sample:		874.5 time, 890.4 real, 719.5 MB
[runlim] sample:		884.5 time, 900.4 real, 719.5 MB
[runlim] sample:		894.5 time, 910.4 real, 723.6 MB
[runlim] sample:		904.5 time, 920.4 real, 727.8 MB
[runlim] sample:		914.5 time, 930.4 real, 728.0 MB
[runlim] sample:		924.5 time, 940.4 real, 731.9 MB
[runlim] sample:		934.5 time, 950.4 real, 733.4 MB
[runlim] sample:		944.5 time, 960.4 real, 735.8 MB
[runlim] sample:		954.5 time, 970.4 real, 740.1 MB
[runlim] sample:		964.5 time, 980.4 real, 740.1 MB
[runlim] sample:		974.4 time, 990.4 real, 744.0 MB
[runlim] sample:		984.4 time, 1000.4 real, 747.9 MB
[runlim] sample:		994.4 time, 1010.4 real, 749.9 MB
[runlim] sample:		1004.4 time, 1020.4 real, 754.0 MB
[runlim] sample:		1014.4 time, 1030.4 real, 754.6 MB
[runlim] sample:		1024.4 time, 1040.4 real, 758.9 MB
[runlim] sample:		1034.4 time, 1050.4 real, 758.9 MB
[runlim] sample:		1044.4 time, 1060.4 real, 762.8 MB
[runlim] sample:		1054.4 time, 1070.4 real, 764.4 MB
[runlim] sample:		1064.4 time, 1080.4 real, 768.5 MB
[runlim] sample:		1074.4 time, 1090.4 real, 770.3 MB
[runlim] sample:		1084.4 time, 1100.4 real, 772.1 MB
[runlim] sample:		1094.4 time, 1110.4 real, 777.2 MB
[runlim] sample:		1104.4 time, 1120.4 real, 777.5 MB
[runlim] sample:		1114.4 time, 1130.4 real, 781.5 MB
[runlim] sample:		1124.4 time, 1140.4 real, 781.5 MB
[runlim] sample:		1134.4 time, 1150.4 real, 786.4 MB
[runlim] sample:		1144.4 time, 1160.4 real, 786.4 MB
[runlim] sample:		1154.4 time, 1170.4 real, 794.1 MB
[runlim] sample:		1164.4 time, 1180.4 real, 794.1 MB
[runlim] sample:		1174.4 time, 1190.4 real, 794.6 MB
[runlim] sample:		1184.4 time, 1200.4 real, 795.9 MB
[runlim] sample:		1194.4 time, 1210.4 real, 798.5 MB
[runlim] sample:		1204.4 time, 1220.4 real, 800.0 MB
[runlim] sample:		1214.4 time, 1230.4 real, 803.1 MB
[runlim] sample:		1224.4 time, 1240.4 real, 819.8 MB
[runlim] sample:		1234.4 time, 1250.4 real, 820.1 MB
[runlim] sample:		1244.4 time, 1260.4 real, 820.3 MB
[runlim] sample:		1254.4 time, 1270.4 real, 820.6 MB
[runlim] sample:		1264.4 time, 1280.4 real, 820.8 MB
[runlim] sample:		1274.4 time, 1290.4 real, 821.1 MB
[runlim] sample:		1284.4 time, 1300.4 real, 821.6 MB
[runlim] sample:		1294.4 time, 1310.4 real, 821.9 MB
[runlim] sample:		1304.4 time, 1320.4 real, 822.1 MB
[runlim] sample:		1314.4 time, 1330.4 real, 824.9 MB
[runlim] sample:		1324.4 time, 1340.4 real, 825.2 MB
[runlim] sample:		1334.4 time, 1350.4 real, 828.3 MB
[runlim] sample:		1344.4 time, 1360.4 real, 828.8 MB
[runlim] sample:		1354.4 time, 1370.4 real, 832.2 MB
[runlim] sample:		1364.4 time, 1380.4 real, 832.2 MB
[runlim] sample:		1374.4 time, 1390.4 real, 838.1 MB
[runlim] sample:		1384.4 time, 1400.4 real, 838.1 MB
[runlim] sample:		1394.4 time, 1410.4 real, 843.0 MB
[runlim] sample:		1404.4 time, 1420.4 real, 843.0 MB
[runlim] sample:		1414.4 time, 1430.4 real, 847.1 MB
[runlim] sample:		1424.4 time, 1440.4 real, 847.1 MB
[runlim] sample:		1434.4 time, 1450.4 real, 850.4 MB
[runlim] sample:		1444.4 time, 1460.4 real, 851.2 MB
[runlim] sample:		1454.4 time, 1470.4 real, 852.0 MB
[runlim] sample:		1464.4 time, 1480.4 real, 859.2 MB
[runlim] sample:		1474.4 time, 1490.4 real, 859.2 MB
[runlim] sample:		1484.4 time, 1500.4 real, 861.3 MB
[runlim] sample:		1494.4 time, 1510.4 real, 861.3 MB
[runlim] sample:		1504.4 time, 1520.4 real, 865.4 MB
[runlim] sample:		1514.4 time, 1530.4 real, 865.4 MB
[runlim] sample:		1524.4 time, 1540.4 real, 868.7 MB
[runlim] sample:		1534.4 time, 1550.4 real, 878.1 MB
[runlim] sample:		1544.4 time, 1560.4 real, 886.3 MB
[runlim] sample:		1554.4 time, 1570.4 real, 886.8 MB
[runlim] sample:		1564.4 time, 1580.4 real, 887.1 MB
[runlim] sample:		1574.4 time, 1590.4 real, 889.9 MB
[runlim] sample:		1584.4 time, 1600.4 real, 889.9 MB
[runlim] sample:		1594.4 time, 1610.4 real, 893.8 MB
[runlim] sample:		1604.4 time, 1620.4 real, 893.8 MB
[runlim] sample:		1614.4 time, 1630.4 real, 895.6 MB
[runlim] sample:		1624.4 time, 1640.4 real, 897.9 MB
[runlim] sample:		1634.4 time, 1650.4 real, 897.9 MB
[runlim] sample:		1644.4 time, 1660.4 real, 903.8 MB
[runlim] sample:		1654.4 time, 1670.4 real, 903.8 MB
[runlim] sample:		1664.4 time, 1680.4 real, 908.2 MB
[runlim] sample:		1674.4 time, 1690.4 real, 909.0 MB
[runlim] sample:		1684.4 time, 1700.4 real, 910.0 MB
[runlim] sample:		1694.4 time, 1710.4 real, 912.9 MB
[runlim] sample:		1704.4 time, 1720.4 real, 912.9 MB
[runlim] sample:		1714.4 time, 1730.4 real, 917.0 MB
[runlim] sample:		1724.4 time, 1740.4 real, 917.0 MB
[runlim] sample:		1734.4 time, 1750.4 real, 918.8 MB
[runlim] sample:		1744.4 time, 1760.4 real, 920.8 MB
[runlim] sample:		1754.4 time, 1770.4 real, 920.8 MB
[runlim] sample:		1764.4 time, 1780.4 real, 924.9 MB
[runlim] sample:		1774.4 time, 1790.4 real, 924.9 MB
[runlim] sample:		1784.4 time, 1800.4 real, 926.2 MB
[runlim] sample:		1794.4 time, 1810.4 real, 937.4 MB
CVC4 interrupted by SIGTERM.
[runlim] end:			Sat Feb  9 17:52:30 2019
[runlim] status:		out of time
[runlim] result:		2
[runlim] children:		0
[runlim] real:			1816.14 seconds
[runlim] time:			1800.06 seconds
[runlim] space:			943.2 MB
[runlim] samples:		18157
