[runlim] version:		1.10fixed
[runlim] time limit:		1800 seconds
[runlim] real time limit:	311040000 seconds
[runlim] space limit:		4000 MB
[runlim] argv[0]:		./cvc4
[runlim] argv[1]:		/tmp/UFrM2G55.smt2
[runlim] start:			Sat Feb  9 14:34:30 2019
[runlim] main pid:		29624
/tmp/UFrM2G55.smt2:4.12: No set-logic command was given before this point.
/tmp/UFrM2G55.smt2:4.12: CVC4 will make all theories available.
/tmp/UFrM2G55.smt2:4.12: Consider setting a stricter logic for (likely) better performance.
/tmp/UFrM2G55.smt2:4.12: To suppress this warning in the future use (set-logic ALL).
[runlim] sample:		9.4 time, 10.1 real, 126.7 MB
[runlim] sample:		17.9 time, 20.1 real, 165.4 MB
[runlim] sample:		27.7 time, 30.1 real, 194.3 MB
[runlim] sample:		37.3 time, 40.1 real, 220.9 MB
[runlim] sample:		46.9 time, 50.1 real, 245.2 MB
[runlim] sample:		55.7 time, 60.1 real, 262.0 MB
[runlim] sample:		63.9 time, 70.1 real, 273.1 MB
[runlim] sample:		72.7 time, 80.1 real, 288.3 MB
[runlim] sample:		80.9 time, 90.1 real, 297.8 MB
[runlim] sample:		89.6 time, 100.1 real, 307.3 MB
[runlim] sample:		97.6 time, 110.1 real, 322.4 MB
[runlim] sample:		106.3 time, 120.1 real, 327.6 MB
[runlim] sample:		115.3 time, 130.1 real, 337.4 MB
[runlim] sample:		125.1 time, 140.1 real, 346.7 MB
[runlim] sample:		134.6 time, 150.1 real, 354.7 MB
[runlim] sample:		144.6 time, 160.1 real, 361.9 MB
[runlim] sample:		152.8 time, 170.1 real, 370.6 MB
[runlim] sample:		161.3 time, 180.1 real, 375.5 MB
[runlim] sample:		169.2 time, 190.1 real, 381.5 MB
[runlim] sample:		177.6 time, 200.1 real, 389.7 MB
[runlim] sample:		187.2 time, 210.1 real, 396.7 MB
[runlim] sample:		196.4 time, 220.1 real, 402.3 MB
[runlim] sample:		204.9 time, 230.1 real, 419.1 MB
[runlim] sample:		213.3 time, 240.1 real, 420.1 MB
[runlim] sample:		221.5 time, 250.1 real, 423.7 MB
[runlim] sample:		230.1 time, 260.1 real, 428.1 MB
[runlim] sample:		239.2 time, 270.1 real, 433.0 MB
[runlim] sample:		248.7 time, 280.1 real, 442.8 MB
[runlim] sample:		258.5 time, 290.1 real, 449.5 MB
[runlim] sample:		268.5 time, 300.1 real, 456.7 MB
[runlim] sample:		278.5 time, 310.1 real, 465.0 MB
[runlim] sample:		288.5 time, 320.1 real, 474.9 MB
[runlim] sample:		298.5 time, 330.1 real, 479.6 MB
[runlim] sample:		308.5 time, 340.1 real, 484.5 MB
[runlim] sample:		318.5 time, 350.1 real, 489.6 MB
[runlim] sample:		328.5 time, 360.1 real, 494.8 MB
[runlim] sample:		338.5 time, 370.1 real, 499.7 MB
[runlim] sample:		348.5 time, 380.1 real, 510.2 MB
[runlim] sample:		358.5 time, 390.1 real, 513.1 MB
[runlim] sample:		368.5 time, 400.1 real, 517.7 MB
[runlim] sample:		378.5 time, 410.1 real, 522.9 MB
[runlim] sample:		388.5 time, 420.1 real, 528.0 MB
[runlim] sample:		398.5 time, 430.1 real, 533.4 MB
[runlim] sample:		408.5 time, 440.1 real, 538.1 MB
[runlim] sample:		418.5 time, 450.1 real, 542.2 MB
[runlim] sample:		428.5 time, 460.1 real, 545.8 MB
[runlim] sample:		438.5 time, 470.1 real, 550.2 MB
[runlim] sample:		448.5 time, 480.1 real, 555.1 MB
[runlim] sample:		458.5 time, 490.1 real, 560.0 MB
[runlim] sample:		468.5 time, 500.1 real, 564.3 MB
[runlim] sample:		478.5 time, 510.1 real, 566.4 MB
[runlim] sample:		488.5 time, 520.1 real, 569.2 MB
[runlim] sample:		498.5 time, 530.1 real, 574.1 MB
[runlim] sample:		508.5 time, 540.1 real, 579.5 MB
[runlim] sample:		518.5 time, 550.1 real, 582.4 MB
[runlim] sample:		528.5 time, 560.1 real, 584.2 MB
[runlim] sample:		538.5 time, 570.1 real, 589.1 MB
[runlim] sample:		548.5 time, 580.1 real, 594.0 MB
[runlim] sample:		558.5 time, 590.1 real, 596.0 MB
[runlim] sample:		568.5 time, 600.1 real, 598.6 MB
[runlim] sample:		578.5 time, 610.1 real, 603.2 MB
[runlim] sample:		588.5 time, 620.1 real, 606.1 MB
[runlim] sample:		598.5 time, 630.1 real, 608.4 MB
[runlim] sample:		608.5 time, 640.1 real, 625.3 MB
[runlim] sample:		618.5 time, 650.1 real, 626.1 MB
[runlim] sample:		628.5 time, 660.1 real, 626.1 MB
[runlim] sample:		638.5 time, 670.1 real, 626.9 MB
[runlim] sample:		648.5 time, 680.1 real, 627.4 MB
[runlim] sample:		658.5 time, 690.1 real, 628.9 MB
[runlim] sample:		668.5 time, 700.1 real, 635.6 MB
[runlim] sample:		678.5 time, 710.1 real, 636.4 MB
[runlim] sample:		688.5 time, 720.1 real, 640.5 MB
[runlim] sample:		698.5 time, 730.1 real, 645.7 MB
[runlim] sample:		708.5 time, 740.1 real, 645.7 MB
[runlim] sample:		718.5 time, 750.1 real, 650.5 MB
[runlim] sample:		728.5 time, 760.1 real, 651.1 MB
[runlim] sample:		738.5 time, 770.1 real, 655.2 MB
[runlim] sample:		748.5 time, 780.1 real, 658.3 MB
[runlim] sample:		758.4 time, 790.1 real, 660.1 MB
[runlim] sample:		768.4 time, 800.1 real, 664.7 MB
[runlim] sample:		778.4 time, 810.1 real, 664.7 MB
[runlim] sample:		788.4 time, 820.1 real, 669.9 MB
[runlim] sample:		798.4 time, 830.1 real, 670.6 MB
[runlim] sample:		808.4 time, 840.1 real, 674.5 MB
[runlim] sample:		818.5 time, 850.1 real, 677.4 MB
[runlim] sample:		828.5 time, 860.1 real, 679.2 MB
[runlim] sample:		838.4 time, 870.1 real, 684.1 MB
[runlim] sample:		848.4 time, 880.1 real, 684.1 MB
[runlim] sample:		858.4 time, 890.1 real, 688.7 MB
[runlim] sample:		868.4 time, 900.1 real, 688.7 MB
[runlim] sample:		878.4 time, 910.1 real, 693.3 MB
[runlim] sample:		888.4 time, 920.1 real, 693.3 MB
[runlim] sample:		898.4 time, 930.1 real, 698.2 MB
[runlim] sample:		908.4 time, 940.1 real, 698.2 MB
[runlim] sample:		918.4 time, 950.1 real, 703.1 MB
[runlim] sample:		928.4 time, 960.1 real, 703.4 MB
[runlim] sample:		938.4 time, 970.1 real, 708.3 MB
[runlim] sample:		948.4 time, 980.1 real, 708.3 MB
[runlim] sample:		958.4 time, 990.1 real, 713.1 MB
[runlim] sample:		968.4 time, 1000.1 real, 713.1 MB
[runlim] sample:		978.4 time, 1010.1 real, 717.8 MB
[runlim] sample:		988.4 time, 1020.1 real, 717.8 MB
[runlim] sample:		998.4 time, 1030.1 real, 722.7 MB
[runlim] sample:		1008.4 time, 1040.1 real, 722.7 MB
[runlim] sample:		1018.4 time, 1050.1 real, 727.3 MB
[runlim] sample:		1028.4 time, 1060.1 real, 727.3 MB
[runlim] sample:		1038.4 time, 1070.1 real, 731.2 MB
[runlim] sample:		1048.4 time, 1080.1 real, 732.2 MB
[runlim] sample:		1058.4 time, 1090.1 real, 733.5 MB
[runlim] sample:		1068.4 time, 1100.1 real, 736.6 MB
[runlim] sample:		1078.4 time, 1110.1 real, 736.6 MB
[runlim] sample:		1088.4 time, 1120.1 real, 743.0 MB
[runlim] sample:		1098.4 time, 1130.1 real, 743.0 MB
[runlim] sample:		1108.4 time, 1140.1 real, 747.7 MB
[runlim] sample:		1118.4 time, 1150.1 real, 747.7 MB
[runlim] sample:		1128.4 time, 1160.1 real, 751.0 MB
[runlim] sample:		1138.4 time, 1170.1 real, 752.5 MB
[runlim] sample:		1148.4 time, 1180.1 real, 753.8 MB
[runlim] sample:		1158.4 time, 1190.1 real, 757.2 MB
[runlim] sample:		1168.4 time, 1200.1 real, 757.2 MB
[runlim] sample:		1178.4 time, 1210.1 real, 762.3 MB
[runlim] sample:		1188.4 time, 1220.1 real, 762.3 MB
[runlim] sample:		1198.4 time, 1230.1 real, 765.9 MB
[runlim] sample:		1208.4 time, 1240.1 real, 767.7 MB
[runlim] sample:		1218.4 time, 1250.1 real, 767.7 MB
[runlim] sample:		1228.4 time, 1260.1 real, 772.9 MB
[runlim] sample:		1238.4 time, 1270.1 real, 772.9 MB
[runlim] sample:		1248.4 time, 1280.1 real, 777.8 MB
[runlim] sample:		1258.4 time, 1290.1 real, 778.6 MB
[runlim] sample:		1268.4 time, 1300.1 real, 778.6 MB
[runlim] sample:		1278.4 time, 1310.1 real, 783.7 MB
[runlim] sample:		1288.4 time, 1320.1 real, 783.7 MB
[runlim] sample:		1298.4 time, 1330.1 real, 788.3 MB
[runlim] sample:		1308.4 time, 1340.1 real, 789.1 MB
[runlim] sample:		1318.4 time, 1350.1 real, 789.1 MB
[runlim] sample:		1328.4 time, 1360.1 real, 794.3 MB
[runlim] sample:		1338.4 time, 1370.1 real, 794.3 MB
[runlim] sample:		1348.4 time, 1380.1 real, 797.6 MB
[runlim] sample:		1358.4 time, 1390.1 real, 798.9 MB
[runlim] sample:		1368.4 time, 1400.1 real, 798.9 MB
[runlim] sample:		1378.4 time, 1410.1 real, 809.3 MB
[runlim] sample:		1388.4 time, 1420.1 real, 809.3 MB
[runlim] sample:		1398.4 time, 1430.1 real, 809.5 MB
[runlim] sample:		1408.4 time, 1440.1 real, 813.7 MB
[runlim] sample:		1418.4 time, 1450.1 real, 813.7 MB
[runlim] sample:		1428.4 time, 1460.1 real, 815.5 MB
[runlim] sample:		1438.4 time, 1470.1 real, 817.3 MB
[runlim] sample:		1448.4 time, 1480.1 real, 817.3 MB
[runlim] sample:		1458.4 time, 1490.1 real, 825.1 MB
[runlim] sample:		1468.4 time, 1500.1 real, 825.1 MB
[runlim] sample:		1478.4 time, 1510.1 real, 825.1 MB
[runlim] sample:		1488.4 time, 1520.1 real, 827.5 MB
[runlim] sample:		1498.4 time, 1530.1 real, 827.5 MB
[runlim] sample:		1508.4 time, 1540.1 real, 828.8 MB
[runlim] sample:		1518.4 time, 1550.1 real, 836.7 MB
[runlim] sample:		1528.4 time, 1560.1 real, 836.7 MB
[runlim] sample:		1538.4 time, 1570.1 real, 837.5 MB
[runlim] sample:		1548.4 time, 1580.1 real, 837.5 MB
[runlim] sample:		1558.4 time, 1590.1 real, 837.5 MB
[runlim] sample:		1568.4 time, 1600.1 real, 840.8 MB
[runlim] sample:		1578.4 time, 1610.1 real, 840.8 MB
[runlim] sample:		1588.4 time, 1620.1 real, 840.8 MB
[runlim] sample:		1598.4 time, 1630.1 real, 846.5 MB
[runlim] sample:		1608.4 time, 1640.1 real, 846.5 MB
[runlim] sample:		1618.4 time, 1650.1 real, 846.5 MB
[runlim] sample:		1628.4 time, 1660.1 real, 851.7 MB
[runlim] sample:		1638.4 time, 1670.1 real, 851.7 MB
[runlim] sample:		1648.4 time, 1680.1 real, 851.7 MB
[runlim] sample:		1658.4 time, 1690.1 real, 857.3 MB
[runlim] sample:		1668.4 time, 1700.1 real, 857.3 MB
[runlim] sample:		1678.4 time, 1710.1 real, 857.3 MB
[runlim] sample:		1688.4 time, 1720.1 real, 862.5 MB
[runlim] sample:		1698.4 time, 1730.1 real, 862.5 MB
[runlim] sample:		1708.4 time, 1740.1 real, 862.5 MB
[runlim] sample:		1718.4 time, 1750.1 real, 867.3 MB
[runlim] sample:		1728.4 time, 1760.1 real, 867.3 MB
[runlim] sample:		1738.4 time, 1770.1 real, 867.3 MB
[runlim] sample:		1748.4 time, 1780.1 real, 873.0 MB
[runlim] sample:		1758.4 time, 1790.1 real, 873.0 MB
[runlim] sample:		1768.4 time, 1800.1 real, 873.0 MB
[runlim] sample:		1778.4 time, 1810.1 real, 886.0 MB
[runlim] sample:		1788.4 time, 1820.1 real, 886.0 MB
[runlim] sample:		1798.4 time, 1830.1 real, 886.0 MB
CVC4 interrupted by SIGTERM.
[runlim] end:			Sat Feb  9 15:05:01 2019
[runlim] status:		out of time
[runlim] result:		2
[runlim] children:		0
[runlim] real:			1831.82 seconds
[runlim] time:			1800.06 seconds
[runlim] space:			890.5 MB
[runlim] samples:		18317
