[runlim] version:		1.10fixed
[runlim] time limit:		1800 seconds
[runlim] real time limit:	311040000 seconds
[runlim] space limit:		4000 MB
[runlim] argv[0]:		./cvc4
[runlim] argv[1]:		/tmp/4vnHHglx.smt2
[runlim] start:			Sat Feb  9 01:18:15 2019
[runlim] main pid:		15967
/tmp/4vnHHglx.smt2:4.12: No set-logic command was given before this point.
/tmp/4vnHHglx.smt2:4.12: CVC4 will make all theories available.
/tmp/4vnHHglx.smt2:4.12: Consider setting a stricter logic for (likely) better performance.
/tmp/4vnHHglx.smt2:4.12: To suppress this warning in the future use (set-logic ALL).
[runlim] sample:		8.9 time, 10.6 real, 102.5 MB
[runlim] sample:		17.4 time, 20.6 real, 135.0 MB
[runlim] sample:		25.3 time, 30.6 real, 153.0 MB
[runlim] sample:		33.2 time, 40.6 real, 167.2 MB
[runlim] sample:		42.3 time, 50.6 real, 181.1 MB
[runlim] sample:		52.0 time, 60.6 real, 194.3 MB
[runlim] sample:		61.6 time, 70.6 real, 206.9 MB
[runlim] sample:		71.2 time, 80.6 real, 219.6 MB
[runlim] sample:		80.9 time, 90.6 real, 229.3 MB
[runlim] sample:		90.5 time, 100.6 real, 238.8 MB
[runlim] sample:		100.2 time, 110.6 real, 248.9 MB
[runlim] sample:		109.8 time, 120.6 real, 259.0 MB
[runlim] sample:		119.5 time, 130.6 real, 265.9 MB
[runlim] sample:		129.1 time, 140.6 real, 274.6 MB
[runlim] sample:		138.8 time, 150.6 real, 281.0 MB
[runlim] sample:		148.4 time, 160.6 real, 286.7 MB
[runlim] sample:		158.0 time, 170.6 real, 292.4 MB
[runlim] sample:		167.7 time, 180.6 real, 298.0 MB
[runlim] sample:		177.3 time, 190.6 real, 303.7 MB
[runlim] sample:		187.0 time, 200.6 real, 309.1 MB
[runlim] sample:		196.2 time, 210.6 real, 312.9 MB
[runlim] sample:		204.8 time, 220.6 real, 318.6 MB
[runlim] sample:		214.4 time, 230.6 real, 323.5 MB
[runlim] sample:		224.0 time, 240.6 real, 326.8 MB
[runlim] sample:		232.3 time, 250.6 real, 331.7 MB
[runlim] sample:		241.6 time, 260.6 real, 335.3 MB
[runlim] sample:		251.2 time, 270.6 real, 339.7 MB
[runlim] sample:		260.9 time, 280.6 real, 343.6 MB
[runlim] sample:		269.5 time, 290.6 real, 346.4 MB
[runlim] sample:		277.8 time, 300.6 real, 349.7 MB
[runlim] sample:		286.1 time, 310.6 real, 353.9 MB
[runlim] sample:		295.5 time, 320.6 real, 357.5 MB
[runlim] sample:		305.5 time, 330.6 real, 360.5 MB
[runlim] sample:		315.5 time, 340.6 real, 365.7 MB
[runlim] sample:		325.4 time, 350.6 real, 368.5 MB
[runlim] sample:		335.1 time, 360.6 real, 371.6 MB
[runlim] sample:		344.8 time, 370.6 real, 377.0 MB
[runlim] sample:		354.5 time, 380.6 real, 381.1 MB
[runlim] sample:		364.2 time, 390.6 real, 384.0 MB
[runlim] sample:		373.9 time, 400.6 real, 392.5 MB
[runlim] sample:		383.6 time, 410.6 real, 392.8 MB
[runlim] sample:		392.0 time, 420.6 real, 393.5 MB
[runlim] sample:		400.9 time, 430.6 real, 396.6 MB
[runlim] sample:		410.6 time, 440.6 real, 399.5 MB
[runlim] sample:		420.3 time, 450.6 real, 402.3 MB
[runlim] sample:		430.1 time, 460.6 real, 405.4 MB
[runlim] sample:		439.8 time, 470.6 real, 408.2 MB
[runlim] sample:		449.4 time, 480.6 real, 411.3 MB
[runlim] sample:		459.1 time, 490.6 real, 420.9 MB
[runlim] sample:		468.7 time, 500.6 real, 421.4 MB
[runlim] sample:		478.4 time, 510.6 real, 421.7 MB
[runlim] sample:		488.0 time, 520.6 real, 423.7 MB
[runlim] sample:		497.7 time, 530.6 real, 426.3 MB
[runlim] sample:		507.4 time, 540.6 real, 429.4 MB
[runlim] sample:		517.0 time, 550.6 real, 433.2 MB
[runlim] sample:		526.7 time, 560.6 real, 442.9 MB
[runlim] sample:		536.4 time, 570.6 real, 444.7 MB
[runlim] sample:		546.0 time, 580.6 real, 447.5 MB
[runlim] sample:		555.9 time, 590.6 real, 451.4 MB
[runlim] sample:		565.9 time, 600.6 real, 451.6 MB
[runlim] sample:		575.6 time, 610.6 real, 454.7 MB
[runlim] sample:		583.9 time, 620.6 real, 457.0 MB
[runlim] sample:		592.3 time, 630.6 real, 460.9 MB
[runlim] sample:		600.6 time, 640.6 real, 462.7 MB
[runlim] sample:		609.7 time, 650.6 real, 463.7 MB
[runlim] sample:		619.2 time, 660.6 real, 466.3 MB
[runlim] sample:		628.6 time, 670.6 real, 469.4 MB
[runlim] sample:		637.9 time, 680.6 real, 476.0 MB
[runlim] sample:		646.9 time, 690.6 real, 476.0 MB
[runlim] sample:		655.8 time, 700.6 real, 479.1 MB
[runlim] sample:		664.6 time, 710.6 real, 482.9 MB
[runlim] sample:		673.6 time, 720.6 real, 484.2 MB
[runlim] sample:		683.0 time, 730.6 real, 485.5 MB
[runlim] sample:		692.0 time, 740.6 real, 488.3 MB
[runlim] sample:		701.0 time, 750.6 real, 490.9 MB
[runlim] sample:		710.7 time, 760.6 real, 491.7 MB
[runlim] sample:		720.4 time, 770.6 real, 493.7 MB
[runlim] sample:		730.0 time, 780.6 real, 503.5 MB
[runlim] sample:		739.7 time, 790.6 real, 504.0 MB
[runlim] sample:		749.2 time, 800.6 real, 504.0 MB
[runlim] sample:		758.1 time, 810.6 real, 506.4 MB
[runlim] sample:		767.7 time, 820.6 real, 508.9 MB
[runlim] sample:		777.4 time, 830.6 real, 509.5 MB
[runlim] sample:		786.4 time, 840.6 real, 511.8 MB
[runlim] sample:		795.3 time, 850.6 real, 514.6 MB
[runlim] sample:		804.3 time, 860.6 real, 514.6 MB
[runlim] sample:		813.6 time, 870.6 real, 517.7 MB
[runlim] sample:		823.1 time, 880.6 real, 524.8 MB
[runlim] sample:		832.0 time, 890.6 real, 524.8 MB
[runlim] sample:		841.0 time, 900.6 real, 527.4 MB
[runlim] sample:		850.3 time, 910.6 real, 530.5 MB
[runlim] sample:		859.9 time, 920.6 real, 530.5 MB
[runlim] sample:		869.9 time, 930.6 real, 532.5 MB
[runlim] sample:		879.9 time, 940.6 real, 536.2 MB
[runlim] sample:		889.9 time, 950.6 real, 536.2 MB
[runlim] sample:		899.9 time, 960.6 real, 538.5 MB
[runlim] sample:		909.9 time, 970.6 real, 541.3 MB
[runlim] sample:		919.9 time, 980.6 real, 541.3 MB
[runlim] sample:		928.8 time, 990.6 real, 543.9 MB
[runlim] sample:		938.8 time, 1000.6 real, 546.7 MB
[runlim] sample:		948.8 time, 1010.6 real, 546.7 MB
[runlim] sample:		958.8 time, 1020.6 real, 550.0 MB
[runlim] sample:		968.8 time, 1030.6 real, 551.8 MB
[runlim] sample:		978.8 time, 1040.6 real, 552.6 MB
[runlim] sample:		988.8 time, 1050.6 real, 555.4 MB
[runlim] sample:		998.8 time, 1060.6 real, 556.2 MB
[runlim] sample:		1008.3 time, 1070.6 real, 558.3 MB
[runlim] sample:		1017.9 time, 1080.6 real, 561.4 MB
[runlim] sample:		1027.4 time, 1090.6 real, 561.4 MB
[runlim] sample:		1036.8 time, 1100.6 real, 564.2 MB
[runlim] sample:		1046.5 time, 1110.6 real, 564.5 MB
[runlim] sample:		1056.3 time, 1120.6 real, 567.0 MB
[runlim] sample:		1066.3 time, 1130.6 real, 570.1 MB
[runlim] sample:		1076.1 time, 1140.6 real, 570.1 MB
[runlim] sample:		1085.9 time, 1150.6 real, 574.0 MB
[runlim] sample:		1095.6 time, 1160.6 real, 574.8 MB
[runlim] sample:		1105.4 time, 1170.6 real, 576.6 MB
[runlim] sample:		1115.4 time, 1180.6 real, 579.4 MB
[runlim] sample:		1125.4 time, 1190.6 real, 579.4 MB
[runlim] sample:		1135.0 time, 1200.6 real, 582.2 MB
[runlim] sample:		1144.4 time, 1210.6 real, 582.2 MB
[runlim] sample:		1154.4 time, 1220.6 real, 585.0 MB
[runlim] sample:		1164.4 time, 1230.6 real, 585.6 MB
[runlim] sample:		1174.4 time, 1240.6 real, 587.6 MB
[runlim] sample:		1184.4 time, 1250.6 real, 589.7 MB
[runlim] sample:		1194.4 time, 1260.6 real, 590.4 MB
[runlim] sample:		1204.4 time, 1270.6 real, 593.3 MB
[runlim] sample:		1214.4 time, 1280.6 real, 593.3 MB
[runlim] sample:		1224.4 time, 1290.6 real, 596.1 MB
[runlim] sample:		1234.4 time, 1300.6 real, 596.1 MB
[runlim] sample:		1244.4 time, 1310.6 real, 598.9 MB
[runlim] sample:		1254.4 time, 1320.6 real, 598.9 MB
[runlim] sample:		1264.4 time, 1330.6 real, 602.0 MB
[runlim] sample:		1274.3 time, 1340.6 real, 602.5 MB
[runlim] sample:		1284.3 time, 1350.6 real, 604.6 MB
[runlim] sample:		1294.3 time, 1360.6 real, 605.9 MB
[runlim] sample:		1304.3 time, 1370.6 real, 607.7 MB
[runlim] sample:		1314.3 time, 1380.6 real, 609.5 MB
[runlim] sample:		1324.0 time, 1390.6 real, 610.5 MB
[runlim] sample:		1333.7 time, 1400.6 real, 611.3 MB
[runlim] sample:		1343.4 time, 1410.6 real, 613.1 MB
[runlim] sample:		1353.4 time, 1420.6 real, 613.9 MB
[runlim] sample:		1363.4 time, 1430.6 real, 616.0 MB
[runlim] sample:		1373.4 time, 1440.6 real, 616.7 MB
[runlim] sample:		1383.4 time, 1450.6 real, 619.1 MB
[runlim] sample:		1393.4 time, 1460.6 real, 619.8 MB
[runlim] sample:		1403.4 time, 1470.6 real, 624.5 MB
[runlim] sample:		1413.0 time, 1480.6 real, 625.0 MB
[runlim] sample:		1422.7 time, 1490.6 real, 626.8 MB
[runlim] sample:		1432.3 time, 1500.6 real, 626.8 MB
[runlim] sample:		1441.7 time, 1510.6 real, 629.4 MB
[runlim] sample:		1451.3 time, 1520.6 real, 629.4 MB
[runlim] sample:		1461.0 time, 1530.6 real, 632.2 MB
[runlim] sample:		1470.8 time, 1540.6 real, 632.2 MB
[runlim] sample:		1480.8 time, 1550.6 real, 634.8 MB
[runlim] sample:		1490.8 time, 1560.6 real, 634.8 MB
[runlim] sample:		1500.8 time, 1570.6 real, 639.4 MB
[runlim] sample:		1510.8 time, 1580.6 real, 639.4 MB
[runlim] sample:		1520.8 time, 1590.6 real, 639.6 MB
[runlim] sample:		1530.8 time, 1600.6 real, 640.4 MB
[runlim] sample:		1540.8 time, 1610.6 real, 640.7 MB
[runlim] sample:		1550.8 time, 1620.6 real, 643.5 MB
[runlim] sample:		1560.8 time, 1630.6 real, 643.5 MB
[runlim] sample:		1570.8 time, 1640.6 real, 646.3 MB
[runlim] sample:		1580.7 time, 1650.6 real, 646.3 MB
[runlim] sample:		1590.7 time, 1660.6 real, 648.9 MB
[runlim] sample:		1600.7 time, 1670.6 real, 648.9 MB
[runlim] sample:		1610.7 time, 1680.6 real, 651.0 MB
[runlim] sample:		1620.7 time, 1690.6 real, 651.7 MB
[runlim] sample:		1630.7 time, 1700.6 real, 652.5 MB
[runlim] sample:		1640.7 time, 1710.6 real, 654.6 MB
[runlim] sample:		1650.7 time, 1720.6 real, 654.6 MB
[runlim] sample:		1660.7 time, 1730.6 real, 657.4 MB
[runlim] sample:		1670.7 time, 1740.6 real, 657.4 MB
[runlim] sample:		1680.7 time, 1750.6 real, 660.2 MB
[runlim] sample:		1690.7 time, 1760.6 real, 660.2 MB
[runlim] sample:		1700.7 time, 1770.6 real, 661.2 MB
[runlim] sample:		1710.3 time, 1780.6 real, 663.0 MB
[runlim] sample:		1720.3 time, 1790.6 real, 663.0 MB
[runlim] sample:		1729.4 time, 1800.6 real, 665.9 MB
[runlim] sample:		1738.1 time, 1810.6 real, 665.9 MB
[runlim] sample:		1746.4 time, 1820.6 real, 665.9 MB
[runlim] sample:		1755.3 time, 1830.6 real, 668.7 MB
[runlim] sample:		1764.4 time, 1840.6 real, 668.7 MB
[runlim] sample:		1772.3 time, 1850.6 real, 669.5 MB
[runlim] sample:		1780.6 time, 1860.6 real, 671.5 MB
[runlim] sample:		1789.8 time, 1870.6 real, 671.5 MB
[runlim] sample:		1798.1 time, 1880.6 real, 672.6 MB
CVC4 interrupted by SIGTERM.
[runlim] end:			Sat Feb  9 01:49:37 2019
[runlim] status:		out of time
[runlim] result:		2
[runlim] children:		0
[runlim] real:			1882.81 seconds
[runlim] time:			1800.01 seconds
[runlim] space:			673.6 MB
[runlim] samples:		18822
