[runlim] version:		1.10fixed
[runlim] time limit:		1800 seconds
[runlim] real time limit:	311040000 seconds
[runlim] space limit:		4000 MB
[runlim] argv[0]:		./cvc4
[runlim] argv[1]:		/tmp/T7sIsa8k.smt2
[runlim] start:			Sat Feb  9 14:34:30 2019
[runlim] main pid:		11912
/tmp/T7sIsa8k.smt2:4.12: No set-logic command was given before this point.
/tmp/T7sIsa8k.smt2:4.12: CVC4 will make all theories available.
/tmp/T7sIsa8k.smt2:4.12: Consider setting a stricter logic for (likely) better performance.
/tmp/T7sIsa8k.smt2:4.12: To suppress this warning in the future use (set-logic ALL).
[runlim] sample:		9.9 time, 10.1 real, 130.6 MB
[runlim] sample:		19.6 time, 20.1 real, 173.9 MB
[runlim] sample:		28.9 time, 30.1 real, 204.6 MB
[runlim] sample:		38.2 time, 40.1 real, 230.5 MB
[runlim] sample:		47.3 time, 50.1 real, 253.0 MB
[runlim] sample:		56.4 time, 60.1 real, 271.8 MB
[runlim] sample:		64.5 time, 70.1 real, 285.9 MB
[runlim] sample:		74.5 time, 80.1 real, 302.2 MB
[runlim] sample:		84.5 time, 90.1 real, 315.1 MB
[runlim] sample:		94.0 time, 100.1 real, 329.3 MB
[runlim] sample:		103.8 time, 110.1 real, 342.6 MB
[runlim] sample:		113.5 time, 120.1 real, 351.8 MB
[runlim] sample:		123.0 time, 130.1 real, 361.1 MB
[runlim] sample:		132.3 time, 140.1 real, 370.4 MB
[runlim] sample:		141.8 time, 150.1 real, 380.2 MB
[runlim] sample:		151.8 time, 160.1 real, 393.1 MB
[runlim] sample:		161.8 time, 170.1 real, 402.3 MB
[runlim] sample:		171.8 time, 180.1 real, 418.0 MB
[runlim] sample:		180.1 time, 190.1 real, 418.8 MB
[runlim] sample:		188.3 time, 200.1 real, 422.7 MB
[runlim] sample:		197.1 time, 210.1 real, 431.4 MB
[runlim] sample:		206.2 time, 220.1 real, 440.6 MB
[runlim] sample:		216.0 time, 230.1 real, 451.4 MB
[runlim] sample:		226.0 time, 240.1 real, 460.2 MB
[runlim] sample:		235.4 time, 250.1 real, 470.0 MB
[runlim] sample:		243.4 time, 260.1 real, 474.6 MB
[runlim] sample:		251.7 time, 270.1 real, 481.1 MB
[runlim] sample:		259.8 time, 280.1 real, 486.7 MB
[runlim] sample:		268.9 time, 290.1 real, 492.1 MB
[runlim] sample:		278.9 time, 300.1 real, 497.3 MB
[runlim] sample:		288.2 time, 310.1 real, 512.7 MB
[runlim] sample:		298.1 time, 320.1 real, 515.6 MB
[runlim] sample:		307.9 time, 330.1 real, 519.9 MB
[runlim] sample:		316.6 time, 340.1 real, 524.8 MB
[runlim] sample:		325.4 time, 350.1 real, 531.8 MB
[runlim] sample:		334.7 time, 360.1 real, 538.2 MB
[runlim] sample:		344.3 time, 370.1 real, 543.6 MB
[runlim] sample:		353.8 time, 380.1 real, 547.7 MB
[runlim] sample:		362.9 time, 390.1 real, 553.4 MB
[runlim] sample:		371.3 time, 400.1 real, 557.5 MB
[runlim] sample:		379.9 time, 410.1 real, 562.4 MB
[runlim] sample:		389.6 time, 420.1 real, 566.8 MB
[runlim] sample:		398.6 time, 430.1 real, 571.0 MB
[runlim] sample:		408.3 time, 440.1 real, 576.4 MB
[runlim] sample:		417.1 time, 450.1 real, 580.8 MB
[runlim] sample:		426.8 time, 460.1 real, 585.2 MB
[runlim] sample:		435.0 time, 470.1 real, 589.5 MB
[runlim] sample:		443.8 time, 480.1 real, 593.9 MB
[runlim] sample:		453.4 time, 490.1 real, 598.3 MB
[runlim] sample:		461.8 time, 500.1 real, 600.6 MB
[runlim] sample:		471.6 time, 510.1 real, 603.9 MB
[runlim] sample:		481.6 time, 520.1 real, 608.1 MB
[runlim] sample:		491.6 time, 530.1 real, 612.2 MB
[runlim] sample:		501.6 time, 540.1 real, 615.8 MB
[runlim] sample:		510.6 time, 550.1 real, 620.2 MB
[runlim] sample:		520.6 time, 560.1 real, 625.1 MB
[runlim] sample:		530.6 time, 570.1 real, 629.4 MB
[runlim] sample:		540.6 time, 580.1 real, 633.8 MB
[runlim] sample:		549.7 time, 590.1 real, 639.0 MB
[runlim] sample:		558.9 time, 600.1 real, 643.6 MB
[runlim] sample:		567.4 time, 610.1 real, 650.8 MB
[runlim] sample:		576.4 time, 620.1 real, 660.9 MB
[runlim] sample:		585.9 time, 630.1 real, 661.4 MB
[runlim] sample:		594.6 time, 640.1 real, 661.6 MB
[runlim] sample:		602.9 time, 650.1 real, 661.9 MB
[runlim] sample:		612.1 time, 660.1 real, 664.0 MB
[runlim] sample:		620.2 time, 670.1 real, 665.2 MB
[runlim] sample:		629.5 time, 680.1 real, 668.3 MB
[runlim] sample:		639.1 time, 690.1 real, 672.7 MB
[runlim] sample:		648.2 time, 700.1 real, 676.1 MB
[runlim] sample:		657.9 time, 710.1 real, 677.3 MB
[runlim] sample:		666.5 time, 720.1 real, 681.2 MB
[runlim] sample:		675.1 time, 730.1 real, 685.6 MB
[runlim] sample:		684.8 time, 740.1 real, 686.9 MB
[runlim] sample:		694.7 time, 750.1 real, 690.0 MB
[runlim] sample:		704.1 time, 760.1 real, 694.1 MB
[runlim] sample:		714.1 time, 770.1 real, 698.5 MB
[runlim] sample:		722.2 time, 780.1 real, 699.2 MB
[runlim] sample:		732.0 time, 790.1 real, 703.6 MB
[runlim] sample:		742.0 time, 800.1 real, 707.0 MB
[runlim] sample:		752.0 time, 810.1 real, 708.0 MB
[runlim] sample:		762.0 time, 820.1 real, 712.4 MB
[runlim] sample:		772.0 time, 830.1 real, 716.7 MB
[runlim] sample:		782.0 time, 840.1 real, 718.0 MB
[runlim] sample:		792.0 time, 850.1 real, 721.1 MB
[runlim] sample:		802.0 time, 860.1 real, 725.5 MB
[runlim] sample:		812.0 time, 870.1 real, 727.0 MB
[runlim] sample:		822.0 time, 880.1 real, 729.9 MB
[runlim] sample:		832.0 time, 890.1 real, 734.5 MB
[runlim] sample:		840.7 time, 900.1 real, 736.1 MB
[runlim] sample:		850.1 time, 910.1 real, 738.9 MB
[runlim] sample:		859.7 time, 920.1 real, 744.6 MB
[runlim] sample:		867.9 time, 930.1 real, 744.6 MB
[runlim] sample:		876.4 time, 940.1 real, 748.9 MB
[runlim] sample:		886.0 time, 950.1 real, 748.9 MB
[runlim] sample:		896.0 time, 960.1 real, 753.6 MB
[runlim] sample:		906.0 time, 970.1 real, 758.5 MB
[runlim] sample:		916.0 time, 980.1 real, 759.0 MB
[runlim] sample:		925.3 time, 990.1 real, 764.1 MB
[runlim] sample:		934.5 time, 1000.1 real, 764.1 MB
[runlim] sample:		943.3 time, 1010.1 real, 769.3 MB
[runlim] sample:		952.9 time, 1020.1 real, 769.5 MB
[runlim] sample:		961.2 time, 1030.1 real, 773.4 MB
[runlim] sample:		969.7 time, 1040.1 real, 773.6 MB
[runlim] sample:		978.6 time, 1050.1 real, 778.8 MB
[runlim] sample:		987.2 time, 1060.1 real, 779.1 MB
[runlim] sample:		996.8 time, 1070.1 real, 783.4 MB
[runlim] sample:		1006.0 time, 1080.1 real, 785.0 MB
[runlim] sample:		1015.7 time, 1090.1 real, 787.8 MB
[runlim] sample:		1024.5 time, 1100.1 real, 792.7 MB
[runlim] sample:		1032.5 time, 1110.1 real, 793.2 MB
[runlim] sample:		1042.0 time, 1120.1 real, 800.9 MB
[runlim] sample:		1052.0 time, 1130.1 real, 800.9 MB
[runlim] sample:		1062.0 time, 1140.1 real, 802.2 MB
[runlim] sample:		1072.0 time, 1150.1 real, 802.2 MB
[runlim] sample:		1081.8 time, 1160.1 real, 818.4 MB
[runlim] sample:		1091.5 time, 1170.1 real, 818.4 MB
[runlim] sample:		1100.8 time, 1180.1 real, 818.9 MB
[runlim] sample:		1109.8 time, 1190.1 real, 819.2 MB
[runlim] sample:		1119.0 time, 1200.1 real, 819.6 MB
[runlim] sample:		1128.0 time, 1210.1 real, 819.8 MB
[runlim] sample:		1137.0 time, 1220.1 real, 820.3 MB
[runlim] sample:		1146.3 time, 1230.1 real, 820.6 MB
[runlim] sample:		1155.5 time, 1240.1 real, 824.2 MB
[runlim] sample:		1164.2 time, 1250.1 real, 824.2 MB
[runlim] sample:		1172.3 time, 1260.1 real, 829.6 MB
[runlim] sample:		1180.9 time, 1270.1 real, 829.6 MB
[runlim] sample:		1189.8 time, 1280.1 real, 833.7 MB
[runlim] sample:		1197.9 time, 1290.1 real, 833.7 MB
[runlim] sample:		1206.4 time, 1300.1 real, 836.3 MB
[runlim] sample:		1214.8 time, 1310.1 real, 838.1 MB
[runlim] sample:		1223.6 time, 1320.1 real, 840.6 MB
[runlim] sample:		1232.7 time, 1330.1 real, 844.5 MB
[runlim] sample:		1242.7 time, 1340.1 real, 845.0 MB
[runlim] sample:		1252.3 time, 1350.1 real, 849.9 MB
[runlim] sample:		1261.8 time, 1360.1 real, 849.9 MB
[runlim] sample:		1270.0 time, 1370.1 real, 854.3 MB
[runlim] sample:		1280.0 time, 1380.1 real, 854.3 MB
[runlim] sample:		1288.1 time, 1390.1 real, 857.6 MB
[runlim] sample:		1297.3 time, 1400.1 real, 858.9 MB
[runlim] sample:		1305.8 time, 1410.1 real, 865.6 MB
[runlim] sample:		1314.5 time, 1420.1 real, 866.4 MB
[runlim] sample:		1323.4 time, 1430.1 real, 866.4 MB
[runlim] sample:		1332.5 time, 1440.1 real, 869.5 MB
[runlim] sample:		1341.0 time, 1450.1 real, 869.5 MB
[runlim] sample:		1350.0 time, 1460.1 real, 880.9 MB
[runlim] sample:		1360.0 time, 1470.1 real, 882.2 MB
[runlim] sample:		1370.0 time, 1480.1 real, 892.2 MB
[runlim] sample:		1380.0 time, 1490.1 real, 892.5 MB
[runlim] sample:		1390.0 time, 1500.1 real, 892.7 MB
[runlim] sample:		1400.0 time, 1510.1 real, 894.8 MB
[runlim] sample:		1410.0 time, 1520.1 real, 895.1 MB
[runlim] sample:		1418.6 time, 1530.1 real, 898.9 MB
[runlim] sample:		1427.5 time, 1540.1 real, 898.9 MB
[runlim] sample:		1436.9 time, 1550.1 real, 905.9 MB
[runlim] sample:		1446.1 time, 1560.1 real, 905.9 MB
[runlim] sample:		1455.8 time, 1570.1 real, 906.6 MB
[runlim] sample:		1464.8 time, 1580.1 real, 910.0 MB
[runlim] sample:		1473.1 time, 1590.1 real, 910.0 MB
[runlim] sample:		1481.8 time, 1600.1 real, 915.7 MB
[runlim] sample:		1490.5 time, 1610.1 real, 915.7 MB
[runlim] sample:		1500.5 time, 1620.1 real, 917.7 MB
[runlim] sample:		1510.5 time, 1630.1 real, 919.8 MB
[runlim] sample:		1519.6 time, 1640.1 real, 920.3 MB
[runlim] sample:		1528.9 time, 1650.1 real, 924.1 MB
[runlim] sample:		1537.4 time, 1660.1 real, 924.1 MB
[runlim] sample:		1546.4 time, 1670.1 real, 927.8 MB
[runlim] sample:		1555.1 time, 1680.1 real, 928.8 MB
[runlim] sample:		1564.6 time, 1690.1 real, 929.6 MB
[runlim] sample:		1574.0 time, 1700.1 real, 932.9 MB
[runlim] sample:		1583.5 time, 1710.1 real, 932.9 MB
[runlim] sample:		1593.1 time, 1720.1 real, 944.8 MB
[runlim] sample:		1602.8 time, 1730.1 real, 945.6 MB
[runlim] sample:		1612.2 time, 1740.1 real, 946.6 MB
[runlim] sample:		1621.4 time, 1750.1 real, 949.7 MB
[runlim] sample:		1629.8 time, 1760.1 real, 949.7 MB
[runlim] sample:		1638.9 time, 1770.1 real, 954.6 MB
[runlim] sample:		1647.9 time, 1780.1 real, 954.9 MB
[runlim] sample:		1657.6 time, 1790.1 real, 955.9 MB
[runlim] sample:		1667.1 time, 1800.1 real, 959.2 MB
[runlim] sample:		1676.7 time, 1810.1 real, 959.2 MB
[runlim] sample:		1685.9 time, 1820.1 real, 967.0 MB
[runlim] sample:		1695.2 time, 1830.1 real, 967.0 MB
[runlim] sample:		1705.2 time, 1840.1 real, 967.2 MB
[runlim] sample:		1715.1 time, 1850.1 real, 968.8 MB
[runlim] sample:		1725.1 time, 1860.1 real, 968.8 MB
[runlim] sample:		1735.1 time, 1870.1 real, 972.6 MB
[runlim] sample:		1745.1 time, 1880.1 real, 972.6 MB
[runlim] sample:		1755.1 time, 1890.1 real, 973.9 MB
[runlim] sample:		1765.1 time, 1900.1 real, 977.2 MB
[runlim] sample:		1775.1 time, 1910.1 real, 977.2 MB
[runlim] sample:		1785.1 time, 1920.1 real, 981.6 MB
[runlim] sample:		1795.0 time, 1930.1 real, 981.6 MB
CVC4 interrupted by SIGTERM.
[runlim] end:			Sat Feb  9 15:06:45 2019
[runlim] status:		out of time
[runlim] result:		2
[runlim] children:		0
[runlim] real:			1935.39 seconds
[runlim] time:			1800.05 seconds
[runlim] space:			981.6 MB
[runlim] samples:		19352
