[runlim] version:		1.10fixed
[runlim] time limit:		1800 seconds
[runlim] real time limit:	311040000 seconds
[runlim] space limit:		4000 MB
[runlim] argv[0]:		./cvc4
[runlim] argv[1]:		/tmp/IoLNxOuD.smt2
[runlim] start:			Sat Feb  9 14:34:29 2019
[runlim] main pid:		23656
/tmp/IoLNxOuD.smt2:4.12: No set-logic command was given before this point.
/tmp/IoLNxOuD.smt2:4.12: CVC4 will make all theories available.
/tmp/IoLNxOuD.smt2:4.12: Consider setting a stricter logic for (likely) better performance.
/tmp/IoLNxOuD.smt2:4.12: To suppress this warning in the future use (set-logic ALL).
[runlim] sample:		10.0 time, 10.8 real, 98.0 MB
[runlim] sample:		19.7 time, 20.8 real, 125.3 MB
[runlim] sample:		29.1 time, 30.8 real, 141.3 MB
[runlim] sample:		38.4 time, 40.8 real, 154.8 MB
[runlim] sample:		47.5 time, 50.8 real, 165.8 MB
[runlim] sample:		56.5 time, 60.8 real, 174.4 MB
[runlim] sample:		66.3 time, 70.8 real, 184.0 MB
[runlim] sample:		76.0 time, 80.8 real, 191.9 MB
[runlim] sample:		86.0 time, 90.8 real, 200.7 MB
[runlim] sample:		96.0 time, 100.8 real, 207.7 MB
[runlim] sample:		106.0 time, 110.8 real, 214.4 MB
[runlim] sample:		116.0 time, 120.8 real, 224.9 MB
[runlim] sample:		125.2 time, 130.8 real, 229.6 MB
[runlim] sample:		134.2 time, 140.8 real, 236.1 MB
[runlim] sample:		143.3 time, 150.8 real, 243.4 MB
[runlim] sample:		152.2 time, 160.8 real, 248.1 MB
[runlim] sample:		161.1 time, 170.8 real, 252.2 MB
[runlim] sample:		170.6 time, 180.8 real, 256.1 MB
[runlim] sample:		180.3 time, 190.8 real, 262.8 MB
[runlim] sample:		190.0 time, 200.8 real, 266.9 MB
[runlim] sample:		200.0 time, 210.8 real, 270.2 MB
[runlim] sample:		209.9 time, 220.8 real, 275.1 MB
[runlim] sample:		219.9 time, 230.8 real, 279.5 MB
[runlim] sample:		229.9 time, 240.8 real, 283.9 MB
[runlim] sample:		239.6 time, 250.8 real, 286.2 MB
[runlim] sample:		249.0 time, 260.8 real, 290.6 MB
[runlim] sample:		258.3 time, 270.8 real, 292.6 MB
[runlim] sample:		267.6 time, 280.8 real, 297.3 MB
[runlim] sample:		276.3 time, 290.8 real, 299.8 MB
[runlim] sample:		285.0 time, 300.8 real, 301.6 MB
[runlim] sample:		294.1 time, 310.8 real, 305.2 MB
[runlim] sample:		303.2 time, 320.8 real, 308.9 MB
[runlim] sample:		311.9 time, 330.8 real, 310.9 MB
[runlim] sample:		320.6 time, 340.8 real, 313.0 MB
[runlim] sample:		330.1 time, 350.8 real, 315.3 MB
[runlim] sample:		340.1 time, 360.8 real, 327.1 MB
[runlim] sample:		350.1 time, 370.8 real, 327.4 MB
[runlim] sample:		360.1 time, 380.8 real, 327.6 MB
[runlim] sample:		369.6 time, 390.8 real, 327.9 MB
[runlim] sample:		378.9 time, 400.8 real, 329.7 MB
[runlim] sample:		387.7 time, 410.8 real, 331.7 MB
[runlim] sample:		396.5 time, 420.8 real, 334.1 MB
[runlim] sample:		405.2 time, 430.8 real, 336.1 MB
[runlim] sample:		413.9 time, 440.8 real, 338.2 MB
[runlim] sample:		423.1 time, 450.8 real, 340.2 MB
[runlim] sample:		432.4 time, 460.8 real, 342.3 MB
[runlim] sample:		441.8 time, 470.8 real, 344.6 MB
[runlim] sample:		451.2 time, 480.8 real, 346.9 MB
[runlim] sample:		460.5 time, 490.8 real, 349.0 MB
[runlim] sample:		469.9 time, 500.8 real, 351.0 MB
[runlim] sample:		479.2 time, 510.8 real, 353.4 MB
[runlim] sample:		489.0 time, 520.8 real, 355.4 MB
[runlim] sample:		498.9 time, 530.8 real, 357.5 MB
[runlim] sample:		508.9 time, 540.8 real, 359.8 MB
[runlim] sample:		518.4 time, 550.8 real, 361.9 MB
[runlim] sample:		528.4 time, 560.8 real, 364.4 MB
[runlim] sample:		538.4 time, 570.8 real, 366.7 MB
[runlim] sample:		547.8 time, 580.8 real, 368.8 MB
[runlim] sample:		557.5 time, 590.8 real, 371.4 MB
[runlim] sample:		567.5 time, 600.8 real, 373.4 MB
[runlim] sample:		577.5 time, 610.8 real, 375.0 MB
[runlim] sample:		587.5 time, 620.8 real, 376.0 MB
[runlim] sample:		597.5 time, 630.8 real, 377.8 MB
[runlim] sample:		607.5 time, 640.8 real, 379.9 MB
[runlim] sample:		617.5 time, 650.8 real, 382.4 MB
[runlim] sample:		627.2 time, 660.8 real, 384.8 MB
[runlim] sample:		636.3 time, 670.8 real, 387.1 MB
[runlim] sample:		645.5 time, 680.8 real, 387.1 MB
[runlim] sample:		654.3 time, 690.8 real, 389.9 MB
[runlim] sample:		663.1 time, 700.8 real, 392.2 MB
[runlim] sample:		672.1 time, 710.8 real, 393.8 MB
[runlim] sample:		680.8 time, 720.8 real, 395.3 MB
[runlim] sample:		690.5 time, 730.8 real, 397.4 MB
[runlim] sample:		700.5 time, 740.8 real, 400.0 MB
[runlim] sample:		710.5 time, 750.8 real, 400.7 MB
[runlim] sample:		719.9 time, 760.8 real, 402.3 MB
[runlim] sample:		729.6 time, 770.8 real, 404.3 MB
[runlim] sample:		739.6 time, 780.8 real, 406.9 MB
[runlim] sample:		749.6 time, 790.8 real, 407.4 MB
[runlim] sample:		759.5 time, 800.8 real, 409.0 MB
[runlim] sample:		768.6 time, 810.8 real, 411.0 MB
[runlim] sample:		777.7 time, 820.8 real, 413.4 MB
[runlim] sample:		786.7 time, 830.8 real, 413.4 MB
[runlim] sample:		795.5 time, 840.8 real, 415.9 MB
[runlim] sample:		804.3 time, 850.8 real, 417.2 MB
[runlim] sample:		814.3 time, 860.8 real, 418.0 MB
[runlim] sample:		823.7 time, 870.8 real, 420.0 MB
[runlim] sample:		833.1 time, 880.8 real, 422.1 MB
[runlim] sample:		842.5 time, 890.8 real, 422.1 MB
[runlim] sample:		851.8 time, 900.8 real, 426.0 MB
[runlim] sample:		861.2 time, 910.8 real, 434.5 MB
[runlim] sample:		871.1 time, 920.8 real, 434.5 MB
[runlim] sample:		881.1 time, 930.8 real, 434.8 MB
[runlim] sample:		891.1 time, 940.8 real, 436.1 MB
[runlim] sample:		901.1 time, 950.8 real, 436.1 MB
[runlim] sample:		911.1 time, 960.8 real, 437.4 MB
[runlim] sample:		921.1 time, 970.8 real, 438.6 MB
[runlim] sample:		931.1 time, 980.8 real, 438.9 MB
[runlim] sample:		941.1 time, 990.8 real, 441.2 MB
[runlim] sample:		951.1 time, 1000.8 real, 445.9 MB
[runlim] sample:		960.9 time, 1010.8 real, 446.4 MB
[runlim] sample:		970.3 time, 1020.8 real, 448.4 MB
[runlim] sample:		979.7 time, 1030.8 real, 448.4 MB
[runlim] sample:		989.1 time, 1040.8 real, 454.5 MB
[runlim] sample:		998.5 time, 1050.8 real, 454.8 MB
[runlim] sample:		1007.7 time, 1060.8 real, 456.9 MB
[runlim] sample:		1016.5 time, 1070.8 real, 458.4 MB
[runlim] sample:		1025.3 time, 1080.8 real, 458.9 MB
[runlim] sample:		1034.6 time, 1090.8 real, 465.9 MB
[runlim] sample:		1044.0 time, 1100.8 real, 465.9 MB
[runlim] sample:		1053.5 time, 1110.8 real, 466.4 MB
[runlim] sample:		1062.9 time, 1120.8 real, 466.4 MB
[runlim] sample:		1072.2 time, 1130.8 real, 472.8 MB
[runlim] sample:		1082.0 time, 1140.8 real, 472.8 MB
[runlim] sample:		1092.0 time, 1150.8 real, 473.8 MB
[runlim] sample:		1102.0 time, 1160.8 real, 476.4 MB
[runlim] sample:		1111.6 time, 1170.8 real, 478.0 MB
[runlim] sample:		1120.9 time, 1180.8 real, 479.5 MB
[runlim] sample:		1130.3 time, 1190.8 real, 479.5 MB
[runlim] sample:		1139.6 time, 1200.8 real, 481.1 MB
[runlim] sample:		1148.7 time, 1210.8 real, 481.1 MB
[runlim] sample:		1158.0 time, 1220.8 real, 482.9 MB
[runlim] sample:		1168.0 time, 1230.8 real, 482.9 MB
[runlim] sample:		1178.0 time, 1240.8 real, 484.4 MB
[runlim] sample:		1188.0 time, 1250.8 real, 485.2 MB
[runlim] sample:		1197.1 time, 1260.8 real, 486.7 MB
[runlim] sample:		1206.4 time, 1270.8 real, 488.3 MB
[runlim] sample:		1215.6 time, 1280.8 real, 488.8 MB
[runlim] sample:		1224.7 time, 1290.8 real, 490.6 MB
[runlim] sample:		1233.8 time, 1300.8 real, 491.4 MB
[runlim] sample:		1242.8 time, 1310.8 real, 492.1 MB
[runlim] sample:		1252.1 time, 1320.8 real, 493.4 MB
[runlim] sample:		1261.1 time, 1330.8 real, 493.7 MB
[runlim] sample:		1269.8 time, 1340.8 real, 495.5 MB
[runlim] sample:		1279.0 time, 1350.8 real, 496.0 MB
[runlim] sample:		1288.1 time, 1360.8 real, 497.8 MB
[runlim] sample:		1296.9 time, 1370.8 real, 497.8 MB
[runlim] sample:		1306.3 time, 1380.8 real, 499.9 MB
[runlim] sample:		1315.7 time, 1390.8 real, 499.9 MB
[runlim] sample:		1325.7 time, 1400.8 real, 502.2 MB
[runlim] sample:		1335.2 time, 1410.8 real, 502.2 MB
[runlim] sample:		1344.5 time, 1420.8 real, 504.2 MB
[runlim] sample:		1353.9 time, 1430.8 real, 504.2 MB
[runlim] sample:		1363.3 time, 1440.8 real, 506.3 MB
[runlim] sample:		1372.5 time, 1450.8 real, 506.3 MB
[runlim] sample:		1381.9 time, 1460.8 real, 508.6 MB
[runlim] sample:		1391.0 time, 1470.8 real, 508.6 MB
[runlim] sample:		1400.4 time, 1480.8 real, 510.7 MB
[runlim] sample:		1409.5 time, 1490.8 real, 510.7 MB
[runlim] sample:		1418.8 time, 1500.8 real, 519.4 MB
[runlim] sample:		1427.6 time, 1510.8 real, 519.4 MB
[runlim] sample:		1437.5 time, 1520.8 real, 519.4 MB
[runlim] sample:		1447.5 time, 1530.8 real, 519.7 MB
[runlim] sample:		1457.5 time, 1540.8 real, 519.7 MB
[runlim] sample:		1467.1 time, 1550.8 real, 521.5 MB
[runlim] sample:		1477.1 time, 1560.8 real, 521.5 MB
[runlim] sample:		1487.1 time, 1570.8 real, 523.3 MB
[runlim] sample:		1496.9 time, 1580.8 real, 523.3 MB
[runlim] sample:		1506.9 time, 1590.8 real, 525.1 MB
[runlim] sample:		1516.9 time, 1600.8 real, 525.1 MB
[runlim] sample:		1526.9 time, 1610.8 real, 527.7 MB
[runlim] sample:		1536.7 time, 1620.8 real, 527.7 MB
[runlim] sample:		1546.1 time, 1630.8 real, 530.5 MB
[runlim] sample:		1555.4 time, 1640.8 real, 530.5 MB
[runlim] sample:		1564.4 time, 1650.8 real, 531.0 MB
[runlim] sample:		1573.2 time, 1660.8 real, 532.8 MB
[runlim] sample:		1582.4 time, 1670.8 real, 532.8 MB
[runlim] sample:		1591.5 time, 1680.8 real, 535.1 MB
[runlim] sample:		1600.7 time, 1690.8 real, 535.1 MB
[runlim] sample:		1610.0 time, 1700.8 real, 535.6 MB
[runlim] sample:		1619.2 time, 1710.8 real, 539.5 MB
[runlim] sample:		1628.6 time, 1720.8 real, 539.5 MB
[runlim] sample:		1637.8 time, 1730.8 real, 541.0 MB
[runlim] sample:		1646.7 time, 1740.8 real, 541.0 MB
[runlim] sample:		1655.4 time, 1750.8 real, 543.6 MB
[runlim] sample:		1664.1 time, 1760.8 real, 543.6 MB
[runlim] sample:		1673.1 time, 1770.8 real, 543.6 MB
[runlim] sample:		1681.9 time, 1780.8 real, 545.4 MB
[runlim] sample:		1691.0 time, 1790.8 real, 545.4 MB
[runlim] sample:		1700.3 time, 1800.8 real, 548.0 MB
[runlim] sample:		1710.2 time, 1810.8 real, 548.0 MB
[runlim] sample:		1720.2 time, 1820.8 real, 548.5 MB
[runlim] sample:		1729.9 time, 1830.8 real, 550.0 MB
[runlim] sample:		1739.9 time, 1840.8 real, 550.0 MB
[runlim] sample:		1749.9 time, 1850.8 real, 552.4 MB
[runlim] sample:		1759.9 time, 1860.8 real, 552.4 MB
[runlim] sample:		1769.9 time, 1870.8 real, 554.7 MB
[runlim] sample:		1779.9 time, 1880.8 real, 554.7 MB
[runlim] sample:		1789.9 time, 1890.8 real, 554.9 MB
[runlim] sample:		1799.9 time, 1900.8 real, 556.7 MB
CVC4 interrupted by SIGTERM.
[runlim] end:			Sat Feb  9 15:06:09 2019
[runlim] status:		out of time
[runlim] result:		2
[runlim] children:		0
[runlim] real:			1900.95 seconds
[runlim] time:			1800.02 seconds
[runlim] space:			556.7 MB
[runlim] samples:		19001
