[runlim] version:		1.10fixed
[runlim] time limit:		1800 seconds
[runlim] real time limit:	311040000 seconds
[runlim] space limit:		4000 MB
[runlim] argv[0]:		./cvc4
[runlim] argv[1]:		/tmp/o28i1rLk.smt2
[runlim] start:			Sat Feb  9 01:13:27 2019
[runlim] main pid:		21371
/tmp/o28i1rLk.smt2:4.12: No set-logic command was given before this point.
/tmp/o28i1rLk.smt2:4.12: CVC4 will make all theories available.
/tmp/o28i1rLk.smt2:4.12: Consider setting a stricter logic for (likely) better performance.
/tmp/o28i1rLk.smt2:4.12: To suppress this warning in the future use (set-logic ALL).
[runlim] sample:		8.6 time, 10.6 real, 78.9 MB
[runlim] sample:		17.6 time, 20.6 real, 105.3 MB
[runlim] sample:		26.4 time, 30.6 real, 125.7 MB
[runlim] sample:		35.0 time, 40.6 real, 139.4 MB
[runlim] sample:		44.0 time, 50.6 real, 154.0 MB
[runlim] sample:		53.0 time, 60.6 real, 166.0 MB
[runlim] sample:		61.8 time, 70.6 real, 178.4 MB
[runlim] sample:		71.2 time, 80.6 real, 192.7 MB
[runlim] sample:		80.8 time, 90.6 real, 204.0 MB
[runlim] sample:		90.0 time, 100.6 real, 210.1 MB
[runlim] sample:		98.8 time, 110.6 real, 220.1 MB
[runlim] sample:		107.5 time, 120.6 real, 225.3 MB
[runlim] sample:		116.2 time, 130.6 real, 230.7 MB
[runlim] sample:		125.7 time, 140.6 real, 241.5 MB
[runlim] sample:		135.4 time, 150.6 real, 246.4 MB
[runlim] sample:		145.1 time, 160.6 real, 251.5 MB
[runlim] sample:		154.6 time, 170.6 real, 256.7 MB
[runlim] sample:		164.4 time, 180.6 real, 271.5 MB
[runlim] sample:		173.9 time, 190.6 real, 276.9 MB
[runlim] sample:		183.4 time, 200.6 real, 281.8 MB
[runlim] sample:		192.4 time, 210.6 real, 286.9 MB
[runlim] sample:		201.8 time, 220.6 real, 290.0 MB
[runlim] sample:		210.9 time, 230.6 real, 293.1 MB
[runlim] sample:		220.2 time, 240.6 real, 298.0 MB
[runlim] sample:		228.8 time, 250.6 real, 311.8 MB
[runlim] sample:		238.2 time, 260.6 real, 318.0 MB
[runlim] sample:		247.4 time, 270.6 real, 322.1 MB
[runlim] sample:		256.3 time, 280.6 real, 325.5 MB
[runlim] sample:		266.0 time, 290.6 real, 328.0 MB
[runlim] sample:		275.1 time, 300.6 real, 332.7 MB
[runlim] sample:		284.6 time, 310.6 real, 338.3 MB
[runlim] sample:		294.1 time, 320.6 real, 343.5 MB
[runlim] sample:		304.1 time, 330.6 real, 344.0 MB
[runlim] sample:		314.0 time, 340.6 real, 350.2 MB
[runlim] sample:		324.0 time, 350.6 real, 357.1 MB
[runlim] sample:		334.0 time, 360.6 real, 364.1 MB
[runlim] sample:		344.0 time, 370.6 real, 365.6 MB
[runlim] sample:		354.0 time, 380.6 real, 371.8 MB
[runlim] sample:		364.0 time, 390.6 real, 381.3 MB
[runlim] sample:		374.0 time, 400.6 real, 385.7 MB
[runlim] sample:		384.0 time, 410.6 real, 386.2 MB
[runlim] sample:		394.0 time, 420.6 real, 393.5 MB
[runlim] sample:		404.0 time, 430.6 real, 399.2 MB
[runlim] sample:		414.0 time, 440.6 real, 399.7 MB
[runlim] sample:		424.0 time, 450.6 real, 405.8 MB
[runlim] sample:		434.0 time, 460.6 real, 411.3 MB
[runlim] sample:		444.0 time, 470.6 real, 412.0 MB
[runlim] sample:		454.0 time, 480.6 real, 418.2 MB
[runlim] sample:		464.0 time, 490.6 real, 418.2 MB
[runlim] sample:		474.0 time, 500.6 real, 424.1 MB
[runlim] sample:		484.0 time, 510.6 real, 430.3 MB
[runlim] sample:		494.0 time, 520.6 real, 432.6 MB
[runlim] sample:		504.0 time, 530.6 real, 441.9 MB
[runlim] sample:		514.0 time, 540.6 real, 442.2 MB
[runlim] sample:		524.0 time, 550.6 real, 446.0 MB
[runlim] sample:		534.0 time, 560.6 real, 446.0 MB
[runlim] sample:		544.0 time, 570.6 real, 451.9 MB
[runlim] sample:		554.0 time, 580.6 real, 452.5 MB
[runlim] sample:		564.0 time, 590.6 real, 458.1 MB
[runlim] sample:		574.0 time, 600.6 real, 458.1 MB
[runlim] sample:		584.0 time, 610.6 real, 464.3 MB
[runlim] sample:		594.0 time, 620.6 real, 476.8 MB
[runlim] sample:		604.0 time, 630.6 real, 478.6 MB
[runlim] sample:		614.0 time, 640.6 real, 483.5 MB
[runlim] sample:		624.0 time, 650.6 real, 484.8 MB
[runlim] sample:		634.0 time, 660.6 real, 489.2 MB
[runlim] sample:		644.0 time, 670.6 real, 490.7 MB
[runlim] sample:		654.0 time, 680.6 real, 495.1 MB
[runlim] sample:		664.0 time, 690.6 real, 496.4 MB
[runlim] sample:		674.0 time, 700.6 real, 500.0 MB
[runlim] sample:		684.0 time, 710.6 real, 502.5 MB
[runlim] sample:		694.0 time, 720.6 real, 502.5 MB
[runlim] sample:		704.0 time, 730.6 real, 508.5 MB
[runlim] sample:		714.0 time, 740.6 real, 508.7 MB
[runlim] sample:		724.0 time, 750.6 real, 513.9 MB
[runlim] sample:		734.0 time, 760.6 real, 514.1 MB
[runlim] sample:		744.0 time, 770.6 real, 520.0 MB
[runlim] sample:		754.0 time, 780.6 real, 520.6 MB
[runlim] sample:		764.0 time, 790.6 real, 524.4 MB
[runlim] sample:		774.0 time, 800.6 real, 525.7 MB
[runlim] sample:		784.0 time, 810.6 real, 526.5 MB
[runlim] sample:		794.0 time, 820.6 real, 528.8 MB
[runlim] sample:		804.0 time, 830.6 real, 529.6 MB
[runlim] sample:		814.0 time, 840.6 real, 552.2 MB
[runlim] sample:		824.0 time, 850.6 real, 553.3 MB
[runlim] sample:		834.0 time, 860.6 real, 556.1 MB
[runlim] sample:		844.0 time, 870.6 real, 557.4 MB
[runlim] sample:		854.0 time, 880.6 real, 557.4 MB
[runlim] sample:		864.0 time, 890.6 real, 562.0 MB
[runlim] sample:		873.9 time, 900.6 real, 562.8 MB
[runlim] sample:		883.9 time, 910.6 real, 565.4 MB
[runlim] sample:		893.9 time, 920.6 real, 566.1 MB
[runlim] sample:		903.9 time, 930.6 real, 569.7 MB
[runlim] sample:		913.9 time, 940.6 real, 570.7 MB
[runlim] sample:		923.9 time, 950.6 real, 570.7 MB
[runlim] sample:		933.9 time, 960.6 real, 574.1 MB
[runlim] sample:		943.9 time, 970.6 real, 574.6 MB
[runlim] sample:		953.9 time, 980.6 real, 578.0 MB
[runlim] sample:		963.9 time, 990.6 real, 579.2 MB
[runlim] sample:		973.5 time, 1000.6 real, 579.5 MB
[runlim] sample:		983.5 time, 1010.6 real, 582.1 MB
[runlim] sample:		993.5 time, 1020.6 real, 583.9 MB
[runlim] sample:		1002.0 time, 1030.6 real, 584.1 MB
[runlim] sample:		1011.5 time, 1040.6 real, 587.7 MB
[runlim] sample:		1019.7 time, 1050.6 real, 588.0 MB
[runlim] sample:		1029.3 time, 1060.6 real, 588.3 MB
[runlim] sample:		1038.7 time, 1070.6 real, 591.9 MB
[runlim] sample:		1048.0 time, 1080.6 real, 592.4 MB
[runlim] sample:		1057.2 time, 1090.6 real, 595.0 MB
[runlim] sample:		1065.2 time, 1100.6 real, 595.7 MB
[runlim] sample:		1074.2 time, 1110.6 real, 596.0 MB
[runlim] sample:		1084.2 time, 1120.6 real, 596.2 MB
[runlim] sample:		1092.2 time, 1130.6 real, 598.8 MB
[runlim] sample:		1101.4 time, 1140.6 real, 599.6 MB
[runlim] sample:		1110.1 time, 1150.6 real, 600.1 MB
[runlim] sample:		1118.4 time, 1160.6 real, 602.4 MB
[runlim] sample:		1126.6 time, 1170.6 real, 603.5 MB
[runlim] sample:		1135.3 time, 1180.6 real, 603.5 MB
[runlim] sample:		1144.0 time, 1190.6 real, 606.3 MB
[runlim] sample:		1152.4 time, 1200.6 real, 607.8 MB
[runlim] sample:		1161.3 time, 1210.6 real, 607.8 MB
[runlim] sample:		1170.3 time, 1220.6 real, 608.3 MB
[runlim] sample:		1180.0 time, 1230.6 real, 610.4 MB
[runlim] sample:		1188.0 time, 1240.6 real, 611.2 MB
[runlim] sample:		1196.1 time, 1250.6 real, 611.2 MB
[runlim] sample:		1205.6 time, 1260.6 real, 613.8 MB
[runlim] sample:		1214.6 time, 1270.6 real, 615.0 MB
[runlim] sample:		1223.2 time, 1280.6 real, 615.0 MB
[runlim] sample:		1230.1 time, 1290.6 real, 615.0 MB
[runlim] sample:		1239.8 time, 1300.6 real, 617.4 MB
[runlim] sample:		1249.4 time, 1310.6 real, 624.3 MB
[runlim] sample:		1257.7 time, 1320.6 real, 624.3 MB
[runlim] sample:		1266.8 time, 1330.6 real, 624.3 MB
[runlim] sample:		1275.0 time, 1340.6 real, 628.7 MB
[runlim] sample:		1283.6 time, 1350.6 real, 630.0 MB
[runlim] sample:		1292.6 time, 1360.6 real, 630.0 MB
[runlim] sample:		1302.1 time, 1370.6 real, 630.0 MB
[runlim] sample:		1311.0 time, 1380.6 real, 636.4 MB
[runlim] sample:		1321.0 time, 1390.6 real, 636.4 MB
[runlim] sample:		1331.0 time, 1400.6 real, 636.4 MB
[runlim] sample:		1341.0 time, 1410.6 real, 642.6 MB
[runlim] sample:		1350.4 time, 1420.6 real, 643.4 MB
[runlim] sample:		1359.1 time, 1430.6 real, 643.4 MB
[runlim] sample:		1368.0 time, 1440.6 real, 643.6 MB
[runlim] sample:		1377.5 time, 1450.6 real, 649.0 MB
[runlim] sample:		1386.2 time, 1460.6 real, 649.5 MB
[runlim] sample:		1394.9 time, 1470.6 real, 649.8 MB
[runlim] sample:		1403.6 time, 1480.6 real, 649.8 MB
[runlim] sample:		1412.8 time, 1490.6 real, 656.0 MB
[runlim] sample:		1422.1 time, 1500.6 real, 656.2 MB
[runlim] sample:		1431.5 time, 1510.6 real, 656.2 MB
[runlim] sample:		1440.8 time, 1520.6 real, 660.4 MB
[runlim] sample:		1450.2 time, 1530.6 real, 661.6 MB
[runlim] sample:		1459.5 time, 1540.6 real, 661.6 MB
[runlim] sample:		1468.8 time, 1550.6 real, 662.1 MB
[runlim] sample:		1478.2 time, 1560.6 real, 662.7 MB
[runlim] sample:		1487.5 time, 1570.6 real, 663.9 MB
[runlim] sample:		1496.6 time, 1580.6 real, 663.9 MB
[runlim] sample:		1505.4 time, 1590.6 real, 664.5 MB
[runlim] sample:		1515.4 time, 1600.6 real, 668.3 MB
[runlim] sample:		1524.4 time, 1610.6 real, 672.7 MB
[runlim] sample:		1533.8 time, 1620.6 real, 673.2 MB
[runlim] sample:		1542.9 time, 1630.6 real, 673.2 MB
[runlim] sample:		1552.5 time, 1640.6 real, 674.8 MB
[runlim] sample:		1562.2 time, 1650.6 real, 682.2 MB
[runlim] sample:		1571.8 time, 1660.6 real, 682.2 MB
[runlim] sample:		1581.5 time, 1670.6 real, 682.2 MB
[runlim] sample:		1590.8 time, 1680.6 real, 682.2 MB
[runlim] sample:		1599.8 time, 1690.6 real, 682.7 MB
[runlim] sample:		1609.2 time, 1700.6 real, 682.7 MB
[runlim] sample:		1618.5 time, 1710.6 real, 682.7 MB
[runlim] sample:		1627.5 time, 1720.6 real, 682.7 MB
[runlim] sample:		1636.4 time, 1730.6 real, 683.5 MB
[runlim] sample:		1646.1 time, 1740.6 real, 683.8 MB
[runlim] sample:		1654.8 time, 1750.6 real, 683.8 MB
[runlim] sample:		1664.2 time, 1760.6 real, 686.3 MB
[runlim] sample:		1673.9 time, 1770.6 real, 688.1 MB
[runlim] sample:		1682.9 time, 1780.6 real, 688.1 MB
[runlim] sample:		1691.6 time, 1790.6 real, 688.1 MB
[runlim] sample:		1700.8 time, 1800.6 real, 688.4 MB
[runlim] sample:		1710.5 time, 1810.6 real, 699.7 MB
[runlim] sample:		1719.6 time, 1820.6 real, 700.2 MB
[runlim] sample:		1728.8 time, 1830.6 real, 700.2 MB
[runlim] sample:		1737.9 time, 1840.6 real, 700.2 MB
[runlim] sample:		1747.9 time, 1850.6 real, 700.2 MB
[runlim] sample:		1757.7 time, 1860.6 real, 704.3 MB
[runlim] sample:		1766.4 time, 1870.6 real, 704.3 MB
[runlim] sample:		1775.7 time, 1880.6 real, 704.9 MB
[runlim] sample:		1785.4 time, 1890.6 real, 704.9 MB
[runlim] sample:		1795.0 time, 1900.6 real, 711.8 MB
CVC4 interrupted by SIGTERM.
[runlim] end:			Sat Feb  9 01:45:13 2019
[runlim] status:		out of time
[runlim] result:		2
[runlim] children:		0
[runlim] real:			1906.16 seconds
[runlim] time:			1800.08 seconds
[runlim] space:			712.1 MB
[runlim] samples:		19055
