[runlim] version:		1.10fixed
[runlim] time limit:		1800 seconds
[runlim] real time limit:	311040000 seconds
[runlim] space limit:		4000 MB
[runlim] argv[0]:		./cvc4
[runlim] argv[1]:		/tmp/nnUABTks.smt2
[runlim] start:			Sat Feb  9 01:19:02 2019
[runlim] main pid:		28113
/tmp/nnUABTks.smt2:4.12: No set-logic command was given before this point.
/tmp/nnUABTks.smt2:4.12: CVC4 will make all theories available.
/tmp/nnUABTks.smt2:4.12: Consider setting a stricter logic for (likely) better performance.
/tmp/nnUABTks.smt2:4.12: To suppress this warning in the future use (set-logic ALL).
[runlim] sample:		8.3 time, 10.7 real, 78.0 MB
[runlim] sample:		17.3 time, 20.7 real, 98.9 MB
[runlim] sample:		26.1 time, 30.7 real, 111.4 MB
[runlim] sample:		35.5 time, 40.7 real, 124.9 MB
[runlim] sample:		44.4 time, 50.7 real, 134.6 MB
[runlim] sample:		54.3 time, 60.7 real, 144.7 MB
[runlim] sample:		64.2 time, 70.7 real, 152.1 MB
[runlim] sample:		74.2 time, 80.7 real, 159.6 MB
[runlim] sample:		83.8 time, 90.7 real, 164.5 MB
[runlim] sample:		93.1 time, 100.7 real, 169.6 MB
[runlim] sample:		103.1 time, 110.7 real, 174.5 MB
[runlim] sample:		112.4 time, 120.7 real, 182.6 MB
[runlim] sample:		122.4 time, 130.7 real, 184.1 MB
[runlim] sample:		132.4 time, 140.7 real, 188.5 MB
[runlim] sample:		141.6 time, 150.7 real, 193.4 MB
[runlim] sample:		151.6 time, 160.7 real, 198.0 MB
[runlim] sample:		161.6 time, 170.7 real, 201.9 MB
[runlim] sample:		171.6 time, 180.7 real, 205.5 MB
[runlim] sample:		181.6 time, 190.7 real, 209.9 MB
[runlim] sample:		191.6 time, 200.7 real, 214.8 MB
[runlim] sample:		201.6 time, 210.7 real, 218.1 MB
[runlim] sample:		211.6 time, 220.7 real, 221.7 MB
[runlim] sample:		221.6 time, 230.7 real, 228.2 MB
[runlim] sample:		231.6 time, 240.7 real, 229.5 MB
[runlim] sample:		240.7 time, 250.7 real, 232.3 MB
[runlim] sample:		249.8 time, 260.7 real, 238.3 MB
[runlim] sample:		259.1 time, 270.7 real, 241.1 MB
[runlim] sample:		267.3 time, 280.7 real, 243.4 MB
[runlim] sample:		276.3 time, 290.7 real, 245.5 MB
[runlim] sample:		285.7 time, 300.7 real, 250.1 MB
[runlim] sample:		294.5 time, 310.7 real, 251.7 MB
[runlim] sample:		303.8 time, 320.7 real, 254.3 MB
[runlim] sample:		312.2 time, 330.7 real, 256.8 MB
[runlim] sample:		320.6 time, 340.7 real, 257.9 MB
[runlim] sample:		329.6 time, 350.7 real, 261.0 MB
[runlim] sample:		339.6 time, 360.7 real, 266.1 MB
[runlim] sample:		349.6 time, 370.7 real, 267.9 MB
[runlim] sample:		359.3 time, 380.7 real, 271.0 MB
[runlim] sample:		368.9 time, 390.7 real, 273.3 MB
[runlim] sample:		378.6 time, 400.7 real, 274.9 MB
[runlim] sample:		388.3 time, 410.7 real, 278.2 MB
[runlim] sample:		397.9 time, 420.7 real, 281.3 MB
[runlim] sample:		407.6 time, 430.7 real, 282.3 MB
[runlim] sample:		417.3 time, 440.7 real, 284.9 MB
[runlim] sample:		426.9 time, 450.7 real, 286.2 MB
[runlim] sample:		436.7 time, 460.7 real, 288.7 MB
[runlim] sample:		445.6 time, 470.7 real, 290.0 MB
[runlim] sample:		454.6 time, 480.7 real, 292.3 MB
[runlim] sample:		464.3 time, 490.7 real, 293.9 MB
[runlim] sample:		473.9 time, 500.7 real, 295.7 MB
[runlim] sample:		483.9 time, 510.7 real, 297.7 MB
[runlim] sample:		493.9 time, 520.7 real, 299.5 MB
[runlim] sample:		503.9 time, 530.7 real, 301.6 MB
[runlim] sample:		513.9 time, 540.7 real, 303.1 MB
[runlim] sample:		523.9 time, 550.7 real, 305.7 MB
[runlim] sample:		533.9 time, 560.7 real, 307.5 MB
[runlim] sample:		543.9 time, 570.7 real, 310.1 MB
[runlim] sample:		553.9 time, 580.7 real, 311.9 MB
[runlim] sample:		563.9 time, 590.7 real, 312.7 MB
[runlim] sample:		573.9 time, 600.7 real, 315.2 MB
[runlim] sample:		583.9 time, 610.7 real, 316.5 MB
[runlim] sample:		593.9 time, 620.7 real, 317.8 MB
[runlim] sample:		603.9 time, 630.7 real, 319.6 MB
[runlim] sample:		613.9 time, 640.7 real, 321.6 MB
[runlim] sample:		623.9 time, 650.7 real, 322.9 MB
[runlim] sample:		633.7 time, 660.7 real, 324.2 MB
[runlim] sample:		643.7 time, 670.7 real, 326.5 MB
[runlim] sample:		653.7 time, 680.7 real, 328.6 MB
[runlim] sample:		663.7 time, 690.7 real, 330.1 MB
[runlim] sample:		673.7 time, 700.7 real, 331.2 MB
[runlim] sample:		683.7 time, 710.7 real, 332.4 MB
[runlim] sample:		693.7 time, 720.7 real, 333.7 MB
[runlim] sample:		703.7 time, 730.7 real, 335.0 MB
[runlim] sample:		713.7 time, 740.7 real, 336.3 MB
[runlim] sample:		723.7 time, 750.7 real, 338.4 MB
[runlim] sample:		733.7 time, 760.7 real, 339.9 MB
[runlim] sample:		743.6 time, 770.7 real, 341.4 MB
[runlim] sample:		753.6 time, 780.7 real, 342.7 MB
[runlim] sample:		763.6 time, 790.7 real, 344.0 MB
[runlim] sample:		773.6 time, 800.7 real, 345.0 MB
[runlim] sample:		783.6 time, 810.7 real, 346.3 MB
[runlim] sample:		793.6 time, 820.7 real, 353.6 MB
[runlim] sample:		802.4 time, 830.7 real, 353.9 MB
[runlim] sample:		811.8 time, 840.7 real, 353.9 MB
[runlim] sample:		821.8 time, 850.7 real, 354.1 MB
[runlim] sample:		831.8 time, 860.7 real, 354.4 MB
[runlim] sample:		841.8 time, 870.7 real, 354.6 MB
[runlim] sample:		851.8 time, 880.7 real, 355.1 MB
[runlim] sample:		861.8 time, 890.7 real, 356.2 MB
[runlim] sample:		871.8 time, 900.7 real, 357.2 MB
[runlim] sample:		881.7 time, 910.7 real, 358.5 MB
[runlim] sample:		890.9 time, 920.7 real, 359.8 MB
[runlim] sample:		900.9 time, 930.7 real, 361.0 MB
[runlim] sample:		910.7 time, 940.7 real, 362.3 MB
[runlim] sample:		918.6 time, 950.7 real, 362.3 MB
[runlim] sample:		927.4 time, 960.7 real, 363.6 MB
[runlim] sample:		937.3 time, 970.7 real, 364.9 MB
[runlim] sample:		947.3 time, 980.7 real, 368.5 MB
[runlim] sample:		957.3 time, 990.7 real, 369.0 MB
[runlim] sample:		967.2 time, 1000.7 real, 370.0 MB
[runlim] sample:		977.0 time, 1010.7 real, 371.3 MB
[runlim] sample:		987.0 time, 1020.7 real, 372.9 MB
[runlim] sample:		996.7 time, 1030.7 real, 373.9 MB
[runlim] sample:		1006.7 time, 1040.7 real, 375.2 MB
[runlim] sample:		1016.7 time, 1050.7 real, 376.2 MB
[runlim] sample:		1024.9 time, 1060.7 real, 376.5 MB
[runlim] sample:		1034.9 time, 1070.7 real, 377.7 MB
[runlim] sample:		1044.6 time, 1080.7 real, 379.0 MB
[runlim] sample:		1053.2 time, 1090.7 real, 383.4 MB
[runlim] sample:		1063.2 time, 1100.7 real, 383.7 MB
[runlim] sample:		1070.8 time, 1110.7 real, 383.7 MB
[runlim] sample:		1078.9 time, 1120.7 real, 383.8 MB
[runlim] sample:		1088.8 time, 1130.7 real, 384.3 MB
[runlim] sample:		1098.8 time, 1140.7 real, 385.3 MB
[runlim] sample:		1108.8 time, 1150.7 real, 387.4 MB
[runlim] sample:		1118.8 time, 1160.7 real, 387.4 MB
[runlim] sample:		1128.8 time, 1170.7 real, 388.4 MB
[runlim] sample:		1138.8 time, 1180.7 real, 390.0 MB
[runlim] sample:		1148.8 time, 1190.7 real, 391.3 MB
[runlim] sample:		1158.8 time, 1200.7 real, 392.8 MB
[runlim] sample:		1167.8 time, 1210.7 real, 394.3 MB
[runlim] sample:		1177.3 time, 1220.7 real, 394.3 MB
[runlim] sample:		1187.3 time, 1230.7 real, 395.6 MB
[runlim] sample:		1197.3 time, 1240.7 real, 396.9 MB
[runlim] sample:		1206.7 time, 1250.7 real, 398.2 MB
[runlim] sample:		1216.7 time, 1260.7 real, 398.7 MB
[runlim] sample:		1225.0 time, 1270.7 real, 400.2 MB
[runlim] sample:		1235.0 time, 1280.7 real, 400.7 MB
[runlim] sample:		1245.0 time, 1290.7 real, 402.0 MB
[runlim] sample:		1255.0 time, 1300.7 real, 402.0 MB
[runlim] sample:		1264.1 time, 1310.7 real, 403.6 MB
[runlim] sample:		1274.0 time, 1320.7 real, 405.6 MB
[runlim] sample:		1284.0 time, 1330.7 real, 406.1 MB
[runlim] sample:		1293.7 time, 1340.7 real, 406.7 MB
[runlim] sample:		1303.3 time, 1350.7 real, 407.9 MB
[runlim] sample:		1312.4 time, 1360.7 real, 410.0 MB
[runlim] sample:		1321.5 time, 1370.7 real, 410.0 MB
[runlim] sample:		1329.7 time, 1380.7 real, 411.0 MB
[runlim] sample:		1337.5 time, 1390.7 real, 411.5 MB
[runlim] sample:		1346.9 time, 1400.7 real, 412.3 MB
[runlim] sample:		1354.8 time, 1410.7 real, 413.3 MB
[runlim] sample:		1363.3 time, 1420.7 real, 413.3 MB
[runlim] sample:		1373.0 time, 1430.7 real, 414.6 MB
[runlim] sample:		1380.9 time, 1440.7 real, 419.3 MB
[runlim] sample:		1390.3 time, 1450.7 real, 419.3 MB
[runlim] sample:		1399.4 time, 1460.7 real, 419.5 MB
[runlim] sample:		1408.8 time, 1470.7 real, 420.0 MB
[runlim] sample:		1417.6 time, 1480.7 real, 420.0 MB
[runlim] sample:		1427.6 time, 1490.7 real, 421.0 MB
[runlim] sample:		1436.7 time, 1500.7 real, 421.6 MB
[runlim] sample:		1445.4 time, 1510.7 real, 422.3 MB
[runlim] sample:		1455.2 time, 1520.7 real, 423.4 MB
[runlim] sample:		1463.3 time, 1530.7 real, 423.4 MB
[runlim] sample:		1471.7 time, 1540.7 real, 424.9 MB
[runlim] sample:		1479.9 time, 1550.7 real, 424.9 MB
[runlim] sample:		1488.1 time, 1560.7 real, 425.9 MB
[runlim] sample:		1497.0 time, 1570.7 real, 427.2 MB
[runlim] sample:		1505.2 time, 1580.7 real, 427.2 MB
[runlim] sample:		1514.6 time, 1590.7 real, 428.8 MB
[runlim] sample:		1524.6 time, 1600.7 real, 430.3 MB
[runlim] sample:		1534.6 time, 1610.7 real, 430.6 MB
[runlim] sample:		1544.6 time, 1620.7 real, 431.6 MB
[runlim] sample:		1554.6 time, 1630.7 real, 433.1 MB
[runlim] sample:		1564.6 time, 1640.7 real, 433.1 MB
[runlim] sample:		1574.6 time, 1650.7 real, 434.2 MB
[runlim] sample:		1584.6 time, 1660.7 real, 435.4 MB
[runlim] sample:		1594.6 time, 1670.7 real, 435.4 MB
[runlim] sample:		1604.6 time, 1680.7 real, 436.7 MB
[runlim] sample:		1614.6 time, 1690.7 real, 437.5 MB
[runlim] sample:		1624.6 time, 1700.7 real, 438.0 MB
[runlim] sample:		1634.6 time, 1710.7 real, 446.1 MB
[runlim] sample:		1644.6 time, 1720.7 real, 446.3 MB
[runlim] sample:		1654.6 time, 1730.7 real, 446.3 MB
[runlim] sample:		1664.6 time, 1740.7 real, 446.6 MB
[runlim] sample:		1674.6 time, 1750.7 real, 446.6 MB
[runlim] sample:		1684.6 time, 1760.7 real, 446.8 MB
[runlim] sample:		1694.6 time, 1770.7 real, 447.6 MB
[runlim] sample:		1704.6 time, 1780.7 real, 447.6 MB
[runlim] sample:		1714.6 time, 1790.7 real, 448.1 MB
[runlim] sample:		1724.6 time, 1800.7 real, 449.4 MB
[runlim] sample:		1734.6 time, 1810.7 real, 449.4 MB
[runlim] sample:		1744.6 time, 1820.7 real, 450.2 MB
[runlim] sample:		1754.6 time, 1830.7 real, 450.2 MB
[runlim] sample:		1764.6 time, 1840.7 real, 452.2 MB
[runlim] sample:		1774.6 time, 1850.7 real, 455.1 MB
[runlim] sample:		1784.6 time, 1860.7 real, 455.1 MB
[runlim] sample:		1794.6 time, 1870.7 real, 457.4 MB
CVC4 interrupted by SIGTERM.
[runlim] end:			Sat Feb  9 01:50:18 2019
[runlim] status:		out of time
[runlim] result:		2
[runlim] children:		0
[runlim] real:			1876.24 seconds
[runlim] time:			1800.06 seconds
[runlim] space:			457.4 MB
[runlim] samples:		18755
