[runlim] version:		1.10fixed
[runlim] time limit:		1800 seconds
[runlim] real time limit:	311040000 seconds
[runlim] space limit:		4000 MB
[runlim] argv[0]:		./cvc4
[runlim] argv[1]:		/tmp/Tjxtt69O.smt2
[runlim] start:			Sat Feb  9 14:34:29 2019
[runlim] main pid:		18191
/tmp/Tjxtt69O.smt2:4.12: No set-logic command was given before this point.
/tmp/Tjxtt69O.smt2:4.12: CVC4 will make all theories available.
/tmp/Tjxtt69O.smt2:4.12: Consider setting a stricter logic for (likely) better performance.
/tmp/Tjxtt69O.smt2:4.12: To suppress this warning in the future use (set-logic ALL).
[runlim] sample:		10.0 time, 10.8 real, 126.4 MB
[runlim] sample:		19.0 time, 20.8 real, 165.5 MB
[runlim] sample:		28.8 time, 30.8 real, 195.4 MB
[runlim] sample:		38.5 time, 40.8 real, 219.3 MB
[runlim] sample:		46.8 time, 50.8 real, 241.6 MB
[runlim] sample:		56.2 time, 60.8 real, 261.7 MB
[runlim] sample:		66.2 time, 70.8 real, 278.4 MB
[runlim] sample:		76.2 time, 80.8 real, 294.0 MB
[runlim] sample:		85.4 time, 90.8 real, 303.3 MB
[runlim] sample:		95.0 time, 100.8 real, 316.2 MB
[runlim] sample:		103.6 time, 110.8 real, 326.3 MB
[runlim] sample:		113.6 time, 120.8 real, 335.0 MB
[runlim] sample:		123.3 time, 130.8 real, 344.6 MB
[runlim] sample:		133.3 time, 140.8 real, 353.0 MB
[runlim] sample:		142.5 time, 150.8 real, 360.8 MB
[runlim] sample:		150.9 time, 160.8 real, 370.6 MB
[runlim] sample:		160.9 time, 170.8 real, 378.3 MB
[runlim] sample:		170.9 time, 180.8 real, 385.5 MB
[runlim] sample:		180.9 time, 190.8 real, 393.2 MB
[runlim] sample:		189.8 time, 200.8 real, 400.4 MB
[runlim] sample:		198.8 time, 210.8 real, 407.9 MB
[runlim] sample:		207.6 time, 220.8 real, 412.6 MB
[runlim] sample:		217.0 time, 230.8 real, 427.1 MB
[runlim] sample:		225.4 time, 240.8 real, 427.9 MB
[runlim] sample:		233.8 time, 250.8 real, 432.2 MB
[runlim] sample:		243.8 time, 260.8 real, 438.2 MB
[runlim] sample:		253.8 time, 270.8 real, 451.6 MB
[runlim] sample:		262.3 time, 280.8 real, 456.2 MB
[runlim] sample:		271.0 time, 290.8 real, 462.9 MB
[runlim] sample:		280.5 time, 300.8 real, 471.3 MB
[runlim] sample:		289.8 time, 310.8 real, 475.9 MB
[runlim] sample:		299.0 time, 320.8 real, 480.8 MB
[runlim] sample:		308.7 time, 330.8 real, 487.8 MB
[runlim] sample:		318.5 time, 340.8 real, 494.0 MB
[runlim] sample:		328.5 time, 350.8 real, 498.3 MB
[runlim] sample:		337.3 time, 360.8 real, 502.7 MB
[runlim] sample:		347.1 time, 370.8 real, 511.7 MB
[runlim] sample:		357.0 time, 380.8 real, 515.9 MB
[runlim] sample:		367.0 time, 390.8 real, 520.5 MB
[runlim] sample:		377.0 time, 400.8 real, 524.6 MB
[runlim] sample:		385.8 time, 410.8 real, 529.2 MB
[runlim] sample:		395.1 time, 420.8 real, 534.7 MB
[runlim] sample:		404.9 time, 430.8 real, 540.3 MB
[runlim] sample:		414.7 time, 440.8 real, 543.9 MB
[runlim] sample:		423.5 time, 450.8 real, 547.0 MB
[runlim] sample:		433.5 time, 460.8 real, 549.8 MB
[runlim] sample:		443.5 time, 470.8 real, 556.8 MB
[runlim] sample:		453.5 time, 480.8 real, 559.3 MB
[runlim] sample:		463.5 time, 490.8 real, 564.0 MB
[runlim] sample:		473.1 time, 500.8 real, 567.3 MB
[runlim] sample:		483.1 time, 510.8 real, 571.7 MB
[runlim] sample:		493.1 time, 520.8 real, 576.1 MB
[runlim] sample:		503.1 time, 530.8 real, 581.0 MB
[runlim] sample:		513.1 time, 540.8 real, 581.7 MB
[runlim] sample:		523.1 time, 550.8 real, 585.3 MB
[runlim] sample:		533.1 time, 560.8 real, 590.0 MB
[runlim] sample:		543.1 time, 570.8 real, 594.1 MB
[runlim] sample:		553.1 time, 580.8 real, 601.1 MB
[runlim] sample:		562.6 time, 590.8 real, 602.9 MB
[runlim] sample:		572.6 time, 600.8 real, 604.7 MB
[runlim] sample:		582.1 time, 610.8 real, 608.0 MB
[runlim] sample:		592.1 time, 620.8 real, 612.4 MB
[runlim] sample:		602.1 time, 630.8 real, 614.0 MB
[runlim] sample:		611.6 time, 640.8 real, 616.8 MB
[runlim] sample:		620.0 time, 650.8 real, 621.2 MB
[runlim] sample:		629.6 time, 660.8 real, 623.0 MB
[runlim] sample:		639.6 time, 670.8 real, 626.3 MB
[runlim] sample:		649.6 time, 680.8 real, 632.8 MB
[runlim] sample:		659.6 time, 690.8 real, 635.6 MB
[runlim] sample:		669.6 time, 700.8 real, 636.9 MB
[runlim] sample:		679.6 time, 710.8 real, 641.2 MB
[runlim] sample:		689.0 time, 720.8 real, 646.4 MB
[runlim] sample:		698.7 time, 730.8 real, 646.4 MB
[runlim] sample:		708.4 time, 740.8 real, 650.3 MB
[runlim] sample:		718.1 time, 750.8 real, 653.1 MB
[runlim] sample:		727.8 time, 760.8 real, 654.6 MB
[runlim] sample:		737.3 time, 770.8 real, 659.0 MB
[runlim] sample:		746.8 time, 780.8 real, 659.8 MB
[runlim] sample:		756.5 time, 790.8 real, 663.4 MB
[runlim] sample:		766.2 time, 800.8 real, 667.8 MB
[runlim] sample:		775.9 time, 810.8 real, 667.8 MB
[runlim] sample:		785.4 time, 820.8 real, 672.1 MB
[runlim] sample:		794.8 time, 830.8 real, 673.4 MB
[runlim] sample:		804.1 time, 840.8 real, 676.8 MB
[runlim] sample:		813.5 time, 850.8 real, 679.9 MB
[runlim] sample:		822.9 time, 860.8 real, 681.2 MB
[runlim] sample:		832.1 time, 870.8 real, 685.5 MB
[runlim] sample:		841.8 time, 880.8 real, 685.5 MB
[runlim] sample:		851.8 time, 890.8 real, 689.9 MB
[runlim] sample:		861.8 time, 900.8 real, 692.5 MB
[runlim] sample:		871.8 time, 910.8 real, 694.3 MB
[runlim] sample:		881.4 time, 920.8 real, 698.7 MB
[runlim] sample:		891.4 time, 930.8 real, 698.7 MB
[runlim] sample:		900.3 time, 940.8 real, 703.0 MB
[runlim] sample:		910.3 time, 950.8 real, 703.0 MB
[runlim] sample:		920.3 time, 960.8 real, 707.7 MB
[runlim] sample:		930.3 time, 970.8 real, 708.2 MB
[runlim] sample:		940.3 time, 980.8 real, 712.1 MB
[runlim] sample:		949.8 time, 990.8 real, 713.3 MB
[runlim] sample:		958.6 time, 1000.8 real, 720.6 MB
[runlim] sample:		967.2 time, 1010.8 real, 720.8 MB
[runlim] sample:		977.2 time, 1020.8 real, 721.8 MB
[runlim] sample:		987.2 time, 1030.8 real, 723.6 MB
[runlim] sample:		997.2 time, 1040.8 real, 726.2 MB
[runlim] sample:		1007.2 time, 1050.8 real, 729.3 MB
[runlim] sample:		1017.2 time, 1060.8 real, 730.3 MB
[runlim] sample:		1026.5 time, 1070.8 real, 733.9 MB
[runlim] sample:		1036.5 time, 1080.8 real, 735.0 MB
[runlim] sample:		1046.2 time, 1090.8 real, 739.3 MB
[runlim] sample:		1055.5 time, 1100.8 real, 739.3 MB
[runlim] sample:		1065.1 time, 1110.8 real, 742.7 MB
[runlim] sample:		1075.1 time, 1120.8 real, 743.5 MB
[runlim] sample:		1085.1 time, 1130.8 real, 749.6 MB
[runlim] sample:		1095.1 time, 1140.8 real, 749.9 MB
[runlim] sample:		1105.1 time, 1150.8 real, 754.0 MB
[runlim] sample:		1115.1 time, 1160.8 real, 754.5 MB
[runlim] sample:		1123.7 time, 1170.8 real, 758.1 MB
[runlim] sample:		1133.3 time, 1180.8 real, 759.2 MB
[runlim] sample:		1143.1 time, 1190.8 real, 760.5 MB
[runlim] sample:		1153.1 time, 1200.8 real, 763.8 MB
[runlim] sample:		1161.8 time, 1210.8 real, 764.1 MB
[runlim] sample:		1170.8 time, 1220.8 real, 768.2 MB
[runlim] sample:		1180.8 time, 1230.8 real, 768.2 MB
[runlim] sample:		1190.8 time, 1240.8 real, 772.8 MB
[runlim] sample:		1200.8 time, 1250.8 real, 772.8 MB
[runlim] sample:		1209.2 time, 1260.8 real, 776.2 MB
[runlim] sample:		1217.2 time, 1270.8 real, 777.2 MB
[runlim] sample:		1225.3 time, 1280.8 real, 777.2 MB
[runlim] sample:		1234.9 time, 1290.8 real, 783.1 MB
[runlim] sample:		1244.4 time, 1300.8 real, 783.1 MB
[runlim] sample:		1253.6 time, 1310.8 real, 786.4 MB
[runlim] sample:		1263.6 time, 1320.8 real, 787.5 MB
[runlim] sample:		1272.6 time, 1330.8 real, 789.0 MB
[runlim] sample:		1282.6 time, 1340.8 real, 792.4 MB
[runlim] sample:		1292.6 time, 1350.8 real, 792.9 MB
[runlim] sample:		1302.6 time, 1360.8 real, 797.0 MB
[runlim] sample:		1312.6 time, 1370.8 real, 797.0 MB
[runlim] sample:		1322.1 time, 1380.8 real, 802.2 MB
[runlim] sample:		1331.2 time, 1390.8 real, 802.2 MB
[runlim] sample:		1340.7 time, 1400.8 real, 804.0 MB
[runlim] sample:		1348.8 time, 1410.8 real, 806.8 MB
[runlim] sample:		1356.8 time, 1420.8 real, 806.8 MB
[runlim] sample:		1365.2 time, 1430.8 real, 825.3 MB
[runlim] sample:		1375.1 time, 1440.8 real, 825.3 MB
[runlim] sample:		1384.8 time, 1450.8 real, 828.2 MB
[runlim] sample:		1393.3 time, 1460.8 real, 828.4 MB
[runlim] sample:		1401.3 time, 1470.8 real, 828.4 MB
[runlim] sample:		1410.2 time, 1480.8 real, 828.9 MB
[runlim] sample:		1418.9 time, 1490.8 real, 829.2 MB
[runlim] sample:		1427.7 time, 1500.8 real, 829.2 MB
[runlim] sample:		1436.9 time, 1510.8 real, 833.8 MB
[runlim] sample:		1445.4 time, 1520.8 real, 833.8 MB
[runlim] sample:		1455.0 time, 1530.8 real, 833.8 MB
[runlim] sample:		1463.9 time, 1540.8 real, 834.3 MB
[runlim] sample:		1473.9 time, 1550.8 real, 834.3 MB
[runlim] sample:		1483.9 time, 1560.8 real, 834.8 MB
[runlim] sample:		1493.8 time, 1570.8 real, 836.4 MB
[runlim] sample:		1502.5 time, 1580.8 real, 836.4 MB
[runlim] sample:		1511.8 time, 1590.8 real, 840.5 MB
[runlim] sample:		1521.5 time, 1600.8 real, 840.5 MB
[runlim] sample:		1530.8 time, 1610.8 real, 840.5 MB
[runlim] sample:		1539.2 time, 1620.8 real, 847.4 MB
[runlim] sample:		1547.7 time, 1630.8 real, 847.4 MB
[runlim] sample:		1556.6 time, 1640.8 real, 847.4 MB
[runlim] sample:		1565.3 time, 1650.8 real, 851.5 MB
[runlim] sample:		1575.0 time, 1660.8 real, 851.5 MB
[runlim] sample:		1584.2 time, 1670.8 real, 852.8 MB
[runlim] sample:		1593.9 time, 1680.8 real, 856.7 MB
[runlim] sample:		1603.9 time, 1690.8 real, 856.7 MB
[runlim] sample:		1613.7 time, 1700.8 real, 860.3 MB
[runlim] sample:		1623.4 time, 1710.8 real, 861.1 MB
[runlim] sample:		1633.0 time, 1720.8 real, 861.1 MB
[runlim] sample:		1642.7 time, 1730.8 real, 865.4 MB
[runlim] sample:		1652.4 time, 1740.8 real, 865.4 MB
[runlim] sample:		1662.0 time, 1750.8 real, 866.7 MB
[runlim] sample:		1671.7 time, 1760.8 real, 870.6 MB
[runlim] sample:		1681.3 time, 1770.8 real, 870.6 MB
[runlim] sample:		1691.0 time, 1780.8 real, 872.1 MB
[runlim] sample:		1700.7 time, 1790.8 real, 874.7 MB
[runlim] sample:		1710.3 time, 1800.8 real, 874.7 MB
[runlim] sample:		1720.0 time, 1810.8 real, 886.6 MB
[runlim] sample:		1729.7 time, 1820.8 real, 887.6 MB
[runlim] sample:		1739.5 time, 1830.8 real, 887.6 MB
[runlim] sample:		1749.5 time, 1840.8 real, 896.7 MB
[runlim] sample:		1759.5 time, 1850.8 real, 896.7 MB
[runlim] sample:		1769.5 time, 1860.8 real, 896.7 MB
[runlim] sample:		1779.5 time, 1870.8 real, 903.6 MB
[runlim] sample:		1789.5 time, 1880.8 real, 903.6 MB
[runlim] sample:		1799.5 time, 1890.8 real, 904.1 MB
CVC4 interrupted by SIGTERM.
[runlim] end:			Sat Feb  9 15:06:00 2019
[runlim] status:		out of time
[runlim] result:		2
[runlim] children:		0
[runlim] real:			1891.35 seconds
[runlim] time:			1800.02 seconds
[runlim] space:			904.1 MB
[runlim] samples:		18905
