[runlim] version:		1.10fixed
[runlim] time limit:		300 seconds
[runlim] real time limit:	311040000 seconds
[runlim] space limit:		4000 MB
[runlim] argv[0]:		./cvc4
[runlim] argv[1]:		/tmp/vPVLHrVs.smt2
[runlim] start:			Tue Feb  5 13:01:14 2019
[runlim] main pid:		22554
/tmp/vPVLHrVs.smt2:4.12: No set-logic command was given before this point.
/tmp/vPVLHrVs.smt2:4.12: CVC4 will make all theories available.
/tmp/vPVLHrVs.smt2:4.12: Consider setting a stricter logic for (likely) better performance.
/tmp/vPVLHrVs.smt2:4.12: To suppress this warning in the future use (set-logic ALL).
[runlim] sample:		10.0 time, 10.9 real, 98.7 MB
[runlim] sample:		20.0 time, 20.9 real, 122.4 MB
[runlim] sample:		30.0 time, 30.9 real, 143.8 MB
[runlim] sample:		40.0 time, 40.9 real, 156.9 MB
[runlim] sample:		50.0 time, 50.9 real, 167.7 MB
[runlim] sample:		60.0 time, 60.9 real, 176.7 MB
[runlim] sample:		70.0 time, 70.9 real, 186.0 MB
[runlim] sample:		80.0 time, 80.9 real, 195.0 MB
[runlim] sample:		90.0 time, 90.9 real, 201.9 MB
[runlim] sample:		100.0 time, 100.9 real, 211.3 MB
[runlim] sample:		110.0 time, 110.9 real, 217.7 MB
[runlim] sample:		120.0 time, 120.9 real, 224.0 MB
[runlim] sample:		130.0 time, 130.9 real, 229.7 MB
[runlim] sample:		140.0 time, 140.9 real, 237.2 MB
[runlim] sample:		150.0 time, 150.9 real, 242.9 MB
[runlim] sample:		160.0 time, 160.9 real, 247.3 MB
[runlim] sample:		170.0 time, 170.9 real, 254.1 MB
[runlim] sample:		180.0 time, 180.9 real, 258.8 MB
[runlim] sample:		190.0 time, 190.9 real, 263.1 MB
[runlim] sample:		200.0 time, 200.9 real, 269.8 MB
[runlim] sample:		210.0 time, 210.9 real, 274.2 MB
[runlim] sample:		220.0 time, 220.9 real, 279.1 MB
[runlim] sample:		230.0 time, 230.9 real, 282.2 MB
[runlim] sample:		240.0 time, 240.9 real, 285.8 MB
[runlim] sample:		250.0 time, 250.9 real, 290.3 MB
[runlim] sample:		260.0 time, 260.9 real, 292.4 MB
[runlim] sample:		270.0 time, 270.9 real, 296.8 MB
[runlim] sample:		280.0 time, 280.9 real, 298.8 MB
[runlim] sample:		290.0 time, 290.9 real, 303.5 MB
[runlim] sample:		300.0 time, 300.9 real, 306.0 MB
CVC4 interrupted by SIGTERM.
[runlim] end:			Tue Feb  5 13:06:15 2019
[runlim] status:		out of time
[runlim] result:		2
[runlim] children:		0
[runlim] real:			301.03 seconds
[runlim] time:			300.06 seconds
[runlim] space:			306.0 MB
[runlim] samples:		3001
