[runlim] version:		1.10fixed
[runlim] time limit:		300 seconds
[runlim] real time limit:	311040000 seconds
[runlim] space limit:		4000 MB
[runlim] argv[0]:		./cvc4
[runlim] argv[1]:		/tmp/un5poAFz.smt2
[runlim] start:			Tue Jan 29 16:34:52 2019
[runlim] main pid:		29816
[runlim] sample:		9.7 time, 10.5 real, 90.6 MB
[runlim] sample:		19.1 time, 20.5 real, 116.5 MB
[runlim] sample:		28.2 time, 30.5 real, 135.5 MB
[runlim] sample:		37.5 time, 40.5 real, 149.6 MB
[runlim] sample:		46.9 time, 50.5 real, 160.4 MB
[runlim] sample:		56.9 time, 60.5 real, 170.9 MB
[runlim] sample:		66.9 time, 70.5 real, 180.6 MB
[runlim] sample:		76.9 time, 80.5 real, 189.1 MB
[runlim] sample:		86.9 time, 90.5 real, 198.2 MB
[runlim] sample:		96.9 time, 100.5 real, 206.5 MB
[runlim] sample:		106.9 time, 110.5 real, 216.6 MB
[runlim] sample:		116.9 time, 120.5 real, 222.8 MB
[runlim] sample:		126.9 time, 130.5 real, 231.3 MB
[runlim] sample:		136.9 time, 140.5 real, 236.2 MB
[runlim] sample:		146.9 time, 150.5 real, 241.6 MB
[runlim] sample:		156.9 time, 160.5 real, 247.2 MB
[runlim] sample:		166.9 time, 170.5 real, 254.8 MB
[runlim] sample:		176.9 time, 180.5 real, 261.2 MB
[runlim] sample:		186.9 time, 190.5 real, 267.1 MB
[runlim] sample:		196.9 time, 200.5 real, 272.5 MB
[runlim] sample:		206.9 time, 210.5 real, 278.1 MB
[runlim] sample:		216.8 time, 220.5 real, 281.9 MB
[runlim] sample:		226.8 time, 230.5 real, 286.3 MB
[runlim] sample:		236.8 time, 240.5 real, 292.5 MB
[runlim] sample:		246.8 time, 250.5 real, 295.8 MB
[runlim] sample:		256.8 time, 260.5 real, 299.4 MB
[runlim] sample:		266.8 time, 270.5 real, 304.1 MB
[runlim] sample:		276.8 time, 280.5 real, 306.4 MB
[runlim] sample:		286.8 time, 290.5 real, 310.4 MB
[runlim] sample:		296.8 time, 300.5 real, 314.9 MB
CVC4 interrupted by SIGTERM.
[runlim] end:			Tue Jan 29 16:39:55 2019
[runlim] status:		out of time
[runlim] result:		2
[runlim] children:		0
[runlim] real:			303.75 seconds
[runlim] time:			300.03 seconds
[runlim] space:			314.9 MB
[runlim] samples:		3032
