[runlim] version:		1.10fixed
[runlim] time limit:		300 seconds
[runlim] real time limit:	311040000 seconds
[runlim] space limit:		4000 MB
[runlim] argv[0]:		./cvc4
[runlim] argv[1]:		/tmp/uljqVZvE.smt2
[runlim] start:			Tue Feb  5 09:52:41 2019
[runlim] main pid:		2727
/tmp/uljqVZvE.smt2:4.12: No set-logic command was given before this point.
/tmp/uljqVZvE.smt2:4.12: CVC4 will make all theories available.
/tmp/uljqVZvE.smt2:4.12: Consider setting a stricter logic for (likely) better performance.
/tmp/uljqVZvE.smt2:4.12: To suppress this warning in the future use (set-logic ALL).
[runlim] sample:		10.0 time, 10.2 real, 109.2 MB
[runlim] sample:		20.0 time, 20.2 real, 143.5 MB
[runlim] sample:		30.0 time, 30.2 real, 165.5 MB
[runlim] sample:		39.7 time, 40.2 real, 182.2 MB
[runlim] sample:		49.4 time, 50.2 real, 197.9 MB
[runlim] sample:		59.0 time, 60.2 real, 212.6 MB
[runlim] sample:		68.8 time, 70.2 real, 225.5 MB
[runlim] sample:		78.8 time, 80.2 real, 237.2 MB
[runlim] sample:		88.8 time, 90.2 real, 250.5 MB
[runlim] sample:		98.8 time, 100.2 real, 259.5 MB
[runlim] sample:		108.4 time, 110.2 real, 269.8 MB
[runlim] sample:		117.8 time, 120.2 real, 278.1 MB
[runlim] sample:		127.1 time, 130.2 real, 285.3 MB
[runlim] sample:		136.4 time, 140.2 real, 291.9 MB
[runlim] sample:		145.7 time, 150.2 real, 297.9 MB
[runlim] sample:		154.7 time, 160.2 real, 310.4 MB
[runlim] sample:		163.7 time, 170.2 real, 312.5 MB
[runlim] sample:		172.7 time, 180.2 real, 316.4 MB
[runlim] sample:		181.7 time, 190.2 real, 321.8 MB
[runlim] sample:		191.0 time, 200.2 real, 327.9 MB
[runlim] sample:		199.8 time, 210.2 real, 332.3 MB
[runlim] sample:		209.3 time, 220.2 real, 337.7 MB
[runlim] sample:		218.4 time, 230.2 real, 341.3 MB
[runlim] sample:		227.5 time, 240.2 real, 345.7 MB
[runlim] sample:		236.8 time, 250.2 real, 350.9 MB
[runlim] sample:		245.8 time, 260.2 real, 355.5 MB
[runlim] sample:		255.8 time, 270.2 real, 358.6 MB
[runlim] sample:		265.8 time, 280.2 real, 363.5 MB
[runlim] sample:		275.8 time, 290.2 real, 366.8 MB
[runlim] sample:		284.6 time, 300.2 real, 371.2 MB
[runlim] end:			Tue Feb  5 09:57:49 2019
[runlim] status:		signal(9)
[runlim] result:		11
[runlim] children:		0
[runlim] real:			308.57 seconds
[runlim] time:			292.64 seconds
[runlim] space:			374.0 MB
[runlim] samples:		3083
