[runlim] version:		1.10fixed
[runlim] time limit:		300 seconds
[runlim] real time limit:	311040000 seconds
[runlim] space limit:		4000 MB
[runlim] argv[0]:		./cvc4
[runlim] argv[1]:		/tmp/XAXjzZz4.smt2
[runlim] start:			Tue Feb  5 09:52:41 2019
[runlim] main pid:		15817
/tmp/XAXjzZz4.smt2:4.12: No set-logic command was given before this point.
/tmp/XAXjzZz4.smt2:4.12: CVC4 will make all theories available.
/tmp/XAXjzZz4.smt2:4.12: Consider setting a stricter logic for (likely) better performance.
/tmp/XAXjzZz4.smt2:4.12: To suppress this warning in the future use (set-logic ALL).
[runlim] sample:		9.8 time, 10.1 real, 105.3 MB
[runlim] sample:		18.7 time, 20.1 real, 133.6 MB
[runlim] sample:		27.3 time, 30.1 real, 153.2 MB
[runlim] sample:		35.2 time, 40.1 real, 165.5 MB
[runlim] sample:		43.7 time, 50.1 real, 177.1 MB
[runlim] sample:		52.7 time, 60.1 real, 189.8 MB
[runlim] sample:		61.3 time, 70.1 real, 199.1 MB
[runlim] sample:		69.9 time, 80.1 real, 210.7 MB
[runlim] sample:		79.2 time, 90.1 real, 220.4 MB
[runlim] sample:		88.6 time, 100.1 real, 227.4 MB
[runlim] sample:		97.9 time, 110.1 real, 239.0 MB
[runlim] sample:		107.3 time, 120.1 real, 249.0 MB
[runlim] sample:		116.6 time, 130.1 real, 254.4 MB
[runlim] sample:		126.0 time, 140.1 real, 264.5 MB
[runlim] sample:		135.5 time, 150.1 real, 270.2 MB
[runlim] sample:		145.1 time, 160.1 real, 275.8 MB
[runlim] sample:		154.8 time, 170.1 real, 281.5 MB
[runlim] sample:		164.8 time, 180.1 real, 287.4 MB
[runlim] sample:		174.8 time, 190.1 real, 292.5 MB
[runlim] sample:		184.4 time, 200.1 real, 298.4 MB
[runlim] sample:		193.8 time, 210.1 real, 302.8 MB
[runlim] sample:		203.5 time, 220.1 real, 308.7 MB
[runlim] sample:		213.2 time, 230.1 real, 314.4 MB
[runlim] sample:		222.8 time, 240.1 real, 317.7 MB
[runlim] sample:		232.5 time, 250.1 real, 322.1 MB
[runlim] sample:		242.2 time, 260.1 real, 328.3 MB
[runlim] sample:		251.9 time, 270.1 real, 330.9 MB
[runlim] sample:		261.6 time, 280.1 real, 336.3 MB
[runlim] sample:		270.9 time, 290.1 real, 338.8 MB
[runlim] sample:		280.3 time, 300.1 real, 348.9 MB
[runlim] sample:		289.6 time, 310.1 real, 349.1 MB
[runlim] sample:		299.4 time, 320.1 real, 349.6 MB
CVC4 interrupted by SIGTERM.
[runlim] end:			Tue Feb  5 09:58:01 2019
[runlim] status:		out of time
[runlim] result:		2
[runlim] children:		0
[runlim] real:			320.77 seconds
[runlim] time:			300.01 seconds
[runlim] space:			349.6 MB
[runlim] samples:		3206
