[runlim] version:		1.10fixed
[runlim] time limit:		300 seconds
[runlim] real time limit:	311040000 seconds
[runlim] space limit:		4000 MB
[runlim] argv[0]:		./cvc4
[runlim] argv[1]:		/tmp/GfiRRMEr.smt2
[runlim] start:			Tue Feb  5 13:01:14 2019
[runlim] main pid:		11533
/tmp/GfiRRMEr.smt2:4.12: No set-logic command was given before this point.
/tmp/GfiRRMEr.smt2:4.12: CVC4 will make all theories available.
/tmp/GfiRRMEr.smt2:4.12: Consider setting a stricter logic for (likely) better performance.
/tmp/GfiRRMEr.smt2:4.12: To suppress this warning in the future use (set-logic ALL).
[runlim] sample:		10.0 time, 10.9 real, 102.4 MB
[runlim] sample:		18.0 time, 20.9 real, 116.8 MB
[runlim] sample:		27.7 time, 30.9 real, 135.5 MB
[runlim] sample:		37.4 time, 40.9 real, 147.9 MB
[runlim] sample:		47.1 time, 50.9 real, 156.9 MB
[runlim] sample:		54.9 time, 60.9 real, 164.8 MB
[runlim] sample:		63.4 time, 70.9 real, 171.0 MB
[runlim] sample:		71.8 time, 80.9 real, 177.4 MB
[runlim] sample:		80.3 time, 90.9 real, 182.8 MB
[runlim] sample:		89.7 time, 100.9 real, 188.2 MB
[runlim] sample:		99.3 time, 110.9 real, 194.4 MB
[runlim] sample:		109.3 time, 120.9 real, 200.8 MB
[runlim] sample:		119.2 time, 130.9 real, 206.3 MB
[runlim] sample:		129.2 time, 140.9 real, 211.7 MB
[runlim] sample:		139.2 time, 150.9 real, 215.8 MB
[runlim] sample:		149.2 time, 160.9 real, 222.6 MB
[runlim] sample:		159.2 time, 170.9 real, 231.8 MB
[runlim] sample:		169.2 time, 180.9 real, 233.9 MB
[runlim] sample:		178.9 time, 190.9 real, 240.3 MB
[runlim] sample:		188.2 time, 200.9 real, 244.7 MB
[runlim] sample:		197.5 time, 210.9 real, 246.8 MB
[runlim] sample:		207.5 time, 220.9 real, 250.9 MB
[runlim] sample:		217.5 time, 230.9 real, 257.8 MB
[runlim] sample:		227.5 time, 240.9 real, 259.6 MB
[runlim] sample:		237.5 time, 250.9 real, 263.0 MB
[runlim] sample:		247.5 time, 260.9 real, 268.1 MB
[runlim] sample:		257.5 time, 270.9 real, 270.7 MB
[runlim] sample:		267.4 time, 280.9 real, 274.6 MB
[runlim] sample:		276.7 time, 290.9 real, 276.6 MB
[runlim] sample:		286.0 time, 300.9 real, 280.2 MB
[runlim] sample:		295.4 time, 310.9 real, 282.6 MB
[runlim] end:			Tue Feb  5 13:06:29 2019
[runlim] status:		out of time
[runlim] result:		2
[runlim] children:		0
[runlim] real:			315.65 seconds
[runlim] time:			300.01 seconds
[runlim] space:			283.3 MB
[runlim] samples:		3147
