[runlim] version:		1.10fixed
[runlim] time limit:		300 seconds
[runlim] real time limit:	311040000 seconds
[runlim] space limit:		4000 MB
[runlim] argv[0]:		./cvc4
[runlim] argv[1]:		/tmp/7Ez503UA.smt2
[runlim] start:			Tue Jan 29 16:36:04 2019
[runlim] main pid:		12925
[runlim] sample:		7.6 time, 10.2 real, 89.1 MB
[runlim] sample:		15.6 time, 20.2 real, 121.2 MB
[runlim] sample:		25.2 time, 30.2 real, 144.4 MB
[runlim] sample:		34.8 time, 40.2 real, 163.0 MB
[runlim] sample:		44.2 time, 50.2 real, 178.2 MB
[runlim] sample:		52.2 time, 60.2 real, 190.0 MB
[runlim] sample:		62.0 time, 70.2 real, 206.4 MB
[runlim] sample:		72.0 time, 80.2 real, 220.0 MB
[runlim] sample:		81.5 time, 90.2 real, 231.7 MB
[runlim] sample:		89.8 time, 100.2 real, 238.9 MB
[runlim] sample:		99.1 time, 110.2 real, 249.8 MB
[runlim] sample:		109.1 time, 120.2 real, 257.5 MB
[runlim] sample:		119.1 time, 130.2 real, 267.2 MB
[runlim] sample:		129.1 time, 140.2 real, 273.7 MB
[runlim] sample:		139.1 time, 150.2 real, 282.7 MB
[runlim] sample:		149.1 time, 160.2 real, 289.3 MB
[runlim] sample:		159.1 time, 170.2 real, 295.5 MB
[runlim] sample:		169.1 time, 180.2 real, 302.2 MB
[runlim] sample:		178.8 time, 190.2 real, 307.1 MB
[runlim] sample:		188.8 time, 200.2 real, 315.8 MB
[runlim] sample:		198.8 time, 210.2 real, 320.2 MB
[runlim] sample:		208.8 time, 220.2 real, 324.6 MB
[runlim] sample:		218.8 time, 230.2 real, 330.7 MB
[runlim] sample:		228.8 time, 240.2 real, 334.8 MB
[runlim] sample:		238.8 time, 250.2 real, 339.7 MB
[runlim] sample:		248.4 time, 260.2 real, 345.4 MB
[runlim] sample:		257.4 time, 270.2 real, 350.8 MB
[runlim] sample:		266.3 time, 280.2 real, 353.9 MB
[runlim] sample:		276.0 time, 290.2 real, 360.0 MB
[runlim] sample:		285.9 time, 300.2 real, 363.9 MB
[runlim] sample:		295.1 time, 310.2 real, 367.0 MB
CVC4 interrupted by SIGTERM.
[runlim] end:			Tue Jan 29 16:41:19 2019
[runlim] status:		out of time
[runlim] result:		2
[runlim] children:		0
[runlim] real:			315.19 seconds
[runlim] time:			300.07 seconds
[runlim] space:			370.3 MB
[runlim] samples:		3150
