[runlim] version:		1.10fixed
[runlim] time limit:		300 seconds
[runlim] real time limit:	311040000 seconds
[runlim] space limit:		4000 MB
[runlim] argv[0]:		./cvc4
[runlim] argv[1]:		/tmp/OGIASwhh.smt2
[runlim] start:			Tue Jan 29 16:35:07 2019
[runlim] main pid:		7731
[runlim] sample:		8.3 time, 10.9 real, 78.2 MB
[runlim] sample:		18.3 time, 20.9 real, 100.7 MB
[runlim] sample:		28.3 time, 30.9 real, 118.4 MB
[runlim] sample:		38.1 time, 40.9 real, 131.8 MB
[runlim] sample:		48.1 time, 50.9 real, 141.5 MB
[runlim] sample:		58.1 time, 60.9 real, 149.5 MB
[runlim] sample:		68.1 time, 70.9 real, 157.4 MB
[runlim] sample:		78.1 time, 80.9 real, 165.4 MB
[runlim] sample:		88.1 time, 90.9 real, 171.4 MB
[runlim] sample:		98.1 time, 100.9 real, 177.2 MB
[runlim] sample:		107.8 time, 110.9 real, 183.2 MB
[runlim] sample:		117.8 time, 120.9 real, 189.7 MB
[runlim] sample:		127.2 time, 130.9 real, 194.6 MB
[runlim] sample:		135.2 time, 140.9 real, 198.7 MB
[runlim] sample:		143.8 time, 150.9 real, 204.4 MB
[runlim] sample:		153.4 time, 160.9 real, 208.1 MB
[runlim] sample:		163.4 time, 170.9 real, 213.7 MB
[runlim] sample:		173.4 time, 180.9 real, 220.9 MB
[runlim] sample:		183.4 time, 190.9 real, 225.3 MB
[runlim] sample:		193.4 time, 200.9 real, 229.2 MB
[runlim] sample:		203.4 time, 210.9 real, 232.8 MB
[runlim] sample:		213.4 time, 220.9 real, 236.0 MB
[runlim] sample:		223.2 time, 230.9 real, 239.1 MB
[runlim] sample:		232.6 time, 240.9 real, 242.4 MB
[runlim] sample:		242.3 time, 250.9 real, 246.4 MB
[runlim] sample:		252.3 time, 260.9 real, 250.5 MB
[runlim] sample:		262.3 time, 270.9 real, 252.6 MB
[runlim] sample:		272.3 time, 280.9 real, 256.7 MB
[runlim] sample:		282.1 time, 290.9 real, 258.5 MB
[runlim] sample:		291.8 time, 300.9 real, 262.4 MB
CVC4 interrupted by SIGTERM.
[runlim] end:			Tue Jan 29 16:40:16 2019
[runlim] status:		out of time
[runlim] result:		2
[runlim] children:		0
[runlim] real:			309.40 seconds
[runlim] time:			300.04 seconds
[runlim] space:			264.2 MB
[runlim] samples:		3085
