[runlim] version:		1.10fixed
[runlim] time limit:		300 seconds
[runlim] real time limit:	311040000 seconds
[runlim] space limit:		4000 MB
[runlim] argv[0]:		./cvc4
[runlim] argv[1]:		/tmp/XUifAjER.smt2
[runlim] start:			Tue Jan 29 16:35:36 2019
[runlim] main pid:		29004
[runlim] sample:		9.0 time, 10.2 real, 91.1 MB
[runlim] sample:		18.3 time, 20.2 real, 122.1 MB
[runlim] sample:		27.6 time, 30.2 real, 142.6 MB
[runlim] sample:		37.0 time, 40.2 real, 158.1 MB
[runlim] sample:		46.5 time, 50.2 real, 170.8 MB
[runlim] sample:		56.1 time, 60.2 real, 183.4 MB
[runlim] sample:		65.8 time, 70.2 real, 191.6 MB
[runlim] sample:		75.4 time, 80.2 real, 202.7 MB
[runlim] sample:		85.1 time, 90.2 real, 215.2 MB
[runlim] sample:		94.9 time, 100.2 real, 225.5 MB
[runlim] sample:		104.5 time, 110.2 real, 232.7 MB
[runlim] sample:		114.2 time, 120.2 real, 239.1 MB
[runlim] sample:		123.8 time, 130.2 real, 246.5 MB
[runlim] sample:		133.6 time, 140.2 real, 252.7 MB
[runlim] sample:		143.2 time, 150.2 real, 262.3 MB
[runlim] sample:		152.3 time, 160.2 real, 267.4 MB
[runlim] sample:		161.2 time, 170.2 real, 272.9 MB
[runlim] sample:		169.2 time, 180.2 real, 277.2 MB
[runlim] sample:		179.1 time, 190.2 real, 283.7 MB
[runlim] sample:		189.1 time, 200.2 real, 287.8 MB
[runlim] sample:		198.9 time, 210.2 real, 292.4 MB
[runlim] sample:		208.9 time, 220.2 real, 296.6 MB
[runlim] sample:		218.9 time, 230.2 real, 301.5 MB
[runlim] sample:		228.9 time, 240.2 real, 304.8 MB
[runlim] sample:		238.9 time, 250.2 real, 309.7 MB
[runlim] sample:		248.7 time, 260.2 real, 313.6 MB
[runlim] sample:		258.2 time, 270.2 real, 317.5 MB
[runlim] sample:		266.8 time, 280.2 real, 320.0 MB
[runlim] sample:		275.6 time, 290.2 real, 325.2 MB
[runlim] sample:		284.9 time, 300.2 real, 329.1 MB
[runlim] sample:		294.7 time, 310.2 real, 333.1 MB
CVC4 interrupted by SIGTERM.
[runlim] end:			Tue Jan 29 16:40:51 2019
[runlim] status:		out of time
[runlim] result:		2
[runlim] children:		0
[runlim] real:			315.49 seconds
[runlim] time:			300.02 seconds
[runlim] space:			334.9 MB
[runlim] samples:		3153
