[runlim] version:		1.10fixed
[runlim] time limit:		300 seconds
[runlim] real time limit:	311040000 seconds
[runlim] space limit:		4000 MB
[runlim] argv[0]:		./cvc4
[runlim] argv[1]:		/tmp/iafVj10R.smt2
[runlim] start:			Tue Feb  5 09:52:41 2019
[runlim] main pid:		22923
/tmp/iafVj10R.smt2:4.12: No set-logic command was given before this point.
/tmp/iafVj10R.smt2:4.12: CVC4 will make all theories available.
/tmp/iafVj10R.smt2:4.12: Consider setting a stricter logic for (likely) better performance.
/tmp/iafVj10R.smt2:4.12: To suppress this warning in the future use (set-logic ALL).
[runlim] sample:		9.4 time, 10.5 real, 91.7 MB
[runlim] sample:		19.1 time, 20.5 real, 123.2 MB
[runlim] sample:		28.7 time, 30.5 real, 143.5 MB
[runlim] sample:		38.4 time, 40.5 real, 165.9 MB
[runlim] sample:		48.0 time, 50.5 real, 180.7 MB
[runlim] sample:		57.7 time, 60.5 real, 194.9 MB
[runlim] sample:		66.0 time, 70.5 real, 212.0 MB
[runlim] sample:		74.9 time, 80.4 real, 219.2 MB
[runlim] sample:		84.2 time, 90.5 real, 233.1 MB
[runlim] sample:		93.6 time, 100.5 real, 241.2 MB
[runlim] sample:		102.4 time, 110.4 real, 252.0 MB
[runlim] sample:		112.0 time, 120.5 real, 261.5 MB
[runlim] sample:		122.0 time, 130.5 real, 268.2 MB
[runlim] sample:		132.0 time, 140.5 real, 275.7 MB
[runlim] sample:		142.0 time, 150.5 real, 282.9 MB
[runlim] sample:		152.0 time, 160.5 real, 296.3 MB
[runlim] sample:		162.0 time, 170.5 real, 302.5 MB
[runlim] sample:		171.6 time, 180.5 real, 312.7 MB
[runlim] sample:		181.0 time, 190.5 real, 319.1 MB
[runlim] sample:		190.7 time, 200.5 real, 326.3 MB
[runlim] sample:		200.3 time, 210.5 real, 334.3 MB
[runlim] sample:		210.0 time, 220.5 real, 350.4 MB
[runlim] sample:		219.7 time, 230.4 real, 361.2 MB
[runlim] sample:		229.3 time, 240.5 real, 362.0 MB
[runlim] sample:		239.0 time, 250.5 real, 368.2 MB
[runlim] sample:		248.7 time, 260.5 real, 375.1 MB
[runlim] sample:		258.3 time, 270.5 real, 381.3 MB
[runlim] sample:		268.0 time, 280.5 real, 386.2 MB
[runlim] sample:		277.6 time, 290.5 real, 388.2 MB
[runlim] sample:		287.3 time, 300.5 real, 393.9 MB
[runlim] sample:		297.3 time, 310.5 real, 398.5 MB
[runlim] end:			Tue Feb  5 09:57:52 2019
[runlim] status:		signal(9)
[runlim] result:		11
[runlim] children:		0
[runlim] real:			311.69 seconds
[runlim] time:			298.50 seconds
[runlim] space:			400.1 MB
[runlim] samples:		3112
