[runlim] version:		1.10fixed
[runlim] time limit:		300 seconds
[runlim] real time limit:	311040000 seconds
[runlim] space limit:		4000 MB
[runlim] argv[0]:		./cvc4
[runlim] argv[1]:		/tmp/7Nh13wNF.smt2
[runlim] start:			Tue Feb  5 13:01:14 2019
[runlim] main pid:		13620
/tmp/7Nh13wNF.smt2:4.12: No set-logic command was given before this point.
/tmp/7Nh13wNF.smt2:4.12: CVC4 will make all theories available.
/tmp/7Nh13wNF.smt2:4.12: Consider setting a stricter logic for (likely) better performance.
/tmp/7Nh13wNF.smt2:4.12: To suppress this warning in the future use (set-logic ALL).
[runlim] sample:		10.0 time, 10.8 real, 103.3 MB
[runlim] sample:		19.2 time, 20.8 real, 122.9 MB
[runlim] sample:		27.8 time, 30.8 real, 136.1 MB
[runlim] sample:		37.6 time, 40.8 real, 149.0 MB
[runlim] sample:		47.6 time, 50.8 real, 158.8 MB
[runlim] sample:		57.5 time, 60.8 real, 167.5 MB
[runlim] sample:		67.6 time, 70.8 real, 175.8 MB
[runlim] sample:		77.5 time, 80.8 real, 183.8 MB
[runlim] sample:		87.5 time, 90.8 real, 190.0 MB
[runlim] sample:		97.6 time, 100.8 real, 195.4 MB
[runlim] sample:		107.5 time, 110.8 real, 202.9 MB
[runlim] sample:		117.5 time, 120.8 real, 210.8 MB
[runlim] sample:		127.6 time, 130.8 real, 214.1 MB
[runlim] sample:		137.6 time, 140.8 real, 221.8 MB
[runlim] sample:		147.6 time, 150.8 real, 225.2 MB
[runlim] sample:		157.6 time, 160.8 real, 231.6 MB
[runlim] sample:		167.6 time, 170.8 real, 236.2 MB
[runlim] sample:		177.6 time, 180.8 real, 243.6 MB
[runlim] sample:		187.6 time, 190.8 real, 247.2 MB
[runlim] sample:		197.6 time, 200.8 real, 250.8 MB
[runlim] sample:		207.6 time, 210.8 real, 254.4 MB
[runlim] sample:		217.6 time, 220.8 real, 259.8 MB
[runlim] sample:		227.6 time, 230.8 real, 263.1 MB
[runlim] sample:		237.6 time, 240.8 real, 268.0 MB
[runlim] sample:		247.6 time, 250.8 real, 271.6 MB
[runlim] sample:		257.6 time, 260.8 real, 273.7 MB
[runlim] sample:		267.6 time, 270.8 real, 277.3 MB
[runlim] sample:		277.6 time, 280.8 real, 281.4 MB
[runlim] sample:		287.3 time, 290.8 real, 283.7 MB
[runlim] sample:		296.5 time, 300.8 real, 286.3 MB
CVC4 interrupted by SIGTERM.
[runlim] end:			Tue Feb  5 13:06:18 2019
[runlim] status:		out of time
[runlim] result:		2
[runlim] children:		0
[runlim] real:			304.69 seconds
[runlim] time:			300.03 seconds
[runlim] space:			286.8 MB
[runlim] samples:		3039
