[runlim] version:		1.10fixed
[runlim] time limit:		300 seconds
[runlim] real time limit:	311040000 seconds
[runlim] space limit:		4000 MB
[runlim] argv[0]:		./cvc4
[runlim] argv[1]:		/tmp/zTgWeeu7.smt2
[runlim] start:			Tue Feb  5 13:01:14 2019
[runlim] main pid:		9231
/tmp/zTgWeeu7.smt2:4.12: No set-logic command was given before this point.
/tmp/zTgWeeu7.smt2:4.12: CVC4 will make all theories available.
/tmp/zTgWeeu7.smt2:4.12: Consider setting a stricter logic for (likely) better performance.
/tmp/zTgWeeu7.smt2:4.12: To suppress this warning in the future use (set-logic ALL).
[runlim] sample:		10.0 time, 10.1 real, 106.3 MB
[runlim] sample:		20.0 time, 20.1 real, 133.1 MB
[runlim] sample:		30.0 time, 30.1 real, 153.2 MB
[runlim] sample:		40.0 time, 40.1 real, 167.1 MB
[runlim] sample:		50.0 time, 50.1 real, 178.4 MB
[runlim] sample:		60.0 time, 60.1 real, 187.6 MB
[runlim] sample:		70.0 time, 70.1 real, 196.9 MB
[runlim] sample:		80.0 time, 80.1 real, 207.2 MB
[runlim] sample:		90.0 time, 90.1 real, 214.4 MB
[runlim] sample:		100.0 time, 100.1 real, 222.1 MB
[runlim] sample:		110.0 time, 110.1 real, 230.7 MB
[runlim] sample:		120.0 time, 120.1 real, 239.7 MB
[runlim] sample:		130.0 time, 130.1 real, 246.4 MB
[runlim] sample:		140.0 time, 140.1 real, 253.1 MB
[runlim] sample:		150.0 time, 150.1 real, 260.6 MB
[runlim] sample:		160.0 time, 160.1 real, 267.0 MB
[runlim] sample:		170.0 time, 170.1 real, 271.1 MB
[runlim] sample:		180.0 time, 180.1 real, 276.8 MB
[runlim] sample:		190.0 time, 190.1 real, 281.1 MB
[runlim] sample:		200.0 time, 200.1 real, 286.2 MB
[runlim] sample:		210.0 time, 210.1 real, 290.8 MB
[runlim] sample:		220.0 time, 220.1 real, 295.5 MB
[runlim] sample:		230.0 time, 230.1 real, 298.1 MB
[runlim] sample:		240.0 time, 240.1 real, 302.2 MB
[runlim] sample:		250.0 time, 250.1 real, 307.6 MB
[runlim] sample:		260.0 time, 260.1 real, 309.6 MB
[runlim] sample:		270.0 time, 270.1 real, 314.3 MB
[runlim] sample:		280.0 time, 280.1 real, 316.3 MB
[runlim] sample:		290.0 time, 290.1 real, 320.2 MB
[runlim] sample:		300.0 time, 300.1 real, 324.1 MB
CVC4 interrupted by SIGTERM.
[runlim] end:			Tue Feb  5 13:06:14 2019
[runlim] status:		out of time
[runlim] result:		2
[runlim] children:		0
[runlim] real:			300.26 seconds
[runlim] time:			300.07 seconds
[runlim] space:			324.1 MB
[runlim] samples:		3001
