[runlim] version:		1.10fixed
[runlim] time limit:		300 seconds
[runlim] real time limit:	311040000 seconds
[runlim] space limit:		4000 MB
[runlim] argv[0]:		./cvc4
[runlim] argv[1]:		/tmp/LzKofNu1.smt2
[runlim] start:			Tue Feb  5 13:01:15 2019
[runlim] main pid:		5749
/tmp/LzKofNu1.smt2:4.12: No set-logic command was given before this point.
/tmp/LzKofNu1.smt2:4.12: CVC4 will make all theories available.
/tmp/LzKofNu1.smt2:4.12: Consider setting a stricter logic for (likely) better performance.
/tmp/LzKofNu1.smt2:4.12: To suppress this warning in the future use (set-logic ALL).
[runlim] sample:		9.9 time, 10.1 real, 88.2 MB
[runlim] sample:		18.9 time, 20.1 real, 108.5 MB
[runlim] sample:		28.9 time, 30.1 real, 126.0 MB
[runlim] sample:		38.9 time, 40.1 real, 139.4 MB
[runlim] sample:		48.9 time, 50.1 real, 152.4 MB
[runlim] sample:		58.9 time, 60.1 real, 164.7 MB
[runlim] sample:		68.9 time, 70.1 real, 176.0 MB
[runlim] sample:		78.9 time, 80.1 real, 187.0 MB
[runlim] sample:		88.9 time, 90.1 real, 195.9 MB
[runlim] sample:		97.8 time, 100.1 real, 203.6 MB
[runlim] sample:		107.2 time, 110.1 real, 210.5 MB
[runlim] sample:		117.2 time, 120.1 real, 214.4 MB
[runlim] sample:		126.4 time, 130.1 real, 222.7 MB
[runlim] sample:		134.8 time, 140.1 real, 226.3 MB
[runlim] sample:		143.1 time, 150.1 real, 233.7 MB
[runlim] sample:		152.3 time, 160.1 real, 238.9 MB
[runlim] sample:		162.3 time, 170.1 real, 242.7 MB
[runlim] sample:		172.3 time, 180.1 real, 254.7 MB
[runlim] sample:		181.8 time, 190.1 real, 258.6 MB
[runlim] sample:		191.8 time, 200.1 real, 262.7 MB
[runlim] sample:		201.8 time, 210.1 real, 266.3 MB
[runlim] sample:		211.8 time, 220.1 real, 274.5 MB
[runlim] sample:		221.8 time, 230.1 real, 287.1 MB
[runlim] sample:		231.8 time, 240.1 real, 291.5 MB
[runlim] sample:		241.8 time, 250.1 real, 295.1 MB
[runlim] sample:		251.8 time, 260.1 real, 299.4 MB
[runlim] sample:		261.8 time, 270.1 real, 303.0 MB
[runlim] sample:		271.8 time, 280.1 real, 307.4 MB
[runlim] sample:		280.5 time, 290.1 real, 311.0 MB
[runlim] sample:		289.7 time, 300.1 real, 315.6 MB
[runlim] sample:		299.7 time, 310.1 real, 319.0 MB
CVC4 interrupted by SIGTERM.
[runlim] end:			Tue Feb  5 13:06:25 2019
[runlim] status:		out of time
[runlim] result:		2
[runlim] children:		0
[runlim] real:			310.51 seconds
[runlim] time:			300.09 seconds
[runlim] space:			319.0 MB
[runlim] samples:		3104
