[runlim] version:		1.10fixed
[runlim] time limit:		300 seconds
[runlim] real time limit:	311040000 seconds
[runlim] space limit:		4000 MB
[runlim] argv[0]:		./cvc4
[runlim] argv[1]:		/tmp/LnGi48Hu.smt2
[runlim] start:			Tue Feb  5 09:52:41 2019
[runlim] main pid:		15431
/tmp/LnGi48Hu.smt2:4.12: No set-logic command was given before this point.
/tmp/LnGi48Hu.smt2:4.12: CVC4 will make all theories available.
/tmp/LnGi48Hu.smt2:4.12: Consider setting a stricter logic for (likely) better performance.
/tmp/LnGi48Hu.smt2:4.12: To suppress this warning in the future use (set-logic ALL).
[runlim] sample:		10.0 time, 10.4 real, 80.4 MB
[runlim] sample:		20.0 time, 20.4 real, 108.0 MB
[runlim] sample:		29.6 time, 30.4 real, 124.2 MB
[runlim] sample:		38.5 time, 40.4 real, 136.3 MB
[runlim] sample:		47.7 time, 50.4 real, 148.7 MB
[runlim] sample:		56.5 time, 60.4 real, 159.0 MB
[runlim] sample:		65.8 time, 70.4 real, 174.4 MB
[runlim] sample:		75.1 time, 80.4 real, 182.7 MB
[runlim] sample:		84.1 time, 90.4 real, 191.3 MB
[runlim] sample:		92.4 time, 100.4 real, 199.6 MB
[runlim] sample:		100.8 time, 110.4 real, 207.3 MB
[runlim] sample:		109.7 time, 120.4 real, 213.2 MB
[runlim] sample:		118.4 time, 130.4 real, 218.6 MB
[runlim] sample:		127.1 time, 140.4 real, 226.1 MB
[runlim] sample:		135.8 time, 150.4 real, 230.5 MB
[runlim] sample:		144.7 time, 160.4 real, 236.7 MB
[runlim] sample:		153.5 time, 170.4 real, 242.1 MB
[runlim] sample:		163.2 time, 180.4 real, 250.0 MB
[runlim] sample:		173.2 time, 190.4 real, 258.5 MB
[runlim] sample:		183.2 time, 200.4 real, 263.1 MB
[runlim] sample:		193.2 time, 210.4 real, 266.7 MB
[runlim] sample:		203.2 time, 220.4 real, 273.4 MB
[runlim] sample:		212.2 time, 230.4 real, 286.4 MB
[runlim] sample:		221.9 time, 240.4 real, 290.8 MB
[runlim] sample:		231.6 time, 250.4 real, 294.6 MB
[runlim] sample:		241.2 time, 260.4 real, 298.5 MB
[runlim] sample:		251.0 time, 270.4 real, 304.7 MB
[runlim] sample:		261.0 time, 280.4 real, 309.8 MB
[runlim] sample:		271.0 time, 290.4 real, 313.9 MB
[runlim] sample:		281.0 time, 300.4 real, 318.3 MB
[runlim] sample:		291.0 time, 310.4 real, 322.2 MB
CVC4 interrupted by SIGTERM.
[runlim] end:			Tue Feb  5 09:58:00 2019
[runlim] status:		out of time
[runlim] result:		2
[runlim] children:		0
[runlim] real:			319.51 seconds
[runlim] time:			300.09 seconds
[runlim] space:			326.0 MB
[runlim] samples:		3191
