[runlim] version:		1.10fixed
[runlim] time limit:		300 seconds
[runlim] real time limit:	311040000 seconds
[runlim] space limit:		4000 MB
[runlim] argv[0]:		./cvc4
[runlim] argv[1]:		/tmp/X6cqCru5.smt2
[runlim] start:			Tue Feb  5 13:01:14 2019
[runlim] main pid:		26112
/tmp/X6cqCru5.smt2:4.12: No set-logic command was given before this point.
/tmp/X6cqCru5.smt2:4.12: CVC4 will make all theories available.
/tmp/X6cqCru5.smt2:4.12: Consider setting a stricter logic for (likely) better performance.
/tmp/X6cqCru5.smt2:4.12: To suppress this warning in the future use (set-logic ALL).
[runlim] sample:		10.0 time, 10.6 real, 90.7 MB
[runlim] sample:		20.0 time, 20.6 real, 113.8 MB
[runlim] sample:		29.7 time, 30.6 real, 129.9 MB
[runlim] sample:		39.4 time, 40.6 real, 145.1 MB
[runlim] sample:		49.1 time, 50.6 real, 154.6 MB
[runlim] sample:		59.0 time, 60.6 real, 168.9 MB
[runlim] sample:		67.5 time, 70.6 real, 177.2 MB
[runlim] sample:		76.6 time, 80.6 real, 185.1 MB
[runlim] sample:		85.2 time, 90.6 real, 192.8 MB
[runlim] sample:		95.2 time, 100.6 real, 205.0 MB
[runlim] sample:		105.2 time, 110.6 real, 212.7 MB
[runlim] sample:		114.5 time, 120.6 real, 217.3 MB
[runlim] sample:		124.1 time, 130.6 real, 224.3 MB
[runlim] sample:		133.8 time, 140.6 real, 231.2 MB
[runlim] sample:		143.5 time, 150.6 real, 235.3 MB
[runlim] sample:		153.2 time, 160.6 real, 248.8 MB
[runlim] sample:		162.8 time, 170.6 real, 252.7 MB
[runlim] sample:		172.5 time, 180.6 real, 258.9 MB
[runlim] sample:		182.2 time, 190.6 real, 263.8 MB
[runlim] sample:		191.9 time, 200.6 real, 275.9 MB
[runlim] sample:		201.4 time, 210.6 real, 279.5 MB
[runlim] sample:		210.0 time, 220.6 real, 287.0 MB
[runlim] sample:		218.0 time, 230.6 real, 291.1 MB
[runlim] sample:		226.6 time, 240.6 real, 295.5 MB
[runlim] sample:		235.3 time, 250.6 real, 298.9 MB
[runlim] sample:		243.3 time, 260.6 real, 303.0 MB
[runlim] sample:		252.5 time, 270.6 real, 306.9 MB
[runlim] sample:		262.5 time, 280.6 real, 310.7 MB
[runlim] sample:		272.3 time, 290.6 real, 314.6 MB
[runlim] sample:		280.3 time, 300.6 real, 318.4 MB
[runlim] sample:		290.1 time, 310.6 real, 322.3 MB
[runlim] sample:		300.1 time, 320.6 real, 326.2 MB
CVC4 interrupted by SIGTERM.
[runlim] end:			Tue Feb  5 13:06:34 2019
[runlim] status:		out of time
[runlim] result:		2
[runlim] children:		0
[runlim] real:			320.59 seconds
[runlim] time:			300.07 seconds
[runlim] space:			326.2 MB
[runlim] samples:		3200
