[runlim] version:		1.10fixed
[runlim] time limit:		300 seconds
[runlim] real time limit:	311040000 seconds
[runlim] space limit:		4000 MB
[runlim] argv[0]:		./cvc4
[runlim] argv[1]:		/tmp/ivFyTWzu.smt2
[runlim] start:			Tue Jan 29 16:34:52 2019
[runlim] main pid:		8718
[runlim] sample:		8.8 time, 10.3 real, 68.6 MB
[runlim] sample:		18.8 time, 20.3 real, 87.2 MB
[runlim] sample:		28.8 time, 30.3 real, 98.5 MB
[runlim] sample:		38.6 time, 40.3 real, 108.7 MB
[runlim] sample:		48.3 time, 50.3 real, 117.8 MB
[runlim] sample:		57.8 time, 60.3 real, 126.6 MB
[runlim] sample:		67.8 time, 70.3 real, 133.8 MB
[runlim] sample:		77.8 time, 80.3 real, 139.5 MB
[runlim] sample:		87.8 time, 90.3 real, 144.7 MB
[runlim] sample:		97.8 time, 100.3 real, 149.6 MB
[runlim] sample:		107.8 time, 110.3 real, 155.2 MB
[runlim] sample:		117.8 time, 120.3 real, 159.1 MB
[runlim] sample:		127.8 time, 130.3 real, 163.5 MB
[runlim] sample:		137.8 time, 140.3 real, 167.3 MB
[runlim] sample:		147.6 time, 150.3 real, 171.3 MB
[runlim] sample:		156.4 time, 160.3 real, 174.1 MB
[runlim] sample:		164.6 time, 170.3 real, 176.8 MB
[runlim] sample:		174.1 time, 180.3 real, 179.6 MB
[runlim] sample:		182.8 time, 190.3 real, 183.0 MB
[runlim] sample:		191.3 time, 200.3 real, 184.5 MB
[runlim] sample:		199.5 time, 210.3 real, 187.5 MB
[runlim] sample:		208.6 time, 220.3 real, 190.2 MB
[runlim] sample:		216.1 time, 230.3 real, 192.2 MB
[runlim] sample:		226.1 time, 240.3 real, 194.8 MB
[runlim] sample:		234.0 time, 250.3 real, 197.4 MB
[runlim] sample:		243.2 time, 260.3 real, 200.7 MB
[runlim] sample:		252.9 time, 270.3 real, 203.1 MB
[runlim] sample:		262.9 time, 280.3 real, 207.4 MB
[runlim] sample:		272.9 time, 290.3 real, 209.9 MB
[runlim] sample:		282.6 time, 300.3 real, 212.8 MB
[runlim] sample:		291.3 time, 310.3 real, 214.0 MB
[runlim] sample:		299.5 time, 320.3 real, 216.1 MB
CVC4 interrupted by SIGTERM.
[runlim] end:			Tue Jan 29 16:40:12 2019
[runlim] status:		out of time
[runlim] result:		2
[runlim] children:		0
[runlim] real:			320.95 seconds
[runlim] time:			300.03 seconds
[runlim] space:			216.4 MB
[runlim] samples:		3206
