[runlim] version:		1.10fixed
[runlim] time limit:		300 seconds
[runlim] real time limit:	311040000 seconds
[runlim] space limit:		4000 MB
[runlim] argv[0]:		./cvc4
[runlim] argv[1]:		/tmp/L3y2SrLF.smt2
[runlim] start:			Tue Feb  5 09:52:41 2019
[runlim] main pid:		27844
/tmp/L3y2SrLF.smt2:4.12: No set-logic command was given before this point.
/tmp/L3y2SrLF.smt2:4.12: CVC4 will make all theories available.
/tmp/L3y2SrLF.smt2:4.12: Consider setting a stricter logic for (likely) better performance.
/tmp/L3y2SrLF.smt2:4.12: To suppress this warning in the future use (set-logic ALL).
[runlim] sample:		10.0 time, 10.1 real, 82.4 MB
[runlim] sample:		20.0 time, 20.1 real, 108.8 MB
[runlim] sample:		30.0 time, 30.1 real, 125.3 MB
[runlim] sample:		40.0 time, 40.1 real, 143.6 MB
[runlim] sample:		50.0 time, 50.1 real, 155.3 MB
[runlim] sample:		60.0 time, 60.1 real, 171.4 MB
[runlim] sample:		70.0 time, 70.1 real, 180.4 MB
[runlim] sample:		80.0 time, 80.1 real, 189.1 MB
[runlim] sample:		89.7 time, 90.1 real, 197.4 MB
[runlim] sample:		99.7 time, 100.1 real, 206.9 MB
[runlim] sample:		109.7 time, 110.1 real, 215.7 MB
[runlim] sample:		119.6 time, 120.1 real, 224.2 MB
[runlim] sample:		129.5 time, 130.1 real, 228.3 MB
[runlim] sample:		139.5 time, 140.1 real, 237.6 MB
[runlim] sample:		149.5 time, 150.1 real, 242.7 MB
[runlim] sample:		159.5 time, 160.1 real, 247.3 MB
[runlim] sample:		169.5 time, 170.1 real, 255.3 MB
[runlim] sample:		179.5 time, 180.1 real, 261.3 MB
[runlim] sample:		189.5 time, 190.1 real, 265.9 MB
[runlim] sample:		199.5 time, 200.1 real, 270.3 MB
[runlim] sample:		209.5 time, 210.1 real, 275.2 MB
[runlim] sample:		219.5 time, 220.1 real, 281.8 MB
[runlim] sample:		229.5 time, 230.1 real, 289.2 MB
[runlim] sample:		239.5 time, 240.1 real, 294.4 MB
[runlim] sample:		249.5 time, 250.1 real, 299.8 MB
[runlim] sample:		259.5 time, 260.1 real, 304.4 MB
[runlim] sample:		269.5 time, 270.1 real, 306.5 MB
[runlim] sample:		279.5 time, 280.1 real, 310.1 MB
[runlim] sample:		289.2 time, 290.1 real, 314.7 MB
[runlim] sample:		299.2 time, 300.1 real, 323.0 MB
CVC4 interrupted by SIGTERM.
[runlim] end:			Tue Feb  5 09:57:42 2019
[runlim] status:		out of time
[runlim] result:		2
[runlim] children:		0
[runlim] real:			301.07 seconds
[runlim] time:			300.09 seconds
[runlim] space:			323.9 MB
[runlim] samples:		3009
