[runlim] version:		1.10fixed
[runlim] time limit:		300 seconds
[runlim] real time limit:	311040000 seconds
[runlim] space limit:		4000 MB
[runlim] argv[0]:		./cvc4
[runlim] argv[1]:		/tmp/ZklkGbne.smt2
[runlim] start:			Tue Feb  5 09:52:41 2019
[runlim] main pid:		1237
/tmp/ZklkGbne.smt2:4.12: No set-logic command was given before this point.
/tmp/ZklkGbne.smt2:4.12: CVC4 will make all theories available.
/tmp/ZklkGbne.smt2:4.12: Consider setting a stricter logic for (likely) better performance.
/tmp/ZklkGbne.smt2:4.12: To suppress this warning in the future use (set-logic ALL).
[runlim] sample:		10.0 time, 10.3 real, 90.4 MB
[runlim] sample:		20.0 time, 20.3 real, 116.9 MB
[runlim] sample:		30.0 time, 30.3 real, 137.8 MB
[runlim] sample:		40.0 time, 40.3 real, 154.1 MB
[runlim] sample:		50.0 time, 50.3 real, 169.8 MB
[runlim] sample:		60.0 time, 60.3 real, 180.1 MB
[runlim] sample:		70.0 time, 70.3 real, 191.4 MB
[runlim] sample:		80.0 time, 80.3 real, 206.8 MB
[runlim] sample:		90.0 time, 90.3 real, 217.6 MB
[runlim] sample:		100.0 time, 100.3 real, 223.5 MB
[runlim] sample:		110.0 time, 110.3 real, 235.1 MB
[runlim] sample:		120.0 time, 120.3 real, 240.0 MB
[runlim] sample:		130.0 time, 130.3 real, 245.4 MB
[runlim] sample:		139.8 time, 140.3 real, 257.5 MB
[runlim] sample:		149.5 time, 150.3 real, 263.7 MB
[runlim] sample:		159.2 time, 160.3 real, 270.6 MB
[runlim] sample:		168.9 time, 170.3 real, 274.2 MB
[runlim] sample:		178.6 time, 180.3 real, 283.8 MB
[runlim] sample:		188.3 time, 190.3 real, 289.8 MB
[runlim] sample:		198.1 time, 200.3 real, 295.4 MB
[runlim] sample:		208.1 time, 210.3 real, 300.8 MB
[runlim] sample:		218.1 time, 220.3 real, 304.9 MB
[runlim] sample:		228.1 time, 230.3 real, 308.8 MB
[runlim] sample:		238.1 time, 240.3 real, 314.5 MB
[runlim] sample:		248.1 time, 250.3 real, 319.9 MB
[runlim] sample:		258.1 time, 260.3 real, 325.8 MB
[runlim] sample:		268.1 time, 270.3 real, 338.7 MB
[runlim] sample:		278.1 time, 280.3 real, 340.2 MB
[runlim] sample:		288.1 time, 290.3 real, 349.2 MB
[runlim] sample:		298.1 time, 300.3 real, 353.3 MB
CVC4 interrupted by SIGTERM.
[runlim] end:			Tue Feb  5 09:57:43 2019
[runlim] status:		out of time
[runlim] result:		2
[runlim] children:		0
[runlim] real:			302.28 seconds
[runlim] time:			300.08 seconds
[runlim] space:			353.3 MB
[runlim] samples:		3020
