[runlim] version:		1.10fixed
[runlim] time limit:		300 seconds
[runlim] real time limit:	311040000 seconds
[runlim] space limit:		4000 MB
[runlim] argv[0]:		./cvc4
[runlim] argv[1]:		--cbqi-all
[runlim] argv[2]:		/tmp/NvojU2yu.smt2
[runlim] start:			Tue Jan 29 17:13:35 2019
[runlim] main pid:		605
[runlim] sample:		9.3 time, 10.1 real, 80.3 MB
[runlim] sample:		18.8 time, 20.1 real, 100.6 MB
[runlim] sample:		27.2 time, 30.1 real, 117.7 MB
[runlim] sample:		36.2 time, 40.1 real, 131.8 MB
[runlim] sample:		45.5 time, 50.1 real, 142.1 MB
[runlim] sample:		54.2 time, 60.1 real, 151.7 MB
[runlim] sample:		63.5 time, 70.1 real, 158.6 MB
[runlim] sample:		72.8 time, 80.1 real, 165.7 MB
[runlim] sample:		82.8 time, 90.1 real, 172.9 MB
[runlim] sample:		92.8 time, 100.1 real, 179.6 MB
[runlim] sample:		102.7 time, 110.1 real, 186.2 MB
[runlim] sample:		112.7 time, 120.1 real, 191.6 MB
[runlim] sample:		122.7 time, 130.1 real, 197.0 MB
[runlim] sample:		132.7 time, 140.1 real, 202.5 MB
[runlim] sample:		142.7 time, 150.1 real, 209.5 MB
[runlim] sample:		152.7 time, 160.1 real, 216.5 MB
[runlim] sample:		162.7 time, 170.1 real, 220.4 MB
[runlim] sample:		172.7 time, 180.1 real, 226.8 MB
[runlim] sample:		182.7 time, 190.1 real, 231.5 MB
[runlim] sample:		192.7 time, 200.1 real, 233.8 MB
[runlim] sample:		202.7 time, 210.1 real, 238.4 MB
[runlim] sample:		212.7 time, 220.1 real, 240.5 MB
[runlim] sample:		222.7 time, 230.1 real, 245.1 MB
[runlim] sample:		232.7 time, 240.1 real, 249.0 MB
[runlim] sample:		242.7 time, 250.1 real, 255.5 MB
[runlim] sample:		252.7 time, 260.1 real, 257.9 MB
[runlim] sample:		262.7 time, 270.1 real, 260.4 MB
[runlim] sample:		272.7 time, 280.1 real, 265.1 MB
[runlim] sample:		282.7 time, 290.1 real, 267.4 MB
[runlim] sample:		292.7 time, 300.1 real, 269.7 MB
CVC4 interrupted by SIGTERM.
[runlim] end:			Tue Jan 29 17:18:42 2019
[runlim] status:		out of time
[runlim] result:		2
[runlim] children:		0
[runlim] real:			307.50 seconds
[runlim] time:			300.10 seconds
[runlim] space:			272.0 MB
[runlim] samples:		3074
