[runlim] version:		1.10fixed
[runlim] time limit:		300 seconds
[runlim] real time limit:	311040000 seconds
[runlim] space limit:		4000 MB
[runlim] argv[0]:		./cvc4
[runlim] argv[1]:		--cbqi-all
[runlim] argv[2]:		/tmp/Qlzcd5ra.smt2
[runlim] start:			Tue Feb  5 13:35:45 2019
[runlim] main pid:		16308
[runlim] sample:		7.9 time, 10.1 real, 49.7 MB
[runlim] sample:		15.6 time, 20.1 real, 60.6 MB
[runlim] sample:		23.2 time, 30.1 real, 69.6 MB
[runlim] sample:		30.9 time, 40.1 real, 76.6 MB
[runlim] sample:		39.1 time, 50.1 real, 82.5 MB
[runlim] sample:		48.4 time, 60.1 real, 88.9 MB
[runlim] sample:		57.7 time, 70.1 real, 93.8 MB
[runlim] sample:		67.1 time, 80.1 real, 100.6 MB
[runlim] sample:		76.9 time, 90.1 real, 108.2 MB
[runlim] sample:		86.9 time, 100.1 real, 112.5 MB
[runlim] sample:		96.9 time, 110.1 real, 116.4 MB
[runlim] sample:		106.9 time, 120.1 real, 120.0 MB
[runlim] sample:		116.9 time, 130.1 real, 123.4 MB
[runlim] sample:		126.9 time, 140.1 real, 126.5 MB
[runlim] sample:		136.9 time, 150.1 real, 129.8 MB
[runlim] sample:		146.9 time, 160.1 real, 133.2 MB
[runlim] sample:		156.9 time, 170.1 real, 137.0 MB
[runlim] sample:		166.9 time, 180.1 real, 139.6 MB
[runlim] sample:		176.9 time, 190.1 real, 142.4 MB
[runlim] sample:		186.9 time, 200.1 real, 145.0 MB
[runlim] sample:		196.9 time, 210.1 real, 147.6 MB
[runlim] sample:		206.9 time, 220.1 real, 150.2 MB
[runlim] sample:		216.9 time, 230.1 real, 152.5 MB
[runlim] sample:		226.9 time, 240.1 real, 157.1 MB
[runlim] sample:		236.9 time, 250.1 real, 158.7 MB
[runlim] sample:		246.9 time, 260.1 real, 161.2 MB
[runlim] sample:		256.9 time, 270.1 real, 163.0 MB
[runlim] sample:		266.9 time, 280.1 real, 164.8 MB
[runlim] sample:		276.9 time, 290.1 real, 166.9 MB
[runlim] sample:		286.9 time, 300.1 real, 170.8 MB
[runlim] end:			Tue Feb  5 13:40:51 2019
[runlim] status:		signal(9)
[runlim] result:		11
[runlim] children:		0
[runlim] real:			306.42 seconds
[runlim] time:			293.21 seconds
[runlim] space:			171.9 MB
[runlim] samples:		3063
