[runlim] version:		1.10fixed
[runlim] time limit:		300 seconds
[runlim] real time limit:	311040000 seconds
[runlim] space limit:		4000 MB
[runlim] argv[0]:		./cvc4
[runlim] argv[1]:		--cbqi-all
[runlim] argv[2]:		/tmp/6FHA0SRv.smt2
[runlim] start:			Tue Feb  5 10:44:25 2019
[runlim] main pid:		31012
[runlim] sample:		9.7 time, 10.2 real, 53.4 MB
[runlim] sample:		19.5 time, 20.2 real, 67.2 MB
[runlim] sample:		29.5 time, 30.2 real, 76.3 MB
[runlim] sample:		39.5 time, 40.2 real, 84.3 MB
[runlim] sample:		48.6 time, 50.2 real, 89.9 MB
[runlim] sample:		58.3 time, 60.2 real, 96.3 MB
[runlim] sample:		66.6 time, 70.2 real, 101.4 MB
[runlim] sample:		75.0 time, 80.2 real, 108.4 MB
[runlim] sample:		83.4 time, 90.2 real, 112.2 MB
[runlim] sample:		91.8 time, 100.2 real, 115.3 MB
[runlim] sample:		100.1 time, 110.2 real, 118.7 MB
[runlim] sample:		109.2 time, 120.2 real, 121.8 MB
[runlim] sample:		119.2 time, 130.2 real, 124.9 MB
[runlim] sample:		129.2 time, 140.2 real, 128.0 MB
[runlim] sample:		139.2 time, 150.2 real, 131.6 MB
[runlim] sample:		149.2 time, 160.2 real, 134.4 MB
[runlim] sample:		157.3 time, 170.2 real, 137.7 MB
[runlim] sample:		165.2 time, 180.2 real, 139.8 MB
[runlim] sample:		175.2 time, 190.2 real, 142.9 MB
[runlim] sample:		185.2 time, 200.2 real, 145.5 MB
[runlim] sample:		195.2 time, 210.2 real, 148.1 MB
[runlim] sample:		205.2 time, 220.2 real, 150.6 MB
[runlim] sample:		215.2 time, 230.2 real, 155.3 MB
[runlim] sample:		225.2 time, 240.2 real, 157.3 MB
[runlim] sample:		235.2 time, 250.2 real, 159.4 MB
[runlim] sample:		245.2 time, 260.2 real, 161.5 MB
[runlim] sample:		255.2 time, 270.2 real, 163.5 MB
[runlim] sample:		265.2 time, 280.2 real, 165.3 MB
[runlim] sample:		275.2 time, 290.2 real, 169.3 MB
[runlim] sample:		285.2 time, 300.2 real, 171.4 MB
[runlim] sample:		295.2 time, 310.2 real, 173.2 MB
[runlim] end:			Tue Feb  5 10:49:37 2019
[runlim] status:		signal(9)
[runlim] result:		11
[runlim] children:		0
[runlim] real:			312.99 seconds
[runlim] time:			297.97 seconds
[runlim] space:			173.7 MB
[runlim] samples:		3128
