[runlim] version:		1.10fixed
[runlim] time limit:		300 seconds
[runlim] real time limit:	311040000 seconds
[runlim] space limit:		4000 MB
[runlim] argv[0]:		./cvc4
[runlim] argv[1]:		--cbqi-all
[runlim] argv[2]:		/tmp/Qt6UYwJm.smt2
[runlim] start:			Tue Jan 29 17:14:27 2019
[runlim] main pid:		2150
[runlim] sample:		9.4 time, 10.9 real, 42.3 MB
[runlim] sample:		18.7 time, 20.9 real, 54.2 MB
[runlim] sample:		28.1 time, 30.9 real, 63.8 MB
[runlim] sample:		37.2 time, 40.9 real, 72.7 MB
[runlim] sample:		45.2 time, 50.9 real, 77.6 MB
[runlim] sample:		54.0 time, 60.9 real, 83.1 MB
[runlim] sample:		63.4 time, 70.9 real, 88.2 MB
[runlim] sample:		72.9 time, 80.9 real, 93.1 MB
[runlim] sample:		82.6 time, 90.9 real, 97.5 MB
[runlim] sample:		92.3 time, 100.9 real, 103.8 MB
[runlim] sample:		102.0 time, 110.9 real, 112.1 MB
[runlim] sample:		111.9 time, 120.9 real, 115.9 MB
[runlim] sample:		121.9 time, 130.9 real, 119.5 MB
[runlim] sample:		131.9 time, 140.9 real, 122.6 MB
[runlim] sample:		141.9 time, 150.9 real, 125.7 MB
[runlim] sample:		151.9 time, 160.9 real, 128.8 MB
[runlim] sample:		161.9 time, 170.9 real, 131.6 MB
[runlim] sample:		171.9 time, 180.9 real, 134.2 MB
[runlim] sample:		181.9 time, 190.9 real, 137.1 MB
[runlim] sample:		191.9 time, 200.9 real, 139.4 MB
[runlim] sample:		201.9 time, 210.9 real, 142.0 MB
[runlim] sample:		211.9 time, 220.9 real, 144.3 MB
[runlim] sample:		221.9 time, 230.9 real, 146.6 MB
[runlim] sample:		231.9 time, 240.9 real, 148.7 MB
[runlim] sample:		241.9 time, 250.9 real, 151.0 MB
[runlim] sample:		251.9 time, 260.9 real, 153.3 MB
[runlim] sample:		261.9 time, 270.9 real, 155.1 MB
[runlim] sample:		271.9 time, 280.9 real, 157.2 MB
[runlim] sample:		281.9 time, 290.9 real, 159.5 MB
[runlim] sample:		291.9 time, 300.9 real, 161.3 MB
CVC4 interrupted by SIGTERM.
[runlim] end:			Tue Jan 29 17:19:36 2019
[runlim] status:		out of time
[runlim] result:		2
[runlim] children:		0
[runlim] real:			309.10 seconds
[runlim] time:			300.06 seconds
[runlim] space:			162.6 MB
[runlim] samples:		3082
