[runlim] version:		1.10fixed
[runlim] time limit:		300 seconds
[runlim] real time limit:	311040000 seconds
[runlim] space limit:		4000 MB
[runlim] argv[0]:		./cvc4
[runlim] argv[1]:		--cbqi-all
[runlim] argv[2]:		/tmp/aiFRAl1v.smt2
[runlim] start:			Tue Feb  5 13:37:05 2019
[runlim] main pid:		13950
/tmp/aiFRAl1v.smt2:4.12: No set-logic command was given before this point.
/tmp/aiFRAl1v.smt2:4.12: CVC4 will make all theories available.
/tmp/aiFRAl1v.smt2:4.12: Consider setting a stricter logic for (likely) better performance.
/tmp/aiFRAl1v.smt2:4.12: To suppress this warning in the future use (set-logic ALL).
[runlim] sample:		9.4 time, 10.6 real, 75.4 MB
[runlim] sample:		19.4 time, 20.6 real, 94.3 MB
[runlim] sample:		29.4 time, 30.6 real, 104.1 MB
[runlim] sample:		39.4 time, 40.6 real, 112.4 MB
[runlim] sample:		49.4 time, 50.6 real, 119.8 MB
[runlim] sample:		59.4 time, 60.6 real, 129.4 MB
[runlim] sample:		69.4 time, 70.6 real, 135.0 MB
[runlim] sample:		79.3 time, 80.6 real, 140.6 MB
[runlim] sample:		89.3 time, 90.6 real, 144.8 MB
[runlim] sample:		99.3 time, 100.6 real, 148.6 MB
[runlim] sample:		109.3 time, 110.6 real, 152.2 MB
[runlim] sample:		119.3 time, 120.6 real, 156.1 MB
[runlim] sample:		129.3 time, 130.6 real, 159.4 MB
[runlim] sample:		139.3 time, 140.6 real, 162.3 MB
[runlim] sample:		149.3 time, 150.6 real, 165.6 MB
[runlim] sample:		159.3 time, 160.6 real, 168.4 MB
[runlim] sample:		169.3 time, 170.6 real, 171.8 MB
[runlim] sample:		179.3 time, 180.6 real, 174.6 MB
[runlim] sample:		189.3 time, 190.6 real, 176.1 MB
[runlim] sample:		199.3 time, 200.6 real, 179.0 MB
[runlim] sample:		209.3 time, 210.6 real, 182.1 MB
[runlim] sample:		219.3 time, 220.6 real, 183.4 MB
[runlim] sample:		229.3 time, 230.6 real, 186.2 MB
[runlim] sample:		239.3 time, 240.6 real, 187.7 MB
[runlim] sample:		249.3 time, 250.6 real, 189.5 MB
[runlim] sample:		259.3 time, 260.6 real, 192.4 MB
[runlim] sample:		269.3 time, 270.6 real, 193.6 MB
[runlim] sample:		279.3 time, 280.6 real, 195.4 MB
[runlim] sample:		289.3 time, 290.6 real, 198.5 MB
[runlim] sample:		299.3 time, 300.6 real, 199.8 MB
CVC4 interrupted by SIGTERM.
[runlim] end:			Tue Feb  5 13:42:06 2019
[runlim] status:		out of time
[runlim] result:		2
[runlim] children:		0
[runlim] real:			301.32 seconds
[runlim] time:			300.02 seconds
[runlim] space:			199.8 MB
[runlim] samples:		3007
