[runlim] version:		1.10fixed
[runlim] time limit:		300 seconds
[runlim] real time limit:	311040000 seconds
[runlim] space limit:		4000 MB
[runlim] argv[0]:		./cvc4
[runlim] argv[1]:		--cbqi-all
[runlim] argv[2]:		/tmp/65cjFAMX.smt2
[runlim] start:			Tue Feb  5 10:49:43 2019
[runlim] main pid:		29121
[runlim] sample:		7.6 time, 11.0 real, 37.0 MB
[runlim] sample:		16.7 time, 21.0 real, 44.2 MB
[runlim] sample:		25.0 time, 31.0 real, 50.4 MB
[runlim] sample:		33.7 time, 41.0 real, 56.2 MB
[runlim] sample:		42.9 time, 51.0 real, 60.8 MB
[runlim] sample:		51.8 time, 61.0 real, 65.2 MB
[runlim] sample:		61.8 time, 71.0 real, 69.8 MB
[runlim] sample:		71.3 time, 81.0 real, 73.1 MB
[runlim] sample:		79.0 time, 91.0 real, 77.2 MB
[runlim] sample:		89.0 time, 101.0 real, 79.7 MB
[runlim] sample:		99.0 time, 111.0 real, 82.9 MB
[runlim] sample:		107.6 time, 121.0 real, 87.3 MB
[runlim] sample:		117.0 time, 131.0 real, 89.9 MB
[runlim] sample:		123.7 time, 141.0 real, 92.5 MB
[runlim] sample:		133.0 time, 151.0 real, 94.8 MB
[runlim] sample:		141.7 time, 161.0 real, 97.4 MB
[runlim] sample:		149.9 time, 171.0 real, 99.4 MB
[runlim] sample:		159.1 time, 181.0 real, 102.8 MB
[runlim] sample:		168.2 time, 191.0 real, 104.9 MB
[runlim] sample:		177.5 time, 201.0 real, 108.3 MB
[runlim] sample:		187.2 time, 211.0 real, 110.1 MB
[runlim] sample:		196.9 time, 221.0 real, 112.9 MB
[runlim] sample:		206.1 time, 231.0 real, 115.0 MB
[runlim] sample:		215.2 time, 241.0 real, 117.3 MB
[runlim] sample:		224.2 time, 251.0 real, 119.1 MB
[runlim] sample:		233.5 time, 261.0 real, 121.4 MB
[runlim] sample:		242.6 time, 271.0 real, 123.8 MB
[runlim] sample:		252.4 time, 281.0 real, 126.1 MB
[runlim] sample:		262.4 time, 291.0 real, 126.9 MB
[runlim] sample:		272.4 time, 301.0 real, 129.2 MB
[runlim] sample:		282.4 time, 311.0 real, 131.0 MB
[runlim] sample:		292.4 time, 321.0 real, 133.6 MB
CVC4 interrupted by SIGTERM.
[runlim] end:			Tue Feb  5 10:55:11 2019
[runlim] status:		out of time
[runlim] result:		2
[runlim] children:		0
[runlim] real:			328.68 seconds
[runlim] time:			300.06 seconds
[runlim] space:			134.6 MB
[runlim] samples:		3277
