[runlim] version:		1.10fixed
[runlim] time limit:		300 seconds
[runlim] real time limit:	311040000 seconds
[runlim] space limit:		4000 MB
[runlim] argv[0]:		./cvc4
[runlim] argv[1]:		--cbqi-all
[runlim] argv[2]:		/tmp/0JsJ4eYi.smt2
[runlim] start:			Tue Jan 29 17:14:31 2019
[runlim] main pid:		7068
[runlim] sample:		8.8 time, 10.7 real, 41.1 MB
[runlim] sample:		18.2 time, 20.7 real, 53.7 MB
[runlim] sample:		27.5 time, 30.7 real, 61.9 MB
[runlim] sample:		37.2 time, 40.7 real, 71.9 MB
[runlim] sample:		47.2 time, 50.7 real, 78.4 MB
[runlim] sample:		57.2 time, 60.7 real, 84.1 MB
[runlim] sample:		67.2 time, 70.7 real, 89.7 MB
[runlim] sample:		77.2 time, 80.7 real, 94.6 MB
[runlim] sample:		87.2 time, 90.7 real, 98.7 MB
[runlim] sample:		96.9 time, 100.7 real, 109.3 MB
[runlim] sample:		105.9 time, 110.7 real, 112.6 MB
[runlim] sample:		115.0 time, 120.7 real, 116.5 MB
[runlim] sample:		125.0 time, 130.7 real, 120.1 MB
[runlim] sample:		134.4 time, 140.7 real, 123.2 MB
[runlim] sample:		144.4 time, 150.7 real, 126.3 MB
[runlim] sample:		154.3 time, 160.7 real, 129.7 MB
[runlim] sample:		164.3 time, 170.7 real, 132.5 MB
[runlim] sample:		173.9 time, 180.7 real, 135.6 MB
[runlim] sample:		183.2 time, 190.7 real, 137.9 MB
[runlim] sample:		192.6 time, 200.7 real, 140.2 MB
[runlim] sample:		201.9 time, 210.7 real, 142.5 MB
[runlim] sample:		211.2 time, 220.7 real, 144.9 MB
[runlim] sample:		220.5 time, 230.7 real, 147.2 MB
[runlim] sample:		230.4 time, 240.7 real, 149.2 MB
[runlim] sample:		240.4 time, 250.7 real, 151.6 MB
[runlim] sample:		250.4 time, 260.7 real, 153.6 MB
[runlim] sample:		260.4 time, 270.7 real, 155.9 MB
[runlim] sample:		270.4 time, 280.7 real, 157.7 MB
[runlim] sample:		280.4 time, 290.7 real, 159.8 MB
[runlim] sample:		290.4 time, 300.7 real, 161.6 MB
CVC4 interrupted by SIGTERM.
[runlim] end:			Tue Jan 29 17:19:41 2019
[runlim] status:		out of time
[runlim] result:		2
[runlim] children:		0
[runlim] real:			310.36 seconds
[runlim] time:			300.02 seconds
[runlim] space:			163.4 MB
[runlim] samples:		3096
