[runlim] version:		1.10fixed
[runlim] time limit:		300 seconds
[runlim] real time limit:	311040000 seconds
[runlim] space limit:		4000 MB
[runlim] argv[0]:		./cvc4
[runlim] argv[1]:		--cbqi-all
[runlim] argv[2]:		/tmp/MYME8IS4.smt2
[runlim] start:			Tue Feb  5 13:37:16 2019
[runlim] main pid:		6314
/tmp/MYME8IS4.smt2:4.12: No set-logic command was given before this point.
/tmp/MYME8IS4.smt2:4.12: CVC4 will make all theories available.
/tmp/MYME8IS4.smt2:4.12: Consider setting a stricter logic for (likely) better performance.
/tmp/MYME8IS4.smt2:4.12: To suppress this warning in the future use (set-logic ALL).
[runlim] sample:		9.2 time, 10.4 real, 98.2 MB
[runlim] sample:		19.0 time, 20.4 real, 131.2 MB
[runlim] sample:		29.0 time, 30.4 real, 150.6 MB
[runlim] sample:		37.8 time, 40.4 real, 163.7 MB
[runlim] sample:		47.8 time, 50.4 real, 177.1 MB
[runlim] sample:		57.8 time, 60.4 real, 186.9 MB
[runlim] sample:		67.7 time, 70.4 real, 196.2 MB
[runlim] sample:		77.7 time, 80.4 real, 204.7 MB
[runlim] sample:		87.7 time, 90.4 real, 213.4 MB
[runlim] sample:		97.7 time, 100.4 real, 222.7 MB
[runlim] sample:		107.7 time, 110.4 real, 232.0 MB
[runlim] sample:		117.7 time, 120.4 real, 237.7 MB
[runlim] sample:		127.7 time, 130.4 real, 244.9 MB
[runlim] sample:		137.7 time, 140.4 real, 253.4 MB
[runlim] sample:		147.7 time, 150.4 real, 258.2 MB
[runlim] sample:		157.7 time, 160.4 real, 268.3 MB
[runlim] sample:		167.7 time, 170.4 real, 271.9 MB
[runlim] sample:		177.7 time, 180.4 real, 276.0 MB
[runlim] sample:		187.7 time, 190.4 real, 282.2 MB
[runlim] sample:		197.7 time, 200.4 real, 286.6 MB
[runlim] sample:		207.7 time, 210.4 real, 290.9 MB
[runlim] sample:		217.7 time, 220.4 real, 295.0 MB
[runlim] sample:		227.7 time, 230.4 real, 299.4 MB
[runlim] sample:		237.7 time, 240.4 real, 304.0 MB
[runlim] sample:		247.7 time, 250.4 real, 308.9 MB
[runlim] sample:		257.7 time, 260.4 real, 311.5 MB
[runlim] sample:		267.7 time, 270.4 real, 315.9 MB
[runlim] sample:		277.7 time, 280.4 real, 318.7 MB
[runlim] sample:		287.7 time, 290.4 real, 322.8 MB
[runlim] sample:		297.7 time, 300.4 real, 326.9 MB
CVC4 interrupted by SIGTERM.
[runlim] end:			Tue Feb  5 13:42:18 2019
[runlim] status:		out of time
[runlim] result:		2
[runlim] children:		0
[runlim] real:			302.81 seconds
[runlim] time:			300.10 seconds
[runlim] space:			328.0 MB
[runlim] samples:		3024
