[runlim] version:		1.10fixed
[runlim] time limit:		300 seconds
[runlim] real time limit:	311040000 seconds
[runlim] space limit:		4000 MB
[runlim] argv[0]:		./cvc4
[runlim] argv[1]:		--cbqi-all
[runlim] argv[2]:		/tmp/6pFVIDNY.smt2
[runlim] start:			Tue Feb  5 10:49:08 2019
[runlim] main pid:		12253
[runlim] sample:		9.9 time, 10.5 real, 43.1 MB
[runlim] sample:		19.9 time, 20.5 real, 55.5 MB
[runlim] sample:		29.9 time, 30.5 real, 64.8 MB
[runlim] sample:		39.9 time, 40.5 real, 74.2 MB
[runlim] sample:		49.9 time, 50.5 real, 80.4 MB
[runlim] sample:		59.9 time, 60.5 real, 86.3 MB
[runlim] sample:		69.9 time, 70.5 real, 91.5 MB
[runlim] sample:		79.9 time, 80.5 real, 96.6 MB
[runlim] sample:		89.9 time, 90.5 real, 101.0 MB
[runlim] sample:		99.9 time, 100.5 real, 106.9 MB
[runlim] sample:		109.9 time, 110.5 real, 115.1 MB
[runlim] sample:		119.9 time, 120.5 real, 118.7 MB
[runlim] sample:		129.9 time, 130.5 real, 122.0 MB
[runlim] sample:		139.9 time, 140.5 real, 125.1 MB
[runlim] sample:		149.9 time, 150.5 real, 128.0 MB
[runlim] sample:		159.9 time, 160.5 real, 131.6 MB
[runlim] sample:		169.9 time, 170.5 real, 134.4 MB
[runlim] sample:		179.9 time, 180.5 real, 137.2 MB
[runlim] sample:		189.9 time, 190.5 real, 140.1 MB
[runlim] sample:		199.9 time, 200.5 real, 142.1 MB
[runlim] sample:		209.9 time, 210.5 real, 144.5 MB
[runlim] sample:		219.9 time, 220.5 real, 146.5 MB
[runlim] sample:		229.9 time, 230.5 real, 148.8 MB
[runlim] sample:		239.9 time, 240.5 real, 151.2 MB
[runlim] sample:		249.9 time, 250.5 real, 153.0 MB
[runlim] sample:		259.9 time, 260.5 real, 155.0 MB
[runlim] sample:		269.9 time, 270.5 real, 157.1 MB
[runlim] sample:		279.9 time, 280.5 real, 158.9 MB
[runlim] sample:		289.9 time, 290.5 real, 160.7 MB
[runlim] sample:		299.9 time, 300.5 real, 162.5 MB
CVC4 interrupted by SIGTERM.
[runlim] end:			Tue Feb  5 10:54:08 2019
[runlim] status:		out of time
[runlim] result:		2
[runlim] children:		0
[runlim] real:			300.75 seconds
[runlim] time:			300.05 seconds
[runlim] space:			162.5 MB
[runlim] samples:		3002
