[runlim] version:		1.10fixed
[runlim] time limit:		300 seconds
[runlim] real time limit:	311040000 seconds
[runlim] space limit:		4000 MB
[runlim] argv[0]:		./cvc4
[runlim] argv[1]:		--cbqi-all
[runlim] argv[2]:		/tmp/fj12gvyW.smt2
[runlim] start:			Tue Jan 29 17:12:46 2019
[runlim] main pid:		30679
[runlim] sample:		9.7 time, 10.5 real, 69.5 MB
[runlim] sample:		19.7 time, 20.5 real, 88.8 MB
[runlim] sample:		29.7 time, 30.5 real, 101.1 MB
[runlim] sample:		39.1 time, 40.5 real, 110.7 MB
[runlim] sample:		48.5 time, 50.5 real, 120.5 MB
[runlim] sample:		58.5 time, 60.5 real, 127.9 MB
[runlim] sample:		68.5 time, 70.5 real, 134.3 MB
[runlim] sample:		78.5 time, 80.5 real, 140.2 MB
[runlim] sample:		88.2 time, 90.5 real, 145.1 MB
[runlim] sample:		97.8 time, 100.5 real, 150.5 MB
[runlim] sample:		107.5 time, 110.5 real, 155.3 MB
[runlim] sample:		117.2 time, 120.5 real, 159.4 MB
[runlim] sample:		126.8 time, 130.5 real, 163.6 MB
[runlim] sample:		136.6 time, 140.5 real, 167.5 MB
[runlim] sample:		146.6 time, 150.5 real, 170.6 MB
[runlim] sample:		156.6 time, 160.5 real, 173.7 MB
[runlim] sample:		166.6 time, 170.5 real, 177.9 MB
[runlim] sample:		176.6 time, 180.5 real, 180.9 MB
[runlim] sample:		186.6 time, 190.5 real, 184.1 MB
[runlim] sample:		196.6 time, 200.5 real, 186.8 MB
[runlim] sample:		206.6 time, 210.5 real, 189.6 MB
[runlim] sample:		216.6 time, 220.5 real, 192.6 MB
[runlim] sample:		226.6 time, 230.5 real, 196.3 MB
[runlim] sample:		235.0 time, 240.5 real, 198.9 MB
[runlim] sample:		243.1 time, 250.5 real, 200.2 MB
[runlim] sample:		251.9 time, 260.5 real, 202.7 MB
[runlim] sample:		261.6 time, 270.5 real, 207.2 MB
[runlim] sample:		269.9 time, 280.5 real, 210.5 MB
[runlim] sample:		279.9 time, 290.5 real, 211.5 MB
[runlim] sample:		289.9 time, 300.5 real, 214.1 MB
[runlim] end:			Tue Jan 29 17:17:56 2019
[runlim] status:		signal(9)
[runlim] result:		11
[runlim] children:		0
[runlim] real:			310.47 seconds
[runlim] time:			299.79 seconds
[runlim] space:			217.2 MB
[runlim] samples:		3099
