[runlim] version:		1.10fixed
[runlim] time limit:		300 seconds
[runlim] real time limit:	311040000 seconds
[runlim] space limit:		4000 MB
[runlim] argv[0]:		./cvc4
[runlim] argv[1]:		--cbqi-all
[runlim] argv[2]:		/tmp/XbwfRuS1.smt2
[runlim] start:			Tue Feb  5 10:49:33 2019
[runlim] main pid:		11762
[runlim] sample:		8.2 time, 10.9 real, 44.9 MB
[runlim] sample:		17.4 time, 20.9 real, 63.7 MB
[runlim] sample:		27.2 time, 30.9 real, 81.1 MB
[runlim] sample:		37.2 time, 40.9 real, 96.9 MB
[runlim] sample:		47.1 time, 50.9 real, 111.6 MB
[runlim] sample:		57.0 time, 60.9 real, 124.4 MB
[runlim] sample:		66.5 time, 70.9 real, 136.3 MB
[runlim] sample:		76.5 time, 80.9 real, 152.7 MB
[runlim] sample:		86.5 time, 90.9 real, 168.7 MB
[runlim] sample:		96.5 time, 100.9 real, 175.7 MB
[runlim] sample:		106.5 time, 110.9 real, 188.6 MB
[runlim] sample:		116.1 time, 120.9 real, 197.6 MB
[runlim] sample:		126.1 time, 130.9 real, 208.7 MB
[runlim] sample:		134.9 time, 140.9 real, 219.7 MB
[runlim] sample:		144.9 time, 150.9 real, 230.3 MB
[runlim] sample:		154.9 time, 160.9 real, 240.6 MB
[runlim] sample:		164.9 time, 170.9 real, 254.5 MB
[runlim] sample:		174.9 time, 180.9 real, 260.2 MB
[runlim] sample:		184.9 time, 190.9 real, 270.8 MB
[runlim] sample:		193.4 time, 200.9 real, 279.8 MB
[runlim] sample:		201.2 time, 210.9 real, 287.3 MB
[runlim] sample:		210.8 time, 220.9 real, 297.8 MB
[runlim] sample:		220.8 time, 230.9 real, 309.2 MB
[runlim] sample:		230.8 time, 240.9 real, 320.5 MB
[runlim] sample:		240.8 time, 250.9 real, 332.2 MB
[runlim] sample:		250.8 time, 260.9 real, 343.3 MB
[runlim] sample:		260.8 time, 270.9 real, 351.3 MB
[runlim] sample:		270.8 time, 280.9 real, 359.8 MB
[runlim] sample:		280.8 time, 290.9 real, 368.3 MB
[runlim] sample:		290.8 time, 300.9 real, 400.4 MB
CVC4 interrupted by SIGTERM.
[runlim] end:			Tue Feb  5 10:54:43 2019
[runlim] status:		out of time
[runlim] result:		2
[runlim] children:		0
[runlim] real:			310.36 seconds
[runlim] time:			300.03 seconds
[runlim] space:			427.1 MB
[runlim] samples:		3094
