[runlim] version:		1.10fixed
[runlim] time limit:		300 seconds
[runlim] real time limit:	311040000 seconds
[runlim] space limit:		4000 MB
[runlim] argv[0]:		./cvc4
[runlim] argv[1]:		--cbqi-all
[runlim] argv[2]:		/tmp/WZSTwmAZ.smt2
[runlim] start:			Tue Feb  5 10:44:28 2019
[runlim] main pid:		1776
[runlim] sample:		8.3 time, 10.0 real, 51.4 MB
[runlim] sample:		17.3 time, 20.0 real, 65.2 MB
[runlim] sample:		26.1 time, 30.0 real, 73.5 MB
[runlim] sample:		35.1 time, 40.0 real, 81.4 MB
[runlim] sample:		44.5 time, 50.0 real, 88.1 MB
[runlim] sample:		53.8 time, 60.0 real, 94.7 MB
[runlim] sample:		63.1 time, 70.0 real, 100.1 MB
[runlim] sample:		72.5 time, 80.0 real, 107.9 MB
[runlim] sample:		81.8 time, 90.0 real, 112.5 MB
[runlim] sample:		90.7 time, 100.0 real, 115.9 MB
[runlim] sample:		99.0 time, 110.0 real, 119.5 MB
[runlim] sample:		108.4 time, 120.0 real, 122.8 MB
[runlim] sample:		117.8 time, 130.0 real, 125.7 MB
[runlim] sample:		127.2 time, 140.0 real, 129.0 MB
[runlim] sample:		136.1 time, 150.0 real, 131.9 MB
[runlim] sample:		145.8 time, 160.0 real, 134.9 MB
[runlim] sample:		155.8 time, 170.0 real, 138.8 MB
[runlim] sample:		165.8 time, 180.0 real, 141.4 MB
[runlim] sample:		175.8 time, 190.0 real, 144.5 MB
[runlim] sample:		185.8 time, 200.0 real, 147.3 MB
[runlim] sample:		195.8 time, 210.0 real, 149.6 MB
[runlim] sample:		205.8 time, 220.0 real, 152.2 MB
[runlim] sample:		215.8 time, 230.0 real, 156.3 MB
[runlim] sample:		225.8 time, 240.0 real, 158.9 MB
[runlim] sample:		235.8 time, 250.0 real, 160.7 MB
[runlim] sample:		245.8 time, 260.0 real, 163.3 MB
[runlim] sample:		255.8 time, 270.0 real, 167.3 MB
[runlim] sample:		265.7 time, 280.0 real, 169.4 MB
[runlim] sample:		275.7 time, 290.0 real, 171.2 MB
[runlim] sample:		284.2 time, 300.0 real, 172.5 MB
[runlim] sample:		293.5 time, 310.0 real, 174.3 MB
[runlim] end:			Tue Feb  5 10:49:43 2019
[runlim] status:		signal(9)
[runlim] result:		11
[runlim] children:		0
[runlim] real:			315.69 seconds
[runlim] time:			298.98 seconds
[runlim] space:			175.3 MB
[runlim] samples:		3156
