[runlim] version:		1.10fixed
[runlim] time limit:		300 seconds
[runlim] real time limit:	311040000 seconds
[runlim] space limit:		4000 MB
[runlim] argv[0]:		./cvc4
[runlim] argv[1]:		--cbqi-all
[runlim] argv[2]:		/tmp/LSocra41.smt2
[runlim] start:			Tue Feb  5 10:48:46 2019
[runlim] main pid:		15398
[runlim] sample:		8.7 time, 10.5 real, 41.2 MB
[runlim] sample:		18.0 time, 20.5 real, 53.5 MB
[runlim] sample:		27.1 time, 30.5 real, 61.2 MB
[runlim] sample:		36.8 time, 40.5 real, 71.0 MB
[runlim] sample:		46.2 time, 50.5 real, 77.2 MB
[runlim] sample:		55.5 time, 60.5 real, 82.6 MB
[runlim] sample:		64.8 time, 70.5 real, 88.1 MB
[runlim] sample:		74.1 time, 80.5 real, 93.0 MB
[runlim] sample:		83.8 time, 90.5 real, 96.8 MB
[runlim] sample:		93.4 time, 100.5 real, 101.2 MB
[runlim] sample:		103.3 time, 110.5 real, 111.2 MB
[runlim] sample:		113.3 time, 120.5 real, 115.3 MB
[runlim] sample:		123.3 time, 130.5 real, 118.9 MB
[runlim] sample:		133.3 time, 140.5 real, 122.2 MB
[runlim] sample:		143.3 time, 150.5 real, 125.1 MB
[runlim] sample:		152.9 time, 160.5 real, 127.9 MB
[runlim] sample:		162.6 time, 170.5 real, 131.0 MB
[runlim] sample:		172.4 time, 180.5 real, 133.9 MB
[runlim] sample:		182.4 time, 190.5 real, 136.4 MB
[runlim] sample:		192.4 time, 200.5 real, 139.0 MB
[runlim] sample:		202.3 time, 210.5 real, 141.3 MB
[runlim] sample:		212.3 time, 220.5 real, 143.6 MB
[runlim] sample:		222.2 time, 230.5 real, 146.0 MB
[runlim] sample:		231.9 time, 240.5 real, 148.5 MB
[runlim] sample:		241.5 time, 250.5 real, 150.4 MB
[runlim] sample:		251.2 time, 260.5 real, 152.7 MB
[runlim] sample:		261.2 time, 270.5 real, 155.0 MB
[runlim] sample:		271.2 time, 280.5 real, 157.1 MB
[runlim] sample:		281.2 time, 290.5 real, 158.9 MB
[runlim] sample:		291.2 time, 300.5 real, 160.9 MB
CVC4 interrupted by SIGTERM.
[runlim] end:			Tue Feb  5 10:53:55 2019
[runlim] status:		out of time
[runlim] result:		2
[runlim] children:		0
[runlim] real:			309.30 seconds
[runlim] time:			300.01 seconds
[runlim] space:			162.7 MB
[runlim] samples:		3088
