[runlim] version:		1.10fixed
[runlim] time limit:		300 seconds
[runlim] real time limit:	311040000 seconds
[runlim] space limit:		4000 MB
[runlim] argv[0]:		./cvc4
[runlim] argv[1]:		--cbqi-all
[runlim] argv[2]:		/tmp/RTfbCOUA.smt2
[runlim] start:			Tue Feb  5 10:49:31 2019
[runlim] main pid:		14508
[runlim] sample:		9.4 time, 10.5 real, 48.0 MB
[runlim] sample:		18.6 time, 20.5 real, 66.4 MB
[runlim] sample:		28.1 time, 30.5 real, 83.4 MB
[runlim] sample:		38.0 time, 40.5 real, 98.6 MB
[runlim] sample:		48.0 time, 50.5 real, 114.4 MB
[runlim] sample:		57.3 time, 60.5 real, 126.5 MB
[runlim] sample:		66.2 time, 70.5 real, 138.4 MB
[runlim] sample:		76.2 time, 80.5 real, 151.7 MB
[runlim] sample:		86.2 time, 90.5 real, 166.6 MB
[runlim] sample:		96.2 time, 100.5 real, 177.2 MB
[runlim] sample:		106.2 time, 110.5 real, 188.8 MB
[runlim] sample:		116.2 time, 120.5 real, 200.6 MB
[runlim] sample:		126.2 time, 130.5 real, 210.9 MB
[runlim] sample:		136.1 time, 140.5 real, 223.6 MB
[runlim] sample:		145.9 time, 150.5 real, 234.4 MB
[runlim] sample:		155.9 time, 160.5 real, 252.1 MB
[runlim] sample:		165.8 time, 170.5 real, 254.1 MB
[runlim] sample:		175.7 time, 180.5 real, 265.5 MB
[runlim] sample:		185.7 time, 190.5 real, 274.5 MB
[runlim] sample:		195.6 time, 200.5 real, 285.1 MB
[runlim] sample:		205.6 time, 210.5 real, 294.9 MB
[runlim] sample:		215.4 time, 220.5 real, 303.9 MB
[runlim] sample:		225.4 time, 230.5 real, 311.9 MB
[runlim] sample:		235.0 time, 240.5 real, 322.4 MB
[runlim] sample:		244.7 time, 250.5 real, 338.0 MB
[runlim] sample:		254.7 time, 260.5 real, 346.0 MB
[runlim] sample:		264.5 time, 270.5 real, 354.5 MB
[runlim] sample:		274.3 time, 280.5 real, 362.8 MB
[runlim] sample:		283.9 time, 290.5 real, 371.3 MB
[runlim] sample:		293.9 time, 300.5 real, 399.4 MB
CVC4 interrupted by SIGTERM.
[runlim] end:			Tue Feb  5 10:54:37 2019
[runlim] status:		out of time
[runlim] result:		2
[runlim] children:		0
[runlim] real:			306.68 seconds
[runlim] time:			300.06 seconds
[runlim] space:			426.7 MB
[runlim] samples:		3062
