[runlim] version:		1.10fixed
[runlim] time limit:		300 seconds
[runlim] real time limit:	311040000 seconds
[runlim] space limit:		4000 MB
[runlim] argv[0]:		./cvc4
[runlim] argv[1]:		--cbqi-all
[runlim] argv[2]:		/tmp/B0SAVf5o.smt2
[runlim] start:			Tue Feb  5 10:44:30 2019
[runlim] main pid:		30423
[runlim] sample:		8.4 time, 10.9 real, 50.5 MB
[runlim] sample:		18.4 time, 20.9 real, 65.3 MB
[runlim] sample:		28.4 time, 30.9 real, 74.6 MB
[runlim] sample:		37.4 time, 40.9 real, 81.8 MB
[runlim] sample:		46.9 time, 50.9 real, 88.8 MB
[runlim] sample:		56.6 time, 60.9 real, 93.9 MB
[runlim] sample:		66.5 time, 70.9 real, 100.9 MB
[runlim] sample:		76.5 time, 80.9 real, 108.4 MB
[runlim] sample:		86.5 time, 90.9 real, 113.1 MB
[runlim] sample:		96.5 time, 100.9 real, 116.9 MB
[runlim] sample:		106.5 time, 110.9 real, 120.8 MB
[runlim] sample:		116.3 time, 120.9 real, 123.6 MB
[runlim] sample:		125.9 time, 130.9 real, 126.7 MB
[runlim] sample:		135.6 time, 140.9 real, 130.1 MB
[runlim] sample:		145.2 time, 150.9 real, 133.4 MB
[runlim] sample:		154.8 time, 160.9 real, 137.0 MB
[runlim] sample:		164.5 time, 170.9 real, 139.6 MB
[runlim] sample:		174.1 time, 180.9 real, 142.7 MB
[runlim] sample:		183.9 time, 190.9 real, 145.0 MB
[runlim] sample:		193.5 time, 200.9 real, 147.3 MB
[runlim] sample:		203.2 time, 210.9 real, 149.9 MB
[runlim] sample:		212.8 time, 220.9 real, 152.5 MB
[runlim] sample:		222.5 time, 230.9 real, 157.1 MB
[runlim] sample:		232.5 time, 240.9 real, 158.4 MB
[runlim] sample:		242.5 time, 250.9 real, 161.0 MB
[runlim] sample:		252.4 time, 260.9 real, 162.8 MB
[runlim] sample:		262.0 time, 270.9 real, 164.6 MB
[runlim] sample:		271.7 time, 280.9 real, 166.4 MB
[runlim] sample:		281.7 time, 290.9 real, 170.2 MB
[runlim] sample:		291.7 time, 300.9 real, 172.0 MB
CVC4 interrupted by SIGTERM.
[runlim] end:			Tue Feb  5 10:49:39 2019
[runlim] status:		out of time
[runlim] result:		2
[runlim] children:		0
[runlim] real:			309.32 seconds
[runlim] time:			300.10 seconds
[runlim] space:			173.8 MB
[runlim] samples:		3084
