[runlim] version:		1.10fixed
[runlim] time limit:		300 seconds
[runlim] real time limit:	311040000 seconds
[runlim] space limit:		4000 MB
[runlim] argv[0]:		./cvc4
[runlim] argv[1]:		--cbqi-all
[runlim] argv[2]:		/tmp/g3lsLEEi.smt2
[runlim] start:			Tue Feb  5 10:45:09 2019
[runlim] main pid:		2548
/tmp/g3lsLEEi.smt2:4.12: No set-logic command was given before this point.
/tmp/g3lsLEEi.smt2:4.12: CVC4 will make all theories available.
/tmp/g3lsLEEi.smt2:4.12: Consider setting a stricter logic for (likely) better performance.
/tmp/g3lsLEEi.smt2:4.12: To suppress this warning in the future use (set-logic ALL).
[runlim] sample:		8.8 time, 10.3 real, 107.2 MB
[runlim] sample:		18.8 time, 20.3 real, 153.6 MB
[runlim] sample:		28.4 time, 30.3 real, 178.9 MB
[runlim] sample:		38.2 time, 40.3 real, 198.7 MB
[runlim] sample:		47.2 time, 50.3 real, 218.6 MB
[runlim] sample:		56.2 time, 60.3 real, 228.7 MB
[runlim] sample:		64.6 time, 70.3 real, 239.0 MB
[runlim] sample:		73.8 time, 80.3 real, 252.8 MB
[runlim] sample:		83.8 time, 90.3 real, 265.2 MB
[runlim] sample:		93.8 time, 100.3 real, 275.5 MB
[runlim] sample:		103.8 time, 110.3 real, 285.6 MB
[runlim] sample:		113.8 time, 120.3 real, 293.6 MB
[runlim] sample:		123.8 time, 130.3 real, 300.8 MB
[runlim] sample:		133.8 time, 140.3 real, 311.1 MB
[runlim] sample:		143.8 time, 150.3 real, 317.8 MB
[runlim] sample:		153.8 time, 160.3 real, 326.5 MB
[runlim] sample:		163.8 time, 170.3 real, 332.7 MB
[runlim] sample:		173.7 time, 180.3 real, 339.9 MB
[runlim] sample:		183.7 time, 190.3 real, 346.6 MB
[runlim] sample:		192.5 time, 200.3 real, 349.9 MB
[runlim] sample:		201.2 time, 210.3 real, 356.6 MB
[runlim] sample:		211.2 time, 220.3 real, 360.8 MB
[runlim] sample:		221.2 time, 230.3 real, 368.0 MB
[runlim] sample:		230.9 time, 240.3 real, 371.3 MB
[runlim] sample:		240.9 time, 250.3 real, 378.8 MB
[runlim] sample:		250.9 time, 260.3 real, 384.2 MB
[runlim] sample:		260.9 time, 270.3 real, 387.5 MB
[runlim] sample:		270.8 time, 280.3 real, 392.9 MB
[runlim] sample:		280.8 time, 290.3 real, 396.3 MB
[runlim] sample:		290.8 time, 300.3 real, 402.7 MB
CVC4 interrupted by SIGTERM.
[runlim] end:			Tue Feb  5 10:50:18 2019
[runlim] status:		out of time
[runlim] result:		2
[runlim] children:		0
[runlim] real:			309.53 seconds
[runlim] time:			300.01 seconds
[runlim] space:			411.6 MB
[runlim] samples:		3092
