[runlim] version:		1.10fixed
[runlim] time limit:		300 seconds
[runlim] real time limit:	311040000 seconds
[runlim] space limit:		4000 MB
[runlim] argv[0]:		./cvc4
[runlim] argv[1]:		--cbqi-all
[runlim] argv[2]:		/tmp/f0W9pwLR.smt2
[runlim] start:			Tue Feb  5 10:44:07 2019
[runlim] main pid:		11254
[runlim] sample:		9.9 time, 10.5 real, 54.2 MB
[runlim] sample:		19.6 time, 20.5 real, 68.2 MB
[runlim] sample:		29.6 time, 30.5 real, 77.2 MB
[runlim] sample:		39.6 time, 40.5 real, 85.7 MB
[runlim] sample:		49.6 time, 50.5 real, 91.9 MB
[runlim] sample:		59.6 time, 60.5 real, 98.7 MB
[runlim] sample:		69.6 time, 70.5 real, 106.7 MB
[runlim] sample:		79.6 time, 80.5 real, 112.2 MB
[runlim] sample:		88.7 time, 90.5 real, 115.8 MB
[runlim] sample:		97.7 time, 100.5 real, 119.1 MB
[runlim] sample:		106.7 time, 110.5 real, 122.5 MB
[runlim] sample:		115.7 time, 120.5 real, 125.6 MB
[runlim] sample:		124.7 time, 130.5 real, 128.4 MB
[runlim] sample:		133.7 time, 140.5 real, 131.5 MB
[runlim] sample:		142.7 time, 150.5 real, 134.6 MB
[runlim] sample:		151.7 time, 160.5 real, 137.9 MB
[runlim] sample:		160.8 time, 170.5 real, 140.5 MB
[runlim] sample:		169.8 time, 180.5 real, 142.8 MB
[runlim] sample:		178.8 time, 190.5 real, 145.9 MB
[runlim] sample:		188.3 time, 200.5 real, 148.5 MB
[runlim] sample:		198.3 time, 210.5 real, 150.8 MB
[runlim] sample:		208.3 time, 220.5 real, 153.4 MB
[runlim] sample:		218.3 time, 230.5 real, 159.1 MB
[runlim] sample:		228.3 time, 240.5 real, 159.6 MB
[runlim] sample:		238.3 time, 250.5 real, 161.6 MB
[runlim] sample:		248.3 time, 260.5 real, 164.2 MB
[runlim] sample:		258.3 time, 270.5 real, 167.8 MB
[runlim] sample:		268.2 time, 280.5 real, 170.2 MB
[runlim] sample:		276.7 time, 290.5 real, 171.4 MB
[runlim] sample:		285.7 time, 300.5 real, 173.3 MB
[runlim] sample:		294.9 time, 310.5 real, 175.1 MB
CVC4 interrupted by SIGTERM.
[runlim] end:			Tue Feb  5 10:49:22 2019
[runlim] status:		out of time
[runlim] result:		2
[runlim] children:		0
[runlim] real:			315.62 seconds
[runlim] time:			300.05 seconds
[runlim] space:			175.8 MB
[runlim] samples:		3151
