[runlim] version:		1.10fixed
[runlim] time limit:		300 seconds
[runlim] real time limit:	311040000 seconds
[runlim] space limit:		4000 MB
[runlim] argv[0]:		./cvc4
[runlim] argv[1]:		--cbqi-all
[runlim] argv[2]:		/tmp/OTxDCWcY.smt2
[runlim] start:			Tue Feb  5 10:44:32 2019
[runlim] main pid:		18545
[runlim] sample:		7.2 time, 10.2 real, 50.3 MB
[runlim] sample:		16.4 time, 20.2 real, 65.6 MB
[runlim] sample:		26.4 time, 30.2 real, 75.2 MB
[runlim] sample:		36.4 time, 40.2 real, 83.9 MB
[runlim] sample:		46.4 time, 50.2 real, 91.1 MB
[runlim] sample:		56.4 time, 60.2 real, 97.7 MB
[runlim] sample:		66.4 time, 70.2 real, 106.2 MB
[runlim] sample:		76.4 time, 80.2 real, 111.9 MB
[runlim] sample:		86.4 time, 90.2 real, 116.0 MB
[runlim] sample:		96.4 time, 100.2 real, 120.2 MB
[runlim] sample:		106.4 time, 110.2 real, 123.8 MB
[runlim] sample:		116.4 time, 120.2 real, 127.1 MB
[runlim] sample:		126.4 time, 130.2 real, 130.7 MB
[runlim] sample:		135.9 time, 140.2 real, 134.1 MB
[runlim] sample:		143.1 time, 150.2 real, 136.4 MB
[runlim] sample:		153.1 time, 160.2 real, 140.2 MB
[runlim] sample:		163.1 time, 170.2 real, 142.8 MB
[runlim] sample:		173.1 time, 180.2 real, 146.2 MB
[runlim] sample:		183.1 time, 190.2 real, 149.0 MB
[runlim] sample:		193.1 time, 200.2 real, 151.6 MB
[runlim] sample:		203.1 time, 210.2 real, 153.9 MB
[runlim] sample:		213.1 time, 220.2 real, 158.6 MB
[runlim] sample:		223.1 time, 230.2 real, 160.4 MB
[runlim] sample:		233.1 time, 240.2 real, 162.9 MB
[runlim] sample:		242.5 time, 250.2 real, 164.5 MB
[runlim] sample:		250.8 time, 260.2 real, 168.3 MB
[runlim] sample:		260.2 time, 270.2 real, 170.1 MB
[runlim] sample:		270.2 time, 280.2 real, 171.9 MB
[runlim] sample:		280.2 time, 290.2 real, 174.0 MB
[runlim] sample:		290.2 time, 300.2 real, 176.1 MB
CVC4 interrupted by SIGTERM.
[runlim] end:			Tue Feb  5 10:49:42 2019
[runlim] status:		out of time
[runlim] result:		2
[runlim] children:		0
[runlim] real:			310.14 seconds
[runlim] time:			300.07 seconds
[runlim] space:			177.9 MB
[runlim] samples:		3099
