[runlim] version:		1.10fixed
[runlim] time limit:		300 seconds
[runlim] real time limit:	311040000 seconds
[runlim] space limit:		4000 MB
[runlim] argv[0]:		./cvc4
[runlim] argv[1]:		--cbqi-all
[runlim] argv[2]:		/tmp/kP0IbLav.smt2
[runlim] start:			Tue Jan 29 17:15:03 2019
[runlim] main pid:		486
[runlim] sample:		9.5 time, 10.5 real, 37.9 MB
[runlim] sample:		19.5 time, 20.5 real, 44.4 MB
[runlim] sample:		29.4 time, 30.5 real, 48.2 MB
[runlim] sample:		37.6 time, 40.5 real, 49.8 MB
[runlim] sample:		45.8 time, 50.5 real, 53.4 MB
[runlim] sample:		55.4 time, 60.5 real, 54.2 MB
[runlim] sample:		65.2 time, 70.5 real, 58.0 MB
[runlim] sample:		75.1 time, 80.5 real, 59.1 MB
[runlim] sample:		85.0 time, 90.5 real, 62.4 MB
[runlim] sample:		94.5 time, 100.5 real, 64.2 MB
[runlim] sample:		104.5 time, 110.5 real, 65.2 MB
[runlim] sample:		114.5 time, 120.5 real, 65.7 MB
[runlim] sample:		124.5 time, 130.5 real, 68.8 MB
[runlim] sample:		134.5 time, 140.5 real, 71.1 MB
[runlim] sample:		144.5 time, 150.5 real, 71.4 MB
[runlim] sample:		154.5 time, 160.5 real, 72.1 MB
[runlim] sample:		164.5 time, 170.5 real, 76.0 MB
[runlim] sample:		174.5 time, 180.5 real, 77.3 MB
[runlim] sample:		184.5 time, 190.5 real, 79.1 MB
[runlim] sample:		194.5 time, 200.5 real, 79.9 MB
[runlim] sample:		204.5 time, 210.5 real, 80.1 MB
[runlim] sample:		214.5 time, 220.5 real, 80.4 MB
[runlim] sample:		224.4 time, 230.5 real, 80.9 MB
[runlim] sample:		234.4 time, 240.5 real, 84.2 MB
[runlim] sample:		244.4 time, 250.5 real, 86.3 MB
[runlim] sample:		254.4 time, 260.5 real, 87.3 MB
[runlim] sample:		264.4 time, 270.5 real, 87.8 MB
[runlim] sample:		274.4 time, 280.5 real, 88.4 MB
[runlim] sample:		284.4 time, 290.5 real, 89.1 MB
[runlim] sample:		294.4 time, 300.5 real, 89.1 MB
CVC4 interrupted by SIGTERM.
[runlim] end:			Tue Jan 29 17:20:09 2019
[runlim] status:		out of time
[runlim] result:		2
[runlim] children:		0
[runlim] real:			306.14 seconds
[runlim] time:			300.03 seconds
[runlim] space:			89.4 MB
[runlim] samples:		3056
