[runlim] version:		1.10fixed
[runlim] time limit:		300 seconds
[runlim] real time limit:	311040000 seconds
[runlim] space limit:		4000 MB
[runlim] argv[0]:		./cvc4
[runlim] argv[1]:		--cbqi-all
[runlim] argv[2]:		/tmp/jMnA02mh.smt2
[runlim] start:			Tue Feb  5 13:37:20 2019
[runlim] main pid:		691
/tmp/jMnA02mh.smt2:4.12: No set-logic command was given before this point.
/tmp/jMnA02mh.smt2:4.12: CVC4 will make all theories available.
/tmp/jMnA02mh.smt2:4.12: Consider setting a stricter logic for (likely) better performance.
/tmp/jMnA02mh.smt2:4.12: To suppress this warning in the future use (set-logic ALL).
[runlim] sample:		8.1 time, 11.0 real, 70.1 MB
[runlim] sample:		18.1 time, 21.0 real, 91.3 MB
[runlim] sample:		28.1 time, 31.0 real, 102.9 MB
[runlim] sample:		38.1 time, 41.0 real, 112.2 MB
[runlim] sample:		48.1 time, 51.0 real, 121.0 MB
[runlim] sample:		58.1 time, 61.0 real, 130.5 MB
[runlim] sample:		68.1 time, 71.0 real, 135.4 MB
[runlim] sample:		78.1 time, 81.0 real, 142.0 MB
[runlim] sample:		88.1 time, 91.0 real, 147.2 MB
[runlim] sample:		98.1 time, 101.0 real, 151.6 MB
[runlim] sample:		108.1 time, 111.0 real, 155.2 MB
[runlim] sample:		118.1 time, 121.0 real, 159.0 MB
[runlim] sample:		128.1 time, 131.0 real, 164.0 MB
[runlim] sample:		138.1 time, 141.0 real, 166.4 MB
[runlim] sample:		148.1 time, 151.0 real, 170.7 MB
[runlim] sample:		158.1 time, 161.0 real, 173.5 MB
[runlim] sample:		168.1 time, 171.0 real, 176.4 MB
[runlim] sample:		178.1 time, 181.0 real, 179.2 MB
[runlim] sample:		188.1 time, 191.0 real, 180.5 MB
[runlim] sample:		198.1 time, 201.0 real, 183.0 MB
[runlim] sample:		208.1 time, 211.0 real, 185.6 MB
[runlim] sample:		218.1 time, 221.0 real, 189.0 MB
[runlim] sample:		228.1 time, 231.0 real, 191.0 MB
[runlim] sample:		238.1 time, 241.0 real, 193.1 MB
[runlim] sample:		248.1 time, 251.0 real, 196.2 MB
[runlim] sample:		258.1 time, 261.0 real, 197.7 MB
[runlim] sample:		268.1 time, 271.0 real, 200.5 MB
[runlim] sample:		278.1 time, 281.0 real, 201.8 MB
[runlim] sample:		288.1 time, 291.0 real, 203.1 MB
[runlim] sample:		298.1 time, 301.0 real, 206.2 MB
CVC4 interrupted by SIGTERM.
[runlim] end:			Tue Feb  5 13:42:23 2019
[runlim] status:		out of time
[runlim] result:		2
[runlim] children:		0
[runlim] real:			303.02 seconds
[runlim] time:			300.08 seconds
[runlim] space:			206.2 MB
[runlim] samples:		3020
