[runlim] version:		1.10fixed
[runlim] time limit:		300 seconds
[runlim] real time limit:	311040000 seconds
[runlim] space limit:		4000 MB
[runlim] argv[0]:		./cvc4
[runlim] argv[1]:		--cbqi-all
[runlim] argv[2]:		/tmp/WPcda4mh.smt2
[runlim] start:			Tue Feb  5 10:47:20 2019
[runlim] main pid:		1924
[runlim] sample:		8.1 time, 10.5 real, 40.3 MB
[runlim] sample:		18.1 time, 20.5 real, 54.2 MB
[runlim] sample:		28.1 time, 30.5 real, 63.9 MB
[runlim] sample:		38.1 time, 40.5 real, 73.4 MB
[runlim] sample:		48.1 time, 50.5 real, 79.6 MB
[runlim] sample:		58.1 time, 60.5 real, 85.6 MB
[runlim] sample:		68.0 time, 70.5 real, 91.0 MB
[runlim] sample:		78.0 time, 80.5 real, 95.9 MB
[runlim] sample:		88.0 time, 90.5 real, 100.0 MB
[runlim] sample:		97.7 time, 100.5 real, 110.3 MB
[runlim] sample:		107.3 time, 110.5 real, 114.4 MB
[runlim] sample:		117.0 time, 120.5 real, 118.0 MB
[runlim] sample:		127.0 time, 130.5 real, 121.4 MB
[runlim] sample:		137.1 time, 140.5 real, 125.0 MB
[runlim] sample:		146.9 time, 150.5 real, 128.1 MB
[runlim] sample:		156.2 time, 160.5 real, 130.7 MB
[runlim] sample:		165.6 time, 170.5 real, 133.5 MB
[runlim] sample:		175.6 time, 180.5 real, 136.1 MB
[runlim] sample:		185.5 time, 190.5 real, 138.9 MB
[runlim] sample:		195.5 time, 200.5 real, 141.2 MB
[runlim] sample:		205.6 time, 210.5 real, 143.6 MB
[runlim] sample:		214.1 time, 220.5 real, 145.6 MB
[runlim] sample:		222.8 time, 230.5 real, 147.7 MB
[runlim] sample:		232.8 time, 240.5 real, 150.0 MB
[runlim] sample:		242.8 time, 250.5 real, 152.3 MB
[runlim] sample:		252.8 time, 260.5 real, 154.4 MB
[runlim] sample:		262.8 time, 270.5 real, 156.2 MB
[runlim] sample:		272.8 time, 280.5 real, 158.5 MB
[runlim] sample:		282.8 time, 290.5 real, 160.3 MB
[runlim] sample:		292.8 time, 300.5 real, 162.1 MB
CVC4 interrupted by SIGTERM.
[runlim] end:			Tue Feb  5 10:52:27 2019
[runlim] status:		out of time
[runlim] result:		2
[runlim] children:		0
[runlim] real:			307.85 seconds
[runlim] time:			300.09 seconds
[runlim] space:			163.4 MB
[runlim] samples:		3073
