[runlim] version:		1.10fixed
[runlim] time limit:		300 seconds
[runlim] real time limit:	311040000 seconds
[runlim] space limit:		4000 MB
[runlim] argv[0]:		./cvc4
[runlim] argv[1]:		--cbqi-all
[runlim] argv[2]:		/tmp/9pG5HSeC.smt2
[runlim] start:			Tue Feb  5 10:48:57 2019
[runlim] main pid:		28558
[runlim] sample:		9.7 time, 10.8 real, 40.7 MB
[runlim] sample:		19.1 time, 20.8 real, 51.7 MB
[runlim] sample:		29.1 time, 30.8 real, 58.9 MB
[runlim] sample:		38.2 time, 40.8 real, 64.8 MB
[runlim] sample:		46.6 time, 50.8 real, 72.3 MB
[runlim] sample:		54.9 time, 60.8 real, 77.0 MB
[runlim] sample:		63.3 time, 70.8 real, 81.4 MB
[runlim] sample:		72.2 time, 80.8 real, 85.7 MB
[runlim] sample:		80.0 time, 90.8 real, 89.4 MB
[runlim] sample:		88.4 time, 100.8 real, 92.7 MB
[runlim] sample:		98.4 time, 110.8 real, 96.1 MB
[runlim] sample:		108.4 time, 120.8 real, 99.7 MB
[runlim] sample:		118.3 time, 130.8 real, 103.0 MB
[runlim] sample:		128.2 time, 140.8 real, 108.0 MB
[runlim] sample:		138.2 time, 150.8 real, 114.9 MB
[runlim] sample:		148.2 time, 160.8 real, 118.0 MB
[runlim] sample:		158.2 time, 170.8 real, 120.6 MB
[runlim] sample:		168.2 time, 180.8 real, 123.4 MB
[runlim] sample:		178.2 time, 190.8 real, 126.0 MB
[runlim] sample:		188.2 time, 200.8 real, 128.6 MB
[runlim] sample:		196.7 time, 210.8 real, 130.4 MB
[runlim] sample:		204.8 time, 220.8 real, 132.2 MB
[runlim] sample:		213.0 time, 230.8 real, 134.0 MB
[runlim] sample:		221.4 time, 240.8 real, 135.8 MB
[runlim] sample:		231.0 time, 250.8 real, 137.6 MB
[runlim] sample:		241.0 time, 260.8 real, 139.4 MB
[runlim] sample:		251.0 time, 270.8 real, 141.2 MB
[runlim] sample:		261.0 time, 280.8 real, 143.3 MB
[runlim] sample:		271.0 time, 290.8 real, 145.1 MB
[runlim] sample:		281.0 time, 300.8 real, 147.1 MB
[runlim] sample:		291.0 time, 310.8 real, 148.9 MB
CVC4 interrupted by SIGTERM.
[runlim] end:			Tue Feb  5 10:54:16 2019
[runlim] status:		out of time
[runlim] result:		2
[runlim] children:		0
[runlim] real:			319.86 seconds
[runlim] time:			300.03 seconds
[runlim] space:			150.5 MB
[runlim] samples:		3190
