[runlim] version:		1.10fixed
[runlim] time limit:		300 seconds
[runlim] real time limit:	311040000 seconds
[runlim] space limit:		4000 MB
[runlim] argv[0]:		./cvc4
[runlim] argv[1]:		--cbqi-all
[runlim] argv[2]:		/tmp/a8h1bW0q.smt2
[runlim] start:			Tue Feb  5 13:37:58 2019
[runlim] main pid:		18955
[runlim] sample:		9.2 time, 10.9 real, 41.1 MB
[runlim] sample:		17.5 time, 20.9 real, 48.5 MB
[runlim] sample:		27.5 time, 30.9 real, 55.2 MB
[runlim] sample:		37.5 time, 40.9 real, 61.2 MB
[runlim] sample:		47.5 time, 50.9 real, 65.6 MB
[runlim] sample:		57.5 time, 60.9 real, 70.0 MB
[runlim] sample:		67.2 time, 70.9 real, 73.6 MB
[runlim] sample:		76.8 time, 80.9 real, 77.7 MB
[runlim] sample:		86.8 time, 90.9 real, 81.3 MB
[runlim] sample:		96.8 time, 100.9 real, 84.2 MB
[runlim] sample:		106.8 time, 110.9 real, 88.5 MB
[runlim] sample:		116.8 time, 120.9 real, 92.1 MB
[runlim] sample:		126.8 time, 130.9 real, 94.9 MB
[runlim] sample:		136.8 time, 140.9 real, 98.3 MB
[runlim] sample:		146.8 time, 150.9 real, 100.8 MB
[runlim] sample:		156.8 time, 160.9 real, 103.4 MB
[runlim] sample:		166.8 time, 170.9 real, 106.5 MB
[runlim] sample:		176.8 time, 180.9 real, 109.3 MB
[runlim] sample:		186.8 time, 190.9 real, 111.8 MB
[runlim] sample:		195.8 time, 200.9 real, 114.1 MB
[runlim] sample:		203.8 time, 210.9 real, 115.9 MB
[runlim] sample:		212.7 time, 220.9 real, 118.5 MB
[runlim] sample:		222.2 time, 230.9 real, 121.4 MB
[runlim] sample:		232.2 time, 240.9 real, 123.4 MB
[runlim] sample:		242.2 time, 250.9 real, 126.0 MB
[runlim] sample:		252.2 time, 260.9 real, 128.3 MB
[runlim] sample:		262.2 time, 270.9 real, 130.6 MB
[runlim] sample:		272.2 time, 280.9 real, 134.0 MB
[runlim] sample:		282.2 time, 290.9 real, 137.9 MB
[runlim] sample:		292.2 time, 300.9 real, 140.7 MB
CVC4 interrupted by SIGTERM.
[runlim] end:			Tue Feb  5 13:43:06 2019
[runlim] status:		out of time
[runlim] result:		2
[runlim] children:		0
[runlim] real:			308.67 seconds
[runlim] time:			300.03 seconds
[runlim] space:			144.3 MB
[runlim] samples:		3078
