[runlim] version:		1.10fixed
[runlim] time limit:		300 seconds
[runlim] real time limit:	311040000 seconds
[runlim] space limit:		4000 MB
[runlim] argv[0]:		./cvc4
[runlim] argv[1]:		--cbqi-all
[runlim] argv[2]:		/tmp/AFuIbgIO.smt2
[runlim] start:			Tue Feb  5 10:44:15 2019
[runlim] main pid:		22720
[runlim] sample:		9.0 time, 10.1 real, 53.8 MB
[runlim] sample:		18.7 time, 20.1 real, 68.8 MB
[runlim] sample:		28.5 time, 30.1 real, 79.1 MB
[runlim] sample:		38.5 time, 40.1 real, 91.3 MB
[runlim] sample:		48.5 time, 50.1 real, 99.5 MB
[runlim] sample:		58.5 time, 60.1 real, 106.2 MB
[runlim] sample:		68.5 time, 70.1 real, 113.9 MB
[runlim] sample:		78.5 time, 80.1 real, 119.4 MB
[runlim] sample:		88.5 time, 90.1 real, 124.5 MB
[runlim] sample:		98.5 time, 100.1 real, 129.1 MB
[runlim] sample:		108.5 time, 110.1 real, 133.5 MB
[runlim] sample:		118.5 time, 120.1 real, 139.6 MB
[runlim] sample:		128.5 time, 130.1 real, 143.7 MB
[runlim] sample:		138.5 time, 140.1 real, 152.0 MB
[runlim] sample:		148.5 time, 150.1 real, 156.3 MB
[runlim] sample:		158.5 time, 160.1 real, 159.2 MB
[runlim] sample:		168.5 time, 170.1 real, 163.3 MB
[runlim] sample:		178.5 time, 180.1 real, 167.7 MB
[runlim] sample:		188.5 time, 190.1 real, 170.8 MB
[runlim] sample:		198.5 time, 200.1 real, 173.6 MB
[runlim] sample:		208.5 time, 210.1 real, 177.0 MB
[runlim] sample:		218.5 time, 220.1 real, 179.8 MB
[runlim] sample:		228.5 time, 230.1 real, 184.9 MB
[runlim] sample:		238.5 time, 240.1 real, 187.5 MB
[runlim] sample:		248.5 time, 250.1 real, 189.8 MB
[runlim] sample:		258.4 time, 260.1 real, 192.4 MB
[runlim] sample:		268.4 time, 270.1 real, 195.0 MB
[runlim] sample:		278.5 time, 280.1 real, 197.6 MB
[runlim] sample:		288.4 time, 290.1 real, 199.9 MB
[runlim] sample:		298.4 time, 300.1 real, 202.2 MB
CVC4 interrupted by SIGTERM.
[runlim] end:			Tue Feb  5 10:49:16 2019
[runlim] status:		out of time
[runlim] result:		2
[runlim] children:		0
[runlim] real:			301.71 seconds
[runlim] time:			300.04 seconds
[runlim] space:			202.5 MB
[runlim] samples:		3016
