[runlim] version:		1.10fixed
[runlim] time limit:		300 seconds
[runlim] real time limit:	311040000 seconds
[runlim] space limit:		4000 MB
[runlim] argv[0]:		./cvc4
[runlim] argv[1]:		--cbqi-all
[runlim] argv[2]:		/tmp/N5dk5DZi.smt2
[runlim] start:			Tue Feb  5 13:33:23 2019
[runlim] main pid:		11493
[runlim] sample:		7.7 time, 11.0 real, 49.5 MB
[runlim] sample:		17.7 time, 21.0 real, 64.6 MB
[runlim] sample:		27.7 time, 31.0 real, 73.7 MB
[runlim] sample:		37.7 time, 41.0 real, 81.9 MB
[runlim] sample:		47.0 time, 51.0 real, 88.4 MB
[runlim] sample:		54.7 time, 61.0 real, 92.5 MB
[runlim] sample:		62.3 time, 71.0 real, 97.8 MB
[runlim] sample:		72.0 time, 81.0 real, 103.4 MB
[runlim] sample:		82.0 time, 91.0 real, 110.7 MB
[runlim] sample:		92.0 time, 101.0 real, 114.3 MB
[runlim] sample:		100.6 time, 111.0 real, 117.7 MB
[runlim] sample:		109.4 time, 121.0 real, 120.8 MB
[runlim] sample:		117.8 time, 131.0 real, 123.3 MB
[runlim] sample:		127.8 time, 141.0 real, 126.4 MB
[runlim] sample:		137.8 time, 151.0 real, 129.5 MB
[runlim] sample:		147.7 time, 161.0 real, 133.1 MB
[runlim] sample:		155.3 time, 171.0 real, 135.2 MB
[runlim] sample:		164.4 time, 181.0 real, 138.8 MB
[runlim] sample:		174.4 time, 191.0 real, 141.4 MB
[runlim] sample:		184.4 time, 201.0 real, 144.5 MB
[runlim] sample:		194.4 time, 211.0 real, 146.3 MB
[runlim] sample:		204.4 time, 221.0 real, 149.4 MB
[runlim] sample:		214.4 time, 231.0 real, 151.7 MB
[runlim] sample:		224.4 time, 241.0 real, 155.3 MB
[runlim] sample:		234.4 time, 251.0 real, 157.6 MB
[runlim] sample:		244.4 time, 261.0 real, 159.9 MB
[runlim] sample:		254.4 time, 271.0 real, 162.2 MB
[runlim] sample:		264.4 time, 281.0 real, 164.0 MB
[runlim] sample:		274.4 time, 291.0 real, 165.8 MB
[runlim] sample:		284.4 time, 301.0 real, 169.8 MB
[runlim] end:			Tue Feb  5 13:38:30 2019
[runlim] status:		signal(9)
[runlim] result:		11
[runlim] children:		0
[runlim] real:			307.21 seconds
[runlim] time:			290.60 seconds
[runlim] space:			171.1 MB
[runlim] samples:		3062
