[runlim] version:		1.10fixed
[runlim] time limit:		300 seconds
[runlim] real time limit:	311040000 seconds
[runlim] space limit:		4000 MB
[runlim] argv[0]:		./cvc4
[runlim] argv[1]:		--cbqi-all
[runlim] argv[2]:		/tmp/sKJl8o7z.smt2
[runlim] start:			Tue Jan 29 17:12:28 2019
[runlim] main pid:		30635
[runlim] sample:		9.4 time, 10.7 real, 86.3 MB
[runlim] sample:		19.2 time, 20.7 real, 111.8 MB
[runlim] sample:		29.2 time, 30.7 real, 129.9 MB
[runlim] sample:		39.2 time, 40.7 real, 148.1 MB
[runlim] sample:		49.0 time, 50.7 real, 164.8 MB
[runlim] sample:		58.7 time, 60.7 real, 191.1 MB
[runlim] sample:		68.7 time, 70.7 real, 197.5 MB
[runlim] sample:		78.4 time, 80.7 real, 201.8 MB
[runlim] sample:		87.6 time, 90.7 real, 212.6 MB
[runlim] sample:		97.6 time, 100.7 real, 215.7 MB
[runlim] sample:		107.2 time, 110.7 real, 224.9 MB
[runlim] sample:		116.6 time, 120.7 real, 227.2 MB
[runlim] sample:		126.6 time, 130.7 real, 230.9 MB
[runlim] sample:		136.6 time, 140.7 real, 244.5 MB
[runlim] sample:		145.8 time, 150.7 real, 245.8 MB
[runlim] sample:		154.8 time, 160.7 real, 247.0 MB
[runlim] sample:		164.2 time, 170.7 real, 253.9 MB
[runlim] sample:		173.5 time, 180.7 real, 255.9 MB
[runlim] sample:		183.4 time, 190.7 real, 260.3 MB
[runlim] sample:		193.4 time, 200.7 real, 263.9 MB
[runlim] sample:		203.4 time, 210.7 real, 267.8 MB
[runlim] sample:		213.4 time, 220.7 real, 267.2 MB
[runlim] sample:		223.4 time, 230.7 real, 269.2 MB
[runlim] sample:		233.4 time, 240.7 real, 272.8 MB
[runlim] sample:		243.4 time, 250.7 real, 274.6 MB
[runlim] sample:		253.4 time, 260.7 real, 277.3 MB
[runlim] sample:		263.4 time, 270.7 real, 281.4 MB
[runlim] sample:		273.4 time, 280.7 real, 292.5 MB
[runlim] sample:		283.4 time, 290.7 real, 296.3 MB
[runlim] sample:		293.3 time, 300.7 real, 299.9 MB
CVC4 interrupted by SIGTERM.
[runlim] end:			Tue Jan 29 17:17:35 2019
[runlim] status:		out of time
[runlim] result:		2
[runlim] children:		0
[runlim] real:			307.46 seconds
[runlim] time:			300.04 seconds
[runlim] space:			300.9 MB
[runlim] samples:		3067
