[runlim] version:		1.10fixed
[runlim] time limit:		300 seconds
[runlim] real time limit:	311040000 seconds
[runlim] space limit:		4000 MB
[runlim] argv[0]:		./cvc4
[runlim] argv[1]:		--cbqi-all
[runlim] argv[2]:		/tmp/5ohG9gqL.smt2
[runlim] start:			Tue Feb  5 10:48:44 2019
[runlim] main pid:		25034
[runlim] sample:		9.3 time, 11.0 real, 42.6 MB
[runlim] sample:		19.3 time, 21.0 real, 55.8 MB
[runlim] sample:		28.4 time, 31.0 real, 64.4 MB
[runlim] sample:		38.2 time, 41.0 real, 73.6 MB
[runlim] sample:		47.9 time, 51.0 real, 79.5 MB
[runlim] sample:		57.6 time, 61.0 real, 84.9 MB
[runlim] sample:		67.5 time, 71.0 real, 90.3 MB
[runlim] sample:		77.4 time, 81.0 real, 94.9 MB
[runlim] sample:		86.5 time, 91.0 real, 98.8 MB
[runlim] sample:		95.7 time, 101.0 real, 104.9 MB
[runlim] sample:		105.7 time, 111.0 real, 112.9 MB
[runlim] sample:		115.3 time, 121.0 real, 116.8 MB
[runlim] sample:		125.4 time, 131.0 real, 120.4 MB
[runlim] sample:		135.3 time, 141.0 real, 123.5 MB
[runlim] sample:		145.4 time, 151.0 real, 126.9 MB
[runlim] sample:		155.4 time, 161.0 real, 130.0 MB
[runlim] sample:		165.3 time, 171.0 real, 132.8 MB
[runlim] sample:		175.3 time, 181.0 real, 135.9 MB
[runlim] sample:		185.4 time, 191.0 real, 138.7 MB
[runlim] sample:		195.4 time, 201.0 real, 141.0 MB
[runlim] sample:		205.3 time, 211.0 real, 143.6 MB
[runlim] sample:		213.2 time, 221.0 real, 145.4 MB
[runlim] sample:		222.0 time, 231.0 real, 147.5 MB
[runlim] sample:		231.2 time, 241.0 real, 149.5 MB
[runlim] sample:		240.4 time, 251.0 real, 151.6 MB
[runlim] sample:		249.8 time, 261.0 real, 153.7 MB
[runlim] sample:		258.5 time, 271.0 real, 155.7 MB
[runlim] sample:		268.5 time, 281.0 real, 158.1 MB
[runlim] sample:		278.5 time, 291.0 real, 159.6 MB
[runlim] sample:		288.5 time, 301.0 real, 161.7 MB
[runlim] sample:		298.5 time, 311.0 real, 163.5 MB
CVC4 interrupted by SIGTERM.
[runlim] end:			Tue Feb  5 10:53:56 2019
[runlim] status:		out of time
[runlim] result:		2
[runlim] children:		0
[runlim] real:			312.58 seconds
[runlim] time:			300.09 seconds
[runlim] space:			163.7 MB
[runlim] samples:		3116
