[runlim] version:		1.10fixed
[runlim] time limit:		300 seconds
[runlim] real time limit:	311040000 seconds
[runlim] space limit:		4000 MB
[runlim] argv[0]:		./cvc4
[runlim] argv[1]:		--cbqi-all
[runlim] argv[2]:		/tmp/avtTVBxS.smt2
[runlim] start:			Tue Feb  5 10:48:31 2019
[runlim] main pid:		28618
[runlim] sample:		9.5 time, 10.4 real, 43.5 MB
[runlim] sample:		17.6 time, 20.4 real, 54.1 MB
[runlim] sample:		26.3 time, 30.4 real, 61.8 MB
[runlim] sample:		35.1 time, 40.4 real, 71.6 MB
[runlim] sample:		44.8 time, 50.4 real, 78.5 MB
[runlim] sample:		54.5 time, 60.4 real, 84.2 MB
[runlim] sample:		64.0 time, 70.4 real, 89.6 MB
[runlim] sample:		73.5 time, 80.4 real, 94.5 MB
[runlim] sample:		83.3 time, 90.4 real, 98.9 MB
[runlim] sample:		92.3 time, 100.4 real, 108.8 MB
[runlim] sample:		100.6 time, 110.4 real, 112.6 MB
[runlim] sample:		109.8 time, 120.4 real, 116.3 MB
[runlim] sample:		119.8 time, 130.4 real, 119.9 MB
[runlim] sample:		129.8 time, 140.4 real, 123.2 MB
[runlim] sample:		139.8 time, 150.4 real, 126.3 MB
[runlim] sample:		149.8 time, 160.4 real, 129.4 MB
[runlim] sample:		159.8 time, 170.4 real, 132.8 MB
[runlim] sample:		169.8 time, 180.4 real, 135.9 MB
[runlim] sample:		179.8 time, 190.4 real, 138.7 MB
[runlim] sample:		189.8 time, 200.4 real, 141.5 MB
[runlim] sample:		199.5 time, 210.4 real, 143.6 MB
[runlim] sample:		209.2 time, 220.4 real, 146.2 MB
[runlim] sample:		218.9 time, 230.4 real, 148.2 MB
[runlim] sample:		228.5 time, 240.4 real, 150.5 MB
[runlim] sample:		238.3 time, 250.4 real, 152.6 MB
[runlim] sample:		248.3 time, 260.4 real, 154.7 MB
[runlim] sample:		256.8 time, 270.4 real, 156.5 MB
[runlim] sample:		265.3 time, 280.4 real, 158.0 MB
[runlim] sample:		275.3 time, 290.4 real, 160.3 MB
[runlim] sample:		285.3 time, 300.4 real, 162.1 MB
[runlim] sample:		294.7 time, 310.4 real, 163.7 MB
[runlim] end:			Tue Feb  5 10:53:47 2019
[runlim] status:		signal(9)
[runlim] result:		11
[runlim] children:		0
[runlim] real:			316.11 seconds
[runlim] time:			299.98 seconds
[runlim] space:			164.7 MB
[runlim] samples:		3157
