[runlim] version:		1.10fixed
[runlim] time limit:		300 seconds
[runlim] real time limit:	311040000 seconds
[runlim] space limit:		4000 MB
[runlim] argv[0]:		./cvc4
[runlim] argv[1]:		--cbqi-all
[runlim] argv[2]:		/tmp/vAe1ljQC.smt2
[runlim] start:			Tue Feb  5 10:49:22 2019
[runlim] main pid:		6212
[runlim] sample:		10.0 time, 10.3 real, 50.5 MB
[runlim] sample:		19.7 time, 20.3 real, 69.7 MB
[runlim] sample:		29.4 time, 30.3 real, 87.3 MB
[runlim] sample:		39.4 time, 40.3 real, 102.7 MB
[runlim] sample:		49.4 time, 50.3 real, 117.7 MB
[runlim] sample:		59.4 time, 60.3 real, 131.3 MB
[runlim] sample:		69.4 time, 70.3 real, 146.1 MB
[runlim] sample:		79.4 time, 80.3 real, 161.8 MB
[runlim] sample:		89.2 time, 90.3 real, 172.5 MB
[runlim] sample:		98.0 time, 100.3 real, 183.4 MB
[runlim] sample:		107.7 time, 110.3 real, 195.0 MB
[runlim] sample:		117.4 time, 120.3 real, 206.6 MB
[runlim] sample:		127.1 time, 130.3 real, 218.4 MB
[runlim] sample:		136.9 time, 140.3 real, 230.0 MB
[runlim] sample:		146.9 time, 150.3 real, 240.3 MB
[runlim] sample:		156.9 time, 160.3 real, 254.6 MB
[runlim] sample:		166.9 time, 170.3 real, 261.2 MB
[runlim] sample:		176.9 time, 180.3 real, 271.3 MB
[runlim] sample:		186.6 time, 190.3 real, 283.2 MB
[runlim] sample:		196.3 time, 200.3 real, 291.4 MB
[runlim] sample:		206.0 time, 210.3 real, 302.5 MB
[runlim] sample:		215.7 time, 220.3 real, 310.2 MB
[runlim] sample:		225.4 time, 230.3 real, 321.8 MB
[runlim] sample:		235.1 time, 240.3 real, 336.1 MB
[runlim] sample:		244.8 time, 250.3 real, 344.4 MB
[runlim] sample:		254.5 time, 260.3 real, 352.4 MB
[runlim] sample:		264.5 time, 270.3 real, 361.1 MB
[runlim] sample:		274.4 time, 280.3 real, 370.9 MB
[runlim] sample:		284.4 time, 290.3 real, 401.7 MB
[runlim] sample:		294.4 time, 300.3 real, 403.0 MB
CVC4 interrupted by SIGTERM.
[runlim] end:			Tue Feb  5 10:54:27 2019
[runlim] status:		out of time
[runlim] result:		2
[runlim] children:		0
[runlim] real:			305.96 seconds
[runlim] time:			300.01 seconds
[runlim] space:			429.2 MB
[runlim] samples:		3056
