[runlim] version:		1.10fixed
[runlim] time limit:		300 seconds
[runlim] real time limit:	311040000 seconds
[runlim] space limit:		4000 MB
[runlim] argv[0]:		./cvc4
[runlim] argv[1]:		--cbqi-all
[runlim] argv[2]:		/tmp/cNid1HL7.smt2
[runlim] start:			Tue Feb  5 10:45:10 2019
[runlim] main pid:		11406
/tmp/cNid1HL7.smt2:4.12: No set-logic command was given before this point.
/tmp/cNid1HL7.smt2:4.12: CVC4 will make all theories available.
/tmp/cNid1HL7.smt2:4.12: Consider setting a stricter logic for (likely) better performance.
/tmp/cNid1HL7.smt2:4.12: To suppress this warning in the future use (set-logic ALL).
[runlim] sample:		7.3 time, 10.1 real, 90.6 MB
[runlim] sample:		14.8 time, 20.1 real, 120.7 MB
[runlim] sample:		24.5 time, 30.1 real, 147.9 MB
[runlim] sample:		33.9 time, 40.1 real, 163.1 MB
[runlim] sample:		42.3 time, 50.1 real, 176.8 MB
[runlim] sample:		50.3 time, 60.1 real, 187.1 MB
[runlim] sample:		59.0 time, 70.1 real, 196.1 MB
[runlim] sample:		67.6 time, 80.1 real, 204.6 MB
[runlim] sample:		76.3 time, 90.1 real, 212.8 MB
[runlim] sample:		85.0 time, 100.1 real, 222.6 MB
[runlim] sample:		94.9 time, 110.1 real, 231.2 MB
[runlim] sample:		104.9 time, 120.1 real, 240.0 MB
[runlim] sample:		114.9 time, 130.1 real, 248.8 MB
[runlim] sample:		125.0 time, 140.1 real, 256.0 MB
[runlim] sample:		134.9 time, 150.1 real, 263.7 MB
[runlim] sample:		144.9 time, 160.1 real, 273.5 MB
[runlim] sample:		154.9 time, 170.1 real, 277.3 MB
[runlim] sample:		164.9 time, 180.1 real, 283.0 MB
[runlim] sample:		174.2 time, 190.1 real, 285.8 MB
[runlim] sample:		182.8 time, 200.1 real, 290.5 MB
[runlim] sample:		191.7 time, 210.1 real, 295.6 MB
[runlim] sample:		200.3 time, 220.1 real, 298.2 MB
[runlim] sample:		209.3 time, 230.1 real, 303.4 MB
[runlim] sample:		218.9 time, 240.1 real, 305.9 MB
[runlim] sample:		228.6 time, 250.1 real, 311.3 MB
[runlim] sample:		238.3 time, 260.1 real, 314.9 MB
[runlim] sample:		247.9 time, 270.1 real, 320.9 MB
[runlim] sample:		257.6 time, 280.1 real, 323.2 MB
[runlim] sample:		267.3 time, 290.1 real, 329.4 MB
[runlim] sample:		276.8 time, 300.1 real, 331.4 MB
[runlim] sample:		286.1 time, 310.1 real, 334.0 MB
[runlim] end:			Tue Feb  5 10:50:29 2019
[runlim] status:		signal(9)
[runlim] result:		11
[runlim] children:		0
[runlim] real:			319.92 seconds
[runlim] time:			295.53 seconds
[runlim] space:			338.6 MB
[runlim] samples:		3198
