[runlim] version:		1.10fixed
[runlim] time limit:		300 seconds
[runlim] real time limit:	311040000 seconds
[runlim] space limit:		4000 MB
[runlim] argv[0]:		./cvc4
[runlim] argv[1]:		--cbqi-all
[runlim] argv[2]:		/tmp/x1mQGHQp.smt2
[runlim] start:			Tue Feb  5 10:49:34 2019
[runlim] main pid:		1244
[runlim] sample:		8.8 time, 10.0 real, 39.0 MB
[runlim] sample:		17.9 time, 20.0 real, 47.1 MB
[runlim] sample:		27.2 time, 30.0 real, 53.8 MB
[runlim] sample:		37.2 time, 40.0 real, 59.8 MB
[runlim] sample:		47.1 time, 50.0 real, 65.5 MB
[runlim] sample:		57.1 time, 60.0 real, 69.9 MB
[runlim] sample:		67.2 time, 70.0 real, 74.0 MB
[runlim] sample:		77.1 time, 80.0 real, 79.0 MB
[runlim] sample:		87.1 time, 90.0 real, 83.7 MB
[runlim] sample:		97.1 time, 100.0 real, 87.3 MB
[runlim] sample:		107.1 time, 110.0 real, 90.2 MB
[runlim] sample:		117.1 time, 120.0 real, 93.5 MB
[runlim] sample:		127.1 time, 130.0 real, 97.4 MB
[runlim] sample:		137.1 time, 140.0 real, 100.0 MB
[runlim] sample:		147.1 time, 150.0 real, 103.6 MB
[runlim] sample:		157.1 time, 160.0 real, 107.4 MB
[runlim] sample:		167.1 time, 170.0 real, 110.0 MB
[runlim] sample:		177.1 time, 180.0 real, 112.8 MB
[runlim] sample:		187.1 time, 190.0 real, 115.4 MB
[runlim] sample:		197.1 time, 200.0 real, 118.2 MB
[runlim] sample:		207.1 time, 210.0 real, 120.8 MB
[runlim] sample:		217.1 time, 220.0 real, 123.4 MB
[runlim] sample:		227.1 time, 230.0 real, 125.5 MB
[runlim] sample:		237.1 time, 240.0 real, 128.3 MB
[runlim] sample:		247.1 time, 250.0 real, 130.1 MB
[runlim] sample:		257.1 time, 260.0 real, 132.7 MB
[runlim] sample:		267.1 time, 270.0 real, 135.0 MB
[runlim] sample:		277.1 time, 280.0 real, 137.8 MB
[runlim] sample:		287.1 time, 290.0 real, 139.9 MB
[runlim] sample:		297.1 time, 300.0 real, 142.2 MB
CVC4 interrupted by SIGTERM.
[runlim] end:			Tue Feb  5 10:54:37 2019
[runlim] status:		out of time
[runlim] result:		2
[runlim] children:		0
[runlim] real:			303.05 seconds
[runlim] time:			300.05 seconds
[runlim] space:			142.5 MB
[runlim] samples:		3030
