[runlim] version:		1.10fixed
[runlim] time limit:		300 seconds
[runlim] real time limit:	311040000 seconds
[runlim] space limit:		4000 MB
[runlim] argv[0]:		./cvc4
[runlim] argv[1]:		--cbqi-all
[runlim] argv[2]:		/tmp/ZZzjt4qK.smt2
[runlim] start:			Tue Feb  5 13:37:12 2019
[runlim] main pid:		11610
/tmp/ZZzjt4qK.smt2:4.12: No set-logic command was given before this point.
/tmp/ZZzjt4qK.smt2:4.12: CVC4 will make all theories available.
/tmp/ZZzjt4qK.smt2:4.12: Consider setting a stricter logic for (likely) better performance.
/tmp/ZZzjt4qK.smt2:4.12: To suppress this warning in the future use (set-logic ALL).
[runlim] sample:		9.1 time, 10.1 real, 79.1 MB
[runlim] sample:		17.6 time, 20.1 real, 94.8 MB
[runlim] sample:		27.1 time, 30.1 real, 106.1 MB
[runlim] sample:		37.1 time, 40.1 real, 116.2 MB
[runlim] sample:		46.5 time, 50.1 real, 128.4 MB
[runlim] sample:		55.0 time, 60.1 real, 133.5 MB
[runlim] sample:		64.2 time, 70.1 real, 140.4 MB
[runlim] sample:		74.2 time, 80.1 real, 147.3 MB
[runlim] sample:		83.3 time, 90.1 real, 152.2 MB
[runlim] sample:		93.3 time, 100.1 real, 156.8 MB
[runlim] sample:		103.1 time, 110.1 real, 161.5 MB
[runlim] sample:		112.4 time, 120.1 real, 166.1 MB
[runlim] sample:		121.8 time, 130.1 real, 170.0 MB
[runlim] sample:		131.1 time, 140.1 real, 174.1 MB
[runlim] sample:		140.9 time, 150.1 real, 177.9 MB
[runlim] sample:		150.9 time, 160.1 real, 181.8 MB
[runlim] sample:		160.9 time, 170.1 real, 184.6 MB
[runlim] sample:		170.9 time, 180.1 real, 187.5 MB
[runlim] sample:		180.9 time, 190.1 real, 191.3 MB
[runlim] sample:		190.9 time, 200.1 real, 194.1 MB
[runlim] sample:		200.9 time, 210.1 real, 197.0 MB
[runlim] sample:		210.9 time, 220.1 real, 199.5 MB
[runlim] sample:		220.9 time, 230.1 real, 202.1 MB
[runlim] sample:		230.7 time, 240.1 real, 204.7 MB
[runlim] sample:		240.1 time, 250.1 real, 207.5 MB
[runlim] sample:		250.1 time, 260.1 real, 208.8 MB
[runlim] sample:		260.1 time, 270.1 real, 211.9 MB
[runlim] sample:		270.1 time, 280.1 real, 214.7 MB
[runlim] sample:		280.1 time, 290.1 real, 216.5 MB
[runlim] sample:		290.1 time, 300.1 real, 219.0 MB
[runlim] sample:		300.1 time, 310.1 real, 221.9 MB
CVC4 interrupted by SIGTERM.
[runlim] end:			Tue Feb  5 13:42:22 2019
[runlim] status:		out of time
[runlim] result:		2
[runlim] children:		0
[runlim] real:			310.09 seconds
[runlim] time:			300.10 seconds
[runlim] space:			221.9 MB
[runlim] samples:		3100
