[runlim] version:		1.10fixed
[runlim] time limit:		300 seconds
[runlim] real time limit:	311040000 seconds
[runlim] space limit:		4000 MB
[runlim] argv[0]:		./cvc4
[runlim] argv[1]:		--cbqi-all
[runlim] argv[2]:		/tmp/BUKvT8JK.smt2
[runlim] start:			Tue Jan 29 17:13:20 2019
[runlim] main pid:		16126
[runlim] sample:		9.3 time, 10.0 real, 89.1 MB
[runlim] sample:		19.0 time, 20.0 real, 115.4 MB
[runlim] sample:		28.6 time, 30.0 real, 135.8 MB
[runlim] sample:		38.2 time, 40.0 real, 153.2 MB
[runlim] sample:		47.9 time, 50.0 real, 169.9 MB
[runlim] sample:		57.5 time, 60.0 real, 183.6 MB
[runlim] sample:		67.2 time, 70.0 real, 198.7 MB
[runlim] sample:		76.9 time, 80.0 real, 212.7 MB
[runlim] sample:		86.9 time, 90.0 real, 224.8 MB
[runlim] sample:		96.9 time, 100.0 real, 234.6 MB
[runlim] sample:		106.9 time, 110.0 real, 243.2 MB
[runlim] sample:		116.9 time, 120.0 real, 252.9 MB
[runlim] sample:		126.9 time, 130.0 real, 260.6 MB
[runlim] sample:		136.9 time, 140.0 real, 269.1 MB
[runlim] sample:		146.9 time, 150.0 real, 276.3 MB
[runlim] sample:		156.9 time, 160.0 real, 282.7 MB
[runlim] sample:		166.9 time, 170.0 real, 289.9 MB
[runlim] sample:		176.9 time, 180.0 real, 295.1 MB
[runlim] sample:		186.9 time, 190.0 real, 300.6 MB
[runlim] sample:		196.9 time, 200.0 real, 306.0 MB
[runlim] sample:		206.8 time, 210.0 real, 311.9 MB
[runlim] sample:		216.8 time, 220.0 real, 316.8 MB
[runlim] sample:		226.8 time, 230.0 real, 321.4 MB
[runlim] sample:		236.8 time, 240.0 real, 326.0 MB
[runlim] sample:		246.8 time, 250.0 real, 331.5 MB
[runlim] sample:		256.8 time, 260.0 real, 336.1 MB
[runlim] sample:		266.8 time, 270.0 real, 340.3 MB
[runlim] sample:		276.8 time, 280.0 real, 344.4 MB
[runlim] sample:		286.8 time, 290.0 real, 350.0 MB
[runlim] sample:		296.8 time, 300.0 real, 353.3 MB
CVC4 interrupted by SIGTERM.
[runlim] end:			Tue Jan 29 17:18:23 2019
[runlim] status:		out of time
[runlim] result:		2
[runlim] children:		0
[runlim] real:			303.26 seconds
[runlim] time:			300.01 seconds
[runlim] space:			355.6 MB
[runlim] samples:		3032
