[runlim] version:		1.10fixed
[runlim] time limit:		300 seconds
[runlim] real time limit:	311040000 seconds
[runlim] space limit:		4000 MB
[runlim] argv[0]:		./cvc4
[runlim] argv[1]:		--cbqi-all
[runlim] argv[2]:		/tmp/zXgwSuT0.smt2
[runlim] start:			Tue Jan 29 17:11:20 2019
[runlim] main pid:		2140
[runlim] sample:		9.1 time, 10.7 real, 52.3 MB
[runlim] sample:		19.1 time, 20.7 real, 66.3 MB
[runlim] sample:		29.0 time, 30.7 real, 75.5 MB
[runlim] sample:		38.9 time, 40.7 real, 82.8 MB
[runlim] sample:		48.3 time, 50.7 real, 89.2 MB
[runlim] sample:		56.2 time, 60.7 real, 93.6 MB
[runlim] sample:		65.7 time, 70.7 real, 99.7 MB
[runlim] sample:		75.7 time, 80.7 real, 107.2 MB
[runlim] sample:		84.7 time, 90.7 real, 112.1 MB
[runlim] sample:		93.8 time, 100.7 real, 115.2 MB
[runlim] sample:		103.8 time, 110.7 real, 119.1 MB
[runlim] sample:		113.8 time, 120.7 real, 122.4 MB
[runlim] sample:		121.6 time, 130.7 real, 124.5 MB
[runlim] sample:		129.0 time, 140.7 real, 127.0 MB
[runlim] sample:		137.1 time, 150.7 real, 129.6 MB
[runlim] sample:		146.8 time, 160.7 real, 133.0 MB
[runlim] sample:		156.2 time, 170.7 real, 137.1 MB
[runlim] sample:		163.8 time, 180.7 real, 138.4 MB
[runlim] sample:		172.2 time, 190.7 real, 140.7 MB
[runlim] sample:		180.7 time, 200.7 real, 143.3 MB
[runlim] sample:		188.5 time, 210.7 real, 145.1 MB
[runlim] sample:		197.0 time, 220.7 real, 147.4 MB
[runlim] sample:		205.2 time, 230.7 real, 149.4 MB
[runlim] sample:		212.8 time, 240.7 real, 151.5 MB
[runlim] sample:		220.9 time, 250.7 real, 153.8 MB
[runlim] sample:		229.5 time, 260.7 real, 157.2 MB
[runlim] sample:		238.6 time, 270.7 real, 158.5 MB
[runlim] sample:		248.0 time, 280.7 real, 161.0 MB
[runlim] sample:		257.6 time, 290.7 real, 162.6 MB
[runlim] sample:		266.5 time, 300.7 real, 164.4 MB
[runlim] sample:		276.5 time, 310.7 real, 166.5 MB
[runlim] sample:		286.2 time, 320.7 real, 170.2 MB
[runlim] sample:		295.9 time, 330.7 real, 171.8 MB
[runlim] end:			Tue Jan 29 17:16:53 2019
[runlim] status:		signal(9)
[runlim] result:		11
[runlim] children:		0
[runlim] real:			333.27 seconds
[runlim] time:			297.91 seconds
[runlim] space:			172.0 MB
[runlim] samples:		3325
