[runlim] version:		1.10fixed
[runlim] time limit:		300 seconds
[runlim] real time limit:	311040000 seconds
[runlim] space limit:		4000 MB
[runlim] argv[0]:		./cvc4
[runlim] argv[1]:		--cbqi-all
[runlim] argv[2]:		/tmp/JZmIYOKB.smt2
[runlim] start:			Tue Feb  5 10:44:08 2019
[runlim] main pid:		24968
[runlim] sample:		9.3 time, 10.6 real, 53.6 MB
[runlim] sample:		19.3 time, 20.6 real, 68.1 MB
[runlim] sample:		29.3 time, 30.6 real, 77.2 MB
[runlim] sample:		39.2 time, 40.6 real, 85.4 MB
[runlim] sample:		48.2 time, 50.6 real, 91.3 MB
[runlim] sample:		58.2 time, 60.6 real, 98.5 MB
[runlim] sample:		68.2 time, 70.6 real, 107.0 MB
[runlim] sample:		78.2 time, 80.6 real, 112.4 MB
[runlim] sample:		88.2 time, 90.6 real, 116.5 MB
[runlim] sample:		98.2 time, 100.6 real, 120.4 MB
[runlim] sample:		108.2 time, 110.6 real, 123.7 MB
[runlim] sample:		118.2 time, 120.6 real, 126.8 MB
[runlim] sample:		128.1 time, 130.6 real, 130.4 MB
[runlim] sample:		138.1 time, 140.6 real, 134.5 MB
[runlim] sample:		148.1 time, 150.6 real, 138.1 MB
[runlim] sample:		158.1 time, 160.6 real, 140.7 MB
[runlim] sample:		168.1 time, 170.6 real, 143.5 MB
[runlim] sample:		178.1 time, 180.6 real, 146.9 MB
[runlim] sample:		188.1 time, 190.6 real, 149.7 MB
[runlim] sample:		198.1 time, 200.6 real, 152.0 MB
[runlim] sample:		208.1 time, 210.6 real, 154.9 MB
[runlim] sample:		218.1 time, 220.6 real, 158.5 MB
[runlim] sample:		228.1 time, 230.6 real, 160.8 MB
[runlim] sample:		238.1 time, 240.6 real, 163.4 MB
[runlim] sample:		248.1 time, 250.6 real, 165.4 MB
[runlim] sample:		258.1 time, 260.6 real, 169.4 MB
[runlim] sample:		268.1 time, 270.6 real, 171.4 MB
[runlim] sample:		278.1 time, 280.6 real, 173.5 MB
[runlim] sample:		288.1 time, 290.6 real, 175.3 MB
[runlim] sample:		298.1 time, 300.6 real, 177.1 MB
CVC4 interrupted by SIGTERM.
[runlim] end:			Tue Feb  5 10:49:10 2019
[runlim] status:		out of time
[runlim] result:		2
[runlim] children:		0
[runlim] real:			302.66 seconds
[runlim] time:			300.09 seconds
[runlim] space:			177.6 MB
[runlim] samples:		3020
