[runlim] version:		1.10fixed
[runlim] time limit:		300 seconds
[runlim] real time limit:	311040000 seconds
[runlim] space limit:		4000 MB
[runlim] argv[0]:		./cvc4
[runlim] argv[1]:		--cbqi-all
[runlim] argv[2]:		/tmp/iok5QYwY.smt2
[runlim] start:			Tue Feb  5 10:49:39 2019
[runlim] main pid:		32201
[runlim] sample:		9.6 time, 10.0 real, 39.3 MB
[runlim] sample:		19.6 time, 20.0 real, 47.4 MB
[runlim] sample:		29.5 time, 30.0 real, 54.6 MB
[runlim] sample:		39.3 time, 40.0 real, 60.0 MB
[runlim] sample:		49.3 time, 50.0 real, 65.6 MB
[runlim] sample:		59.3 time, 60.0 real, 69.5 MB
[runlim] sample:		69.3 time, 70.0 real, 73.9 MB
[runlim] sample:		79.2 time, 80.0 real, 77.5 MB
[runlim] sample:		89.3 time, 90.0 real, 81.7 MB
[runlim] sample:		99.3 time, 100.0 real, 86.0 MB
[runlim] sample:		109.2 time, 110.0 real, 89.6 MB
[runlim] sample:		119.2 time, 120.0 real, 93.2 MB
[runlim] sample:		129.2 time, 130.0 real, 95.8 MB
[runlim] sample:		139.2 time, 140.0 real, 99.1 MB
[runlim] sample:		149.2 time, 150.0 real, 101.7 MB
[runlim] sample:		158.0 time, 160.0 real, 104.0 MB
[runlim] sample:		167.4 time, 170.0 real, 108.5 MB
[runlim] sample:		176.5 time, 180.0 real, 109.8 MB
[runlim] sample:		184.5 time, 190.0 real, 111.8 MB
[runlim] sample:		192.6 time, 200.0 real, 113.9 MB
[runlim] sample:		200.7 time, 210.0 real, 115.7 MB
[runlim] sample:		210.7 time, 220.0 real, 118.3 MB
[runlim] sample:		220.7 time, 230.0 real, 120.3 MB
[runlim] sample:		230.7 time, 240.0 real, 122.9 MB
[runlim] sample:		240.7 time, 250.0 real, 125.0 MB
[runlim] sample:		250.7 time, 260.0 real, 127.8 MB
[runlim] sample:		260.7 time, 270.0 real, 129.6 MB
[runlim] sample:		270.7 time, 280.0 real, 132.2 MB
[runlim] sample:		280.7 time, 290.0 real, 134.5 MB
[runlim] sample:		290.7 time, 300.0 real, 137.1 MB
CVC4 interrupted by SIGTERM.
[runlim] end:			Tue Feb  5 10:54:48 2019
[runlim] status:		out of time
[runlim] result:		2
[runlim] children:		0
[runlim] real:			309.47 seconds
[runlim] time:			300.07 seconds
[runlim] space:			139.7 MB
[runlim] samples:		3094
