[runlim] version:		1.10fixed
[runlim] time limit:		300 seconds
[runlim] real time limit:	311040000 seconds
[runlim] space limit:		4000 MB
[runlim] argv[0]:		./cvc4
[runlim] argv[1]:		--cbqi-all
[runlim] argv[2]:		/tmp/fnFbx0qr.smt2
[runlim] start:			Tue Feb  5 10:48:29 2019
[runlim] main pid:		18088
[runlim] sample:		8.5 time, 10.9 real, 40.8 MB
[runlim] sample:		18.5 time, 20.9 real, 54.0 MB
[runlim] sample:		28.5 time, 30.9 real, 63.5 MB
[runlim] sample:		38.5 time, 40.9 real, 73.0 MB
[runlim] sample:		47.9 time, 50.9 real, 78.9 MB
[runlim] sample:		55.6 time, 60.9 real, 83.3 MB
[runlim] sample:		65.1 time, 70.9 real, 88.5 MB
[runlim] sample:		75.1 time, 80.9 real, 93.6 MB
[runlim] sample:		85.1 time, 90.9 real, 98.3 MB
[runlim] sample:		95.1 time, 100.9 real, 104.6 MB
[runlim] sample:		105.1 time, 110.9 real, 112.9 MB
[runlim] sample:		115.1 time, 120.9 real, 116.8 MB
[runlim] sample:		125.1 time, 130.9 real, 120.4 MB
[runlim] sample:		135.1 time, 140.9 real, 123.5 MB
[runlim] sample:		145.1 time, 150.9 real, 126.6 MB
[runlim] sample:		155.1 time, 160.9 real, 129.6 MB
[runlim] sample:		165.1 time, 170.9 real, 133.0 MB
[runlim] sample:		175.1 time, 180.9 real, 135.6 MB
[runlim] sample:		185.1 time, 190.9 real, 138.4 MB
[runlim] sample:		195.1 time, 200.9 real, 141.2 MB
[runlim] sample:		205.1 time, 210.9 real, 143.6 MB
[runlim] sample:		215.1 time, 220.9 real, 146.1 MB
[runlim] sample:		225.1 time, 230.9 real, 148.2 MB
[runlim] sample:		235.1 time, 240.9 real, 150.5 MB
[runlim] sample:		245.1 time, 250.9 real, 152.8 MB
[runlim] sample:		255.1 time, 260.9 real, 155.2 MB
[runlim] sample:		265.1 time, 270.9 real, 157.0 MB
[runlim] sample:		275.1 time, 280.9 real, 159.0 MB
[runlim] sample:		285.1 time, 290.9 real, 161.1 MB
[runlim] sample:		295.0 time, 300.9 real, 162.9 MB
CVC4 interrupted by SIGTERM.
[runlim] end:			Tue Feb  5 10:53:34 2019
[runlim] status:		out of time
[runlim] result:		2
[runlim] children:		0
[runlim] real:			305.92 seconds
[runlim] time:			300.04 seconds
[runlim] space:			163.9 MB
[runlim] samples:		3050
