[runlim] version:		1.10fixed
[runlim] time limit:		300 seconds
[runlim] real time limit:	311040000 seconds
[runlim] space limit:		4000 MB
[runlim] argv[0]:		./cvc4
[runlim] argv[1]:		--cbqi-all
[runlim] argv[2]:		/tmp/dgLx5mqs.smt2
[runlim] start:			Tue Feb  5 10:49:40 2019
[runlim] main pid:		29057
[runlim] sample:		8.1 time, 10.6 real, 43.4 MB
[runlim] sample:		15.7 time, 20.6 real, 58.9 MB
[runlim] sample:		24.3 time, 30.6 real, 73.0 MB
[runlim] sample:		32.2 time, 40.6 real, 86.9 MB
[runlim] sample:		40.6 time, 50.6 real, 99.5 MB
[runlim] sample:		48.6 time, 60.6 real, 110.6 MB
[runlim] sample:		58.1 time, 70.6 real, 122.2 MB
[runlim] sample:		67.7 time, 80.6 real, 134.6 MB
[runlim] sample:		77.4 time, 90.6 real, 147.8 MB
[runlim] sample:		86.3 time, 100.6 real, 159.8 MB
[runlim] sample:		95.4 time, 110.6 real, 169.4 MB
[runlim] sample:		105.0 time, 120.6 real, 179.5 MB
[runlim] sample:		114.3 time, 130.6 real, 189.8 MB
[runlim] sample:		124.0 time, 140.6 real, 201.4 MB
[runlim] sample:		133.3 time, 150.6 real, 210.1 MB
[runlim] sample:		143.2 time, 160.6 real, 221.7 MB
[runlim] sample:		151.7 time, 170.6 real, 231.5 MB
[runlim] sample:		160.0 time, 180.6 real, 241.1 MB
[runlim] sample:		168.1 time, 190.6 real, 252.3 MB
[runlim] sample:		176.9 time, 200.6 real, 254.9 MB
[runlim] sample:		186.6 time, 210.6 real, 264.7 MB
[runlim] sample:		196.3 time, 220.6 real, 276.5 MB
[runlim] sample:		205.9 time, 230.6 real, 284.3 MB
[runlim] sample:		215.6 time, 240.6 real, 295.1 MB
[runlim] sample:		225.3 time, 250.6 real, 303.1 MB
[runlim] sample:		235.0 time, 260.6 real, 311.3 MB
[runlim] sample:		244.6 time, 270.6 real, 322.4 MB
[runlim] sample:		254.4 time, 280.6 real, 336.8 MB
[runlim] sample:		264.4 time, 290.6 real, 344.8 MB
[runlim] sample:		274.4 time, 300.6 real, 353.3 MB
[runlim] sample:		284.4 time, 310.6 real, 361.5 MB
[runlim] sample:		294.4 time, 320.6 real, 370.0 MB
[runlim] end:			Tue Feb  5 10:55:04 2019
[runlim] status:		signal(9)
[runlim] result:		11
[runlim] children:		0
[runlim] real:			324.81 seconds
[runlim] time:			298.63 seconds
[runlim] space:			374.4 MB
[runlim] samples:		3242
