[runlim] version:		1.10fixed
[runlim] time limit:		300 seconds
[runlim] real time limit:	311040000 seconds
[runlim] space limit:		4000 MB
[runlim] argv[0]:		./cvc4
[runlim] argv[1]:		--cbqi-all
[runlim] argv[2]:		/tmp/nWJbTsIM.smt2
[runlim] start:			Tue Feb  5 13:37:43 2019
[runlim] main pid:		24581
[runlim] sample:		8.4 time, 10.2 real, 38.1 MB
[runlim] sample:		16.9 time, 20.2 real, 45.3 MB
[runlim] sample:		26.9 time, 30.2 real, 53.2 MB
[runlim] sample:		36.8 time, 40.2 real, 58.8 MB
[runlim] sample:		46.8 time, 50.2 real, 64.4 MB
[runlim] sample:		56.8 time, 60.2 real, 69.3 MB
[runlim] sample:		66.8 time, 70.2 real, 74.0 MB
[runlim] sample:		75.5 time, 80.2 real, 78.2 MB
[runlim] sample:		82.8 time, 90.2 real, 79.8 MB
[runlim] sample:		90.2 time, 100.2 real, 84.3 MB
[runlim] sample:		99.2 time, 110.2 real, 86.9 MB
[runlim] sample:		109.2 time, 120.2 real, 90.2 MB
[runlim] sample:		119.2 time, 130.2 real, 94.1 MB
[runlim] sample:		127.9 time, 140.2 real, 96.4 MB
[runlim] sample:		135.2 time, 150.2 real, 99.0 MB
[runlim] sample:		142.6 time, 160.2 real, 101.0 MB
[runlim] sample:		149.9 time, 170.2 real, 102.8 MB
[runlim] sample:		159.9 time, 180.2 real, 109.0 MB
[runlim] sample:		169.9 time, 190.2 real, 109.2 MB
[runlim] sample:		179.9 time, 200.2 real, 112.0 MB
[runlim] sample:		189.9 time, 210.2 real, 114.9 MB
[runlim] sample:		199.9 time, 220.2 real, 116.9 MB
[runlim] sample:		209.9 time, 230.2 real, 119.5 MB
[runlim] sample:		219.9 time, 240.2 real, 122.9 MB
[runlim] sample:		229.9 time, 250.2 real, 125.2 MB
[runlim] sample:		239.9 time, 260.2 real, 126.7 MB
[runlim] sample:		249.9 time, 270.2 real, 128.8 MB
[runlim] sample:		259.9 time, 280.2 real, 130.9 MB
[runlim] sample:		269.9 time, 290.2 real, 133.2 MB
[runlim] sample:		279.9 time, 300.2 real, 136.0 MB
[runlim] end:			Tue Feb  5 13:42:52 2019
[runlim] status:		signal(9)
[runlim] result:		11
[runlim] children:		0
[runlim] real:			309.73 seconds
[runlim] time:			289.38 seconds
[runlim] space:			138.6 MB
[runlim] samples:		3095
