[runlim] version:		1.10fixed
[runlim] time limit:		300 seconds
[runlim] real time limit:	311040000 seconds
[runlim] space limit:		4000 MB
[runlim] argv[0]:		./cvc4
[runlim] argv[1]:		--cbqi-all
[runlim] argv[2]:		/tmp/h1S8SztL.smt2
[runlim] start:			Tue Feb  5 10:44:23 2019
[runlim] main pid:		11218
[runlim] sample:		9.5 time, 10.5 real, 52.8 MB
[runlim] sample:		19.2 time, 20.5 real, 66.5 MB
[runlim] sample:		29.1 time, 30.5 real, 75.5 MB
[runlim] sample:		39.0 time, 40.5 real, 83.2 MB
[runlim] sample:		49.0 time, 50.5 real, 90.2 MB
[runlim] sample:		59.0 time, 60.5 real, 96.7 MB
[runlim] sample:		69.0 time, 70.5 real, 102.9 MB
[runlim] sample:		79.0 time, 80.5 real, 110.3 MB
[runlim] sample:		88.8 time, 90.5 real, 114.5 MB
[runlim] sample:		98.8 time, 100.5 real, 118.1 MB
[runlim] sample:		108.8 time, 110.5 real, 121.7 MB
[runlim] sample:		117.6 time, 120.5 real, 124.5 MB
[runlim] sample:		127.5 time, 130.5 real, 127.9 MB
[runlim] sample:		136.5 time, 140.5 real, 130.7 MB
[runlim] sample:		146.0 time, 150.5 real, 134.0 MB
[runlim] sample:		155.9 time, 160.5 real, 137.6 MB
[runlim] sample:		165.9 time, 170.5 real, 140.2 MB
[runlim] sample:		175.9 time, 180.5 real, 143.3 MB
[runlim] sample:		185.9 time, 190.5 real, 145.9 MB
[runlim] sample:		195.9 time, 200.5 real, 148.2 MB
[runlim] sample:		205.9 time, 210.5 real, 151.0 MB
[runlim] sample:		215.9 time, 220.5 real, 155.4 MB
[runlim] sample:		225.9 time, 230.5 real, 157.5 MB
[runlim] sample:		235.9 time, 240.5 real, 159.5 MB
[runlim] sample:		245.9 time, 250.5 real, 162.1 MB
[runlim] sample:		255.9 time, 260.5 real, 163.9 MB
[runlim] sample:		264.9 time, 270.5 real, 165.5 MB
[runlim] sample:		274.9 time, 280.5 real, 169.5 MB
[runlim] sample:		284.9 time, 290.5 real, 171.3 MB
[runlim] sample:		294.9 time, 300.5 real, 173.3 MB
CVC4 interrupted by SIGTERM.
[runlim] end:			Tue Feb  5 10:49:28 2019
[runlim] status:		out of time
[runlim] result:		2
[runlim] children:		0
[runlim] real:			305.72 seconds
[runlim] time:			300.08 seconds
[runlim] space:			174.3 MB
[runlim] samples:		3052
