[runlim] version:		1.10fixed
[runlim] time limit:		300 seconds
[runlim] real time limit:	311040000 seconds
[runlim] space limit:		4000 MB
[runlim] argv[0]:		./cvc4
[runlim] argv[1]:		--cbqi-all
[runlim] argv[2]:		/tmp/TwZ2hHhD.smt2
[runlim] start:			Tue Feb  5 10:44:10 2019
[runlim] main pid:		31684
[runlim] sample:		7.3 time, 10.8 real, 48.8 MB
[runlim] sample:		15.9 time, 20.8 real, 62.9 MB
[runlim] sample:		25.9 time, 30.8 real, 73.9 MB
[runlim] sample:		35.9 time, 40.8 real, 82.4 MB
[runlim] sample:		45.9 time, 50.8 real, 90.2 MB
[runlim] sample:		55.9 time, 60.8 real, 97.1 MB
[runlim] sample:		65.9 time, 70.8 real, 103.8 MB
[runlim] sample:		75.9 time, 80.8 real, 109.2 MB
[runlim] sample:		85.9 time, 90.8 real, 114.3 MB
[runlim] sample:		95.9 time, 100.8 real, 120.6 MB
[runlim] sample:		105.9 time, 110.8 real, 124.7 MB
[runlim] sample:		115.9 time, 120.8 real, 129.3 MB
[runlim] sample:		125.9 time, 130.8 real, 133.5 MB
[runlim] sample:		135.9 time, 140.8 real, 136.5 MB
[runlim] sample:		145.9 time, 150.8 real, 139.6 MB
[runlim] sample:		155.9 time, 160.8 real, 143.5 MB
[runlim] sample:		165.9 time, 170.8 real, 146.9 MB
[runlim] sample:		175.9 time, 180.8 real, 150.2 MB
[runlim] sample:		185.9 time, 190.8 real, 153.3 MB
[runlim] sample:		195.9 time, 200.8 real, 156.4 MB
[runlim] sample:		205.9 time, 210.8 real, 159.2 MB
[runlim] sample:		215.9 time, 220.8 real, 162.8 MB
[runlim] sample:		225.9 time, 230.8 real, 165.1 MB
[runlim] sample:		235.9 time, 240.8 real, 167.7 MB
[runlim] sample:		245.9 time, 250.8 real, 171.6 MB
[runlim] sample:		255.9 time, 260.8 real, 173.6 MB
[runlim] sample:		265.9 time, 270.8 real, 175.7 MB
[runlim] sample:		275.9 time, 280.8 real, 178.0 MB
[runlim] sample:		285.9 time, 290.8 real, 180.3 MB
[runlim] sample:		295.9 time, 300.8 real, 182.4 MB
CVC4 interrupted by SIGTERM.
[runlim] end:			Tue Feb  5 10:49:15 2019
[runlim] status:		out of time
[runlim] result:		2
[runlim] children:		0
[runlim] real:			305.03 seconds
[runlim] time:			300.06 seconds
[runlim] space:			182.9 MB
[runlim] samples:		3042
