[runlim] version:		1.10fixed
[runlim] time limit:		300 seconds
[runlim] real time limit:	311040000 seconds
[runlim] space limit:		4000 MB
[runlim] argv[0]:		./cvc4
[runlim] argv[1]:		--cbqi-all
[runlim] argv[2]:		/tmp/BaIZAQmf.smt2
[runlim] start:			Tue Feb  5 10:49:45 2019
[runlim] main pid:		2911
[runlim] sample:		9.8 time, 10.9 real, 39.0 MB
[runlim] sample:		19.2 time, 20.9 real, 46.9 MB
[runlim] sample:		29.2 time, 30.9 real, 53.9 MB
[runlim] sample:		38.9 time, 40.9 real, 59.7 MB
[runlim] sample:		48.4 time, 50.9 real, 64.3 MB
[runlim] sample:		57.3 time, 60.9 real, 68.4 MB
[runlim] sample:		66.4 time, 70.9 real, 72.0 MB
[runlim] sample:		76.4 time, 80.9 real, 76.8 MB
[runlim] sample:		86.4 time, 90.9 real, 81.2 MB
[runlim] sample:		96.4 time, 100.9 real, 85.3 MB
[runlim] sample:		106.2 time, 110.9 real, 87.9 MB
[runlim] sample:		116.0 time, 120.9 real, 91.3 MB
[runlim] sample:		126.0 time, 130.9 real, 94.1 MB
[runlim] sample:		136.0 time, 140.9 real, 97.7 MB
[runlim] sample:		146.0 time, 150.9 real, 100.0 MB
[runlim] sample:		156.0 time, 160.9 real, 102.6 MB
[runlim] sample:		166.0 time, 170.9 real, 105.9 MB
[runlim] sample:		176.0 time, 180.9 real, 108.0 MB
[runlim] sample:		186.0 time, 190.9 real, 111.1 MB
[runlim] sample:		196.0 time, 200.9 real, 113.6 MB
[runlim] sample:		206.0 time, 210.9 real, 115.9 MB
[runlim] sample:		216.0 time, 220.9 real, 118.5 MB
[runlim] sample:		226.0 time, 230.9 real, 120.6 MB
[runlim] sample:		235.5 time, 240.9 real, 122.9 MB
[runlim] sample:		244.8 time, 250.9 real, 124.7 MB
[runlim] sample:		254.2 time, 260.9 real, 127.3 MB
[runlim] sample:		264.2 time, 270.9 real, 129.3 MB
[runlim] sample:		273.4 time, 280.9 real, 131.9 MB
[runlim] sample:		283.4 time, 290.9 real, 132.4 MB
[runlim] sample:		293.4 time, 300.9 real, 135.3 MB
CVC4 interrupted by SIGTERM.
[runlim] end:			Tue Feb  5 10:54:52 2019
[runlim] status:		out of time
[runlim] result:		2
[runlim] children:		0
[runlim] real:			307.51 seconds
[runlim] time:			300.03 seconds
[runlim] space:			137.1 MB
[runlim] samples:		3066
