[runlim] version:		1.10fixed
[runlim] time limit:		300 seconds
[runlim] real time limit:	311040000 seconds
[runlim] space limit:		4000 MB
[runlim] argv[0]:		./cvc4
[runlim] argv[1]:		--cbqi-all
[runlim] argv[2]:		/tmp/7e82xk7v.smt2
[runlim] start:			Tue Feb  5 10:46:53 2019
[runlim] main pid:		32369
[runlim] sample:		7.8 time, 10.2 real, 40.2 MB
[runlim] sample:		17.8 time, 20.2 real, 54.3 MB
[runlim] sample:		27.8 time, 30.2 real, 64.2 MB
[runlim] sample:		36.3 time, 40.2 real, 72.8 MB
[runlim] sample:		44.2 time, 50.2 real, 78.0 MB
[runlim] sample:		53.6 time, 60.2 real, 83.4 MB
[runlim] sample:		63.6 time, 70.2 real, 89.3 MB
[runlim] sample:		73.6 time, 80.2 real, 94.5 MB
[runlim] sample:		83.6 time, 90.2 real, 98.6 MB
[runlim] sample:		93.6 time, 100.2 real, 109.4 MB
[runlim] sample:		103.6 time, 110.2 real, 113.5 MB
[runlim] sample:		113.5 time, 120.2 real, 117.4 MB
[runlim] sample:		123.5 time, 130.2 real, 121.0 MB
[runlim] sample:		132.8 time, 140.2 real, 124.1 MB
[runlim] sample:		142.7 time, 150.2 real, 127.2 MB
[runlim] sample:		152.7 time, 160.2 real, 130.3 MB
[runlim] sample:		162.7 time, 170.2 real, 133.4 MB
[runlim] sample:		172.7 time, 180.2 real, 136.0 MB
[runlim] sample:		182.7 time, 190.2 real, 138.8 MB
[runlim] sample:		192.7 time, 200.2 real, 141.4 MB
[runlim] sample:		202.7 time, 210.2 real, 143.7 MB
[runlim] sample:		212.7 time, 220.2 real, 146.0 MB
[runlim] sample:		222.7 time, 230.2 real, 148.3 MB
[runlim] sample:		232.7 time, 240.2 real, 150.7 MB
[runlim] sample:		242.7 time, 250.2 real, 153.0 MB
[runlim] sample:		252.7 time, 260.2 real, 155.3 MB
[runlim] sample:		262.7 time, 270.2 real, 157.1 MB
[runlim] sample:		272.7 time, 280.2 real, 159.4 MB
[runlim] sample:		282.7 time, 290.2 real, 161.2 MB
[runlim] sample:		292.7 time, 300.2 real, 163.3 MB
CVC4 interrupted by SIGTERM.
[runlim] end:			Tue Feb  5 10:52:00 2019
[runlim] status:		out of time
[runlim] result:		2
[runlim] children:		0
[runlim] real:			307.54 seconds
[runlim] time:			300.01 seconds
[runlim] space:			164.6 MB
[runlim] samples:		3073
