[runlim] version:		1.10fixed
[runlim] time limit:		300 seconds
[runlim] real time limit:	311040000 seconds
[runlim] space limit:		4000 MB
[runlim] argv[0]:		./cvc4
[runlim] argv[1]:		--cbqi-all
[runlim] argv[2]:		/tmp/TVKvkCeU.smt2
[runlim] start:			Tue Feb  5 13:36:00 2019
[runlim] main pid:		6546
[runlim] sample:		8.3 time, 10.6 real, 50.3 MB
[runlim] sample:		18.2 time, 20.6 real, 64.9 MB
[runlim] sample:		28.2 time, 30.6 real, 73.9 MB
[runlim] sample:		37.1 time, 40.6 real, 81.4 MB
[runlim] sample:		46.6 time, 50.6 real, 88.1 MB
[runlim] sample:		55.5 time, 60.6 real, 92.9 MB
[runlim] sample:		64.9 time, 70.6 real, 99.4 MB
[runlim] sample:		73.6 time, 80.6 real, 106.0 MB
[runlim] sample:		82.3 time, 90.6 real, 110.7 MB
[runlim] sample:		91.8 time, 100.6 real, 114.3 MB
[runlim] sample:		101.7 time, 110.6 real, 118.1 MB
[runlim] sample:		111.7 time, 120.6 real, 121.5 MB
[runlim] sample:		121.7 time, 130.6 real, 124.6 MB
[runlim] sample:		131.7 time, 140.6 real, 127.9 MB
[runlim] sample:		141.7 time, 150.6 real, 131.5 MB
[runlim] sample:		151.7 time, 160.6 real, 134.4 MB
[runlim] sample:		161.7 time, 170.6 real, 138.0 MB
[runlim] sample:		171.7 time, 180.6 real, 140.6 MB
[runlim] sample:		181.7 time, 190.6 real, 143.4 MB
[runlim] sample:		191.7 time, 200.6 real, 146.0 MB
[runlim] sample:		201.7 time, 210.6 real, 148.5 MB
[runlim] sample:		211.6 time, 220.6 real, 150.9 MB
[runlim] sample:		221.6 time, 230.6 real, 155.0 MB
[runlim] sample:		231.6 time, 240.6 real, 157.3 MB
[runlim] sample:		241.6 time, 250.6 real, 159.4 MB
[runlim] sample:		250.1 time, 260.6 real, 161.4 MB
[runlim] sample:		258.9 time, 270.6 real, 163.0 MB
[runlim] sample:		267.4 time, 280.6 real, 164.8 MB
[runlim] sample:		277.1 time, 290.6 real, 166.3 MB
[runlim] sample:		287.0 time, 300.6 real, 170.4 MB
[runlim] sample:		296.7 time, 310.6 real, 172.2 MB
[runlim] end:			Tue Feb  5 13:41:11 2019
[runlim] status:		signal(9)
[runlim] result:		11
[runlim] children:		0
[runlim] real:			311.43 seconds
[runlim] time:			297.51 seconds
[runlim] space:			172.5 MB
[runlim] samples:		3108
