[runlim] version:		1.10fixed
[runlim] time limit:		300 seconds
[runlim] real time limit:	311040000 seconds
[runlim] space limit:		4000 MB
[runlim] argv[0]:		./cvc4
[runlim] argv[1]:		--cbqi-all
[runlim] argv[2]:		/tmp/92NET2tt.smt2
[runlim] start:			Tue Feb  5 10:49:45 2019
[runlim] main pid:		32728
[runlim] sample:		7.5 time, 10.0 real, 38.7 MB
[runlim] sample:		16.7 time, 20.0 real, 52.9 MB
[runlim] sample:		26.7 time, 30.0 real, 60.0 MB
[runlim] sample:		36.7 time, 40.0 real, 65.4 MB
[runlim] sample:		46.7 time, 50.0 real, 70.1 MB
[runlim] sample:		56.7 time, 60.0 real, 73.8 MB
[runlim] sample:		66.7 time, 70.0 real, 78.7 MB
[runlim] sample:		76.7 time, 80.0 real, 82.3 MB
[runlim] sample:		86.7 time, 90.0 real, 86.5 MB
[runlim] sample:		96.7 time, 100.0 real, 90.1 MB
[runlim] sample:		106.7 time, 110.0 real, 93.0 MB
[runlim] sample:		116.7 time, 120.0 real, 96.3 MB
[runlim] sample:		126.7 time, 130.0 real, 99.2 MB
[runlim] sample:		136.7 time, 140.0 real, 102.9 MB
[runlim] sample:		146.7 time, 150.0 real, 104.4 MB
[runlim] sample:		156.7 time, 160.0 real, 106.8 MB
[runlim] sample:		166.7 time, 170.0 real, 110.6 MB
[runlim] sample:		176.7 time, 180.0 real, 113.0 MB
[runlim] sample:		186.7 time, 190.0 real, 115.5 MB
[runlim] sample:		196.7 time, 200.0 real, 118.1 MB
[runlim] sample:		206.7 time, 210.0 real, 120.2 MB
[runlim] sample:		216.7 time, 220.0 real, 122.2 MB
[runlim] sample:		226.7 time, 230.0 real, 124.8 MB
[runlim] sample:		236.7 time, 240.0 real, 126.9 MB
[runlim] sample:		246.7 time, 250.0 real, 129.2 MB
[runlim] sample:		256.7 time, 260.0 real, 131.5 MB
[runlim] sample:		266.7 time, 270.0 real, 133.8 MB
[runlim] sample:		276.7 time, 280.0 real, 134.9 MB
[runlim] sample:		286.7 time, 290.0 real, 137.7 MB
[runlim] sample:		296.7 time, 300.0 real, 139.8 MB
CVC4 interrupted by SIGTERM.
[runlim] end:			Tue Feb  5 10:54:48 2019
[runlim] status:		out of time
[runlim] result:		2
[runlim] children:		0
[runlim] real:			303.44 seconds
[runlim] time:			300.07 seconds
[runlim] space:			140.5 MB
[runlim] samples:		3034
