[runlim] version:		1.10fixed
[runlim] time limit:		300 seconds
[runlim] real time limit:	311040000 seconds
[runlim] space limit:		4000 MB
[runlim] argv[0]:		./cvc4
[runlim] argv[1]:		--cbqi-all
[runlim] argv[2]:		/tmp/zkGOTe2s.smt2
[runlim] start:			Tue Feb  5 10:48:38 2019
[runlim] main pid:		10367
[runlim] sample:		7.7 time, 10.7 real, 39.5 MB
[runlim] sample:		17.4 time, 20.7 real, 52.9 MB
[runlim] sample:		27.4 time, 30.7 real, 61.4 MB
[runlim] sample:		37.4 time, 40.7 real, 71.8 MB
[runlim] sample:		47.4 time, 50.7 real, 78.2 MB
[runlim] sample:		57.4 time, 60.7 real, 83.6 MB
[runlim] sample:		67.4 time, 70.7 real, 88.5 MB
[runlim] sample:		77.4 time, 80.7 real, 93.4 MB
[runlim] sample:		87.4 time, 90.7 real, 97.8 MB
[runlim] sample:		97.4 time, 100.7 real, 104.0 MB
[runlim] sample:		107.4 time, 110.7 real, 111.9 MB
[runlim] sample:		117.4 time, 120.7 real, 115.5 MB
[runlim] sample:		127.4 time, 130.7 real, 118.8 MB
[runlim] sample:		137.4 time, 140.7 real, 121.9 MB
[runlim] sample:		147.4 time, 150.7 real, 124.8 MB
[runlim] sample:		157.4 time, 160.7 real, 127.6 MB
[runlim] sample:		167.4 time, 170.7 real, 130.2 MB
[runlim] sample:		177.4 time, 180.7 real, 133.3 MB
[runlim] sample:		187.2 time, 190.7 real, 136.1 MB
[runlim] sample:		196.6 time, 200.7 real, 138.4 MB
[runlim] sample:		205.4 time, 210.7 real, 140.5 MB
[runlim] sample:		214.0 time, 220.7 real, 142.6 MB
[runlim] sample:		222.3 time, 230.8 real, 144.4 MB
[runlim] sample:		230.8 time, 240.7 real, 146.2 MB
[runlim] sample:		240.0 time, 250.7 real, 148.0 MB
[runlim] sample:		249.4 time, 260.7 real, 149.8 MB
[runlim] sample:		258.0 time, 270.7 real, 151.6 MB
[runlim] sample:		267.4 time, 280.7 real, 153.4 MB
[runlim] sample:		275.8 time, 290.7 real, 154.9 MB
[runlim] sample:		283.8 time, 300.7 real, 156.2 MB
[runlim] sample:		292.4 time, 310.7 real, 157.5 MB
CVC4 interrupted by SIGTERM.
[runlim] end:			Tue Feb  5 10:53:58 2019
[runlim] status:		out of time
[runlim] result:		2
[runlim] children:		0
[runlim] real:			320.05 seconds
[runlim] time:			300.08 seconds
[runlim] space:			159.1 MB
[runlim] samples:		3193
