[runlim] version:		1.10fixed
[runlim] time limit:		300 seconds
[runlim] real time limit:	311040000 seconds
[runlim] space limit:		4000 MB
[runlim] argv[0]:		./cvc4
[runlim] argv[1]:		--cbqi-all
[runlim] argv[2]:		/tmp/pWP1p3rq.smt2
[runlim] start:			Tue Feb  5 13:38:00 2019
[runlim] main pid:		24713
[runlim] sample:		9.6 time, 10.9 real, 40.1 MB
[runlim] sample:		19.6 time, 20.9 real, 47.9 MB
[runlim] sample:		29.6 time, 30.9 real, 55.0 MB
[runlim] sample:		39.6 time, 40.9 real, 60.7 MB
[runlim] sample:		49.6 time, 50.9 real, 65.8 MB
[runlim] sample:		59.6 time, 60.9 real, 70.5 MB
[runlim] sample:		69.6 time, 70.9 real, 74.8 MB
[runlim] sample:		79.6 time, 80.9 real, 78.9 MB
[runlim] sample:		88.5 time, 90.9 real, 82.5 MB
[runlim] sample:		95.8 time, 100.9 real, 85.5 MB
[runlim] sample:		103.2 time, 110.9 real, 87.8 MB
[runlim] sample:		111.2 time, 120.9 real, 90.9 MB
[runlim] sample:		121.2 time, 130.9 real, 93.5 MB
[runlim] sample:		131.2 time, 140.9 real, 96.8 MB
[runlim] sample:		141.2 time, 150.9 real, 99.6 MB
[runlim] sample:		151.2 time, 160.9 real, 103.0 MB
[runlim] sample:		161.2 time, 170.9 real, 105.6 MB
[runlim] sample:		171.1 time, 180.9 real, 110.5 MB
[runlim] sample:		181.1 time, 190.9 real, 111.3 MB
[runlim] sample:		189.8 time, 200.9 real, 113.6 MB
[runlim] sample:		197.1 time, 210.9 real, 115.4 MB
[runlim] sample:		204.5 time, 220.9 real, 117.2 MB
[runlim] sample:		211.8 time, 230.9 real, 119.3 MB
[runlim] sample:		219.2 time, 240.9 real, 120.6 MB
[runlim] sample:		226.5 time, 250.9 real, 122.6 MB
[runlim] sample:		235.5 time, 260.9 real, 124.9 MB
[runlim] sample:		245.5 time, 270.9 real, 127.0 MB
[runlim] sample:		255.5 time, 280.9 real, 129.3 MB
[runlim] sample:		265.5 time, 290.9 real, 131.6 MB
[runlim] sample:		275.5 time, 300.9 real, 134.7 MB
[runlim] sample:		285.5 time, 310.9 real, 138.1 MB
[runlim] end:			Tue Feb  5 13:43:12 2019
[runlim] status:		signal(9)
[runlim] result:		11
[runlim] children:		0
[runlim] real:			312.34 seconds
[runlim] time:			286.94 seconds
[runlim] space:			139.4 MB
[runlim] samples:		3114
