[runlim] version:		1.10fixed
[runlim] time limit:		300 seconds
[runlim] real time limit:	311040000 seconds
[runlim] space limit:		4000 MB
[runlim] argv[0]:		./cvc4
[runlim] argv[1]:		--cbqi-all
[runlim] argv[2]:		/tmp/wawuaKVe.smt2
[runlim] start:			Tue Feb  5 10:45:15 2019
[runlim] main pid:		2593
/tmp/wawuaKVe.smt2:4.12: No set-logic command was given before this point.
/tmp/wawuaKVe.smt2:4.12: CVC4 will make all theories available.
/tmp/wawuaKVe.smt2:4.12: Consider setting a stricter logic for (likely) better performance.
/tmp/wawuaKVe.smt2:4.12: To suppress this warning in the future use (set-logic ALL).
[runlim] sample:		7.5 time, 10.7 real, 71.9 MB
[runlim] sample:		16.6 time, 20.7 real, 92.4 MB
[runlim] sample:		25.6 time, 30.7 real, 104.0 MB
[runlim] sample:		35.6 time, 40.7 real, 113.5 MB
[runlim] sample:		45.6 time, 50.7 real, 124.4 MB
[runlim] sample:		55.6 time, 60.7 real, 133.5 MB
[runlim] sample:		65.6 time, 70.7 real, 140.8 MB
[runlim] sample:		74.2 time, 80.7 real, 145.9 MB
[runlim] sample:		84.2 time, 90.7 real, 151.4 MB
[runlim] sample:		94.2 time, 100.7 real, 156.2 MB
[runlim] sample:		104.2 time, 110.7 real, 161.1 MB
[runlim] sample:		113.7 time, 120.7 real, 166.0 MB
[runlim] sample:		123.1 time, 130.7 real, 169.9 MB
[runlim] sample:		131.8 time, 140.7 real, 172.7 MB
[runlim] sample:		139.8 time, 150.7 real, 176.6 MB
[runlim] sample:		148.7 time, 160.7 real, 179.1 MB
[runlim] sample:		157.9 time, 170.7 real, 183.0 MB
[runlim] sample:		167.2 time, 180.7 real, 185.5 MB
[runlim] sample:		176.5 time, 190.7 real, 188.4 MB
[runlim] sample:		186.1 time, 200.7 real, 190.9 MB
[runlim] sample:		196.0 time, 210.7 real, 194.0 MB
[runlim] sample:		204.9 time, 220.7 real, 196.9 MB
[runlim] sample:		213.8 time, 230.7 real, 199.2 MB
[runlim] sample:		223.8 time, 240.7 real, 202.0 MB
[runlim] sample:		233.8 time, 250.7 real, 204.6 MB
[runlim] sample:		241.7 time, 260.7 real, 205.8 MB
[runlim] sample:		250.6 time, 270.7 real, 208.4 MB
[runlim] sample:		259.3 time, 280.7 real, 211.4 MB
[runlim] sample:		269.1 time, 290.7 real, 213.2 MB
[runlim] sample:		278.1 time, 300.7 real, 216.1 MB
[runlim] sample:		288.1 time, 310.7 real, 217.4 MB
[runlim] sample:		296.1 time, 320.7 real, 219.9 MB
[runlim] end:			Tue Feb  5 10:50:38 2019
[runlim] status:		signal(9)
[runlim] result:		11
[runlim] children:		0
[runlim] real:			323.17 seconds
[runlim] time:			298.41 seconds
[runlim] space:			219.9 MB
[runlim] samples:		3224
