[runlim] version:		1.10fixed
[runlim] time limit:		300 seconds
[runlim] real time limit:	311040000 seconds
[runlim] space limit:		4000 MB
[runlim] argv[0]:		./cvc4
[runlim] argv[1]:		--cbqi-all
[runlim] argv[2]:		/tmp/b1lfqDWQ.smt2
[runlim] start:			Tue Feb  5 10:44:27 2019
[runlim] main pid:		17311
[runlim] sample:		8.0 time, 10.5 real, 50.2 MB
[runlim] sample:		16.8 time, 20.5 real, 63.0 MB
[runlim] sample:		26.5 time, 30.5 real, 73.1 MB
[runlim] sample:		36.2 time, 40.5 real, 81.6 MB
[runlim] sample:		45.0 time, 50.5 real, 87.8 MB
[runlim] sample:		54.9 time, 60.5 real, 93.2 MB
[runlim] sample:		64.1 time, 70.5 real, 99.5 MB
[runlim] sample:		73.2 time, 80.5 real, 106.9 MB
[runlim] sample:		83.2 time, 90.5 real, 112.3 MB
[runlim] sample:		93.2 time, 100.5 real, 116.2 MB
[runlim] sample:		102.6 time, 110.5 real, 119.8 MB
[runlim] sample:		112.0 time, 120.5 real, 122.9 MB
[runlim] sample:		121.4 time, 130.5 real, 125.7 MB
[runlim] sample:		130.7 time, 140.5 real, 128.8 MB
[runlim] sample:		140.2 time, 150.5 real, 132.1 MB
[runlim] sample:		149.6 time, 160.5 real, 135.2 MB
[runlim] sample:		159.3 time, 170.5 real, 138.8 MB
[runlim] sample:		167.3 time, 180.5 real, 140.9 MB
[runlim] sample:		177.2 time, 190.5 real, 144.0 MB
[runlim] sample:		187.2 time, 200.5 real, 146.3 MB
[runlim] sample:		197.2 time, 210.5 real, 148.9 MB
[runlim] sample:		207.2 time, 220.5 real, 151.7 MB
[runlim] sample:		217.2 time, 230.5 real, 155.3 MB
[runlim] sample:		227.2 time, 240.5 real, 157.9 MB
[runlim] sample:		237.2 time, 250.5 real, 160.0 MB
[runlim] sample:		247.1 time, 260.5 real, 162.6 MB
[runlim] sample:		257.1 time, 270.5 real, 164.1 MB
[runlim] sample:		266.2 time, 280.5 real, 165.9 MB
[runlim] sample:		275.8 time, 290.5 real, 169.7 MB
[runlim] sample:		285.7 time, 300.5 real, 171.5 MB
[runlim] sample:		294.9 time, 310.5 real, 173.3 MB
CVC4 interrupted by SIGTERM.
[runlim] end:			Tue Feb  5 10:49:42 2019
[runlim] status:		out of time
[runlim] result:		2
[runlim] children:		0
[runlim] real:			315.71 seconds
[runlim] time:			300.01 seconds
[runlim] space:			174.3 MB
[runlim] samples:		3152
