[runlim] version:		1.10fixed
[runlim] time limit:		300 seconds
[runlim] real time limit:	311040000 seconds
[runlim] space limit:		4000 MB
[runlim] argv[0]:		./cvc4
[runlim] argv[1]:		--cbqi-all
[runlim] argv[2]:		/tmp/Hvd7Wah1.smt2
[runlim] start:			Tue Feb  5 10:49:42 2019
[runlim] main pid:		18953
[runlim] sample:		7.6 time, 10.8 real, 43.9 MB
[runlim] sample:		15.2 time, 20.8 real, 60.1 MB
[runlim] sample:		23.6 time, 30.8 real, 74.8 MB
[runlim] sample:		32.8 time, 40.8 real, 90.9 MB
[runlim] sample:		42.8 time, 50.8 real, 106.4 MB
[runlim] sample:		51.8 time, 60.8 real, 119.7 MB
[runlim] sample:		59.7 time, 70.8 real, 130.3 MB
[runlim] sample:		68.8 time, 80.8 real, 142.2 MB
[runlim] sample:		76.5 time, 90.8 real, 152.1 MB
[runlim] sample:		86.5 time, 100.8 real, 166.2 MB
[runlim] sample:		96.4 time, 110.8 real, 177.6 MB
[runlim] sample:		106.3 time, 120.8 real, 191.0 MB
[runlim] sample:		114.5 time, 130.8 real, 199.5 MB
[runlim] sample:		123.7 time, 140.8 real, 209.3 MB
[runlim] sample:		131.7 time, 150.8 real, 220.6 MB
[runlim] sample:		139.6 time, 160.8 real, 230.4 MB
[runlim] sample:		149.6 time, 170.8 real, 251.6 MB
[runlim] sample:		159.6 time, 180.8 real, 252.9 MB
[runlim] sample:		169.6 time, 190.8 real, 260.7 MB
[runlim] sample:		179.4 time, 200.8 real, 268.1 MB
[runlim] sample:		189.2 time, 210.8 real, 279.7 MB
[runlim] sample:		199.1 time, 220.8 real, 288.8 MB
[runlim] sample:		209.0 time, 230.8 real, 298.0 MB
[runlim] sample:		219.0 time, 240.8 real, 306.8 MB
[runlim] sample:		228.8 time, 250.8 real, 317.4 MB
[runlim] sample:		237.8 time, 260.8 real, 327.7 MB
[runlim] sample:		246.7 time, 270.8 real, 339.9 MB
[runlim] sample:		256.2 time, 280.8 real, 347.7 MB
[runlim] sample:		265.8 time, 290.8 real, 356.4 MB
[runlim] sample:		274.3 time, 300.8 real, 364.7 MB
[runlim] sample:		284.0 time, 310.8 real, 370.3 MB
[runlim] sample:		294.0 time, 320.8 real, 404.9 MB
[runlim] end:			Tue Feb  5 10:55:03 2019
[runlim] status:		signal(9)
[runlim] result:		11
[runlim] children:		0
[runlim] real:			321.24 seconds
[runlim] time:			294.33 seconds
[runlim] space:			432.0 MB
[runlim] samples:		3203
