[runlim] version:		1.10fixed
[runlim] time limit:		300 seconds
[runlim] real time limit:	311040000 seconds
[runlim] space limit:		4000 MB
[runlim] argv[0]:		./cvc4
[runlim] argv[1]:		--cbqi-all
[runlim] argv[2]:		/tmp/oqdm7eE7.smt2
[runlim] start:			Tue Jan 29 17:12:20 2019
[runlim] main pid:		1980
[runlim] sample:		8.4 time, 10.5 real, 51.7 MB
[runlim] sample:		17.9 time, 20.5 real, 66.1 MB
[runlim] sample:		26.9 time, 30.5 real, 74.6 MB
[runlim] sample:		36.1 time, 40.5 real, 82.3 MB
[runlim] sample:		46.1 time, 50.5 real, 89.5 MB
[runlim] sample:		56.1 time, 60.5 real, 96.2 MB
[runlim] sample:		66.1 time, 70.5 real, 102.2 MB
[runlim] sample:		76.1 time, 80.5 real, 110.2 MB
[runlim] sample:		86.1 time, 90.5 real, 114.3 MB
[runlim] sample:		96.1 time, 100.5 real, 118.2 MB
[runlim] sample:		106.1 time, 110.5 real, 121.8 MB
[runlim] sample:		116.1 time, 120.5 real, 124.9 MB
[runlim] sample:		126.1 time, 130.5 real, 128.5 MB
[runlim] sample:		136.1 time, 140.5 real, 131.6 MB
[runlim] sample:		146.1 time, 150.5 real, 135.2 MB
[runlim] sample:		156.1 time, 160.5 real, 138.8 MB
[runlim] sample:		166.1 time, 170.5 real, 141.4 MB
[runlim] sample:		176.1 time, 180.5 real, 144.5 MB
[runlim] sample:		186.1 time, 190.5 real, 147.3 MB
[runlim] sample:		196.1 time, 200.5 real, 149.9 MB
[runlim] sample:		206.1 time, 210.5 real, 152.2 MB
[runlim] sample:		216.1 time, 220.5 real, 154.8 MB
[runlim] sample:		226.1 time, 230.5 real, 158.9 MB
[runlim] sample:		236.1 time, 240.5 real, 160.7 MB
[runlim] sample:		246.1 time, 250.5 real, 163.0 MB
[runlim] sample:		256.1 time, 260.5 real, 167.1 MB
[runlim] sample:		266.1 time, 270.5 real, 168.6 MB
[runlim] sample:		276.1 time, 280.5 real, 170.7 MB
[runlim] sample:		286.0 time, 290.5 real, 172.5 MB
[runlim] sample:		296.0 time, 300.5 real, 174.6 MB
CVC4 interrupted by SIGTERM.
[runlim] end:			Tue Jan 29 17:17:24 2019
[runlim] status:		out of time
[runlim] result:		2
[runlim] children:		0
[runlim] real:			304.52 seconds
[runlim] time:			300.04 seconds
[runlim] space:			175.1 MB
[runlim] samples:		3040
