[runlim] version:		1.10fixed
[runlim] time limit:		300 seconds
[runlim] real time limit:	311040000 seconds
[runlim] space limit:		4000 MB
[runlim] argv[0]:		./cvc4
[runlim] argv[1]:		--cbqi-all
[runlim] argv[2]:		/tmp/5ViLpJzA.smt2
[runlim] start:			Tue Feb  5 13:37:17 2019
[runlim] main pid:		11764
/tmp/5ViLpJzA.smt2:4.12: No set-logic command was given before this point.
/tmp/5ViLpJzA.smt2:4.12: CVC4 will make all theories available.
/tmp/5ViLpJzA.smt2:4.12: Consider setting a stricter logic for (likely) better performance.
/tmp/5ViLpJzA.smt2:4.12: To suppress this warning in the future use (set-logic ALL).
[runlim] sample:		9.1 time, 10.1 real, 84.3 MB
[runlim] sample:		19.1 time, 20.1 real, 105.4 MB
[runlim] sample:		29.1 time, 30.1 real, 121.5 MB
[runlim] sample:		39.1 time, 40.1 real, 137.0 MB
[runlim] sample:		49.1 time, 50.1 real, 145.2 MB
[runlim] sample:		59.1 time, 60.1 real, 153.5 MB
[runlim] sample:		69.1 time, 70.1 real, 160.7 MB
[runlim] sample:		79.1 time, 80.1 real, 167.4 MB
[runlim] sample:		89.1 time, 90.1 real, 173.6 MB
[runlim] sample:		99.1 time, 100.1 real, 178.7 MB
[runlim] sample:		109.1 time, 110.1 real, 184.9 MB
[runlim] sample:		119.1 time, 120.1 real, 189.3 MB
[runlim] sample:		129.1 time, 130.1 real, 194.1 MB
[runlim] sample:		139.1 time, 140.1 real, 197.2 MB
[runlim] sample:		149.1 time, 150.1 real, 202.6 MB
[runlim] sample:		159.1 time, 160.1 real, 205.5 MB
[runlim] sample:		169.1 time, 170.1 real, 208.6 MB
[runlim] sample:		179.1 time, 180.1 real, 211.6 MB
[runlim] sample:		189.1 time, 190.1 real, 216.7 MB
[runlim] sample:		199.1 time, 200.1 real, 220.6 MB
[runlim] sample:		209.1 time, 210.1 real, 223.9 MB
[runlim] sample:		219.1 time, 220.1 real, 230.2 MB
[runlim] sample:		229.1 time, 230.1 real, 236.6 MB
[runlim] sample:		239.1 time, 240.1 real, 237.6 MB
[runlim] sample:		249.1 time, 250.1 real, 246.7 MB
[runlim] sample:		259.1 time, 260.1 real, 246.9 MB
[runlim] sample:		269.1 time, 270.1 real, 249.9 MB
[runlim] sample:		279.1 time, 280.1 real, 253.0 MB
[runlim] sample:		289.1 time, 290.1 real, 255.3 MB
[runlim] sample:		299.1 time, 300.1 real, 257.1 MB
CVC4 interrupted by SIGTERM.
[runlim] end:			Tue Feb  5 13:42:18 2019
[runlim] status:		out of time
[runlim] result:		2
[runlim] children:		0
[runlim] real:			301.15 seconds
[runlim] time:			300.05 seconds
[runlim] space:			257.1 MB
[runlim] samples:		3010
