[runlim] version:		1.10fixed
[runlim] time limit:		300 seconds
[runlim] real time limit:	311040000 seconds
[runlim] space limit:		4000 MB
[runlim] argv[0]:		./cvc4
[runlim] argv[1]:		--cbqi-all
[runlim] argv[2]:		/tmp/m31Ubebr.smt2
[runlim] start:			Tue Feb  5 10:48:32 2019
[runlim] main pid:		10203
[runlim] sample:		8.7 time, 10.8 real, 41.2 MB
[runlim] sample:		18.7 time, 20.8 real, 54.6 MB
[runlim] sample:		28.7 time, 30.8 real, 64.1 MB
[runlim] sample:		38.7 time, 40.8 real, 73.6 MB
[runlim] sample:		48.7 time, 50.8 real, 79.5 MB
[runlim] sample:		58.7 time, 60.8 real, 85.5 MB
[runlim] sample:		68.7 time, 70.8 real, 90.6 MB
[runlim] sample:		78.7 time, 80.8 real, 95.5 MB
[runlim] sample:		88.7 time, 90.8 real, 99.6 MB
[runlim] sample:		98.7 time, 100.8 real, 110.3 MB
[runlim] sample:		108.7 time, 110.8 real, 114.4 MB
[runlim] sample:		118.7 time, 120.8 real, 118.3 MB
[runlim] sample:		128.7 time, 130.8 real, 121.4 MB
[runlim] sample:		138.7 time, 140.8 real, 124.7 MB
[runlim] sample:		148.7 time, 150.8 real, 128.1 MB
[runlim] sample:		158.7 time, 160.8 real, 131.2 MB
[runlim] sample:		168.7 time, 170.8 real, 134.0 MB
[runlim] sample:		178.7 time, 180.8 real, 136.8 MB
[runlim] sample:		188.7 time, 190.8 real, 139.4 MB
[runlim] sample:		198.6 time, 200.8 real, 141.7 MB
[runlim] sample:		208.6 time, 210.8 real, 144.3 MB
[runlim] sample:		218.2 time, 220.8 real, 146.6 MB
[runlim] sample:		228.1 time, 230.8 real, 149.0 MB
[runlim] sample:		237.4 time, 240.8 real, 151.0 MB
[runlim] sample:		245.9 time, 250.8 real, 152.8 MB
[runlim] sample:		254.4 time, 260.8 real, 154.6 MB
[runlim] sample:		262.9 time, 270.8 real, 156.4 MB
[runlim] sample:		271.4 time, 280.8 real, 158.2 MB
[runlim] sample:		280.4 time, 290.8 real, 160.1 MB
[runlim] sample:		289.2 time, 300.8 real, 161.9 MB
[runlim] sample:		299.2 time, 310.8 real, 163.7 MB
CVC4 interrupted by SIGTERM.
[runlim] end:			Tue Feb  5 10:53:43 2019
[runlim] status:		out of time
[runlim] result:		2
[runlim] children:		0
[runlim] real:			311.72 seconds
[runlim] time:			300.04 seconds
[runlim] space:			163.9 MB
[runlim] samples:		3109
