[runlim] version:		1.10fixed
[runlim] time limit:		300 seconds
[runlim] real time limit:	311040000 seconds
[runlim] space limit:		4000 MB
[runlim] argv[0]:		./cvc4
[runlim] argv[1]:		--cbqi-all
[runlim] argv[2]:		/tmp/rdmv8hQF.smt2
[runlim] start:			Tue Feb  5 10:49:48 2019
[runlim] main pid:		10764
[runlim] sample:		9.6 time, 10.5 real, 39.5 MB
[runlim] sample:		19.3 time, 20.5 real, 47.0 MB
[runlim] sample:		29.3 time, 30.5 real, 53.9 MB
[runlim] sample:		39.2 time, 40.5 real, 59.8 MB
[runlim] sample:		49.2 time, 50.5 real, 64.4 MB
[runlim] sample:		59.2 time, 60.5 real, 69.1 MB
[runlim] sample:		69.2 time, 70.5 real, 72.7 MB
[runlim] sample:		77.7 time, 80.5 real, 75.5 MB
[runlim] sample:		85.4 time, 90.5 real, 78.9 MB
[runlim] sample:		93.9 time, 100.5 real, 82.6 MB
[runlim] sample:		103.5 time, 110.5 real, 86.1 MB
[runlim] sample:		112.7 time, 120.5 real, 89.2 MB
[runlim] sample:		121.7 time, 130.5 real, 92.0 MB
[runlim] sample:		130.5 time, 140.6 real, 95.1 MB
[runlim] sample:		139.4 time, 150.5 real, 97.4 MB
[runlim] sample:		148.7 time, 160.5 real, 100.0 MB
[runlim] sample:		157.3 time, 170.5 real, 102.0 MB
[runlim] sample:		166.1 time, 180.5 real, 104.6 MB
[runlim] sample:		174.8 time, 190.5 real, 110.1 MB
[runlim] sample:		183.7 time, 200.5 real, 110.9 MB
[runlim] sample:		193.3 time, 210.5 real, 112.9 MB
[runlim] sample:		202.9 time, 220.5 real, 115.0 MB
[runlim] sample:		212.3 time, 230.5 real, 117.3 MB
[runlim] sample:		220.8 time, 240.5 real, 118.6 MB
[runlim] sample:		228.5 time, 250.6 real, 120.4 MB
[runlim] sample:		237.0 time, 260.5 real, 122.2 MB
[runlim] sample:		245.7 time, 270.5 real, 124.5 MB
[runlim] sample:		253.8 time, 280.6 real, 125.3 MB
[runlim] sample:		262.3 time, 290.5 real, 127.4 MB
[runlim] sample:		270.7 time, 300.5 real, 129.4 MB
[runlim] sample:		278.9 time, 310.5 real, 130.0 MB
[runlim] sample:		286.9 time, 320.6 real, 132.3 MB
[runlim] sample:		295.5 time, 330.5 real, 134.3 MB
[runlim] end:			Tue Feb  5 10:55:23 2019
[runlim] status:		signal(9)
[runlim] result:		11
[runlim] children:		0
[runlim] real:			335.04 seconds
[runlim] time:			299.66 seconds
[runlim] space:			134.9 MB
[runlim] samples:		3344
