[runlim] version:		1.10fixed
[runlim] time limit:		300 seconds
[runlim] real time limit:	311040000 seconds
[runlim] space limit:		4000 MB
[runlim] argv[0]:		./cvc4
[runlim] argv[1]:		--cbqi-all
[runlim] argv[2]:		/tmp/L5q6pMW3.smt2
[runlim] start:			Tue Feb  5 13:37:22 2019
[runlim] main pid:		18575
/tmp/L5q6pMW3.smt2:4.12: No set-logic command was given before this point.
/tmp/L5q6pMW3.smt2:4.12: CVC4 will make all theories available.
/tmp/L5q6pMW3.smt2:4.12: Consider setting a stricter logic for (likely) better performance.
/tmp/L5q6pMW3.smt2:4.12: To suppress this warning in the future use (set-logic ALL).
[runlim] sample:		8.5 time, 10.4 real, 96.7 MB
[runlim] sample:		17.6 time, 20.4 real, 131.2 MB
[runlim] sample:		27.6 time, 30.4 real, 154.1 MB
[runlim] sample:		37.6 time, 40.4 real, 171.4 MB
[runlim] sample:		47.6 time, 50.4 real, 186.0 MB
[runlim] sample:		57.6 time, 60.4 real, 198.4 MB
[runlim] sample:		67.6 time, 70.4 real, 209.2 MB
[runlim] sample:		77.6 time, 80.4 real, 218.8 MB
[runlim] sample:		87.6 time, 90.4 real, 232.2 MB
[runlim] sample:		97.6 time, 100.4 real, 243.1 MB
[runlim] sample:		107.6 time, 110.4 real, 250.6 MB
[runlim] sample:		117.6 time, 120.4 real, 259.6 MB
[runlim] sample:		127.6 time, 130.4 real, 266.3 MB
[runlim] sample:		137.6 time, 140.4 real, 273.2 MB
[runlim] sample:		147.6 time, 150.4 real, 280.4 MB
[runlim] sample:		157.5 time, 160.4 real, 285.6 MB
[runlim] sample:		167.5 time, 170.4 real, 290.7 MB
[runlim] sample:		177.5 time, 180.4 real, 301.6 MB
[runlim] sample:		187.5 time, 190.4 real, 303.4 MB
[runlim] sample:		197.5 time, 200.4 real, 307.7 MB
[runlim] sample:		207.5 time, 210.4 real, 312.6 MB
[runlim] sample:		217.5 time, 220.4 real, 318.0 MB
[runlim] sample:		227.5 time, 230.4 real, 322.9 MB
[runlim] sample:		237.5 time, 240.4 real, 327.8 MB
[runlim] sample:		247.5 time, 250.4 real, 330.1 MB
[runlim] sample:		257.5 time, 260.4 real, 335.3 MB
[runlim] sample:		267.5 time, 270.4 real, 339.9 MB
[runlim] sample:		277.5 time, 280.4 real, 342.2 MB
[runlim] sample:		287.5 time, 290.4 real, 347.1 MB
[runlim] sample:		297.5 time, 300.4 real, 351.0 MB
CVC4 interrupted by SIGTERM.
[runlim] end:			Tue Feb  5 13:42:25 2019
[runlim] status:		out of time
[runlim] result:		2
[runlim] children:		0
[runlim] real:			303.02 seconds
[runlim] time:			300.09 seconds
[runlim] space:			352.0 MB
[runlim] samples:		3026
