[runlim] version:		1.10fixed
[runlim] time limit:		300 seconds
[runlim] real time limit:	311040000 seconds
[runlim] space limit:		4000 MB
[runlim] argv[0]:		./cvc4
[runlim] argv[1]:		--cbqi-all
[runlim] argv[2]:		/tmp/w9l30X9C.smt2
[runlim] start:			Tue Feb  5 10:49:38 2019
[runlim] main pid:		31352
[runlim] sample:		9.9 time, 10.1 real, 50.0 MB
[runlim] sample:		19.9 time, 20.1 real, 69.5 MB
[runlim] sample:		29.9 time, 30.1 real, 86.9 MB
[runlim] sample:		39.9 time, 40.1 real, 102.1 MB
[runlim] sample:		49.9 time, 50.1 real, 116.5 MB
[runlim] sample:		59.9 time, 60.1 real, 130.1 MB
[runlim] sample:		69.9 time, 70.1 real, 143.8 MB
[runlim] sample:		79.5 time, 80.1 real, 159.6 MB
[runlim] sample:		89.1 time, 90.1 real, 172.1 MB
[runlim] sample:		99.1 time, 100.1 real, 181.9 MB
[runlim] sample:		108.5 time, 110.1 real, 193.2 MB
[runlim] sample:		117.9 time, 120.1 real, 204.6 MB
[runlim] sample:		126.8 time, 130.1 real, 213.9 MB
[runlim] sample:		134.8 time, 140.1 real, 224.4 MB
[runlim] sample:		144.0 time, 150.1 real, 234.5 MB
[runlim] sample:		153.5 time, 160.1 real, 252.0 MB
[runlim] sample:		163.5 time, 170.1 real, 254.9 MB
[runlim] sample:		172.7 time, 180.1 real, 263.4 MB
[runlim] sample:		181.5 time, 190.1 real, 273.2 MB
[runlim] sample:		191.2 time, 200.1 real, 282.7 MB
[runlim] sample:		200.7 time, 210.1 real, 293.3 MB
[runlim] sample:		209.7 time, 220.1 real, 301.3 MB
[runlim] sample:		219.6 time, 230.1 real, 312.4 MB
[runlim] sample:		229.6 time, 240.1 real, 322.7 MB
[runlim] sample:		239.6 time, 250.1 real, 335.7 MB
[runlim] sample:		249.6 time, 260.1 real, 346.5 MB
[runlim] sample:		259.6 time, 270.1 real, 355.3 MB
[runlim] sample:		269.6 time, 280.1 real, 363.8 MB
[runlim] sample:		279.6 time, 290.1 real, 373.3 MB
[runlim] sample:		289.6 time, 300.1 real, 401.5 MB
[runlim] sample:		299.6 time, 310.1 real, 402.8 MB
CVC4 interrupted by SIGTERM.
[runlim] end:			Tue Feb  5 10:54:48 2019
[runlim] status:		out of time
[runlim] result:		2
[runlim] children:		0
[runlim] real:			310.52 seconds
[runlim] time:			300.03 seconds
[runlim] space:			428.0 MB
[runlim] samples:		3104
