[runlim] version:		1.10fixed
[runlim] time limit:		300 seconds
[runlim] real time limit:	311040000 seconds
[runlim] space limit:		4000 MB
[runlim] argv[0]:		./cvc4
[runlim] argv[1]:		--cbqi-all
[runlim] argv[2]:		/tmp/ghBZ98oq.smt2
[runlim] start:			Tue Feb  5 10:44:22 2019
[runlim] main pid:		10965
[runlim] sample:		8.6 time, 10.2 real, 51.4 MB
[runlim] sample:		18.6 time, 20.2 real, 66.3 MB
[runlim] sample:		28.6 time, 30.2 real, 75.6 MB
[runlim] sample:		38.6 time, 40.2 real, 83.6 MB
[runlim] sample:		48.6 time, 50.2 real, 90.6 MB
[runlim] sample:		58.6 time, 60.2 real, 97.1 MB
[runlim] sample:		68.0 time, 70.2 real, 102.8 MB
[runlim] sample:		77.5 time, 80.2 real, 110.0 MB
[runlim] sample:		86.3 time, 90.2 real, 114.1 MB
[runlim] sample:		94.9 time, 100.2 real, 117.5 MB
[runlim] sample:		103.1 time, 110.2 real, 120.3 MB
[runlim] sample:		111.3 time, 120.2 real, 123.1 MB
[runlim] sample:		120.0 time, 130.2 real, 126.0 MB
[runlim] sample:		128.5 time, 140.2 real, 128.5 MB
[runlim] sample:		137.1 time, 150.2 real, 131.4 MB
[runlim] sample:		147.1 time, 160.2 real, 134.7 MB
[runlim] sample:		155.8 time, 170.2 real, 138.3 MB
[runlim] sample:		164.6 time, 180.2 real, 140.4 MB
[runlim] sample:		173.3 time, 190.2 real, 143.0 MB
[runlim] sample:		181.1 time, 200.2 real, 145.0 MB
[runlim] sample:		189.1 time, 210.2 real, 146.8 MB
[runlim] sample:		197.6 time, 220.2 real, 148.6 MB
[runlim] sample:		207.0 time, 230.2 real, 151.2 MB
[runlim] sample:		216.1 time, 240.2 real, 155.3 MB
[runlim] sample:		224.5 time, 250.2 real, 157.4 MB
[runlim] sample:		233.1 time, 260.2 real, 158.9 MB
[runlim] sample:		241.4 time, 270.2 real, 161.5 MB
[runlim] sample:		250.7 time, 280.2 real, 162.8 MB
[runlim] sample:		260.4 time, 290.2 real, 164.9 MB
[runlim] sample:		270.1 time, 300.2 real, 168.7 MB
[runlim] sample:		279.7 time, 310.2 real, 170.5 MB
[runlim] sample:		289.6 time, 320.2 real, 172.3 MB
[runlim] end:			Tue Feb  5 10:49:51 2019
[runlim] status:		signal(9)
[runlim] result:		11
[runlim] children:		0
[runlim] real:			329.17 seconds
[runlim] time:			298.50 seconds
[runlim] space:			173.6 MB
[runlim] samples:		3289
