[runlim] version:		1.10fixed
[runlim] time limit:		300 seconds
[runlim] real time limit:	311040000 seconds
[runlim] space limit:		4000 MB
[runlim] argv[0]:		./cvc4
[runlim] argv[1]:		--cbqi-all
[runlim] argv[2]:		/tmp/8nNMGEdT.smt2
[runlim] start:			Tue Feb  5 10:44:54 2019
[runlim] main pid:		28302
/tmp/8nNMGEdT.smt2:4.12: No set-logic command was given before this point.
/tmp/8nNMGEdT.smt2:4.12: CVC4 will make all theories available.
/tmp/8nNMGEdT.smt2:4.12: Consider setting a stricter logic for (likely) better performance.
/tmp/8nNMGEdT.smt2:4.12: To suppress this warning in the future use (set-logic ALL).
[runlim] sample:		9.4 time, 10.2 real, 100.2 MB
[runlim] sample:		19.4 time, 20.2 real, 135.8 MB
[runlim] sample:		29.4 time, 30.2 real, 156.7 MB
[runlim] sample:		39.4 time, 40.2 real, 172.6 MB
[runlim] sample:		49.4 time, 50.2 real, 185.7 MB
[runlim] sample:		59.4 time, 60.2 real, 196.5 MB
[runlim] sample:		69.4 time, 70.2 real, 208.0 MB
[runlim] sample:		79.4 time, 80.2 real, 215.7 MB
[runlim] sample:		89.4 time, 90.2 real, 227.0 MB
[runlim] sample:		99.4 time, 100.2 real, 234.8 MB
[runlim] sample:		109.4 time, 110.2 real, 245.6 MB
[runlim] sample:		119.4 time, 120.2 real, 252.3 MB
[runlim] sample:		129.4 time, 130.2 real, 261.9 MB
[runlim] sample:		139.4 time, 140.2 real, 267.0 MB
[runlim] sample:		149.4 time, 150.2 real, 273.5 MB
[runlim] sample:		159.4 time, 160.2 real, 280.2 MB
[runlim] sample:		168.9 time, 170.2 real, 284.3 MB
[runlim] sample:		177.6 time, 180.2 real, 288.4 MB
[runlim] sample:		186.8 time, 190.2 real, 293.8 MB
[runlim] sample:		195.8 time, 200.2 real, 296.4 MB
[runlim] sample:		205.1 time, 210.2 real, 305.7 MB
[runlim] sample:		214.2 time, 220.2 real, 307.5 MB
[runlim] sample:		224.2 time, 230.2 real, 309.8 MB
[runlim] sample:		234.2 time, 240.2 real, 315.7 MB
[runlim] sample:		244.2 time, 250.2 real, 319.3 MB
[runlim] sample:		254.2 time, 260.2 real, 324.7 MB
[runlim] sample:		264.2 time, 270.2 real, 327.5 MB
[runlim] sample:		274.2 time, 280.2 real, 332.4 MB
[runlim] sample:		284.2 time, 290.2 real, 335.0 MB
[runlim] sample:		294.2 time, 300.2 real, 339.4 MB
[runlim] end:			Tue Feb  5 10:49:59 2019
[runlim] status:		signal(9)
[runlim] result:		11
[runlim] children:		0
[runlim] real:			305.67 seconds
[runlim] time:			299.63 seconds
[runlim] space:			340.7 MB
[runlim] samples:		3054
