[runlim] version:		1.10fixed
[runlim] time limit:		300 seconds
[runlim] real time limit:	311040000 seconds
[runlim] space limit:		4000 MB
[runlim] argv[0]:		./cvc4
[runlim] argv[1]:		--cbqi-all
[runlim] argv[2]:		/tmp/usSROxda.smt2
[runlim] start:			Tue Jan 29 17:13:50 2019
[runlim] main pid:		5169
[runlim] sample:		7.3 time, 10.6 real, 37.8 MB
[runlim] sample:		15.4 time, 20.6 real, 45.9 MB
[runlim] sample:		24.0 time, 30.6 real, 53.3 MB
[runlim] sample:		31.9 time, 40.6 real, 58.5 MB
[runlim] sample:		42.0 time, 50.6 real, 64.4 MB
[runlim] sample:		51.9 time, 60.6 real, 70.8 MB
[runlim] sample:		61.9 time, 70.6 real, 78.3 MB
[runlim] sample:		71.9 time, 80.6 real, 82.7 MB
[runlim] sample:		81.1 time, 90.6 real, 87.1 MB
[runlim] sample:		88.7 time, 100.6 real, 90.2 MB
[runlim] sample:		96.5 time, 110.6 real, 93.0 MB
[runlim] sample:		106.5 time, 120.6 real, 96.9 MB
[runlim] sample:		116.5 time, 130.6 real, 100.3 MB
[runlim] sample:		126.5 time, 140.6 real, 103.3 MB
[runlim] sample:		136.6 time, 150.6 real, 106.2 MB
[runlim] sample:		146.5 time, 160.6 real, 111.1 MB
[runlim] sample:		156.6 time, 170.6 real, 117.8 MB
[runlim] sample:		166.6 time, 180.6 real, 120.7 MB
[runlim] sample:		176.6 time, 190.6 real, 123.2 MB
[runlim] sample:		186.6 time, 200.6 real, 125.6 MB
[runlim] sample:		196.6 time, 210.6 real, 127.9 MB
[runlim] sample:		206.6 time, 220.6 real, 130.2 MB
[runlim] sample:		216.1 time, 230.6 real, 132.5 MB
[runlim] sample:		225.8 time, 240.6 real, 134.8 MB
[runlim] sample:		235.3 time, 250.6 real, 136.9 MB
[runlim] sample:		244.2 time, 260.6 real, 139.0 MB
[runlim] sample:		253.2 time, 270.6 real, 140.5 MB
[runlim] sample:		262.2 time, 280.6 real, 142.6 MB
[runlim] sample:		271.5 time, 290.6 real, 144.4 MB
[runlim] sample:		281.5 time, 300.6 real, 146.4 MB
[runlim] sample:		291.5 time, 310.6 real, 148.5 MB
[runlim] end:			Tue Jan 29 17:19:03 2019
[runlim] status:		signal(9)
[runlim] result:		11
[runlim] children:		0
[runlim] real:			313.20 seconds
[runlim] time:			294.03 seconds
[runlim] space:			149.0 MB
[runlim] samples:		3125
