[runlim] version:		1.10fixed
[runlim] time limit:		300 seconds
[runlim] real time limit:	311040000 seconds
[runlim] space limit:		4000 MB
[runlim] argv[0]:		./cvc4
[runlim] argv[1]:		--cbqi-all
[runlim] argv[2]:		/tmp/qa87yteG.smt2
[runlim] start:			Tue Jan 29 17:12:16 2019
[runlim] main pid:		1991
[runlim] sample:		7.7 time, 10.4 real, 49.8 MB
[runlim] sample:		17.4 time, 20.4 real, 64.7 MB
[runlim] sample:		27.4 time, 30.4 real, 73.7 MB
[runlim] sample:		37.4 time, 40.4 real, 82.0 MB
[runlim] sample:		47.4 time, 50.4 real, 89.2 MB
[runlim] sample:		57.4 time, 60.4 real, 95.5 MB
[runlim] sample:		67.4 time, 70.4 real, 101.7 MB
[runlim] sample:		77.3 time, 80.4 real, 108.8 MB
[runlim] sample:		87.3 time, 90.4 real, 113.7 MB
[runlim] sample:		97.3 time, 100.4 real, 117.3 MB
[runlim] sample:		107.3 time, 110.4 real, 120.9 MB
[runlim] sample:		117.2 time, 120.4 real, 124.0 MB
[runlim] sample:		127.2 time, 130.4 real, 126.9 MB
[runlim] sample:		137.0 time, 140.4 real, 130.2 MB
[runlim] sample:		144.9 time, 150.4 real, 133.1 MB
[runlim] sample:		152.9 time, 160.4 real, 135.4 MB
[runlim] sample:		160.9 time, 170.4 real, 138.5 MB
[runlim] sample:		170.3 time, 180.4 real, 140.8 MB
[runlim] sample:		179.1 time, 190.4 real, 143.6 MB
[runlim] sample:		188.0 time, 200.4 real, 145.7 MB
[runlim] sample:		198.0 time, 210.4 real, 148.0 MB
[runlim] sample:		208.0 time, 220.4 real, 151.1 MB
[runlim] sample:		218.0 time, 230.4 real, 153.9 MB
[runlim] sample:		227.9 time, 240.4 real, 157.3 MB
[runlim] sample:		237.9 time, 250.4 real, 159.3 MB
[runlim] sample:		247.9 time, 260.4 real, 161.9 MB
[runlim] sample:		257.9 time, 270.4 real, 163.7 MB
[runlim] sample:		267.9 time, 280.4 real, 165.5 MB
[runlim] sample:		277.9 time, 290.4 real, 169.6 MB
[runlim] sample:		287.5 time, 300.4 real, 171.1 MB
[runlim] sample:		296.4 time, 310.4 real, 172.9 MB
CVC4 interrupted by SIGTERM.
[runlim] end:			Tue Jan 29 17:17:30 2019
[runlim] status:		out of time
[runlim] result:		2
[runlim] children:		0
[runlim] real:			314.70 seconds
[runlim] time:			300.02 seconds
[runlim] space:			173.4 MB
[runlim] samples:		3143
