[runlim] version:		1.10fixed
[runlim] time limit:		300 seconds
[runlim] real time limit:	311040000 seconds
[runlim] space limit:		4000 MB
[runlim] argv[0]:		./cvc4
[runlim] argv[1]:		--cbqi-all
[runlim] argv[2]:		/tmp/0nkXSZP5.smt2
[runlim] start:			Tue Feb  5 13:37:46 2019
[runlim] main pid:		17780
[runlim] sample:		8.9 time, 10.2 real, 38.9 MB
[runlim] sample:		18.6 time, 20.2 real, 47.0 MB
[runlim] sample:		28.0 time, 30.2 real, 54.6 MB
[runlim] sample:		37.7 time, 40.2 real, 60.8 MB
[runlim] sample:		46.7 time, 50.2 real, 65.2 MB
[runlim] sample:		56.1 time, 60.2 real, 70.1 MB
[runlim] sample:		66.1 time, 70.2 real, 75.4 MB
[runlim] sample:		76.1 time, 80.2 real, 79.7 MB
[runlim] sample:		86.1 time, 90.2 real, 84.5 MB
[runlim] sample:		96.1 time, 100.2 real, 88.2 MB
[runlim] sample:		106.1 time, 110.2 real, 91.8 MB
[runlim] sample:		116.0 time, 120.2 real, 95.4 MB
[runlim] sample:		126.0 time, 130.2 real, 99.2 MB
[runlim] sample:		136.1 time, 140.2 real, 101.8 MB
[runlim] sample:		146.0 time, 150.2 real, 105.6 MB
[runlim] sample:		156.0 time, 160.2 real, 108.2 MB
[runlim] sample:		164.5 time, 170.2 real, 111.0 MB
[runlim] sample:		171.7 time, 180.2 real, 113.4 MB
[runlim] sample:		178.9 time, 190.2 real, 115.4 MB
[runlim] sample:		188.1 time, 200.2 real, 117.8 MB
[runlim] sample:		198.1 time, 210.2 real, 120.3 MB
[runlim] sample:		207.7 time, 220.2 real, 122.9 MB
[runlim] sample:		214.8 time, 230.2 real, 125.0 MB
[runlim] sample:		224.3 time, 240.2 real, 127.3 MB
[runlim] sample:		234.3 time, 250.2 real, 129.6 MB
[runlim] sample:		244.3 time, 260.2 real, 132.2 MB
[runlim] sample:		254.3 time, 270.2 real, 134.8 MB
[runlim] sample:		264.3 time, 280.2 real, 137.9 MB
[runlim] sample:		274.3 time, 290.2 real, 140.4 MB
[runlim] sample:		284.3 time, 300.2 real, 143.8 MB
[runlim] sample:		294.3 time, 310.2 real, 146.3 MB
[runlim] end:			Tue Feb  5 13:43:00 2019
[runlim] status:		signal(9)
[runlim] result:		11
[runlim] children:		0
[runlim] real:			314.90 seconds
[runlim] time:			299.02 seconds
[runlim] space:			148.2 MB
[runlim] samples:		3147
