[runlim] version:		1.10fixed
[runlim] time limit:		300 seconds
[runlim] real time limit:	311040000 seconds
[runlim] space limit:		4000 MB
[runlim] argv[0]:		./cvc4
[runlim] argv[1]:		--cbqi-all
[runlim] argv[2]:		/tmp/GH9Ix3nR.smt2
[runlim] start:			Tue Feb  5 13:37:58 2019
[runlim] main pid:		24130
[runlim] sample:		9.1 time, 10.5 real, 47.9 MB
[runlim] sample:		19.1 time, 20.5 real, 68.2 MB
[runlim] sample:		29.1 time, 30.5 real, 86.6 MB
[runlim] sample:		39.1 time, 40.5 real, 102.3 MB
[runlim] sample:		49.0 time, 50.5 real, 116.7 MB
[runlim] sample:		59.0 time, 60.5 real, 130.6 MB
[runlim] sample:		69.0 time, 70.5 real, 144.9 MB
[runlim] sample:		79.0 time, 80.5 real, 160.2 MB
[runlim] sample:		89.0 time, 90.5 real, 171.0 MB
[runlim] sample:		99.0 time, 100.5 real, 183.7 MB
[runlim] sample:		109.0 time, 110.5 real, 195.3 MB
[runlim] sample:		119.0 time, 120.5 real, 206.9 MB
[runlim] sample:		128.4 time, 130.5 real, 219.5 MB
[runlim] sample:		137.6 time, 140.5 real, 228.8 MB
[runlim] sample:		145.0 time, 150.5 real, 237.5 MB
[runlim] sample:		155.0 time, 160.5 real, 253.0 MB
[runlim] sample:		164.8 time, 170.5 real, 258.1 MB
[runlim] sample:		174.8 time, 180.5 real, 267.9 MB
[runlim] sample:		184.8 time, 190.5 real, 277.0 MB
[runlim] sample:		194.8 time, 200.5 real, 288.3 MB
[runlim] sample:		204.8 time, 210.5 real, 299.4 MB
[runlim] sample:		214.8 time, 220.5 real, 307.4 MB
[runlim] sample:		224.8 time, 230.5 real, 321.0 MB
[runlim] sample:		234.8 time, 240.5 real, 333.6 MB
[runlim] sample:		244.8 time, 250.5 real, 341.8 MB
[runlim] sample:		254.8 time, 260.5 real, 353.7 MB
[runlim] sample:		264.8 time, 270.5 real, 361.9 MB
[runlim] sample:		274.8 time, 280.5 real, 370.9 MB
[runlim] sample:		284.8 time, 290.5 real, 399.0 MB
[runlim] sample:		294.8 time, 300.5 real, 401.1 MB
CVC4 interrupted by SIGTERM.
[runlim] end:			Tue Feb  5 13:43:03 2019
[runlim] status:		out of time
[runlim] result:		2
[runlim] children:		0
[runlim] real:			305.84 seconds
[runlim] time:			300.06 seconds
[runlim] space:			425.9 MB
[runlim] samples:		3053
