[runlim] version:		1.10fixed
[runlim] time limit:		300 seconds
[runlim] real time limit:	311040000 seconds
[runlim] space limit:		4000 MB
[runlim] argv[0]:		./cvc4
[runlim] argv[1]:		--cbqi-all
[runlim] argv[2]:		/tmp/fymGcRk5.smt2
[runlim] start:			Tue Jan 29 17:11:48 2019
[runlim] main pid:		29394
[runlim] sample:		9.5 time, 10.4 real, 53.7 MB
[runlim] sample:		19.5 time, 20.4 real, 68.1 MB
[runlim] sample:		29.4 time, 30.4 real, 77.1 MB
[runlim] sample:		39.5 time, 40.4 real, 85.1 MB
[runlim] sample:		49.5 time, 50.4 real, 91.6 MB
[runlim] sample:		59.4 time, 60.4 real, 98.3 MB
[runlim] sample:		69.4 time, 70.4 real, 106.3 MB
[runlim] sample:		79.2 time, 80.4 real, 111.7 MB
[runlim] sample:		89.2 time, 90.4 real, 115.3 MB
[runlim] sample:		99.2 time, 100.4 real, 119.2 MB
[runlim] sample:		109.2 time, 110.4 real, 122.8 MB
[runlim] sample:		119.1 time, 120.4 real, 125.9 MB
[runlim] sample:		129.1 time, 130.4 real, 129.5 MB
[runlim] sample:		139.1 time, 140.4 real, 133.1 MB
[runlim] sample:		149.1 time, 150.4 real, 135.9 MB
[runlim] sample:		159.1 time, 160.4 real, 139.5 MB
[runlim] sample:		169.1 time, 170.4 real, 142.1 MB
[runlim] sample:		179.1 time, 180.4 real, 145.5 MB
[runlim] sample:		189.0 time, 190.4 real, 148.0 MB
[runlim] sample:		199.0 time, 200.4 real, 150.6 MB
[runlim] sample:		209.0 time, 210.4 real, 153.2 MB
[runlim] sample:		219.0 time, 220.4 real, 158.9 MB
[runlim] sample:		229.0 time, 230.4 real, 159.1 MB
[runlim] sample:		239.0 time, 240.4 real, 161.4 MB
[runlim] sample:		249.0 time, 250.4 real, 163.8 MB
[runlim] sample:		259.0 time, 260.4 real, 167.8 MB
[runlim] sample:		269.0 time, 270.4 real, 169.6 MB
[runlim] sample:		279.0 time, 280.4 real, 171.7 MB
[runlim] sample:		289.0 time, 290.4 real, 173.8 MB
[runlim] sample:		299.0 time, 300.4 real, 175.6 MB
CVC4 interrupted by SIGTERM.
[runlim] end:			Tue Jan 29 17:16:49 2019
[runlim] status:		out of time
[runlim] result:		2
[runlim] children:		0
[runlim] real:			301.53 seconds
[runlim] time:			300.06 seconds
[runlim] space:			175.6 MB
[runlim] samples:		3011
