[runlim] version:		1.10fixed
[runlim] time limit:		300 seconds
[runlim] real time limit:	311040000 seconds
[runlim] space limit:		4000 MB
[runlim] argv[0]:		./cvc4
[runlim] argv[1]:		--cbqi-all
[runlim] argv[2]:		/tmp/dcisvJEj.smt2
[runlim] start:			Tue Feb  5 10:44:52 2019
[runlim] main pid:		13881
/tmp/dcisvJEj.smt2:4.12: No set-logic command was given before this point.
/tmp/dcisvJEj.smt2:4.12: CVC4 will make all theories available.
/tmp/dcisvJEj.smt2:4.12: Consider setting a stricter logic for (likely) better performance.
/tmp/dcisvJEj.smt2:4.12: To suppress this warning in the future use (set-logic ALL).
[runlim] sample:		9.0 time, 10.5 real, 95.9 MB
[runlim] sample:		19.0 time, 20.5 real, 128.3 MB
[runlim] sample:		29.0 time, 30.5 real, 151.4 MB
[runlim] sample:		38.6 time, 40.5 real, 164.2 MB
[runlim] sample:		48.0 time, 50.5 real, 176.6 MB
[runlim] sample:		57.6 time, 60.5 real, 186.4 MB
[runlim] sample:		66.0 time, 70.5 real, 193.3 MB
[runlim] sample:		74.3 time, 80.5 real, 200.8 MB
[runlim] sample:		83.2 time, 90.5 real, 208.2 MB
[runlim] sample:		92.3 time, 100.5 real, 215.1 MB
[runlim] sample:		101.4 time, 110.5 real, 225.1 MB
[runlim] sample:		110.8 time, 120.5 real, 230.9 MB
[runlim] sample:		120.5 time, 130.5 real, 239.4 MB
[runlim] sample:		130.4 time, 140.5 real, 246.5 MB
[runlim] sample:		139.8 time, 150.5 real, 251.9 MB
[runlim] sample:		149.2 time, 160.5 real, 255.7 MB
[runlim] sample:		158.6 time, 170.5 real, 263.2 MB
[runlim] sample:		167.9 time, 180.5 real, 268.1 MB
[runlim] sample:		177.4 time, 190.5 real, 273.2 MB
[runlim] sample:		187.4 time, 200.5 real, 278.6 MB
[runlim] sample:		197.4 time, 210.5 real, 282.2 MB
[runlim] sample:		207.4 time, 220.5 real, 288.6 MB
[runlim] sample:		217.4 time, 230.5 real, 290.4 MB
[runlim] sample:		227.4 time, 240.5 real, 295.7 MB
[runlim] sample:		237.4 time, 250.5 real, 298.3 MB
[runlim] sample:		247.4 time, 260.5 real, 303.7 MB
[runlim] sample:		257.4 time, 270.5 real, 306.8 MB
[runlim] sample:		267.4 time, 280.5 real, 309.6 MB
[runlim] sample:		276.5 time, 290.5 real, 313.7 MB
[runlim] sample:		285.6 time, 300.5 real, 319.6 MB
[runlim] sample:		295.3 time, 310.5 real, 322.2 MB
CVC4 interrupted by SIGTERM.
[runlim] end:			Tue Feb  5 10:50:07 2019
[runlim] status:		out of time
[runlim] result:		2
[runlim] children:		0
[runlim] real:			315.43 seconds
[runlim] time:			300.09 seconds
[runlim] space:			322.5 MB
[runlim] samples:		3149
