[runlim] version:		1.10fixed
[runlim] time limit:		300 seconds
[runlim] real time limit:	311040000 seconds
[runlim] space limit:		4000 MB
[runlim] argv[0]:		./cvc4
[runlim] argv[1]:		--cbqi-all
[runlim] argv[2]:		/tmp/kRSyvqYt.smt2
[runlim] start:			Tue Feb  5 13:31:39 2019
[runlim] main pid:		13319
[runlim] sample:		9.8 time, 11.0 real, 53.9 MB
[runlim] sample:		19.8 time, 21.0 real, 68.2 MB
[runlim] sample:		29.9 time, 31.0 real, 77.2 MB
[runlim] sample:		39.8 time, 41.0 real, 85.5 MB
[runlim] sample:		49.5 time, 51.0 real, 91.9 MB
[runlim] sample:		58.5 time, 61.0 real, 98.0 MB
[runlim] sample:		67.6 time, 71.0 real, 103.4 MB
[runlim] sample:		77.6 time, 81.0 real, 110.8 MB
[runlim] sample:		85.9 time, 91.0 real, 114.1 MB
[runlim] sample:		95.9 time, 101.0 real, 117.7 MB
[runlim] sample:		105.9 time, 111.0 real, 121.6 MB
[runlim] sample:		115.9 time, 121.0 real, 125.0 MB
[runlim] sample:		125.9 time, 131.0 real, 128.3 MB
[runlim] sample:		135.9 time, 141.0 real, 131.7 MB
[runlim] sample:		145.9 time, 151.0 real, 135.3 MB
[runlim] sample:		155.9 time, 161.0 real, 138.9 MB
[runlim] sample:		165.9 time, 171.0 real, 141.5 MB
[runlim] sample:		175.9 time, 181.0 real, 144.8 MB
[runlim] sample:		185.9 time, 191.0 real, 147.4 MB
[runlim] sample:		195.9 time, 201.0 real, 149.9 MB
[runlim] sample:		205.9 time, 211.0 real, 152.2 MB
[runlim] sample:		215.9 time, 221.0 real, 158.7 MB
[runlim] sample:		225.9 time, 231.0 real, 158.7 MB
[runlim] sample:		235.9 time, 241.0 real, 160.7 MB
[runlim] sample:		245.9 time, 251.0 real, 163.3 MB
[runlim] sample:		255.9 time, 261.0 real, 165.1 MB
[runlim] sample:		265.9 time, 271.0 real, 169.3 MB
[runlim] sample:		275.9 time, 281.0 real, 171.1 MB
[runlim] sample:		285.9 time, 291.0 real, 173.1 MB
[runlim] sample:		295.9 time, 301.0 real, 175.0 MB
CVC4 interrupted by SIGTERM.
[runlim] end:			Tue Feb  5 13:36:44 2019
[runlim] status:		out of time
[runlim] result:		2
[runlim] children:		0
[runlim] real:			305.20 seconds
[runlim] time:			300.10 seconds
[runlim] space:			175.7 MB
[runlim] samples:		3042
