[runlim] version:		1.10fixed
[runlim] time limit:		300 seconds
[runlim] real time limit:	311040000 seconds
[runlim] space limit:		4000 MB
[runlim] argv[0]:		./cvc4
[runlim] argv[1]:		--cbqi-all
[runlim] argv[2]:		/tmp/M81TYUQV.smt2
[runlim] start:			Tue Feb  5 10:44:05 2019
[runlim] main pid:		2260
/tmp/M81TYUQV.smt2:4.12: No set-logic command was given before this point.
/tmp/M81TYUQV.smt2:4.12: CVC4 will make all theories available.
/tmp/M81TYUQV.smt2:4.12: Consider setting a stricter logic for (likely) better performance.
/tmp/M81TYUQV.smt2:4.12: To suppress this warning in the future use (set-logic ALL).
[runlim] sample:		9.6 time, 10.8 real, 104.9 MB
[runlim] sample:		19.6 time, 20.8 real, 140.6 MB
[runlim] sample:		29.6 time, 30.8 real, 164.3 MB
[runlim] sample:		39.6 time, 40.8 real, 181.6 MB
[runlim] sample:		49.6 time, 50.8 real, 197.1 MB
[runlim] sample:		59.6 time, 60.8 real, 209.5 MB
[runlim] sample:		69.6 time, 70.8 real, 222.7 MB
[runlim] sample:		79.6 time, 80.8 real, 237.5 MB
[runlim] sample:		89.6 time, 90.8 real, 250.9 MB
[runlim] sample:		99.6 time, 100.8 real, 262.7 MB
[runlim] sample:		109.6 time, 110.8 real, 271.5 MB
[runlim] sample:		119.6 time, 120.8 real, 278.4 MB
[runlim] sample:		129.6 time, 130.8 real, 287.9 MB
[runlim] sample:		139.6 time, 140.8 real, 293.6 MB
[runlim] sample:		149.6 time, 150.8 real, 301.3 MB
[runlim] sample:		159.6 time, 160.8 real, 308.1 MB
[runlim] sample:		169.6 time, 170.8 real, 314.3 MB
[runlim] sample:		179.6 time, 180.8 real, 321.0 MB
[runlim] sample:		189.6 time, 190.8 real, 325.7 MB
[runlim] sample:		199.6 time, 200.8 real, 330.3 MB
[runlim] sample:		209.6 time, 210.8 real, 336.2 MB
[runlim] sample:		219.6 time, 220.8 real, 342.1 MB
[runlim] sample:		229.6 time, 230.8 real, 345.2 MB
[runlim] sample:		239.6 time, 240.8 real, 350.6 MB
[runlim] sample:		249.6 time, 250.8 real, 356.6 MB
[runlim] sample:		259.6 time, 260.8 real, 359.7 MB
[runlim] sample:		269.6 time, 270.8 real, 365.3 MB
[runlim] sample:		279.6 time, 280.8 real, 368.2 MB
[runlim] sample:		289.6 time, 290.8 real, 374.4 MB
[runlim] sample:		299.6 time, 300.8 real, 378.2 MB
CVC4 interrupted by SIGTERM.
[runlim] end:			Tue Feb  5 10:49:06 2019
[runlim] status:		out of time
[runlim] result:		2
[runlim] children:		0
[runlim] real:			301.35 seconds
[runlim] time:			300.10 seconds
[runlim] space:			378.2 MB
[runlim] samples:		3005
