[runlim] version:		1.10fixed
[runlim] time limit:		300 seconds
[runlim] real time limit:	311040000 seconds
[runlim] space limit:		4000 MB
[runlim] argv[0]:		./cvc4
[runlim] argv[1]:		--cbqi-all
[runlim] argv[2]:		/tmp/aogo2OFw.smt2
[runlim] start:			Tue Feb  5 10:44:05 2019
[runlim] main pid:		16511
/tmp/aogo2OFw.smt2:4.12: No set-logic command was given before this point.
/tmp/aogo2OFw.smt2:4.12: CVC4 will make all theories available.
/tmp/aogo2OFw.smt2:4.12: Consider setting a stricter logic for (likely) better performance.
/tmp/aogo2OFw.smt2:4.12: To suppress this warning in the future use (set-logic ALL).
[runlim] sample:		8.9 time, 10.9 real, 98.0 MB
[runlim] sample:		18.6 time, 20.9 real, 132.9 MB
[runlim] sample:		28.6 time, 30.9 real, 154.3 MB
[runlim] sample:		38.6 time, 40.9 real, 171.0 MB
[runlim] sample:		48.6 time, 50.9 real, 184.7 MB
[runlim] sample:		58.6 time, 60.9 real, 196.0 MB
[runlim] sample:		68.6 time, 70.9 real, 207.4 MB
[runlim] sample:		78.6 time, 80.9 real, 220.6 MB
[runlim] sample:		88.6 time, 90.9 real, 228.9 MB
[runlim] sample:		98.5 time, 100.9 real, 238.2 MB
[runlim] sample:		108.5 time, 110.9 real, 248.6 MB
[runlim] sample:		118.5 time, 120.9 real, 259.9 MB
[runlim] sample:		128.5 time, 130.9 real, 266.2 MB
[runlim] sample:		138.5 time, 140.9 real, 273.7 MB
[runlim] sample:		148.5 time, 150.9 real, 279.4 MB
[runlim] sample:		158.5 time, 160.9 real, 284.3 MB
[runlim] sample:		168.5 time, 170.9 real, 289.9 MB
[runlim] sample:		178.5 time, 180.9 real, 295.1 MB
[runlim] sample:		188.5 time, 190.9 real, 300.2 MB
[runlim] sample:		198.5 time, 200.9 real, 305.4 MB
[runlim] sample:		208.5 time, 210.9 real, 310.5 MB
[runlim] sample:		218.5 time, 220.9 real, 314.1 MB
[runlim] sample:		228.5 time, 230.9 real, 320.1 MB
[runlim] sample:		238.5 time, 240.9 real, 325.2 MB
[runlim] sample:		248.5 time, 250.9 real, 327.8 MB
[runlim] sample:		258.5 time, 260.9 real, 334.0 MB
[runlim] sample:		268.5 time, 270.9 real, 336.8 MB
[runlim] sample:		278.5 time, 280.9 real, 341.9 MB
[runlim] sample:		288.5 time, 290.9 real, 344.8 MB
[runlim] sample:		298.5 time, 300.9 real, 349.9 MB
CVC4 interrupted by SIGTERM.
[runlim] end:			Tue Feb  5 10:49:07 2019
[runlim] status:		out of time
[runlim] result:		2
[runlim] children:		0
[runlim] real:			302.55 seconds
[runlim] time:			300.09 seconds
[runlim] space:			349.9 MB
[runlim] samples:		3016
