[runlim] version:		1.10fixed
[runlim] time limit:		300 seconds
[runlim] real time limit:	311040000 seconds
[runlim] space limit:		4000 MB
[runlim] argv[0]:		./cvc4
[runlim] argv[1]:		--cbqi-all
[runlim] argv[2]:		/tmp/haDtjWNy.smt2
[runlim] start:			Tue Feb  5 10:42:52 2019
[runlim] main pid:		28396
/tmp/haDtjWNy.smt2:4.12: No set-logic command was given before this point.
/tmp/haDtjWNy.smt2:4.12: CVC4 will make all theories available.
/tmp/haDtjWNy.smt2:4.12: Consider setting a stricter logic for (likely) better performance.
/tmp/haDtjWNy.smt2:4.12: To suppress this warning in the future use (set-logic ALL).
[runlim] sample:		9.5 time, 10.9 real, 101.2 MB
[runlim] sample:		19.5 time, 20.9 real, 134.0 MB
[runlim] sample:		29.5 time, 30.9 real, 156.4 MB
[runlim] sample:		38.3 time, 40.9 real, 170.0 MB
[runlim] sample:		47.1 time, 50.9 real, 182.6 MB
[runlim] sample:		56.8 time, 60.9 real, 194.5 MB
[runlim] sample:		66.2 time, 70.9 real, 205.5 MB
[runlim] sample:		75.9 time, 80.9 real, 214.6 MB
[runlim] sample:		84.4 time, 90.9 real, 222.9 MB
[runlim] sample:		94.4 time, 100.9 real, 235.3 MB
[runlim] sample:		104.4 time, 110.9 real, 246.5 MB
[runlim] sample:		114.4 time, 120.9 real, 252.4 MB
[runlim] sample:		124.4 time, 130.9 real, 263.2 MB
[runlim] sample:		134.4 time, 140.9 real, 269.2 MB
[runlim] sample:		144.4 time, 150.9 real, 277.4 MB
[runlim] sample:		154.4 time, 160.9 real, 282.8 MB
[runlim] sample:		164.4 time, 170.9 real, 288.0 MB
[runlim] sample:		174.4 time, 180.9 real, 293.1 MB
[runlim] sample:		184.4 time, 190.9 real, 298.3 MB
[runlim] sample:		194.4 time, 200.9 real, 304.0 MB
[runlim] sample:		204.4 time, 210.9 real, 308.1 MB
[runlim] sample:		214.4 time, 220.9 real, 313.2 MB
[runlim] sample:		224.4 time, 230.9 real, 319.1 MB
[runlim] sample:		234.4 time, 240.9 real, 323.0 MB
[runlim] sample:		244.4 time, 250.9 real, 327.1 MB
[runlim] sample:		254.3 time, 260.9 real, 332.3 MB
[runlim] sample:		264.4 time, 270.9 real, 335.1 MB
[runlim] sample:		274.4 time, 280.9 real, 340.0 MB
[runlim] sample:		284.4 time, 290.9 real, 343.1 MB
[runlim] sample:		294.4 time, 300.9 real, 346.7 MB
[runlim] end:			Tue Feb  5 10:47:58 2019
[runlim] status:		signal(9)
[runlim] result:		11
[runlim] children:		0
[runlim] real:			306.55 seconds
[runlim] time:			299.95 seconds
[runlim] space:			348.5 MB
[runlim] samples:		3056
