[runlim] version:		1.10fixed
[runlim] time limit:		300 seconds
[runlim] real time limit:	311040000 seconds
[runlim] space limit:		4000 MB
[runlim] argv[0]:		./cvc4
[runlim] argv[1]:		--cbqi-all
[runlim] argv[2]:		/tmp/oAEcq8u3.smt2
[runlim] start:			Tue Feb  5 10:39:27 2019
[runlim] main pid:		24111
[runlim] sample:		9.0 time, 10.6 real, 38.2 MB
[runlim] sample:		18.5 time, 20.6 real, 45.7 MB
[runlim] sample:		28.5 time, 30.6 real, 52.8 MB
[runlim] sample:		38.5 time, 40.6 real, 58.9 MB
[runlim] sample:		48.5 time, 50.6 real, 63.6 MB
[runlim] sample:		58.2 time, 60.6 real, 68.5 MB
[runlim] sample:		66.9 time, 70.6 real, 71.6 MB
[runlim] sample:		75.6 time, 80.6 real, 74.7 MB
[runlim] sample:		84.2 time, 90.6 real, 78.1 MB
[runlim] sample:		93.0 time, 100.6 real, 80.4 MB
[runlim] sample:		102.3 time, 110.6 real, 84.5 MB
[runlim] sample:		111.5 time, 120.6 real, 88.6 MB
[runlim] sample:		121.5 time, 130.6 real, 91.2 MB
[runlim] sample:		131.6 time, 140.6 real, 94.5 MB
[runlim] sample:		141.6 time, 150.6 real, 97.1 MB
[runlim] sample:		151.6 time, 160.6 real, 100.7 MB
[runlim] sample:		161.6 time, 170.6 real, 102.8 MB
[runlim] sample:		171.5 time, 180.6 real, 105.4 MB
[runlim] sample:		181.5 time, 190.6 real, 109.5 MB
[runlim] sample:		191.6 time, 200.6 real, 112.0 MB
[runlim] sample:		201.5 time, 210.6 real, 114.4 MB
[runlim] sample:		211.5 time, 220.6 real, 116.9 MB
[runlim] sample:		221.5 time, 230.6 real, 119.0 MB
[runlim] sample:		231.5 time, 240.6 real, 121.3 MB
[runlim] sample:		241.5 time, 250.6 real, 123.6 MB
[runlim] sample:		250.5 time, 260.6 real, 126.2 MB
[runlim] sample:		258.9 time, 270.6 real, 127.0 MB
[runlim] sample:		268.9 time, 280.6 real, 129.3 MB
[runlim] sample:		278.9 time, 290.6 real, 131.1 MB
[runlim] sample:		288.9 time, 300.6 real, 133.7 MB
[runlim] end:			Tue Feb  5 10:44:37 2019
[runlim] status:		signal(9)
[runlim] result:		11
[runlim] children:		0
[runlim] real:			310.11 seconds
[runlim] time:			298.32 seconds
[runlim] space:			136.3 MB
[runlim] samples:		3094
