[runlim] version:		1.10fixed
[runlim] time limit:		300 seconds
[runlim] real time limit:	311040000 seconds
[runlim] space limit:		4000 MB
[runlim] argv[0]:		./cvc4
[runlim] argv[1]:		--cbqi-all
[runlim] argv[2]:		/tmp/o460IaLa.smt2
[runlim] start:			Tue Feb  5 13:32:49 2019
[runlim] main pid:		32304
/tmp/o460IaLa.smt2:4.12: No set-logic command was given before this point.
/tmp/o460IaLa.smt2:4.12: CVC4 will make all theories available.
/tmp/o460IaLa.smt2:4.12: Consider setting a stricter logic for (likely) better performance.
/tmp/o460IaLa.smt2:4.12: To suppress this warning in the future use (set-logic ALL).
[runlim] sample:		9.1 time, 10.2 real, 80.7 MB
[runlim] sample:		18.6 time, 20.2 real, 101.1 MB
[runlim] sample:		27.9 time, 30.2 real, 114.3 MB
[runlim] sample:		37.6 time, 40.2 real, 128.9 MB
[runlim] sample:		47.6 time, 50.2 real, 140.5 MB
[runlim] sample:		57.6 time, 60.2 real, 148.7 MB
[runlim] sample:		67.6 time, 70.2 real, 155.4 MB
[runlim] sample:		77.6 time, 80.2 real, 162.6 MB
[runlim] sample:		87.6 time, 90.2 real, 169.3 MB
[runlim] sample:		97.6 time, 100.2 real, 174.5 MB
[runlim] sample:		107.6 time, 110.2 real, 179.6 MB
[runlim] sample:		117.6 time, 120.2 real, 184.5 MB
[runlim] sample:		127.6 time, 130.2 real, 189.1 MB
[runlim] sample:		137.6 time, 140.2 real, 193.5 MB
[runlim] sample:		147.6 time, 150.2 real, 198.6 MB
[runlim] sample:		157.3 time, 160.2 real, 203.2 MB
[runlim] sample:		167.1 time, 170.2 real, 206.6 MB
[runlim] sample:		177.0 time, 180.2 real, 211.0 MB
[runlim] sample:		186.7 time, 190.2 real, 214.3 MB
[runlim] sample:		196.4 time, 200.2 real, 217.9 MB
[runlim] sample:		206.2 time, 210.2 real, 220.8 MB
[runlim] sample:		216.1 time, 220.2 real, 224.9 MB
[runlim] sample:		225.8 time, 230.2 real, 232.0 MB
[runlim] sample:		235.8 time, 240.2 real, 232.5 MB
[runlim] sample:		245.8 time, 250.2 real, 234.3 MB
[runlim] sample:		255.8 time, 260.2 real, 240.5 MB
[runlim] sample:		265.8 time, 270.2 real, 243.6 MB
[runlim] sample:		275.8 time, 280.2 real, 248.5 MB
[runlim] sample:		285.8 time, 290.2 real, 250.6 MB
[runlim] sample:		295.8 time, 300.2 real, 253.2 MB
CVC4 interrupted by SIGTERM.
[runlim] end:			Tue Feb  5 13:37:53 2019
[runlim] status:		out of time
[runlim] result:		2
[runlim] children:		0
[runlim] real:			304.53 seconds
[runlim] time:			300.05 seconds
[runlim] space:			254.7 MB
[runlim] samples:		3043
