[runlim] version:		1.10fixed
[runlim] time limit:		300 seconds
[runlim] real time limit:	311040000 seconds
[runlim] space limit:		4000 MB
[runlim] argv[0]:		./cvc4
[runlim] argv[1]:		--cbqi-all
[runlim] argv[2]:		/tmp/CKrKU1li.smt2
[runlim] start:			Tue Feb  5 13:33:01 2019
[runlim] main pid:		6317
/tmp/CKrKU1li.smt2:4.12: No set-logic command was given before this point.
/tmp/CKrKU1li.smt2:4.12: CVC4 will make all theories available.
/tmp/CKrKU1li.smt2:4.12: Consider setting a stricter logic for (likely) better performance.
/tmp/CKrKU1li.smt2:4.12: To suppress this warning in the future use (set-logic ALL).
[runlim] sample:		9.2 time, 10.4 real, 105.0 MB
[runlim] sample:		18.5 time, 20.4 real, 143.8 MB
[runlim] sample:		27.9 time, 30.4 real, 167.8 MB
[runlim] sample:		37.2 time, 40.4 real, 189.2 MB
[runlim] sample:		46.5 time, 50.4 real, 203.6 MB
[runlim] sample:		55.9 time, 60.4 real, 222.6 MB
[runlim] sample:		65.2 time, 70.4 real, 235.7 MB
[runlim] sample:		74.5 time, 80.4 real, 249.8 MB
[runlim] sample:		83.9 time, 90.4 real, 264.0 MB
[runlim] sample:		93.2 time, 100.4 real, 273.2 MB
[runlim] sample:		102.5 time, 110.4 real, 283.5 MB
[runlim] sample:		111.8 time, 120.4 real, 291.8 MB
[runlim] sample:		121.2 time, 130.4 real, 298.7 MB
[runlim] sample:		130.5 time, 140.4 real, 307.5 MB
[runlim] sample:		140.1 time, 150.4 real, 314.4 MB
[runlim] sample:		149.7 time, 160.4 real, 321.1 MB
[runlim] sample:		159.4 time, 170.4 real, 329.4 MB
[runlim] sample:		169.1 time, 180.4 real, 336.3 MB
[runlim] sample:		179.1 time, 190.4 real, 342.2 MB
[runlim] sample:		189.1 time, 200.4 real, 348.1 MB
[runlim] sample:		199.1 time, 210.4 real, 354.3 MB
[runlim] sample:		209.1 time, 220.4 real, 361.5 MB
[runlim] sample:		219.1 time, 230.4 real, 366.9 MB
[runlim] sample:		229.1 time, 240.4 real, 373.6 MB
[runlim] sample:		238.7 time, 250.4 real, 379.8 MB
[runlim] sample:		248.7 time, 260.4 real, 385.2 MB
[runlim] sample:		258.7 time, 270.4 real, 390.3 MB
[runlim] sample:		268.7 time, 280.4 real, 396.8 MB
[runlim] sample:		278.7 time, 290.4 real, 402.7 MB
[runlim] sample:		288.7 time, 300.4 real, 406.8 MB
[runlim] end:			Tue Feb  5 13:38:06 2019
[runlim] status:		signal(9)
[runlim] result:		11
[runlim] children:		0
[runlim] real:			305.44 seconds
[runlim] time:			293.27 seconds
[runlim] space:			410.4 MB
[runlim] samples:		3049
