[runlim] version:		1.10fixed
[runlim] time limit:		300 seconds
[runlim] real time limit:	311040000 seconds
[runlim] space limit:		4000 MB
[runlim] argv[0]:		./cvc4
[runlim] argv[1]:		--cbqi-all
[runlim] argv[2]:		/tmp/uuQAtE7m.smt2
[runlim] start:			Tue Jan 29 17:10:23 2019
[runlim] main pid:		4244
[runlim] sample:		8.0 time, 10.6 real, 84.4 MB
[runlim] sample:		17.2 time, 20.6 real, 116.5 MB
[runlim] sample:		26.9 time, 30.6 real, 137.6 MB
[runlim] sample:		36.8 time, 40.6 real, 153.7 MB
[runlim] sample:		46.8 time, 50.6 real, 168.6 MB
[runlim] sample:		56.8 time, 60.6 real, 180.4 MB
[runlim] sample:		66.1 time, 70.6 real, 191.5 MB
[runlim] sample:		74.4 time, 80.6 real, 201.2 MB
[runlim] sample:		84.4 time, 90.6 real, 213.3 MB
[runlim] sample:		94.4 time, 100.6 real, 222.0 MB
[runlim] sample:		104.4 time, 110.6 real, 230.2 MB
[runlim] sample:		114.4 time, 120.6 real, 238.8 MB
[runlim] sample:		124.4 time, 130.6 real, 248.5 MB
[runlim] sample:		134.4 time, 140.6 real, 254.2 MB
[runlim] sample:		144.4 time, 150.6 real, 259.9 MB
[runlim] sample:		154.4 time, 160.6 real, 265.8 MB
[runlim] sample:		164.4 time, 170.6 real, 271.5 MB
[runlim] sample:		174.4 time, 180.6 real, 279.2 MB
[runlim] sample:		184.4 time, 190.6 real, 285.6 MB
[runlim] sample:		194.4 time, 200.6 real, 293.6 MB
[runlim] sample:		204.4 time, 210.6 real, 295.3 MB
[runlim] sample:		214.4 time, 220.6 real, 301.1 MB
[runlim] sample:		224.4 time, 230.6 real, 304.4 MB
[runlim] sample:		234.4 time, 240.6 real, 310.3 MB
[runlim] sample:		244.4 time, 250.6 real, 314.2 MB
[runlim] sample:		254.4 time, 260.6 real, 319.6 MB
[runlim] sample:		264.4 time, 270.6 real, 322.4 MB
[runlim] sample:		274.4 time, 280.6 real, 328.2 MB
[runlim] sample:		284.4 time, 290.6 real, 333.7 MB
[runlim] sample:		294.4 time, 300.6 real, 335.5 MB
CVC4 interrupted by SIGTERM.
[runlim] end:			Tue Jan 29 17:15:29 2019
[runlim] status:		out of time
[runlim] result:		2
[runlim] children:		0
[runlim] real:			306.35 seconds
[runlim] time:			300.07 seconds
[runlim] space:			338.3 MB
[runlim] samples:		3057
