[runlim] version:		1.10fixed
[runlim] time limit:		300 seconds
[runlim] real time limit:	311040000 seconds
[runlim] space limit:		4000 MB
[runlim] argv[0]:		./cvc4
[runlim] argv[1]:		--cbqi-all
[runlim] argv[2]:		/tmp/eaZmF7aN.smt2
[runlim] start:			Tue Feb  5 13:31:53 2019
[runlim] main pid:		32210
[runlim] sample:		9.4 time, 10.1 real, 54.5 MB
[runlim] sample:		18.9 time, 20.1 real, 68.5 MB
[runlim] sample:		28.5 time, 30.1 real, 77.5 MB
[runlim] sample:		38.5 time, 40.1 real, 86.0 MB
[runlim] sample:		48.5 time, 50.1 real, 92.2 MB
[runlim] sample:		58.5 time, 60.1 real, 99.3 MB
[runlim] sample:		68.5 time, 70.1 real, 107.4 MB
[runlim] sample:		78.5 time, 80.1 real, 112.8 MB
[runlim] sample:		88.5 time, 90.1 real, 116.6 MB
[runlim] sample:		98.5 time, 100.1 real, 120.5 MB
[runlim] sample:		107.8 time, 110.1 real, 123.9 MB
[runlim] sample:		115.8 time, 120.1 real, 126.2 MB
[runlim] sample:		125.2 time, 130.1 real, 129.5 MB
[runlim] sample:		135.2 time, 140.1 real, 132.9 MB
[runlim] sample:		145.2 time, 150.1 real, 136.0 MB
[runlim] sample:		154.7 time, 160.1 real, 139.6 MB
[runlim] sample:		164.7 time, 170.1 real, 142.1 MB
[runlim] sample:		174.7 time, 180.1 real, 145.8 MB
[runlim] sample:		184.2 time, 190.1 real, 148.1 MB
[runlim] sample:		193.7 time, 200.1 real, 150.4 MB
[runlim] sample:		203.7 time, 210.1 real, 153.2 MB
[runlim] sample:		213.7 time, 220.1 real, 158.1 MB
[runlim] sample:		223.7 time, 230.1 real, 159.4 MB
[runlim] sample:		232.4 time, 240.1 real, 161.2 MB
[runlim] sample:		241.1 time, 250.1 real, 163.3 MB
[runlim] sample:		249.8 time, 260.1 real, 164.8 MB
[runlim] sample:		259.0 time, 270.1 real, 168.6 MB
[runlim] sample:		269.0 time, 280.1 real, 170.7 MB
[runlim] sample:		279.0 time, 290.1 real, 172.7 MB
[runlim] sample:		289.0 time, 300.1 real, 174.5 MB
[runlim] end:			Tue Feb  5 13:37:01 2019
[runlim] status:		signal(9)
[runlim] result:		11
[runlim] children:		0
[runlim] real:			308.84 seconds
[runlim] time:			297.71 seconds
[runlim] space:			176.3 MB
[runlim] samples:		3087
