[runlim] version:		1.10fixed
[runlim] time limit:		300 seconds
[runlim] real time limit:	311040000 seconds
[runlim] space limit:		4000 MB
[runlim] argv[0]:		./cvc4
[runlim] argv[1]:		--cbqi-all
[runlim] argv[2]:		/tmp/m26BoosD.smt2
[runlim] start:			Tue Feb  5 10:39:01 2019
[runlim] main pid:		9613
[runlim] sample:		9.8 time, 10.0 real, 40.6 MB
[runlim] sample:		19.8 time, 20.0 real, 51.9 MB
[runlim] sample:		29.7 time, 30.0 real, 59.4 MB
[runlim] sample:		39.8 time, 40.0 real, 66.7 MB
[runlim] sample:		49.8 time, 50.0 real, 74.2 MB
[runlim] sample:		59.7 time, 60.0 real, 79.4 MB
[runlim] sample:		69.7 time, 70.0 real, 84.6 MB
[runlim] sample:		79.3 time, 80.0 real, 88.9 MB
[runlim] sample:		89.0 time, 90.0 real, 92.8 MB
[runlim] sample:		98.7 time, 100.0 real, 96.1 MB
[runlim] sample:		108.3 time, 110.0 real, 99.5 MB
[runlim] sample:		118.0 time, 120.0 real, 102.9 MB
[runlim] sample:		127.6 time, 130.0 real, 107.9 MB
[runlim] sample:		137.3 time, 140.0 real, 114.8 MB
[runlim] sample:		147.0 time, 150.0 real, 117.6 MB
[runlim] sample:		156.4 time, 160.0 real, 120.4 MB
[runlim] sample:		166.2 time, 170.0 real, 122.8 MB
[runlim] sample:		174.5 time, 180.0 real, 125.1 MB
[runlim] sample:		182.8 time, 190.0 real, 127.1 MB
[runlim] sample:		191.5 time, 200.0 real, 129.2 MB
[runlim] sample:		200.8 time, 210.0 real, 131.5 MB
[runlim] sample:		210.1 time, 220.0 real, 133.6 MB
[runlim] sample:		219.2 time, 230.0 real, 135.4 MB
[runlim] sample:		228.5 time, 240.0 real, 137.2 MB
[runlim] sample:		237.8 time, 250.0 real, 138.7 MB
[runlim] sample:		247.8 time, 260.0 real, 140.6 MB
[runlim] sample:		257.8 time, 270.0 real, 142.6 MB
[runlim] sample:		267.8 time, 280.0 real, 144.4 MB
[runlim] sample:		276.6 time, 290.0 real, 146.2 MB
[runlim] sample:		285.0 time, 300.0 real, 147.8 MB
[runlim] sample:		292.6 time, 310.0 real, 148.8 MB
[runlim] end:			Tue Feb  5 10:44:15 2019
[runlim] status:		signal(9)
[runlim] result:		11
[runlim] children:		0
[runlim] real:			314.99 seconds
[runlim] time:			296.67 seconds
[runlim] space:			149.6 MB
[runlim] samples:		3149
