[runlim] version:		1.10fixed
[runlim] time limit:		300 seconds
[runlim] real time limit:	311040000 seconds
[runlim] space limit:		4000 MB
[runlim] argv[0]:		./cvc4
[runlim] argv[1]:		--cbqi-all
[runlim] argv[2]:		/tmp/iAQJHOOK.smt2
[runlim] start:			Tue Feb  5 10:39:23 2019
[runlim] main pid:		1256
[runlim] sample:		8.0 time, 10.7 real, 37.3 MB
[runlim] sample:		17.9 time, 20.7 real, 43.5 MB
[runlim] sample:		27.9 time, 30.7 real, 49.1 MB
[runlim] sample:		37.9 time, 40.7 real, 54.3 MB
[runlim] sample:		47.9 time, 50.7 real, 58.7 MB
[runlim] sample:		57.9 time, 60.7 real, 62.3 MB
[runlim] sample:		67.8 time, 70.7 real, 66.1 MB
[runlim] sample:		76.4 time, 80.7 real, 69.0 MB
[runlim] sample:		84.4 time, 90.7 real, 72.1 MB
[runlim] sample:		92.6 time, 100.7 real, 74.6 MB
[runlim] sample:		101.7 time, 110.7 real, 77.2 MB
[runlim] sample:		110.4 time, 120.7 real, 79.5 MB
[runlim] sample:		118.7 time, 130.7 real, 81.6 MB
[runlim] sample:		127.4 time, 140.7 real, 84.2 MB
[runlim] sample:		136.3 time, 150.7 real, 86.5 MB
[runlim] sample:		145.6 time, 160.7 real, 89.1 MB
[runlim] sample:		155.6 time, 170.7 real, 91.9 MB
[runlim] sample:		165.6 time, 180.7 real, 94.0 MB
[runlim] sample:		175.6 time, 190.7 real, 96.0 MB
[runlim] sample:		185.6 time, 200.7 real, 98.3 MB
[runlim] sample:		193.9 time, 210.7 real, 100.1 MB
[runlim] sample:		203.9 time, 220.7 real, 102.5 MB
[runlim] sample:		213.9 time, 230.7 real, 105.3 MB
[runlim] sample:		223.9 time, 240.7 real, 107.4 MB
[runlim] sample:		233.9 time, 250.7 real, 109.2 MB
[runlim] sample:		243.9 time, 260.7 real, 111.2 MB
[runlim] sample:		253.9 time, 270.7 real, 116.4 MB
[runlim] sample:		263.9 time, 280.7 real, 116.6 MB
[runlim] sample:		273.9 time, 290.7 real, 118.7 MB
[runlim] sample:		283.9 time, 300.7 real, 120.8 MB
[runlim] sample:		293.9 time, 310.7 real, 122.3 MB
[runlim] end:			Tue Feb  5 10:44:34 2019
[runlim] status:		signal(9)
[runlim] result:		11
[runlim] children:		0
[runlim] real:			311.58 seconds
[runlim] time:			294.66 seconds
[runlim] space:			122.6 MB
[runlim] samples:		3108
