[runlim] version:		1.10fixed
[runlim] time limit:		300 seconds
[runlim] real time limit:	311040000 seconds
[runlim] space limit:		4000 MB
[runlim] argv[0]:		./cvc4
[runlim] argv[1]:		--cbqi-all
[runlim] argv[2]:		/tmp/jW6HSdp3.smt2
[runlim] start:			Tue Jan 29 17:07:58 2019
[runlim] main pid:		28906
[runlim] sample:		9.5 time, 10.8 real, 43.2 MB
[runlim] sample:		19.5 time, 20.8 real, 55.7 MB
[runlim] sample:		29.5 time, 30.8 real, 67.1 MB
[runlim] sample:		39.5 time, 40.8 real, 74.4 MB
[runlim] sample:		49.5 time, 50.8 real, 80.6 MB
[runlim] sample:		59.5 time, 60.8 real, 86.5 MB
[runlim] sample:		69.5 time, 70.8 real, 91.6 MB
[runlim] sample:		79.5 time, 80.8 real, 96.5 MB
[runlim] sample:		89.5 time, 90.8 real, 102.6 MB
[runlim] sample:		99.5 time, 100.8 real, 111.2 MB
[runlim] sample:		109.4 time, 110.8 real, 115.4 MB
[runlim] sample:		119.3 time, 120.8 real, 119.0 MB
[runlim] sample:		129.3 time, 130.8 real, 122.3 MB
[runlim] sample:		139.2 time, 140.8 real, 125.7 MB
[runlim] sample:		149.2 time, 150.8 real, 128.8 MB
[runlim] sample:		159.3 time, 160.8 real, 132.1 MB
[runlim] sample:		169.3 time, 170.8 real, 135.0 MB
[runlim] sample:		179.2 time, 180.8 real, 137.5 MB
[runlim] sample:		189.2 time, 190.8 real, 140.4 MB
[runlim] sample:		199.2 time, 200.8 real, 142.4 MB
[runlim] sample:		209.2 time, 210.8 real, 145.3 MB
[runlim] sample:		219.2 time, 220.8 real, 147.6 MB
[runlim] sample:		229.2 time, 230.8 real, 149.6 MB
[runlim] sample:		239.2 time, 240.8 real, 152.2 MB
[runlim] sample:		249.2 time, 250.8 real, 154.3 MB
[runlim] sample:		259.2 time, 260.8 real, 156.6 MB
[runlim] sample:		269.2 time, 270.8 real, 158.9 MB
[runlim] sample:		279.2 time, 280.8 real, 160.7 MB
[runlim] sample:		289.2 time, 290.8 real, 162.5 MB
[runlim] sample:		299.2 time, 300.8 real, 164.3 MB
CVC4 interrupted by SIGTERM.
[runlim] end:			Tue Jan 29 17:12:59 2019
[runlim] status:		out of time
[runlim] result:		2
[runlim] children:		0
[runlim] real:			301.66 seconds
[runlim] time:			300.04 seconds
[runlim] space:			164.6 MB
[runlim] samples:		3008
