[runlim] version:		1.10fixed
[runlim] time limit:		300 seconds
[runlim] real time limit:	311040000 seconds
[runlim] space limit:		4000 MB
[runlim] argv[0]:		./cvc4
[runlim] argv[1]:		--cbqi-all
[runlim] argv[2]:		/tmp/7rMcMYUZ.smt2
[runlim] start:			Tue Feb  5 10:43:13 2019
[runlim] main pid:		27292
/tmp/7rMcMYUZ.smt2:4.12: No set-logic command was given before this point.
/tmp/7rMcMYUZ.smt2:4.12: CVC4 will make all theories available.
/tmp/7rMcMYUZ.smt2:4.12: Consider setting a stricter logic for (likely) better performance.
/tmp/7rMcMYUZ.smt2:4.12: To suppress this warning in the future use (set-logic ALL).
[runlim] sample:		9.8 time, 10.9 real, 89.8 MB
[runlim] sample:		19.2 time, 20.9 real, 111.3 MB
[runlim] sample:		27.4 time, 30.9 real, 127.3 MB
[runlim] sample:		35.7 time, 40.9 real, 141.4 MB
[runlim] sample:		43.9 time, 50.9 real, 151.9 MB
[runlim] sample:		52.6 time, 60.9 real, 160.4 MB
[runlim] sample:		61.5 time, 70.9 real, 167.9 MB
[runlim] sample:		71.5 time, 80.9 real, 176.4 MB
[runlim] sample:		81.5 time, 90.9 real, 183.4 MB
[runlim] sample:		91.5 time, 100.9 real, 190.1 MB
[runlim] sample:		101.5 time, 110.9 real, 197.5 MB
[runlim] sample:		111.5 time, 120.9 real, 201.6 MB
[runlim] sample:		121.5 time, 130.9 real, 208.0 MB
[runlim] sample:		131.5 time, 140.9 real, 214.0 MB
[runlim] sample:		141.4 time, 150.9 real, 218.9 MB
[runlim] sample:		151.4 time, 160.9 real, 226.8 MB
[runlim] sample:		161.4 time, 170.9 real, 233.6 MB
[runlim] sample:		171.3 time, 180.9 real, 239.8 MB
[runlim] sample:		181.4 time, 190.9 real, 245.6 MB
[runlim] sample:		191.3 time, 200.9 real, 249.7 MB
[runlim] sample:		201.3 time, 210.9 real, 257.9 MB
[runlim] sample:		211.4 time, 220.9 real, 260.5 MB
[runlim] sample:		221.4 time, 230.9 real, 263.8 MB
[runlim] sample:		231.4 time, 240.9 real, 267.4 MB
[runlim] sample:		241.3 time, 250.9 real, 272.3 MB
[runlim] sample:		251.3 time, 260.9 real, 276.0 MB
[runlim] sample:		261.2 time, 270.9 real, 279.8 MB
[runlim] sample:		270.5 time, 280.9 real, 283.2 MB
[runlim] sample:		279.9 time, 290.9 real, 287.0 MB
[runlim] sample:		288.6 time, 300.9 real, 288.8 MB
[runlim] sample:		296.9 time, 310.9 real, 292.2 MB
[runlim] end:			Tue Feb  5 10:48:26 2019
[runlim] status:		signal(9)
[runlim] result:		11
[runlim] children:		0
[runlim] real:			313.11 seconds
[runlim] time:			298.91 seconds
[runlim] space:			292.4 MB
[runlim] samples:		3122
