[runlim] version:		1.10fixed
[runlim] time limit:		300 seconds
[runlim] real time limit:	311040000 seconds
[runlim] space limit:		4000 MB
[runlim] argv[0]:		./cvc4
[runlim] argv[1]:		--cbqi-all
[runlim] argv[2]:		/tmp/R2TlweSP.smt2
[runlim] start:			Tue Feb  5 10:43:53 2019
[runlim] main pid:		27711
/tmp/R2TlweSP.smt2:4.12: No set-logic command was given before this point.
/tmp/R2TlweSP.smt2:4.12: CVC4 will make all theories available.
/tmp/R2TlweSP.smt2:4.12: Consider setting a stricter logic for (likely) better performance.
/tmp/R2TlweSP.smt2:4.12: To suppress this warning in the future use (set-logic ALL).
[runlim] sample:		8.6 time, 10.7 real, 72.0 MB
[runlim] sample:		18.0 time, 20.7 real, 90.3 MB
[runlim] sample:		26.7 time, 30.7 real, 99.8 MB
[runlim] sample:		36.7 time, 40.7 real, 109.1 MB
[runlim] sample:		46.7 time, 50.7 real, 117.5 MB
[runlim] sample:		56.7 time, 60.7 real, 128.9 MB
[runlim] sample:		66.7 time, 70.7 real, 133.8 MB
[runlim] sample:		76.7 time, 80.7 real, 140.7 MB
[runlim] sample:		86.6 time, 90.7 real, 144.9 MB
[runlim] sample:		96.6 time, 100.7 real, 149.5 MB
[runlim] sample:		106.6 time, 110.7 real, 153.8 MB
[runlim] sample:		116.6 time, 120.7 real, 157.2 MB
[runlim] sample:		126.6 time, 130.7 real, 161.1 MB
[runlim] sample:		136.6 time, 140.7 real, 165.7 MB
[runlim] sample:		146.6 time, 150.7 real, 168.6 MB
[runlim] sample:		156.6 time, 160.7 real, 171.4 MB
[runlim] sample:		166.6 time, 170.7 real, 175.8 MB
[runlim] sample:		176.6 time, 180.7 real, 178.3 MB
[runlim] sample:		186.6 time, 190.7 real, 180.9 MB
[runlim] sample:		196.6 time, 200.7 real, 183.5 MB
[runlim] sample:		206.6 time, 210.7 real, 186.6 MB
[runlim] sample:		216.6 time, 220.7 real, 189.7 MB
[runlim] sample:		226.6 time, 230.7 real, 190.9 MB
[runlim] sample:		236.6 time, 240.7 real, 193.5 MB
[runlim] sample:		246.6 time, 250.7 real, 196.3 MB
[runlim] sample:		256.6 time, 260.7 real, 198.7 MB
[runlim] sample:		266.6 time, 270.7 real, 200.5 MB
[runlim] sample:		276.6 time, 280.7 real, 203.3 MB
[runlim] sample:		286.6 time, 290.7 real, 204.8 MB
[runlim] sample:		296.6 time, 300.7 real, 207.9 MB
CVC4 interrupted by SIGTERM.
[runlim] end:			Tue Feb  5 10:48:57 2019
[runlim] status:		out of time
[runlim] result:		2
[runlim] children:		0
[runlim] real:			304.26 seconds
[runlim] time:			300.07 seconds
[runlim] space:			207.9 MB
[runlim] samples:		3035
