[runlim] version:		1.10fixed
[runlim] time limit:		300 seconds
[runlim] real time limit:	311040000 seconds
[runlim] space limit:		4000 MB
[runlim] argv[0]:		./cvc4
[runlim] argv[1]:		--cbqi-all
[runlim] argv[2]:		/tmp/XjDQUptF.smt2
[runlim] start:			Tue Jan 29 17:07:43 2019
[runlim] main pid:		15981
[runlim] sample:		8.3 time, 10.3 real, 52.3 MB
[runlim] sample:		18.2 time, 20.3 real, 66.9 MB
[runlim] sample:		28.2 time, 30.3 real, 78.3 MB
[runlim] sample:		38.2 time, 40.3 real, 87.1 MB
[runlim] sample:		48.2 time, 50.3 real, 93.6 MB
[runlim] sample:		58.2 time, 60.3 real, 99.5 MB
[runlim] sample:		68.2 time, 70.3 real, 106.7 MB
[runlim] sample:		78.1 time, 80.3 real, 113.9 MB
[runlim] sample:		88.1 time, 90.3 real, 118.0 MB
[runlim] sample:		98.1 time, 100.3 real, 122.4 MB
[runlim] sample:		108.1 time, 110.3 real, 125.8 MB
[runlim] sample:		118.1 time, 120.3 real, 129.1 MB
[runlim] sample:		127.9 time, 130.3 real, 132.5 MB
[runlim] sample:		136.6 time, 140.3 real, 136.1 MB
[runlim] sample:		144.9 time, 150.3 real, 138.4 MB
[runlim] sample:		152.9 time, 160.3 real, 141.2 MB
[runlim] sample:		161.5 time, 170.3 real, 143.8 MB
[runlim] sample:		169.3 time, 180.3 real, 146.1 MB
[runlim] sample:		178.0 time, 190.3 real, 148.4 MB
[runlim] sample:		187.8 time, 200.3 real, 151.5 MB
[runlim] sample:		197.2 time, 210.3 real, 153.8 MB
[runlim] sample:		206.4 time, 220.3 real, 155.9 MB
[runlim] sample:		215.2 time, 230.3 real, 159.5 MB
[runlim] sample:		223.8 time, 240.3 real, 161.8 MB
[runlim] sample:		232.5 time, 250.3 real, 163.9 MB
[runlim] sample:		241.8 time, 260.3 real, 166.0 MB
[runlim] sample:		250.0 time, 270.3 real, 167.5 MB
[runlim] sample:		258.0 time, 280.3 real, 169.3 MB
[runlim] sample:		267.1 time, 290.3 real, 170.8 MB
[runlim] sample:		276.6 time, 300.3 real, 174.6 MB
[runlim] sample:		285.4 time, 310.3 real, 176.1 MB
[runlim] sample:		294.4 time, 320.3 real, 178.2 MB
[runlim] end:			Tue Jan 29 17:13:08 2019
[runlim] status:		signal(9)
[runlim] result:		11
[runlim] children:		0
[runlim] real:			325.04 seconds
[runlim] time:			298.13 seconds
[runlim] space:			178.5 MB
[runlim] samples:		3247
