[runlim] version:		1.10fixed
[runlim] time limit:		300 seconds
[runlim] real time limit:	311040000 seconds
[runlim] space limit:		4000 MB
[runlim] argv[0]:		./cvc4
[runlim] argv[1]:		--cbqi-all
[runlim] argv[2]:		/tmp/IVoZ8JlV.smt2
[runlim] start:			Tue Feb  5 10:39:41 2019
[runlim] main pid:		16098
[runlim] sample:		8.3 time, 10.5 real, 43.3 MB
[runlim] sample:		18.0 time, 20.5 real, 62.0 MB
[runlim] sample:		27.6 time, 30.5 real, 77.8 MB
[runlim] sample:		37.2 time, 40.5 real, 93.3 MB
[runlim] sample:		46.9 time, 50.5 real, 106.7 MB
[runlim] sample:		56.5 time, 60.5 real, 119.7 MB
[runlim] sample:		66.1 time, 70.5 real, 131.3 MB
[runlim] sample:		75.8 time, 80.5 real, 144.1 MB
[runlim] sample:		84.6 time, 90.5 real, 158.2 MB
[runlim] sample:		92.8 time, 100.5 real, 167.4 MB
[runlim] sample:		101.5 time, 110.5 real, 175.6 MB
[runlim] sample:		110.9 time, 120.5 real, 186.9 MB
[runlim] sample:		120.9 time, 130.5 real, 198.5 MB
[runlim] sample:		130.9 time, 140.5 real, 208.1 MB
[runlim] sample:		140.9 time, 150.5 real, 221.5 MB
[runlim] sample:		150.9 time, 160.5 real, 232.6 MB
[runlim] sample:		160.9 time, 170.5 real, 251.4 MB
[runlim] sample:		170.9 time, 180.5 real, 252.7 MB
[runlim] sample:		180.9 time, 190.5 real, 262.0 MB
[runlim] sample:		190.9 time, 200.5 real, 271.8 MB
[runlim] sample:		200.9 time, 210.5 real, 281.6 MB
[runlim] sample:		210.9 time, 220.5 real, 290.8 MB
[runlim] sample:		220.1 time, 230.5 real, 299.9 MB
[runlim] sample:		229.4 time, 240.5 real, 307.8 MB
[runlim] sample:		238.5 time, 250.5 real, 315.3 MB
[runlim] sample:		248.2 time, 260.5 real, 327.4 MB
[runlim] sample:		258.2 time, 270.5 real, 338.3 MB
[runlim] sample:		268.1 time, 280.5 real, 349.4 MB
[runlim] sample:		278.1 time, 290.5 real, 357.7 MB
[runlim] sample:		288.1 time, 300.5 real, 366.4 MB
[runlim] sample:		298.1 time, 310.5 real, 398.5 MB
CVC4 interrupted by SIGTERM.
[runlim] end:			Tue Feb  5 10:44:53 2019
[runlim] status:		out of time
[runlim] result:		2
[runlim] children:		0
[runlim] real:			312.39 seconds
[runlim] time:			300.03 seconds
[runlim] space:			426.3 MB
[runlim] samples:		3119
