[runlim] version:		1.10fixed
[runlim] time limit:		300 seconds
[runlim] real time limit:	311040000 seconds
[runlim] space limit:		4000 MB
[runlim] argv[0]:		./cvc4
[runlim] argv[1]:		--cbqi-all
[runlim] argv[2]:		/tmp/5mcGzTDV.smt2
[runlim] start:			Tue Feb  5 10:43:55 2019
[runlim] main pid:		26596
/tmp/5mcGzTDV.smt2:4.12: No set-logic command was given before this point.
/tmp/5mcGzTDV.smt2:4.12: CVC4 will make all theories available.
/tmp/5mcGzTDV.smt2:4.12: Consider setting a stricter logic for (likely) better performance.
/tmp/5mcGzTDV.smt2:4.12: To suppress this warning in the future use (set-logic ALL).
[runlim] sample:		7.8 time, 10.2 real, 82.1 MB
[runlim] sample:		17.0 time, 20.2 real, 105.6 MB
[runlim] sample:		26.1 time, 30.2 real, 125.3 MB
[runlim] sample:		36.1 time, 40.2 real, 140.1 MB
[runlim] sample:		45.6 time, 50.2 real, 151.4 MB
[runlim] sample:		55.0 time, 60.2 real, 160.7 MB
[runlim] sample:		63.1 time, 70.2 real, 167.1 MB
[runlim] sample:		71.5 time, 80.2 real, 173.0 MB
[runlim] sample:		81.2 time, 90.2 real, 179.7 MB
[runlim] sample:		89.5 time, 100.2 real, 185.1 MB
[runlim] sample:		97.8 time, 110.2 real, 190.3 MB
[runlim] sample:		106.4 time, 120.2 real, 195.7 MB
[runlim] sample:		114.8 time, 130.2 real, 201.1 MB
[runlim] sample:		123.6 time, 140.2 real, 205.0 MB
[runlim] sample:		133.1 time, 150.2 real, 210.6 MB
[runlim] sample:		142.7 time, 160.2 real, 217.5 MB
[runlim] sample:		152.4 time, 170.2 real, 220.6 MB
[runlim] sample:		162.0 time, 180.2 real, 231.0 MB
[runlim] sample:		171.6 time, 190.2 real, 233.8 MB
[runlim] sample:		181.0 time, 200.2 real, 242.3 MB
[runlim] sample:		190.5 time, 210.2 real, 245.4 MB
[runlim] sample:		200.2 time, 220.2 real, 249.0 MB
[runlim] sample:		209.8 time, 230.2 real, 253.2 MB
[runlim] sample:		219.4 time, 240.2 real, 257.9 MB
[runlim] sample:		228.8 time, 250.2 real, 261.7 MB
[runlim] sample:		238.3 time, 260.2 real, 266.1 MB
[runlim] sample:		247.9 time, 270.2 real, 270.5 MB
[runlim] sample:		257.7 time, 280.2 real, 273.8 MB
[runlim] sample:		267.6 time, 290.2 real, 276.1 MB
[runlim] sample:		277.3 time, 300.2 real, 279.5 MB
[runlim] sample:		287.2 time, 310.2 real, 283.1 MB
[runlim] sample:		297.1 time, 320.2 real, 286.7 MB
CVC4 interrupted by SIGTERM.
[runlim] end:			Tue Feb  5 10:49:18 2019
[runlim] status:		out of time
[runlim] result:		2
[runlim] children:		0
[runlim] real:			323.18 seconds
[runlim] time:			300.01 seconds
[runlim] space:			286.7 MB
[runlim] samples:		3230
