[runlim] version:		1.10fixed
[runlim] time limit:		300 seconds
[runlim] real time limit:	311040000 seconds
[runlim] space limit:		4000 MB
[runlim] argv[0]:		./cvc4
[runlim] argv[1]:		--cbqi-all
[runlim] argv[2]:		/tmp/N2ClQQwu.smt2
[runlim] start:			Tue Jan 29 17:07:25 2019
[runlim] main pid:		1414
[runlim] sample:		7.7 time, 10.5 real, 49.2 MB
[runlim] sample:		15.5 time, 20.5 real, 60.7 MB
[runlim] sample:		25.2 time, 30.5 real, 71.2 MB
[runlim] sample:		35.2 time, 40.5 real, 79.9 MB
[runlim] sample:		45.2 time, 50.5 real, 86.9 MB
[runlim] sample:		55.2 time, 60.5 real, 92.6 MB
[runlim] sample:		63.2 time, 70.5 real, 98.0 MB
[runlim] sample:		70.9 time, 80.5 real, 102.7 MB
[runlim] sample:		78.5 time, 90.5 real, 108.9 MB
[runlim] sample:		87.1 time, 100.5 real, 112.5 MB
[runlim] sample:		97.1 time, 110.5 real, 116.4 MB
[runlim] sample:		106.7 time, 120.5 real, 119.8 MB
[runlim] sample:		116.4 time, 130.5 real, 122.8 MB
[runlim] sample:		126.1 time, 140.5 real, 126.2 MB
[runlim] sample:		135.5 time, 150.5 real, 129.0 MB
[runlim] sample:		145.2 time, 160.5 real, 132.1 MB
[runlim] sample:		154.8 time, 170.5 real, 135.2 MB
[runlim] sample:		164.5 time, 180.5 real, 138.6 MB
[runlim] sample:		174.2 time, 190.5 real, 141.7 MB
[runlim] sample:		184.1 time, 200.5 real, 144.0 MB
[runlim] sample:		193.9 time, 210.5 real, 146.6 MB
[runlim] sample:		203.5 time, 220.5 real, 149.1 MB
[runlim] sample:		213.2 time, 230.5 real, 151.4 MB
[runlim] sample:		223.2 time, 240.5 real, 155.1 MB
[runlim] sample:		232.9 time, 250.5 real, 157.4 MB
[runlim] sample:		242.9 time, 260.5 real, 159.7 MB
[runlim] sample:		252.9 time, 270.5 real, 161.8 MB
[runlim] sample:		262.9 time, 280.5 real, 164.1 MB
[runlim] sample:		272.9 time, 290.5 real, 165.9 MB
[runlim] sample:		282.9 time, 300.5 real, 169.8 MB
[runlim] sample:		292.9 time, 310.5 real, 171.3 MB
[runlim] end:			Tue Jan 29 17:12:38 2019
[runlim] status:		signal(9)
[runlim] result:		11
[runlim] children:		0
[runlim] real:			313.44 seconds
[runlim] time:			295.80 seconds
[runlim] space:			171.8 MB
[runlim] samples:		3129
