[runlim] version:		1.10fixed
[runlim] time limit:		300 seconds
[runlim] real time limit:	311040000 seconds
[runlim] space limit:		4000 MB
[runlim] argv[0]:		./cvc4
[runlim] argv[1]:		--cbqi-all
[runlim] argv[2]:		/tmp/45cGwO9d.smt2
[runlim] start:			Tue Jan 29 17:07:12 2019
[runlim] main pid:		18830
[runlim] sample:		8.0 time, 10.4 real, 50.0 MB
[runlim] sample:		16.7 time, 20.4 real, 63.0 MB
[runlim] sample:		26.7 time, 30.4 real, 73.1 MB
[runlim] sample:		36.7 time, 40.4 real, 81.3 MB
[runlim] sample:		46.7 time, 50.4 real, 88.6 MB
[runlim] sample:		56.7 time, 60.4 real, 94.0 MB
[runlim] sample:		66.7 time, 70.4 real, 101.0 MB
[runlim] sample:		76.7 time, 80.4 real, 108.5 MB
[runlim] sample:		86.7 time, 90.4 real, 113.1 MB
[runlim] sample:		96.7 time, 100.4 real, 116.8 MB
[runlim] sample:		106.7 time, 110.4 real, 120.4 MB
[runlim] sample:		116.7 time, 120.4 real, 123.7 MB
[runlim] sample:		126.2 time, 130.4 real, 126.5 MB
[runlim] sample:		134.5 time, 140.4 real, 129.4 MB
[runlim] sample:		144.0 time, 150.4 real, 132.7 MB
[runlim] sample:		154.0 time, 160.4 real, 135.3 MB
[runlim] sample:		164.0 time, 170.4 real, 138.9 MB
[runlim] sample:		174.0 time, 180.4 real, 142.3 MB
[runlim] sample:		184.0 time, 190.4 real, 144.6 MB
[runlim] sample:		194.0 time, 200.4 real, 146.9 MB
[runlim] sample:		204.0 time, 210.4 real, 149.5 MB
[runlim] sample:		214.0 time, 220.4 real, 152.0 MB
[runlim] sample:		224.0 time, 230.4 real, 157.2 MB
[runlim] sample:		234.0 time, 240.4 real, 158.5 MB
[runlim] sample:		244.0 time, 250.4 real, 160.0 MB
[runlim] sample:		254.0 time, 260.4 real, 162.4 MB
[runlim] sample:		264.0 time, 270.4 real, 164.4 MB
[runlim] sample:		274.0 time, 280.4 real, 166.5 MB
[runlim] sample:		284.0 time, 290.4 real, 170.3 MB
[runlim] sample:		293.9 time, 300.4 real, 172.1 MB
CVC4 interrupted by SIGTERM.
[runlim] end:			Tue Jan 29 17:12:18 2019
[runlim] status:		out of time
[runlim] result:		2
[runlim] children:		0
[runlim] real:			306.54 seconds
[runlim] time:			300.05 seconds
[runlim] space:			172.9 MB
[runlim] samples:		3061
