[runlim] version:		1.10fixed
[runlim] time limit:		300 seconds
[runlim] real time limit:	311040000 seconds
[runlim] space limit:		4000 MB
[runlim] argv[0]:		./cvc4
[runlim] argv[1]:		--cbqi-all
[runlim] argv[2]:		/tmp/cdnZcC67.smt2
[runlim] start:			Tue Jan 29 17:07:31 2019
[runlim] main pid:		30681
[runlim] sample:		7.7 time, 10.7 real, 49.3 MB
[runlim] sample:		15.5 time, 20.7 real, 61.1 MB
[runlim] sample:		24.5 time, 30.7 real, 71.1 MB
[runlim] sample:		34.4 time, 40.7 real, 79.6 MB
[runlim] sample:		44.2 time, 50.7 real, 86.6 MB
[runlim] sample:		53.6 time, 60.7 real, 92.0 MB
[runlim] sample:		63.4 time, 70.7 real, 98.5 MB
[runlim] sample:		72.1 time, 80.7 real, 103.4 MB
[runlim] sample:		80.2 time, 90.7 real, 109.6 MB
[runlim] sample:		89.2 time, 100.7 real, 113.5 MB
[runlim] sample:		98.2 time, 110.8 real, 116.6 MB
[runlim] sample:		108.0 time, 120.7 real, 120.2 MB
[runlim] sample:		117.7 time, 130.7 real, 123.0 MB
[runlim] sample:		125.8 time, 140.7 real, 125.6 MB
[runlim] sample:		134.8 time, 150.8 real, 128.7 MB
[runlim] sample:		143.1 time, 160.8 real, 131.8 MB
[runlim] sample:		151.5 time, 170.7 real, 134.1 MB
[runlim] sample:		160.8 time, 180.7 real, 137.5 MB
[runlim] sample:		170.4 time, 190.7 real, 140.0 MB
[runlim] sample:		180.1 time, 200.8 real, 142.6 MB
[runlim] sample:		189.7 time, 210.7 real, 144.9 MB
[runlim] sample:		199.4 time, 220.7 real, 147.5 MB
[runlim] sample:		209.3 time, 230.7 real, 150.1 MB
[runlim] sample:		219.3 time, 240.7 real, 152.7 MB
[runlim] sample:		229.3 time, 250.7 real, 156.8 MB
[runlim] sample:		239.3 time, 260.7 real, 158.3 MB
[runlim] sample:		249.3 time, 270.7 real, 160.9 MB
[runlim] sample:		259.3 time, 280.7 real, 162.7 MB
[runlim] sample:		269.3 time, 290.7 real, 164.5 MB
[runlim] sample:		279.3 time, 300.7 real, 166.6 MB
[runlim] sample:		289.3 time, 310.7 real, 170.3 MB
[runlim] sample:		299.3 time, 320.7 real, 172.4 MB
CVC4 interrupted by SIGTERM.
[runlim] end:			Tue Jan 29 17:12:52 2019
[runlim] status:		out of time
[runlim] result:		2
[runlim] children:		0
[runlim] real:			321.57 seconds
[runlim] time:			300.09 seconds
[runlim] space:			172.4 MB
[runlim] samples:		3208
