[runlim] version:		1.10fixed
[runlim] time limit:		300 seconds
[runlim] real time limit:	311040000 seconds
[runlim] space limit:		4000 MB
[runlim] argv[0]:		./cvc4
[runlim] argv[1]:		--cbqi-all
[runlim] argv[2]:		/tmp/hn9fSuLs.smt2
[runlim] start:			Tue Jan 29 17:07:31 2019
[runlim] main pid:		5313
[runlim] sample:		9.4 time, 10.3 real, 53.3 MB
[runlim] sample:		19.4 time, 20.3 real, 67.1 MB
[runlim] sample:		29.4 time, 30.3 real, 77.4 MB
[runlim] sample:		39.4 time, 40.3 real, 85.4 MB
[runlim] sample:		49.4 time, 50.3 real, 92.6 MB
[runlim] sample:		59.4 time, 60.3 real, 99.3 MB
[runlim] sample:		69.4 time, 70.3 real, 105.7 MB
[runlim] sample:		79.0 time, 80.3 real, 111.4 MB
[runlim] sample:		88.3 time, 90.3 real, 117.4 MB
[runlim] sample:		98.1 time, 100.3 real, 121.5 MB
[runlim] sample:		108.1 time, 110.3 real, 126.1 MB
[runlim] sample:		118.1 time, 120.3 real, 130.0 MB
[runlim] sample:		128.1 time, 130.3 real, 133.9 MB
[runlim] sample:		138.1 time, 140.3 real, 137.0 MB
[runlim] sample:		148.1 time, 150.3 real, 140.0 MB
[runlim] sample:		158.1 time, 160.3 real, 143.6 MB
[runlim] sample:		168.1 time, 170.3 real, 147.5 MB
[runlim] sample:		178.1 time, 180.3 real, 150.3 MB
[runlim] sample:		188.1 time, 190.3 real, 153.4 MB
[runlim] sample:		198.1 time, 200.3 real, 156.8 MB
[runlim] sample:		208.1 time, 210.3 real, 159.4 MB
[runlim] sample:		218.1 time, 220.3 real, 163.0 MB
[runlim] sample:		228.1 time, 230.3 real, 165.0 MB
[runlim] sample:		238.1 time, 240.3 real, 167.6 MB
[runlim] sample:		248.1 time, 250.3 real, 171.5 MB
[runlim] sample:		258.1 time, 260.3 real, 173.8 MB
[runlim] sample:		268.1 time, 270.3 real, 175.9 MB
[runlim] sample:		278.1 time, 280.3 real, 177.9 MB
[runlim] sample:		288.0 time, 290.3 real, 180.0 MB
[runlim] sample:		298.1 time, 300.3 real, 182.3 MB
CVC4 interrupted by SIGTERM.
[runlim] end:			Tue Jan 29 17:12:33 2019
[runlim] status:		out of time
[runlim] result:		2
[runlim] children:		0
[runlim] real:			302.35 seconds
[runlim] time:			300.05 seconds
[runlim] space:			182.8 MB
[runlim] samples:		3020
