[runlim] version:		1.10fixed
[runlim] time limit:		300 seconds
[runlim] real time limit:	311040000 seconds
[runlim] space limit:		4000 MB
[runlim] argv[0]:		./cvc4
[runlim] argv[1]:		--cbqi-all
[runlim] argv[2]:		/tmp/keoLkKt1.smt2
[runlim] start:			Tue Feb  5 10:39:56 2019
[runlim] main pid:		10191
[runlim] sample:		8.1 time, 10.7 real, 45.1 MB
[runlim] sample:		17.8 time, 20.7 real, 65.2 MB
[runlim] sample:		27.7 time, 30.7 real, 83.2 MB
[runlim] sample:		35.7 time, 40.7 real, 95.1 MB
[runlim] sample:		44.3 time, 50.7 real, 107.4 MB
[runlim] sample:		53.6 time, 60.7 real, 120.2 MB
[runlim] sample:		62.3 time, 70.7 real, 131.3 MB
[runlim] sample:		70.2 time, 80.7 real, 141.1 MB
[runlim] sample:		78.5 time, 90.7 real, 154.8 MB
[runlim] sample:		86.9 time, 100.7 real, 166.2 MB
[runlim] sample:		94.8 time, 110.7 real, 174.7 MB
[runlim] sample:		103.1 time, 120.7 real, 184.0 MB
[runlim] sample:		111.0 time, 130.7 real, 192.5 MB
[runlim] sample:		119.1 time, 140.7 real, 201.3 MB
[runlim] sample:		128.3 time, 150.7 real, 211.1 MB
[runlim] sample:		137.6 time, 160.7 real, 222.2 MB
[runlim] sample:		146.0 time, 170.7 real, 231.4 MB
[runlim] sample:		155.2 time, 180.7 real, 250.0 MB
[runlim] sample:		163.2 time, 190.7 real, 252.4 MB
[runlim] sample:		171.1 time, 200.7 real, 256.0 MB
[runlim] sample:		180.9 time, 210.7 real, 265.8 MB
[runlim] sample:		190.3 time, 220.7 real, 274.6 MB
[runlim] sample:		199.7 time, 230.7 real, 285.1 MB
[runlim] sample:		208.6 time, 240.7 real, 292.4 MB
[runlim] sample:		217.2 time, 250.7 real, 300.3 MB
[runlim] sample:		226.1 time, 260.7 real, 308.1 MB
[runlim] sample:		235.9 time, 270.7 real, 316.1 MB
[runlim] sample:		245.9 time, 280.7 real, 329.5 MB
[runlim] sample:		255.9 time, 290.7 real, 342.0 MB
[runlim] sample:		265.9 time, 300.7 real, 350.3 MB
[runlim] sample:		275.9 time, 310.7 real, 358.8 MB
[runlim] sample:		285.9 time, 320.7 real, 368.1 MB
[runlim] sample:		295.9 time, 330.7 real, 398.6 MB
[runlim] end:			Tue Feb  5 10:45:30 2019
[runlim] status:		signal(9)
[runlim] result:		11
[runlim] children:		0
[runlim] real:			334.18 seconds
[runlim] time:			299.28 seconds
[runlim] space:			426.3 MB
[runlim] samples:		3334
