[runlim] version:		1.10fixed
[runlim] time limit:		300 seconds
[runlim] real time limit:	311040000 seconds
[runlim] space limit:		4000 MB
[runlim] argv[0]:		./cvc4
[runlim] argv[1]:		--cbqi-all
[runlim] argv[2]:		/tmp/XcMdjDc8.smt2
[runlim] start:			Tue Feb  5 10:39:34 2019
[runlim] main pid:		2095
[runlim] sample:		9.6 time, 10.7 real, 50.3 MB
[runlim] sample:		19.4 time, 20.7 real, 69.3 MB
[runlim] sample:		29.1 time, 30.7 real, 87.5 MB
[runlim] sample:		39.1 time, 40.7 real, 103.5 MB
[runlim] sample:		48.0 time, 50.7 real, 116.1 MB
[runlim] sample:		56.0 time, 60.7 real, 126.7 MB
[runlim] sample:		64.2 time, 70.7 real, 138.3 MB
[runlim] sample:		72.3 time, 80.7 real, 150.8 MB
[runlim] sample:		81.3 time, 90.7 real, 167.4 MB
[runlim] sample:		91.3 time, 100.7 real, 174.3 MB
[runlim] sample:		101.3 time, 110.7 real, 185.9 MB
[runlim] sample:		111.3 time, 120.7 real, 197.0 MB
[runlim] sample:		121.3 time, 130.7 real, 208.1 MB
[runlim] sample:		131.3 time, 140.7 real, 219.4 MB
[runlim] sample:		140.9 time, 150.7 real, 230.3 MB
[runlim] sample:		149.2 time, 160.7 real, 249.5 MB
[runlim] sample:		158.2 time, 170.7 real, 250.7 MB
[runlim] sample:		167.0 time, 180.7 real, 258.0 MB
[runlim] sample:		175.7 time, 190.7 real, 268.3 MB
[runlim] sample:		184.6 time, 200.7 real, 276.5 MB
[runlim] sample:		193.8 time, 210.7 real, 288.1 MB
[runlim] sample:		203.8 time, 220.7 real, 295.9 MB
[runlim] sample:		213.8 time, 230.7 real, 307.2 MB
[runlim] sample:		223.8 time, 240.7 real, 319.1 MB
[runlim] sample:		233.8 time, 250.7 real, 331.9 MB
[runlim] sample:		241.9 time, 260.7 real, 337.9 MB
[runlim] sample:		250.8 time, 270.7 real, 346.1 MB
[runlim] sample:		259.8 time, 280.7 real, 354.4 MB
[runlim] sample:		269.8 time, 290.7 real, 365.7 MB
[runlim] sample:		279.8 time, 300.7 real, 397.2 MB
[runlim] sample:		289.4 time, 310.7 real, 398.7 MB
[runlim] sample:		296.7 time, 320.7 real, 399.5 MB
[runlim] end:			Tue Feb  5 10:44:58 2019
[runlim] status:		signal(9)
[runlim] result:		11
[runlim] children:		0
[runlim] real:			324.32 seconds
[runlim] time:			299.65 seconds
[runlim] space:			425.0 MB
[runlim] samples:		3236
