[runlim] version:		1.10fixed
[runlim] time limit:		300 seconds
[runlim] real time limit:	311040000 seconds
[runlim] space limit:		4000 MB
[runlim] argv[0]:		./cvc4
[runlim] argv[1]:		--cbqi-all
[runlim] argv[2]:		/tmp/tqqC7CQo.smt2
[runlim] start:			Tue Feb  5 10:43:49 2019
[runlim] main pid:		24648
/tmp/tqqC7CQo.smt2:4.12: No set-logic command was given before this point.
/tmp/tqqC7CQo.smt2:4.12: CVC4 will make all theories available.
/tmp/tqqC7CQo.smt2:4.12: Consider setting a stricter logic for (likely) better performance.
/tmp/tqqC7CQo.smt2:4.12: To suppress this warning in the future use (set-logic ALL).
[runlim] sample:		9.8 time, 10.5 real, 101.1 MB
[runlim] sample:		18.9 time, 20.5 real, 129.4 MB
[runlim] sample:		28.9 time, 30.5 real, 150.0 MB
[runlim] sample:		38.9 time, 40.5 real, 164.5 MB
[runlim] sample:		48.8 time, 50.5 real, 181.0 MB
[runlim] sample:		58.1 time, 60.5 real, 188.5 MB
[runlim] sample:		67.6 time, 70.5 real, 199.3 MB
[runlim] sample:		76.6 time, 80.5 real, 207.3 MB
[runlim] sample:		86.7 time, 90.5 real, 218.1 MB
[runlim] sample:		96.7 time, 100.5 real, 226.9 MB
[runlim] sample:		106.7 time, 110.5 real, 239.3 MB
[runlim] sample:		116.6 time, 120.5 real, 246.2 MB
[runlim] sample:		125.9 time, 130.5 real, 254.8 MB
[runlim] sample:		135.9 time, 140.5 real, 259.4 MB
[runlim] sample:		144.9 time, 150.5 real, 268.7 MB
[runlim] sample:		153.9 time, 160.5 real, 273.6 MB
[runlim] sample:		162.9 time, 170.5 real, 277.9 MB
[runlim] sample:		171.9 time, 180.5 real, 283.6 MB
[runlim] sample:		180.8 time, 190.5 real, 288.0 MB
[runlim] sample:		190.2 time, 200.5 real, 292.9 MB
[runlim] sample:		199.9 time, 210.5 real, 297.3 MB
[runlim] sample:		209.6 time, 220.5 real, 301.9 MB
[runlim] sample:		218.5 time, 230.5 real, 306.8 MB
[runlim] sample:		227.2 time, 240.5 real, 311.2 MB
[runlim] sample:		236.5 time, 250.5 real, 314.3 MB
[runlim] sample:		246.5 time, 260.5 real, 318.7 MB
[runlim] sample:		256.5 time, 270.5 real, 323.0 MB
[runlim] sample:		266.5 time, 280.5 real, 327.4 MB
[runlim] sample:		276.5 time, 290.5 real, 330.8 MB
[runlim] sample:		286.5 time, 300.5 real, 335.1 MB
[runlim] sample:		296.5 time, 310.5 real, 337.5 MB
CVC4 interrupted by SIGTERM.
[runlim] end:			Tue Feb  5 10:49:03 2019
[runlim] status:		out of time
[runlim] result:		2
[runlim] children:		0
[runlim] real:			314.07 seconds
[runlim] time:			300.02 seconds
[runlim] space:			352.4 MB
[runlim] samples:		3135
