[runlim] version:		1.10fixed
[runlim] time limit:		300 seconds
[runlim] real time limit:	311040000 seconds
[runlim] space limit:		4000 MB
[runlim] argv[0]:		./cvc4
[runlim] argv[1]:		--cbqi-all
[runlim] argv[2]:		/tmp/8xeFmXXP.smt2
[runlim] start:			Tue Feb  5 10:37:30 2019
[runlim] main pid:		31762
[runlim] sample:		8.9 time, 10.6 real, 52.5 MB
[runlim] sample:		17.6 time, 20.6 real, 65.4 MB
[runlim] sample:		26.6 time, 30.6 real, 73.9 MB
[runlim] sample:		35.6 time, 40.6 real, 81.6 MB
[runlim] sample:		44.6 time, 50.6 real, 88.3 MB
[runlim] sample:		53.6 time, 60.6 real, 93.2 MB
[runlim] sample:		62.6 time, 70.6 real, 99.2 MB
[runlim] sample:		71.6 time, 80.6 real, 106.6 MB
[runlim] sample:		81.6 time, 90.6 real, 111.8 MB
[runlim] sample:		90.9 time, 100.6 real, 115.1 MB
[runlim] sample:		100.9 time, 110.6 real, 119.3 MB
[runlim] sample:		110.9 time, 120.6 real, 122.4 MB
[runlim] sample:		120.9 time, 130.6 real, 125.7 MB
[runlim] sample:		130.9 time, 140.6 real, 128.8 MB
[runlim] sample:		140.9 time, 150.6 real, 132.1 MB
[runlim] sample:		150.2 time, 160.6 real, 135.2 MB
[runlim] sample:		159.8 time, 170.6 real, 138.6 MB
[runlim] sample:		169.8 time, 180.6 real, 141.2 MB
[runlim] sample:		179.8 time, 190.6 real, 144.3 MB
[runlim] sample:		189.8 time, 200.6 real, 146.6 MB
[runlim] sample:		199.8 time, 210.6 real, 149.2 MB
[runlim] sample:		209.8 time, 220.6 real, 151.7 MB
[runlim] sample:		219.8 time, 230.6 real, 156.4 MB
[runlim] sample:		229.8 time, 240.6 real, 157.9 MB
[runlim] sample:		239.8 time, 250.6 real, 160.0 MB
[runlim] sample:		249.8 time, 260.6 real, 162.3 MB
[runlim] sample:		259.8 time, 270.6 real, 164.4 MB
[runlim] sample:		269.8 time, 280.6 real, 165.9 MB
[runlim] sample:		279.8 time, 290.6 real, 170.1 MB
[runlim] sample:		289.8 time, 300.6 real, 171.9 MB
[runlim] end:			Tue Feb  5 10:42:36 2019
[runlim] status:		signal(9)
[runlim] result:		11
[runlim] children:		0
[runlim] real:			306.71 seconds
[runlim] time:			295.91 seconds
[runlim] space:			172.9 MB
[runlim] samples:		3061
