[runlim] version:		1.10fixed
[runlim] time limit:		300 seconds
[runlim] real time limit:	311040000 seconds
[runlim] space limit:		4000 MB
[runlim] argv[0]:		./cvc4
[runlim] argv[1]:		--cbqi-all
[runlim] argv[2]:		/tmp/x71BQC0p.smt2
[runlim] start:			Tue Feb  5 10:39:18 2019
[runlim] main pid:		16785
[runlim] sample:		8.0 time, 10.4 real, 39.9 MB
[runlim] sample:		18.0 time, 20.4 real, 54.0 MB
[runlim] sample:		28.0 time, 30.4 real, 63.6 MB
[runlim] sample:		38.0 time, 40.4 real, 72.9 MB
[runlim] sample:		48.0 time, 50.4 real, 79.1 MB
[runlim] sample:		58.0 time, 60.4 real, 84.5 MB
[runlim] sample:		68.0 time, 70.4 real, 89.7 MB
[runlim] sample:		78.0 time, 80.4 real, 94.8 MB
[runlim] sample:		88.0 time, 90.4 real, 99.2 MB
[runlim] sample:		98.0 time, 100.4 real, 109.2 MB
[runlim] sample:		108.0 time, 110.4 real, 113.1 MB
[runlim] sample:		118.0 time, 120.4 real, 116.9 MB
[runlim] sample:		128.0 time, 130.4 real, 120.0 MB
[runlim] sample:		138.0 time, 140.4 real, 123.4 MB
[runlim] sample:		148.0 time, 150.4 real, 126.0 MB
[runlim] sample:		158.0 time, 160.4 real, 128.8 MB
[runlim] sample:		168.0 time, 170.4 real, 131.6 MB
[runlim] sample:		178.0 time, 180.4 real, 134.7 MB
[runlim] sample:		188.0 time, 190.4 real, 137.3 MB
[runlim] sample:		198.0 time, 200.4 real, 140.1 MB
[runlim] sample:		208.0 time, 210.4 real, 142.5 MB
[runlim] sample:		218.0 time, 220.4 real, 144.8 MB
[runlim] sample:		226.7 time, 230.4 real, 146.6 MB
[runlim] sample:		236.6 time, 240.4 real, 148.6 MB
[runlim] sample:		246.6 time, 250.4 real, 150.7 MB
[runlim] sample:		255.7 time, 260.4 real, 152.8 MB
[runlim] sample:		263.7 time, 270.4 real, 154.3 MB
[runlim] sample:		272.4 time, 280.4 real, 155.9 MB
[runlim] sample:		282.4 time, 290.4 real, 157.7 MB
[runlim] sample:		292.1 time, 300.4 real, 159.7 MB
CVC4 interrupted by SIGTERM.
[runlim] end:			Tue Feb  5 10:44:26 2019
[runlim] status:		out of time
[runlim] result:		2
[runlim] children:		0
[runlim] real:			308.97 seconds
[runlim] time:			300.05 seconds
[runlim] space:			161.0 MB
[runlim] samples:		3085
