[runlim] version:		1.10fixed
[runlim] time limit:		300 seconds
[runlim] real time limit:	311040000 seconds
[runlim] space limit:		4000 MB
[runlim] argv[0]:		./cvc4
[runlim] argv[1]:		--cbqi-all
[runlim] argv[2]:		/tmp/ujj7GpdU.smt2
[runlim] start:			Tue Jan 29 17:10:15 2019
[runlim] main pid:		24254
[runlim] sample:		8.9 time, 10.6 real, 98.3 MB
[runlim] sample:		17.9 time, 20.6 real, 133.7 MB
[runlim] sample:		27.4 time, 30.6 real, 160.7 MB
[runlim] sample:		37.1 time, 40.6 real, 181.3 MB
[runlim] sample:		46.8 time, 50.6 real, 205.0 MB
[runlim] sample:		56.8 time, 60.6 real, 223.6 MB
[runlim] sample:		65.3 time, 70.6 real, 234.9 MB
[runlim] sample:		75.0 time, 80.6 real, 249.2 MB
[runlim] sample:		84.9 time, 90.6 real, 262.2 MB
[runlim] sample:		94.9 time, 100.6 real, 274.6 MB
[runlim] sample:		104.9 time, 110.6 real, 286.5 MB
[runlim] sample:		114.9 time, 120.6 real, 294.7 MB
[runlim] sample:		124.9 time, 130.6 real, 305.2 MB
[runlim] sample:		134.9 time, 140.6 real, 315.8 MB
[runlim] sample:		144.9 time, 150.6 real, 324.1 MB
[runlim] sample:		154.9 time, 160.6 real, 331.3 MB
[runlim] sample:		164.9 time, 170.6 real, 342.2 MB
[runlim] sample:		174.9 time, 180.6 real, 348.1 MB
[runlim] sample:		184.9 time, 190.6 real, 356.1 MB
[runlim] sample:		194.9 time, 200.6 real, 364.8 MB
[runlim] sample:		204.9 time, 210.6 real, 370.7 MB
[runlim] sample:		214.9 time, 220.6 real, 377.9 MB
[runlim] sample:		224.8 time, 230.6 real, 395.1 MB
[runlim] sample:		234.8 time, 240.6 real, 399.8 MB
[runlim] sample:		244.8 time, 250.6 real, 404.9 MB
[runlim] sample:		254.8 time, 260.6 real, 410.1 MB
[runlim] sample:		264.8 time, 270.6 real, 415.5 MB
[runlim] sample:		274.8 time, 280.6 real, 428.4 MB
[runlim] sample:		284.8 time, 290.6 real, 433.3 MB
[runlim] sample:		294.8 time, 300.6 real, 438.2 MB
CVC4 interrupted by SIGTERM.
[runlim] end:			Tue Jan 29 17:15:20 2019
[runlim] status:		out of time
[runlim] result:		2
[runlim] children:		0
[runlim] real:			305.80 seconds
[runlim] time:			300.04 seconds
[runlim] space:			441.3 MB
[runlim] samples:		3052
