[runlim] version:		1.10fixed
[runlim] time limit:		300 seconds
[runlim] real time limit:	311040000 seconds
[runlim] space limit:		4000 MB
[runlim] argv[0]:		./cvc4
[runlim] argv[1]:		--cbqi-all
[runlim] argv[2]:		/tmp/NtpNF0Y2.smt2
[runlim] start:			Tue Feb  5 10:39:20 2019
[runlim] main pid:		4739
[runlim] sample:		9.2 time, 10.5 real, 41.8 MB
[runlim] sample:		18.5 time, 20.5 real, 54.3 MB
[runlim] sample:		28.5 time, 30.5 real, 64.0 MB
[runlim] sample:		38.5 time, 40.5 real, 73.6 MB
[runlim] sample:		48.5 time, 50.5 real, 79.5 MB
[runlim] sample:		58.5 time, 60.5 real, 85.2 MB
[runlim] sample:		68.5 time, 70.5 real, 90.8 MB
[runlim] sample:		78.5 time, 80.5 real, 95.7 MB
[runlim] sample:		88.5 time, 90.5 real, 99.6 MB
[runlim] sample:		98.5 time, 100.5 real, 110.5 MB
[runlim] sample:		108.1 time, 110.5 real, 114.1 MB
[runlim] sample:		118.1 time, 120.5 real, 118.2 MB
[runlim] sample:		128.1 time, 130.5 real, 121.8 MB
[runlim] sample:		138.1 time, 140.5 real, 124.9 MB
[runlim] sample:		148.1 time, 150.5 real, 128.3 MB
[runlim] sample:		158.1 time, 160.5 real, 131.4 MB
[runlim] sample:		168.1 time, 170.5 real, 134.2 MB
[runlim] sample:		178.0 time, 180.5 real, 136.8 MB
[runlim] sample:		188.0 time, 190.5 real, 139.6 MB
[runlim] sample:		196.7 time, 200.5 real, 141.7 MB
[runlim] sample:		204.2 time, 210.5 real, 143.2 MB
[runlim] sample:		213.7 time, 220.5 real, 145.5 MB
[runlim] sample:		221.7 time, 230.5 real, 147.6 MB
[runlim] sample:		231.1 time, 240.5 real, 149.7 MB
[runlim] sample:		240.3 time, 250.5 real, 151.7 MB
[runlim] sample:		250.2 time, 260.5 real, 153.8 MB
[runlim] sample:		259.5 time, 270.5 real, 156.1 MB
[runlim] sample:		268.4 time, 280.5 real, 157.7 MB
[runlim] sample:		278.4 time, 290.5 real, 160.0 MB
[runlim] sample:		288.4 time, 300.5 real, 161.8 MB
[runlim] sample:		298.4 time, 310.5 real, 163.6 MB
CVC4 interrupted by SIGTERM.
[runlim] end:			Tue Feb  5 10:44:32 2019
[runlim] status:		out of time
[runlim] result:		2
[runlim] children:		0
[runlim] real:			312.21 seconds
[runlim] time:			300.10 seconds
[runlim] space:			164.1 MB
[runlim] samples:		3117
