[runlim] version:		1.10fixed
[runlim] time limit:		300 seconds
[runlim] real time limit:	311040000 seconds
[runlim] space limit:		4000 MB
[runlim] argv[0]:		./cvc4
[runlim] argv[1]:		--cbqi-all
[runlim] argv[2]:		/tmp/e6oPLjOr.smt2
[runlim] start:			Tue Jan 29 17:07:41 2019
[runlim] main pid:		8947
[runlim] sample:		8.2 time, 10.9 real, 52.3 MB
[runlim] sample:		18.1 time, 20.9 real, 69.3 MB
[runlim] sample:		28.1 time, 30.9 real, 79.1 MB
[runlim] sample:		38.1 time, 40.9 real, 89.0 MB
[runlim] sample:		48.1 time, 50.9 real, 99.2 MB
[runlim] sample:		58.1 time, 60.9 real, 106.2 MB
[runlim] sample:		68.1 time, 70.9 real, 113.4 MB
[runlim] sample:		78.1 time, 80.9 real, 119.1 MB
[runlim] sample:		88.1 time, 90.9 real, 123.5 MB
[runlim] sample:		98.1 time, 100.9 real, 127.8 MB
[runlim] sample:		108.1 time, 110.9 real, 132.2 MB
[runlim] sample:		118.1 time, 120.9 real, 136.1 MB
[runlim] sample:		128.1 time, 130.9 real, 141.8 MB
[runlim] sample:		138.1 time, 140.9 real, 145.1 MB
[runlim] sample:		148.1 time, 150.9 real, 148.2 MB
[runlim] sample:		158.1 time, 160.9 real, 155.6 MB
[runlim] sample:		168.1 time, 170.9 real, 159.4 MB
[runlim] sample:		178.1 time, 180.9 real, 163.1 MB
[runlim] sample:		188.1 time, 190.9 real, 166.1 MB
[runlim] sample:		198.1 time, 200.9 real, 169.5 MB
[runlim] sample:		208.1 time, 210.9 real, 172.6 MB
[runlim] sample:		218.1 time, 220.9 real, 175.4 MB
[runlim] sample:		228.1 time, 230.9 real, 177.5 MB
[runlim] sample:		238.1 time, 240.9 real, 179.8 MB
[runlim] sample:		248.1 time, 250.9 real, 182.9 MB
[runlim] sample:		258.0 time, 260.9 real, 187.3 MB
[runlim] sample:		268.1 time, 270.9 real, 189.3 MB
[runlim] sample:		278.0 time, 280.9 real, 191.7 MB
[runlim] sample:		288.0 time, 290.9 real, 194.0 MB
[runlim] sample:		298.0 time, 300.9 real, 196.3 MB
CVC4 interrupted by SIGTERM.
[runlim] end:			Tue Jan 29 17:12:43 2019
[runlim] status:		out of time
[runlim] result:		2
[runlim] children:		0
[runlim] real:			302.89 seconds
[runlim] time:			300.04 seconds
[runlim] space:			196.8 MB
[runlim] samples:		3020
