[runlim] version:		1.10fixed
[runlim] time limit:		300 seconds
[runlim] real time limit:	311040000 seconds
[runlim] space limit:		4000 MB
[runlim] argv[0]:		./cvc4
[runlim] argv[1]:		--cbqi-all
[runlim] argv[2]:		/tmp/jmymXqi3.smt2
[runlim] start:			Tue Feb  5 13:31:17 2019
[runlim] main pid:		22232
[runlim] sample:		8.8 time, 10.1 real, 53.5 MB
[runlim] sample:		17.6 time, 20.1 real, 68.6 MB
[runlim] sample:		27.0 time, 30.1 real, 78.7 MB
[runlim] sample:		35.4 time, 40.1 real, 87.5 MB
[runlim] sample:		45.0 time, 50.1 real, 98.2 MB
[runlim] sample:		55.0 time, 60.1 real, 105.2 MB
[runlim] sample:		65.0 time, 70.1 real, 112.6 MB
[runlim] sample:		75.0 time, 80.1 real, 118.6 MB
[runlim] sample:		85.0 time, 90.1 real, 123.7 MB
[runlim] sample:		94.9 time, 100.1 real, 128.4 MB
[runlim] sample:		104.9 time, 110.1 real, 133.3 MB
[runlim] sample:		114.9 time, 120.1 real, 139.7 MB
[runlim] sample:		124.4 time, 130.1 real, 143.3 MB
[runlim] sample:		134.4 time, 140.1 real, 151.2 MB
[runlim] sample:		144.4 time, 150.1 real, 155.1 MB
[runlim] sample:		154.4 time, 160.1 real, 159.2 MB
[runlim] sample:		164.4 time, 170.1 real, 163.6 MB
[runlim] sample:		174.4 time, 180.1 real, 167.2 MB
[runlim] sample:		184.4 time, 190.1 real, 171.0 MB
[runlim] sample:		194.0 time, 200.1 real, 173.9 MB
[runlim] sample:		203.1 time, 210.1 real, 176.7 MB
[runlim] sample:		213.1 time, 220.1 real, 179.5 MB
[runlim] sample:		223.1 time, 230.1 real, 182.9 MB
[runlim] sample:		233.1 time, 240.1 real, 187.5 MB
[runlim] sample:		243.1 time, 250.1 real, 189.8 MB
[runlim] sample:		253.1 time, 260.1 real, 192.9 MB
[runlim] sample:		263.1 time, 270.1 real, 195.3 MB
[runlim] sample:		272.8 time, 280.1 real, 197.6 MB
[runlim] sample:		282.8 time, 290.1 real, 200.4 MB
[runlim] sample:		292.8 time, 300.1 real, 202.7 MB
CVC4 interrupted by SIGTERM.
[runlim] end:			Tue Feb  5 13:36:25 2019
[runlim] status:		out of time
[runlim] result:		2
[runlim] children:		0
[runlim] real:			308.81 seconds
[runlim] time:			300.02 seconds
[runlim] space:			204.3 MB
[runlim] samples:		3087
