[runlim] version:		1.10fixed
[runlim] time limit:		300 seconds
[runlim] real time limit:	311040000 seconds
[runlim] space limit:		4000 MB
[runlim] argv[0]:		./cvc4
[runlim] argv[1]:		--cbqi-all
[runlim] argv[2]:		/tmp/s5JE6fgU.smt2
[runlim] start:			Tue Jan 29 17:10:17 2019
[runlim] main pid:		22386
[runlim] sample:		8.7 time, 10.2 real, 75.7 MB
[runlim] sample:		18.7 time, 20.2 real, 97.6 MB
[runlim] sample:		28.6 time, 30.2 real, 114.7 MB
[runlim] sample:		38.3 time, 40.2 real, 126.6 MB
[runlim] sample:		48.1 time, 50.2 real, 137.1 MB
[runlim] sample:		58.1 time, 60.2 real, 145.8 MB
[runlim] sample:		68.1 time, 70.2 real, 153.5 MB
[runlim] sample:		78.1 time, 80.2 real, 160.7 MB
[runlim] sample:		88.1 time, 90.2 real, 167.6 MB
[runlim] sample:		98.1 time, 100.2 real, 176.1 MB
[runlim] sample:		108.1 time, 110.2 real, 181.1 MB
[runlim] sample:		118.1 time, 120.2 real, 188.3 MB
[runlim] sample:		128.1 time, 130.2 real, 196.0 MB
[runlim] sample:		138.1 time, 140.2 real, 200.6 MB
[runlim] sample:		148.1 time, 150.2 real, 206.0 MB
[runlim] sample:		158.1 time, 160.2 real, 212.0 MB
[runlim] sample:		168.1 time, 170.2 real, 216.4 MB
[runlim] sample:		178.1 time, 180.2 real, 219.7 MB
[runlim] sample:		188.1 time, 190.2 real, 223.4 MB
[runlim] sample:		198.1 time, 200.2 real, 227.5 MB
[runlim] sample:		208.1 time, 210.2 real, 231.1 MB
[runlim] sample:		218.1 time, 220.2 real, 234.7 MB
[runlim] sample:		228.1 time, 230.2 real, 239.2 MB
[runlim] sample:		238.1 time, 240.2 real, 241.0 MB
[runlim] sample:		248.1 time, 250.2 real, 243.6 MB
[runlim] sample:		258.1 time, 260.2 real, 249.0 MB
[runlim] sample:		268.1 time, 270.2 real, 252.1 MB
[runlim] sample:		278.1 time, 280.2 real, 254.4 MB
[runlim] sample:		288.1 time, 290.2 real, 257.8 MB
[runlim] sample:		298.1 time, 300.2 real, 259.6 MB
CVC4 interrupted by SIGTERM.
[runlim] end:			Tue Jan 29 17:15:19 2019
[runlim] status:		out of time
[runlim] result:		2
[runlim] children:		0
[runlim] real:			302.19 seconds
[runlim] time:			300.10 seconds
[runlim] space:			260.6 MB
[runlim] samples:		3020
