[runlim] version:		1.10fixed
[runlim] time limit:		300 seconds
[runlim] real time limit:	311040000 seconds
[runlim] space limit:		4000 MB
[runlim] argv[0]:		./cvc4
[runlim] argv[1]:		--cbqi-all
[runlim] argv[2]:		/tmp/qhnGPVeZ.smt2
[runlim] start:			Tue Feb  5 10:39:33 2019
[runlim] main pid:		24607
[runlim] sample:		9.4 time, 10.0 real, 38.4 MB
[runlim] sample:		18.5 time, 20.0 real, 45.3 MB
[runlim] sample:		28.5 time, 30.0 real, 53.2 MB
[runlim] sample:		38.5 time, 40.0 real, 58.8 MB
[runlim] sample:		48.5 time, 50.0 real, 64.0 MB
[runlim] sample:		58.5 time, 60.0 real, 68.4 MB
[runlim] sample:		68.5 time, 70.0 real, 72.7 MB
[runlim] sample:		78.5 time, 80.0 real, 76.8 MB
[runlim] sample:		88.5 time, 90.0 real, 81.3 MB
[runlim] sample:		97.3 time, 100.0 real, 83.4 MB
[runlim] sample:		106.0 time, 110.0 real, 87.5 MB
[runlim] sample:		114.7 time, 120.0 real, 90.3 MB
[runlim] sample:		123.3 time, 130.0 real, 93.4 MB
[runlim] sample:		132.0 time, 140.0 real, 95.7 MB
[runlim] sample:		140.7 time, 150.0 real, 98.1 MB
[runlim] sample:		149.3 time, 160.0 real, 101.2 MB
[runlim] sample:		158.7 time, 170.0 real, 103.5 MB
[runlim] sample:		168.7 time, 180.0 real, 105.8 MB
[runlim] sample:		178.7 time, 190.0 real, 108.4 MB
[runlim] sample:		188.7 time, 200.0 real, 112.3 MB
[runlim] sample:		198.7 time, 210.0 real, 115.1 MB
[runlim] sample:		208.7 time, 220.0 real, 117.4 MB
[runlim] sample:		218.7 time, 230.0 real, 120.0 MB
[runlim] sample:		228.7 time, 240.0 real, 122.3 MB
[runlim] sample:		238.7 time, 250.0 real, 124.6 MB
[runlim] sample:		248.7 time, 260.0 real, 126.9 MB
[runlim] sample:		258.7 time, 270.0 real, 128.2 MB
[runlim] sample:		268.7 time, 280.0 real, 130.3 MB
[runlim] sample:		278.2 time, 290.0 real, 132.4 MB
[runlim] sample:		287.9 time, 300.0 real, 135.5 MB
[runlim] sample:		297.8 time, 310.0 real, 137.3 MB
[runlim] end:			Tue Feb  5 10:44:43 2019
[runlim] status:		signal(9)
[runlim] result:		11
[runlim] children:		0
[runlim] real:			310.05 seconds
[runlim] time:			297.76 seconds
[runlim] space:			137.3 MB
[runlim] samples:		3100
