[runlim] version:		1.10fixed
[runlim] time limit:		300 seconds
[runlim] real time limit:	311040000 seconds
[runlim] space limit:		4000 MB
[runlim] argv[0]:		./cvc4
[runlim] argv[1]:		--cbqi-all
[runlim] argv[2]:		/tmp/gT3YXsVn.smt2
[runlim] start:			Tue Feb  5 10:43:56 2019
[runlim] main pid:		31507
/tmp/gT3YXsVn.smt2:4.12: No set-logic command was given before this point.
/tmp/gT3YXsVn.smt2:4.12: CVC4 will make all theories available.
/tmp/gT3YXsVn.smt2:4.12: Consider setting a stricter logic for (likely) better performance.
/tmp/gT3YXsVn.smt2:4.12: To suppress this warning in the future use (set-logic ALL).
[runlim] sample:		8.9 time, 10.6 real, 90.6 MB
[runlim] sample:		18.9 time, 20.6 real, 114.6 MB
[runlim] sample:		28.9 time, 30.6 real, 135.9 MB
[runlim] sample:		38.9 time, 40.6 real, 149.3 MB
[runlim] sample:		48.9 time, 50.6 real, 159.9 MB
[runlim] sample:		58.9 time, 60.6 real, 169.1 MB
[runlim] sample:		68.9 time, 70.6 real, 177.1 MB
[runlim] sample:		78.9 time, 80.6 real, 185.0 MB
[runlim] sample:		88.9 time, 90.6 real, 191.2 MB
[runlim] sample:		98.9 time, 100.6 real, 197.6 MB
[runlim] sample:		108.5 time, 110.6 real, 204.3 MB
[runlim] sample:		117.5 time, 120.6 real, 210.7 MB
[runlim] sample:		126.6 time, 130.6 real, 218.2 MB
[runlim] sample:		135.6 time, 140.6 real, 219.8 MB
[runlim] sample:		145.6 time, 150.6 real, 231.1 MB
[runlim] sample:		155.2 time, 160.6 real, 235.0 MB
[runlim] sample:		164.4 time, 170.6 real, 243.1 MB
[runlim] sample:		174.2 time, 180.6 real, 246.9 MB
[runlim] sample:		184.0 time, 190.6 real, 251.3 MB
[runlim] sample:		194.0 time, 200.6 real, 258.5 MB
[runlim] sample:		204.0 time, 210.6 real, 261.6 MB
[runlim] sample:		214.0 time, 220.6 real, 265.7 MB
[runlim] sample:		224.0 time, 230.6 real, 270.6 MB
[runlim] sample:		234.0 time, 240.6 real, 272.9 MB
[runlim] sample:		244.0 time, 250.6 real, 277.3 MB
[runlim] sample:		253.9 time, 260.6 real, 279.6 MB
[runlim] sample:		263.9 time, 270.6 real, 283.5 MB
[runlim] sample:		273.5 time, 280.6 real, 285.8 MB
[runlim] sample:		282.4 time, 290.6 real, 290.4 MB
[runlim] sample:		291.5 time, 300.6 real, 292.5 MB
[runlim] end:			Tue Feb  5 10:49:04 2019
[runlim] status:		signal(9)
[runlim] result:		11
[runlim] children:		0
[runlim] real:			308.21 seconds
[runlim] time:			299.03 seconds
[runlim] space:			294.6 MB
[runlim] samples:		3075
