[runlim] version:		1.10fixed
[runlim] time limit:		300 seconds
[runlim] real time limit:	311040000 seconds
[runlim] space limit:		4000 MB
[runlim] argv[0]:		./cvc4
[runlim] argv[1]:		--cbqi-all
[runlim] argv[2]:		/tmp/9yVHFDAA.smt2
[runlim] start:			Tue Feb  5 10:38:58 2019
[runlim] main pid:		22456
[runlim] sample:		10.0 time, 10.7 real, 43.9 MB
[runlim] sample:		20.0 time, 20.7 real, 55.8 MB
[runlim] sample:		30.0 time, 30.7 real, 67.2 MB
[runlim] sample:		40.0 time, 40.7 real, 74.4 MB
[runlim] sample:		49.5 time, 50.7 real, 80.6 MB
[runlim] sample:		59.5 time, 60.7 real, 86.0 MB
[runlim] sample:		69.5 time, 70.7 real, 91.2 MB
[runlim] sample:		79.5 time, 80.7 real, 96.3 MB
[runlim] sample:		89.5 time, 90.7 real, 100.7 MB
[runlim] sample:		99.5 time, 100.7 real, 111.1 MB
[runlim] sample:		109.5 time, 110.7 real, 115.2 MB
[runlim] sample:		119.5 time, 120.7 real, 118.8 MB
[runlim] sample:		129.5 time, 130.7 real, 122.2 MB
[runlim] sample:		139.5 time, 140.7 real, 125.3 MB
[runlim] sample:		149.5 time, 150.7 real, 128.4 MB
[runlim] sample:		159.5 time, 160.7 real, 131.5 MB
[runlim] sample:		169.5 time, 170.7 real, 134.6 MB
[runlim] sample:		179.5 time, 180.7 real, 137.4 MB
[runlim] sample:		189.5 time, 190.7 real, 140.5 MB
[runlim] sample:		199.5 time, 200.7 real, 143.1 MB
[runlim] sample:		209.5 time, 210.7 real, 145.4 MB
[runlim] sample:		219.4 time, 220.7 real, 148.0 MB
[runlim] sample:		229.4 time, 230.7 real, 150.3 MB
[runlim] sample:		239.4 time, 240.7 real, 152.6 MB
[runlim] sample:		249.4 time, 250.7 real, 154.9 MB
[runlim] sample:		259.4 time, 260.7 real, 156.7 MB
[runlim] sample:		269.2 time, 270.7 real, 158.5 MB
[runlim] sample:		278.8 time, 280.7 real, 160.6 MB
[runlim] sample:		288.0 time, 290.7 real, 162.4 MB
[runlim] sample:		296.7 time, 300.7 real, 163.9 MB
CVC4 interrupted by SIGTERM.
[runlim] end:			Tue Feb  5 10:44:02 2019
[runlim] status:		out of time
[runlim] result:		2
[runlim] children:		0
[runlim] real:			304.78 seconds
[runlim] time:			300.02 seconds
[runlim] space:			164.7 MB
[runlim] samples:		3040
