[runlim] version:		1.10fixed
[runlim] time limit:		300 seconds
[runlim] real time limit:	311040000 seconds
[runlim] space limit:		4000 MB
[runlim] argv[0]:		./cvc4
[runlim] argv[1]:		--cbqi-all
[runlim] argv[2]:		/tmp/Pn0rB8zj.smt2
[runlim] start:			Tue Feb  5 13:33:05 2019
[runlim] main pid:		669
/tmp/Pn0rB8zj.smt2:4.12: No set-logic command was given before this point.
/tmp/Pn0rB8zj.smt2:4.12: CVC4 will make all theories available.
/tmp/Pn0rB8zj.smt2:4.12: Consider setting a stricter logic for (likely) better performance.
/tmp/Pn0rB8zj.smt2:4.12: To suppress this warning in the future use (set-logic ALL).
[runlim] sample:		9.2 time, 10.4 real, 77.1 MB
[runlim] sample:		18.0 time, 20.4 real, 93.7 MB
[runlim] sample:		28.0 time, 30.4 real, 106.6 MB
[runlim] sample:		37.1 time, 40.4 real, 116.1 MB
[runlim] sample:		47.1 time, 50.4 real, 127.7 MB
[runlim] sample:		56.6 time, 60.4 real, 135.2 MB
[runlim] sample:		65.1 time, 70.4 real, 141.9 MB
[runlim] sample:		74.0 time, 80.4 real, 147.3 MB
[runlim] sample:		84.0 time, 90.4 real, 152.2 MB
[runlim] sample:		93.4 time, 100.4 real, 157.3 MB
[runlim] sample:		103.4 time, 110.4 real, 161.2 MB
[runlim] sample:		113.4 time, 120.4 real, 166.6 MB
[runlim] sample:		123.4 time, 130.4 real, 170.5 MB
[runlim] sample:		133.4 time, 140.4 real, 174.3 MB
[runlim] sample:		143.4 time, 150.4 real, 177.7 MB
[runlim] sample:		153.0 time, 160.4 real, 181.8 MB
[runlim] sample:		162.4 time, 170.4 real, 184.4 MB
[runlim] sample:		171.7 time, 180.4 real, 187.2 MB
[runlim] sample:		181.4 time, 190.4 real, 191.0 MB
[runlim] sample:		191.4 time, 200.4 real, 194.1 MB
[runlim] sample:		201.4 time, 210.4 real, 197.0 MB
[runlim] sample:		211.4 time, 220.4 real, 199.5 MB
[runlim] sample:		221.4 time, 230.4 real, 202.1 MB
[runlim] sample:		231.4 time, 240.4 real, 204.9 MB
[runlim] sample:		241.4 time, 250.4 real, 207.5 MB
[runlim] sample:		251.4 time, 260.4 real, 210.9 MB
[runlim] sample:		259.5 time, 270.4 real, 213.8 MB
[runlim] sample:		267.4 time, 280.4 real, 215.6 MB
[runlim] sample:		277.1 time, 290.4 real, 218.4 MB
[runlim] sample:		286.7 time, 300.4 real, 221.2 MB
[runlim] sample:		296.7 time, 310.4 real, 222.5 MB
[runlim] end:			Tue Feb  5 13:38:18 2019
[runlim] status:		signal(9)
[runlim] result:		11
[runlim] children:		0
[runlim] real:			313.76 seconds
[runlim] time:			299.98 seconds
[runlim] space:			224.3 MB
[runlim] samples:		3133
