[runlim] version:		1.10fixed
[runlim] time limit:		300 seconds
[runlim] real time limit:	311040000 seconds
[runlim] space limit:		4000 MB
[runlim] argv[0]:		./cvc4
[runlim] argv[1]:		--cbqi-all
[runlim] argv[2]:		/tmp/yrrpLg21.smt2
[runlim] start:			Tue Feb  5 10:35:12 2019
[runlim] main pid:		10073
[runlim] sample:		9.8 time, 10.3 real, 54.3 MB
[runlim] sample:		19.8 time, 20.3 real, 69.2 MB
[runlim] sample:		29.8 time, 30.3 real, 78.8 MB
[runlim] sample:		39.7 time, 40.3 real, 88.1 MB
[runlim] sample:		49.7 time, 50.3 real, 98.1 MB
[runlim] sample:		59.7 time, 60.3 real, 104.5 MB
[runlim] sample:		69.3 time, 70.3 real, 110.9 MB
[runlim] sample:		79.3 time, 80.3 real, 116.6 MB
[runlim] sample:		89.3 time, 90.3 real, 121.5 MB
[runlim] sample:		99.3 time, 100.3 real, 125.6 MB
[runlim] sample:		109.3 time, 110.3 real, 130.0 MB
[runlim] sample:		119.3 time, 120.3 real, 133.6 MB
[runlim] sample:		128.9 time, 130.3 real, 138.9 MB
[runlim] sample:		138.0 time, 140.3 real, 142.3 MB
[runlim] sample:		146.8 time, 150.3 real, 145.1 MB
[runlim] sample:		155.3 time, 160.3 real, 152.0 MB
[runlim] sample:		165.3 time, 170.3 real, 155.8 MB
[runlim] sample:		175.3 time, 180.3 real, 158.9 MB
[runlim] sample:		185.3 time, 190.3 real, 162.5 MB
[runlim] sample:		194.3 time, 200.3 real, 165.1 MB
[runlim] sample:		201.9 time, 210.3 real, 167.9 MB
[runlim] sample:		211.0 time, 220.3 real, 170.2 MB
[runlim] sample:		221.0 time, 230.3 real, 173.1 MB
[runlim] sample:		231.0 time, 240.3 real, 175.4 MB
[runlim] sample:		241.0 time, 250.3 real, 178.0 MB
[runlim] sample:		250.1 time, 260.3 real, 180.3 MB
[runlim] sample:		260.1 time, 270.3 real, 184.9 MB
[runlim] sample:		270.1 time, 280.3 real, 186.5 MB
[runlim] sample:		280.1 time, 290.3 real, 188.5 MB
[runlim] sample:		288.7 time, 300.3 real, 191.1 MB
[runlim] end:			Tue Feb  5 10:40:20 2019
[runlim] status:		signal(9)
[runlim] result:		11
[runlim] children:		0
[runlim] real:			308.45 seconds
[runlim] time:			296.84 seconds
[runlim] space:			192.4 MB
[runlim] samples:		3081
