[runlim] version:		1.10fixed
[runlim] time limit:		300 seconds
[runlim] real time limit:	311040000 seconds
[runlim] space limit:		4000 MB
[runlim] argv[0]:		./cvc4
[runlim] argv[1]:		--cbqi-all
[runlim] argv[2]:		/tmp/FFvJ5xSe.smt2
[runlim] start:			Tue Feb  5 10:39:55 2019
[runlim] main pid:		22614
[runlim] sample:		8.8 time, 10.9 real, 47.7 MB
[runlim] sample:		18.3 time, 20.9 real, 67.9 MB
[runlim] sample:		28.3 time, 30.9 real, 87.3 MB
[runlim] sample:		38.1 time, 40.9 real, 102.8 MB
[runlim] sample:		47.8 time, 50.9 real, 117.4 MB
[runlim] sample:		57.3 time, 60.9 real, 130.3 MB
[runlim] sample:		67.2 time, 70.9 real, 145.4 MB
[runlim] sample:		76.5 time, 80.9 real, 160.0 MB
[runlim] sample:		85.9 time, 90.9 real, 170.7 MB
[runlim] sample:		95.3 time, 100.9 real, 183.6 MB
[runlim] sample:		104.2 time, 110.9 real, 193.6 MB
[runlim] sample:		113.1 time, 120.9 real, 203.7 MB
[runlim] sample:		122.8 time, 130.9 real, 215.3 MB
[runlim] sample:		132.6 time, 140.9 real, 227.4 MB
[runlim] sample:		142.3 time, 150.9 real, 239.3 MB
[runlim] sample:		151.4 time, 160.9 real, 255.7 MB
[runlim] sample:		160.8 time, 170.9 real, 258.8 MB
[runlim] sample:		170.7 time, 180.9 real, 269.1 MB
[runlim] sample:		180.7 time, 190.9 real, 280.2 MB
[runlim] sample:		190.7 time, 200.9 real, 291.3 MB
[runlim] sample:		200.7 time, 210.9 real, 299.0 MB
[runlim] sample:		210.7 time, 220.9 real, 314.2 MB
[runlim] sample:		220.7 time, 230.9 real, 325.2 MB
[runlim] sample:		230.7 time, 240.9 real, 336.3 MB
[runlim] sample:		240.7 time, 250.9 real, 347.6 MB
[runlim] sample:		250.7 time, 260.9 real, 356.4 MB
[runlim] sample:		260.7 time, 270.9 real, 367.8 MB
[runlim] sample:		270.7 time, 280.9 real, 377.8 MB
[runlim] sample:		280.7 time, 290.9 real, 405.6 MB
[runlim] sample:		290.7 time, 300.9 real, 407.1 MB
CVC4 interrupted by SIGTERM.
[runlim] end:			Tue Feb  5 10:45:05 2019
[runlim] status:		out of time
[runlim] result:		2
[runlim] children:		0
[runlim] real:			310.84 seconds
[runlim] time:			300.04 seconds
[runlim] space:			432.7 MB
[runlim] samples:		3099
