[runlim] version:		1.10fixed
[runlim] time limit:		300 seconds
[runlim] real time limit:	311040000 seconds
[runlim] space limit:		4000 MB
[runlim] argv[0]:		./cvc4
[runlim] argv[1]:		--cbqi-all
[runlim] argv[2]:		/tmp/YiZA1bTr.smt2
[runlim] start:			Tue Feb  5 13:32:47 2019
[runlim] main pid:		23192
/tmp/YiZA1bTr.smt2:4.12: No set-logic command was given before this point.
/tmp/YiZA1bTr.smt2:4.12: CVC4 will make all theories available.
/tmp/YiZA1bTr.smt2:4.12: Consider setting a stricter logic for (likely) better performance.
/tmp/YiZA1bTr.smt2:4.12: To suppress this warning in the future use (set-logic ALL).
[runlim] sample:		9.9 time, 10.5 real, 106.6 MB
[runlim] sample:		19.9 time, 20.5 real, 143.5 MB
[runlim] sample:		29.9 time, 30.5 real, 165.9 MB
[runlim] sample:		39.9 time, 40.5 real, 182.4 MB
[runlim] sample:		49.9 time, 50.5 real, 196.5 MB
[runlim] sample:		59.8 time, 60.5 real, 210.1 MB
[runlim] sample:		69.8 time, 70.5 real, 223.4 MB
[runlim] sample:		79.8 time, 80.5 real, 237.4 MB
[runlim] sample:		89.8 time, 90.5 real, 249.5 MB
[runlim] sample:		99.8 time, 100.5 real, 259.8 MB
[runlim] sample:		109.8 time, 110.5 real, 269.3 MB
[runlim] sample:		119.8 time, 120.5 real, 277.5 MB
[runlim] sample:		129.8 time, 130.5 real, 285.2 MB
[runlim] sample:		139.8 time, 140.5 real, 290.7 MB
[runlim] sample:		149.8 time, 150.5 real, 298.9 MB
[runlim] sample:		159.6 time, 160.5 real, 305.1 MB
[runlim] sample:		169.6 time, 170.5 real, 312.5 MB
[runlim] sample:		179.6 time, 180.5 real, 318.2 MB
[runlim] sample:		189.6 time, 190.5 real, 322.8 MB
[runlim] sample:		199.0 time, 200.5 real, 327.5 MB
[runlim] sample:		208.6 time, 210.5 real, 332.7 MB
[runlim] sample:		218.6 time, 220.5 real, 338.3 MB
[runlim] sample:		228.4 time, 230.5 real, 341.2 MB
[runlim] sample:		238.4 time, 240.5 real, 347.1 MB
[runlim] sample:		248.4 time, 250.5 real, 349.9 MB
[runlim] sample:		258.4 time, 260.5 real, 355.8 MB
[runlim] sample:		268.2 time, 270.5 real, 358.9 MB
[runlim] sample:		277.5 time, 280.5 real, 364.6 MB
[runlim] sample:		287.2 time, 290.5 real, 367.4 MB
[runlim] sample:		297.2 time, 300.5 real, 370.5 MB
CVC4 interrupted by SIGTERM.
[runlim] end:			Tue Feb  5 13:37:50 2019
[runlim] status:		out of time
[runlim] result:		2
[runlim] children:		0
[runlim] real:			303.33 seconds
[runlim] time:			300.04 seconds
[runlim] space:			373.1 MB
[runlim] samples:		3028
