[runlim] version:		1.10fixed
[runlim] time limit:		300 seconds
[runlim] real time limit:	311040000 seconds
[runlim] space limit:		4000 MB
[runlim] argv[0]:		./cvc4
[runlim] argv[1]:		--cbqi-all
[runlim] argv[2]:		/tmp/ZDo1Qg58.smt2
[runlim] start:			Tue Jan 29 17:08:01 2019
[runlim] main pid:		31695
[runlim] sample:		8.9 time, 11.0 real, 41.7 MB
[runlim] sample:		17.1 time, 21.0 real, 53.3 MB
[runlim] sample:		26.0 time, 31.0 real, 61.3 MB
[runlim] sample:		36.0 time, 41.0 real, 72.0 MB
[runlim] sample:		46.0 time, 51.0 real, 78.4 MB
[runlim] sample:		55.9 time, 61.0 real, 84.3 MB
[runlim] sample:		65.0 time, 71.0 real, 89.8 MB
[runlim] sample:		74.3 time, 81.0 real, 93.9 MB
[runlim] sample:		83.4 time, 91.0 real, 98.0 MB
[runlim] sample:		92.8 time, 101.0 real, 103.9 MB
[runlim] sample:		102.1 time, 111.0 real, 112.0 MB
[runlim] sample:		112.1 time, 121.0 real, 116.1 MB
[runlim] sample:		122.1 time, 131.0 real, 119.7 MB
[runlim] sample:		132.1 time, 141.0 real, 122.8 MB
[runlim] sample:		142.1 time, 151.0 real, 125.9 MB
[runlim] sample:		152.1 time, 161.0 real, 129.2 MB
[runlim] sample:		159.5 time, 171.0 real, 131.3 MB
[runlim] sample:		167.0 time, 181.0 real, 133.6 MB
[runlim] sample:		176.9 time, 191.0 real, 136.5 MB
[runlim] sample:		186.9 time, 201.0 real, 139.3 MB
[runlim] sample:		195.6 time, 211.0 real, 141.6 MB
[runlim] sample:		205.6 time, 221.0 real, 143.9 MB
[runlim] sample:		215.1 time, 231.0 real, 146.0 MB
[runlim] sample:		224.2 time, 241.0 real, 148.3 MB
[runlim] sample:		233.1 time, 251.0 real, 150.4 MB
[runlim] sample:		242.3 time, 261.0 real, 152.5 MB
[runlim] sample:		250.8 time, 271.0 real, 154.3 MB
[runlim] sample:		260.4 time, 281.0 real, 156.3 MB
[runlim] sample:		270.2 time, 291.0 real, 158.4 MB
[runlim] sample:		279.9 time, 301.0 real, 160.4 MB
[runlim] sample:		288.0 time, 311.0 real, 162.0 MB
[runlim] end:			Tue Jan 29 17:13:15 2019
[runlim] status:		signal(9)
[runlim] result:		11
[runlim] children:		0
[runlim] real:			314.58 seconds
[runlim] time:			290.84 seconds
[runlim] space:			162.2 MB
[runlim] samples:		3136
