[runlim] version:		1.10fixed
[runlim] time limit:		300 seconds
[runlim] real time limit:	311040000 seconds
[runlim] space limit:		4000 MB
[runlim] argv[0]:		./cvc4
[runlim] argv[1]:		--cbqi-all
[runlim] argv[2]:		/tmp/PJCCcx6I.smt2
[runlim] start:			Tue Jan 29 17:06:39 2019
[runlim] main pid:		17613
[runlim] sample:		9.0 time, 10.4 real, 53.1 MB
[runlim] sample:		18.8 time, 20.4 real, 67.9 MB
[runlim] sample:		27.5 time, 30.4 real, 76.2 MB
[runlim] sample:		37.5 time, 40.4 real, 85.2 MB
[runlim] sample:		45.8 time, 50.4 real, 90.6 MB
[runlim] sample:		54.5 time, 60.4 real, 96.5 MB
[runlim] sample:		64.1 time, 70.4 real, 102.4 MB
[runlim] sample:		73.8 time, 80.4 real, 110.3 MB
[runlim] sample:		83.7 time, 90.4 real, 114.7 MB
[runlim] sample:		92.2 time, 100.4 real, 118.3 MB
[runlim] sample:		102.2 time, 110.4 real, 121.6 MB
[runlim] sample:		112.2 time, 120.4 real, 125.0 MB
[runlim] sample:		122.1 time, 130.4 real, 128.3 MB
[runlim] sample:		130.8 time, 140.4 real, 131.2 MB
[runlim] sample:		140.6 time, 150.4 real, 134.8 MB
[runlim] sample:		150.6 time, 160.4 real, 138.6 MB
[runlim] sample:		159.6 time, 170.4 real, 141.0 MB
[runlim] sample:		167.9 time, 180.4 real, 143.0 MB
[runlim] sample:		177.4 time, 190.4 real, 146.1 MB
[runlim] sample:		187.1 time, 200.4 real, 148.7 MB
[runlim] sample:		197.0 time, 210.4 real, 151.0 MB
[runlim] sample:		207.0 time, 220.4 real, 153.6 MB
[runlim] sample:		217.0 time, 230.4 real, 158.5 MB
[runlim] sample:		227.0 time, 240.4 real, 159.8 MB
[runlim] sample:		237.0 time, 250.4 real, 161.8 MB
[runlim] sample:		247.0 time, 260.4 real, 164.2 MB
[runlim] sample:		257.0 time, 270.4 real, 168.1 MB
[runlim] sample:		267.0 time, 280.4 real, 170.2 MB
[runlim] sample:		277.0 time, 290.4 real, 172.0 MB
[runlim] sample:		287.0 time, 300.4 real, 173.8 MB
[runlim] sample:		297.0 time, 310.4 real, 175.6 MB
CVC4 interrupted by SIGTERM.
[runlim] end:			Tue Jan 29 17:11:52 2019
[runlim] status:		out of time
[runlim] result:		2
[runlim] children:		0
[runlim] real:			313.52 seconds
[runlim] time:			300.06 seconds
[runlim] space:			176.3 MB
[runlim] samples:		3131
