[runlim] version:		1.10fixed
[runlim] time limit:		300 seconds
[runlim] real time limit:	311040000 seconds
[runlim] space limit:		4000 MB
[runlim] argv[0]:		./cvc4
[runlim] argv[1]:		--cbqi-all
[runlim] argv[2]:		/tmp/yNQdfIQR.smt2
[runlim] start:			Tue Jan 29 17:08:05 2019
[runlim] main pid:		1930
[runlim] sample:		9.8 time, 10.1 real, 45.4 MB
[runlim] sample:		19.6 time, 20.1 real, 56.7 MB
[runlim] sample:		28.4 time, 30.1 real, 67.7 MB
[runlim] sample:		37.5 time, 40.1 real, 74.6 MB
[runlim] sample:		46.6 time, 50.1 real, 80.6 MB
[runlim] sample:		55.9 time, 60.1 real, 86.2 MB
[runlim] sample:		65.9 time, 70.1 real, 91.7 MB
[runlim] sample:		75.9 time, 80.1 real, 96.8 MB
[runlim] sample:		85.9 time, 90.1 real, 103.4 MB
[runlim] sample:		95.9 time, 100.1 real, 111.7 MB
[runlim] sample:		105.4 time, 110.1 real, 115.6 MB
[runlim] sample:		115.4 time, 120.1 real, 119.4 MB
[runlim] sample:		125.4 time, 130.1 real, 123.1 MB
[runlim] sample:		135.4 time, 140.1 real, 126.2 MB
[runlim] sample:		145.4 time, 150.1 real, 129.0 MB
[runlim] sample:		155.4 time, 160.1 real, 132.1 MB
[runlim] sample:		165.4 time, 170.1 real, 135.2 MB
[runlim] sample:		175.4 time, 180.1 real, 138.5 MB
[runlim] sample:		185.4 time, 190.1 real, 141.4 MB
[runlim] sample:		195.4 time, 200.1 real, 143.9 MB
[runlim] sample:		205.4 time, 210.1 real, 146.3 MB
[runlim] sample:		215.4 time, 220.1 real, 148.8 MB
[runlim] sample:		225.4 time, 230.1 real, 151.2 MB
[runlim] sample:		235.4 time, 240.1 real, 153.5 MB
[runlim] sample:		245.4 time, 250.1 real, 155.8 MB
[runlim] sample:		255.4 time, 260.1 real, 157.6 MB
[runlim] sample:		264.8 time, 270.1 real, 159.9 MB
[runlim] sample:		274.8 time, 280.1 real, 162.0 MB
[runlim] sample:		284.8 time, 290.1 real, 163.8 MB
[runlim] sample:		294.8 time, 300.1 real, 165.6 MB
CVC4 interrupted by SIGTERM.
[runlim] end:			Tue Jan 29 17:13:11 2019
[runlim] status:		out of time
[runlim] result:		2
[runlim] children:		0
[runlim] real:			306.63 seconds
[runlim] time:			300.06 seconds
[runlim] space:			166.6 MB
[runlim] samples:		3065
