[runlim] version:		1.10fixed
[runlim] time limit:		300 seconds
[runlim] real time limit:	311040000 seconds
[runlim] space limit:		4000 MB
[runlim] argv[0]:		./cvc4
[runlim] argv[1]:		--cbqi-all
[runlim] argv[2]:		/tmp/gKlUvOyU.smt2
[runlim] start:			Tue Feb  5 13:32:37 2019
[runlim] main pid:		6251
[runlim] sample:		7.9 time, 10.3 real, 45.5 MB
[runlim] sample:		16.4 time, 20.3 real, 63.7 MB
[runlim] sample:		26.1 time, 30.3 real, 82.4 MB
[runlim] sample:		36.1 time, 40.3 real, 98.6 MB
[runlim] sample:		46.1 time, 50.3 real, 114.0 MB
[runlim] sample:		55.1 time, 60.3 real, 125.6 MB
[runlim] sample:		65.1 time, 70.3 real, 139.8 MB
[runlim] sample:		75.1 time, 80.3 real, 156.0 MB
[runlim] sample:		85.1 time, 90.3 real, 168.2 MB
[runlim] sample:		95.1 time, 100.3 real, 179.8 MB
[runlim] sample:		105.1 time, 110.3 real, 192.5 MB
[runlim] sample:		115.1 time, 120.3 real, 203.3 MB
[runlim] sample:		124.8 time, 130.3 real, 214.6 MB
[runlim] sample:		132.8 time, 140.3 real, 226.0 MB
[runlim] sample:		142.7 time, 150.3 real, 236.3 MB
[runlim] sample:		152.5 time, 160.3 real, 250.9 MB
[runlim] sample:		160.9 time, 170.3 real, 255.8 MB
[runlim] sample:		170.7 time, 180.3 real, 265.3 MB
[runlim] sample:		180.7 time, 190.3 real, 275.3 MB
[runlim] sample:		190.7 time, 200.3 real, 287.7 MB
[runlim] sample:		200.7 time, 210.3 real, 298.3 MB
[runlim] sample:		210.7 time, 220.3 real, 306.3 MB
[runlim] sample:		220.7 time, 230.3 real, 317.6 MB
[runlim] sample:		230.7 time, 240.3 real, 328.7 MB
[runlim] sample:		240.6 time, 250.3 real, 340.4 MB
[runlim] sample:		250.6 time, 260.3 real, 350.7 MB
[runlim] sample:		260.6 time, 270.3 real, 360.8 MB
[runlim] sample:		270.6 time, 280.3 real, 369.3 MB
[runlim] sample:		280.6 time, 290.3 real, 398.1 MB
[runlim] sample:		290.6 time, 300.3 real, 399.4 MB
[runlim] end:			Tue Feb  5 13:37:45 2019
[runlim] status:		signal(9)
[runlim] result:		11
[runlim] children:		0
[runlim] real:			308.38 seconds
[runlim] time:			298.64 seconds
[runlim] space:			425.2 MB
[runlim] samples:		3080
