[runlim] version:		1.10fixed
[runlim] time limit:		300 seconds
[runlim] real time limit:	311040000 seconds
[runlim] space limit:		4000 MB
[runlim] argv[0]:		./cvc4
[runlim] argv[1]:		--cbqi-all
[runlim] argv[2]:		/tmp/qS97L1Op.smt2
[runlim] start:			Tue Feb  5 13:32:32 2019
[runlim] main pid:		4315
[runlim] sample:		8.3 time, 10.8 real, 40.2 MB
[runlim] sample:		17.7 time, 20.8 real, 55.6 MB
[runlim] sample:		27.3 time, 30.8 real, 70.3 MB
[runlim] sample:		37.0 time, 40.8 real, 85.9 MB
[runlim] sample:		46.8 time, 50.8 real, 97.9 MB
[runlim] sample:		56.8 time, 60.8 real, 109.4 MB
[runlim] sample:		66.8 time, 70.8 real, 120.4 MB
[runlim] sample:		76.8 time, 80.8 real, 131.3 MB
[runlim] sample:		86.8 time, 90.8 real, 140.0 MB
[runlim] sample:		96.8 time, 100.8 real, 151.6 MB
[runlim] sample:		106.8 time, 110.8 real, 165.1 MB
[runlim] sample:		116.8 time, 120.8 real, 176.2 MB
[runlim] sample:		126.8 time, 130.8 real, 184.8 MB
[runlim] sample:		136.8 time, 140.8 real, 193.6 MB
[runlim] sample:		146.8 time, 150.8 real, 202.3 MB
[runlim] sample:		156.8 time, 160.8 real, 212.4 MB
[runlim] sample:		166.8 time, 170.8 real, 216.2 MB
[runlim] sample:		176.8 time, 180.8 real, 221.9 MB
[runlim] sample:		186.8 time, 190.8 real, 225.0 MB
[runlim] sample:		196.8 time, 200.8 real, 228.6 MB
[runlim] sample:		206.7 time, 210.8 real, 248.2 MB
[runlim] sample:		216.7 time, 220.8 real, 248.5 MB
[runlim] sample:		226.7 time, 230.8 real, 251.1 MB
[runlim] sample:		236.7 time, 240.8 real, 257.3 MB
[runlim] sample:		246.7 time, 250.8 real, 264.2 MB
[runlim] sample:		256.7 time, 260.8 real, 269.1 MB
[runlim] sample:		266.7 time, 270.8 real, 274.8 MB
[runlim] sample:		276.7 time, 280.8 real, 280.2 MB
[runlim] sample:		286.7 time, 290.8 real, 291.3 MB
[runlim] sample:		296.7 time, 300.8 real, 295.7 MB
CVC4 interrupted by SIGTERM.
[runlim] end:			Tue Feb  5 13:37:36 2019
[runlim] status:		out of time
[runlim] result:		2
[runlim] children:		0
[runlim] real:			304.24 seconds
[runlim] time:			300.10 seconds
[runlim] space:			296.7 MB
[runlim] samples:		3034
