[runlim] version:		1.10fixed
[runlim] time limit:		300 seconds
[runlim] real time limit:	311040000 seconds
[runlim] space limit:		4000 MB
[runlim] argv[0]:		./cvc4
[runlim] argv[1]:		--cbqi-all
[runlim] argv[2]:		/tmp/MHlxn2Ap.smt2
[runlim] start:			Tue Feb  5 10:39:01 2019
[runlim] main pid:		14707
[runlim] sample:		8.9 time, 10.9 real, 41.3 MB
[runlim] sample:		17.4 time, 20.9 real, 52.5 MB
[runlim] sample:		27.0 time, 30.9 real, 61.0 MB
[runlim] sample:		36.7 time, 40.9 real, 71.0 MB
[runlim] sample:		46.4 time, 50.9 real, 77.1 MB
[runlim] sample:		56.4 time, 60.9 real, 82.8 MB
[runlim] sample:		66.4 time, 70.9 real, 88.7 MB
[runlim] sample:		76.4 time, 80.9 real, 93.4 MB
[runlim] sample:		86.4 time, 90.9 real, 97.8 MB
[runlim] sample:		96.4 time, 100.9 real, 104.5 MB
[runlim] sample:		106.4 time, 110.9 real, 112.5 MB
[runlim] sample:		116.4 time, 120.9 real, 116.4 MB
[runlim] sample:		126.3 time, 130.9 real, 119.8 MB
[runlim] sample:		136.3 time, 140.9 real, 123.1 MB
[runlim] sample:		146.3 time, 150.9 real, 126.5 MB
[runlim] sample:		156.3 time, 160.9 real, 129.6 MB
[runlim] sample:		166.3 time, 170.9 real, 132.1 MB
[runlim] sample:		176.3 time, 180.9 real, 135.0 MB
[runlim] sample:		186.3 time, 190.9 real, 137.5 MB
[runlim] sample:		196.3 time, 200.9 real, 140.1 MB
[runlim] sample:		206.3 time, 210.9 real, 142.7 MB
[runlim] sample:		216.3 time, 220.9 real, 145.0 MB
[runlim] sample:		226.3 time, 230.9 real, 147.3 MB
[runlim] sample:		236.3 time, 240.9 real, 149.9 MB
[runlim] sample:		246.3 time, 250.9 real, 152.0 MB
[runlim] sample:		256.3 time, 260.9 real, 154.3 MB
[runlim] sample:		266.3 time, 270.9 real, 156.6 MB
[runlim] sample:		276.3 time, 280.9 real, 158.4 MB
[runlim] sample:		286.3 time, 290.9 real, 160.5 MB
[runlim] sample:		296.3 time, 300.9 real, 162.0 MB
CVC4 interrupted by SIGTERM.
[runlim] end:			Tue Feb  5 10:44:05 2019
[runlim] status:		out of time
[runlim] result:		2
[runlim] children:		0
[runlim] real:			304.72 seconds
[runlim] time:			300.07 seconds
[runlim] space:			163.1 MB
[runlim] samples:		3038
