[runlim] version:		1.10fixed
[runlim] time limit:		300 seconds
[runlim] real time limit:	311040000 seconds
[runlim] space limit:		4000 MB
[runlim] argv[0]:		./cvc4
[runlim] argv[1]:		--cbqi-all
[runlim] argv[2]:		/tmp/bHv8PHbD.smt2
[runlim] start:			Tue Jan 29 17:08:44 2019
[runlim] main pid:		19031
[runlim] sample:		9.6 time, 10.0 real, 41.6 MB
[runlim] sample:		19.6 time, 20.0 real, 54.3 MB
[runlim] sample:		29.6 time, 30.0 real, 62.3 MB
[runlim] sample:		39.6 time, 40.0 real, 72.6 MB
[runlim] sample:		48.8 time, 50.0 real, 78.3 MB
[runlim] sample:		58.0 time, 60.0 real, 83.7 MB
[runlim] sample:		68.0 time, 70.0 real, 89.1 MB
[runlim] sample:		77.8 time, 80.0 real, 93.7 MB
[runlim] sample:		86.3 time, 90.0 real, 97.3 MB
[runlim] sample:		95.0 time, 100.0 real, 101.2 MB
[runlim] sample:		103.0 time, 110.0 real, 110.4 MB
[runlim] sample:		112.3 time, 120.0 real, 114.0 MB
[runlim] sample:		122.3 time, 130.0 real, 118.1 MB
[runlim] sample:		132.3 time, 140.0 real, 121.4 MB
[runlim] sample:		142.3 time, 150.0 real, 124.8 MB
[runlim] sample:		152.3 time, 160.0 real, 127.6 MB
[runlim] sample:		162.3 time, 170.0 real, 130.5 MB
[runlim] sample:		172.3 time, 180.0 real, 133.6 MB
[runlim] sample:		182.3 time, 190.0 real, 136.1 MB
[runlim] sample:		192.3 time, 200.0 real, 138.5 MB
[runlim] sample:		202.3 time, 210.0 real, 141.3 MB
[runlim] sample:		212.2 time, 220.0 real, 143.9 MB
[runlim] sample:		222.2 time, 230.0 real, 146.2 MB
[runlim] sample:		230.9 time, 240.0 real, 148.0 MB
[runlim] sample:		238.6 time, 250.0 real, 150.1 MB
[runlim] sample:		247.7 time, 260.0 real, 152.1 MB
[runlim] sample:		257.7 time, 270.0 real, 154.2 MB
[runlim] sample:		267.6 time, 280.0 real, 156.2 MB
[runlim] sample:		277.6 time, 290.0 real, 158.3 MB
[runlim] sample:		287.6 time, 300.0 real, 160.4 MB
[runlim] end:			Tue Jan 29 17:13:52 2019
[runlim] status:		signal(9)
[runlim] result:		11
[runlim] children:		0
[runlim] real:			308.50 seconds
[runlim] time:			296.04 seconds
[runlim] space:			161.9 MB
[runlim] samples:		3084
