[runlim] version:		1.10fixed
[runlim] time limit:		300 seconds
[runlim] real time limit:	311040000 seconds
[runlim] space limit:		4000 MB
[runlim] argv[0]:		./cvc4
[runlim] argv[1]:		--cbqi-all
[runlim] argv[2]:		/tmp/xppDNhg2.smt2
[runlim] start:			Tue Feb  5 10:37:43 2019
[runlim] main pid:		24801
[runlim] sample:		8.4 time, 10.6 real, 51.3 MB
[runlim] sample:		17.4 time, 20.6 real, 65.2 MB
[runlim] sample:		26.4 time, 30.6 real, 73.5 MB
[runlim] sample:		35.0 time, 40.6 real, 81.2 MB
[runlim] sample:		44.6 time, 50.6 real, 88.1 MB
[runlim] sample:		53.6 time, 60.6 real, 93.0 MB
[runlim] sample:		63.2 time, 70.6 real, 99.3 MB
[runlim] sample:		73.2 time, 80.6 real, 107.2 MB
[runlim] sample:		83.2 time, 90.6 real, 112.1 MB
[runlim] sample:		92.8 time, 100.6 real, 116.0 MB
[runlim] sample:		102.5 time, 110.6 real, 119.6 MB
[runlim] sample:		112.2 time, 120.6 real, 122.7 MB
[runlim] sample:		121.8 time, 130.6 real, 125.5 MB
[runlim] sample:		131.3 time, 140.6 real, 128.6 MB
[runlim] sample:		140.7 time, 150.6 real, 131.7 MB
[runlim] sample:		150.6 time, 160.6 real, 135.1 MB
[runlim] sample:		160.6 time, 170.6 real, 138.7 MB
[runlim] sample:		170.6 time, 180.6 real, 142.0 MB
[runlim] sample:		180.6 time, 190.6 real, 144.3 MB
[runlim] sample:		190.6 time, 200.6 real, 146.7 MB
[runlim] sample:		200.6 time, 210.6 real, 149.2 MB
[runlim] sample:		210.5 time, 220.6 real, 151.8 MB
[runlim] sample:		220.2 time, 230.6 real, 156.2 MB
[runlim] sample:		228.5 time, 240.6 real, 157.7 MB
[runlim] sample:		237.5 time, 250.6 real, 159.3 MB
[runlim] sample:		246.7 time, 260.6 real, 161.6 MB
[runlim] sample:		256.0 time, 270.6 real, 163.4 MB
[runlim] sample:		265.3 time, 280.6 real, 165.2 MB
[runlim] sample:		274.7 time, 290.6 real, 169.0 MB
[runlim] sample:		284.1 time, 300.6 real, 170.5 MB
[runlim] sample:		293.5 time, 310.6 real, 172.3 MB
[runlim] end:			Tue Feb  5 10:42:57 2019
[runlim] status:		signal(9)
[runlim] result:		11
[runlim] children:		0
[runlim] real:			314.95 seconds
[runlim] time:			297.50 seconds
[runlim] space:			173.1 MB
[runlim] samples:		3143
