[runlim] version:		1.10fixed
[runlim] time limit:		300 seconds
[runlim] real time limit:	311040000 seconds
[runlim] space limit:		4000 MB
[runlim] argv[0]:		./cvc4
[runlim] argv[1]:		--cbqi-all
[runlim] argv[2]:		/tmp/e0xdVSGY.smt2
[runlim] start:			Tue Jan 29 17:07:26 2019
[runlim] main pid:		30637
[runlim] sample:		8.1 time, 10.3 real, 50.8 MB
[runlim] sample:		16.0 time, 20.3 real, 62.1 MB
[runlim] sample:		23.7 time, 30.3 real, 70.8 MB
[runlim] sample:		32.0 time, 40.3 real, 76.9 MB
[runlim] sample:		41.8 time, 50.3 real, 84.4 MB
[runlim] sample:		51.8 time, 60.3 real, 90.9 MB
[runlim] sample:		61.8 time, 70.3 real, 96.3 MB
[runlim] sample:		71.8 time, 80.3 real, 102.4 MB
[runlim] sample:		81.8 time, 90.3 real, 107.8 MB
[runlim] sample:		91.8 time, 100.3 real, 114.0 MB
[runlim] sample:		101.7 time, 110.3 real, 117.6 MB
[runlim] sample:		111.7 time, 120.3 real, 121.2 MB
[runlim] sample:		120.6 time, 130.3 real, 123.8 MB
[runlim] sample:		129.4 time, 140.3 real, 126.6 MB
[runlim] sample:		138.4 time, 150.3 real, 129.2 MB
[runlim] sample:		147.8 time, 160.3 real, 132.0 MB
[runlim] sample:		156.7 time, 170.3 real, 134.6 MB
[runlim] sample:		165.7 time, 180.3 real, 136.9 MB
[runlim] sample:		174.7 time, 190.3 real, 139.8 MB
[runlim] sample:		183.7 time, 200.3 real, 141.8 MB
[runlim] sample:		193.0 time, 210.3 real, 144.6 MB
[runlim] sample:		202.4 time, 220.3 real, 146.7 MB
[runlim] sample:		211.7 time, 230.3 real, 149.8 MB
[runlim] sample:		221.1 time, 240.3 real, 151.6 MB
[runlim] sample:		230.4 time, 250.3 real, 153.9 MB
[runlim] sample:		239.7 time, 260.3 real, 155.7 MB
[runlim] sample:		248.6 time, 270.3 real, 157.5 MB
[runlim] sample:		257.9 time, 280.3 real, 159.3 MB
[runlim] sample:		267.6 time, 290.3 real, 164.2 MB
[runlim] sample:		277.6 time, 300.3 real, 165.3 MB
[runlim] sample:		287.6 time, 310.3 real, 166.6 MB
[runlim] end:			Tue Jan 29 17:12:44 2019
[runlim] status:		signal(9)
[runlim] result:		11
[runlim] children:		0
[runlim] real:			319.00 seconds
[runlim] time:			296.26 seconds
[runlim] space:			168.6 MB
[runlim] samples:		3187
