[runlim] version:		1.10fixed
[runlim] time limit:		300 seconds
[runlim] real time limit:	311040000 seconds
[runlim] space limit:		4000 MB
[runlim] argv[0]:		./cvc4
[runlim] argv[1]:		--cbqi-all
[runlim] argv[2]:		/tmp/FvC2n1xm.smt2
[runlim] start:			Tue Feb  5 13:32:21 2019
[runlim] main pid:		23875
[runlim] sample:		9.1 time, 10.4 real, 41.8 MB
[runlim] sample:		19.0 time, 20.4 real, 55.4 MB
[runlim] sample:		29.0 time, 30.4 real, 66.9 MB
[runlim] sample:		39.0 time, 40.4 real, 74.4 MB
[runlim] sample:		49.0 time, 50.4 real, 80.6 MB
[runlim] sample:		59.0 time, 60.4 real, 86.5 MB
[runlim] sample:		69.0 time, 70.4 real, 91.9 MB
[runlim] sample:		79.0 time, 80.4 real, 96.8 MB
[runlim] sample:		88.5 time, 90.4 real, 102.6 MB
[runlim] sample:		97.4 time, 100.4 real, 110.8 MB
[runlim] sample:		106.3 time, 110.4 real, 114.6 MB
[runlim] sample:		114.5 time, 120.4 real, 117.7 MB
[runlim] sample:		123.5 time, 130.4 real, 120.8 MB
[runlim] sample:		132.4 time, 140.4 real, 123.9 MB
[runlim] sample:		139.7 time, 150.4 real, 126.2 MB
[runlim] sample:		149.0 time, 160.4 real, 129.1 MB
[runlim] sample:		159.0 time, 170.4 real, 132.4 MB
[runlim] sample:		169.0 time, 180.4 real, 135.3 MB
[runlim] sample:		177.1 time, 190.4 real, 137.6 MB
[runlim] sample:		185.7 time, 200.4 real, 139.6 MB
[runlim] sample:		195.4 time, 210.4 real, 142.0 MB
[runlim] sample:		205.1 time, 220.4 real, 144.5 MB
[runlim] sample:		214.2 time, 230.4 real, 146.6 MB
[runlim] sample:		223.9 time, 240.4 real, 148.9 MB
[runlim] sample:		233.9 time, 250.4 real, 151.2 MB
[runlim] sample:		242.3 time, 260.4 real, 153.3 MB
[runlim] sample:		250.8 time, 270.4 real, 155.1 MB
[runlim] sample:		259.8 time, 280.4 real, 157.2 MB
[runlim] sample:		268.7 time, 290.4 real, 159.2 MB
[runlim] sample:		278.0 time, 300.4 real, 161.0 MB
[runlim] sample:		288.0 time, 310.4 real, 162.8 MB
[runlim] sample:		298.0 time, 320.4 real, 164.6 MB
CVC4 interrupted by SIGTERM.
[runlim] end:			Tue Feb  5 13:37:43 2019
[runlim] status:		out of time
[runlim] result:		2
[runlim] children:		0
[runlim] real:			322.44 seconds
[runlim] time:			300.01 seconds
[runlim] space:			165.2 MB
[runlim] samples:		3220
