[runlim] version:		1.10fixed
[runlim] time limit:		300 seconds
[runlim] real time limit:	311040000 seconds
[runlim] space limit:		4000 MB
[runlim] argv[0]:		./cvc4
[runlim] argv[1]:		--cbqi-all
[runlim] argv[2]:		/tmp/XeElZC9U.smt2
[runlim] start:			Tue Feb  5 10:39:25 2019
[runlim] main pid:		22569
[runlim] sample:		9.3 time, 11.0 real, 47.8 MB
[runlim] sample:		18.0 time, 21.0 real, 64.9 MB
[runlim] sample:		27.3 time, 31.0 real, 82.5 MB
[runlim] sample:		36.1 time, 41.0 real, 95.6 MB
[runlim] sample:		44.9 time, 51.0 real, 108.5 MB
[runlim] sample:		54.5 time, 61.0 real, 121.8 MB
[runlim] sample:		64.5 time, 71.0 real, 133.9 MB
[runlim] sample:		74.5 time, 81.0 real, 147.6 MB
[runlim] sample:		84.5 time, 91.0 real, 165.8 MB
[runlim] sample:		94.5 time, 101.0 real, 174.8 MB
[runlim] sample:		104.5 time, 111.0 real, 186.4 MB
[runlim] sample:		114.5 time, 121.0 real, 197.3 MB
[runlim] sample:		124.5 time, 131.0 real, 207.1 MB
[runlim] sample:		134.4 time, 141.0 real, 220.7 MB
[runlim] sample:		144.4 time, 151.0 real, 231.6 MB
[runlim] sample:		154.4 time, 161.0 real, 250.6 MB
[runlim] sample:		164.4 time, 171.0 real, 251.9 MB
[runlim] sample:		174.4 time, 181.0 real, 263.3 MB
[runlim] sample:		184.4 time, 191.0 real, 272.6 MB
[runlim] sample:		194.4 time, 201.0 real, 281.8 MB
[runlim] sample:		204.4 time, 211.0 real, 291.9 MB
[runlim] sample:		214.4 time, 221.0 real, 300.7 MB
[runlim] sample:		224.4 time, 231.0 real, 311.5 MB
[runlim] sample:		234.4 time, 241.0 real, 319.5 MB
[runlim] sample:		244.4 time, 251.0 real, 330.0 MB
[runlim] sample:		254.4 time, 261.0 real, 345.5 MB
[runlim] sample:		264.4 time, 271.0 real, 354.2 MB
[runlim] sample:		274.4 time, 281.0 real, 362.7 MB
[runlim] sample:		284.4 time, 291.0 real, 371.2 MB
[runlim] sample:		294.4 time, 301.0 real, 398.9 MB
CVC4 interrupted by SIGTERM.
[runlim] end:			Tue Feb  5 10:44:31 2019
[runlim] status:		out of time
[runlim] result:		2
[runlim] children:		0
[runlim] real:			306.71 seconds
[runlim] time:			300.09 seconds
[runlim] space:			425.4 MB
[runlim] samples:		3057
