[runlim] version:		1.10fixed
[runlim] time limit:		300 seconds
[runlim] real time limit:	311040000 seconds
[runlim] space limit:		4000 MB
[runlim] argv[0]:		./cvc4
[runlim] argv[1]:		--cbqi-all
[runlim] argv[2]:		/tmp/wtWsFxUe.smt2
[runlim] start:			Tue Feb  5 13:32:33 2019
[runlim] main pid:		16930
[runlim] sample:		9.8 time, 10.7 real, 40.5 MB
[runlim] sample:		19.8 time, 20.7 real, 49.8 MB
[runlim] sample:		29.3 time, 30.7 real, 57.2 MB
[runlim] sample:		38.6 time, 40.7 real, 62.3 MB
[runlim] sample:		48.0 time, 50.7 real, 66.7 MB
[runlim] sample:		57.4 time, 60.7 real, 72.1 MB
[runlim] sample:		67.0 time, 70.7 real, 77.1 MB
[runlim] sample:		76.7 time, 80.7 real, 81.7 MB
[runlim] sample:		86.4 time, 90.7 real, 85.8 MB
[runlim] sample:		96.0 time, 100.7 real, 89.7 MB
[runlim] sample:		105.7 time, 110.7 real, 93.3 MB
[runlim] sample:		115.3 time, 120.7 real, 96.6 MB
[runlim] sample:		125.0 time, 130.7 real, 99.5 MB
[runlim] sample:		134.7 time, 140.7 real, 103.1 MB
[runlim] sample:		144.3 time, 150.7 real, 108.5 MB
[runlim] sample:		154.0 time, 160.7 real, 108.8 MB
[runlim] sample:		163.7 time, 170.7 real, 112.9 MB
[runlim] sample:		173.3 time, 180.7 real, 115.2 MB
[runlim] sample:		183.0 time, 190.7 real, 117.8 MB
[runlim] sample:		192.6 time, 200.7 real, 120.6 MB
[runlim] sample:		202.3 time, 210.7 real, 122.7 MB
[runlim] sample:		212.0 time, 220.7 real, 125.5 MB
[runlim] sample:		221.4 time, 230.7 real, 127.9 MB
[runlim] sample:		230.7 time, 240.7 real, 129.9 MB
[runlim] sample:		240.7 time, 250.7 real, 132.8 MB
[runlim] sample:		250.6 time, 260.7 real, 135.1 MB
[runlim] sample:		260.6 time, 270.7 real, 137.9 MB
[runlim] sample:		270.6 time, 280.7 real, 140.5 MB
[runlim] sample:		280.6 time, 290.7 real, 142.5 MB
[runlim] sample:		290.6 time, 300.7 real, 145.6 MB
[runlim] end:			Tue Feb  5 13:37:38 2019
[runlim] status:		signal(9)
[runlim] result:		11
[runlim] children:		0
[runlim] real:			305.83 seconds
[runlim] time:			295.74 seconds
[runlim] space:			146.1 MB
[runlim] samples:		3051
