[runlim] version:		1.10fixed
[runlim] time limit:		300 seconds
[runlim] real time limit:	311040000 seconds
[runlim] space limit:		4000 MB
[runlim] argv[0]:		./cvc4
[runlim] argv[1]:		--cbqi-all
[runlim] argv[2]:		/tmp/MxsapoWV.smt2
[runlim] start:			Tue Feb  5 13:32:33 2019
[runlim] main pid:		16551
[runlim] sample:		8.6 time, 10.7 real, 38.4 MB
[runlim] sample:		17.7 time, 20.7 real, 45.6 MB
[runlim] sample:		27.0 time, 30.7 real, 52.1 MB
[runlim] sample:		36.3 time, 40.7 real, 57.6 MB
[runlim] sample:		45.7 time, 50.7 real, 62.1 MB
[runlim] sample:		55.0 time, 60.7 real, 66.7 MB
[runlim] sample:		64.2 time, 70.7 real, 70.8 MB
[runlim] sample:		73.2 time, 80.7 real, 74.2 MB
[runlim] sample:		82.7 time, 90.7 real, 78.3 MB
[runlim] sample:		92.3 time, 100.7 real, 81.3 MB
[runlim] sample:		102.1 time, 110.7 real, 84.7 MB
[runlim] sample:		111.8 time, 120.7 real, 88.4 MB
[runlim] sample:		121.8 time, 130.7 real, 92.0 MB
[runlim] sample:		131.8 time, 140.7 real, 94.9 MB
[runlim] sample:		141.7 time, 150.7 real, 98.2 MB
[runlim] sample:		151.7 time, 160.7 real, 100.8 MB
[runlim] sample:		161.7 time, 170.7 real, 103.6 MB
[runlim] sample:		171.4 time, 180.7 real, 106.2 MB
[runlim] sample:		181.3 time, 190.7 real, 111.1 MB
[runlim] sample:		191.3 time, 200.7 real, 111.6 MB
[runlim] sample:		201.3 time, 210.7 real, 114.1 MB
[runlim] sample:		211.3 time, 220.7 real, 116.5 MB
[runlim] sample:		221.3 time, 230.7 real, 119.0 MB
[runlim] sample:		231.3 time, 240.7 real, 121.4 MB
[runlim] sample:		241.3 time, 250.7 real, 123.4 MB
[runlim] sample:		251.3 time, 260.7 real, 125.7 MB
[runlim] sample:		261.3 time, 270.7 real, 127.8 MB
[runlim] sample:		271.3 time, 280.7 real, 130.1 MB
[runlim] sample:		281.2 time, 290.7 real, 132.4 MB
[runlim] sample:		291.2 time, 300.7 real, 134.5 MB
[runlim] end:			Tue Feb  5 13:37:42 2019
[runlim] status:		signal(9)
[runlim] result:		11
[runlim] children:		0
[runlim] real:			309.25 seconds
[runlim] time:			299.74 seconds
[runlim] space:			136.3 MB
[runlim] samples:		3085
