[runlim] version:		1.10fixed
[runlim] time limit:		300 seconds
[runlim] real time limit:	311040000 seconds
[runlim] space limit:		4000 MB
[runlim] argv[0]:		./cvc4
[runlim] argv[1]:		--cbqi-all
[runlim] argv[2]:		/tmp/OEe59KOP.smt2
[runlim] start:			Tue Feb  5 10:39:05 2019
[runlim] main pid:		9588
[runlim] sample:		8.3 time, 10.6 real, 40.6 MB
[runlim] sample:		17.1 time, 20.6 real, 53.2 MB
[runlim] sample:		27.2 time, 30.6 real, 63.2 MB
[runlim] sample:		37.1 time, 40.6 real, 72.5 MB
[runlim] sample:		47.1 time, 50.6 real, 78.9 MB
[runlim] sample:		57.1 time, 60.6 real, 84.6 MB
[runlim] sample:		67.2 time, 70.6 real, 90.3 MB
[runlim] sample:		77.2 time, 80.6 real, 95.2 MB
[runlim] sample:		87.2 time, 90.6 real, 99.0 MB
[runlim] sample:		97.1 time, 100.6 real, 110.0 MB
[runlim] sample:		107.1 time, 110.6 real, 113.9 MB
[runlim] sample:		117.2 time, 120.6 real, 117.8 MB
[runlim] sample:		127.1 time, 130.6 real, 121.4 MB
[runlim] sample:		137.2 time, 140.6 real, 124.7 MB
[runlim] sample:		147.2 time, 150.6 real, 127.6 MB
[runlim] sample:		157.1 time, 160.6 real, 130.9 MB
[runlim] sample:		167.1 time, 170.6 real, 134.0 MB
[runlim] sample:		177.2 time, 180.6 real, 136.6 MB
[runlim] sample:		187.1 time, 190.6 real, 139.4 MB
[runlim] sample:		197.2 time, 200.6 real, 141.7 MB
[runlim] sample:		207.1 time, 210.6 real, 144.3 MB
[runlim] sample:		217.1 time, 220.6 real, 146.6 MB
[runlim] sample:		227.2 time, 230.6 real, 148.7 MB
[runlim] sample:		237.1 time, 240.6 real, 151.0 MB
[runlim] sample:		247.1 time, 250.6 real, 153.3 MB
[runlim] sample:		257.1 time, 260.6 real, 155.7 MB
[runlim] sample:		267.1 time, 270.6 real, 157.7 MB
[runlim] sample:		277.1 time, 280.6 real, 160.0 MB
[runlim] sample:		287.1 time, 290.6 real, 161.8 MB
[runlim] sample:		297.1 time, 300.6 real, 163.9 MB
CVC4 interrupted by SIGTERM.
[runlim] end:			Tue Feb  5 10:44:08 2019
[runlim] status:		out of time
[runlim] result:		2
[runlim] children:		0
[runlim] real:			303.49 seconds
[runlim] time:			300.04 seconds
[runlim] space:			164.2 MB
[runlim] samples:		3029
