[runlim] version:		1.10fixed
[runlim] time limit:		300 seconds
[runlim] real time limit:	311040000 seconds
[runlim] space limit:		4000 MB
[runlim] argv[0]:		./cvc4
[runlim] argv[1]:		--cbqi-all
[runlim] argv[2]:		/tmp/EpS0q87R.smt2
[runlim] start:			Tue Feb  5 13:31:29 2019
[runlim] main pid:		8735
[runlim] sample:		9.8 time, 10.9 real, 54.1 MB
[runlim] sample:		19.8 time, 20.9 real, 67.9 MB
[runlim] sample:		29.8 time, 30.9 real, 77.2 MB
[runlim] sample:		39.8 time, 40.9 real, 84.9 MB
[runlim] sample:		48.4 time, 50.9 real, 90.6 MB
[runlim] sample:		57.8 time, 60.9 real, 96.5 MB
[runlim] sample:		67.2 time, 70.9 real, 102.2 MB
[runlim] sample:		77.1 time, 80.9 real, 109.4 MB
[runlim] sample:		86.7 time, 90.9 real, 113.6 MB
[runlim] sample:		96.7 time, 100.9 real, 117.7 MB
[runlim] sample:		106.7 time, 110.9 real, 121.0 MB
[runlim] sample:		116.7 time, 120.9 real, 124.1 MB
[runlim] sample:		126.7 time, 130.9 real, 127.2 MB
[runlim] sample:		136.7 time, 140.9 real, 130.6 MB
[runlim] sample:		146.4 time, 150.9 real, 134.2 MB
[runlim] sample:		156.1 time, 160.9 real, 137.5 MB
[runlim] sample:		163.9 time, 170.9 real, 139.6 MB
[runlim] sample:		173.4 time, 180.9 real, 142.4 MB
[runlim] sample:		183.1 time, 190.9 real, 144.7 MB
[runlim] sample:		192.7 time, 200.9 real, 146.8 MB
[runlim] sample:		201.3 time, 210.9 real, 149.4 MB
[runlim] sample:		210.9 time, 220.9 real, 151.7 MB
[runlim] sample:		220.0 time, 230.9 real, 155.0 MB
[runlim] sample:		230.0 time, 240.9 real, 157.6 MB
[runlim] sample:		240.0 time, 250.9 real, 159.7 MB
[runlim] sample:		250.0 time, 260.9 real, 162.0 MB
[runlim] sample:		260.0 time, 270.9 real, 163.5 MB
[runlim] sample:		269.3 time, 280.9 real, 165.6 MB
[runlim] sample:		279.3 time, 290.9 real, 169.6 MB
[runlim] sample:		289.3 time, 300.9 real, 171.2 MB
[runlim] sample:		297.4 time, 310.9 real, 172.7 MB
[runlim] end:			Tue Feb  5 13:36:42 2019
[runlim] status:		signal(9)
[runlim] result:		11
[runlim] children:		0
[runlim] real:			313.51 seconds
[runlim] time:			299.85 seconds
[runlim] space:			173.2 MB
[runlim] samples:		3126
