[runlim] version:		1.10fixed
[runlim] time limit:		300 seconds
[runlim] real time limit:	311040000 seconds
[runlim] space limit:		4000 MB
[runlim] argv[0]:		./cvc4
[runlim] argv[1]:		--cbqi-all
[runlim] argv[2]:		/tmp/G4lOcNyE.smt2
[runlim] start:			Tue Feb  5 10:38:20 2019
[runlim] main pid:		12861
[runlim] sample:		8.7 time, 10.4 real, 51.5 MB
[runlim] sample:		18.3 time, 20.4 real, 65.6 MB
[runlim] sample:		28.3 time, 30.4 real, 74.7 MB
[runlim] sample:		38.0 time, 40.4 real, 82.6 MB
[runlim] sample:		48.0 time, 50.4 real, 89.3 MB
[runlim] sample:		57.9 time, 60.4 real, 95.8 MB
[runlim] sample:		67.2 time, 70.4 real, 101.5 MB
[runlim] sample:		76.5 time, 80.4 real, 108.4 MB
[runlim] sample:		85.8 time, 90.4 real, 112.8 MB
[runlim] sample:		94.9 time, 100.4 real, 116.2 MB
[runlim] sample:		104.1 time, 110.4 real, 119.5 MB
[runlim] sample:		114.1 time, 120.4 real, 122.9 MB
[runlim] sample:		124.1 time, 130.4 real, 125.7 MB
[runlim] sample:		134.1 time, 140.4 real, 128.8 MB
[runlim] sample:		144.1 time, 150.4 real, 132.7 MB
[runlim] sample:		154.1 time, 160.4 real, 136.3 MB
[runlim] sample:		163.6 time, 170.4 real, 138.9 MB
[runlim] sample:		173.6 time, 180.4 real, 142.2 MB
[runlim] sample:		183.6 time, 190.4 real, 144.3 MB
[runlim] sample:		193.6 time, 200.4 real, 146.8 MB
[runlim] sample:		203.6 time, 210.4 real, 149.4 MB
[runlim] sample:		213.6 time, 220.4 real, 152.0 MB
[runlim] sample:		223.6 time, 230.4 real, 156.9 MB
[runlim] sample:		233.6 time, 240.4 real, 157.9 MB
[runlim] sample:		243.6 time, 250.4 real, 159.7 MB
[runlim] sample:		253.6 time, 260.4 real, 162.6 MB
[runlim] sample:		263.6 time, 270.4 real, 164.4 MB
[runlim] sample:		273.6 time, 280.4 real, 165.9 MB
[runlim] sample:		283.4 time, 290.4 real, 170.1 MB
[runlim] sample:		292.5 time, 300.4 real, 171.6 MB
[runlim] end:			Tue Feb  5 10:43:25 2019
[runlim] status:		signal(9)
[runlim] result:		11
[runlim] children:		0
[runlim] real:			305.64 seconds
[runlim] time:			297.37 seconds
[runlim] space:			172.4 MB
[runlim] samples:		3052
