[runlim] version:		1.10fixed
[runlim] time limit:		300 seconds
[runlim] real time limit:	311040000 seconds
[runlim] space limit:		4000 MB
[runlim] argv[0]:		./cvc4
[runlim] argv[1]:		--cbqi-all
[runlim] argv[2]:		/tmp/PsZT4rvV.smt2
[runlim] start:			Tue Feb  5 10:38:39 2019
[runlim] main pid:		23120
[runlim] sample:		8.2 time, 10.0 real, 50.5 MB
[runlim] sample:		17.9 time, 20.0 real, 65.4 MB
[runlim] sample:		27.7 time, 30.0 real, 74.7 MB
[runlim] sample:		37.5 time, 40.0 real, 82.4 MB
[runlim] sample:		47.5 time, 50.0 real, 89.4 MB
[runlim] sample:		57.5 time, 60.0 real, 95.6 MB
[runlim] sample:		65.2 time, 70.0 real, 100.5 MB
[runlim] sample:		74.3 time, 80.0 real, 107.5 MB
[runlim] sample:		84.3 time, 90.0 real, 112.4 MB
[runlim] sample:		94.3 time, 100.0 real, 116.2 MB
[runlim] sample:		104.3 time, 110.0 real, 119.8 MB
[runlim] sample:		114.3 time, 120.0 real, 123.2 MB
[runlim] sample:		124.3 time, 130.0 real, 126.3 MB
[runlim] sample:		134.3 time, 140.0 real, 129.4 MB
[runlim] sample:		144.3 time, 150.0 real, 132.7 MB
[runlim] sample:		154.3 time, 160.0 real, 136.6 MB
[runlim] sample:		164.3 time, 170.0 real, 139.4 MB
[runlim] sample:		174.3 time, 180.0 real, 142.5 MB
[runlim] sample:		184.3 time, 190.0 real, 145.1 MB
[runlim] sample:		194.2 time, 200.0 real, 147.4 MB
[runlim] sample:		203.9 time, 210.0 real, 150.0 MB
[runlim] sample:		213.6 time, 220.0 real, 152.3 MB
[runlim] sample:		223.6 time, 230.0 real, 157.4 MB
[runlim] sample:		233.6 time, 240.0 real, 158.2 MB
[runlim] sample:		243.6 time, 250.0 real, 160.5 MB
[runlim] sample:		253.0 time, 260.0 real, 162.6 MB
[runlim] sample:		261.0 time, 270.0 real, 164.1 MB
[runlim] sample:		269.2 time, 280.0 real, 165.4 MB
[runlim] sample:		278.1 time, 290.0 real, 169.2 MB
[runlim] sample:		288.0 time, 300.0 real, 171.3 MB
[runlim] end:			Tue Feb  5 10:43:46 2019
[runlim] status:		signal(9)
[runlim] result:		11
[runlim] children:		0
[runlim] real:			307.52 seconds
[runlim] time:			295.47 seconds
[runlim] space:			172.3 MB
[runlim] samples:		3075
