[runlim] version:		1.10fixed
[runlim] time limit:		300 seconds
[runlim] real time limit:	311040000 seconds
[runlim] space limit:		4000 MB
[runlim] argv[0]:		./cvc4
[runlim] argv[1]:		--cbqi-all
[runlim] argv[2]:		/tmp/1nkkOuen.smt2
[runlim] start:			Tue Feb  5 10:39:03 2019
[runlim] main pid:		26552
[runlim] sample:		8.6 time, 10.3 real, 40.5 MB
[runlim] sample:		18.2 time, 20.3 real, 53.0 MB
[runlim] sample:		28.2 time, 30.3 real, 61.2 MB
[runlim] sample:		38.2 time, 40.3 real, 71.2 MB
[runlim] sample:		48.2 time, 50.3 real, 76.9 MB
[runlim] sample:		58.2 time, 60.3 real, 82.0 MB
[runlim] sample:		68.2 time, 70.3 real, 87.2 MB
[runlim] sample:		78.2 time, 80.3 real, 91.8 MB
[runlim] sample:		88.2 time, 90.3 real, 95.9 MB
[runlim] sample:		97.6 time, 100.3 real, 99.8 MB
[runlim] sample:		107.5 time, 110.3 real, 105.6 MB
[runlim] sample:		116.5 time, 120.3 real, 112.8 MB
[runlim] sample:		124.5 time, 130.3 real, 115.6 MB
[runlim] sample:		133.5 time, 140.3 real, 118.7 MB
[runlim] sample:		141.6 time, 150.3 real, 121.0 MB
[runlim] sample:		150.3 time, 160.3 real, 123.6 MB
[runlim] sample:		159.4 time, 170.3 real, 126.2 MB
[runlim] sample:		167.9 time, 180.3 real, 128.5 MB
[runlim] sample:		176.3 time, 190.3 real, 130.8 MB
[runlim] sample:		185.7 time, 200.3 real, 133.1 MB
[runlim] sample:		194.5 time, 210.3 real, 135.2 MB
[runlim] sample:		202.6 time, 220.3 real, 136.7 MB
[runlim] sample:		210.9 time, 230.3 real, 138.8 MB
[runlim] sample:		220.1 time, 240.3 real, 140.9 MB
[runlim] sample:		227.4 time, 250.3 real, 142.4 MB
[runlim] sample:		236.2 time, 260.3 real, 144.2 MB
[runlim] sample:		244.3 time, 270.3 real, 145.8 MB
[runlim] sample:		253.5 time, 280.3 real, 147.6 MB
[runlim] sample:		262.4 time, 290.3 real, 149.6 MB
[runlim] sample:		271.2 time, 300.3 real, 151.4 MB
[runlim] sample:		279.9 time, 310.3 real, 153.0 MB
[runlim] sample:		288.9 time, 320.3 real, 154.8 MB
[runlim] sample:		298.6 time, 330.3 real, 156.6 MB
[runlim] end:			Tue Feb  5 10:44:33 2019
[runlim] status:		signal(9)
[runlim] result:		11
[runlim] children:		0
[runlim] real:			330.45 seconds
[runlim] time:			298.71 seconds
[runlim] space:			156.6 MB
[runlim] samples:		3301
