[runlim] version:		1.10fixed
[runlim] time limit:		300 seconds
[runlim] real time limit:	311040000 seconds
[runlim] space limit:		4000 MB
[runlim] argv[0]:		./cvc4
[runlim] argv[1]:		--cbqi-all
[runlim] argv[2]:		/tmp/mTQBm9Iy.smt2
[runlim] start:			Tue Jan 29 17:08:22 2019
[runlim] main pid:		15140
[runlim] sample:		8.2 time, 10.2 real, 40.5 MB
[runlim] sample:		17.6 time, 20.2 real, 53.4 MB
[runlim] sample:		25.5 time, 30.2 real, 60.4 MB
[runlim] sample:		35.2 time, 40.2 real, 70.6 MB
[runlim] sample:		43.4 time, 50.2 real, 76.3 MB
[runlim] sample:		51.5 time, 60.2 real, 81.0 MB
[runlim] sample:		58.8 time, 70.2 real, 85.1 MB
[runlim] sample:		68.7 time, 80.2 real, 90.5 MB
[runlim] sample:		77.7 time, 90.2 real, 94.9 MB
[runlim] sample:		87.6 time, 100.2 real, 99.3 MB
[runlim] sample:		97.6 time, 110.2 real, 109.8 MB
[runlim] sample:		107.6 time, 120.2 real, 113.9 MB
[runlim] sample:		117.5 time, 130.2 real, 117.8 MB
[runlim] sample:		127.4 time, 140.2 real, 121.4 MB
[runlim] sample:		137.3 time, 150.2 real, 124.5 MB
[runlim] sample:		147.1 time, 160.2 real, 127.8 MB
[runlim] sample:		157.0 time, 170.2 real, 130.9 MB
[runlim] sample:		167.0 time, 180.2 real, 133.8 MB
[runlim] sample:		176.9 time, 190.2 real, 136.6 MB
[runlim] sample:		186.9 time, 200.2 real, 139.2 MB
[runlim] sample:		196.8 time, 210.2 real, 141.5 MB
[runlim] sample:		206.2 time, 220.2 real, 143.8 MB
[runlim] sample:		215.5 time, 230.2 real, 145.9 MB
[runlim] sample:		225.2 time, 240.2 real, 148.2 MB
[runlim] sample:		235.2 time, 250.2 real, 150.5 MB
[runlim] sample:		245.2 time, 260.2 real, 152.8 MB
[runlim] sample:		253.6 time, 270.2 real, 154.9 MB
[runlim] sample:		262.2 time, 280.2 real, 156.7 MB
[runlim] sample:		271.6 time, 290.2 real, 158.8 MB
[runlim] sample:		281.0 time, 300.2 real, 160.3 MB
[runlim] sample:		291.0 time, 310.2 real, 162.4 MB
[runlim] end:			Tue Jan 29 17:13:40 2019
[runlim] status:		signal(9)
[runlim] result:		11
[runlim] children:		0
[runlim] real:			318.57 seconds
[runlim] time:			299.31 seconds
[runlim] space:			164.2 MB
[runlim] samples:		3183
