[runlim] version:		1.10fixed
[runlim] time limit:		300 seconds
[runlim] real time limit:	311040000 seconds
[runlim] space limit:		4000 MB
[runlim] argv[0]:		./cvc4
[runlim] argv[1]:		--cbqi-all
[runlim] argv[2]:		/tmp/JT1kvGw4.smt2
[runlim] start:			Tue Feb  5 10:39:50 2019
[runlim] main pid:		9425
[runlim] sample:		8.0 time, 10.6 real, 37.4 MB
[runlim] sample:		17.2 time, 20.6 real, 46.5 MB
[runlim] sample:		27.2 time, 30.6 real, 53.9 MB
[runlim] sample:		37.0 time, 40.6 real, 60.5 MB
[runlim] sample:		45.9 time, 50.6 real, 65.2 MB
[runlim] sample:		54.1 time, 60.6 real, 69.3 MB
[runlim] sample:		63.8 time, 70.6 real, 73.7 MB
[runlim] sample:		73.5 time, 80.6 real, 77.6 MB
[runlim] sample:		83.1 time, 90.6 real, 83.8 MB
[runlim] sample:		92.5 time, 100.6 real, 86.4 MB
[runlim] sample:		101.6 time, 110.6 real, 89.5 MB
[runlim] sample:		110.9 time, 120.6 real, 93.3 MB
[runlim] sample:		120.1 time, 130.6 real, 95.9 MB
[runlim] sample:		129.0 time, 140.6 real, 99.3 MB
[runlim] sample:		138.2 time, 150.6 real, 101.8 MB
[runlim] sample:		147.1 time, 160.6 real, 107.8 MB
[runlim] sample:		156.4 time, 170.6 real, 108.1 MB
[runlim] sample:		166.4 time, 180.6 real, 110.9 MB
[runlim] sample:		176.4 time, 190.6 real, 113.7 MB
[runlim] sample:		185.4 time, 200.6 real, 116.0 MB
[runlim] sample:		194.6 time, 210.6 real, 118.1 MB
[runlim] sample:		204.2 time, 220.6 real, 120.7 MB
[runlim] sample:		214.2 time, 230.6 real, 123.3 MB
[runlim] sample:		224.2 time, 240.6 real, 125.6 MB
[runlim] sample:		234.0 time, 250.6 real, 127.9 MB
[runlim] sample:		243.7 time, 260.6 real, 130.5 MB
[runlim] sample:		253.3 time, 270.6 real, 132.5 MB
[runlim] sample:		263.0 time, 280.6 real, 134.8 MB
[runlim] sample:		273.0 time, 290.6 real, 137.9 MB
[runlim] sample:		283.0 time, 300.6 real, 140.2 MB
[runlim] sample:		293.0 time, 310.6 real, 142.6 MB
CVC4 interrupted by SIGTERM.
[runlim] end:			Tue Feb  5 10:45:07 2019
[runlim] status:		out of time
[runlim] result:		2
[runlim] children:		0
[runlim] real:			317.74 seconds
[runlim] time:			300.08 seconds
[runlim] space:			143.6 MB
[runlim] samples:		3171
