[runlim] version:		1.10fixed
[runlim] time limit:		300 seconds
[runlim] real time limit:	311040000 seconds
[runlim] space limit:		4000 MB
[runlim] argv[0]:		./cvc4
[runlim] argv[1]:		--cbqi-all
[runlim] argv[2]:		/tmp/aqNRP952.smt2
[runlim] start:			Tue Feb  5 10:40:12 2019
[runlim] main pid:		22636
[runlim] sample:		8.2 time, 10.6 real, 37.6 MB
[runlim] sample:		17.3 time, 20.6 real, 45.6 MB
[runlim] sample:		26.8 time, 30.6 real, 53.2 MB
[runlim] sample:		34.9 time, 40.6 real, 58.3 MB
[runlim] sample:		43.2 time, 50.6 real, 62.7 MB
[runlim] sample:		51.4 time, 60.6 real, 66.8 MB
[runlim] sample:		60.1 time, 70.6 real, 70.4 MB
[runlim] sample:		69.8 time, 80.6 real, 75.0 MB
[runlim] sample:		79.5 time, 90.6 real, 79.4 MB
[runlim] sample:		89.0 time, 100.6 real, 83.5 MB
[runlim] sample:		97.3 time, 110.6 real, 87.6 MB
[runlim] sample:		105.6 time, 120.6 real, 90.5 MB
[runlim] sample:		113.8 time, 130.6 real, 93.3 MB
[runlim] sample:		122.5 time, 140.6 real, 95.9 MB
[runlim] sample:		132.2 time, 150.6 real, 99.2 MB
[runlim] sample:		141.9 time, 160.6 real, 101.8 MB
[runlim] sample:		151.7 time, 170.6 real, 108.2 MB
[runlim] sample:		159.9 time, 180.6 real, 108.7 MB
[runlim] sample:		168.2 time, 190.6 real, 110.6 MB
[runlim] sample:		176.5 time, 200.6 real, 112.6 MB
[runlim] sample:		184.8 time, 210.6 real, 114.7 MB
[runlim] sample:		193.2 time, 220.6 real, 117.0 MB
[runlim] sample:		202.6 time, 230.6 real, 119.6 MB
[runlim] sample:		212.0 time, 240.6 real, 121.4 MB
[runlim] sample:		221.6 time, 250.6 real, 124.2 MB
[runlim] sample:		231.2 time, 260.6 real, 126.3 MB
[runlim] sample:		240.7 time, 270.6 real, 127.8 MB
[runlim] sample:		250.7 time, 280.6 real, 129.9 MB
[runlim] sample:		260.7 time, 290.6 real, 132.5 MB
[runlim] sample:		270.7 time, 300.6 real, 135.0 MB
[runlim] sample:		280.7 time, 310.6 real, 137.6 MB
[runlim] sample:		290.7 time, 320.6 real, 139.9 MB
[runlim] end:			Tue Feb  5 10:45:41 2019
[runlim] status:		signal(9)
[runlim] result:		11
[runlim] children:		0
[runlim] real:			329.18 seconds
[runlim] time:			299.31 seconds
[runlim] space:			142.5 MB
[runlim] samples:		3286
