[runlim] version:		1.10fixed
[runlim] time limit:		300 seconds
[runlim] real time limit:	311040000 seconds
[runlim] space limit:		4000 MB
[runlim] argv[0]:		./cvc4
[runlim] argv[1]:		--cbqi-all
[runlim] argv[2]:		/tmp/qZiprIcW.smt2
[runlim] start:			Tue Feb  5 13:33:08 2019
[runlim] main pid:		317
/tmp/qZiprIcW.smt2:4.12: No set-logic command was given before this point.
/tmp/qZiprIcW.smt2:4.12: CVC4 will make all theories available.
/tmp/qZiprIcW.smt2:4.12: Consider setting a stricter logic for (likely) better performance.
/tmp/qZiprIcW.smt2:4.12: To suppress this warning in the future use (set-logic ALL).
[runlim] sample:		8.2 time, 10.6 real, 101.1 MB
[runlim] sample:		17.6 time, 20.6 real, 141.5 MB
[runlim] sample:		25.6 time, 30.6 real, 161.0 MB
[runlim] sample:		35.4 time, 40.6 real, 178.5 MB
[runlim] sample:		45.4 time, 50.6 real, 194.5 MB
[runlim] sample:		55.4 time, 60.6 real, 209.2 MB
[runlim] sample:		65.1 time, 70.6 real, 226.5 MB
[runlim] sample:		75.1 time, 80.6 real, 236.0 MB
[runlim] sample:		85.1 time, 90.6 real, 249.0 MB
[runlim] sample:		95.1 time, 100.6 real, 262.8 MB
[runlim] sample:		105.1 time, 110.6 real, 272.8 MB
[runlim] sample:		115.1 time, 120.6 real, 281.3 MB
[runlim] sample:		125.1 time, 130.6 real, 288.8 MB
[runlim] sample:		134.4 time, 140.6 real, 296.3 MB
[runlim] sample:		143.0 time, 150.6 real, 300.9 MB
[runlim] sample:		151.7 time, 160.6 real, 305.8 MB
[runlim] sample:		161.5 time, 170.6 real, 313.3 MB
[runlim] sample:		171.0 time, 180.6 real, 319.4 MB
[runlim] sample:		179.7 time, 190.6 real, 324.1 MB
[runlim] sample:		189.2 time, 200.6 real, 329.2 MB
[runlim] sample:		198.1 time, 210.6 real, 334.1 MB
[runlim] sample:		206.7 time, 220.6 real, 338.2 MB
[runlim] sample:		216.4 time, 230.6 real, 342.9 MB
[runlim] sample:		226.2 time, 240.6 real, 347.0 MB
[runlim] sample:		236.2 time, 250.6 real, 351.6 MB
[runlim] sample:		245.7 time, 260.6 real, 356.8 MB
[runlim] sample:		255.7 time, 270.6 real, 361.6 MB
[runlim] sample:		265.1 time, 280.6 real, 365.0 MB
[runlim] sample:		274.4 time, 290.6 real, 376.0 MB
[runlim] sample:		284.1 time, 300.6 real, 377.3 MB
[runlim] sample:		293.7 time, 310.6 real, 377.8 MB
[runlim] end:			Tue Feb  5 13:38:22 2019
[runlim] status:		signal(9)
[runlim] result:		11
[runlim] children:		0
[runlim] real:			314.21 seconds
[runlim] time:			297.08 seconds
[runlim] space:			382.0 MB
[runlim] samples:		3136
