[runlim] version:		1.10fixed
[runlim] time limit:		300 seconds
[runlim] real time limit:	311040000 seconds
[runlim] space limit:		4000 MB
[runlim] argv[0]:		./cvc4
[runlim] argv[1]:		--cbqi-all
[runlim] argv[2]:		/tmp/JaMeWTXh.smt2
[runlim] start:			Tue Feb  5 13:31:41 2019
[runlim] main pid:		16109
[runlim] sample:		8.3 time, 10.1 real, 50.5 MB
[runlim] sample:		18.3 time, 20.1 real, 65.4 MB
[runlim] sample:		28.3 time, 30.1 real, 74.6 MB
[runlim] sample:		38.3 time, 40.1 real, 82.4 MB
[runlim] sample:		48.3 time, 50.1 real, 89.3 MB
[runlim] sample:		58.3 time, 60.1 real, 95.6 MB
[runlim] sample:		68.3 time, 70.1 real, 101.8 MB
[runlim] sample:		78.3 time, 80.1 real, 108.8 MB
[runlim] sample:		88.3 time, 90.1 real, 113.5 MB
[runlim] sample:		98.3 time, 100.1 real, 117.1 MB
[runlim] sample:		108.3 time, 110.1 real, 120.7 MB
[runlim] sample:		118.3 time, 120.1 real, 123.5 MB
[runlim] sample:		128.3 time, 130.1 real, 127.1 MB
[runlim] sample:		138.2 time, 140.1 real, 130.0 MB
[runlim] sample:		148.2 time, 150.1 real, 133.8 MB
[runlim] sample:		158.2 time, 160.1 real, 137.4 MB
[runlim] sample:		168.2 time, 170.1 real, 140.0 MB
[runlim] sample:		178.0 time, 180.1 real, 142.8 MB
[runlim] sample:		187.1 time, 190.1 real, 144.9 MB
[runlim] sample:		195.8 time, 200.1 real, 147.2 MB
[runlim] sample:		204.5 time, 210.1 real, 149.3 MB
[runlim] sample:		213.2 time, 220.1 real, 151.6 MB
[runlim] sample:		222.2 time, 230.1 real, 154.9 MB
[runlim] sample:		231.9 time, 240.1 real, 157.5 MB
[runlim] sample:		241.4 time, 250.1 real, 159.3 MB
[runlim] sample:		250.3 time, 260.1 real, 161.4 MB
[runlim] sample:		259.9 time, 270.1 real, 163.2 MB
[runlim] sample:		269.9 time, 280.1 real, 165.2 MB
[runlim] sample:		279.9 time, 290.1 real, 168.9 MB
[runlim] sample:		289.9 time, 300.1 real, 171.0 MB
[runlim] end:			Tue Feb  5 13:36:48 2019
[runlim] status:		signal(9)
[runlim] result:		11
[runlim] children:		0
[runlim] real:			307.96 seconds
[runlim] time:			297.54 seconds
[runlim] space:			172.3 MB
[runlim] samples:		3078
