[runlim] version:		1.10fixed
[runlim] time limit:		300 seconds
[runlim] real time limit:	311040000 seconds
[runlim] space limit:		4000 MB
[runlim] argv[0]:		./cvc4
[runlim] argv[1]:		--cbqi-all
[runlim] argv[2]:		/tmp/HYpxTB0g.smt2
[runlim] start:			Tue Feb  5 10:39:48 2019
[runlim] main pid:		11694
[runlim] sample:		8.6 time, 10.1 real, 38.2 MB
[runlim] sample:		17.4 time, 20.1 real, 45.4 MB
[runlim] sample:		26.4 time, 30.1 real, 52.2 MB
[runlim] sample:		35.2 time, 40.1 real, 57.5 MB
[runlim] sample:		44.4 time, 50.1 real, 62.7 MB
[runlim] sample:		52.9 time, 60.1 real, 66.5 MB
[runlim] sample:		62.9 time, 70.1 real, 70.4 MB
[runlim] sample:		72.9 time, 80.1 real, 74.8 MB
[runlim] sample:		82.8 time, 90.1 real, 78.4 MB
[runlim] sample:		92.5 time, 100.1 real, 82.3 MB
[runlim] sample:		102.1 time, 110.1 real, 87.1 MB
[runlim] sample:		111.8 time, 120.1 real, 90.4 MB
[runlim] sample:		121.5 time, 130.1 real, 93.5 MB
[runlim] sample:		131.1 time, 140.1 real, 96.9 MB
[runlim] sample:		140.8 time, 150.1 real, 99.4 MB
[runlim] sample:		150.4 time, 160.1 real, 101.8 MB
[runlim] sample:		160.1 time, 170.1 real, 105.1 MB
[runlim] sample:		169.8 time, 180.1 real, 109.5 MB
[runlim] sample:		179.4 time, 190.1 real, 110.8 MB
[runlim] sample:		189.1 time, 200.1 real, 113.1 MB
[runlim] sample:		198.7 time, 210.1 real, 115.7 MB
[runlim] sample:		208.4 time, 220.1 real, 118.0 MB
[runlim] sample:		218.1 time, 230.1 real, 120.4 MB
[runlim] sample:		227.7 time, 240.1 real, 122.2 MB
[runlim] sample:		237.4 time, 250.1 real, 124.7 MB
[runlim] sample:		247.1 time, 260.1 real, 127.1 MB
[runlim] sample:		257.1 time, 270.1 real, 129.1 MB
[runlim] sample:		267.1 time, 280.1 real, 131.2 MB
[runlim] sample:		277.1 time, 290.1 real, 134.0 MB
[runlim] sample:		287.1 time, 300.1 real, 136.3 MB
[runlim] end:			Tue Feb  5 10:44:56 2019
[runlim] status:		signal(9)
[runlim] result:		11
[runlim] children:		0
[runlim] real:			308.84 seconds
[runlim] time:			295.80 seconds
[runlim] space:			138.1 MB
[runlim] samples:		3087
