[runlim] version:		1.10fixed
[runlim] time limit:		300 seconds
[runlim] real time limit:	311040000 seconds
[runlim] space limit:		4000 MB
[runlim] argv[0]:		./cvc4
[runlim] argv[1]:		--cbqi-all
[runlim] argv[2]:		/tmp/jIWjdeFe.smt2
[runlim] start:			Tue Feb  5 10:40:21 2019
[runlim] main pid:		25230
/tmp/jIWjdeFe.smt2:4.12: No set-logic command was given before this point.
/tmp/jIWjdeFe.smt2:4.12: CVC4 will make all theories available.
/tmp/jIWjdeFe.smt2:4.12: Consider setting a stricter logic for (likely) better performance.
/tmp/jIWjdeFe.smt2:4.12: To suppress this warning in the future use (set-logic ALL).
[runlim] sample:		8.9 time, 10.4 real, 98.1 MB
[runlim] sample:		17.3 time, 20.4 real, 128.0 MB
[runlim] sample:		27.3 time, 30.4 real, 151.8 MB
[runlim] sample:		36.9 time, 40.4 real, 168.8 MB
[runlim] sample:		45.8 time, 50.4 real, 180.1 MB
[runlim] sample:		54.7 time, 60.4 real, 190.9 MB
[runlim] sample:		63.0 time, 70.4 real, 202.0 MB
[runlim] sample:		72.9 time, 80.4 real, 213.4 MB
[runlim] sample:		82.9 time, 90.4 real, 222.9 MB
[runlim] sample:		92.9 time, 100.4 real, 235.5 MB
[runlim] sample:		102.3 time, 110.4 real, 244.9 MB
[runlim] sample:		111.3 time, 120.4 real, 251.3 MB
[runlim] sample:		121.1 time, 130.4 real, 262.1 MB
[runlim] sample:		131.1 time, 140.4 real, 269.3 MB
[runlim] sample:		141.1 time, 150.4 real, 276.8 MB
[runlim] sample:		151.0 time, 160.4 real, 281.9 MB
[runlim] sample:		161.0 time, 170.4 real, 287.3 MB
[runlim] sample:		171.0 time, 180.4 real, 292.7 MB
[runlim] sample:		181.0 time, 190.4 real, 297.6 MB
[runlim] sample:		191.0 time, 200.4 real, 302.8 MB
[runlim] sample:		200.8 time, 210.4 real, 308.2 MB
[runlim] sample:		210.3 time, 220.4 real, 313.8 MB
[runlim] sample:		218.5 time, 230.4 real, 317.4 MB
[runlim] sample:		228.5 time, 240.4 real, 322.9 MB
[runlim] sample:		238.5 time, 250.4 real, 325.4 MB
[runlim] sample:		248.5 time, 260.4 real, 330.8 MB
[runlim] sample:		258.5 time, 270.4 real, 333.9 MB
[runlim] sample:		268.5 time, 280.4 real, 339.3 MB
[runlim] sample:		278.5 time, 290.4 real, 342.2 MB
[runlim] sample:		288.5 time, 300.4 real, 347.3 MB
[runlim] sample:		298.5 time, 310.4 real, 349.9 MB
CVC4 interrupted by SIGTERM.
[runlim] end:			Tue Feb  5 10:45:33 2019
[runlim] status:		out of time
[runlim] result:		2
[runlim] children:		0
[runlim] real:			312.00 seconds
[runlim] time:			300.09 seconds
[runlim] space:			349.9 MB
[runlim] samples:		3116
