[runlim] version:		1.10fixed
[runlim] time limit:		300 seconds
[runlim] real time limit:	311040000 seconds
[runlim] space limit:		4000 MB
[runlim] argv[0]:		./cvc4
[runlim] argv[1]:		--cbqi-all
[runlim] argv[2]:		/tmp/WCPF8q7K.smt2
[runlim] start:			Tue Feb  5 10:40:35 2019
[runlim] main pid:		30506
/tmp/WCPF8q7K.smt2:4.12: No set-logic command was given before this point.
/tmp/WCPF8q7K.smt2:4.12: CVC4 will make all theories available.
/tmp/WCPF8q7K.smt2:4.12: Consider setting a stricter logic for (likely) better performance.
/tmp/WCPF8q7K.smt2:4.12: To suppress this warning in the future use (set-logic ALL).
[runlim] sample:		7.7 time, 10.8 real, 78.4 MB
[runlim] sample:		16.7 time, 20.8 real, 101.8 MB
[runlim] sample:		26.7 time, 30.8 real, 121.6 MB
[runlim] sample:		36.7 time, 40.8 real, 134.1 MB
[runlim] sample:		46.7 time, 50.8 real, 145.2 MB
[runlim] sample:		56.7 time, 60.8 real, 154.5 MB
[runlim] sample:		66.0 time, 70.8 real, 161.5 MB
[runlim] sample:		76.0 time, 80.8 real, 167.9 MB
[runlim] sample:		86.0 time, 90.8 real, 174.1 MB
[runlim] sample:		95.8 time, 100.8 real, 179.9 MB
[runlim] sample:		105.8 time, 110.8 real, 185.3 MB
[runlim] sample:		115.8 time, 120.8 real, 191.2 MB
[runlim] sample:		125.8 time, 130.8 real, 197.2 MB
[runlim] sample:		135.8 time, 140.8 real, 203.4 MB
[runlim] sample:		145.8 time, 150.8 real, 211.1 MB
[runlim] sample:		155.2 time, 160.8 real, 215.2 MB
[runlim] sample:		163.2 time, 170.8 real, 218.8 MB
[runlim] sample:		173.2 time, 180.8 real, 224.2 MB
[runlim] sample:		182.4 time, 190.8 real, 228.3 MB
[runlim] sample:		190.9 time, 200.8 real, 234.8 MB
[runlim] sample:		200.9 time, 210.8 real, 235.3 MB
[runlim] sample:		210.9 time, 220.8 real, 238.7 MB
[runlim] sample:		220.9 time, 230.8 real, 242.8 MB
[runlim] sample:		230.9 time, 240.8 real, 246.7 MB
[runlim] sample:		240.9 time, 250.8 real, 248.5 MB
[runlim] sample:		250.9 time, 260.8 real, 252.1 MB
[runlim] sample:		260.9 time, 270.8 real, 255.9 MB
[runlim] sample:		270.9 time, 280.8 real, 257.7 MB
[runlim] sample:		280.9 time, 290.8 real, 262.5 MB
[runlim] sample:		290.9 time, 300.8 real, 264.0 MB
CVC4 interrupted by SIGTERM.
[runlim] end:			Tue Feb  5 10:45:45 2019
[runlim] status:		out of time
[runlim] result:		2
[runlim] children:		0
[runlim] real:			310.06 seconds
[runlim] time:			300.10 seconds
[runlim] space:			267.4 MB
[runlim] samples:		3092
