[runlim] version:		1.10fixed
[runlim] time limit:		300 seconds
[runlim] real time limit:	311040000 seconds
[runlim] space limit:		4000 MB
[runlim] argv[0]:		./cvc4
[runlim] argv[1]:		--cbqi-all
[runlim] argv[2]:		/tmp/tomFoOV5.smt2
[runlim] start:			Tue Feb  5 10:43:08 2019
[runlim] main pid:		9641
/tmp/tomFoOV5.smt2:4.12: No set-logic command was given before this point.
/tmp/tomFoOV5.smt2:4.12: CVC4 will make all theories available.
/tmp/tomFoOV5.smt2:4.12: Consider setting a stricter logic for (likely) better performance.
/tmp/tomFoOV5.smt2:4.12: To suppress this warning in the future use (set-logic ALL).
[runlim] sample:		9.0 time, 10.4 real, 84.5 MB
[runlim] sample:		18.5 time, 20.4 real, 108.1 MB
[runlim] sample:		28.5 time, 30.4 real, 127.8 MB
[runlim] sample:		38.5 time, 40.4 real, 142.7 MB
[runlim] sample:		47.8 time, 50.4 real, 153.2 MB
[runlim] sample:		57.8 time, 60.4 real, 161.5 MB
[runlim] sample:		67.8 time, 70.4 real, 168.9 MB
[runlim] sample:		77.8 time, 80.4 real, 176.4 MB
[runlim] sample:		87.8 time, 90.4 real, 182.6 MB
[runlim] sample:		97.8 time, 100.4 real, 190.0 MB
[runlim] sample:		107.8 time, 110.4 real, 195.9 MB
[runlim] sample:		117.8 time, 120.4 real, 201.1 MB
[runlim] sample:		126.5 time, 130.4 real, 206.8 MB
[runlim] sample:		134.5 time, 140.4 real, 210.5 MB
[runlim] sample:		144.1 time, 150.4 real, 217.2 MB
[runlim] sample:		154.1 time, 160.4 real, 221.6 MB
[runlim] sample:		164.1 time, 170.4 real, 227.6 MB
[runlim] sample:		173.0 time, 180.4 real, 233.4 MB
[runlim] sample:		181.4 time, 190.4 real, 238.3 MB
[runlim] sample:		191.4 time, 200.4 real, 242.1 MB
[runlim] sample:		201.3 time, 210.4 real, 247.9 MB
[runlim] sample:		211.3 time, 220.4 real, 252.5 MB
[runlim] sample:		221.3 time, 230.4 real, 256.6 MB
[runlim] sample:		231.3 time, 240.4 real, 262.5 MB
[runlim] sample:		241.3 time, 250.4 real, 266.6 MB
[runlim] sample:		250.8 time, 260.4 real, 268.4 MB
[runlim] sample:		260.8 time, 270.4 real, 272.3 MB
[runlim] sample:		269.9 time, 280.4 real, 276.2 MB
[runlim] sample:		279.2 time, 290.4 real, 279.3 MB
[runlim] sample:		288.7 time, 300.4 real, 281.6 MB
[runlim] end:			Tue Feb  5 10:48:17 2019
[runlim] status:		signal(9)
[runlim] result:		11
[runlim] children:		0
[runlim] real:			309.61 seconds
[runlim] time:			297.91 seconds
[runlim] space:			284.9 MB
[runlim] samples:		3092
