[runlim] version:		1.10fixed
[runlim] time limit:		300 seconds
[runlim] real time limit:	311040000 seconds
[runlim] space limit:		4000 MB
[runlim] argv[0]:		./cvc4
[runlim] argv[1]:		--cbqi-all
[runlim] argv[2]:		/tmp/tJy9Cqyb.smt2
[runlim] start:			Tue Feb  5 10:38:07 2019
[runlim] main pid:		24838
[runlim] sample:		7.7 time, 10.2 real, 50.1 MB
[runlim] sample:		17.7 time, 20.2 real, 65.8 MB
[runlim] sample:		27.7 time, 30.2 real, 75.9 MB
[runlim] sample:		37.7 time, 40.2 real, 83.4 MB
[runlim] sample:		47.6 time, 50.2 real, 90.3 MB
[runlim] sample:		57.5 time, 60.2 real, 96.9 MB
[runlim] sample:		67.5 time, 70.2 real, 105.0 MB
[runlim] sample:		77.1 time, 80.2 real, 110.4 MB
[runlim] sample:		86.8 time, 90.2 real, 114.5 MB
[runlim] sample:		96.0 time, 100.2 real, 118.1 MB
[runlim] sample:		105.0 time, 110.2 real, 121.5 MB
[runlim] sample:		114.3 time, 120.2 real, 124.3 MB
[runlim] sample:		123.7 time, 130.2 real, 127.1 MB
[runlim] sample:		133.0 time, 140.2 real, 130.5 MB
[runlim] sample:		142.6 time, 150.2 real, 133.8 MB
[runlim] sample:		152.6 time, 160.2 real, 138.0 MB
[runlim] sample:		162.5 time, 170.2 real, 140.0 MB
[runlim] sample:		172.5 time, 180.2 real, 143.4 MB
[runlim] sample:		182.5 time, 190.2 real, 146.0 MB
[runlim] sample:		192.2 time, 200.2 real, 148.5 MB
[runlim] sample:		201.5 time, 210.2 real, 150.9 MB
[runlim] sample:		210.8 time, 220.2 real, 153.2 MB
[runlim] sample:		220.2 time, 230.2 real, 156.5 MB
[runlim] sample:		229.5 time, 240.2 real, 158.8 MB
[runlim] sample:		238.8 time, 250.2 real, 160.6 MB
[runlim] sample:		248.3 time, 260.2 real, 163.0 MB
[runlim] sample:		258.0 time, 270.2 real, 166.7 MB
[runlim] sample:		267.7 time, 280.2 real, 168.7 MB
[runlim] sample:		277.5 time, 290.2 real, 170.5 MB
[runlim] sample:		286.9 time, 300.2 real, 172.3 MB
[runlim] sample:		296.2 time, 310.2 real, 174.2 MB
[runlim] end:			Tue Feb  5 10:43:17 2019
[runlim] status:		signal(9)
[runlim] result:		11
[runlim] children:		0
[runlim] real:			310.98 seconds
[runlim] time:			297.00 seconds
[runlim] space:			174.2 MB
[runlim] samples:		3108
