[runlim] version:		1.10fixed
[runlim] time limit:		300 seconds
[runlim] real time limit:	311040000 seconds
[runlim] space limit:		4000 MB
[runlim] argv[0]:		./cvc4
[runlim] argv[1]:		--cbqi-all
[runlim] argv[2]:		/tmp/LneldQ75.smt2
[runlim] start:			Tue Feb  5 10:39:07 2019
[runlim] main pid:		10034
[runlim] sample:		9.2 time, 10.6 real, 41.7 MB
[runlim] sample:		18.6 time, 20.6 real, 54.0 MB
[runlim] sample:		28.6 time, 30.6 real, 63.2 MB
[runlim] sample:		38.6 time, 40.6 real, 71.9 MB
[runlim] sample:		48.6 time, 50.6 real, 77.9 MB
[runlim] sample:		58.6 time, 60.6 real, 83.5 MB
[runlim] sample:		68.6 time, 70.6 real, 88.4 MB
[runlim] sample:		78.6 time, 80.6 real, 93.1 MB
[runlim] sample:		88.5 time, 90.6 real, 96.9 MB
[runlim] sample:		97.7 time, 100.6 real, 100.6 MB
[runlim] sample:		106.9 time, 110.6 real, 110.4 MB
[runlim] sample:		116.2 time, 120.6 real, 114.0 MB
[runlim] sample:		124.4 time, 130.6 real, 116.9 MB
[runlim] sample:		132.7 time, 140.6 real, 119.4 MB
[runlim] sample:		142.4 time, 150.6 real, 122.5 MB
[runlim] sample:		150.7 time, 160.6 real, 124.9 MB
[runlim] sample:		158.3 time, 170.6 real, 127.2 MB
[runlim] sample:		167.7 time, 180.6 real, 130.0 MB
[runlim] sample:		177.7 time, 190.6 real, 132.3 MB
[runlim] sample:		187.7 time, 200.6 real, 134.9 MB
[runlim] sample:		197.7 time, 210.6 real, 137.5 MB
[runlim] sample:		207.7 time, 220.6 real, 139.8 MB
[runlim] sample:		217.7 time, 230.6 real, 141.9 MB
[runlim] sample:		227.7 time, 240.6 real, 143.9 MB
[runlim] sample:		237.7 time, 250.6 real, 146.3 MB
[runlim] sample:		247.7 time, 260.6 real, 148.3 MB
[runlim] sample:		257.6 time, 270.6 real, 150.1 MB
[runlim] sample:		266.0 time, 280.6 real, 151.9 MB
[runlim] sample:		274.5 time, 290.6 real, 153.5 MB
[runlim] sample:		283.1 time, 300.6 real, 155.3 MB
[runlim] sample:		291.8 time, 310.6 real, 156.8 MB
CVC4 interrupted by SIGTERM.
[runlim] end:			Tue Feb  5 10:44:26 2019
[runlim] status:		out of time
[runlim] result:		2
[runlim] children:		0
[runlim] real:			319.08 seconds
[runlim] time:			300.10 seconds
[runlim] space:			158.4 MB
[runlim] samples:		3185
