[runlim] version:		1.10fixed
[runlim] time limit:		300 seconds
[runlim] real time limit:	311040000 seconds
[runlim] space limit:		4000 MB
[runlim] argv[0]:		./cvc4
[runlim] argv[1]:		--cbqi-all
[runlim] argv[2]:		/tmp/HEv5Emt2.smt2
[runlim] start:			Tue Feb  5 10:37:35 2019
[runlim] main pid:		10211
[runlim] sample:		8.8 time, 10.6 real, 52.4 MB
[runlim] sample:		18.3 time, 20.6 real, 66.4 MB
[runlim] sample:		27.9 time, 30.6 real, 75.4 MB
[runlim] sample:		37.4 time, 40.6 real, 83.1 MB
[runlim] sample:		45.2 time, 50.6 real, 88.5 MB
[runlim] sample:		55.2 time, 60.6 real, 96.3 MB
[runlim] sample:		65.2 time, 70.6 real, 101.3 MB
[runlim] sample:		74.4 time, 80.6 real, 108.5 MB
[runlim] sample:		83.3 time, 90.6 real, 112.6 MB
[runlim] sample:		93.1 time, 100.6 real, 116.7 MB
[runlim] sample:		103.1 time, 110.6 real, 120.3 MB
[runlim] sample:		113.1 time, 120.6 real, 123.2 MB
[runlim] sample:		123.1 time, 130.6 real, 126.3 MB
[runlim] sample:		133.1 time, 140.6 real, 129.4 MB
[runlim] sample:		143.1 time, 150.6 real, 133.2 MB
[runlim] sample:		153.0 time, 160.6 real, 136.8 MB
[runlim] sample:		161.9 time, 170.6 real, 139.1 MB
[runlim] sample:		170.6 time, 180.6 real, 142.0 MB
[runlim] sample:		179.2 time, 190.6 real, 144.3 MB
[runlim] sample:		187.9 time, 200.6 real, 146.4 MB
[runlim] sample:		196.6 time, 210.6 real, 148.2 MB
[runlim] sample:		205.2 time, 220.6 real, 150.5 MB
[runlim] sample:		213.8 time, 230.6 real, 152.8 MB
[runlim] sample:		222.5 time, 240.6 real, 157.2 MB
[runlim] sample:		231.1 time, 250.6 real, 158.0 MB
[runlim] sample:		239.8 time, 260.6 real, 159.8 MB
[runlim] sample:		248.4 time, 270.6 real, 162.1 MB
[runlim] sample:		257.1 time, 280.6 real, 163.4 MB
[runlim] sample:		265.8 time, 290.6 real, 165.2 MB
[runlim] sample:		274.4 time, 300.6 real, 166.7 MB
[runlim] sample:		283.1 time, 310.6 real, 170.3 MB
[runlim] end:			Tue Feb  5 10:42:51 2019
[runlim] status:		signal(9)
[runlim] result:		11
[runlim] children:		0
[runlim] real:			316.32 seconds
[runlim] time:			288.01 seconds
[runlim] space:			171.3 MB
[runlim] samples:		3157
