[runlim] version:		1.10fixed
[runlim] time limit:		300 seconds
[runlim] real time limit:	311040000 seconds
[runlim] space limit:		4000 MB
[runlim] argv[0]:		./z3
[runlim] argv[1]:		/tmp/BR90y7dd.smt2
[runlim] start:			Tue Feb  5 13:58:10 2019
[runlim] main pid:		31768
[runlim] sample:		9.8 time, 10.2 real, 24.5 MB
[runlim] sample:		19.8 time, 20.2 real, 44.8 MB
[runlim] sample:		28.2 time, 30.2 real, 45.3 MB
[runlim] sample:		37.8 time, 40.2 real, 45.3 MB
[runlim] sample:		47.6 time, 50.2 real, 45.3 MB
[runlim] sample:		57.2 time, 60.2 real, 45.3 MB
[runlim] sample:		66.9 time, 70.2 real, 45.3 MB
[runlim] sample:		76.9 time, 80.2 real, 45.3 MB
[runlim] sample:		86.5 time, 90.2 real, 45.6 MB
[runlim] sample:		96.5 time, 100.2 real, 46.3 MB
[runlim] sample:		106.5 time, 110.2 real, 46.3 MB
[runlim] sample:		116.5 time, 120.2 real, 46.3 MB
[runlim] sample:		126.5 time, 130.2 real, 46.3 MB
[runlim] sample:		136.5 time, 140.2 real, 46.3 MB
[runlim] sample:		146.5 time, 150.2 real, 46.3 MB
[runlim] sample:		156.5 time, 160.2 real, 46.3 MB
[runlim] sample:		166.5 time, 170.2 real, 46.3 MB
[runlim] sample:		176.5 time, 180.2 real, 46.3 MB
[runlim] sample:		186.5 time, 190.2 real, 46.3 MB
[runlim] sample:		196.5 time, 200.2 real, 46.3 MB
[runlim] sample:		206.5 time, 210.2 real, 46.3 MB
[runlim] sample:		216.5 time, 220.2 real, 46.3 MB
[runlim] sample:		226.5 time, 230.2 real, 46.3 MB
[runlim] sample:		236.5 time, 240.2 real, 46.3 MB
[runlim] sample:		246.5 time, 250.2 real, 46.3 MB
[runlim] sample:		256.5 time, 260.2 real, 46.3 MB
[runlim] sample:		266.5 time, 270.2 real, 46.6 MB
[runlim] sample:		276.5 time, 280.2 real, 46.6 MB
[runlim] sample:		286.5 time, 290.2 real, 46.6 MB
[runlim] sample:		296.5 time, 300.2 real, 46.6 MB
[runlim] end:			Tue Feb  5 14:03:13 2019
[runlim] status:		out of time
[runlim] result:		2
[runlim] children:		0
[runlim] real:			303.80 seconds
[runlim] time:			300.06 seconds
[runlim] space:			46.9 MB
[runlim] samples:		3036
