[runlim] version:		1.10fixed
[runlim] time limit:		300 seconds
[runlim] real time limit:	311040000 seconds
[runlim] space limit:		4000 MB
[runlim] argv[0]:		./z3
[runlim] argv[1]:		/tmp/dP34FZxK.smt2
[runlim] start:			Tue Jan 29 17:27:47 2019
[runlim] main pid:		9580
[runlim] sample:		8.8 time, 10.7 real, 15.6 MB
[runlim] sample:		18.8 time, 20.7 real, 17.1 MB
[runlim] sample:		28.8 time, 30.7 real, 20.5 MB
[runlim] sample:		38.6 time, 40.7 real, 21.7 MB
[runlim] sample:		48.4 time, 50.7 real, 21.7 MB
[runlim] sample:		58.4 time, 60.7 real, 21.7 MB
[runlim] end:			Tue Jan 29 17:28:50 2019
[runlim] status:		ok
[runlim] result:		0
[runlim] children:		0
[runlim] real:			63.67 seconds
[runlim] time:			61.29 seconds
[runlim] space:			27.3 MB
[runlim] samples:		629
