[runlim] version:		1.10fixed
[runlim] time limit:		300 seconds
[runlim] real time limit:	311040000 seconds
[runlim] space limit:		4000 MB
[runlim] argv[0]:		./z3
[runlim] argv[1]:		/tmp/TtzLivtj.smt2
[runlim] start:			Tue Feb  5 11:05:38 2019
[runlim] main pid:		5345
[runlim] sample:		9.6 time, 10.8 real, 20.6 MB
[runlim] sample:		18.9 time, 20.8 real, 22.3 MB
[runlim] sample:		28.2 time, 30.8 real, 23.0 MB
[runlim] sample:		37.8 time, 40.8 real, 23.0 MB
[runlim] sample:		47.8 time, 50.8 real, 23.0 MB
[runlim] sample:		57.8 time, 60.8 real, 23.3 MB
[runlim] sample:		67.8 time, 70.8 real, 23.3 MB
[runlim] sample:		77.8 time, 80.8 real, 26.1 MB
[runlim] sample:		87.8 time, 90.8 real, 49.2 MB
[runlim] sample:		97.8 time, 100.8 real, 49.4 MB
[runlim] sample:		107.8 time, 110.8 real, 49.4 MB
[runlim] sample:		117.8 time, 120.8 real, 49.4 MB
[runlim] sample:		127.8 time, 130.8 real, 49.4 MB
[runlim] sample:		137.8 time, 140.8 real, 49.4 MB
[runlim] sample:		147.8 time, 150.8 real, 49.9 MB
[runlim] sample:		157.8 time, 160.8 real, 49.8 MB
[runlim] sample:		166.7 time, 170.8 real, 49.6 MB
[runlim] sample:		175.7 time, 180.8 real, 49.8 MB
[runlim] sample:		184.5 time, 190.8 real, 50.0 MB
[runlim] sample:		192.9 time, 200.8 real, 54.1 MB
[runlim] sample:		201.7 time, 210.8 real, 54.0 MB
[runlim] sample:		210.6 time, 220.8 real, 54.1 MB
[runlim] sample:		219.6 time, 230.8 real, 54.0 MB
[runlim] sample:		228.4 time, 240.8 real, 56.2 MB
[runlim] sample:		238.2 time, 250.8 real, 56.2 MB
[runlim] sample:		248.2 time, 260.8 real, 56.2 MB
[runlim] sample:		257.9 time, 270.8 real, 52.2 MB
[runlim] sample:		267.5 time, 280.8 real, 52.2 MB
[runlim] sample:		277.4 time, 290.8 real, 52.7 MB
[runlim] sample:		287.4 time, 300.8 real, 52.2 MB
[runlim] sample:		297.4 time, 310.8 real, 52.2 MB
[runlim] end:			Tue Feb  5 11:10:51 2019
[runlim] status:		out of time
[runlim] result:		2
[runlim] children:		0
[runlim] real:			313.43 seconds
[runlim] time:			300.01 seconds
[runlim] space:			59.3 MB
[runlim] samples:		3126
