[runlim] version:		1.10fixed
[runlim] time limit:		300 seconds
[runlim] real time limit:	311040000 seconds
[runlim] space limit:		4000 MB
[runlim] argv[0]:		./z3
[runlim] argv[1]:		/tmp/DxKCRLUP.smt2
[runlim] start:			Tue Jan 29 17:28:46 2019
[runlim] main pid:		19946
[runlim] sample:		9.6 time, 10.7 real, 19.4 MB
[runlim] sample:		19.6 time, 20.7 real, 19.3 MB
[runlim] sample:		29.5 time, 30.7 real, 21.9 MB
[runlim] sample:		39.5 time, 40.7 real, 20.2 MB
[runlim] sample:		49.1 time, 50.7 real, 32.4 MB
[runlim] sample:		59.1 time, 60.7 real, 24.1 MB
[runlim] sample:		69.1 time, 70.7 real, 24.3 MB
[runlim] sample:		79.1 time, 80.7 real, 24.3 MB
[runlim] sample:		89.1 time, 90.7 real, 22.7 MB
[runlim] sample:		99.1 time, 100.7 real, 27.9 MB
[runlim] sample:		109.1 time, 110.7 real, 27.9 MB
[runlim] sample:		119.1 time, 120.7 real, 53.3 MB
[runlim] sample:		129.1 time, 130.7 real, 53.3 MB
[runlim] sample:		139.1 time, 140.7 real, 53.3 MB
[runlim] sample:		149.1 time, 150.7 real, 53.3 MB
[runlim] sample:		159.1 time, 160.7 real, 53.6 MB
[runlim] sample:		169.1 time, 170.7 real, 64.5 MB
[runlim] sample:		179.1 time, 180.7 real, 75.3 MB
[runlim] sample:		189.1 time, 190.7 real, 85.4 MB
[runlim] sample:		199.1 time, 200.7 real, 95.7 MB
[runlim] sample:		209.1 time, 210.7 real, 98.0 MB
[runlim] sample:		219.1 time, 220.7 real, 109.2 MB
[runlim] sample:		229.1 time, 230.7 real, 122.0 MB
[runlim] sample:		239.1 time, 240.7 real, 125.3 MB
[runlim] sample:		249.1 time, 250.7 real, 131.9 MB
[runlim] sample:		259.1 time, 260.7 real, 143.4 MB
[runlim] sample:		269.1 time, 270.7 real, 153.1 MB
[runlim] sample:		279.1 time, 280.7 real, 160.4 MB
[runlim] sample:		289.1 time, 290.7 real, 169.6 MB
[runlim] sample:		299.1 time, 300.7 real, 174.0 MB
[runlim] end:			Tue Jan 29 17:33:47 2019
[runlim] status:		out of time
[runlim] result:		2
[runlim] children:		0
[runlim] real:			301.68 seconds
[runlim] time:			300.08 seconds
[runlim] space:			174.0 MB
[runlim] samples:		3010
