[runlim] version:		1.10fixed
[runlim] time limit:		300 seconds
[runlim] real time limit:	311040000 seconds
[runlim] space limit:		4000 MB
[runlim] argv[0]:		./z3
[runlim] argv[1]:		/tmp/SCmmExV8.smt2
[runlim] start:			Tue Feb  5 11:10:21 2019
[runlim] main pid:		5739
[runlim] sample:		8.1 time, 10.6 real, 26.8 MB
[runlim] sample:		16.3 time, 20.6 real, 27.1 MB
[runlim] sample:		24.9 time, 30.6 real, 22.2 MB
[runlim] sample:		34.9 time, 40.6 real, 23.0 MB
[runlim] sample:		44.9 time, 50.6 real, 31.4 MB
[runlim] sample:		54.8 time, 60.6 real, 44.6 MB
[runlim] sample:		64.8 time, 70.6 real, 42.9 MB
[runlim] sample:		74.8 time, 80.6 real, 42.9 MB
[runlim] sample:		84.8 time, 90.6 real, 42.9 MB
[runlim] sample:		94.8 time, 100.6 real, 40.4 MB
[runlim] sample:		104.8 time, 110.6 real, 40.4 MB
[runlim] sample:		114.8 time, 120.6 real, 40.4 MB
[runlim] sample:		124.8 time, 130.6 real, 40.4 MB
[runlim] sample:		134.8 time, 140.6 real, 46.4 MB
[runlim] sample:		144.8 time, 150.6 real, 46.4 MB
[runlim] sample:		154.8 time, 160.6 real, 40.4 MB
[runlim] sample:		164.8 time, 170.6 real, 40.4 MB
[runlim] sample:		174.8 time, 180.6 real, 40.4 MB
[runlim] sample:		184.8 time, 190.6 real, 98.7 MB
[runlim] sample:		194.8 time, 200.6 real, 220.9 MB
[runlim] sample:		204.8 time, 210.6 real, 290.9 MB
[runlim] sample:		214.8 time, 220.6 real, 308.7 MB
[runlim] sample:		224.8 time, 230.6 real, 373.9 MB
[runlim] sample:		234.8 time, 240.6 real, 373.9 MB
[runlim] sample:		244.8 time, 250.6 real, 373.9 MB
[runlim] sample:		254.8 time, 260.6 real, 373.9 MB
[runlim] sample:		264.8 time, 270.6 real, 373.9 MB
[runlim] sample:		274.8 time, 280.6 real, 373.9 MB
[runlim] sample:		284.8 time, 290.6 real, 373.9 MB
[runlim] sample:		294.8 time, 300.6 real, 373.9 MB
[runlim] end:			Tue Feb  5 11:15:26 2019
[runlim] status:		out of time
[runlim] result:		2
[runlim] children:		0
[runlim] real:			305.78 seconds
[runlim] time:			300.04 seconds
[runlim] space:			390.2 MB
[runlim] samples:		3052
