[runlim] version:		1.10fixed
[runlim] time limit:		300 seconds
[runlim] real time limit:	311040000 seconds
[runlim] space limit:		4000 MB
[runlim] argv[0]:		./z3
[runlim] argv[1]:		/tmp/Rc2bpszX.smt2
[runlim] start:			Tue Feb  5 11:09:32 2019
[runlim] main pid:		28152
[runlim] sample:		9.1 time, 10.3 real, 28.3 MB
[runlim] sample:		18.8 time, 20.3 real, 32.6 MB
[runlim] sample:		28.8 time, 30.3 real, 36.9 MB
[runlim] sample:		38.2 time, 40.3 real, 40.7 MB
[runlim] sample:		48.2 time, 50.3 real, 42.9 MB
[runlim] sample:		58.2 time, 60.3 real, 44.5 MB
[runlim] sample:		68.2 time, 70.3 real, 45.8 MB
[runlim] sample:		78.2 time, 80.3 real, 47.2 MB
[runlim] sample:		88.2 time, 90.3 real, 48.0 MB
[runlim] sample:		98.2 time, 100.3 real, 49.0 MB
[runlim] sample:		108.2 time, 110.3 real, 49.8 MB
[runlim] sample:		118.2 time, 120.3 real, 52.4 MB
[runlim] sample:		128.2 time, 130.3 real, 52.9 MB
[runlim] sample:		138.2 time, 140.3 real, 53.4 MB
[runlim] sample:		148.2 time, 150.3 real, 54.2 MB
[runlim] sample:		158.2 time, 160.3 real, 54.7 MB
[runlim] sample:		168.2 time, 170.3 real, 56.9 MB
[runlim] sample:		178.2 time, 180.3 real, 58.7 MB
[runlim] sample:		188.2 time, 190.3 real, 64.2 MB
[runlim] sample:		198.2 time, 200.3 real, 65.2 MB
[runlim] sample:		208.2 time, 210.3 real, 67.5 MB
[runlim] sample:		218.2 time, 220.3 real, 67.8 MB
[runlim] sample:		228.2 time, 230.3 real, 70.3 MB
[runlim] sample:		238.2 time, 240.3 real, 72.4 MB
[runlim] sample:		248.2 time, 250.3 real, 73.2 MB
[runlim] sample:		258.2 time, 260.3 real, 74.2 MB
[runlim] sample:		268.2 time, 270.3 real, 76.0 MB
[runlim] sample:		278.2 time, 280.3 real, 80.0 MB
[runlim] sample:		288.2 time, 290.3 real, 81.3 MB
[runlim] sample:		298.2 time, 300.3 real, 82.8 MB
[runlim] end:			Tue Feb  5 11:14:34 2019
[runlim] status:		out of time
[runlim] result:		2
[runlim] children:		0
[runlim] real:			302.19 seconds
[runlim] time:			300.07 seconds
[runlim] space:			83.3 MB
[runlim] samples:		3019
