[runlim] version:		1.10fixed
[runlim] time limit:		300 seconds
[runlim] real time limit:	311040000 seconds
[runlim] space limit:		4000 MB
[runlim] argv[0]:		./z3
[runlim] argv[1]:		/tmp/xSxBPdd9.smt2
[runlim] start:			Tue Feb  5 13:57:28 2019
[runlim] main pid:		4808
[runlim] sample:		10.0 time, 10.9 real, 16.7 MB
[runlim] sample:		20.0 time, 20.9 real, 19.1 MB
[runlim] sample:		30.0 time, 30.9 real, 21.8 MB
[runlim] sample:		40.0 time, 40.9 real, 20.7 MB
[runlim] sample:		50.0 time, 50.9 real, 20.6 MB
[runlim] sample:		60.0 time, 60.9 real, 20.6 MB
[runlim] sample:		70.0 time, 70.9 real, 20.6 MB
[runlim] sample:		80.0 time, 80.9 real, 20.6 MB
[runlim] sample:		90.0 time, 90.9 real, 22.6 MB
[runlim] sample:		100.0 time, 100.9 real, 35.2 MB
[runlim] sample:		110.0 time, 110.9 real, 44.4 MB
[runlim] sample:		120.0 time, 120.9 real, 44.7 MB
[runlim] sample:		130.0 time, 130.9 real, 29.7 MB
[runlim] sample:		140.0 time, 140.9 real, 36.2 MB
[runlim] sample:		149.9 time, 150.9 real, 29.2 MB
[runlim] sample:		160.0 time, 160.9 real, 30.1 MB
[runlim] sample:		170.0 time, 170.9 real, 30.8 MB
[runlim] sample:		179.9 time, 180.9 real, 32.9 MB
[runlim] sample:		190.0 time, 190.9 real, 45.2 MB
[runlim] sample:		200.0 time, 200.9 real, 35.8 MB
[runlim] sample:		209.9 time, 210.9 real, 41.3 MB
[runlim] sample:		220.0 time, 220.9 real, 42.2 MB
[runlim] sample:		229.9 time, 230.9 real, 42.2 MB
[runlim] sample:		240.0 time, 240.9 real, 41.4 MB
[runlim] sample:		249.9 time, 250.9 real, 41.4 MB
[runlim] sample:		259.9 time, 260.9 real, 29.3 MB
[runlim] sample:		269.9 time, 270.9 real, 30.1 MB
[runlim] sample:		279.9 time, 280.9 real, 32.7 MB
[runlim] sample:		289.9 time, 290.9 real, 34.2 MB
[runlim] sample:		299.9 time, 300.9 real, 34.7 MB
[runlim] end:			Tue Feb  5 14:02:29 2019
[runlim] status:		out of time
[runlim] result:		2
[runlim] children:		0
[runlim] real:			301.03 seconds
[runlim] time:			300.05 seconds
[runlim] space:			46.1 MB
[runlim] samples:		3001
