[runlim] version:		1.10fixed
[runlim] time limit:		300 seconds
[runlim] real time limit:	311040000 seconds
[runlim] space limit:		4000 MB
[runlim] argv[0]:		./z3
[runlim] argv[1]:		/tmp/VNE4Aa92.smt2
[runlim] start:			Tue Feb  5 11:09:43 2019
[runlim] main pid:		18679
[runlim] sample:		8.0 time, 10.7 real, 28.7 MB
[runlim] sample:		17.7 time, 20.7 real, 35.0 MB
[runlim] sample:		27.4 time, 30.7 real, 37.8 MB
[runlim] sample:		37.1 time, 40.7 real, 39.6 MB
[runlim] sample:		46.7 time, 50.7 real, 41.6 MB
[runlim] sample:		56.7 time, 60.7 real, 42.9 MB
[runlim] sample:		66.3 time, 70.7 real, 48.3 MB
[runlim] sample:		74.5 time, 80.7 real, 51.1 MB
[runlim] sample:		82.8 time, 90.7 real, 52.6 MB
[runlim] sample:		91.8 time, 100.7 real, 54.6 MB
[runlim] sample:		101.8 time, 110.7 real, 55.4 MB
[runlim] sample:		111.8 time, 120.7 real, 58.2 MB
[runlim] sample:		121.7 time, 130.7 real, 58.8 MB
[runlim] sample:		131.7 time, 140.7 real, 60.8 MB
[runlim] sample:		141.7 time, 150.7 real, 64.4 MB
[runlim] sample:		151.7 time, 160.7 real, 67.0 MB
[runlim] sample:		161.7 time, 170.7 real, 67.7 MB
[runlim] sample:		171.7 time, 180.7 real, 69.3 MB
[runlim] sample:		181.7 time, 190.7 real, 70.1 MB
[runlim] sample:		191.7 time, 200.7 real, 70.8 MB
[runlim] sample:		201.7 time, 210.7 real, 72.9 MB
[runlim] sample:		211.7 time, 220.7 real, 73.7 MB
[runlim] sample:		221.7 time, 230.7 real, 75.0 MB
[runlim] sample:		231.7 time, 240.7 real, 75.2 MB
[runlim] sample:		241.7 time, 250.7 real, 76.2 MB
[runlim] sample:		251.7 time, 260.7 real, 77.0 MB
[runlim] sample:		261.7 time, 270.7 real, 78.8 MB
[runlim] sample:		271.7 time, 280.7 real, 79.1 MB
[runlim] sample:		281.7 time, 290.7 real, 80.1 MB
[runlim] sample:		291.7 time, 300.7 real, 82.5 MB
[runlim] end:			Tue Feb  5 11:14:51 2019
[runlim] status:		signal(9)
[runlim] result:		11
[runlim] children:		0
[runlim] real:			308.64 seconds
[runlim] time:			299.62 seconds
[runlim] space:			83.0 MB
[runlim] samples:		3079
