[runlim] version:		1.10fixed
[runlim] time limit:		300 seconds
[runlim] real time limit:	311040000 seconds
[runlim] space limit:		4000 MB
[runlim] argv[0]:		./z3
[runlim] argv[1]:		/tmp/4d0tLvpP.smt2
[runlim] start:			Tue Jan 29 17:28:24 2019
[runlim] main pid:		5942
[runlim] sample:		7.4 time, 10.7 real, 20.8 MB
[runlim] sample:		14.8 time, 20.7 real, 20.9 MB
[runlim] sample:		24.8 time, 30.7 real, 23.6 MB
[runlim] sample:		34.8 time, 40.7 real, 26.1 MB
[runlim] sample:		44.8 time, 50.7 real, 28.7 MB
[runlim] sample:		54.8 time, 60.7 real, 29.0 MB
[runlim] sample:		64.8 time, 70.7 real, 29.1 MB
[runlim] sample:		74.8 time, 80.7 real, 29.0 MB
[runlim] sample:		84.8 time, 90.7 real, 29.3 MB
[runlim] sample:		94.5 time, 100.7 real, 35.7 MB
[runlim] sample:		104.5 time, 110.7 real, 42.2 MB
[runlim] sample:		114.5 time, 120.7 real, 42.7 MB
[runlim] sample:		124.5 time, 130.7 real, 44.0 MB
[runlim] sample:		134.5 time, 140.7 real, 42.3 MB
[runlim] sample:		144.5 time, 150.7 real, 42.7 MB
[runlim] sample:		154.5 time, 160.7 real, 42.3 MB
[runlim] sample:		164.5 time, 170.7 real, 45.8 MB
[runlim] sample:		174.5 time, 180.7 real, 42.3 MB
[runlim] sample:		184.5 time, 190.7 real, 45.9 MB
[runlim] sample:		194.5 time, 200.7 real, 45.8 MB
[runlim] sample:		204.5 time, 210.7 real, 45.9 MB
[runlim] sample:		214.5 time, 220.7 real, 45.9 MB
[runlim] sample:		224.5 time, 230.7 real, 51.5 MB
[runlim] sample:		234.5 time, 240.7 real, 68.5 MB
[runlim] sample:		244.5 time, 250.7 real, 68.5 MB
[runlim] sample:		254.5 time, 260.7 real, 68.5 MB
[runlim] sample:		264.5 time, 270.7 real, 68.5 MB
[runlim] sample:		274.5 time, 280.7 real, 68.5 MB
[runlim] sample:		284.5 time, 290.7 real, 68.5 MB
[runlim] sample:		294.5 time, 300.7 real, 68.5 MB
[runlim] end:			Tue Jan 29 17:33:30 2019
[runlim] status:		signal(9)
[runlim] result:		11
[runlim] children:		0
[runlim] real:			306.02 seconds
[runlim] time:			299.81 seconds
[runlim] space:			68.5 MB
[runlim] samples:		3053
