[runlim] version:		1.10fixed
[runlim] time limit:		300 seconds
[runlim] real time limit:	311040000 seconds
[runlim] space limit:		4000 MB
[runlim] argv[0]:		./z3
[runlim] argv[1]:		/tmp/SxTCH1Ak.smt2
[runlim] start:			Tue Jan 29 17:26:16 2019
[runlim] main pid:		20959
[runlim] sample:		8.6 time, 11.0 real, 16.2 MB
[runlim] sample:		17.9 time, 21.0 real, 16.3 MB
[runlim] sample:		27.9 time, 31.0 real, 21.0 MB
[runlim] sample:		37.9 time, 41.0 real, 28.7 MB
[runlim] sample:		47.4 time, 51.0 real, 34.5 MB
[runlim] sample:		54.9 time, 61.0 real, 35.0 MB
[runlim] sample:		64.4 time, 71.0 real, 45.8 MB
[runlim] sample:		74.4 time, 81.0 real, 46.0 MB
[runlim] sample:		84.4 time, 91.0 real, 46.0 MB
[runlim] sample:		93.7 time, 101.0 real, 46.0 MB
[runlim] sample:		102.6 time, 111.0 real, 46.0 MB
[runlim] sample:		112.6 time, 121.0 real, 46.0 MB
[runlim] sample:		121.5 time, 131.0 real, 46.0 MB
[runlim] sample:		131.1 time, 141.0 real, 46.0 MB
[runlim] sample:		140.5 time, 151.0 real, 46.0 MB
[runlim] sample:		148.9 time, 161.0 real, 46.0 MB
[runlim] sample:		157.6 time, 171.0 real, 46.0 MB
[runlim] sample:		166.9 time, 181.0 real, 46.0 MB
[runlim] sample:		175.0 time, 191.0 real, 46.0 MB
[runlim] sample:		182.7 time, 201.0 real, 46.0 MB
[runlim] sample:		190.7 time, 211.0 real, 46.0 MB
[runlim] sample:		199.9 time, 221.0 real, 46.0 MB
[runlim] sample:		209.4 time, 231.0 real, 46.0 MB
[runlim] sample:		218.3 time, 241.0 real, 46.0 MB
[runlim] sample:		227.1 time, 251.0 real, 46.0 MB
[runlim] sample:		236.8 time, 261.0 real, 46.0 MB
[runlim] sample:		245.6 time, 271.0 real, 46.0 MB
[runlim] sample:		253.5 time, 281.0 real, 46.0 MB
[runlim] sample:		261.8 time, 291.0 real, 46.0 MB
[runlim] sample:		269.7 time, 301.0 real, 46.0 MB
[runlim] sample:		279.1 time, 311.0 real, 46.0 MB
[runlim] sample:		288.1 time, 321.0 real, 46.0 MB
[runlim] sample:		296.8 time, 331.0 real, 46.0 MB
[runlim] end:			Tue Jan 29 17:31:50 2019
[runlim] status:		signal(9)
[runlim] result:		11
[runlim] children:		0
[runlim] real:			334.08 seconds
[runlim] time:			299.72 seconds
[runlim] space:			46.0 MB
[runlim] samples:		3331
