[runlim] version:		1.10fixed
[runlim] time limit:		300 seconds
[runlim] real time limit:	311040000 seconds
[runlim] space limit:		4000 MB
[runlim] argv[0]:		./z3
[runlim] argv[1]:		/tmp/TED7jYuL.smt2
[runlim] start:			Tue Feb  5 11:09:19 2019
[runlim] main pid:		9306
[runlim] sample:		9.1 time, 10.8 real, 30.0 MB
[runlim] sample:		18.6 time, 20.8 real, 38.4 MB
[runlim] sample:		28.2 time, 30.8 real, 43.4 MB
[runlim] sample:		37.7 time, 40.8 real, 46.1 MB
[runlim] sample:		47.4 time, 50.8 real, 48.9 MB
[runlim] sample:		57.2 time, 60.8 real, 49.4 MB
[runlim] sample:		67.2 time, 70.8 real, 50.2 MB
[runlim] sample:		77.2 time, 80.8 real, 51.8 MB
[runlim] sample:		87.2 time, 90.8 real, 53.3 MB
[runlim] sample:		97.2 time, 100.8 real, 55.4 MB
[runlim] sample:		107.2 time, 110.8 real, 56.7 MB
[runlim] sample:		117.2 time, 120.8 real, 57.9 MB
[runlim] sample:		127.2 time, 130.8 real, 59.0 MB
[runlim] sample:		137.2 time, 140.8 real, 60.0 MB
[runlim] sample:		147.0 time, 150.8 real, 60.3 MB
[runlim] sample:		157.0 time, 160.8 real, 61.5 MB
[runlim] sample:		166.4 time, 170.8 real, 62.0 MB
[runlim] sample:		175.7 time, 180.8 real, 62.0 MB
[runlim] sample:		185.2 time, 190.8 real, 62.3 MB
[runlim] sample:		194.9 time, 200.8 real, 62.5 MB
[runlim] sample:		204.8 time, 210.8 real, 63.1 MB
[runlim] sample:		214.6 time, 220.8 real, 65.8 MB
[runlim] sample:		223.8 time, 230.8 real, 67.1 MB
[runlim] sample:		233.8 time, 240.8 real, 67.9 MB
[runlim] sample:		243.6 time, 250.8 real, 68.9 MB
[runlim] sample:		253.4 time, 260.8 real, 69.7 MB
[runlim] sample:		263.3 time, 270.8 real, 71.2 MB
[runlim] sample:		273.3 time, 280.8 real, 72.0 MB
[runlim] sample:		283.1 time, 290.8 real, 72.5 MB
[runlim] sample:		292.8 time, 300.8 real, 74.8 MB
[runlim] end:			Tue Feb  5 11:14:27 2019
[runlim] status:		out of time
[runlim] result:		2
[runlim] children:		0
[runlim] real:			308.18 seconds
[runlim] time:			300.06 seconds
[runlim] space:			80.6 MB
[runlim] samples:		3074
