[runlim] version:		1.10fixed
[runlim] time limit:		300 seconds
[runlim] real time limit:	311040000 seconds
[runlim] space limit:		4000 MB
[runlim] argv[0]:		./z3
[runlim] argv[1]:		/tmp/Dc6jzh8f.smt2
[runlim] start:			Tue Feb  5 11:06:44 2019
[runlim] main pid:		5551
[runlim] sample:		7.3 time, 10.1 real, 24.5 MB
[runlim] sample:		14.6 time, 20.1 real, 28.4 MB
[runlim] sample:		23.4 time, 30.1 real, 28.4 MB
[runlim] sample:		33.4 time, 40.1 real, 28.4 MB
[runlim] sample:		43.4 time, 50.1 real, 28.4 MB
[runlim] sample:		53.4 time, 60.1 real, 28.4 MB
[runlim] sample:		63.4 time, 70.1 real, 28.4 MB
[runlim] sample:		72.8 time, 80.1 real, 28.6 MB
[runlim] sample:		82.0 time, 90.1 real, 28.6 MB
[runlim] sample:		92.0 time, 100.1 real, 28.6 MB
[runlim] sample:		102.0 time, 110.1 real, 28.6 MB
[runlim] sample:		112.0 time, 120.1 real, 28.6 MB
[runlim] sample:		121.6 time, 130.1 real, 28.8 MB
[runlim] sample:		130.9 time, 140.1 real, 40.1 MB
[runlim] sample:		139.7 time, 150.1 real, 65.3 MB
[runlim] sample:		149.1 time, 160.1 real, 65.3 MB
[runlim] sample:		158.3 time, 170.1 real, 65.3 MB
[runlim] sample:		167.0 time, 180.1 real, 65.3 MB
[runlim] sample:		174.9 time, 190.1 real, 65.3 MB
[runlim] sample:		183.5 time, 200.1 real, 65.3 MB
[runlim] sample:		192.8 time, 210.1 real, 65.3 MB
[runlim] sample:		201.7 time, 220.1 real, 65.3 MB
[runlim] sample:		209.8 time, 230.1 real, 65.3 MB
[runlim] sample:		218.2 time, 240.1 real, 65.3 MB
[runlim] sample:		227.5 time, 250.1 real, 65.3 MB
[runlim] sample:		237.2 time, 260.1 real, 65.3 MB
[runlim] sample:		246.9 time, 270.1 real, 65.3 MB
[runlim] sample:		256.9 time, 280.1 real, 65.3 MB
[runlim] sample:		266.9 time, 290.1 real, 65.3 MB
[runlim] sample:		276.9 time, 300.1 real, 65.3 MB
[runlim] sample:		286.8 time, 310.1 real, 65.3 MB
[runlim] sample:		296.8 time, 320.1 real, 65.3 MB
[runlim] end:			Tue Feb  5 11:12:04 2019
[runlim] status:		signal(9)
[runlim] result:		11
[runlim] children:		0
[runlim] real:			320.33 seconds
[runlim] time:			296.95 seconds
[runlim] space:			65.3 MB
[runlim] samples:		3202
