[runlim] version:		1.10fixed
[runlim] time limit:		300 seconds
[runlim] real time limit:	311040000 seconds
[runlim] space limit:		4000 MB
[runlim] argv[0]:		./z3
[runlim] argv[1]:		/tmp/vHIkofBx.smt2
[runlim] start:			Tue Jan 29 17:28:07 2019
[runlim] main pid:		31855
[runlim] sample:		8.7 time, 10.9 real, 18.0 MB
[runlim] sample:		18.7 time, 20.9 real, 19.9 MB
[runlim] sample:		28.7 time, 30.9 real, 23.6 MB
[runlim] sample:		38.7 time, 40.9 real, 31.8 MB
[runlim] sample:		48.7 time, 50.9 real, 42.9 MB
[runlim] sample:		58.7 time, 60.9 real, 43.9 MB
[runlim] sample:		68.7 time, 70.9 real, 43.2 MB
[runlim] sample:		78.7 time, 80.9 real, 20.4 MB
[runlim] sample:		88.7 time, 90.9 real, 19.8 MB
[runlim] sample:		98.7 time, 100.9 real, 20.0 MB
[runlim] sample:		108.7 time, 110.9 real, 19.6 MB
[runlim] sample:		118.7 time, 120.9 real, 26.7 MB
[runlim] sample:		128.7 time, 130.9 real, 21.4 MB
[runlim] sample:		138.7 time, 140.9 real, 20.1 MB
[runlim] sample:		148.7 time, 150.9 real, 20.3 MB
[runlim] sample:		158.7 time, 160.9 real, 34.5 MB
[runlim] sample:		168.7 time, 170.9 real, 20.2 MB
[runlim] sample:		178.7 time, 180.9 real, 23.8 MB
[runlim] sample:		188.7 time, 190.9 real, 20.2 MB
[runlim] sample:		198.7 time, 200.9 real, 21.9 MB
[runlim] sample:		208.7 time, 210.9 real, 22.7 MB
[runlim] sample:		218.7 time, 220.9 real, 21.0 MB
[runlim] sample:		228.7 time, 230.9 real, 21.8 MB
[runlim] sample:		238.7 time, 240.9 real, 39.2 MB
[runlim] sample:		248.7 time, 250.9 real, 38.0 MB
[runlim] sample:		258.7 time, 260.9 real, 31.4 MB
[runlim] sample:		268.7 time, 270.9 real, 22.6 MB
[runlim] sample:		278.7 time, 280.9 real, 25.0 MB
[runlim] sample:		288.7 time, 290.9 real, 51.6 MB
[runlim] sample:		298.7 time, 300.9 real, 51.0 MB
[runlim] end:			Tue Jan 29 17:33:09 2019
[runlim] status:		out of time
[runlim] result:		2
[runlim] children:		0
[runlim] real:			302.35 seconds
[runlim] time:			300.09 seconds
[runlim] space:			51.6 MB
[runlim] samples:		3014
