[runlim] version:		1.10fixed
[runlim] time limit:		300 seconds
[runlim] real time limit:	311040000 seconds
[runlim] space limit:		4000 MB
[runlim] argv[0]:		./z3
[runlim] argv[1]:		/tmp/Q1OS4NyS.smt2
[runlim] start:			Tue Feb  5 11:09:23 2019
[runlim] main pid:		28103
[runlim] sample:		9.9 time, 10.6 real, 32.3 MB
[runlim] sample:		19.9 time, 20.6 real, 39.6 MB
[runlim] sample:		29.9 time, 30.6 real, 45.2 MB
[runlim] sample:		39.9 time, 40.6 real, 46.9 MB
[runlim] sample:		49.9 time, 50.6 real, 50.5 MB
[runlim] sample:		59.9 time, 60.6 real, 53.7 MB
[runlim] sample:		69.9 time, 70.6 real, 56.2 MB
[runlim] sample:		79.9 time, 80.6 real, 57.5 MB
[runlim] sample:		89.9 time, 90.6 real, 60.2 MB
[runlim] sample:		99.9 time, 100.6 real, 62.0 MB
[runlim] sample:		109.9 time, 110.6 real, 63.0 MB
[runlim] sample:		119.9 time, 120.6 real, 67.9 MB
[runlim] sample:		129.9 time, 130.6 real, 77.7 MB
[runlim] sample:		139.9 time, 140.6 real, 81.3 MB
[runlim] sample:		149.9 time, 150.6 real, 82.1 MB
[runlim] sample:		159.9 time, 160.6 real, 82.6 MB
[runlim] sample:		169.9 time, 170.6 real, 82.6 MB
[runlim] sample:		179.9 time, 180.6 real, 82.8 MB
[runlim] sample:		189.9 time, 190.6 real, 83.1 MB
[runlim] sample:		199.9 time, 200.6 real, 84.9 MB
[runlim] sample:		209.9 time, 210.6 real, 86.7 MB
[runlim] sample:		219.9 time, 220.6 real, 87.7 MB
[runlim] sample:		229.9 time, 230.6 real, 90.1 MB
[runlim] sample:		239.9 time, 240.6 real, 90.8 MB
[runlim] sample:		249.9 time, 250.6 real, 93.1 MB
[runlim] sample:		259.9 time, 260.6 real, 93.9 MB
[runlim] sample:		269.9 time, 270.6 real, 95.2 MB
[runlim] sample:		279.9 time, 280.6 real, 97.8 MB
[runlim] sample:		289.9 time, 290.6 real, 99.6 MB
[runlim] sample:		299.9 time, 300.6 real, 100.1 MB
[runlim] end:			Tue Feb  5 11:14:23 2019
[runlim] status:		out of time
[runlim] result:		2
[runlim] children:		0
[runlim] real:			300.76 seconds
[runlim] time:			300.02 seconds
[runlim] space:			100.1 MB
[runlim] samples:		3001
