[runlim] version:		1.10fixed
[runlim] time limit:		300 seconds
[runlim] real time limit:	311040000 seconds
[runlim] space limit:		4000 MB
[runlim] argv[0]:		./z3
[runlim] argv[1]:		/tmp/DM3fhTZI.smt2
[runlim] start:			Tue Jan 29 17:28:03 2019
[runlim] main pid:		23727
[runlim] sample:		8.6 time, 10.8 real, 24.1 MB
[runlim] sample:		17.4 time, 20.8 real, 26.1 MB
[runlim] sample:		26.3 time, 30.8 real, 26.1 MB
[runlim] sample:		35.8 time, 40.8 real, 26.1 MB
[runlim] sample:		45.7 time, 50.8 real, 26.1 MB
[runlim] sample:		55.7 time, 60.8 real, 26.1 MB
[runlim] sample:		65.7 time, 70.8 real, 26.1 MB
[runlim] sample:		75.7 time, 80.8 real, 26.1 MB
[runlim] sample:		85.7 time, 90.8 real, 26.4 MB
[runlim] sample:		95.7 time, 100.8 real, 26.4 MB
[runlim] sample:		105.7 time, 110.8 real, 26.4 MB
[runlim] sample:		115.7 time, 120.8 real, 26.4 MB
[runlim] sample:		125.7 time, 130.8 real, 26.4 MB
[runlim] sample:		135.7 time, 140.8 real, 26.4 MB
[runlim] sample:		145.7 time, 150.8 real, 26.4 MB
[runlim] sample:		155.7 time, 160.8 real, 26.4 MB
[runlim] sample:		165.7 time, 170.8 real, 26.4 MB
[runlim] sample:		175.7 time, 180.8 real, 26.4 MB
[runlim] sample:		185.7 time, 190.8 real, 26.4 MB
[runlim] sample:		195.7 time, 200.8 real, 26.4 MB
[runlim] sample:		205.7 time, 210.8 real, 26.4 MB
[runlim] sample:		215.7 time, 220.8 real, 26.4 MB
[runlim] sample:		225.7 time, 230.8 real, 26.4 MB
[runlim] sample:		235.7 time, 240.8 real, 26.4 MB
[runlim] sample:		245.7 time, 250.8 real, 28.8 MB
[runlim] sample:		255.7 time, 260.8 real, 36.6 MB
[runlim] sample:		265.6 time, 270.8 real, 36.6 MB
[runlim] sample:		275.6 time, 280.8 real, 36.6 MB
[runlim] sample:		285.6 time, 290.8 real, 36.6 MB
[runlim] sample:		295.7 time, 300.8 real, 37.2 MB
[runlim] end:			Tue Jan 29 17:33:08 2019
[runlim] status:		out of time
[runlim] result:		2
[runlim] children:		0
[runlim] real:			305.25 seconds
[runlim] time:			300.06 seconds
[runlim] space:			42.6 MB
[runlim] samples:		3044
