[runlim] version:		1.10fixed
[runlim] time limit:		300 seconds
[runlim] real time limit:	311040000 seconds
[runlim] space limit:		4000 MB
[runlim] argv[0]:		./z3
[runlim] argv[1]:		/tmp/Q0ItHpjG.smt2
[runlim] start:			Tue Feb  5 11:10:08 2019
[runlim] main pid:		28043
[runlim] sample:		9.5 time, 10.6 real, 32.2 MB
[runlim] sample:		18.9 time, 20.6 real, 40.2 MB
[runlim] sample:		28.3 time, 30.6 real, 46.1 MB
[runlim] sample:		38.3 time, 40.6 real, 51.9 MB
[runlim] sample:		48.3 time, 50.6 real, 53.4 MB
[runlim] sample:		57.7 time, 60.6 real, 54.5 MB
[runlim] sample:		67.7 time, 70.6 real, 56.8 MB
[runlim] sample:		77.7 time, 80.6 real, 67.6 MB
[runlim] sample:		87.7 time, 90.6 real, 71.6 MB
[runlim] sample:		97.7 time, 100.6 real, 75.0 MB
[runlim] sample:		107.7 time, 110.6 real, 83.6 MB
[runlim] sample:		117.7 time, 120.6 real, 86.1 MB
[runlim] sample:		127.7 time, 130.6 real, 87.4 MB
[runlim] sample:		137.7 time, 140.6 real, 87.7 MB
[runlim] sample:		147.7 time, 150.6 real, 88.7 MB
[runlim] sample:		157.7 time, 160.6 real, 89.5 MB
[runlim] sample:		167.7 time, 170.6 real, 90.5 MB
[runlim] sample:		177.7 time, 180.6 real, 91.0 MB
[runlim] sample:		187.7 time, 190.6 real, 92.1 MB
[runlim] sample:		197.7 time, 200.6 real, 93.4 MB
[runlim] sample:		207.7 time, 210.6 real, 94.9 MB
[runlim] sample:		217.7 time, 220.6 real, 96.4 MB
[runlim] sample:		227.7 time, 230.6 real, 97.7 MB
[runlim] sample:		237.7 time, 240.6 real, 99.3 MB
[runlim] sample:		247.7 time, 250.6 real, 100.3 MB
[runlim] sample:		257.6 time, 260.6 real, 101.3 MB
[runlim] sample:		267.6 time, 270.6 real, 102.9 MB
[runlim] sample:		277.6 time, 280.6 real, 106.8 MB
[runlim] sample:		287.6 time, 290.6 real, 108.3 MB
[runlim] sample:		297.6 time, 300.6 real, 110.4 MB
[runlim] end:			Tue Feb  5 11:15:10 2019
[runlim] status:		out of time
[runlim] result:		2
[runlim] children:		0
[runlim] real:			302.99 seconds
[runlim] time:			300.04 seconds
[runlim] space:			110.9 MB
[runlim] samples:		3024
