[runlim] version:		1.10fixed
[runlim] time limit:		300 seconds
[runlim] real time limit:	311040000 seconds
[runlim] space limit:		4000 MB
[runlim] argv[0]:		./z3
[runlim] argv[1]:		/tmp/kiiLoRFa.smt2
[runlim] start:			Tue Jan 29 17:27:37 2019
[runlim] main pid:		5010
[runlim] sample:		7.6 time, 10.6 real, 16.0 MB
[runlim] sample:		17.6 time, 20.6 real, 17.3 MB
[runlim] sample:		27.6 time, 30.6 real, 17.9 MB
[runlim] sample:		37.6 time, 40.6 real, 18.2 MB
[runlim] sample:		47.6 time, 50.6 real, 18.3 MB
[runlim] sample:		57.6 time, 60.6 real, 18.3 MB
[runlim] sample:		66.7 time, 70.6 real, 18.5 MB
[runlim] sample:		75.5 time, 80.6 real, 18.5 MB
[runlim] sample:		85.2 time, 90.6 real, 18.5 MB
[runlim] sample:		95.2 time, 100.6 real, 18.5 MB
[runlim] sample:		105.2 time, 110.6 real, 18.5 MB
[runlim] end:			Tue Jan 29 17:29:34 2019
[runlim] status:		ok
[runlim] result:		0
[runlim] children:		0
[runlim] real:			117.43 seconds
[runlim] time:			111.98 seconds
[runlim] space:			18.7 MB
[runlim] samples:		1168
