[runlim] version:		1.10fixed
[runlim] time limit:		300 seconds
[runlim] real time limit:	311040000 seconds
[runlim] space limit:		4000 MB
[runlim] argv[0]:		./z3
[runlim] argv[1]:		/tmp/CfsN2hzw.smt2
[runlim] start:			Tue Feb  5 13:55:28 2019
[runlim] main pid:		17530
[runlim] sample:		8.7 time, 10.0 real, 24.3 MB
[runlim] sample:		18.7 time, 20.0 real, 24.3 MB
[runlim] sample:		28.7 time, 30.0 real, 24.4 MB
[runlim] sample:		38.7 time, 40.0 real, 24.4 MB
[runlim] sample:		48.7 time, 50.0 real, 25.5 MB
[runlim] sample:		58.7 time, 60.0 real, 24.4 MB
[runlim] sample:		68.7 time, 70.0 real, 25.2 MB
[runlim] sample:		78.7 time, 80.0 real, 24.4 MB
[runlim] sample:		88.7 time, 90.0 real, 28.9 MB
[runlim] sample:		98.7 time, 100.0 real, 28.9 MB
[runlim] sample:		108.7 time, 110.0 real, 28.9 MB
[runlim] sample:		118.7 time, 120.0 real, 31.1 MB
[runlim] sample:		128.7 time, 130.0 real, 35.2 MB
[runlim] sample:		138.7 time, 140.0 real, 45.9 MB
[runlim] sample:		148.7 time, 150.0 real, 49.0 MB
[runlim] sample:		158.7 time, 160.0 real, 40.8 MB
[runlim] sample:		168.6 time, 170.0 real, 40.8 MB
[runlim] sample:		178.6 time, 180.0 real, 41.6 MB
[runlim] sample:		187.7 time, 190.0 real, 43.6 MB
[runlim] sample:		196.4 time, 200.0 real, 43.8 MB
[runlim] sample:		204.3 time, 210.0 real, 44.1 MB
[runlim] sample:		212.3 time, 220.0 real, 45.1 MB
[runlim] sample:		220.9 time, 230.0 real, 75.6 MB
[runlim] sample:		228.8 time, 240.0 real, 75.6 MB
[runlim] sample:		237.3 time, 250.0 real, 75.6 MB
[runlim] sample:		247.1 time, 260.0 real, 75.6 MB
[runlim] sample:		257.1 time, 270.0 real, 75.6 MB
[runlim] sample:		267.1 time, 280.0 real, 75.6 MB
[runlim] sample:		277.1 time, 290.0 real, 75.6 MB
[runlim] sample:		287.1 time, 300.0 real, 75.6 MB
[runlim] sample:		297.1 time, 310.0 real, 75.6 MB
[runlim] end:			Tue Feb  5 14:00:41 2019
[runlim] status:		out of time
[runlim] result:		2
[runlim] children:		0
[runlim] real:			313.05 seconds
[runlim] time:			300.06 seconds
[runlim] space:			75.6 MB
[runlim] samples:		3130
