[runlim] version:		1.10fixed
[runlim] time limit:		300 seconds
[runlim] real time limit:	311040000 seconds
[runlim] space limit:		4000 MB
[runlim] argv[0]:		./z3
[runlim] argv[1]:		/tmp/suVyoIft.smt2
[runlim] start:			Tue Feb  5 13:57:28 2019
[runlim] main pid:		5381
[runlim] sample:		10.0 time, 10.8 real, 26.3 MB
[runlim] sample:		20.0 time, 20.8 real, 27.6 MB
[runlim] sample:		30.0 time, 30.8 real, 27.6 MB
[runlim] sample:		40.0 time, 40.8 real, 27.6 MB
[runlim] sample:		50.0 time, 50.8 real, 27.6 MB
[runlim] sample:		60.0 time, 60.8 real, 27.6 MB
[runlim] sample:		70.0 time, 70.8 real, 28.4 MB
[runlim] sample:		80.0 time, 80.8 real, 28.6 MB
[runlim] sample:		90.0 time, 90.8 real, 30.3 MB
[runlim] sample:		100.0 time, 100.8 real, 32.6 MB
[runlim] sample:		110.0 time, 110.8 real, 34.8 MB
[runlim] sample:		120.0 time, 120.8 real, 38.4 MB
[runlim] sample:		130.0 time, 130.8 real, 39.8 MB
[runlim] sample:		140.0 time, 140.8 real, 40.4 MB
[runlim] sample:		150.0 time, 150.8 real, 40.6 MB
[runlim] sample:		160.0 time, 160.8 real, 41.6 MB
[runlim] sample:		170.0 time, 170.8 real, 40.6 MB
[runlim] sample:		180.0 time, 180.8 real, 41.5 MB
[runlim] sample:		190.0 time, 190.8 real, 40.6 MB
[runlim] sample:		200.0 time, 200.8 real, 40.7 MB
[runlim] sample:		210.0 time, 210.8 real, 42.1 MB
[runlim] sample:		220.0 time, 220.8 real, 42.1 MB
[runlim] sample:		230.0 time, 230.8 real, 42.4 MB
[runlim] sample:		240.0 time, 240.8 real, 42.0 MB
[runlim] sample:		250.0 time, 250.8 real, 42.0 MB
[runlim] sample:		260.0 time, 260.8 real, 42.0 MB
[runlim] sample:		270.0 time, 270.8 real, 42.0 MB
[runlim] sample:		280.0 time, 280.8 real, 42.0 MB
[runlim] sample:		290.0 time, 290.8 real, 42.0 MB
[runlim] sample:		300.0 time, 300.8 real, 42.0 MB
[runlim] end:			Tue Feb  5 14:02:28 2019
[runlim] status:		out of time
[runlim] result:		2
[runlim] children:		0
[runlim] real:			300.96 seconds
[runlim] time:			300.07 seconds
[runlim] space:			42.6 MB
[runlim] samples:		3001
