[runlim] version:		1.10fixed
[runlim] time limit:		300 seconds
[runlim] real time limit:	311040000 seconds
[runlim] space limit:		4000 MB
[runlim] argv[0]:		./z3
[runlim] argv[1]:		/tmp/Cbcr6CLv.smt2
[runlim] start:			Tue Feb  5 11:09:29 2019
[runlim] main pid:		29915
[runlim] sample:		9.2 time, 10.3 real, 31.7 MB
[runlim] sample:		19.2 time, 20.3 real, 37.9 MB
[runlim] sample:		29.2 time, 30.3 real, 40.2 MB
[runlim] sample:		39.2 time, 40.3 real, 44.8 MB
[runlim] sample:		49.2 time, 50.3 real, 47.9 MB
[runlim] sample:		59.2 time, 60.3 real, 50.5 MB
[runlim] sample:		69.2 time, 70.3 real, 50.9 MB
[runlim] sample:		78.4 time, 80.3 real, 51.9 MB
[runlim] sample:		88.0 time, 90.3 real, 54.2 MB
[runlim] sample:		97.6 time, 100.3 real, 55.8 MB
[runlim] sample:		107.5 time, 110.3 real, 57.8 MB
[runlim] sample:		117.5 time, 120.3 real, 66.3 MB
[runlim] sample:		127.5 time, 130.3 real, 72.2 MB
[runlim] sample:		137.5 time, 140.3 real, 75.3 MB
[runlim] sample:		147.5 time, 150.3 real, 81.0 MB
[runlim] sample:		157.5 time, 160.3 real, 82.1 MB
[runlim] sample:		167.5 time, 170.3 real, 84.6 MB
[runlim] sample:		177.5 time, 180.3 real, 86.1 MB
[runlim] sample:		187.5 time, 190.3 real, 88.1 MB
[runlim] sample:		197.5 time, 200.3 real, 88.9 MB
[runlim] sample:		207.5 time, 210.3 real, 89.4 MB
[runlim] sample:		217.5 time, 220.3 real, 93.3 MB
[runlim] sample:		227.5 time, 230.3 real, 97.7 MB
[runlim] sample:		237.5 time, 240.3 real, 97.9 MB
[runlim] sample:		247.5 time, 250.3 real, 99.7 MB
[runlim] sample:		257.5 time, 260.3 real, 100.5 MB
[runlim] sample:		267.5 time, 270.3 real, 105.2 MB
[runlim] sample:		277.5 time, 280.3 real, 106.5 MB
[runlim] sample:		287.4 time, 290.3 real, 106.7 MB
[runlim] sample:		297.4 time, 300.3 real, 107.0 MB
[runlim] end:			Tue Feb  5 11:14:31 2019
[runlim] status:		out of time
[runlim] result:		2
[runlim] children:		0
[runlim] real:			302.93 seconds
[runlim] time:			300.05 seconds
[runlim] space:			107.5 MB
[runlim] samples:		3026
