[runlim] version:		1.10fixed
[runlim] time limit:		300 seconds
[runlim] real time limit:	311040000 seconds
[runlim] space limit:		4000 MB
[runlim] argv[0]:		./z3
[runlim] argv[1]:		/tmp/nXbGyFJB.smt2
[runlim] start:			Tue Feb  5 11:09:23 2019
[runlim] main pid:		29893
[runlim] sample:		8.7 time, 10.6 real, 30.9 MB
[runlim] sample:		18.0 time, 20.6 real, 36.2 MB
[runlim] sample:		27.8 time, 30.6 real, 40.1 MB
[runlim] sample:		37.8 time, 40.6 real, 43.5 MB
[runlim] sample:		47.8 time, 50.6 real, 48.9 MB
[runlim] sample:		57.8 time, 60.6 real, 52.8 MB
[runlim] sample:		67.8 time, 70.6 real, 56.4 MB
[runlim] sample:		77.8 time, 80.6 real, 58.9 MB
[runlim] sample:		87.8 time, 90.6 real, 61.8 MB
[runlim] sample:		97.8 time, 100.6 real, 65.0 MB
[runlim] sample:		107.7 time, 110.6 real, 68.8 MB
[runlim] sample:		117.7 time, 120.6 real, 70.6 MB
[runlim] sample:		127.7 time, 130.6 real, 72.4 MB
[runlim] sample:		137.7 time, 140.6 real, 74.2 MB
[runlim] sample:		147.7 time, 150.6 real, 74.7 MB
[runlim] sample:		157.7 time, 160.6 real, 76.3 MB
[runlim] sample:		167.8 time, 170.6 real, 80.7 MB
[runlim] sample:		177.7 time, 180.6 real, 83.3 MB
[runlim] sample:		187.7 time, 190.6 real, 84.3 MB
[runlim] sample:		197.7 time, 200.6 real, 85.3 MB
[runlim] sample:		207.7 time, 210.6 real, 88.1 MB
[runlim] sample:		217.7 time, 220.6 real, 88.7 MB
[runlim] sample:		227.8 time, 230.6 real, 93.0 MB
[runlim] sample:		237.8 time, 240.6 real, 93.8 MB
[runlim] sample:		247.8 time, 250.6 real, 96.1 MB
[runlim] sample:		257.8 time, 260.6 real, 96.6 MB
[runlim] sample:		267.8 time, 270.6 real, 97.4 MB
[runlim] sample:		277.8 time, 280.6 real, 100.2 MB
[runlim] sample:		287.7 time, 290.6 real, 100.7 MB
[runlim] sample:		297.8 time, 300.6 real, 101.0 MB
[runlim] end:			Tue Feb  5 11:14:25 2019
[runlim] status:		out of time
[runlim] result:		2
[runlim] children:		0
[runlim] real:			302.91 seconds
[runlim] time:			300.05 seconds
[runlim] space:			101.3 MB
[runlim] samples:		3023
