[runlim] version:		1.10fixed
[runlim] time limit:		300 seconds
[runlim] real time limit:	311040000 seconds
[runlim] space limit:		4000 MB
[runlim] argv[0]:		./z3
[runlim] argv[1]:		/tmp/Q1khy9Re.smt2
[runlim] start:			Tue Feb  5 13:55:29 2019
[runlim] main pid:		4003
[runlim] sample:		8.7 time, 10.5 real, 19.5 MB
[runlim] sample:		18.7 time, 20.5 real, 89.9 MB
[runlim] sample:		28.7 time, 30.5 real, 110.4 MB
[runlim] sample:		38.7 time, 40.5 real, 110.3 MB
[runlim] sample:		48.7 time, 50.5 real, 110.3 MB
[runlim] sample:		58.7 time, 60.5 real, 110.3 MB
[runlim] sample:		68.7 time, 70.5 real, 110.5 MB
[runlim] sample:		78.7 time, 80.5 real, 110.5 MB
[runlim] sample:		88.7 time, 90.5 real, 110.8 MB
[runlim] sample:		98.3 time, 100.5 real, 107.6 MB
[runlim] sample:		107.9 time, 110.5 real, 107.4 MB
[runlim] sample:		117.2 time, 120.5 real, 106.1 MB
[runlim] sample:		126.4 time, 130.5 real, 106.4 MB
[runlim] sample:		135.7 time, 140.5 real, 106.6 MB
[runlim] sample:		145.0 time, 150.5 real, 106.6 MB
[runlim] sample:		154.3 time, 160.5 real, 104.1 MB
[runlim] sample:		163.8 time, 170.5 real, 104.1 MB
[runlim] sample:		173.3 time, 180.5 real, 104.8 MB
[runlim] sample:		183.3 time, 190.5 real, 100.5 MB
[runlim] sample:		193.3 time, 200.5 real, 100.5 MB
[runlim] sample:		203.3 time, 210.5 real, 134.5 MB
[runlim] sample:		213.3 time, 220.5 real, 134.5 MB
[runlim] sample:		223.3 time, 230.5 real, 134.5 MB
[runlim] sample:		233.3 time, 240.5 real, 133.3 MB
[runlim] sample:		243.3 time, 250.5 real, 133.3 MB
[runlim] sample:		253.3 time, 260.5 real, 133.3 MB
[runlim] sample:		263.3 time, 270.5 real, 133.3 MB
[runlim] sample:		273.3 time, 280.5 real, 133.6 MB
[runlim] sample:		283.3 time, 290.5 real, 133.6 MB
[runlim] sample:		293.3 time, 300.5 real, 124.5 MB
[runlim] end:			Tue Feb  5 14:00:36 2019
[runlim] status:		out of time
[runlim] result:		2
[runlim] children:		0
[runlim] real:			307.34 seconds
[runlim] time:			300.08 seconds
[runlim] space:			134.5 MB
[runlim] samples:		3068
