[runlim] version:		1.10fixed
[runlim] time limit:		300 seconds
[runlim] real time limit:	311040000 seconds
[runlim] space limit:		4000 MB
[runlim] argv[0]:		./z3
[runlim] argv[1]:		/tmp/XNUXiz2n.smt2
[runlim] start:			Tue Feb  5 11:06:29 2019
[runlim] main pid:		14004
[runlim] sample:		8.8 time, 10.0 real, 24.8 MB
[runlim] sample:		18.8 time, 20.0 real, 24.8 MB
[runlim] sample:		28.8 time, 30.0 real, 25.2 MB
[runlim] sample:		38.8 time, 40.0 real, 26.7 MB
[runlim] sample:		48.8 time, 50.0 real, 30.1 MB
[runlim] sample:		58.8 time, 60.0 real, 30.1 MB
[runlim] sample:		68.8 time, 70.0 real, 30.1 MB
[runlim] sample:		78.8 time, 80.0 real, 30.1 MB
[runlim] sample:		88.8 time, 90.0 real, 30.8 MB
[runlim] sample:		98.8 time, 100.0 real, 31.7 MB
[runlim] sample:		108.8 time, 110.0 real, 38.0 MB
[runlim] sample:		118.8 time, 120.0 real, 38.2 MB
[runlim] sample:		128.8 time, 130.0 real, 38.2 MB
[runlim] sample:		138.8 time, 140.0 real, 43.1 MB
[runlim] sample:		148.8 time, 150.0 real, 43.1 MB
[runlim] sample:		158.8 time, 160.0 real, 43.1 MB
[runlim] sample:		168.8 time, 170.0 real, 43.2 MB
[runlim] sample:		178.7 time, 180.0 real, 45.4 MB
[runlim] sample:		188.7 time, 190.0 real, 45.4 MB
[runlim] sample:		198.7 time, 200.0 real, 48.9 MB
[runlim] sample:		208.7 time, 210.0 real, 47.5 MB
[runlim] sample:		218.7 time, 220.0 real, 47.6 MB
[runlim] sample:		228.4 time, 230.0 real, 47.6 MB
[runlim] sample:		238.0 time, 240.0 real, 47.6 MB
[runlim] sample:		247.7 time, 250.0 real, 47.6 MB
[runlim] sample:		257.3 time, 260.0 real, 47.6 MB
[runlim] sample:		267.2 time, 270.0 real, 47.6 MB
[runlim] sample:		276.8 time, 280.0 real, 47.6 MB
[runlim] sample:		286.8 time, 290.0 real, 48.7 MB
[runlim] sample:		296.8 time, 300.0 real, 48.7 MB
[runlim] end:			Tue Feb  5 11:11:32 2019
[runlim] status:		out of time
[runlim] result:		2
[runlim] children:		0
[runlim] real:			303.33 seconds
[runlim] time:			300.05 seconds
[runlim] space:			48.9 MB
[runlim] samples:		3033
