[runlim] version:		1.10fixed
[runlim] time limit:		300 seconds
[runlim] real time limit:	311040000 seconds
[runlim] space limit:		4000 MB
[runlim] argv[0]:		./z3
[runlim] argv[1]:		/tmp/iFQolXCY.smt2
[runlim] start:			Tue Feb  5 11:06:23 2019
[runlim] main pid:		25698
[runlim] sample:		8.2 time, 10.5 real, 37.3 MB
[runlim] sample:		17.1 time, 20.5 real, 38.2 MB
[runlim] sample:		26.1 time, 30.5 real, 38.8 MB
[runlim] sample:		34.7 time, 40.5 real, 38.8 MB
[runlim] sample:		43.7 time, 50.5 real, 38.9 MB
[runlim] sample:		52.6 time, 60.5 real, 40.5 MB
[runlim] sample:		61.6 time, 70.5 real, 46.3 MB
[runlim] sample:		70.2 time, 80.5 real, 39.3 MB
[runlim] sample:		78.4 time, 90.5 real, 39.3 MB
[runlim] sample:		87.0 time, 100.5 real, 41.0 MB
[runlim] sample:		96.4 time, 110.5 real, 38.7 MB
[runlim] sample:		105.2 time, 120.5 real, 38.7 MB
[runlim] sample:		113.9 time, 130.5 real, 38.7 MB
[runlim] sample:		123.5 time, 140.5 real, 39.0 MB
[runlim] sample:		133.5 time, 150.5 real, 38.8 MB
[runlim] sample:		143.5 time, 160.5 real, 39.1 MB
[runlim] sample:		153.5 time, 170.5 real, 39.9 MB
[runlim] sample:		163.5 time, 180.5 real, 44.2 MB
[runlim] sample:		173.5 time, 190.5 real, 44.2 MB
[runlim] sample:		183.5 time, 200.5 real, 44.2 MB
[runlim] sample:		193.5 time, 210.5 real, 47.0 MB
[runlim] sample:		202.3 time, 220.5 real, 58.1 MB
[runlim] sample:		212.3 time, 230.5 real, 58.1 MB
[runlim] sample:		222.3 time, 240.5 real, 62.2 MB
[runlim] sample:		232.3 time, 250.5 real, 61.3 MB
[runlim] sample:		241.3 time, 260.5 real, 62.0 MB
[runlim] sample:		250.2 time, 270.5 real, 62.0 MB
[runlim] sample:		260.2 time, 280.5 real, 67.3 MB
[runlim] sample:		270.2 time, 290.5 real, 81.8 MB
[runlim] sample:		280.2 time, 300.5 real, 82.3 MB
[runlim] sample:		290.2 time, 310.5 real, 80.6 MB
[runlim] end:			Tue Feb  5 11:11:43 2019
[runlim] status:		out of time
[runlim] result:		2
[runlim] children:		0
[runlim] real:			320.30 seconds
[runlim] time:			300.04 seconds
[runlim] space:			82.3 MB
[runlim] samples:		3198
