[runlim] version:		1.10fixed
[runlim] time limit:		300 seconds
[runlim] real time limit:	311040000 seconds
[runlim] space limit:		4000 MB
[runlim] argv[0]:		./z3
[runlim] argv[1]:		/tmp/PJRU4u2m.smt2
[runlim] start:			Tue Feb  5 13:57:28 2019
[runlim] main pid:		19650
[runlim] sample:		9.8 time, 10.4 real, 30.0 MB
[runlim] sample:		19.8 time, 20.4 real, 39.0 MB
[runlim] sample:		29.8 time, 30.4 real, 43.3 MB
[runlim] sample:		39.8 time, 40.4 real, 45.9 MB
[runlim] sample:		49.8 time, 50.4 real, 49.5 MB
[runlim] sample:		59.8 time, 60.4 real, 50.9 MB
[runlim] sample:		69.8 time, 70.4 real, 53.0 MB
[runlim] sample:		79.8 time, 80.4 real, 56.7 MB
[runlim] sample:		88.6 time, 90.4 real, 58.5 MB
[runlim] sample:		96.0 time, 100.4 real, 59.5 MB
[runlim] sample:		105.4 time, 110.4 real, 61.0 MB
[runlim] sample:		115.4 time, 120.4 real, 62.6 MB
[runlim] sample:		125.4 time, 130.4 real, 65.4 MB
[runlim] sample:		135.4 time, 140.4 real, 65.4 MB
[runlim] sample:		144.8 time, 150.4 real, 66.9 MB
[runlim] sample:		154.8 time, 160.4 real, 71.6 MB
[runlim] sample:		164.8 time, 170.4 real, 77.5 MB
[runlim] sample:		174.8 time, 180.4 real, 82.9 MB
[runlim] sample:		184.8 time, 190.4 real, 85.5 MB
[runlim] sample:		194.8 time, 200.4 real, 88.3 MB
[runlim] sample:		204.8 time, 210.4 real, 89.4 MB
[runlim] sample:		214.8 time, 220.4 real, 90.1 MB
[runlim] sample:		224.8 time, 230.4 real, 92.6 MB
[runlim] sample:		234.8 time, 240.4 real, 95.4 MB
[runlim] sample:		244.8 time, 250.4 real, 97.0 MB
[runlim] sample:		254.8 time, 260.4 real, 98.8 MB
[runlim] sample:		264.8 time, 270.4 real, 99.3 MB
[runlim] sample:		274.7 time, 280.4 real, 104.5 MB
[runlim] sample:		284.7 time, 290.4 real, 106.5 MB
[runlim] sample:		294.7 time, 300.4 real, 107.0 MB
[runlim] end:			Tue Feb  5 14:02:33 2019
[runlim] status:		out of time
[runlim] result:		2
[runlim] children:		0
[runlim] real:			305.75 seconds
[runlim] time:			300.04 seconds
[runlim] space:			107.0 MB
[runlim] samples:		3053
