[runlim] version:		1.10fixed
[runlim] time limit:		300 seconds
[runlim] real time limit:	311040000 seconds
[runlim] space limit:		4000 MB
[runlim] argv[0]:		./z3
[runlim] argv[1]:		/tmp/b1Rj8vXn.smt2
[runlim] start:			Tue Feb  5 13:55:26 2019
[runlim] main pid:		21096
[runlim] sample:		9.7 time, 10.2 real, 37.0 MB
[runlim] sample:		19.7 time, 20.2 real, 41.3 MB
[runlim] sample:		29.4 time, 30.2 real, 41.5 MB
[runlim] sample:		39.4 time, 40.2 real, 41.5 MB
[runlim] sample:		49.4 time, 50.2 real, 41.5 MB
[runlim] sample:		59.4 time, 60.2 real, 41.5 MB
[runlim] sample:		69.0 time, 70.2 real, 52.4 MB
[runlim] sample:		77.7 time, 80.2 real, 51.7 MB
[runlim] sample:		86.4 time, 90.2 real, 52.9 MB
[runlim] sample:		95.1 time, 100.2 real, 48.5 MB
[runlim] sample:		103.8 time, 110.2 real, 41.4 MB
[runlim] sample:		113.2 time, 120.2 real, 41.4 MB
[runlim] sample:		123.2 time, 130.2 real, 50.4 MB
[runlim] sample:		133.2 time, 140.2 real, 44.2 MB
[runlim] sample:		142.1 time, 150.2 real, 44.2 MB
[runlim] sample:		150.7 time, 160.2 real, 41.4 MB
[runlim] sample:		160.5 time, 170.2 real, 41.4 MB
[runlim] sample:		170.5 time, 180.2 real, 44.2 MB
[runlim] sample:		180.5 time, 190.2 real, 113.7 MB
[runlim] sample:		189.9 time, 200.2 real, 114.2 MB
[runlim] sample:		197.7 time, 210.2 real, 115.8 MB
[runlim] sample:		205.5 time, 220.2 real, 116.1 MB
[runlim] sample:		214.6 time, 230.2 real, 116.5 MB
[runlim] sample:		224.6 time, 240.2 real, 147.0 MB
[runlim] sample:		234.6 time, 250.2 real, 147.0 MB
[runlim] sample:		244.6 time, 260.2 real, 147.0 MB
[runlim] sample:		254.6 time, 270.2 real, 147.5 MB
[runlim] sample:		264.6 time, 280.2 real, 147.8 MB
[runlim] sample:		274.6 time, 290.2 real, 149.1 MB
[runlim] sample:		284.6 time, 300.2 real, 148.3 MB
[runlim] sample:		294.6 time, 310.2 real, 145.2 MB
[runlim] end:			Tue Feb  5 14:00:41 2019
[runlim] status:		out of time
[runlim] result:		2
[runlim] children:		0
[runlim] real:			315.74 seconds
[runlim] time:			300.07 seconds
[runlim] space:			149.1 MB
[runlim] samples:		3155
