[runlim] version:		1.10fixed
[runlim] time limit:		300 seconds
[runlim] real time limit:	311040000 seconds
[runlim] space limit:		4000 MB
[runlim] argv[0]:		./z3
[runlim] argv[1]:		/tmp/0Oye1WYf.smt2
[runlim] start:			Tue Jan 29 17:26:19 2019
[runlim] main pid:		410
[runlim] sample:		9.0 time, 10.8 real, 43.1 MB
[runlim] sample:		18.5 time, 20.8 real, 53.4 MB
[runlim] sample:		27.5 time, 30.8 real, 52.9 MB
[runlim] sample:		37.5 time, 40.8 real, 52.4 MB
[runlim] sample:		46.2 time, 50.8 real, 52.6 MB
[runlim] sample:		55.9 time, 60.8 real, 52.6 MB
[runlim] sample:		65.9 time, 70.8 real, 54.8 MB
[runlim] sample:		75.9 time, 80.8 real, 52.4 MB
[runlim] sample:		85.9 time, 90.8 real, 52.6 MB
[runlim] sample:		95.9 time, 100.8 real, 53.4 MB
[runlim] sample:		105.9 time, 110.8 real, 55.3 MB
[runlim] sample:		115.9 time, 120.8 real, 55.4 MB
[runlim] sample:		125.9 time, 130.8 real, 55.7 MB
[runlim] sample:		135.9 time, 140.8 real, 55.4 MB
[runlim] sample:		145.9 time, 150.8 real, 55.4 MB
[runlim] sample:		155.9 time, 160.8 real, 55.4 MB
[runlim] sample:		165.9 time, 170.8 real, 55.4 MB
[runlim] sample:		175.3 time, 180.8 real, 55.4 MB
[runlim] sample:		184.3 time, 190.8 real, 55.4 MB
[runlim] sample:		193.4 time, 200.8 real, 55.4 MB
[runlim] sample:		203.4 time, 210.8 real, 55.4 MB
[runlim] sample:		213.4 time, 220.8 real, 55.4 MB
[runlim] sample:		223.4 time, 230.8 real, 55.4 MB
[runlim] sample:		233.4 time, 240.8 real, 55.4 MB
[runlim] sample:		243.4 time, 250.8 real, 63.4 MB
[runlim] sample:		253.4 time, 260.8 real, 63.4 MB
[runlim] sample:		263.4 time, 270.8 real, 63.4 MB
[runlim] sample:		273.4 time, 280.8 real, 63.4 MB
[runlim] sample:		283.4 time, 290.8 real, 63.4 MB
[runlim] sample:		293.4 time, 300.8 real, 63.4 MB
[runlim] end:			Tue Jan 29 17:31:25 2019
[runlim] status:		signal(9)
[runlim] result:		11
[runlim] children:		0
[runlim] real:			306.04 seconds
[runlim] time:			298.59 seconds
[runlim] space:			64.5 MB
[runlim] samples:		3052
