[runlim] version:		1.10fixed
[runlim] time limit:		300 seconds
[runlim] real time limit:	311040000 seconds
[runlim] space limit:		4000 MB
[runlim] argv[0]:		./z3
[runlim] argv[1]:		/tmp/0zOUDRAh.smt2
[runlim] start:			Tue Feb  5 11:09:41 2019
[runlim] main pid:		16565
[runlim] sample:		9.5 time, 10.6 real, 29.3 MB
[runlim] sample:		19.0 time, 20.6 real, 31.9 MB
[runlim] sample:		28.3 time, 30.6 real, 34.0 MB
[runlim] sample:		38.3 time, 40.6 real, 36.8 MB
[runlim] sample:		48.3 time, 50.6 real, 42.4 MB
[runlim] sample:		58.3 time, 60.6 real, 45.5 MB
[runlim] sample:		68.3 time, 70.6 real, 47.5 MB
[runlim] sample:		78.3 time, 80.6 real, 49.3 MB
[runlim] sample:		88.3 time, 90.6 real, 51.4 MB
[runlim] sample:		98.3 time, 100.6 real, 53.4 MB
[runlim] sample:		108.3 time, 110.6 real, 54.5 MB
[runlim] sample:		118.3 time, 120.6 real, 55.5 MB
[runlim] sample:		128.3 time, 130.6 real, 57.0 MB
[runlim] sample:		138.3 time, 140.6 real, 58.6 MB
[runlim] sample:		148.3 time, 150.6 real, 60.4 MB
[runlim] sample:		158.3 time, 160.6 real, 62.2 MB
[runlim] sample:		168.3 time, 170.6 real, 65.6 MB
[runlim] sample:		178.3 time, 180.6 real, 67.2 MB
[runlim] sample:		188.3 time, 190.6 real, 74.4 MB
[runlim] sample:		198.3 time, 200.6 real, 78.1 MB
[runlim] sample:		208.3 time, 210.6 real, 81.0 MB
[runlim] sample:		218.3 time, 220.6 real, 84.1 MB
[runlim] sample:		228.3 time, 230.6 real, 87.9 MB
[runlim] sample:		238.3 time, 240.6 real, 91.3 MB
[runlim] sample:		248.3 time, 250.6 real, 94.4 MB
[runlim] sample:		258.3 time, 260.6 real, 96.2 MB
[runlim] sample:		268.3 time, 270.6 real, 97.7 MB
[runlim] sample:		278.3 time, 280.6 real, 101.4 MB
[runlim] sample:		288.3 time, 290.6 real, 104.7 MB
[runlim] sample:		298.3 time, 300.6 real, 106.3 MB
[runlim] end:			Tue Feb  5 11:14:43 2019
[runlim] status:		out of time
[runlim] result:		2
[runlim] children:		0
[runlim] real:			302.29 seconds
[runlim] time:			300.02 seconds
[runlim] space:			106.8 MB
[runlim] samples:		3017
