[runlim] version:		1.10fixed
[runlim] time limit:		300 seconds
[runlim] real time limit:	311040000 seconds
[runlim] space limit:		4000 MB
[runlim] argv[0]:		./z3
[runlim] argv[1]:		/tmp/XkVL6SlH.smt2
[runlim] start:			Tue Feb  5 13:58:07 2019
[runlim] main pid:		21703
[runlim] sample:		7.5 time, 10.1 real, 19.8 MB
[runlim] sample:		16.8 time, 20.1 real, 19.9 MB
[runlim] sample:		25.9 time, 30.1 real, 22.2 MB
[runlim] sample:		35.9 time, 40.1 real, 27.6 MB
[runlim] sample:		45.3 time, 50.1 real, 31.5 MB
[runlim] sample:		53.7 time, 60.1 real, 31.5 MB
[runlim] sample:		62.2 time, 70.1 real, 31.5 MB
[runlim] sample:		72.0 time, 80.1 real, 31.5 MB
[runlim] sample:		81.5 time, 90.1 real, 42.1 MB
[runlim] sample:		90.7 time, 100.1 real, 44.0 MB
[runlim] sample:		100.7 time, 110.1 real, 44.0 MB
[runlim] sample:		110.7 time, 120.1 real, 44.0 MB
[runlim] sample:		120.7 time, 130.1 real, 44.0 MB
[runlim] sample:		130.7 time, 140.1 real, 44.0 MB
[runlim] sample:		140.7 time, 150.1 real, 124.7 MB
[runlim] sample:		150.7 time, 160.1 real, 284.6 MB
[runlim] sample:		160.7 time, 170.1 real, 284.6 MB
[runlim] sample:		170.7 time, 180.1 real, 284.6 MB
[runlim] sample:		180.7 time, 190.1 real, 285.4 MB
[runlim] sample:		190.7 time, 200.1 real, 285.4 MB
[runlim] sample:		200.7 time, 210.1 real, 285.4 MB
[runlim] sample:		210.7 time, 220.1 real, 285.4 MB
[runlim] sample:		220.7 time, 230.1 real, 285.4 MB
[runlim] sample:		230.7 time, 240.1 real, 285.4 MB
[runlim] sample:		240.7 time, 250.1 real, 285.4 MB
[runlim] sample:		250.7 time, 260.1 real, 285.4 MB
[runlim] sample:		260.7 time, 270.1 real, 285.4 MB
[runlim] sample:		270.7 time, 280.1 real, 285.4 MB
[runlim] sample:		280.7 time, 290.1 real, 285.7 MB
[runlim] sample:		290.7 time, 300.1 real, 285.7 MB
[runlim] end:			Tue Feb  5 14:03:16 2019
[runlim] status:		out of time
[runlim] result:		2
[runlim] children:		0
[runlim] real:			309.56 seconds
[runlim] time:			300.07 seconds
[runlim] space:			289.8 MB
[runlim] samples:		3094
