[runlim] version:		1.10fixed
[runlim] time limit:		300 seconds
[runlim] real time limit:	311040000 seconds
[runlim] space limit:		4000 MB
[runlim] argv[0]:		./z3
[runlim] argv[1]:		/tmp/OElTEDlP.smt2
[runlim] start:			Tue Feb  5 11:08:33 2019
[runlim] main pid:		3022
[runlim] sample:		8.5 time, 11.0 real, 17.3 MB
[runlim] sample:		17.2 time, 21.0 real, 17.4 MB
[runlim] sample:		25.5 time, 31.0 real, 19.6 MB
[runlim] sample:		33.8 time, 41.0 real, 19.7 MB
[runlim] sample:		42.6 time, 51.0 real, 19.7 MB
[runlim] sample:		51.3 time, 61.0 real, 19.7 MB
[runlim] sample:		59.7 time, 71.0 real, 19.7 MB
[runlim] sample:		69.6 time, 81.0 real, 19.7 MB
[runlim] sample:		78.2 time, 91.0 real, 19.7 MB
[runlim] sample:		88.2 time, 101.0 real, 19.7 MB
[runlim] sample:		98.1 time, 111.0 real, 19.7 MB
[runlim] sample:		108.1 time, 121.0 real, 20.8 MB
[runlim] sample:		118.1 time, 131.0 real, 21.1 MB
[runlim] sample:		128.1 time, 141.0 real, 21.1 MB
[runlim] sample:		137.1 time, 151.0 real, 21.1 MB
[runlim] sample:		146.8 time, 161.0 real, 21.1 MB
[runlim] sample:		155.9 time, 171.0 real, 21.1 MB
[runlim] sample:		164.2 time, 181.0 real, 21.1 MB
[runlim] sample:		173.1 time, 191.0 real, 21.1 MB
[runlim] sample:		183.1 time, 201.0 real, 21.1 MB
[runlim] sample:		193.1 time, 211.0 real, 21.1 MB
[runlim] sample:		203.1 time, 221.0 real, 21.1 MB
[runlim] sample:		213.1 time, 231.0 real, 21.1 MB
[runlim] sample:		223.1 time, 241.0 real, 21.3 MB
[runlim] sample:		233.1 time, 251.0 real, 21.3 MB
[runlim] sample:		243.1 time, 261.0 real, 21.5 MB
[runlim] sample:		253.1 time, 271.0 real, 21.4 MB
[runlim] sample:		263.1 time, 281.0 real, 21.4 MB
[runlim] sample:		273.1 time, 291.0 real, 21.4 MB
[runlim] sample:		283.1 time, 301.0 real, 21.4 MB
[runlim] sample:		293.1 time, 311.0 real, 21.4 MB
[runlim] end:			Tue Feb  5 11:13:50 2019
[runlim] status:		signal(9)
[runlim] result:		11
[runlim] children:		0
[runlim] real:			317.89 seconds
[runlim] time:			299.96 seconds
[runlim] space:			21.5 MB
[runlim] samples:		3169
