[runlim] version:		1.10fixed
[runlim] time limit:		300 seconds
[runlim] real time limit:	311040000 seconds
[runlim] space limit:		4000 MB
[runlim] argv[0]:		./z3
[runlim] argv[1]:		/tmp/7eLbA1hC.smt2
[runlim] start:			Tue Feb  5 11:08:28 2019
[runlim] main pid:		5601
[runlim] sample:		9.1 time, 10.1 real, 24.1 MB
[runlim] sample:		17.1 time, 20.1 real, 29.6 MB
[runlim] sample:		26.4 time, 30.1 real, 30.4 MB
[runlim] sample:		35.5 time, 40.1 real, 40.5 MB
[runlim] sample:		43.4 time, 50.1 real, 43.0 MB
[runlim] sample:		52.8 time, 60.1 real, 43.0 MB
[runlim] sample:		60.9 time, 70.1 real, 43.0 MB
[runlim] sample:		69.3 time, 80.1 real, 43.0 MB
[runlim] sample:		77.5 time, 90.1 real, 43.0 MB
[runlim] sample:		87.2 time, 100.1 real, 43.0 MB
[runlim] sample:		95.6 time, 110.1 real, 43.0 MB
[runlim] sample:		104.4 time, 120.1 real, 43.0 MB
[runlim] sample:		114.3 time, 130.1 real, 43.0 MB
[runlim] sample:		123.9 time, 140.1 real, 43.6 MB
[runlim] sample:		133.4 time, 150.1 real, 44.4 MB
[runlim] sample:		142.6 time, 160.2 real, 44.9 MB
[runlim] sample:		152.6 time, 170.1 real, 44.9 MB
[runlim] sample:		162.6 time, 180.1 real, 44.9 MB
[runlim] sample:		172.6 time, 190.1 real, 49.3 MB
[runlim] sample:		182.6 time, 200.1 real, 60.0 MB
[runlim] sample:		192.6 time, 210.1 real, 72.0 MB
[runlim] sample:		202.5 time, 220.1 real, 79.5 MB
[runlim] sample:		212.5 time, 230.1 real, 87.8 MB
[runlim] sample:		222.5 time, 240.1 real, 96.1 MB
[runlim] sample:		232.5 time, 250.1 real, 108.2 MB
[runlim] sample:		242.5 time, 260.1 real, 112.9 MB
[runlim] sample:		252.5 time, 270.1 real, 118.3 MB
[runlim] sample:		262.5 time, 280.1 real, 124.5 MB
[runlim] sample:		272.5 time, 290.1 real, 131.3 MB
[runlim] sample:		282.5 time, 300.1 real, 140.3 MB
[runlim] sample:		292.5 time, 310.1 real, 147.0 MB
[runlim] end:			Tue Feb  5 11:13:45 2019
[runlim] status:		signal(9)
[runlim] result:		11
[runlim] children:		0
[runlim] real:			317.24 seconds
[runlim] time:			299.52 seconds
[runlim] space:			154.2 MB
[runlim] samples:		3170
