[runlim] version:		1.10fixed
[runlim] time limit:		300 seconds
[runlim] real time limit:	311040000 seconds
[runlim] space limit:		4000 MB
[runlim] argv[0]:		./z3
[runlim] argv[1]:		/tmp/BqqaGK59.smt2
[runlim] start:			Tue Feb  5 11:09:03 2019
[runlim] main pid:		16830
[runlim] sample:		8.4 time, 10.6 real, 29.3 MB
[runlim] sample:		18.1 time, 20.6 real, 35.9 MB
[runlim] sample:		27.8 time, 30.6 real, 41.4 MB
[runlim] sample:		37.8 time, 40.6 real, 43.7 MB
[runlim] sample:		46.9 time, 50.6 real, 44.5 MB
[runlim] sample:		56.2 time, 60.6 real, 47.5 MB
[runlim] sample:		66.1 time, 70.6 real, 49.0 MB
[runlim] sample:		76.1 time, 80.6 real, 50.8 MB
[runlim] sample:		85.5 time, 90.6 real, 52.0 MB
[runlim] sample:		93.1 time, 100.6 real, 54.1 MB
[runlim] sample:		102.7 time, 110.6 real, 54.8 MB
[runlim] sample:		112.2 time, 120.6 real, 55.9 MB
[runlim] sample:		122.2 time, 130.6 real, 56.4 MB
[runlim] sample:		131.9 time, 140.6 real, 62.5 MB
[runlim] sample:		141.1 time, 150.6 real, 67.0 MB
[runlim] sample:		149.7 time, 160.6 real, 70.2 MB
[runlim] sample:		159.7 time, 170.6 real, 73.3 MB
[runlim] sample:		169.4 time, 180.6 real, 74.3 MB
[runlim] sample:		178.6 time, 190.6 real, 75.3 MB
[runlim] sample:		188.5 time, 200.6 real, 76.6 MB
[runlim] sample:		197.7 time, 210.6 real, 79.2 MB
[runlim] sample:		206.3 time, 220.6 real, 80.5 MB
[runlim] sample:		213.6 time, 230.6 real, 81.8 MB
[runlim] sample:		221.7 time, 240.6 real, 82.5 MB
[runlim] sample:		230.8 time, 250.6 real, 82.8 MB
[runlim] sample:		239.1 time, 260.6 real, 83.6 MB
[runlim] sample:		247.0 time, 270.6 real, 84.3 MB
[runlim] sample:		255.0 time, 280.6 real, 84.6 MB
[runlim] sample:		263.6 time, 290.6 real, 86.7 MB
[runlim] sample:		272.9 time, 300.6 real, 87.7 MB
[runlim] sample:		282.4 time, 310.6 real, 88.5 MB
[runlim] sample:		291.8 time, 320.6 real, 89.2 MB
[runlim] end:			Tue Feb  5 11:14:32 2019
[runlim] status:		out of time
[runlim] result:		2
[runlim] children:		0
[runlim] real:			329.11 seconds
[runlim] time:			300.05 seconds
[runlim] space:			90.0 MB
[runlim] samples:		3285
