[runlim] version:		1.10fixed
[runlim] time limit:		300 seconds
[runlim] real time limit:	311040000 seconds
[runlim] space limit:		4000 MB
[runlim] argv[0]:		./z3
[runlim] argv[1]:		/tmp/TNamKqwe.smt2
[runlim] start:			Tue Feb  5 11:09:00 2019
[runlim] main pid:		16778
[runlim] sample:		9.3 time, 10.0 real, 28.3 MB
[runlim] sample:		19.3 time, 20.0 real, 33.3 MB
[runlim] sample:		29.3 time, 30.0 real, 37.0 MB
[runlim] sample:		39.3 time, 40.0 real, 41.1 MB
[runlim] sample:		49.3 time, 50.0 real, 43.4 MB
[runlim] sample:		59.3 time, 60.0 real, 44.2 MB
[runlim] sample:		68.5 time, 70.0 real, 45.4 MB
[runlim] sample:		76.6 time, 80.0 real, 46.2 MB
[runlim] sample:		86.3 time, 90.0 real, 49.1 MB
[runlim] sample:		96.3 time, 100.0 real, 50.4 MB
[runlim] sample:		106.2 time, 110.0 real, 51.2 MB
[runlim] sample:		116.0 time, 120.0 real, 51.9 MB
[runlim] sample:		126.0 time, 130.0 real, 54.0 MB
[runlim] sample:		136.0 time, 140.0 real, 56.3 MB
[runlim] sample:		146.0 time, 150.0 real, 57.5 MB
[runlim] sample:		155.8 time, 160.0 real, 59.5 MB
[runlim] sample:		164.9 time, 170.0 real, 62.1 MB
[runlim] sample:		174.1 time, 180.0 real, 65.2 MB
[runlim] sample:		182.7 time, 190.0 real, 71.0 MB
[runlim] sample:		191.7 time, 200.0 real, 71.8 MB
[runlim] sample:		200.6 time, 210.0 real, 77.5 MB
[runlim] sample:		209.1 time, 220.0 real, 78.7 MB
[runlim] sample:		216.9 time, 230.0 real, 80.0 MB
[runlim] sample:		225.3 time, 240.0 real, 80.5 MB
[runlim] sample:		232.4 time, 250.0 real, 80.8 MB
[runlim] sample:		240.5 time, 260.0 real, 82.1 MB
[runlim] sample:		249.4 time, 270.0 real, 82.6 MB
[runlim] sample:		259.2 time, 280.0 real, 84.2 MB
[runlim] sample:		269.0 time, 290.0 real, 84.2 MB
[runlim] sample:		277.6 time, 300.0 real, 84.4 MB
[runlim] sample:		287.0 time, 310.0 real, 84.9 MB
[runlim] sample:		296.6 time, 320.0 real, 85.7 MB
[runlim] end:			Tue Feb  5 11:14:24 2019
[runlim] status:		out of time
[runlim] result:		2
[runlim] children:		0
[runlim] real:			323.93 seconds
[runlim] time:			300.09 seconds
[runlim] space:			86.5 MB
[runlim] samples:		3239
