[runlim] version:		1.10fixed
[runlim] time limit:		300 seconds
[runlim] real time limit:	311040000 seconds
[runlim] space limit:		4000 MB
[runlim] argv[0]:		./z3
[runlim] argv[1]:		/tmp/NI8IMvmx.smt2
[runlim] start:			Tue Jan 29 17:26:17 2019
[runlim] main pid:		2349
[runlim] sample:		7.3 time, 10.0 real, 25.1 MB
[runlim] sample:		16.6 time, 20.0 real, 36.3 MB
[runlim] sample:		26.6 time, 30.0 real, 38.9 MB
[runlim] sample:		36.6 time, 40.0 real, 42.4 MB
[runlim] sample:		46.6 time, 50.0 real, 43.4 MB
[runlim] sample:		56.6 time, 60.0 real, 44.0 MB
[runlim] sample:		66.6 time, 70.0 real, 48.9 MB
[runlim] sample:		76.6 time, 80.0 real, 53.9 MB
[runlim] sample:		86.6 time, 90.0 real, 54.1 MB
[runlim] sample:		96.6 time, 100.0 real, 55.7 MB
[runlim] sample:		106.6 time, 110.0 real, 60.6 MB
[runlim] sample:		116.6 time, 120.0 real, 62.9 MB
[runlim] sample:		126.6 time, 130.0 real, 65.0 MB
[runlim] sample:		136.6 time, 140.0 real, 65.8 MB
[runlim] sample:		146.6 time, 150.0 real, 65.8 MB
[runlim] sample:		156.6 time, 160.0 real, 66.8 MB
[runlim] sample:		166.6 time, 170.0 real, 67.1 MB
[runlim] sample:		176.6 time, 180.0 real, 67.3 MB
[runlim] sample:		186.6 time, 190.0 real, 68.6 MB
[runlim] sample:		196.6 time, 200.0 real, 70.2 MB
[runlim] sample:		206.5 time, 210.0 real, 72.0 MB
[runlim] sample:		216.5 time, 220.0 real, 72.7 MB
[runlim] sample:		226.2 time, 230.0 real, 82.2 MB
[runlim] sample:		236.2 time, 240.0 real, 94.5 MB
[runlim] sample:		246.2 time, 250.0 real, 111.0 MB
[runlim] sample:		256.2 time, 260.0 real, 124.7 MB
[runlim] sample:		266.2 time, 270.0 real, 136.7 MB
[runlim] sample:		276.2 time, 280.0 real, 155.7 MB
[runlim] sample:		286.2 time, 290.0 real, 189.2 MB
[runlim] sample:		296.2 time, 300.0 real, 189.2 MB
[runlim] end:			Tue Jan 29 17:31:20 2019
[runlim] status:		out of time
[runlim] result:		2
[runlim] children:		0
[runlim] real:			303.96 seconds
[runlim] time:			300.08 seconds
[runlim] space:			189.2 MB
[runlim] samples:		3039
