[runlim] version:		1.10fixed
[runlim] time limit:		300 seconds
[runlim] real time limit:	311040000 seconds
[runlim] space limit:		4000 MB
[runlim] argv[0]:		./z3
[runlim] argv[1]:		/tmp/2gNJ8PFu.smt2
[runlim] start:			Tue Feb  5 13:55:32 2019
[runlim] main pid:		18206
[runlim] sample:		7.3 time, 10.7 real, 39.3 MB
[runlim] sample:		15.6 time, 20.7 real, 48.8 MB
[runlim] sample:		25.0 time, 30.7 real, 55.2 MB
[runlim] sample:		35.0 time, 40.7 real, 67.0 MB
[runlim] sample:		44.8 time, 50.7 real, 72.2 MB
[runlim] sample:		54.7 time, 60.7 real, 72.7 MB
[runlim] sample:		64.3 time, 70.7 real, 73.2 MB
[runlim] sample:		73.2 time, 80.7 real, 73.2 MB
[runlim] sample:		81.5 time, 90.7 real, 73.5 MB
[runlim] sample:		90.0 time, 100.7 real, 73.7 MB
[runlim] sample:		98.4 time, 110.7 real, 73.7 MB
[runlim] sample:		106.0 time, 120.7 real, 76.1 MB
[runlim] sample:		114.5 time, 130.7 real, 79.4 MB
[runlim] sample:		122.3 time, 140.7 real, 82.8 MB
[runlim] sample:		132.0 time, 150.7 real, 83.3 MB
[runlim] sample:		141.7 time, 160.7 real, 83.3 MB
[runlim] sample:		151.7 time, 170.7 real, 83.5 MB
[runlim] sample:		161.6 time, 180.7 real, 83.5 MB
[runlim] sample:		169.3 time, 190.7 real, 83.8 MB
[runlim] sample:		179.3 time, 200.7 real, 84.1 MB
[runlim] sample:		187.8 time, 210.7 real, 84.3 MB
[runlim] sample:		197.2 time, 220.7 real, 85.3 MB
[runlim] sample:		207.2 time, 230.7 real, 85.3 MB
[runlim] sample:		215.1 time, 240.7 real, 85.6 MB
[runlim] sample:		224.3 time, 250.7 real, 85.6 MB
[runlim] sample:		233.9 time, 260.7 real, 86.1 MB
[runlim] sample:		243.5 time, 270.7 real, 87.7 MB
[runlim] sample:		253.5 time, 280.7 real, 87.9 MB
[runlim] sample:		263.5 time, 290.7 real, 90.9 MB
[runlim] sample:		273.5 time, 300.7 real, 93.0 MB
[runlim] sample:		283.5 time, 310.7 real, 96.3 MB
[runlim] sample:		293.5 time, 320.7 real, 97.4 MB
[runlim] end:			Tue Feb  5 14:00:58 2019
[runlim] status:		signal(9)
[runlim] result:		11
[runlim] children:		0
[runlim] real:			326.68 seconds
[runlim] time:			299.36 seconds
[runlim] space:			97.4 MB
[runlim] samples:		3259
