[runlim] version:		1.10fixed
[runlim] time limit:		300 seconds
[runlim] real time limit:	311040000 seconds
[runlim] space limit:		4000 MB
[runlim] argv[0]:		./z3
[runlim] argv[1]:		/tmp/ROsETycq.smt2
[runlim] start:			Tue Feb  5 11:05:53 2019
[runlim] main pid:		29181
[runlim] sample:		9.3 time, 10.6 real, 27.2 MB
[runlim] sample:		19.3 time, 20.6 real, 27.2 MB
[runlim] sample:		29.3 time, 30.6 real, 27.2 MB
[runlim] sample:		38.3 time, 40.6 real, 27.2 MB
[runlim] sample:		45.8 time, 50.6 real, 27.2 MB
[runlim] sample:		53.3 time, 60.6 real, 27.2 MB
[runlim] sample:		62.6 time, 70.6 real, 27.2 MB
[runlim] sample:		72.6 time, 80.6 real, 27.2 MB
[runlim] sample:		82.6 time, 90.6 real, 27.2 MB
[runlim] sample:		92.6 time, 100.6 real, 27.2 MB
[runlim] sample:		102.6 time, 110.6 real, 27.2 MB
[runlim] sample:		112.3 time, 120.6 real, 27.2 MB
[runlim] sample:		121.0 time, 130.6 real, 27.2 MB
[runlim] sample:		131.0 time, 140.6 real, 27.2 MB
[runlim] sample:		140.6 time, 150.6 real, 27.2 MB
[runlim] sample:		150.6 time, 160.6 real, 27.2 MB
[runlim] sample:		160.6 time, 170.6 real, 27.2 MB
[runlim] sample:		169.6 time, 180.6 real, 27.2 MB
[runlim] sample:		177.8 time, 190.6 real, 27.2 MB
[runlim] sample:		187.8 time, 200.6 real, 27.2 MB
[runlim] sample:		196.4 time, 210.6 real, 27.2 MB
[runlim] sample:		206.4 time, 220.6 real, 27.2 MB
[runlim] sample:		216.4 time, 230.6 real, 27.2 MB
[runlim] sample:		225.2 time, 240.6 real, 27.2 MB
[runlim] sample:		234.3 time, 250.6 real, 29.4 MB
[runlim] sample:		244.3 time, 260.6 real, 27.7 MB
[runlim] sample:		253.9 time, 270.6 real, 29.0 MB
[runlim] sample:		262.8 time, 280.6 real, 29.0 MB
[runlim] sample:		272.6 time, 290.6 real, 29.0 MB
[runlim] sample:		282.6 time, 300.6 real, 29.0 MB
[runlim] sample:		292.6 time, 310.6 real, 29.0 MB
[runlim] end:			Tue Feb  5 11:11:10 2019
[runlim] status:		out of time
[runlim] result:		2
[runlim] children:		0
[runlim] real:			317.98 seconds
[runlim] time:			300.04 seconds
[runlim] space:			32.8 MB
[runlim] samples:		3174
