[runlim] version:		1.10fixed
[runlim] time limit:		300 seconds
[runlim] real time limit:	311040000 seconds
[runlim] space limit:		4000 MB
[runlim] argv[0]:		./z3
[runlim] argv[1]:		/tmp/oCYa6JJX.smt2
[runlim] start:			Tue Jan 29 17:27:20 2019
[runlim] main pid:		22917
[runlim] sample:		9.3 time, 10.9 real, 48.0 MB
[runlim] sample:		19.0 time, 20.9 real, 51.8 MB
[runlim] sample:		29.0 time, 30.9 real, 53.1 MB
[runlim] sample:		39.0 time, 40.9 real, 53.6 MB
[runlim] sample:		49.0 time, 50.9 real, 61.0 MB
[runlim] sample:		58.9 time, 60.9 real, 61.0 MB
[runlim] sample:		68.5 time, 70.9 real, 61.8 MB
[runlim] sample:		77.7 time, 80.9 real, 61.7 MB
[runlim] sample:		87.2 time, 90.9 real, 66.3 MB
[runlim] sample:		96.7 time, 100.9 real, 65.9 MB
[runlim] sample:		106.1 time, 110.9 real, 61.4 MB
[runlim] sample:		115.7 time, 120.9 real, 61.9 MB
[runlim] sample:		125.4 time, 130.9 real, 62.4 MB
[runlim] sample:		134.8 time, 140.9 real, 86.7 MB
[runlim] sample:		144.4 time, 150.9 real, 108.6 MB
[runlim] sample:		154.2 time, 160.9 real, 132.3 MB
[runlim] sample:		164.2 time, 170.9 real, 145.5 MB
[runlim] sample:		174.2 time, 180.9 real, 153.7 MB
[runlim] sample:		184.2 time, 190.9 real, 170.8 MB
[runlim] sample:		194.2 time, 200.9 real, 180.1 MB
[runlim] sample:		204.2 time, 210.9 real, 180.6 MB
[runlim] sample:		214.2 time, 220.9 real, 181.9 MB
[runlim] sample:		224.2 time, 230.9 real, 182.4 MB
[runlim] sample:		234.2 time, 240.9 real, 186.2 MB
[runlim] sample:		244.2 time, 250.9 real, 204.5 MB
[runlim] sample:		254.2 time, 260.9 real, 213.3 MB
[runlim] sample:		264.2 time, 270.9 real, 214.6 MB
[runlim] sample:		274.2 time, 280.9 real, 214.6 MB
[runlim] sample:		284.2 time, 290.9 real, 215.1 MB
[runlim] sample:		294.2 time, 300.9 real, 216.1 MB
[runlim] end:			Tue Jan 29 17:32:26 2019
[runlim] status:		out of time
[runlim] result:		2
[runlim] children:		0
[runlim] real:			306.87 seconds
[runlim] time:			300.06 seconds
[runlim] space:			216.1 MB
[runlim] samples:		3059
