[runlim] version:		1.10fixed
[runlim] time limit:		300 seconds
[runlim] real time limit:	311040000 seconds
[runlim] space limit:		4000 MB
[runlim] argv[0]:		./z3
[runlim] argv[1]:		/tmp/S8z08bTM.smt2
[runlim] start:			Tue Feb  5 13:55:32 2019
[runlim] main pid:		21146
[runlim] sample:		8.4 time, 10.9 real, 28.3 MB
[runlim] sample:		17.9 time, 20.9 real, 31.3 MB
[runlim] sample:		26.9 time, 30.9 real, 34.4 MB
[runlim] sample:		36.7 time, 40.9 real, 39.3 MB
[runlim] sample:		46.0 time, 50.9 real, 41.3 MB
[runlim] sample:		55.3 time, 60.9 real, 43.1 MB
[runlim] sample:		64.6 time, 70.9 real, 43.8 MB
[runlim] sample:		74.0 time, 80.9 real, 46.7 MB
[runlim] sample:		83.1 time, 90.9 real, 48.5 MB
[runlim] sample:		92.4 time, 100.9 real, 51.2 MB
[runlim] sample:		101.7 time, 110.9 real, 51.7 MB
[runlim] sample:		111.0 time, 120.9 real, 52.2 MB
[runlim] sample:		120.3 time, 130.9 real, 52.7 MB
[runlim] sample:		129.6 time, 140.9 real, 53.2 MB
[runlim] sample:		139.0 time, 150.9 real, 53.8 MB
[runlim] sample:		149.0 time, 160.9 real, 54.0 MB
[runlim] sample:		157.5 time, 170.9 real, 54.5 MB
[runlim] sample:		167.5 time, 180.9 real, 56.9 MB
[runlim] sample:		177.5 time, 190.9 real, 59.4 MB
[runlim] sample:		187.5 time, 200.9 real, 62.4 MB
[runlim] sample:		196.1 time, 210.9 real, 65.5 MB
[runlim] sample:		205.1 time, 220.9 real, 66.0 MB
[runlim] sample:		214.6 time, 230.9 real, 74.2 MB
[runlim] sample:		223.8 time, 240.9 real, 76.5 MB
[runlim] sample:		232.6 time, 250.9 real, 77.5 MB
[runlim] sample:		242.5 time, 260.9 real, 78.3 MB
[runlim] sample:		252.5 time, 270.9 real, 79.3 MB
[runlim] sample:		261.3 time, 280.9 real, 81.1 MB
[runlim] sample:		270.5 time, 290.9 real, 82.4 MB
[runlim] sample:		280.5 time, 300.9 real, 82.7 MB
[runlim] sample:		290.5 time, 310.9 real, 84.2 MB
[runlim] end:			Tue Feb  5 14:00:52 2019
[runlim] status:		out of time
[runlim] result:		2
[runlim] children:		0
[runlim] real:			320.52 seconds
[runlim] time:			300.08 seconds
[runlim] space:			85.8 MB
[runlim] samples:		3196
