[runlim] version:		1.10fixed
[runlim] time limit:		300 seconds
[runlim] real time limit:	311040000 seconds
[runlim] space limit:		4000 MB
[runlim] argv[0]:		./z3
[runlim] argv[1]:		/tmp/8eJh8SZV.smt2
[runlim] start:			Tue Feb  5 11:09:41 2019
[runlim] main pid:		15144
[runlim] sample:		9.4 time, 10.1 real, 36.6 MB
[runlim] sample:		19.2 time, 20.1 real, 39.2 MB
[runlim] sample:		29.2 time, 30.1 real, 42.4 MB
[runlim] sample:		39.2 time, 40.1 real, 52.2 MB
[runlim] sample:		49.2 time, 50.1 real, 57.3 MB
[runlim] sample:		59.2 time, 60.1 real, 61.1 MB
[runlim] sample:		69.2 time, 70.1 real, 67.6 MB
[runlim] sample:		79.2 time, 80.1 real, 75.8 MB
[runlim] sample:		89.2 time, 90.1 real, 81.0 MB
[runlim] sample:		99.2 time, 100.1 real, 85.4 MB
[runlim] sample:		109.2 time, 110.1 real, 90.8 MB
[runlim] sample:		119.2 time, 120.1 real, 93.4 MB
[runlim] sample:		129.2 time, 130.1 real, 101.1 MB
[runlim] sample:		139.2 time, 140.1 real, 105.5 MB
[runlim] sample:		149.2 time, 150.1 real, 110.4 MB
[runlim] sample:		159.2 time, 160.1 real, 117.1 MB
[runlim] sample:		169.2 time, 170.1 real, 126.6 MB
[runlim] sample:		179.2 time, 180.1 real, 132.9 MB
[runlim] sample:		189.2 time, 190.1 real, 135.8 MB
[runlim] sample:		199.2 time, 200.1 real, 137.8 MB
[runlim] sample:		209.2 time, 210.1 real, 140.7 MB
[runlim] sample:		219.2 time, 220.1 real, 143.3 MB
[runlim] sample:		229.2 time, 230.1 real, 147.7 MB
[runlim] sample:		239.2 time, 240.1 real, 161.1 MB
[runlim] sample:		249.2 time, 250.1 real, 168.6 MB
[runlim] sample:		259.1 time, 260.1 real, 171.4 MB
[runlim] sample:		269.1 time, 270.1 real, 171.7 MB
[runlim] sample:		279.1 time, 280.1 real, 171.9 MB
[runlim] sample:		289.1 time, 290.1 real, 172.2 MB
[runlim] sample:		299.1 time, 300.1 real, 172.2 MB
[runlim] end:			Tue Feb  5 11:14:42 2019
[runlim] status:		out of time
[runlim] result:		2
[runlim] children:		0
[runlim] real:			301.06 seconds
[runlim] time:			300.05 seconds
[runlim] space:			172.2 MB
[runlim] samples:		3009
