[runlim] version:		1.10fixed
[runlim] time limit:		300 seconds
[runlim] real time limit:	311040000 seconds
[runlim] space limit:		4000 MB
[runlim] argv[0]:		./z3
[runlim] argv[1]:		/tmp/iUIPTfO4.smt2
[runlim] start:			Tue Feb  5 11:08:46 2019
[runlim] main pid:		21629
[runlim] sample:		9.1 time, 10.8 real, 29.4 MB
[runlim] sample:		18.8 time, 20.8 real, 33.3 MB
[runlim] sample:		28.4 time, 30.8 real, 37.6 MB
[runlim] sample:		37.4 time, 40.8 real, 39.1 MB
[runlim] sample:		47.4 time, 50.8 real, 39.9 MB
[runlim] sample:		57.3 time, 60.8 real, 40.9 MB
[runlim] sample:		66.7 time, 70.8 real, 42.0 MB
[runlim] sample:		76.6 time, 80.8 real, 43.2 MB
[runlim] sample:		85.8 time, 90.8 real, 44.9 MB
[runlim] sample:		95.5 time, 100.8 real, 47.7 MB
[runlim] sample:		105.1 time, 110.8 real, 49.2 MB
[runlim] sample:		115.0 time, 120.8 real, 53.6 MB
[runlim] sample:		125.0 time, 130.8 real, 54.7 MB
[runlim] sample:		135.0 time, 140.8 real, 56.0 MB
[runlim] sample:		145.0 time, 150.8 real, 56.7 MB
[runlim] sample:		155.0 time, 160.8 real, 60.9 MB
[runlim] sample:		165.0 time, 170.8 real, 62.7 MB
[runlim] sample:		175.0 time, 180.8 real, 65.4 MB
[runlim] sample:		185.0 time, 190.8 real, 67.5 MB
[runlim] sample:		195.0 time, 200.8 real, 70.9 MB
[runlim] sample:		205.0 time, 210.8 real, 72.4 MB
[runlim] sample:		215.0 time, 220.8 real, 72.9 MB
[runlim] sample:		225.0 time, 230.8 real, 74.5 MB
[runlim] sample:		235.0 time, 240.8 real, 76.5 MB
[runlim] sample:		245.0 time, 250.8 real, 77.6 MB
[runlim] sample:		255.0 time, 260.8 real, 78.8 MB
[runlim] sample:		265.0 time, 270.8 real, 81.9 MB
[runlim] sample:		275.0 time, 280.8 real, 86.3 MB
[runlim] sample:		285.0 time, 290.8 real, 87.3 MB
[runlim] sample:		295.0 time, 300.8 real, 87.6 MB
[runlim] end:			Tue Feb  5 11:13:51 2019
[runlim] status:		out of time
[runlim] result:		2
[runlim] children:		0
[runlim] real:			305.79 seconds
[runlim] time:			300.03 seconds
[runlim] space:			87.8 MB
[runlim] samples:		3050
