[runlim] version:		1.10fixed
[runlim] time limit:		300 seconds
[runlim] real time limit:	311040000 seconds
[runlim] space limit:		4000 MB
[runlim] argv[0]:		./z3
[runlim] argv[1]:		/tmp/CI18Bmc6.smt2
[runlim] start:			Tue Feb  5 11:10:03 2019
[runlim] main pid:		28572
[runlim] sample:		8.3 time, 10.4 real, 30.6 MB
[runlim] sample:		18.3 time, 20.4 real, 36.5 MB
[runlim] sample:		28.3 time, 30.4 real, 38.6 MB
[runlim] sample:		38.3 time, 40.4 real, 40.1 MB
[runlim] sample:		46.5 time, 50.4 real, 43.5 MB
[runlim] sample:		55.2 time, 60.4 real, 46.4 MB
[runlim] sample:		64.2 time, 70.4 real, 49.4 MB
[runlim] sample:		73.8 time, 80.4 real, 53.7 MB
[runlim] sample:		83.6 time, 90.4 real, 55.0 MB
[runlim] sample:		93.6 time, 100.4 real, 56.6 MB
[runlim] sample:		103.6 time, 110.4 real, 58.4 MB
[runlim] sample:		113.6 time, 120.4 real, 59.9 MB
[runlim] sample:		123.6 time, 130.4 real, 60.7 MB
[runlim] sample:		133.6 time, 140.4 real, 61.2 MB
[runlim] sample:		143.6 time, 150.4 real, 62.0 MB
[runlim] sample:		153.6 time, 160.4 real, 62.8 MB
[runlim] sample:		163.6 time, 170.4 real, 66.7 MB
[runlim] sample:		173.6 time, 180.4 real, 67.7 MB
[runlim] sample:		183.6 time, 190.4 real, 69.0 MB
[runlim] sample:		193.6 time, 200.4 real, 71.1 MB
[runlim] sample:		203.6 time, 210.4 real, 72.1 MB
[runlim] sample:		213.6 time, 220.4 real, 73.4 MB
[runlim] sample:		223.6 time, 230.4 real, 73.9 MB
[runlim] sample:		233.6 time, 240.4 real, 76.2 MB
[runlim] sample:		243.6 time, 250.4 real, 77.0 MB
[runlim] sample:		253.6 time, 260.4 real, 78.8 MB
[runlim] sample:		263.6 time, 270.4 real, 79.6 MB
[runlim] sample:		273.6 time, 280.4 real, 80.4 MB
[runlim] sample:		283.6 time, 290.4 real, 81.4 MB
[runlim] sample:		293.6 time, 300.4 real, 82.4 MB
[runlim] end:			Tue Feb  5 11:15:09 2019
[runlim] status:		out of time
[runlim] result:		2
[runlim] children:		0
[runlim] real:			306.85 seconds
[runlim] time:			300.03 seconds
[runlim] space:			82.9 MB
[runlim] samples:		3064
