[runlim] version:		1.10fixed
[runlim] time limit:		300 seconds
[runlim] real time limit:	311040000 seconds
[runlim] space limit:		4000 MB
[runlim] argv[0]:		./z3
[runlim] argv[1]:		/tmp/GT8Ak0yv.smt2
[runlim] start:			Tue Feb  5 13:57:29 2019
[runlim] main pid:		23307
[runlim] sample:		9.7 time, 10.2 real, 17.2 MB
[runlim] sample:		18.9 time, 20.2 real, 17.3 MB
[runlim] sample:		27.1 time, 30.2 real, 17.3 MB
[runlim] sample:		35.2 time, 40.2 real, 17.3 MB
[runlim] sample:		43.4 time, 50.2 real, 17.4 MB
[runlim] sample:		52.2 time, 60.2 real, 17.8 MB
[runlim] sample:		61.9 time, 70.2 real, 18.5 MB
[runlim] sample:		71.5 time, 80.2 real, 19.2 MB
[runlim] sample:		81.2 time, 90.2 real, 19.1 MB
[runlim] sample:		90.5 time, 100.2 real, 19.1 MB
[runlim] sample:		100.1 time, 110.2 real, 19.6 MB
[runlim] sample:		109.8 time, 120.2 real, 19.8 MB
[runlim] sample:		119.4 time, 130.2 real, 20.0 MB
[runlim] sample:		129.1 time, 140.2 real, 20.0 MB
[runlim] sample:		138.7 time, 150.2 real, 20.2 MB
[runlim] sample:		148.3 time, 160.2 real, 20.2 MB
[runlim] sample:		158.0 time, 170.2 real, 20.2 MB
[runlim] sample:		167.6 time, 180.2 real, 20.2 MB
[runlim] sample:		177.3 time, 190.2 real, 20.2 MB
[runlim] sample:		186.9 time, 200.2 real, 20.2 MB
[runlim] sample:		196.6 time, 210.2 real, 20.2 MB
[runlim] sample:		206.6 time, 220.2 real, 20.2 MB
[runlim] sample:		216.6 time, 230.2 real, 20.2 MB
[runlim] sample:		226.6 time, 240.2 real, 20.2 MB
[runlim] sample:		236.2 time, 250.2 real, 20.3 MB
[runlim] sample:		245.7 time, 260.2 real, 20.4 MB
[runlim] sample:		255.3 time, 270.2 real, 20.5 MB
[runlim] sample:		264.8 time, 280.2 real, 20.5 MB
[runlim] sample:		274.4 time, 290.2 real, 20.5 MB
[runlim] sample:		283.9 time, 300.2 real, 20.5 MB
[runlim] end:			Tue Feb  5 14:02:32 2019
[runlim] status:		ok
[runlim] result:		0
[runlim] children:		0
[runlim] real:			303.87 seconds
[runlim] time:			287.52 seconds
[runlim] space:			20.5 MB
[runlim] samples:		3037
