[runlim] version:		1.10fixed
[runlim] time limit:		300 seconds
[runlim] real time limit:	311040000 seconds
[runlim] space limit:		4000 MB
[runlim] argv[0]:		./z3
[runlim] argv[1]:		/tmp/FP3J7Xck.smt2
[runlim] start:			Tue Feb  5 11:10:14 2019
[runlim] main pid:		30750
[runlim] sample:		9.0 time, 10.9 real, 15.1 MB
[runlim] sample:		18.5 time, 20.9 real, 16.7 MB
[runlim] sample:		28.5 time, 30.9 real, 16.3 MB
[runlim] sample:		38.5 time, 40.9 real, 16.3 MB
[runlim] sample:		48.5 time, 50.9 real, 20.2 MB
[runlim] sample:		58.5 time, 60.9 real, 20.4 MB
[runlim] sample:		67.2 time, 70.9 real, 21.0 MB
[runlim] sample:		76.0 time, 80.9 real, 20.4 MB
[runlim] sample:		86.0 time, 90.9 real, 20.4 MB
[runlim] sample:		96.0 time, 100.9 real, 20.9 MB
[runlim] sample:		106.0 time, 110.9 real, 20.7 MB
[runlim] sample:		116.0 time, 120.9 real, 22.8 MB
[runlim] sample:		126.0 time, 130.9 real, 28.0 MB
[runlim] sample:		136.0 time, 140.9 real, 31.8 MB
[runlim] sample:		146.0 time, 150.9 real, 36.6 MB
[runlim] sample:		156.0 time, 160.9 real, 35.2 MB
[runlim] sample:		166.0 time, 170.9 real, 34.2 MB
[runlim] sample:		176.0 time, 180.9 real, 35.4 MB
[runlim] sample:		186.0 time, 190.9 real, 38.2 MB
[runlim] sample:		196.0 time, 200.9 real, 35.7 MB
[runlim] sample:		206.0 time, 210.9 real, 40.5 MB
[runlim] sample:		216.0 time, 220.9 real, 39.6 MB
[runlim] sample:		226.0 time, 230.9 real, 39.6 MB
[runlim] sample:		236.0 time, 240.9 real, 39.8 MB
[runlim] sample:		246.0 time, 250.9 real, 39.8 MB
[runlim] sample:		256.0 time, 260.9 real, 39.8 MB
[runlim] sample:		266.0 time, 270.9 real, 39.8 MB
[runlim] sample:		276.0 time, 280.9 real, 39.8 MB
[runlim] sample:		286.0 time, 290.9 real, 39.8 MB
[runlim] sample:		296.0 time, 300.9 real, 39.8 MB
[runlim] end:			Tue Feb  5 11:15:18 2019
[runlim] status:		out of time
[runlim] result:		2
[runlim] children:		0
[runlim] real:			304.93 seconds
[runlim] time:			300.02 seconds
[runlim] space:			41.4 MB
[runlim] samples:		3040
