[runlim] version:		1.10fixed
[runlim] time limit:		300 seconds
[runlim] real time limit:	311040000 seconds
[runlim] space limit:		4000 MB
[runlim] argv[0]:		./z3
[runlim] argv[1]:		/tmp/fuEc4O90.smt2
[runlim] start:			Tue Feb  5 13:56:40 2019
[runlim] main pid:		10019
[runlim] sample:		9.0 time, 10.5 real, 30.6 MB
[runlim] sample:		19.0 time, 20.5 real, 40.2 MB
[runlim] sample:		28.3 time, 30.5 real, 42.8 MB
[runlim] sample:		38.1 time, 40.5 real, 46.3 MB
[runlim] sample:		47.8 time, 50.5 real, 48.6 MB
[runlim] sample:		57.4 time, 60.5 real, 53.2 MB
[runlim] sample:		67.4 time, 70.5 real, 55.3 MB
[runlim] sample:		76.8 time, 80.5 real, 56.6 MB
[runlim] sample:		86.3 time, 90.5 real, 58.7 MB
[runlim] sample:		96.3 time, 100.5 real, 60.2 MB
[runlim] sample:		106.0 time, 110.5 real, 62.8 MB
[runlim] sample:		115.9 time, 120.5 real, 66.4 MB
[runlim] sample:		125.3 time, 130.5 real, 69.7 MB
[runlim] sample:		134.4 time, 140.5 real, 75.4 MB
[runlim] sample:		143.4 time, 150.5 real, 76.9 MB
[runlim] sample:		152.6 time, 160.5 real, 80.6 MB
[runlim] sample:		162.5 time, 170.5 real, 82.9 MB
[runlim] sample:		172.5 time, 180.5 real, 84.7 MB
[runlim] sample:		182.5 time, 190.5 real, 86.5 MB
[runlim] sample:		192.5 time, 200.5 real, 88.6 MB
[runlim] sample:		202.3 time, 210.5 real, 91.7 MB
[runlim] sample:		212.3 time, 220.5 real, 93.5 MB
[runlim] sample:		222.3 time, 230.5 real, 95.0 MB
[runlim] sample:		232.3 time, 240.5 real, 97.9 MB
[runlim] sample:		242.3 time, 250.5 real, 102.3 MB
[runlim] sample:		252.3 time, 260.5 real, 105.9 MB
[runlim] sample:		262.3 time, 270.5 real, 109.5 MB
[runlim] sample:		272.3 time, 280.5 real, 113.6 MB
[runlim] sample:		282.3 time, 290.5 real, 117.2 MB
[runlim] sample:		292.3 time, 300.5 real, 121.6 MB
[runlim] end:			Tue Feb  5 14:01:48 2019
[runlim] status:		out of time
[runlim] result:		2
[runlim] children:		0
[runlim] real:			308.22 seconds
[runlim] time:			300.01 seconds
[runlim] space:			124.9 MB
[runlim] samples:		3077
