[runlim] version:		1.10fixed
[runlim] time limit:		300 seconds
[runlim] real time limit:	311040000 seconds
[runlim] space limit:		4000 MB
[runlim] argv[0]:		./z3
[runlim] argv[1]:		/tmp/8h45ZNHz.smt2
[runlim] start:			Tue Feb  5 11:10:05 2019
[runlim] main pid:		13349
[runlim] sample:		9.5 time, 10.0 real, 31.2 MB
[runlim] sample:		19.2 time, 20.0 real, 38.1 MB
[runlim] sample:		29.1 time, 30.0 real, 42.5 MB
[runlim] sample:		39.1 time, 40.0 real, 46.3 MB
[runlim] sample:		49.1 time, 50.0 real, 50.6 MB
[runlim] sample:		59.1 time, 60.0 real, 54.1 MB
[runlim] sample:		69.1 time, 70.0 real, 55.7 MB
[runlim] sample:		79.1 time, 80.0 real, 57.0 MB
[runlim] sample:		89.1 time, 90.0 real, 58.5 MB
[runlim] sample:		99.1 time, 100.0 real, 59.8 MB
[runlim] sample:		109.1 time, 110.0 real, 61.3 MB
[runlim] sample:		119.1 time, 120.0 real, 62.6 MB
[runlim] sample:		129.1 time, 130.0 real, 64.4 MB
[runlim] sample:		139.1 time, 140.0 real, 65.7 MB
[runlim] sample:		149.1 time, 150.0 real, 70.9 MB
[runlim] sample:		159.1 time, 160.0 real, 77.0 MB
[runlim] sample:		169.1 time, 170.0 real, 78.6 MB
[runlim] sample:		179.1 time, 180.0 real, 84.0 MB
[runlim] sample:		189.1 time, 190.0 real, 86.9 MB
[runlim] sample:		199.1 time, 200.0 real, 88.9 MB
[runlim] sample:		209.1 time, 210.0 real, 92.0 MB
[runlim] sample:		219.1 time, 220.0 real, 94.1 MB
[runlim] sample:		229.1 time, 230.0 real, 94.9 MB
[runlim] sample:		239.1 time, 240.0 real, 96.9 MB
[runlim] sample:		249.1 time, 250.0 real, 97.4 MB
[runlim] sample:		259.1 time, 260.0 real, 99.2 MB
[runlim] sample:		269.1 time, 270.0 real, 99.8 MB
[runlim] sample:		279.1 time, 280.0 real, 100.3 MB
[runlim] sample:		289.1 time, 290.0 real, 100.5 MB
[runlim] sample:		299.1 time, 300.0 real, 101.1 MB
[runlim] end:			Tue Feb  5 11:15:05 2019
[runlim] status:		out of time
[runlim] result:		2
[runlim] children:		0
[runlim] real:			300.95 seconds
[runlim] time:			300.04 seconds
[runlim] space:			101.3 MB
[runlim] samples:		3009
