[runlim] version:		1.10fixed
[runlim] time limit:		300 seconds
[runlim] real time limit:	311040000 seconds
[runlim] space limit:		4000 MB
[runlim] argv[0]:		./z3
[runlim] argv[1]:		/tmp/VXHFqumm.smt2
[runlim] start:			Tue Jan 29 17:26:24 2019
[runlim] main pid:		11089
[runlim] sample:		7.8 time, 10.3 real, 15.8 MB
[runlim] sample:		17.1 time, 20.3 real, 20.5 MB
[runlim] sample:		27.1 time, 30.3 real, 28.4 MB
[runlim] sample:		36.8 time, 40.3 real, 28.4 MB
[runlim] sample:		46.3 time, 50.3 real, 28.4 MB
[runlim] sample:		54.8 time, 60.3 real, 28.5 MB
[runlim] sample:		64.8 time, 70.3 real, 28.5 MB
[runlim] sample:		74.2 time, 80.3 real, 28.5 MB
[runlim] sample:		82.6 time, 90.3 real, 33.8 MB
[runlim] sample:		91.0 time, 100.3 real, 33.8 MB
[runlim] sample:		101.0 time, 110.3 real, 33.8 MB
[runlim] sample:		110.0 time, 120.3 real, 35.1 MB
[runlim] sample:		118.9 time, 130.3 real, 35.1 MB
[runlim] sample:		128.4 time, 140.3 real, 35.1 MB
[runlim] sample:		137.7 time, 150.3 real, 35.1 MB
[runlim] sample:		146.7 time, 160.3 real, 35.1 MB
[runlim] sample:		156.3 time, 170.3 real, 35.1 MB
[runlim] sample:		166.0 time, 180.3 real, 38.2 MB
[runlim] sample:		175.7 time, 190.3 real, 40.2 MB
[runlim] sample:		185.3 time, 200.3 real, 41.2 MB
[runlim] sample:		194.1 time, 210.3 real, 40.7 MB
[runlim] sample:		203.3 time, 220.3 real, 39.7 MB
[runlim] sample:		213.0 time, 230.3 real, 43.3 MB
[runlim] sample:		222.6 time, 240.3 real, 41.5 MB
[runlim] sample:		232.3 time, 250.3 real, 41.5 MB
[runlim] sample:		242.3 time, 260.3 real, 41.5 MB
[runlim] sample:		252.3 time, 270.3 real, 35.3 MB
[runlim] sample:		262.3 time, 280.3 real, 44.1 MB
[runlim] sample:		272.3 time, 290.3 real, 47.3 MB
[runlim] sample:		282.3 time, 300.3 real, 47.3 MB
[runlim] sample:		292.3 time, 310.3 real, 47.3 MB
[runlim] end:			Tue Jan 29 17:31:39 2019
[runlim] status:		signal(9)
[runlim] result:		11
[runlim] children:		0
[runlim] real:			315.18 seconds
[runlim] time:			297.10 seconds
[runlim] space:			47.7 MB
[runlim] samples:		3148
