[runlim] version:		1.10fixed
[runlim] time limit:		300 seconds
[runlim] real time limit:	311040000 seconds
[runlim] space limit:		4000 MB
[runlim] argv[0]:		./z3
[runlim] argv[1]:		/tmp/jAej8chw.smt2
[runlim] start:			Tue Feb  5 11:09:58 2019
[runlim] main pid:		29080
[runlim] sample:		7.4 time, 10.7 real, 31.4 MB
[runlim] sample:		17.1 time, 20.7 real, 38.4 MB
[runlim] sample:		25.5 time, 30.7 real, 41.3 MB
[runlim] sample:		33.6 time, 40.7 real, 44.2 MB
[runlim] sample:		41.6 time, 50.7 real, 46.7 MB
[runlim] sample:		50.6 time, 60.7 real, 48.8 MB
[runlim] sample:		60.3 time, 70.7 real, 50.0 MB
[runlim] sample:		70.1 time, 80.7 real, 57.8 MB
[runlim] sample:		80.1 time, 90.7 real, 64.4 MB
[runlim] sample:		90.1 time, 100.7 real, 71.0 MB
[runlim] sample:		100.1 time, 110.7 real, 75.6 MB
[runlim] sample:		110.1 time, 120.7 real, 79.4 MB
[runlim] sample:		120.1 time, 130.7 real, 85.6 MB
[runlim] sample:		130.1 time, 140.7 real, 86.1 MB
[runlim] sample:		140.1 time, 150.7 real, 86.6 MB
[runlim] sample:		150.1 time, 160.7 real, 86.9 MB
[runlim] sample:		160.1 time, 170.7 real, 88.4 MB
[runlim] sample:		170.1 time, 180.7 real, 89.7 MB
[runlim] sample:		180.1 time, 190.7 real, 91.3 MB
[runlim] sample:		190.1 time, 200.7 real, 93.1 MB
[runlim] sample:		200.1 time, 210.7 real, 100.8 MB
[runlim] sample:		210.1 time, 220.7 real, 108.0 MB
[runlim] sample:		220.1 time, 230.7 real, 108.6 MB
[runlim] sample:		230.1 time, 240.7 real, 110.4 MB
[runlim] sample:		240.1 time, 250.7 real, 110.4 MB
[runlim] sample:		250.1 time, 260.7 real, 110.6 MB
[runlim] sample:		260.1 time, 270.7 real, 111.1 MB
[runlim] sample:		270.1 time, 280.7 real, 111.4 MB
[runlim] sample:		280.1 time, 290.7 real, 111.9 MB
[runlim] sample:		290.1 time, 300.7 real, 112.4 MB
[runlim] end:			Tue Feb  5 11:15:08 2019
[runlim] status:		out of time
[runlim] result:		2
[runlim] children:		0
[runlim] real:			310.65 seconds
[runlim] time:			300.04 seconds
[runlim] space:			112.4 MB
[runlim] samples:		3099
