[runlim] version:		1.10fixed
[runlim] time limit:		300 seconds
[runlim] real time limit:	311040000 seconds
[runlim] space limit:		4000 MB
[runlim] argv[0]:		./z3
[runlim] argv[1]:		/tmp/H62TlnXY.smt2
[runlim] start:			Tue Feb  5 13:55:53 2019
[runlim] main pid:		15318
[runlim] sample:		9.6 time, 10.7 real, 36.7 MB
[runlim] sample:		19.6 time, 20.7 real, 45.7 MB
[runlim] sample:		29.6 time, 30.7 real, 51.2 MB
[runlim] sample:		39.6 time, 40.7 real, 58.0 MB
[runlim] sample:		48.7 time, 50.7 real, 66.5 MB
[runlim] sample:		56.6 time, 60.7 real, 75.8 MB
[runlim] sample:		66.0 time, 70.7 real, 77.1 MB
[runlim] sample:		75.5 time, 80.7 real, 77.6 MB
[runlim] sample:		85.5 time, 90.7 real, 80.5 MB
[runlim] sample:		95.3 time, 100.7 real, 85.7 MB
[runlim] sample:		105.0 time, 110.7 real, 105.4 MB
[runlim] sample:		114.0 time, 120.7 real, 112.6 MB
[runlim] sample:		122.8 time, 130.7 real, 117.5 MB
[runlim] sample:		132.2 time, 140.7 real, 121.7 MB
[runlim] sample:		140.1 time, 150.7 real, 125.8 MB
[runlim] sample:		148.7 time, 160.7 real, 147.2 MB
[runlim] sample:		158.5 time, 170.7 real, 149.5 MB
[runlim] sample:		168.5 time, 180.7 real, 150.8 MB
[runlim] sample:		178.1 time, 190.7 real, 153.1 MB
[runlim] sample:		187.8 time, 200.7 real, 153.7 MB
[runlim] sample:		197.0 time, 210.7 real, 153.7 MB
[runlim] sample:		205.9 time, 220.7 real, 153.7 MB
[runlim] sample:		215.9 time, 230.7 real, 153.9 MB
[runlim] sample:		225.9 time, 240.7 real, 156.8 MB
[runlim] sample:		235.9 time, 250.7 real, 164.5 MB
[runlim] sample:		245.9 time, 260.7 real, 166.1 MB
[runlim] sample:		255.9 time, 270.7 real, 188.5 MB
[runlim] sample:		265.9 time, 280.7 real, 191.1 MB
[runlim] sample:		275.9 time, 290.7 real, 198.1 MB
[runlim] sample:		285.9 time, 300.7 real, 208.6 MB
[runlim] sample:		295.9 time, 310.7 real, 213.5 MB
[runlim] end:			Tue Feb  5 14:01:07 2019
[runlim] status:		out of time
[runlim] result:		2
[runlim] children:		0
[runlim] real:			314.90 seconds
[runlim] time:			300.09 seconds
[runlim] space:			215.3 MB
[runlim] samples:		3142
