[runlim] version:		1.10fixed
[runlim] time limit:		300 seconds
[runlim] real time limit:	311040000 seconds
[runlim] space limit:		4000 MB
[runlim] argv[0]:		./z3
[runlim] argv[1]:		/tmp/YxZTkAwF.smt2
[runlim] start:			Tue Feb  5 13:58:37 2019
[runlim] main pid:		21192
[runlim] sample:		9.4 time, 10.3 real, 19.1 MB
[runlim] sample:		19.4 time, 20.3 real, 19.3 MB
[runlim] sample:		29.4 time, 30.3 real, 24.4 MB
[runlim] sample:		39.4 time, 40.3 real, 26.3 MB
[runlim] sample:		49.4 time, 50.3 real, 28.3 MB
[runlim] sample:		59.4 time, 60.3 real, 29.2 MB
[runlim] sample:		69.4 time, 70.3 real, 30.7 MB
[runlim] sample:		79.4 time, 80.3 real, 30.6 MB
[runlim] sample:		89.4 time, 90.3 real, 33.1 MB
[runlim] sample:		99.4 time, 100.3 real, 33.1 MB
[runlim] sample:		109.4 time, 110.3 real, 33.2 MB
[runlim] sample:		119.4 time, 120.3 real, 33.2 MB
[runlim] sample:		129.4 time, 130.3 real, 33.2 MB
[runlim] sample:		139.4 time, 140.3 real, 33.2 MB
[runlim] sample:		149.4 time, 150.3 real, 33.2 MB
[runlim] sample:		159.4 time, 160.3 real, 33.2 MB
[runlim] sample:		169.4 time, 170.3 real, 33.2 MB
[runlim] sample:		179.4 time, 180.3 real, 33.2 MB
[runlim] sample:		189.4 time, 190.3 real, 33.8 MB
[runlim] sample:		199.3 time, 200.3 real, 39.3 MB
[runlim] sample:		209.3 time, 210.3 real, 40.0 MB
[runlim] sample:		219.3 time, 220.3 real, 40.0 MB
[runlim] sample:		229.3 time, 230.3 real, 40.1 MB
[runlim] sample:		239.3 time, 240.3 real, 40.4 MB
[runlim] sample:		249.3 time, 250.3 real, 43.3 MB
[runlim] sample:		259.3 time, 260.3 real, 48.7 MB
[runlim] sample:		269.3 time, 270.3 real, 50.4 MB
[runlim] sample:		279.3 time, 280.3 real, 49.3 MB
[runlim] sample:		289.3 time, 290.3 real, 49.3 MB
[runlim] sample:		299.3 time, 300.3 real, 49.3 MB
[runlim] end:			Tue Feb  5 14:03:38 2019
[runlim] status:		out of time
[runlim] result:		2
[runlim] children:		0
[runlim] real:			301.01 seconds
[runlim] time:			300.03 seconds
[runlim] space:			51.4 MB
[runlim] samples:		3007
