[runlim] version:		1.10fixed
[runlim] time limit:		300 seconds
[runlim] real time limit:	311040000 seconds
[runlim] space limit:		4000 MB
[runlim] argv[0]:		./z3
[runlim] argv[1]:		/tmp/x2PrFwve.smt2
[runlim] start:			Tue Feb  5 11:09:57 2019
[runlim] main pid:		15327
[runlim] sample:		8.9 time, 10.5 real, 38.5 MB
[runlim] sample:		17.8 time, 20.5 real, 51.2 MB
[runlim] sample:		26.6 time, 30.5 real, 66.8 MB
[runlim] sample:		36.3 time, 40.5 real, 71.9 MB
[runlim] sample:		46.3 time, 50.5 real, 81.7 MB
[runlim] sample:		56.3 time, 60.5 real, 91.0 MB
[runlim] sample:		66.3 time, 70.5 real, 94.3 MB
[runlim] sample:		76.3 time, 80.5 real, 103.1 MB
[runlim] sample:		86.3 time, 90.5 real, 104.6 MB
[runlim] sample:		96.3 time, 100.5 real, 126.8 MB
[runlim] sample:		106.3 time, 110.5 real, 139.2 MB
[runlim] sample:		116.3 time, 120.5 real, 145.1 MB
[runlim] sample:		126.3 time, 130.5 real, 148.5 MB
[runlim] sample:		136.3 time, 140.5 real, 150.0 MB
[runlim] sample:		146.3 time, 150.5 real, 156.1 MB
[runlim] sample:		156.3 time, 160.5 real, 156.9 MB
[runlim] sample:		166.3 time, 170.5 real, 161.6 MB
[runlim] sample:		176.3 time, 180.5 real, 165.7 MB
[runlim] sample:		186.3 time, 190.5 real, 175.2 MB
[runlim] sample:		196.3 time, 200.5 real, 175.2 MB
[runlim] sample:		206.3 time, 210.5 real, 191.2 MB
[runlim] sample:		216.3 time, 220.5 real, 193.0 MB
[runlim] sample:		226.3 time, 230.5 real, 193.3 MB
[runlim] sample:		236.3 time, 240.5 real, 193.8 MB
[runlim] sample:		246.3 time, 250.5 real, 194.1 MB
[runlim] sample:		256.3 time, 260.5 real, 194.1 MB
[runlim] sample:		266.3 time, 270.5 real, 194.3 MB
[runlim] sample:		276.3 time, 280.5 real, 194.6 MB
[runlim] sample:		286.3 time, 290.5 real, 195.4 MB
[runlim] sample:		296.3 time, 300.5 real, 197.2 MB
[runlim] end:			Tue Feb  5 11:15:01 2019
[runlim] status:		out of time
[runlim] result:		2
[runlim] children:		0
[runlim] real:			304.36 seconds
[runlim] time:			300.09 seconds
[runlim] space:			197.4 MB
[runlim] samples:		3038
