[runlim] version:		1.10fixed
[runlim] time limit:		300 seconds
[runlim] real time limit:	311040000 seconds
[runlim] space limit:		4000 MB
[runlim] argv[0]:		./z3
[runlim] argv[1]:		/tmp/7wY0mBcX.smt2
[runlim] start:			Thu Feb 14 00:52:41 2019
[runlim] main pid:		14127
[runlim] sample:		9.3 time, 10.8 real, 15.8 MB
[runlim] sample:		19.3 time, 20.8 real, 15.9 MB
[runlim] sample:		29.3 time, 30.8 real, 16.0 MB
[runlim] sample:		38.9 time, 40.8 real, 18.9 MB
[runlim] sample:		48.3 time, 50.8 real, 20.4 MB
[runlim] sample:		58.1 time, 60.8 real, 20.4 MB
[runlim] sample:		68.1 time, 70.8 real, 20.4 MB
[runlim] sample:		78.1 time, 80.8 real, 20.4 MB
[runlim] sample:		88.1 time, 90.8 real, 20.4 MB
[runlim] sample:		98.1 time, 100.8 real, 21.1 MB
[runlim] sample:		107.5 time, 110.8 real, 21.1 MB
[runlim] sample:		116.8 time, 120.8 real, 21.1 MB
[runlim] sample:		126.5 time, 130.8 real, 21.1 MB
[runlim] sample:		135.5 time, 140.8 real, 21.1 MB
[runlim] sample:		145.5 time, 150.8 real, 21.1 MB
[runlim] sample:		155.5 time, 160.8 real, 24.6 MB
[runlim] sample:		165.4 time, 170.8 real, 24.8 MB
[runlim] sample:		175.4 time, 180.8 real, 24.8 MB
[runlim] sample:		185.2 time, 190.8 real, 24.8 MB
[runlim] sample:		194.8 time, 200.8 real, 24.9 MB
[runlim] sample:		204.8 time, 210.8 real, 24.9 MB
[runlim] sample:		214.8 time, 220.8 real, 24.9 MB
[runlim] sample:		224.1 time, 230.8 real, 25.0 MB
[runlim] sample:		232.6 time, 240.8 real, 25.0 MB
[runlim] sample:		241.8 time, 250.8 real, 25.0 MB
[runlim] sample:		251.1 time, 260.8 real, 25.0 MB
[runlim] sample:		260.9 time, 270.8 real, 29.1 MB
[runlim] sample:		270.9 time, 280.8 real, 29.1 MB
[runlim] sample:		280.9 time, 290.8 real, 29.1 MB
[runlim] sample:		290.9 time, 300.8 real, 29.1 MB
[runlim] end:			Thu Feb 14 00:57:51 2019
[runlim] status:		out of time
[runlim] result:		2
[runlim] children:		0
[runlim] real:			310.51 seconds
[runlim] time:			300.05 seconds
[runlim] space:			29.1 MB
[runlim] samples:		3097
