[runlim] version:		1.10fixed
[runlim] time limit:		300 seconds
[runlim] real time limit:	311040000 seconds
[runlim] space limit:		4000 MB
[runlim] argv[0]:		./z3
[runlim] argv[1]:		/tmp/Axi3g4Ua.smt2
[runlim] start:			Thu Feb 14 00:52:51 2019
[runlim] main pid:		7631
[runlim] sample:		9.0 time, 10.6 real, 22.5 MB
[runlim] sample:		18.2 time, 20.6 real, 22.7 MB
[runlim] sample:		27.3 time, 30.6 real, 23.5 MB
[runlim] sample:		36.9 time, 40.6 real, 36.0 MB
[runlim] sample:		46.9 time, 50.6 real, 22.7 MB
[runlim] sample:		56.9 time, 60.6 real, 22.7 MB
[runlim] sample:		66.8 time, 70.6 real, 22.7 MB
[runlim] sample:		76.4 time, 80.6 real, 27.9 MB
[runlim] sample:		86.3 time, 90.6 real, 33.1 MB
[runlim] sample:		96.3 time, 100.6 real, 34.6 MB
[runlim] sample:		106.2 time, 110.6 real, 33.8 MB
[runlim] sample:		115.1 time, 120.6 real, 33.9 MB
[runlim] sample:		124.1 time, 130.6 real, 33.2 MB
[runlim] sample:		133.0 time, 140.6 real, 29.8 MB
[runlim] sample:		142.0 time, 150.6 real, 31.0 MB
[runlim] sample:		151.0 time, 160.6 real, 32.0 MB
[runlim] sample:		160.1 time, 170.6 real, 30.1 MB
[runlim] sample:		170.1 time, 180.6 real, 30.9 MB
[runlim] sample:		180.1 time, 190.6 real, 28.4 MB
[runlim] sample:		190.1 time, 200.6 real, 32.9 MB
[runlim] sample:		200.1 time, 210.6 real, 30.4 MB
[runlim] sample:		210.1 time, 220.6 real, 33.6 MB
[runlim] sample:		220.1 time, 230.6 real, 32.2 MB
[runlim] sample:		230.1 time, 240.6 real, 30.4 MB
[runlim] sample:		240.1 time, 250.6 real, 30.4 MB
[runlim] sample:		250.1 time, 260.6 real, 30.4 MB
[runlim] sample:		260.1 time, 270.6 real, 30.4 MB
[runlim] sample:		270.1 time, 280.6 real, 30.4 MB
[runlim] sample:		279.5 time, 290.6 real, 30.4 MB
[runlim] sample:		288.4 time, 300.6 real, 30.4 MB
[runlim] sample:		298.4 time, 310.6 real, 30.4 MB
[runlim] end:			Thu Feb 14 00:58:03 2019
[runlim] status:		out of time
[runlim] result:		2
[runlim] children:		0
[runlim] real:			312.33 seconds
[runlim] time:			300.09 seconds
[runlim] space:			37.9 MB
[runlim] samples:		3117
