[runlim] version:		1.10fixed
[runlim] time limit:		300 seconds
[runlim] real time limit:	311040000 seconds
[runlim] space limit:		4000 MB
[runlim] argv[0]:		./z3
[runlim] argv[1]:		/tmp/4HngBbEw.smt2
[runlim] start:			Thu Feb 14 00:52:41 2019
[runlim] main pid:		16291
[runlim] sample:		9.3 time, 10.3 real, 22.9 MB
[runlim] sample:		19.3 time, 20.3 real, 24.5 MB
[runlim] sample:		29.3 time, 30.3 real, 24.5 MB
[runlim] sample:		39.3 time, 40.3 real, 24.5 MB
[runlim] sample:		49.3 time, 50.3 real, 24.5 MB
[runlim] sample:		59.3 time, 60.3 real, 24.5 MB
[runlim] sample:		69.3 time, 70.3 real, 24.7 MB
[runlim] sample:		79.3 time, 80.3 real, 24.7 MB
[runlim] sample:		89.3 time, 90.3 real, 24.7 MB
[runlim] sample:		97.7 time, 100.3 real, 24.7 MB
[runlim] sample:		106.0 time, 110.3 real, 25.0 MB
[runlim] sample:		114.4 time, 120.3 real, 25.2 MB
[runlim] sample:		123.2 time, 130.3 real, 25.5 MB
[runlim] sample:		133.2 time, 140.3 real, 26.0 MB
[runlim] sample:		143.2 time, 150.3 real, 26.0 MB
[runlim] sample:		152.3 time, 160.3 real, 27.2 MB
[runlim] sample:		162.3 time, 170.3 real, 29.8 MB
[runlim] sample:		171.3 time, 180.3 real, 29.8 MB
[runlim] sample:		180.9 time, 190.3 real, 30.6 MB
[runlim] sample:		190.9 time, 200.3 real, 30.6 MB
[runlim] sample:		200.9 time, 210.3 real, 30.6 MB
[runlim] sample:		210.9 time, 220.3 real, 30.6 MB
[runlim] sample:		220.8 time, 230.3 real, 30.8 MB
[runlim] sample:		230.8 time, 240.3 real, 30.8 MB
[runlim] sample:		240.8 time, 250.3 real, 30.8 MB
[runlim] sample:		250.8 time, 260.3 real, 30.8 MB
[runlim] sample:		260.8 time, 270.3 real, 30.8 MB
[runlim] sample:		270.8 time, 280.3 real, 30.8 MB
[runlim] sample:		279.9 time, 290.3 real, 30.8 MB
[runlim] sample:		288.7 time, 300.3 real, 31.1 MB
[runlim] sample:		298.4 time, 310.3 real, 31.1 MB
[runlim] end:			Thu Feb 14 00:57:52 2019
[runlim] status:		signal(9)
[runlim] result:		11
[runlim] children:		0
[runlim] real:			311.98 seconds
[runlim] time:			299.96 seconds
[runlim] space:			31.1 MB
[runlim] samples:		3116
