[runlim] version:		1.10fixed
[runlim] time limit:		300 seconds
[runlim] real time limit:	311040000 seconds
[runlim] space limit:		4000 MB
[runlim] argv[0]:		./z3
[runlim] argv[1]:		/tmp/RKrjLQRZ.smt2
[runlim] start:			Thu Feb 14 00:51:56 2019
[runlim] main pid:		26863
[runlim] sample:		7.4 time, 10.5 real, 36.1 MB
[runlim] sample:		16.5 time, 20.5 real, 40.6 MB
[runlim] sample:		24.5 time, 30.5 real, 42.5 MB
[runlim] sample:		34.5 time, 40.5 real, 47.8 MB
[runlim] sample:		43.7 time, 50.5 real, 49.4 MB
[runlim] sample:		53.6 time, 60.5 real, 51.1 MB
[runlim] sample:		63.6 time, 70.5 real, 51.1 MB
[runlim] sample:		73.6 time, 80.5 real, 52.2 MB
[runlim] sample:		83.6 time, 90.5 real, 53.0 MB
[runlim] sample:		93.6 time, 100.5 real, 53.0 MB
[runlim] sample:		103.6 time, 110.5 real, 53.0 MB
[runlim] sample:		113.6 time, 120.5 real, 53.0 MB
[runlim] sample:		123.6 time, 130.5 real, 53.0 MB
[runlim] sample:		133.6 time, 140.5 real, 53.0 MB
[runlim] sample:		143.6 time, 150.5 real, 53.0 MB
[runlim] sample:		153.5 time, 160.5 real, 53.0 MB
[runlim] sample:		161.8 time, 170.5 real, 53.0 MB
[runlim] sample:		171.7 time, 180.5 real, 53.0 MB
[runlim] sample:		181.7 time, 190.5 real, 53.0 MB
[runlim] sample:		191.7 time, 200.5 real, 53.0 MB
[runlim] sample:		201.7 time, 210.5 real, 53.0 MB
[runlim] sample:		211.7 time, 220.5 real, 53.0 MB
[runlim] sample:		221.7 time, 230.5 real, 53.0 MB
[runlim] sample:		231.7 time, 240.5 real, 53.0 MB
[runlim] sample:		241.7 time, 250.5 real, 53.0 MB
[runlim] sample:		251.7 time, 260.5 real, 53.0 MB
[runlim] sample:		261.7 time, 270.5 real, 53.0 MB
[runlim] sample:		271.7 time, 280.5 real, 53.0 MB
[runlim] sample:		281.7 time, 290.5 real, 53.0 MB
[runlim] sample:		291.7 time, 300.5 real, 53.0 MB
[runlim] end:			Thu Feb 14 00:57:04 2019
[runlim] status:		out of time
[runlim] result:		2
[runlim] children:		0
[runlim] real:			308.94 seconds
[runlim] time:			300.07 seconds
[runlim] space:			53.0 MB
[runlim] samples:		3084
