[runlim] version:		1.10fixed
[runlim] time limit:		300 seconds
[runlim] real time limit:	311040000 seconds
[runlim] space limit:		4000 MB
[runlim] argv[0]:		./z3
[runlim] argv[1]:		/tmp/iHQKzf9O.smt2
[runlim] start:			Thu Feb 14 00:53:07 2019
[runlim] main pid:		30431
[runlim] sample:		9.9 time, 10.9 real, 19.8 MB
[runlim] sample:		19.9 time, 20.9 real, 20.0 MB
[runlim] sample:		29.9 time, 30.9 real, 20.5 MB
[runlim] sample:		39.5 time, 40.9 real, 22.2 MB
[runlim] sample:		49.5 time, 50.9 real, 24.9 MB
[runlim] sample:		59.1 time, 60.9 real, 26.6 MB
[runlim] sample:		68.0 time, 70.9 real, 26.6 MB
[runlim] sample:		77.0 time, 80.9 real, 27.2 MB
[runlim] sample:		86.1 time, 90.9 real, 28.0 MB
[runlim] sample:		94.9 time, 100.9 real, 28.0 MB
[runlim] sample:		103.2 time, 110.9 real, 28.0 MB
[runlim] sample:		112.0 time, 120.9 real, 41.4 MB
[runlim] sample:		119.9 time, 130.9 real, 41.4 MB
[runlim] sample:		129.8 time, 140.9 real, 41.4 MB
[runlim] sample:		139.8 time, 150.9 real, 42.6 MB
[runlim] sample:		149.8 time, 160.9 real, 43.6 MB
[runlim] sample:		159.8 time, 170.9 real, 45.5 MB
[runlim] sample:		169.8 time, 180.9 real, 47.3 MB
[runlim] sample:		179.8 time, 190.9 real, 47.3 MB
[runlim] sample:		189.8 time, 200.9 real, 47.3 MB
[runlim] sample:		199.8 time, 210.9 real, 47.3 MB
[runlim] sample:		209.8 time, 220.9 real, 47.3 MB
[runlim] sample:		219.8 time, 230.9 real, 47.3 MB
[runlim] sample:		229.8 time, 240.9 real, 47.3 MB
[runlim] sample:		239.8 time, 250.9 real, 47.6 MB
[runlim] sample:		249.8 time, 260.9 real, 50.3 MB
[runlim] sample:		259.8 time, 270.9 real, 50.3 MB
[runlim] sample:		269.5 time, 280.9 real, 50.3 MB
[runlim] sample:		279.1 time, 290.9 real, 50.3 MB
[runlim] sample:		288.8 time, 300.9 real, 50.6 MB
[runlim] sample:		298.5 time, 310.9 real, 50.6 MB
[runlim] end:			Thu Feb 14 00:58:19 2019
[runlim] status:		out of time
[runlim] result:		2
[runlim] children:		0
[runlim] real:			312.51 seconds
[runlim] time:			300.01 seconds
[runlim] space:			50.6 MB
[runlim] samples:		3116
