[runlim] version:		1.10fixed
[runlim] time limit:		300 seconds
[runlim] real time limit:	311040000 seconds
[runlim] space limit:		4000 MB
[runlim] argv[0]:		./z3
[runlim] argv[1]:		/tmp/SWEU204k.smt2
[runlim] start:			Thu Feb 14 00:52:57 2019
[runlim] main pid:		28011
[runlim] sample:		9.5 time, 10.3 real, 22.5 MB
[runlim] sample:		19.2 time, 20.3 real, 33.6 MB
[runlim] sample:		28.9 time, 30.3 real, 42.4 MB
[runlim] sample:		37.7 time, 40.3 real, 42.4 MB
[runlim] sample:		47.4 time, 50.3 real, 42.4 MB
[runlim] sample:		57.2 time, 60.3 real, 42.4 MB
[runlim] sample:		67.2 time, 70.3 real, 42.4 MB
[runlim] sample:		77.2 time, 80.3 real, 42.4 MB
[runlim] sample:		87.2 time, 90.3 real, 42.4 MB
[runlim] sample:		97.2 time, 100.3 real, 42.4 MB
[runlim] sample:		107.2 time, 110.3 real, 42.4 MB
[runlim] sample:		117.2 time, 120.3 real, 42.4 MB
[runlim] sample:		127.0 time, 130.3 real, 42.4 MB
[runlim] sample:		135.9 time, 140.3 real, 42.4 MB
[runlim] sample:		145.2 time, 150.3 real, 42.4 MB
[runlim] sample:		153.4 time, 160.3 real, 42.4 MB
[runlim] sample:		161.7 time, 170.3 real, 42.4 MB
[runlim] sample:		170.3 time, 180.3 real, 42.4 MB
[runlim] sample:		179.3 time, 190.3 real, 42.7 MB
[runlim] sample:		188.3 time, 200.3 real, 42.7 MB
[runlim] sample:		197.7 time, 210.3 real, 42.7 MB
[runlim] sample:		207.7 time, 220.3 real, 42.7 MB
[runlim] sample:		217.7 time, 230.3 real, 42.7 MB
[runlim] sample:		227.7 time, 240.3 real, 42.7 MB
[runlim] sample:		237.7 time, 250.3 real, 42.7 MB
[runlim] sample:		247.7 time, 260.3 real, 42.7 MB
[runlim] sample:		257.7 time, 270.3 real, 42.7 MB
[runlim] sample:		267.7 time, 280.3 real, 50.7 MB
[runlim] sample:		277.6 time, 290.3 real, 50.1 MB
[runlim] sample:		287.6 time, 300.3 real, 50.1 MB
[runlim] sample:		297.6 time, 310.3 real, 50.1 MB
[runlim] end:			Thu Feb 14 00:58:09 2019
[runlim] status:		out of time
[runlim] result:		2
[runlim] children:		0
[runlim] real:			312.75 seconds
[runlim] time:			300.05 seconds
[runlim] space:			53.0 MB
[runlim] samples:		3124
