[runlim] version:		1.10fixed
[runlim] time limit:		300 seconds
[runlim] real time limit:	311040000 seconds
[runlim] space limit:		4000 MB
[runlim] argv[0]:		./z3
[runlim] argv[1]:		/tmp/Vhw401Y7.smt2
[runlim] start:			Thu Feb 14 00:53:04 2019
[runlim] main pid:		30485
[runlim] sample:		8.7 time, 10.4 real, 23.3 MB
[runlim] sample:		18.7 time, 20.4 real, 32.6 MB
[runlim] sample:		28.7 time, 30.4 real, 32.8 MB
[runlim] sample:		38.7 time, 40.4 real, 34.2 MB
[runlim] sample:		48.7 time, 50.4 real, 34.2 MB
[runlim] sample:		58.6 time, 60.4 real, 35.1 MB
[runlim] sample:		67.6 time, 70.4 real, 35.1 MB
[runlim] sample:		75.2 time, 80.4 real, 35.1 MB
[runlim] sample:		85.1 time, 90.4 real, 35.3 MB
[runlim] sample:		95.1 time, 100.4 real, 36.2 MB
[runlim] sample:		105.1 time, 110.4 real, 36.4 MB
[runlim] sample:		115.1 time, 120.4 real, 39.3 MB
[runlim] sample:		125.1 time, 130.4 real, 44.2 MB
[runlim] sample:		135.1 time, 140.4 real, 44.2 MB
[runlim] sample:		145.1 time, 150.4 real, 44.2 MB
[runlim] sample:		152.9 time, 160.4 real, 47.4 MB
[runlim] sample:		161.8 time, 170.4 real, 48.4 MB
[runlim] sample:		171.5 time, 180.4 real, 48.3 MB
[runlim] sample:		181.5 time, 190.4 real, 51.0 MB
[runlim] sample:		191.5 time, 200.4 real, 50.2 MB
[runlim] sample:		201.5 time, 210.4 real, 48.5 MB
[runlim] sample:		211.5 time, 220.4 real, 49.4 MB
[runlim] sample:		221.5 time, 230.4 real, 49.9 MB
[runlim] sample:		231.3 time, 240.4 real, 49.2 MB
[runlim] sample:		240.8 time, 250.4 real, 51.4 MB
[runlim] sample:		250.4 time, 260.4 real, 55.3 MB
[runlim] sample:		260.1 time, 270.4 real, 55.3 MB
[runlim] sample:		269.8 time, 280.4 real, 56.3 MB
[runlim] sample:		279.8 time, 290.4 real, 59.8 MB
[runlim] sample:		289.2 time, 300.4 real, 58.3 MB
[runlim] sample:		298.3 time, 310.4 real, 57.7 MB
[runlim] end:			Thu Feb 14 00:58:15 2019
[runlim] status:		signal(9)
[runlim] result:		11
[runlim] children:		0
[runlim] real:			311.44 seconds
[runlim] time:			299.34 seconds
[runlim] space:			59.8 MB
[runlim] samples:		3110
