[runlim] version:		1.10fixed
[runlim] time limit:		300 seconds
[runlim] real time limit:	311040000 seconds
[runlim] space limit:		4000 MB
[runlim] argv[0]:		./z3
[runlim] argv[1]:		/tmp/ncSlPrSe.smt2
[runlim] start:			Thu Feb 14 00:52:00 2019
[runlim] main pid:		27461
[runlim] sample:		8.0 time, 10.7 real, 28.9 MB
[runlim] sample:		17.3 time, 20.7 real, 36.0 MB
[runlim] sample:		27.0 time, 30.7 real, 36.7 MB
[runlim] sample:		36.7 time, 40.7 real, 37.5 MB
[runlim] sample:		46.4 time, 50.7 real, 51.5 MB
[runlim] sample:		56.0 time, 60.7 real, 66.7 MB
[runlim] sample:		65.7 time, 70.7 real, 80.8 MB
[runlim] sample:		75.5 time, 80.7 real, 80.9 MB
[runlim] sample:		85.5 time, 90.7 real, 80.9 MB
[runlim] sample:		95.5 time, 100.7 real, 81.0 MB
[runlim] sample:		104.6 time, 110.7 real, 81.0 MB
[runlim] sample:		114.2 time, 120.7 real, 81.2 MB
[runlim] sample:		124.2 time, 130.7 real, 81.4 MB
[runlim] sample:		134.2 time, 140.7 real, 84.8 MB
[runlim] sample:		144.2 time, 150.7 real, 81.3 MB
[runlim] sample:		153.3 time, 160.7 real, 81.4 MB
[runlim] sample:		161.3 time, 170.7 real, 81.6 MB
[runlim] sample:		170.9 time, 180.7 real, 81.3 MB
[runlim] sample:		180.1 time, 190.7 real, 81.8 MB
[runlim] sample:		189.7 time, 200.7 real, 81.4 MB
[runlim] sample:		199.7 time, 210.7 real, 83.4 MB
[runlim] sample:		209.7 time, 220.7 real, 86.8 MB
[runlim] sample:		219.7 time, 230.7 real, 87.6 MB
[runlim] sample:		229.7 time, 240.7 real, 87.2 MB
[runlim] sample:		239.7 time, 250.7 real, 81.4 MB
[runlim] sample:		249.7 time, 260.7 real, 81.4 MB
[runlim] sample:		259.7 time, 270.7 real, 81.4 MB
[runlim] sample:		269.7 time, 280.7 real, 81.5 MB
[runlim] sample:		279.7 time, 290.7 real, 81.7 MB
[runlim] sample:		289.6 time, 300.7 real, 81.4 MB
[runlim] sample:		298.6 time, 310.7 real, 81.4 MB
[runlim] end:			Thu Feb 14 00:57:12 2019
[runlim] status:		out of time
[runlim] result:		2
[runlim] children:		0
[runlim] real:			312.31 seconds
[runlim] time:			300.09 seconds
[runlim] space:			89.2 MB
[runlim] samples:		3116
