[runlim] version:		1.10fixed
[runlim] time limit:		300 seconds
[runlim] real time limit:	311040000 seconds
[runlim] space limit:		4000 MB
[runlim] argv[0]:		./z3
[runlim] argv[1]:		/tmp/T4IhwpZ2.smt2
[runlim] start:			Thu Feb 14 00:53:05 2019
[runlim] main pid:		3278
[runlim] sample:		7.6 time, 10.1 real, 19.5 MB
[runlim] sample:		15.2 time, 20.1 real, 36.3 MB
[runlim] sample:		23.7 time, 30.1 real, 38.2 MB
[runlim] sample:		33.7 time, 40.1 real, 38.2 MB
[runlim] sample:		43.7 time, 50.1 real, 39.6 MB
[runlim] sample:		53.4 time, 60.1 real, 51.7 MB
[runlim] sample:		62.7 time, 70.1 real, 160.6 MB
[runlim] sample:		70.7 time, 80.1 real, 160.6 MB
[runlim] sample:		80.3 time, 90.1 real, 160.6 MB
[runlim] sample:		90.0 time, 100.1 real, 160.6 MB
[runlim] sample:		99.7 time, 110.1 real, 160.6 MB
[runlim] sample:		109.3 time, 120.1 real, 160.6 MB
[runlim] sample:		118.7 time, 130.1 real, 160.6 MB
[runlim] sample:		127.6 time, 140.1 real, 160.6 MB
[runlim] sample:		136.3 time, 150.1 real, 160.6 MB
[runlim] sample:		145.1 time, 160.1 real, 160.6 MB
[runlim] sample:		153.8 time, 170.1 real, 160.6 MB
[runlim] sample:		163.5 time, 180.1 real, 160.6 MB
[runlim] sample:		173.5 time, 190.1 real, 160.6 MB
[runlim] sample:		183.5 time, 200.1 real, 160.6 MB
[runlim] sample:		193.5 time, 210.1 real, 160.6 MB
[runlim] sample:		203.5 time, 220.1 real, 160.6 MB
[runlim] sample:		213.3 time, 230.1 real, 160.6 MB
[runlim] sample:		222.7 time, 240.1 real, 160.6 MB
[runlim] sample:		232.0 time, 250.1 real, 160.6 MB
[runlim] sample:		241.9 time, 260.1 real, 160.6 MB
[runlim] sample:		251.9 time, 270.1 real, 160.6 MB
[runlim] sample:		261.5 time, 280.1 real, 160.6 MB
[runlim] sample:		269.7 time, 290.1 real, 160.6 MB
[runlim] sample:		278.2 time, 300.1 real, 160.6 MB
[runlim] sample:		287.8 time, 310.1 real, 160.6 MB
[runlim] sample:		296.9 time, 320.1 real, 160.6 MB
[runlim] end:			Thu Feb 14 00:58:26 2019
[runlim] status:		signal(9)
[runlim] result:		11
[runlim] children:		0
[runlim] real:			321.36 seconds
[runlim] time:			298.13 seconds
[runlim] space:			160.6 MB
[runlim] samples:		3212
