[runlim] version:		1.10fixed
[runlim] time limit:		300 seconds
[runlim] real time limit:	311040000 seconds
[runlim] space limit:		4000 MB
[runlim] argv[0]:		./z3
[runlim] argv[1]:		/tmp/rMTsAcnY.smt2
[runlim] start:			Thu Feb 14 00:53:02 2019
[runlim] main pid:		19624
[runlim] sample:		9.3 time, 10.8 real, 41.0 MB
[runlim] sample:		19.0 time, 20.8 real, 78.7 MB
[runlim] sample:		28.6 time, 30.8 real, 115.6 MB
[runlim] sample:		37.9 time, 40.8 real, 152.0 MB
[runlim] sample:		47.9 time, 50.8 real, 184.8 MB
[runlim] sample:		57.9 time, 60.8 real, 184.9 MB
[runlim] sample:		67.9 time, 70.8 real, 185.1 MB
[runlim] sample:		77.9 time, 80.8 real, 185.1 MB
[runlim] sample:		87.9 time, 90.8 real, 185.4 MB
[runlim] sample:		97.2 time, 100.8 real, 185.4 MB
[runlim] sample:		105.8 time, 110.8 real, 185.4 MB
[runlim] sample:		115.1 time, 120.8 real, 185.7 MB
[runlim] sample:		125.1 time, 130.8 real, 185.7 MB
[runlim] sample:		135.1 time, 140.8 real, 185.7 MB
[runlim] sample:		145.1 time, 150.8 real, 185.7 MB
[runlim] sample:		155.1 time, 160.8 real, 185.7 MB
[runlim] sample:		165.1 time, 170.8 real, 185.7 MB
[runlim] sample:		175.1 time, 180.8 real, 185.7 MB
[runlim] sample:		185.1 time, 190.8 real, 185.7 MB
[runlim] sample:		195.1 time, 200.8 real, 185.7 MB
[runlim] sample:		205.1 time, 210.8 real, 185.7 MB
[runlim] sample:		215.1 time, 220.8 real, 187.7 MB
[runlim] sample:		225.1 time, 230.8 real, 188.2 MB
[runlim] sample:		235.1 time, 240.8 real, 188.2 MB
[runlim] sample:		245.1 time, 250.8 real, 188.2 MB
[runlim] sample:		255.1 time, 260.8 real, 188.6 MB
[runlim] sample:		265.1 time, 270.8 real, 188.8 MB
[runlim] sample:		275.1 time, 280.8 real, 189.1 MB
[runlim] sample:		285.1 time, 290.8 real, 189.1 MB
[runlim] sample:		295.1 time, 300.8 real, 189.1 MB
[runlim] end:			Thu Feb 14 00:58:07 2019
[runlim] status:		out of time
[runlim] result:		2
[runlim] children:		0
[runlim] real:			305.81 seconds
[runlim] time:			300.07 seconds
[runlim] space:			189.1 MB
[runlim] samples:		3050
