[runlim] version:		1.10fixed
[runlim] time limit:		1800 seconds
[runlim] real time limit:	311040000 seconds
[runlim] space limit:		4000 MB
[runlim] argv[0]:		./z3
[runlim] argv[1]:		/tmp/Ru7ivAtb.smt2
[runlim] start:			Sat Feb  9 17:53:35 2019
[runlim] main pid:		21710
[runlim] sample:		8.7 time, 10.6 real, 22.4 MB
[runlim] sample:		18.1 time, 20.6 real, 26.4 MB
[runlim] sample:		27.8 time, 30.6 real, 27.2 MB
[runlim] sample:		37.8 time, 40.6 real, 36.3 MB
[runlim] sample:		47.8 time, 50.6 real, 34.0 MB
[runlim] sample:		57.8 time, 60.6 real, 36.1 MB
[runlim] sample:		67.8 time, 70.6 real, 37.8 MB
[runlim] sample:		77.7 time, 80.6 real, 37.8 MB
[runlim] sample:		86.5 time, 90.6 real, 37.8 MB
[runlim] sample:		95.2 time, 100.6 real, 37.8 MB
[runlim] sample:		103.9 time, 110.6 real, 37.8 MB
[runlim] sample:		112.5 time, 120.6 real, 37.8 MB
[runlim] sample:		121.0 time, 130.6 real, 49.4 MB
[runlim] sample:		129.5 time, 140.6 real, 49.7 MB
[runlim] sample:		138.3 time, 150.6 real, 48.8 MB
[runlim] sample:		147.1 time, 160.6 real, 48.8 MB
[runlim] sample:		156.1 time, 170.6 real, 48.8 MB
[runlim] sample:		165.0 time, 180.6 real, 48.8 MB
[runlim] sample:		173.4 time, 190.6 real, 48.8 MB
[runlim] sample:		181.8 time, 200.6 real, 48.8 MB
[runlim] sample:		190.3 time, 210.6 real, 48.8 MB
[runlim] sample:		199.1 time, 220.6 real, 48.8 MB
[runlim] sample:		208.1 time, 230.6 real, 48.8 MB
[runlim] sample:		217.1 time, 240.6 real, 48.8 MB
[runlim] sample:		226.1 time, 250.6 real, 48.8 MB
[runlim] sample:		235.0 time, 260.6 real, 48.8 MB
[runlim] sample:		244.0 time, 270.6 real, 48.8 MB
[runlim] sample:		252.9 time, 280.6 real, 48.8 MB
[runlim] sample:		261.9 time, 290.6 real, 48.8 MB
[runlim] sample:		270.9 time, 300.6 real, 48.8 MB
[runlim] sample:		279.8 time, 310.6 real, 48.8 MB
[runlim] sample:		288.8 time, 320.6 real, 48.8 MB
[runlim] sample:		297.8 time, 330.6 real, 48.9 MB
[runlim] sample:		307.8 time, 340.6 real, 48.9 MB
[runlim] sample:		316.8 time, 350.6 real, 48.9 MB
[runlim] sample:		326.1 time, 360.6 real, 48.9 MB
[runlim] sample:		333.7 time, 370.6 real, 56.1 MB
[runlim] sample:		342.3 time, 380.6 real, 49.6 MB
[runlim] sample:		350.8 time, 390.6 real, 51.0 MB
[runlim] sample:		358.5 time, 400.6 real, 49.2 MB
[runlim] sample:		366.7 time, 410.6 real, 49.2 MB
[runlim] sample:		376.6 time, 420.6 real, 48.9 MB
[runlim] sample:		385.2 time, 430.6 real, 48.9 MB
[runlim] sample:		395.2 time, 440.6 real, 48.9 MB
[runlim] sample:		405.2 time, 450.6 real, 48.9 MB
[runlim] sample:		415.0 time, 460.6 real, 48.9 MB
[runlim] sample:		425.0 time, 470.6 real, 48.9 MB
[runlim] sample:		435.0 time, 480.6 real, 48.9 MB
[runlim] sample:		445.0 time, 490.6 real, 48.9 MB
[runlim] sample:		455.0 time, 500.6 real, 48.9 MB
[runlim] sample:		465.0 time, 510.6 real, 48.9 MB
[runlim] sample:		475.0 time, 520.6 real, 48.9 MB
[runlim] sample:		485.0 time, 530.6 real, 48.9 MB
[runlim] sample:		495.0 time, 540.6 real, 48.9 MB
[runlim] sample:		505.0 time, 550.6 real, 48.9 MB
[runlim] sample:		514.9 time, 560.6 real, 48.9 MB
[runlim] sample:		524.9 time, 570.6 real, 48.9 MB
[runlim] sample:		534.9 time, 580.6 real, 48.9 MB
[runlim] sample:		544.9 time, 590.6 real, 55.9 MB
[runlim] sample:		554.7 time, 600.6 real, 57.5 MB
[runlim] sample:		564.4 time, 610.6 real, 56.4 MB
[runlim] sample:		574.1 time, 620.6 real, 56.4 MB
[runlim] sample:		584.1 time, 630.6 real, 56.4 MB
[runlim] sample:		594.1 time, 640.6 real, 48.9 MB
[runlim] sample:		604.1 time, 650.6 real, 48.9 MB
[runlim] sample:		612.8 time, 660.6 real, 55.8 MB
[runlim] sample:		622.8 time, 670.6 real, 61.6 MB
[runlim] sample:		631.2 time, 680.6 real, 59.0 MB
[runlim] sample:		639.5 time, 690.6 real, 57.0 MB
[runlim] sample:		647.8 time, 700.6 real, 57.0 MB
[runlim] sample:		656.9 time, 710.6 real, 57.0 MB
[runlim] sample:		666.8 time, 720.6 real, 57.0 MB
[runlim] sample:		675.8 time, 730.6 real, 48.9 MB
[runlim] sample:		684.1 time, 740.6 real, 48.9 MB
[runlim] sample:		692.4 time, 750.6 real, 48.9 MB
[runlim] sample:		701.1 time, 760.6 real, 48.9 MB
[runlim] sample:		710.8 time, 770.6 real, 48.9 MB
[runlim] sample:		720.4 time, 780.6 real, 48.9 MB
[runlim] sample:		730.0 time, 790.6 real, 54.8 MB
[runlim] sample:		738.4 time, 800.6 real, 55.0 MB
[runlim] sample:		746.7 time, 810.6 real, 54.2 MB
[runlim] sample:		755.1 time, 820.6 real, 55.0 MB
[runlim] sample:		763.4 time, 830.6 real, 55.3 MB
[runlim] sample:		771.8 time, 840.6 real, 62.0 MB
[runlim] sample:		780.1 time, 850.6 real, 62.0 MB
[runlim] sample:		788.5 time, 860.6 real, 62.0 MB
[runlim] sample:		796.8 time, 870.6 real, 62.0 MB
[runlim] sample:		805.2 time, 880.6 real, 62.0 MB
[runlim] sample:		813.5 time, 890.6 real, 62.0 MB
[runlim] sample:		821.9 time, 900.6 real, 62.0 MB
[runlim] sample:		830.2 time, 910.6 real, 62.0 MB
[runlim] sample:		838.5 time, 920.6 real, 62.0 MB
[runlim] sample:		846.9 time, 930.6 real, 62.0 MB
[runlim] sample:		855.5 time, 940.6 real, 62.0 MB
[runlim] sample:		863.9 time, 950.6 real, 62.0 MB
[runlim] sample:		872.2 time, 960.6 real, 62.0 MB
[runlim] sample:		880.6 time, 970.6 real, 62.0 MB
[runlim] sample:		888.9 time, 980.6 real, 62.0 MB
[runlim] sample:		897.2 time, 990.6 real, 62.0 MB
[runlim] sample:		906.5 time, 1000.6 real, 62.0 MB
[runlim] sample:		916.5 time, 1010.6 real, 62.0 MB
[runlim] sample:		926.5 time, 1020.6 real, 62.0 MB
[runlim] sample:		936.5 time, 1030.6 real, 62.0 MB
[runlim] sample:		946.5 time, 1040.6 real, 62.0 MB
[runlim] sample:		956.5 time, 1050.6 real, 62.0 MB
[runlim] sample:		965.5 time, 1060.6 real, 62.0 MB
[runlim] sample:		974.0 time, 1070.6 real, 62.0 MB
[runlim] sample:		983.7 time, 1080.6 real, 62.0 MB
[runlim] sample:		993.7 time, 1090.6 real, 62.0 MB
[runlim] sample:		1003.4 time, 1100.6 real, 62.0 MB
[runlim] sample:		1013.0 time, 1110.6 real, 62.0 MB
[runlim] sample:		1021.2 time, 1120.6 real, 62.0 MB
[runlim] sample:		1030.0 time, 1130.6 real, 62.0 MB
[runlim] sample:		1039.7 time, 1140.6 real, 62.0 MB
[runlim] sample:		1049.3 time, 1150.6 real, 62.0 MB
[runlim] sample:		1059.0 time, 1160.6 real, 62.0 MB
[runlim] sample:		1068.7 time, 1170.6 real, 62.0 MB
[runlim] sample:		1078.7 time, 1180.6 real, 62.0 MB
[runlim] sample:		1088.7 time, 1190.6 real, 62.0 MB
[runlim] sample:		1098.7 time, 1200.6 real, 62.0 MB
[runlim] sample:		1108.3 time, 1210.6 real, 62.0 MB
[runlim] sample:		1118.0 time, 1220.6 real, 62.0 MB
[runlim] sample:		1127.9 time, 1230.6 real, 62.0 MB
[runlim] sample:		1137.8 time, 1240.6 real, 62.0 MB
[runlim] sample:		1147.5 time, 1250.6 real, 62.0 MB
[runlim] sample:		1157.2 time, 1260.6 real, 62.0 MB
[runlim] sample:		1167.2 time, 1270.6 real, 62.0 MB
[runlim] sample:		1176.9 time, 1280.6 real, 62.0 MB
[runlim] sample:		1186.9 time, 1290.6 real, 62.0 MB
[runlim] sample:		1196.8 time, 1300.6 real, 62.0 MB
[runlim] sample:		1206.8 time, 1310.6 real, 62.0 MB
[runlim] sample:		1216.5 time, 1320.6 real, 62.0 MB
[runlim] sample:		1226.5 time, 1330.6 real, 62.0 MB
[runlim] sample:		1236.5 time, 1340.6 real, 62.0 MB
[runlim] sample:		1246.5 time, 1350.6 real, 62.0 MB
[runlim] sample:		1256.4 time, 1360.6 real, 62.0 MB
[runlim] sample:		1266.0 time, 1370.6 real, 62.0 MB
[runlim] sample:		1275.7 time, 1380.6 real, 62.0 MB
[runlim] sample:		1285.7 time, 1390.6 real, 62.0 MB
[runlim] sample:		1295.4 time, 1400.6 real, 62.0 MB
[runlim] sample:		1305.4 time, 1410.6 real, 62.0 MB
[runlim] sample:		1315.4 time, 1420.6 real, 62.0 MB
[runlim] sample:		1325.4 time, 1430.6 real, 62.0 MB
[runlim] sample:		1335.3 time, 1440.6 real, 62.0 MB
[runlim] sample:		1345.2 time, 1450.6 real, 62.0 MB
[runlim] sample:		1354.9 time, 1460.6 real, 62.0 MB
[runlim] sample:		1364.6 time, 1470.6 real, 62.0 MB
[runlim] sample:		1374.2 time, 1480.6 real, 62.0 MB
[runlim] sample:		1383.9 time, 1490.6 real, 62.0 MB
[runlim] sample:		1393.6 time, 1500.6 real, 62.0 MB
[runlim] sample:		1402.7 time, 1510.6 real, 62.0 MB
[runlim] sample:		1412.3 time, 1520.6 real, 62.0 MB
[runlim] sample:		1422.3 time, 1530.6 real, 62.0 MB
[runlim] sample:		1432.3 time, 1540.6 real, 62.0 MB
[runlim] sample:		1442.3 time, 1550.6 real, 62.0 MB
[runlim] sample:		1452.3 time, 1560.6 real, 62.0 MB
[runlim] sample:		1462.3 time, 1570.6 real, 62.0 MB
[runlim] sample:		1472.3 time, 1580.6 real, 62.0 MB
[runlim] sample:		1482.3 time, 1590.6 real, 62.0 MB
[runlim] sample:		1492.3 time, 1600.6 real, 62.0 MB
[runlim] sample:		1502.3 time, 1610.6 real, 62.0 MB
[runlim] sample:		1512.2 time, 1620.6 real, 62.0 MB
[runlim] sample:		1522.2 time, 1630.6 real, 62.0 MB
[runlim] sample:		1532.2 time, 1640.6 real, 62.0 MB
[runlim] sample:		1542.2 time, 1650.6 real, 62.0 MB
[runlim] sample:		1552.2 time, 1660.6 real, 62.0 MB
[runlim] sample:		1561.1 time, 1670.6 real, 62.0 MB
[runlim] sample:		1569.5 time, 1680.6 real, 62.0 MB
[runlim] sample:		1578.2 time, 1690.6 real, 62.0 MB
[runlim] sample:		1586.5 time, 1700.6 real, 62.0 MB
[runlim] sample:		1594.8 time, 1710.6 real, 62.0 MB
[runlim] sample:		1603.1 time, 1720.6 real, 62.0 MB
[runlim] sample:		1611.4 time, 1730.6 real, 62.0 MB
[runlim] sample:		1619.7 time, 1740.6 real, 62.0 MB
[runlim] sample:		1628.0 time, 1750.6 real, 62.0 MB
[runlim] sample:		1636.3 time, 1760.6 real, 62.0 MB
[runlim] sample:		1644.8 time, 1770.6 real, 62.0 MB
[runlim] sample:		1653.4 time, 1780.6 real, 62.0 MB
[runlim] sample:		1661.7 time, 1790.6 real, 62.0 MB
[runlim] sample:		1670.3 time, 1800.6 real, 62.0 MB
[runlim] sample:		1678.9 time, 1810.6 real, 62.0 MB
[runlim] sample:		1688.5 time, 1820.6 real, 62.0 MB
[runlim] sample:		1698.4 time, 1830.6 real, 62.0 MB
[runlim] sample:		1708.4 time, 1840.6 real, 62.0 MB
[runlim] sample:		1718.4 time, 1850.6 real, 62.0 MB
[runlim] sample:		1728.4 time, 1860.6 real, 62.0 MB
[runlim] sample:		1738.4 time, 1870.6 real, 62.0 MB
[runlim] sample:		1748.4 time, 1880.6 real, 62.0 MB
[runlim] end:			Sat Feb  9 18:24:56 2019
[runlim] status:		signal(9)
[runlim] result:		11
[runlim] children:		0
[runlim] real:			1881.11 seconds
[runlim] time:			1748.92 seconds
[runlim] space:			62.1 MB
[runlim] samples:		18805
