[runlim] version:		1.10fixed
[runlim] time limit:		300 seconds
[runlim] real time limit:	311040000 seconds
[runlim] space limit:		4000 MB
[runlim] argv[0]:		./z3
[runlim] argv[1]:		/tmp/60ETbboh.smt2
[runlim] start:			Thu Feb 14 00:47:30 2019
[runlim] main pid:		1641
[runlim] sample:		8.1 time, 10.1 real, 18.3 MB
[runlim] sample:		17.4 time, 20.1 real, 24.4 MB
[runlim] sample:		26.5 time, 30.1 real, 28.4 MB
[runlim] sample:		36.5 time, 40.1 real, 42.9 MB
[runlim] sample:		46.5 time, 50.1 real, 42.8 MB
[runlim] sample:		56.5 time, 60.1 real, 42.8 MB
[runlim] sample:		66.5 time, 70.1 real, 42.8 MB
[runlim] sample:		76.5 time, 80.1 real, 42.8 MB
[runlim] sample:		86.5 time, 90.1 real, 45.9 MB
[runlim] sample:		96.5 time, 100.1 real, 47.2 MB
[runlim] sample:		106.5 time, 110.1 real, 42.8 MB
[runlim] sample:		116.5 time, 120.1 real, 42.8 MB
[runlim] sample:		126.5 time, 130.1 real, 42.8 MB
[runlim] sample:		136.5 time, 140.1 real, 42.8 MB
[runlim] sample:		146.5 time, 150.1 real, 42.8 MB
[runlim] sample:		156.5 time, 160.1 real, 42.8 MB
[runlim] sample:		166.5 time, 170.1 real, 53.8 MB
[runlim] sample:		176.5 time, 180.1 real, 67.6 MB
[runlim] sample:		186.5 time, 190.1 real, 64.0 MB
[runlim] sample:		196.3 time, 200.1 real, 61.6 MB
[runlim] sample:		204.6 time, 210.1 real, 61.6 MB
[runlim] sample:		213.1 time, 220.1 real, 61.6 MB
[runlim] sample:		223.1 time, 230.1 real, 61.6 MB
[runlim] sample:		233.1 time, 240.1 real, 61.6 MB
[runlim] sample:		243.1 time, 250.1 real, 61.6 MB
[runlim] sample:		253.1 time, 260.1 real, 88.8 MB
[runlim] sample:		263.1 time, 270.1 real, 88.8 MB
[runlim] sample:		272.5 time, 280.1 real, 88.8 MB
[runlim] sample:		282.5 time, 290.1 real, 88.8 MB
[runlim] sample:		292.5 time, 300.1 real, 88.8 MB
[runlim] end:			Thu Feb 14 00:52:35 2019
[runlim] status:		signal(9)
[runlim] result:		11
[runlim] children:		0
[runlim] real:			305.19 seconds
[runlim] time:			297.49 seconds
[runlim] space:			88.8 MB
[runlim] samples:		3050
