[runlim] version:		1.10fixed
[runlim] time limit:		1800 seconds
[runlim] real time limit:	311040000 seconds
[runlim] space limit:		4000 MB
[runlim] argv[0]:		./z3
[runlim] argv[1]:		/tmp/awKhByil.smt2
[runlim] start:			Sat Feb  9 15:04:37 2019
[runlim] main pid:		31687
[runlim] sample:		8.9 time, 10.2 real, 17.6 MB
[runlim] sample:		18.6 time, 20.2 real, 23.3 MB
[runlim] sample:		28.5 time, 30.2 real, 23.3 MB
[runlim] sample:		38.5 time, 40.2 real, 20.9 MB
[runlim] sample:		47.7 time, 50.2 real, 20.9 MB
[runlim] sample:		55.7 time, 60.2 real, 39.8 MB
[runlim] sample:		63.9 time, 70.2 real, 39.8 MB
[runlim] sample:		73.9 time, 80.2 real, 39.8 MB
[runlim] sample:		83.9 time, 90.2 real, 39.1 MB
[runlim] sample:		93.9 time, 100.2 real, 63.6 MB
[runlim] sample:		103.9 time, 110.2 real, 63.6 MB
[runlim] sample:		113.9 time, 120.2 real, 63.8 MB
[runlim] sample:		123.9 time, 130.2 real, 64.1 MB
[runlim] sample:		133.9 time, 140.2 real, 64.1 MB
[runlim] sample:		143.3 time, 150.2 real, 64.1 MB
[runlim] sample:		153.3 time, 160.2 real, 64.1 MB
[runlim] sample:		163.3 time, 170.2 real, 64.4 MB
[runlim] sample:		173.3 time, 180.2 real, 64.4 MB
[runlim] sample:		183.3 time, 190.2 real, 76.1 MB
[runlim] sample:		192.5 time, 200.2 real, 133.6 MB
[runlim] sample:		200.1 time, 210.2 real, 133.6 MB
[runlim] sample:		209.3 time, 220.2 real, 133.6 MB
[runlim] sample:		216.9 time, 230.2 real, 133.6 MB
[runlim] sample:		224.6 time, 240.2 real, 133.6 MB
[runlim] sample:		232.4 time, 250.2 real, 133.6 MB
[runlim] sample:		242.1 time, 260.2 real, 133.6 MB
[runlim] sample:		251.7 time, 270.2 real, 133.6 MB
[runlim] sample:		261.4 time, 280.2 real, 133.6 MB
[runlim] sample:		271.0 time, 290.2 real, 133.6 MB
[runlim] sample:		280.7 time, 300.2 real, 133.6 MB
[runlim] sample:		290.4 time, 310.2 real, 133.6 MB
[runlim] sample:		300.0 time, 320.2 real, 133.9 MB
[runlim] sample:		308.1 time, 330.2 real, 133.9 MB
[runlim] sample:		317.8 time, 340.2 real, 133.9 MB
[runlim] sample:		327.4 time, 350.2 real, 133.9 MB
[runlim] sample:		337.1 time, 360.2 real, 133.9 MB
[runlim] sample:		346.6 time, 370.2 real, 134.1 MB
[runlim] sample:		354.2 time, 380.2 real, 134.4 MB
[runlim] sample:		362.1 time, 390.2 real, 134.4 MB
[runlim] sample:		371.0 time, 400.2 real, 134.4 MB
[runlim] sample:		378.6 time, 410.2 real, 134.4 MB
[runlim] sample:		386.5 time, 420.2 real, 134.4 MB
[runlim] sample:		396.1 time, 430.2 real, 134.4 MB
[runlim] sample:		405.7 time, 440.2 real, 134.4 MB
[runlim] sample:		414.1 time, 450.2 real, 134.4 MB
[runlim] sample:		424.1 time, 460.2 real, 134.4 MB
[runlim] sample:		434.1 time, 470.2 real, 134.4 MB
[runlim] sample:		442.3 time, 480.2 real, 134.4 MB
[runlim] sample:		450.1 time, 490.2 real, 134.4 MB
[runlim] sample:		460.0 time, 500.2 real, 134.4 MB
[runlim] sample:		470.0 time, 510.2 real, 134.4 MB
[runlim] sample:		480.0 time, 520.2 real, 134.4 MB
[runlim] sample:		490.0 time, 530.2 real, 134.4 MB
[runlim] sample:		499.4 time, 540.2 real, 134.4 MB
[runlim] sample:		509.4 time, 550.2 real, 134.4 MB
[runlim] sample:		518.8 time, 560.2 real, 134.4 MB
[runlim] sample:		528.1 time, 570.2 real, 134.4 MB
[runlim] sample:		537.4 time, 580.2 real, 134.4 MB
[runlim] sample:		546.7 time, 590.2 real, 134.4 MB
[runlim] sample:		556.0 time, 600.2 real, 134.4 MB
[runlim] sample:		565.3 time, 610.2 real, 134.4 MB
[runlim] sample:		574.6 time, 620.2 real, 134.4 MB
[runlim] sample:		583.9 time, 630.2 real, 134.4 MB
[runlim] sample:		592.9 time, 640.2 real, 134.4 MB
[runlim] sample:		600.9 time, 650.2 real, 134.4 MB
[runlim] sample:		609.7 time, 660.2 real, 158.6 MB
[runlim] sample:		619.7 time, 670.2 real, 188.8 MB
[runlim] sample:		629.7 time, 680.2 real, 297.7 MB
[runlim] sample:		639.7 time, 690.2 real, 353.2 MB
[runlim] sample:		649.0 time, 700.2 real, 457.5 MB
[runlim] sample:		658.3 time, 710.2 real, 478.4 MB
[runlim] sample:		667.6 time, 720.2 real, 497.6 MB
[runlim] sample:		676.9 time, 730.2 real, 497.7 MB
[runlim] sample:		686.6 time, 740.2 real, 463.5 MB
[runlim] sample:		696.6 time, 750.2 real, 463.5 MB
[runlim] sample:		706.6 time, 760.2 real, 463.5 MB
[runlim] sample:		716.6 time, 770.2 real, 463.5 MB
[runlim] sample:		726.6 time, 780.2 real, 463.5 MB
[runlim] sample:		736.6 time, 790.2 real, 463.5 MB
[runlim] sample:		746.6 time, 800.2 real, 463.5 MB
[runlim] sample:		756.6 time, 810.2 real, 463.5 MB
[runlim] sample:		766.6 time, 820.2 real, 463.5 MB
[runlim] sample:		775.7 time, 830.2 real, 463.5 MB
[runlim] sample:		784.9 time, 840.2 real, 463.5 MB
[runlim] sample:		794.2 time, 850.2 real, 463.5 MB
[runlim] sample:		803.3 time, 860.2 real, 463.5 MB
[runlim] sample:		811.8 time, 870.2 real, 463.5 MB
[runlim] sample:		821.5 time, 880.2 real, 463.5 MB
[runlim] sample:		831.4 time, 890.2 real, 463.5 MB
[runlim] sample:		839.4 time, 900.2 real, 463.5 MB
[runlim] sample:		848.7 time, 910.2 real, 463.5 MB
[runlim] sample:		858.7 time, 920.2 real, 463.5 MB
[runlim] sample:		867.6 time, 930.2 real, 463.5 MB
[runlim] sample:		875.6 time, 940.2 real, 463.5 MB
[runlim] sample:		883.6 time, 950.2 real, 463.5 MB
[runlim] sample:		891.7 time, 960.2 real, 463.5 MB
[runlim] sample:		899.7 time, 970.2 real, 463.5 MB
[runlim] sample:		907.8 time, 980.2 real, 463.5 MB
[runlim] sample:		917.4 time, 990.2 real, 463.5 MB
[runlim] sample:		927.4 time, 1000.2 real, 463.5 MB
[runlim] sample:		937.4 time, 1010.2 real, 463.5 MB
[runlim] sample:		947.4 time, 1020.2 real, 463.5 MB
[runlim] sample:		957.3 time, 1030.2 real, 463.5 MB
[runlim] sample:		966.5 time, 1040.2 real, 463.5 MB
[runlim] sample:		976.4 time, 1050.2 real, 463.5 MB
[runlim] sample:		986.2 time, 1060.2 real, 463.5 MB
[runlim] sample:		994.7 time, 1070.2 real, 463.5 MB
[runlim] sample:		1003.0 time, 1080.2 real, 463.5 MB
[runlim] sample:		1011.5 time, 1090.2 real, 463.5 MB
[runlim] sample:		1020.4 time, 1100.2 real, 463.5 MB
[runlim] sample:		1029.6 time, 1110.2 real, 463.5 MB
[runlim] sample:		1038.4 time, 1120.2 real, 463.5 MB
[runlim] sample:		1046.7 time, 1130.2 real, 463.5 MB
[runlim] sample:		1055.4 time, 1140.2 real, 463.5 MB
[runlim] sample:		1064.7 time, 1150.2 real, 463.5 MB
[runlim] sample:		1072.8 time, 1160.2 real, 463.5 MB
[runlim] sample:		1079.5 time, 1170.2 real, 463.5 MB
[runlim] sample:		1088.3 time, 1180.2 real, 463.5 MB
[runlim] sample:		1097.8 time, 1190.2 real, 463.5 MB
[runlim] sample:		1107.6 time, 1200.2 real, 463.5 MB
[runlim] sample:		1116.0 time, 1210.2 real, 463.5 MB
[runlim] sample:		1124.3 time, 1220.2 real, 463.5 MB
[runlim] sample:		1133.0 time, 1230.2 real, 463.5 MB
[runlim] sample:		1141.4 time, 1240.2 real, 463.5 MB
[runlim] sample:		1151.4 time, 1250.2 real, 463.5 MB
[runlim] sample:		1161.4 time, 1260.2 real, 463.5 MB
[runlim] sample:		1170.9 time, 1270.2 real, 463.5 MB
[runlim] sample:		1179.5 time, 1280.2 real, 463.5 MB
[runlim] sample:		1188.5 time, 1290.2 real, 463.5 MB
[runlim] sample:		1197.8 time, 1300.2 real, 463.5 MB
[runlim] sample:		1207.8 time, 1310.2 real, 463.5 MB
[runlim] sample:		1217.8 time, 1320.2 real, 463.5 MB
[runlim] sample:		1227.8 time, 1330.2 real, 463.5 MB
[runlim] sample:		1237.8 time, 1340.2 real, 463.5 MB
[runlim] sample:		1247.8 time, 1350.2 real, 463.5 MB
[runlim] sample:		1257.8 time, 1360.2 real, 463.5 MB
[runlim] sample:		1267.8 time, 1370.2 real, 463.5 MB
[runlim] sample:		1277.8 time, 1380.2 real, 463.5 MB
[runlim] sample:		1287.8 time, 1390.2 real, 463.5 MB
[runlim] sample:		1297.8 time, 1400.2 real, 463.5 MB
[runlim] sample:		1307.8 time, 1410.2 real, 463.5 MB
[runlim] sample:		1317.8 time, 1420.2 real, 463.5 MB
[runlim] sample:		1327.8 time, 1430.2 real, 463.5 MB
[runlim] sample:		1337.4 time, 1440.2 real, 463.5 MB
[runlim] sample:		1347.0 time, 1450.2 real, 463.5 MB
[runlim] sample:		1356.7 time, 1460.2 real, 463.5 MB
[runlim] sample:		1366.3 time, 1470.2 real, 463.5 MB
[runlim] sample:		1375.9 time, 1480.2 real, 463.5 MB
[runlim] sample:		1385.6 time, 1490.2 real, 463.5 MB
[runlim] sample:		1395.2 time, 1500.2 real, 463.5 MB
[runlim] sample:		1404.8 time, 1510.2 real, 463.5 MB
[runlim] sample:		1414.5 time, 1520.2 real, 463.5 MB
[runlim] sample:		1423.7 time, 1530.2 real, 463.5 MB
[runlim] sample:		1433.4 time, 1540.2 real, 463.5 MB
[runlim] sample:		1443.1 time, 1550.2 real, 463.5 MB
[runlim] sample:		1452.8 time, 1560.2 real, 463.5 MB
[runlim] sample:		1462.4 time, 1570.2 real, 463.5 MB
[runlim] sample:		1472.1 time, 1580.2 real, 463.5 MB
[runlim] sample:		1481.8 time, 1590.2 real, 463.5 MB
[runlim] sample:		1491.4 time, 1600.2 real, 463.5 MB
[runlim] sample:		1501.1 time, 1610.2 real, 463.5 MB
[runlim] sample:		1510.8 time, 1620.2 real, 463.5 MB
[runlim] sample:		1520.4 time, 1630.2 real, 463.5 MB
[runlim] sample:		1530.0 time, 1640.2 real, 463.5 MB
[runlim] sample:		1539.5 time, 1650.2 real, 463.5 MB
[runlim] sample:		1549.2 time, 1660.2 real, 463.5 MB
[runlim] sample:		1558.9 time, 1670.2 real, 463.5 MB
[runlim] sample:		1568.7 time, 1680.2 real, 463.5 MB
[runlim] sample:		1578.7 time, 1690.2 real, 463.5 MB
[runlim] sample:		1588.7 time, 1700.2 real, 463.5 MB
[runlim] sample:		1598.7 time, 1710.2 real, 463.5 MB
[runlim] sample:		1608.7 time, 1720.2 real, 463.5 MB
[runlim] sample:		1618.7 time, 1730.2 real, 463.5 MB
[runlim] sample:		1628.7 time, 1740.2 real, 463.5 MB
[runlim] sample:		1638.7 time, 1750.2 real, 463.5 MB
[runlim] sample:		1648.7 time, 1760.2 real, 463.5 MB
[runlim] sample:		1658.7 time, 1770.2 real, 463.5 MB
[runlim] sample:		1668.7 time, 1780.2 real, 463.5 MB
[runlim] sample:		1678.7 time, 1790.2 real, 463.5 MB
[runlim] sample:		1688.7 time, 1800.2 real, 463.5 MB
[runlim] sample:		1698.7 time, 1810.2 real, 463.5 MB
[runlim] sample:		1708.7 time, 1820.2 real, 463.5 MB
[runlim] sample:		1718.7 time, 1830.2 real, 463.5 MB
[runlim] sample:		1728.7 time, 1840.2 real, 463.5 MB
[runlim] sample:		1738.7 time, 1850.2 real, 463.5 MB
[runlim] sample:		1748.7 time, 1860.2 real, 463.5 MB
[runlim] sample:		1758.7 time, 1870.2 real, 463.5 MB
[runlim] end:			Sat Feb  9 15:35:56 2019
[runlim] status:		signal(9)
[runlim] result:		11
[runlim] children:		0
[runlim] real:			1879.63 seconds
[runlim] time:			1768.04 seconds
[runlim] space:			497.7 MB
[runlim] samples:		18794
