[runlim] version:		1.10fixed
[runlim] time limit:		300 seconds
[runlim] real time limit:	311040000 seconds
[runlim] space limit:		4000 MB
[runlim] argv[0]:		./z3
[runlim] argv[1]:		/tmp/Te50po5e.smt2
[runlim] start:			Thu Feb 14 00:47:48 2019
[runlim] main pid:		6972
[runlim] sample:		9.8 time, 10.3 real, 18.1 MB
[runlim] sample:		19.8 time, 20.3 real, 18.7 MB
[runlim] sample:		29.8 time, 30.3 real, 19.1 MB
[runlim] sample:		39.8 time, 40.3 real, 19.7 MB
[runlim] sample:		48.8 time, 50.3 real, 20.5 MB
[runlim] sample:		58.7 time, 60.3 real, 20.7 MB
[runlim] sample:		68.7 time, 70.3 real, 20.7 MB
[runlim] sample:		78.7 time, 80.3 real, 21.0 MB
[runlim] sample:		88.7 time, 90.3 real, 21.0 MB
[runlim] sample:		98.7 time, 100.3 real, 21.0 MB
[runlim] sample:		108.7 time, 110.3 real, 21.0 MB
[runlim] sample:		118.7 time, 120.3 real, 21.0 MB
[runlim] sample:		128.7 time, 130.3 real, 21.0 MB
[runlim] sample:		138.7 time, 140.3 real, 21.0 MB
[runlim] sample:		148.7 time, 150.3 real, 21.0 MB
[runlim] sample:		158.7 time, 160.3 real, 21.0 MB
[runlim] sample:		168.7 time, 170.3 real, 21.0 MB
[runlim] sample:		178.7 time, 180.3 real, 21.1 MB
[runlim] sample:		188.7 time, 190.3 real, 21.1 MB
[runlim] end:			Thu Feb 14 00:51:05 2019
[runlim] status:		ok
[runlim] result:		0
[runlim] children:		0
[runlim] real:			197.10 seconds
[runlim] time:			195.51 seconds
[runlim] space:			21.1 MB
[runlim] samples:		1968
