[runlim] version:		1.10fixed
[runlim] time limit:		1800 seconds
[runlim] real time limit:	311040000 seconds
[runlim] space limit:		4000 MB
[runlim] argv[0]:		./z3
[runlim] argv[1]:		/tmp/Fl3DZ2yd.smt2
[runlim] start:			Sat Feb  9 15:04:32 2019
[runlim] main pid:		27445
[runlim] sample:		8.9 time, 10.7 real, 19.0 MB
[runlim] sample:		18.9 time, 20.7 real, 19.4 MB
[runlim] sample:		28.9 time, 30.7 real, 19.8 MB
[runlim] sample:		38.9 time, 40.7 real, 19.9 MB
[runlim] sample:		48.9 time, 50.7 real, 21.6 MB
[runlim] sample:		58.9 time, 60.7 real, 21.6 MB
[runlim] sample:		68.9 time, 70.7 real, 21.6 MB
[runlim] sample:		78.9 time, 80.7 real, 22.0 MB
[runlim] sample:		88.9 time, 90.7 real, 22.2 MB
[runlim] sample:		98.9 time, 100.7 real, 22.2 MB
[runlim] sample:		108.9 time, 110.7 real, 22.2 MB
[runlim] sample:		118.9 time, 120.7 real, 22.2 MB
[runlim] sample:		128.9 time, 130.7 real, 22.3 MB
[runlim] sample:		138.9 time, 140.7 real, 22.3 MB
[runlim] sample:		148.9 time, 150.7 real, 22.3 MB
[runlim] sample:		158.9 time, 160.7 real, 22.3 MB
[runlim] sample:		168.9 time, 170.7 real, 22.4 MB
[runlim] sample:		178.8 time, 180.7 real, 22.3 MB
[runlim] sample:		188.8 time, 190.7 real, 22.3 MB
[runlim] sample:		198.8 time, 200.7 real, 22.3 MB
[runlim] sample:		208.8 time, 210.7 real, 22.4 MB
[runlim] sample:		218.8 time, 220.7 real, 22.4 MB
[runlim] sample:		228.8 time, 230.7 real, 22.4 MB
[runlim] sample:		238.8 time, 240.7 real, 23.0 MB
[runlim] sample:		248.8 time, 250.7 real, 23.8 MB
[runlim] sample:		258.9 time, 260.7 real, 23.8 MB
[runlim] sample:		268.8 time, 270.7 real, 23.8 MB
[runlim] sample:		278.8 time, 280.7 real, 23.8 MB
[runlim] sample:		288.8 time, 290.7 real, 23.8 MB
[runlim] sample:		298.8 time, 300.7 real, 23.8 MB
[runlim] sample:		308.8 time, 310.7 real, 23.8 MB
[runlim] sample:		318.8 time, 320.7 real, 23.8 MB
[runlim] sample:		328.8 time, 330.7 real, 23.8 MB
[runlim] sample:		338.8 time, 340.7 real, 23.8 MB
[runlim] sample:		348.8 time, 350.7 real, 23.8 MB
[runlim] sample:		358.8 time, 360.7 real, 23.8 MB
[runlim] sample:		368.8 time, 370.7 real, 24.0 MB
[runlim] sample:		378.8 time, 380.7 real, 24.0 MB
[runlim] sample:		388.8 time, 390.7 real, 24.0 MB
[runlim] sample:		397.9 time, 400.7 real, 24.0 MB
[runlim] sample:		406.8 time, 410.7 real, 24.0 MB
[runlim] sample:		416.1 time, 420.7 real, 24.0 MB
[runlim] sample:		424.8 time, 430.7 real, 24.0 MB
[runlim] sample:		433.2 time, 440.7 real, 24.1 MB
[runlim] sample:		441.5 time, 450.7 real, 24.2 MB
[runlim] sample:		449.8 time, 460.7 real, 24.2 MB
[runlim] sample:		458.5 time, 470.7 real, 24.4 MB
[runlim] sample:		467.7 time, 480.7 real, 24.4 MB
[runlim] sample:		476.9 time, 490.7 real, 24.4 MB
[runlim] sample:		486.9 time, 500.7 real, 24.5 MB
[runlim] sample:		496.7 time, 510.7 real, 24.5 MB
[runlim] sample:		505.5 time, 520.7 real, 24.5 MB
[runlim] sample:		515.1 time, 530.7 real, 24.5 MB
[runlim] sample:		524.8 time, 540.7 real, 24.5 MB
[runlim] sample:		534.8 time, 550.7 real, 24.5 MB
[runlim] sample:		544.8 time, 560.7 real, 24.5 MB
[runlim] sample:		554.8 time, 570.7 real, 24.5 MB
[runlim] sample:		564.8 time, 580.7 real, 24.5 MB
[runlim] sample:		573.2 time, 590.7 real, 24.5 MB
[runlim] sample:		581.6 time, 600.7 real, 24.5 MB
[runlim] sample:		590.4 time, 610.7 real, 24.5 MB
[runlim] sample:		599.2 time, 620.7 real, 24.5 MB
[runlim] sample:		608.3 time, 630.7 real, 24.7 MB
[runlim] sample:		617.8 time, 640.7 real, 24.7 MB
[runlim] sample:		627.8 time, 650.7 real, 24.7 MB
[runlim] sample:		637.8 time, 660.7 real, 27.4 MB
[runlim] sample:		647.8 time, 670.7 real, 27.6 MB
[runlim] sample:		657.8 time, 680.7 real, 27.6 MB
[runlim] sample:		667.8 time, 690.7 real, 27.6 MB
[runlim] sample:		677.8 time, 700.7 real, 27.6 MB
[runlim] sample:		687.8 time, 710.7 real, 27.7 MB
[runlim] sample:		697.8 time, 720.7 real, 27.7 MB
[runlim] sample:		707.8 time, 730.7 real, 27.7 MB
[runlim] sample:		717.8 time, 740.7 real, 27.6 MB
[runlim] sample:		727.8 time, 750.7 real, 27.6 MB
[runlim] sample:		737.8 time, 760.7 real, 27.6 MB
[runlim] sample:		747.8 time, 770.7 real, 27.6 MB
[runlim] sample:		757.8 time, 780.7 real, 27.7 MB
[runlim] sample:		767.8 time, 790.7 real, 27.7 MB
[runlim] sample:		777.8 time, 800.7 real, 27.6 MB
[runlim] sample:		787.8 time, 810.7 real, 27.6 MB
[runlim] sample:		797.8 time, 820.7 real, 27.6 MB
[runlim] sample:		807.8 time, 830.7 real, 27.6 MB
[runlim] sample:		817.8 time, 840.7 real, 27.7 MB
[runlim] sample:		827.8 time, 850.7 real, 27.6 MB
[runlim] sample:		837.8 time, 860.7 real, 27.6 MB
[runlim] sample:		847.8 time, 870.7 real, 27.6 MB
[runlim] sample:		857.8 time, 880.7 real, 27.6 MB
[runlim] sample:		867.8 time, 890.7 real, 27.6 MB
[runlim] sample:		877.8 time, 900.7 real, 27.7 MB
[runlim] sample:		887.8 time, 910.7 real, 27.7 MB
[runlim] sample:		897.8 time, 920.7 real, 27.7 MB
[runlim] sample:		907.8 time, 930.7 real, 27.7 MB
[runlim] sample:		917.8 time, 940.7 real, 27.7 MB
[runlim] sample:		927.8 time, 950.7 real, 27.7 MB
[runlim] sample:		937.8 time, 960.7 real, 27.7 MB
[runlim] sample:		947.8 time, 970.7 real, 27.7 MB
[runlim] sample:		957.8 time, 980.7 real, 27.7 MB
[runlim] sample:		967.8 time, 990.7 real, 27.7 MB
[runlim] sample:		977.8 time, 1000.7 real, 27.7 MB
[runlim] sample:		987.8 time, 1010.7 real, 27.7 MB
[runlim] sample:		997.8 time, 1020.7 real, 27.7 MB
[runlim] sample:		1007.8 time, 1030.7 real, 27.7 MB
[runlim] sample:		1017.8 time, 1040.7 real, 27.7 MB
[runlim] sample:		1027.8 time, 1050.7 real, 27.9 MB
[runlim] sample:		1037.8 time, 1060.7 real, 27.9 MB
[runlim] sample:		1047.8 time, 1070.7 real, 27.9 MB
[runlim] sample:		1057.8 time, 1080.7 real, 27.9 MB
[runlim] sample:		1067.7 time, 1090.7 real, 27.9 MB
[runlim] sample:		1077.7 time, 1100.7 real, 27.9 MB
[runlim] sample:		1087.7 time, 1110.7 real, 27.9 MB
[runlim] sample:		1097.7 time, 1120.7 real, 27.9 MB
[runlim] sample:		1107.7 time, 1130.7 real, 27.9 MB
[runlim] sample:		1117.7 time, 1140.7 real, 27.9 MB
[runlim] sample:		1127.7 time, 1150.7 real, 27.9 MB
[runlim] sample:		1137.7 time, 1160.7 real, 27.9 MB
[runlim] sample:		1147.7 time, 1170.7 real, 27.9 MB
[runlim] sample:		1157.7 time, 1180.7 real, 27.9 MB
[runlim] sample:		1167.7 time, 1190.7 real, 27.9 MB
[runlim] sample:		1177.7 time, 1200.7 real, 27.9 MB
[runlim] sample:		1187.7 time, 1210.7 real, 27.9 MB
[runlim] sample:		1197.7 time, 1220.7 real, 27.9 MB
[runlim] sample:		1207.7 time, 1230.7 real, 27.9 MB
[runlim] sample:		1217.7 time, 1240.7 real, 27.9 MB
[runlim] sample:		1227.7 time, 1250.7 real, 27.9 MB
[runlim] sample:		1237.7 time, 1260.7 real, 27.9 MB
[runlim] sample:		1247.7 time, 1270.7 real, 27.9 MB
[runlim] sample:		1257.7 time, 1280.7 real, 27.9 MB
[runlim] sample:		1267.7 time, 1290.7 real, 27.9 MB
[runlim] sample:		1277.7 time, 1300.7 real, 27.9 MB
[runlim] sample:		1287.7 time, 1310.7 real, 27.9 MB
[runlim] sample:		1297.7 time, 1320.7 real, 27.9 MB
[runlim] sample:		1307.7 time, 1330.7 real, 27.9 MB
[runlim] sample:		1317.7 time, 1340.7 real, 27.9 MB
[runlim] sample:		1327.7 time, 1350.7 real, 27.9 MB
[runlim] sample:		1337.7 time, 1360.7 real, 27.9 MB
[runlim] sample:		1347.7 time, 1370.7 real, 27.9 MB
[runlim] sample:		1357.7 time, 1380.7 real, 27.9 MB
[runlim] sample:		1367.7 time, 1390.7 real, 27.9 MB
[runlim] sample:		1377.7 time, 1400.7 real, 27.9 MB
[runlim] sample:		1387.7 time, 1410.7 real, 27.9 MB
[runlim] sample:		1397.7 time, 1420.7 real, 27.9 MB
[runlim] sample:		1407.7 time, 1430.7 real, 27.9 MB
[runlim] sample:		1417.7 time, 1440.7 real, 27.9 MB
[runlim] sample:		1427.7 time, 1450.7 real, 27.9 MB
[runlim] sample:		1437.7 time, 1460.7 real, 27.9 MB
[runlim] sample:		1447.7 time, 1470.7 real, 27.9 MB
[runlim] sample:		1457.7 time, 1480.7 real, 27.9 MB
[runlim] sample:		1467.7 time, 1490.7 real, 27.9 MB
[runlim] sample:		1477.7 time, 1500.7 real, 27.9 MB
[runlim] sample:		1487.7 time, 1510.7 real, 27.9 MB
[runlim] sample:		1497.7 time, 1520.7 real, 27.9 MB
[runlim] sample:		1507.6 time, 1530.7 real, 27.9 MB
[runlim] sample:		1517.6 time, 1540.7 real, 27.9 MB
[runlim] sample:		1527.6 time, 1550.7 real, 27.9 MB
[runlim] sample:		1537.6 time, 1560.7 real, 27.9 MB
[runlim] sample:		1547.6 time, 1570.7 real, 27.9 MB
[runlim] sample:		1557.6 time, 1580.7 real, 27.9 MB
[runlim] sample:		1567.6 time, 1590.7 real, 27.9 MB
[runlim] sample:		1577.6 time, 1600.7 real, 27.9 MB
[runlim] sample:		1587.6 time, 1610.7 real, 27.9 MB
[runlim] sample:		1597.1 time, 1620.7 real, 27.9 MB
[runlim] sample:		1605.4 time, 1630.7 real, 27.9 MB
[runlim] sample:		1614.4 time, 1640.7 real, 27.9 MB
[runlim] sample:		1622.8 time, 1650.7 real, 27.9 MB
[runlim] sample:		1631.8 time, 1660.7 real, 27.9 MB
[runlim] sample:		1641.3 time, 1670.7 real, 27.9 MB
[runlim] sample:		1650.6 time, 1680.7 real, 27.9 MB
[runlim] sample:		1660.5 time, 1690.7 real, 27.9 MB
[runlim] sample:		1670.5 time, 1700.7 real, 27.9 MB
[runlim] sample:		1680.5 time, 1710.7 real, 27.9 MB
[runlim] sample:		1690.5 time, 1720.7 real, 27.9 MB
[runlim] sample:		1700.5 time, 1730.7 real, 27.9 MB
[runlim] sample:		1710.5 time, 1740.7 real, 27.9 MB
[runlim] sample:		1720.5 time, 1750.7 real, 27.9 MB
[runlim] sample:		1730.5 time, 1760.7 real, 27.9 MB
[runlim] sample:		1740.5 time, 1770.7 real, 27.9 MB
[runlim] sample:		1750.5 time, 1780.7 real, 27.9 MB
[runlim] sample:		1760.5 time, 1790.7 real, 27.9 MB
[runlim] sample:		1770.5 time, 1800.7 real, 27.9 MB
[runlim] sample:		1780.5 time, 1810.7 real, 27.9 MB
[runlim] sample:		1790.5 time, 1820.7 real, 27.9 MB
[runlim] end:			Sat Feb  9 15:35:02 2019
[runlim] status:		out of time
[runlim] result:		2
[runlim] children:		0
[runlim] real:			1830.30 seconds
[runlim] time:			1800.09 seconds
[runlim] space:			28.0 MB
[runlim] samples:		18296
