[runlim] version:		1.10fixed
[runlim] time limit:		1800 seconds
[runlim] real time limit:	311040000 seconds
[runlim] space limit:		4000 MB
[runlim] argv[0]:		./z3
[runlim] argv[1]:		/tmp/3DRMrDWl.smt2
[runlim] start:			Sat Feb  9 01:52:19 2019
[runlim] main pid:		29283
[runlim] sample:		9.3 time, 11.0 real, 22.5 MB
[runlim] sample:		18.6 time, 21.0 real, 22.1 MB
[runlim] sample:		27.8 time, 31.0 real, 22.1 MB
[runlim] sample:		35.4 time, 41.0 real, 22.1 MB
[runlim] sample:		42.9 time, 51.0 real, 22.1 MB
[runlim] sample:		51.8 time, 61.0 real, 23.4 MB
[runlim] sample:		61.8 time, 71.0 real, 36.3 MB
[runlim] sample:		71.8 time, 81.0 real, 25.8 MB
[runlim] sample:		81.8 time, 91.0 real, 31.0 MB
[runlim] sample:		91.8 time, 101.0 real, 25.8 MB
[runlim] sample:		101.8 time, 111.0 real, 25.8 MB
[runlim] sample:		111.8 time, 121.0 real, 25.8 MB
[runlim] sample:		121.2 time, 131.0 real, 39.0 MB
[runlim] sample:		130.9 time, 141.0 real, 45.4 MB
[runlim] sample:		139.9 time, 151.0 real, 45.7 MB
[runlim] sample:		149.9 time, 161.0 real, 55.2 MB
[runlim] sample:		159.9 time, 171.0 real, 54.2 MB
[runlim] sample:		169.9 time, 181.0 real, 54.2 MB
[runlim] sample:		179.9 time, 191.0 real, 54.2 MB
[runlim] sample:		189.9 time, 201.0 real, 54.2 MB
[runlim] sample:		199.9 time, 211.0 real, 54.2 MB
[runlim] sample:		209.9 time, 221.0 real, 54.2 MB
[runlim] sample:		219.9 time, 231.0 real, 54.2 MB
[runlim] sample:		229.8 time, 241.0 real, 54.5 MB
[runlim] sample:		239.8 time, 251.0 real, 54.5 MB
[runlim] sample:		249.8 time, 261.0 real, 54.5 MB
[runlim] sample:		259.8 time, 271.0 real, 54.5 MB
[runlim] sample:		269.8 time, 281.0 real, 54.5 MB
[runlim] sample:		279.8 time, 291.0 real, 57.1 MB
[runlim] sample:		289.8 time, 301.0 real, 53.7 MB
[runlim] sample:		299.4 time, 311.0 real, 53.7 MB
[runlim] sample:		309.1 time, 321.0 real, 53.7 MB
[runlim] sample:		318.8 time, 331.0 real, 59.1 MB
[runlim] sample:		328.4 time, 341.0 real, 59.9 MB
[runlim] sample:		338.1 time, 351.0 real, 60.1 MB
[runlim] sample:		347.7 time, 361.0 real, 60.1 MB
[runlim] sample:		357.4 time, 371.0 real, 60.4 MB
[runlim] sample:		367.1 time, 381.0 real, 60.4 MB
[runlim] sample:		376.7 time, 391.0 real, 60.4 MB
[runlim] sample:		386.4 time, 401.0 real, 60.4 MB
[runlim] sample:		396.1 time, 411.0 real, 60.4 MB
[runlim] sample:		406.1 time, 421.0 real, 60.4 MB
[runlim] sample:		416.1 time, 431.0 real, 60.4 MB
[runlim] sample:		426.1 time, 441.0 real, 60.4 MB
[runlim] sample:		436.1 time, 451.0 real, 60.4 MB
[runlim] sample:		446.1 time, 461.0 real, 137.0 MB
[runlim] sample:		456.1 time, 471.0 real, 177.8 MB
[runlim] sample:		466.1 time, 481.0 real, 177.8 MB
[runlim] sample:		476.1 time, 491.0 real, 177.8 MB
[runlim] sample:		486.1 time, 501.0 real, 177.8 MB
[runlim] sample:		496.1 time, 511.0 real, 177.8 MB
[runlim] sample:		506.0 time, 521.0 real, 177.8 MB
[runlim] sample:		516.0 time, 531.0 real, 177.8 MB
[runlim] sample:		526.0 time, 541.0 real, 177.8 MB
[runlim] sample:		536.0 time, 551.0 real, 177.8 MB
[runlim] sample:		546.0 time, 561.0 real, 178.6 MB
[runlim] sample:		556.0 time, 571.0 real, 178.6 MB
[runlim] sample:		566.0 time, 581.0 real, 178.6 MB
[runlim] sample:		576.0 time, 591.0 real, 178.6 MB
[runlim] sample:		586.0 time, 601.0 real, 178.6 MB
[runlim] sample:		596.0 time, 611.0 real, 178.6 MB
[runlim] sample:		606.0 time, 621.0 real, 178.9 MB
[runlim] sample:		616.0 time, 631.0 real, 178.9 MB
[runlim] sample:		626.0 time, 641.0 real, 179.1 MB
[runlim] sample:		636.0 time, 651.0 real, 179.1 MB
[runlim] sample:		646.0 time, 661.0 real, 179.1 MB
[runlim] sample:		656.0 time, 671.0 real, 179.4 MB
[runlim] sample:		666.0 time, 681.0 real, 179.4 MB
[runlim] sample:		676.0 time, 691.0 real, 179.4 MB
[runlim] sample:		686.0 time, 701.0 real, 179.4 MB
[runlim] sample:		696.0 time, 711.0 real, 179.7 MB
[runlim] sample:		706.0 time, 721.0 real, 179.7 MB
[runlim] sample:		716.0 time, 731.0 real, 180.2 MB
[runlim] sample:		726.0 time, 741.0 real, 180.2 MB
[runlim] sample:		736.0 time, 751.0 real, 180.2 MB
[runlim] sample:		746.0 time, 761.0 real, 180.2 MB
[runlim] sample:		756.0 time, 771.0 real, 182.7 MB
[runlim] sample:		766.0 time, 781.0 real, 182.7 MB
[runlim] sample:		776.0 time, 791.0 real, 180.6 MB
[runlim] sample:		786.0 time, 801.0 real, 180.6 MB
[runlim] sample:		796.0 time, 811.0 real, 112.2 MB
[runlim] sample:		806.0 time, 821.0 real, 139.3 MB
[runlim] sample:		816.0 time, 831.0 real, 193.2 MB
[runlim] sample:		826.0 time, 841.0 real, 193.2 MB
[runlim] sample:		836.0 time, 851.0 real, 193.2 MB
[runlim] sample:		846.0 time, 861.0 real, 193.2 MB
[runlim] sample:		856.0 time, 871.0 real, 193.2 MB
[runlim] sample:		866.0 time, 881.0 real, 193.2 MB
[runlim] sample:		876.0 time, 891.0 real, 193.2 MB
[runlim] sample:		886.0 time, 901.0 real, 193.2 MB
[runlim] sample:		896.0 time, 911.0 real, 193.2 MB
[runlim] sample:		906.0 time, 921.0 real, 193.2 MB
[runlim] sample:		916.0 time, 931.0 real, 193.2 MB
[runlim] sample:		925.9 time, 941.0 real, 193.2 MB
[runlim] sample:		935.0 time, 951.0 real, 193.2 MB
[runlim] sample:		944.4 time, 961.0 real, 193.2 MB
[runlim] sample:		954.1 time, 971.0 real, 193.2 MB
[runlim] sample:		962.8 time, 981.0 real, 193.2 MB
[runlim] sample:		971.6 time, 991.0 real, 193.4 MB
[runlim] sample:		979.4 time, 1001.0 real, 193.4 MB
[runlim] sample:		989.0 time, 1011.0 real, 193.4 MB
[runlim] sample:		997.3 time, 1021.0 real, 193.4 MB
[runlim] sample:		1007.0 time, 1031.0 real, 193.4 MB
[runlim] sample:		1017.0 time, 1041.0 real, 193.4 MB
[runlim] sample:		1027.0 time, 1051.0 real, 193.4 MB
[runlim] sample:		1037.0 time, 1061.0 real, 193.4 MB
[runlim] sample:		1047.0 time, 1071.0 real, 193.4 MB
[runlim] sample:		1057.0 time, 1081.0 real, 193.4 MB
[runlim] sample:		1067.0 time, 1091.0 real, 193.7 MB
[runlim] sample:		1077.0 time, 1101.0 real, 193.7 MB
[runlim] sample:		1087.0 time, 1111.0 real, 193.7 MB
[runlim] sample:		1097.0 time, 1121.0 real, 194.7 MB
[runlim] sample:		1107.0 time, 1131.0 real, 194.7 MB
[runlim] sample:		1117.0 time, 1141.0 real, 194.7 MB
[runlim] sample:		1126.4 time, 1151.0 real, 194.7 MB
[runlim] sample:		1134.4 time, 1161.0 real, 194.7 MB
[runlim] sample:		1142.7 time, 1171.0 real, 194.7 MB
[runlim] sample:		1151.4 time, 1181.0 real, 194.7 MB
[runlim] sample:		1160.9 time, 1191.0 real, 195.5 MB
[runlim] sample:		1170.2 time, 1201.0 real, 195.5 MB
[runlim] sample:		1180.1 time, 1211.0 real, 195.5 MB
[runlim] sample:		1190.1 time, 1221.0 real, 195.5 MB
[runlim] sample:		1200.1 time, 1231.0 real, 195.5 MB
[runlim] sample:		1210.1 time, 1241.0 real, 195.5 MB
[runlim] sample:		1220.1 time, 1251.0 real, 195.5 MB
[runlim] sample:		1230.1 time, 1261.0 real, 195.5 MB
[runlim] sample:		1240.1 time, 1271.0 real, 195.5 MB
[runlim] sample:		1250.1 time, 1281.0 real, 195.5 MB
[runlim] sample:		1260.1 time, 1291.0 real, 195.5 MB
[runlim] sample:		1268.7 time, 1301.0 real, 195.5 MB
[runlim] sample:		1277.5 time, 1311.0 real, 195.5 MB
[runlim] sample:		1287.5 time, 1321.0 real, 195.5 MB
[runlim] sample:		1297.5 time, 1331.0 real, 195.5 MB
[runlim] sample:		1307.5 time, 1341.0 real, 195.5 MB
[runlim] sample:		1317.3 time, 1351.0 real, 195.5 MB
[runlim] sample:		1327.3 time, 1361.0 real, 195.5 MB
[runlim] sample:		1337.3 time, 1371.0 real, 195.5 MB
[runlim] sample:		1347.2 time, 1381.0 real, 195.5 MB
[runlim] sample:		1357.2 time, 1391.0 real, 195.5 MB
[runlim] sample:		1367.2 time, 1401.0 real, 195.5 MB
[runlim] sample:		1377.2 time, 1411.0 real, 195.5 MB
[runlim] sample:		1387.2 time, 1421.0 real, 195.5 MB
[runlim] sample:		1397.2 time, 1431.0 real, 195.5 MB
[runlim] sample:		1406.0 time, 1441.0 real, 195.5 MB
[runlim] sample:		1416.0 time, 1451.0 real, 195.5 MB
[runlim] sample:		1425.4 time, 1461.0 real, 195.5 MB
[runlim] sample:		1433.3 time, 1471.0 real, 195.5 MB
[runlim] sample:		1443.3 time, 1481.0 real, 195.5 MB
[runlim] sample:		1453.2 time, 1491.0 real, 195.5 MB
[runlim] sample:		1463.2 time, 1501.0 real, 195.5 MB
[runlim] sample:		1472.1 time, 1511.0 real, 195.5 MB
[runlim] sample:		1481.8 time, 1521.0 real, 195.5 MB
[runlim] sample:		1491.4 time, 1531.0 real, 195.7 MB
[runlim] sample:		1501.4 time, 1541.0 real, 195.7 MB
[runlim] sample:		1511.4 time, 1551.0 real, 195.7 MB
[runlim] sample:		1520.8 time, 1561.0 real, 195.7 MB
[runlim] sample:		1530.1 time, 1571.0 real, 195.7 MB
[runlim] sample:		1540.1 time, 1581.0 real, 195.7 MB
[runlim] sample:		1550.1 time, 1591.0 real, 195.7 MB
[runlim] sample:		1560.0 time, 1601.0 real, 195.7 MB
[runlim] sample:		1570.0 time, 1611.0 real, 195.7 MB
[runlim] sample:		1580.0 time, 1621.0 real, 195.7 MB
[runlim] sample:		1590.0 time, 1631.0 real, 195.7 MB
[runlim] sample:		1600.0 time, 1641.0 real, 195.7 MB
[runlim] sample:		1610.0 time, 1651.0 real, 195.7 MB
[runlim] sample:		1619.8 time, 1661.0 real, 195.7 MB
[runlim] sample:		1629.8 time, 1671.0 real, 195.7 MB
[runlim] sample:		1639.8 time, 1681.0 real, 195.7 MB
[runlim] sample:		1649.8 time, 1691.0 real, 195.7 MB
[runlim] sample:		1659.8 time, 1701.0 real, 195.7 MB
[runlim] sample:		1669.8 time, 1711.0 real, 195.7 MB
[runlim] sample:		1679.8 time, 1721.0 real, 195.7 MB
[runlim] sample:		1689.8 time, 1731.0 real, 195.7 MB
[runlim] sample:		1699.8 time, 1741.0 real, 195.7 MB
[runlim] sample:		1709.7 time, 1751.0 real, 195.7 MB
[runlim] sample:		1718.7 time, 1761.0 real, 195.7 MB
[runlim] sample:		1728.7 time, 1771.0 real, 195.7 MB
[runlim] sample:		1738.7 time, 1781.0 real, 195.7 MB
[runlim] sample:		1748.7 time, 1791.0 real, 195.7 MB
[runlim] sample:		1758.3 time, 1801.0 real, 195.7 MB
[runlim] sample:		1767.8 time, 1811.0 real, 195.7 MB
[runlim] sample:		1777.8 time, 1821.0 real, 195.7 MB
[runlim] sample:		1787.8 time, 1831.0 real, 195.7 MB
[runlim] sample:		1797.8 time, 1841.0 real, 195.7 MB
[runlim] end:			Sat Feb  9 02:23:02 2019
[runlim] status:		out of time
[runlim] result:		2
[runlim] children:		0
[runlim] real:			1843.31 seconds
[runlim] time:			1800.05 seconds
[runlim] space:			195.7 MB
[runlim] samples:		18423
