[runlim] version:		1.10fixed
[runlim] time limit:		1800 seconds
[runlim] real time limit:	311040000 seconds
[runlim] space limit:		4000 MB
[runlim] argv[0]:		./z3
[runlim] argv[1]:		/tmp/Tm56IwDU.smt2
[runlim] start:			Wed Feb  6 06:32:36 2019
[runlim] main pid:		11785
[runlim] sample:		10.0 time, 10.7 real, 107.7 MB
[runlim] sample:		20.0 time, 20.7 real, 156.8 MB
[runlim] sample:		30.0 time, 30.7 real, 156.8 MB
[runlim] sample:		40.0 time, 40.7 real, 156.8 MB
[runlim] sample:		48.8 time, 50.7 real, 156.8 MB
[runlim] sample:		56.0 time, 60.7 real, 157.8 MB
[runlim] sample:		64.4 time, 70.7 real, 157.8 MB
[runlim] sample:		74.1 time, 80.6 real, 158.1 MB
[runlim] sample:		83.7 time, 90.6 real, 158.3 MB
[runlim] sample:		93.6 time, 100.7 real, 157.4 MB
[runlim] sample:		102.5 time, 110.6 real, 156.8 MB
[runlim] sample:		112.2 time, 120.6 real, 156.8 MB
[runlim] sample:		121.8 time, 130.6 real, 155.9 MB
[runlim] sample:		131.5 time, 140.6 real, 155.1 MB
[runlim] sample:		140.8 time, 150.6 real, 154.7 MB
[runlim] sample:		150.8 time, 160.6 real, 154.7 MB
[runlim] sample:		160.8 time, 170.6 real, 154.2 MB
[runlim] sample:		170.8 time, 180.6 real, 153.0 MB
[runlim] sample:		180.8 time, 190.6 real, 149.8 MB
[runlim] sample:		190.8 time, 200.6 real, 202.4 MB
[runlim] sample:		200.8 time, 210.6 real, 202.4 MB
[runlim] sample:		210.8 time, 220.6 real, 202.4 MB
[runlim] sample:		220.8 time, 230.6 real, 202.4 MB
[runlim] sample:		229.6 time, 240.6 real, 202.4 MB
[runlim] sample:		239.4 time, 250.6 real, 202.4 MB
[runlim] sample:		249.4 time, 260.6 real, 202.7 MB
[runlim] sample:		259.4 time, 270.7 real, 202.7 MB
[runlim] sample:		269.4 time, 280.6 real, 202.7 MB
[runlim] sample:		279.4 time, 290.6 real, 202.7 MB
[runlim] sample:		289.4 time, 300.6 real, 202.7 MB
[runlim] sample:		298.6 time, 310.6 real, 202.7 MB
[runlim] sample:		306.3 time, 320.6 real, 203.0 MB
[runlim] sample:		313.9 time, 330.6 real, 203.0 MB
[runlim] sample:		321.6 time, 340.6 real, 203.0 MB
[runlim] sample:		330.3 time, 350.6 real, 203.0 MB
[runlim] sample:		340.3 time, 360.6 real, 203.0 MB
[runlim] sample:		350.3 time, 370.6 real, 203.0 MB
[runlim] sample:		360.3 time, 380.6 real, 203.0 MB
[runlim] sample:		368.8 time, 390.6 real, 203.0 MB
[runlim] sample:		376.7 time, 400.6 real, 203.0 MB
[runlim] sample:		386.3 time, 410.6 real, 203.0 MB
[runlim] sample:		396.0 time, 420.6 real, 203.0 MB
[runlim] sample:		405.7 time, 430.6 real, 203.0 MB
[runlim] sample:		415.4 time, 440.6 real, 203.0 MB
[runlim] sample:		425.0 time, 450.6 real, 203.0 MB
[runlim] sample:		433.6 time, 460.6 real, 203.0 MB
[runlim] sample:		443.5 time, 470.6 real, 203.2 MB
[runlim] sample:		453.5 time, 480.6 real, 203.2 MB
[runlim] sample:		463.5 time, 490.6 real, 203.2 MB
[runlim] sample:		473.5 time, 500.6 real, 203.2 MB
[runlim] sample:		483.5 time, 510.6 real, 205.8 MB
[runlim] sample:		493.5 time, 520.7 real, 205.8 MB
[runlim] sample:		503.5 time, 530.7 real, 205.8 MB
[runlim] sample:		513.5 time, 540.7 real, 207.3 MB
[runlim] sample:		523.5 time, 550.6 real, 203.1 MB
[runlim] sample:		533.5 time, 560.6 real, 203.1 MB
[runlim] sample:		543.5 time, 570.6 real, 203.1 MB
[runlim] sample:		553.5 time, 580.6 real, 203.1 MB
[runlim] sample:		563.5 time, 590.6 real, 203.1 MB
[runlim] sample:		573.5 time, 600.6 real, 203.1 MB
[runlim] sample:		583.5 time, 610.6 real, 203.1 MB
[runlim] sample:		593.5 time, 620.6 real, 203.1 MB
[runlim] sample:		603.5 time, 630.7 real, 203.1 MB
[runlim] sample:		613.5 time, 640.6 real, 203.1 MB
[runlim] sample:		623.5 time, 650.6 real, 203.1 MB
[runlim] sample:		633.5 time, 660.6 real, 203.1 MB
[runlim] sample:		643.5 time, 670.6 real, 203.1 MB
[runlim] sample:		653.5 time, 680.6 real, 203.1 MB
[runlim] sample:		663.5 time, 690.6 real, 203.1 MB
[runlim] sample:		673.5 time, 700.6 real, 203.1 MB
[runlim] sample:		682.4 time, 710.6 real, 203.1 MB
[runlim] sample:		690.1 time, 720.6 real, 203.1 MB
[runlim] sample:		698.6 time, 730.6 real, 203.1 MB
[runlim] sample:		708.6 time, 740.6 real, 203.1 MB
[runlim] sample:		718.6 time, 750.6 real, 203.1 MB
[runlim] sample:		728.6 time, 760.6 real, 203.1 MB
[runlim] sample:		738.6 time, 770.6 real, 203.1 MB
[runlim] sample:		748.6 time, 780.6 real, 203.1 MB
[runlim] sample:		758.6 time, 790.6 real, 203.1 MB
[runlim] sample:		768.6 time, 800.6 real, 203.1 MB
[runlim] sample:		778.6 time, 810.6 real, 203.1 MB
[runlim] sample:		788.6 time, 820.6 real, 203.1 MB
[runlim] sample:		798.6 time, 830.6 real, 203.1 MB
[runlim] sample:		808.6 time, 840.6 real, 203.1 MB
[runlim] sample:		818.5 time, 850.6 real, 203.1 MB
[runlim] sample:		828.5 time, 860.6 real, 203.1 MB
[runlim] sample:		838.5 time, 870.6 real, 203.1 MB
[runlim] sample:		848.5 time, 880.6 real, 203.1 MB
[runlim] sample:		858.5 time, 890.6 real, 203.1 MB
[runlim] sample:		868.5 time, 900.6 real, 203.1 MB
[runlim] sample:		878.5 time, 910.6 real, 203.1 MB
[runlim] sample:		888.5 time, 920.6 real, 203.1 MB
[runlim] sample:		898.5 time, 930.6 real, 203.1 MB
[runlim] sample:		908.5 time, 940.6 real, 203.1 MB
[runlim] sample:		918.5 time, 950.6 real, 203.1 MB
[runlim] sample:		928.5 time, 960.6 real, 203.1 MB
[runlim] sample:		938.5 time, 970.7 real, 203.1 MB
[runlim] sample:		948.5 time, 980.6 real, 203.1 MB
[runlim] sample:		958.5 time, 990.6 real, 203.1 MB
[runlim] sample:		968.5 time, 1000.6 real, 203.1 MB
[runlim] sample:		978.5 time, 1010.6 real, 203.1 MB
[runlim] sample:		988.5 time, 1020.6 real, 203.1 MB
[runlim] sample:		998.5 time, 1030.6 real, 203.1 MB
[runlim] sample:		1008.5 time, 1040.6 real, 203.1 MB
[runlim] sample:		1018.5 time, 1050.6 real, 203.1 MB
[runlim] sample:		1028.5 time, 1060.7 real, 203.1 MB
[runlim] sample:		1038.5 time, 1070.6 real, 203.1 MB
[runlim] sample:		1048.5 time, 1080.6 real, 203.1 MB
[runlim] sample:		1058.5 time, 1090.6 real, 203.1 MB
[runlim] sample:		1068.5 time, 1100.6 real, 203.1 MB
[runlim] sample:		1078.5 time, 1110.7 real, 203.1 MB
[runlim] sample:		1088.5 time, 1120.6 real, 203.1 MB
[runlim] sample:		1098.5 time, 1130.6 real, 203.1 MB
[runlim] sample:		1108.5 time, 1140.6 real, 203.1 MB
[runlim] sample:		1118.5 time, 1150.7 real, 203.1 MB
[runlim] sample:		1128.5 time, 1160.6 real, 203.1 MB
[runlim] sample:		1138.5 time, 1170.6 real, 203.1 MB
[runlim] sample:		1148.5 time, 1180.6 real, 203.1 MB
[runlim] sample:		1158.5 time, 1190.6 real, 203.1 MB
[runlim] sample:		1168.5 time, 1200.6 real, 203.1 MB
[runlim] sample:		1178.5 time, 1210.6 real, 203.1 MB
[runlim] sample:		1188.5 time, 1220.6 real, 203.1 MB
[runlim] sample:		1198.5 time, 1230.6 real, 203.1 MB
[runlim] sample:		1208.5 time, 1240.6 real, 203.1 MB
[runlim] sample:		1218.5 time, 1250.6 real, 203.1 MB
[runlim] sample:		1228.5 time, 1260.6 real, 203.1 MB
[runlim] sample:		1238.5 time, 1270.7 real, 203.1 MB
[runlim] sample:		1248.5 time, 1280.6 real, 203.1 MB
[runlim] sample:		1258.5 time, 1290.6 real, 203.1 MB
[runlim] sample:		1268.5 time, 1300.6 real, 203.1 MB
[runlim] sample:		1278.5 time, 1310.6 real, 203.1 MB
[runlim] sample:		1288.5 time, 1320.7 real, 203.1 MB
[runlim] sample:		1298.5 time, 1330.6 real, 203.1 MB
[runlim] sample:		1308.4 time, 1340.7 real, 203.1 MB
[runlim] sample:		1318.4 time, 1350.6 real, 203.1 MB
[runlim] sample:		1328.4 time, 1360.6 real, 203.1 MB
[runlim] sample:		1338.4 time, 1370.6 real, 203.1 MB
[runlim] sample:		1348.4 time, 1380.6 real, 203.1 MB
[runlim] sample:		1358.4 time, 1390.6 real, 203.1 MB
[runlim] sample:		1368.4 time, 1400.6 real, 203.1 MB
[runlim] sample:		1378.4 time, 1410.7 real, 203.1 MB
[runlim] sample:		1388.4 time, 1420.7 real, 203.1 MB
[runlim] sample:		1398.4 time, 1430.6 real, 203.1 MB
[runlim] sample:		1408.4 time, 1440.6 real, 203.1 MB
[runlim] sample:		1418.4 time, 1450.7 real, 203.1 MB
[runlim] sample:		1428.4 time, 1460.6 real, 203.1 MB
[runlim] sample:		1438.4 time, 1470.6 real, 203.1 MB
[runlim] sample:		1448.4 time, 1480.7 real, 203.1 MB
[runlim] sample:		1458.4 time, 1490.6 real, 203.1 MB
[runlim] sample:		1468.4 time, 1500.6 real, 203.1 MB
[runlim] sample:		1478.4 time, 1510.6 real, 203.1 MB
[runlim] sample:		1488.4 time, 1520.6 real, 203.1 MB
[runlim] sample:		1498.4 time, 1530.7 real, 203.1 MB
[runlim] sample:		1508.4 time, 1540.6 real, 203.1 MB
[runlim] sample:		1518.4 time, 1550.6 real, 203.1 MB
[runlim] sample:		1528.4 time, 1560.6 real, 203.1 MB
[runlim] sample:		1538.4 time, 1570.6 real, 203.1 MB
[runlim] sample:		1548.4 time, 1580.6 real, 203.1 MB
[runlim] sample:		1558.4 time, 1590.6 real, 203.1 MB
[runlim] sample:		1568.4 time, 1600.6 real, 203.1 MB
[runlim] sample:		1578.4 time, 1610.6 real, 203.1 MB
[runlim] sample:		1588.4 time, 1620.6 real, 203.1 MB
[runlim] sample:		1598.4 time, 1630.6 real, 203.1 MB
[runlim] sample:		1608.4 time, 1640.6 real, 203.1 MB
[runlim] sample:		1618.4 time, 1650.7 real, 203.1 MB
[runlim] sample:		1628.4 time, 1660.6 real, 203.1 MB
[runlim] sample:		1638.4 time, 1670.6 real, 203.1 MB
[runlim] sample:		1648.4 time, 1680.6 real, 203.1 MB
[runlim] sample:		1658.4 time, 1690.6 real, 203.1 MB
[runlim] sample:		1668.4 time, 1700.6 real, 203.1 MB
[runlim] sample:		1678.4 time, 1710.6 real, 203.1 MB
[runlim] sample:		1688.4 time, 1720.6 real, 203.1 MB
[runlim] sample:		1698.4 time, 1730.7 real, 203.1 MB
[runlim] sample:		1708.4 time, 1740.6 real, 264.5 MB
[runlim] sample:		1718.4 time, 1750.6 real, 264.5 MB
[runlim] sample:		1728.4 time, 1760.7 real, 264.5 MB
[runlim] sample:		1738.4 time, 1770.6 real, 264.5 MB
[runlim] sample:		1748.4 time, 1780.6 real, 264.5 MB
[runlim] sample:		1758.4 time, 1790.6 real, 264.5 MB
[runlim] sample:		1768.4 time, 1800.6 real, 264.5 MB
[runlim] sample:		1778.4 time, 1810.6 real, 264.5 MB
[runlim] sample:		1788.4 time, 1820.6 real, 264.5 MB
[runlim] sample:		1798.4 time, 1830.6 real, 264.5 MB
[runlim] end:			Wed Feb  6 07:03:08 2019
[runlim] status:		out of time
[runlim] result:		2
[runlim] children:		0
[runlim] real:			1832.37 seconds
[runlim] time:			1800.08 seconds
[runlim] space:			264.5 MB
[runlim] samples:		18317
