[runlim] version:		1.10fixed
[runlim] time limit:		1800 seconds
[runlim] real time limit:	311040000 seconds
[runlim] space limit:		4000 MB
[runlim] argv[0]:		./z3
[runlim] argv[1]:		/tmp/ux9h5601.smt2
[runlim] start:			Sat Feb  9 01:50:34 2019
[runlim] main pid:		3000
[runlim] sample:		8.8 time, 10.7 real, 20.3 MB
[runlim] sample:		18.5 time, 20.7 real, 21.1 MB
[runlim] sample:		27.5 time, 30.7 real, 23.0 MB
[runlim] sample:		37.0 time, 40.7 real, 22.2 MB
[runlim] sample:		46.1 time, 50.7 real, 22.2 MB
[runlim] sample:		55.3 time, 60.7 real, 24.1 MB
[runlim] sample:		65.2 time, 70.7 real, 24.1 MB
[runlim] sample:		75.2 time, 80.7 real, 24.1 MB
[runlim] sample:		85.2 time, 90.7 real, 24.1 MB
[runlim] sample:		95.2 time, 100.7 real, 24.3 MB
[runlim] sample:		105.2 time, 110.7 real, 24.3 MB
[runlim] sample:		114.2 time, 120.7 real, 24.3 MB
[runlim] sample:		123.4 time, 130.7 real, 24.3 MB
[runlim] sample:		132.1 time, 140.7 real, 24.4 MB
[runlim] sample:		140.4 time, 150.7 real, 24.4 MB
[runlim] sample:		150.4 time, 160.7 real, 24.4 MB
[runlim] sample:		160.4 time, 170.7 real, 24.4 MB
[runlim] sample:		170.4 time, 180.7 real, 24.4 MB
[runlim] sample:		180.4 time, 190.7 real, 24.4 MB
[runlim] sample:		190.4 time, 200.7 real, 24.4 MB
[runlim] sample:		200.4 time, 210.7 real, 24.4 MB
[runlim] sample:		210.4 time, 220.7 real, 24.4 MB
[runlim] sample:		220.4 time, 230.7 real, 24.4 MB
[runlim] sample:		229.8 time, 240.7 real, 24.4 MB
[runlim] sample:		238.9 time, 250.7 real, 24.4 MB
[runlim] sample:		247.1 time, 260.7 real, 24.4 MB
[runlim] sample:		255.1 time, 270.7 real, 24.4 MB
[runlim] sample:		263.5 time, 280.7 real, 24.4 MB
[runlim] sample:		273.5 time, 290.7 real, 24.4 MB
[runlim] sample:		282.2 time, 300.7 real, 24.4 MB
[runlim] sample:		291.6 time, 310.7 real, 24.4 MB
[runlim] sample:		301.1 time, 320.7 real, 24.4 MB
[runlim] sample:		311.1 time, 330.7 real, 24.4 MB
[runlim] sample:		321.1 time, 340.7 real, 24.4 MB
[runlim] sample:		331.1 time, 350.7 real, 24.4 MB
[runlim] sample:		341.1 time, 360.7 real, 24.4 MB
[runlim] sample:		351.1 time, 370.7 real, 24.4 MB
[runlim] sample:		361.1 time, 380.7 real, 24.4 MB
[runlim] sample:		371.1 time, 390.7 real, 24.4 MB
[runlim] sample:		381.1 time, 400.7 real, 24.4 MB
[runlim] sample:		391.1 time, 410.7 real, 24.4 MB
[runlim] sample:		401.1 time, 420.7 real, 24.4 MB
[runlim] sample:		411.1 time, 430.7 real, 24.4 MB
[runlim] sample:		421.1 time, 440.7 real, 24.4 MB
[runlim] sample:		431.1 time, 450.7 real, 24.4 MB
[runlim] sample:		441.1 time, 460.7 real, 24.4 MB
[runlim] sample:		451.1 time, 470.7 real, 24.4 MB
[runlim] sample:		461.1 time, 480.7 real, 24.4 MB
[runlim] sample:		471.1 time, 490.7 real, 24.4 MB
[runlim] sample:		481.0 time, 500.7 real, 24.4 MB
[runlim] sample:		491.0 time, 510.7 real, 24.4 MB
[runlim] sample:		501.0 time, 520.7 real, 24.4 MB
[runlim] sample:		511.0 time, 530.7 real, 24.4 MB
[runlim] sample:		521.0 time, 540.7 real, 24.4 MB
[runlim] sample:		531.0 time, 550.7 real, 24.4 MB
[runlim] sample:		541.0 time, 560.7 real, 24.4 MB
[runlim] sample:		551.0 time, 570.7 real, 24.4 MB
[runlim] sample:		561.0 time, 580.7 real, 24.4 MB
[runlim] sample:		571.0 time, 590.7 real, 24.4 MB
[runlim] sample:		581.0 time, 600.7 real, 24.4 MB
[runlim] sample:		591.0 time, 610.7 real, 24.4 MB
[runlim] sample:		601.0 time, 620.7 real, 24.4 MB
[runlim] sample:		611.0 time, 630.7 real, 24.4 MB
[runlim] sample:		621.0 time, 640.7 real, 24.4 MB
[runlim] sample:		630.1 time, 650.7 real, 24.4 MB
[runlim] sample:		638.9 time, 660.7 real, 24.4 MB
[runlim] sample:		648.3 time, 670.7 real, 24.4 MB
[runlim] sample:		658.3 time, 680.7 real, 24.6 MB
[runlim] sample:		668.3 time, 690.7 real, 24.6 MB
[runlim] sample:		678.3 time, 700.7 real, 24.6 MB
[runlim] sample:		688.2 time, 710.7 real, 24.6 MB
[runlim] sample:		698.2 time, 720.7 real, 24.6 MB
[runlim] sample:		708.2 time, 730.7 real, 24.6 MB
[runlim] sample:		718.2 time, 740.7 real, 24.6 MB
[runlim] sample:		728.2 time, 750.7 real, 24.6 MB
[runlim] sample:		738.2 time, 760.7 real, 24.6 MB
[runlim] sample:		748.2 time, 770.7 real, 24.6 MB
[runlim] sample:		758.2 time, 780.7 real, 24.6 MB
[runlim] sample:		768.1 time, 790.7 real, 24.6 MB
[runlim] sample:		778.1 time, 800.7 real, 24.6 MB
[runlim] sample:		788.1 time, 810.7 real, 24.6 MB
[runlim] sample:		798.1 time, 820.7 real, 24.6 MB
[runlim] sample:		808.1 time, 830.7 real, 24.6 MB
[runlim] sample:		817.6 time, 840.7 real, 24.6 MB
[runlim] sample:		826.3 time, 850.7 real, 24.6 MB
[runlim] sample:		835.7 time, 860.7 real, 24.6 MB
[runlim] sample:		845.7 time, 870.7 real, 24.6 MB
[runlim] sample:		855.7 time, 880.7 real, 24.6 MB
[runlim] sample:		865.7 time, 890.7 real, 24.6 MB
[runlim] sample:		875.7 time, 900.7 real, 24.6 MB
[runlim] sample:		885.7 time, 910.7 real, 24.6 MB
[runlim] sample:		895.7 time, 920.7 real, 24.6 MB
[runlim] sample:		905.7 time, 930.7 real, 24.6 MB
[runlim] sample:		915.7 time, 940.7 real, 24.6 MB
[runlim] sample:		925.7 time, 950.7 real, 24.6 MB
[runlim] sample:		935.7 time, 960.7 real, 24.6 MB
[runlim] sample:		945.6 time, 970.7 real, 24.6 MB
[runlim] sample:		955.6 time, 980.7 real, 24.6 MB
[runlim] sample:		965.6 time, 990.7 real, 24.6 MB
[runlim] sample:		975.6 time, 1000.7 real, 24.6 MB
[runlim] sample:		985.6 time, 1010.7 real, 24.6 MB
[runlim] sample:		995.6 time, 1020.7 real, 24.6 MB
[runlim] sample:		1005.6 time, 1030.7 real, 24.6 MB
[runlim] sample:		1015.6 time, 1040.7 real, 24.6 MB
[runlim] sample:		1025.6 time, 1050.7 real, 24.6 MB
[runlim] sample:		1035.6 time, 1060.7 real, 24.6 MB
[runlim] sample:		1045.6 time, 1070.7 real, 24.6 MB
[runlim] sample:		1055.4 time, 1080.7 real, 24.6 MB
[runlim] sample:		1065.2 time, 1090.7 real, 24.6 MB
[runlim] sample:		1075.2 time, 1100.7 real, 24.6 MB
[runlim] sample:		1084.7 time, 1110.7 real, 24.6 MB
[runlim] sample:		1094.0 time, 1120.7 real, 24.6 MB
[runlim] sample:		1103.3 time, 1130.7 real, 24.6 MB
[runlim] sample:		1112.7 time, 1140.7 real, 24.6 MB
[runlim] sample:		1122.4 time, 1150.7 real, 24.6 MB
[runlim] sample:		1131.6 time, 1160.7 real, 24.6 MB
[runlim] sample:		1141.2 time, 1170.7 real, 24.6 MB
[runlim] sample:		1150.2 time, 1180.7 real, 24.6 MB
[runlim] sample:		1159.6 time, 1190.7 real, 24.6 MB
[runlim] sample:		1169.2 time, 1200.7 real, 24.6 MB
[runlim] sample:		1178.9 time, 1210.7 real, 24.6 MB
[runlim] sample:		1188.5 time, 1220.7 real, 24.6 MB
[runlim] sample:		1196.7 time, 1230.7 real, 24.6 MB
[runlim] sample:		1204.3 time, 1240.7 real, 24.6 MB
[runlim] sample:		1212.2 time, 1250.7 real, 24.6 MB
[runlim] sample:		1220.5 time, 1260.7 real, 24.6 MB
[runlim] sample:		1230.2 time, 1270.7 real, 24.8 MB
[runlim] sample:		1239.0 time, 1280.7 real, 25.1 MB
[runlim] sample:		1247.5 time, 1290.7 real, 25.5 MB
[runlim] sample:		1257.5 time, 1300.7 real, 25.5 MB
[runlim] sample:		1265.6 time, 1310.7 real, 25.5 MB
[runlim] sample:		1273.8 time, 1320.7 real, 25.5 MB
[runlim] sample:		1283.5 time, 1330.7 real, 25.5 MB
[runlim] sample:		1293.1 time, 1340.7 real, 25.8 MB
[runlim] sample:		1302.8 time, 1350.7 real, 25.8 MB
[runlim] sample:		1312.4 time, 1360.7 real, 25.8 MB
[runlim] sample:		1320.5 time, 1370.7 real, 25.8 MB
[runlim] sample:		1330.3 time, 1380.7 real, 25.8 MB
[runlim] sample:		1340.3 time, 1390.7 real, 25.9 MB
[runlim] sample:		1350.3 time, 1400.7 real, 25.9 MB
[runlim] sample:		1360.3 time, 1410.7 real, 25.9 MB
[runlim] sample:		1369.2 time, 1420.7 real, 25.9 MB
[runlim] sample:		1377.4 time, 1430.7 real, 25.9 MB
[runlim] sample:		1387.4 time, 1440.7 real, 26.0 MB
[runlim] sample:		1397.4 time, 1450.7 real, 26.0 MB
[runlim] sample:		1407.1 time, 1460.7 real, 26.0 MB
[runlim] sample:		1414.6 time, 1470.7 real, 26.0 MB
[runlim] sample:		1423.0 time, 1480.7 real, 26.0 MB
[runlim] sample:		1433.0 time, 1490.7 real, 26.9 MB
[runlim] sample:		1442.8 time, 1500.7 real, 27.9 MB
[runlim] sample:		1452.8 time, 1510.7 real, 27.7 MB
[runlim] sample:		1462.7 time, 1520.7 real, 27.7 MB
[runlim] sample:		1472.5 time, 1530.7 real, 27.7 MB
[runlim] sample:		1482.5 time, 1540.7 real, 28.2 MB
[runlim] sample:		1492.5 time, 1550.7 real, 27.7 MB
[runlim] sample:		1502.5 time, 1560.7 real, 27.7 MB
[runlim] sample:		1512.5 time, 1570.7 real, 27.7 MB
[runlim] sample:		1522.5 time, 1580.7 real, 27.7 MB
[runlim] sample:		1532.5 time, 1590.7 real, 27.7 MB
[runlim] sample:		1542.5 time, 1600.7 real, 27.7 MB
[runlim] sample:		1552.5 time, 1610.7 real, 27.7 MB
[runlim] sample:		1562.5 time, 1620.7 real, 27.7 MB
[runlim] sample:		1572.5 time, 1630.7 real, 27.7 MB
[runlim] sample:		1582.5 time, 1640.7 real, 27.7 MB
[runlim] sample:		1592.5 time, 1650.7 real, 27.7 MB
[runlim] sample:		1602.5 time, 1660.7 real, 27.7 MB
[runlim] sample:		1612.5 time, 1670.7 real, 27.8 MB
[runlim] sample:		1622.5 time, 1680.7 real, 27.8 MB
[runlim] sample:		1632.5 time, 1690.7 real, 27.8 MB
[runlim] sample:		1642.5 time, 1700.7 real, 27.8 MB
[runlim] sample:		1652.5 time, 1710.7 real, 27.9 MB
[runlim] sample:		1662.5 time, 1720.7 real, 27.9 MB
[runlim] sample:		1672.5 time, 1730.7 real, 27.9 MB
[runlim] sample:		1682.5 time, 1740.7 real, 27.9 MB
[runlim] sample:		1692.5 time, 1750.7 real, 27.9 MB
[runlim] sample:		1702.5 time, 1760.7 real, 27.9 MB
[runlim] sample:		1712.5 time, 1770.7 real, 27.9 MB
[runlim] sample:		1722.5 time, 1780.7 real, 27.9 MB
[runlim] sample:		1732.5 time, 1790.7 real, 27.9 MB
[runlim] sample:		1742.5 time, 1800.7 real, 27.9 MB
[runlim] sample:		1752.5 time, 1810.7 real, 27.9 MB
[runlim] sample:		1762.5 time, 1820.7 real, 27.9 MB
[runlim] sample:		1772.5 time, 1830.7 real, 27.9 MB
[runlim] sample:		1782.5 time, 1840.7 real, 28.3 MB
[runlim] sample:		1792.5 time, 1850.7 real, 27.9 MB
[runlim] end:			Sat Feb  9 02:21:28 2019
[runlim] status:		signal(9)
[runlim] result:		11
[runlim] children:		0
[runlim] real:			1854.90 seconds
[runlim] time:			1796.72 seconds
[runlim] space:			28.5 MB
[runlim] samples:		18542
