[runlim] version:		1.10fixed
[runlim] time limit:		300 seconds
[runlim] real time limit:	311040000 seconds
[runlim] space limit:		4000 MB
[runlim] argv[0]:		./z3
[runlim] argv[1]:		/tmp/esa6FmyC.smt2
[runlim] start:			Thu Feb 14 00:46:36 2019
[runlim] main pid:		30278
[runlim] sample:		7.2 time, 10.7 real, 25.9 MB
[runlim] sample:		16.5 time, 20.7 real, 27.4 MB
[runlim] sample:		26.5 time, 30.7 real, 29.8 MB
[runlim] sample:		36.5 time, 40.7 real, 30.5 MB
[runlim] sample:		46.5 time, 50.7 real, 31.3 MB
[runlim] sample:		56.5 time, 60.7 real, 31.3 MB
[runlim] sample:		66.5 time, 70.7 real, 31.6 MB
[runlim] sample:		76.5 time, 80.7 real, 31.8 MB
[runlim] sample:		86.5 time, 90.7 real, 32.9 MB
[runlim] sample:		96.5 time, 100.7 real, 33.4 MB
[runlim] sample:		106.5 time, 110.7 real, 33.9 MB
[runlim] sample:		116.0 time, 120.7 real, 34.7 MB
[runlim] sample:		125.8 time, 130.7 real, 35.0 MB
[runlim] sample:		135.6 time, 140.7 real, 35.8 MB
[runlim] sample:		145.5 time, 150.7 real, 35.8 MB
[runlim] sample:		155.5 time, 160.7 real, 36.1 MB
[runlim] sample:		165.5 time, 170.7 real, 36.1 MB
[runlim] sample:		175.5 time, 180.7 real, 36.3 MB
[runlim] sample:		185.5 time, 190.7 real, 36.9 MB
[runlim] sample:		195.5 time, 200.7 real, 37.1 MB
[runlim] sample:		205.5 time, 210.7 real, 37.1 MB
[runlim] sample:		215.5 time, 220.7 real, 38.4 MB
[runlim] sample:		225.5 time, 230.7 real, 39.2 MB
[runlim] sample:		235.5 time, 240.7 real, 39.7 MB
[runlim] sample:		245.5 time, 250.7 real, 39.9 MB
[runlim] sample:		255.5 time, 260.7 real, 40.2 MB
[runlim] sample:		265.5 time, 270.7 real, 40.4 MB
[runlim] sample:		275.5 time, 280.7 real, 40.7 MB
[runlim] sample:		285.5 time, 290.7 real, 48.8 MB
[runlim] sample:		295.5 time, 300.7 real, 69.1 MB
[runlim] end:			Thu Feb 14 00:51:41 2019
[runlim] status:		out of time
[runlim] result:		2
[runlim] children:		0
[runlim] real:			305.32 seconds
[runlim] time:			300.09 seconds
[runlim] space:			80.6 MB
[runlim] samples:		3046
