[runlim] version:		1.10fixed
[runlim] time limit:		1800 seconds
[runlim] real time limit:	311040000 seconds
[runlim] space limit:		4000 MB
[runlim] argv[0]:		./z3
[runlim] argv[1]:		/tmp/lmuXTdGL.smt2
[runlim] start:			Sat Feb  9 15:05:14 2019
[runlim] main pid:		4548
[runlim] sample:		7.8 time, 10.6 real, 23.7 MB
[runlim] sample:		16.9 time, 20.6 real, 25.4 MB
[runlim] sample:		26.9 time, 30.6 real, 26.0 MB
[runlim] sample:		36.9 time, 40.6 real, 35.4 MB
[runlim] sample:		46.9 time, 50.6 real, 35.4 MB
[runlim] sample:		56.9 time, 60.6 real, 36.4 MB
[runlim] sample:		66.1 time, 70.6 real, 37.9 MB
[runlim] sample:		74.9 time, 80.6 real, 37.9 MB
[runlim] sample:		82.8 time, 90.6 real, 37.9 MB
[runlim] sample:		91.3 time, 100.6 real, 41.7 MB
[runlim] sample:		99.2 time, 110.6 real, 43.0 MB
[runlim] sample:		107.0 time, 120.6 real, 43.5 MB
[runlim] sample:		115.2 time, 130.6 real, 44.0 MB
[runlim] sample:		124.8 time, 140.6 real, 44.2 MB
[runlim] sample:		132.8 time, 150.6 real, 44.8 MB
[runlim] sample:		141.7 time, 160.6 real, 45.0 MB
[runlim] sample:		150.5 time, 170.6 real, 45.8 MB
[runlim] sample:		159.6 time, 180.6 real, 46.1 MB
[runlim] sample:		168.0 time, 190.6 real, 46.6 MB
[runlim] sample:		177.1 time, 200.6 real, 46.8 MB
[runlim] sample:		186.7 time, 210.6 real, 47.3 MB
[runlim] sample:		196.0 time, 220.6 real, 48.9 MB
[runlim] sample:		203.7 time, 230.6 real, 49.9 MB
[runlim] sample:		213.1 time, 240.6 real, 50.2 MB
[runlim] sample:		222.4 time, 250.6 real, 50.4 MB
[runlim] sample:		232.0 time, 260.6 real, 50.9 MB
[runlim] sample:		241.5 time, 270.6 real, 51.2 MB
[runlim] sample:		251.2 time, 280.6 real, 51.4 MB
[runlim] sample:		260.9 time, 290.6 real, 52.0 MB
[runlim] sample:		269.7 time, 300.6 real, 52.0 MB
[runlim] sample:		277.5 time, 310.6 real, 52.0 MB
[runlim] sample:		285.6 time, 320.6 real, 52.2 MB
[runlim] sample:		292.7 time, 330.6 real, 52.2 MB
[runlim] sample:		302.2 time, 340.6 real, 52.5 MB
[runlim] sample:		312.0 time, 350.6 real, 52.7 MB
[runlim] sample:		321.9 time, 360.6 real, 53.0 MB
[runlim] sample:		331.9 time, 370.6 real, 53.2 MB
[runlim] sample:		341.9 time, 380.6 real, 53.2 MB
[runlim] sample:		351.9 time, 390.6 real, 53.2 MB
[runlim] sample:		361.9 time, 400.6 real, 53.2 MB
[runlim] sample:		371.9 time, 410.6 real, 53.5 MB
[runlim] sample:		381.9 time, 420.6 real, 54.0 MB
[runlim] sample:		391.8 time, 430.6 real, 54.0 MB
[runlim] sample:		401.8 time, 440.6 real, 54.3 MB
[runlim] sample:		411.8 time, 450.6 real, 54.5 MB
[runlim] sample:		421.8 time, 460.6 real, 54.8 MB
[runlim] sample:		431.8 time, 470.6 real, 54.8 MB
[runlim] sample:		441.8 time, 480.6 real, 54.8 MB
[runlim] sample:		451.8 time, 490.6 real, 55.0 MB
[runlim] sample:		461.8 time, 500.6 real, 55.0 MB
[runlim] sample:		471.8 time, 510.6 real, 55.4 MB
[runlim] sample:		481.8 time, 520.6 real, 55.4 MB
[runlim] sample:		491.8 time, 530.6 real, 55.4 MB
[runlim] sample:		501.8 time, 540.6 real, 55.6 MB
[runlim] sample:		511.8 time, 550.6 real, 55.6 MB
[runlim] sample:		521.8 time, 560.6 real, 55.6 MB
[runlim] sample:		531.8 time, 570.6 real, 55.6 MB
[runlim] sample:		541.8 time, 580.6 real, 55.6 MB
[runlim] sample:		551.8 time, 590.6 real, 55.9 MB
[runlim] sample:		561.8 time, 600.6 real, 56.1 MB
[runlim] sample:		571.8 time, 610.6 real, 56.1 MB
[runlim] sample:		581.8 time, 620.6 real, 56.4 MB
[runlim] sample:		591.8 time, 630.6 real, 56.7 MB
[runlim] sample:		601.8 time, 640.6 real, 56.9 MB
[runlim] sample:		611.8 time, 650.6 real, 56.9 MB
[runlim] sample:		621.8 time, 660.6 real, 56.9 MB
[runlim] sample:		631.8 time, 670.6 real, 56.9 MB
[runlim] sample:		641.8 time, 680.6 real, 57.2 MB
[runlim] sample:		651.8 time, 690.6 real, 57.2 MB
[runlim] sample:		661.8 time, 700.6 real, 57.9 MB
[runlim] sample:		671.8 time, 710.6 real, 77.7 MB
[runlim] sample:		681.8 time, 720.6 real, 77.1 MB
[runlim] sample:		691.8 time, 730.6 real, 77.1 MB
[runlim] sample:		701.8 time, 740.6 real, 77.1 MB
[runlim] sample:		711.8 time, 750.6 real, 77.1 MB
[runlim] sample:		721.8 time, 760.6 real, 77.1 MB
[runlim] sample:		731.8 time, 770.6 real, 77.1 MB
[runlim] sample:		741.8 time, 780.6 real, 77.1 MB
[runlim] sample:		751.8 time, 790.6 real, 77.1 MB
[runlim] sample:		761.8 time, 800.6 real, 77.1 MB
[runlim] sample:		771.8 time, 810.6 real, 77.1 MB
[runlim] sample:		781.8 time, 820.6 real, 77.1 MB
[runlim] sample:		791.8 time, 830.6 real, 77.1 MB
[runlim] sample:		801.8 time, 840.6 real, 79.2 MB
[runlim] sample:		811.8 time, 850.6 real, 83.2 MB
[runlim] sample:		821.8 time, 860.6 real, 86.7 MB
[runlim] sample:		831.7 time, 870.6 real, 89.4 MB
[runlim] sample:		841.7 time, 880.6 real, 92.8 MB
[runlim] sample:		851.7 time, 890.6 real, 95.2 MB
[runlim] sample:		861.7 time, 900.6 real, 98.2 MB
[runlim] sample:		871.7 time, 910.6 real, 101.0 MB
[runlim] sample:		881.7 time, 920.6 real, 104.4 MB
[runlim] sample:		891.7 time, 930.6 real, 106.8 MB
[runlim] sample:		901.7 time, 940.6 real, 110.0 MB
[runlim] sample:		911.7 time, 950.6 real, 113.1 MB
[runlim] sample:		921.7 time, 960.6 real, 116.3 MB
[runlim] sample:		931.7 time, 970.6 real, 119.1 MB
[runlim] sample:		941.7 time, 980.6 real, 121.5 MB
[runlim] sample:		951.7 time, 990.6 real, 123.8 MB
[runlim] sample:		961.7 time, 1000.6 real, 126.4 MB
[runlim] sample:		971.7 time, 1010.6 real, 129.2 MB
[runlim] sample:		981.7 time, 1020.6 real, 132.0 MB
[runlim] sample:		991.7 time, 1030.6 real, 134.8 MB
[runlim] sample:		1001.7 time, 1040.6 real, 137.5 MB
[runlim] sample:		1011.7 time, 1050.6 real, 140.3 MB
[runlim] sample:		1021.7 time, 1060.6 real, 142.5 MB
[runlim] sample:		1031.7 time, 1070.6 real, 145.2 MB
[runlim] sample:		1041.7 time, 1080.6 real, 148.0 MB
[runlim] sample:		1051.7 time, 1090.6 real, 150.5 MB
[runlim] sample:		1061.7 time, 1100.6 real, 153.1 MB
[runlim] sample:		1071.7 time, 1110.6 real, 155.7 MB
[runlim] sample:		1081.7 time, 1120.6 real, 158.7 MB
[runlim] sample:		1091.7 time, 1130.6 real, 161.9 MB
[runlim] sample:		1101.7 time, 1140.6 real, 163.7 MB
[runlim] sample:		1111.7 time, 1150.6 real, 166.7 MB
[runlim] sample:		1121.7 time, 1160.6 real, 169.5 MB
[runlim] sample:		1131.7 time, 1170.6 real, 172.7 MB
[runlim] sample:		1141.7 time, 1180.6 real, 175.5 MB
[runlim] sample:		1151.7 time, 1190.6 real, 178.7 MB
[runlim] sample:		1161.7 time, 1200.6 real, 181.9 MB
[runlim] sample:		1171.7 time, 1210.6 real, 185.0 MB
[runlim] sample:		1181.7 time, 1220.6 real, 186.9 MB
[runlim] sample:		1191.7 time, 1230.6 real, 190.3 MB
[runlim] sample:		1201.7 time, 1240.6 real, 193.1 MB
[runlim] sample:		1211.7 time, 1250.6 real, 196.1 MB
[runlim] sample:		1221.7 time, 1260.6 real, 198.9 MB
[runlim] sample:		1231.6 time, 1270.6 real, 201.9 MB
[runlim] sample:		1241.6 time, 1280.6 real, 204.3 MB
[runlim] sample:		1251.6 time, 1290.6 real, 207.7 MB
[runlim] sample:		1261.6 time, 1300.6 real, 210.7 MB
[runlim] sample:		1271.6 time, 1310.6 real, 214.1 MB
[runlim] sample:		1281.6 time, 1320.6 real, 216.8 MB
[runlim] sample:		1291.6 time, 1330.6 real, 219.6 MB
[runlim] sample:		1301.6 time, 1340.6 real, 222.8 MB
[runlim] sample:		1311.6 time, 1350.6 real, 226.4 MB
[runlim] sample:		1321.6 time, 1360.6 real, 229.6 MB
[runlim] sample:		1331.6 time, 1370.6 real, 232.4 MB
[runlim] sample:		1341.6 time, 1380.6 real, 235.0 MB
[runlim] sample:		1351.6 time, 1390.6 real, 239.9 MB
[runlim] sample:		1361.6 time, 1400.6 real, 241.7 MB
[runlim] sample:		1371.6 time, 1410.6 real, 241.7 MB
[runlim] sample:		1381.6 time, 1420.6 real, 241.7 MB
[runlim] sample:		1391.6 time, 1430.6 real, 241.7 MB
[runlim] sample:		1401.6 time, 1440.6 real, 241.7 MB
[runlim] sample:		1411.6 time, 1450.6 real, 241.7 MB
[runlim] sample:		1421.6 time, 1460.6 real, 273.7 MB
[runlim] sample:		1431.6 time, 1470.6 real, 273.7 MB
[runlim] sample:		1441.6 time, 1480.6 real, 273.9 MB
[runlim] sample:		1451.4 time, 1490.6 real, 273.9 MB
[runlim] sample:		1461.3 time, 1500.6 real, 273.9 MB
[runlim] sample:		1471.3 time, 1510.6 real, 273.9 MB
[runlim] sample:		1481.3 time, 1520.6 real, 273.9 MB
[runlim] sample:		1491.3 time, 1530.6 real, 274.2 MB
[runlim] sample:		1501.3 time, 1540.6 real, 274.2 MB
[runlim] sample:		1511.3 time, 1550.6 real, 274.2 MB
[runlim] sample:		1521.3 time, 1560.6 real, 274.2 MB
[runlim] sample:		1531.3 time, 1570.6 real, 274.2 MB
[runlim] sample:		1541.3 time, 1580.6 real, 274.2 MB
[runlim] sample:		1551.3 time, 1590.6 real, 274.2 MB
[runlim] sample:		1561.3 time, 1600.6 real, 274.2 MB
[runlim] sample:		1571.3 time, 1610.6 real, 274.2 MB
[runlim] sample:		1581.3 time, 1620.6 real, 274.2 MB
[runlim] sample:		1591.3 time, 1630.6 real, 274.2 MB
[runlim] sample:		1601.3 time, 1640.6 real, 274.2 MB
[runlim] sample:		1611.3 time, 1650.6 real, 274.2 MB
[runlim] sample:		1621.3 time, 1660.6 real, 274.2 MB
[runlim] sample:		1631.3 time, 1670.6 real, 274.2 MB
[runlim] sample:		1641.3 time, 1680.6 real, 274.2 MB
[runlim] sample:		1651.3 time, 1690.6 real, 276.0 MB
[runlim] sample:		1661.3 time, 1700.6 real, 276.0 MB
[runlim] sample:		1671.3 time, 1710.6 real, 276.0 MB
[runlim] sample:		1681.3 time, 1720.6 real, 276.0 MB
[runlim] sample:		1691.3 time, 1730.6 real, 276.0 MB
[runlim] sample:		1701.3 time, 1740.6 real, 276.0 MB
[runlim] sample:		1711.3 time, 1750.6 real, 276.0 MB
[runlim] sample:		1721.3 time, 1760.6 real, 276.0 MB
[runlim] sample:		1731.3 time, 1770.6 real, 276.0 MB
[runlim] sample:		1741.3 time, 1780.6 real, 276.0 MB
[runlim] sample:		1751.3 time, 1790.6 real, 276.0 MB
[runlim] sample:		1761.3 time, 1800.6 real, 276.0 MB
[runlim] sample:		1771.3 time, 1810.6 real, 276.0 MB
[runlim] sample:		1781.3 time, 1820.6 real, 276.0 MB
[runlim] sample:		1791.3 time, 1830.6 real, 276.0 MB
[runlim] end:			Sat Feb  9 15:35:53 2019
[runlim] status:		out of time
[runlim] result:		2
[runlim] children:		0
[runlim] real:			1839.39 seconds
[runlim] time:			1800.07 seconds
[runlim] space:			276.0 MB
[runlim] samples:		18388
