[runlim] version:		1.10fixed
[runlim] time limit:		300 seconds
[runlim] real time limit:	311040000 seconds
[runlim] space limit:		4000 MB
[runlim] argv[0]:		./z3
[runlim] argv[1]:		/tmp/DA2SmJNG.smt2
[runlim] start:			Thu Feb 14 00:47:44 2019
[runlim] main pid:		7107
[runlim] sample:		7.9 time, 10.1 real, 39.1 MB
[runlim] sample:		16.7 time, 20.1 real, 50.1 MB
[runlim] sample:		26.7 time, 30.1 real, 50.1 MB
[runlim] sample:		36.7 time, 40.1 real, 50.1 MB
[runlim] sample:		46.7 time, 50.1 real, 50.1 MB
[runlim] sample:		56.7 time, 60.1 real, 50.1 MB
[runlim] sample:		66.7 time, 70.1 real, 50.1 MB
[runlim] sample:		76.7 time, 80.1 real, 50.1 MB
[runlim] sample:		86.7 time, 90.1 real, 50.1 MB
[runlim] sample:		96.7 time, 100.1 real, 50.1 MB
[runlim] sample:		106.7 time, 110.1 real, 50.1 MB
[runlim] sample:		116.7 time, 120.1 real, 57.7 MB
[runlim] sample:		126.7 time, 130.1 real, 56.1 MB
[runlim] sample:		135.2 time, 140.1 real, 56.1 MB
[runlim] sample:		144.3 time, 150.1 real, 57.1 MB
[runlim] sample:		154.3 time, 160.1 real, 56.1 MB
[runlim] sample:		164.3 time, 170.1 real, 56.2 MB
[runlim] sample:		173.0 time, 180.1 real, 55.8 MB
[runlim] sample:		182.0 time, 190.1 real, 56.2 MB
[runlim] sample:		191.3 time, 200.1 real, 56.8 MB
[runlim] sample:		201.3 time, 210.1 real, 57.0 MB
[runlim] sample:		211.3 time, 220.1 real, 56.1 MB
[runlim] sample:		221.1 time, 230.1 real, 56.8 MB
[runlim] sample:		230.3 time, 240.1 real, 56.1 MB
[runlim] sample:		240.0 time, 250.1 real, 56.1 MB
[runlim] sample:		249.9 time, 260.1 real, 56.1 MB
[runlim] sample:		258.8 time, 270.1 real, 56.1 MB
[runlim] sample:		267.6 time, 280.1 real, 58.1 MB
[runlim] sample:		275.9 time, 290.1 real, 57.0 MB
[runlim] sample:		284.0 time, 300.1 real, 57.0 MB
[runlim] sample:		292.3 time, 310.1 real, 58.8 MB
[runlim] end:			Thu Feb 14 00:53:02 2019
[runlim] status:		signal(9)
[runlim] result:		11
[runlim] children:		0
[runlim] real:			318.77 seconds
[runlim] time:			299.67 seconds
[runlim] space:			81.3 MB
[runlim] samples:		3186
