[runlim] version:		1.10fixed
[runlim] time limit:		1800 seconds
[runlim] real time limit:	311040000 seconds
[runlim] space limit:		4000 MB
[runlim] argv[0]:		./z3
[runlim] argv[1]:		/tmp/sW6lznIu.smt2
[runlim] start:			Sat Feb  9 17:53:48 2019
[runlim] main pid:		9911
[runlim] sample:		9.0 time, 10.4 real, 23.1 MB
[runlim] sample:		17.6 time, 20.4 real, 23.5 MB
[runlim] sample:		27.6 time, 30.4 real, 24.3 MB
[runlim] sample:		37.5 time, 40.4 real, 26.1 MB
[runlim] sample:		46.1 time, 50.4 real, 30.0 MB
[runlim] sample:		55.4 time, 60.4 real, 30.6 MB
[runlim] sample:		65.4 time, 70.4 real, 30.4 MB
[runlim] sample:		75.4 time, 80.4 real, 32.1 MB
[runlim] sample:		85.4 time, 90.4 real, 35.1 MB
[runlim] sample:		95.4 time, 100.4 real, 38.9 MB
[runlim] sample:		105.4 time, 110.4 real, 40.0 MB
[runlim] sample:		115.4 time, 120.4 real, 40.0 MB
[runlim] sample:		125.4 time, 130.4 real, 42.6 MB
[runlim] sample:		135.4 time, 140.4 real, 45.8 MB
[runlim] sample:		145.4 time, 150.4 real, 51.6 MB
[runlim] sample:		155.4 time, 160.4 real, 53.2 MB
[runlim] sample:		165.4 time, 170.4 real, 53.0 MB
[runlim] sample:		175.4 time, 180.4 real, 53.0 MB
[runlim] sample:		185.4 time, 190.4 real, 53.0 MB
[runlim] sample:		195.4 time, 200.4 real, 53.0 MB
[runlim] sample:		205.4 time, 210.4 real, 54.6 MB
[runlim] sample:		215.4 time, 220.4 real, 54.6 MB
[runlim] sample:		225.4 time, 230.4 real, 53.8 MB
[runlim] sample:		235.4 time, 240.4 real, 54.4 MB
[runlim] sample:		245.4 time, 250.4 real, 54.7 MB
[runlim] sample:		255.4 time, 260.4 real, 54.7 MB
[runlim] sample:		265.4 time, 270.4 real, 54.7 MB
[runlim] sample:		275.4 time, 280.4 real, 54.7 MB
[runlim] sample:		285.4 time, 290.4 real, 58.2 MB
[runlim] sample:		295.4 time, 300.4 real, 54.6 MB
[runlim] sample:		305.4 time, 310.4 real, 54.6 MB
[runlim] sample:		315.4 time, 320.4 real, 54.6 MB
[runlim] sample:		325.4 time, 330.4 real, 54.6 MB
[runlim] sample:		335.4 time, 340.4 real, 56.7 MB
[runlim] sample:		345.4 time, 350.4 real, 57.3 MB
[runlim] sample:		355.4 time, 360.4 real, 61.0 MB
[runlim] sample:		365.4 time, 370.4 real, 57.9 MB
[runlim] sample:		375.4 time, 380.4 real, 57.9 MB
[runlim] sample:		385.4 time, 390.4 real, 57.4 MB
[runlim] sample:		395.4 time, 400.4 real, 57.4 MB
[runlim] sample:		405.4 time, 410.4 real, 57.4 MB
[runlim] sample:		415.4 time, 420.4 real, 61.5 MB
[runlim] sample:		425.4 time, 430.4 real, 61.5 MB
[runlim] sample:		435.4 time, 440.4 real, 61.6 MB
[runlim] sample:		445.4 time, 450.4 real, 59.6 MB
[runlim] sample:		455.4 time, 460.4 real, 68.6 MB
[runlim] sample:		465.4 time, 470.4 real, 66.7 MB
[runlim] sample:		475.4 time, 480.4 real, 62.6 MB
[runlim] sample:		485.4 time, 490.4 real, 62.6 MB
[runlim] sample:		495.4 time, 500.4 real, 62.6 MB
[runlim] sample:		505.4 time, 510.4 real, 57.4 MB
[runlim] sample:		515.4 time, 520.4 real, 57.4 MB
[runlim] sample:		525.4 time, 530.4 real, 57.4 MB
[runlim] sample:		535.3 time, 540.4 real, 71.3 MB
[runlim] sample:		545.3 time, 550.4 real, 73.3 MB
[runlim] sample:		555.3 time, 560.4 real, 70.2 MB
[runlim] sample:		565.3 time, 570.4 real, 70.4 MB
[runlim] sample:		575.3 time, 580.4 real, 73.6 MB
[runlim] sample:		585.3 time, 590.4 real, 70.4 MB
[runlim] sample:		595.3 time, 600.4 real, 70.4 MB
[runlim] sample:		605.3 time, 610.4 real, 73.5 MB
[runlim] sample:		615.3 time, 620.4 real, 70.2 MB
[runlim] sample:		625.3 time, 630.4 real, 70.2 MB
[runlim] sample:		635.3 time, 640.4 real, 70.2 MB
[runlim] sample:		645.3 time, 650.4 real, 70.9 MB
[runlim] sample:		655.3 time, 660.4 real, 70.4 MB
[runlim] sample:		665.3 time, 670.4 real, 79.9 MB
[runlim] sample:		675.3 time, 680.4 real, 85.0 MB
[runlim] sample:		685.3 time, 690.4 real, 85.0 MB
[runlim] sample:		695.3 time, 700.4 real, 84.2 MB
[runlim] sample:		705.3 time, 710.4 real, 86.5 MB
[runlim] sample:		715.3 time, 720.4 real, 84.7 MB
[runlim] sample:		725.3 time, 730.4 real, 75.4 MB
[runlim] sample:		735.3 time, 740.4 real, 75.4 MB
[runlim] sample:		745.3 time, 750.4 real, 75.4 MB
[runlim] sample:		755.3 time, 760.4 real, 76.4 MB
[runlim] sample:		765.3 time, 770.4 real, 75.5 MB
[runlim] sample:		775.3 time, 780.4 real, 75.0 MB
[runlim] sample:		785.3 time, 790.4 real, 75.0 MB
[runlim] sample:		795.3 time, 800.4 real, 75.0 MB
[runlim] sample:		805.3 time, 810.4 real, 75.0 MB
[runlim] sample:		815.3 time, 820.4 real, 75.0 MB
[runlim] sample:		825.3 time, 830.4 real, 75.0 MB
[runlim] sample:		835.3 time, 840.4 real, 75.0 MB
[runlim] sample:		845.3 time, 850.4 real, 75.0 MB
[runlim] sample:		855.3 time, 860.4 real, 75.0 MB
[runlim] sample:		865.3 time, 870.4 real, 77.1 MB
[runlim] sample:		875.3 time, 880.4 real, 75.5 MB
[runlim] sample:		885.3 time, 890.4 real, 75.3 MB
[runlim] sample:		895.3 time, 900.4 real, 75.0 MB
[runlim] sample:		905.3 time, 910.4 real, 75.0 MB
[runlim] sample:		915.3 time, 920.4 real, 75.0 MB
[runlim] sample:		925.3 time, 930.4 real, 75.0 MB
[runlim] sample:		935.3 time, 940.4 real, 75.0 MB
[runlim] sample:		945.3 time, 950.4 real, 75.0 MB
[runlim] sample:		955.3 time, 960.4 real, 75.0 MB
[runlim] sample:		965.3 time, 970.4 real, 75.0 MB
[runlim] sample:		975.3 time, 980.4 real, 75.0 MB
[runlim] sample:		985.3 time, 990.4 real, 75.0 MB
[runlim] sample:		995.3 time, 1000.4 real, 75.0 MB
[runlim] sample:		1005.3 time, 1010.4 real, 75.0 MB
[runlim] sample:		1015.3 time, 1020.4 real, 75.0 MB
[runlim] sample:		1025.3 time, 1030.4 real, 75.0 MB
[runlim] sample:		1035.3 time, 1040.4 real, 75.0 MB
[runlim] sample:		1045.3 time, 1050.4 real, 75.0 MB
[runlim] sample:		1055.3 time, 1060.4 real, 75.0 MB
[runlim] sample:		1065.3 time, 1070.4 real, 75.0 MB
[runlim] sample:		1075.3 time, 1080.4 real, 75.0 MB
[runlim] sample:		1085.3 time, 1090.4 real, 75.0 MB
[runlim] sample:		1095.3 time, 1100.4 real, 75.0 MB
[runlim] sample:		1105.3 time, 1110.4 real, 75.0 MB
[runlim] sample:		1115.3 time, 1120.4 real, 75.0 MB
[runlim] sample:		1125.3 time, 1130.4 real, 75.0 MB
[runlim] sample:		1135.3 time, 1140.4 real, 75.0 MB
[runlim] sample:		1145.3 time, 1150.4 real, 75.0 MB
[runlim] sample:		1155.3 time, 1160.4 real, 75.0 MB
[runlim] sample:		1165.3 time, 1170.4 real, 75.0 MB
[runlim] sample:		1175.3 time, 1180.4 real, 75.0 MB
[runlim] sample:		1185.3 time, 1190.4 real, 75.0 MB
[runlim] sample:		1195.3 time, 1200.4 real, 75.0 MB
[runlim] sample:		1205.3 time, 1210.4 real, 75.0 MB
[runlim] sample:		1215.3 time, 1220.4 real, 76.8 MB
[runlim] sample:		1225.3 time, 1230.4 real, 79.1 MB
[runlim] sample:		1235.3 time, 1240.4 real, 79.1 MB
[runlim] sample:		1245.3 time, 1250.4 real, 80.6 MB
[runlim] sample:		1255.3 time, 1260.4 real, 79.4 MB
[runlim] sample:		1265.3 time, 1270.4 real, 90.2 MB
[runlim] sample:		1275.3 time, 1280.4 real, 86.6 MB
[runlim] sample:		1285.3 time, 1290.4 real, 87.2 MB
[runlim] sample:		1295.3 time, 1300.4 real, 88.0 MB
[runlim] sample:		1305.3 time, 1310.4 real, 94.4 MB
[runlim] sample:		1315.3 time, 1320.4 real, 94.7 MB
[runlim] sample:		1325.3 time, 1330.4 real, 94.7 MB
[runlim] sample:		1335.3 time, 1340.4 real, 96.5 MB
[runlim] sample:		1345.3 time, 1350.4 real, 96.5 MB
[runlim] sample:		1355.3 time, 1360.4 real, 96.9 MB
[runlim] sample:		1365.3 time, 1370.4 real, 104.0 MB
[runlim] sample:		1375.2 time, 1380.4 real, 101.8 MB
[runlim] sample:		1385.2 time, 1390.4 real, 104.9 MB
[runlim] sample:		1395.2 time, 1400.4 real, 102.1 MB
[runlim] sample:		1405.2 time, 1410.4 real, 102.1 MB
[runlim] sample:		1415.2 time, 1420.4 real, 102.1 MB
[runlim] sample:		1425.2 time, 1430.4 real, 102.1 MB
[runlim] sample:		1435.2 time, 1440.4 real, 102.1 MB
[runlim] sample:		1445.2 time, 1450.4 real, 102.1 MB
[runlim] sample:		1455.2 time, 1460.4 real, 102.1 MB
[runlim] sample:		1465.2 time, 1470.4 real, 102.1 MB
[runlim] sample:		1475.2 time, 1480.4 real, 102.1 MB
[runlim] sample:		1485.2 time, 1490.4 real, 102.1 MB
[runlim] sample:		1495.2 time, 1500.4 real, 102.1 MB
[runlim] sample:		1505.2 time, 1510.4 real, 102.1 MB
[runlim] sample:		1515.2 time, 1520.4 real, 102.1 MB
[runlim] sample:		1525.2 time, 1530.4 real, 102.1 MB
[runlim] sample:		1535.2 time, 1540.4 real, 102.1 MB
[runlim] sample:		1545.2 time, 1550.4 real, 102.1 MB
[runlim] sample:		1555.2 time, 1560.4 real, 102.1 MB
[runlim] sample:		1565.2 time, 1570.4 real, 102.1 MB
[runlim] sample:		1575.2 time, 1580.4 real, 102.1 MB
[runlim] sample:		1585.2 time, 1590.4 real, 102.1 MB
[runlim] sample:		1595.2 time, 1600.4 real, 102.1 MB
[runlim] sample:		1605.2 time, 1610.4 real, 102.1 MB
[runlim] sample:		1615.2 time, 1620.4 real, 102.1 MB
[runlim] sample:		1625.2 time, 1630.4 real, 102.1 MB
[runlim] sample:		1635.2 time, 1640.4 real, 102.1 MB
[runlim] sample:		1645.2 time, 1650.4 real, 102.1 MB
[runlim] sample:		1655.2 time, 1660.4 real, 102.1 MB
[runlim] sample:		1665.2 time, 1670.4 real, 102.1 MB
[runlim] sample:		1675.2 time, 1680.4 real, 102.1 MB
[runlim] sample:		1685.2 time, 1690.4 real, 102.1 MB
[runlim] sample:		1695.2 time, 1700.4 real, 102.1 MB
[runlim] sample:		1705.2 time, 1710.4 real, 102.1 MB
[runlim] sample:		1715.2 time, 1720.4 real, 102.1 MB
[runlim] sample:		1725.2 time, 1730.4 real, 102.1 MB
[runlim] sample:		1735.2 time, 1740.4 real, 102.1 MB
[runlim] sample:		1745.2 time, 1750.4 real, 102.1 MB
[runlim] sample:		1755.2 time, 1760.4 real, 102.1 MB
[runlim] sample:		1765.2 time, 1770.5 real, 102.1 MB
[runlim] sample:		1775.2 time, 1780.4 real, 102.1 MB
[runlim] sample:		1785.2 time, 1790.4 real, 102.1 MB
[runlim] sample:		1795.2 time, 1800.4 real, 102.1 MB
[runlim] end:			Sat Feb  9 18:23:53 2019
[runlim] status:		out of time
[runlim] result:		2
[runlim] children:		0
[runlim] real:			1805.27 seconds
[runlim] time:			1800.01 seconds
[runlim] space:			104.9 MB
[runlim] samples:		18048
