[runlim] version:		1.10fixed
[runlim] time limit:		300 seconds
[runlim] real time limit:	311040000 seconds
[runlim] space limit:		4000 MB
[runlim] argv[0]:		./z3
[runlim] argv[1]:		/tmp/ClrYSqge.smt2
[runlim] start:			Thu Feb 14 00:48:35 2019
[runlim] main pid:		31198
[runlim] sample:		9.0 time, 10.6 real, 24.4 MB
[runlim] sample:		17.9 time, 20.6 real, 24.4 MB
[runlim] sample:		26.8 time, 30.6 real, 26.3 MB
[runlim] sample:		35.2 time, 40.6 real, 26.6 MB
[runlim] sample:		44.8 time, 50.6 real, 26.6 MB
[runlim] sample:		54.8 time, 60.6 real, 26.8 MB
[runlim] sample:		64.8 time, 70.6 real, 26.7 MB
[runlim] sample:		74.8 time, 80.6 real, 27.4 MB
[runlim] sample:		84.8 time, 90.6 real, 26.9 MB
[runlim] sample:		94.8 time, 100.6 real, 26.9 MB
[runlim] sample:		104.8 time, 110.6 real, 26.9 MB
[runlim] sample:		114.8 time, 120.6 real, 27.0 MB
[runlim] sample:		124.8 time, 130.6 real, 26.9 MB
[runlim] sample:		134.3 time, 140.6 real, 27.0 MB
[runlim] sample:		143.7 time, 150.6 real, 26.9 MB
[runlim] sample:		153.0 time, 160.6 real, 27.0 MB
[runlim] sample:		162.8 time, 170.6 real, 27.1 MB
[runlim] sample:		172.8 time, 180.6 real, 27.1 MB
[runlim] sample:		182.3 time, 190.6 real, 27.1 MB
[runlim] sample:		192.0 time, 200.6 real, 27.1 MB
[runlim] sample:		201.9 time, 210.6 real, 27.2 MB
[runlim] sample:		210.5 time, 220.6 real, 27.3 MB
[runlim] sample:		219.8 time, 230.6 real, 27.2 MB
[runlim] sample:		229.7 time, 240.6 real, 27.2 MB
[runlim] sample:		239.7 time, 250.6 real, 27.2 MB
[runlim] sample:		249.7 time, 260.6 real, 27.2 MB
[runlim] sample:		258.8 time, 270.6 real, 27.4 MB
[runlim] sample:		267.8 time, 280.6 real, 27.4 MB
[runlim] sample:		277.3 time, 290.6 real, 27.4 MB
[runlim] sample:		287.3 time, 300.6 real, 27.6 MB
[runlim] end:			Thu Feb 14 00:53:44 2019
[runlim] status:		signal(9)
[runlim] result:		11
[runlim] children:		0
[runlim] real:			309.61 seconds
[runlim] time:			296.31 seconds
[runlim] space:			28.6 MB
[runlim] samples:		3090
