[runlim] version:		1.10fixed
[runlim] time limit:		1800 seconds
[runlim] real time limit:	311040000 seconds
[runlim] space limit:		4000 MB
[runlim] argv[0]:		./z3
[runlim] argv[1]:		/tmp/gFbh3HyE.smt2
[runlim] start:			Sat Feb  9 17:54:16 2019
[runlim] main pid:		10243
[runlim] sample:		9.2 time, 11.0 real, 20.3 MB
[runlim] sample:		19.0 time, 21.0 real, 49.7 MB
[runlim] sample:		28.9 time, 31.0 real, 49.1 MB
[runlim] sample:		39.0 time, 41.0 real, 49.1 MB
[runlim] sample:		48.4 time, 51.0 real, 49.1 MB
[runlim] sample:		56.2 time, 61.0 real, 49.1 MB
[runlim] sample:		64.6 time, 71.0 real, 49.1 MB
[runlim] sample:		74.3 time, 81.0 real, 49.1 MB
[runlim] sample:		84.0 time, 91.0 real, 49.6 MB
[runlim] sample:		91.8 time, 101.0 real, 49.6 MB
[runlim] sample:		101.2 time, 111.0 real, 49.6 MB
[runlim] sample:		110.0 time, 121.0 real, 49.6 MB
[runlim] sample:		118.7 time, 131.0 real, 49.6 MB
[runlim] sample:		127.5 time, 141.0 real, 49.6 MB
[runlim] sample:		136.8 time, 151.0 real, 49.6 MB
[runlim] sample:		146.8 time, 161.0 real, 49.6 MB
[runlim] sample:		156.8 time, 171.0 real, 49.6 MB
[runlim] sample:		166.8 time, 181.0 real, 56.1 MB
[runlim] sample:		176.8 time, 191.0 real, 56.3 MB
[runlim] sample:		186.8 time, 201.0 real, 56.3 MB
[runlim] sample:		196.4 time, 211.0 real, 56.3 MB
[runlim] sample:		205.3 time, 221.0 real, 94.0 MB
[runlim] sample:		214.0 time, 231.0 real, 94.0 MB
[runlim] sample:		223.7 time, 241.0 real, 94.0 MB
[runlim] sample:		231.5 time, 251.0 real, 94.3 MB
[runlim] sample:		239.3 time, 261.0 real, 94.3 MB
[runlim] sample:		247.1 time, 271.0 real, 94.3 MB
[runlim] sample:		254.8 time, 281.0 real, 94.0 MB
[runlim] sample:		262.5 time, 291.0 real, 94.0 MB
[runlim] sample:		272.0 time, 301.0 real, 94.2 MB
[runlim] sample:		281.9 time, 311.0 real, 94.2 MB
[runlim] sample:		289.9 time, 321.0 real, 94.2 MB
[runlim] sample:		297.6 time, 331.0 real, 94.2 MB
[runlim] sample:		305.7 time, 341.0 real, 94.2 MB
[runlim] sample:		315.1 time, 351.0 real, 94.2 MB
[runlim] sample:		322.9 time, 361.0 real, 94.2 MB
[runlim] sample:		331.5 time, 371.0 real, 94.2 MB
[runlim] sample:		341.4 time, 381.0 real, 94.2 MB
[runlim] sample:		351.4 time, 391.0 real, 94.2 MB
[runlim] sample:		361.4 time, 401.0 real, 94.2 MB
[runlim] sample:		371.4 time, 411.0 real, 94.2 MB
[runlim] sample:		381.4 time, 421.0 real, 94.2 MB
[runlim] sample:		391.4 time, 431.0 real, 94.2 MB
[runlim] sample:		401.4 time, 441.0 real, 94.2 MB
[runlim] sample:		411.4 time, 451.0 real, 94.2 MB
[runlim] sample:		421.4 time, 461.0 real, 94.2 MB
[runlim] sample:		431.4 time, 471.0 real, 94.2 MB
[runlim] sample:		441.4 time, 481.0 real, 94.2 MB
[runlim] sample:		451.4 time, 491.0 real, 94.2 MB
[runlim] sample:		459.6 time, 501.0 real, 94.2 MB
[runlim] sample:		468.5 time, 511.0 real, 94.2 MB
[runlim] sample:		478.5 time, 521.0 real, 94.2 MB
[runlim] sample:		488.5 time, 531.0 real, 94.2 MB
[runlim] sample:		498.5 time, 541.0 real, 94.2 MB
[runlim] sample:		508.5 time, 551.0 real, 94.2 MB
[runlim] sample:		518.5 time, 561.0 real, 94.2 MB
[runlim] sample:		528.5 time, 571.0 real, 101.5 MB
[runlim] sample:		538.5 time, 581.0 real, 126.7 MB
[runlim] sample:		548.5 time, 591.0 real, 132.6 MB
[runlim] sample:		558.5 time, 601.0 real, 132.6 MB
[runlim] sample:		568.5 time, 611.0 real, 132.5 MB
[runlim] sample:		578.5 time, 621.0 real, 132.5 MB
[runlim] sample:		586.6 time, 631.0 real, 132.5 MB
[runlim] sample:		594.6 time, 641.0 real, 132.5 MB
[runlim] sample:		604.2 time, 651.0 real, 132.5 MB
[runlim] sample:		613.8 time, 661.0 real, 132.5 MB
[runlim] sample:		623.2 time, 671.0 real, 132.5 MB
[runlim] sample:		633.2 time, 681.0 real, 132.5 MB
[runlim] sample:		643.2 time, 691.0 real, 132.8 MB
[runlim] sample:		653.2 time, 701.0 real, 133.0 MB
[runlim] sample:		663.2 time, 711.0 real, 133.0 MB
[runlim] sample:		672.3 time, 721.0 real, 133.0 MB
[runlim] sample:		682.3 time, 731.0 real, 133.3 MB
[runlim] sample:		692.3 time, 741.0 real, 133.3 MB
[runlim] sample:		700.5 time, 751.0 real, 133.3 MB
[runlim] sample:		710.4 time, 761.0 real, 132.6 MB
[runlim] sample:		720.4 time, 771.0 real, 132.6 MB
[runlim] sample:		730.4 time, 781.0 real, 133.2 MB
[runlim] sample:		740.1 time, 791.0 real, 133.2 MB
[runlim] sample:		749.4 time, 801.0 real, 135.3 MB
[runlim] sample:		759.0 time, 811.0 real, 135.3 MB
[runlim] sample:		768.7 time, 821.0 real, 136.2 MB
[runlim] sample:		778.3 time, 831.0 real, 136.2 MB
[runlim] sample:		788.0 time, 841.0 real, 136.2 MB
[runlim] sample:		796.5 time, 851.0 real, 135.5 MB
[runlim] sample:		804.3 time, 861.0 real, 134.6 MB
[runlim] sample:		812.1 time, 871.0 real, 134.6 MB
[runlim] sample:		821.5 time, 881.0 real, 134.6 MB
[runlim] sample:		831.5 time, 891.0 real, 134.6 MB
[runlim] sample:		841.5 time, 901.0 real, 134.6 MB
[runlim] sample:		850.4 time, 911.0 real, 134.6 MB
[runlim] sample:		860.1 time, 921.0 real, 134.6 MB
[runlim] sample:		869.1 time, 931.0 real, 134.6 MB
[runlim] sample:		877.8 time, 941.0 real, 134.6 MB
[runlim] sample:		886.0 time, 951.0 real, 134.6 MB
[runlim] sample:		895.7 time, 961.0 real, 134.6 MB
[runlim] sample:		905.4 time, 971.0 real, 134.6 MB
[runlim] sample:		915.1 time, 981.0 real, 133.0 MB
[runlim] sample:		924.8 time, 991.0 real, 133.0 MB
[runlim] sample:		934.5 time, 1001.0 real, 133.0 MB
[runlim] sample:		943.2 time, 1011.0 real, 142.8 MB
[runlim] sample:		951.0 time, 1021.0 real, 142.8 MB
[runlim] sample:		960.5 time, 1031.0 real, 142.8 MB
[runlim] sample:		970.5 time, 1041.0 real, 142.8 MB
[runlim] sample:		980.5 time, 1051.0 real, 142.8 MB
[runlim] sample:		990.5 time, 1061.0 real, 142.8 MB
[runlim] sample:		1000.4 time, 1071.0 real, 142.8 MB
[runlim] sample:		1008.1 time, 1081.0 real, 142.8 MB
[runlim] sample:		1015.8 time, 1091.0 real, 142.8 MB
[runlim] sample:		1024.6 time, 1101.0 real, 142.8 MB
[runlim] sample:		1034.2 time, 1111.0 real, 142.8 MB
[runlim] sample:		1044.2 time, 1121.0 real, 142.8 MB
[runlim] sample:		1054.2 time, 1131.0 real, 142.8 MB
[runlim] sample:		1064.2 time, 1141.0 real, 143.0 MB
[runlim] sample:		1074.2 time, 1151.0 real, 143.0 MB
[runlim] sample:		1084.2 time, 1161.0 real, 143.0 MB
[runlim] sample:		1094.2 time, 1171.0 real, 143.0 MB
[runlim] sample:		1104.2 time, 1181.0 real, 143.3 MB
[runlim] sample:		1114.2 time, 1191.0 real, 143.3 MB
[runlim] sample:		1124.2 time, 1201.0 real, 143.3 MB
[runlim] sample:		1134.2 time, 1211.0 real, 143.3 MB
[runlim] sample:		1144.2 time, 1221.0 real, 143.3 MB
[runlim] sample:		1154.1 time, 1231.0 real, 143.3 MB
[runlim] sample:		1164.1 time, 1241.0 real, 144.3 MB
[runlim] sample:		1174.1 time, 1251.0 real, 145.1 MB
[runlim] sample:		1184.1 time, 1261.0 real, 145.3 MB
[runlim] sample:		1194.1 time, 1271.0 real, 145.3 MB
[runlim] sample:		1204.1 time, 1281.0 real, 145.3 MB
[runlim] sample:		1214.1 time, 1291.0 real, 143.5 MB
[runlim] sample:		1224.1 time, 1301.0 real, 143.5 MB
[runlim] sample:		1234.1 time, 1311.0 real, 143.5 MB
[runlim] sample:		1244.1 time, 1321.0 real, 143.5 MB
[runlim] sample:		1251.9 time, 1331.0 real, 143.5 MB
[runlim] sample:		1259.6 time, 1341.0 real, 143.5 MB
[runlim] sample:		1267.9 time, 1351.0 real, 143.5 MB
[runlim] sample:		1277.0 time, 1361.0 real, 143.5 MB
[runlim] sample:		1285.2 time, 1371.0 real, 143.5 MB
[runlim] sample:		1292.8 time, 1381.0 real, 143.5 MB
[runlim] sample:		1300.6 time, 1391.0 real, 143.5 MB
[runlim] sample:		1309.2 time, 1401.0 real, 143.5 MB
[runlim] sample:		1318.9 time, 1411.0 real, 143.5 MB
[runlim] sample:		1328.6 time, 1421.0 real, 143.5 MB
[runlim] sample:		1338.3 time, 1431.0 real, 143.5 MB
[runlim] sample:		1346.8 time, 1441.0 real, 143.5 MB
[runlim] sample:		1354.5 time, 1451.0 real, 143.5 MB
[runlim] sample:		1362.2 time, 1461.0 real, 143.5 MB
[runlim] sample:		1369.9 time, 1471.0 real, 143.5 MB
[runlim] sample:		1378.1 time, 1481.0 real, 143.5 MB
[runlim] sample:		1387.8 time, 1491.0 real, 143.5 MB
[runlim] sample:		1397.5 time, 1501.0 real, 143.5 MB
[runlim] sample:		1407.2 time, 1511.0 real, 142.8 MB
[runlim] sample:		1416.9 time, 1521.0 real, 142.8 MB
[runlim] sample:		1426.6 time, 1531.0 real, 142.8 MB
[runlim] sample:		1436.3 time, 1541.0 real, 142.8 MB
[runlim] sample:		1446.0 time, 1551.0 real, 142.8 MB
[runlim] sample:		1455.7 time, 1561.0 real, 142.8 MB
[runlim] sample:		1465.4 time, 1571.0 real, 142.8 MB
[runlim] sample:		1475.1 time, 1581.0 real, 142.8 MB
[runlim] sample:		1484.8 time, 1591.0 real, 142.8 MB
[runlim] sample:		1494.5 time, 1601.0 real, 142.8 MB
[runlim] sample:		1504.2 time, 1611.0 real, 142.8 MB
[runlim] sample:		1513.9 time, 1621.0 real, 142.8 MB
[runlim] sample:		1523.6 time, 1631.0 real, 142.8 MB
[runlim] sample:		1533.3 time, 1641.0 real, 142.8 MB
[runlim] sample:		1543.0 time, 1651.0 real, 142.8 MB
[runlim] sample:		1552.3 time, 1661.0 real, 142.8 MB
[runlim] sample:		1561.8 time, 1671.0 real, 142.8 MB
[runlim] sample:		1571.5 time, 1681.0 real, 142.8 MB
[runlim] sample:		1581.2 time, 1691.0 real, 142.8 MB
[runlim] sample:		1590.9 time, 1701.0 real, 142.8 MB
[runlim] sample:		1600.6 time, 1711.0 real, 142.8 MB
[runlim] sample:		1610.3 time, 1721.0 real, 142.8 MB
[runlim] sample:		1620.0 time, 1731.0 real, 142.8 MB
[runlim] sample:		1629.7 time, 1741.0 real, 142.8 MB
[runlim] sample:		1638.5 time, 1751.0 real, 142.8 MB
[runlim] sample:		1646.2 time, 1761.0 real, 142.8 MB
[runlim] sample:		1654.0 time, 1771.0 real, 142.8 MB
[runlim] sample:		1663.9 time, 1781.0 real, 142.8 MB
[runlim] sample:		1673.9 time, 1791.0 real, 142.8 MB
[runlim] sample:		1683.9 time, 1801.0 real, 142.8 MB
[runlim] sample:		1693.9 time, 1811.0 real, 142.8 MB
[runlim] sample:		1703.9 time, 1821.0 real, 142.8 MB
[runlim] sample:		1713.9 time, 1831.0 real, 142.8 MB
[runlim] sample:		1723.9 time, 1841.0 real, 142.8 MB
[runlim] sample:		1733.9 time, 1851.0 real, 142.8 MB
[runlim] end:			Sat Feb  9 18:25:10 2019
[runlim] status:		signal(9)
[runlim] result:		11
[runlim] children:		0
[runlim] real:			1854.29 seconds
[runlim] time:			1737.21 seconds
[runlim] space:			145.3 MB
[runlim] samples:		18533
