[runlim] version:		1.10fixed
[runlim] time limit:		300 seconds
[runlim] real time limit:	311040000 seconds
[runlim] space limit:		4000 MB
[runlim] argv[0]:		./z3
[runlim] argv[1]:		/tmp/WivAyaoJ.smt2
[runlim] start:			Thu Feb 14 00:49:01 2019
[runlim] main pid:		7352
[runlim] sample:		7.7 time, 10.1 real, 28.6 MB
[runlim] sample:		17.5 time, 20.1 real, 37.2 MB
[runlim] sample:		27.5 time, 30.1 real, 37.9 MB
[runlim] sample:		37.5 time, 40.1 real, 40.6 MB
[runlim] sample:		47.5 time, 50.1 real, 40.9 MB
[runlim] sample:		57.5 time, 60.1 real, 40.9 MB
[runlim] sample:		67.2 time, 70.1 real, 43.6 MB
[runlim] sample:		76.1 time, 80.1 real, 48.7 MB
[runlim] sample:		85.5 time, 90.1 real, 61.7 MB
[runlim] sample:		95.4 time, 100.1 real, 86.9 MB
[runlim] sample:		105.4 time, 110.1 real, 111.9 MB
[runlim] sample:		114.3 time, 120.1 real, 135.6 MB
[runlim] sample:		123.9 time, 130.1 real, 159.7 MB
[runlim] sample:		133.6 time, 140.1 real, 185.2 MB
[runlim] sample:		142.2 time, 150.1 real, 207.0 MB
[runlim] sample:		150.2 time, 160.1 real, 226.4 MB
[runlim] sample:		159.2 time, 170.1 real, 249.6 MB
[runlim] sample:		167.5 time, 180.1 real, 270.2 MB
[runlim] sample:		176.8 time, 190.1 real, 294.3 MB
[runlim] sample:		185.2 time, 200.1 real, 314.9 MB
[runlim] sample:		193.8 time, 210.1 real, 336.5 MB
[runlim] sample:		203.4 time, 220.1 real, 360.2 MB
[runlim] sample:		213.4 time, 230.1 real, 383.8 MB
[runlim] sample:		223.4 time, 240.1 real, 408.5 MB
[runlim] sample:		231.0 time, 250.1 real, 426.8 MB
[runlim] sample:		238.8 time, 260.1 real, 445.4 MB
[runlim] sample:		248.2 time, 270.1 real, 470.0 MB
[runlim] sample:		256.7 time, 280.1 real, 490.2 MB
[runlim] sample:		264.1 time, 290.1 real, 508.1 MB
[runlim] sample:		273.9 time, 300.1 real, 532.8 MB
[runlim] sample:		283.0 time, 310.1 real, 554.1 MB
[runlim] sample:		291.3 time, 320.1 real, 574.8 MB
[runlim] end:			Thu Feb 14 00:54:28 2019
[runlim] status:		signal(9)
[runlim] result:		11
[runlim] children:		0
[runlim] real:			327.90 seconds
[runlim] time:			297.49 seconds
[runlim] space:			590.1 MB
[runlim] samples:		3278
