[runlim] version:		1.10fixed
[runlim] time limit:		300 seconds
[runlim] real time limit:	311040000 seconds
[runlim] space limit:		4000 MB
[runlim] argv[0]:		./z3
[runlim] argv[1]:		/tmp/hISZpwqX.smt2
[runlim] start:			Thu Feb 14 00:49:12 2019
[runlim] main pid:		2049
[runlim] sample:		7.8 time, 10.6 real, 19.4 MB
[runlim] sample:		17.7 time, 20.6 real, 28.8 MB
[runlim] sample:		27.7 time, 30.6 real, 30.9 MB
[runlim] sample:		37.7 time, 40.6 real, 37.8 MB
[runlim] sample:		47.7 time, 50.6 real, 37.9 MB
[runlim] sample:		57.7 time, 60.6 real, 37.9 MB
[runlim] sample:		67.7 time, 70.6 real, 37.9 MB
[runlim] sample:		77.7 time, 80.6 real, 38.0 MB
[runlim] sample:		87.7 time, 90.6 real, 38.0 MB
[runlim] sample:		97.7 time, 100.6 real, 38.0 MB
[runlim] sample:		107.6 time, 110.6 real, 39.2 MB
[runlim] sample:		117.6 time, 120.6 real, 38.9 MB
[runlim] sample:		127.3 time, 130.6 real, 39.5 MB
[runlim] sample:		137.0 time, 140.6 real, 39.4 MB
[runlim] sample:		145.8 time, 150.6 real, 39.5 MB
[runlim] sample:		154.3 time, 160.6 real, 39.0 MB
[runlim] sample:		164.0 time, 170.6 real, 39.1 MB
[runlim] sample:		173.7 time, 180.6 real, 39.3 MB
[runlim] sample:		183.3 time, 190.6 real, 38.8 MB
[runlim] sample:		193.1 time, 200.6 real, 38.8 MB
[runlim] sample:		203.1 time, 210.6 real, 38.8 MB
[runlim] sample:		213.0 time, 220.6 real, 38.6 MB
[runlim] sample:		221.8 time, 230.6 real, 38.8 MB
[runlim] sample:		231.4 time, 240.6 real, 38.8 MB
[runlim] sample:		239.2 time, 250.6 real, 39.1 MB
[runlim] sample:		248.8 time, 260.6 real, 39.3 MB
[runlim] sample:		258.5 time, 270.6 real, 39.1 MB
[runlim] sample:		268.2 time, 280.6 real, 39.5 MB
[runlim] sample:		277.8 time, 290.6 real, 39.7 MB
[runlim] sample:		286.6 time, 300.6 real, 40.1 MB
[runlim] sample:		294.7 time, 310.6 real, 40.0 MB
[runlim] end:			Thu Feb 14 00:54:24 2019
[runlim] status:		signal(9)
[runlim] result:		11
[runlim] children:		0
[runlim] real:			312.09 seconds
[runlim] time:			295.73 seconds
[runlim] space:			40.6 MB
[runlim] samples:		3114
