[runlim] version:		1.10fixed
[runlim] time limit:		1800 seconds
[runlim] real time limit:	311040000 seconds
[runlim] space limit:		4000 MB
[runlim] argv[0]:		./z3
[runlim] argv[1]:		/tmp/qvrhMZst.smt2
[runlim] start:			Sat Feb  9 02:04:09 2019
[runlim] main pid:		9266
[runlim] sample:		8.1 time, 10.9 real, 22.1 MB
[runlim] sample:		17.1 time, 20.9 real, 26.4 MB
[runlim] sample:		27.1 time, 30.9 real, 26.6 MB
[runlim] sample:		37.1 time, 40.9 real, 26.9 MB
[runlim] sample:		47.1 time, 50.9 real, 26.9 MB
[runlim] sample:		57.0 time, 60.9 real, 26.9 MB
[runlim] sample:		65.4 time, 70.9 real, 26.9 MB
[runlim] sample:		73.8 time, 80.9 real, 26.9 MB
[runlim] sample:		82.2 time, 90.9 real, 26.9 MB
[runlim] sample:		90.6 time, 100.9 real, 26.9 MB
[runlim] sample:		100.6 time, 110.9 real, 26.9 MB
[runlim] sample:		110.6 time, 120.9 real, 26.9 MB
[runlim] sample:		120.6 time, 130.9 real, 27.4 MB
[runlim] sample:		130.6 time, 140.9 real, 27.7 MB
[runlim] sample:		140.6 time, 150.9 real, 27.7 MB
[runlim] sample:		150.6 time, 160.9 real, 27.7 MB
[runlim] sample:		160.6 time, 170.9 real, 27.7 MB
[runlim] sample:		170.6 time, 180.9 real, 27.7 MB
[runlim] sample:		180.6 time, 190.9 real, 27.7 MB
[runlim] sample:		190.6 time, 200.9 real, 27.7 MB
[runlim] sample:		200.3 time, 210.9 real, 27.7 MB
[runlim] sample:		210.0 time, 220.9 real, 27.9 MB
[runlim] sample:		219.5 time, 230.9 real, 27.9 MB
[runlim] sample:		229.1 time, 240.9 real, 28.6 MB
[runlim] sample:		239.1 time, 250.9 real, 28.6 MB
[runlim] sample:		249.1 time, 260.9 real, 28.6 MB
[runlim] sample:		259.1 time, 270.9 real, 28.6 MB
[runlim] sample:		269.1 time, 280.9 real, 28.6 MB
[runlim] sample:		279.1 time, 290.9 real, 35.0 MB
[runlim] sample:		287.8 time, 300.9 real, 35.0 MB
[runlim] sample:		295.8 time, 310.9 real, 35.0 MB
[runlim] sample:		303.7 time, 320.9 real, 35.0 MB
[runlim] sample:		311.6 time, 330.9 real, 35.0 MB
[runlim] sample:		319.7 time, 340.9 real, 35.0 MB
[runlim] sample:		328.7 time, 350.9 real, 35.0 MB
[runlim] sample:		336.6 time, 360.9 real, 35.0 MB
[runlim] sample:		344.6 time, 370.9 real, 35.0 MB
[runlim] sample:		352.5 time, 380.9 real, 35.0 MB
[runlim] sample:		360.5 time, 390.9 real, 35.0 MB
[runlim] sample:		370.2 time, 400.9 real, 35.0 MB
[runlim] sample:		380.2 time, 410.9 real, 35.0 MB
[runlim] sample:		390.2 time, 420.9 real, 35.0 MB
[runlim] sample:		400.2 time, 430.9 real, 35.0 MB
[runlim] sample:		410.2 time, 440.9 real, 35.2 MB
[runlim] sample:		420.2 time, 450.9 real, 35.2 MB
[runlim] sample:		430.2 time, 460.9 real, 35.2 MB
[runlim] sample:		439.8 time, 470.9 real, 35.2 MB
[runlim] sample:		447.8 time, 480.9 real, 35.2 MB
[runlim] sample:		457.1 time, 490.9 real, 35.2 MB
[runlim] sample:		466.8 time, 500.9 real, 35.2 MB
[runlim] sample:		476.1 time, 510.9 real, 35.2 MB
[runlim] sample:		484.1 time, 520.9 real, 35.2 MB
[runlim] sample:		492.1 time, 530.9 real, 35.2 MB
[runlim] sample:		500.1 time, 540.9 real, 35.2 MB
[runlim] sample:		508.1 time, 550.9 real, 35.2 MB
[runlim] sample:		517.0 time, 560.9 real, 35.2 MB
[runlim] sample:		525.9 time, 570.9 real, 35.2 MB
[runlim] sample:		533.9 time, 580.9 real, 35.2 MB
[runlim] sample:		541.8 time, 590.9 real, 35.2 MB
[runlim] sample:		549.7 time, 600.9 real, 35.2 MB
[runlim] sample:		557.7 time, 610.9 real, 35.2 MB
[runlim] sample:		566.2 time, 620.9 real, 35.2 MB
[runlim] sample:		575.9 time, 630.9 real, 35.2 MB
[runlim] sample:		585.6 time, 640.9 real, 35.2 MB
[runlim] sample:		595.3 time, 650.9 real, 35.2 MB
[runlim] sample:		603.6 time, 660.9 real, 35.2 MB
[runlim] sample:		612.9 time, 670.9 real, 35.2 MB
[runlim] sample:		622.9 time, 680.9 real, 35.2 MB
[runlim] sample:		632.9 time, 690.9 real, 35.2 MB
[runlim] sample:		642.9 time, 700.9 real, 35.2 MB
[runlim] sample:		652.9 time, 710.9 real, 35.2 MB
[runlim] sample:		662.9 time, 720.9 real, 35.2 MB
[runlim] sample:		672.9 time, 730.9 real, 35.2 MB
[runlim] sample:		682.9 time, 740.9 real, 35.2 MB
[runlim] sample:		692.9 time, 750.9 real, 35.2 MB
[runlim] sample:		702.9 time, 760.9 real, 35.2 MB
[runlim] sample:		712.9 time, 770.9 real, 35.2 MB
[runlim] sample:		722.9 time, 780.9 real, 35.2 MB
[runlim] sample:		732.9 time, 790.9 real, 35.2 MB
[runlim] sample:		742.9 time, 800.9 real, 35.2 MB
[runlim] sample:		752.9 time, 810.9 real, 35.2 MB
[runlim] sample:		762.9 time, 820.9 real, 35.2 MB
[runlim] sample:		772.1 time, 830.9 real, 35.2 MB
[runlim] sample:		781.3 time, 840.9 real, 35.2 MB
[runlim] sample:		791.0 time, 850.9 real, 35.2 MB
[runlim] sample:		799.3 time, 860.9 real, 35.2 MB
[runlim] sample:		808.5 time, 870.9 real, 35.2 MB
[runlim] sample:		818.5 time, 880.9 real, 35.2 MB
[runlim] sample:		828.5 time, 890.9 real, 35.2 MB
[runlim] sample:		838.5 time, 900.9 real, 35.2 MB
[runlim] sample:		848.5 time, 910.9 real, 35.2 MB
[runlim] sample:		858.5 time, 920.9 real, 35.2 MB
[runlim] sample:		868.5 time, 930.9 real, 35.2 MB
[runlim] sample:		878.5 time, 940.9 real, 35.2 MB
[runlim] sample:		888.5 time, 950.9 real, 35.2 MB
[runlim] sample:		898.5 time, 960.9 real, 35.2 MB
[runlim] sample:		908.5 time, 970.9 real, 35.2 MB
[runlim] sample:		918.5 time, 980.9 real, 35.2 MB
[runlim] sample:		928.5 time, 990.9 real, 35.2 MB
[runlim] sample:		938.5 time, 1000.9 real, 35.2 MB
[runlim] sample:		948.5 time, 1010.9 real, 35.2 MB
[runlim] sample:		958.5 time, 1020.9 real, 35.2 MB
[runlim] sample:		968.5 time, 1030.9 real, 35.2 MB
[runlim] sample:		978.5 time, 1040.9 real, 35.2 MB
[runlim] sample:		988.5 time, 1050.9 real, 35.2 MB
[runlim] sample:		998.5 time, 1060.9 real, 35.2 MB
[runlim] sample:		1008.5 time, 1070.9 real, 35.2 MB
[runlim] sample:		1018.5 time, 1080.9 real, 35.2 MB
[runlim] sample:		1028.5 time, 1090.9 real, 35.2 MB
[runlim] sample:		1038.5 time, 1100.9 real, 35.2 MB
[runlim] sample:		1048.5 time, 1110.9 real, 35.2 MB
[runlim] sample:		1058.5 time, 1120.9 real, 35.2 MB
[runlim] sample:		1068.5 time, 1130.9 real, 35.2 MB
[runlim] sample:		1078.5 time, 1140.9 real, 35.2 MB
[runlim] sample:		1088.5 time, 1150.9 real, 35.2 MB
[runlim] sample:		1098.5 time, 1160.9 real, 35.2 MB
[runlim] sample:		1108.4 time, 1170.9 real, 35.2 MB
[runlim] sample:		1118.4 time, 1180.9 real, 35.2 MB
[runlim] sample:		1128.5 time, 1190.9 real, 35.2 MB
[runlim] sample:		1138.5 time, 1200.9 real, 35.2 MB
[runlim] sample:		1148.5 time, 1210.9 real, 35.2 MB
[runlim] sample:		1158.4 time, 1220.9 real, 35.2 MB
[runlim] sample:		1168.4 time, 1230.9 real, 35.2 MB
[runlim] sample:		1178.4 time, 1240.9 real, 35.2 MB
[runlim] sample:		1188.4 time, 1250.9 real, 35.2 MB
[runlim] sample:		1198.4 time, 1260.9 real, 35.2 MB
[runlim] sample:		1208.4 time, 1270.9 real, 35.2 MB
[runlim] sample:		1218.4 time, 1280.9 real, 35.5 MB
[runlim] sample:		1228.4 time, 1290.9 real, 35.5 MB
[runlim] sample:		1238.4 time, 1300.9 real, 35.5 MB
[runlim] sample:		1248.4 time, 1310.9 real, 35.5 MB
[runlim] sample:		1258.4 time, 1320.9 real, 35.5 MB
[runlim] sample:		1268.4 time, 1330.9 real, 35.5 MB
[runlim] sample:		1278.4 time, 1340.9 real, 35.5 MB
[runlim] sample:		1288.4 time, 1350.9 real, 35.5 MB
[runlim] sample:		1298.4 time, 1360.9 real, 35.5 MB
[runlim] sample:		1308.4 time, 1370.9 real, 35.5 MB
[runlim] sample:		1318.4 time, 1380.9 real, 37.0 MB
[runlim] sample:		1328.4 time, 1390.9 real, 37.8 MB
[runlim] sample:		1338.4 time, 1400.9 real, 38.1 MB
[runlim] sample:		1348.4 time, 1410.9 real, 38.1 MB
[runlim] sample:		1358.4 time, 1420.9 real, 38.7 MB
[runlim] sample:		1368.4 time, 1430.9 real, 45.4 MB
[runlim] sample:		1378.4 time, 1440.9 real, 45.6 MB
[runlim] sample:		1388.4 time, 1450.9 real, 45.6 MB
[runlim] sample:		1398.4 time, 1460.9 real, 45.9 MB
[runlim] sample:		1408.4 time, 1470.9 real, 46.2 MB
[runlim] sample:		1418.4 time, 1480.9 real, 52.8 MB
[runlim] sample:		1428.4 time, 1490.9 real, 53.0 MB
[runlim] sample:		1438.4 time, 1500.9 real, 53.0 MB
[runlim] sample:		1448.4 time, 1510.9 real, 53.3 MB
[runlim] sample:		1458.4 time, 1520.9 real, 53.3 MB
[runlim] sample:		1468.4 time, 1530.9 real, 53.5 MB
[runlim] sample:		1478.4 time, 1540.9 real, 53.5 MB
[runlim] sample:		1488.4 time, 1550.9 real, 53.5 MB
[runlim] sample:		1498.4 time, 1560.9 real, 53.5 MB
[runlim] sample:		1508.4 time, 1570.9 real, 53.5 MB
[runlim] sample:		1518.4 time, 1580.9 real, 53.5 MB
[runlim] sample:		1528.4 time, 1590.9 real, 53.5 MB
[runlim] sample:		1538.4 time, 1600.9 real, 53.5 MB
[runlim] sample:		1548.4 time, 1610.9 real, 53.5 MB
[runlim] sample:		1558.4 time, 1620.9 real, 53.5 MB
[runlim] sample:		1568.4 time, 1630.9 real, 53.5 MB
[runlim] sample:		1578.4 time, 1640.9 real, 53.5 MB
[runlim] sample:		1588.4 time, 1650.9 real, 53.5 MB
[runlim] sample:		1598.4 time, 1660.9 real, 53.5 MB
[runlim] sample:		1608.4 time, 1670.9 real, 53.5 MB
[runlim] sample:		1618.4 time, 1680.9 real, 53.5 MB
[runlim] sample:		1628.4 time, 1690.9 real, 53.5 MB
[runlim] sample:		1638.4 time, 1700.9 real, 53.5 MB
[runlim] sample:		1648.4 time, 1710.9 real, 53.5 MB
[runlim] sample:		1658.4 time, 1720.9 real, 53.8 MB
[runlim] sample:		1668.4 time, 1730.9 real, 54.1 MB
[runlim] sample:		1678.4 time, 1740.9 real, 54.1 MB
[runlim] sample:		1688.4 time, 1750.9 real, 54.1 MB
[runlim] sample:		1698.4 time, 1760.9 real, 54.1 MB
[runlim] sample:		1708.4 time, 1770.9 real, 54.1 MB
[runlim] sample:		1718.4 time, 1780.9 real, 54.1 MB
[runlim] sample:		1728.4 time, 1790.9 real, 54.1 MB
[runlim] sample:		1738.4 time, 1800.9 real, 54.1 MB
[runlim] sample:		1748.4 time, 1810.9 real, 54.1 MB
[runlim] sample:		1758.4 time, 1820.9 real, 54.1 MB
[runlim] sample:		1768.4 time, 1830.9 real, 54.8 MB
[runlim] sample:		1778.4 time, 1840.9 real, 54.8 MB
[runlim] sample:		1788.4 time, 1850.9 real, 55.1 MB
[runlim] end:			Sat Feb  9 02:35:00 2019
[runlim] status:		signal(9)
[runlim] result:		11
[runlim] children:		0
[runlim] real:			1851.24 seconds
[runlim] time:			1788.71 seconds
[runlim] space:			55.1 MB
[runlim] samples:		18503
