[runlim] version:		1.10fixed
[runlim] time limit:		1800 seconds
[runlim] real time limit:	311040000 seconds
[runlim] space limit:		4000 MB
[runlim] argv[0]:		./z3
[runlim] argv[1]:		/tmp/qWjgySTQ.smt2
[runlim] start:			Sat Feb  9 17:54:11 2019
[runlim] main pid:		10794
[runlim] sample:		9.3 time, 10.1 real, 35.2 MB
[runlim] sample:		19.3 time, 20.1 real, 43.3 MB
[runlim] sample:		27.9 time, 30.1 real, 43.3 MB
[runlim] sample:		35.7 time, 40.1 real, 44.6 MB
[runlim] sample:		43.5 time, 50.1 real, 44.8 MB
[runlim] sample:		51.3 time, 60.1 real, 45.1 MB
[runlim] sample:		59.1 time, 70.1 real, 45.1 MB
[runlim] sample:		68.9 time, 80.1 real, 45.1 MB
[runlim] sample:		78.9 time, 90.1 real, 45.1 MB
[runlim] sample:		88.9 time, 100.1 real, 45.1 MB
[runlim] sample:		98.9 time, 110.1 real, 45.2 MB
[runlim] sample:		108.9 time, 120.1 real, 50.9 MB
[runlim] sample:		118.9 time, 130.1 real, 52.9 MB
[runlim] sample:		128.9 time, 140.1 real, 52.9 MB
[runlim] sample:		138.9 time, 150.1 real, 53.4 MB
[runlim] sample:		147.1 time, 160.1 real, 53.7 MB
[runlim] sample:		155.1 time, 170.1 real, 59.9 MB
[runlim] sample:		163.0 time, 180.1 real, 60.3 MB
[runlim] sample:		171.6 time, 190.1 real, 60.3 MB
[runlim] sample:		179.6 time, 200.1 real, 60.4 MB
[runlim] sample:		187.6 time, 210.1 real, 60.4 MB
[runlim] sample:		195.6 time, 220.1 real, 60.4 MB
[runlim] sample:		203.6 time, 230.1 real, 60.4 MB
[runlim] sample:		211.5 time, 240.1 real, 60.4 MB
[runlim] sample:		219.5 time, 250.1 real, 60.6 MB
[runlim] sample:		227.5 time, 260.1 real, 62.7 MB
[runlim] sample:		237.0 time, 270.1 real, 80.6 MB
[runlim] sample:		247.0 time, 280.1 real, 53.8 MB
[runlim] sample:		257.0 time, 290.1 real, 53.8 MB
[runlim] sample:		267.0 time, 300.1 real, 55.3 MB
[runlim] sample:		277.0 time, 310.1 real, 53.9 MB
[runlim] sample:		286.8 time, 320.1 real, 55.0 MB
[runlim] sample:		294.8 time, 330.1 real, 54.3 MB
[runlim] sample:		302.8 time, 340.1 real, 54.3 MB
[runlim] sample:		310.8 time, 350.1 real, 55.4 MB
[runlim] sample:		318.9 time, 360.1 real, 55.4 MB
[runlim] sample:		326.9 time, 370.1 real, 54.7 MB
[runlim] sample:		334.9 time, 380.1 real, 55.1 MB
[runlim] sample:		344.4 time, 390.1 real, 54.1 MB
[runlim] sample:		354.1 time, 400.1 real, 54.1 MB
[runlim] sample:		363.8 time, 410.1 real, 54.1 MB
[runlim] sample:		373.4 time, 420.1 real, 54.1 MB
[runlim] sample:		383.1 time, 430.1 real, 55.5 MB
[runlim] sample:		392.8 time, 440.1 real, 65.7 MB
[runlim] sample:		402.4 time, 450.1 real, 65.7 MB
[runlim] sample:		411.6 time, 460.1 real, 65.7 MB
[runlim] sample:		420.0 time, 470.1 real, 66.0 MB
[runlim] sample:		429.2 time, 480.1 real, 66.0 MB
[runlim] sample:		438.9 time, 490.1 real, 66.0 MB
[runlim] sample:		448.6 time, 500.1 real, 66.0 MB
[runlim] sample:		458.2 time, 510.1 real, 66.0 MB
[runlim] sample:		466.6 time, 520.1 real, 66.0 MB
[runlim] sample:		474.6 time, 530.1 real, 66.0 MB
[runlim] sample:		482.6 time, 540.1 real, 66.2 MB
[runlim] sample:		490.8 time, 550.1 real, 66.2 MB
[runlim] sample:		498.8 time, 560.1 real, 66.7 MB
[runlim] sample:		506.7 time, 570.1 real, 67.2 MB
[runlim] sample:		514.7 time, 580.1 real, 67.5 MB
[runlim] sample:		522.7 time, 590.1 real, 67.5 MB
[runlim] sample:		530.7 time, 600.1 real, 67.5 MB
[runlim] sample:		538.7 time, 610.1 real, 67.5 MB
[runlim] sample:		546.6 time, 620.1 real, 67.5 MB
[runlim] sample:		554.6 time, 630.1 real, 67.5 MB
[runlim] sample:		562.6 time, 640.1 real, 67.5 MB
[runlim] sample:		570.5 time, 650.1 real, 67.5 MB
[runlim] sample:		578.5 time, 660.1 real, 67.5 MB
[runlim] sample:		586.5 time, 670.1 real, 67.5 MB
[runlim] sample:		595.6 time, 680.1 real, 72.4 MB
[runlim] sample:		605.2 time, 690.1 real, 78.2 MB
[runlim] sample:		614.9 time, 700.1 real, 78.2 MB
[runlim] sample:		624.5 time, 710.1 real, 78.2 MB
[runlim] sample:		634.1 time, 720.1 real, 67.1 MB
[runlim] sample:		643.8 time, 730.1 real, 67.3 MB
[runlim] sample:		653.4 time, 740.1 real, 67.3 MB
[runlim] sample:		663.1 time, 750.1 real, 67.3 MB
[runlim] sample:		672.7 time, 760.1 real, 67.6 MB
[runlim] sample:		682.4 time, 770.1 real, 67.6 MB
[runlim] sample:		692.0 time, 780.1 real, 67.6 MB
[runlim] sample:		701.7 time, 790.1 real, 67.6 MB
[runlim] sample:		711.3 time, 800.1 real, 67.6 MB
[runlim] sample:		721.0 time, 810.1 real, 67.6 MB
[runlim] sample:		730.6 time, 820.1 real, 67.6 MB
[runlim] sample:		740.2 time, 830.1 real, 67.6 MB
[runlim] sample:		749.9 time, 840.1 real, 67.6 MB
[runlim] sample:		759.5 time, 850.1 real, 67.6 MB
[runlim] sample:		769.2 time, 860.1 real, 67.6 MB
[runlim] sample:		778.8 time, 870.1 real, 75.9 MB
[runlim] sample:		788.4 time, 880.1 real, 75.9 MB
[runlim] sample:		798.2 time, 890.1 real, 97.5 MB
[runlim] sample:		808.1 time, 900.1 real, 95.3 MB
[runlim] sample:		818.1 time, 910.1 real, 90.7 MB
[runlim] sample:		828.1 time, 920.1 real, 92.0 MB
[runlim] sample:		837.4 time, 930.1 real, 94.6 MB
[runlim] sample:		847.4 time, 940.1 real, 96.5 MB
[runlim] sample:		857.4 time, 950.1 real, 96.0 MB
[runlim] sample:		867.4 time, 960.1 real, 96.5 MB
[runlim] sample:		877.4 time, 970.1 real, 109.4 MB
[runlim] sample:		887.4 time, 980.1 real, 113.0 MB
[runlim] sample:		897.4 time, 990.1 real, 113.0 MB
[runlim] sample:		907.4 time, 1000.1 real, 113.8 MB
[runlim] sample:		917.4 time, 1010.1 real, 80.6 MB
[runlim] sample:		927.4 time, 1020.1 real, 80.6 MB
[runlim] sample:		937.4 time, 1030.1 real, 80.6 MB
[runlim] sample:		947.4 time, 1040.1 real, 80.6 MB
[runlim] sample:		957.4 time, 1050.1 real, 85.2 MB
[runlim] sample:		967.4 time, 1060.1 real, 80.7 MB
[runlim] sample:		977.4 time, 1070.1 real, 80.7 MB
[runlim] sample:		987.4 time, 1080.1 real, 80.7 MB
[runlim] sample:		997.3 time, 1090.1 real, 80.7 MB
[runlim] sample:		1007.3 time, 1100.1 real, 77.6 MB
[runlim] sample:		1017.3 time, 1110.1 real, 80.1 MB
[runlim] sample:		1027.3 time, 1120.1 real, 87.1 MB
[runlim] sample:		1035.6 time, 1130.1 real, 76.1 MB
[runlim] sample:		1044.6 time, 1140.1 real, 80.2 MB
[runlim] sample:		1054.6 time, 1150.1 real, 84.6 MB
[runlim] sample:		1064.2 time, 1160.1 real, 75.9 MB
[runlim] sample:		1072.9 time, 1170.1 real, 79.2 MB
[runlim] sample:		1081.9 time, 1180.1 real, 77.2 MB
[runlim] sample:		1089.9 time, 1190.1 real, 76.9 MB
[runlim] sample:		1099.2 time, 1200.1 real, 78.2 MB
[runlim] sample:		1109.2 time, 1210.1 real, 78.2 MB
[runlim] sample:		1119.2 time, 1220.1 real, 78.5 MB
[runlim] sample:		1129.2 time, 1230.1 real, 78.7 MB
[runlim] sample:		1139.2 time, 1240.1 real, 78.7 MB
[runlim] sample:		1149.2 time, 1250.1 real, 78.7 MB
[runlim] sample:		1159.2 time, 1260.1 real, 87.2 MB
[runlim] sample:		1169.2 time, 1270.1 real, 82.8 MB
[runlim] sample:		1178.6 time, 1280.1 real, 82.8 MB
[runlim] sample:		1187.5 time, 1290.1 real, 82.8 MB
[runlim] sample:		1197.1 time, 1300.1 real, 82.8 MB
[runlim] sample:		1206.8 time, 1310.1 real, 82.8 MB
[runlim] sample:		1216.5 time, 1320.1 real, 82.8 MB
[runlim] sample:		1225.9 time, 1330.1 real, 91.6 MB
[runlim] sample:		1235.2 time, 1340.1 real, 98.4 MB
[runlim] sample:		1244.9 time, 1350.1 real, 82.8 MB
[runlim] sample:		1254.5 time, 1360.1 real, 83.3 MB
[runlim] sample:		1264.2 time, 1370.1 real, 83.3 MB
[runlim] sample:		1273.9 time, 1380.1 real, 83.3 MB
[runlim] sample:		1283.5 time, 1390.1 real, 83.3 MB
[runlim] sample:		1292.1 time, 1400.1 real, 83.3 MB
[runlim] sample:		1301.8 time, 1410.1 real, 83.3 MB
[runlim] sample:		1311.7 time, 1420.1 real, 84.0 MB
[runlim] sample:		1321.7 time, 1430.1 real, 84.0 MB
[runlim] sample:		1331.7 time, 1440.1 real, 84.0 MB
[runlim] sample:		1341.1 time, 1450.1 real, 84.0 MB
[runlim] sample:		1351.0 time, 1460.1 real, 84.0 MB
[runlim] sample:		1359.7 time, 1470.1 real, 84.0 MB
[runlim] sample:		1368.3 time, 1480.1 real, 84.0 MB
[runlim] sample:		1376.9 time, 1490.1 real, 84.0 MB
[runlim] sample:		1385.5 time, 1500.1 real, 84.0 MB
[runlim] sample:		1393.5 time, 1510.1 real, 84.0 MB
[runlim] sample:		1401.9 time, 1520.1 real, 84.0 MB
[runlim] sample:		1410.6 time, 1530.1 real, 84.0 MB
[runlim] sample:		1419.1 time, 1540.1 real, 84.0 MB
[runlim] sample:		1427.6 time, 1550.1 real, 84.0 MB
[runlim] sample:		1437.6 time, 1560.1 real, 83.9 MB
[runlim] sample:		1444.2 time, 1570.1 real, 83.9 MB
[runlim] sample:		1453.9 time, 1580.1 real, 83.9 MB
[runlim] sample:		1462.5 time, 1590.1 real, 83.9 MB
[runlim] sample:		1472.1 time, 1600.1 real, 83.9 MB
[runlim] sample:		1480.6 time, 1610.1 real, 83.9 MB
[runlim] sample:		1489.3 time, 1620.1 real, 83.9 MB
[runlim] sample:		1499.3 time, 1630.1 real, 83.9 MB
[runlim] sample:		1509.3 time, 1640.1 real, 83.9 MB
[runlim] sample:		1518.9 time, 1650.1 real, 83.9 MB
[runlim] sample:		1527.8 time, 1660.1 real, 83.9 MB
[runlim] sample:		1537.6 time, 1670.1 real, 83.9 MB
[runlim] sample:		1547.2 time, 1680.1 real, 83.9 MB
[runlim] sample:		1555.8 time, 1690.1 real, 83.9 MB
[runlim] sample:		1564.5 time, 1700.1 real, 83.9 MB
[runlim] sample:		1574.5 time, 1710.1 real, 83.9 MB
[runlim] sample:		1584.4 time, 1720.1 real, 83.9 MB
[runlim] sample:		1594.4 time, 1730.1 real, 83.9 MB
[runlim] sample:		1604.4 time, 1740.1 real, 83.9 MB
[runlim] sample:		1614.4 time, 1750.1 real, 83.9 MB
[runlim] sample:		1624.4 time, 1760.1 real, 83.9 MB
[runlim] sample:		1634.4 time, 1770.1 real, 83.9 MB
[runlim] sample:		1644.4 time, 1780.1 real, 83.9 MB
[runlim] sample:		1654.4 time, 1790.1 real, 83.9 MB
[runlim] sample:		1664.4 time, 1800.1 real, 83.9 MB
[runlim] sample:		1674.4 time, 1810.1 real, 83.9 MB
[runlim] sample:		1684.4 time, 1820.1 real, 83.9 MB
[runlim] sample:		1694.5 time, 1830.1 real, 83.9 MB
[runlim] sample:		1704.5 time, 1840.1 real, 83.9 MB
[runlim] sample:		1714.4 time, 1850.1 real, 83.9 MB
[runlim] sample:		1724.4 time, 1860.1 real, 83.9 MB
[runlim] end:			Sat Feb  9 18:25:19 2019
[runlim] status:		ok
[runlim] result:		0
[runlim] children:		0
[runlim] real:			1868.88 seconds
[runlim] time:			1733.14 seconds
[runlim] space:			113.8 MB
[runlim] samples:		18687
