[runlim] version:		1.10fixed
[runlim] time limit:		300 seconds
[runlim] real time limit:	311040000 seconds
[runlim] space limit:		4000 MB
[runlim] argv[0]:		./z3
[runlim] argv[1]:		/tmp/Ppfj4gvE.smt2
[runlim] start:			Thu Feb 14 00:48:51 2019
[runlim] main pid:		26234
[runlim] sample:		7.9 time, 10.4 real, 26.3 MB
[runlim] sample:		16.2 time, 20.4 real, 27.2 MB
[runlim] sample:		24.8 time, 30.4 real, 27.8 MB
[runlim] sample:		33.6 time, 40.4 real, 27.8 MB
[runlim] sample:		43.6 time, 50.4 real, 27.8 MB
[runlim] sample:		53.6 time, 60.4 real, 27.8 MB
[runlim] sample:		63.3 time, 70.4 real, 27.8 MB
[runlim] sample:		73.3 time, 80.4 real, 27.8 MB
[runlim] sample:		82.8 time, 90.4 real, 27.8 MB
[runlim] sample:		92.8 time, 100.4 real, 28.0 MB
[runlim] sample:		102.8 time, 110.4 real, 28.2 MB
[runlim] sample:		112.8 time, 120.4 real, 28.2 MB
[runlim] sample:		122.8 time, 130.4 real, 28.2 MB
[runlim] sample:		132.2 time, 140.4 real, 28.2 MB
[runlim] sample:		141.3 time, 150.4 real, 28.2 MB
[runlim] sample:		150.8 time, 160.4 real, 28.5 MB
[runlim] sample:		160.8 time, 170.4 real, 30.5 MB
[runlim] sample:		170.8 time, 180.4 real, 31.0 MB
[runlim] sample:		180.7 time, 190.4 real, 31.0 MB
[runlim] sample:		190.6 time, 200.4 real, 31.0 MB
[runlim] sample:		199.5 time, 210.4 real, 31.0 MB
[runlim] sample:		209.1 time, 220.4 real, 31.0 MB
[runlim] sample:		218.9 time, 230.4 real, 31.0 MB
[runlim] sample:		227.6 time, 240.4 real, 31.0 MB
[runlim] sample:		237.6 time, 250.4 real, 31.0 MB
[runlim] sample:		245.6 time, 260.4 real, 31.0 MB
[runlim] sample:		255.4 time, 270.4 real, 31.0 MB
[runlim] sample:		265.2 time, 280.4 real, 31.0 MB
[runlim] sample:		275.2 time, 290.4 real, 31.0 MB
[runlim] sample:		285.2 time, 300.4 real, 31.0 MB
[runlim] sample:		294.9 time, 310.4 real, 31.0 MB
[runlim] end:			Thu Feb 14 00:54:07 2019
[runlim] status:		out of time
[runlim] result:		2
[runlim] children:		0
[runlim] real:			316.01 seconds
[runlim] time:			300.05 seconds
[runlim] space:			31.0 MB
[runlim] samples:		3156
