[runlim] version:		1.10fixed
[runlim] time limit:		1800 seconds
[runlim] real time limit:	311040000 seconds
[runlim] space limit:		4000 MB
[runlim] argv[0]:		./z3
[runlim] argv[1]:		/tmp/T74V9QHy.smt2
[runlim] start:			Sat Feb  9 02:04:25 2019
[runlim] main pid:		9311
[runlim] sample:		8.6 time, 11.0 real, 28.8 MB
[runlim] sample:		17.9 time, 21.0 real, 36.2 MB
[runlim] sample:		26.3 time, 31.0 real, 34.1 MB
[runlim] sample:		35.0 time, 41.0 real, 36.1 MB
[runlim] sample:		44.5 time, 51.0 real, 45.0 MB
[runlim] sample:		54.5 time, 61.0 real, 45.4 MB
[runlim] sample:		64.5 time, 71.0 real, 44.5 MB
[runlim] sample:		74.5 time, 81.0 real, 45.5 MB
[runlim] sample:		84.5 time, 91.0 real, 44.4 MB
[runlim] sample:		94.5 time, 101.0 real, 44.7 MB
[runlim] sample:		104.5 time, 111.0 real, 44.9 MB
[runlim] sample:		114.5 time, 121.0 real, 44.7 MB
[runlim] sample:		123.7 time, 131.0 real, 52.6 MB
[runlim] sample:		132.7 time, 141.0 real, 52.4 MB
[runlim] sample:		141.1 time, 151.0 real, 52.1 MB
[runlim] sample:		150.0 time, 161.0 real, 104.4 MB
[runlim] sample:		159.1 time, 171.0 real, 152.6 MB
[runlim] sample:		168.1 time, 181.0 real, 351.6 MB
[runlim] sample:		177.2 time, 191.0 real, 358.3 MB
[runlim] sample:		186.3 time, 201.0 real, 358.3 MB
[runlim] sample:		194.8 time, 211.0 real, 356.2 MB
[runlim] sample:		204.1 time, 221.0 real, 356.2 MB
[runlim] sample:		213.4 time, 231.0 real, 356.2 MB
[runlim] sample:		223.2 time, 241.0 real, 356.5 MB
[runlim] sample:		233.2 time, 251.0 real, 356.5 MB
[runlim] sample:		243.2 time, 261.0 real, 356.8 MB
[runlim] sample:		253.2 time, 271.0 real, 355.4 MB
[runlim] sample:		263.2 time, 281.0 real, 357.2 MB
[runlim] sample:		273.2 time, 291.0 real, 357.2 MB
[runlim] sample:		283.2 time, 301.0 real, 357.2 MB
[runlim] sample:		293.2 time, 311.0 real, 357.2 MB
[runlim] sample:		303.2 time, 321.0 real, 357.2 MB
[runlim] sample:		313.2 time, 331.0 real, 356.2 MB
[runlim] sample:		323.2 time, 341.0 real, 356.2 MB
[runlim] sample:		333.2 time, 351.0 real, 356.2 MB
[runlim] sample:		343.2 time, 361.0 real, 356.2 MB
[runlim] sample:		353.2 time, 371.0 real, 356.2 MB
[runlim] sample:		363.2 time, 381.0 real, 356.2 MB
[runlim] sample:		373.1 time, 391.0 real, 356.2 MB
[runlim] sample:		383.2 time, 401.0 real, 356.2 MB
[runlim] sample:		393.2 time, 411.0 real, 339.7 MB
[runlim] sample:		403.1 time, 421.0 real, 363.6 MB
[runlim] sample:		413.1 time, 431.0 real, 370.9 MB
[runlim] sample:		423.1 time, 441.0 real, 371.1 MB
[runlim] sample:		433.1 time, 451.0 real, 371.1 MB
[runlim] sample:		443.1 time, 461.0 real, 371.1 MB
[runlim] sample:		453.1 time, 471.0 real, 371.1 MB
[runlim] sample:		463.1 time, 481.0 real, 371.1 MB
[runlim] sample:		473.1 time, 491.0 real, 371.1 MB
[runlim] sample:		483.1 time, 501.0 real, 371.1 MB
[runlim] sample:		493.1 time, 511.0 real, 371.1 MB
[runlim] sample:		503.1 time, 521.0 real, 371.1 MB
[runlim] sample:		513.1 time, 531.0 real, 371.1 MB
[runlim] sample:		523.1 time, 541.0 real, 371.4 MB
[runlim] sample:		533.1 time, 551.0 real, 372.7 MB
[runlim] sample:		543.1 time, 561.0 real, 373.7 MB
[runlim] sample:		553.1 time, 571.0 real, 373.7 MB
[runlim] sample:		563.1 time, 581.0 real, 373.7 MB
[runlim] sample:		573.1 time, 591.0 real, 373.7 MB
[runlim] sample:		583.1 time, 601.0 real, 373.7 MB
[runlim] sample:		593.1 time, 611.0 real, 373.7 MB
[runlim] sample:		603.1 time, 621.0 real, 373.7 MB
[runlim] sample:		613.1 time, 631.0 real, 373.7 MB
[runlim] sample:		623.1 time, 641.0 real, 373.7 MB
[runlim] sample:		633.1 time, 651.0 real, 373.7 MB
[runlim] sample:		643.1 time, 661.0 real, 373.7 MB
[runlim] sample:		653.1 time, 671.0 real, 373.7 MB
[runlim] sample:		663.1 time, 681.0 real, 373.7 MB
[runlim] sample:		673.1 time, 691.0 real, 373.7 MB
[runlim] sample:		683.1 time, 701.0 real, 373.7 MB
[runlim] sample:		693.1 time, 711.0 real, 373.7 MB
[runlim] sample:		703.1 time, 721.0 real, 331.6 MB
[runlim] sample:		713.1 time, 731.0 real, 331.6 MB
[runlim] sample:		723.1 time, 741.0 real, 331.6 MB
[runlim] sample:		733.1 time, 751.0 real, 547.3 MB
[runlim] sample:		743.0 time, 761.0 real, 554.5 MB
[runlim] sample:		753.0 time, 771.0 real, 554.5 MB
[runlim] sample:		763.0 time, 781.0 real, 555.5 MB
[runlim] sample:		773.0 time, 791.0 real, 631.1 MB
[runlim] sample:		783.0 time, 801.0 real, 670.0 MB
[runlim] sample:		793.0 time, 811.0 real, 677.5 MB
[runlim] sample:		803.0 time, 821.0 real, 679.5 MB
[runlim] sample:		813.0 time, 831.0 real, 687.3 MB
[runlim] sample:		823.0 time, 841.0 real, 691.4 MB
[runlim] sample:		833.0 time, 851.0 real, 691.4 MB
[runlim] sample:		843.0 time, 861.0 real, 711.2 MB
[runlim] sample:		853.0 time, 871.0 real, 711.2 MB
[runlim] sample:		863.0 time, 881.0 real, 729.3 MB
[runlim] sample:		873.0 time, 891.0 real, 1094.4 MB
[runlim] sample:		883.0 time, 901.0 real, 1357.9 MB
[runlim] sample:		893.0 time, 911.0 real, 1351.0 MB
[runlim] sample:		903.0 time, 921.0 real, 1366.7 MB
[runlim] sample:		913.0 time, 931.0 real, 1351.3 MB
[runlim] sample:		923.0 time, 941.0 real, 1363.1 MB
[runlim] sample:		933.0 time, 951.0 real, 1363.1 MB
[runlim] sample:		943.0 time, 961.0 real, 1363.1 MB
[runlim] sample:		953.0 time, 971.0 real, 1363.9 MB
[runlim] sample:		963.0 time, 981.0 real, 1363.9 MB
[runlim] sample:		973.0 time, 991.0 real, 1363.9 MB
[runlim] sample:		983.0 time, 1001.0 real, 1350.9 MB
[runlim] sample:		993.0 time, 1011.0 real, 1351.2 MB
[runlim] sample:		1003.0 time, 1021.0 real, 1357.6 MB
[runlim] sample:		1013.0 time, 1031.0 real, 1524.2 MB
[runlim] sample:		1023.0 time, 1041.0 real, 1508.5 MB
[runlim] sample:		1033.0 time, 1051.0 real, 1564.7 MB
[runlim] sample:		1043.0 time, 1061.0 real, 1547.2 MB
[runlim] sample:		1053.0 time, 1071.0 real, 1565.2 MB
[runlim] sample:		1063.0 time, 1081.0 real, 1547.4 MB
[runlim] sample:		1073.0 time, 1091.0 real, 1560.5 MB
[runlim] sample:		1083.0 time, 1101.0 real, 1560.5 MB
[runlim] sample:		1093.0 time, 1111.0 real, 1560.5 MB
[runlim] sample:		1103.0 time, 1121.0 real, 1560.5 MB
[runlim] sample:		1113.0 time, 1131.0 real, 1582.9 MB
[runlim] sample:		1123.0 time, 1141.0 real, 2232.1 MB
[runlim] sample:		1133.0 time, 1151.0 real, 2216.7 MB
[runlim] sample:		1143.0 time, 1161.0 real, 2285.1 MB
[runlim] sample:		1153.0 time, 1171.0 real, 2313.9 MB
[runlim] sample:		1163.0 time, 1181.0 real, 2313.9 MB
[runlim] sample:		1173.0 time, 1191.0 real, 2288.4 MB
[runlim] sample:		1183.0 time, 1201.0 real, 2313.9 MB
[runlim] sample:		1193.0 time, 1211.0 real, 2313.9 MB
[runlim] sample:		1203.0 time, 1221.0 real, 2288.5 MB
[runlim] sample:		1213.0 time, 1231.0 real, 2288.5 MB
[runlim] sample:		1223.0 time, 1241.0 real, 2309.4 MB
[runlim] sample:		1233.0 time, 1251.0 real, 2288.5 MB
[runlim] sample:		1243.0 time, 1261.0 real, 2301.1 MB
[runlim] sample:		1253.0 time, 1271.0 real, 2301.1 MB
[runlim] sample:		1263.0 time, 1281.0 real, 2301.1 MB
[runlim] sample:		1273.0 time, 1291.0 real, 2301.1 MB
[runlim] sample:		1283.0 time, 1301.0 real, 2301.1 MB
[runlim] sample:		1293.0 time, 1311.0 real, 2285.4 MB
[runlim] sample:		1303.0 time, 1321.0 real, 2285.4 MB
[runlim] sample:		1313.0 time, 1331.0 real, 2285.4 MB
[runlim] sample:		1323.0 time, 1341.0 real, 2285.4 MB
[runlim] sample:		1333.0 time, 1351.0 real, 2285.4 MB
[runlim] sample:		1343.0 time, 1361.0 real, 2285.4 MB
[runlim] sample:		1353.0 time, 1371.0 real, 2285.4 MB
[runlim] sample:		1363.0 time, 1381.0 real, 2285.4 MB
[runlim] sample:		1373.0 time, 1391.0 real, 2285.4 MB
[runlim] sample:		1383.0 time, 1401.0 real, 2285.4 MB
[runlim] sample:		1393.0 time, 1411.0 real, 2285.4 MB
[runlim] sample:		1403.0 time, 1421.0 real, 2285.4 MB
[runlim] sample:		1413.0 time, 1431.0 real, 2285.4 MB
[runlim] sample:		1423.0 time, 1441.0 real, 2285.4 MB
[runlim] sample:		1433.0 time, 1451.0 real, 2285.4 MB
[runlim] sample:		1443.0 time, 1461.0 real, 2285.4 MB
[runlim] sample:		1453.0 time, 1471.0 real, 2285.4 MB
[runlim] sample:		1463.0 time, 1481.0 real, 2285.4 MB
[runlim] sample:		1473.0 time, 1491.0 real, 2285.4 MB
[runlim] sample:		1483.0 time, 1501.0 real, 2285.4 MB
[runlim] sample:		1493.0 time, 1511.0 real, 2285.4 MB
[runlim] sample:		1503.0 time, 1521.0 real, 2285.4 MB
[runlim] sample:		1513.0 time, 1531.0 real, 2285.4 MB
[runlim] sample:		1523.0 time, 1541.0 real, 2285.4 MB
[runlim] sample:		1533.0 time, 1551.0 real, 2254.5 MB
[runlim] sample:		1543.0 time, 1561.0 real, 2254.5 MB
[runlim] sample:		1553.0 time, 1571.0 real, 2254.5 MB
[runlim] sample:		1563.0 time, 1581.0 real, 2254.5 MB
[runlim] sample:		1573.0 time, 1591.0 real, 2254.5 MB
[runlim] sample:		1583.0 time, 1601.0 real, 2254.5 MB
[runlim] sample:		1593.0 time, 1611.0 real, 2254.5 MB
[runlim] sample:		1603.0 time, 1621.0 real, 2254.5 MB
[runlim] sample:		1613.0 time, 1631.0 real, 2254.5 MB
[runlim] sample:		1623.0 time, 1641.0 real, 2254.5 MB
[runlim] sample:		1633.0 time, 1651.0 real, 2254.5 MB
[runlim] sample:		1643.0 time, 1661.0 real, 2254.5 MB
[runlim] sample:		1653.0 time, 1671.0 real, 2254.5 MB
[runlim] sample:		1663.0 time, 1681.0 real, 2254.5 MB
[runlim] sample:		1673.0 time, 1691.0 real, 2254.5 MB
[runlim] sample:		1683.0 time, 1701.0 real, 2254.5 MB
[runlim] sample:		1693.0 time, 1711.0 real, 2254.5 MB
[runlim] sample:		1703.0 time, 1721.0 real, 2254.5 MB
[runlim] sample:		1713.0 time, 1731.0 real, 2254.5 MB
[runlim] sample:		1723.0 time, 1741.0 real, 2261.4 MB
[runlim] sample:		1733.0 time, 1751.0 real, 2261.4 MB
[runlim] sample:		1743.0 time, 1761.0 real, 2261.4 MB
[runlim] sample:		1753.0 time, 1771.0 real, 2261.4 MB
[runlim] sample:		1763.0 time, 1781.0 real, 2261.4 MB
[runlim] sample:		1773.0 time, 1791.0 real, 2261.4 MB
[runlim] sample:		1783.0 time, 1801.0 real, 2261.4 MB
[runlim] sample:		1793.0 time, 1811.0 real, 2261.4 MB
[runlim] end:			Sat Feb  9 02:34:43 2019
[runlim] status:		out of time
[runlim] result:		2
[runlim] children:		0
[runlim] real:			1818.07 seconds
[runlim] time:			1800.04 seconds
[runlim] space:			2313.9 MB
[runlim] samples:		18170
