[runlim] version:		1.10fixed
[runlim] time limit:		300 seconds
[runlim] real time limit:	311040000 seconds
[runlim] space limit:		4000 MB
[runlim] argv[0]:		./z3
[runlim] argv[1]:		/tmp/d8qI8etT.smt2
[runlim] start:			Thu Feb 14 00:48:29 2019
[runlim] main pid:		12426
[runlim] sample:		8.9 time, 10.6 real, 22.7 MB
[runlim] sample:		18.8 time, 20.6 real, 24.7 MB
[runlim] sample:		28.5 time, 30.6 real, 28.4 MB
[runlim] sample:		37.7 time, 40.6 real, 38.0 MB
[runlim] sample:		47.7 time, 50.6 real, 46.9 MB
[runlim] sample:		57.7 time, 60.6 real, 59.1 MB
[runlim] sample:		67.1 time, 70.6 real, 59.1 MB
[runlim] sample:		77.1 time, 80.6 real, 59.1 MB
[runlim] sample:		87.1 time, 90.6 real, 59.1 MB
[runlim] sample:		97.1 time, 100.6 real, 59.0 MB
[runlim] sample:		107.1 time, 110.6 real, 59.0 MB
[runlim] sample:		117.1 time, 120.6 real, 59.0 MB
[runlim] sample:		127.1 time, 130.6 real, 59.0 MB
[runlim] sample:		137.1 time, 140.6 real, 59.0 MB
[runlim] sample:		147.1 time, 150.6 real, 59.0 MB
[runlim] sample:		157.1 time, 160.6 real, 61.0 MB
[runlim] sample:		167.1 time, 170.6 real, 61.0 MB
[runlim] sample:		177.1 time, 180.6 real, 59.7 MB
[runlim] sample:		187.1 time, 190.6 real, 59.7 MB
[runlim] sample:		197.1 time, 200.6 real, 59.7 MB
[runlim] sample:		207.1 time, 210.6 real, 59.7 MB
[runlim] sample:		217.1 time, 220.6 real, 59.7 MB
[runlim] sample:		227.1 time, 230.6 real, 59.7 MB
[runlim] sample:		237.1 time, 240.6 real, 59.7 MB
[runlim] sample:		247.1 time, 250.6 real, 59.7 MB
[runlim] sample:		257.1 time, 260.6 real, 59.7 MB
[runlim] sample:		267.1 time, 270.6 real, 59.7 MB
[runlim] sample:		277.1 time, 280.6 real, 59.7 MB
[runlim] sample:		287.1 time, 290.6 real, 59.7 MB
[runlim] sample:		297.1 time, 300.6 real, 59.7 MB
[runlim] end:			Thu Feb 14 00:53:32 2019
[runlim] status:		out of time
[runlim] result:		2
[runlim] children:		0
[runlim] real:			303.58 seconds
[runlim] time:			300.10 seconds
[runlim] space:			63.4 MB
[runlim] samples:		3030
