[runlim] version:		1.10fixed
[runlim] time limit:		300 seconds
[runlim] real time limit:	311040000 seconds
[runlim] space limit:		4000 MB
[runlim] argv[0]:		./z3
[runlim] argv[1]:		/tmp/kXPqiFXG.smt2
[runlim] start:			Thu Feb 14 00:48:29 2019
[runlim] main pid:		13086
[runlim] sample:		9.2 time, 10.4 real, 19.5 MB
[runlim] sample:		19.1 time, 20.4 real, 28.1 MB
[runlim] sample:		29.1 time, 30.4 real, 36.0 MB
[runlim] sample:		39.1 time, 40.4 real, 46.0 MB
[runlim] sample:		48.1 time, 50.4 real, 46.0 MB
[runlim] sample:		57.8 time, 60.4 real, 46.3 MB
[runlim] sample:		67.7 time, 70.4 real, 47.1 MB
[runlim] sample:		77.5 time, 80.4 real, 47.1 MB
[runlim] sample:		87.2 time, 90.4 real, 48.0 MB
[runlim] sample:		95.8 time, 100.4 real, 51.1 MB
[runlim] sample:		104.9 time, 110.4 real, 55.5 MB
[runlim] sample:		114.6 time, 120.4 real, 60.1 MB
[runlim] sample:		124.3 time, 130.4 real, 61.0 MB
[runlim] sample:		132.9 time, 140.4 real, 63.6 MB
[runlim] sample:		141.5 time, 150.4 real, 65.7 MB
[runlim] sample:		150.1 time, 160.4 real, 66.4 MB
[runlim] sample:		159.2 time, 170.4 real, 63.8 MB
[runlim] sample:		168.8 time, 180.4 real, 63.8 MB
[runlim] sample:		178.5 time, 190.4 real, 64.0 MB
[runlim] sample:		188.2 time, 200.4 real, 64.0 MB
[runlim] sample:		197.6 time, 210.4 real, 64.1 MB
[runlim] sample:		206.5 time, 220.4 real, 64.1 MB
[runlim] sample:		215.3 time, 230.4 real, 64.1 MB
[runlim] sample:		225.2 time, 240.4 real, 67.0 MB
[runlim] sample:		234.8 time, 250.4 real, 64.1 MB
[runlim] sample:		244.8 time, 260.4 real, 64.1 MB
[runlim] sample:		254.8 time, 270.4 real, 64.1 MB
[runlim] sample:		264.8 time, 280.4 real, 64.1 MB
[runlim] sample:		274.8 time, 290.4 real, 64.1 MB
[runlim] sample:		284.8 time, 300.4 real, 65.1 MB
[runlim] sample:		294.8 time, 310.4 real, 65.1 MB
[runlim] end:			Thu Feb 14 00:53:44 2019
[runlim] status:		out of time
[runlim] result:		2
[runlim] children:		0
[runlim] real:			315.75 seconds
[runlim] time:			300.07 seconds
[runlim] space:			69.3 MB
[runlim] samples:		3153
