[runlim] version:		1.10fixed
[runlim] time limit:		1800 seconds
[runlim] real time limit:	311040000 seconds
[runlim] space limit:		4000 MB
[runlim] argv[0]:		./z3
[runlim] argv[1]:		/tmp/HDQW4PIj.smt2
[runlim] start:			Sat Feb  9 01:59:14 2019
[runlim] main pid:		13802
[runlim] sample:		9.5 time, 10.4 real, 29.4 MB
[runlim] sample:		18.7 time, 20.4 real, 36.8 MB
[runlim] sample:		26.3 time, 30.4 real, 36.8 MB
[runlim] sample:		35.7 time, 40.4 real, 39.4 MB
[runlim] sample:		45.7 time, 50.4 real, 40.3 MB
[runlim] sample:		55.4 time, 60.4 real, 47.8 MB
[runlim] sample:		65.1 time, 70.4 real, 51.9 MB
[runlim] sample:		74.7 time, 80.4 real, 53.0 MB
[runlim] sample:		84.4 time, 90.4 real, 60.5 MB
[runlim] sample:		92.8 time, 100.4 real, 66.6 MB
[runlim] sample:		102.8 time, 110.4 real, 63.1 MB
[runlim] sample:		112.8 time, 120.4 real, 63.1 MB
[runlim] sample:		122.8 time, 130.4 real, 63.1 MB
[runlim] sample:		132.8 time, 140.4 real, 63.1 MB
[runlim] sample:		142.5 time, 150.4 real, 63.1 MB
[runlim] sample:		150.6 time, 160.4 real, 63.1 MB
[runlim] sample:		159.3 time, 170.4 real, 63.1 MB
[runlim] sample:		166.9 time, 180.4 real, 63.1 MB
[runlim] sample:		175.0 time, 190.4 real, 63.5 MB
[runlim] sample:		185.0 time, 200.4 real, 64.0 MB
[runlim] sample:		195.0 time, 210.4 real, 64.0 MB
[runlim] sample:		205.0 time, 220.4 real, 62.7 MB
[runlim] sample:		215.0 time, 230.4 real, 62.7 MB
[runlim] sample:		225.0 time, 240.4 real, 70.1 MB
[runlim] sample:		234.8 time, 250.4 real, 74.7 MB
[runlim] sample:		243.8 time, 260.4 real, 75.3 MB
[runlim] sample:		252.4 time, 270.4 real, 80.5 MB
[runlim] sample:		260.3 time, 280.4 real, 80.5 MB
[runlim] sample:		268.3 time, 290.4 real, 80.5 MB
[runlim] sample:		276.5 time, 300.4 real, 80.5 MB
[runlim] sample:		285.8 time, 310.4 real, 81.0 MB
[runlim] sample:		295.8 time, 320.4 real, 81.0 MB
[runlim] sample:		305.8 time, 330.4 real, 84.9 MB
[runlim] sample:		315.8 time, 340.4 real, 84.9 MB
[runlim] sample:		325.8 time, 350.4 real, 108.1 MB
[runlim] sample:		335.8 time, 360.4 real, 145.0 MB
[runlim] sample:		345.8 time, 370.4 real, 161.6 MB
[runlim] sample:		355.8 time, 380.4 real, 161.6 MB
[runlim] sample:		365.8 time, 390.4 real, 162.1 MB
[runlim] sample:		375.2 time, 400.4 real, 163.1 MB
[runlim] sample:		384.5 time, 410.4 real, 161.8 MB
[runlim] sample:		393.2 time, 420.4 real, 161.8 MB
[runlim] sample:		402.5 time, 430.4 real, 161.8 MB
[runlim] sample:		410.7 time, 440.4 real, 162.6 MB
[runlim] sample:		419.3 time, 450.4 real, 161.8 MB
[runlim] sample:		429.0 time, 460.4 real, 161.8 MB
[runlim] sample:		439.0 time, 470.4 real, 161.8 MB
[runlim] sample:		449.0 time, 480.4 real, 161.8 MB
[runlim] sample:		459.0 time, 490.4 real, 164.1 MB
[runlim] sample:		469.0 time, 500.4 real, 162.9 MB
[runlim] sample:		478.1 time, 510.4 real, 166.0 MB
[runlim] sample:		488.0 time, 520.4 real, 168.8 MB
[runlim] sample:		498.0 time, 530.4 real, 164.5 MB
[runlim] sample:		508.0 time, 540.4 real, 161.8 MB
[runlim] sample:		518.0 time, 550.4 real, 161.8 MB
[runlim] sample:		527.3 time, 560.4 real, 161.8 MB
[runlim] sample:		536.7 time, 570.4 real, 161.8 MB
[runlim] sample:		546.4 time, 580.4 real, 161.8 MB
[runlim] sample:		556.0 time, 590.4 real, 161.8 MB
[runlim] sample:		565.6 time, 600.4 real, 161.8 MB
[runlim] sample:		575.3 time, 610.4 real, 161.8 MB
[runlim] sample:		585.0 time, 620.4 real, 161.8 MB
[runlim] sample:		594.6 time, 630.4 real, 161.8 MB
[runlim] sample:		604.3 time, 640.4 real, 162.1 MB
[runlim] sample:		614.3 time, 650.4 real, 162.1 MB
[runlim] sample:		622.2 time, 660.4 real, 162.6 MB
[runlim] sample:		631.4 time, 670.4 real, 162.9 MB
[runlim] sample:		641.4 time, 680.4 real, 162.9 MB
[runlim] sample:		651.4 time, 690.4 real, 162.9 MB
[runlim] sample:		661.4 time, 700.4 real, 164.1 MB
[runlim] sample:		671.3 time, 710.4 real, 164.1 MB
[runlim] sample:		679.7 time, 720.4 real, 164.1 MB
[runlim] sample:		689.3 time, 730.4 real, 164.4 MB
[runlim] sample:		699.2 time, 740.4 real, 164.4 MB
[runlim] sample:		708.6 time, 750.4 real, 164.4 MB
[runlim] sample:		717.4 time, 760.4 real, 164.4 MB
[runlim] sample:		725.0 time, 770.4 real, 164.4 MB
[runlim] sample:		734.5 time, 780.4 real, 164.4 MB
[runlim] sample:		744.5 time, 790.4 real, 164.4 MB
[runlim] sample:		754.5 time, 800.4 real, 164.7 MB
[runlim] sample:		764.5 time, 810.4 real, 164.7 MB
[runlim] sample:		773.0 time, 820.4 real, 164.7 MB
[runlim] sample:		780.6 time, 830.4 real, 164.7 MB
[runlim] sample:		788.3 time, 840.4 real, 164.7 MB
[runlim] sample:		797.8 time, 850.4 real, 165.4 MB
[runlim] sample:		807.4 time, 860.4 real, 165.4 MB
[runlim] sample:		817.0 time, 870.4 real, 165.4 MB
[runlim] sample:		825.4 time, 880.4 real, 165.4 MB
[runlim] sample:		834.9 time, 890.4 real, 165.7 MB
[runlim] sample:		844.9 time, 900.4 real, 165.9 MB
[runlim] sample:		854.7 time, 910.4 real, 165.9 MB
[runlim] sample:		864.7 time, 920.4 real, 166.7 MB
[runlim] sample:		874.5 time, 930.4 real, 166.7 MB
[runlim] sample:		884.5 time, 940.4 real, 166.7 MB
[runlim] sample:		894.5 time, 950.4 real, 166.7 MB
[runlim] sample:		904.5 time, 960.4 real, 167.0 MB
[runlim] sample:		914.5 time, 970.4 real, 167.0 MB
[runlim] sample:		924.5 time, 980.4 real, 167.0 MB
[runlim] sample:		934.5 time, 990.4 real, 167.0 MB
[runlim] sample:		943.4 time, 1000.4 real, 167.0 MB
[runlim] sample:		952.1 time, 1010.4 real, 167.0 MB
[runlim] sample:		962.1 time, 1020.4 real, 167.0 MB
[runlim] sample:		972.1 time, 1030.4 real, 167.0 MB
[runlim] sample:		982.1 time, 1040.4 real, 167.0 MB
[runlim] sample:		992.1 time, 1050.4 real, 167.4 MB
[runlim] sample:		1002.1 time, 1060.4 real, 166.6 MB
[runlim] sample:		1012.1 time, 1070.4 real, 166.6 MB
[runlim] sample:		1022.1 time, 1080.4 real, 166.6 MB
[runlim] sample:		1032.1 time, 1090.4 real, 166.6 MB
[runlim] sample:		1042.0 time, 1100.4 real, 167.9 MB
[runlim] sample:		1052.0 time, 1110.4 real, 166.4 MB
[runlim] sample:		1062.0 time, 1120.4 real, 166.4 MB
[runlim] sample:		1072.0 time, 1130.4 real, 166.4 MB
[runlim] sample:		1082.0 time, 1140.4 real, 166.4 MB
[runlim] sample:		1092.0 time, 1150.4 real, 167.7 MB
[runlim] sample:		1102.0 time, 1160.4 real, 167.7 MB
[runlim] sample:		1112.0 time, 1170.4 real, 166.8 MB
[runlim] sample:		1122.0 time, 1180.4 real, 166.8 MB
[runlim] sample:		1132.0 time, 1190.4 real, 166.8 MB
[runlim] sample:		1142.0 time, 1200.4 real, 167.9 MB
[runlim] sample:		1152.0 time, 1210.4 real, 167.9 MB
[runlim] sample:		1162.0 time, 1220.4 real, 166.8 MB
[runlim] sample:		1172.0 time, 1230.4 real, 166.8 MB
[runlim] sample:		1182.0 time, 1240.4 real, 166.8 MB
[runlim] sample:		1192.0 time, 1250.4 real, 167.8 MB
[runlim] sample:		1202.0 time, 1260.4 real, 167.8 MB
[runlim] sample:		1212.0 time, 1270.4 real, 166.8 MB
[runlim] sample:		1222.0 time, 1280.4 real, 166.8 MB
[runlim] sample:		1232.0 time, 1290.4 real, 166.8 MB
[runlim] sample:		1242.0 time, 1300.4 real, 166.8 MB
[runlim] sample:		1252.0 time, 1310.4 real, 171.5 MB
[runlim] sample:		1262.0 time, 1320.4 real, 172.2 MB
[runlim] sample:		1272.0 time, 1330.4 real, 174.0 MB
[runlim] sample:		1282.0 time, 1340.4 real, 171.3 MB
[runlim] sample:		1292.0 time, 1350.4 real, 166.7 MB
[runlim] sample:		1302.0 time, 1360.4 real, 166.7 MB
[runlim] sample:		1312.0 time, 1370.4 real, 166.7 MB
[runlim] sample:		1322.0 time, 1380.4 real, 172.0 MB
[runlim] sample:		1332.0 time, 1390.4 real, 172.4 MB
[runlim] sample:		1342.0 time, 1400.4 real, 171.3 MB
[runlim] sample:		1352.0 time, 1410.4 real, 166.7 MB
[runlim] sample:		1362.0 time, 1420.4 real, 166.7 MB
[runlim] sample:		1372.0 time, 1430.4 real, 166.7 MB
[runlim] sample:		1382.0 time, 1440.4 real, 174.6 MB
[runlim] sample:		1392.0 time, 1450.4 real, 174.1 MB
[runlim] sample:		1402.0 time, 1460.4 real, 167.7 MB
[runlim] sample:		1412.0 time, 1470.4 real, 170.1 MB
[runlim] sample:		1422.0 time, 1480.4 real, 170.1 MB
[runlim] sample:		1432.0 time, 1490.4 real, 170.1 MB
[runlim] sample:		1442.0 time, 1500.4 real, 170.4 MB
[runlim] sample:		1452.0 time, 1510.4 real, 170.4 MB
[runlim] sample:		1462.0 time, 1520.4 real, 170.4 MB
[runlim] sample:		1472.0 time, 1530.4 real, 170.0 MB
[runlim] sample:		1482.0 time, 1540.4 real, 170.0 MB
[runlim] sample:		1492.0 time, 1550.4 real, 170.0 MB
[runlim] sample:		1502.0 time, 1560.4 real, 170.2 MB
[runlim] sample:		1512.0 time, 1570.4 real, 170.2 MB
[runlim] sample:		1522.0 time, 1580.4 real, 170.2 MB
[runlim] sample:		1532.0 time, 1590.4 real, 170.2 MB
[runlim] sample:		1542.0 time, 1600.4 real, 170.2 MB
[runlim] sample:		1552.0 time, 1610.4 real, 170.2 MB
[runlim] sample:		1562.0 time, 1620.4 real, 170.5 MB
[runlim] sample:		1572.0 time, 1630.4 real, 170.5 MB
[runlim] sample:		1582.0 time, 1640.4 real, 170.5 MB
[runlim] sample:		1592.0 time, 1650.4 real, 170.5 MB
[runlim] sample:		1602.0 time, 1660.4 real, 170.5 MB
[runlim] sample:		1612.0 time, 1670.4 real, 170.5 MB
[runlim] sample:		1622.0 time, 1680.4 real, 170.5 MB
[runlim] sample:		1632.0 time, 1690.4 real, 171.1 MB
[runlim] sample:		1642.0 time, 1700.4 real, 172.6 MB
[runlim] sample:		1652.0 time, 1710.4 real, 172.6 MB
[runlim] sample:		1662.0 time, 1720.4 real, 172.6 MB
[runlim] sample:		1672.0 time, 1730.4 real, 172.6 MB
[runlim] sample:		1682.0 time, 1740.4 real, 172.6 MB
[runlim] sample:		1692.0 time, 1750.4 real, 172.6 MB
[runlim] sample:		1702.0 time, 1760.4 real, 172.6 MB
[runlim] sample:		1712.0 time, 1770.4 real, 172.6 MB
[runlim] sample:		1722.0 time, 1780.4 real, 173.4 MB
[runlim] sample:		1732.0 time, 1790.4 real, 173.4 MB
[runlim] sample:		1742.0 time, 1800.4 real, 173.4 MB
[runlim] sample:		1752.0 time, 1810.4 real, 173.4 MB
[runlim] sample:		1762.0 time, 1820.4 real, 174.9 MB
[runlim] sample:		1772.0 time, 1830.4 real, 171.2 MB
[runlim] sample:		1782.0 time, 1840.4 real, 174.1 MB
[runlim] sample:		1792.0 time, 1850.4 real, 174.1 MB
[runlim] end:			Sat Feb  9 02:30:07 2019
[runlim] status:		signal(9)
[runlim] result:		11
[runlim] children:		0
[runlim] real:			1853.15 seconds
[runlim] time:			1794.75 seconds
[runlim] space:			176.4 MB
[runlim] samples:		18527
