[runlim] version:		1.10fixed
[runlim] time limit:		300 seconds
[runlim] real time limit:	311040000 seconds
[runlim] space limit:		4000 MB
[runlim] argv[0]:		./z3
[runlim] argv[1]:		/tmp/plPjEfiS.smt2
[runlim] start:			Thu Feb 14 00:48:28 2019
[runlim] main pid:		24459
[runlim] sample:		8.2 time, 10.7 real, 16.0 MB
[runlim] sample:		17.0 time, 20.7 real, 23.5 MB
[runlim] sample:		25.2 time, 30.7 real, 28.4 MB
[runlim] sample:		34.8 time, 40.7 real, 28.8 MB
[runlim] sample:		44.5 time, 50.7 real, 28.8 MB
[runlim] sample:		54.5 time, 60.7 real, 28.8 MB
[runlim] sample:		64.5 time, 70.7 real, 32.9 MB
[runlim] sample:		74.5 time, 80.7 real, 33.0 MB
[runlim] sample:		84.5 time, 90.7 real, 34.5 MB
[runlim] sample:		94.0 time, 100.7 real, 32.4 MB
[runlim] sample:		103.2 time, 110.7 real, 40.9 MB
[runlim] sample:		113.2 time, 120.7 real, 38.5 MB
[runlim] sample:		122.8 time, 130.7 real, 38.5 MB
[runlim] sample:		130.7 time, 140.7 real, 38.0 MB
[runlim] sample:		140.7 time, 150.7 real, 38.0 MB
[runlim] sample:		150.7 time, 160.7 real, 38.0 MB
[runlim] sample:		160.7 time, 170.7 real, 38.0 MB
[runlim] sample:		170.7 time, 180.7 real, 38.0 MB
[runlim] sample:		180.7 time, 190.7 real, 38.0 MB
[runlim] sample:		190.7 time, 200.7 real, 38.0 MB
[runlim] sample:		200.7 time, 210.7 real, 38.0 MB
[runlim] sample:		210.7 time, 220.7 real, 38.0 MB
[runlim] sample:		220.7 time, 230.7 real, 38.0 MB
[runlim] sample:		230.7 time, 240.7 real, 38.0 MB
[runlim] sample:		240.7 time, 250.7 real, 38.0 MB
[runlim] sample:		250.7 time, 260.7 real, 52.0 MB
[runlim] sample:		260.7 time, 270.7 real, 46.7 MB
[runlim] sample:		270.7 time, 280.7 real, 55.2 MB
[runlim] sample:		280.7 time, 290.7 real, 55.1 MB
[runlim] sample:		290.7 time, 300.7 real, 46.8 MB
[runlim] end:			Thu Feb 14 00:53:38 2019
[runlim] status:		out of time
[runlim] result:		2
[runlim] children:		0
[runlim] real:			310.16 seconds
[runlim] time:			300.07 seconds
[runlim] space:			55.2 MB
[runlim] samples:		3094
