[runlim] version:		1.10fixed
[runlim] time limit:		1800 seconds
[runlim] real time limit:	311040000 seconds
[runlim] space limit:		4000 MB
[runlim] argv[0]:		./z3
[runlim] argv[1]:		/tmp/fUz6j3LS.smt2
[runlim] start:			Sat Feb  9 01:55:49 2019
[runlim] main pid:		22290
[runlim] sample:		7.4 time, 10.9 real, 17.8 MB
[runlim] sample:		15.0 time, 20.9 real, 18.5 MB
[runlim] sample:		24.7 time, 30.9 real, 34.4 MB
[runlim] sample:		34.7 time, 40.9 real, 34.1 MB
[runlim] sample:		44.7 time, 50.9 real, 18.0 MB
[runlim] sample:		54.7 time, 60.9 real, 20.4 MB
[runlim] sample:		64.7 time, 70.9 real, 38.8 MB
[runlim] sample:		74.7 time, 80.9 real, 36.0 MB
[runlim] sample:		84.7 time, 90.9 real, 36.0 MB
[runlim] sample:		94.7 time, 100.9 real, 36.0 MB
[runlim] sample:		103.2 time, 110.9 real, 45.2 MB
[runlim] sample:		111.5 time, 120.9 real, 42.9 MB
[runlim] sample:		119.8 time, 130.9 real, 43.7 MB
[runlim] sample:		128.2 time, 140.9 real, 42.9 MB
[runlim] sample:		136.5 time, 150.9 real, 48.1 MB
[runlim] sample:		144.8 time, 160.9 real, 45.1 MB
[runlim] sample:		153.1 time, 170.9 real, 45.1 MB
[runlim] sample:		161.5 time, 180.9 real, 45.1 MB
[runlim] sample:		169.8 time, 190.9 real, 50.7 MB
[runlim] sample:		178.1 time, 200.9 real, 49.2 MB
[runlim] sample:		186.4 time, 210.9 real, 47.4 MB
[runlim] sample:		194.7 time, 220.9 real, 47.4 MB
[runlim] sample:		203.1 time, 230.9 real, 42.9 MB
[runlim] sample:		211.4 time, 240.9 real, 42.9 MB
[runlim] sample:		219.7 time, 250.9 real, 42.9 MB
[runlim] sample:		228.0 time, 260.9 real, 42.9 MB
[runlim] sample:		236.3 time, 270.9 real, 42.9 MB
[runlim] sample:		244.7 time, 280.9 real, 42.9 MB
[runlim] sample:		253.0 time, 290.9 real, 42.9 MB
[runlim] sample:		261.3 time, 300.9 real, 70.4 MB
[runlim] sample:		269.6 time, 310.9 real, 70.4 MB
[runlim] sample:		277.9 time, 320.9 real, 72.0 MB
[runlim] sample:		286.2 time, 330.9 real, 71.6 MB
[runlim] sample:		294.4 time, 340.9 real, 73.2 MB
[runlim] sample:		302.7 time, 350.9 real, 73.2 MB
[runlim] sample:		311.6 time, 360.9 real, 56.4 MB
[runlim] sample:		321.3 time, 370.9 real, 42.9 MB
[runlim] sample:		331.1 time, 380.9 real, 42.9 MB
[runlim] sample:		341.1 time, 390.9 real, 42.9 MB
[runlim] sample:		351.1 time, 400.9 real, 42.9 MB
[runlim] sample:		361.1 time, 410.9 real, 42.9 MB
[runlim] sample:		371.1 time, 420.9 real, 43.2 MB
[runlim] sample:		381.1 time, 430.9 real, 49.6 MB
[runlim] sample:		391.1 time, 440.9 real, 42.9 MB
[runlim] sample:		401.1 time, 450.9 real, 66.9 MB
[runlim] sample:		411.1 time, 460.9 real, 66.9 MB
[runlim] sample:		421.1 time, 470.9 real, 69.0 MB
[runlim] sample:		431.1 time, 480.9 real, 68.2 MB
[runlim] sample:		441.1 time, 490.9 real, 96.0 MB
[runlim] sample:		451.1 time, 500.9 real, 96.0 MB
[runlim] sample:		461.1 time, 510.9 real, 96.0 MB
[runlim] sample:		471.1 time, 520.9 real, 96.3 MB
[runlim] sample:		481.1 time, 530.9 real, 96.3 MB
[runlim] sample:		491.1 time, 540.9 real, 96.8 MB
[runlim] sample:		501.1 time, 550.9 real, 96.8 MB
[runlim] sample:		511.1 time, 560.9 real, 101.8 MB
[runlim] sample:		521.1 time, 570.9 real, 101.8 MB
[runlim] sample:		531.1 time, 580.9 real, 101.8 MB
[runlim] sample:		541.1 time, 590.9 real, 101.8 MB
[runlim] sample:		551.1 time, 600.9 real, 101.8 MB
[runlim] sample:		561.1 time, 610.9 real, 101.8 MB
[runlim] sample:		571.1 time, 620.9 real, 101.8 MB
[runlim] sample:		581.1 time, 630.9 real, 101.8 MB
[runlim] sample:		591.1 time, 640.9 real, 101.8 MB
[runlim] sample:		601.1 time, 650.9 real, 101.8 MB
[runlim] sample:		611.1 time, 660.9 real, 101.8 MB
[runlim] sample:		621.1 time, 670.9 real, 101.8 MB
[runlim] sample:		631.1 time, 680.9 real, 101.8 MB
[runlim] sample:		641.1 time, 690.9 real, 101.8 MB
[runlim] sample:		651.1 time, 700.9 real, 101.8 MB
[runlim] sample:		661.1 time, 710.9 real, 101.8 MB
[runlim] sample:		671.1 time, 720.9 real, 101.8 MB
[runlim] sample:		681.1 time, 730.9 real, 101.8 MB
[runlim] sample:		691.1 time, 740.9 real, 101.8 MB
[runlim] sample:		701.1 time, 750.9 real, 101.8 MB
[runlim] sample:		711.1 time, 760.9 real, 101.8 MB
[runlim] sample:		721.0 time, 770.9 real, 42.9 MB
[runlim] sample:		731.0 time, 780.9 real, 42.9 MB
[runlim] sample:		741.0 time, 790.9 real, 58.9 MB
[runlim] sample:		751.0 time, 800.9 real, 59.2 MB
[runlim] sample:		761.0 time, 810.9 real, 59.2 MB
[runlim] sample:		770.9 time, 820.9 real, 59.2 MB
[runlim] sample:		780.5 time, 830.9 real, 59.2 MB
[runlim] sample:		790.2 time, 840.9 real, 59.2 MB
[runlim] sample:		800.1 time, 850.9 real, 59.2 MB
[runlim] sample:		809.8 time, 860.9 real, 93.7 MB
[runlim] sample:		819.4 time, 870.9 real, 200.6 MB
[runlim] sample:		829.1 time, 880.9 real, 200.6 MB
[runlim] sample:		838.7 time, 890.9 real, 200.6 MB
[runlim] sample:		848.7 time, 900.9 real, 200.6 MB
[runlim] sample:		856.9 time, 910.9 real, 200.6 MB
[runlim] sample:		865.3 time, 920.9 real, 200.6 MB
[runlim] sample:		874.3 time, 930.9 real, 200.6 MB
[runlim] sample:		883.3 time, 940.9 real, 200.6 MB
[runlim] sample:		892.2 time, 950.9 real, 200.6 MB
[runlim] sample:		900.9 time, 960.9 real, 200.6 MB
[runlim] sample:		909.2 time, 970.9 real, 200.6 MB
[runlim] sample:		917.9 time, 980.9 real, 200.6 MB
[runlim] sample:		926.0 time, 990.9 real, 200.6 MB
[runlim] sample:		933.6 time, 1000.9 real, 200.6 MB
[runlim] sample:		942.7 time, 1010.9 real, 200.6 MB
[runlim] sample:		950.8 time, 1020.9 real, 200.6 MB
[runlim] sample:		959.7 time, 1030.9 real, 200.6 MB
[runlim] sample:		968.2 time, 1040.9 real, 200.6 MB
[runlim] sample:		976.8 time, 1050.9 real, 200.6 MB
[runlim] sample:		986.0 time, 1060.9 real, 200.6 MB
[runlim] sample:		995.6 time, 1070.9 real, 200.6 MB
[runlim] sample:		1005.3 time, 1080.9 real, 200.6 MB
[runlim] sample:		1014.4 time, 1090.9 real, 200.6 MB
[runlim] sample:		1023.5 time, 1100.9 real, 200.6 MB
[runlim] sample:		1032.1 time, 1110.9 real, 200.8 MB
[runlim] sample:		1040.9 time, 1120.9 real, 200.8 MB
[runlim] sample:		1049.5 time, 1130.9 real, 200.8 MB
[runlim] sample:		1058.7 time, 1140.9 real, 200.8 MB
[runlim] sample:		1067.3 time, 1150.9 real, 200.8 MB
[runlim] sample:		1076.5 time, 1160.9 real, 200.8 MB
[runlim] sample:		1086.5 time, 1170.9 real, 200.8 MB
[runlim] sample:		1096.3 time, 1180.9 real, 200.8 MB
[runlim] sample:		1106.0 time, 1190.9 real, 200.8 MB
[runlim] sample:		1116.0 time, 1200.9 real, 200.8 MB
[runlim] sample:		1126.0 time, 1210.9 real, 200.8 MB
[runlim] sample:		1136.0 time, 1220.9 real, 200.8 MB
[runlim] sample:		1146.0 time, 1230.9 real, 200.8 MB
[runlim] sample:		1155.1 time, 1240.9 real, 200.8 MB
[runlim] sample:		1164.7 time, 1250.9 real, 201.1 MB
[runlim] sample:		1174.7 time, 1260.9 real, 201.3 MB
[runlim] sample:		1184.7 time, 1270.9 real, 201.3 MB
[runlim] sample:		1194.6 time, 1280.9 real, 201.3 MB
[runlim] sample:		1204.6 time, 1290.9 real, 201.3 MB
[runlim] sample:		1214.6 time, 1300.9 real, 201.3 MB
[runlim] sample:		1224.6 time, 1310.9 real, 201.3 MB
[runlim] sample:		1234.3 time, 1320.9 real, 201.3 MB
[runlim] sample:		1243.9 time, 1330.9 real, 201.3 MB
[runlim] sample:		1253.5 time, 1340.9 real, 201.3 MB
[runlim] sample:		1263.3 time, 1350.9 real, 201.3 MB
[runlim] sample:		1273.3 time, 1360.9 real, 201.3 MB
[runlim] sample:		1282.3 time, 1370.9 real, 201.3 MB
[runlim] sample:		1291.2 time, 1380.9 real, 201.3 MB
[runlim] sample:		1300.1 time, 1390.9 real, 201.3 MB
[runlim] sample:		1309.5 time, 1400.9 real, 201.3 MB
[runlim] sample:		1319.5 time, 1410.9 real, 201.3 MB
[runlim] sample:		1329.5 time, 1420.9 real, 201.3 MB
[runlim] sample:		1339.1 time, 1430.9 real, 201.3 MB
[runlim] sample:		1348.8 time, 1440.9 real, 201.3 MB
[runlim] sample:		1358.4 time, 1450.9 real, 201.3 MB
[runlim] sample:		1368.0 time, 1460.9 real, 201.3 MB
[runlim] sample:		1377.7 time, 1470.9 real, 201.3 MB
[runlim] sample:		1387.2 time, 1480.9 real, 201.3 MB
[runlim] sample:		1396.5 time, 1490.9 real, 201.3 MB
[runlim] sample:		1405.9 time, 1500.9 real, 201.3 MB
[runlim] sample:		1415.2 time, 1510.9 real, 201.3 MB
[runlim] sample:		1424.2 time, 1520.9 real, 201.3 MB
[runlim] sample:		1433.4 time, 1530.9 real, 201.3 MB
[runlim] sample:		1443.3 time, 1540.9 real, 201.3 MB
[runlim] sample:		1452.7 time, 1550.9 real, 201.3 MB
[runlim] sample:		1462.0 time, 1560.9 real, 201.3 MB
[runlim] sample:		1471.3 time, 1570.9 real, 201.3 MB
[runlim] sample:		1480.7 time, 1580.9 real, 201.3 MB
[runlim] sample:		1490.7 time, 1590.9 real, 201.3 MB
[runlim] sample:		1500.7 time, 1600.9 real, 201.3 MB
[runlim] sample:		1510.7 time, 1610.9 real, 201.3 MB
[runlim] sample:		1520.4 time, 1620.9 real, 201.3 MB
[runlim] sample:		1530.4 time, 1630.9 real, 201.3 MB
[runlim] sample:		1540.4 time, 1640.9 real, 201.3 MB
[runlim] sample:		1550.4 time, 1650.9 real, 201.3 MB
[runlim] sample:		1560.4 time, 1660.9 real, 201.3 MB
[runlim] sample:		1570.4 time, 1670.9 real, 201.3 MB
[runlim] sample:		1580.4 time, 1680.9 real, 201.3 MB
[runlim] sample:		1590.4 time, 1690.9 real, 201.3 MB
[runlim] sample:		1600.4 time, 1700.9 real, 201.3 MB
[runlim] sample:		1610.4 time, 1710.9 real, 201.3 MB
[runlim] sample:		1620.4 time, 1720.9 real, 201.3 MB
[runlim] sample:		1630.4 time, 1730.9 real, 201.3 MB
[runlim] sample:		1640.4 time, 1740.9 real, 201.3 MB
[runlim] sample:		1650.4 time, 1750.9 real, 201.3 MB
[runlim] sample:		1660.4 time, 1760.9 real, 201.3 MB
[runlim] sample:		1670.4 time, 1770.9 real, 201.3 MB
[runlim] sample:		1680.4 time, 1780.9 real, 201.3 MB
[runlim] sample:		1690.4 time, 1790.9 real, 201.3 MB
[runlim] sample:		1700.4 time, 1800.9 real, 201.3 MB
[runlim] sample:		1710.4 time, 1810.9 real, 201.3 MB
[runlim] sample:		1720.4 time, 1820.9 real, 201.3 MB
[runlim] sample:		1730.4 time, 1830.9 real, 201.3 MB
[runlim] sample:		1740.4 time, 1840.9 real, 201.3 MB
[runlim] sample:		1750.4 time, 1850.9 real, 201.3 MB
[runlim] sample:		1760.4 time, 1860.9 real, 201.3 MB
[runlim] sample:		1770.4 time, 1870.9 real, 201.3 MB
[runlim] sample:		1780.4 time, 1880.9 real, 201.3 MB
[runlim] sample:		1790.4 time, 1890.9 real, 201.3 MB
[runlim] end:			Sat Feb  9 02:27:22 2019
[runlim] status:		signal(9)
[runlim] result:		11
[runlim] children:		0
[runlim] real:			1893.20 seconds
[runlim] time:			1792.67 seconds
[runlim] space:			201.3 MB
[runlim] samples:		18923
