[runlim] version:		1.10fixed
[runlim] time limit:		1800 seconds
[runlim] real time limit:	311040000 seconds
[runlim] space limit:		4000 MB
[runlim] argv[0]:		./z3
[runlim] argv[1]:		/tmp/vaRDm9DW.smt2
[runlim] start:			Wed Feb  6 06:53:09 2019
[runlim] main pid:		18882
[runlim] sample:		8.0 time, 10.5 real, 16.0 MB
[runlim] sample:		17.2 time, 20.5 real, 17.6 MB
[runlim] sample:		27.2 time, 30.5 real, 17.7 MB
[runlim] sample:		37.2 time, 40.5 real, 18.1 MB
[runlim] sample:		47.2 time, 50.5 real, 18.1 MB
[runlim] sample:		56.6 time, 60.5 real, 18.1 MB
[runlim] sample:		66.6 time, 70.5 real, 18.5 MB
[runlim] sample:		76.6 time, 80.5 real, 18.7 MB
[runlim] sample:		86.6 time, 90.5 real, 18.7 MB
[runlim] sample:		96.6 time, 100.5 real, 18.7 MB
[runlim] sample:		106.6 time, 110.5 real, 18.7 MB
[runlim] sample:		116.6 time, 120.5 real, 18.7 MB
[runlim] sample:		126.6 time, 130.5 real, 18.7 MB
[runlim] end:			Wed Feb  6 06:55:29 2019
[runlim] status:		ok
[runlim] result:		0
[runlim] children:		0
[runlim] real:			140.10 seconds
[runlim] time:			136.16 seconds
[runlim] space:			18.7 MB
[runlim] samples:		1396
