[runlim] version:		1.10fixed
[runlim] time limit:		1800 seconds
[runlim] real time limit:	311040000 seconds
[runlim] space limit:		4000 MB
[runlim] argv[0]:		./z3
[runlim] argv[1]:		/tmp/42LEmFNP.smt2
[runlim] start:			Wed Feb  6 07:02:34 2019
[runlim] main pid:		10596
[runlim] sample:		9.2 time, 10.5 real, 16.3 MB
[runlim] sample:		19.1 time, 20.5 real, 21.8 MB
[runlim] sample:		29.1 time, 30.5 real, 24.5 MB
[runlim] sample:		39.1 time, 40.5 real, 28.7 MB
[runlim] sample:		49.1 time, 50.5 real, 31.6 MB
[runlim] sample:		59.1 time, 60.5 real, 32.6 MB
[runlim] sample:		69.1 time, 70.5 real, 34.1 MB
[runlim] sample:		79.1 time, 80.5 real, 37.0 MB
[runlim] sample:		89.1 time, 90.5 real, 36.8 MB
[runlim] sample:		99.1 time, 100.5 real, 36.8 MB
[runlim] sample:		109.1 time, 110.5 real, 36.8 MB
[runlim] sample:		119.1 time, 120.5 real, 36.8 MB
[runlim] sample:		129.1 time, 130.5 real, 36.8 MB
[runlim] sample:		139.1 time, 140.5 real, 36.8 MB
[runlim] sample:		149.1 time, 150.5 real, 37.4 MB
[runlim] sample:		159.1 time, 160.5 real, 37.0 MB
[runlim] sample:		169.1 time, 170.5 real, 39.8 MB
[runlim] sample:		179.1 time, 180.5 real, 40.0 MB
[runlim] sample:		189.1 time, 190.5 real, 40.0 MB
[runlim] sample:		199.1 time, 200.5 real, 40.0 MB
[runlim] sample:		209.1 time, 210.5 real, 40.0 MB
[runlim] sample:		219.1 time, 220.5 real, 40.0 MB
[runlim] sample:		229.1 time, 230.5 real, 40.0 MB
[runlim] sample:		239.1 time, 240.5 real, 40.0 MB
[runlim] sample:		249.1 time, 250.5 real, 40.0 MB
[runlim] sample:		259.1 time, 260.5 real, 40.0 MB
[runlim] sample:		269.1 time, 270.5 real, 40.0 MB
[runlim] sample:		279.1 time, 280.5 real, 40.0 MB
[runlim] sample:		289.1 time, 290.5 real, 40.0 MB
[runlim] sample:		299.1 time, 300.5 real, 40.0 MB
[runlim] sample:		309.1 time, 310.5 real, 40.0 MB
[runlim] sample:		319.1 time, 320.5 real, 40.0 MB
[runlim] sample:		329.1 time, 330.5 real, 40.0 MB
[runlim] sample:		339.1 time, 340.5 real, 40.0 MB
[runlim] sample:		349.1 time, 350.5 real, 40.0 MB
[runlim] sample:		359.1 time, 360.5 real, 40.2 MB
[runlim] sample:		369.1 time, 370.5 real, 40.0 MB
[runlim] sample:		379.1 time, 380.5 real, 40.0 MB
[runlim] sample:		389.1 time, 390.5 real, 40.0 MB
[runlim] sample:		399.1 time, 400.5 real, 40.0 MB
[runlim] sample:		409.1 time, 410.5 real, 40.0 MB
[runlim] sample:		419.1 time, 420.5 real, 40.0 MB
[runlim] sample:		429.1 time, 430.5 real, 40.0 MB
[runlim] sample:		439.1 time, 440.5 real, 40.0 MB
[runlim] sample:		449.1 time, 450.5 real, 40.0 MB
[runlim] sample:		459.1 time, 460.5 real, 40.0 MB
[runlim] sample:		469.1 time, 470.5 real, 40.0 MB
[runlim] sample:		479.1 time, 480.5 real, 40.0 MB
[runlim] sample:		489.1 time, 490.5 real, 40.0 MB
[runlim] sample:		499.1 time, 500.5 real, 40.0 MB
[runlim] sample:		509.1 time, 510.5 real, 40.0 MB
[runlim] sample:		519.1 time, 520.5 real, 40.0 MB
[runlim] sample:		529.1 time, 530.5 real, 40.0 MB
[runlim] sample:		539.1 time, 540.5 real, 40.0 MB
[runlim] sample:		549.1 time, 550.5 real, 40.0 MB
[runlim] sample:		559.1 time, 560.5 real, 40.0 MB
[runlim] sample:		569.1 time, 570.5 real, 40.0 MB
[runlim] sample:		579.1 time, 580.5 real, 40.0 MB
[runlim] sample:		589.1 time, 590.5 real, 40.0 MB
[runlim] sample:		599.1 time, 600.5 real, 40.0 MB
[runlim] sample:		609.1 time, 610.5 real, 40.0 MB
[runlim] sample:		619.1 time, 620.5 real, 40.2 MB
[runlim] sample:		629.1 time, 630.5 real, 40.2 MB
[runlim] sample:		639.1 time, 640.5 real, 40.2 MB
[runlim] sample:		649.1 time, 650.5 real, 40.2 MB
[runlim] sample:		659.1 time, 660.5 real, 40.2 MB
[runlim] sample:		669.1 time, 670.5 real, 40.2 MB
[runlim] sample:		679.1 time, 680.5 real, 40.0 MB
[runlim] sample:		689.1 time, 690.5 real, 40.0 MB
[runlim] sample:		699.1 time, 700.5 real, 40.0 MB
[runlim] sample:		709.1 time, 710.5 real, 40.0 MB
[runlim] sample:		719.1 time, 720.5 real, 40.0 MB
[runlim] sample:		729.1 time, 730.5 real, 40.0 MB
[runlim] sample:		739.1 time, 740.5 real, 40.0 MB
[runlim] sample:		749.1 time, 750.5 real, 40.0 MB
[runlim] sample:		759.1 time, 760.5 real, 40.0 MB
[runlim] sample:		769.1 time, 770.5 real, 40.0 MB
[runlim] sample:		779.1 time, 780.5 real, 40.0 MB
[runlim] sample:		789.1 time, 790.5 real, 40.0 MB
[runlim] sample:		799.1 time, 800.5 real, 40.0 MB
[runlim] sample:		809.1 time, 810.5 real, 40.0 MB
[runlim] sample:		819.1 time, 820.5 real, 40.0 MB
[runlim] sample:		829.1 time, 830.5 real, 40.0 MB
[runlim] sample:		839.1 time, 840.5 real, 40.0 MB
[runlim] sample:		849.1 time, 850.5 real, 40.4 MB
[runlim] sample:		859.1 time, 860.5 real, 40.1 MB
[runlim] sample:		869.1 time, 870.5 real, 40.1 MB
[runlim] sample:		879.1 time, 880.5 real, 40.1 MB
[runlim] sample:		889.1 time, 890.5 real, 40.0 MB
[runlim] sample:		899.1 time, 900.5 real, 40.0 MB
[runlim] sample:		909.1 time, 910.5 real, 40.0 MB
[runlim] sample:		919.1 time, 920.5 real, 40.0 MB
[runlim] sample:		929.1 time, 930.5 real, 40.4 MB
[runlim] sample:		939.1 time, 940.5 real, 40.0 MB
[runlim] sample:		949.1 time, 950.5 real, 40.0 MB
[runlim] sample:		959.1 time, 960.5 real, 40.0 MB
[runlim] sample:		969.1 time, 970.5 real, 40.0 MB
[runlim] sample:		979.1 time, 980.5 real, 40.0 MB
[runlim] sample:		989.1 time, 990.5 real, 40.0 MB
[runlim] sample:		999.1 time, 1000.5 real, 40.0 MB
[runlim] sample:		1009.1 time, 1010.5 real, 40.0 MB
[runlim] sample:		1019.1 time, 1020.5 real, 40.0 MB
[runlim] sample:		1029.2 time, 1030.5 real, 40.0 MB
[runlim] sample:		1039.2 time, 1040.5 real, 40.0 MB
[runlim] sample:		1049.2 time, 1050.5 real, 40.0 MB
[runlim] sample:		1059.2 time, 1060.5 real, 40.0 MB
[runlim] sample:		1069.1 time, 1070.5 real, 40.0 MB
[runlim] sample:		1079.1 time, 1080.5 real, 40.0 MB
[runlim] sample:		1089.1 time, 1090.5 real, 40.0 MB
[runlim] sample:		1099.1 time, 1100.5 real, 40.2 MB
[runlim] sample:		1109.1 time, 1110.5 real, 40.2 MB
[runlim] sample:		1119.1 time, 1120.5 real, 40.0 MB
[runlim] sample:		1129.1 time, 1130.5 real, 40.0 MB
[runlim] sample:		1139.1 time, 1140.5 real, 40.0 MB
[runlim] sample:		1149.1 time, 1150.5 real, 40.3 MB
[runlim] sample:		1159.1 time, 1160.5 real, 40.3 MB
[runlim] sample:		1169.1 time, 1170.5 real, 40.3 MB
[runlim] sample:		1179.1 time, 1180.5 real, 40.2 MB
[runlim] sample:		1189.1 time, 1190.5 real, 40.0 MB
[runlim] sample:		1199.1 time, 1200.5 real, 40.0 MB
[runlim] sample:		1209.1 time, 1210.5 real, 40.0 MB
[runlim] sample:		1219.1 time, 1220.5 real, 40.7 MB
[runlim] sample:		1229.1 time, 1230.5 real, 40.0 MB
[runlim] sample:		1239.1 time, 1240.5 real, 40.0 MB
[runlim] sample:		1249.1 time, 1250.5 real, 40.0 MB
[runlim] sample:		1259.1 time, 1260.5 real, 40.0 MB
[runlim] sample:		1269.1 time, 1270.5 real, 40.3 MB
[runlim] sample:		1279.1 time, 1280.5 real, 40.3 MB
[runlim] sample:		1289.1 time, 1290.5 real, 40.3 MB
[runlim] sample:		1299.1 time, 1300.5 real, 40.3 MB
[runlim] sample:		1309.1 time, 1310.5 real, 40.1 MB
[runlim] sample:		1319.1 time, 1320.5 real, 40.1 MB
[runlim] sample:		1329.1 time, 1330.5 real, 40.1 MB
[runlim] sample:		1339.1 time, 1340.5 real, 40.1 MB
[runlim] sample:		1349.1 time, 1350.5 real, 40.1 MB
[runlim] sample:		1359.1 time, 1360.5 real, 40.1 MB
[runlim] sample:		1369.1 time, 1370.5 real, 40.2 MB
[runlim] sample:		1379.1 time, 1380.5 real, 40.0 MB
[runlim] sample:		1389.1 time, 1390.5 real, 40.0 MB
[runlim] sample:		1399.1 time, 1400.5 real, 40.3 MB
[runlim] sample:		1409.1 time, 1410.5 real, 40.3 MB
[runlim] sample:		1419.1 time, 1420.5 real, 40.3 MB
[runlim] sample:		1429.1 time, 1430.5 real, 40.3 MB
[runlim] sample:		1439.1 time, 1440.5 real, 40.3 MB
[runlim] sample:		1449.1 time, 1450.5 real, 40.2 MB
[runlim] sample:		1459.1 time, 1460.5 real, 40.2 MB
[runlim] sample:		1469.1 time, 1470.5 real, 40.2 MB
[runlim] sample:		1479.1 time, 1480.5 real, 40.0 MB
[runlim] sample:		1489.1 time, 1490.5 real, 40.0 MB
[runlim] sample:		1499.1 time, 1500.5 real, 40.1 MB
[runlim] sample:		1509.1 time, 1510.5 real, 40.1 MB
[runlim] sample:		1519.1 time, 1520.5 real, 40.1 MB
[runlim] sample:		1529.1 time, 1530.5 real, 40.1 MB
[runlim] sample:		1539.1 time, 1540.5 real, 40.0 MB
[runlim] sample:		1549.1 time, 1550.5 real, 40.0 MB
[runlim] sample:		1559.1 time, 1560.5 real, 40.0 MB
[runlim] sample:		1569.1 time, 1570.5 real, 40.0 MB
[runlim] sample:		1579.1 time, 1580.5 real, 40.0 MB
[runlim] sample:		1589.1 time, 1590.5 real, 40.3 MB
[runlim] sample:		1599.1 time, 1600.5 real, 40.3 MB
[runlim] sample:		1609.1 time, 1610.5 real, 42.7 MB
[runlim] sample:		1619.1 time, 1620.5 real, 55.2 MB
[runlim] sample:		1629.1 time, 1630.5 real, 55.6 MB
[runlim] sample:		1639.1 time, 1640.5 real, 55.5 MB
[runlim] sample:		1649.1 time, 1650.5 real, 55.5 MB
[runlim] sample:		1659.1 time, 1660.5 real, 55.5 MB
[runlim] sample:		1669.1 time, 1670.5 real, 55.5 MB
[runlim] sample:		1679.1 time, 1680.5 real, 55.5 MB
[runlim] sample:		1689.1 time, 1690.5 real, 55.6 MB
[runlim] sample:		1699.1 time, 1700.5 real, 55.4 MB
[runlim] sample:		1709.1 time, 1710.5 real, 55.4 MB
[runlim] sample:		1719.1 time, 1720.5 real, 55.4 MB
[runlim] sample:		1729.1 time, 1730.5 real, 55.4 MB
[runlim] sample:		1739.1 time, 1740.5 real, 55.4 MB
[runlim] sample:		1749.1 time, 1750.5 real, 55.4 MB
[runlim] sample:		1759.1 time, 1760.5 real, 55.9 MB
[runlim] sample:		1769.1 time, 1770.5 real, 55.9 MB
[runlim] sample:		1779.1 time, 1780.5 real, 55.9 MB
[runlim] sample:		1789.1 time, 1790.5 real, 55.9 MB
[runlim] sample:		1799.1 time, 1800.5 real, 55.6 MB
[runlim] end:			Wed Feb  6 07:32:35 2019
[runlim] status:		out of time
[runlim] result:		2
[runlim] children:		0
[runlim] real:			1801.57 seconds
[runlim] time:			1800.10 seconds
[runlim] space:			56.2 MB
[runlim] samples:		18010
