[runlim] version:		1.10fixed
[runlim] time limit:		300 seconds
[runlim] real time limit:	311040000 seconds
[runlim] space limit:		4000 MB
[runlim] argv[0]:		./z3
[runlim] argv[1]:		/tmp/IkvnmD0P.smt2
[runlim] start:			Thu Feb 14 00:48:03 2019
[runlim] main pid:		5758
[runlim] sample:		8.3 time, 11.0 real, 18.7 MB
[runlim] sample:		17.2 time, 21.0 real, 18.9 MB
[runlim] sample:		26.8 time, 31.0 real, 37.7 MB
[runlim] sample:		36.8 time, 41.0 real, 37.7 MB
[runlim] sample:		46.8 time, 51.0 real, 37.7 MB
[runlim] sample:		56.6 time, 61.0 real, 37.9 MB
[runlim] sample:		66.4 time, 71.0 real, 37.9 MB
[runlim] sample:		76.2 time, 81.0 real, 37.9 MB
[runlim] sample:		85.5 time, 91.0 real, 37.9 MB
[runlim] sample:		94.9 time, 101.0 real, 37.9 MB
[runlim] sample:		104.4 time, 111.0 real, 37.9 MB
[runlim] sample:		114.4 time, 121.0 real, 37.9 MB
[runlim] sample:		124.4 time, 131.0 real, 38.0 MB
[runlim] sample:		134.4 time, 141.0 real, 38.0 MB
[runlim] sample:		144.3 time, 151.0 real, 38.0 MB
[runlim] sample:		154.0 time, 161.0 real, 38.0 MB
[runlim] sample:		163.6 time, 171.0 real, 38.0 MB
[runlim] sample:		173.3 time, 181.0 real, 38.0 MB
[runlim] sample:		183.0 time, 191.0 real, 38.2 MB
[runlim] sample:		193.0 time, 201.0 real, 38.2 MB
[runlim] sample:		203.0 time, 211.0 real, 38.2 MB
[runlim] sample:		213.0 time, 221.0 real, 38.2 MB
[runlim] sample:		223.0 time, 231.0 real, 38.2 MB
[runlim] sample:		232.2 time, 241.0 real, 38.2 MB
[runlim] sample:		241.5 time, 251.0 real, 38.2 MB
[runlim] sample:		251.5 time, 261.0 real, 38.2 MB
[runlim] sample:		261.5 time, 271.0 real, 38.2 MB
[runlim] sample:		271.5 time, 281.0 real, 38.5 MB
[runlim] sample:		281.5 time, 291.0 real, 38.5 MB
[runlim] sample:		291.5 time, 301.0 real, 38.5 MB
[runlim] end:			Thu Feb 14 00:53:12 2019
[runlim] status:		out of time
[runlim] result:		2
[runlim] children:		0
[runlim] real:			309.61 seconds
[runlim] time:			300.06 seconds
[runlim] space:			38.6 MB
[runlim] samples:		3086
