[runlim] version:		1.10fixed
[runlim] time limit:		1800 seconds
[runlim] real time limit:	311040000 seconds
[runlim] space limit:		4000 MB
[runlim] argv[0]:		./z3
[runlim] argv[1]:		/tmp/MZqMBtUF.smt2
[runlim] start:			Sat Feb  9 15:05:39 2019
[runlim] main pid:		15635
[runlim] sample:		9.4 time, 10.3 real, 19.8 MB
[runlim] sample:		19.4 time, 20.3 real, 25.7 MB
[runlim] sample:		29.4 time, 30.3 real, 25.7 MB
[runlim] sample:		39.4 time, 40.3 real, 25.8 MB
[runlim] sample:		49.0 time, 50.3 real, 25.8 MB
[runlim] sample:		58.9 time, 60.3 real, 25.8 MB
[runlim] sample:		67.3 time, 70.3 real, 25.8 MB
[runlim] sample:		75.1 time, 80.3 real, 25.8 MB
[runlim] sample:		84.6 time, 90.3 real, 28.3 MB
[runlim] sample:		94.6 time, 100.3 real, 42.8 MB
[runlim] sample:		104.6 time, 110.3 real, 25.8 MB
[runlim] sample:		114.6 time, 120.3 real, 25.8 MB
[runlim] sample:		123.2 time, 130.3 real, 26.1 MB
[runlim] sample:		130.5 time, 140.3 real, 25.8 MB
[runlim] sample:		137.8 time, 150.3 real, 25.8 MB
[runlim] sample:		146.4 time, 160.3 real, 25.8 MB
[runlim] sample:		156.4 time, 170.3 real, 25.8 MB
[runlim] sample:		166.4 time, 180.3 real, 25.8 MB
[runlim] sample:		176.1 time, 190.3 real, 25.8 MB
[runlim] sample:		184.9 time, 200.3 real, 25.8 MB
[runlim] sample:		192.6 time, 210.3 real, 25.9 MB
[runlim] sample:		200.2 time, 220.3 real, 25.9 MB
[runlim] sample:		207.8 time, 230.3 real, 25.9 MB
[runlim] sample:		216.6 time, 240.3 real, 29.2 MB
[runlim] sample:		226.3 time, 250.3 real, 29.1 MB
[runlim] sample:		235.6 time, 260.3 real, 29.1 MB
[runlim] sample:		245.2 time, 270.3 real, 34.6 MB
[runlim] sample:		254.5 time, 280.3 real, 35.1 MB
[runlim] sample:		263.1 time, 290.3 real, 35.2 MB
[runlim] sample:		270.7 time, 300.3 real, 35.2 MB
[runlim] sample:		278.8 time, 310.3 real, 35.2 MB
[runlim] sample:		288.6 time, 320.3 real, 35.2 MB
[runlim] sample:		298.6 time, 330.3 real, 35.2 MB
[runlim] sample:		308.6 time, 340.3 real, 34.6 MB
[runlim] sample:		318.6 time, 350.3 real, 35.7 MB
[runlim] sample:		328.6 time, 360.3 real, 34.6 MB
[runlim] sample:		338.6 time, 370.3 real, 42.6 MB
[runlim] sample:		348.6 time, 380.3 real, 44.8 MB
[runlim] sample:		358.6 time, 390.3 real, 40.1 MB
[runlim] sample:		366.9 time, 400.3 real, 40.1 MB
[runlim] sample:		374.9 time, 410.3 real, 43.1 MB
[runlim] sample:		384.9 time, 420.3 real, 39.7 MB
[runlim] sample:		394.9 time, 430.3 real, 42.8 MB
[runlim] sample:		404.9 time, 440.3 real, 39.3 MB
[runlim] sample:		414.8 time, 450.3 real, 39.3 MB
[runlim] sample:		424.8 time, 460.3 real, 40.0 MB
[runlim] sample:		433.8 time, 470.3 real, 40.0 MB
[runlim] sample:		443.5 time, 480.3 real, 41.3 MB
[runlim] sample:		453.1 time, 490.3 real, 41.3 MB
[runlim] sample:		463.0 time, 500.3 real, 41.3 MB
[runlim] sample:		473.0 time, 510.3 real, 41.3 MB
[runlim] sample:		483.0 time, 520.3 real, 45.2 MB
[runlim] sample:		493.0 time, 530.3 real, 45.1 MB
[runlim] sample:		503.0 time, 540.3 real, 66.9 MB
[runlim] sample:		513.0 time, 550.3 real, 66.9 MB
[runlim] sample:		523.0 time, 560.3 real, 66.9 MB
[runlim] sample:		533.0 time, 570.3 real, 66.9 MB
[runlim] sample:		543.0 time, 580.3 real, 66.9 MB
[runlim] sample:		553.0 time, 590.3 real, 66.9 MB
[runlim] sample:		562.8 time, 600.3 real, 66.9 MB
[runlim] sample:		572.5 time, 610.3 real, 66.9 MB
[runlim] sample:		582.1 time, 620.3 real, 66.9 MB
[runlim] sample:		591.8 time, 630.3 real, 66.9 MB
[runlim] sample:		601.5 time, 640.3 real, 66.9 MB
[runlim] sample:		611.2 time, 650.3 real, 66.9 MB
[runlim] sample:		621.0 time, 660.3 real, 66.9 MB
[runlim] sample:		631.0 time, 670.3 real, 66.9 MB
[runlim] sample:		641.0 time, 680.3 real, 66.9 MB
[runlim] sample:		650.9 time, 690.3 real, 66.9 MB
[runlim] sample:		660.9 time, 700.3 real, 66.9 MB
[runlim] sample:		670.9 time, 710.3 real, 66.9 MB
[runlim] sample:		680.9 time, 720.3 real, 66.9 MB
[runlim] sample:		690.9 time, 730.3 real, 66.9 MB
[runlim] sample:		700.9 time, 740.3 real, 66.9 MB
[runlim] sample:		710.9 time, 750.3 real, 66.9 MB
[runlim] sample:		720.9 time, 760.3 real, 66.9 MB
[runlim] sample:		730.9 time, 770.3 real, 89.1 MB
[runlim] sample:		740.9 time, 780.3 real, 89.1 MB
[runlim] sample:		750.9 time, 790.3 real, 89.1 MB
[runlim] sample:		760.9 time, 800.3 real, 89.4 MB
[runlim] sample:		770.9 time, 810.3 real, 89.4 MB
[runlim] sample:		780.9 time, 820.3 real, 89.4 MB
[runlim] sample:		790.9 time, 830.3 real, 89.6 MB
[runlim] sample:		800.9 time, 840.3 real, 89.6 MB
[runlim] sample:		810.9 time, 850.3 real, 89.6 MB
[runlim] sample:		820.9 time, 860.3 real, 89.9 MB
[runlim] sample:		830.9 time, 870.3 real, 86.5 MB
[runlim] sample:		840.9 time, 880.3 real, 81.9 MB
[runlim] sample:		850.9 time, 890.3 real, 81.9 MB
[runlim] sample:		860.9 time, 900.3 real, 81.9 MB
[runlim] sample:		870.9 time, 910.3 real, 81.9 MB
[runlim] sample:		880.9 time, 920.3 real, 81.9 MB
[runlim] sample:		890.9 time, 930.3 real, 81.9 MB
[runlim] sample:		900.9 time, 940.3 real, 81.9 MB
[runlim] sample:		910.8 time, 950.3 real, 81.9 MB
[runlim] sample:		920.8 time, 960.3 real, 81.9 MB
[runlim] sample:		930.8 time, 970.3 real, 81.9 MB
[runlim] sample:		940.8 time, 980.3 real, 81.9 MB
[runlim] sample:		950.8 time, 990.3 real, 81.9 MB
[runlim] sample:		960.8 time, 1000.3 real, 81.9 MB
[runlim] sample:		970.8 time, 1010.3 real, 81.9 MB
[runlim] sample:		980.8 time, 1020.3 real, 81.9 MB
[runlim] sample:		990.8 time, 1030.3 real, 81.9 MB
[runlim] sample:		1000.8 time, 1040.3 real, 207.7 MB
[runlim] sample:		1010.8 time, 1050.3 real, 207.7 MB
[runlim] sample:		1020.8 time, 1060.3 real, 207.7 MB
[runlim] sample:		1030.8 time, 1070.3 real, 207.7 MB
[runlim] sample:		1040.8 time, 1080.3 real, 208.5 MB
[runlim] sample:		1050.8 time, 1090.3 real, 210.5 MB
[runlim] sample:		1060.8 time, 1100.3 real, 210.5 MB
[runlim] sample:		1070.8 time, 1110.3 real, 210.5 MB
[runlim] sample:		1080.8 time, 1120.3 real, 210.5 MB
[runlim] sample:		1090.8 time, 1130.3 real, 210.5 MB
[runlim] sample:		1100.8 time, 1140.3 real, 210.5 MB
[runlim] sample:		1110.8 time, 1150.3 real, 210.5 MB
[runlim] sample:		1120.8 time, 1160.3 real, 210.5 MB
[runlim] sample:		1130.8 time, 1170.3 real, 210.5 MB
[runlim] sample:		1140.8 time, 1180.3 real, 210.5 MB
[runlim] sample:		1150.8 time, 1190.3 real, 210.5 MB
[runlim] sample:		1160.7 time, 1200.3 real, 210.5 MB
[runlim] sample:		1170.7 time, 1210.3 real, 210.5 MB
[runlim] sample:		1180.7 time, 1220.3 real, 210.5 MB
[runlim] sample:		1190.7 time, 1230.3 real, 210.5 MB
[runlim] sample:		1200.7 time, 1240.3 real, 210.5 MB
[runlim] sample:		1210.7 time, 1250.3 real, 210.5 MB
[runlim] sample:		1220.7 time, 1260.3 real, 210.5 MB
[runlim] sample:		1230.7 time, 1270.3 real, 210.5 MB
[runlim] sample:		1240.7 time, 1280.3 real, 210.5 MB
[runlim] sample:		1250.4 time, 1290.3 real, 210.5 MB
[runlim] sample:		1259.1 time, 1300.3 real, 210.5 MB
[runlim] sample:		1267.7 time, 1310.3 real, 210.5 MB
[runlim] sample:		1277.0 time, 1320.3 real, 210.5 MB
[runlim] sample:		1285.2 time, 1330.3 real, 210.5 MB
[runlim] sample:		1293.4 time, 1340.3 real, 210.5 MB
[runlim] sample:		1301.5 time, 1350.3 real, 210.5 MB
[runlim] sample:		1310.2 time, 1360.3 real, 210.5 MB
[runlim] sample:		1319.0 time, 1370.3 real, 210.5 MB
[runlim] sample:		1327.8 time, 1380.3 real, 210.5 MB
[runlim] sample:		1337.3 time, 1390.3 real, 210.5 MB
[runlim] sample:		1347.3 time, 1400.3 real, 210.5 MB
[runlim] sample:		1357.3 time, 1410.3 real, 210.5 MB
[runlim] sample:		1367.3 time, 1420.3 real, 210.5 MB
[runlim] sample:		1375.8 time, 1430.3 real, 210.5 MB
[runlim] sample:		1385.0 time, 1440.3 real, 210.5 MB
[runlim] sample:		1393.1 time, 1450.3 real, 210.5 MB
[runlim] sample:		1402.8 time, 1460.3 real, 210.5 MB
[runlim] sample:		1411.7 time, 1470.3 real, 210.5 MB
[runlim] sample:		1420.4 time, 1480.3 real, 210.5 MB
[runlim] sample:		1429.8 time, 1490.3 real, 210.5 MB
[runlim] sample:		1438.3 time, 1500.3 real, 210.5 MB
[runlim] sample:		1446.7 time, 1510.3 real, 210.5 MB
[runlim] sample:		1454.6 time, 1520.3 real, 210.5 MB
[runlim] sample:		1463.8 time, 1530.3 real, 210.5 MB
[runlim] sample:		1473.6 time, 1540.3 real, 210.5 MB
[runlim] sample:		1483.3 time, 1550.3 real, 210.5 MB
[runlim] sample:		1493.3 time, 1560.3 real, 210.5 MB
[runlim] sample:		1503.3 time, 1570.3 real, 210.5 MB
[runlim] sample:		1513.3 time, 1580.3 real, 210.5 MB
[runlim] sample:		1523.3 time, 1590.3 real, 210.5 MB
[runlim] sample:		1533.3 time, 1600.3 real, 210.5 MB
[runlim] sample:		1543.3 time, 1610.3 real, 210.5 MB
[runlim] sample:		1553.3 time, 1620.3 real, 210.5 MB
[runlim] sample:		1563.3 time, 1630.3 real, 210.5 MB
[runlim] sample:		1573.3 time, 1640.3 real, 210.5 MB
[runlim] sample:		1583.3 time, 1650.3 real, 210.5 MB
[runlim] sample:		1593.3 time, 1660.3 real, 210.5 MB
[runlim] sample:		1603.3 time, 1670.3 real, 210.5 MB
[runlim] sample:		1613.3 time, 1680.3 real, 210.5 MB
[runlim] sample:		1623.3 time, 1690.3 real, 210.5 MB
[runlim] sample:		1633.3 time, 1700.3 real, 210.5 MB
[runlim] sample:		1643.3 time, 1710.3 real, 210.5 MB
[runlim] sample:		1653.3 time, 1720.3 real, 210.5 MB
[runlim] sample:		1663.3 time, 1730.3 real, 210.5 MB
[runlim] sample:		1673.3 time, 1740.3 real, 210.5 MB
[runlim] sample:		1683.3 time, 1750.3 real, 210.5 MB
[runlim] sample:		1693.3 time, 1760.3 real, 210.5 MB
[runlim] sample:		1703.3 time, 1770.3 real, 210.5 MB
[runlim] sample:		1713.3 time, 1780.3 real, 210.5 MB
[runlim] sample:		1723.3 time, 1790.3 real, 210.5 MB
[runlim] sample:		1733.3 time, 1800.3 real, 210.5 MB
[runlim] sample:		1743.3 time, 1810.3 real, 210.5 MB
[runlim] sample:		1753.3 time, 1820.3 real, 210.5 MB
[runlim] sample:		1763.3 time, 1830.3 real, 210.5 MB
[runlim] sample:		1773.2 time, 1840.3 real, 210.5 MB
[runlim] sample:		1783.2 time, 1850.3 real, 210.5 MB
[runlim] sample:		1793.2 time, 1860.3 real, 210.5 MB
[runlim] end:			Sat Feb  9 15:36:45 2019
[runlim] status:		signal(9)
[runlim] result:		11
[runlim] children:		0
[runlim] real:			1866.23 seconds
[runlim] time:			1799.14 seconds
[runlim] space:			212.4 MB
[runlim] samples:		18659
