[runlim] version:		1.10fixed
[runlim] time limit:		1800 seconds
[runlim] real time limit:	311040000 seconds
[runlim] space limit:		4000 MB
[runlim] argv[0]:		./z3
[runlim] argv[1]:		/tmp/6xIpKklJ.smt2
[runlim] start:			Sat Feb  9 17:54:54 2019
[runlim] main pid:		25042
[runlim] sample:		8.7 time, 10.4 real, 37.5 MB
[runlim] sample:		18.0 time, 20.4 real, 42.1 MB
[runlim] sample:		27.5 time, 30.4 real, 47.1 MB
[runlim] sample:		37.5 time, 40.4 real, 51.5 MB
[runlim] sample:		47.5 time, 50.4 real, 57.4 MB
[runlim] sample:		57.5 time, 60.4 real, 57.7 MB
[runlim] sample:		67.5 time, 70.4 real, 58.2 MB
[runlim] sample:		77.5 time, 80.4 real, 62.0 MB
[runlim] sample:		87.5 time, 90.4 real, 64.6 MB
[runlim] sample:		97.5 time, 100.4 real, 68.9 MB
[runlim] sample:		107.5 time, 110.4 real, 81.5 MB
[runlim] sample:		117.5 time, 120.4 real, 95.6 MB
[runlim] sample:		127.5 time, 130.4 real, 100.3 MB
[runlim] sample:		137.5 time, 140.4 real, 108.3 MB
[runlim] sample:		147.5 time, 150.4 real, 112.1 MB
[runlim] sample:		157.5 time, 160.4 real, 112.1 MB
[runlim] sample:		167.4 time, 170.4 real, 113.2 MB
[runlim] sample:		177.4 time, 180.4 real, 114.2 MB
[runlim] sample:		187.4 time, 190.4 real, 115.7 MB
[runlim] sample:		197.4 time, 200.4 real, 116.8 MB
[runlim] sample:		207.4 time, 210.4 real, 117.3 MB
[runlim] sample:		217.4 time, 220.4 real, 118.3 MB
[runlim] sample:		227.4 time, 230.4 real, 119.9 MB
[runlim] sample:		237.4 time, 240.4 real, 122.2 MB
[runlim] sample:		247.4 time, 250.4 real, 122.2 MB
[runlim] sample:		257.4 time, 260.4 real, 124.5 MB
[runlim] sample:		267.4 time, 270.4 real, 125.3 MB
[runlim] sample:		277.4 time, 280.4 real, 130.1 MB
[runlim] sample:		287.4 time, 290.4 real, 130.3 MB
[runlim] sample:		297.4 time, 300.4 real, 130.9 MB
[runlim] sample:		307.4 time, 310.4 real, 132.7 MB
[runlim] sample:		317.4 time, 320.4 real, 134.2 MB
[runlim] sample:		327.4 time, 330.4 real, 134.7 MB
[runlim] sample:		337.4 time, 340.4 real, 135.5 MB
[runlim] sample:		347.4 time, 350.4 real, 135.8 MB
[runlim] sample:		357.4 time, 360.4 real, 136.5 MB
[runlim] sample:		367.4 time, 370.4 real, 137.0 MB
[runlim] sample:		377.4 time, 380.4 real, 146.3 MB
[runlim] sample:		387.4 time, 390.4 real, 148.9 MB
[runlim] sample:		397.4 time, 400.4 real, 149.4 MB
[runlim] sample:		407.4 time, 410.4 real, 149.4 MB
[runlim] sample:		417.4 time, 420.4 real, 149.7 MB
[runlim] sample:		427.4 time, 430.4 real, 150.2 MB
[runlim] sample:		437.4 time, 440.4 real, 152.0 MB
[runlim] sample:		447.4 time, 450.4 real, 157.0 MB
[runlim] sample:		457.4 time, 460.4 real, 162.2 MB
[runlim] sample:		467.4 time, 470.4 real, 165.5 MB
[runlim] sample:		477.4 time, 480.4 real, 167.1 MB
[runlim] sample:		487.4 time, 490.4 real, 167.3 MB
[runlim] sample:		497.4 time, 500.4 real, 168.9 MB
[runlim] sample:		507.4 time, 510.4 real, 168.9 MB
[runlim] sample:		517.4 time, 520.4 real, 168.9 MB
[runlim] sample:		527.4 time, 530.4 real, 168.9 MB
[runlim] sample:		537.4 time, 540.4 real, 169.9 MB
[runlim] sample:		547.4 time, 550.4 real, 169.9 MB
[runlim] sample:		557.4 time, 560.4 real, 169.9 MB
[runlim] sample:		567.4 time, 570.4 real, 170.7 MB
[runlim] sample:		577.4 time, 580.4 real, 171.2 MB
[runlim] sample:		587.4 time, 590.4 real, 171.7 MB
[runlim] sample:		597.3 time, 600.4 real, 173.5 MB
[runlim] sample:		607.3 time, 610.4 real, 181.2 MB
[runlim] sample:		617.3 time, 620.4 real, 182.0 MB
[runlim] sample:		627.3 time, 630.4 real, 185.1 MB
[runlim] sample:		637.3 time, 640.4 real, 191.0 MB
[runlim] sample:		647.3 time, 650.4 real, 191.6 MB
[runlim] sample:		657.3 time, 660.4 real, 191.8 MB
[runlim] sample:		667.3 time, 670.4 real, 191.8 MB
[runlim] sample:		677.3 time, 680.4 real, 191.8 MB
[runlim] sample:		687.3 time, 690.4 real, 193.1 MB
[runlim] sample:		697.3 time, 700.4 real, 203.4 MB
[runlim] sample:		707.3 time, 710.4 real, 210.6 MB
[runlim] sample:		717.3 time, 720.4 real, 213.2 MB
[runlim] sample:		727.3 time, 730.4 real, 213.2 MB
[runlim] sample:		737.3 time, 740.4 real, 213.2 MB
[runlim] sample:		747.3 time, 750.4 real, 214.0 MB
[runlim] sample:		757.3 time, 760.4 real, 215.0 MB
[runlim] sample:		767.3 time, 770.4 real, 224.5 MB
[runlim] sample:		777.3 time, 780.4 real, 228.3 MB
[runlim] sample:		787.3 time, 790.4 real, 231.4 MB
[runlim] sample:		797.3 time, 800.4 real, 235.3 MB
[runlim] sample:		807.3 time, 810.4 real, 259.5 MB
[runlim] sample:		817.3 time, 820.4 real, 261.9 MB
[runlim] sample:		827.3 time, 830.4 real, 262.9 MB
[runlim] sample:		837.3 time, 840.4 real, 263.7 MB
[runlim] sample:		847.3 time, 850.4 real, 263.7 MB
[runlim] sample:		857.3 time, 860.4 real, 268.6 MB
[runlim] sample:		867.3 time, 870.4 real, 268.6 MB
[runlim] sample:		877.3 time, 880.4 real, 269.6 MB
[runlim] sample:		887.2 time, 890.4 real, 273.2 MB
[runlim] sample:		897.2 time, 900.4 real, 273.2 MB
[runlim] sample:		907.2 time, 910.4 real, 301.6 MB
[runlim] sample:		917.2 time, 920.4 real, 302.1 MB
[runlim] sample:		927.2 time, 930.4 real, 302.9 MB
[runlim] sample:		937.2 time, 940.4 real, 303.9 MB
[runlim] sample:		947.2 time, 950.4 real, 304.4 MB
[runlim] sample:		957.2 time, 960.4 real, 305.9 MB
[runlim] sample:		967.2 time, 970.4 real, 306.5 MB
[runlim] sample:		977.2 time, 980.4 real, 307.5 MB
[runlim] sample:		987.2 time, 990.4 real, 309.8 MB
[runlim] sample:		997.2 time, 1000.4 real, 310.1 MB
[runlim] sample:		1007.2 time, 1010.4 real, 310.1 MB
[runlim] sample:		1017.2 time, 1020.4 real, 310.1 MB
[runlim] sample:		1027.2 time, 1030.4 real, 310.1 MB
[runlim] sample:		1037.2 time, 1040.4 real, 311.4 MB
[runlim] sample:		1047.2 time, 1050.4 real, 311.9 MB
[runlim] sample:		1057.2 time, 1060.4 real, 314.7 MB
[runlim] sample:		1067.2 time, 1070.4 real, 321.7 MB
[runlim] sample:		1077.2 time, 1080.4 real, 328.4 MB
[runlim] sample:		1087.2 time, 1090.4 real, 328.9 MB
[runlim] sample:		1097.2 time, 1100.4 real, 328.9 MB
[runlim] sample:		1107.2 time, 1110.4 real, 329.2 MB
[runlim] sample:		1117.2 time, 1120.4 real, 329.2 MB
[runlim] sample:		1127.2 time, 1130.4 real, 329.4 MB
[runlim] sample:		1137.2 time, 1140.4 real, 329.7 MB
[runlim] sample:		1147.2 time, 1150.4 real, 329.7 MB
[runlim] sample:		1157.2 time, 1160.4 real, 330.7 MB
[runlim] sample:		1167.2 time, 1170.4 real, 331.5 MB
[runlim] sample:		1177.2 time, 1180.4 real, 331.5 MB
[runlim] sample:		1187.2 time, 1190.4 real, 331.5 MB
[runlim] sample:		1197.2 time, 1200.4 real, 332.8 MB
[runlim] sample:		1207.2 time, 1210.4 real, 333.0 MB
[runlim] sample:		1217.2 time, 1220.4 real, 333.0 MB
[runlim] sample:		1227.2 time, 1230.4 real, 333.0 MB
[runlim] sample:		1237.2 time, 1240.4 real, 333.0 MB
[runlim] sample:		1247.2 time, 1250.4 real, 333.0 MB
[runlim] sample:		1257.2 time, 1260.4 real, 333.3 MB
[runlim] sample:		1267.2 time, 1270.4 real, 338.7 MB
[runlim] sample:		1277.2 time, 1280.4 real, 340.5 MB
[runlim] sample:		1287.2 time, 1290.4 real, 342.7 MB
[runlim] sample:		1297.2 time, 1300.4 real, 346.8 MB
[runlim] sample:		1307.2 time, 1310.4 real, 347.9 MB
[runlim] sample:		1317.2 time, 1320.4 real, 349.4 MB
[runlim] sample:		1327.2 time, 1330.4 real, 350.4 MB
[runlim] sample:		1337.2 time, 1340.4 real, 351.5 MB
[runlim] sample:		1347.1 time, 1350.4 real, 352.5 MB
[runlim] sample:		1357.1 time, 1360.4 real, 353.5 MB
[runlim] sample:		1367.1 time, 1370.4 real, 354.6 MB
[runlim] sample:		1377.1 time, 1380.4 real, 357.1 MB
[runlim] sample:		1387.1 time, 1390.4 real, 361.0 MB
[runlim] sample:		1397.1 time, 1400.4 real, 369.5 MB
[runlim] sample:		1407.1 time, 1410.4 real, 379.1 MB
[runlim] sample:		1417.1 time, 1420.4 real, 381.6 MB
[runlim] sample:		1427.1 time, 1430.4 real, 381.6 MB
[runlim] sample:		1437.1 time, 1440.4 real, 381.9 MB
[runlim] sample:		1447.1 time, 1450.4 real, 383.7 MB
[runlim] sample:		1457.1 time, 1460.4 real, 384.5 MB
[runlim] sample:		1467.1 time, 1470.4 real, 384.5 MB
[runlim] sample:		1477.1 time, 1480.4 real, 384.7 MB
[runlim] sample:		1487.1 time, 1490.4 real, 385.5 MB
[runlim] sample:		1497.1 time, 1500.4 real, 386.0 MB
[runlim] sample:		1507.1 time, 1510.4 real, 386.0 MB
[runlim] sample:		1517.1 time, 1520.4 real, 386.3 MB
[runlim] sample:		1527.1 time, 1530.4 real, 386.3 MB
[runlim] sample:		1537.1 time, 1540.4 real, 387.3 MB
[runlim] sample:		1547.1 time, 1550.4 real, 390.1 MB
[runlim] sample:		1557.1 time, 1560.4 real, 390.1 MB
[runlim] sample:		1567.1 time, 1570.4 real, 390.1 MB
[runlim] sample:		1577.1 time, 1580.4 real, 390.1 MB
[runlim] sample:		1587.1 time, 1590.4 real, 390.1 MB
[runlim] sample:		1597.1 time, 1600.4 real, 390.1 MB
[runlim] sample:		1607.1 time, 1610.4 real, 390.1 MB
[runlim] sample:		1617.1 time, 1620.4 real, 390.1 MB
[runlim] sample:		1627.1 time, 1630.4 real, 390.4 MB
[runlim] sample:		1637.1 time, 1640.4 real, 390.4 MB
[runlim] sample:		1647.1 time, 1650.4 real, 391.7 MB
[runlim] sample:		1657.1 time, 1660.4 real, 393.0 MB
[runlim] sample:		1667.0 time, 1670.4 real, 393.8 MB
[runlim] sample:		1677.0 time, 1680.4 real, 395.3 MB
[runlim] sample:		1687.0 time, 1690.4 real, 409.6 MB
[runlim] sample:		1697.0 time, 1700.4 real, 410.1 MB
[runlim] sample:		1707.0 time, 1710.4 real, 410.3 MB
[runlim] sample:		1717.0 time, 1720.4 real, 413.9 MB
[runlim] sample:		1727.0 time, 1730.4 real, 414.2 MB
[runlim] sample:		1737.0 time, 1740.4 real, 414.2 MB
[runlim] sample:		1747.0 time, 1750.4 real, 414.5 MB
[runlim] sample:		1757.0 time, 1760.4 real, 414.7 MB
[runlim] sample:		1767.0 time, 1770.4 real, 414.7 MB
[runlim] sample:		1777.0 time, 1780.4 real, 415.5 MB
[runlim] sample:		1787.0 time, 1790.4 real, 415.5 MB
[runlim] sample:		1797.0 time, 1800.4 real, 418.6 MB
[runlim] end:			Sat Feb  9 18:24:57 2019
[runlim] status:		out of time
[runlim] result:		2
[runlim] children:		0
[runlim] real:			1803.44 seconds
[runlim] time:			1800.02 seconds
[runlim] space:			423.4 MB
[runlim] samples:		18030
