[runlim] version:		1.10fixed
[runlim] time limit:		1800 seconds
[runlim] real time limit:	311040000 seconds
[runlim] space limit:		4000 MB
[runlim] argv[0]:		./z3
[runlim] argv[1]:		/tmp/AzJdy9GO.smt2
[runlim] start:			Sat Feb  9 15:06:06 2019
[runlim] main pid:		6296
[runlim] sample:		9.6 time, 10.9 real, 37.2 MB
[runlim] sample:		19.6 time, 20.9 real, 42.3 MB
[runlim] sample:		29.6 time, 30.9 real, 53.9 MB
[runlim] sample:		39.6 time, 40.9 real, 57.0 MB
[runlim] sample:		49.6 time, 50.9 real, 62.3 MB
[runlim] sample:		59.6 time, 60.9 real, 71.9 MB
[runlim] sample:		69.6 time, 70.9 real, 79.6 MB
[runlim] sample:		79.3 time, 80.9 real, 86.9 MB
[runlim] sample:		88.0 time, 90.9 real, 89.5 MB
[runlim] sample:		98.0 time, 100.9 real, 93.9 MB
[runlim] sample:		108.0 time, 110.9 real, 97.5 MB
[runlim] sample:		118.0 time, 120.9 real, 98.8 MB
[runlim] sample:		127.8 time, 130.9 real, 100.8 MB
[runlim] sample:		136.2 time, 140.9 real, 102.6 MB
[runlim] sample:		146.2 time, 150.9 real, 103.9 MB
[runlim] sample:		156.2 time, 160.9 real, 104.2 MB
[runlim] sample:		166.2 time, 170.9 real, 104.4 MB
[runlim] sample:		176.2 time, 180.9 real, 105.2 MB
[runlim] sample:		186.2 time, 190.9 real, 105.5 MB
[runlim] sample:		196.2 time, 200.9 real, 105.7 MB
[runlim] sample:		204.9 time, 210.9 real, 106.0 MB
[runlim] sample:		214.1 time, 220.9 real, 106.2 MB
[runlim] sample:		222.9 time, 230.9 real, 106.2 MB
[runlim] sample:		232.9 time, 240.9 real, 107.5 MB
[runlim] sample:		241.4 time, 250.9 real, 107.8 MB
[runlim] sample:		251.4 time, 260.9 real, 108.1 MB
[runlim] sample:		261.4 time, 270.9 real, 109.1 MB
[runlim] sample:		271.0 time, 280.9 real, 109.1 MB
[runlim] sample:		279.8 time, 290.9 real, 109.1 MB
[runlim] sample:		289.7 time, 300.9 real, 109.3 MB
[runlim] sample:		299.7 time, 310.9 real, 109.9 MB
[runlim] sample:		308.9 time, 320.9 real, 110.1 MB
[runlim] sample:		316.8 time, 330.9 real, 110.1 MB
[runlim] sample:		325.0 time, 340.9 real, 110.4 MB
[runlim] sample:		334.6 time, 350.9 real, 110.9 MB
[runlim] sample:		344.6 time, 360.9 real, 111.1 MB
[runlim] sample:		354.6 time, 370.9 real, 111.4 MB
[runlim] sample:		364.6 time, 380.9 real, 111.7 MB
[runlim] sample:		374.6 time, 390.9 real, 111.9 MB
[runlim] sample:		384.6 time, 400.9 real, 112.2 MB
[runlim] sample:		394.6 time, 410.9 real, 112.4 MB
[runlim] sample:		404.6 time, 420.9 real, 112.9 MB
[runlim] sample:		414.3 time, 430.9 real, 113.2 MB
[runlim] sample:		421.9 time, 440.9 real, 113.2 MB
[runlim] sample:		431.9 time, 450.9 real, 113.5 MB
[runlim] sample:		441.9 time, 460.9 real, 114.0 MB
[runlim] sample:		451.9 time, 470.9 real, 114.2 MB
[runlim] sample:		461.9 time, 480.9 real, 114.5 MB
[runlim] sample:		471.9 time, 490.9 real, 114.8 MB
[runlim] sample:		480.6 time, 500.9 real, 115.3 MB
[runlim] sample:		490.0 time, 510.9 real, 115.8 MB
[runlim] sample:		500.0 time, 520.9 real, 115.8 MB
[runlim] sample:		509.4 time, 530.9 real, 116.0 MB
[runlim] sample:		517.2 time, 540.9 real, 116.3 MB
[runlim] sample:		525.3 time, 550.9 real, 116.6 MB
[runlim] sample:		533.9 time, 560.9 real, 116.8 MB
[runlim] sample:		543.9 time, 570.9 real, 116.8 MB
[runlim] sample:		553.9 time, 580.9 real, 117.1 MB
[runlim] sample:		563.9 time, 590.9 real, 117.3 MB
[runlim] sample:		572.5 time, 600.9 real, 117.3 MB
[runlim] sample:		582.1 time, 610.9 real, 117.6 MB
[runlim] sample:		591.2 time, 620.9 real, 117.8 MB
[runlim] sample:		601.2 time, 630.9 real, 118.1 MB
[runlim] sample:		611.2 time, 640.9 real, 118.4 MB
[runlim] sample:		620.5 time, 650.9 real, 118.9 MB
[runlim] sample:		630.5 time, 660.9 real, 119.1 MB
[runlim] sample:		640.5 time, 670.9 real, 119.4 MB
[runlim] sample:		649.2 time, 680.9 real, 119.7 MB
[runlim] sample:		659.2 time, 690.9 real, 119.9 MB
[runlim] sample:		669.2 time, 700.9 real, 120.2 MB
[runlim] sample:		678.5 time, 710.9 real, 120.7 MB
[runlim] sample:		688.3 time, 720.9 real, 120.9 MB
[runlim] sample:		698.3 time, 730.9 real, 121.2 MB
[runlim] sample:		708.3 time, 740.9 real, 121.5 MB
[runlim] sample:		718.1 time, 750.9 real, 121.7 MB
[runlim] sample:		728.1 time, 760.9 real, 122.0 MB
[runlim] sample:		738.0 time, 770.9 real, 122.5 MB
[runlim] sample:		748.0 time, 780.9 real, 122.7 MB
[runlim] sample:		758.0 time, 790.9 real, 123.0 MB
[runlim] sample:		768.0 time, 800.9 real, 123.3 MB
[runlim] sample:		777.9 time, 810.9 real, 123.5 MB
[runlim] sample:		787.9 time, 820.9 real, 123.8 MB
[runlim] sample:		797.9 time, 830.9 real, 124.0 MB
[runlim] sample:		807.9 time, 840.9 real, 124.3 MB
[runlim] sample:		817.9 time, 850.9 real, 124.8 MB
[runlim] sample:		827.9 time, 860.9 real, 127.1 MB
[runlim] sample:		836.3 time, 870.9 real, 130.2 MB
[runlim] sample:		845.8 time, 880.9 real, 132.5 MB
[runlim] sample:		855.0 time, 890.9 real, 133.1 MB
[runlim] sample:		865.0 time, 900.9 real, 134.9 MB
[runlim] sample:		875.0 time, 910.9 real, 136.4 MB
[runlim] sample:		885.0 time, 920.9 real, 137.4 MB
[runlim] sample:		895.0 time, 930.9 real, 139.2 MB
[runlim] sample:		903.8 time, 940.9 real, 146.3 MB
[runlim] sample:		913.8 time, 950.9 real, 147.9 MB
[runlim] sample:		922.5 time, 960.9 real, 150.2 MB
[runlim] sample:		931.2 time, 970.9 real, 152.0 MB
[runlim] sample:		940.8 time, 980.9 real, 152.0 MB
[runlim] sample:		949.5 time, 990.9 real, 153.3 MB
[runlim] sample:		959.1 time, 1000.9 real, 154.6 MB
[runlim] sample:		968.8 time, 1010.9 real, 157.4 MB
[runlim] sample:		978.0 time, 1020.9 real, 160.2 MB
[runlim] sample:		988.0 time, 1030.9 real, 160.2 MB
[runlim] sample:		998.0 time, 1040.9 real, 162.3 MB
[runlim] sample:		1007.3 time, 1050.9 real, 162.3 MB
[runlim] sample:		1016.4 time, 1060.9 real, 165.4 MB
[runlim] sample:		1026.3 time, 1070.9 real, 166.4 MB
[runlim] sample:		1036.3 time, 1080.9 real, 166.7 MB
[runlim] sample:		1046.3 time, 1090.9 real, 166.7 MB
[runlim] sample:		1056.3 time, 1100.9 real, 166.9 MB
[runlim] sample:		1066.3 time, 1110.9 real, 167.2 MB
[runlim] sample:		1076.2 time, 1120.9 real, 167.5 MB
[runlim] sample:		1085.8 time, 1130.9 real, 167.5 MB
[runlim] sample:		1095.4 time, 1140.9 real, 167.7 MB
[runlim] sample:		1105.4 time, 1150.9 real, 168.2 MB
[runlim] sample:		1115.0 time, 1160.9 real, 168.5 MB
[runlim] sample:		1123.6 time, 1170.9 real, 168.8 MB
[runlim] sample:		1132.2 time, 1180.9 real, 169.0 MB
[runlim] sample:		1142.2 time, 1190.9 real, 169.3 MB
[runlim] sample:		1152.2 time, 1200.9 real, 169.5 MB
[runlim] sample:		1161.8 time, 1210.9 real, 170.3 MB
[runlim] sample:		1171.0 time, 1220.9 real, 170.3 MB
[runlim] sample:		1180.5 time, 1230.9 real, 171.1 MB
[runlim] sample:		1188.7 time, 1240.9 real, 171.6 MB
[runlim] sample:		1197.2 time, 1250.9 real, 172.6 MB
[runlim] sample:		1206.2 time, 1260.9 real, 173.1 MB
[runlim] sample:		1215.1 time, 1270.9 real, 173.7 MB
[runlim] sample:		1224.7 time, 1280.9 real, 176.2 MB
[runlim] sample:		1233.2 time, 1290.9 real, 192.3 MB
[runlim] sample:		1241.6 time, 1300.9 real, 193.1 MB
[runlim] sample:		1251.1 time, 1310.9 real, 193.1 MB
[runlim] sample:		1261.1 time, 1320.9 real, 193.6 MB
[runlim] sample:		1271.1 time, 1330.9 real, 194.1 MB
[runlim] sample:		1281.1 time, 1340.9 real, 194.6 MB
[runlim] sample:		1291.1 time, 1350.9 real, 194.6 MB
[runlim] sample:		1301.1 time, 1360.9 real, 195.1 MB
[runlim] sample:		1311.1 time, 1370.9 real, 195.9 MB
[runlim] sample:		1321.1 time, 1380.9 real, 196.4 MB
[runlim] sample:		1331.1 time, 1390.9 real, 197.2 MB
[runlim] sample:		1340.0 time, 1400.9 real, 198.8 MB
[runlim] sample:		1348.9 time, 1410.9 real, 199.3 MB
[runlim] sample:		1357.3 time, 1420.9 real, 200.6 MB
[runlim] sample:		1367.2 time, 1430.9 real, 203.4 MB
[runlim] sample:		1376.7 time, 1440.9 real, 208.6 MB
[runlim] sample:		1386.3 time, 1450.9 real, 212.2 MB
[runlim] sample:		1396.3 time, 1460.9 real, 212.4 MB
[runlim] sample:		1406.3 time, 1470.9 real, 212.9 MB
[runlim] sample:		1416.3 time, 1480.9 real, 218.7 MB
[runlim] sample:		1426.3 time, 1490.9 real, 222.5 MB
[runlim] sample:		1436.2 time, 1500.9 real, 223.6 MB
[runlim] sample:		1445.3 time, 1510.9 real, 225.1 MB
[runlim] sample:		1455.3 time, 1520.9 real, 228.5 MB
[runlim] sample:		1465.3 time, 1530.9 real, 229.2 MB
[runlim] sample:		1475.3 time, 1540.9 real, 230.8 MB
[runlim] sample:		1485.3 time, 1550.9 real, 232.6 MB
[runlim] sample:		1495.3 time, 1560.9 real, 232.6 MB
[runlim] sample:		1505.3 time, 1570.9 real, 233.1 MB
[runlim] sample:		1515.3 time, 1580.9 real, 233.4 MB
[runlim] sample:		1524.1 time, 1590.9 real, 241.9 MB
[runlim] sample:		1531.8 time, 1600.9 real, 242.9 MB
[runlim] sample:		1539.5 time, 1610.9 real, 244.2 MB
[runlim] sample:		1548.6 time, 1620.9 real, 244.7 MB
[runlim] sample:		1556.6 time, 1630.9 real, 245.8 MB
[runlim] sample:		1566.3 time, 1640.9 real, 246.5 MB
[runlim] sample:		1576.3 time, 1650.9 real, 247.8 MB
[runlim] sample:		1586.3 time, 1660.9 real, 248.3 MB
[runlim] sample:		1596.0 time, 1670.9 real, 248.5 MB
[runlim] sample:		1605.7 time, 1680.9 real, 250.3 MB
[runlim] sample:		1615.3 time, 1690.9 real, 250.9 MB
[runlim] sample:		1624.9 time, 1700.9 real, 251.4 MB
[runlim] sample:		1634.0 time, 1710.9 real, 256.5 MB
[runlim] sample:		1644.0 time, 1720.9 real, 256.5 MB
[runlim] sample:		1653.8 time, 1730.9 real, 258.1 MB
[runlim] sample:		1663.8 time, 1740.9 real, 258.6 MB
[runlim] sample:		1673.8 time, 1750.9 real, 258.6 MB
[runlim] sample:		1683.6 time, 1760.9 real, 260.9 MB
[runlim] sample:		1692.6 time, 1770.9 real, 261.2 MB
[runlim] sample:		1701.7 time, 1780.9 real, 261.9 MB
[runlim] sample:		1711.3 time, 1790.9 real, 261.9 MB
[runlim] sample:		1720.4 time, 1800.9 real, 263.7 MB
[runlim] sample:		1730.1 time, 1810.9 real, 264.3 MB
[runlim] sample:		1739.8 time, 1820.9 real, 264.8 MB
[runlim] sample:		1749.1 time, 1830.9 real, 266.3 MB
[runlim] sample:		1757.9 time, 1840.9 real, 266.8 MB
[runlim] sample:		1766.9 time, 1850.9 real, 267.9 MB
[runlim] sample:		1775.9 time, 1860.9 real, 269.4 MB
[runlim] sample:		1785.4 time, 1870.9 real, 270.2 MB
[runlim] sample:		1795.0 time, 1880.9 real, 270.7 MB
[runlim] end:			Sat Feb  9 15:37:32 2019
[runlim] status:		out of time
[runlim] result:		2
[runlim] children:		0
[runlim] real:			1886.17 seconds
[runlim] time:			1800.05 seconds
[runlim] space:			271.0 MB
[runlim] samples:		18852
