[runlim] version:		1.10fixed
[runlim] time limit:		1800 seconds
[runlim] real time limit:	311040000 seconds
[runlim] space limit:		4000 MB
[runlim] argv[0]:		./z3
[runlim] argv[1]:		/tmp/1zImyZTE.smt2
[runlim] start:			Sat Feb  9 15:06:01 2019
[runlim] main pid:		5897
[runlim] sample:		8.8 time, 10.3 real, 30.7 MB
[runlim] sample:		17.8 time, 20.3 real, 35.7 MB
[runlim] sample:		27.6 time, 30.3 real, 42.3 MB
[runlim] sample:		37.6 time, 40.3 real, 45.1 MB
[runlim] sample:		47.6 time, 50.3 real, 47.9 MB
[runlim] sample:		57.5 time, 60.3 real, 55.8 MB
[runlim] sample:		67.5 time, 70.3 real, 59.2 MB
[runlim] sample:		77.5 time, 80.3 real, 60.7 MB
[runlim] sample:		87.5 time, 90.3 real, 64.6 MB
[runlim] sample:		96.8 time, 100.3 real, 65.2 MB
[runlim] sample:		106.4 time, 110.3 real, 66.7 MB
[runlim] sample:		114.1 time, 120.3 real, 67.2 MB
[runlim] sample:		122.8 time, 130.3 real, 68.0 MB
[runlim] sample:		131.8 time, 140.3 real, 68.5 MB
[runlim] sample:		141.8 time, 150.3 real, 69.5 MB
[runlim] sample:		151.8 time, 160.3 real, 70.3 MB
[runlim] sample:		161.8 time, 170.3 real, 70.6 MB
[runlim] sample:		171.8 time, 180.3 real, 71.6 MB
[runlim] sample:		181.7 time, 190.3 real, 72.1 MB
[runlim] sample:		190.9 time, 200.3 real, 72.4 MB
[runlim] sample:		200.9 time, 210.3 real, 72.6 MB
[runlim] sample:		210.9 time, 220.3 real, 73.4 MB
[runlim] sample:		220.9 time, 230.3 real, 73.9 MB
[runlim] sample:		230.9 time, 240.3 real, 74.9 MB
[runlim] sample:		240.9 time, 250.3 real, 75.2 MB
[runlim] sample:		249.9 time, 260.3 real, 75.5 MB
[runlim] sample:		258.8 time, 270.3 real, 75.7 MB
[runlim] sample:		268.2 time, 280.3 real, 76.5 MB
[runlim] sample:		276.0 time, 290.3 real, 77.0 MB
[runlim] sample:		284.6 time, 300.3 real, 78.6 MB
[runlim] sample:		293.0 time, 310.3 real, 78.8 MB
[runlim] sample:		301.7 time, 320.3 real, 79.1 MB
[runlim] sample:		311.7 time, 330.3 real, 79.1 MB
[runlim] sample:		321.7 time, 340.3 real, 79.3 MB
[runlim] sample:		330.9 time, 350.3 real, 80.9 MB
[runlim] sample:		339.6 time, 360.3 real, 82.1 MB
[runlim] sample:		348.0 time, 370.3 real, 83.2 MB
[runlim] sample:		355.6 time, 380.3 real, 83.4 MB
[runlim] sample:		363.7 time, 390.3 real, 83.4 MB
[runlim] sample:		372.7 time, 400.3 real, 83.4 MB
[runlim] sample:		381.3 time, 410.3 real, 83.7 MB
[runlim] sample:		389.7 time, 420.3 real, 83.9 MB
[runlim] sample:		398.5 time, 430.3 real, 84.2 MB
[runlim] sample:		407.8 time, 440.3 real, 85.0 MB
[runlim] sample:		416.8 time, 450.3 real, 85.8 MB
[runlim] sample:		424.6 time, 460.3 real, 86.0 MB
[runlim] sample:		432.2 time, 470.3 real, 86.0 MB
[runlim] sample:		440.9 time, 480.3 real, 86.3 MB
[runlim] sample:		450.9 time, 490.3 real, 86.3 MB
[runlim] sample:		460.9 time, 500.3 real, 86.5 MB
[runlim] sample:		470.3 time, 510.3 real, 87.0 MB
[runlim] sample:		478.0 time, 520.3 real, 88.3 MB
[runlim] sample:		487.1 time, 530.3 real, 88.3 MB
[runlim] sample:		496.5 time, 540.3 real, 88.6 MB
[runlim] sample:		506.5 time, 550.3 real, 88.6 MB
[runlim] sample:		516.5 time, 560.3 real, 88.8 MB
[runlim] sample:		526.3 time, 570.3 real, 89.1 MB
[runlim] sample:		535.6 time, 580.3 real, 89.4 MB
[runlim] sample:		542.8 time, 590.3 real, 89.4 MB
[runlim] sample:		551.8 time, 600.3 real, 89.6 MB
[runlim] sample:		561.8 time, 610.3 real, 89.6 MB
[runlim] sample:		571.8 time, 620.3 real, 90.4 MB
[runlim] sample:		581.8 time, 630.3 real, 90.6 MB
[runlim] sample:		591.8 time, 640.3 real, 90.6 MB
[runlim] sample:		601.8 time, 650.3 real, 90.9 MB
[runlim] sample:		609.5 time, 660.3 real, 91.2 MB
[runlim] sample:		619.2 time, 670.3 real, 91.7 MB
[runlim] sample:		628.7 time, 680.3 real, 92.9 MB
[runlim] sample:		638.7 time, 690.3 real, 94.2 MB
[runlim] sample:		648.0 time, 700.3 real, 94.9 MB
[runlim] sample:		655.9 time, 710.3 real, 96.2 MB
[runlim] sample:		665.6 time, 720.3 real, 96.5 MB
[runlim] sample:		674.5 time, 730.3 real, 97.0 MB
[runlim] sample:		684.4 time, 740.3 real, 97.2 MB
[runlim] sample:		693.7 time, 750.3 real, 97.2 MB
[runlim] sample:		702.7 time, 760.3 real, 97.5 MB
[runlim] sample:		711.1 time, 770.3 real, 97.8 MB
[runlim] sample:		720.7 time, 780.3 real, 98.0 MB
[runlim] sample:		729.5 time, 790.3 real, 98.3 MB
[runlim] sample:		738.8 time, 800.3 real, 98.3 MB
[runlim] sample:		748.1 time, 810.3 real, 98.3 MB
[runlim] sample:		757.5 time, 820.3 real, 98.5 MB
[runlim] sample:		767.5 time, 830.3 real, 98.5 MB
[runlim] sample:		777.4 time, 840.3 real, 98.8 MB
[runlim] sample:		786.8 time, 850.3 real, 98.8 MB
[runlim] sample:		794.3 time, 860.3 real, 99.1 MB
[runlim] sample:		802.2 time, 870.3 real, 99.1 MB
[runlim] sample:		812.2 time, 880.3 real, 99.3 MB
[runlim] sample:		821.5 time, 890.3 real, 99.6 MB
[runlim] sample:		830.7 time, 900.3 real, 100.1 MB
[runlim] sample:		839.0 time, 910.3 real, 100.1 MB
[runlim] sample:		847.2 time, 920.3 real, 100.3 MB
[runlim] sample:		856.7 time, 930.3 real, 100.3 MB
[runlim] sample:		866.4 time, 940.3 real, 100.6 MB
[runlim] sample:		874.7 time, 950.3 real, 100.9 MB
[runlim] sample:		882.9 time, 960.3 real, 101.1 MB
[runlim] sample:		892.9 time, 970.3 real, 102.1 MB
[runlim] sample:		902.9 time, 980.3 real, 102.7 MB
[runlim] sample:		912.9 time, 990.3 real, 103.4 MB
[runlim] sample:		922.9 time, 1000.3 real, 103.7 MB
[runlim] sample:		932.9 time, 1010.3 real, 103.7 MB
[runlim] sample:		941.5 time, 1020.3 real, 104.0 MB
[runlim] sample:		951.1 time, 1030.3 real, 104.0 MB
[runlim] sample:		960.8 time, 1040.3 real, 104.2 MB
[runlim] sample:		970.4 time, 1050.3 real, 104.5 MB
[runlim] sample:		980.4 time, 1060.3 real, 104.7 MB
[runlim] sample:		990.0 time, 1070.3 real, 105.0 MB
[runlim] sample:		1000.0 time, 1080.3 real, 106.1 MB
[runlim] sample:		1010.0 time, 1090.3 real, 106.6 MB
[runlim] sample:		1018.5 time, 1100.3 real, 106.9 MB
[runlim] sample:		1027.3 time, 1110.3 real, 108.7 MB
[runlim] sample:		1036.1 time, 1120.3 real, 108.9 MB
[runlim] sample:		1046.0 time, 1130.3 real, 109.7 MB
[runlim] sample:		1056.0 time, 1140.3 real, 110.0 MB
[runlim] sample:		1065.3 time, 1150.3 real, 110.2 MB
[runlim] sample:		1073.6 time, 1160.3 real, 111.3 MB
[runlim] sample:		1081.2 time, 1170.3 real, 111.3 MB
[runlim] sample:		1090.7 time, 1180.3 real, 111.5 MB
[runlim] sample:		1099.3 time, 1190.3 real, 111.8 MB
[runlim] sample:		1108.0 time, 1200.3 real, 112.3 MB
[runlim] sample:		1115.7 time, 1210.3 real, 112.3 MB
[runlim] sample:		1124.5 time, 1220.3 real, 112.8 MB
[runlim] sample:		1134.5 time, 1230.3 real, 118.8 MB
[runlim] sample:		1143.5 time, 1240.3 real, 119.4 MB
[runlim] sample:		1153.3 time, 1250.3 real, 119.6 MB
[runlim] sample:		1162.7 time, 1260.3 real, 121.4 MB
[runlim] sample:		1171.4 time, 1270.3 real, 123.0 MB
[runlim] sample:		1181.1 time, 1280.3 real, 123.2 MB
[runlim] sample:		1190.1 time, 1290.3 real, 123.2 MB
[runlim] sample:		1199.4 time, 1300.3 real, 123.5 MB
[runlim] sample:		1207.9 time, 1310.3 real, 123.5 MB
[runlim] sample:		1217.9 time, 1320.3 real, 123.5 MB
[runlim] sample:		1227.9 time, 1330.3 real, 123.7 MB
[runlim] sample:		1237.9 time, 1340.3 real, 123.7 MB
[runlim] sample:		1247.9 time, 1350.3 real, 123.7 MB
[runlim] sample:		1257.8 time, 1360.3 real, 123.7 MB
[runlim] sample:		1267.8 time, 1370.3 real, 124.0 MB
[runlim] sample:		1277.8 time, 1380.3 real, 124.0 MB
[runlim] sample:		1287.8 time, 1390.3 real, 124.0 MB
[runlim] sample:		1297.8 time, 1400.3 real, 124.2 MB
[runlim] sample:		1307.8 time, 1410.3 real, 124.2 MB
[runlim] sample:		1317.8 time, 1420.3 real, 124.5 MB
[runlim] sample:		1327.8 time, 1430.3 real, 124.8 MB
[runlim] sample:		1336.6 time, 1440.3 real, 124.8 MB
[runlim] sample:		1346.1 time, 1450.3 real, 125.0 MB
[runlim] sample:		1354.5 time, 1460.3 real, 125.0 MB
[runlim] sample:		1364.2 time, 1470.3 real, 125.3 MB
[runlim] sample:		1373.9 time, 1480.3 real, 125.3 MB
[runlim] sample:		1383.7 time, 1490.3 real, 125.5 MB
[runlim] sample:		1393.7 time, 1500.3 real, 125.5 MB
[runlim] sample:		1403.4 time, 1510.3 real, 125.8 MB
[runlim] sample:		1410.9 time, 1520.3 real, 125.8 MB
[runlim] sample:		1420.7 time, 1530.3 real, 127.3 MB
[runlim] sample:		1430.7 time, 1540.3 real, 127.6 MB
[runlim] sample:		1438.5 time, 1550.3 real, 127.6 MB
[runlim] sample:		1446.3 time, 1560.3 real, 127.9 MB
[runlim] sample:		1456.0 time, 1570.3 real, 127.9 MB
[runlim] sample:		1465.9 time, 1580.3 real, 128.4 MB
[runlim] sample:		1475.9 time, 1590.3 real, 128.6 MB
[runlim] sample:		1485.9 time, 1600.3 real, 128.9 MB
[runlim] sample:		1495.5 time, 1610.3 real, 128.9 MB
[runlim] sample:		1505.1 time, 1620.3 real, 128.9 MB
[runlim] sample:		1514.5 time, 1630.3 real, 129.4 MB
[runlim] sample:		1524.2 time, 1640.3 real, 129.4 MB
[runlim] sample:		1534.1 time, 1650.3 real, 129.7 MB
[runlim] sample:		1544.1 time, 1660.3 real, 129.7 MB
[runlim] sample:		1554.1 time, 1670.3 real, 129.9 MB
[runlim] sample:		1564.1 time, 1680.3 real, 130.2 MB
[runlim] sample:		1574.1 time, 1690.3 real, 130.4 MB
[runlim] sample:		1584.1 time, 1700.3 real, 130.4 MB
[runlim] sample:		1594.1 time, 1710.3 real, 130.7 MB
[runlim] sample:		1604.1 time, 1720.3 real, 131.2 MB
[runlim] sample:		1614.1 time, 1730.3 real, 131.7 MB
[runlim] sample:		1624.1 time, 1740.3 real, 132.2 MB
[runlim] sample:		1634.1 time, 1750.3 real, 132.2 MB
[runlim] sample:		1644.1 time, 1760.3 real, 132.5 MB
[runlim] sample:		1654.1 time, 1770.3 real, 132.8 MB
[runlim] sample:		1664.1 time, 1780.3 real, 133.0 MB
[runlim] sample:		1674.1 time, 1790.3 real, 133.3 MB
[runlim] sample:		1684.0 time, 1800.3 real, 133.5 MB
[runlim] sample:		1694.0 time, 1810.3 real, 133.8 MB
[runlim] sample:		1704.0 time, 1820.3 real, 134.0 MB
[runlim] sample:		1714.0 time, 1830.3 real, 134.3 MB
[runlim] sample:		1724.0 time, 1840.3 real, 134.8 MB
[runlim] sample:		1734.0 time, 1850.3 real, 135.3 MB
[runlim] sample:		1744.0 time, 1860.3 real, 135.6 MB
[runlim] sample:		1754.0 time, 1870.3 real, 135.6 MB
[runlim] sample:		1764.0 time, 1880.3 real, 135.6 MB
[runlim] sample:		1774.0 time, 1890.3 real, 135.6 MB
[runlim] sample:		1783.9 time, 1900.3 real, 135.8 MB
[runlim] sample:		1793.6 time, 1910.3 real, 135.8 MB
[runlim] end:			Sat Feb  9 15:37:56 2019
[runlim] status:		signal(9)
[runlim] result:		11
[runlim] children:		0
[runlim] real:			1915.74 seconds
[runlim] time:			1798.83 seconds
[runlim] space:			135.8 MB
[runlim] samples:		19154
