[runlim] version:		1.10fixed
[runlim] time limit:		1800 seconds
[runlim] real time limit:	311040000 seconds
[runlim] space limit:		4000 MB
[runlim] argv[0]:		./z3
[runlim] argv[1]:		/tmp/NnVsfvkf.smt2
[runlim] start:			Sat Feb  9 17:55:00 2019
[runlim] main pid:		19220
[runlim] sample:		9.7 time, 10.2 real, 35.6 MB
[runlim] sample:		19.6 time, 20.2 real, 43.4 MB
[runlim] sample:		29.7 time, 30.2 real, 55.0 MB
[runlim] sample:		39.6 time, 40.2 real, 57.8 MB
[runlim] sample:		49.6 time, 50.2 real, 61.2 MB
[runlim] sample:		59.6 time, 60.2 real, 66.1 MB
[runlim] sample:		69.6 time, 70.2 real, 68.9 MB
[runlim] sample:		79.6 time, 80.2 real, 70.0 MB
[runlim] sample:		89.6 time, 90.2 real, 70.7 MB
[runlim] sample:		99.6 time, 100.2 real, 71.5 MB
[runlim] sample:		109.6 time, 110.2 real, 72.5 MB
[runlim] sample:		117.9 time, 120.2 real, 73.1 MB
[runlim] sample:		127.9 time, 130.2 real, 73.8 MB
[runlim] sample:		137.8 time, 140.2 real, 74.9 MB
[runlim] sample:		147.8 time, 150.2 real, 75.6 MB
[runlim] sample:		155.8 time, 160.2 real, 76.2 MB
[runlim] sample:		164.1 time, 170.2 real, 76.9 MB
[runlim] sample:		173.3 time, 180.2 real, 77.7 MB
[runlim] sample:		183.3 time, 190.2 real, 78.5 MB
[runlim] sample:		193.3 time, 200.2 real, 79.5 MB
[runlim] sample:		203.3 time, 210.2 real, 80.3 MB
[runlim] sample:		213.3 time, 220.2 real, 81.1 MB
[runlim] sample:		223.0 time, 230.2 real, 81.8 MB
[runlim] sample:		230.6 time, 240.2 real, 82.3 MB
[runlim] sample:		238.2 time, 250.2 real, 82.9 MB
[runlim] sample:		245.8 time, 260.2 real, 83.4 MB
[runlim] sample:		253.5 time, 270.2 real, 83.9 MB
[runlim] sample:		261.7 time, 280.2 real, 84.4 MB
[runlim] sample:		271.6 time, 290.2 real, 85.7 MB
[runlim] sample:		281.6 time, 300.2 real, 85.9 MB
[runlim] sample:		291.6 time, 310.2 real, 86.7 MB
[runlim] sample:		301.6 time, 320.2 real, 87.5 MB
[runlim] sample:		311.6 time, 330.2 real, 88.5 MB
[runlim] sample:		321.6 time, 340.2 real, 89.6 MB
[runlim] sample:		331.6 time, 350.2 real, 90.3 MB
[runlim] sample:		341.6 time, 360.2 real, 91.4 MB
[runlim] sample:		351.6 time, 370.2 real, 92.1 MB
[runlim] sample:		361.6 time, 380.2 real, 94.8 MB
[runlim] sample:		371.6 time, 390.2 real, 95.3 MB
[runlim] sample:		381.6 time, 400.2 real, 96.3 MB
[runlim] sample:		391.6 time, 410.2 real, 96.8 MB
[runlim] sample:		401.6 time, 420.2 real, 97.9 MB
[runlim] sample:		411.5 time, 430.2 real, 99.4 MB
[runlim] sample:		421.5 time, 440.2 real, 100.7 MB
[runlim] sample:		431.5 time, 450.2 real, 102.0 MB
[runlim] sample:		441.5 time, 460.2 real, 102.8 MB
[runlim] sample:		451.5 time, 470.2 real, 103.5 MB
[runlim] sample:		461.5 time, 480.2 real, 104.3 MB
[runlim] sample:		471.5 time, 490.2 real, 105.1 MB
[runlim] sample:		480.0 time, 500.2 real, 105.6 MB
[runlim] sample:		490.0 time, 510.2 real, 106.4 MB
[runlim] sample:		500.0 time, 520.2 real, 107.1 MB
[runlim] sample:		509.7 time, 530.2 real, 108.0 MB
[runlim] sample:		519.7 time, 540.2 real, 108.8 MB
[runlim] sample:		529.7 time, 550.2 real, 109.6 MB
[runlim] sample:		539.7 time, 560.2 real, 110.8 MB
[runlim] sample:		549.2 time, 570.2 real, 111.4 MB
[runlim] sample:		556.5 time, 580.2 real, 111.9 MB
[runlim] sample:		565.6 time, 590.2 real, 112.6 MB
[runlim] sample:		575.6 time, 600.2 real, 113.4 MB
[runlim] sample:		585.6 time, 610.2 real, 114.2 MB
[runlim] sample:		595.6 time, 620.2 real, 115.0 MB
[runlim] sample:		604.8 time, 630.2 real, 115.7 MB
[runlim] sample:		612.1 time, 640.2 real, 116.3 MB
[runlim] sample:		619.7 time, 650.2 real, 117.0 MB
[runlim] sample:		629.7 time, 660.2 real, 117.5 MB
[runlim] sample:		639.7 time, 670.2 real, 118.3 MB
[runlim] sample:		649.6 time, 680.2 real, 120.4 MB
[runlim] sample:		659.0 time, 690.2 real, 120.4 MB
[runlim] sample:		669.0 time, 700.2 real, 121.2 MB
[runlim] sample:		679.0 time, 710.2 real, 121.9 MB
[runlim] sample:		688.7 time, 720.2 real, 122.4 MB
[runlim] sample:		698.7 time, 730.2 real, 123.5 MB
[runlim] sample:		708.7 time, 740.2 real, 124.0 MB
[runlim] sample:		718.7 time, 750.2 real, 124.8 MB
[runlim] sample:		728.7 time, 760.2 real, 125.5 MB
[runlim] sample:		738.7 time, 770.2 real, 126.3 MB
[runlim] sample:		748.7 time, 780.2 real, 126.8 MB
[runlim] sample:		758.7 time, 790.2 real, 127.6 MB
[runlim] sample:		768.7 time, 800.2 real, 128.4 MB
[runlim] sample:		776.6 time, 810.2 real, 128.9 MB
[runlim] sample:		785.4 time, 820.2 real, 129.4 MB
[runlim] sample:		795.4 time, 830.2 real, 131.2 MB
[runlim] sample:		805.4 time, 840.2 real, 133.0 MB
[runlim] sample:		815.4 time, 850.2 real, 133.8 MB
[runlim] sample:		825.4 time, 860.2 real, 134.6 MB
[runlim] sample:		835.4 time, 870.2 real, 135.6 MB
[runlim] sample:		845.4 time, 880.2 real, 136.1 MB
[runlim] sample:		854.1 time, 890.2 real, 136.9 MB
[runlim] sample:		863.2 time, 900.2 real, 137.4 MB
[runlim] sample:		872.9 time, 910.2 real, 138.2 MB
[runlim] sample:		882.5 time, 920.2 real, 138.7 MB
[runlim] sample:		892.0 time, 930.2 real, 139.5 MB
[runlim] sample:		900.5 time, 940.2 real, 140.2 MB
[runlim] sample:		909.7 time, 950.2 real, 140.7 MB
[runlim] sample:		919.7 time, 960.2 real, 141.5 MB
[runlim] sample:		929.7 time, 970.2 real, 142.3 MB
[runlim] sample:		939.7 time, 980.2 real, 143.1 MB
[runlim] sample:		949.7 time, 990.2 real, 143.8 MB
[runlim] sample:		959.7 time, 1000.2 real, 144.9 MB
[runlim] sample:		969.7 time, 1010.2 real, 145.6 MB
[runlim] sample:		979.7 time, 1020.2 real, 146.2 MB
[runlim] sample:		987.6 time, 1030.2 real, 146.9 MB
[runlim] sample:		996.3 time, 1040.2 real, 147.4 MB
[runlim] sample:		1005.6 time, 1050.2 real, 148.5 MB
[runlim] sample:		1015.0 time, 1060.2 real, 149.2 MB
[runlim] sample:		1024.3 time, 1070.2 real, 149.8 MB
[runlim] sample:		1033.7 time, 1080.2 real, 150.5 MB
[runlim] sample:		1043.0 time, 1090.2 real, 151.3 MB
[runlim] sample:		1051.6 time, 1100.2 real, 151.8 MB
[runlim] sample:		1059.5 time, 1110.2 real, 154.1 MB
[runlim] sample:		1067.4 time, 1120.2 real, 154.1 MB
[runlim] sample:		1077.1 time, 1130.2 real, 155.2 MB
[runlim] sample:		1087.1 time, 1140.2 real, 156.0 MB
[runlim] sample:		1095.2 time, 1150.2 real, 156.5 MB
[runlim] sample:		1103.1 time, 1160.2 real, 157.2 MB
[runlim] sample:		1111.0 time, 1170.2 real, 157.8 MB
[runlim] sample:		1118.9 time, 1180.2 real, 158.5 MB
[runlim] sample:		1126.8 time, 1190.2 real, 159.3 MB
[runlim] sample:		1136.2 time, 1200.2 real, 160.1 MB
[runlim] sample:		1146.2 time, 1210.2 real, 160.9 MB
[runlim] sample:		1156.2 time, 1220.2 real, 161.9 MB
[runlim] sample:		1165.1 time, 1230.2 real, 162.4 MB
[runlim] sample:		1172.7 time, 1240.2 real, 162.9 MB
[runlim] sample:		1181.9 time, 1250.2 real, 163.9 MB
[runlim] sample:		1191.5 time, 1260.2 real, 164.7 MB
[runlim] sample:		1199.1 time, 1270.2 real, 165.2 MB
[runlim] sample:		1208.2 time, 1280.2 real, 166.3 MB
[runlim] sample:		1217.9 time, 1290.2 real, 166.8 MB
[runlim] sample:		1227.6 time, 1300.2 real, 167.3 MB
[runlim] sample:		1237.2 time, 1310.2 real, 168.3 MB
[runlim] sample:		1246.9 time, 1320.2 real, 169.1 MB
[runlim] sample:		1256.6 time, 1330.2 real, 170.1 MB
[runlim] sample:		1266.3 time, 1340.2 real, 170.9 MB
[runlim] sample:		1275.9 time, 1350.2 real, 171.7 MB
[runlim] sample:		1285.6 time, 1360.2 real, 172.5 MB
[runlim] sample:		1295.3 time, 1370.2 real, 173.2 MB
[runlim] sample:		1305.0 time, 1380.2 real, 174.0 MB
[runlim] sample:		1314.6 time, 1390.2 real, 174.8 MB
[runlim] sample:		1324.3 time, 1400.2 real, 175.5 MB
[runlim] sample:		1333.7 time, 1410.2 real, 176.1 MB
[runlim] sample:		1341.7 time, 1420.2 real, 176.6 MB
[runlim] sample:		1351.5 time, 1430.2 real, 177.4 MB
[runlim] sample:		1360.2 time, 1440.2 real, 177.9 MB
[runlim] sample:		1369.9 time, 1450.2 real, 178.4 MB
[runlim] sample:		1379.6 time, 1460.2 real, 178.9 MB
[runlim] sample:		1389.3 time, 1470.2 real, 179.4 MB
[runlim] sample:		1399.0 time, 1480.2 real, 180.2 MB
[runlim] sample:		1408.6 time, 1490.2 real, 181.0 MB
[runlim] sample:		1418.3 time, 1500.2 real, 182.0 MB
[runlim] sample:		1427.8 time, 1510.2 real, 183.0 MB
[runlim] sample:		1435.5 time, 1520.2 real, 183.8 MB
[runlim] sample:		1443.5 time, 1530.2 real, 184.6 MB
[runlim] sample:		1453.3 time, 1540.2 real, 185.5 MB
[runlim] sample:		1463.3 time, 1550.2 real, 186.5 MB
[runlim] sample:		1473.3 time, 1560.2 real, 187.3 MB
[runlim] sample:		1483.3 time, 1570.2 real, 187.8 MB
[runlim] sample:		1492.9 time, 1580.2 real, 188.9 MB
[runlim] sample:		1502.3 time, 1590.2 real, 189.6 MB
[runlim] sample:		1511.7 time, 1600.2 real, 190.7 MB
[runlim] sample:		1519.3 time, 1610.2 real, 191.4 MB
[runlim] sample:		1528.4 time, 1620.2 real, 192.5 MB
[runlim] sample:		1538.4 time, 1630.2 real, 193.5 MB
[runlim] sample:		1548.0 time, 1640.2 real, 194.3 MB
[runlim] sample:		1555.4 time, 1650.2 real, 194.8 MB
[runlim] sample:		1562.8 time, 1660.2 real, 195.6 MB
[runlim] sample:		1571.8 time, 1670.2 real, 196.1 MB
[runlim] sample:		1581.8 time, 1680.2 real, 196.9 MB
[runlim] sample:		1591.8 time, 1690.2 real, 197.9 MB
[runlim] sample:		1601.8 time, 1700.2 real, 198.7 MB
[runlim] sample:		1611.8 time, 1710.2 real, 199.2 MB
[runlim] sample:		1621.8 time, 1720.2 real, 199.9 MB
[runlim] sample:		1631.8 time, 1730.2 real, 200.5 MB
[runlim] sample:		1641.8 time, 1740.2 real, 201.2 MB
[runlim] sample:		1649.5 time, 1750.2 real, 201.8 MB
[runlim] sample:		1658.2 time, 1760.2 real, 202.5 MB
[runlim] sample:		1665.5 time, 1770.2 real, 203.0 MB
[runlim] sample:		1672.9 time, 1780.2 real, 203.6 MB
[runlim] sample:		1681.4 time, 1790.2 real, 204.1 MB
[runlim] sample:		1691.3 time, 1800.2 real, 204.8 MB
[runlim] sample:		1701.3 time, 1810.2 real, 205.6 MB
[runlim] sample:		1711.3 time, 1820.2 real, 206.9 MB
[runlim] sample:		1721.2 time, 1830.2 real, 207.2 MB
[runlim] sample:		1731.0 time, 1840.2 real, 208.2 MB
[runlim] sample:		1740.4 time, 1850.2 real, 209.0 MB
[runlim] sample:		1750.2 time, 1860.2 real, 209.7 MB
[runlim] end:			Sat Feb  9 18:26:04 2019
[runlim] status:		signal(9)
[runlim] result:		11
[runlim] children:		0
[runlim] real:			1864.60 seconds
[runlim] time:			1754.33 seconds
[runlim] space:			210.5 MB
[runlim] samples:		18643
