[runlim] version:		1.10fixed
[runlim] time limit:		1800 seconds
[runlim] real time limit:	311040000 seconds
[runlim] space limit:		4000 MB
[runlim] argv[0]:		./z3
[runlim] argv[1]:		/tmp/9j1TUa0f.smt2
[runlim] start:			Sat Feb  9 18:23:06 2019
[runlim] main pid:		9738
[runlim] sample:		8.5 time, 10.5 real, 28.5 MB
[runlim] sample:		17.2 time, 20.5 real, 32.5 MB
[runlim] sample:		25.1 time, 30.5 real, 37.3 MB
[runlim] sample:		34.9 time, 40.5 real, 39.8 MB
[runlim] sample:		44.9 time, 50.5 real, 44.5 MB
[runlim] sample:		54.9 time, 60.5 real, 48.9 MB
[runlim] sample:		64.9 time, 70.5 real, 54.2 MB
[runlim] sample:		74.3 time, 80.5 real, 54.9 MB
[runlim] sample:		84.0 time, 90.5 real, 56.1 MB
[runlim] sample:		93.6 time, 100.5 real, 57.9 MB
[runlim] sample:		101.9 time, 110.5 real, 60.0 MB
[runlim] sample:		110.0 time, 120.5 real, 60.8 MB
[runlim] sample:		119.0 time, 130.5 real, 62.3 MB
[runlim] sample:		127.7 time, 140.5 real, 64.1 MB
[runlim] sample:		136.3 time, 150.5 real, 65.4 MB
[runlim] sample:		145.4 time, 160.5 real, 65.6 MB
[runlim] sample:		154.7 time, 170.5 real, 68.0 MB
[runlim] sample:		164.0 time, 180.5 real, 68.2 MB
[runlim] sample:		172.8 time, 190.5 real, 68.7 MB
[runlim] sample:		181.9 time, 200.5 real, 69.8 MB
[runlim] sample:		191.8 time, 210.5 real, 71.3 MB
[runlim] sample:		201.5 time, 220.5 real, 77.7 MB
[runlim] sample:		210.6 time, 230.5 real, 79.0 MB
[runlim] sample:		218.9 time, 240.5 real, 79.0 MB
[runlim] sample:		227.7 time, 250.5 real, 79.8 MB
[runlim] sample:		237.0 time, 260.5 real, 80.8 MB
[runlim] sample:		246.2 time, 270.5 real, 81.6 MB
[runlim] sample:		256.2 time, 280.5 real, 83.9 MB
[runlim] sample:		266.2 time, 290.5 real, 84.6 MB
[runlim] sample:		276.2 time, 300.5 real, 85.7 MB
[runlim] sample:		286.2 time, 310.5 real, 86.2 MB
[runlim] sample:		296.2 time, 320.5 real, 86.5 MB
[runlim] sample:		306.2 time, 330.5 real, 87.5 MB
[runlim] sample:		316.2 time, 340.5 real, 89.5 MB
[runlim] sample:		326.2 time, 350.5 real, 90.6 MB
[runlim] sample:		336.2 time, 360.5 real, 91.4 MB
[runlim] sample:		346.2 time, 370.5 real, 91.6 MB
[runlim] sample:		356.2 time, 380.5 real, 92.6 MB
[runlim] sample:		366.2 time, 390.5 real, 93.2 MB
[runlim] sample:		376.2 time, 400.5 real, 93.2 MB
[runlim] sample:		386.2 time, 410.5 real, 93.7 MB
[runlim] sample:		395.9 time, 420.5 real, 94.4 MB
[runlim] sample:		405.6 time, 430.5 real, 94.7 MB
[runlim] sample:		415.3 time, 440.5 real, 95.2 MB
[runlim] sample:		425.3 time, 450.5 real, 95.5 MB
[runlim] sample:		435.3 time, 460.5 real, 96.0 MB
[runlim] sample:		445.0 time, 470.5 real, 96.5 MB
[runlim] sample:		454.6 time, 480.5 real, 96.8 MB
[runlim] sample:		464.3 time, 490.5 real, 97.5 MB
[runlim] sample:		473.9 time, 500.5 real, 100.7 MB
[runlim] sample:		483.6 time, 510.5 real, 103.3 MB
[runlim] sample:		493.3 time, 520.5 real, 106.1 MB
[runlim] sample:		503.1 time, 530.5 real, 107.4 MB
[runlim] sample:		512.8 time, 540.5 real, 108.2 MB
[runlim] sample:		522.5 time, 550.5 real, 118.0 MB
[runlim] sample:		531.7 time, 560.5 real, 122.1 MB
[runlim] sample:		541.1 time, 570.5 real, 123.7 MB
[runlim] sample:		549.9 time, 580.5 real, 124.7 MB
[runlim] sample:		558.1 time, 590.5 real, 125.7 MB
[runlim] sample:		566.9 time, 600.5 real, 126.2 MB
[runlim] sample:		574.7 time, 610.5 real, 127.3 MB
[runlim] sample:		584.0 time, 620.5 real, 129.8 MB
[runlim] sample:		592.3 time, 630.5 real, 129.8 MB
[runlim] sample:		601.5 time, 640.5 real, 130.4 MB
[runlim] sample:		610.7 time, 650.5 real, 130.6 MB
[runlim] sample:		619.6 time, 660.5 real, 130.9 MB
[runlim] sample:		629.2 time, 670.5 real, 131.4 MB
[runlim] sample:		638.8 time, 680.5 real, 132.7 MB
[runlim] sample:		648.5 time, 690.5 real, 133.7 MB
[runlim] sample:		658.2 time, 700.5 real, 134.0 MB
[runlim] sample:		667.9 time, 710.5 real, 139.1 MB
[runlim] sample:		677.5 time, 720.5 real, 140.2 MB
[runlim] sample:		687.1 time, 730.5 real, 141.2 MB
[runlim] sample:		697.1 time, 740.5 real, 142.0 MB
[runlim] sample:		705.9 time, 750.5 real, 142.2 MB
[runlim] sample:		714.2 time, 760.5 real, 144.3 MB
[runlim] sample:		722.6 time, 770.5 real, 144.3 MB
[runlim] sample:		730.8 time, 780.5 real, 144.8 MB
[runlim] sample:		739.8 time, 790.5 real, 144.8 MB
[runlim] sample:		749.3 time, 800.5 real, 145.3 MB
[runlim] sample:		758.2 time, 810.5 real, 147.4 MB
[runlim] sample:		767.2 time, 820.5 real, 147.4 MB
[runlim] sample:		776.5 time, 830.5 real, 149.2 MB
[runlim] sample:		785.9 time, 840.5 real, 149.7 MB
[runlim] sample:		795.2 time, 850.5 real, 150.2 MB
[runlim] sample:		804.5 time, 860.5 real, 150.2 MB
[runlim] sample:		813.8 time, 870.5 real, 150.5 MB
[runlim] sample:		823.1 time, 880.5 real, 152.8 MB
[runlim] sample:		832.4 time, 890.5 real, 152.8 MB
[runlim] sample:		841.7 time, 900.5 real, 152.8 MB
[runlim] sample:		851.0 time, 910.5 real, 152.8 MB
[runlim] sample:		860.0 time, 920.5 real, 152.8 MB
[runlim] sample:		869.1 time, 930.5 real, 152.8 MB
[runlim] sample:		878.4 time, 940.5 real, 153.0 MB
[runlim] sample:		887.5 time, 950.5 real, 153.0 MB
[runlim] sample:		896.8 time, 960.5 real, 153.0 MB
[runlim] sample:		905.8 time, 970.5 real, 155.1 MB
[runlim] sample:		914.9 time, 980.5 real, 155.9 MB
[runlim] sample:		923.9 time, 990.5 real, 156.1 MB
[runlim] sample:		933.2 time, 1000.5 real, 156.4 MB
[runlim] sample:		943.1 time, 1010.5 real, 157.9 MB
[runlim] sample:		953.0 time, 1020.5 real, 158.2 MB
[runlim] sample:		963.1 time, 1030.5 real, 159.0 MB
[runlim] sample:		973.0 time, 1040.5 real, 159.5 MB
[runlim] sample:		982.4 time, 1050.5 real, 159.5 MB
[runlim] sample:		991.7 time, 1060.5 real, 160.3 MB
[runlim] sample:		1001.0 time, 1070.5 real, 160.5 MB
[runlim] sample:		1010.6 time, 1080.5 real, 161.0 MB
[runlim] sample:		1020.6 time, 1090.5 real, 162.1 MB
[runlim] sample:		1030.5 time, 1100.5 real, 162.8 MB
[runlim] sample:		1039.8 time, 1110.5 real, 164.1 MB
[runlim] sample:		1049.8 time, 1120.5 real, 164.4 MB
[runlim] sample:		1059.7 time, 1130.5 real, 164.6 MB
[runlim] sample:		1069.2 time, 1140.5 real, 165.4 MB
[runlim] sample:		1079.2 time, 1150.5 real, 165.9 MB
[runlim] sample:		1089.2 time, 1160.5 real, 166.7 MB
[runlim] sample:		1098.6 time, 1170.5 real, 168.2 MB
[runlim] sample:		1107.6 time, 1180.5 real, 168.8 MB
[runlim] sample:		1116.7 time, 1190.5 real, 169.5 MB
[runlim] sample:		1125.8 time, 1200.5 real, 170.6 MB
[runlim] sample:		1135.1 time, 1210.5 real, 171.1 MB
[runlim] sample:		1144.5 time, 1220.5 real, 171.6 MB
[runlim] sample:		1153.8 time, 1230.5 real, 171.6 MB
[runlim] sample:		1163.0 time, 1240.5 real, 171.9 MB
[runlim] sample:		1172.3 time, 1250.5 real, 171.9 MB
[runlim] sample:		1181.7 time, 1260.5 real, 171.9 MB
[runlim] sample:		1191.0 time, 1270.5 real, 172.4 MB
[runlim] sample:		1200.2 time, 1280.5 real, 173.7 MB
[runlim] sample:		1209.5 time, 1290.5 real, 173.9 MB
[runlim] sample:		1218.8 time, 1300.5 real, 173.9 MB
[runlim] sample:		1228.1 time, 1310.5 real, 174.2 MB
[runlim] sample:		1237.4 time, 1320.5 real, 174.4 MB
[runlim] sample:		1246.6 time, 1330.5 real, 174.9 MB
[runlim] sample:		1255.8 time, 1340.5 real, 175.5 MB
[runlim] sample:		1264.8 time, 1350.5 real, 176.8 MB
[runlim] sample:		1274.1 time, 1360.5 real, 191.3 MB
[runlim] sample:		1283.4 time, 1370.5 real, 193.1 MB
[runlim] sample:		1292.7 time, 1380.5 real, 193.9 MB
[runlim] sample:		1301.8 time, 1390.5 real, 195.9 MB
[runlim] sample:		1311.1 time, 1400.5 real, 198.0 MB
[runlim] sample:		1320.4 time, 1410.5 real, 198.5 MB
[runlim] sample:		1329.7 time, 1420.5 real, 198.8 MB
[runlim] sample:		1339.0 time, 1430.5 real, 202.9 MB
[runlim] sample:		1348.2 time, 1440.5 real, 203.4 MB
[runlim] sample:		1357.2 time, 1450.5 real, 203.9 MB
[runlim] sample:		1366.4 time, 1460.5 real, 205.5 MB
[runlim] sample:		1375.7 time, 1470.5 real, 205.7 MB
[runlim] sample:		1385.0 time, 1480.5 real, 206.0 MB
[runlim] sample:		1394.2 time, 1490.5 real, 206.5 MB
[runlim] sample:		1403.6 time, 1500.5 real, 206.5 MB
[runlim] sample:		1412.9 time, 1510.5 real, 206.8 MB
[runlim] sample:		1422.2 time, 1520.5 real, 207.0 MB
[runlim] sample:		1431.5 time, 1530.5 real, 207.3 MB
[runlim] sample:		1440.8 time, 1540.5 real, 208.3 MB
[runlim] sample:		1450.2 time, 1550.5 real, 209.9 MB
[runlim] sample:		1459.5 time, 1560.5 real, 209.9 MB
[runlim] sample:		1468.9 time, 1570.5 real, 209.9 MB
[runlim] sample:		1478.9 time, 1580.5 real, 209.9 MB
[runlim] sample:		1488.9 time, 1590.5 real, 209.9 MB
[runlim] sample:		1498.9 time, 1600.5 real, 209.9 MB
[runlim] sample:		1508.9 time, 1610.5 real, 209.9 MB
[runlim] sample:		1518.9 time, 1620.5 real, 209.9 MB
[runlim] sample:		1528.9 time, 1630.5 real, 209.9 MB
[runlim] sample:		1538.9 time, 1640.5 real, 209.9 MB
[runlim] sample:		1548.2 time, 1650.5 real, 209.9 MB
[runlim] sample:		1556.3 time, 1660.5 real, 210.1 MB
[runlim] sample:		1564.3 time, 1670.5 real, 210.1 MB
[runlim] sample:		1572.4 time, 1680.5 real, 210.4 MB
[runlim] sample:		1580.5 time, 1690.5 real, 211.4 MB
[runlim] sample:		1588.6 time, 1700.5 real, 211.7 MB
[runlim] sample:		1597.8 time, 1710.5 real, 212.4 MB
[runlim] sample:		1605.8 time, 1720.5 real, 212.7 MB
[runlim] sample:		1613.9 time, 1730.5 real, 213.2 MB
[runlim] sample:		1622.0 time, 1740.5 real, 213.2 MB
[runlim] sample:		1630.1 time, 1750.5 real, 213.5 MB
[runlim] sample:		1638.2 time, 1760.5 real, 213.7 MB
[runlim] sample:		1647.0 time, 1770.5 real, 214.3 MB
[runlim] sample:		1656.6 time, 1780.5 real, 214.8 MB
[runlim] sample:		1665.7 time, 1790.5 real, 215.0 MB
[runlim] sample:		1675.6 time, 1800.5 real, 215.3 MB
[runlim] sample:		1685.4 time, 1810.5 real, 216.1 MB
[runlim] sample:		1695.4 time, 1820.5 real, 216.8 MB
[runlim] sample:		1705.2 time, 1830.5 real, 217.3 MB
[runlim] sample:		1714.9 time, 1840.5 real, 217.9 MB
[runlim] sample:		1723.3 time, 1850.5 real, 218.6 MB
[runlim] sample:		1731.4 time, 1860.5 real, 218.9 MB
[runlim] sample:		1739.5 time, 1870.5 real, 219.2 MB
[runlim] sample:		1747.6 time, 1880.5 real, 222.8 MB
[runlim] sample:		1755.7 time, 1890.5 real, 222.8 MB
[runlim] sample:		1763.8 time, 1900.5 real, 222.8 MB
[runlim] sample:		1773.7 time, 1910.5 real, 222.8 MB
[runlim] sample:		1782.5 time, 1920.5 real, 223.0 MB
[runlim] sample:		1791.2 time, 1930.5 real, 223.0 MB
[runlim] end:			Sat Feb  9 18:55:22 2019
[runlim] status:		signal(9)
[runlim] result:		11
[runlim] children:		0
[runlim] real:			1936.83 seconds
[runlim] time:			1796.86 seconds
[runlim] space:			223.0 MB
[runlim] samples:		19363
