[runlim] version:		1.10fixed
[runlim] time limit:		1800 seconds
[runlim] real time limit:	311040000 seconds
[runlim] space limit:		4000 MB
[runlim] argv[0]:		./z3
[runlim] argv[1]:		/tmp/Xpgxf2pE.smt2
[runlim] start:			Sat Feb  9 02:08:48 2019
[runlim] main pid:		6421
[runlim] sample:		9.2 time, 11.0 real, 36.7 MB
[runlim] sample:		18.7 time, 21.0 real, 46.0 MB
[runlim] sample:		28.7 time, 31.0 real, 61.9 MB
[runlim] sample:		38.7 time, 41.0 real, 69.9 MB
[runlim] sample:		48.7 time, 51.0 real, 74.0 MB
[runlim] sample:		58.7 time, 61.0 real, 76.8 MB
[runlim] sample:		68.7 time, 71.0 real, 78.9 MB
[runlim] sample:		78.4 time, 81.0 real, 80.4 MB
[runlim] sample:		88.0 time, 91.0 real, 83.6 MB
[runlim] sample:		97.8 time, 101.0 real, 85.1 MB
[runlim] sample:		107.8 time, 111.0 real, 86.4 MB
[runlim] sample:		117.0 time, 121.0 real, 88.8 MB
[runlim] sample:		126.2 time, 131.0 real, 90.8 MB
[runlim] sample:		136.2 time, 141.0 real, 100.8 MB
[runlim] sample:		146.0 time, 151.0 real, 126.9 MB
[runlim] sample:		155.4 time, 161.0 real, 129.7 MB
[runlim] sample:		164.2 time, 171.0 real, 131.8 MB
[runlim] sample:		172.9 time, 181.0 real, 134.6 MB
[runlim] sample:		182.6 time, 191.0 real, 166.8 MB
[runlim] sample:		192.5 time, 201.0 real, 190.3 MB
[runlim] sample:		202.5 time, 211.0 real, 200.1 MB
[runlim] sample:		212.2 time, 221.0 real, 206.8 MB
[runlim] sample:		221.8 time, 231.0 real, 206.8 MB
[runlim] sample:		231.8 time, 241.0 real, 207.8 MB
[runlim] sample:		241.8 time, 251.0 real, 209.3 MB
[runlim] sample:		251.6 time, 261.0 real, 209.6 MB
[runlim] sample:		261.0 time, 271.0 real, 210.1 MB
[runlim] sample:		270.4 time, 281.0 real, 210.6 MB
[runlim] sample:		280.0 time, 291.0 real, 212.4 MB
[runlim] sample:		290.0 time, 301.0 real, 223.4 MB
[runlim] sample:		300.0 time, 311.0 real, 225.2 MB
[runlim] sample:		310.0 time, 321.0 real, 232.7 MB
[runlim] sample:		320.0 time, 331.0 real, 234.0 MB
[runlim] sample:		329.6 time, 341.0 real, 239.1 MB
[runlim] sample:		339.0 time, 351.0 real, 241.9 MB
[runlim] sample:		348.6 time, 361.0 real, 244.8 MB
[runlim] sample:		358.6 time, 371.0 real, 247.4 MB
[runlim] sample:		368.6 time, 381.0 real, 248.6 MB
[runlim] sample:		378.1 time, 391.0 real, 248.6 MB
[runlim] sample:		387.5 time, 401.0 real, 248.9 MB
[runlim] sample:		396.8 time, 411.0 real, 250.7 MB
[runlim] sample:		406.4 time, 421.0 real, 251.5 MB
[runlim] sample:		416.1 time, 431.0 real, 252.0 MB
[runlim] sample:		423.4 time, 441.0 real, 252.0 MB
[runlim] sample:		430.9 time, 451.0 real, 252.0 MB
[runlim] sample:		440.8 time, 461.0 real, 252.0 MB
[runlim] sample:		449.0 time, 471.0 real, 252.2 MB
[runlim] sample:		458.6 time, 481.0 real, 252.8 MB
[runlim] sample:		467.6 time, 491.0 real, 253.0 MB
[runlim] sample:		475.2 time, 501.0 real, 253.5 MB
[runlim] sample:		483.3 time, 511.0 real, 253.8 MB
[runlim] sample:		492.1 time, 521.0 real, 254.8 MB
[runlim] sample:		500.5 time, 531.0 real, 254.8 MB
[runlim] sample:		509.9 time, 541.0 real, 256.1 MB
[runlim] sample:		519.4 time, 551.0 real, 256.1 MB
[runlim] sample:		529.1 time, 561.0 real, 256.1 MB
[runlim] sample:		538.7 time, 571.0 real, 258.2 MB
[runlim] sample:		548.4 time, 581.0 real, 259.2 MB
[runlim] sample:		558.0 time, 591.0 real, 259.2 MB
[runlim] sample:		567.7 time, 601.0 real, 259.2 MB
[runlim] sample:		577.3 time, 611.0 real, 259.2 MB
[runlim] sample:		586.9 time, 621.0 real, 259.2 MB
[runlim] sample:		596.6 time, 631.0 real, 259.5 MB
[runlim] sample:		606.2 time, 641.0 real, 260.2 MB
[runlim] sample:		615.9 time, 651.0 real, 260.5 MB
[runlim] sample:		625.5 time, 661.0 real, 261.8 MB
[runlim] sample:		635.2 time, 671.0 real, 262.3 MB
[runlim] sample:		644.8 time, 681.0 real, 263.1 MB
[runlim] sample:		654.5 time, 691.0 real, 264.6 MB
[runlim] sample:		664.1 time, 701.0 real, 265.7 MB
[runlim] sample:		673.8 time, 711.0 real, 266.4 MB
[runlim] sample:		683.4 time, 721.0 real, 266.7 MB
[runlim] sample:		693.1 time, 731.0 real, 277.3 MB
[runlim] sample:		702.7 time, 741.0 real, 278.8 MB
[runlim] sample:		712.4 time, 751.0 real, 281.9 MB
[runlim] sample:		722.0 time, 761.0 real, 282.4 MB
[runlim] sample:		731.7 time, 771.0 real, 282.9 MB
[runlim] sample:		741.7 time, 781.0 real, 283.4 MB
[runlim] sample:		751.7 time, 791.0 real, 285.0 MB
[runlim] sample:		761.7 time, 801.0 real, 285.8 MB
[runlim] sample:		771.7 time, 811.0 real, 287.1 MB
[runlim] sample:		781.7 time, 821.0 real, 290.4 MB
[runlim] sample:		791.6 time, 831.0 real, 294.7 MB
[runlim] sample:		801.6 time, 841.0 real, 297.5 MB
[runlim] sample:		811.6 time, 851.0 real, 298.0 MB
[runlim] sample:		821.6 time, 861.0 real, 298.3 MB
[runlim] sample:		831.6 time, 871.0 real, 301.4 MB
[runlim] sample:		841.6 time, 881.0 real, 301.4 MB
[runlim] sample:		851.6 time, 891.0 real, 301.6 MB
[runlim] sample:		861.6 time, 901.0 real, 301.6 MB
[runlim] sample:		871.6 time, 911.0 real, 302.2 MB
[runlim] sample:		881.6 time, 921.0 real, 302.4 MB
[runlim] sample:		891.6 time, 931.0 real, 303.4 MB
[runlim] sample:		901.6 time, 941.0 real, 303.4 MB
[runlim] sample:		911.6 time, 951.0 real, 303.4 MB
[runlim] sample:		921.6 time, 961.0 real, 303.4 MB
[runlim] sample:		931.6 time, 971.0 real, 304.7 MB
[runlim] sample:		941.6 time, 981.0 real, 305.0 MB
[runlim] sample:		951.6 time, 991.0 real, 305.0 MB
[runlim] sample:		961.6 time, 1001.0 real, 305.0 MB
[runlim] sample:		971.6 time, 1011.0 real, 305.2 MB
[runlim] sample:		981.6 time, 1021.0 real, 305.5 MB
[runlim] sample:		991.6 time, 1031.0 real, 305.8 MB
[runlim] sample:		1001.6 time, 1041.0 real, 314.6 MB
[runlim] sample:		1011.6 time, 1051.0 real, 314.6 MB
[runlim] sample:		1021.6 time, 1061.0 real, 315.8 MB
[runlim] sample:		1031.6 time, 1071.0 real, 316.1 MB
[runlim] sample:		1041.6 time, 1081.0 real, 316.6 MB
[runlim] sample:		1051.6 time, 1091.0 real, 316.6 MB
[runlim] sample:		1061.6 time, 1101.0 real, 316.9 MB
[runlim] sample:		1071.5 time, 1111.0 real, 317.1 MB
[runlim] sample:		1081.5 time, 1121.0 real, 317.4 MB
[runlim] sample:		1091.5 time, 1131.0 real, 317.6 MB
[runlim] sample:		1101.5 time, 1141.0 real, 318.2 MB
[runlim] sample:		1111.5 time, 1151.0 real, 322.5 MB
[runlim] sample:		1121.5 time, 1161.0 real, 322.8 MB
[runlim] sample:		1131.5 time, 1171.0 real, 326.9 MB
[runlim] sample:		1141.5 time, 1181.0 real, 330.3 MB
[runlim] sample:		1151.5 time, 1191.0 real, 331.8 MB
[runlim] sample:		1161.5 time, 1201.0 real, 337.5 MB
[runlim] sample:		1171.5 time, 1211.0 real, 337.5 MB
[runlim] sample:		1181.5 time, 1221.0 real, 344.2 MB
[runlim] sample:		1191.5 time, 1231.0 real, 347.0 MB
[runlim] sample:		1201.5 time, 1241.0 real, 348.5 MB
[runlim] sample:		1211.5 time, 1251.0 real, 350.3 MB
[runlim] sample:		1221.5 time, 1261.0 real, 354.2 MB
[runlim] sample:		1231.5 time, 1271.0 real, 354.2 MB
[runlim] sample:		1241.5 time, 1281.0 real, 354.2 MB
[runlim] sample:		1251.5 time, 1291.0 real, 354.2 MB
[runlim] sample:		1261.5 time, 1301.0 real, 354.5 MB
[runlim] sample:		1271.5 time, 1311.0 real, 354.5 MB
[runlim] sample:		1281.5 time, 1321.0 real, 354.5 MB
[runlim] sample:		1291.5 time, 1331.0 real, 354.5 MB
[runlim] sample:		1301.5 time, 1341.0 real, 354.5 MB
[runlim] sample:		1311.5 time, 1351.0 real, 355.0 MB
[runlim] sample:		1321.5 time, 1361.0 real, 355.0 MB
[runlim] sample:		1331.5 time, 1371.0 real, 355.0 MB
[runlim] sample:		1341.5 time, 1381.0 real, 355.0 MB
[runlim] sample:		1351.5 time, 1391.0 real, 355.2 MB
[runlim] sample:		1361.5 time, 1401.0 real, 355.2 MB
[runlim] sample:		1371.5 time, 1411.0 real, 356.5 MB
[runlim] sample:		1381.5 time, 1421.0 real, 358.6 MB
[runlim] sample:		1391.5 time, 1431.0 real, 359.6 MB
[runlim] sample:		1401.5 time, 1441.0 real, 359.6 MB
[runlim] sample:		1411.5 time, 1451.0 real, 359.6 MB
[runlim] sample:		1421.5 time, 1461.0 real, 360.6 MB
[runlim] sample:		1431.5 time, 1471.0 real, 360.9 MB
[runlim] sample:		1441.5 time, 1481.0 real, 361.9 MB
[runlim] sample:		1451.5 time, 1491.0 real, 362.2 MB
[runlim] sample:		1461.5 time, 1501.0 real, 362.4 MB
[runlim] sample:		1471.5 time, 1511.0 real, 364.8 MB
[runlim] sample:		1481.5 time, 1521.0 real, 367.3 MB
[runlim] sample:		1491.5 time, 1531.0 real, 372.5 MB
[runlim] sample:		1501.5 time, 1541.0 real, 372.8 MB
[runlim] sample:		1511.5 time, 1551.0 real, 372.8 MB
[runlim] sample:		1521.5 time, 1561.0 real, 372.8 MB
[runlim] sample:		1531.5 time, 1571.0 real, 374.3 MB
[runlim] sample:		1541.5 time, 1581.0 real, 378.7 MB
[runlim] sample:		1551.5 time, 1591.0 real, 379.7 MB
[runlim] sample:		1561.5 time, 1601.0 real, 379.7 MB
[runlim] sample:		1571.5 time, 1611.0 real, 379.7 MB
[runlim] sample:		1581.5 time, 1621.0 real, 379.7 MB
[runlim] sample:		1591.5 time, 1631.0 real, 379.7 MB
[runlim] sample:		1601.5 time, 1641.0 real, 379.7 MB
[runlim] sample:		1611.5 time, 1651.0 real, 379.7 MB
[runlim] sample:		1621.5 time, 1661.0 real, 379.7 MB
[runlim] sample:		1631.5 time, 1671.0 real, 380.0 MB
[runlim] sample:		1641.5 time, 1681.0 real, 380.0 MB
[runlim] sample:		1651.5 time, 1691.0 real, 380.5 MB
[runlim] sample:		1661.5 time, 1701.0 real, 380.5 MB
[runlim] sample:		1671.5 time, 1711.0 real, 380.5 MB
[runlim] sample:		1681.5 time, 1721.0 real, 380.8 MB
[runlim] sample:		1691.4 time, 1731.0 real, 381.0 MB
[runlim] sample:		1701.4 time, 1741.0 real, 382.0 MB
[runlim] sample:		1711.4 time, 1751.0 real, 394.4 MB
[runlim] sample:		1721.4 time, 1761.0 real, 396.0 MB
[runlim] sample:		1731.4 time, 1771.0 real, 396.0 MB
[runlim] sample:		1741.4 time, 1781.0 real, 396.0 MB
[runlim] sample:		1751.4 time, 1791.0 real, 396.2 MB
[runlim] sample:		1761.4 time, 1801.0 real, 397.2 MB
[runlim] sample:		1771.4 time, 1811.0 real, 397.2 MB
[runlim] sample:		1781.4 time, 1821.0 real, 400.3 MB
[runlim] sample:		1791.4 time, 1831.0 real, 400.3 MB
[runlim] end:			Sat Feb  9 02:39:27 2019
[runlim] status:		out of time
[runlim] result:		2
[runlim] children:		0
[runlim] real:			1839.60 seconds
[runlim] time:			1800.02 seconds
[runlim] space:			400.3 MB
[runlim] samples:		18386
