[runlim] version:		1.10fixed
[runlim] time limit:		300 seconds
[runlim] real time limit:	311040000 seconds
[runlim] space limit:		4000 MB
[runlim] argv[0]:		./z3
[runlim] argv[1]:		/tmp/inr4CaBw.smt2
[runlim] start:			Thu Feb 14 00:50:30 2019
[runlim] main pid:		19245
[runlim] sample:		8.2 time, 10.6 real, 30.9 MB
[runlim] sample:		16.5 time, 20.6 real, 42.5 MB
[runlim] sample:		25.6 time, 30.6 real, 43.8 MB
[runlim] sample:		35.6 time, 40.6 real, 44.3 MB
[runlim] sample:		45.6 time, 50.6 real, 45.6 MB
[runlim] sample:		55.6 time, 60.6 real, 46.6 MB
[runlim] sample:		65.6 time, 70.6 real, 57.1 MB
[runlim] sample:		75.6 time, 80.6 real, 59.7 MB
[runlim] sample:		85.6 time, 90.6 real, 71.1 MB
[runlim] sample:		95.6 time, 100.6 real, 77.8 MB
[runlim] sample:		105.6 time, 110.6 real, 78.8 MB
[runlim] sample:		115.6 time, 120.6 real, 80.6 MB
[runlim] sample:		125.6 time, 130.6 real, 93.0 MB
[runlim] sample:		135.6 time, 140.6 real, 96.6 MB
[runlim] sample:		145.6 time, 150.6 real, 102.3 MB
[runlim] sample:		154.9 time, 160.6 real, 106.1 MB
[runlim] sample:		164.1 time, 170.6 real, 110.5 MB
[runlim] sample:		172.9 time, 180.6 real, 114.4 MB
[runlim] sample:		182.4 time, 190.6 real, 117.7 MB
[runlim] sample:		192.1 time, 200.6 real, 118.0 MB
[runlim] sample:		201.7 time, 210.6 real, 128.8 MB
[runlim] sample:		211.4 time, 220.6 real, 138.1 MB
[runlim] sample:		221.1 time, 230.6 real, 140.4 MB
[runlim] sample:		230.8 time, 240.6 real, 141.7 MB
[runlim] sample:		240.8 time, 250.6 real, 144.0 MB
[runlim] sample:		250.8 time, 260.6 real, 145.6 MB
[runlim] sample:		260.9 time, 270.6 real, 145.6 MB
[runlim] sample:		270.9 time, 280.6 real, 147.9 MB
[runlim] sample:		280.8 time, 290.6 real, 153.1 MB
[runlim] sample:		290.8 time, 300.6 real, 163.1 MB
[runlim] end:			Thu Feb 14 00:55:39 2019
[runlim] status:		signal(9)
[runlim] result:		11
[runlim] children:		0
[runlim] real:			309.36 seconds
[runlim] time:			299.54 seconds
[runlim] space:			173.4 MB
[runlim] samples:		3087
