[runlim] version:		1.10fixed
[runlim] time limit:		1800 seconds
[runlim] real time limit:	311040000 seconds
[runlim] space limit:		4000 MB
[runlim] argv[0]:		./z3
[runlim] argv[1]:		/tmp/A6XY3rpb.smt2
[runlim] start:			Sat Feb  9 15:06:05 2019
[runlim] main pid:		32416
[runlim] sample:		8.9 time, 10.3 real, 35.3 MB
[runlim] sample:		18.9 time, 20.3 real, 48.8 MB
[runlim] sample:		28.9 time, 30.3 real, 55.9 MB
[runlim] sample:		38.9 time, 40.3 real, 63.9 MB
[runlim] sample:		48.9 time, 50.3 real, 66.2 MB
[runlim] sample:		58.9 time, 60.3 real, 69.0 MB
[runlim] sample:		68.9 time, 70.3 real, 78.3 MB
[runlim] sample:		78.9 time, 80.3 real, 78.5 MB
[runlim] sample:		88.9 time, 90.3 real, 79.1 MB
[runlim] sample:		98.9 time, 100.3 real, 80.1 MB
[runlim] sample:		108.9 time, 110.3 real, 80.9 MB
[runlim] sample:		118.9 time, 120.3 real, 81.4 MB
[runlim] sample:		128.9 time, 130.3 real, 81.6 MB
[runlim] sample:		138.9 time, 140.3 real, 81.6 MB
[runlim] sample:		148.9 time, 150.3 real, 81.9 MB
[runlim] sample:		158.9 time, 160.3 real, 82.2 MB
[runlim] sample:		168.9 time, 170.3 real, 82.4 MB
[runlim] sample:		178.9 time, 180.3 real, 83.7 MB
[runlim] sample:		188.9 time, 190.3 real, 87.7 MB
[runlim] sample:		198.9 time, 200.3 real, 88.7 MB
[runlim] sample:		208.9 time, 210.3 real, 89.0 MB
[runlim] sample:		218.9 time, 220.3 real, 89.2 MB
[runlim] sample:		228.9 time, 230.3 real, 89.5 MB
[runlim] sample:		238.9 time, 240.3 real, 89.7 MB
[runlim] sample:		248.9 time, 250.3 real, 90.3 MB
[runlim] sample:		258.9 time, 260.3 real, 90.5 MB
[runlim] sample:		268.9 time, 270.3 real, 91.0 MB
[runlim] sample:		278.9 time, 280.3 real, 91.3 MB
[runlim] sample:		288.9 time, 290.3 real, 91.8 MB
[runlim] sample:		298.9 time, 300.3 real, 92.3 MB
[runlim] sample:		308.9 time, 310.3 real, 92.6 MB
[runlim] sample:		318.9 time, 320.3 real, 92.8 MB
[runlim] sample:		328.9 time, 330.3 real, 93.1 MB
[runlim] sample:		338.9 time, 340.3 real, 93.9 MB
[runlim] sample:		348.9 time, 350.3 real, 94.4 MB
[runlim] sample:		358.9 time, 360.3 real, 94.9 MB
[runlim] sample:		368.9 time, 370.3 real, 95.2 MB
[runlim] sample:		378.9 time, 380.3 real, 95.4 MB
[runlim] sample:		388.9 time, 390.3 real, 96.2 MB
[runlim] sample:		398.9 time, 400.3 real, 96.7 MB
[runlim] sample:		408.9 time, 410.3 real, 97.2 MB
[runlim] sample:		418.9 time, 420.3 real, 98.3 MB
[runlim] sample:		428.9 time, 430.3 real, 98.5 MB
[runlim] sample:		438.9 time, 440.3 real, 98.8 MB
[runlim] sample:		448.9 time, 450.3 real, 99.0 MB
[runlim] sample:		458.9 time, 460.3 real, 99.3 MB
[runlim] sample:		468.9 time, 470.3 real, 99.5 MB
[runlim] sample:		478.8 time, 480.3 real, 100.1 MB
[runlim] sample:		488.8 time, 490.3 real, 100.8 MB
[runlim] sample:		498.8 time, 500.3 real, 101.1 MB
[runlim] sample:		508.8 time, 510.3 real, 102.6 MB
[runlim] sample:		518.8 time, 520.3 real, 103.2 MB
[runlim] sample:		528.8 time, 530.3 real, 103.7 MB
[runlim] sample:		538.8 time, 540.3 real, 106.0 MB
[runlim] sample:		548.8 time, 550.3 real, 106.2 MB
[runlim] sample:		558.8 time, 560.3 real, 106.2 MB
[runlim] sample:		568.8 time, 570.3 real, 106.5 MB
[runlim] sample:		578.8 time, 580.3 real, 106.8 MB
[runlim] sample:		588.8 time, 590.3 real, 107.3 MB
[runlim] sample:		598.8 time, 600.3 real, 107.3 MB
[runlim] sample:		608.8 time, 610.3 real, 107.5 MB
[runlim] sample:		618.8 time, 620.3 real, 108.6 MB
[runlim] sample:		628.8 time, 630.3 real, 109.1 MB
[runlim] sample:		638.8 time, 640.3 real, 109.6 MB
[runlim] sample:		648.8 time, 650.3 real, 111.1 MB
[runlim] sample:		658.8 time, 660.3 real, 112.4 MB
[runlim] sample:		668.8 time, 670.3 real, 112.7 MB
[runlim] sample:		678.8 time, 680.3 real, 112.7 MB
[runlim] sample:		688.8 time, 690.3 real, 116.6 MB
[runlim] sample:		698.8 time, 700.3 real, 117.8 MB
[runlim] sample:		708.8 time, 710.3 real, 118.6 MB
[runlim] sample:		718.8 time, 720.3 real, 120.2 MB
[runlim] sample:		728.8 time, 730.3 real, 125.8 MB
[runlim] sample:		738.8 time, 740.3 real, 126.1 MB
[runlim] sample:		748.8 time, 750.3 real, 126.3 MB
[runlim] sample:		758.8 time, 760.3 real, 126.6 MB
[runlim] sample:		768.8 time, 770.3 real, 126.6 MB
[runlim] sample:		778.8 time, 780.3 real, 132.2 MB
[runlim] sample:		788.8 time, 790.3 real, 135.0 MB
[runlim] sample:		798.8 time, 800.3 real, 135.3 MB
[runlim] sample:		808.8 time, 810.3 real, 138.1 MB
[runlim] sample:		818.8 time, 820.3 real, 142.8 MB
[runlim] sample:		828.8 time, 830.3 real, 146.1 MB
[runlim] sample:		838.8 time, 840.3 real, 159.8 MB
[runlim] sample:		848.8 time, 850.3 real, 163.5 MB
[runlim] sample:		858.8 time, 860.3 real, 171.1 MB
[runlim] sample:		868.8 time, 870.3 real, 172.7 MB
[runlim] sample:		878.8 time, 880.3 real, 173.9 MB
[runlim] sample:		888.8 time, 890.3 real, 175.5 MB
[runlim] sample:		898.8 time, 900.3 real, 176.8 MB
[runlim] sample:		908.8 time, 910.3 real, 177.8 MB
[runlim] sample:		918.8 time, 920.3 real, 180.1 MB
[runlim] sample:		928.8 time, 930.3 real, 180.6 MB
[runlim] sample:		938.8 time, 940.3 real, 180.9 MB
[runlim] sample:		948.8 time, 950.3 real, 185.5 MB
[runlim] sample:		957.4 time, 960.3 real, 196.6 MB
[runlim] sample:		965.8 time, 970.3 real, 210.3 MB
[runlim] sample:		975.5 time, 980.3 real, 261.0 MB
[runlim] sample:		983.8 time, 990.3 real, 265.4 MB
[runlim] sample:		993.3 time, 1000.3 real, 265.6 MB
[runlim] sample:		1003.2 time, 1010.3 real, 265.9 MB
[runlim] sample:		1012.8 time, 1020.3 real, 268.7 MB
[runlim] sample:		1021.3 time, 1030.3 real, 274.9 MB
[runlim] sample:		1028.7 time, 1040.3 real, 274.9 MB
[runlim] sample:		1036.2 time, 1050.3 real, 275.2 MB
[runlim] sample:		1046.2 time, 1060.3 real, 285.0 MB
[runlim] sample:		1055.3 time, 1070.3 real, 285.2 MB
[runlim] sample:		1064.6 time, 1080.3 real, 285.2 MB
[runlim] sample:		1072.7 time, 1090.3 real, 285.2 MB
[runlim] sample:		1080.3 time, 1100.3 real, 285.2 MB
[runlim] sample:		1088.7 time, 1110.3 real, 285.7 MB
[runlim] sample:		1098.7 time, 1120.3 real, 285.7 MB
[runlim] sample:		1108.5 time, 1130.3 real, 287.5 MB
[runlim] sample:		1118.5 time, 1140.3 real, 288.6 MB
[runlim] sample:		1128.1 time, 1150.3 real, 289.6 MB
[runlim] sample:		1137.2 time, 1160.3 real, 289.6 MB
[runlim] sample:		1146.5 time, 1170.3 real, 290.1 MB
[runlim] sample:		1155.8 time, 1180.3 real, 291.9 MB
[runlim] sample:		1165.0 time, 1190.3 real, 291.9 MB
[runlim] sample:		1174.1 time, 1200.3 real, 292.2 MB
[runlim] sample:		1183.7 time, 1210.3 real, 292.2 MB
[runlim] sample:		1193.6 time, 1220.3 real, 292.2 MB
[runlim] sample:		1203.6 time, 1230.3 real, 292.2 MB
[runlim] sample:		1213.6 time, 1240.3 real, 292.2 MB
[runlim] sample:		1223.6 time, 1250.3 real, 292.2 MB
[runlim] sample:		1233.6 time, 1260.3 real, 292.2 MB
[runlim] sample:		1243.6 time, 1270.3 real, 292.2 MB
[runlim] sample:		1253.6 time, 1280.3 real, 292.2 MB
[runlim] sample:		1263.6 time, 1290.3 real, 292.2 MB
[runlim] sample:		1273.5 time, 1300.3 real, 292.4 MB
[runlim] sample:		1283.6 time, 1310.3 real, 292.7 MB
[runlim] sample:		1293.5 time, 1320.3 real, 292.7 MB
[runlim] sample:		1303.5 time, 1330.3 real, 293.2 MB
[runlim] sample:		1313.5 time, 1340.3 real, 295.0 MB
[runlim] sample:		1323.5 time, 1350.3 real, 295.3 MB
[runlim] sample:		1333.5 time, 1360.3 real, 295.5 MB
[runlim] sample:		1343.5 time, 1370.3 real, 296.0 MB
[runlim] sample:		1353.5 time, 1380.3 real, 296.6 MB
[runlim] sample:		1363.5 time, 1390.3 real, 296.6 MB
[runlim] sample:		1373.5 time, 1400.3 real, 298.1 MB
[runlim] sample:		1383.5 time, 1410.3 real, 298.1 MB
[runlim] sample:		1393.5 time, 1420.3 real, 298.4 MB
[runlim] sample:		1403.5 time, 1430.3 real, 298.6 MB
[runlim] sample:		1413.4 time, 1440.3 real, 300.2 MB
[runlim] sample:		1423.4 time, 1450.3 real, 312.6 MB
[runlim] sample:		1433.4 time, 1460.3 real, 317.6 MB
[runlim] sample:		1443.2 time, 1470.3 real, 322.5 MB
[runlim] sample:		1452.9 time, 1480.3 real, 326.1 MB
[runlim] sample:		1462.5 time, 1490.3 real, 326.1 MB
[runlim] sample:		1472.2 time, 1500.3 real, 327.4 MB
[runlim] sample:		1481.8 time, 1510.3 real, 327.4 MB
[runlim] sample:		1491.5 time, 1520.3 real, 332.8 MB
[runlim] sample:		1501.1 time, 1530.3 real, 335.6 MB
[runlim] sample:		1510.8 time, 1540.3 real, 336.7 MB
[runlim] sample:		1520.4 time, 1550.3 real, 336.7 MB
[runlim] sample:		1530.1 time, 1560.3 real, 336.7 MB
[runlim] sample:		1539.7 time, 1570.3 real, 337.7 MB
[runlim] sample:		1549.4 time, 1580.3 real, 376.4 MB
[runlim] sample:		1559.1 time, 1590.3 real, 385.6 MB
[runlim] sample:		1568.1 time, 1600.3 real, 385.9 MB
[runlim] sample:		1576.7 time, 1610.3 real, 385.9 MB
[runlim] sample:		1585.6 time, 1620.3 real, 385.9 MB
[runlim] sample:		1594.4 time, 1630.3 real, 386.9 MB
[runlim] sample:		1603.2 time, 1640.3 real, 389.5 MB
[runlim] sample:		1613.2 time, 1650.3 real, 390.5 MB
[runlim] sample:		1623.2 time, 1660.3 real, 392.9 MB
[runlim] sample:		1633.2 time, 1670.3 real, 398.5 MB
[runlim] sample:		1643.2 time, 1680.3 real, 400.9 MB
[runlim] sample:		1652.8 time, 1690.3 real, 403.2 MB
[runlim] sample:		1661.5 time, 1700.3 real, 405.0 MB
[runlim] sample:		1670.3 time, 1710.3 real, 407.6 MB
[runlim] sample:		1679.8 time, 1720.3 real, 415.3 MB
[runlim] sample:		1689.5 time, 1730.3 real, 427.2 MB
[runlim] sample:		1699.1 time, 1740.3 real, 431.8 MB
[runlim] sample:		1708.8 time, 1750.3 real, 437.0 MB
[runlim] sample:		1718.7 time, 1760.3 real, 438.2 MB
[runlim] sample:		1727.7 time, 1770.3 real, 438.2 MB
[runlim] sample:		1736.8 time, 1780.3 real, 442.9 MB
[runlim] sample:		1746.8 time, 1790.3 real, 443.1 MB
[runlim] sample:		1756.8 time, 1800.3 real, 443.4 MB
[runlim] sample:		1766.8 time, 1810.3 real, 444.7 MB
[runlim] sample:		1776.8 time, 1820.3 real, 446.2 MB
[runlim] sample:		1786.8 time, 1830.3 real, 446.2 MB
[runlim] sample:		1796.8 time, 1840.3 real, 446.2 MB
[runlim] end:			Sat Feb  9 15:36:48 2019
[runlim] status:		out of time
[runlim] result:		2
[runlim] children:		0
[runlim] real:			1843.62 seconds
[runlim] time:			1800.09 seconds
[runlim] space:			446.2 MB
[runlim] samples:		18433
