[runlim] version:		1.10fixed
[runlim] time limit:		1800 seconds
[runlim] real time limit:	311040000 seconds
[runlim] space limit:		4000 MB
[runlim] argv[0]:		./z3
[runlim] argv[1]:		/tmp/L8XqVwm1.smt2
[runlim] start:			Sat Feb  9 02:11:46 2019
[runlim] main pid:		19136
[runlim] sample:		8.2 time, 10.1 real, 26.3 MB
[runlim] sample:		18.2 time, 20.1 real, 30.0 MB
[runlim] sample:		28.2 time, 30.1 real, 35.0 MB
[runlim] sample:		36.4 time, 40.1 real, 38.0 MB
[runlim] sample:		44.4 time, 50.1 real, 39.2 MB
[runlim] sample:		52.5 time, 60.1 real, 40.3 MB
[runlim] sample:		60.5 time, 70.1 real, 41.3 MB
[runlim] sample:		68.5 time, 80.1 real, 42.3 MB
[runlim] sample:		76.5 time, 90.1 real, 43.4 MB
[runlim] sample:		85.3 time, 100.1 real, 44.7 MB
[runlim] sample:		93.4 time, 110.1 real, 45.4 MB
[runlim] sample:		101.7 time, 120.1 real, 46.2 MB
[runlim] sample:		111.7 time, 130.1 real, 50.5 MB
[runlim] sample:		121.7 time, 140.1 real, 53.3 MB
[runlim] sample:		131.7 time, 150.1 real, 56.2 MB
[runlim] sample:		141.7 time, 160.1 real, 61.1 MB
[runlim] sample:		151.7 time, 170.1 real, 62.6 MB
[runlim] sample:		161.7 time, 180.1 real, 63.7 MB
[runlim] sample:		171.7 time, 190.1 real, 65.5 MB
[runlim] sample:		181.7 time, 200.1 real, 67.6 MB
[runlim] sample:		191.7 time, 210.1 real, 69.4 MB
[runlim] sample:		201.7 time, 220.1 real, 69.9 MB
[runlim] sample:		211.7 time, 230.1 real, 71.1 MB
[runlim] sample:		221.7 time, 240.1 real, 72.1 MB
[runlim] sample:		231.7 time, 250.1 real, 76.2 MB
[runlim] sample:		241.7 time, 260.1 real, 76.4 MB
[runlim] sample:		251.7 time, 270.1 real, 77.2 MB
[runlim] sample:		261.7 time, 280.1 real, 78.0 MB
[runlim] sample:		271.7 time, 290.1 real, 78.5 MB
[runlim] sample:		281.2 time, 300.1 real, 78.8 MB
[runlim] sample:		290.5 time, 310.1 real, 79.8 MB
[runlim] sample:		298.4 time, 320.1 real, 80.8 MB
[runlim] sample:		306.5 time, 330.1 real, 81.1 MB
[runlim] sample:		314.8 time, 340.1 real, 81.3 MB
[runlim] sample:		324.3 time, 350.1 real, 87.0 MB
[runlim] sample:		334.3 time, 360.1 real, 89.1 MB
[runlim] sample:		344.3 time, 370.1 real, 91.1 MB
[runlim] sample:		354.3 time, 380.1 real, 93.0 MB
[runlim] sample:		364.3 time, 390.1 real, 94.8 MB
[runlim] sample:		374.3 time, 400.1 real, 96.8 MB
[runlim] sample:		384.3 time, 410.1 real, 98.1 MB
[runlim] sample:		394.3 time, 420.1 real, 101.5 MB
[runlim] sample:		404.3 time, 430.1 real, 103.5 MB
[runlim] sample:		414.3 time, 440.1 real, 105.3 MB
[runlim] sample:		424.3 time, 450.1 real, 114.8 MB
[runlim] sample:		434.3 time, 460.1 real, 116.1 MB
[runlim] sample:		444.3 time, 470.1 real, 117.4 MB
[runlim] sample:		454.3 time, 480.1 real, 118.2 MB
[runlim] sample:		464.3 time, 490.1 real, 119.2 MB
[runlim] sample:		474.3 time, 500.1 real, 121.3 MB
[runlim] sample:		484.3 time, 510.1 real, 122.8 MB
[runlim] sample:		494.3 time, 520.1 real, 123.9 MB
[runlim] sample:		504.3 time, 530.1 real, 124.6 MB
[runlim] sample:		514.3 time, 540.1 real, 125.9 MB
[runlim] sample:		524.3 time, 550.1 real, 129.0 MB
[runlim] sample:		534.3 time, 560.1 real, 129.5 MB
[runlim] sample:		544.3 time, 570.1 real, 130.0 MB
[runlim] sample:		554.3 time, 580.1 real, 130.8 MB
[runlim] sample:		564.3 time, 590.1 real, 132.6 MB
[runlim] sample:		574.3 time, 600.1 real, 135.2 MB
[runlim] sample:		584.3 time, 610.1 real, 135.7 MB
[runlim] sample:		594.3 time, 620.1 real, 136.2 MB
[runlim] sample:		604.3 time, 630.1 real, 138.0 MB
[runlim] sample:		614.3 time, 640.1 real, 139.6 MB
[runlim] sample:		624.3 time, 650.1 real, 140.1 MB
[runlim] sample:		634.3 time, 660.1 real, 140.6 MB
[runlim] sample:		644.3 time, 670.1 real, 140.9 MB
[runlim] sample:		654.3 time, 680.1 real, 141.4 MB
[runlim] sample:		664.3 time, 690.1 real, 141.6 MB
[runlim] sample:		674.3 time, 700.1 real, 141.9 MB
[runlim] sample:		684.3 time, 710.1 real, 142.4 MB
[runlim] sample:		694.3 time, 720.1 real, 144.2 MB
[runlim] sample:		704.3 time, 730.1 real, 145.5 MB
[runlim] sample:		714.3 time, 740.1 real, 146.5 MB
[runlim] sample:		724.3 time, 750.1 real, 153.5 MB
[runlim] sample:		734.3 time, 760.1 real, 155.8 MB
[runlim] sample:		744.3 time, 770.1 real, 156.1 MB
[runlim] sample:		754.3 time, 780.1 real, 156.1 MB
[runlim] sample:		764.3 time, 790.1 real, 156.8 MB
[runlim] sample:		774.3 time, 800.1 real, 157.9 MB
[runlim] sample:		784.3 time, 810.1 real, 160.2 MB
[runlim] sample:		794.3 time, 820.1 real, 161.2 MB
[runlim] sample:		804.3 time, 830.1 real, 162.0 MB
[runlim] sample:		814.3 time, 840.1 real, 176.5 MB
[runlim] sample:		824.3 time, 850.1 real, 176.8 MB
[runlim] sample:		834.3 time, 860.1 real, 177.8 MB
[runlim] sample:		844.3 time, 870.1 real, 178.6 MB
[runlim] sample:		854.3 time, 880.1 real, 181.4 MB
[runlim] sample:		864.3 time, 890.1 real, 181.7 MB
[runlim] sample:		874.3 time, 900.1 real, 181.9 MB
[runlim] sample:		884.3 time, 910.1 real, 182.7 MB
[runlim] sample:		894.3 time, 920.1 real, 183.5 MB
[runlim] sample:		904.3 time, 930.1 real, 184.5 MB
[runlim] sample:		914.3 time, 940.1 real, 185.5 MB
[runlim] sample:		924.3 time, 950.1 real, 187.6 MB
[runlim] sample:		934.3 time, 960.1 real, 188.1 MB
[runlim] sample:		944.3 time, 970.1 real, 188.9 MB
[runlim] sample:		954.3 time, 980.1 real, 190.2 MB
[runlim] sample:		964.3 time, 990.1 real, 192.0 MB
[runlim] sample:		974.3 time, 1000.1 real, 192.5 MB
[runlim] sample:		984.3 time, 1010.1 real, 193.0 MB
[runlim] sample:		994.3 time, 1020.1 real, 194.0 MB
[runlim] sample:		1004.3 time, 1030.1 real, 194.3 MB
[runlim] sample:		1014.3 time, 1040.1 real, 194.6 MB
[runlim] sample:		1024.3 time, 1050.1 real, 195.6 MB
[runlim] sample:		1034.3 time, 1060.1 real, 196.1 MB
[runlim] sample:		1044.3 time, 1070.1 real, 196.3 MB
[runlim] sample:		1054.3 time, 1080.1 real, 197.1 MB
[runlim] sample:		1064.3 time, 1090.1 real, 197.9 MB
[runlim] sample:		1074.3 time, 1100.1 real, 199.4 MB
[runlim] sample:		1084.3 time, 1110.1 real, 199.9 MB
[runlim] sample:		1094.3 time, 1120.1 real, 201.5 MB
[runlim] sample:		1104.3 time, 1130.1 real, 202.8 MB
[runlim] sample:		1114.3 time, 1140.1 real, 203.3 MB
[runlim] sample:		1124.3 time, 1150.1 real, 205.1 MB
[runlim] sample:		1134.3 time, 1160.1 real, 205.9 MB
[runlim] sample:		1144.3 time, 1170.1 real, 206.9 MB
[runlim] sample:		1154.3 time, 1180.1 real, 207.9 MB
[runlim] sample:		1164.3 time, 1190.1 real, 210.8 MB
[runlim] sample:		1174.3 time, 1200.1 real, 212.1 MB
[runlim] sample:		1184.3 time, 1210.1 real, 212.6 MB
[runlim] sample:		1194.3 time, 1220.1 real, 213.1 MB
[runlim] sample:		1204.3 time, 1230.1 real, 214.1 MB
[runlim] sample:		1214.3 time, 1240.1 real, 214.6 MB
[runlim] sample:		1224.3 time, 1250.1 real, 215.2 MB
[runlim] sample:		1234.3 time, 1260.1 real, 215.4 MB
[runlim] sample:		1244.3 time, 1270.1 real, 215.9 MB
[runlim] sample:		1254.3 time, 1280.1 real, 216.4 MB
[runlim] sample:		1264.3 time, 1290.1 real, 217.5 MB
[runlim] sample:		1274.3 time, 1300.1 real, 218.5 MB
[runlim] sample:		1284.3 time, 1310.1 real, 218.8 MB
[runlim] sample:		1294.3 time, 1320.1 real, 219.5 MB
[runlim] sample:		1304.3 time, 1330.1 real, 220.3 MB
[runlim] sample:		1314.3 time, 1340.1 real, 221.3 MB
[runlim] sample:		1324.3 time, 1350.1 real, 221.9 MB
[runlim] sample:		1334.3 time, 1360.1 real, 222.9 MB
[runlim] sample:		1344.3 time, 1370.1 real, 224.4 MB
[runlim] sample:		1354.3 time, 1380.1 real, 225.2 MB
[runlim] sample:		1364.3 time, 1390.1 real, 225.7 MB
[runlim] sample:		1374.3 time, 1400.1 real, 226.8 MB
[runlim] sample:		1384.3 time, 1410.1 real, 227.5 MB
[runlim] sample:		1394.3 time, 1420.1 real, 228.0 MB
[runlim] sample:		1404.3 time, 1430.1 real, 228.6 MB
[runlim] sample:		1414.3 time, 1440.1 real, 229.1 MB
[runlim] sample:		1424.3 time, 1450.1 real, 229.6 MB
[runlim] sample:		1434.3 time, 1460.1 real, 229.6 MB
[runlim] sample:		1444.3 time, 1470.1 real, 229.8 MB
[runlim] sample:		1454.3 time, 1480.1 real, 230.9 MB
[runlim] sample:		1464.3 time, 1490.1 real, 231.9 MB
[runlim] sample:		1474.3 time, 1500.1 real, 232.9 MB
[runlim] sample:		1484.3 time, 1510.1 real, 234.5 MB
[runlim] sample:		1494.3 time, 1520.1 real, 236.0 MB
[runlim] sample:		1504.3 time, 1530.1 real, 236.5 MB
[runlim] sample:		1514.3 time, 1540.1 real, 237.1 MB
[runlim] sample:		1524.3 time, 1550.1 real, 237.8 MB
[runlim] sample:		1534.3 time, 1560.1 real, 238.9 MB
[runlim] sample:		1544.3 time, 1570.1 real, 239.4 MB
[runlim] sample:		1554.3 time, 1580.1 real, 240.4 MB
[runlim] sample:		1564.3 time, 1590.1 real, 240.9 MB
[runlim] sample:		1574.3 time, 1600.1 real, 241.2 MB
[runlim] sample:		1584.3 time, 1610.1 real, 241.4 MB
[runlim] sample:		1594.3 time, 1620.1 real, 242.0 MB
[runlim] sample:		1604.3 time, 1630.1 real, 242.2 MB
[runlim] sample:		1614.3 time, 1640.1 real, 242.2 MB
[runlim] sample:		1624.3 time, 1650.1 real, 242.5 MB
[runlim] sample:		1634.3 time, 1660.1 real, 242.7 MB
[runlim] sample:		1644.3 time, 1670.1 real, 243.0 MB
[runlim] sample:		1654.3 time, 1680.1 real, 243.2 MB
[runlim] sample:		1664.3 time, 1690.1 real, 244.0 MB
[runlim] sample:		1674.3 time, 1700.1 real, 244.8 MB
[runlim] sample:		1684.3 time, 1710.1 real, 245.3 MB
[runlim] sample:		1694.3 time, 1720.1 real, 246.1 MB
[runlim] sample:		1704.3 time, 1730.1 real, 246.6 MB
[runlim] sample:		1714.3 time, 1740.1 real, 247.1 MB
[runlim] sample:		1724.3 time, 1750.1 real, 247.9 MB
[runlim] sample:		1734.3 time, 1760.1 real, 248.4 MB
[runlim] sample:		1744.3 time, 1770.1 real, 249.2 MB
[runlim] sample:		1754.3 time, 1780.1 real, 249.7 MB
[runlim] sample:		1764.3 time, 1790.1 real, 250.2 MB
[runlim] sample:		1774.3 time, 1800.1 real, 250.7 MB
[runlim] sample:		1784.3 time, 1810.1 real, 254.6 MB
[runlim] sample:		1794.3 time, 1820.1 real, 282.7 MB
[runlim] end:			Sat Feb  9 02:42:11 2019
[runlim] status:		out of time
[runlim] result:		2
[runlim] children:		0
[runlim] real:			1825.85 seconds
[runlim] time:			1800.03 seconds
[runlim] space:			282.7 MB
[runlim] samples:		18257
