[runlim] version:		1.10fixed
[runlim] time limit:		1800 seconds
[runlim] real time limit:	311040000 seconds
[runlim] space limit:		4000 MB
[runlim] argv[0]:		./z3
[runlim] argv[1]:		/tmp/eY3qHqQP.smt2
[runlim] start:			Sat Feb  9 02:08:42 2019
[runlim] main pid:		13937
[runlim] sample:		7.7 time, 10.5 real, 29.1 MB
[runlim] sample:		17.7 time, 20.5 real, 34.2 MB
[runlim] sample:		27.7 time, 30.5 real, 40.7 MB
[runlim] sample:		37.7 time, 40.5 real, 45.4 MB
[runlim] sample:		47.7 time, 50.5 real, 48.3 MB
[runlim] sample:		57.7 time, 60.5 real, 51.6 MB
[runlim] sample:		67.7 time, 70.5 real, 53.6 MB
[runlim] sample:		77.3 time, 80.5 real, 57.8 MB
[runlim] sample:		87.0 time, 90.5 real, 59.9 MB
[runlim] sample:		96.6 time, 100.5 real, 60.7 MB
[runlim] sample:		106.3 time, 110.5 real, 62.7 MB
[runlim] sample:		116.3 time, 120.5 real, 63.5 MB
[runlim] sample:		126.3 time, 130.5 real, 68.9 MB
[runlim] sample:		136.3 time, 140.5 real, 72.0 MB
[runlim] sample:		146.3 time, 150.5 real, 74.9 MB
[runlim] sample:		156.3 time, 160.5 real, 80.1 MB
[runlim] sample:		166.3 time, 170.5 real, 80.9 MB
[runlim] sample:		176.3 time, 180.5 real, 82.8 MB
[runlim] sample:		186.3 time, 190.5 real, 88.6 MB
[runlim] sample:		196.3 time, 200.5 real, 90.4 MB
[runlim] sample:		206.3 time, 210.5 real, 91.6 MB
[runlim] sample:		216.3 time, 220.5 real, 92.9 MB
[runlim] sample:		226.3 time, 230.5 real, 93.5 MB
[runlim] sample:		236.2 time, 240.5 real, 94.5 MB
[runlim] sample:		246.2 time, 250.5 real, 95.3 MB
[runlim] sample:		256.2 time, 260.5 real, 96.0 MB
[runlim] sample:		266.2 time, 270.5 real, 97.8 MB
[runlim] sample:		276.2 time, 280.5 real, 99.1 MB
[runlim] sample:		286.2 time, 290.5 real, 100.7 MB
[runlim] sample:		296.2 time, 300.5 real, 101.2 MB
[runlim] sample:		306.2 time, 310.5 real, 102.0 MB
[runlim] sample:		316.2 time, 320.5 real, 102.5 MB
[runlim] sample:		326.2 time, 330.5 real, 105.6 MB
[runlim] sample:		336.2 time, 340.5 real, 106.1 MB
[runlim] sample:		346.2 time, 350.5 real, 107.7 MB
[runlim] sample:		356.2 time, 360.5 real, 108.7 MB
[runlim] sample:		366.2 time, 370.5 real, 109.0 MB
[runlim] sample:		376.2 time, 380.5 real, 109.2 MB
[runlim] sample:		386.2 time, 390.5 real, 109.5 MB
[runlim] sample:		396.2 time, 400.5 real, 111.8 MB
[runlim] sample:		406.2 time, 410.5 real, 114.7 MB
[runlim] sample:		416.2 time, 420.5 real, 115.9 MB
[runlim] sample:		426.2 time, 430.5 real, 115.9 MB
[runlim] sample:		436.2 time, 440.5 real, 117.7 MB
[runlim] sample:		446.2 time, 450.5 real, 118.0 MB
[runlim] sample:		456.2 time, 460.5 real, 118.3 MB
[runlim] sample:		466.2 time, 470.5 real, 118.8 MB
[runlim] sample:		476.1 time, 480.5 real, 121.6 MB
[runlim] sample:		486.1 time, 490.5 real, 123.9 MB
[runlim] sample:		496.1 time, 500.5 real, 124.4 MB
[runlim] sample:		506.1 time, 510.5 real, 125.0 MB
[runlim] sample:		516.1 time, 520.5 real, 125.0 MB
[runlim] sample:		526.1 time, 530.5 real, 125.2 MB
[runlim] sample:		536.1 time, 540.5 real, 125.7 MB
[runlim] sample:		546.1 time, 550.5 real, 135.9 MB
[runlim] sample:		556.1 time, 560.5 real, 137.2 MB
[runlim] sample:		566.1 time, 570.5 real, 137.7 MB
[runlim] sample:		576.1 time, 580.5 real, 138.7 MB
[runlim] sample:		586.1 time, 590.5 real, 139.3 MB
[runlim] sample:		596.1 time, 600.5 real, 140.6 MB
[runlim] sample:		606.1 time, 610.5 real, 141.1 MB
[runlim] sample:		616.1 time, 620.5 real, 141.6 MB
[runlim] sample:		626.1 time, 630.5 real, 142.1 MB
[runlim] sample:		636.1 time, 640.5 real, 142.4 MB
[runlim] sample:		646.1 time, 650.5 real, 142.6 MB
[runlim] sample:		656.1 time, 660.5 real, 143.9 MB
[runlim] sample:		666.1 time, 670.5 real, 144.2 MB
[runlim] sample:		676.1 time, 680.5 real, 144.4 MB
[runlim] sample:		686.1 time, 690.5 real, 144.9 MB
[runlim] sample:		696.1 time, 700.5 real, 144.9 MB
[runlim] sample:		706.1 time, 710.5 real, 144.9 MB
[runlim] sample:		716.1 time, 720.5 real, 145.2 MB
[runlim] sample:		726.1 time, 730.5 real, 145.2 MB
[runlim] sample:		736.1 time, 740.5 real, 146.0 MB
[runlim] sample:		746.1 time, 750.5 real, 146.7 MB
[runlim] sample:		756.1 time, 760.5 real, 147.5 MB
[runlim] sample:		766.1 time, 770.5 real, 147.8 MB
[runlim] sample:		776.1 time, 780.5 real, 148.3 MB
[runlim] sample:		786.1 time, 790.5 real, 148.8 MB
[runlim] sample:		796.1 time, 800.5 real, 149.6 MB
[runlim] sample:		806.1 time, 810.5 real, 150.3 MB
[runlim] sample:		816.1 time, 820.5 real, 150.9 MB
[runlim] sample:		826.1 time, 830.5 real, 151.4 MB
[runlim] sample:		836.1 time, 840.5 real, 152.1 MB
[runlim] sample:		846.1 time, 850.5 real, 152.9 MB
[runlim] sample:		856.1 time, 860.5 real, 154.0 MB
[runlim] sample:		866.1 time, 870.5 real, 154.7 MB
[runlim] sample:		876.1 time, 880.5 real, 156.8 MB
[runlim] sample:		886.1 time, 890.5 real, 157.6 MB
[runlim] sample:		896.1 time, 900.5 real, 158.6 MB
[runlim] sample:		906.1 time, 910.5 real, 160.1 MB
[runlim] sample:		916.1 time, 920.5 real, 161.4 MB
[runlim] sample:		926.1 time, 930.5 real, 162.2 MB
[runlim] sample:		936.1 time, 940.5 real, 163.2 MB
[runlim] sample:		946.1 time, 950.5 real, 166.1 MB
[runlim] sample:		956.1 time, 960.5 real, 166.1 MB
[runlim] sample:		966.1 time, 970.5 real, 166.6 MB
[runlim] sample:		976.1 time, 980.5 real, 167.4 MB
[runlim] sample:		986.1 time, 990.5 real, 168.6 MB
[runlim] sample:		996.1 time, 1000.5 real, 170.2 MB
[runlim] sample:		1006.1 time, 1010.5 real, 170.9 MB
[runlim] sample:		1016.1 time, 1020.5 real, 171.5 MB
[runlim] sample:		1026.1 time, 1030.5 real, 172.2 MB
[runlim] sample:		1036.1 time, 1040.5 real, 172.7 MB
[runlim] sample:		1046.1 time, 1050.5 real, 173.5 MB
[runlim] sample:		1056.1 time, 1060.5 real, 174.5 MB
[runlim] sample:		1066.1 time, 1070.5 real, 175.6 MB
[runlim] sample:		1076.1 time, 1080.5 real, 191.6 MB
[runlim] sample:		1086.1 time, 1090.5 real, 199.4 MB
[runlim] sample:		1096.1 time, 1100.5 real, 201.7 MB
[runlim] sample:		1106.1 time, 1110.5 real, 203.0 MB
[runlim] sample:		1116.1 time, 1120.5 real, 205.3 MB
[runlim] sample:		1126.1 time, 1130.5 real, 206.6 MB
[runlim] sample:		1136.1 time, 1140.5 real, 210.2 MB
[runlim] sample:		1146.1 time, 1150.5 real, 212.1 MB
[runlim] sample:		1156.1 time, 1160.5 real, 214.4 MB
[runlim] sample:		1166.1 time, 1170.5 real, 218.1 MB
[runlim] sample:		1176.1 time, 1180.5 real, 228.6 MB
[runlim] sample:		1186.1 time, 1190.5 real, 232.0 MB
[runlim] sample:		1196.1 time, 1200.5 real, 234.8 MB
[runlim] sample:		1206.1 time, 1210.5 real, 238.4 MB
[runlim] sample:		1216.1 time, 1220.5 real, 238.7 MB
[runlim] sample:		1226.1 time, 1230.5 real, 239.2 MB
[runlim] sample:		1236.1 time, 1240.5 real, 240.5 MB
[runlim] sample:		1246.1 time, 1250.5 real, 243.1 MB
[runlim] sample:		1256.1 time, 1260.5 real, 244.3 MB
[runlim] sample:		1266.1 time, 1270.5 real, 245.6 MB
[runlim] sample:		1276.1 time, 1280.5 real, 246.1 MB
[runlim] sample:		1286.1 time, 1290.5 real, 246.7 MB
[runlim] sample:		1296.1 time, 1300.5 real, 251.8 MB
[runlim] sample:		1306.1 time, 1310.5 real, 252.1 MB
[runlim] sample:		1316.1 time, 1320.5 real, 252.3 MB
[runlim] sample:		1326.1 time, 1330.5 real, 252.9 MB
[runlim] sample:		1336.1 time, 1340.5 real, 253.4 MB
[runlim] sample:		1346.1 time, 1350.5 real, 253.6 MB
[runlim] sample:		1356.1 time, 1360.5 real, 254.4 MB
[runlim] sample:		1366.1 time, 1370.5 real, 254.7 MB
[runlim] sample:		1376.1 time, 1380.5 real, 255.9 MB
[runlim] sample:		1386.1 time, 1390.5 real, 258.5 MB
[runlim] sample:		1396.1 time, 1400.5 real, 261.4 MB
[runlim] sample:		1406.1 time, 1410.5 real, 267.3 MB
[runlim] sample:		1416.1 time, 1420.5 real, 269.9 MB
[runlim] sample:		1426.1 time, 1430.5 real, 270.9 MB
[runlim] sample:		1436.1 time, 1440.5 real, 271.2 MB
[runlim] sample:		1446.1 time, 1450.5 real, 271.7 MB
[runlim] sample:		1456.1 time, 1460.5 real, 271.9 MB
[runlim] sample:		1466.1 time, 1470.5 real, 279.6 MB
[runlim] sample:		1476.1 time, 1480.5 real, 280.9 MB
[runlim] sample:		1486.1 time, 1490.5 real, 281.5 MB
[runlim] sample:		1496.1 time, 1500.5 real, 281.7 MB
[runlim] sample:		1506.1 time, 1510.5 real, 282.0 MB
[runlim] sample:		1516.1 time, 1520.5 real, 282.5 MB
[runlim] sample:		1526.1 time, 1530.5 real, 283.0 MB
[runlim] sample:		1536.1 time, 1540.5 real, 283.5 MB
[runlim] sample:		1546.1 time, 1550.5 real, 284.0 MB
[runlim] sample:		1556.1 time, 1560.5 real, 285.1 MB
[runlim] sample:		1566.1 time, 1570.5 real, 286.9 MB
[runlim] sample:		1576.1 time, 1580.5 real, 290.0 MB
[runlim] sample:		1586.1 time, 1590.5 real, 290.0 MB
[runlim] sample:		1596.1 time, 1600.5 real, 290.2 MB
[runlim] sample:		1606.1 time, 1610.5 real, 291.0 MB
[runlim] sample:		1616.1 time, 1620.5 real, 291.5 MB
[runlim] sample:		1626.1 time, 1630.5 real, 292.3 MB
[runlim] sample:		1636.1 time, 1640.5 real, 293.1 MB
[runlim] sample:		1646.1 time, 1650.5 real, 293.8 MB
[runlim] sample:		1656.1 time, 1660.5 real, 294.3 MB
[runlim] sample:		1666.1 time, 1670.5 real, 296.1 MB
[runlim] sample:		1676.1 time, 1680.5 real, 298.2 MB
[runlim] sample:		1686.1 time, 1690.5 real, 299.5 MB
[runlim] sample:		1696.1 time, 1700.5 real, 299.8 MB
[runlim] sample:		1706.1 time, 1710.5 real, 300.0 MB
[runlim] sample:		1716.1 time, 1720.5 real, 300.3 MB
[runlim] sample:		1726.1 time, 1730.5 real, 300.8 MB
[runlim] sample:		1736.1 time, 1740.5 real, 330.6 MB
[runlim] sample:		1746.1 time, 1750.5 real, 331.8 MB
[runlim] sample:		1756.1 time, 1760.5 real, 332.4 MB
[runlim] sample:		1766.1 time, 1770.5 real, 332.6 MB
[runlim] sample:		1776.1 time, 1780.5 real, 332.9 MB
[runlim] sample:		1786.1 time, 1790.5 real, 333.1 MB
[runlim] sample:		1796.1 time, 1800.5 real, 333.1 MB
[runlim] end:			Sat Feb  9 02:38:46 2019
[runlim] status:		out of time
[runlim] result:		2
[runlim] children:		0
[runlim] real:			1804.41 seconds
[runlim] time:			1800.01 seconds
[runlim] space:			333.4 MB
[runlim] samples:		18039
