[runlim] version:		1.10fixed
[runlim] time limit:		300 seconds
[runlim] real time limit:	311040000 seconds
[runlim] space limit:		4000 MB
[runlim] argv[0]:		./z3
[runlim] argv[1]:		/tmp/gWZ9bzOd.smt2
[runlim] start:			Thu Feb 14 00:51:23 2019
[runlim] main pid:		14889
[runlim] sample:		8.3 time, 10.9 real, 30.5 MB
[runlim] sample:		16.6 time, 20.9 real, 34.8 MB
[runlim] sample:		26.6 time, 30.9 real, 41.5 MB
[runlim] sample:		36.6 time, 40.9 real, 45.8 MB
[runlim] sample:		46.6 time, 50.9 real, 49.2 MB
[runlim] sample:		55.4 time, 60.9 real, 52.6 MB
[runlim] sample:		65.0 time, 70.9 real, 53.7 MB
[runlim] sample:		75.0 time, 80.9 real, 55.5 MB
[runlim] sample:		85.0 time, 90.9 real, 56.5 MB
[runlim] sample:		95.0 time, 100.9 real, 60.3 MB
[runlim] sample:		105.0 time, 110.9 real, 62.6 MB
[runlim] sample:		113.0 time, 120.9 real, 63.6 MB
[runlim] sample:		121.3 time, 130.9 real, 64.2 MB
[runlim] sample:		131.2 time, 140.9 real, 65.2 MB
[runlim] sample:		141.2 time, 150.9 real, 65.7 MB
[runlim] sample:		151.2 time, 160.9 real, 68.0 MB
[runlim] sample:		161.1 time, 170.9 real, 72.4 MB
[runlim] sample:		171.1 time, 180.9 real, 74.7 MB
[runlim] sample:		180.9 time, 190.9 real, 77.0 MB
[runlim] sample:		190.2 time, 200.9 real, 78.5 MB
[runlim] sample:		199.6 time, 210.9 real, 80.1 MB
[runlim] sample:		208.2 time, 220.9 real, 80.9 MB
[runlim] sample:		217.4 time, 230.9 real, 82.2 MB
[runlim] sample:		226.9 time, 240.9 real, 84.3 MB
[runlim] sample:		236.5 time, 250.9 real, 85.8 MB
[runlim] sample:		246.4 time, 260.9 real, 90.9 MB
[runlim] sample:		256.0 time, 270.9 real, 91.6 MB
[runlim] sample:		265.6 time, 280.9 real, 92.4 MB
[runlim] sample:		275.3 time, 290.9 real, 95.2 MB
[runlim] sample:		284.9 time, 300.9 real, 96.8 MB
[runlim] sample:		294.4 time, 310.9 real, 97.3 MB
[runlim] end:			Thu Feb 14 00:56:35 2019
[runlim] status:		signal(9)
[runlim] result:		11
[runlim] children:		0
[runlim] real:			312.61 seconds
[runlim] time:			296.00 seconds
[runlim] space:			98.1 MB
[runlim] samples:		3117
