[runlim] version:		1.10fixed
[runlim] time limit:		1800 seconds
[runlim] real time limit:	311040000 seconds
[runlim] space limit:		4000 MB
[runlim] argv[0]:		./z3
[runlim] argv[1]:		/tmp/s3kpzX6g.smt2
[runlim] start:			Sat Feb  9 15:05:59 2019
[runlim] main pid:		28795
[runlim] sample:		9.9 time, 10.0 real, 37.9 MB
[runlim] sample:		19.9 time, 20.0 real, 45.1 MB
[runlim] sample:		29.9 time, 30.0 real, 52.1 MB
[runlim] sample:		39.9 time, 40.0 real, 58.1 MB
[runlim] sample:		49.9 time, 50.0 real, 65.1 MB
[runlim] sample:		59.9 time, 60.0 real, 69.2 MB
[runlim] sample:		69.8 time, 70.0 real, 73.9 MB
[runlim] sample:		79.8 time, 80.0 real, 84.4 MB
[runlim] sample:		89.8 time, 90.0 real, 88.5 MB
[runlim] sample:		99.8 time, 100.0 real, 95.0 MB
[runlim] sample:		109.8 time, 110.0 real, 99.4 MB
[runlim] sample:		119.8 time, 120.0 real, 99.9 MB
[runlim] sample:		129.8 time, 130.0 real, 101.7 MB
[runlim] sample:		139.8 time, 140.0 real, 104.3 MB
[runlim] sample:		149.8 time, 150.0 real, 107.9 MB
[runlim] sample:		159.8 time, 160.0 real, 108.1 MB
[runlim] sample:		169.8 time, 170.0 real, 108.1 MB
[runlim] sample:		179.8 time, 180.0 real, 108.9 MB
[runlim] sample:		189.8 time, 190.0 real, 111.0 MB
[runlim] sample:		199.8 time, 200.0 real, 114.3 MB
[runlim] sample:		209.8 time, 210.0 real, 118.2 MB
[runlim] sample:		219.8 time, 220.0 real, 121.0 MB
[runlim] sample:		229.8 time, 230.0 real, 124.6 MB
[runlim] sample:		239.8 time, 240.0 real, 131.3 MB
[runlim] sample:		249.8 time, 250.0 real, 137.3 MB
[runlim] sample:		259.8 time, 260.0 real, 139.6 MB
[runlim] sample:		269.8 time, 270.0 real, 140.4 MB
[runlim] sample:		279.8 time, 280.0 real, 141.9 MB
[runlim] sample:		289.8 time, 290.0 real, 141.9 MB
[runlim] sample:		299.8 time, 300.0 real, 141.9 MB
[runlim] sample:		309.8 time, 310.0 real, 141.9 MB
[runlim] sample:		319.8 time, 320.0 real, 141.9 MB
[runlim] sample:		329.8 time, 330.0 real, 141.9 MB
[runlim] sample:		339.8 time, 340.0 real, 144.5 MB
[runlim] sample:		349.8 time, 350.0 real, 144.5 MB
[runlim] sample:		359.8 time, 360.0 real, 146.8 MB
[runlim] sample:		369.8 time, 370.0 real, 147.8 MB
[runlim] sample:		379.8 time, 380.0 real, 148.6 MB
[runlim] sample:		389.8 time, 390.0 real, 149.6 MB
[runlim] sample:		399.8 time, 400.0 real, 150.2 MB
[runlim] sample:		409.8 time, 410.0 real, 150.7 MB
[runlim] sample:		419.8 time, 420.0 real, 150.9 MB
[runlim] sample:		429.8 time, 430.0 real, 151.2 MB
[runlim] sample:		439.8 time, 440.0 real, 153.8 MB
[runlim] sample:		449.8 time, 450.0 real, 155.8 MB
[runlim] sample:		459.8 time, 460.0 real, 156.1 MB
[runlim] sample:		469.8 time, 470.0 real, 156.6 MB
[runlim] sample:		479.8 time, 480.0 real, 157.4 MB
[runlim] sample:		489.8 time, 490.0 real, 160.2 MB
[runlim] sample:		499.7 time, 500.0 real, 161.2 MB
[runlim] sample:		509.7 time, 510.0 real, 162.3 MB
[runlim] sample:		519.7 time, 520.0 real, 165.4 MB
[runlim] sample:		529.7 time, 530.0 real, 165.6 MB
[runlim] sample:		539.7 time, 540.0 real, 166.9 MB
[runlim] sample:		549.7 time, 550.0 real, 167.7 MB
[runlim] sample:		559.7 time, 560.0 real, 168.7 MB
[runlim] sample:		569.7 time, 570.0 real, 170.0 MB
[runlim] sample:		579.7 time, 580.0 real, 170.8 MB
[runlim] sample:		589.7 time, 590.0 real, 172.1 MB
[runlim] sample:		599.7 time, 600.0 real, 176.9 MB
[runlim] sample:		609.7 time, 610.0 real, 178.7 MB
[runlim] sample:		619.7 time, 620.0 real, 178.7 MB
[runlim] sample:		629.7 time, 630.0 real, 178.7 MB
[runlim] sample:		639.7 time, 640.0 real, 179.2 MB
[runlim] sample:		649.7 time, 650.0 real, 179.4 MB
[runlim] sample:		659.7 time, 660.0 real, 179.7 MB
[runlim] sample:		669.7 time, 670.0 real, 179.9 MB
[runlim] sample:		679.7 time, 680.0 real, 180.5 MB
[runlim] sample:		689.7 time, 690.0 real, 183.0 MB
[runlim] sample:		699.7 time, 700.0 real, 183.0 MB
[runlim] sample:		709.7 time, 710.0 real, 183.3 MB
[runlim] sample:		719.7 time, 720.0 real, 184.1 MB
[runlim] sample:		729.7 time, 730.0 real, 184.3 MB
[runlim] sample:		739.7 time, 740.0 real, 184.6 MB
[runlim] sample:		749.7 time, 750.0 real, 185.1 MB
[runlim] sample:		759.7 time, 760.0 real, 185.9 MB
[runlim] sample:		769.7 time, 770.0 real, 186.6 MB
[runlim] sample:		779.7 time, 780.0 real, 187.4 MB
[runlim] sample:		789.7 time, 790.0 real, 187.9 MB
[runlim] sample:		799.7 time, 800.0 real, 188.7 MB
[runlim] sample:		809.7 time, 810.0 real, 189.0 MB
[runlim] sample:		819.7 time, 820.0 real, 189.2 MB
[runlim] sample:		829.7 time, 830.0 real, 190.0 MB
[runlim] sample:		839.7 time, 840.0 real, 191.0 MB
[runlim] sample:		849.6 time, 850.0 real, 191.8 MB
[runlim] sample:		859.6 time, 860.0 real, 194.6 MB
[runlim] sample:		869.6 time, 870.0 real, 195.7 MB
[runlim] sample:		879.6 time, 880.0 real, 196.4 MB
[runlim] sample:		889.6 time, 890.0 real, 196.7 MB
[runlim] sample:		899.6 time, 900.0 real, 197.0 MB
[runlim] sample:		909.6 time, 910.0 real, 197.0 MB
[runlim] sample:		919.6 time, 920.0 real, 197.0 MB
[runlim] sample:		929.6 time, 930.0 real, 197.2 MB
[runlim] sample:		939.6 time, 940.0 real, 197.5 MB
[runlim] sample:		949.6 time, 950.0 real, 199.0 MB
[runlim] sample:		959.6 time, 960.0 real, 199.5 MB
[runlim] sample:		969.6 time, 970.0 real, 200.1 MB
[runlim] sample:		979.6 time, 980.0 real, 205.2 MB
[runlim] sample:		989.6 time, 990.0 real, 205.5 MB
[runlim] sample:		999.6 time, 1000.0 real, 206.2 MB
[runlim] sample:		1009.6 time, 1010.0 real, 207.0 MB
[runlim] sample:		1019.6 time, 1020.0 real, 207.3 MB
[runlim] sample:		1029.6 time, 1030.0 real, 207.3 MB
[runlim] sample:		1039.6 time, 1040.0 real, 207.5 MB
[runlim] sample:		1049.6 time, 1050.0 real, 207.5 MB
[runlim] sample:		1059.6 time, 1060.0 real, 207.8 MB
[runlim] sample:		1069.6 time, 1070.0 real, 208.0 MB
[runlim] sample:		1079.6 time, 1080.0 real, 208.0 MB
[runlim] sample:		1089.6 time, 1090.0 real, 208.3 MB
[runlim] sample:		1099.6 time, 1100.0 real, 208.6 MB
[runlim] sample:		1109.6 time, 1110.0 real, 208.8 MB
[runlim] sample:		1119.6 time, 1120.0 real, 209.1 MB
[runlim] sample:		1129.6 time, 1130.0 real, 209.3 MB
[runlim] sample:		1139.6 time, 1140.0 real, 209.8 MB
[runlim] sample:		1149.6 time, 1150.0 real, 210.4 MB
[runlim] sample:		1159.6 time, 1160.0 real, 210.9 MB
[runlim] sample:		1169.6 time, 1170.0 real, 211.1 MB
[runlim] sample:		1179.6 time, 1180.0 real, 211.4 MB
[runlim] sample:		1189.6 time, 1190.0 real, 211.4 MB
[runlim] sample:		1199.6 time, 1200.0 real, 211.7 MB
[runlim] sample:		1209.6 time, 1210.0 real, 211.7 MB
[runlim] sample:		1219.6 time, 1220.0 real, 211.7 MB
[runlim] sample:		1229.6 time, 1230.0 real, 211.9 MB
[runlim] sample:		1239.6 time, 1240.0 real, 211.9 MB
[runlim] sample:		1249.6 time, 1250.0 real, 212.2 MB
[runlim] sample:		1259.6 time, 1260.0 real, 212.7 MB
[runlim] sample:		1269.6 time, 1270.0 real, 212.7 MB
[runlim] sample:		1279.6 time, 1280.0 real, 212.9 MB
[runlim] sample:		1289.5 time, 1290.0 real, 212.9 MB
[runlim] sample:		1299.5 time, 1300.0 real, 212.9 MB
[runlim] sample:		1309.5 time, 1310.0 real, 213.5 MB
[runlim] sample:		1319.5 time, 1320.0 real, 214.0 MB
[runlim] sample:		1329.5 time, 1330.0 real, 214.5 MB
[runlim] sample:		1339.5 time, 1340.0 real, 214.7 MB
[runlim] sample:		1349.5 time, 1350.0 real, 215.0 MB
[runlim] sample:		1359.5 time, 1360.0 real, 215.5 MB
[runlim] sample:		1369.5 time, 1370.0 real, 215.5 MB
[runlim] sample:		1379.5 time, 1380.0 real, 215.8 MB
[runlim] sample:		1389.5 time, 1390.0 real, 215.8 MB
[runlim] sample:		1399.5 time, 1400.0 real, 216.0 MB
[runlim] sample:		1409.5 time, 1410.0 real, 216.3 MB
[runlim] sample:		1419.5 time, 1420.0 real, 216.6 MB
[runlim] sample:		1429.5 time, 1430.0 real, 216.6 MB
[runlim] sample:		1439.5 time, 1440.0 real, 216.8 MB
[runlim] sample:		1449.5 time, 1450.0 real, 217.1 MB
[runlim] sample:		1459.5 time, 1460.0 real, 218.4 MB
[runlim] sample:		1469.5 time, 1470.0 real, 219.1 MB
[runlim] sample:		1479.5 time, 1480.0 real, 219.1 MB
[runlim] sample:		1489.5 time, 1490.0 real, 219.4 MB
[runlim] sample:		1499.5 time, 1500.0 real, 220.2 MB
[runlim] sample:		1509.5 time, 1510.0 real, 220.9 MB
[runlim] sample:		1519.5 time, 1520.0 real, 221.4 MB
[runlim] sample:		1529.5 time, 1530.0 real, 221.4 MB
[runlim] sample:		1539.5 time, 1540.0 real, 222.0 MB
[runlim] sample:		1549.5 time, 1550.0 real, 222.7 MB
[runlim] sample:		1559.5 time, 1560.0 real, 223.0 MB
[runlim] sample:		1569.5 time, 1570.0 real, 223.0 MB
[runlim] sample:		1579.5 time, 1580.0 real, 223.3 MB
[runlim] sample:		1589.5 time, 1590.0 real, 223.3 MB
[runlim] sample:		1599.5 time, 1600.0 real, 223.3 MB
[runlim] sample:		1609.5 time, 1610.0 real, 223.5 MB
[runlim] sample:		1619.5 time, 1620.0 real, 223.5 MB
[runlim] sample:		1629.5 time, 1630.0 real, 223.8 MB
[runlim] sample:		1639.5 time, 1640.0 real, 223.8 MB
[runlim] sample:		1649.5 time, 1650.0 real, 223.8 MB
[runlim] sample:		1659.5 time, 1660.0 real, 224.0 MB
[runlim] sample:		1669.5 time, 1670.0 real, 224.0 MB
[runlim] sample:		1679.5 time, 1680.0 real, 224.3 MB
[runlim] sample:		1689.5 time, 1690.0 real, 224.5 MB
[runlim] sample:		1699.5 time, 1700.0 real, 225.1 MB
[runlim] sample:		1709.5 time, 1710.0 real, 225.1 MB
[runlim] sample:		1719.5 time, 1720.0 real, 225.8 MB
[runlim] sample:		1729.5 time, 1730.0 real, 226.1 MB
[runlim] sample:		1739.4 time, 1740.0 real, 226.3 MB
[runlim] sample:		1749.4 time, 1750.0 real, 226.3 MB
[runlim] sample:		1759.4 time, 1760.0 real, 226.9 MB
[runlim] sample:		1769.4 time, 1770.0 real, 234.3 MB
[runlim] sample:		1779.4 time, 1780.0 real, 235.1 MB
[runlim] sample:		1789.4 time, 1790.0 real, 235.6 MB
[runlim] sample:		1799.4 time, 1800.0 real, 236.6 MB
[runlim] end:			Sat Feb  9 15:35:59 2019
[runlim] status:		out of time
[runlim] result:		2
[runlim] children:		0
[runlim] real:			1800.65 seconds
[runlim] time:			1800.02 seconds
[runlim] space:			236.6 MB
[runlim] samples:		18006
