[runlim] version:		1.10fixed
[runlim] time limit:		1800 seconds
[runlim] real time limit:	311040000 seconds
[runlim] space limit:		4000 MB
[runlim] argv[0]:		./z3
[runlim] argv[1]:		/tmp/SD6Jr57u.smt2
[runlim] start:			Sat Feb  9 18:03:56 2019
[runlim] main pid:		21241
[runlim] sample:		7.9 time, 10.3 real, 36.7 MB
[runlim] sample:		17.9 time, 20.3 real, 47.8 MB
[runlim] sample:		27.9 time, 30.3 real, 52.8 MB
[runlim] sample:		37.0 time, 40.3 real, 59.6 MB
[runlim] sample:		45.4 time, 50.3 real, 62.4 MB
[runlim] sample:		55.4 time, 60.3 real, 64.5 MB
[runlim] sample:		63.4 time, 70.3 real, 67.1 MB
[runlim] sample:		72.9 time, 80.3 real, 70.7 MB
[runlim] sample:		82.5 time, 90.3 real, 72.8 MB
[runlim] sample:		92.2 time, 100.3 real, 77.4 MB
[runlim] sample:		101.9 time, 110.3 real, 82.0 MB
[runlim] sample:		111.2 time, 120.3 real, 83.8 MB
[runlim] sample:		119.3 time, 130.3 real, 87.7 MB
[runlim] sample:		129.0 time, 140.3 real, 89.5 MB
[runlim] sample:		138.7 time, 150.3 real, 92.3 MB
[runlim] sample:		148.3 time, 160.3 real, 96.7 MB
[runlim] sample:		158.0 time, 170.3 real, 101.1 MB
[runlim] sample:		167.7 time, 180.3 real, 103.4 MB
[runlim] sample:		177.3 time, 190.3 real, 106.3 MB
[runlim] sample:		187.0 time, 200.3 real, 107.0 MB
[runlim] sample:		196.3 time, 210.3 real, 109.4 MB
[runlim] sample:		205.6 time, 220.3 real, 110.6 MB
[runlim] sample:		215.2 time, 230.3 real, 113.5 MB
[runlim] sample:		223.3 time, 240.3 real, 118.9 MB
[runlim] sample:		231.2 time, 250.3 real, 119.7 MB
[runlim] sample:		239.9 time, 260.3 real, 123.0 MB
[runlim] sample:		249.9 time, 270.3 real, 126.6 MB
[runlim] sample:		259.9 time, 280.3 real, 133.5 MB
[runlim] sample:		269.9 time, 290.3 real, 135.3 MB
[runlim] sample:		279.9 time, 300.3 real, 135.5 MB
[runlim] sample:		289.9 time, 310.3 real, 137.1 MB
[runlim] sample:		299.3 time, 320.3 real, 137.8 MB
[runlim] sample:		308.4 time, 330.3 real, 140.2 MB
[runlim] sample:		316.0 time, 340.3 real, 144.8 MB
[runlim] sample:		323.9 time, 350.3 real, 148.1 MB
[runlim] sample:		333.6 time, 360.3 real, 150.2 MB
[runlim] sample:		343.6 time, 370.3 real, 154.8 MB
[runlim] sample:		353.6 time, 380.3 real, 168.0 MB
[runlim] sample:		363.6 time, 390.3 real, 172.4 MB
[runlim] sample:		372.9 time, 400.3 real, 174.2 MB
[runlim] sample:		380.7 time, 410.3 real, 177.0 MB
[runlim] sample:		388.5 time, 420.3 real, 178.8 MB
[runlim] sample:		397.1 time, 430.3 real, 179.8 MB
[runlim] sample:		406.8 time, 440.3 real, 183.7 MB
[runlim] sample:		414.4 time, 450.3 real, 184.7 MB
[runlim] sample:		422.9 time, 460.3 real, 185.3 MB
[runlim] sample:		432.9 time, 470.3 real, 187.1 MB
[runlim] sample:		442.9 time, 480.3 real, 188.6 MB
[runlim] sample:		452.9 time, 490.3 real, 192.0 MB
[runlim] sample:		462.9 time, 500.3 real, 192.0 MB
[runlim] sample:		472.0 time, 510.3 real, 194.5 MB
[runlim] sample:		480.9 time, 520.3 real, 198.4 MB
[runlim] sample:		489.4 time, 530.3 real, 199.4 MB
[runlim] sample:		497.9 time, 540.3 real, 199.7 MB
[runlim] sample:		505.9 time, 550.3 real, 201.5 MB
[runlim] sample:		514.8 time, 560.3 real, 202.8 MB
[runlim] sample:		524.1 time, 570.3 real, 208.7 MB
[runlim] sample:		534.1 time, 580.3 real, 210.8 MB
[runlim] sample:		544.1 time, 590.3 real, 211.3 MB
[runlim] sample:		552.6 time, 600.3 real, 212.6 MB
[runlim] sample:		561.0 time, 610.3 real, 212.8 MB
[runlim] sample:		569.4 time, 620.3 real, 215.2 MB
[runlim] sample:		578.6 time, 630.3 real, 217.0 MB
[runlim] sample:		588.2 time, 640.3 real, 217.0 MB
[runlim] sample:		597.9 time, 650.3 real, 219.0 MB
[runlim] sample:		607.5 time, 660.3 real, 219.0 MB
[runlim] sample:		617.2 time, 670.3 real, 222.1 MB
[runlim] sample:		626.9 time, 680.3 real, 231.4 MB
[runlim] sample:		636.5 time, 690.3 real, 233.7 MB
[runlim] sample:		646.2 time, 700.3 real, 238.6 MB
[runlim] sample:		655.8 time, 710.3 real, 241.2 MB
[runlim] sample:		665.5 time, 720.3 real, 243.0 MB
[runlim] sample:		675.2 time, 730.3 real, 243.0 MB
[runlim] sample:		684.9 time, 740.3 real, 243.0 MB
[runlim] sample:		694.5 time, 750.3 real, 243.0 MB
[runlim] sample:		704.2 time, 760.3 real, 243.5 MB
[runlim] sample:		713.8 time, 770.3 real, 244.0 MB
[runlim] sample:		723.5 time, 780.3 real, 244.0 MB
[runlim] sample:		733.2 time, 790.3 real, 244.0 MB
[runlim] sample:		742.8 time, 800.3 real, 244.0 MB
[runlim] sample:		752.5 time, 810.3 real, 244.3 MB
[runlim] sample:		762.2 time, 820.3 real, 244.3 MB
[runlim] sample:		771.6 time, 830.3 real, 244.3 MB
[runlim] sample:		780.0 time, 840.3 real, 245.8 MB
[runlim] sample:		789.4 time, 850.3 real, 252.8 MB
[runlim] sample:		798.1 time, 860.3 real, 257.4 MB
[runlim] sample:		806.8 time, 870.3 real, 261.6 MB
[runlim] sample:		815.2 time, 880.3 real, 261.8 MB
[runlim] sample:		824.5 time, 890.3 real, 262.6 MB
[runlim] sample:		832.8 time, 900.3 real, 263.4 MB
[runlim] sample:		841.1 time, 910.3 real, 264.7 MB
[runlim] sample:		850.8 time, 920.3 real, 266.5 MB
[runlim] sample:		860.8 time, 930.3 real, 274.1 MB
[runlim] sample:		870.8 time, 940.3 real, 277.2 MB
[runlim] sample:		880.8 time, 950.3 real, 278.7 MB
[runlim] sample:		890.8 time, 960.3 real, 282.1 MB
[runlim] sample:		900.8 time, 970.3 real, 289.7 MB
[runlim] sample:		910.8 time, 980.3 real, 292.3 MB
[runlim] sample:		920.8 time, 990.3 real, 293.5 MB
[runlim] sample:		930.8 time, 1000.3 real, 293.8 MB
[runlim] sample:		939.8 time, 1010.3 real, 294.1 MB
[runlim] sample:		949.0 time, 1020.3 real, 295.9 MB
[runlim] sample:		959.0 time, 1030.3 real, 296.6 MB
[runlim] sample:		969.0 time, 1040.3 real, 297.4 MB
[runlim] sample:		979.0 time, 1050.3 real, 299.0 MB
[runlim] sample:		989.0 time, 1060.3 real, 299.2 MB
[runlim] sample:		999.0 time, 1070.3 real, 300.0 MB
[runlim] sample:		1007.7 time, 1080.3 real, 300.2 MB
[runlim] sample:		1016.0 time, 1090.3 real, 300.5 MB
[runlim] sample:		1025.9 time, 1100.3 real, 315.7 MB
[runlim] sample:		1035.9 time, 1110.3 real, 323.4 MB
[runlim] sample:		1045.7 time, 1120.3 real, 326.3 MB
[runlim] sample:		1055.7 time, 1130.3 real, 328.1 MB
[runlim] sample:		1065.7 time, 1140.3 real, 328.9 MB
[runlim] sample:		1075.7 time, 1150.3 real, 329.4 MB
[runlim] sample:		1085.7 time, 1160.3 real, 329.4 MB
[runlim] sample:		1094.1 time, 1170.3 real, 329.6 MB
[runlim] sample:		1103.5 time, 1180.3 real, 329.6 MB
[runlim] sample:		1112.7 time, 1190.3 real, 330.2 MB
[runlim] sample:		1120.7 time, 1200.3 real, 330.2 MB
[runlim] sample:		1129.7 time, 1210.3 real, 330.2 MB
[runlim] sample:		1139.7 time, 1220.3 real, 330.2 MB
[runlim] sample:		1149.7 time, 1230.3 real, 330.2 MB
[runlim] sample:		1159.7 time, 1240.3 real, 330.2 MB
[runlim] sample:		1169.7 time, 1250.3 real, 333.0 MB
[runlim] sample:		1179.7 time, 1260.3 real, 333.2 MB
[runlim] sample:		1189.7 time, 1270.3 real, 333.5 MB
[runlim] sample:		1199.7 time, 1280.3 real, 335.3 MB
[runlim] sample:		1209.7 time, 1290.3 real, 336.1 MB
[runlim] sample:		1219.3 time, 1300.3 real, 336.3 MB
[runlim] sample:		1229.3 time, 1310.3 real, 336.3 MB
[runlim] sample:		1238.8 time, 1320.3 real, 338.9 MB
[runlim] sample:		1248.8 time, 1330.3 real, 344.6 MB
[runlim] sample:		1258.8 time, 1340.3 real, 345.9 MB
[runlim] sample:		1268.8 time, 1350.3 real, 346.4 MB
[runlim] sample:		1278.3 time, 1360.3 real, 347.7 MB
[runlim] sample:		1288.2 time, 1370.3 real, 347.7 MB
[runlim] sample:		1297.7 time, 1380.3 real, 348.7 MB
[runlim] sample:		1307.6 time, 1390.3 real, 350.8 MB
[runlim] sample:		1317.6 time, 1400.3 real, 350.8 MB
[runlim] sample:		1327.6 time, 1410.3 real, 350.8 MB
[runlim] sample:		1337.6 time, 1420.3 real, 350.8 MB
[runlim] sample:		1347.6 time, 1430.3 real, 351.0 MB
[runlim] sample:		1357.6 time, 1440.3 real, 351.0 MB
[runlim] sample:		1367.6 time, 1450.3 real, 351.0 MB
[runlim] sample:		1377.6 time, 1460.3 real, 351.3 MB
[runlim] sample:		1387.5 time, 1470.3 real, 351.3 MB
[runlim] sample:		1397.2 time, 1480.3 real, 351.3 MB
[runlim] sample:		1406.7 time, 1490.3 real, 351.3 MB
[runlim] sample:		1416.4 time, 1500.3 real, 351.3 MB
[runlim] sample:		1426.0 time, 1510.3 real, 351.5 MB
[runlim] sample:		1435.2 time, 1520.3 real, 351.5 MB
[runlim] sample:		1444.7 time, 1530.3 real, 351.5 MB
[runlim] sample:		1454.4 time, 1540.3 real, 351.5 MB
[runlim] sample:		1464.2 time, 1550.3 real, 351.8 MB
[runlim] sample:		1474.0 time, 1560.3 real, 352.6 MB
[runlim] sample:		1483.3 time, 1570.3 real, 353.9 MB
[runlim] sample:		1492.6 time, 1580.3 real, 354.1 MB
[runlim] sample:		1501.9 time, 1590.3 real, 354.1 MB
[runlim] sample:		1511.2 time, 1600.3 real, 354.1 MB
[runlim] sample:		1520.5 time, 1610.3 real, 354.1 MB
[runlim] sample:		1530.0 time, 1620.3 real, 354.1 MB
[runlim] sample:		1539.5 time, 1630.3 real, 354.4 MB
[runlim] sample:		1548.5 time, 1640.3 real, 354.4 MB
[runlim] sample:		1557.7 time, 1650.3 real, 354.6 MB
[runlim] sample:		1566.6 time, 1660.3 real, 354.9 MB
[runlim] sample:		1576.0 time, 1670.3 real, 358.2 MB
[runlim] sample:		1585.5 time, 1680.3 real, 360.3 MB
[runlim] sample:		1594.7 time, 1690.3 real, 362.9 MB
[runlim] sample:		1604.3 time, 1700.3 real, 365.2 MB
[runlim] sample:		1614.3 time, 1710.3 real, 366.0 MB
[runlim] sample:		1624.3 time, 1720.3 real, 367.0 MB
[runlim] sample:		1634.2 time, 1730.3 real, 368.5 MB
[runlim] sample:		1644.1 time, 1740.3 real, 370.6 MB
[runlim] sample:		1654.1 time, 1750.3 real, 371.9 MB
[runlim] sample:		1664.1 time, 1760.3 real, 376.3 MB
[runlim] sample:		1674.1 time, 1770.3 real, 377.8 MB
[runlim] sample:		1684.1 time, 1780.3 real, 378.1 MB
[runlim] sample:		1694.1 time, 1790.3 real, 380.7 MB
[runlim] sample:		1704.1 time, 1800.3 real, 382.2 MB
[runlim] sample:		1714.1 time, 1810.3 real, 382.7 MB
[runlim] sample:		1724.1 time, 1820.3 real, 383.0 MB
[runlim] sample:		1734.1 time, 1830.3 real, 383.2 MB
[runlim] sample:		1744.1 time, 1840.3 real, 383.2 MB
[runlim] sample:		1754.1 time, 1850.3 real, 383.5 MB
[runlim] sample:		1764.1 time, 1860.3 real, 385.3 MB
[runlim] end:			Sat Feb  9 18:34:57 2019
[runlim] status:		signal(9)
[runlim] result:		11
[runlim] children:		0
[runlim] real:			1861.17 seconds
[runlim] time:			1764.90 seconds
[runlim] space:			385.3 MB
[runlim] samples:		18608
