[runlim] version:		1.10fixed
[runlim] time limit:		1800 seconds
[runlim] real time limit:	311040000 seconds
[runlim] space limit:		4000 MB
[runlim] argv[0]:		./z3
[runlim] argv[1]:		/tmp/7bnBPRrZ.smt2
[runlim] start:			Sat Feb  9 18:17:57 2019
[runlim] main pid:		7092
[runlim] sample:		9.8 time, 10.6 real, 37.4 MB
[runlim] sample:		19.8 time, 20.6 real, 46.6 MB
[runlim] sample:		29.8 time, 30.6 real, 54.3 MB
[runlim] sample:		37.8 time, 40.6 real, 60.0 MB
[runlim] sample:		46.4 time, 50.6 real, 61.6 MB
[runlim] sample:		54.3 time, 60.6 real, 68.0 MB
[runlim] sample:		64.3 time, 70.6 real, 69.8 MB
[runlim] sample:		74.3 time, 80.6 real, 76.5 MB
[runlim] sample:		84.3 time, 90.6 real, 80.9 MB
[runlim] sample:		93.1 time, 100.6 real, 83.5 MB
[runlim] sample:		103.1 time, 110.6 real, 85.3 MB
[runlim] sample:		113.1 time, 120.6 real, 88.4 MB
[runlim] sample:		123.1 time, 130.6 real, 90.2 MB
[runlim] sample:		133.1 time, 140.6 real, 90.4 MB
[runlim] sample:		143.1 time, 150.6 real, 91.0 MB
[runlim] sample:		152.3 time, 160.6 real, 92.8 MB
[runlim] sample:		162.1 time, 170.6 real, 93.3 MB
[runlim] sample:		172.1 time, 180.6 real, 94.8 MB
[runlim] sample:		182.1 time, 190.6 real, 96.6 MB
[runlim] sample:		191.9 time, 200.6 real, 98.4 MB
[runlim] sample:		201.6 time, 210.6 real, 100.2 MB
[runlim] sample:		211.3 time, 220.6 real, 101.5 MB
[runlim] sample:		220.9 time, 230.6 real, 104.6 MB
[runlim] sample:		230.2 time, 240.6 real, 105.6 MB
[runlim] sample:		238.4 time, 250.6 real, 106.9 MB
[runlim] sample:		248.1 time, 260.6 real, 113.2 MB
[runlim] sample:		257.4 time, 270.6 real, 115.8 MB
[runlim] sample:		267.2 time, 280.6 real, 117.1 MB
[runlim] sample:		276.1 time, 290.6 real, 117.1 MB
[runlim] sample:		284.6 time, 300.6 real, 117.4 MB
[runlim] sample:		293.9 time, 310.6 real, 117.9 MB
[runlim] sample:		303.5 time, 320.6 real, 119.7 MB
[runlim] sample:		313.4 time, 330.6 real, 123.3 MB
[runlim] sample:		322.4 time, 340.6 real, 123.3 MB
[runlim] sample:		331.6 time, 350.6 real, 123.6 MB
[runlim] sample:		341.6 time, 360.6 real, 123.8 MB
[runlim] sample:		351.6 time, 370.6 real, 123.8 MB
[runlim] sample:		361.3 time, 380.6 real, 124.1 MB
[runlim] sample:		370.8 time, 390.6 real, 124.3 MB
[runlim] sample:		379.9 time, 400.6 real, 124.8 MB
[runlim] sample:		388.1 time, 410.6 real, 126.4 MB
[runlim] sample:		396.8 time, 420.6 real, 129.0 MB
[runlim] sample:		405.7 time, 430.6 real, 132.6 MB
[runlim] sample:		415.2 time, 440.6 real, 132.6 MB
[runlim] sample:		425.2 time, 450.6 real, 133.6 MB
[runlim] sample:		434.9 time, 460.6 real, 135.6 MB
[runlim] sample:		444.9 time, 470.6 real, 137.2 MB
[runlim] sample:		454.9 time, 480.6 real, 138.0 MB
[runlim] sample:		464.9 time, 490.6 real, 142.1 MB
[runlim] sample:		474.9 time, 500.6 real, 142.9 MB
[runlim] sample:		483.9 time, 510.6 real, 143.4 MB
[runlim] sample:		493.9 time, 520.6 real, 144.2 MB
[runlim] sample:		503.0 time, 530.6 real, 144.9 MB
[runlim] sample:		512.8 time, 540.6 real, 151.4 MB
[runlim] sample:		522.5 time, 550.6 real, 152.1 MB
[runlim] sample:		530.8 time, 560.6 real, 152.1 MB
[runlim] sample:		539.6 time, 570.6 real, 152.1 MB
[runlim] sample:		547.8 time, 580.6 real, 152.1 MB
[runlim] sample:		556.1 time, 590.6 real, 152.4 MB
[runlim] sample:		564.7 time, 600.6 real, 153.7 MB
[runlim] sample:		574.2 time, 610.6 real, 153.7 MB
[runlim] sample:		583.9 time, 620.6 real, 153.7 MB
[runlim] sample:		593.5 time, 630.6 real, 154.2 MB
[runlim] sample:		603.3 time, 640.6 real, 155.2 MB
[runlim] sample:		612.1 time, 650.6 real, 155.8 MB
[runlim] sample:		619.7 time, 660.6 real, 156.0 MB
[runlim] sample:		628.3 time, 670.6 real, 156.0 MB
[runlim] sample:		637.2 time, 680.6 real, 156.3 MB
[runlim] sample:		645.7 time, 690.6 real, 156.3 MB
[runlim] sample:		653.8 time, 700.6 real, 156.5 MB
[runlim] sample:		662.4 time, 710.6 real, 156.8 MB
[runlim] sample:		671.2 time, 720.6 real, 156.8 MB
[runlim] sample:		679.4 time, 730.6 real, 158.3 MB
[runlim] sample:		689.4 time, 740.6 real, 158.3 MB
[runlim] sample:		699.4 time, 750.6 real, 158.3 MB
[runlim] sample:		709.4 time, 760.6 real, 158.3 MB
[runlim] sample:		719.4 time, 770.6 real, 158.3 MB
[runlim] sample:		729.4 time, 780.6 real, 158.3 MB
[runlim] sample:		739.4 time, 790.6 real, 158.3 MB
[runlim] sample:		749.4 time, 800.6 real, 158.3 MB
[runlim] sample:		759.4 time, 810.6 real, 158.3 MB
[runlim] sample:		769.4 time, 820.6 real, 158.3 MB
[runlim] sample:		777.8 time, 830.6 real, 158.3 MB
[runlim] sample:		786.7 time, 840.6 real, 158.6 MB
[runlim] sample:		795.5 time, 850.6 real, 158.8 MB
[runlim] sample:		805.3 time, 860.6 real, 159.4 MB
[runlim] sample:		814.6 time, 870.6 real, 159.6 MB
[runlim] sample:		824.6 time, 880.6 real, 160.1 MB
[runlim] sample:		833.9 time, 890.6 real, 160.4 MB
[runlim] sample:		843.5 time, 900.6 real, 160.9 MB
[runlim] sample:		851.9 time, 910.6 real, 161.2 MB
[runlim] sample:		860.2 time, 920.6 real, 161.7 MB
[runlim] sample:		868.9 time, 930.6 real, 161.9 MB
[runlim] sample:		878.3 time, 940.6 real, 162.2 MB
[runlim] sample:		887.6 time, 950.6 real, 163.2 MB
[runlim] sample:		897.3 time, 960.6 real, 163.2 MB
[runlim] sample:		907.1 time, 970.6 real, 163.2 MB
[runlim] sample:		915.8 time, 980.6 real, 163.2 MB
[runlim] sample:		925.8 time, 990.6 real, 163.7 MB
[runlim] sample:		934.9 time, 1000.6 real, 166.1 MB
[runlim] sample:		943.4 time, 1010.6 real, 166.8 MB
[runlim] sample:		953.0 time, 1020.6 real, 171.5 MB
[runlim] sample:		962.4 time, 1030.6 real, 173.0 MB
[runlim] sample:		972.3 time, 1040.6 real, 173.0 MB
[runlim] sample:		981.8 time, 1050.6 real, 173.3 MB
[runlim] sample:		991.4 time, 1060.6 real, 173.3 MB
[runlim] sample:		1000.4 time, 1070.6 real, 174.8 MB
[runlim] sample:		1010.0 time, 1080.6 real, 174.8 MB
[runlim] sample:		1019.5 time, 1090.6 real, 174.8 MB
[runlim] sample:		1028.9 time, 1100.6 real, 174.8 MB
[runlim] sample:		1038.2 time, 1110.6 real, 182.2 MB
[runlim] sample:		1047.8 time, 1120.6 real, 182.4 MB
[runlim] sample:		1057.3 time, 1130.6 real, 184.5 MB
[runlim] sample:		1065.6 time, 1140.6 real, 184.7 MB
[runlim] sample:		1075.4 time, 1150.6 real, 185.2 MB
[runlim] sample:		1085.4 time, 1160.6 real, 187.0 MB
[runlim] sample:		1095.4 time, 1170.6 real, 187.6 MB
[runlim] sample:		1105.4 time, 1180.6 real, 188.1 MB
[runlim] sample:		1114.9 time, 1190.6 real, 188.1 MB
[runlim] sample:		1123.2 time, 1200.6 real, 190.1 MB
[runlim] sample:		1132.5 time, 1210.6 real, 190.7 MB
[runlim] sample:		1142.2 time, 1220.6 real, 191.4 MB
[runlim] sample:		1152.2 time, 1230.6 real, 193.0 MB
[runlim] sample:		1161.4 time, 1240.6 real, 193.2 MB
[runlim] sample:		1169.8 time, 1250.6 real, 193.5 MB
[runlim] sample:		1179.2 time, 1260.6 real, 193.8 MB
[runlim] sample:		1188.7 time, 1270.6 real, 194.3 MB
[runlim] sample:		1198.3 time, 1280.6 real, 194.8 MB
[runlim] sample:		1207.6 time, 1290.6 real, 195.0 MB
[runlim] sample:		1217.2 time, 1300.6 real, 195.3 MB
[runlim] sample:		1227.2 time, 1310.6 real, 195.8 MB
[runlim] sample:		1237.2 time, 1320.6 real, 196.3 MB
[runlim] sample:		1247.2 time, 1330.6 real, 196.6 MB
[runlim] sample:		1256.8 time, 1340.6 real, 196.8 MB
[runlim] sample:		1266.8 time, 1350.6 real, 197.4 MB
[runlim] sample:		1276.2 time, 1360.6 real, 197.6 MB
[runlim] sample:		1285.8 time, 1370.6 real, 198.1 MB
[runlim] sample:		1295.2 time, 1380.6 real, 198.4 MB
[runlim] sample:		1304.5 time, 1390.6 real, 198.6 MB
[runlim] sample:		1314.3 time, 1400.6 real, 199.4 MB
[runlim] sample:		1324.3 time, 1410.6 real, 201.0 MB
[runlim] sample:		1333.6 time, 1420.6 real, 201.5 MB
[runlim] sample:		1342.9 time, 1430.6 real, 201.7 MB
[runlim] sample:		1352.9 time, 1440.6 real, 202.0 MB
[runlim] sample:		1362.9 time, 1450.6 real, 202.3 MB
[runlim] sample:		1371.8 time, 1460.6 real, 202.8 MB
[runlim] sample:		1381.1 time, 1470.6 real, 203.5 MB
[runlim] sample:		1391.1 time, 1480.6 real, 206.6 MB
[runlim] sample:		1401.1 time, 1490.6 real, 206.9 MB
[runlim] sample:		1411.1 time, 1500.6 real, 209.0 MB
[runlim] sample:		1419.8 time, 1510.6 real, 209.2 MB
[runlim] sample:		1428.5 time, 1520.6 real, 209.2 MB
[runlim] sample:		1437.2 time, 1530.6 real, 211.3 MB
[runlim] sample:		1446.4 time, 1540.6 real, 211.5 MB
[runlim] sample:		1455.8 time, 1550.6 real, 211.8 MB
[runlim] sample:		1464.9 time, 1560.6 real, 211.8 MB
[runlim] sample:		1474.3 time, 1570.6 real, 212.1 MB
[runlim] sample:		1483.9 time, 1580.6 real, 212.1 MB
[runlim] sample:		1493.3 time, 1590.6 real, 212.1 MB
[runlim] sample:		1502.6 time, 1600.6 real, 213.3 MB
[runlim] sample:		1511.6 time, 1610.6 real, 213.6 MB
[runlim] sample:		1521.0 time, 1620.6 real, 214.1 MB
[runlim] sample:		1531.0 time, 1630.6 real, 214.1 MB
[runlim] sample:		1541.0 time, 1640.6 real, 214.4 MB
[runlim] sample:		1550.7 time, 1650.6 real, 214.6 MB
[runlim] sample:		1560.0 time, 1660.6 real, 214.9 MB
[runlim] sample:		1569.4 time, 1670.6 real, 215.1 MB
[runlim] sample:		1578.8 time, 1680.6 real, 215.7 MB
[runlim] sample:		1588.8 time, 1690.6 real, 215.9 MB
[runlim] sample:		1598.8 time, 1700.6 real, 216.4 MB
[runlim] sample:		1608.8 time, 1710.6 real, 216.7 MB
[runlim] sample:		1618.8 time, 1720.6 real, 217.0 MB
[runlim] sample:		1628.8 time, 1730.6 real, 219.8 MB
[runlim] sample:		1638.1 time, 1740.6 real, 219.8 MB
[runlim] sample:		1648.1 time, 1750.6 real, 219.8 MB
[runlim] sample:		1658.1 time, 1760.6 real, 219.8 MB
[runlim] sample:		1668.1 time, 1770.6 real, 219.8 MB
[runlim] sample:		1678.1 time, 1780.6 real, 219.8 MB
[runlim] sample:		1688.1 time, 1790.6 real, 219.8 MB
[runlim] sample:		1698.1 time, 1800.6 real, 220.3 MB
[runlim] sample:		1708.1 time, 1810.6 real, 221.1 MB
[runlim] sample:		1717.3 time, 1820.6 real, 221.6 MB
[runlim] sample:		1726.0 time, 1830.6 real, 221.9 MB
[runlim] sample:		1736.0 time, 1840.6 real, 222.1 MB
[runlim] sample:		1745.8 time, 1850.6 real, 222.6 MB
[runlim] sample:		1754.4 time, 1860.6 real, 225.2 MB
[runlim] sample:		1763.0 time, 1870.6 real, 225.2 MB
[runlim] sample:		1772.0 time, 1880.6 real, 225.2 MB
[runlim] sample:		1781.2 time, 1890.6 real, 225.7 MB
[runlim] sample:		1790.7 time, 1900.6 real, 226.2 MB
[runlim] end:			Sat Feb  9 18:49:46 2019
[runlim] status:		out of time
[runlim] result:		2
[runlim] children:		0
[runlim] real:			1909.89 seconds
[runlim] time:			1800.04 seconds
[runlim] space:			226.2 MB
[runlim] samples:		19093
