[runlim] version:		1.10fixed
[runlim] time limit:		1800 seconds
[runlim] real time limit:	311040000 seconds
[runlim] space limit:		4000 MB
[runlim] argv[0]:		./z3
[runlim] argv[1]:		/tmp/NEbmGs0Z.smt2
[runlim] start:			Sat Feb  9 18:05:33 2019
[runlim] main pid:		21789
[runlim] sample:		9.1 time, 10.0 real, 39.7 MB
[runlim] sample:		18.4 time, 20.0 real, 58.7 MB
[runlim] sample:		27.7 time, 30.0 real, 68.8 MB
[runlim] sample:		37.7 time, 40.0 real, 114.1 MB
[runlim] sample:		47.7 time, 50.0 real, 123.1 MB
[runlim] sample:		57.2 time, 60.0 real, 127.0 MB
[runlim] sample:		66.5 time, 70.0 real, 128.5 MB
[runlim] sample:		75.8 time, 80.0 real, 132.1 MB
[runlim] sample:		85.1 time, 90.0 real, 260.9 MB
[runlim] sample:		94.4 time, 100.0 real, 384.2 MB
[runlim] sample:		103.8 time, 110.0 real, 438.3 MB
[runlim] sample:		113.1 time, 120.0 real, 463.3 MB
[runlim] sample:		122.4 time, 130.0 real, 464.6 MB
[runlim] sample:		131.7 time, 140.0 real, 466.4 MB
[runlim] sample:		141.0 time, 150.0 real, 466.4 MB
[runlim] sample:		150.3 time, 160.0 real, 468.7 MB
[runlim] sample:		159.7 time, 170.0 real, 494.2 MB
[runlim] sample:		169.0 time, 180.0 real, 495.0 MB
[runlim] sample:		178.3 time, 190.0 real, 661.6 MB
[runlim] sample:		187.6 time, 200.0 real, 665.4 MB
[runlim] sample:		197.0 time, 210.0 real, 666.7 MB
[runlim] sample:		206.3 time, 220.0 real, 671.1 MB
[runlim] sample:		215.6 time, 230.0 real, 679.1 MB
[runlim] sample:		224.9 time, 240.0 real, 684.5 MB
[runlim] sample:		234.2 time, 250.0 real, 686.1 MB
[runlim] sample:		243.5 time, 260.0 real, 686.6 MB
[runlim] sample:		252.8 time, 270.0 real, 686.6 MB
[runlim] sample:		262.1 time, 280.0 real, 686.8 MB
[runlim] sample:		271.4 time, 290.0 real, 689.9 MB
[runlim] sample:		280.8 time, 300.0 real, 691.5 MB
[runlim] sample:		290.1 time, 310.0 real, 691.5 MB
[runlim] sample:		299.4 time, 320.0 real, 691.7 MB
[runlim] sample:		308.7 time, 330.0 real, 691.7 MB
[runlim] sample:		318.0 time, 340.0 real, 691.7 MB
[runlim] sample:		327.3 time, 350.0 real, 691.7 MB
[runlim] sample:		336.6 time, 360.0 real, 691.7 MB
[runlim] sample:		345.9 time, 370.0 real, 691.7 MB
[runlim] sample:		355.2 time, 380.0 real, 691.7 MB
[runlim] sample:		364.5 time, 390.0 real, 691.7 MB
[runlim] sample:		373.8 time, 400.0 real, 691.7 MB
[runlim] sample:		383.1 time, 410.0 real, 691.7 MB
[runlim] sample:		392.4 time, 420.0 real, 691.7 MB
[runlim] sample:		401.7 time, 430.0 real, 691.7 MB
[runlim] sample:		411.0 time, 440.0 real, 691.7 MB
[runlim] sample:		420.3 time, 450.0 real, 691.7 MB
[runlim] sample:		429.6 time, 460.0 real, 691.7 MB
[runlim] sample:		438.9 time, 470.0 real, 691.7 MB
[runlim] sample:		448.4 time, 480.0 real, 691.7 MB
[runlim] sample:		458.1 time, 490.0 real, 691.7 MB
[runlim] sample:		467.8 time, 500.0 real, 699.9 MB
[runlim] sample:		477.4 time, 510.0 real, 721.5 MB
[runlim] sample:		487.1 time, 520.0 real, 796.3 MB
[runlim] sample:		496.8 time, 530.0 real, 805.6 MB
[runlim] sample:		506.4 time, 540.0 real, 805.6 MB
[runlim] sample:		516.1 time, 550.0 real, 807.1 MB
[runlim] sample:		525.7 time, 560.0 real, 807.9 MB
[runlim] sample:		535.4 time, 570.0 real, 811.5 MB
[runlim] sample:		545.1 time, 580.0 real, 814.1 MB
[runlim] sample:		554.7 time, 590.0 real, 814.8 MB
[runlim] sample:		564.4 time, 600.0 real, 816.2 MB
[runlim] sample:		574.1 time, 610.0 real, 816.7 MB
[runlim] sample:		583.7 time, 620.0 real, 824.4 MB
[runlim] sample:		593.4 time, 630.0 real, 891.4 MB
[runlim] sample:		603.1 time, 640.0 real, 1044.3 MB
[runlim] sample:		612.7 time, 650.0 real, 1053.1 MB
[runlim] sample:		622.4 time, 660.0 real, 1068.3 MB
[runlim] sample:		632.0 time, 670.0 real, 1068.8 MB
[runlim] sample:		641.7 time, 680.0 real, 1069.1 MB
[runlim] sample:		651.4 time, 690.0 real, 1071.1 MB
[runlim] sample:		661.0 time, 700.0 real, 1085.6 MB
[runlim] sample:		670.7 time, 710.0 real, 1086.3 MB
[runlim] sample:		680.4 time, 720.0 real, 1088.9 MB
[runlim] sample:		690.0 time, 730.0 real, 1094.6 MB
[runlim] sample:		699.7 time, 740.0 real, 1127.8 MB
[runlim] sample:		709.4 time, 750.0 real, 1227.9 MB
[runlim] sample:		719.0 time, 760.0 real, 1407.1 MB
[runlim] sample:		728.7 time, 770.0 real, 1517.9 MB
[runlim] sample:		738.4 time, 780.0 real, 1547.0 MB
[runlim] sample:		748.0 time, 790.0 real, 1547.0 MB
[runlim] sample:		757.7 time, 800.0 real, 1547.6 MB
[runlim] sample:		767.4 time, 810.0 real, 1547.8 MB
[runlim] sample:		777.0 time, 820.0 real, 1547.8 MB
[runlim] sample:		786.7 time, 830.0 real, 1551.2 MB
[runlim] sample:		796.4 time, 840.0 real, 1705.6 MB
[runlim] sample:		806.0 time, 850.0 real, 1756.6 MB
[runlim] sample:		815.7 time, 860.0 real, 1756.6 MB
[runlim] sample:		825.3 time, 870.0 real, 1763.6 MB
[runlim] sample:		835.0 time, 880.0 real, 1772.6 MB
[runlim] sample:		844.6 time, 890.0 real, 1772.6 MB
[runlim] sample:		854.3 time, 900.0 real, 1780.6 MB
[runlim] sample:		864.0 time, 910.0 real, 1917.0 MB
[runlim] sample:		873.6 time, 920.0 real, 1919.6 MB
[runlim] sample:		883.3 time, 930.0 real, 1919.8 MB
[runlim] sample:		893.0 time, 940.0 real, 1919.8 MB
[runlim] sample:		902.6 time, 950.0 real, 1919.8 MB
[runlim] sample:		912.3 time, 960.0 real, 1919.8 MB
[runlim] sample:		921.9 time, 970.0 real, 1920.1 MB
[runlim] sample:		931.6 time, 980.0 real, 1920.1 MB
[runlim] sample:		941.3 time, 990.0 real, 1926.0 MB
[runlim] sample:		950.9 time, 1000.0 real, 1926.0 MB
[runlim] sample:		960.6 time, 1010.0 real, 1926.0 MB
[runlim] sample:		970.3 time, 1020.0 real, 1928.9 MB
[runlim] sample:		979.9 time, 1030.0 real, 1929.9 MB
[runlim] sample:		989.6 time, 1040.0 real, 1929.9 MB
[runlim] sample:		999.2 time, 1050.0 real, 1931.8 MB
[runlim] sample:		1008.9 time, 1060.0 real, 1938.0 MB
[runlim] sample:		1018.6 time, 1070.0 real, 1943.7 MB
[runlim] sample:		1028.2 time, 1080.0 real, 1952.2 MB
[runlim] sample:		1037.9 time, 1090.0 real, 1952.5 MB
[runlim] sample:		1047.5 time, 1100.0 real, 1953.0 MB
[runlim] sample:		1057.2 time, 1110.0 real, 1953.0 MB
[runlim] sample:		1066.8 time, 1120.0 real, 1953.0 MB
[runlim] sample:		1076.8 time, 1130.0 real, 1954.0 MB
[runlim] sample:		1086.8 time, 1140.0 real, 1954.5 MB
[runlim] sample:		1096.8 time, 1150.0 real, 1957.1 MB
[runlim] sample:		1106.8 time, 1160.0 real, 1959.4 MB
[runlim] sample:		1116.3 time, 1170.0 real, 2029.3 MB
[runlim] sample:		1125.1 time, 1180.0 real, 2063.1 MB
[runlim] sample:		1134.9 time, 1190.0 real, 2063.6 MB
[runlim] sample:		1144.7 time, 1200.0 real, 2063.6 MB
[runlim] sample:		1153.5 time, 1210.0 real, 2172.7 MB
[runlim] sample:		1162.2 time, 1220.0 real, 2292.1 MB
[runlim] sample:		1171.5 time, 1230.0 real, 2420.5 MB
[runlim] sample:		1181.4 time, 1240.0 real, 2540.9 MB
[runlim] sample:		1191.4 time, 1250.0 real, 2581.3 MB
[runlim] sample:		1201.4 time, 1260.0 real, 2945.4 MB
[runlim] sample:		1211.3 time, 1270.0 real, 3107.8 MB
[runlim] sample:		1221.3 time, 1280.0 real, 3227.4 MB
[runlim] sample:		1231.3 time, 1290.0 real, 3469.0 MB
[runlim] sample:		1239.5 time, 1300.0 real, 3484.7 MB
[runlim] sample:		1249.4 time, 1310.0 real, 3512.0 MB
[runlim] sample:		1258.8 time, 1320.0 real, 3518.2 MB
[runlim] sample:		1267.5 time, 1330.0 real, 3519.5 MB
[runlim] sample:		1276.6 time, 1340.0 real, 3522.3 MB
[runlim] sample:		1286.4 time, 1350.0 real, 3526.0 MB
[runlim] sample:		1296.4 time, 1360.0 real, 3527.2 MB
[runlim] sample:		1306.4 time, 1370.0 real, 3528.5 MB
[runlim] sample:		1316.4 time, 1380.0 real, 3688.4 MB
[runlim] sample:		1326.4 time, 1390.0 real, 3850.0 MB
[runlim] sample:		1336.4 time, 1400.0 real, 3874.3 MB
[runlim] sample:		1346.4 time, 1410.0 real, 3945.4 MB
[runlim] end:			Sat Feb  9 18:29:06 2019
[runlim] status:		out of memory
[runlim] result:		3
[runlim] children:		0
[runlim] real:			1413.92 seconds
[runlim] time:			1350.21 seconds
[runlim] space:			4000.8 MB
[runlim] samples:		14138
