[runlim] version:		1.10fixed
[runlim] time limit:		300 seconds
[runlim] real time limit:	311040000 seconds
[runlim] space limit:		4000 MB
[runlim] argv[0]:		./z3
[runlim] argv[1]:		/tmp/E2D2f6jM.smt2
[runlim] start:			Thu Feb 14 00:49:26 2019
[runlim] main pid:		7596
[runlim] sample:		9.5 time, 10.3 real, 31.6 MB
[runlim] sample:		19.5 time, 20.3 real, 37.5 MB
[runlim] sample:		29.4 time, 30.3 real, 40.9 MB
[runlim] sample:		38.3 time, 40.3 real, 43.8 MB
[runlim] sample:		48.1 time, 50.3 real, 46.0 MB
[runlim] sample:		58.1 time, 60.3 real, 47.8 MB
[runlim] sample:		67.2 time, 70.3 real, 51.9 MB
[runlim] sample:		75.8 time, 80.3 real, 53.2 MB
[runlim] sample:		84.2 time, 90.3 real, 57.0 MB
[runlim] sample:		94.0 time, 100.3 real, 58.5 MB
[runlim] sample:		103.9 time, 110.3 real, 63.5 MB
[runlim] sample:		112.5 time, 120.3 real, 64.8 MB
[runlim] sample:		120.8 time, 130.3 real, 67.1 MB
[runlim] sample:		129.7 time, 140.3 real, 69.4 MB
[runlim] sample:		138.8 time, 150.3 real, 71.5 MB
[runlim] sample:		147.1 time, 160.3 real, 73.5 MB
[runlim] sample:		155.3 time, 170.3 real, 74.8 MB
[runlim] sample:		163.8 time, 180.3 real, 76.6 MB
[runlim] sample:		172.1 time, 190.3 real, 78.2 MB
[runlim] sample:		181.5 time, 200.3 real, 80.2 MB
[runlim] sample:		190.8 time, 210.3 real, 82.3 MB
[runlim] sample:		200.3 time, 220.3 real, 84.6 MB
[runlim] sample:		210.0 time, 230.3 real, 85.4 MB
[runlim] sample:		218.1 time, 240.3 real, 85.6 MB
[runlim] sample:		225.8 time, 250.3 real, 87.2 MB
[runlim] sample:		234.8 time, 260.3 real, 88.0 MB
[runlim] sample:		242.9 time, 270.3 real, 88.5 MB
[runlim] sample:		251.3 time, 280.3 real, 89.2 MB
[runlim] sample:		261.0 time, 290.3 real, 89.8 MB
[runlim] sample:		269.0 time, 300.3 real, 90.3 MB
[runlim] sample:		277.8 time, 310.3 real, 91.2 MB
[runlim] sample:		286.8 time, 320.3 real, 95.2 MB
[runlim] sample:		295.5 time, 330.3 real, 95.4 MB
[runlim] end:			Thu Feb 14 00:54:57 2019
[runlim] status:		signal(9)
[runlim] result:		11
[runlim] children:		0
[runlim] real:			331.91 seconds
[runlim] time:			297.04 seconds
[runlim] space:			95.7 MB
[runlim] samples:		3316
