[runlim] version:		1.10fixed
[runlim] time limit:		1800 seconds
[runlim] real time limit:	311040000 seconds
[runlim] space limit:		4000 MB
[runlim] argv[0]:		./z3
[runlim] argv[1]:		/tmp/wYJstEux.smt2
[runlim] start:			Sat Feb  9 02:09:57 2019
[runlim] main pid:		18221
[runlim] sample:		8.4 time, 10.8 real, 28.2 MB
[runlim] sample:		17.4 time, 20.8 real, 31.3 MB
[runlim] sample:		25.6 time, 30.8 real, 34.9 MB
[runlim] sample:		34.4 time, 40.8 real, 39.3 MB
[runlim] sample:		44.1 time, 50.8 real, 41.3 MB
[runlim] sample:		53.7 time, 60.8 real, 43.6 MB
[runlim] sample:		62.6 time, 70.8 real, 44.7 MB
[runlim] sample:		70.2 time, 80.8 real, 47.0 MB
[runlim] sample:		79.3 time, 90.8 real, 48.3 MB
[runlim] sample:		88.8 time, 100.8 real, 49.1 MB
[runlim] sample:		98.5 time, 110.8 real, 50.6 MB
[runlim] sample:		107.7 time, 120.8 real, 51.6 MB
[runlim] sample:		116.2 time, 130.8 real, 52.4 MB
[runlim] sample:		125.5 time, 140.8 real, 53.2 MB
[runlim] sample:		133.6 time, 150.8 real, 53.7 MB
[runlim] sample:		141.3 time, 160.8 real, 54.7 MB
[runlim] sample:		149.3 time, 170.8 real, 55.2 MB
[runlim] sample:		158.7 time, 180.8 real, 56.0 MB
[runlim] sample:		167.7 time, 190.8 real, 56.5 MB
[runlim] sample:		177.7 time, 200.8 real, 60.1 MB
[runlim] sample:		187.7 time, 210.8 real, 66.9 MB
[runlim] sample:		197.2 time, 220.8 real, 70.4 MB
[runlim] sample:		205.6 time, 230.8 real, 71.9 MB
[runlim] sample:		215.6 time, 240.8 real, 73.7 MB
[runlim] sample:		225.6 time, 250.8 real, 75.2 MB
[runlim] sample:		235.6 time, 260.8 real, 77.0 MB
[runlim] sample:		245.6 time, 270.8 real, 78.0 MB
[runlim] sample:		255.6 time, 280.8 real, 80.8 MB
[runlim] sample:		265.6 time, 290.8 real, 80.8 MB
[runlim] sample:		275.6 time, 300.8 real, 82.1 MB
[runlim] sample:		285.6 time, 310.8 real, 83.2 MB
[runlim] sample:		295.6 time, 320.8 real, 83.9 MB
[runlim] sample:		305.5 time, 330.8 real, 86.2 MB
[runlim] sample:		315.5 time, 340.8 real, 87.3 MB
[runlim] sample:		325.5 time, 350.8 real, 87.8 MB
[runlim] sample:		335.5 time, 360.8 real, 96.5 MB
[runlim] sample:		345.5 time, 370.8 real, 97.8 MB
[runlim] sample:		355.5 time, 380.8 real, 98.8 MB
[runlim] sample:		365.5 time, 390.8 real, 99.3 MB
[runlim] sample:		375.5 time, 400.8 real, 99.8 MB
[runlim] sample:		385.5 time, 410.8 real, 101.1 MB
[runlim] sample:		395.5 time, 420.8 real, 102.2 MB
[runlim] sample:		405.5 time, 430.8 real, 104.7 MB
[runlim] sample:		415.5 time, 440.8 real, 105.0 MB
[runlim] sample:		425.5 time, 450.8 real, 105.2 MB
[runlim] sample:		435.5 time, 460.8 real, 105.5 MB
[runlim] sample:		445.5 time, 470.8 real, 106.3 MB
[runlim] sample:		455.5 time, 480.8 real, 107.2 MB
[runlim] sample:		465.5 time, 490.8 real, 108.2 MB
[runlim] sample:		475.5 time, 500.8 real, 108.5 MB
[runlim] sample:		485.5 time, 510.8 real, 109.0 MB
[runlim] sample:		495.5 time, 520.8 real, 109.8 MB
[runlim] sample:		505.5 time, 530.8 real, 110.5 MB
[runlim] sample:		515.5 time, 540.8 real, 111.3 MB
[runlim] sample:		525.5 time, 550.8 real, 112.1 MB
[runlim] sample:		535.5 time, 560.8 real, 112.6 MB
[runlim] sample:		545.5 time, 570.8 real, 113.6 MB
[runlim] sample:		555.5 time, 580.8 real, 114.9 MB
[runlim] sample:		565.5 time, 590.8 real, 115.7 MB
[runlim] sample:		575.5 time, 600.8 real, 115.9 MB
[runlim] sample:		585.5 time, 610.8 real, 117.0 MB
[runlim] sample:		595.5 time, 620.8 real, 117.0 MB
[runlim] sample:		605.5 time, 630.8 real, 117.5 MB
[runlim] sample:		615.5 time, 640.8 real, 118.0 MB
[runlim] sample:		625.5 time, 650.8 real, 119.0 MB
[runlim] sample:		635.5 time, 660.8 real, 119.6 MB
[runlim] sample:		645.5 time, 670.8 real, 119.8 MB
[runlim] sample:		655.5 time, 680.8 real, 120.3 MB
[runlim] sample:		665.5 time, 690.8 real, 134.8 MB
[runlim] sample:		675.5 time, 700.8 real, 135.6 MB
[runlim] sample:		685.5 time, 710.8 real, 136.5 MB
[runlim] sample:		695.5 time, 720.8 real, 136.7 MB
[runlim] sample:		705.5 time, 730.8 real, 137.5 MB
[runlim] sample:		715.5 time, 740.8 real, 138.8 MB
[runlim] sample:		725.5 time, 750.8 real, 139.8 MB
[runlim] sample:		735.5 time, 760.8 real, 140.3 MB
[runlim] sample:		745.5 time, 770.8 real, 141.4 MB
[runlim] sample:		755.5 time, 780.8 real, 142.1 MB
[runlim] sample:		765.5 time, 790.8 real, 142.9 MB
[runlim] sample:		775.5 time, 800.8 real, 143.4 MB
[runlim] sample:		785.5 time, 810.8 real, 143.7 MB
[runlim] sample:		795.5 time, 820.8 real, 145.0 MB
[runlim] sample:		805.5 time, 830.8 real, 145.5 MB
[runlim] sample:		815.5 time, 840.8 real, 146.0 MB
[runlim] sample:		825.5 time, 850.8 real, 146.5 MB
[runlim] sample:		835.5 time, 860.8 real, 147.0 MB
[runlim] sample:		845.5 time, 870.8 real, 147.5 MB
[runlim] sample:		855.5 time, 880.8 real, 148.3 MB
[runlim] sample:		865.5 time, 890.8 real, 148.8 MB
[runlim] sample:		875.5 time, 900.8 real, 149.4 MB
[runlim] sample:		885.5 time, 910.8 real, 149.6 MB
[runlim] sample:		895.5 time, 920.8 real, 151.4 MB
[runlim] sample:		905.5 time, 930.8 real, 151.4 MB
[runlim] sample:		915.5 time, 940.8 real, 151.4 MB
[runlim] sample:		925.5 time, 950.8 real, 151.4 MB
[runlim] sample:		935.5 time, 960.8 real, 151.7 MB
[runlim] sample:		945.5 time, 970.8 real, 152.4 MB
[runlim] sample:		955.5 time, 980.8 real, 154.0 MB
[runlim] sample:		965.5 time, 990.8 real, 158.4 MB
[runlim] sample:		975.5 time, 1000.8 real, 159.9 MB
[runlim] sample:		985.5 time, 1010.8 real, 163.0 MB
[runlim] sample:		995.5 time, 1020.8 real, 164.8 MB
[runlim] sample:		1005.5 time, 1030.8 real, 166.9 MB
[runlim] sample:		1015.5 time, 1040.8 real, 168.4 MB
[runlim] sample:		1025.5 time, 1050.8 real, 169.2 MB
[runlim] sample:		1035.5 time, 1060.8 real, 170.0 MB
[runlim] sample:		1045.5 time, 1070.8 real, 171.0 MB
[runlim] sample:		1055.5 time, 1080.8 real, 173.1 MB
[runlim] sample:		1065.5 time, 1090.8 real, 174.3 MB
[runlim] sample:		1075.5 time, 1100.8 real, 174.9 MB
[runlim] sample:		1085.5 time, 1110.8 real, 176.2 MB
[runlim] sample:		1095.5 time, 1120.8 real, 177.7 MB
[runlim] sample:		1105.5 time, 1130.8 real, 178.7 MB
[runlim] sample:		1115.5 time, 1140.8 real, 180.3 MB
[runlim] sample:		1125.5 time, 1150.8 real, 181.6 MB
[runlim] sample:		1135.5 time, 1160.8 real, 186.7 MB
[runlim] sample:		1145.5 time, 1170.8 real, 187.2 MB
[runlim] sample:		1155.5 time, 1180.8 real, 188.0 MB
[runlim] sample:		1165.5 time, 1190.8 real, 188.8 MB
[runlim] sample:		1175.5 time, 1200.8 real, 189.6 MB
[runlim] sample:		1185.5 time, 1210.8 real, 191.4 MB
[runlim] sample:		1195.5 time, 1220.8 real, 193.7 MB
[runlim] sample:		1205.5 time, 1230.8 real, 197.8 MB
[runlim] sample:		1215.5 time, 1240.8 real, 199.9 MB
[runlim] sample:		1225.5 time, 1250.8 real, 202.2 MB
[runlim] sample:		1235.5 time, 1260.8 real, 204.5 MB
[runlim] sample:		1245.5 time, 1270.8 real, 207.3 MB
[runlim] sample:		1255.5 time, 1280.8 real, 208.9 MB
[runlim] sample:		1265.5 time, 1290.8 real, 211.5 MB
[runlim] sample:		1275.5 time, 1300.8 real, 216.9 MB
[runlim] sample:		1285.5 time, 1310.8 real, 246.1 MB
[runlim] sample:		1295.5 time, 1320.8 real, 247.4 MB
[runlim] sample:		1305.5 time, 1330.8 real, 251.5 MB
[runlim] sample:		1315.5 time, 1340.8 real, 253.8 MB
[runlim] sample:		1325.5 time, 1350.8 real, 253.8 MB
[runlim] sample:		1335.5 time, 1360.8 real, 254.6 MB
[runlim] sample:		1345.5 time, 1370.8 real, 256.1 MB
[runlim] sample:		1355.5 time, 1380.8 real, 257.4 MB
[runlim] sample:		1365.5 time, 1390.8 real, 258.7 MB
[runlim] sample:		1375.5 time, 1400.8 real, 260.7 MB
[runlim] sample:		1385.5 time, 1410.8 real, 262.3 MB
[runlim] sample:		1395.5 time, 1420.8 real, 263.8 MB
[runlim] sample:		1405.5 time, 1430.8 real, 265.6 MB
[runlim] sample:		1415.5 time, 1440.8 real, 267.2 MB
[runlim] sample:		1425.5 time, 1450.8 real, 268.7 MB
[runlim] sample:		1435.5 time, 1460.8 real, 270.8 MB
[runlim] sample:		1445.5 time, 1470.8 real, 272.3 MB
[runlim] sample:		1455.5 time, 1480.8 real, 273.9 MB
[runlim] sample:		1465.5 time, 1490.8 real, 276.7 MB
[runlim] sample:		1475.5 time, 1500.8 real, 276.7 MB
[runlim] sample:		1485.5 time, 1510.8 real, 278.0 MB
[runlim] sample:		1495.5 time, 1520.8 real, 279.5 MB
[runlim] sample:		1505.5 time, 1530.8 real, 282.4 MB
[runlim] sample:		1515.5 time, 1540.8 real, 285.0 MB
[runlim] sample:		1525.5 time, 1550.8 real, 285.5 MB
[runlim] sample:		1535.5 time, 1560.8 real, 287.8 MB
[runlim] sample:		1545.5 time, 1570.8 real, 289.9 MB
[runlim] sample:		1555.5 time, 1580.8 real, 291.7 MB
[runlim] sample:		1565.5 time, 1590.8 real, 292.4 MB
[runlim] sample:		1575.5 time, 1600.8 real, 292.7 MB
[runlim] sample:		1585.5 time, 1610.8 real, 292.7 MB
[runlim] sample:		1595.5 time, 1620.8 real, 294.2 MB
[runlim] sample:		1605.5 time, 1630.8 real, 294.5 MB
[runlim] sample:		1615.5 time, 1640.8 real, 294.5 MB
[runlim] sample:		1625.5 time, 1650.8 real, 294.5 MB
[runlim] sample:		1635.5 time, 1660.8 real, 294.8 MB
[runlim] sample:		1645.5 time, 1670.8 real, 295.8 MB
[runlim] sample:		1655.5 time, 1680.8 real, 296.6 MB
[runlim] sample:		1665.5 time, 1690.8 real, 298.9 MB
[runlim] sample:		1675.5 time, 1700.8 real, 300.2 MB
[runlim] sample:		1685.5 time, 1710.8 real, 302.2 MB
[runlim] sample:		1695.5 time, 1720.8 real, 302.7 MB
[runlim] sample:		1705.5 time, 1730.8 real, 304.8 MB
[runlim] sample:		1715.5 time, 1740.8 real, 306.1 MB
[runlim] sample:		1725.5 time, 1750.8 real, 307.6 MB
[runlim] sample:		1735.5 time, 1760.8 real, 308.9 MB
[runlim] sample:		1745.5 time, 1770.8 real, 310.7 MB
[runlim] sample:		1755.5 time, 1780.8 real, 311.5 MB
[runlim] sample:		1765.5 time, 1790.8 real, 311.8 MB
[runlim] sample:		1775.5 time, 1800.8 real, 312.0 MB
[runlim] sample:		1785.5 time, 1810.8 real, 312.5 MB
[runlim] sample:		1795.5 time, 1820.8 real, 315.1 MB
[runlim] end:			Sat Feb  9 02:40:22 2019
[runlim] status:		out of time
[runlim] result:		2
[runlim] children:		0
[runlim] real:			1825.37 seconds
[runlim] time:			1800.07 seconds
[runlim] space:			315.1 MB
[runlim] samples:		18246
