[runlim] version:		1.10fixed
[runlim] time limit:		1800 seconds
[runlim] real time limit:	311040000 seconds
[runlim] space limit:		4000 MB
[runlim] argv[0]:		./z3
[runlim] argv[1]:		/tmp/yLsvq7GC.smt2
[runlim] start:			Sat Feb  9 15:06:01 2019
[runlim] main pid:		21714
[runlim] sample:		9.3 time, 10.8 real, 38.1 MB
[runlim] sample:		19.2 time, 20.8 real, 46.2 MB
[runlim] sample:		29.2 time, 30.8 real, 51.9 MB
[runlim] sample:		39.2 time, 40.8 real, 52.1 MB
[runlim] sample:		49.2 time, 50.8 real, 52.4 MB
[runlim] sample:		59.2 time, 60.7 real, 52.4 MB
[runlim] sample:		69.2 time, 70.7 real, 52.4 MB
[runlim] sample:		79.2 time, 80.8 real, 52.9 MB
[runlim] sample:		89.2 time, 90.7 real, 53.7 MB
[runlim] sample:		99.2 time, 100.7 real, 56.2 MB
[runlim] sample:		109.2 time, 110.7 real, 56.7 MB
[runlim] sample:		119.2 time, 120.7 real, 57.0 MB
[runlim] sample:		129.2 time, 130.7 real, 57.7 MB
[runlim] sample:		139.2 time, 140.7 real, 58.3 MB
[runlim] sample:		149.2 time, 150.7 real, 59.3 MB
[runlim] sample:		159.2 time, 160.8 real, 62.1 MB
[runlim] sample:		169.2 time, 170.8 real, 62.9 MB
[runlim] sample:		179.2 time, 180.8 real, 63.2 MB
[runlim] sample:		189.2 time, 190.8 real, 63.4 MB
[runlim] sample:		199.2 time, 200.8 real, 63.9 MB
[runlim] sample:		209.2 time, 210.8 real, 64.2 MB
[runlim] sample:		219.2 time, 220.8 real, 66.8 MB
[runlim] sample:		229.2 time, 230.8 real, 69.1 MB
[runlim] sample:		239.2 time, 240.8 real, 69.3 MB
[runlim] sample:		249.2 time, 250.8 real, 69.3 MB
[runlim] sample:		259.2 time, 260.8 real, 69.6 MB
[runlim] sample:		269.2 time, 270.8 real, 70.6 MB
[runlim] sample:		279.2 time, 280.8 real, 70.6 MB
[runlim] sample:		289.2 time, 290.8 real, 70.6 MB
[runlim] sample:		299.2 time, 300.8 real, 70.9 MB
[runlim] sample:		309.2 time, 310.8 real, 72.9 MB
[runlim] sample:		319.2 time, 320.8 real, 72.9 MB
[runlim] sample:		329.2 time, 330.8 real, 73.2 MB
[runlim] sample:		339.2 time, 340.8 real, 73.2 MB
[runlim] sample:		349.2 time, 350.8 real, 73.2 MB
[runlim] sample:		359.2 time, 360.8 real, 73.5 MB
[runlim] sample:		369.2 time, 370.8 real, 73.7 MB
[runlim] sample:		379.2 time, 380.8 real, 74.0 MB
[runlim] sample:		389.2 time, 390.8 real, 74.2 MB
[runlim] sample:		399.2 time, 400.8 real, 74.8 MB
[runlim] sample:		409.2 time, 410.8 real, 75.0 MB
[runlim] sample:		419.2 time, 420.8 real, 75.3 MB
[runlim] sample:		429.2 time, 430.8 real, 75.8 MB
[runlim] sample:		439.2 time, 440.8 real, 76.0 MB
[runlim] sample:		449.2 time, 450.8 real, 76.3 MB
[runlim] sample:		459.2 time, 460.8 real, 76.6 MB
[runlim] sample:		469.2 time, 470.8 real, 76.8 MB
[runlim] sample:		479.2 time, 480.8 real, 79.4 MB
[runlim] sample:		489.2 time, 490.8 real, 79.6 MB
[runlim] sample:		499.1 time, 500.8 real, 79.9 MB
[runlim] sample:		509.1 time, 510.8 real, 80.7 MB
[runlim] sample:		519.1 time, 520.8 real, 81.5 MB
[runlim] sample:		529.1 time, 530.8 real, 82.0 MB
[runlim] sample:		539.1 time, 540.8 real, 82.0 MB
[runlim] sample:		549.1 time, 550.8 real, 83.0 MB
[runlim] sample:		559.1 time, 560.8 real, 86.1 MB
[runlim] sample:		569.1 time, 570.8 real, 86.4 MB
[runlim] sample:		579.1 time, 580.8 real, 86.4 MB
[runlim] sample:		589.1 time, 590.8 real, 86.6 MB
[runlim] sample:		599.1 time, 600.8 real, 86.9 MB
[runlim] sample:		609.1 time, 610.8 real, 87.4 MB
[runlim] sample:		619.1 time, 620.8 real, 87.6 MB
[runlim] sample:		629.1 time, 630.8 real, 88.2 MB
[runlim] sample:		639.1 time, 640.8 real, 88.7 MB
[runlim] sample:		649.1 time, 650.8 real, 88.9 MB
[runlim] sample:		659.1 time, 660.8 real, 89.2 MB
[runlim] sample:		669.1 time, 670.8 real, 89.7 MB
[runlim] sample:		679.1 time, 680.8 real, 90.0 MB
[runlim] sample:		689.1 time, 690.7 real, 90.2 MB
[runlim] sample:		699.1 time, 700.8 real, 90.5 MB
[runlim] sample:		709.1 time, 710.8 real, 90.7 MB
[runlim] sample:		719.1 time, 720.8 real, 91.0 MB
[runlim] sample:		729.1 time, 730.8 real, 91.2 MB
[runlim] sample:		739.1 time, 740.8 real, 92.3 MB
[runlim] sample:		749.1 time, 750.7 real, 92.5 MB
[runlim] sample:		759.1 time, 760.8 real, 94.7 MB
[runlim] sample:		769.1 time, 770.8 real, 100.6 MB
[runlim] sample:		779.1 time, 780.8 real, 100.6 MB
[runlim] sample:		789.1 time, 790.8 real, 102.6 MB
[runlim] sample:		799.1 time, 800.8 real, 102.6 MB
[runlim] sample:		809.1 time, 810.8 real, 102.6 MB
[runlim] sample:		819.1 time, 820.8 real, 102.9 MB
[runlim] sample:		829.1 time, 830.8 real, 102.9 MB
[runlim] sample:		839.1 time, 840.8 real, 103.1 MB
[runlim] sample:		849.1 time, 850.7 real, 103.1 MB
[runlim] sample:		859.1 time, 860.8 real, 103.1 MB
[runlim] sample:		869.1 time, 870.7 real, 103.1 MB
[runlim] sample:		879.1 time, 880.7 real, 103.4 MB
[runlim] sample:		889.1 time, 890.7 real, 103.9 MB
[runlim] sample:		899.1 time, 900.7 real, 103.9 MB
[runlim] sample:		909.1 time, 910.7 real, 103.9 MB
[runlim] sample:		919.1 time, 920.8 real, 103.9 MB
[runlim] sample:		929.1 time, 930.7 real, 104.2 MB
[runlim] sample:		939.1 time, 940.7 real, 104.4 MB
[runlim] sample:		949.1 time, 950.7 real, 104.7 MB
[runlim] sample:		959.1 time, 960.8 real, 105.7 MB
[runlim] sample:		969.1 time, 970.7 real, 109.9 MB
[runlim] sample:		979.1 time, 980.7 real, 112.0 MB
[runlim] sample:		989.1 time, 990.7 real, 112.2 MB
[runlim] sample:		999.1 time, 1000.7 real, 113.3 MB
[runlim] sample:		1009.1 time, 1010.7 real, 115.8 MB
[runlim] sample:		1019.1 time, 1020.7 real, 116.1 MB
[runlim] sample:		1029.1 time, 1030.7 real, 116.1 MB
[runlim] sample:		1039.1 time, 1040.7 real, 116.4 MB
[runlim] sample:		1049.1 time, 1050.7 real, 116.6 MB
[runlim] sample:		1059.1 time, 1060.7 real, 116.6 MB
[runlim] sample:		1069.1 time, 1070.8 real, 116.6 MB
[runlim] sample:		1079.1 time, 1080.7 real, 116.9 MB
[runlim] sample:		1089.1 time, 1090.7 real, 117.4 MB
[runlim] sample:		1099.1 time, 1100.7 real, 117.6 MB
[runlim] sample:		1109.1 time, 1110.8 real, 117.9 MB
[runlim] sample:		1119.1 time, 1120.8 real, 118.2 MB
[runlim] sample:		1129.1 time, 1130.7 real, 118.4 MB
[runlim] sample:		1139.1 time, 1140.7 real, 118.7 MB
[runlim] sample:		1149.1 time, 1150.8 real, 118.7 MB
[runlim] sample:		1159.1 time, 1160.8 real, 119.2 MB
[runlim] sample:		1169.1 time, 1170.8 real, 119.4 MB
[runlim] sample:		1179.1 time, 1180.7 real, 119.7 MB
[runlim] sample:		1189.1 time, 1190.7 real, 120.7 MB
[runlim] sample:		1199.1 time, 1200.7 real, 122.8 MB
[runlim] sample:		1209.1 time, 1210.7 real, 124.6 MB
[runlim] sample:		1219.1 time, 1220.7 real, 124.6 MB
[runlim] sample:		1229.1 time, 1230.7 real, 125.1 MB
[runlim] sample:		1239.1 time, 1240.7 real, 125.1 MB
[runlim] sample:		1249.1 time, 1250.8 real, 125.4 MB
[runlim] sample:		1259.1 time, 1260.7 real, 125.4 MB
[runlim] sample:		1269.1 time, 1270.7 real, 125.9 MB
[runlim] sample:		1279.1 time, 1280.7 real, 125.9 MB
[runlim] sample:		1289.1 time, 1290.7 real, 126.7 MB
[runlim] sample:		1299.1 time, 1300.7 real, 126.9 MB
[runlim] sample:		1309.1 time, 1310.7 real, 127.2 MB
[runlim] sample:		1319.1 time, 1320.8 real, 127.4 MB
[runlim] sample:		1329.1 time, 1330.8 real, 127.9 MB
[runlim] sample:		1339.1 time, 1340.7 real, 127.9 MB
[runlim] sample:		1349.1 time, 1350.7 real, 128.5 MB
[runlim] sample:		1359.1 time, 1360.7 real, 128.7 MB
[runlim] sample:		1369.1 time, 1370.7 real, 129.0 MB
[runlim] sample:		1379.1 time, 1380.7 real, 129.2 MB
[runlim] sample:		1389.1 time, 1390.7 real, 129.5 MB
[runlim] sample:		1399.1 time, 1400.8 real, 129.8 MB
[runlim] sample:		1409.1 time, 1410.7 real, 130.0 MB
[runlim] sample:		1419.1 time, 1420.7 real, 130.0 MB
[runlim] sample:		1429.1 time, 1430.7 real, 130.3 MB
[runlim] sample:		1439.0 time, 1440.7 real, 130.5 MB
[runlim] sample:		1449.0 time, 1450.7 real, 130.5 MB
[runlim] sample:		1459.0 time, 1460.8 real, 130.8 MB
[runlim] sample:		1467.7 time, 1470.7 real, 131.0 MB
[runlim] sample:		1477.7 time, 1480.7 real, 131.0 MB
[runlim] sample:		1487.7 time, 1490.7 real, 131.3 MB
[runlim] sample:		1497.7 time, 1500.7 real, 131.6 MB
[runlim] sample:		1507.7 time, 1510.7 real, 131.8 MB
[runlim] sample:		1517.3 time, 1520.7 real, 132.1 MB
[runlim] sample:		1524.7 time, 1530.7 real, 132.1 MB
[runlim] sample:		1533.5 time, 1540.7 real, 132.3 MB
[runlim] sample:		1543.5 time, 1550.7 real, 132.6 MB
[runlim] sample:		1553.5 time, 1560.7 real, 132.6 MB
[runlim] sample:		1563.5 time, 1570.7 real, 132.8 MB
[runlim] sample:		1573.5 time, 1580.7 real, 133.1 MB
[runlim] sample:		1583.5 time, 1590.7 real, 133.4 MB
[runlim] sample:		1593.5 time, 1600.8 real, 133.6 MB
[runlim] sample:		1603.4 time, 1610.7 real, 134.1 MB
[runlim] sample:		1613.4 time, 1620.7 real, 134.4 MB
[runlim] sample:		1623.4 time, 1630.8 real, 135.2 MB
[runlim] sample:		1633.4 time, 1640.8 real, 136.7 MB
[runlim] sample:		1643.4 time, 1650.8 real, 137.2 MB
[runlim] sample:		1653.4 time, 1660.7 real, 137.2 MB
[runlim] sample:		1663.4 time, 1670.8 real, 137.5 MB
[runlim] sample:		1673.4 time, 1680.7 real, 138.3 MB
[runlim] sample:		1683.0 time, 1690.7 real, 138.5 MB
[runlim] sample:		1690.3 time, 1700.7 real, 138.8 MB
[runlim] sample:		1697.7 time, 1710.7 real, 139.0 MB
[runlim] sample:		1707.4 time, 1720.8 real, 140.1 MB
[runlim] sample:		1717.4 time, 1730.7 real, 141.1 MB
[runlim] sample:		1727.4 time, 1740.7 real, 146.0 MB
[runlim] sample:		1737.4 time, 1750.7 real, 146.2 MB
[runlim] sample:		1746.7 time, 1760.7 real, 146.2 MB
[runlim] sample:		1756.7 time, 1770.8 real, 146.2 MB
[runlim] sample:		1766.7 time, 1780.8 real, 146.5 MB
[runlim] sample:		1776.7 time, 1790.8 real, 146.5 MB
[runlim] sample:		1786.7 time, 1800.8 real, 146.8 MB
[runlim] sample:		1796.7 time, 1810.8 real, 147.0 MB
[runlim] end:			Sat Feb  9 15:36:15 2019
[runlim] status:		out of time
[runlim] result:		2
[runlim] children:		0
[runlim] real:			1814.07 seconds
[runlim] time:			1800.01 seconds
[runlim] space:			147.0 MB
[runlim] samples:		18133
