[runlim] version:		1.10fixed
[runlim] time limit:		300 seconds
[runlim] real time limit:	311040000 seconds
[runlim] space limit:		4000 MB
[runlim] argv[0]:		./z3
[runlim] argv[1]:		/tmp/BYz4lVLQ.smt2
[runlim] start:			Thu Feb 14 00:49:32 2019
[runlim] main pid:		7841
[runlim] sample:		8.4 time, 10.3 real, 38.9 MB
[runlim] sample:		18.4 time, 20.3 real, 44.3 MB
[runlim] sample:		28.4 time, 30.3 real, 56.5 MB
[runlim] sample:		38.4 time, 40.3 real, 58.8 MB
[runlim] sample:		48.4 time, 50.3 real, 59.3 MB
[runlim] sample:		58.4 time, 60.3 real, 59.6 MB
[runlim] sample:		68.4 time, 70.3 real, 59.8 MB
[runlim] sample:		78.4 time, 80.3 real, 60.3 MB
[runlim] sample:		88.4 time, 90.3 real, 60.6 MB
[runlim] sample:		98.4 time, 100.3 real, 61.4 MB
[runlim] sample:		108.4 time, 110.3 real, 62.4 MB
[runlim] sample:		118.4 time, 120.3 real, 63.2 MB
[runlim] sample:		128.4 time, 130.3 real, 63.7 MB
[runlim] sample:		138.4 time, 140.3 real, 65.0 MB
[runlim] sample:		148.4 time, 150.3 real, 69.1 MB
[runlim] sample:		158.3 time, 160.3 real, 74.9 MB
[runlim] sample:		167.6 time, 170.3 real, 78.0 MB
[runlim] sample:		177.4 time, 180.3 real, 78.8 MB
[runlim] sample:		187.0 time, 190.3 real, 79.6 MB
[runlim] sample:		197.0 time, 200.3 real, 80.1 MB
[runlim] sample:		206.6 time, 210.3 real, 80.3 MB
[runlim] sample:		215.9 time, 220.3 real, 81.1 MB
[runlim] sample:		225.6 time, 230.3 real, 81.9 MB
[runlim] sample:		234.6 time, 240.3 real, 82.4 MB
[runlim] sample:		244.3 time, 250.3 real, 82.9 MB
[runlim] sample:		254.2 time, 260.3 real, 83.4 MB
[runlim] sample:		263.9 time, 270.3 real, 84.0 MB
[runlim] sample:		273.6 time, 280.3 real, 84.7 MB
[runlim] sample:		283.4 time, 290.3 real, 85.2 MB
[runlim] sample:		293.4 time, 300.3 real, 86.0 MB
[runlim] end:			Thu Feb 14 00:54:39 2019
[runlim] status:		signal(9)
[runlim] result:		11
[runlim] children:		0
[runlim] real:			307.21 seconds
[runlim] time:			299.81 seconds
[runlim] space:			88.3 MB
[runlim] samples:		3069
