[runlim] version:		1.10fixed
[runlim] time limit:		300 seconds
[runlim] real time limit:	311040000 seconds
[runlim] space limit:		4000 MB
[runlim] argv[0]:		./z3
[runlim] argv[1]:		/tmp/m9W9BCCu.smt2
[runlim] start:			Thu Feb 14 00:51:51 2019
[runlim] main pid:		4071
[runlim] sample:		8.8 time, 10.0 real, 36.9 MB
[runlim] sample:		17.4 time, 20.0 real, 43.1 MB
[runlim] sample:		27.4 time, 30.0 real, 46.9 MB
[runlim] sample:		37.4 time, 40.0 real, 59.9 MB
[runlim] sample:		46.4 time, 50.0 real, 68.2 MB
[runlim] sample:		55.4 time, 60.0 real, 84.4 MB
[runlim] sample:		65.3 time, 70.0 real, 84.6 MB
[runlim] sample:		75.3 time, 80.0 real, 88.5 MB
[runlim] sample:		85.3 time, 90.0 real, 103.2 MB
[runlim] sample:		94.8 time, 100.0 real, 107.6 MB
[runlim] sample:		103.9 time, 110.0 real, 115.6 MB
[runlim] sample:		113.9 time, 120.0 real, 116.4 MB
[runlim] sample:		123.9 time, 130.0 real, 117.9 MB
[runlim] sample:		133.9 time, 140.0 real, 121.3 MB
[runlim] sample:		143.9 time, 150.0 real, 126.7 MB
[runlim] sample:		153.9 time, 160.0 real, 129.8 MB
[runlim] sample:		163.9 time, 170.0 real, 142.6 MB
[runlim] sample:		173.8 time, 180.0 real, 144.7 MB
[runlim] sample:		183.5 time, 190.0 real, 145.2 MB
[runlim] sample:		192.8 time, 200.0 real, 147.1 MB
[runlim] sample:		201.2 time, 210.0 real, 147.9 MB
[runlim] sample:		211.2 time, 220.0 real, 147.9 MB
[runlim] sample:		220.9 time, 230.0 real, 150.5 MB
[runlim] sample:		229.8 time, 240.0 real, 156.1 MB
[runlim] sample:		238.4 time, 250.0 real, 156.1 MB
[runlim] sample:		247.1 time, 260.0 real, 156.1 MB
[runlim] sample:		254.7 time, 270.0 real, 156.1 MB
[runlim] sample:		262.3 time, 280.0 real, 156.1 MB
[runlim] sample:		270.6 time, 290.0 real, 157.4 MB
[runlim] sample:		279.5 time, 300.0 real, 157.7 MB
[runlim] sample:		289.5 time, 310.0 real, 160.3 MB
[runlim] end:			Thu Feb 14 00:57:08 2019
[runlim] status:		signal(9)
[runlim] result:		11
[runlim] children:		0
[runlim] real:			317.02 seconds
[runlim] time:			296.48 seconds
[runlim] space:			167.7 MB
[runlim] samples:		3170
