[runlim] version:		1.10fixed
[runlim] time limit:		300 seconds
[runlim] real time limit:	311040000 seconds
[runlim] space limit:		4000 MB
[runlim] argv[0]:		./z3
[runlim] argv[1]:		/tmp/ql4K7q5l.smt2
[runlim] start:			Thu Feb 14 00:51:30 2019
[runlim] main pid:		20314
[runlim] sample:		8.6 time, 10.9 real, 32.1 MB
[runlim] sample:		18.0 time, 20.9 real, 38.0 MB
[runlim] sample:		27.2 time, 30.9 real, 44.5 MB
[runlim] sample:		36.7 time, 40.9 real, 47.5 MB
[runlim] sample:		46.4 time, 50.9 real, 49.5 MB
[runlim] sample:		55.5 time, 60.9 real, 51.1 MB
[runlim] sample:		64.3 time, 70.9 real, 51.8 MB
[runlim] sample:		73.8 time, 80.9 real, 57.4 MB
[runlim] sample:		83.8 time, 90.9 real, 59.5 MB
[runlim] sample:		93.8 time, 100.9 real, 63.6 MB
[runlim] sample:		103.8 time, 110.9 real, 66.5 MB
[runlim] sample:		113.8 time, 120.9 real, 69.3 MB
[runlim] sample:		123.8 time, 130.9 real, 69.8 MB
[runlim] sample:		132.6 time, 140.9 real, 70.4 MB
[runlim] sample:		142.4 time, 150.9 real, 71.9 MB
[runlim] sample:		150.0 time, 160.9 real, 73.2 MB
[runlim] sample:		160.0 time, 170.9 real, 75.2 MB
[runlim] sample:		170.0 time, 180.9 real, 76.3 MB
[runlim] sample:		180.0 time, 190.9 real, 79.6 MB
[runlim] sample:		190.0 time, 200.9 real, 79.9 MB
[runlim] sample:		200.0 time, 210.9 real, 80.4 MB
[runlim] sample:		210.0 time, 220.9 real, 82.0 MB
[runlim] sample:		218.8 time, 230.9 real, 82.5 MB
[runlim] sample:		227.0 time, 240.9 real, 83.2 MB
[runlim] sample:		237.0 time, 250.9 real, 84.0 MB
[runlim] sample:		247.0 time, 260.9 real, 84.5 MB
[runlim] sample:		257.0 time, 270.9 real, 85.8 MB
[runlim] sample:		267.0 time, 280.9 real, 86.3 MB
[runlim] sample:		277.0 time, 290.9 real, 86.6 MB
[runlim] sample:		287.0 time, 300.9 real, 88.0 MB
[runlim] sample:		297.0 time, 310.9 real, 88.7 MB
[runlim] end:			Thu Feb 14 00:56:43 2019
[runlim] status:		out of time
[runlim] result:		2
[runlim] children:		0
[runlim] real:			314.00 seconds
[runlim] time:			300.09 seconds
[runlim] space:			89.0 MB
[runlim] samples:		3131
