[runlim] version:		1.10fixed
[runlim] time limit:		1800 seconds
[runlim] real time limit:	311040000 seconds
[runlim] space limit:		4000 MB
[runlim] argv[0]:		./z3
[runlim] argv[1]:		/tmp/cLsi9TFI.smt2
[runlim] start:			Sat Feb  9 17:55:04 2019
[runlim] main pid:		9424
[runlim] sample:		8.1 time, 10.1 real, 35.4 MB
[runlim] sample:		18.1 time, 20.1 real, 44.8 MB
[runlim] sample:		28.1 time, 30.1 real, 55.8 MB
[runlim] sample:		38.1 time, 40.1 real, 58.7 MB
[runlim] sample:		48.1 time, 50.1 real, 67.9 MB
[runlim] sample:		58.0 time, 60.1 real, 72.5 MB
[runlim] sample:		68.0 time, 70.1 real, 78.8 MB
[runlim] sample:		78.0 time, 80.1 real, 81.4 MB
[runlim] sample:		88.0 time, 90.1 real, 86.0 MB
[runlim] sample:		98.0 time, 100.1 real, 95.5 MB
[runlim] sample:		108.0 time, 110.1 real, 110.5 MB
[runlim] sample:		118.0 time, 120.1 real, 112.8 MB
[runlim] sample:		128.0 time, 130.1 real, 115.6 MB
[runlim] sample:		138.0 time, 140.1 real, 121.3 MB
[runlim] sample:		148.0 time, 150.1 real, 128.2 MB
[runlim] sample:		158.0 time, 160.1 real, 131.6 MB
[runlim] sample:		168.0 time, 170.1 real, 132.1 MB
[runlim] sample:		178.0 time, 180.1 real, 133.1 MB
[runlim] sample:		187.7 time, 190.1 real, 134.7 MB
[runlim] sample:		196.5 time, 200.1 real, 138.5 MB
[runlim] sample:		205.7 time, 210.1 real, 138.5 MB
[runlim] sample:		213.2 time, 220.1 real, 138.8 MB
[runlim] sample:		222.6 time, 230.1 real, 146.3 MB
[runlim] sample:		231.6 time, 240.1 real, 147.8 MB
[runlim] sample:		240.0 time, 250.1 real, 156.3 MB
[runlim] sample:		249.7 time, 260.1 real, 164.1 MB
[runlim] sample:		259.4 time, 270.1 real, 169.0 MB
[runlim] sample:		269.0 time, 280.1 real, 172.3 MB
[runlim] sample:		277.8 time, 290.1 real, 173.1 MB
[runlim] sample:		285.4 time, 300.1 real, 173.6 MB
[runlim] sample:		293.1 time, 310.1 real, 174.4 MB
[runlim] sample:		300.8 time, 320.1 real, 174.9 MB
[runlim] sample:		308.4 time, 330.1 real, 175.4 MB
[runlim] sample:		317.9 time, 340.1 real, 177.5 MB
[runlim] sample:		327.0 time, 350.1 real, 179.3 MB
[runlim] sample:		336.3 time, 360.1 real, 198.3 MB
[runlim] sample:		345.3 time, 370.1 real, 202.5 MB
[runlim] sample:		353.1 time, 380.1 real, 216.6 MB
[runlim] sample:		361.1 time, 390.1 real, 220.3 MB
[runlim] sample:		368.9 time, 400.1 real, 223.9 MB
[runlim] sample:		376.8 time, 410.1 real, 225.9 MB
[runlim] sample:		384.7 time, 420.1 real, 227.5 MB
[runlim] sample:		392.5 time, 430.1 real, 228.5 MB
[runlim] sample:		400.4 time, 440.1 real, 232.9 MB
[runlim] sample:		408.3 time, 450.1 real, 236.5 MB
[runlim] sample:		416.1 time, 460.1 real, 239.1 MB
[runlim] sample:		424.0 time, 470.1 real, 241.1 MB
[runlim] sample:		431.9 time, 480.1 real, 241.7 MB
[runlim] sample:		439.8 time, 490.1 real, 248.1 MB
[runlim] sample:		447.9 time, 500.1 real, 260.0 MB
[runlim] sample:		456.5 time, 510.1 real, 283.9 MB
[runlim] sample:		466.0 time, 520.1 real, 284.4 MB
[runlim] sample:		476.0 time, 530.1 real, 284.7 MB
[runlim] sample:		486.0 time, 540.1 real, 284.7 MB
[runlim] sample:		496.0 time, 550.1 real, 285.5 MB
[runlim] sample:		506.0 time, 560.1 real, 285.5 MB
[runlim] sample:		516.0 time, 570.1 real, 285.5 MB
[runlim] sample:		526.0 time, 580.1 real, 285.5 MB
[runlim] sample:		536.0 time, 590.1 real, 286.0 MB
[runlim] sample:		546.0 time, 600.1 real, 286.0 MB
[runlim] sample:		556.0 time, 610.1 real, 286.3 MB
[runlim] sample:		566.0 time, 620.1 real, 286.8 MB
[runlim] sample:		576.0 time, 630.1 real, 286.8 MB
[runlim] sample:		586.0 time, 640.1 real, 288.6 MB
[runlim] sample:		596.0 time, 650.1 real, 289.1 MB
[runlim] sample:		606.0 time, 660.1 real, 290.4 MB
[runlim] sample:		616.0 time, 670.1 real, 297.9 MB
[runlim] sample:		626.0 time, 680.1 real, 298.7 MB
[runlim] sample:		636.0 time, 690.1 real, 299.7 MB
[runlim] sample:		645.9 time, 700.1 real, 301.0 MB
[runlim] sample:		654.2 time, 710.1 real, 304.1 MB
[runlim] sample:		663.7 time, 720.1 real, 304.1 MB
[runlim] sample:		672.2 time, 730.1 real, 304.1 MB
[runlim] sample:		680.8 time, 740.1 real, 304.4 MB
[runlim] sample:		690.8 time, 750.1 real, 304.9 MB
[runlim] sample:		700.8 time, 760.1 real, 305.4 MB
[runlim] sample:		709.9 time, 770.1 real, 307.7 MB
[runlim] sample:		718.9 time, 780.1 real, 307.7 MB
[runlim] sample:		728.5 time, 790.1 real, 307.7 MB
[runlim] sample:		738.5 time, 800.1 real, 308.2 MB
[runlim] sample:		748.5 time, 810.1 real, 309.3 MB
[runlim] sample:		758.5 time, 820.1 real, 309.3 MB
[runlim] sample:		768.5 time, 830.1 real, 309.8 MB
[runlim] sample:		778.4 time, 840.1 real, 310.8 MB
[runlim] sample:		788.4 time, 850.1 real, 310.8 MB
[runlim] sample:		798.4 time, 860.1 real, 311.3 MB
[runlim] sample:		808.4 time, 870.1 real, 311.8 MB
[runlim] sample:		818.4 time, 880.1 real, 312.1 MB
[runlim] sample:		828.4 time, 890.1 real, 312.6 MB
[runlim] sample:		838.4 time, 900.1 real, 313.1 MB
[runlim] sample:		848.4 time, 910.1 real, 313.1 MB
[runlim] sample:		858.4 time, 920.1 real, 313.1 MB
[runlim] sample:		868.1 time, 930.1 real, 313.7 MB
[runlim] sample:		878.1 time, 940.1 real, 313.9 MB
[runlim] sample:		887.9 time, 950.1 real, 314.9 MB
[runlim] sample:		897.4 time, 960.1 real, 314.9 MB
[runlim] sample:		907.4 time, 970.1 real, 316.0 MB
[runlim] sample:		917.4 time, 980.1 real, 319.8 MB
[runlim] sample:		927.4 time, 990.1 real, 319.8 MB
[runlim] sample:		937.4 time, 1000.1 real, 327.1 MB
[runlim] sample:		947.4 time, 1010.1 real, 329.1 MB
[runlim] sample:		957.4 time, 1020.1 real, 329.4 MB
[runlim] sample:		967.4 time, 1030.1 real, 329.6 MB
[runlim] sample:		977.4 time, 1040.1 real, 330.2 MB
[runlim] sample:		987.4 time, 1050.1 real, 335.6 MB
[runlim] sample:		996.5 time, 1060.1 real, 337.1 MB
[runlim] sample:		1005.4 time, 1070.1 real, 338.7 MB
[runlim] sample:		1014.4 time, 1080.1 real, 341.2 MB
[runlim] sample:		1023.4 time, 1090.1 real, 355.4 MB
[runlim] sample:		1032.0 time, 1100.1 real, 355.4 MB
[runlim] sample:		1040.6 time, 1110.1 real, 355.4 MB
[runlim] sample:		1048.9 time, 1120.1 real, 355.4 MB
[runlim] sample:		1056.5 time, 1130.1 real, 356.2 MB
[runlim] sample:		1064.6 time, 1140.1 real, 356.4 MB
[runlim] sample:		1073.6 time, 1150.1 real, 358.0 MB
[runlim] sample:		1082.7 time, 1160.1 real, 358.5 MB
[runlim] sample:		1091.9 time, 1170.1 real, 358.5 MB
[runlim] sample:		1101.1 time, 1180.1 real, 359.3 MB
[runlim] sample:		1108.8 time, 1190.1 real, 359.5 MB
[runlim] sample:		1118.8 time, 1200.1 real, 361.6 MB
[runlim] sample:		1128.8 time, 1210.1 real, 363.9 MB
[runlim] sample:		1138.8 time, 1220.1 real, 365.0 MB
[runlim] sample:		1148.7 time, 1230.1 real, 368.3 MB
[runlim] sample:		1158.7 time, 1240.1 real, 368.3 MB
[runlim] sample:		1168.7 time, 1250.1 real, 368.3 MB
[runlim] sample:		1178.7 time, 1260.1 real, 372.2 MB
[runlim] sample:		1188.5 time, 1270.1 real, 372.4 MB
[runlim] sample:		1197.9 time, 1280.1 real, 372.4 MB
[runlim] sample:		1207.3 time, 1290.1 real, 372.4 MB
[runlim] sample:		1217.3 time, 1300.1 real, 374.0 MB
[runlim] sample:		1227.4 time, 1310.1 real, 374.5 MB
[runlim] sample:		1237.3 time, 1320.1 real, 377.2 MB
[runlim] sample:		1247.3 time, 1330.1 real, 377.2 MB
[runlim] sample:		1257.3 time, 1340.1 real, 377.2 MB
[runlim] sample:		1267.3 time, 1350.1 real, 377.2 MB
[runlim] sample:		1277.3 time, 1360.1 real, 377.5 MB
[runlim] sample:		1287.3 time, 1370.1 real, 379.0 MB
[runlim] sample:		1297.3 time, 1380.1 real, 379.3 MB
[runlim] sample:		1305.9 time, 1390.1 real, 379.3 MB
[runlim] sample:		1313.5 time, 1400.1 real, 379.3 MB
[runlim] sample:		1322.4 time, 1410.1 real, 380.8 MB
[runlim] sample:		1332.4 time, 1420.1 real, 387.8 MB
[runlim] sample:		1342.4 time, 1430.1 real, 389.3 MB
[runlim] sample:		1352.4 time, 1440.1 real, 389.6 MB
[runlim] sample:		1362.4 time, 1450.1 real, 389.9 MB
[runlim] sample:		1372.4 time, 1460.1 real, 389.9 MB
[runlim] sample:		1382.4 time, 1470.1 real, 389.9 MB
[runlim] sample:		1392.4 time, 1480.1 real, 389.9 MB
[runlim] sample:		1402.4 time, 1490.1 real, 389.9 MB
[runlim] sample:		1412.4 time, 1500.1 real, 390.9 MB
[runlim] sample:		1422.4 time, 1510.1 real, 390.9 MB
[runlim] sample:		1432.3 time, 1520.1 real, 392.2 MB
[runlim] sample:		1442.3 time, 1530.1 real, 392.4 MB
[runlim] sample:		1452.3 time, 1540.1 real, 399.4 MB
[runlim] sample:		1462.3 time, 1550.1 real, 400.2 MB
[runlim] sample:		1472.3 time, 1560.1 real, 401.7 MB
[runlim] sample:		1482.3 time, 1570.1 real, 401.7 MB
[runlim] sample:		1492.3 time, 1580.1 real, 402.0 MB
[runlim] sample:		1502.3 time, 1590.1 real, 402.0 MB
[runlim] sample:		1512.3 time, 1600.1 real, 416.2 MB
[runlim] sample:		1522.3 time, 1610.1 real, 416.2 MB
[runlim] sample:		1532.3 time, 1620.1 real, 416.2 MB
[runlim] sample:		1542.3 time, 1630.1 real, 416.5 MB
[runlim] sample:		1552.3 time, 1640.1 real, 416.7 MB
[runlim] sample:		1562.3 time, 1650.1 real, 417.0 MB
[runlim] sample:		1572.3 time, 1660.1 real, 417.2 MB
[runlim] sample:		1582.3 time, 1670.1 real, 417.2 MB
[runlim] sample:		1592.3 time, 1680.1 real, 417.5 MB
[runlim] sample:		1602.3 time, 1690.1 real, 419.6 MB
[runlim] sample:		1612.3 time, 1700.1 real, 420.1 MB
[runlim] sample:		1622.3 time, 1710.1 real, 420.1 MB
[runlim] sample:		1632.3 time, 1720.1 real, 420.3 MB
[runlim] sample:		1642.3 time, 1730.1 real, 423.4 MB
[runlim] sample:		1652.3 time, 1740.1 real, 423.4 MB
[runlim] sample:		1662.3 time, 1750.1 real, 423.7 MB
[runlim] sample:		1672.3 time, 1760.1 real, 423.7 MB
[runlim] sample:		1682.2 time, 1770.1 real, 423.7 MB
[runlim] sample:		1692.2 time, 1780.1 real, 423.7 MB
[runlim] sample:		1702.2 time, 1790.1 real, 423.7 MB
[runlim] sample:		1712.2 time, 1800.1 real, 423.7 MB
[runlim] sample:		1722.2 time, 1810.1 real, 428.1 MB
[runlim] sample:		1732.2 time, 1820.1 real, 428.6 MB
[runlim] sample:		1742.2 time, 1830.1 real, 430.4 MB
[runlim] sample:		1752.2 time, 1840.1 real, 430.6 MB
[runlim] sample:		1762.2 time, 1850.1 real, 430.9 MB
[runlim] sample:		1772.2 time, 1860.1 real, 430.9 MB
[runlim] sample:		1782.2 time, 1870.1 real, 431.2 MB
[runlim] end:			Sat Feb  9 18:26:21 2019
[runlim] status:		signal(9)
[runlim] result:		11
[runlim] children:		0
[runlim] real:			1877.75 seconds
[runlim] time:			1789.81 seconds
[runlim] space:			431.2 MB
[runlim] samples:		18776
