[runlim] version:		1.10fixed
[runlim] time limit:		300 seconds
[runlim] real time limit:	311040000 seconds
[runlim] space limit:		4000 MB
[runlim] argv[0]:		./z3
[runlim] argv[1]:		/tmp/ukrEKW88.smt2
[runlim] start:			Tue Jan 29 17:24:04 2019
[runlim] main pid:		2336
[runlim] sample:		8.4 time, 10.6 real, 16.2 MB
[runlim] sample:		18.4 time, 20.6 real, 17.7 MB
[runlim] sample:		28.4 time, 30.6 real, 25.9 MB
[runlim] sample:		38.4 time, 40.6 real, 27.1 MB
[runlim] sample:		48.4 time, 50.6 real, 27.6 MB
[runlim] sample:		58.5 time, 60.6 real, 28.6 MB
[runlim] sample:		68.5 time, 70.6 real, 28.6 MB
[runlim] sample:		78.5 time, 80.6 real, 28.6 MB
[runlim] sample:		88.5 time, 90.6 real, 28.6 MB
[runlim] sample:		98.5 time, 100.6 real, 28.6 MB
[runlim] sample:		108.5 time, 110.6 real, 28.6 MB
[runlim] sample:		118.4 time, 120.6 real, 28.6 MB
[runlim] sample:		128.4 time, 130.6 real, 28.6 MB
[runlim] sample:		138.4 time, 140.6 real, 28.6 MB
[runlim] sample:		148.4 time, 150.6 real, 28.7 MB
[runlim] sample:		158.4 time, 160.6 real, 29.8 MB
[runlim] sample:		168.4 time, 170.6 real, 29.0 MB
[runlim] sample:		178.4 time, 180.6 real, 29.0 MB
[runlim] sample:		188.4 time, 190.6 real, 28.8 MB
[runlim] sample:		198.4 time, 200.6 real, 30.1 MB
[runlim] sample:		208.4 time, 210.6 real, 29.2 MB
[runlim] sample:		218.4 time, 220.6 real, 28.6 MB
[runlim] sample:		228.4 time, 230.6 real, 29.6 MB
[runlim] sample:		238.4 time, 240.6 real, 29.7 MB
[runlim] sample:		248.4 time, 250.6 real, 30.5 MB
[runlim] sample:		258.4 time, 260.6 real, 30.2 MB
[runlim] sample:		268.4 time, 270.6 real, 30.2 MB
[runlim] sample:		278.4 time, 280.6 real, 30.2 MB
[runlim] sample:		288.4 time, 290.6 real, 30.2 MB
[runlim] sample:		298.4 time, 300.6 real, 30.5 MB
[runlim] end:			Tue Jan 29 17:29:06 2019
[runlim] status:		out of time
[runlim] result:		2
[runlim] children:		0
[runlim] real:			302.21 seconds
[runlim] time:			300.03 seconds
[runlim] space:			30.9 MB
[runlim] samples:		3016
