[runlim] version:		1.10fixed
[runlim] time limit:		300 seconds
[runlim] real time limit:	311040000 seconds
[runlim] space limit:		4000 MB
[runlim] argv[0]:		./z3
[runlim] argv[1]:		/tmp/GrCDx6m9.smt2
[runlim] start:			Tue Feb  5 13:50:17 2019
[runlim] main pid:		3237
[runlim] sample:		8.9 time, 10.6 real, 18.6 MB
[runlim] sample:		17.9 time, 20.6 real, 19.1 MB
[runlim] sample:		26.8 time, 30.6 real, 19.7 MB
[runlim] sample:		35.8 time, 40.6 real, 19.5 MB
[runlim] sample:		45.5 time, 50.6 real, 19.5 MB
[runlim] sample:		55.2 time, 60.6 real, 19.7 MB
[runlim] sample:		64.5 time, 70.6 real, 19.7 MB
[runlim] sample:		73.1 time, 80.6 real, 19.7 MB
[runlim] sample:		81.8 time, 90.6 real, 19.7 MB
[runlim] sample:		90.5 time, 100.6 real, 19.7 MB
[runlim] sample:		99.5 time, 110.6 real, 19.7 MB
[runlim] sample:		109.1 time, 120.6 real, 19.7 MB
[runlim] sample:		117.8 time, 130.6 real, 19.7 MB
[runlim] sample:		126.7 time, 140.6 real, 19.9 MB
[runlim] sample:		136.7 time, 150.6 real, 19.9 MB
[runlim] sample:		145.9 time, 160.6 real, 19.9 MB
[runlim] sample:		154.6 time, 170.6 real, 19.9 MB
[runlim] sample:		163.3 time, 180.6 real, 36.2 MB
[runlim] sample:		172.7 time, 190.6 real, 63.5 MB
[runlim] sample:		182.7 time, 200.6 real, 90.2 MB
[runlim] sample:		192.7 time, 210.6 real, 116.7 MB
[runlim] sample:		202.7 time, 220.6 real, 143.5 MB
[runlim] sample:		212.7 time, 230.6 real, 169.6 MB
[runlim] sample:		222.1 time, 240.6 real, 187.7 MB
[runlim] sample:		231.8 time, 250.6 real, 187.7 MB
[runlim] sample:		241.8 time, 260.6 real, 187.7 MB
[runlim] sample:		251.8 time, 270.6 real, 187.9 MB
[runlim] sample:		261.8 time, 280.6 real, 187.9 MB
[runlim] sample:		271.8 time, 290.6 real, 187.9 MB
[runlim] sample:		281.8 time, 300.6 real, 187.9 MB
[runlim] sample:		291.7 time, 310.6 real, 187.9 MB
[runlim] end:			Tue Feb  5 13:55:34 2019
[runlim] status:		signal(9)
[runlim] result:		11
[runlim] children:		0
[runlim] real:			317.67 seconds
[runlim] time:			298.77 seconds
[runlim] space:			187.9 MB
[runlim] samples:		3171
