[runlim] version:		1.10fixed
[runlim] time limit:		300 seconds
[runlim] real time limit:	311040000 seconds
[runlim] space limit:		4000 MB
[runlim] argv[0]:		./z3
[runlim] argv[1]:		/tmp/SyyO0QTk.smt2
[runlim] start:			Tue Feb  5 11:05:36 2019
[runlim] main pid:		8041
[runlim] sample:		7.3 time, 10.5 real, 28.7 MB
[runlim] sample:		14.6 time, 20.5 real, 34.4 MB
[runlim] sample:		22.7 time, 30.5 real, 38.0 MB
[runlim] sample:		32.7 time, 40.5 real, 41.5 MB
[runlim] sample:		42.7 time, 50.5 real, 47.2 MB
[runlim] sample:		52.7 time, 60.5 real, 49.3 MB
[runlim] sample:		62.7 time, 70.5 real, 55.5 MB
[runlim] sample:		72.7 time, 80.5 real, 59.1 MB
[runlim] sample:		82.7 time, 90.5 real, 64.8 MB
[runlim] sample:		92.7 time, 100.5 real, 71.8 MB
[runlim] sample:		102.7 time, 110.5 real, 73.6 MB
[runlim] sample:		112.7 time, 120.5 real, 74.6 MB
[runlim] sample:		122.7 time, 130.5 real, 74.9 MB
[runlim] sample:		132.7 time, 140.5 real, 74.9 MB
[runlim] sample:		142.7 time, 150.5 real, 75.6 MB
[runlim] sample:		152.7 time, 160.5 real, 76.4 MB
[runlim] sample:		162.7 time, 170.5 real, 78.7 MB
[runlim] sample:		172.7 time, 180.5 real, 79.2 MB
[runlim] sample:		182.7 time, 190.5 real, 79.8 MB
[runlim] sample:		192.7 time, 200.5 real, 81.1 MB
[runlim] sample:		202.6 time, 210.5 real, 82.6 MB
[runlim] sample:		212.6 time, 220.5 real, 84.9 MB
[runlim] sample:		222.6 time, 230.5 real, 85.2 MB
[runlim] sample:		232.6 time, 240.5 real, 85.7 MB
[runlim] sample:		242.6 time, 250.5 real, 86.0 MB
[runlim] sample:		252.6 time, 260.5 real, 86.2 MB
[runlim] sample:		262.6 time, 270.5 real, 86.2 MB
[runlim] sample:		272.6 time, 280.5 real, 87.0 MB
[runlim] sample:		282.6 time, 290.5 real, 87.0 MB
[runlim] sample:		292.6 time, 300.5 real, 87.0 MB
[runlim] end:			Tue Feb  5 11:10:41 2019
[runlim] status:		signal(9)
[runlim] result:		11
[runlim] children:		0
[runlim] real:			305.57 seconds
[runlim] time:			297.59 seconds
[runlim] space:			87.0 MB
[runlim] samples:		3050
