[runlim] version:		1.10fixed
[runlim] time limit:		300 seconds
[runlim] real time limit:	311040000 seconds
[runlim] space limit:		4000 MB
[runlim] argv[0]:		./z3
[runlim] argv[1]:		/tmp/PsBWbkRm.smt2
[runlim] start:			Tue Feb  5 13:50:18 2019
[runlim] main pid:		17437
[runlim] sample:		7.4 time, 10.1 real, 15.5 MB
[runlim] sample:		16.5 time, 20.1 real, 16.8 MB
[runlim] sample:		26.5 time, 30.1 real, 17.6 MB
[runlim] sample:		36.3 time, 40.1 real, 17.9 MB
[runlim] sample:		43.9 time, 50.1 real, 17.8 MB
[runlim] sample:		51.6 time, 60.1 real, 18.0 MB
[runlim] sample:		59.9 time, 70.1 real, 18.1 MB
[runlim] sample:		68.2 time, 80.1 real, 18.2 MB
[runlim] sample:		76.0 time, 90.1 real, 18.0 MB
[runlim] sample:		86.0 time, 100.1 real, 18.0 MB
[runlim] sample:		94.6 time, 110.1 real, 18.2 MB
[runlim] sample:		104.6 time, 120.1 real, 18.3 MB
[runlim] sample:		114.6 time, 130.1 real, 18.2 MB
[runlim] sample:		124.5 time, 140.1 real, 18.2 MB
[runlim] sample:		134.6 time, 150.1 real, 18.2 MB
[runlim] sample:		144.6 time, 160.1 real, 18.2 MB
[runlim] sample:		154.6 time, 170.1 real, 18.2 MB
[runlim] sample:		164.5 time, 180.1 real, 20.1 MB
[runlim] sample:		174.5 time, 190.1 real, 20.1 MB
[runlim] sample:		184.5 time, 200.1 real, 20.3 MB
[runlim] sample:		194.5 time, 210.1 real, 20.4 MB
[runlim] sample:		204.2 time, 220.1 real, 20.4 MB
[runlim] sample:		214.0 time, 230.1 real, 20.5 MB
[runlim] sample:		224.0 time, 240.1 real, 20.5 MB
[runlim] sample:		234.0 time, 250.1 real, 20.5 MB
[runlim] sample:		244.0 time, 260.1 real, 20.4 MB
[runlim] sample:		254.0 time, 270.1 real, 20.4 MB
[runlim] sample:		264.0 time, 280.1 real, 20.4 MB
[runlim] sample:		274.0 time, 290.1 real, 20.4 MB
[runlim] sample:		284.0 time, 300.1 real, 20.5 MB
[runlim] sample:		294.0 time, 310.1 real, 20.4 MB
[runlim] end:			Tue Feb  5 13:55:34 2019
[runlim] status:		out of time
[runlim] result:		2
[runlim] children:		0
[runlim] real:			316.26 seconds
[runlim] time:			300.10 seconds
[runlim] space:			20.6 MB
[runlim] samples:		3161
