[runlim] version:		1.10fixed
[runlim] time limit:		300 seconds
[runlim] real time limit:	311040000 seconds
[runlim] space limit:		4000 MB
[runlim] argv[0]:		./z3
[runlim] argv[1]:		/tmp/0gFXS57O.smt2
[runlim] start:			Tue Feb  5 11:05:02 2019
[runlim] main pid:		5123
[runlim] sample:		8.5 time, 10.9 real, 31.1 MB
[runlim] sample:		18.5 time, 20.9 real, 38.9 MB
[runlim] sample:		28.5 time, 30.9 real, 47.0 MB
[runlim] sample:		38.5 time, 40.9 real, 49.0 MB
[runlim] sample:		48.5 time, 50.9 real, 50.3 MB
[runlim] sample:		58.5 time, 60.9 real, 52.4 MB
[runlim] sample:		68.5 time, 70.9 real, 52.9 MB
[runlim] sample:		78.5 time, 80.9 real, 54.4 MB
[runlim] sample:		88.5 time, 90.9 real, 54.7 MB
[runlim] sample:		98.5 time, 100.9 real, 56.3 MB
[runlim] sample:		108.5 time, 110.9 real, 57.3 MB
[runlim] sample:		118.5 time, 120.9 real, 57.8 MB
[runlim] sample:		128.4 time, 130.9 real, 58.1 MB
[runlim] sample:		138.4 time, 140.9 real, 59.9 MB
[runlim] sample:		148.4 time, 150.9 real, 60.1 MB
[runlim] sample:		158.4 time, 160.9 real, 60.4 MB
[runlim] sample:		168.4 time, 170.9 real, 60.6 MB
[runlim] sample:		178.4 time, 180.9 real, 60.9 MB
[runlim] sample:		188.4 time, 190.9 real, 62.2 MB
[runlim] sample:		198.4 time, 200.9 real, 63.5 MB
[runlim] sample:		208.4 time, 210.9 real, 64.5 MB
[runlim] sample:		218.4 time, 220.9 real, 64.8 MB
[runlim] sample:		228.4 time, 230.9 real, 66.1 MB
[runlim] sample:		238.4 time, 240.9 real, 67.4 MB
[runlim] sample:		248.4 time, 250.9 real, 70.3 MB
[runlim] sample:		258.4 time, 260.9 real, 70.8 MB
[runlim] sample:		268.4 time, 270.9 real, 71.5 MB
[runlim] sample:		278.4 time, 280.9 real, 73.8 MB
[runlim] sample:		288.4 time, 290.9 real, 74.8 MB
[runlim] sample:		298.4 time, 300.9 real, 76.4 MB
[runlim] end:			Tue Feb  5 11:10:04 2019
[runlim] status:		out of time
[runlim] result:		2
[runlim] children:		0
[runlim] real:			302.56 seconds
[runlim] time:			300.01 seconds
[runlim] space:			76.4 MB
[runlim] samples:		3016
