[runlim] version:		1.10fixed
[runlim] time limit:		300 seconds
[runlim] real time limit:	311040000 seconds
[runlim] space limit:		4000 MB
[runlim] argv[0]:		./z3
[runlim] argv[1]:		/tmp/chokEUz1.smt2
[runlim] start:			Tue Feb  5 11:05:01 2019
[runlim] main pid:		9179
[runlim] sample:		9.3 time, 10.8 real, 39.6 MB
[runlim] sample:		19.1 time, 20.8 real, 50.9 MB
[runlim] sample:		28.7 time, 30.8 real, 59.8 MB
[runlim] sample:		38.4 time, 40.8 real, 70.1 MB
[runlim] sample:		48.4 time, 50.8 real, 75.5 MB
[runlim] sample:		57.4 time, 60.8 real, 78.8 MB
[runlim] sample:		66.7 time, 70.8 real, 84.0 MB
[runlim] sample:		76.0 time, 80.8 real, 84.5 MB
[runlim] sample:		85.3 time, 90.8 real, 86.6 MB
[runlim] sample:		95.0 time, 100.8 real, 86.6 MB
[runlim] sample:		104.5 time, 110.8 real, 87.1 MB
[runlim] sample:		114.5 time, 120.8 real, 87.6 MB
[runlim] sample:		124.5 time, 130.8 real, 87.9 MB
[runlim] sample:		134.5 time, 140.8 real, 87.9 MB
[runlim] sample:		144.5 time, 150.8 real, 89.7 MB
[runlim] sample:		154.5 time, 160.8 real, 90.2 MB
[runlim] sample:		164.5 time, 170.8 real, 90.4 MB
[runlim] sample:		174.5 time, 180.8 real, 90.7 MB
[runlim] sample:		183.8 time, 190.8 real, 90.7 MB
[runlim] sample:		193.1 time, 200.8 real, 90.9 MB
[runlim] sample:		202.4 time, 210.8 real, 90.9 MB
[runlim] sample:		211.7 time, 220.8 real, 90.9 MB
[runlim] sample:		221.0 time, 230.8 real, 92.0 MB
[runlim] sample:		230.3 time, 240.8 real, 92.5 MB
[runlim] sample:		239.6 time, 250.8 real, 98.7 MB
[runlim] sample:		249.2 time, 260.8 real, 99.2 MB
[runlim] sample:		258.9 time, 270.8 real, 99.2 MB
[runlim] sample:		268.0 time, 280.8 real, 99.5 MB
[runlim] sample:		276.8 time, 290.8 real, 99.7 MB
[runlim] sample:		286.5 time, 300.8 real, 100.0 MB
[runlim] sample:		296.5 time, 310.8 real, 100.0 MB
[runlim] end:			Tue Feb  5 11:10:15 2019
[runlim] status:		out of time
[runlim] result:		2
[runlim] children:		0
[runlim] real:			314.35 seconds
[runlim] time:			300.03 seconds
[runlim] space:			100.2 MB
[runlim] samples:		3135
