[runlim] version:		1.10fixed
[runlim] time limit:		300 seconds
[runlim] real time limit:	311040000 seconds
[runlim] space limit:		4000 MB
[runlim] argv[0]:		./z3
[runlim] argv[1]:		/tmp/rBhWNony.smt2
[runlim] start:			Tue Feb  5 11:04:12 2019
[runlim] main pid:		30641
[runlim] sample:		9.8 time, 10.3 real, 23.2 MB
[runlim] sample:		19.1 time, 20.3 real, 23.4 MB
[runlim] sample:		28.4 time, 30.3 real, 23.4 MB
[runlim] sample:		38.1 time, 40.3 real, 23.4 MB
[runlim] sample:		47.4 time, 50.3 real, 25.4 MB
[runlim] sample:		56.6 time, 60.3 real, 25.8 MB
[runlim] sample:		66.6 time, 70.3 real, 30.1 MB
[runlim] sample:		76.6 time, 80.3 real, 30.6 MB
[runlim] sample:		86.6 time, 90.3 real, 30.6 MB
[runlim] sample:		96.6 time, 100.3 real, 30.6 MB
[runlim] sample:		106.6 time, 110.3 real, 30.6 MB
[runlim] sample:		116.6 time, 120.3 real, 30.6 MB
[runlim] sample:		126.6 time, 130.3 real, 30.6 MB
[runlim] sample:		136.6 time, 140.3 real, 30.6 MB
[runlim] sample:		146.6 time, 150.3 real, 30.6 MB
[runlim] sample:		156.3 time, 160.3 real, 30.6 MB
[runlim] sample:		166.1 time, 170.3 real, 30.6 MB
[runlim] sample:		176.0 time, 180.3 real, 30.6 MB
[runlim] sample:		184.9 time, 190.3 real, 30.6 MB
[runlim] sample:		193.9 time, 200.3 real, 30.6 MB
[runlim] sample:		203.7 time, 210.3 real, 30.6 MB
[runlim] sample:		213.4 time, 220.3 real, 30.9 MB
[runlim] sample:		223.1 time, 230.3 real, 31.1 MB
[runlim] sample:		232.9 time, 240.3 real, 65.1 MB
[runlim] sample:		242.9 time, 250.3 real, 77.7 MB
[runlim] sample:		252.7 time, 260.3 real, 71.9 MB
[runlim] sample:		262.4 time, 270.3 real, 91.5 MB
[runlim] sample:		272.0 time, 280.3 real, 92.1 MB
[runlim] sample:		281.8 time, 290.3 real, 164.4 MB
[runlim] sample:		291.8 time, 300.3 real, 174.4 MB
[runlim] end:			Tue Feb  5 11:09:20 2019
[runlim] status:		out of time
[runlim] result:		2
[runlim] children:		0
[runlim] real:			308.65 seconds
[runlim] time:			300.10 seconds
[runlim] space:			174.4 MB
[runlim] samples:		3083
