[runlim] version:		1.10fixed
[runlim] time limit:		300 seconds
[runlim] real time limit:	311040000 seconds
[runlim] space limit:		4000 MB
[runlim] argv[0]:		./z3
[runlim] argv[1]:		/tmp/0rkfHZI4.smt2
[runlim] start:			Tue Feb  5 11:05:06 2019
[runlim] main pid:		14728
[runlim] sample:		9.7 time, 10.6 real, 31.2 MB
[runlim] sample:		19.7 time, 20.6 real, 42.8 MB
[runlim] sample:		29.7 time, 30.6 real, 47.0 MB
[runlim] sample:		39.5 time, 40.6 real, 50.9 MB
[runlim] sample:		48.2 time, 50.6 real, 56.3 MB
[runlim] sample:		57.7 time, 60.6 real, 58.8 MB
[runlim] sample:		67.7 time, 70.6 real, 61.7 MB
[runlim] sample:		77.0 time, 80.6 real, 64.2 MB
[runlim] sample:		86.3 time, 90.6 real, 66.3 MB
[runlim] sample:		96.0 time, 100.6 real, 68.6 MB
[runlim] sample:		105.6 time, 110.6 real, 70.2 MB
[runlim] sample:		115.3 time, 120.6 real, 71.2 MB
[runlim] sample:		124.9 time, 130.6 real, 72.8 MB
[runlim] sample:		134.6 time, 140.6 real, 73.5 MB
[runlim] sample:		144.3 time, 150.6 real, 74.8 MB
[runlim] sample:		153.9 time, 160.6 real, 76.6 MB
[runlim] sample:		163.5 time, 170.6 real, 77.9 MB
[runlim] sample:		172.4 time, 180.6 real, 82.5 MB
[runlim] sample:		181.4 time, 190.6 real, 83.3 MB
[runlim] sample:		190.3 time, 200.6 real, 85.3 MB
[runlim] sample:		199.3 time, 210.6 real, 86.9 MB
[runlim] sample:		208.3 time, 220.6 real, 90.0 MB
[runlim] sample:		217.2 time, 230.6 real, 93.3 MB
[runlim] sample:		226.2 time, 240.6 real, 94.9 MB
[runlim] sample:		235.1 time, 250.6 real, 97.7 MB
[runlim] sample:		244.1 time, 260.6 real, 98.5 MB
[runlim] sample:		253.8 time, 270.6 real, 100.5 MB
[runlim] sample:		263.8 time, 280.6 real, 103.1 MB
[runlim] sample:		273.8 time, 290.6 real, 104.4 MB
[runlim] sample:		283.8 time, 300.6 real, 105.9 MB
[runlim] end:			Tue Feb  5 11:10:14 2019
[runlim] status:		signal(9)
[runlim] result:		11
[runlim] children:		0
[runlim] real:			308.99 seconds
[runlim] time:			292.05 seconds
[runlim] space:			108.0 MB
[runlim] samples:		3083
