[runlim] version:		1.10fixed
[runlim] time limit:		300 seconds
[runlim] real time limit:	311040000 seconds
[runlim] space limit:		4000 MB
[runlim] argv[0]:		./z3
[runlim] argv[1]:		/tmp/OsHv8zCn.smt2
[runlim] start:			Tue Feb  5 11:00:29 2019
[runlim] main pid:		31398
[runlim] sample:		9.4 time, 10.6 real, 23.3 MB
[runlim] sample:		17.7 time, 20.6 real, 29.5 MB
[runlim] sample:		25.6 time, 30.6 real, 29.5 MB
[runlim] sample:		34.0 time, 40.6 real, 29.5 MB
[runlim] sample:		42.5 time, 50.6 real, 29.5 MB
[runlim] sample:		51.0 time, 60.6 real, 34.7 MB
[runlim] sample:		59.6 time, 70.6 real, 35.1 MB
[runlim] sample:		67.7 time, 80.6 real, 34.9 MB
[runlim] sample:		75.5 time, 90.6 real, 34.9 MB
[runlim] sample:		83.5 time, 100.6 real, 34.9 MB
[runlim] sample:		92.4 time, 110.6 real, 34.9 MB
[runlim] sample:		101.5 time, 120.6 real, 37.8 MB
[runlim] sample:		110.5 time, 130.6 real, 38.6 MB
[runlim] sample:		119.2 time, 140.6 real, 34.9 MB
[runlim] sample:		127.9 time, 150.6 real, 34.9 MB
[runlim] sample:		135.9 time, 160.6 real, 34.9 MB
[runlim] sample:		144.0 time, 170.6 real, 43.4 MB
[runlim] sample:		152.4 time, 180.6 real, 34.9 MB
[runlim] sample:		160.8 time, 190.6 real, 36.2 MB
[runlim] sample:		170.1 time, 200.6 real, 42.4 MB
[runlim] sample:		180.1 time, 210.6 real, 42.4 MB
[runlim] sample:		190.1 time, 220.6 real, 42.6 MB
[runlim] sample:		200.1 time, 230.6 real, 42.6 MB
[runlim] sample:		210.1 time, 240.6 real, 42.6 MB
[runlim] sample:		219.8 time, 250.6 real, 44.1 MB
[runlim] sample:		229.8 time, 260.6 real, 44.9 MB
[runlim] sample:		239.8 time, 270.6 real, 47.5 MB
[runlim] sample:		249.8 time, 280.6 real, 50.5 MB
[runlim] sample:		259.1 time, 290.6 real, 51.3 MB
[runlim] sample:		268.4 time, 300.6 real, 51.8 MB
[runlim] sample:		278.4 time, 310.6 real, 53.5 MB
[runlim] sample:		287.9 time, 320.6 real, 56.0 MB
[runlim] end:			Tue Feb  5 11:05:58 2019
[runlim] status:		signal(9)
[runlim] result:		11
[runlim] children:		0
[runlim] real:			329.78 seconds
[runlim] time:			295.43 seconds
[runlim] space:			57.1 MB
[runlim] samples:		3291
