[runlim] version:		1.10fixed
[runlim] time limit:		300 seconds
[runlim] real time limit:	311040000 seconds
[runlim] space limit:		4000 MB
[runlim] argv[0]:		./z3
[runlim] argv[1]:		/tmp/oErGFrX8.smt2
[runlim] start:			Tue Feb  5 11:05:24 2019
[runlim] main pid:		26731
[runlim] sample:		9.7 time, 10.6 real, 40.8 MB
[runlim] sample:		19.1 time, 20.6 real, 44.9 MB
[runlim] sample:		28.2 time, 30.6 real, 60.1 MB
[runlim] sample:		38.2 time, 40.6 real, 66.3 MB
[runlim] sample:		48.2 time, 50.6 real, 68.9 MB
[runlim] sample:		58.2 time, 60.6 real, 71.0 MB
[runlim] sample:		68.2 time, 70.6 real, 73.0 MB
[runlim] sample:		78.2 time, 80.6 real, 78.3 MB
[runlim] sample:		88.2 time, 90.6 real, 83.0 MB
[runlim] sample:		98.2 time, 100.6 real, 83.7 MB
[runlim] sample:		108.2 time, 110.6 real, 84.2 MB
[runlim] sample:		118.2 time, 120.6 real, 90.4 MB
[runlim] sample:		127.9 time, 130.6 real, 92.5 MB
[runlim] sample:		137.6 time, 140.6 real, 98.2 MB
[runlim] sample:		147.2 time, 150.6 real, 105.4 MB
[runlim] sample:		155.1 time, 160.6 real, 106.5 MB
[runlim] sample:		165.1 time, 170.6 real, 107.0 MB
[runlim] sample:		175.1 time, 180.6 real, 108.0 MB
[runlim] sample:		185.1 time, 190.6 real, 108.8 MB
[runlim] sample:		195.1 time, 200.6 real, 111.1 MB
[runlim] sample:		204.3 time, 210.6 real, 112.7 MB
[runlim] sample:		214.3 time, 220.6 real, 117.6 MB
[runlim] sample:		223.8 time, 230.6 real, 118.3 MB
[runlim] sample:		233.3 time, 240.6 real, 125.6 MB
[runlim] sample:		243.0 time, 250.6 real, 126.1 MB
[runlim] sample:		252.9 time, 260.6 real, 128.6 MB
[runlim] sample:		262.8 time, 270.6 real, 128.6 MB
[runlim] sample:		272.2 time, 280.6 real, 128.9 MB
[runlim] sample:		281.5 time, 290.6 real, 128.9 MB
[runlim] sample:		291.0 time, 300.6 real, 128.9 MB
[runlim] end:			Tue Feb  5 11:10:33 2019
[runlim] status:		out of time
[runlim] result:		2
[runlim] children:		0
[runlim] real:			309.97 seconds
[runlim] time:			300.06 seconds
[runlim] space:			133.8 MB
[runlim] samples:		3094
