[runlim] version:		1.10fixed
[runlim] time limit:		300 seconds
[runlim] real time limit:	311040000 seconds
[runlim] space limit:		4000 MB
[runlim] argv[0]:		./z3
[runlim] argv[1]:		/tmp/yURRrPNk.smt2
[runlim] start:			Tue Feb  5 11:05:37 2019
[runlim] main pid:		3762
[runlim] sample:		9.4 time, 10.6 real, 38.0 MB
[runlim] sample:		19.0 time, 20.6 real, 46.0 MB
[runlim] sample:		28.4 time, 30.6 real, 49.8 MB
[runlim] sample:		38.3 time, 40.6 real, 58.6 MB
[runlim] sample:		46.7 time, 50.6 real, 61.5 MB
[runlim] sample:		56.2 time, 60.6 real, 63.5 MB
[runlim] sample:		65.0 time, 70.6 real, 64.8 MB
[runlim] sample:		74.6 time, 80.6 real, 70.2 MB
[runlim] sample:		84.2 time, 90.6 real, 70.8 MB
[runlim] sample:		93.7 time, 100.6 real, 74.2 MB
[runlim] sample:		103.7 time, 110.6 real, 75.8 MB
[runlim] sample:		113.7 time, 120.6 real, 78.1 MB
[runlim] sample:		122.4 time, 130.6 real, 80.9 MB
[runlim] sample:		130.4 time, 140.6 real, 81.9 MB
[runlim] sample:		138.7 time, 150.6 real, 82.7 MB
[runlim] sample:		147.8 time, 160.6 real, 83.5 MB
[runlim] sample:		157.3 time, 170.6 real, 85.0 MB
[runlim] sample:		167.3 time, 180.6 real, 86.1 MB
[runlim] sample:		177.3 time, 190.6 real, 88.1 MB
[runlim] sample:		187.1 time, 200.6 real, 89.4 MB
[runlim] sample:		197.1 time, 210.6 real, 90.7 MB
[runlim] sample:		207.1 time, 220.6 real, 96.1 MB
[runlim] sample:		215.7 time, 230.6 real, 102.2 MB
[runlim] sample:		225.7 time, 240.6 real, 102.8 MB
[runlim] sample:		235.7 time, 250.6 real, 103.5 MB
[runlim] sample:		245.7 time, 260.6 real, 106.6 MB
[runlim] sample:		255.7 time, 270.6 real, 112.6 MB
[runlim] sample:		265.7 time, 280.6 real, 113.6 MB
[runlim] sample:		275.7 time, 290.6 real, 114.4 MB
[runlim] sample:		285.7 time, 300.6 real, 122.1 MB
[runlim] sample:		295.5 time, 310.6 real, 123.6 MB
[runlim] end:			Tue Feb  5 11:10:49 2019
[runlim] status:		signal(9)
[runlim] result:		11
[runlim] children:		0
[runlim] real:			312.38 seconds
[runlim] time:			297.15 seconds
[runlim] space:			123.6 MB
[runlim] samples:		3117
