[runlim] version:		1.10fixed
[runlim] time limit:		300 seconds
[runlim] real time limit:	311040000 seconds
[runlim] space limit:		4000 MB
[runlim] argv[0]:		./z3
[runlim] argv[1]:		/tmp/XfO6cvQt.smt2
[runlim] start:			Tue Feb  5 11:05:06 2019
[runlim] main pid:		27652
[runlim] sample:		9.5 time, 10.7 real, 27.9 MB
[runlim] sample:		19.4 time, 20.7 real, 30.6 MB
[runlim] sample:		29.4 time, 30.7 real, 35.2 MB
[runlim] sample:		39.4 time, 40.7 real, 39.2 MB
[runlim] sample:		49.4 time, 50.7 real, 41.2 MB
[runlim] sample:		59.4 time, 60.7 real, 43.3 MB
[runlim] sample:		69.4 time, 70.7 real, 46.3 MB
[runlim] sample:		79.3 time, 80.7 real, 46.8 MB
[runlim] sample:		89.0 time, 90.7 real, 47.6 MB
[runlim] sample:		99.0 time, 100.7 real, 48.1 MB
[runlim] sample:		109.0 time, 110.7 real, 48.9 MB
[runlim] sample:		119.0 time, 120.7 real, 49.9 MB
[runlim] sample:		129.0 time, 130.7 real, 50.7 MB
[runlim] sample:		139.0 time, 140.7 real, 51.5 MB
[runlim] sample:		149.0 time, 150.7 real, 52.2 MB
[runlim] sample:		159.0 time, 160.7 real, 53.3 MB
[runlim] sample:		169.0 time, 170.7 real, 59.1 MB
[runlim] sample:		179.0 time, 180.7 real, 61.2 MB
[runlim] sample:		189.0 time, 190.7 real, 64.1 MB
[runlim] sample:		199.0 time, 200.7 real, 69.1 MB
[runlim] sample:		209.0 time, 210.7 real, 70.9 MB
[runlim] sample:		218.9 time, 220.7 real, 72.7 MB
[runlim] sample:		228.9 time, 230.7 real, 74.0 MB
[runlim] sample:		238.9 time, 240.7 real, 75.0 MB
[runlim] sample:		248.9 time, 250.7 real, 77.1 MB
[runlim] sample:		258.9 time, 260.7 real, 77.6 MB
[runlim] sample:		268.9 time, 270.7 real, 78.1 MB
[runlim] sample:		278.9 time, 280.7 real, 79.7 MB
[runlim] sample:		288.9 time, 290.7 real, 80.4 MB
[runlim] sample:		298.9 time, 300.7 real, 82.2 MB
[runlim] end:			Tue Feb  5 11:10:07 2019
[runlim] status:		out of time
[runlim] result:		2
[runlim] children:		0
[runlim] real:			301.86 seconds
[runlim] time:			300.01 seconds
[runlim] space:			83.0 MB
[runlim] samples:		3011
