[runlim] version:		1.10fixed
[runlim] time limit:		300 seconds
[runlim] real time limit:	311040000 seconds
[runlim] space limit:		4000 MB
[runlim] argv[0]:		./z3
[runlim] argv[1]:		/tmp/qWskv2Iv.smt2
[runlim] start:			Tue Feb  5 11:00:32 2019
[runlim] main pid:		14217
[runlim] sample:		8.6 time, 10.2 real, 37.3 MB
[runlim] sample:		18.2 time, 20.2 real, 42.5 MB
[runlim] sample:		28.2 time, 30.2 real, 48.5 MB
[runlim] sample:		38.1 time, 40.2 real, 58.8 MB
[runlim] sample:		48.1 time, 50.2 real, 64.4 MB
[runlim] sample:		58.1 time, 60.2 real, 66.2 MB
[runlim] sample:		68.1 time, 70.2 real, 68.3 MB
[runlim] sample:		78.1 time, 80.2 real, 69.6 MB
[runlim] sample:		88.1 time, 90.2 real, 70.9 MB
[runlim] sample:		97.8 time, 100.2 real, 73.0 MB
[runlim] sample:		107.5 time, 110.2 real, 75.1 MB
[runlim] sample:		117.2 time, 120.2 real, 79.2 MB
[runlim] sample:		126.8 time, 130.2 real, 84.2 MB
[runlim] sample:		136.5 time, 140.2 real, 84.7 MB
[runlim] sample:		146.4 time, 150.2 real, 85.0 MB
[runlim] sample:		156.4 time, 160.2 real, 85.2 MB
[runlim] sample:		166.2 time, 170.2 real, 85.2 MB
[runlim] sample:		175.9 time, 180.2 real, 86.0 MB
[runlim] sample:		185.4 time, 190.2 real, 86.5 MB
[runlim] sample:		194.8 time, 200.2 real, 94.8 MB
[runlim] sample:		202.5 time, 210.2 real, 98.7 MB
[runlim] sample:		212.4 time, 220.2 real, 101.9 MB
[runlim] sample:		222.4 time, 230.2 real, 102.9 MB
[runlim] sample:		232.1 time, 240.2 real, 103.9 MB
[runlim] sample:		241.7 time, 250.2 real, 105.1 MB
[runlim] sample:		251.7 time, 260.2 real, 105.3 MB
[runlim] sample:		261.7 time, 270.2 real, 105.6 MB
[runlim] sample:		271.7 time, 280.2 real, 106.1 MB
[runlim] sample:		281.7 time, 290.2 real, 106.6 MB
[runlim] sample:		291.7 time, 300.2 real, 106.9 MB
[runlim] end:			Tue Feb  5 11:05:40 2019
[runlim] status:		out of time
[runlim] result:		2
[runlim] children:		0
[runlim] real:			308.65 seconds
[runlim] time:			300.05 seconds
[runlim] space:			106.9 MB
[runlim] samples:		3084
