[runlim] version:		1.10fixed
[runlim] time limit:		300 seconds
[runlim] real time limit:	311040000 seconds
[runlim] space limit:		4000 MB
[runlim] argv[0]:		./z3
[runlim] argv[1]:		/tmp/OtCj6g0N.smt2
[runlim] start:			Tue Jan 29 17:23:59 2019
[runlim] main pid:		899
[runlim] sample:		8.5 time, 10.0 real, 28.7 MB
[runlim] sample:		18.5 time, 20.0 real, 51.9 MB
[runlim] sample:		28.5 time, 30.0 real, 63.8 MB
[runlim] sample:		38.0 time, 40.0 real, 66.6 MB
[runlim] sample:		47.4 time, 50.0 real, 68.2 MB
[runlim] sample:		56.2 time, 60.0 real, 71.2 MB
[runlim] sample:		65.6 time, 70.0 real, 74.6 MB
[runlim] sample:		75.6 time, 80.0 real, 74.9 MB
[runlim] sample:		85.6 time, 90.0 real, 76.4 MB
[runlim] sample:		95.6 time, 100.0 real, 79.2 MB
[runlim] sample:		105.6 time, 110.0 real, 81.6 MB
[runlim] sample:		115.6 time, 120.0 real, 82.3 MB
[runlim] sample:		125.5 time, 130.0 real, 86.7 MB
[runlim] sample:		135.6 time, 140.0 real, 90.3 MB
[runlim] sample:		145.3 time, 150.0 real, 91.0 MB
[runlim] sample:		154.3 time, 160.0 real, 92.6 MB
[runlim] sample:		163.8 time, 170.0 real, 92.9 MB
[runlim] sample:		173.8 time, 180.0 real, 93.1 MB
[runlim] sample:		183.8 time, 190.0 real, 93.1 MB
[runlim] sample:		193.4 time, 200.0 real, 99.5 MB
[runlim] sample:		203.1 time, 210.0 real, 101.1 MB
[runlim] sample:		212.7 time, 220.0 real, 101.6 MB
[runlim] sample:		222.5 time, 230.0 real, 102.1 MB
[runlim] sample:		232.5 time, 240.0 real, 102.9 MB
[runlim] sample:		242.5 time, 250.0 real, 103.4 MB
[runlim] sample:		252.5 time, 260.0 real, 104.7 MB
[runlim] sample:		262.5 time, 270.0 real, 108.0 MB
[runlim] sample:		272.5 time, 280.0 real, 114.4 MB
[runlim] sample:		282.5 time, 290.0 real, 119.6 MB
[runlim] sample:		292.5 time, 300.0 real, 122.4 MB
[runlim] end:			Tue Jan 29 17:29:06 2019
[runlim] status:		out of time
[runlim] result:		2
[runlim] children:		0
[runlim] real:			307.64 seconds
[runlim] time:			300.10 seconds
[runlim] space:			127.1 MB
[runlim] samples:		3076
