[runlim] version:		1.10fixed
[runlim] time limit:		300 seconds
[runlim] real time limit:	311040000 seconds
[runlim] space limit:		4000 MB
[runlim] argv[0]:		./z3
[runlim] argv[1]:		/tmp/7uq7TkYZ.smt2
[runlim] start:			Tue Feb  5 13:55:17 2019
[runlim] main pid:		1296
[runlim] sample:		9.6 time, 10.7 real, 31.2 MB
[runlim] sample:		19.6 time, 20.7 real, 37.1 MB
[runlim] sample:		29.6 time, 30.7 real, 41.0 MB
[runlim] sample:		38.4 time, 40.7 real, 48.3 MB
[runlim] sample:		48.4 time, 50.7 real, 56.5 MB
[runlim] sample:		57.0 time, 60.7 real, 61.1 MB
[runlim] sample:		65.1 time, 70.7 real, 62.9 MB
[runlim] sample:		72.9 time, 80.7 real, 68.1 MB
[runlim] sample:		82.0 time, 90.7 real, 71.2 MB
[runlim] sample:		91.6 time, 100.7 real, 74.2 MB
[runlim] sample:		100.3 time, 110.7 real, 75.5 MB
[runlim] sample:		109.5 time, 120.7 real, 84.3 MB
[runlim] sample:		117.7 time, 130.7 real, 89.7 MB
[runlim] sample:		127.7 time, 140.7 real, 90.4 MB
[runlim] sample:		137.7 time, 150.7 real, 96.1 MB
[runlim] sample:		147.7 time, 160.7 real, 97.4 MB
[runlim] sample:		157.7 time, 170.7 real, 101.8 MB
[runlim] sample:		167.7 time, 180.7 real, 104.1 MB
[runlim] sample:		177.7 time, 190.7 real, 108.5 MB
[runlim] sample:		187.7 time, 200.7 real, 117.6 MB
[runlim] sample:		197.7 time, 210.7 real, 119.9 MB
[runlim] sample:		207.7 time, 220.7 real, 121.2 MB
[runlim] sample:		217.7 time, 230.7 real, 121.9 MB
[runlim] sample:		227.7 time, 240.7 real, 123.5 MB
[runlim] sample:		237.7 time, 250.7 real, 124.0 MB
[runlim] sample:		247.7 time, 260.7 real, 127.9 MB
[runlim] sample:		257.7 time, 270.7 real, 128.6 MB
[runlim] sample:		267.7 time, 280.7 real, 129.2 MB
[runlim] sample:		277.7 time, 290.7 real, 132.3 MB
[runlim] sample:		287.7 time, 300.7 real, 135.9 MB
[runlim] sample:		297.7 time, 310.7 real, 139.2 MB
[runlim] end:			Tue Feb  5 14:00:30 2019
[runlim] status:		out of time
[runlim] result:		2
[runlim] children:		0
[runlim] real:			313.11 seconds
[runlim] time:			300.10 seconds
[runlim] space:			139.2 MB
[runlim] samples:		3124
