[runlim] version:		1.10fixed
[runlim] time limit:		300 seconds
[runlim] real time limit:	311040000 seconds
[runlim] space limit:		4000 MB
[runlim] argv[0]:		./z3
[runlim] argv[1]:		/tmp/uCrWEYzo.smt2
[runlim] start:			Tue Feb  5 11:05:23 2019
[runlim] main pid:		21364
[runlim] sample:		8.4 time, 10.4 real, 30.7 MB
[runlim] sample:		17.7 time, 20.4 real, 35.7 MB
[runlim] sample:		27.7 time, 30.4 real, 38.5 MB
[runlim] sample:		37.7 time, 40.4 real, 44.0 MB
[runlim] sample:		47.7 time, 50.4 real, 52.1 MB
[runlim] sample:		57.7 time, 60.4 real, 54.2 MB
[runlim] sample:		67.7 time, 70.4 real, 55.2 MB
[runlim] sample:		77.7 time, 80.4 real, 59.4 MB
[runlim] sample:		87.7 time, 90.4 real, 60.9 MB
[runlim] sample:		97.7 time, 100.4 real, 62.4 MB
[runlim] sample:		107.7 time, 110.4 real, 64.0 MB
[runlim] sample:		117.7 time, 120.4 real, 65.3 MB
[runlim] sample:		127.7 time, 130.4 real, 66.8 MB
[runlim] sample:		137.7 time, 140.4 real, 68.4 MB
[runlim] sample:		147.7 time, 150.4 real, 69.4 MB
[runlim] sample:		157.7 time, 160.4 real, 70.4 MB
[runlim] sample:		167.7 time, 170.4 real, 76.7 MB
[runlim] sample:		177.7 time, 180.4 real, 82.6 MB
[runlim] sample:		187.7 time, 190.4 real, 82.6 MB
[runlim] sample:		197.7 time, 200.4 real, 83.4 MB
[runlim] sample:		207.7 time, 210.4 real, 84.2 MB
[runlim] sample:		217.7 time, 220.4 real, 85.2 MB
[runlim] sample:		227.7 time, 230.4 real, 92.1 MB
[runlim] sample:		237.7 time, 240.4 real, 95.2 MB
[runlim] sample:		247.7 time, 250.4 real, 95.2 MB
[runlim] sample:		257.7 time, 260.4 real, 96.3 MB
[runlim] sample:		267.7 time, 270.4 real, 97.3 MB
[runlim] sample:		277.7 time, 280.4 real, 97.3 MB
[runlim] sample:		287.7 time, 290.4 real, 97.3 MB
[runlim] sample:		297.6 time, 300.4 real, 99.1 MB
[runlim] end:			Tue Feb  5 11:10:25 2019
[runlim] status:		out of time
[runlim] result:		2
[runlim] children:		0
[runlim] real:			302.97 seconds
[runlim] time:			300.09 seconds
[runlim] space:			99.1 MB
[runlim] samples:		3025
