[runlim] version:		1.10fixed
[runlim] time limit:		300 seconds
[runlim] real time limit:	311040000 seconds
[runlim] space limit:		4000 MB
[runlim] argv[0]:		./z3
[runlim] argv[1]:		/tmp/d8ZMMlP5.smt2
[runlim] start:			Tue Jan 29 17:23:52 2019
[runlim] main pid:		21798
[runlim] sample:		9.7 time, 10.7 real, 56.5 MB
[runlim] sample:		19.7 time, 20.7 real, 56.5 MB
[runlim] sample:		29.7 time, 30.7 real, 56.5 MB
[runlim] sample:		39.7 time, 40.7 real, 56.5 MB
[runlim] sample:		49.7 time, 50.7 real, 56.5 MB
[runlim] sample:		59.6 time, 60.7 real, 56.5 MB
[runlim] sample:		69.7 time, 70.7 real, 56.5 MB
[runlim] sample:		79.6 time, 80.7 real, 63.2 MB
[runlim] sample:		89.6 time, 90.7 real, 67.9 MB
[runlim] sample:		99.6 time, 100.7 real, 74.5 MB
[runlim] sample:		109.6 time, 110.7 real, 79.5 MB
[runlim] sample:		118.8 time, 120.7 real, 81.7 MB
[runlim] sample:		126.7 time, 130.7 real, 81.7 MB
[runlim] sample:		134.6 time, 140.7 real, 81.7 MB
[runlim] sample:		143.4 time, 150.7 real, 81.7 MB
[runlim] sample:		153.4 time, 160.7 real, 82.0 MB
[runlim] sample:		163.2 time, 170.7 real, 82.0 MB
[runlim] sample:		173.2 time, 180.7 real, 82.2 MB
[runlim] sample:		183.2 time, 190.7 real, 82.2 MB
[runlim] sample:		193.2 time, 200.7 real, 103.9 MB
[runlim] sample:		203.2 time, 210.7 real, 108.0 MB
[runlim] sample:		213.2 time, 220.7 real, 121.2 MB
[runlim] sample:		223.2 time, 230.7 real, 134.1 MB
[runlim] sample:		233.2 time, 240.7 real, 135.1 MB
[runlim] sample:		243.2 time, 250.7 real, 136.1 MB
[runlim] sample:		253.2 time, 260.7 real, 140.5 MB
[runlim] sample:		263.2 time, 270.7 real, 141.8 MB
[runlim] sample:		273.2 time, 280.7 real, 149.3 MB
[runlim] sample:		283.2 time, 290.7 real, 150.0 MB
[runlim] sample:		293.2 time, 300.7 real, 155.7 MB
[runlim] end:			Tue Jan 29 17:28:59 2019
[runlim] status:		out of time
[runlim] result:		2
[runlim] children:		0
[runlim] real:			307.60 seconds
[runlim] time:			300.06 seconds
[runlim] space:			157.0 MB
[runlim] samples:		3069
