[runlim] version:		1.10fixed
[runlim] time limit:		300 seconds
[runlim] real time limit:	311040000 seconds
[runlim] space limit:		4000 MB
[runlim] argv[0]:		./z3
[runlim] argv[1]:		/tmp/R0zyDtYQ.smt2
[runlim] start:			Tue Feb  5 11:05:12 2019
[runlim] main pid:		30136
[runlim] sample:		8.5 time, 10.7 real, 38.6 MB
[runlim] sample:		18.1 time, 20.7 real, 47.5 MB
[runlim] sample:		28.1 time, 30.7 real, 50.8 MB
[runlim] sample:		38.1 time, 40.7 real, 54.6 MB
[runlim] sample:		48.1 time, 50.7 real, 57.7 MB
[runlim] sample:		58.1 time, 60.7 real, 59.3 MB
[runlim] sample:		68.1 time, 70.7 real, 61.3 MB
[runlim] sample:		77.8 time, 80.7 real, 64.4 MB
[runlim] sample:		87.4 time, 90.7 real, 67.8 MB
[runlim] sample:		97.1 time, 100.7 real, 70.6 MB
[runlim] sample:		106.7 time, 110.7 real, 72.8 MB
[runlim] sample:		116.5 time, 120.7 real, 78.2 MB
[runlim] sample:		126.2 time, 130.7 real, 83.9 MB
[runlim] sample:		135.8 time, 140.7 real, 84.9 MB
[runlim] sample:		145.5 time, 150.7 real, 86.0 MB
[runlim] sample:		155.5 time, 160.7 real, 87.5 MB
[runlim] sample:		165.5 time, 170.7 real, 89.3 MB
[runlim] sample:		175.5 time, 180.7 real, 90.6 MB
[runlim] sample:		185.2 time, 190.7 real, 92.9 MB
[runlim] sample:		194.9 time, 200.7 real, 92.9 MB
[runlim] sample:		204.6 time, 210.7 real, 93.2 MB
[runlim] sample:		214.4 time, 220.7 real, 93.2 MB
[runlim] sample:		224.1 time, 230.7 real, 93.4 MB
[runlim] sample:		233.9 time, 240.7 real, 93.9 MB
[runlim] sample:		243.6 time, 250.7 real, 94.5 MB
[runlim] sample:		253.3 time, 260.7 real, 95.0 MB
[runlim] sample:		263.3 time, 270.7 real, 95.8 MB
[runlim] sample:		273.3 time, 280.7 real, 95.8 MB
[runlim] sample:		283.3 time, 290.7 real, 96.3 MB
[runlim] sample:		293.3 time, 300.7 real, 96.8 MB
[runlim] end:			Tue Feb  5 11:10:19 2019
[runlim] status:		out of time
[runlim] result:		2
[runlim] children:		0
[runlim] real:			307.50 seconds
[runlim] time:			300.07 seconds
[runlim] space:			97.8 MB
[runlim] samples:		3068
