[runlim] version:		1.10fixed
[runlim] time limit:		300 seconds
[runlim] real time limit:	311040000 seconds
[runlim] space limit:		4000 MB
[runlim] argv[0]:		./z3
[runlim] argv[1]:		/tmp/g9wkVFRU.smt2
[runlim] start:			Tue Feb  5 13:54:48 2019
[runlim] main pid:		3226
[runlim] sample:		7.1 time, 10.0 real, 26.2 MB
[runlim] sample:		14.3 time, 20.0 real, 31.4 MB
[runlim] sample:		23.5 time, 30.0 real, 34.8 MB
[runlim] sample:		33.1 time, 40.0 real, 37.3 MB
[runlim] sample:		43.1 time, 50.0 real, 38.6 MB
[runlim] sample:		53.1 time, 60.0 real, 43.4 MB
[runlim] sample:		62.9 time, 70.0 real, 47.6 MB
[runlim] sample:		72.7 time, 80.0 real, 51.9 MB
[runlim] sample:		81.2 time, 90.0 real, 53.5 MB
[runlim] sample:		89.7 time, 100.0 real, 54.5 MB
[runlim] sample:		98.9 time, 110.0 real, 55.8 MB
[runlim] sample:		106.7 time, 120.0 real, 56.6 MB
[runlim] sample:		115.4 time, 130.0 real, 58.5 MB
[runlim] sample:		123.7 time, 140.0 real, 59.3 MB
[runlim] sample:		132.5 time, 150.0 real, 60.3 MB
[runlim] sample:		141.3 time, 160.0 real, 66.9 MB
[runlim] sample:		151.2 time, 170.0 real, 70.0 MB
[runlim] sample:		159.7 time, 180.0 real, 70.0 MB
[runlim] sample:		168.1 time, 190.0 real, 70.7 MB
[runlim] sample:		175.5 time, 200.0 real, 71.0 MB
[runlim] sample:		185.2 time, 210.0 real, 71.8 MB
[runlim] sample:		194.8 time, 220.0 real, 75.6 MB
[runlim] sample:		202.7 time, 230.0 real, 78.7 MB
[runlim] sample:		210.9 time, 240.0 real, 78.7 MB
[runlim] sample:		219.1 time, 250.0 real, 78.7 MB
[runlim] sample:		227.4 time, 260.0 real, 79.0 MB
[runlim] sample:		236.1 time, 270.0 real, 79.8 MB
[runlim] sample:		245.2 time, 280.0 real, 80.0 MB
[runlim] sample:		254.7 time, 290.0 real, 80.8 MB
[runlim] sample:		264.6 time, 300.0 real, 81.1 MB
[runlim] sample:		274.6 time, 310.0 real, 81.6 MB
[runlim] sample:		284.6 time, 320.0 real, 81.8 MB
[runlim] sample:		294.6 time, 330.0 real, 82.6 MB
[runlim] end:			Tue Feb  5 14:00:23 2019
[runlim] status:		out of time
[runlim] result:		2
[runlim] children:		0
[runlim] real:			335.55 seconds
[runlim] time:			300.09 seconds
[runlim] space:			82.6 MB
[runlim] samples:		3355
