[runlim] version:		1.10fixed
[runlim] time limit:		300 seconds
[runlim] real time limit:	311040000 seconds
[runlim] space limit:		4000 MB
[runlim] argv[0]:		./z3
[runlim] argv[1]:		/tmp/PjqElALG.smt2
[runlim] start:			Tue Feb  5 11:05:18 2019
[runlim] main pid:		2012
[runlim] sample:		8.5 time, 10.6 real, 37.3 MB
[runlim] sample:		17.8 time, 20.6 real, 50.8 MB
[runlim] sample:		27.4 time, 30.6 real, 53.1 MB
[runlim] sample:		37.4 time, 40.6 real, 61.1 MB
[runlim] sample:		47.4 time, 50.6 real, 68.5 MB
[runlim] sample:		57.4 time, 60.6 real, 73.2 MB
[runlim] sample:		67.4 time, 70.6 real, 81.7 MB
[runlim] sample:		77.4 time, 80.6 real, 86.1 MB
[runlim] sample:		87.4 time, 90.6 real, 89.7 MB
[runlim] sample:		97.4 time, 100.6 real, 98.4 MB
[runlim] sample:		107.4 time, 110.6 real, 105.4 MB
[runlim] sample:		117.3 time, 120.6 real, 109.0 MB
[runlim] sample:		125.6 time, 130.6 real, 114.4 MB
[runlim] sample:		134.2 time, 140.6 real, 119.6 MB
[runlim] sample:		143.1 time, 150.6 real, 119.6 MB
[runlim] sample:		152.4 time, 160.6 real, 129.4 MB
[runlim] sample:		161.9 time, 170.6 real, 130.6 MB
[runlim] sample:		171.6 time, 180.6 real, 148.2 MB
[runlim] sample:		181.6 time, 190.6 real, 153.6 MB
[runlim] sample:		191.6 time, 200.6 real, 157.9 MB
[runlim] sample:		201.4 time, 210.6 real, 162.8 MB
[runlim] sample:		210.7 time, 220.6 real, 169.4 MB
[runlim] sample:		219.6 time, 230.6 real, 171.2 MB
[runlim] sample:		228.6 time, 240.6 real, 172.7 MB
[runlim] sample:		238.2 time, 250.6 real, 172.7 MB
[runlim] sample:		247.1 time, 260.6 real, 174.8 MB
[runlim] sample:		257.0 time, 270.6 real, 182.1 MB
[runlim] sample:		267.0 time, 280.6 real, 183.4 MB
[runlim] sample:		277.0 time, 290.6 real, 184.1 MB
[runlim] sample:		287.0 time, 300.6 real, 187.5 MB
[runlim] sample:		297.0 time, 310.6 real, 188.5 MB
[runlim] end:			Tue Feb  5 11:10:31 2019
[runlim] status:		out of time
[runlim] result:		2
[runlim] children:		0
[runlim] real:			313.63 seconds
[runlim] time:			300.04 seconds
[runlim] space:			189.6 MB
[runlim] samples:		3130
