[runlim] version:		1.10fixed
[runlim] time limit:		300 seconds
[runlim] real time limit:	311040000 seconds
[runlim] space limit:		4000 MB
[runlim] argv[0]:		./z3
[runlim] argv[1]:		/tmp/DWaxsVu6.smt2
[runlim] start:			Tue Feb  5 13:50:54 2019
[runlim] main pid:		24411
[runlim] sample:		7.5 time, 10.5 real, 16.0 MB
[runlim] sample:		17.4 time, 20.6 real, 16.3 MB
[runlim] sample:		26.6 time, 30.6 real, 16.5 MB
[runlim] sample:		34.1 time, 40.6 real, 16.7 MB
[runlim] sample:		43.6 time, 50.5 real, 17.2 MB
[runlim] end:			Tue Feb  5 13:51:47 2019
[runlim] status:		ok
[runlim] result:		0
[runlim] children:		0
[runlim] real:			53.24 seconds
[runlim] time:			46.20 seconds
[runlim] space:			17.4 MB
[runlim] samples:		526
