[runlim] version:		1.10fixed
[runlim] time limit:		300 seconds
[runlim] real time limit:	311040000 seconds
[runlim] space limit:		4000 MB
[runlim] argv[0]:		./z3
[runlim] argv[1]:		/tmp/41xyxyNN.smt2
[runlim] start:			Tue Feb  5 11:05:07 2019
[runlim] main pid:		24089
[runlim] sample:		9.2 time, 10.6 real, 28.7 MB
[runlim] sample:		19.2 time, 20.6 real, 33.2 MB
[runlim] sample:		29.2 time, 30.6 real, 37.8 MB
[runlim] sample:		39.2 time, 40.6 real, 40.7 MB
[runlim] sample:		48.9 time, 50.6 real, 42.2 MB
[runlim] sample:		58.9 time, 60.6 real, 43.8 MB
[runlim] sample:		68.9 time, 70.6 real, 46.2 MB
[runlim] sample:		78.9 time, 80.6 real, 51.9 MB
[runlim] sample:		88.9 time, 90.6 real, 55.0 MB
[runlim] sample:		98.9 time, 100.6 real, 57.3 MB
[runlim] sample:		108.9 time, 110.6 real, 58.8 MB
[runlim] sample:		118.9 time, 120.6 real, 61.7 MB
[runlim] sample:		128.9 time, 130.6 real, 63.7 MB
[runlim] sample:		138.5 time, 140.6 real, 66.8 MB
[runlim] sample:		147.2 time, 150.6 real, 72.7 MB
[runlim] sample:		156.8 time, 160.6 real, 72.7 MB
[runlim] sample:		166.8 time, 170.6 real, 73.8 MB
[runlim] sample:		176.8 time, 180.6 real, 75.1 MB
[runlim] sample:		186.8 time, 190.6 real, 76.3 MB
[runlim] sample:		196.8 time, 200.6 real, 79.2 MB
[runlim] sample:		206.8 time, 210.6 real, 79.4 MB
[runlim] sample:		216.8 time, 220.6 real, 80.0 MB
[runlim] sample:		226.5 time, 230.6 real, 81.2 MB
[runlim] sample:		235.8 time, 240.6 real, 81.2 MB
[runlim] sample:		245.8 time, 250.6 real, 81.8 MB
[runlim] sample:		255.7 time, 260.6 real, 82.5 MB
[runlim] sample:		265.7 time, 270.6 real, 83.3 MB
[runlim] sample:		275.6 time, 280.6 real, 84.1 MB
[runlim] sample:		285.6 time, 290.6 real, 84.9 MB
[runlim] sample:		295.6 time, 300.6 real, 86.7 MB
[runlim] end:			Tue Feb  5 11:10:12 2019
[runlim] status:		out of time
[runlim] result:		2
[runlim] children:		0
[runlim] real:			305.02 seconds
[runlim] time:			300.04 seconds
[runlim] space:			87.2 MB
[runlim] samples:		3044
