[runlim] version:		1.10fixed
[runlim] time limit:		300 seconds
[runlim] real time limit:	311040000 seconds
[runlim] space limit:		4000 MB
[runlim] argv[0]:		./z3
[runlim] argv[1]:		/tmp/7hiTilsu.smt2
[runlim] start:			Tue Feb  5 11:04:21 2019
[runlim] main pid:		4931
[runlim] sample:		7.8 time, 10.2 real, 20.8 MB
[runlim] sample:		15.6 time, 20.2 real, 20.8 MB
[runlim] sample:		23.4 time, 30.2 real, 20.8 MB
[runlim] sample:		31.2 time, 40.2 real, 21.2 MB
[runlim] sample:		39.2 time, 50.2 real, 22.5 MB
[runlim] sample:		48.4 time, 60.2 real, 22.8 MB
[runlim] sample:		58.0 time, 70.2 real, 22.8 MB
[runlim] sample:		67.9 time, 80.2 real, 22.8 MB
[runlim] sample:		77.9 time, 90.2 real, 22.8 MB
[runlim] sample:		87.9 time, 100.2 real, 22.8 MB
[runlim] sample:		97.9 time, 110.2 real, 22.8 MB
[runlim] sample:		107.9 time, 120.2 real, 22.8 MB
[runlim] sample:		117.9 time, 130.2 real, 23.3 MB
[runlim] sample:		127.9 time, 140.2 real, 23.3 MB
[runlim] sample:		137.9 time, 150.2 real, 23.3 MB
[runlim] sample:		147.9 time, 160.2 real, 23.3 MB
[runlim] sample:		157.9 time, 170.2 real, 23.3 MB
[runlim] sample:		167.9 time, 180.2 real, 23.3 MB
[runlim] sample:		177.8 time, 190.2 real, 23.3 MB
[runlim] sample:		187.8 time, 200.2 real, 23.3 MB
[runlim] end:			Tue Feb  5 11:07:47 2019
[runlim] status:		ok
[runlim] result:		0
[runlim] children:		0
[runlim] real:			206.18 seconds
[runlim] time:			193.85 seconds
[runlim] space:			24.9 MB
[runlim] samples:		2060
