[runlim] version:		1.10fixed
[runlim] time limit:		300 seconds
[runlim] real time limit:	311040000 seconds
[runlim] space limit:		4000 MB
[runlim] argv[0]:		./z3
[runlim] argv[1]:		/tmp/kCLokCoP.smt2
[runlim] start:			Tue Feb  5 13:54:00 2019
[runlim] main pid:		17387
[runlim] sample:		9.3 time, 10.4 real, 21.1 MB
[runlim] sample:		19.3 time, 20.4 real, 21.1 MB
[runlim] sample:		27.7 time, 30.4 real, 21.5 MB
[runlim] sample:		37.0 time, 40.4 real, 21.4 MB
[runlim] sample:		46.3 time, 50.4 real, 23.9 MB
[runlim] sample:		54.6 time, 60.4 real, 26.4 MB
[runlim] sample:		64.3 time, 70.4 real, 29.9 MB
[runlim] sample:		74.1 time, 80.4 real, 33.0 MB
[runlim] sample:		84.1 time, 90.4 real, 33.2 MB
[runlim] sample:		94.1 time, 100.4 real, 34.3 MB
[runlim] sample:		104.1 time, 110.4 real, 36.6 MB
[runlim] sample:		114.1 time, 120.4 real, 38.5 MB
[runlim] sample:		124.1 time, 130.4 real, 41.1 MB
[runlim] sample:		134.1 time, 140.4 real, 42.6 MB
[runlim] sample:		144.0 time, 150.4 real, 43.7 MB
[runlim] sample:		152.9 time, 160.4 real, 52.3 MB
[runlim] sample:		162.0 time, 170.4 real, 52.3 MB
[runlim] sample:		170.1 time, 180.4 real, 52.3 MB
[runlim] sample:		178.3 time, 190.4 real, 52.5 MB
[runlim] sample:		187.5 time, 200.4 real, 52.5 MB
[runlim] sample:		195.5 time, 210.4 real, 52.5 MB
[runlim] sample:		204.5 time, 220.4 real, 52.5 MB
[runlim] sample:		213.3 time, 230.4 real, 52.5 MB
[runlim] sample:		221.7 time, 240.4 real, 52.5 MB
[runlim] sample:		230.2 time, 250.4 real, 53.3 MB
[runlim] sample:		238.9 time, 260.4 real, 53.3 MB
[runlim] sample:		247.6 time, 270.4 real, 53.3 MB
[runlim] sample:		256.7 time, 280.4 real, 53.3 MB
[runlim] sample:		265.1 time, 290.4 real, 53.3 MB
[runlim] sample:		273.3 time, 300.4 real, 53.3 MB
[runlim] sample:		282.2 time, 310.4 real, 53.6 MB
[runlim] sample:		291.0 time, 320.4 real, 53.6 MB
[runlim] end:			Tue Feb  5 13:59:30 2019
[runlim] status:		signal(9)
[runlim] result:		11
[runlim] children:		0
[runlim] real:			330.27 seconds
[runlim] time:			299.85 seconds
[runlim] space:			53.6 MB
[runlim] samples:		3298
