[runlim] version:		1.10fixed
[runlim] time limit:		300 seconds
[runlim] real time limit:	311040000 seconds
[runlim] space limit:		4000 MB
[runlim] argv[0]:		./z3
[runlim] argv[1]:		/tmp/PiaLCwju.smt2
[runlim] start:			Tue Feb  5 13:55:20 2019
[runlim] main pid:		3337
[runlim] sample:		9.7 time, 10.3 real, 42.2 MB
[runlim] sample:		19.7 time, 20.3 real, 53.0 MB
[runlim] sample:		29.7 time, 30.3 real, 55.7 MB
[runlim] sample:		39.0 time, 40.3 real, 63.7 MB
[runlim] sample:		47.7 time, 50.3 real, 84.1 MB
[runlim] sample:		56.8 time, 60.3 real, 87.7 MB
[runlim] sample:		64.9 time, 70.3 real, 89.5 MB
[runlim] sample:		72.8 time, 80.3 real, 90.0 MB
[runlim] sample:		81.0 time, 90.3 real, 90.8 MB
[runlim] sample:		90.5 time, 100.3 real, 91.3 MB
[runlim] sample:		99.0 time, 110.3 real, 97.3 MB
[runlim] sample:		108.4 time, 120.3 real, 98.3 MB
[runlim] sample:		117.6 time, 130.3 real, 99.6 MB
[runlim] sample:		126.0 time, 140.3 real, 100.6 MB
[runlim] sample:		135.5 time, 150.3 real, 101.2 MB
[runlim] sample:		143.5 time, 160.3 real, 103.0 MB
[runlim] sample:		152.2 time, 170.3 real, 105.5 MB
[runlim] sample:		161.2 time, 180.3 real, 109.4 MB
[runlim] sample:		170.3 time, 190.3 real, 111.2 MB
[runlim] sample:		179.4 time, 200.3 real, 112.5 MB
[runlim] sample:		189.1 time, 210.3 real, 114.3 MB
[runlim] sample:		197.7 time, 220.3 real, 114.6 MB
[runlim] sample:		206.7 time, 230.3 real, 115.6 MB
[runlim] sample:		215.9 time, 240.3 real, 116.4 MB
[runlim] sample:		224.0 time, 250.3 real, 117.7 MB
[runlim] sample:		233.8 time, 260.3 real, 118.9 MB
[runlim] sample:		243.8 time, 270.3 real, 119.7 MB
[runlim] sample:		253.8 time, 280.3 real, 124.8 MB
[runlim] sample:		263.8 time, 290.3 real, 126.4 MB
[runlim] sample:		273.8 time, 300.3 real, 126.9 MB
[runlim] sample:		283.8 time, 310.3 real, 133.6 MB
[runlim] sample:		293.8 time, 320.3 real, 135.1 MB
[runlim] end:			Tue Feb  5 14:00:46 2019
[runlim] status:		out of time
[runlim] result:		2
[runlim] children:		0
[runlim] real:			326.61 seconds
[runlim] time:			300.05 seconds
[runlim] space:			137.4 MB
[runlim] samples:		3263
