[runlim] version:		1.10fixed
[runlim] time limit:		300 seconds
[runlim] real time limit:	311040000 seconds
[runlim] space limit:		4000 MB
[runlim] argv[0]:		./z3
[runlim] argv[1]:		/tmp/QxFG7Fha.smt2
[runlim] start:			Tue Feb  5 13:50:50 2019
[runlim] main pid:		26798
[runlim] sample:		9.8 time, 10.1 real, 24.5 MB
[runlim] sample:		19.8 time, 20.1 real, 28.7 MB
[runlim] sample:		28.7 time, 30.1 real, 31.3 MB
[runlim] sample:		37.3 time, 40.1 real, 34.1 MB
[runlim] sample:		47.3 time, 50.1 real, 34.4 MB
[runlim] sample:		57.3 time, 60.1 real, 36.0 MB
[runlim] sample:		67.3 time, 70.1 real, 38.2 MB
[runlim] sample:		77.3 time, 80.1 real, 40.6 MB
[runlim] sample:		87.3 time, 90.1 real, 45.8 MB
[runlim] sample:		97.3 time, 100.1 real, 53.8 MB
[runlim] sample:		106.9 time, 110.1 real, 53.8 MB
[runlim] sample:		115.4 time, 120.1 real, 53.1 MB
[runlim] sample:		125.4 time, 130.1 real, 50.9 MB
[runlim] sample:		133.6 time, 140.1 real, 65.8 MB
[runlim] sample:		142.4 time, 150.1 real, 65.8 MB
[runlim] sample:		152.2 time, 160.1 real, 65.8 MB
[runlim] sample:		161.2 time, 170.1 real, 65.8 MB
[runlim] sample:		169.2 time, 180.1 real, 65.8 MB
[runlim] sample:		177.8 time, 190.1 real, 55.5 MB
[runlim] sample:		186.0 time, 200.1 real, 55.5 MB
[runlim] sample:		195.2 time, 210.1 real, 55.5 MB
[runlim] sample:		204.6 time, 220.1 real, 55.5 MB
[runlim] sample:		213.9 time, 230.1 real, 55.5 MB
[runlim] sample:		223.4 time, 240.1 real, 55.5 MB
[runlim] sample:		231.8 time, 250.1 real, 55.5 MB
[runlim] sample:		240.2 time, 260.1 real, 55.5 MB
[runlim] sample:		249.1 time, 270.1 real, 55.5 MB
[runlim] sample:		258.9 time, 280.1 real, 55.8 MB
[runlim] sample:		268.9 time, 290.1 real, 55.8 MB
[runlim] sample:		278.9 time, 300.1 real, 74.1 MB
[runlim] sample:		288.9 time, 310.1 real, 73.8 MB
[runlim] sample:		298.9 time, 320.1 real, 73.8 MB
[runlim] end:			Tue Feb  5 13:56:11 2019
[runlim] status:		out of time
[runlim] result:		2
[runlim] children:		0
[runlim] real:			321.36 seconds
[runlim] time:			300.04 seconds
[runlim] space:			74.1 MB
[runlim] samples:		3212
