[runlim] version:		1.10fixed
[runlim] time limit:		300 seconds
[runlim] real time limit:	311040000 seconds
[runlim] space limit:		4000 MB
[runlim] argv[0]:		./z3
[runlim] argv[1]:		/tmp/L7HY54tH.smt2
[runlim] start:			Tue Feb  5 11:03:37 2019
[runlim] main pid:		30617
[runlim] sample:		7.7 time, 10.4 real, 23.2 MB
[runlim] sample:		15.3 time, 20.4 real, 29.3 MB
[runlim] sample:		23.0 time, 30.4 real, 30.0 MB
[runlim] sample:		31.3 time, 40.4 real, 31.8 MB
[runlim] sample:		41.3 time, 50.4 real, 32.5 MB
[runlim] sample:		51.3 time, 60.4 real, 35.1 MB
[runlim] sample:		61.0 time, 70.4 real, 34.9 MB
[runlim] sample:		70.6 time, 80.4 real, 37.7 MB
[runlim] sample:		80.3 time, 90.4 real, 37.6 MB
[runlim] sample:		89.9 time, 100.4 real, 37.8 MB
[runlim] sample:		99.6 time, 110.4 real, 38.4 MB
[runlim] sample:		109.3 time, 120.4 real, 37.7 MB
[runlim] sample:		119.2 time, 130.4 real, 38.2 MB
[runlim] sample:		128.5 time, 140.4 real, 41.3 MB
[runlim] sample:		137.8 time, 150.4 real, 41.3 MB
[runlim] sample:		147.8 time, 160.4 real, 41.3 MB
[runlim] sample:		157.7 time, 170.4 real, 43.1 MB
[runlim] sample:		167.4 time, 180.4 real, 41.3 MB
[runlim] sample:		176.3 time, 190.4 real, 41.3 MB
[runlim] sample:		185.9 time, 200.4 real, 41.3 MB
[runlim] sample:		194.6 time, 210.4 real, 41.8 MB
[runlim] sample:		204.4 time, 220.4 real, 41.8 MB
[runlim] sample:		214.4 time, 230.4 real, 45.5 MB
[runlim] sample:		224.4 time, 240.4 real, 41.3 MB
[runlim] sample:		234.3 time, 250.4 real, 41.3 MB
[runlim] sample:		243.1 time, 260.4 real, 41.3 MB
[runlim] sample:		251.8 time, 270.4 real, 41.3 MB
[runlim] sample:		260.4 time, 280.4 real, 41.3 MB
[runlim] sample:		269.2 time, 290.4 real, 41.8 MB
[runlim] sample:		277.8 time, 300.4 real, 41.3 MB
[runlim] sample:		286.6 time, 310.4 real, 41.8 MB
[runlim] sample:		296.0 time, 320.4 real, 41.3 MB
[runlim] end:			Tue Feb  5 11:09:01 2019
[runlim] status:		out of time
[runlim] result:		2
[runlim] children:		0
[runlim] real:			324.38 seconds
[runlim] time:			300.01 seconds
[runlim] space:			45.8 MB
[runlim] samples:		3240
