[runlim] version:		1.10fixed
[runlim] time limit:		300 seconds
[runlim] real time limit:	311040000 seconds
[runlim] space limit:		4000 MB
[runlim] argv[0]:		./z3
[runlim] argv[1]:		/tmp/LeUjO2Si.smt2
[runlim] start:			Tue Feb  5 13:51:46 2019
[runlim] main pid:		20213
[runlim] sample:		9.6 time, 11.0 real, 16.6 MB
[runlim] sample:		19.6 time, 21.0 real, 16.6 MB
[runlim] sample:		29.6 time, 31.0 real, 16.6 MB
[runlim] sample:		38.1 time, 41.0 real, 16.8 MB
[runlim] sample:		45.7 time, 51.0 real, 16.8 MB
[runlim] sample:		55.1 time, 61.0 real, 17.0 MB
[runlim] sample:		65.1 time, 71.0 real, 17.0 MB
[runlim] sample:		75.1 time, 81.0 real, 17.0 MB
[runlim] sample:		85.1 time, 91.0 real, 17.0 MB
[runlim] sample:		94.4 time, 101.0 real, 17.1 MB
[runlim] sample:		102.6 time, 111.0 real, 17.1 MB
[runlim] sample:		110.9 time, 121.0 real, 17.1 MB
[runlim] sample:		120.2 time, 131.0 real, 17.1 MB
[runlim] sample:		129.6 time, 141.0 real, 17.2 MB
[runlim] sample:		138.9 time, 151.0 real, 17.2 MB
[runlim] sample:		148.3 time, 161.0 real, 17.3 MB
[runlim] sample:		157.7 time, 171.0 real, 17.3 MB
[runlim] sample:		167.6 time, 181.0 real, 17.5 MB
[runlim] sample:		177.6 time, 191.0 real, 17.7 MB
[runlim] sample:		187.6 time, 201.0 real, 17.8 MB
[runlim] sample:		197.6 time, 211.0 real, 17.8 MB
[runlim] sample:		207.6 time, 221.0 real, 17.8 MB
[runlim] sample:		217.6 time, 231.0 real, 22.8 MB
[runlim] sample:		227.6 time, 241.0 real, 22.8 MB
[runlim] sample:		237.6 time, 251.0 real, 22.8 MB
[runlim] sample:		247.6 time, 261.0 real, 22.8 MB
[runlim] sample:		257.6 time, 271.0 real, 22.8 MB
[runlim] sample:		267.4 time, 281.0 real, 22.8 MB
[runlim] sample:		276.4 time, 291.0 real, 22.8 MB
[runlim] sample:		285.4 time, 301.0 real, 22.8 MB
[runlim] sample:		294.4 time, 311.0 real, 22.8 MB
[runlim] end:			Tue Feb  5 13:57:02 2019
[runlim] status:		signal(9)
[runlim] result:		11
[runlim] children:		0
[runlim] real:			316.73 seconds
[runlim] time:			299.46 seconds
[runlim] space:			23.2 MB
[runlim] samples:		3157
