[runlim] version:		1.10fixed
[runlim] time limit:		300 seconds
[runlim] real time limit:	311040000 seconds
[runlim] space limit:		4000 MB
[runlim] argv[0]:		./z3
[runlim] argv[1]:		/tmp/NTlNDoVA.smt2
[runlim] start:			Tue Feb  5 11:05:16 2019
[runlim] main pid:		5177
[runlim] sample:		7.6 time, 10.1 real, 29.0 MB
[runlim] sample:		16.0 time, 20.1 real, 33.6 MB
[runlim] sample:		26.0 time, 30.1 real, 38.2 MB
[runlim] sample:		35.3 time, 40.1 real, 39.6 MB
[runlim] sample:		45.3 time, 50.1 real, 45.9 MB
[runlim] sample:		55.3 time, 60.1 real, 50.4 MB
[runlim] sample:		65.2 time, 70.1 real, 56.1 MB
[runlim] sample:		74.5 time, 80.1 real, 56.6 MB
[runlim] sample:		84.5 time, 90.1 real, 57.4 MB
[runlim] sample:		94.5 time, 100.1 real, 58.4 MB
[runlim] sample:		103.0 time, 110.1 real, 59.4 MB
[runlim] sample:		112.8 time, 120.1 real, 59.9 MB
[runlim] sample:		121.8 time, 130.1 real, 60.7 MB
[runlim] sample:		131.8 time, 140.1 real, 61.5 MB
[runlim] sample:		141.8 time, 150.1 real, 63.0 MB
[runlim] sample:		151.8 time, 160.1 real, 64.9 MB
[runlim] sample:		161.8 time, 170.1 real, 65.4 MB
[runlim] sample:		171.1 time, 180.1 real, 67.7 MB
[runlim] sample:		179.8 time, 190.1 real, 69.0 MB
[runlim] sample:		189.8 time, 200.1 real, 69.8 MB
[runlim] sample:		199.0 time, 210.1 real, 70.6 MB
[runlim] sample:		209.0 time, 220.1 real, 72.1 MB
[runlim] sample:		218.9 time, 230.1 real, 73.6 MB
[runlim] sample:		228.9 time, 240.1 real, 74.2 MB
[runlim] sample:		238.9 time, 250.1 real, 75.3 MB
[runlim] sample:		248.9 time, 260.1 real, 77.6 MB
[runlim] sample:		258.9 time, 270.1 real, 81.8 MB
[runlim] sample:		268.9 time, 280.1 real, 83.6 MB
[runlim] sample:		278.9 time, 290.1 real, 85.2 MB
[runlim] sample:		288.9 time, 300.1 real, 89.5 MB
[runlim] sample:		298.9 time, 310.1 real, 91.6 MB
[runlim] end:			Tue Feb  5 11:10:27 2019
[runlim] status:		out of time
[runlim] result:		2
[runlim] children:		0
[runlim] real:			311.19 seconds
[runlim] time:			300.03 seconds
[runlim] space:			91.6 MB
[runlim] samples:		3111
