[runlim] version:		1.10fixed
[runlim] time limit:		300 seconds
[runlim] real time limit:	311040000 seconds
[runlim] space limit:		4000 MB
[runlim] argv[0]:		./z3
[runlim] argv[1]:		/tmp/Tg0hoJC8.smt2
[runlim] start:			Tue Jan 29 17:24:01 2019
[runlim] main pid:		8539
[runlim] sample:		8.1 time, 10.4 real, 16.6 MB
[runlim] sample:		16.3 time, 20.4 real, 16.9 MB
[runlim] sample:		24.6 time, 30.4 real, 17.0 MB
[runlim] sample:		33.8 time, 40.4 real, 18.9 MB
[runlim] sample:		41.6 time, 50.4 real, 18.9 MB
[runlim] sample:		51.1 time, 60.4 real, 18.9 MB
[runlim] sample:		61.1 time, 70.4 real, 18.9 MB
[runlim] sample:		70.8 time, 80.4 real, 18.9 MB
[runlim] sample:		80.8 time, 90.4 real, 18.9 MB
[runlim] sample:		90.8 time, 100.4 real, 18.9 MB
[runlim] sample:		100.5 time, 110.4 real, 18.9 MB
[runlim] sample:		110.2 time, 120.4 real, 18.9 MB
[runlim] sample:		118.8 time, 130.4 real, 18.9 MB
[runlim] sample:		126.8 time, 140.4 real, 18.9 MB
[runlim] sample:		134.7 time, 150.4 real, 18.9 MB
[runlim] sample:		143.2 time, 160.4 real, 18.9 MB
[runlim] sample:		151.9 time, 170.4 real, 18.9 MB
[runlim] sample:		161.0 time, 180.4 real, 18.9 MB
[runlim] sample:		169.5 time, 190.4 real, 18.9 MB
[runlim] sample:		179.4 time, 200.4 real, 18.9 MB
[runlim] sample:		189.4 time, 210.4 real, 18.9 MB
[runlim] sample:		199.4 time, 220.4 real, 19.2 MB
[runlim] sample:		209.4 time, 230.4 real, 19.2 MB
[runlim] sample:		219.3 time, 240.4 real, 19.2 MB
[runlim] sample:		229.3 time, 250.4 real, 19.2 MB
[runlim] sample:		239.3 time, 260.4 real, 19.2 MB
[runlim] sample:		249.3 time, 270.4 real, 19.2 MB
[runlim] sample:		259.3 time, 280.4 real, 19.2 MB
[runlim] sample:		269.3 time, 290.4 real, 19.2 MB
[runlim] sample:		279.3 time, 300.4 real, 19.2 MB
[runlim] sample:		289.3 time, 310.4 real, 19.8 MB
[runlim] sample:		299.3 time, 320.4 real, 19.8 MB
[runlim] end:			Tue Jan 29 17:29:22 2019
[runlim] status:		out of time
[runlim] result:		2
[runlim] children:		0
[runlim] real:			321.10 seconds
[runlim] time:			300.03 seconds
[runlim] space:			20.0 MB
[runlim] samples:		3207
