[runlim] version:		1.10fixed
[runlim] time limit:		300 seconds
[runlim] real time limit:	311040000 seconds
[runlim] space limit:		4000 MB
[runlim] argv[0]:		./z3
[runlim] argv[1]:		/tmp/LRpmAvb1.smt2
[runlim] start:			Tue Feb  5 11:04:54 2019
[runlim] main pid:		32315
[runlim] sample:		8.4 time, 10.8 real, 41.0 MB
[runlim] sample:		17.3 time, 20.8 real, 57.5 MB
[runlim] sample:		27.3 time, 30.8 real, 71.8 MB
[runlim] sample:		37.3 time, 40.8 real, 74.9 MB
[runlim] sample:		47.3 time, 50.8 real, 77.7 MB
[runlim] sample:		57.3 time, 60.8 real, 85.3 MB
[runlim] sample:		67.3 time, 70.8 real, 93.6 MB
[runlim] sample:		77.3 time, 80.8 real, 111.9 MB
[runlim] sample:		87.3 time, 90.8 real, 112.6 MB
[runlim] sample:		97.3 time, 100.8 real, 115.5 MB
[runlim] sample:		107.3 time, 110.8 real, 116.7 MB
[runlim] sample:		117.3 time, 120.8 real, 118.3 MB
[runlim] sample:		127.3 time, 130.8 real, 122.9 MB
[runlim] sample:		137.3 time, 140.8 real, 123.2 MB
[runlim] sample:		147.3 time, 150.8 real, 126.0 MB
[runlim] sample:		157.3 time, 160.8 real, 126.3 MB
[runlim] sample:		167.3 time, 170.8 real, 127.0 MB
[runlim] sample:		177.3 time, 180.8 real, 135.8 MB
[runlim] sample:		187.3 time, 190.8 real, 135.8 MB
[runlim] sample:		197.3 time, 200.8 real, 138.1 MB
[runlim] sample:		207.3 time, 210.8 real, 139.6 MB
[runlim] sample:		217.3 time, 220.8 real, 142.5 MB
[runlim] sample:		227.3 time, 230.8 real, 183.8 MB
[runlim] sample:		237.3 time, 240.8 real, 202.6 MB
[runlim] sample:		247.3 time, 250.8 real, 209.1 MB
[runlim] sample:		257.3 time, 260.8 real, 210.1 MB
[runlim] sample:		267.3 time, 270.8 real, 213.5 MB
[runlim] sample:		277.3 time, 280.8 real, 229.4 MB
[runlim] sample:		287.3 time, 290.8 real, 239.0 MB
[runlim] sample:		297.3 time, 300.8 real, 241.3 MB
[runlim] end:			Tue Feb  5 11:09:57 2019
[runlim] status:		out of time
[runlim] result:		2
[runlim] children:		0
[runlim] real:			303.64 seconds
[runlim] time:			300.06 seconds
[runlim] space:			242.1 MB
[runlim] samples:		3028
