[runlim] version:		1.10fixed
[runlim] time limit:		300 seconds
[runlim] real time limit:	311040000 seconds
[runlim] space limit:		4000 MB
[runlim] argv[0]:		./z3
[runlim] argv[1]:		/tmp/6yAcAYUu.smt2
[runlim] start:			Tue Feb  5 11:04:42 2019
[runlim] main pid:		27688
[runlim] sample:		8.4 time, 10.2 real, 22.2 MB
[runlim] sample:		15.8 time, 20.2 real, 25.8 MB
[runlim] sample:		25.0 time, 30.2 real, 25.8 MB
[runlim] sample:		34.9 time, 40.2 real, 26.4 MB
[runlim] sample:		44.6 time, 50.2 real, 26.4 MB
[runlim] sample:		54.3 time, 60.2 real, 26.4 MB
[runlim] sample:		63.9 time, 70.2 real, 26.4 MB
[runlim] sample:		73.6 time, 80.2 real, 27.4 MB
[runlim] sample:		83.5 time, 90.2 real, 26.2 MB
[runlim] sample:		92.7 time, 100.2 real, 27.7 MB
[runlim] sample:		101.3 time, 110.2 real, 30.1 MB
[runlim] sample:		109.9 time, 120.2 real, 30.3 MB
[runlim] sample:		118.5 time, 130.2 real, 27.8 MB
[runlim] sample:		127.2 time, 140.2 real, 27.8 MB
[runlim] sample:		135.8 time, 150.2 real, 27.5 MB
[runlim] sample:		144.4 time, 160.2 real, 27.5 MB
[runlim] sample:		153.1 time, 170.2 real, 28.8 MB
[runlim] sample:		161.7 time, 180.2 real, 30.6 MB
[runlim] sample:		171.2 time, 190.2 real, 30.6 MB
[runlim] sample:		181.2 time, 200.2 real, 31.1 MB
[runlim] sample:		191.2 time, 210.2 real, 31.1 MB
[runlim] sample:		200.7 time, 220.2 real, 31.1 MB
[runlim] sample:		209.3 time, 230.2 real, 31.1 MB
[runlim] sample:		218.0 time, 240.2 real, 31.1 MB
[runlim] sample:		226.7 time, 250.2 real, 31.1 MB
[runlim] sample:		235.3 time, 260.2 real, 31.1 MB
[runlim] sample:		243.9 time, 270.2 real, 31.1 MB
[runlim] sample:		252.5 time, 280.2 real, 31.1 MB
[runlim] sample:		262.0 time, 290.2 real, 31.1 MB
[runlim] sample:		271.7 time, 300.2 real, 31.1 MB
[runlim] sample:		281.4 time, 310.2 real, 31.1 MB
[runlim] end:			Tue Feb  5 11:09:53 2019
[runlim] status:		signal(9)
[runlim] result:		11
[runlim] children:		0
[runlim] real:			311.38 seconds
[runlim] time:			282.51 seconds
[runlim] space:			31.1 MB
[runlim] samples:		3112
