[runlim] version:		1.10fixed
[runlim] time limit:		300 seconds
[runlim] real time limit:	311040000 seconds
[runlim] space limit:		4000 MB
[runlim] argv[0]:		./z3
[runlim] argv[1]:		/tmp/JLpftQHM.smt2
[runlim] start:			Tue Feb  5 13:51:52 2019
[runlim] main pid:		29820
[runlim] sample:		7.3 time, 10.7 real, 17.2 MB
[runlim] sample:		17.3 time, 20.7 real, 17.3 MB
[runlim] sample:		27.3 time, 30.7 real, 17.3 MB
[runlim] sample:		36.5 time, 40.7 real, 18.1 MB
[runlim] sample:		46.1 time, 50.7 real, 18.3 MB
[runlim] sample:		55.1 time, 60.7 real, 18.7 MB
[runlim] sample:		62.9 time, 70.7 real, 19.2 MB
[runlim] sample:		70.5 time, 80.7 real, 19.3 MB
[runlim] sample:		78.8 time, 90.7 real, 19.4 MB
[runlim] sample:		88.5 time, 100.7 real, 19.4 MB
[runlim] sample:		96.2 time, 110.7 real, 19.4 MB
[runlim] sample:		105.4 time, 120.7 real, 19.4 MB
[runlim] sample:		115.4 time, 130.7 real, 19.5 MB
[runlim] sample:		125.4 time, 140.7 real, 19.6 MB
[runlim] sample:		135.4 time, 150.7 real, 19.9 MB
[runlim] sample:		145.4 time, 160.7 real, 22.1 MB
[runlim] sample:		155.4 time, 170.7 real, 22.1 MB
[runlim] sample:		165.4 time, 180.7 real, 22.1 MB
[runlim] sample:		175.4 time, 190.7 real, 22.1 MB
[runlim] sample:		185.4 time, 200.7 real, 22.3 MB
[runlim] sample:		195.4 time, 210.7 real, 22.3 MB
[runlim] sample:		205.4 time, 220.7 real, 22.3 MB
[runlim] sample:		215.4 time, 230.7 real, 22.5 MB
[runlim] sample:		225.4 time, 240.7 real, 22.8 MB
[runlim] sample:		235.4 time, 250.7 real, 22.8 MB
[runlim] end:			Tue Feb  5 13:56:06 2019
[runlim] status:		ok
[runlim] result:		0
[runlim] children:		0
[runlim] real:			254.61 seconds
[runlim] time:			239.26 seconds
[runlim] space:			22.8 MB
[runlim] samples:		2539
