[runlim] version:		1.10fixed
[runlim] time limit:		300 seconds
[runlim] real time limit:	311040000 seconds
[runlim] space limit:		4000 MB
[runlim] argv[0]:		./z3
[runlim] argv[1]:		/tmp/Nz9hszbB.smt2
[runlim] start:			Tue Feb  5 11:04:24 2019
[runlim] main pid:		28408
[runlim] sample:		9.1 time, 11.0 real, 22.3 MB
[runlim] sample:		19.1 time, 21.0 real, 22.5 MB
[runlim] sample:		29.1 time, 31.0 real, 24.4 MB
[runlim] sample:		38.7 time, 41.0 real, 24.9 MB
[runlim] sample:		48.7 time, 51.0 real, 25.6 MB
[runlim] sample:		58.7 time, 61.0 real, 25.6 MB
[runlim] sample:		68.7 time, 71.0 real, 25.7 MB
[runlim] sample:		78.7 time, 81.0 real, 25.8 MB
[runlim] sample:		88.7 time, 91.0 real, 25.5 MB
[runlim] sample:		98.7 time, 101.0 real, 26.6 MB
[runlim] sample:		108.7 time, 111.0 real, 30.0 MB
[runlim] sample:		118.7 time, 121.0 real, 33.0 MB
[runlim] sample:		128.5 time, 131.0 real, 33.2 MB
[runlim] sample:		138.2 time, 141.0 real, 33.2 MB
[runlim] sample:		148.2 time, 151.0 real, 33.2 MB
[runlim] sample:		158.2 time, 161.0 real, 33.2 MB
[runlim] sample:		168.2 time, 171.0 real, 33.2 MB
[runlim] sample:		178.2 time, 181.0 real, 33.2 MB
[runlim] sample:		188.2 time, 191.0 real, 33.5 MB
[runlim] sample:		197.2 time, 201.0 real, 34.0 MB
[runlim] sample:		206.1 time, 211.0 real, 34.7 MB
[runlim] sample:		214.0 time, 221.0 real, 61.3 MB
[runlim] sample:		223.9 time, 231.0 real, 61.3 MB
[runlim] sample:		231.8 time, 241.0 real, 61.3 MB
[runlim] sample:		241.5 time, 251.0 real, 61.3 MB
[runlim] sample:		251.2 time, 261.0 real, 61.3 MB
[runlim] sample:		260.5 time, 271.0 real, 61.3 MB
[runlim] sample:		270.5 time, 281.0 real, 61.3 MB
[runlim] sample:		280.1 time, 291.0 real, 61.3 MB
[runlim] sample:		289.5 time, 301.0 real, 61.3 MB
[runlim] sample:		297.9 time, 311.0 real, 62.8 MB
[runlim] end:			Tue Feb  5 11:09:37 2019
[runlim] status:		out of time
[runlim] result:		2
[runlim] children:		0
[runlim] real:			313.19 seconds
[runlim] time:			300.09 seconds
[runlim] space:			63.1 MB
[runlim] samples:		3122
