[runlim] version:		1.10fixed
[runlim] time limit:		300 seconds
[runlim] real time limit:	311040000 seconds
[runlim] space limit:		4000 MB
[runlim] argv[0]:		./z3
[runlim] argv[1]:		/tmp/aLGSyetm.smt2
[runlim] start:			Tue Feb  5 11:01:05 2019
[runlim] main pid:		14988
[runlim] sample:		9.9 time, 10.5 real, 27.5 MB
[runlim] sample:		19.9 time, 20.5 real, 53.1 MB
[runlim] sample:		29.9 time, 30.5 real, 53.1 MB
[runlim] sample:		38.7 time, 40.5 real, 53.1 MB
[runlim] sample:		48.7 time, 50.5 real, 53.1 MB
[runlim] sample:		58.7 time, 60.5 real, 53.1 MB
[runlim] sample:		68.7 time, 70.5 real, 53.1 MB
[runlim] sample:		78.7 time, 80.5 real, 53.1 MB
[runlim] sample:		88.7 time, 90.5 real, 53.1 MB
[runlim] sample:		98.7 time, 100.5 real, 53.1 MB
[runlim] sample:		108.7 time, 110.5 real, 53.1 MB
[runlim] sample:		118.7 time, 120.5 real, 53.1 MB
[runlim] sample:		128.7 time, 130.5 real, 53.1 MB
[runlim] sample:		138.7 time, 140.5 real, 53.1 MB
[runlim] sample:		148.7 time, 150.5 real, 53.1 MB
[runlim] sample:		158.7 time, 160.5 real, 53.1 MB
[runlim] sample:		168.7 time, 170.5 real, 53.1 MB
[runlim] sample:		178.2 time, 180.5 real, 53.1 MB
[runlim] sample:		187.5 time, 190.5 real, 68.3 MB
[runlim] sample:		196.7 time, 200.5 real, 53.1 MB
[runlim] sample:		205.3 time, 210.5 real, 53.1 MB
[runlim] sample:		215.0 time, 220.5 real, 53.1 MB
[runlim] sample:		224.4 time, 230.5 real, 53.1 MB
[runlim] sample:		233.2 time, 240.5 real, 53.1 MB
[runlim] sample:		243.2 time, 250.5 real, 53.1 MB
[runlim] sample:		253.2 time, 260.5 real, 53.1 MB
[runlim] sample:		263.2 time, 270.5 real, 53.1 MB
[runlim] sample:		271.5 time, 280.5 real, 53.1 MB
[runlim] sample:		281.0 time, 290.5 real, 53.1 MB
[runlim] sample:		291.0 time, 300.5 real, 53.1 MB
[runlim] end:			Tue Feb  5 11:06:14 2019
[runlim] status:		out of time
[runlim] result:		2
[runlim] children:		0
[runlim] real:			309.64 seconds
[runlim] time:			300.08 seconds
[runlim] space:			69.3 MB
[runlim] samples:		3091
