[runlim] version:		1.10fixed
[runlim] time limit:		300 seconds
[runlim] real time limit:	311040000 seconds
[runlim] space limit:		4000 MB
[runlim] argv[0]:		./z3
[runlim] argv[1]:		/tmp/Oq8tLgcV.smt2
[runlim] start:			Tue Jan 29 17:24:39 2019
[runlim] main pid:		4408
[runlim] sample:		9.1 time, 10.4 real, 19.2 MB
[runlim] sample:		17.8 time, 20.4 real, 22.2 MB
[runlim] sample:		27.1 time, 30.4 real, 22.2 MB
[runlim] sample:		36.4 time, 40.4 real, 24.3 MB
[runlim] sample:		45.7 time, 50.4 real, 24.2 MB
[runlim] sample:		54.6 time, 60.4 real, 24.6 MB
[runlim] sample:		62.9 time, 70.4 real, 24.8 MB
[runlim] sample:		72.3 time, 80.4 real, 25.1 MB
[runlim] sample:		81.4 time, 90.4 real, 24.2 MB
[runlim] sample:		91.3 time, 100.4 real, 24.4 MB
[runlim] sample:		101.3 time, 110.4 real, 28.6 MB
[runlim] sample:		111.3 time, 120.4 real, 24.2 MB
[runlim] sample:		121.3 time, 130.4 real, 24.2 MB
[runlim] sample:		131.3 time, 140.4 real, 54.9 MB
[runlim] sample:		141.3 time, 150.4 real, 117.9 MB
[runlim] sample:		151.3 time, 160.4 real, 117.9 MB
[runlim] sample:		161.3 time, 170.4 real, 135.3 MB
[runlim] sample:		171.3 time, 180.4 real, 135.3 MB
[runlim] sample:		181.3 time, 190.4 real, 135.3 MB
[runlim] sample:		191.3 time, 200.4 real, 135.3 MB
[runlim] sample:		201.3 time, 210.4 real, 135.3 MB
[runlim] sample:		211.3 time, 220.4 real, 135.3 MB
[runlim] sample:		221.3 time, 230.4 real, 135.3 MB
[runlim] sample:		231.3 time, 240.4 real, 135.3 MB
[runlim] sample:		241.3 time, 250.4 real, 135.3 MB
[runlim] sample:		251.3 time, 260.4 real, 135.3 MB
[runlim] sample:		261.3 time, 270.4 real, 135.3 MB
[runlim] sample:		271.3 time, 280.4 real, 135.3 MB
[runlim] sample:		281.3 time, 290.4 real, 152.6 MB
[runlim] sample:		291.3 time, 300.4 real, 152.6 MB
[runlim] end:			Tue Jan 29 17:29:48 2019
[runlim] status:		out of time
[runlim] result:		2
[runlim] children:		0
[runlim] real:			309.21 seconds
[runlim] time:			300.07 seconds
[runlim] space:			152.6 MB
[runlim] samples:		3088
