[runlim] version:		1.10fixed
[runlim] time limit:		300 seconds
[runlim] real time limit:	311040000 seconds
[runlim] space limit:		4000 MB
[runlim] argv[0]:		./z3
[runlim] argv[1]:		/tmp/ZVqmNQ7U.smt2
[runlim] start:			Tue Feb  5 11:00:29 2019
[runlim] main pid:		27230
[runlim] sample:		9.0 time, 10.5 real, 23.7 MB
[runlim] sample:		18.2 time, 20.5 real, 23.7 MB
[runlim] sample:		28.2 time, 30.5 real, 24.1 MB
[runlim] sample:		38.2 time, 40.5 real, 24.5 MB
[runlim] sample:		47.6 time, 50.5 real, 26.0 MB
[runlim] sample:		57.6 time, 60.5 real, 30.5 MB
[runlim] sample:		67.6 time, 70.5 real, 34.2 MB
[runlim] sample:		77.6 time, 80.5 real, 34.8 MB
[runlim] sample:		87.4 time, 90.5 real, 33.5 MB
[runlim] sample:		96.7 time, 100.5 real, 35.0 MB
[runlim] sample:		105.6 time, 110.5 real, 36.1 MB
[runlim] sample:		114.1 time, 120.5 real, 42.1 MB
[runlim] sample:		123.5 time, 130.5 real, 40.3 MB
[runlim] sample:		133.4 time, 140.5 real, 40.2 MB
[runlim] sample:		142.3 time, 150.5 real, 40.7 MB
[runlim] sample:		150.4 time, 160.5 real, 45.3 MB
[runlim] sample:		159.0 time, 170.5 real, 45.4 MB
[runlim] sample:		167.2 time, 180.5 real, 46.7 MB
[runlim] sample:		175.8 time, 190.5 real, 47.0 MB
[runlim] sample:		183.5 time, 200.5 real, 47.0 MB
[runlim] sample:		191.7 time, 210.5 real, 50.8 MB
[runlim] sample:		201.7 time, 220.5 real, 50.8 MB
[runlim] sample:		211.7 time, 230.5 real, 50.8 MB
[runlim] sample:		221.1 time, 240.5 real, 50.8 MB
[runlim] sample:		230.6 time, 250.5 real, 50.8 MB
[runlim] sample:		240.6 time, 260.5 real, 50.8 MB
[runlim] sample:		250.2 time, 270.5 real, 50.8 MB
[runlim] sample:		260.1 time, 280.5 real, 50.8 MB
[runlim] sample:		270.1 time, 290.5 real, 57.5 MB
[runlim] sample:		278.3 time, 300.5 real, 57.1 MB
[runlim] sample:		286.6 time, 310.5 real, 54.9 MB
[runlim] sample:		294.2 time, 320.5 real, 54.9 MB
[runlim] end:			Tue Feb  5 11:05:56 2019
[runlim] status:		out of time
[runlim] result:		2
[runlim] children:		0
[runlim] real:			327.91 seconds
[runlim] time:			300.05 seconds
[runlim] space:			57.8 MB
[runlim] samples:		3274
