[runlim] version:		1.10fixed
[runlim] time limit:		300 seconds
[runlim] real time limit:	311040000 seconds
[runlim] space limit:		4000 MB
[runlim] argv[0]:		./z3
[runlim] argv[1]:		/tmp/AO7vFuGV.smt2
[runlim] start:			Tue Jan 29 17:25:41 2019
[runlim] main pid:		19626
[runlim] sample:		9.4 time, 11.0 real, 20.7 MB
[runlim] sample:		17.9 time, 21.0 real, 23.5 MB
[runlim] sample:		26.6 time, 31.0 real, 40.9 MB
[runlim] sample:		35.7 time, 41.0 real, 40.9 MB
[runlim] sample:		45.7 time, 51.0 real, 39.3 MB
[runlim] sample:		55.7 time, 61.0 real, 39.3 MB
[runlim] sample:		65.7 time, 71.0 real, 68.1 MB
[runlim] sample:		75.7 time, 81.0 real, 68.1 MB
[runlim] sample:		85.7 time, 91.0 real, 68.1 MB
[runlim] sample:		95.7 time, 101.0 real, 68.2 MB
[runlim] sample:		105.0 time, 111.0 real, 68.2 MB
[runlim] sample:		112.4 time, 121.0 real, 68.2 MB
[runlim] sample:		120.0 time, 131.0 real, 68.2 MB
[runlim] sample:		130.0 time, 141.0 real, 68.2 MB
[runlim] sample:		140.0 time, 151.0 real, 68.2 MB
[runlim] sample:		150.0 time, 161.0 real, 68.2 MB
[runlim] sample:		160.0 time, 171.0 real, 70.6 MB
[runlim] sample:		170.0 time, 181.0 real, 130.4 MB
[runlim] sample:		180.0 time, 191.0 real, 130.4 MB
[runlim] sample:		190.0 time, 201.0 real, 130.4 MB
[runlim] sample:		200.0 time, 211.0 real, 130.4 MB
[runlim] sample:		210.0 time, 221.0 real, 130.4 MB
[runlim] sample:		220.0 time, 231.0 real, 130.4 MB
[runlim] sample:		230.0 time, 241.0 real, 130.4 MB
[runlim] sample:		240.0 time, 251.0 real, 130.4 MB
[runlim] sample:		250.0 time, 261.0 real, 130.4 MB
[runlim] sample:		260.0 time, 271.0 real, 130.4 MB
[runlim] sample:		270.0 time, 281.0 real, 130.9 MB
[runlim] sample:		280.0 time, 291.0 real, 130.9 MB
[runlim] sample:		290.0 time, 301.0 real, 130.9 MB
[runlim] end:			Tue Jan 29 17:30:50 2019
[runlim] status:		signal(9)
[runlim] result:		11
[runlim] children:		0
[runlim] real:			309.51 seconds
[runlim] time:			298.48 seconds
[runlim] space:			130.9 MB
[runlim] samples:		3085
