[runlim] version:		1.10fixed
[runlim] time limit:		300 seconds
[runlim] real time limit:	311040000 seconds
[runlim] space limit:		4000 MB
[runlim] argv[0]:		./z3
[runlim] argv[1]:		/tmp/y9qqdasl.smt2
[runlim] start:			Tue Jan 29 17:24:38 2019
[runlim] main pid:		2513
[runlim] sample:		9.5 time, 10.6 real, 22.2 MB
[runlim] sample:		19.1 time, 20.6 real, 24.4 MB
[runlim] sample:		28.8 time, 30.6 real, 24.5 MB
[runlim] sample:		38.7 time, 40.6 real, 24.9 MB
[runlim] sample:		48.7 time, 50.6 real, 24.9 MB
[runlim] sample:		58.7 time, 60.6 real, 25.0 MB
[runlim] sample:		68.7 time, 70.6 real, 25.0 MB
[runlim] sample:		78.7 time, 80.6 real, 26.3 MB
[runlim] sample:		88.7 time, 90.6 real, 26.5 MB
[runlim] sample:		98.7 time, 100.6 real, 26.5 MB
[runlim] sample:		107.6 time, 110.6 real, 26.5 MB
[runlim] sample:		117.4 time, 120.6 real, 26.5 MB
[runlim] sample:		127.4 time, 130.6 real, 26.5 MB
[runlim] sample:		137.4 time, 140.6 real, 27.3 MB
[runlim] sample:		147.4 time, 150.6 real, 28.1 MB
[runlim] sample:		157.4 time, 160.6 real, 29.4 MB
[runlim] sample:		167.4 time, 170.6 real, 29.3 MB
[runlim] sample:		177.4 time, 180.6 real, 29.3 MB
[runlim] sample:		186.9 time, 190.6 real, 29.3 MB
[runlim] sample:		195.5 time, 200.6 real, 29.3 MB
[runlim] sample:		204.8 time, 210.6 real, 29.4 MB
[runlim] sample:		214.3 time, 220.6 real, 29.4 MB
[runlim] sample:		223.9 time, 230.6 real, 29.4 MB
[runlim] sample:		233.5 time, 240.6 real, 29.4 MB
[runlim] sample:		243.2 time, 250.6 real, 29.4 MB
[runlim] sample:		252.9 time, 260.6 real, 29.4 MB
[runlim] sample:		262.5 time, 270.6 real, 29.4 MB
[runlim] sample:		271.9 time, 280.6 real, 29.4 MB
[runlim] sample:		281.3 time, 290.6 real, 29.4 MB
[runlim] sample:		291.3 time, 300.6 real, 29.4 MB
[runlim] end:			Tue Jan 29 17:29:47 2019
[runlim] status:		out of time
[runlim] result:		2
[runlim] children:		0
[runlim] real:			309.43 seconds
[runlim] time:			300.08 seconds
[runlim] space:			29.8 MB
[runlim] samples:		3088
