[runlim] version:		1.10fixed
[runlim] time limit:		300 seconds
[runlim] real time limit:	311040000 seconds
[runlim] space limit:		4000 MB
[runlim] argv[0]:		./z3
[runlim] argv[1]:		/tmp/wfx9clDa.smt2
[runlim] start:			Tue Feb  5 13:53:03 2019
[runlim] main pid:		18255
[runlim] sample:		9.8 time, 10.2 real, 19.4 MB
[runlim] sample:		19.8 time, 20.2 real, 20.4 MB
[runlim] sample:		29.8 time, 30.2 real, 23.2 MB
[runlim] sample:		39.8 time, 40.2 real, 23.7 MB
[runlim] sample:		49.8 time, 50.2 real, 26.4 MB
[runlim] sample:		59.8 time, 60.2 real, 27.0 MB
[runlim] sample:		69.7 time, 70.2 real, 29.8 MB
[runlim] sample:		79.4 time, 80.2 real, 33.5 MB
[runlim] sample:		89.3 time, 90.2 real, 33.5 MB
[runlim] sample:		99.3 time, 100.2 real, 33.6 MB
[runlim] sample:		109.3 time, 110.2 real, 33.6 MB
[runlim] sample:		119.3 time, 120.2 real, 33.6 MB
[runlim] sample:		129.0 time, 130.2 real, 33.6 MB
[runlim] sample:		139.0 time, 140.2 real, 33.6 MB
[runlim] sample:		149.0 time, 150.2 real, 33.6 MB
[runlim] sample:		159.0 time, 160.2 real, 33.6 MB
[runlim] sample:		169.0 time, 170.2 real, 33.6 MB
[runlim] sample:		179.0 time, 180.2 real, 33.6 MB
[runlim] sample:		188.5 time, 190.2 real, 33.6 MB
[runlim] sample:		196.3 time, 200.2 real, 80.6 MB
[runlim] sample:		206.0 time, 210.2 real, 80.6 MB
[runlim] sample:		214.8 time, 220.2 real, 66.8 MB
[runlim] sample:		222.5 time, 230.2 real, 66.6 MB
[runlim] sample:		230.2 time, 240.2 real, 66.6 MB
[runlim] sample:		239.3 time, 250.2 real, 66.6 MB
[runlim] sample:		249.1 time, 260.2 real, 66.8 MB
[runlim] sample:		259.1 time, 270.2 real, 65.8 MB
[runlim] sample:		269.1 time, 280.2 real, 65.8 MB
[runlim] sample:		279.1 time, 290.2 real, 65.8 MB
[runlim] sample:		289.1 time, 300.2 real, 65.8 MB
[runlim] end:			Tue Feb  5 13:58:09 2019
[runlim] status:		signal(9)
[runlim] result:		11
[runlim] children:		0
[runlim] real:			306.42 seconds
[runlim] time:			295.22 seconds
[runlim] space:			80.6 MB
[runlim] samples:		3061
