[runlim] version:		1.10fixed
[runlim] time limit:		300 seconds
[runlim] real time limit:	311040000 seconds
[runlim] space limit:		4000 MB
[runlim] argv[0]:		./z3
[runlim] argv[1]:		/tmp/WlhNR3KL.smt2
[runlim] start:			Tue Jan 29 17:24:43 2019
[runlim] main pid:		1147
[runlim] sample:		9.7 time, 10.0 real, 18.0 MB
[runlim] sample:		19.6 time, 20.0 real, 18.2 MB
[runlim] sample:		29.6 time, 30.0 real, 18.2 MB
[runlim] sample:		39.6 time, 40.0 real, 18.2 MB
[runlim] sample:		49.0 time, 50.0 real, 19.8 MB
[runlim] sample:		58.3 time, 60.0 real, 21.3 MB
[runlim] sample:		66.7 time, 70.0 real, 24.1 MB
[runlim] sample:		75.8 time, 80.0 real, 34.2 MB
[runlim] sample:		85.2 time, 90.0 real, 34.2 MB
[runlim] sample:		94.2 time, 100.0 real, 34.2 MB
[runlim] sample:		104.0 time, 110.0 real, 34.2 MB
[runlim] sample:		114.0 time, 120.0 real, 34.2 MB
[runlim] sample:		124.0 time, 130.0 real, 34.2 MB
[runlim] sample:		134.0 time, 140.0 real, 34.2 MB
[runlim] sample:		143.7 time, 150.0 real, 34.2 MB
[runlim] sample:		153.2 time, 160.0 real, 34.2 MB
[runlim] sample:		163.2 time, 170.0 real, 34.2 MB
[runlim] sample:		173.2 time, 180.0 real, 34.2 MB
[runlim] sample:		183.2 time, 190.0 real, 34.2 MB
[runlim] sample:		193.2 time, 200.0 real, 34.2 MB
[runlim] sample:		203.2 time, 210.0 real, 34.2 MB
[runlim] sample:		213.2 time, 220.0 real, 34.4 MB
[runlim] sample:		223.2 time, 230.0 real, 34.4 MB
[runlim] sample:		232.9 time, 240.0 real, 34.5 MB
[runlim] sample:		242.3 time, 250.0 real, 58.3 MB
[runlim] sample:		252.0 time, 260.0 real, 96.4 MB
[runlim] sample:		262.0 time, 270.0 real, 150.3 MB
[runlim] sample:		272.0 time, 280.0 real, 211.7 MB
[runlim] sample:		282.0 time, 290.0 real, 273.4 MB
[runlim] sample:		292.0 time, 300.0 real, 335.1 MB
[runlim] end:			Tue Jan 29 17:29:51 2019
[runlim] status:		out of time
[runlim] result:		2
[runlim] children:		0
[runlim] real:			308.03 seconds
[runlim] time:			300.01 seconds
[runlim] space:			387.8 MB
[runlim] samples:		3080
