[runlim] version:		1.10fixed
[runlim] time limit:		300 seconds
[runlim] real time limit:	311040000 seconds
[runlim] space limit:		4000 MB
[runlim] argv[0]:		./z3
[runlim] argv[1]:		/tmp/U0pYlXLA.smt2
[runlim] start:			Tue Jan 29 17:24:45 2019
[runlim] main pid:		16606
[runlim] sample:		9.8 time, 10.3 real, 20.2 MB
[runlim] sample:		18.6 time, 20.3 real, 20.2 MB
[runlim] sample:		27.1 time, 30.3 real, 20.2 MB
[runlim] sample:		37.0 time, 40.3 real, 20.9 MB
[runlim] sample:		47.0 time, 50.3 real, 20.2 MB
[runlim] sample:		57.0 time, 60.3 real, 20.4 MB
[runlim] sample:		67.0 time, 70.3 real, 23.2 MB
[runlim] sample:		77.0 time, 80.3 real, 23.2 MB
[runlim] sample:		87.0 time, 90.3 real, 23.2 MB
[runlim] sample:		97.0 time, 100.3 real, 30.1 MB
[runlim] sample:		107.0 time, 110.3 real, 53.5 MB
[runlim] sample:		117.0 time, 120.3 real, 64.4 MB
[runlim] sample:		127.0 time, 130.3 real, 64.4 MB
[runlim] sample:		137.0 time, 140.3 real, 64.4 MB
[runlim] sample:		147.0 time, 150.3 real, 64.4 MB
[runlim] sample:		157.0 time, 160.3 real, 64.4 MB
[runlim] sample:		167.0 time, 170.3 real, 64.4 MB
[runlim] sample:		177.0 time, 180.3 real, 64.4 MB
[runlim] sample:		187.0 time, 190.3 real, 64.4 MB
[runlim] sample:		197.0 time, 200.3 real, 64.4 MB
[runlim] sample:		207.0 time, 210.3 real, 64.4 MB
[runlim] sample:		217.0 time, 220.3 real, 64.4 MB
[runlim] sample:		227.0 time, 230.3 real, 64.4 MB
[runlim] sample:		237.0 time, 240.3 real, 64.4 MB
[runlim] sample:		247.0 time, 250.3 real, 64.4 MB
[runlim] sample:		257.0 time, 260.3 real, 64.4 MB
[runlim] sample:		267.0 time, 270.3 real, 64.4 MB
[runlim] sample:		277.0 time, 280.3 real, 64.4 MB
[runlim] sample:		287.0 time, 290.3 real, 64.4 MB
[runlim] sample:		297.0 time, 300.3 real, 64.4 MB
[runlim] end:			Tue Jan 29 17:29:48 2019
[runlim] status:		out of time
[runlim] result:		2
[runlim] children:		0
[runlim] real:			303.31 seconds
[runlim] time:			300.03 seconds
[runlim] space:			64.4 MB
[runlim] samples:		3030
