[runlim] version:		1.10fixed
[runlim] time limit:		300 seconds
[runlim] real time limit:	311040000 seconds
[runlim] space limit:		4000 MB
[runlim] argv[0]:		./z3
[runlim] argv[1]:		/tmp/adL7k7tQ.smt2
[runlim] start:			Tue Feb  5 11:00:24 2019
[runlim] main pid:		19851
[runlim] sample:		8.1 time, 10.7 real, 21.0 MB
[runlim] sample:		16.3 time, 20.7 real, 27.7 MB
[runlim] sample:		24.1 time, 30.7 real, 28.9 MB
[runlim] sample:		33.0 time, 40.7 real, 29.4 MB
[runlim] sample:		41.8 time, 50.7 real, 29.4 MB
[runlim] sample:		50.7 time, 60.7 real, 29.4 MB
[runlim] sample:		60.7 time, 70.7 real, 30.7 MB
[runlim] sample:		70.1 time, 80.7 real, 29.4 MB
[runlim] sample:		79.4 time, 90.7 real, 29.4 MB
[runlim] sample:		88.4 time, 100.7 real, 29.4 MB
[runlim] sample:		96.8 time, 110.7 real, 29.4 MB
[runlim] sample:		105.6 time, 120.7 real, 29.5 MB
[runlim] sample:		114.8 time, 130.7 real, 29.5 MB
[runlim] sample:		123.2 time, 140.7 real, 29.4 MB
[runlim] sample:		131.4 time, 150.7 real, 29.5 MB
[runlim] sample:		139.4 time, 160.7 real, 29.5 MB
[runlim] sample:		147.4 time, 170.7 real, 29.5 MB
[runlim] sample:		157.1 time, 180.7 real, 29.5 MB
[runlim] sample:		167.1 time, 190.7 real, 29.5 MB
[runlim] sample:		177.1 time, 200.7 real, 29.4 MB
[runlim] sample:		187.1 time, 210.7 real, 29.4 MB
[runlim] sample:		196.0 time, 220.7 real, 29.4 MB
[runlim] sample:		204.6 time, 230.7 real, 29.5 MB
[runlim] sample:		213.2 time, 240.7 real, 29.4 MB
[runlim] sample:		222.7 time, 250.7 real, 29.4 MB
[runlim] sample:		232.7 time, 260.7 real, 29.4 MB
[runlim] sample:		242.7 time, 270.7 real, 30.8 MB
[runlim] sample:		252.7 time, 280.7 real, 29.4 MB
[runlim] sample:		262.7 time, 290.7 real, 29.6 MB
[runlim] sample:		272.0 time, 300.7 real, 29.6 MB
[runlim] sample:		280.6 time, 310.7 real, 29.4 MB
[runlim] sample:		290.3 time, 320.7 real, 29.4 MB
[runlim] end:			Tue Feb  5 11:05:54 2019
[runlim] status:		out of time
[runlim] result:		2
[runlim] children:		0
[runlim] real:			330.52 seconds
[runlim] time:			300.06 seconds
[runlim] space:			32.0 MB
[runlim] samples:		3298
