[runlim] version:		1.10fixed
[runlim] time limit:		300 seconds
[runlim] real time limit:	311040000 seconds
[runlim] space limit:		4000 MB
[runlim] argv[0]:		./z3
[runlim] argv[1]:		/tmp/FmyvY6Id.smt2
[runlim] start:			Tue Feb  5 11:05:21 2019
[runlim] main pid:		25343
[runlim] sample:		9.1 time, 10.7 real, 37.7 MB
[runlim] sample:		19.1 time, 20.7 real, 47.5 MB
[runlim] sample:		29.1 time, 30.7 real, 52.9 MB
[runlim] sample:		37.6 time, 40.7 real, 55.9 MB
[runlim] sample:		46.0 time, 50.7 real, 58.5 MB
[runlim] sample:		54.5 time, 60.7 real, 60.1 MB
[runlim] sample:		64.3 time, 70.7 real, 69.4 MB
[runlim] sample:		74.3 time, 80.7 real, 79.7 MB
[runlim] sample:		84.3 time, 90.7 real, 88.9 MB
[runlim] sample:		94.3 time, 100.7 real, 99.8 MB
[runlim] sample:		104.3 time, 110.7 real, 101.4 MB
[runlim] sample:		113.8 time, 120.7 real, 102.4 MB
[runlim] sample:		123.6 time, 130.7 real, 103.4 MB
[runlim] sample:		133.6 time, 140.7 real, 105.7 MB
[runlim] sample:		143.6 time, 150.7 real, 108.6 MB
[runlim] sample:		153.6 time, 160.7 real, 112.4 MB
[runlim] sample:		162.7 time, 170.7 real, 112.7 MB
[runlim] sample:		172.7 time, 180.7 real, 115.0 MB
[runlim] sample:		182.3 time, 190.7 real, 115.3 MB
[runlim] sample:		191.5 time, 200.7 real, 115.3 MB
[runlim] sample:		201.1 time, 210.7 real, 115.3 MB
[runlim] sample:		210.6 time, 220.7 real, 115.3 MB
[runlim] sample:		218.8 time, 230.7 real, 115.3 MB
[runlim] sample:		227.2 time, 240.7 real, 115.3 MB
[runlim] sample:		237.2 time, 250.7 real, 115.5 MB
[runlim] sample:		247.2 time, 260.7 real, 115.5 MB
[runlim] sample:		256.0 time, 270.7 real, 115.5 MB
[runlim] sample:		265.6 time, 280.7 real, 115.5 MB
[runlim] sample:		275.4 time, 290.7 real, 115.8 MB
[runlim] sample:		283.9 time, 300.7 real, 115.8 MB
[runlim] sample:		293.0 time, 310.7 real, 115.8 MB
[runlim] end:			Tue Feb  5 11:10:40 2019
[runlim] status:		out of time
[runlim] result:		2
[runlim] children:		0
[runlim] real:			319.15 seconds
[runlim] time:			300.03 seconds
[runlim] space:			116.8 MB
[runlim] samples:		3184
