[runlim] version:		1.10fixed
[runlim] time limit:		300 seconds
[runlim] real time limit:	311040000 seconds
[runlim] space limit:		4000 MB
[runlim] argv[0]:		./z3
[runlim] argv[1]:		/tmp/z59sAdr5.smt2
[runlim] start:			Tue Jan 29 17:25:00 2019
[runlim] main pid:		7836
[runlim] sample:		9.1 time, 10.3 real, 60.8 MB
[runlim] sample:		17.3 time, 20.3 real, 60.8 MB
[runlim] sample:		25.9 time, 30.3 real, 60.4 MB
[runlim] sample:		34.9 time, 40.3 real, 50.6 MB
[runlim] sample:		44.5 time, 50.3 real, 50.6 MB
[runlim] sample:		54.4 time, 60.3 real, 63.8 MB
[runlim] sample:		64.4 time, 70.3 real, 63.8 MB
[runlim] sample:		74.4 time, 80.3 real, 64.0 MB
[runlim] sample:		84.4 time, 90.3 real, 64.0 MB
[runlim] sample:		94.4 time, 100.3 real, 64.0 MB
[runlim] sample:		104.4 time, 110.3 real, 64.0 MB
[runlim] sample:		114.4 time, 120.3 real, 64.0 MB
[runlim] sample:		124.4 time, 130.3 real, 64.0 MB
[runlim] sample:		134.4 time, 140.3 real, 64.0 MB
[runlim] sample:		144.4 time, 150.3 real, 64.0 MB
[runlim] sample:		154.4 time, 160.3 real, 64.0 MB
[runlim] sample:		164.4 time, 170.3 real, 64.0 MB
[runlim] sample:		174.4 time, 180.3 real, 64.0 MB
[runlim] sample:		184.3 time, 190.3 real, 64.0 MB
[runlim] sample:		194.3 time, 200.3 real, 64.0 MB
[runlim] sample:		204.3 time, 210.3 real, 64.0 MB
[runlim] sample:		214.3 time, 220.3 real, 64.0 MB
[runlim] sample:		224.3 time, 230.3 real, 64.0 MB
[runlim] sample:		234.3 time, 240.3 real, 64.0 MB
[runlim] sample:		244.3 time, 250.3 real, 64.0 MB
[runlim] sample:		254.3 time, 260.3 real, 64.0 MB
[runlim] sample:		264.3 time, 270.3 real, 64.0 MB
[runlim] sample:		274.3 time, 280.3 real, 64.0 MB
[runlim] sample:		284.3 time, 290.3 real, 64.0 MB
[runlim] sample:		294.3 time, 300.3 real, 64.0 MB
[runlim] end:			Tue Jan 29 17:30:06 2019
[runlim] status:		out of time
[runlim] result:		2
[runlim] children:		0
[runlim] real:			306.01 seconds
[runlim] time:			300.03 seconds
[runlim] space:			64.0 MB
[runlim] samples:		3057
