[runlim] version:		1.10fixed
[runlim] time limit:		300 seconds
[runlim] real time limit:	311040000 seconds
[runlim] space limit:		4000 MB
[runlim] argv[0]:		./z3
[runlim] argv[1]:		/tmp/4kQvYUHY.smt2
[runlim] start:			Tue Feb  5 11:04:16 2019
[runlim] main pid:		4886
[runlim] sample:		9.0 time, 10.4 real, 24.1 MB
[runlim] sample:		19.0 time, 20.4 real, 24.6 MB
[runlim] sample:		29.0 time, 30.4 real, 25.1 MB
[runlim] sample:		39.0 time, 40.4 real, 26.7 MB
[runlim] sample:		49.0 time, 50.4 real, 27.7 MB
[runlim] sample:		59.0 time, 60.4 real, 29.0 MB
[runlim] sample:		69.0 time, 70.4 real, 29.3 MB
[runlim] sample:		79.0 time, 80.4 real, 29.5 MB
[runlim] sample:		89.0 time, 90.4 real, 29.5 MB
[runlim] sample:		98.9 time, 100.4 real, 29.5 MB
[runlim] sample:		107.2 time, 110.4 real, 29.5 MB
[runlim] sample:		115.7 time, 120.4 real, 29.8 MB
[runlim] sample:		124.1 time, 130.4 real, 29.8 MB
[runlim] sample:		133.8 time, 140.4 real, 30.0 MB
[runlim] sample:		143.4 time, 150.4 real, 30.3 MB
[runlim] sample:		153.1 time, 160.4 real, 30.3 MB
[runlim] sample:		162.8 time, 170.4 real, 30.3 MB
[runlim] sample:		172.4 time, 180.4 real, 30.3 MB
[runlim] sample:		182.1 time, 190.4 real, 30.8 MB
[runlim] sample:		191.7 time, 200.4 real, 30.8 MB
[runlim] sample:		201.4 time, 210.4 real, 31.0 MB
[runlim] sample:		211.0 time, 220.4 real, 31.0 MB
[runlim] sample:		220.7 time, 230.4 real, 31.3 MB
[runlim] sample:		230.3 time, 240.4 real, 31.3 MB
[runlim] sample:		240.0 time, 250.4 real, 31.8 MB
[runlim] sample:		249.6 time, 260.4 real, 33.1 MB
[runlim] sample:		259.3 time, 270.4 real, 33.4 MB
[runlim] sample:		269.1 time, 280.4 real, 34.2 MB
[runlim] sample:		279.1 time, 290.4 real, 34.2 MB
[runlim] sample:		289.1 time, 300.4 real, 34.4 MB
[runlim] end:			Tue Feb  5 11:09:22 2019
[runlim] status:		signal(9)
[runlim] result:		11
[runlim] children:		0
[runlim] real:			306.82 seconds
[runlim] time:			295.43 seconds
[runlim] space:			34.7 MB
[runlim] samples:		3063
