[runlim] version:		1.10fixed
[runlim] time limit:		300 seconds
[runlim] real time limit:	311040000 seconds
[runlim] space limit:		4000 MB
[runlim] argv[0]:		./z3
[runlim] argv[1]:		/tmp/i1Rh1HHx.smt2
[runlim] start:			Tue Feb  5 13:50:17 2019
[runlim] main pid:		29377
[runlim] sample:		8.8 time, 10.9 real, 21.0 MB
[runlim] sample:		18.8 time, 20.9 real, 23.6 MB
[runlim] sample:		28.8 time, 30.9 real, 26.6 MB
[runlim] sample:		38.8 time, 40.9 real, 26.6 MB
[runlim] sample:		48.8 time, 50.9 real, 26.6 MB
[runlim] sample:		57.8 time, 60.9 real, 26.6 MB
[runlim] sample:		65.9 time, 70.9 real, 26.6 MB
[runlim] sample:		75.1 time, 80.9 real, 26.6 MB
[runlim] sample:		83.8 time, 90.9 real, 26.6 MB
[runlim] sample:		93.1 time, 100.9 real, 26.6 MB
[runlim] sample:		103.1 time, 110.9 real, 26.6 MB
[runlim] sample:		113.1 time, 120.9 real, 26.6 MB
[runlim] sample:		123.1 time, 130.9 real, 26.6 MB
[runlim] sample:		133.1 time, 140.9 real, 26.7 MB
[runlim] sample:		143.1 time, 150.9 real, 26.6 MB
[runlim] sample:		153.1 time, 160.9 real, 27.1 MB
[runlim] sample:		163.1 time, 170.9 real, 26.6 MB
[runlim] sample:		173.1 time, 180.9 real, 26.6 MB
[runlim] sample:		183.1 time, 190.9 real, 27.1 MB
[runlim] sample:		193.1 time, 200.9 real, 27.9 MB
[runlim] sample:		203.1 time, 210.9 real, 27.9 MB
[runlim] sample:		213.1 time, 220.9 real, 28.2 MB
[runlim] sample:		223.1 time, 230.9 real, 32.9 MB
[runlim] sample:		233.1 time, 240.9 real, 29.3 MB
[runlim] sample:		243.1 time, 250.9 real, 32.9 MB
[runlim] sample:		253.1 time, 260.9 real, 33.4 MB
[runlim] sample:		263.1 time, 270.9 real, 34.6 MB
[runlim] sample:		273.1 time, 280.9 real, 38.4 MB
[runlim] sample:		283.1 time, 290.9 real, 34.6 MB
[runlim] sample:		293.1 time, 300.9 real, 34.6 MB
[runlim] end:			Tue Feb  5 13:55:24 2019
[runlim] status:		out of time
[runlim] result:		2
[runlim] children:		0
[runlim] real:			307.91 seconds
[runlim] time:			300.07 seconds
[runlim] space:			39.7 MB
[runlim] samples:		3070
