[runlim] version:		1.10fixed
[runlim] time limit:		300 seconds
[runlim] real time limit:	311040000 seconds
[runlim] space limit:		4000 MB
[runlim] argv[0]:		./z3
[runlim] argv[1]:		/tmp/w5QvHtZt.smt2
[runlim] start:			Tue Feb  5 11:05:24 2019
[runlim] main pid:		2190
[runlim] sample:		8.5 time, 10.6 real, 33.1 MB
[runlim] sample:		17.8 time, 20.6 real, 40.9 MB
[runlim] sample:		26.6 time, 30.6 real, 44.3 MB
[runlim] sample:		36.6 time, 40.6 real, 49.3 MB
[runlim] sample:		45.7 time, 50.6 real, 51.8 MB
[runlim] sample:		53.9 time, 60.6 real, 53.9 MB
[runlim] sample:		62.5 time, 70.6 real, 55.7 MB
[runlim] sample:		72.5 time, 80.6 real, 63.3 MB
[runlim] sample:		80.9 time, 90.6 real, 66.1 MB
[runlim] sample:		89.1 time, 100.6 real, 70.1 MB
[runlim] sample:		98.5 time, 110.6 real, 71.9 MB
[runlim] sample:		108.5 time, 120.6 real, 76.0 MB
[runlim] sample:		118.5 time, 130.6 real, 79.6 MB
[runlim] sample:		128.5 time, 140.6 real, 81.4 MB
[runlim] sample:		138.5 time, 150.6 real, 82.7 MB
[runlim] sample:		147.4 time, 160.6 real, 83.8 MB
[runlim] sample:		157.1 time, 170.6 real, 85.8 MB
[runlim] sample:		167.1 time, 180.6 real, 87.4 MB
[runlim] sample:		176.2 time, 190.6 real, 89.7 MB
[runlim] sample:		185.2 time, 200.6 real, 92.3 MB
[runlim] sample:		195.1 time, 210.6 real, 94.5 MB
[runlim] sample:		204.7 time, 220.6 real, 96.0 MB
[runlim] sample:		213.9 time, 230.6 real, 97.6 MB
[runlim] sample:		222.8 time, 240.6 real, 102.3 MB
[runlim] sample:		231.7 time, 250.6 real, 103.5 MB
[runlim] sample:		240.7 time, 260.6 real, 104.8 MB
[runlim] sample:		250.2 time, 270.6 real, 105.9 MB
[runlim] sample:		259.8 time, 280.6 real, 106.9 MB
[runlim] sample:		269.8 time, 290.6 real, 109.0 MB
[runlim] sample:		279.8 time, 300.6 real, 109.2 MB
[runlim] sample:		289.8 time, 310.6 real, 110.6 MB
[runlim] sample:		299.8 time, 320.6 real, 110.8 MB
[runlim] end:			Tue Feb  5 11:10:44 2019
[runlim] status:		out of time
[runlim] result:		2
[runlim] children:		0
[runlim] real:			320.97 seconds
[runlim] time:			300.07 seconds
[runlim] space:			111.1 MB
[runlim] samples:		3203
