[runlim] version:		1.10fixed
[runlim] time limit:		300 seconds
[runlim] real time limit:	311040000 seconds
[runlim] space limit:		4000 MB
[runlim] argv[0]:		./z3
[runlim] argv[1]:		/tmp/aJX3kWgX.smt2
[runlim] start:			Tue Feb  5 11:03:51 2019
[runlim] main pid:		15554
[runlim] sample:		8.8 time, 10.6 real, 18.3 MB
[runlim] sample:		18.4 time, 20.6 real, 23.9 MB
[runlim] sample:		28.4 time, 30.6 real, 24.1 MB
[runlim] sample:		38.4 time, 40.6 real, 24.3 MB
[runlim] sample:		48.4 time, 50.6 real, 24.1 MB
[runlim] sample:		58.4 time, 60.6 real, 24.2 MB
[runlim] sample:		68.4 time, 70.6 real, 24.3 MB
[runlim] sample:		78.2 time, 80.6 real, 25.2 MB
[runlim] sample:		87.8 time, 90.6 real, 25.2 MB
[runlim] sample:		97.5 time, 100.6 real, 25.2 MB
[runlim] sample:		107.1 time, 110.6 real, 25.2 MB
[runlim] sample:		116.2 time, 120.6 real, 25.2 MB
[runlim] sample:		126.2 time, 130.6 real, 25.2 MB
[runlim] sample:		136.2 time, 140.6 real, 25.1 MB
[runlim] sample:		146.2 time, 150.6 real, 25.2 MB
[runlim] sample:		156.2 time, 160.6 real, 25.0 MB
[runlim] sample:		166.2 time, 170.6 real, 25.2 MB
[runlim] sample:		176.2 time, 180.6 real, 25.2 MB
[runlim] sample:		186.2 time, 190.6 real, 25.1 MB
[runlim] sample:		196.2 time, 200.6 real, 24.2 MB
[runlim] sample:		206.2 time, 210.6 real, 24.9 MB
[runlim] sample:		216.2 time, 220.6 real, 24.8 MB
[runlim] sample:		226.2 time, 230.6 real, 24.8 MB
[runlim] sample:		234.9 time, 240.6 real, 25.5 MB
[runlim] sample:		242.8 time, 250.6 real, 24.8 MB
[runlim] sample:		250.7 time, 260.6 real, 25.0 MB
[runlim] sample:		258.6 time, 270.6 real, 24.8 MB
[runlim] sample:		266.6 time, 280.6 real, 24.8 MB
[runlim] sample:		274.5 time, 290.6 real, 24.3 MB
[runlim] sample:		284.2 time, 300.6 real, 24.8 MB
[runlim] end:			Tue Feb  5 11:09:00 2019
[runlim] status:		signal(9)
[runlim] result:		11
[runlim] children:		0
[runlim] real:			309.88 seconds
[runlim] time:			292.97 seconds
[runlim] space:			26.4 MB
[runlim] samples:		3092
