[runlim] version:		1.10fixed
[runlim] time limit:		300 seconds
[runlim] real time limit:	311040000 seconds
[runlim] space limit:		4000 MB
[runlim] argv[0]:		./z3
[runlim] argv[1]:		/tmp/qqZ0fK59.smt2
[runlim] start:			Tue Feb  5 11:01:16 2019
[runlim] main pid:		20125
[runlim] sample:		8.8 time, 10.1 real, 22.0 MB
[runlim] sample:		18.4 time, 20.1 real, 27.2 MB
[runlim] sample:		28.4 time, 30.1 real, 30.3 MB
[runlim] sample:		38.4 time, 40.1 real, 39.1 MB
[runlim] sample:		48.4 time, 50.1 real, 39.1 MB
[runlim] sample:		58.4 time, 60.1 real, 39.1 MB
[runlim] sample:		67.5 time, 70.1 real, 39.1 MB
[runlim] sample:		77.1 time, 80.1 real, 44.9 MB
[runlim] sample:		85.4 time, 90.1 real, 44.9 MB
[runlim] sample:		95.4 time, 100.1 real, 44.9 MB
[runlim] sample:		104.5 time, 110.1 real, 44.9 MB
[runlim] sample:		112.9 time, 120.1 real, 56.1 MB
[runlim] sample:		122.9 time, 130.1 real, 57.0 MB
[runlim] sample:		132.8 time, 140.1 real, 53.9 MB
[runlim] sample:		142.8 time, 150.1 real, 72.4 MB
[runlim] sample:		152.8 time, 160.1 real, 72.5 MB
[runlim] sample:		162.8 time, 170.1 real, 81.0 MB
[runlim] sample:		171.2 time, 180.1 real, 78.8 MB
[runlim] sample:		181.2 time, 190.1 real, 91.9 MB
[runlim] sample:		191.2 time, 200.1 real, 91.9 MB
[runlim] sample:		201.2 time, 210.1 real, 88.7 MB
[runlim] sample:		211.2 time, 220.1 real, 88.7 MB
[runlim] sample:		221.2 time, 230.1 real, 88.7 MB
[runlim] sample:		231.2 time, 240.1 real, 88.7 MB
[runlim] sample:		241.2 time, 250.1 real, 88.7 MB
[runlim] sample:		250.2 time, 260.1 real, 88.7 MB
[runlim] sample:		259.6 time, 270.1 real, 88.7 MB
[runlim] sample:		269.6 time, 280.1 real, 88.7 MB
[runlim] sample:		278.9 time, 290.1 real, 88.7 MB
[runlim] sample:		286.0 time, 300.1 real, 88.7 MB
[runlim] sample:		295.3 time, 310.1 real, 88.7 MB
[runlim] end:			Tue Feb  5 11:06:30 2019
[runlim] status:		out of time
[runlim] result:		2
[runlim] children:		0
[runlim] real:			314.83 seconds
[runlim] time:			300.02 seconds
[runlim] space:			92.2 MB
[runlim] samples:		3147
