[runlim] version:		1.10fixed
[runlim] time limit:		300 seconds
[runlim] real time limit:	311040000 seconds
[runlim] space limit:		4000 MB
[runlim] argv[0]:		./z3
[runlim] argv[1]:		/tmp/oGP059q4.smt2
[runlim] start:			Tue Feb  5 11:03:49 2019
[runlim] main pid:		4865
[runlim] sample:		9.6 time, 10.7 real, 23.3 MB
[runlim] sample:		19.6 time, 20.7 real, 23.3 MB
[runlim] sample:		29.6 time, 30.7 real, 25.1 MB
[runlim] sample:		39.3 time, 40.7 real, 26.7 MB
[runlim] sample:		48.3 time, 50.7 real, 25.3 MB
[runlim] sample:		57.9 time, 60.7 real, 25.3 MB
[runlim] sample:		67.9 time, 70.7 real, 24.6 MB
[runlim] sample:		77.9 time, 80.7 real, 26.9 MB
[runlim] sample:		87.9 time, 90.7 real, 34.7 MB
[runlim] sample:		97.9 time, 100.7 real, 36.4 MB
[runlim] sample:		107.9 time, 110.7 real, 50.9 MB
[runlim] sample:		115.9 time, 120.7 real, 48.2 MB
[runlim] sample:		124.2 time, 130.7 real, 57.2 MB
[runlim] sample:		134.2 time, 140.7 real, 94.3 MB
[runlim] sample:		144.2 time, 150.7 real, 94.3 MB
[runlim] sample:		153.6 time, 160.7 real, 94.3 MB
[runlim] sample:		162.1 time, 170.7 real, 94.3 MB
[runlim] sample:		172.0 time, 180.7 real, 94.3 MB
[runlim] sample:		181.9 time, 190.7 real, 94.3 MB
[runlim] sample:		191.2 time, 200.7 real, 94.3 MB
[runlim] sample:		201.2 time, 210.7 real, 94.3 MB
[runlim] sample:		211.2 time, 220.7 real, 94.3 MB
[runlim] sample:		221.2 time, 230.7 real, 94.3 MB
[runlim] sample:		231.2 time, 240.7 real, 94.3 MB
[runlim] sample:		241.2 time, 250.7 real, 94.3 MB
[runlim] sample:		251.2 time, 260.7 real, 136.6 MB
[runlim] sample:		261.2 time, 270.7 real, 136.9 MB
[runlim] sample:		271.2 time, 280.7 real, 136.9 MB
[runlim] sample:		281.2 time, 290.7 real, 137.4 MB
[runlim] sample:		291.2 time, 300.7 real, 137.4 MB
[runlim] end:			Tue Feb  5 11:08:58 2019
[runlim] status:		out of time
[runlim] result:		2
[runlim] children:		0
[runlim] real:			309.56 seconds
[runlim] time:			300.02 seconds
[runlim] space:			137.4 MB
[runlim] samples:		3088
