[runlim] version:		1.10fixed
[runlim] time limit:		300 seconds
[runlim] real time limit:	311040000 seconds
[runlim] space limit:		4000 MB
[runlim] argv[0]:		./z3
[runlim] argv[1]:		/tmp/lCXr4sdx.smt2
[runlim] start:			Tue Jan 29 17:25:46 2019
[runlim] main pid:		22562
[runlim] sample:		9.9 time, 10.8 real, 17.8 MB
[runlim] sample:		18.6 time, 20.8 real, 19.9 MB
[runlim] sample:		27.5 time, 30.8 real, 19.9 MB
[runlim] sample:		37.5 time, 40.8 real, 20.4 MB
[runlim] sample:		47.5 time, 50.8 real, 20.0 MB
[runlim] sample:		57.5 time, 60.8 real, 19.9 MB
[runlim] sample:		67.5 time, 70.8 real, 19.9 MB
[runlim] sample:		76.1 time, 80.8 real, 19.9 MB
[runlim] sample:		84.6 time, 90.8 real, 19.9 MB
[runlim] sample:		94.4 time, 100.8 real, 19.9 MB
[runlim] sample:		102.1 time, 110.8 real, 19.9 MB
[runlim] sample:		112.1 time, 120.8 real, 19.9 MB
[runlim] sample:		122.0 time, 130.8 real, 19.9 MB
[runlim] sample:		131.7 time, 140.8 real, 19.9 MB
[runlim] sample:		141.6 time, 150.8 real, 19.9 MB
[runlim] sample:		151.6 time, 160.8 real, 19.9 MB
[runlim] sample:		161.6 time, 170.8 real, 19.9 MB
[runlim] sample:		171.6 time, 180.8 real, 19.9 MB
[runlim] sample:		181.5 time, 190.8 real, 19.9 MB
[runlim] sample:		191.4 time, 200.8 real, 19.9 MB
[runlim] sample:		199.8 time, 210.8 real, 19.9 MB
[runlim] sample:		208.6 time, 220.8 real, 19.9 MB
[runlim] sample:		218.6 time, 230.8 real, 19.9 MB
[runlim] sample:		228.6 time, 240.8 real, 19.9 MB
[runlim] sample:		238.6 time, 250.8 real, 19.9 MB
[runlim] sample:		248.5 time, 260.8 real, 19.9 MB
[runlim] sample:		258.6 time, 270.8 real, 20.2 MB
[runlim] sample:		268.6 time, 280.8 real, 19.9 MB
[runlim] sample:		278.6 time, 290.8 real, 19.9 MB
[runlim] sample:		288.6 time, 300.8 real, 19.9 MB
[runlim] sample:		298.6 time, 310.8 real, 19.9 MB
[runlim] end:			Tue Jan 29 17:30:58 2019
[runlim] status:		out of time
[runlim] result:		2
[runlim] children:		0
[runlim] real:			312.33 seconds
[runlim] time:			300.05 seconds
[runlim] space:			21.1 MB
[runlim] samples:		3115
