[runlim] version:		1.10fixed
[runlim] time limit:		300 seconds
[runlim] real time limit:	311040000 seconds
[runlim] space limit:		4000 MB
[runlim] argv[0]:		./z3
[runlim] argv[1]:		/tmp/xtBJYfco.smt2
[runlim] start:			Tue Feb  5 11:00:49 2019
[runlim] main pid:		32748
[runlim] sample:		9.1 time, 10.6 real, 32.3 MB
[runlim] sample:		18.3 time, 20.6 real, 39.6 MB
[runlim] sample:		28.1 time, 30.6 real, 40.3 MB
[runlim] sample:		38.1 time, 40.6 real, 40.3 MB
[runlim] sample:		48.1 time, 50.6 real, 40.8 MB
[runlim] sample:		58.1 time, 60.6 real, 40.8 MB
[runlim] sample:		68.1 time, 70.6 real, 40.8 MB
[runlim] sample:		78.1 time, 80.6 real, 41.1 MB
[runlim] sample:		87.5 time, 90.6 real, 41.1 MB
[runlim] sample:		97.5 time, 100.6 real, 43.1 MB
[runlim] sample:		107.5 time, 110.6 real, 43.1 MB
[runlim] sample:		117.2 time, 120.6 real, 43.6 MB
[runlim] sample:		126.2 time, 130.6 real, 43.6 MB
[runlim] sample:		134.1 time, 140.6 real, 44.4 MB
[runlim] sample:		142.7 time, 150.6 real, 44.8 MB
[runlim] sample:		151.4 time, 160.6 real, 45.0 MB
[runlim] sample:		160.8 time, 170.6 real, 46.1 MB
[runlim] sample:		170.2 time, 180.6 real, 46.1 MB
[runlim] sample:		179.7 time, 190.6 real, 48.7 MB
[runlim] sample:		189.0 time, 200.6 real, 51.2 MB
[runlim] sample:		198.4 time, 210.6 real, 54.1 MB
[runlim] sample:		208.0 time, 220.6 real, 57.8 MB
[runlim] sample:		218.0 time, 230.6 real, 60.6 MB
[runlim] sample:		228.0 time, 240.6 real, 65.0 MB
[runlim] sample:		237.7 time, 250.6 real, 65.0 MB
[runlim] sample:		247.5 time, 260.6 real, 65.0 MB
[runlim] sample:		256.5 time, 270.6 real, 65.0 MB
[runlim] sample:		265.8 time, 280.6 real, 65.0 MB
[runlim] sample:		275.1 time, 290.6 real, 65.0 MB
[runlim] sample:		285.1 time, 300.6 real, 65.0 MB
[runlim] sample:		295.1 time, 310.6 real, 65.0 MB
[runlim] end:			Tue Feb  5 11:06:04 2019
[runlim] status:		out of time
[runlim] result:		2
[runlim] children:		0
[runlim] real:			315.59 seconds
[runlim] time:			300.05 seconds
[runlim] space:			65.0 MB
[runlim] samples:		3150
