[runlim] version:		1.10fixed
[runlim] time limit:		300 seconds
[runlim] real time limit:	311040000 seconds
[runlim] space limit:		4000 MB
[runlim] argv[0]:		./z3
[runlim] argv[1]:		/tmp/4zBkX99x.smt2
[runlim] start:			Tue Feb  5 11:00:34 2019
[runlim] main pid:		24715
[runlim] sample:		9.9 time, 10.0 real, 33.2 MB
[runlim] sample:		19.9 time, 20.0 real, 32.4 MB
[runlim] sample:		29.9 time, 30.0 real, 32.4 MB
[runlim] sample:		39.9 time, 40.0 real, 32.4 MB
[runlim] sample:		49.9 time, 50.0 real, 33.9 MB
[runlim] sample:		59.9 time, 60.0 real, 35.0 MB
[runlim] sample:		69.9 time, 70.0 real, 36.9 MB
[runlim] sample:		79.1 time, 80.0 real, 38.4 MB
[runlim] sample:		88.1 time, 90.0 real, 89.1 MB
[runlim] sample:		98.0 time, 100.0 real, 87.1 MB
[runlim] sample:		108.0 time, 110.0 real, 87.1 MB
[runlim] sample:		118.0 time, 120.0 real, 87.1 MB
[runlim] sample:		128.0 time, 130.0 real, 87.1 MB
[runlim] sample:		138.0 time, 140.0 real, 87.1 MB
[runlim] sample:		148.0 time, 150.0 real, 89.4 MB
[runlim] sample:		158.0 time, 160.0 real, 89.2 MB
[runlim] sample:		168.0 time, 170.0 real, 87.1 MB
[runlim] sample:		178.0 time, 180.0 real, 87.4 MB
[runlim] sample:		188.0 time, 190.0 real, 108.8 MB
[runlim] sample:		198.0 time, 200.0 real, 103.2 MB
[runlim] sample:		208.0 time, 210.0 real, 103.2 MB
[runlim] sample:		218.0 time, 220.0 real, 103.2 MB
[runlim] sample:		227.9 time, 230.0 real, 103.2 MB
[runlim] sample:		237.9 time, 240.0 real, 103.2 MB
[runlim] sample:		247.4 time, 250.0 real, 103.2 MB
[runlim] sample:		256.6 time, 260.0 real, 103.2 MB
[runlim] sample:		266.2 time, 270.0 real, 103.2 MB
[runlim] sample:		275.9 time, 280.0 real, 103.2 MB
[runlim] sample:		285.0 time, 290.0 real, 103.2 MB
[runlim] sample:		295.0 time, 300.0 real, 103.2 MB
[runlim] end:			Tue Feb  5 11:05:39 2019
[runlim] status:		out of time
[runlim] result:		2
[runlim] children:		0
[runlim] real:			305.07 seconds
[runlim] time:			300.01 seconds
[runlim] space:			109.1 MB
[runlim] samples:		3050
