[runlim] version:		1.10fixed
[runlim] time limit:		300 seconds
[runlim] real time limit:	311040000 seconds
[runlim] space limit:		4000 MB
[runlim] argv[0]:		./cvc4
[runlim] argv[1]:		--nl-ext-tplanes
[runlim] argv[2]:		/tmp/Cfnskby5.smt2
[runlim] start:			Tue Jan 29 16:39:36 2019
[runlim] main pid:		6684
[runlim] sample:		8.5 time, 10.6 real, 85.9 MB
[runlim] sample:		17.2 time, 20.6 real, 114.8 MB
[runlim] sample:		26.4 time, 30.6 real, 137.1 MB
[runlim] sample:		35.8 time, 40.6 real, 153.6 MB
[runlim] sample:		45.3 time, 50.6 real, 166.4 MB
[runlim] sample:		54.0 time, 60.6 real, 176.5 MB
[runlim] sample:		62.0 time, 70.6 real, 185.9 MB
[runlim] sample:		71.7 time, 80.6 real, 195.4 MB
[runlim] sample:		81.4 time, 90.6 real, 207.5 MB
[runlim] sample:		90.5 time, 100.6 real, 215.5 MB
[runlim] sample:		100.5 time, 110.6 real, 225.5 MB
[runlim] sample:		110.5 time, 120.6 real, 232.5 MB
[runlim] sample:		120.5 time, 130.6 real, 239.7 MB
[runlim] sample:		130.4 time, 140.6 real, 248.2 MB
[runlim] sample:		140.4 time, 150.6 real, 254.1 MB
[runlim] sample:		150.4 time, 160.6 real, 260.0 MB
[runlim] sample:		160.4 time, 170.6 real, 265.4 MB
[runlim] sample:		170.4 time, 180.6 real, 271.1 MB
[runlim] sample:		180.4 time, 190.6 real, 276.4 MB
[runlim] sample:		190.4 time, 200.6 real, 281.1 MB
[runlim] sample:		200.4 time, 210.6 real, 286.5 MB
[runlim] sample:		210.4 time, 220.6 real, 290.6 MB
[runlim] sample:		220.4 time, 230.6 real, 294.7 MB
[runlim] sample:		230.4 time, 240.6 real, 298.8 MB
[runlim] sample:		240.4 time, 250.6 real, 303.2 MB
[runlim] sample:		250.4 time, 260.6 real, 307.4 MB
[runlim] sample:		260.4 time, 270.6 real, 311.5 MB
[runlim] sample:		270.4 time, 280.6 real, 314.4 MB
[runlim] sample:		280.4 time, 290.6 real, 318.6 MB
[runlim] sample:		290.4 time, 300.6 real, 322.9 MB
CVC4 interrupted by SIGTERM.
[runlim] end:			Tue Jan 29 16:44:46 2019
[runlim] status:		out of time
[runlim] result:		2
[runlim] children:		0
[runlim] real:			310.26 seconds
[runlim] time:			300.01 seconds
[runlim] space:			325.2 MB
[runlim] samples:		3096
