[runlim] version:		1.10fixed
[runlim] time limit:		300 seconds
[runlim] real time limit:	311040000 seconds
[runlim] space limit:		4000 MB
[runlim] argv[0]:		./cvc4
[runlim] argv[1]:		--nl-ext-tplanes
[runlim] argv[2]:		/tmp/ugEPYziK.smt2
[runlim] start:			Tue Feb  5 09:57:44 2019
[runlim] main pid:		3969
/tmp/ugEPYziK.smt2:4.12: No set-logic command was given before this point.
/tmp/ugEPYziK.smt2:4.12: CVC4 will make all theories available.
/tmp/ugEPYziK.smt2:4.12: Consider setting a stricter logic for (likely) better performance.
/tmp/ugEPYziK.smt2:4.12: To suppress this warning in the future use (set-logic ALL).
[runlim] sample:		9.0 time, 10.2 real, 82.1 MB
[runlim] sample:		18.6 time, 20.2 real, 103.2 MB
[runlim] sample:		28.6 time, 30.2 real, 116.4 MB
[runlim] sample:		38.5 time, 40.2 real, 130.3 MB
[runlim] sample:		48.5 time, 50.2 real, 140.6 MB
[runlim] sample:		58.5 time, 60.2 real, 148.3 MB
[runlim] sample:		68.5 time, 70.2 real, 155.4 MB
[runlim] sample:		78.5 time, 80.2 real, 160.8 MB
[runlim] sample:		88.5 time, 90.2 real, 168.3 MB
[runlim] sample:		98.5 time, 100.2 real, 172.2 MB
[runlim] sample:		108.5 time, 110.2 real, 179.1 MB
[runlim] sample:		118.5 time, 120.2 real, 181.2 MB
[runlim] sample:		128.5 time, 130.2 real, 186.1 MB
[runlim] sample:		138.5 time, 140.2 real, 190.7 MB
[runlim] sample:		148.5 time, 150.2 real, 194.3 MB
[runlim] sample:		158.5 time, 160.2 real, 200.4 MB
[runlim] sample:		168.5 time, 170.2 real, 200.7 MB
[runlim] sample:		178.5 time, 180.2 real, 203.8 MB
[runlim] sample:		188.5 time, 190.2 real, 207.7 MB
[runlim] sample:		198.5 time, 200.2 real, 209.5 MB
[runlim] sample:		208.5 time, 210.2 real, 213.6 MB
[runlim] sample:		218.5 time, 220.2 real, 217.2 MB
[runlim] sample:		228.5 time, 230.2 real, 219.2 MB
[runlim] sample:		238.5 time, 240.2 real, 222.8 MB
[runlim] sample:		248.5 time, 250.2 real, 229.1 MB
[runlim] sample:		258.5 time, 260.2 real, 229.4 MB
[runlim] sample:		268.5 time, 270.2 real, 233.4 MB
[runlim] sample:		278.5 time, 280.2 real, 237.0 MB
[runlim] sample:		288.5 time, 290.2 real, 238.8 MB
[runlim] sample:		298.5 time, 300.2 real, 241.2 MB
CVC4 interrupted by SIGTERM.
[runlim] end:			Tue Feb  5 10:02:45 2019
[runlim] status:		out of time
[runlim] result:		2
[runlim] children:		0
[runlim] real:			301.79 seconds
[runlim] time:			300.09 seconds
[runlim] space:			243.0 MB
[runlim] samples:		3016
