[runlim] version:		1.10fixed
[runlim] time limit:		300 seconds
[runlim] real time limit:	311040000 seconds
[runlim] space limit:		4000 MB
[runlim] argv[0]:		./cvc4
[runlim] argv[1]:		--nl-ext-tplanes
[runlim] argv[2]:		/tmp/QVtZ3kcN.smt2
[runlim] start:			Tue Jan 29 16:39:26 2019
[runlim] main pid:		28533
[runlim] sample:		7.6 time, 10.8 real, 86.3 MB
[runlim] sample:		15.4 time, 20.8 real, 104.1 MB
[runlim] sample:		25.4 time, 30.8 real, 124.4 MB
[runlim] sample:		35.4 time, 40.8 real, 141.3 MB
[runlim] sample:		45.4 time, 50.8 real, 152.9 MB
[runlim] sample:		55.4 time, 60.8 real, 164.0 MB
[runlim] sample:		65.4 time, 70.8 real, 186.2 MB
[runlim] sample:		75.4 time, 80.8 real, 195.2 MB
[runlim] sample:		85.4 time, 90.8 real, 205.0 MB
[runlim] sample:		95.4 time, 100.8 real, 210.9 MB
[runlim] sample:		105.4 time, 110.8 real, 218.9 MB
[runlim] sample:		115.4 time, 120.8 real, 219.1 MB
[runlim] sample:		125.4 time, 130.8 real, 222.2 MB
[runlim] sample:		135.4 time, 140.8 real, 229.1 MB
[runlim] sample:		145.4 time, 150.8 real, 235.4 MB
[runlim] sample:		155.4 time, 160.8 real, 236.4 MB
[runlim] sample:		165.4 time, 170.8 real, 236.4 MB
[runlim] sample:		175.4 time, 180.8 real, 236.4 MB
[runlim] sample:		185.4 time, 190.8 real, 236.7 MB
[runlim] sample:		195.4 time, 200.8 real, 240.8 MB
[runlim] sample:		205.4 time, 210.8 real, 246.5 MB
[runlim] sample:		215.4 time, 220.8 real, 246.7 MB
[runlim] sample:		225.4 time, 230.8 real, 249.3 MB
[runlim] sample:		235.4 time, 240.8 real, 254.0 MB
[runlim] sample:		245.4 time, 250.8 real, 254.5 MB
[runlim] sample:		255.4 time, 260.8 real, 255.8 MB
[runlim] sample:		265.4 time, 270.8 real, 255.8 MB
[runlim] sample:		275.4 time, 280.8 real, 255.8 MB
[runlim] sample:		285.4 time, 290.8 real, 256.6 MB
[runlim] sample:		295.4 time, 300.8 real, 268.7 MB
CVC4 interrupted by SIGTERM.
[runlim] end:			Tue Jan 29 16:44:31 2019
[runlim] status:		out of time
[runlim] result:		2
[runlim] children:		0
[runlim] real:			305.45 seconds
[runlim] time:			300.01 seconds
[runlim] space:			269.7 MB
[runlim] samples:		3046
