[runlim] version:		1.10fixed
[runlim] time limit:		300 seconds
[runlim] real time limit:	311040000 seconds
[runlim] space limit:		4000 MB
[runlim] argv[0]:		./cvc4
[runlim] argv[1]:		--nl-ext-tplanes
[runlim] argv[2]:		/tmp/kEsmB0UB.smt2
[runlim] start:			Tue Feb  5 13:01:30 2019
[runlim] main pid:		16317
/tmp/kEsmB0UB.smt2:4.12: No set-logic command was given before this point.
/tmp/kEsmB0UB.smt2:4.12: CVC4 will make all theories available.
/tmp/kEsmB0UB.smt2:4.12: Consider setting a stricter logic for (likely) better performance.
/tmp/kEsmB0UB.smt2:4.12: To suppress this warning in the future use (set-logic ALL).
[runlim] sample:		9.9 time, 10.4 real, 103.0 MB
[runlim] sample:		19.9 time, 20.4 real, 139.9 MB
[runlim] sample:		29.9 time, 30.4 real, 162.9 MB
[runlim] sample:		39.9 time, 40.4 real, 179.3 MB
[runlim] sample:		49.9 time, 50.4 real, 193.0 MB
[runlim] sample:		59.9 time, 60.4 real, 207.0 MB
[runlim] sample:		69.8 time, 70.4 real, 215.2 MB
[runlim] sample:		79.1 time, 80.4 real, 229.0 MB
[runlim] sample:		88.3 time, 90.4 real, 237.0 MB
[runlim] sample:		97.6 time, 100.4 real, 247.8 MB
[runlim] sample:		107.0 time, 110.4 real, 258.1 MB
[runlim] sample:		117.0 time, 120.4 real, 265.1 MB
[runlim] sample:		127.0 time, 130.4 real, 273.8 MB
[runlim] sample:		137.0 time, 140.4 real, 279.5 MB
[runlim] sample:		147.0 time, 150.4 real, 286.4 MB
[runlim] sample:		156.4 time, 160.4 real, 292.9 MB
[runlim] sample:		165.6 time, 170.4 real, 298.3 MB
[runlim] sample:		174.8 time, 180.4 real, 303.2 MB
[runlim] sample:		184.8 time, 190.4 real, 307.8 MB
[runlim] sample:		194.8 time, 200.4 real, 313.0 MB
[runlim] sample:		204.8 time, 210.4 real, 319.1 MB
[runlim] sample:		214.7 time, 220.4 real, 324.5 MB
[runlim] sample:		224.7 time, 230.4 real, 328.7 MB
[runlim] sample:		234.7 time, 240.4 real, 333.3 MB
[runlim] sample:		244.7 time, 250.4 real, 337.9 MB
[runlim] sample:		254.7 time, 260.4 real, 341.3 MB
[runlim] sample:		264.6 time, 270.4 real, 344.9 MB
[runlim] sample:		274.3 time, 280.4 real, 349.8 MB
[runlim] sample:		284.3 time, 290.4 real, 353.4 MB
[runlim] sample:		293.9 time, 300.4 real, 357.0 MB
CVC4 interrupted by SIGTERM.
[runlim] end:			Tue Feb  5 13:06:36 2019
[runlim] status:		out of time
[runlim] result:		2
[runlim] children:		0
[runlim] real:			306.52 seconds
[runlim] time:			300.01 seconds
[runlim] space:			359.3 MB
[runlim] samples:		3061
