[runlim] version:		1.10fixed
[runlim] time limit:		300 seconds
[runlim] real time limit:	311040000 seconds
[runlim] space limit:		4000 MB
[runlim] argv[0]:		./cvc4
[runlim] argv[1]:		--nl-ext-tplanes
[runlim] argv[2]:		/tmp/wLJp1tIs.smt2
[runlim] start:			Tue Feb  5 09:57:49 2019
[runlim] main pid:		14922
/tmp/wLJp1tIs.smt2:4.12: No set-logic command was given before this point.
/tmp/wLJp1tIs.smt2:4.12: CVC4 will make all theories available.
/tmp/wLJp1tIs.smt2:4.12: Consider setting a stricter logic for (likely) better performance.
/tmp/wLJp1tIs.smt2:4.12: To suppress this warning in the future use (set-logic ALL).
[runlim] sample:		9.8 time, 10.3 real, 112.9 MB
[runlim] sample:		19.8 time, 20.3 real, 155.8 MB
[runlim] sample:		29.8 time, 30.3 real, 181.1 MB
[runlim] sample:		39.8 time, 40.3 real, 200.5 MB
[runlim] sample:		49.8 time, 50.3 real, 216.2 MB
[runlim] sample:		59.8 time, 60.3 real, 234.7 MB
[runlim] sample:		69.8 time, 70.3 real, 249.2 MB
[runlim] sample:		79.8 time, 80.3 real, 264.7 MB
[runlim] sample:		89.8 time, 90.3 real, 276.5 MB
[runlim] sample:		99.8 time, 100.3 real, 287.8 MB
[runlim] sample:		109.8 time, 110.3 real, 297.4 MB
[runlim] sample:		119.8 time, 120.3 real, 306.6 MB
[runlim] sample:		129.8 time, 130.3 real, 313.6 MB
[runlim] sample:		139.8 time, 140.3 real, 320.8 MB
[runlim] sample:		149.8 time, 150.3 real, 329.8 MB
[runlim] sample:		159.8 time, 160.3 real, 336.2 MB
[runlim] sample:		169.8 time, 170.3 real, 342.4 MB
[runlim] sample:		179.8 time, 180.3 real, 349.9 MB
[runlim] sample:		189.8 time, 190.3 real, 356.4 MB
[runlim] sample:		199.8 time, 200.3 real, 362.0 MB
[runlim] sample:		209.8 time, 210.3 real, 367.7 MB
[runlim] sample:		219.8 time, 220.3 real, 372.6 MB
[runlim] sample:		229.8 time, 230.3 real, 378.5 MB
[runlim] sample:		239.8 time, 240.3 real, 384.9 MB
[runlim] sample:		249.8 time, 250.3 real, 394.1 MB
[runlim] sample:		259.8 time, 260.3 real, 395.4 MB
[runlim] sample:		269.8 time, 270.3 real, 403.1 MB
[runlim] sample:		279.8 time, 280.3 real, 405.7 MB
[runlim] sample:		289.8 time, 290.3 real, 411.1 MB
[runlim] sample:		299.8 time, 300.3 real, 414.7 MB
CVC4 interrupted by SIGTERM.
[runlim] end:			Tue Feb  5 10:02:49 2019
[runlim] status:		out of time
[runlim] result:		2
[runlim] children:		0
[runlim] real:			300.63 seconds
[runlim] time:			300.08 seconds
[runlim] space:			414.7 MB
[runlim] samples:		3003
