[runlim] version:		1.10fixed
[runlim] time limit:		300 seconds
[runlim] real time limit:	311040000 seconds
[runlim] space limit:		4000 MB
[runlim] argv[0]:		./cvc4
[runlim] argv[1]:		--nl-ext-tplanes
[runlim] argv[2]:		/tmp/pI6fEbf0.smt2
[runlim] start:			Tue Feb  5 13:01:25 2019
[runlim] main pid:		12403
[runlim] sample:		8.7 time, 10.5 real, 36.4 MB
[runlim] sample:		17.4 time, 20.5 real, 45.2 MB
[runlim] sample:		27.4 time, 30.5 real, 56.9 MB
[runlim] sample:		37.4 time, 40.5 real, 67.7 MB
[runlim] sample:		46.9 time, 50.5 real, 79.4 MB
[runlim] sample:		55.7 time, 60.5 real, 88.9 MB
[runlim] sample:		65.7 time, 70.5 real, 100.5 MB
[runlim] sample:		75.7 time, 80.5 real, 111.1 MB
[runlim] sample:		85.7 time, 90.5 real, 121.7 MB
[runlim] sample:		95.7 time, 100.5 real, 133.4 MB
[runlim] sample:		105.2 time, 110.5 real, 146.3 MB
[runlim] sample:		115.1 time, 120.5 real, 155.8 MB
[runlim] sample:		125.0 time, 130.5 real, 165.9 MB
[runlim] sample:		135.0 time, 140.5 real, 176.7 MB
[runlim] sample:		145.0 time, 150.5 real, 188.8 MB
[runlim] sample:		155.0 time, 160.5 real, 199.4 MB
[runlim] sample:		164.9 time, 170.5 real, 210.2 MB
[runlim] sample:		174.9 time, 180.5 real, 220.4 MB
[runlim] sample:		184.9 time, 190.5 real, 234.8 MB
[runlim] sample:		194.9 time, 200.5 real, 245.1 MB
[runlim] sample:		204.7 time, 210.5 real, 256.5 MB
[runlim] sample:		214.4 time, 220.5 real, 270.9 MB
[runlim] sample:		224.0 time, 230.5 real, 281.0 MB
[runlim] sample:		233.7 time, 240.5 real, 291.3 MB
[runlim] sample:		243.3 time, 250.5 real, 301.6 MB
[runlim] sample:		253.0 time, 260.5 real, 311.9 MB
[runlim] sample:		262.6 time, 270.5 real, 322.2 MB
[runlim] sample:		272.3 time, 280.5 real, 332.8 MB
[runlim] sample:		281.8 time, 290.5 real, 343.4 MB
[runlim] sample:		291.8 time, 300.5 real, 352.9 MB
CVC4 interrupted by SIGTERM.
[runlim] end:			Tue Feb  5 13:06:33 2019
[runlim] status:		out of time
[runlim] result:		2
[runlim] children:		0
[runlim] real:			308.74 seconds
[runlim] time:			300.01 seconds
[runlim] space:			361.4 MB
[runlim] samples:		3082
