[runlim] version:		1.10fixed
[runlim] time limit:		300 seconds
[runlim] real time limit:	311040000 seconds
[runlim] space limit:		4000 MB
[runlim] argv[0]:		./cvc4
[runlim] argv[1]:		--nl-ext-tplanes
[runlim] argv[2]:		/tmp/N3vBzNd5.smt2
[runlim] start:			Tue Feb  5 13:06:18 2019
[runlim] main pid:		9482
[runlim] sample:		9.8 time, 10.5 real, 40.9 MB
[runlim] sample:		19.8 time, 20.5 real, 42.7 MB
[runlim] sample:		29.8 time, 30.5 real, 44.5 MB
[runlim] sample:		39.8 time, 40.5 real, 46.8 MB
[runlim] sample:		49.8 time, 50.5 real, 49.1 MB
[runlim] sample:		59.8 time, 60.5 real, 50.7 MB
[runlim] sample:		69.8 time, 70.5 real, 52.2 MB
[runlim] sample:		79.8 time, 80.5 real, 54.5 MB
[runlim] sample:		89.8 time, 90.5 real, 56.1 MB
[runlim] sample:		99.8 time, 100.5 real, 57.6 MB
[runlim] sample:		109.8 time, 110.5 real, 60.5 MB
[runlim] sample:		119.8 time, 120.5 real, 61.5 MB
[runlim] sample:		129.8 time, 130.5 real, 63.3 MB
[runlim] sample:		139.8 time, 140.5 real, 64.9 MB
[runlim] sample:		149.8 time, 150.5 real, 66.7 MB
[runlim] sample:		159.8 time, 160.5 real, 68.5 MB
[runlim] sample:		169.8 time, 170.5 real, 69.7 MB
[runlim] sample:		179.8 time, 180.5 real, 71.6 MB
[runlim] sample:		189.8 time, 190.5 real, 72.6 MB
[runlim] sample:		199.8 time, 200.5 real, 74.9 MB
[runlim] sample:		209.8 time, 210.5 real, 75.9 MB
[runlim] sample:		219.6 time, 220.5 real, 78.0 MB
[runlim] sample:		228.2 time, 230.5 real, 79.0 MB
[runlim] sample:		238.1 time, 240.5 real, 80.6 MB
[runlim] sample:		248.1 time, 250.5 real, 81.6 MB
[runlim] sample:		258.1 time, 260.5 real, 83.4 MB
[runlim] sample:		268.1 time, 270.5 real, 84.4 MB
[runlim] sample:		278.1 time, 280.5 real, 86.0 MB
[runlim] sample:		288.1 time, 290.5 real, 87.3 MB
[runlim] sample:		298.1 time, 300.5 real, 88.6 MB
CVC4 interrupted by SIGTERM.
[runlim] end:			Tue Feb  5 13:11:20 2019
[runlim] status:		out of time
[runlim] result:		2
[runlim] children:		0
[runlim] real:			302.50 seconds
[runlim] time:			300.08 seconds
[runlim] space:			88.8 MB
[runlim] samples:		3020
