[runlim] version:		1.10fixed
[runlim] time limit:		300 seconds
[runlim] real time limit:	311040000 seconds
[runlim] space limit:		4000 MB
[runlim] argv[0]:		./cvc4
[runlim] argv[1]:		--nl-ext-tplanes
[runlim] argv[2]:		/tmp/U7XM0H68.smt2
[runlim] start:			Tue Jan 29 16:40:05 2019
[runlim] main pid:		29288
[runlim] sample:		9.7 time, 10.7 real, 74.7 MB
[runlim] sample:		19.7 time, 20.7 real, 94.8 MB
[runlim] sample:		29.7 time, 30.7 real, 107.9 MB
[runlim] sample:		39.6 time, 40.7 real, 120.3 MB
[runlim] sample:		48.6 time, 50.7 real, 127.2 MB
[runlim] sample:		57.6 time, 60.7 real, 135.3 MB
[runlim] sample:		67.4 time, 70.7 real, 140.4 MB
[runlim] sample:		77.4 time, 80.7 real, 146.8 MB
[runlim] sample:		87.4 time, 90.7 real, 152.2 MB
[runlim] sample:		97.4 time, 100.7 real, 157.1 MB
[runlim] sample:		106.9 time, 110.7 real, 162.6 MB
[runlim] sample:		116.4 time, 120.7 real, 166.2 MB
[runlim] sample:		126.4 time, 130.7 real, 169.8 MB
[runlim] sample:		136.4 time, 140.7 real, 173.6 MB
[runlim] sample:		146.4 time, 150.7 real, 178.1 MB
[runlim] sample:		156.4 time, 160.7 real, 182.0 MB
[runlim] sample:		166.0 time, 170.7 real, 184.9 MB
[runlim] sample:		175.1 time, 180.7 real, 188.9 MB
[runlim] sample:		183.9 time, 190.7 real, 191.5 MB
[runlim] sample:		193.9 time, 200.7 real, 194.3 MB
[runlim] sample:		203.9 time, 210.7 real, 198.2 MB
[runlim] sample:		212.9 time, 220.7 real, 199.7 MB
[runlim] sample:		222.9 time, 230.7 real, 205.3 MB
[runlim] sample:		232.9 time, 240.7 real, 207.6 MB
[runlim] sample:		242.9 time, 250.7 real, 211.0 MB
[runlim] sample:		251.3 time, 260.7 real, 213.8 MB
[runlim] sample:		259.4 time, 270.7 real, 215.7 MB
[runlim] sample:		267.4 time, 280.7 real, 217.5 MB
[runlim] sample:		275.9 time, 290.7 real, 219.9 MB
[runlim] sample:		285.2 time, 300.7 real, 224.8 MB
[runlim] sample:		294.5 time, 310.7 real, 226.8 MB
[runlim] end:			Tue Jan 29 16:45:17 2019
[runlim] status:		signal(9)
[runlim] result:		11
[runlim] children:		0
[runlim] real:			312.49 seconds
[runlim] time:			296.12 seconds
[runlim] space:			226.8 MB
[runlim] samples:		3117
