[runlim] version:		1.10fixed
[runlim] time limit:		300 seconds
[runlim] real time limit:	311040000 seconds
[runlim] space limit:		4000 MB
[runlim] argv[0]:		./cvc4
[runlim] argv[1]:		--nl-ext-tplanes
[runlim] argv[2]:		/tmp/p9DY4C76.smt2
[runlim] start:			Tue Feb  5 09:57:52 2019
[runlim] main pid:		22060
/tmp/p9DY4C76.smt2:4.12: No set-logic command was given before this point.
/tmp/p9DY4C76.smt2:4.12: CVC4 will make all theories available.
/tmp/p9DY4C76.smt2:4.12: Consider setting a stricter logic for (likely) better performance.
/tmp/p9DY4C76.smt2:4.12: To suppress this warning in the future use (set-logic ALL).
[runlim] sample:		9.7 time, 10.9 real, 77.1 MB
[runlim] sample:		19.4 time, 20.9 real, 102.0 MB
[runlim] sample:		29.1 time, 30.9 real, 122.3 MB
[runlim] sample:		38.9 time, 40.9 real, 135.7 MB
[runlim] sample:		48.8 time, 50.9 real, 147.8 MB
[runlim] sample:		58.5 time, 60.9 real, 157.8 MB
[runlim] sample:		68.2 time, 70.9 real, 169.7 MB
[runlim] sample:		77.9 time, 80.9 real, 181.1 MB
[runlim] sample:		87.8 time, 90.9 real, 189.0 MB
[runlim] sample:		97.5 time, 100.9 real, 197.9 MB
[runlim] sample:		107.2 time, 110.9 real, 205.9 MB
[runlim] sample:		117.0 time, 120.9 real, 213.4 MB
[runlim] sample:		127.0 time, 130.9 real, 218.8 MB
[runlim] sample:		137.0 time, 140.9 real, 224.5 MB
[runlim] sample:		146.8 time, 150.9 real, 231.7 MB
[runlim] sample:		156.4 time, 160.9 real, 236.5 MB
[runlim] sample:		166.1 time, 170.9 real, 248.1 MB
[runlim] sample:		175.8 time, 180.9 real, 252.7 MB
[runlim] sample:		185.5 time, 190.9 real, 256.3 MB
[runlim] sample:		195.2 time, 200.9 real, 260.9 MB
[runlim] sample:		204.8 time, 210.9 real, 264.5 MB
[runlim] sample:		213.7 time, 220.9 real, 268.1 MB
[runlim] sample:		222.0 time, 230.9 real, 272.2 MB
[runlim] sample:		230.3 time, 240.9 real, 284.6 MB
[runlim] sample:		238.9 time, 250.9 real, 289.0 MB
[runlim] sample:		248.5 time, 260.9 real, 293.1 MB
[runlim] sample:		258.2 time, 270.9 real, 296.7 MB
[runlim] sample:		267.6 time, 280.9 real, 300.5 MB
[runlim] sample:		275.9 time, 290.9 real, 304.7 MB
[runlim] sample:		284.9 time, 300.9 real, 308.5 MB
[runlim] sample:		294.8 time, 310.9 real, 315.0 MB
[runlim] end:			Tue Feb  5 10:03:03 2019
[runlim] status:		signal(9)
[runlim] result:		11
[runlim] children:		0
[runlim] real:			311.14 seconds
[runlim] time:			295.03 seconds
[runlim] space:			315.0 MB
[runlim] samples:		3102
