[runlim] version:		1.10fixed
[runlim] time limit:		300 seconds
[runlim] real time limit:	311040000 seconds
[runlim] space limit:		4000 MB
[runlim] argv[0]:		./cvc4
[runlim] argv[1]:		--nl-ext-tplanes
[runlim] argv[2]:		/tmp/zOaOqGfv.smt2
[runlim] start:			Tue Jan 29 16:40:17 2019
[runlim] main pid:		24591
[runlim] sample:		7.3 time, 10.7 real, 75.3 MB
[runlim] sample:		14.7 time, 20.7 real, 96.6 MB
[runlim] sample:		22.1 time, 30.7 real, 114.2 MB
[runlim] sample:		29.4 time, 40.7 real, 129.0 MB
[runlim] sample:		38.7 time, 50.7 real, 142.7 MB
[runlim] sample:		48.5 time, 60.7 real, 154.1 MB
[runlim] sample:		58.5 time, 70.7 real, 164.5 MB
[runlim] sample:		68.5 time, 80.7 real, 173.2 MB
[runlim] sample:		78.5 time, 90.7 real, 181.1 MB
[runlim] sample:		88.5 time, 100.7 real, 188.3 MB
[runlim] sample:		98.5 time, 110.7 real, 195.0 MB
[runlim] sample:		108.4 time, 120.7 real, 205.8 MB
[runlim] sample:		118.4 time, 130.7 real, 211.2 MB
[runlim] sample:		125.9 time, 140.7 real, 216.1 MB
[runlim] sample:		134.6 time, 150.7 real, 222.8 MB
[runlim] sample:		144.0 time, 160.7 real, 227.9 MB
[runlim] sample:		153.9 time, 170.7 real, 233.9 MB
[runlim] sample:		163.9 time, 180.7 real, 237.2 MB
[runlim] sample:		173.9 time, 190.7 real, 241.1 MB
[runlim] sample:		183.9 time, 200.7 real, 245.2 MB
[runlim] sample:		193.9 time, 210.7 real, 251.9 MB
[runlim] sample:		203.9 time, 220.7 real, 256.0 MB
[runlim] sample:		213.9 time, 230.7 real, 259.9 MB
[runlim] sample:		223.7 time, 240.7 real, 264.2 MB
[runlim] sample:		232.3 time, 250.7 real, 266.3 MB
[runlim] sample:		242.3 time, 260.7 real, 269.6 MB
[runlim] sample:		252.3 time, 270.7 real, 273.2 MB
[runlim] sample:		262.3 time, 280.7 real, 276.8 MB
[runlim] sample:		272.3 time, 290.7 real, 281.0 MB
[runlim] sample:		282.3 time, 300.7 real, 283.5 MB
[runlim] end:			Tue Jan 29 16:45:26 2019
[runlim] status:		signal(9)
[runlim] result:		11
[runlim] children:		0
[runlim] real:			309.09 seconds
[runlim] time:			290.59 seconds
[runlim] space:			286.1 MB
[runlim] samples:		3083
