[runlim] version:		1.10fixed
[runlim] time limit:		300 seconds
[runlim] real time limit:	311040000 seconds
[runlim] space limit:		4000 MB
[runlim] argv[0]:		./cvc4
[runlim] argv[1]:		--nl-ext-tplanes
[runlim] argv[2]:		/tmp/wDIUdiv7.smt2
[runlim] start:			Tue Feb  5 09:57:51 2019
[runlim] main pid:		11595
/tmp/wDIUdiv7.smt2:4.12: No set-logic command was given before this point.
/tmp/wDIUdiv7.smt2:4.12: CVC4 will make all theories available.
/tmp/wDIUdiv7.smt2:4.12: Consider setting a stricter logic for (likely) better performance.
/tmp/wDIUdiv7.smt2:4.12: To suppress this warning in the future use (set-logic ALL).
[runlim] sample:		9.9 time, 10.0 real, 106.5 MB
[runlim] sample:		19.9 time, 20.0 real, 147.4 MB
[runlim] sample:		29.9 time, 30.0 real, 175.1 MB
[runlim] sample:		39.9 time, 40.0 real, 193.4 MB
[runlim] sample:		49.9 time, 50.0 real, 211.2 MB
[runlim] sample:		59.9 time, 60.0 real, 225.0 MB
[runlim] sample:		69.9 time, 70.0 real, 240.8 MB
[runlim] sample:		79.9 time, 80.0 real, 252.4 MB
[runlim] sample:		89.9 time, 90.0 real, 265.3 MB
[runlim] sample:		99.9 time, 100.0 real, 273.3 MB
[runlim] sample:		109.7 time, 110.0 real, 283.3 MB
[runlim] sample:		119.3 time, 120.0 real, 290.5 MB
[runlim] sample:		129.0 time, 130.0 real, 300.3 MB
[runlim] sample:		138.4 time, 140.0 real, 304.2 MB
[runlim] sample:		147.7 time, 150.0 real, 310.6 MB
[runlim] sample:		157.1 time, 160.0 real, 317.6 MB
[runlim] sample:		166.7 time, 170.0 real, 326.0 MB
[runlim] sample:		176.3 time, 180.0 real, 329.4 MB
[runlim] sample:		186.0 time, 190.0 real, 335.3 MB
[runlim] sample:		195.8 time, 200.0 real, 341.2 MB
[runlim] sample:		205.8 time, 210.0 real, 345.8 MB
[runlim] sample:		215.8 time, 220.0 real, 352.5 MB
[runlim] sample:		225.8 time, 230.0 real, 355.9 MB
[runlim] sample:		235.8 time, 240.0 real, 362.3 MB
[runlim] sample:		245.7 time, 250.0 real, 365.7 MB
[runlim] sample:		255.7 time, 260.0 real, 369.5 MB
[runlim] sample:		265.7 time, 270.0 real, 376.7 MB
[runlim] sample:		275.7 time, 280.0 real, 380.1 MB
[runlim] sample:		285.7 time, 290.0 real, 383.4 MB
[runlim] sample:		295.7 time, 300.0 real, 389.4 MB
CVC4 interrupted by SIGTERM.
[runlim] end:			Tue Feb  5 10:02:55 2019
[runlim] status:		out of time
[runlim] result:		2
[runlim] children:		0
[runlim] real:			304.37 seconds
[runlim] time:			300.02 seconds
[runlim] space:			390.4 MB
[runlim] samples:		3043
