[runlim] version:		1.10fixed
[runlim] time limit:		300 seconds
[runlim] real time limit:	311040000 seconds
[runlim] space limit:		4000 MB
[runlim] argv[0]:		./cvc4
[runlim] argv[1]:		--nl-ext-tplanes
[runlim] argv[2]:		/tmp/bNkjC0nI.smt2
[runlim] start:			Tue Feb  5 09:57:52 2019
[runlim] main pid:		32561
/tmp/bNkjC0nI.smt2:4.12: No set-logic command was given before this point.
/tmp/bNkjC0nI.smt2:4.12: CVC4 will make all theories available.
/tmp/bNkjC0nI.smt2:4.12: Consider setting a stricter logic for (likely) better performance.
/tmp/bNkjC0nI.smt2:4.12: To suppress this warning in the future use (set-logic ALL).
[runlim] sample:		9.4 time, 10.7 real, 107.9 MB
[runlim] sample:		19.4 time, 20.7 real, 146.7 MB
[runlim] sample:		29.4 time, 30.7 real, 171.7 MB
[runlim] sample:		38.4 time, 40.7 real, 187.6 MB
[runlim] sample:		46.3 time, 50.7 real, 199.0 MB
[runlim] sample:		56.3 time, 60.7 real, 212.4 MB
[runlim] sample:		66.2 time, 70.7 real, 228.2 MB
[runlim] sample:		74.4 time, 80.7 real, 237.0 MB
[runlim] sample:		84.4 time, 90.7 real, 248.9 MB
[runlim] sample:		94.4 time, 100.7 real, 261.8 MB
[runlim] sample:		103.2 time, 110.7 real, 268.5 MB
[runlim] sample:		111.5 time, 120.7 real, 274.9 MB
[runlim] sample:		119.8 time, 130.7 real, 282.7 MB
[runlim] sample:		128.2 time, 140.7 real, 287.8 MB
[runlim] sample:		137.8 time, 150.7 real, 295.3 MB
[runlim] sample:		147.8 time, 160.7 real, 303.0 MB
[runlim] sample:		157.8 time, 170.7 real, 308.9 MB
[runlim] sample:		167.8 time, 180.7 real, 316.7 MB
[runlim] sample:		177.8 time, 190.7 real, 323.4 MB
[runlim] sample:		187.8 time, 200.7 real, 330.6 MB
[runlim] sample:		197.8 time, 210.7 real, 335.5 MB
[runlim] sample:		207.5 time, 220.7 real, 340.9 MB
[runlim] sample:		217.2 time, 230.7 real, 345.8 MB
[runlim] sample:		227.2 time, 240.7 real, 350.9 MB
[runlim] sample:		237.2 time, 250.7 real, 353.5 MB
[runlim] sample:		246.7 time, 260.7 real, 358.1 MB
[runlim] sample:		256.6 time, 270.7 real, 363.0 MB
[runlim] sample:		266.0 time, 280.7 real, 366.9 MB
[runlim] sample:		276.0 time, 290.7 real, 370.5 MB
[runlim] sample:		286.0 time, 300.7 real, 376.1 MB
[runlim] sample:		296.0 time, 310.7 real, 379.8 MB
[runlim] end:			Tue Feb  5 10:03:05 2019
[runlim] status:		signal(9)
[runlim] result:		11
[runlim] children:		0
[runlim] real:			313.56 seconds
[runlim] time:			298.76 seconds
[runlim] space:			381.8 MB
[runlim] samples:		3128
