[runlim] version:		1.10fixed
[runlim] time limit:		300 seconds
[runlim] real time limit:	311040000 seconds
[runlim] space limit:		4000 MB
[runlim] argv[0]:		./cvc4
[runlim] argv[1]:		--nl-ext-tplanes
[runlim] argv[2]:		/tmp/eMtStEh5.smt2
[runlim] start:			Tue Feb  5 09:57:50 2019
[runlim] main pid:		28420
/tmp/eMtStEh5.smt2:4.12: No set-logic command was given before this point.
/tmp/eMtStEh5.smt2:4.12: CVC4 will make all theories available.
/tmp/eMtStEh5.smt2:4.12: Consider setting a stricter logic for (likely) better performance.
/tmp/eMtStEh5.smt2:4.12: To suppress this warning in the future use (set-logic ALL).
[runlim] sample:		9.6 time, 10.9 real, 84.1 MB
[runlim] sample:		19.6 time, 20.9 real, 107.1 MB
[runlim] sample:		29.6 time, 30.9 real, 122.8 MB
[runlim] sample:		38.2 time, 40.9 real, 133.7 MB
[runlim] sample:		47.7 time, 50.9 real, 144.3 MB
[runlim] sample:		56.8 time, 60.9 real, 151.2 MB
[runlim] sample:		65.4 time, 70.9 real, 158.2 MB
[runlim] sample:		75.4 time, 80.9 real, 165.1 MB
[runlim] sample:		85.1 time, 90.9 real, 171.3 MB
[runlim] sample:		95.1 time, 100.9 real, 177.9 MB
[runlim] sample:		103.7 time, 110.9 real, 183.4 MB
[runlim] sample:		112.7 time, 120.9 real, 187.2 MB
[runlim] sample:		122.7 time, 130.9 real, 192.4 MB
[runlim] sample:		132.7 time, 140.9 real, 197.5 MB
[runlim] sample:		142.7 time, 150.9 real, 201.1 MB
[runlim] sample:		152.7 time, 160.9 real, 207.9 MB
[runlim] sample:		162.7 time, 170.9 real, 211.3 MB
[runlim] sample:		172.7 time, 180.9 real, 214.9 MB
[runlim] sample:		182.7 time, 190.9 real, 218.5 MB
[runlim] sample:		192.7 time, 200.9 real, 223.1 MB
[runlim] sample:		202.7 time, 210.9 real, 228.3 MB
[runlim] sample:		212.7 time, 220.9 real, 230.4 MB
[runlim] sample:		222.1 time, 230.9 real, 234.5 MB
[runlim] sample:		231.0 time, 240.9 real, 238.6 MB
[runlim] sample:		240.8 time, 250.9 real, 241.0 MB
[runlim] sample:		250.8 time, 260.9 real, 246.6 MB
[runlim] sample:		260.8 time, 270.9 real, 248.2 MB
[runlim] sample:		270.8 time, 280.9 real, 251.8 MB
[runlim] sample:		280.8 time, 290.9 real, 253.6 MB
[runlim] sample:		290.8 time, 300.9 real, 260.5 MB
[runlim] end:			Tue Feb  5 10:02:59 2019
[runlim] status:		signal(9)
[runlim] result:		11
[runlim] children:		0
[runlim] real:			309.29 seconds
[runlim] time:			299.08 seconds
[runlim] space:			261.8 MB
[runlim] samples:		3083
