[runlim] version:		1.10fixed
[runlim] time limit:		300 seconds
[runlim] real time limit:	311040000 seconds
[runlim] space limit:		4000 MB
[runlim] argv[0]:		./cvc4
[runlim] argv[1]:		--nl-ext-tplanes
[runlim] argv[2]:		/tmp/91Rx7NnQ.smt2
[runlim] start:			Tue Feb  5 09:57:52 2019
[runlim] main pid:		17707
/tmp/91Rx7NnQ.smt2:4.12: No set-logic command was given before this point.
/tmp/91Rx7NnQ.smt2:4.12: CVC4 will make all theories available.
/tmp/91Rx7NnQ.smt2:4.12: Consider setting a stricter logic for (likely) better performance.
/tmp/91Rx7NnQ.smt2:4.12: To suppress this warning in the future use (set-logic ALL).
[runlim] sample:		9.6 time, 10.3 real, 108.7 MB
[runlim] sample:		19.4 time, 20.3 real, 153.8 MB
[runlim] sample:		28.8 time, 30.3 real, 178.8 MB
[runlim] sample:		37.7 time, 40.3 real, 196.4 MB
[runlim] sample:		45.4 time, 50.3 real, 211.0 MB
[runlim] sample:		53.0 time, 60.3 real, 222.4 MB
[runlim] sample:		61.5 time, 70.3 real, 237.5 MB
[runlim] sample:		71.2 time, 80.3 real, 251.1 MB
[runlim] sample:		80.8 time, 90.3 real, 266.5 MB
[runlim] sample:		90.5 time, 100.3 real, 278.4 MB
[runlim] sample:		99.2 time, 110.3 real, 287.9 MB
[runlim] sample:		109.2 time, 120.3 real, 296.9 MB
[runlim] sample:		119.2 time, 130.3 real, 305.9 MB
[runlim] sample:		129.2 time, 140.3 real, 314.9 MB
[runlim] sample:		139.2 time, 150.3 real, 322.9 MB
[runlim] sample:		149.2 time, 160.3 real, 330.9 MB
[runlim] sample:		159.2 time, 170.3 real, 337.1 MB
[runlim] sample:		169.2 time, 180.3 real, 343.3 MB
[runlim] sample:		179.2 time, 190.3 real, 350.7 MB
[runlim] sample:		189.2 time, 200.3 real, 358.2 MB
[runlim] sample:		199.2 time, 210.3 real, 363.6 MB
[runlim] sample:		209.2 time, 220.3 real, 368.7 MB
[runlim] sample:		219.2 time, 230.3 real, 373.6 MB
[runlim] sample:		229.2 time, 240.3 real, 379.2 MB
[runlim] sample:		239.2 time, 250.3 real, 386.2 MB
[runlim] sample:		249.2 time, 260.3 real, 393.1 MB
[runlim] sample:		259.2 time, 270.3 real, 396.2 MB
[runlim] sample:		269.2 time, 280.3 real, 402.1 MB
[runlim] sample:		279.2 time, 290.3 real, 407.8 MB
[runlim] sample:		289.2 time, 300.3 real, 416.5 MB
[runlim] end:			Tue Feb  5 10:03:01 2019
[runlim] status:		signal(9)
[runlim] result:		11
[runlim] children:		0
[runlim] real:			309.31 seconds
[runlim] time:			298.17 seconds
[runlim] space:			417.3 MB
[runlim] samples:		3090
