[runlim] version:		1.10fixed
[runlim] time limit:		300 seconds
[runlim] real time limit:	311040000 seconds
[runlim] space limit:		4000 MB
[runlim] argv[0]:		./cvc4
[runlim] argv[1]:		--nl-ext-tplanes
[runlim] argv[2]:		/tmp/AwKp7vxR.smt2
[runlim] start:			Tue Jan 29 16:39:20 2019
[runlim] main pid:		9909
[runlim] sample:		8.3 time, 10.7 real, 79.9 MB
[runlim] sample:		17.6 time, 20.7 real, 102.2 MB
[runlim] sample:		27.3 time, 30.7 real, 122.8 MB
[runlim] sample:		36.4 time, 40.7 real, 137.0 MB
[runlim] sample:		45.0 time, 50.7 real, 146.6 MB
[runlim] sample:		54.1 time, 60.7 real, 155.8 MB
[runlim] sample:		62.6 time, 70.7 real, 163.0 MB
[runlim] sample:		72.0 time, 80.7 real, 169.9 MB
[runlim] sample:		82.0 time, 90.7 real, 176.3 MB
[runlim] sample:		92.0 time, 100.7 real, 183.0 MB
[runlim] sample:		101.9 time, 110.7 real, 188.4 MB
[runlim] sample:		111.9 time, 120.7 real, 194.9 MB
[runlim] sample:		121.9 time, 130.7 real, 199.0 MB
[runlim] sample:		131.6 time, 140.7 real, 204.9 MB
[runlim] sample:		141.2 time, 150.7 real, 213.6 MB
[runlim] sample:		151.2 time, 160.7 real, 218.3 MB
[runlim] sample:		161.2 time, 170.7 real, 221.9 MB
[runlim] sample:		171.2 time, 180.7 real, 227.8 MB
[runlim] sample:		180.9 time, 190.7 real, 233.0 MB
[runlim] sample:		190.9 time, 200.7 real, 237.1 MB
[runlim] sample:		200.9 time, 210.7 real, 240.5 MB
[runlim] sample:		210.9 time, 220.7 real, 243.3 MB
[runlim] sample:		220.9 time, 230.7 real, 248.4 MB
[runlim] sample:		230.9 time, 240.7 real, 250.8 MB
[runlim] sample:		240.3 time, 250.7 real, 257.1 MB
[runlim] sample:		250.2 time, 260.7 real, 259.2 MB
[runlim] sample:		260.2 time, 270.7 real, 262.8 MB
[runlim] sample:		269.8 time, 280.7 real, 266.7 MB
[runlim] sample:		278.1 time, 290.7 real, 268.7 MB
[runlim] sample:		286.6 time, 300.7 real, 270.8 MB
[runlim] sample:		295.6 time, 310.7 real, 273.1 MB
[runlim] end:			Tue Jan 29 16:44:35 2019
[runlim] status:		signal(9)
[runlim] result:		11
[runlim] children:		0
[runlim] real:			315.13 seconds
[runlim] time:			299.92 seconds
[runlim] space:			274.4 MB
[runlim] samples:		3144
