[runlim] version:		1.10fixed
[runlim] time limit:		300 seconds
[runlim] real time limit:	311040000 seconds
[runlim] space limit:		4000 MB
[runlim] argv[0]:		./cvc4
[runlim] argv[1]:		--nl-ext-tplanes
[runlim] argv[2]:		/tmp/Wuog0Ote.smt2
[runlim] start:			Tue Feb  5 09:57:51 2019
[runlim] main pid:		3280
/tmp/Wuog0Ote.smt2:4.12: No set-logic command was given before this point.
/tmp/Wuog0Ote.smt2:4.12: CVC4 will make all theories available.
/tmp/Wuog0Ote.smt2:4.12: Consider setting a stricter logic for (likely) better performance.
/tmp/Wuog0Ote.smt2:4.12: To suppress this warning in the future use (set-logic ALL).
[runlim] sample:		8.8 time, 10.6 real, 90.4 MB
[runlim] sample:		18.8 time, 20.6 real, 121.8 MB
[runlim] sample:		28.8 time, 30.6 real, 143.7 MB
[runlim] sample:		38.8 time, 40.6 real, 168.9 MB
[runlim] sample:		48.7 time, 50.6 real, 183.1 MB
[runlim] sample:		58.7 time, 60.6 real, 199.9 MB
[runlim] sample:		68.7 time, 70.6 real, 214.3 MB
[runlim] sample:		78.7 time, 80.6 real, 228.0 MB
[runlim] sample:		88.7 time, 90.6 real, 242.4 MB
[runlim] sample:		98.7 time, 100.6 real, 249.3 MB
[runlim] sample:		108.7 time, 110.6 real, 263.2 MB
[runlim] sample:		118.7 time, 120.6 real, 270.7 MB
[runlim] sample:		128.7 time, 130.6 real, 277.4 MB
[runlim] sample:		138.7 time, 140.6 real, 285.3 MB
[runlim] sample:		148.7 time, 150.6 real, 301.3 MB
[runlim] sample:		158.7 time, 160.6 real, 311.8 MB
[runlim] sample:		168.7 time, 170.6 real, 318.4 MB
[runlim] sample:		178.7 time, 180.6 real, 326.2 MB
[runlim] sample:		188.5 time, 190.6 real, 329.5 MB
[runlim] sample:		197.2 time, 200.6 real, 337.7 MB
[runlim] sample:		207.2 time, 210.6 real, 352.8 MB
[runlim] sample:		217.2 time, 220.6 real, 366.8 MB
[runlim] sample:		227.2 time, 230.6 real, 369.1 MB
[runlim] sample:		237.2 time, 240.6 real, 374.6 MB
[runlim] sample:		247.2 time, 250.6 real, 377.1 MB
[runlim] sample:		257.2 time, 260.6 real, 383.0 MB
[runlim] sample:		267.2 time, 270.6 real, 388.9 MB
[runlim] sample:		277.2 time, 280.6 real, 393.3 MB
[runlim] sample:		287.1 time, 290.6 real, 395.1 MB
[runlim] sample:		297.1 time, 300.6 real, 402.3 MB
CVC4 interrupted by SIGTERM.
[runlim] end:			Tue Feb  5 10:02:54 2019
[runlim] status:		out of time
[runlim] result:		2
[runlim] children:		0
[runlim] real:			303.50 seconds
[runlim] time:			300.04 seconds
[runlim] space:			402.3 MB
[runlim] samples:		3029
