[runlim] version:		1.10fixed
[runlim] time limit:		300 seconds
[runlim] real time limit:	311040000 seconds
[runlim] space limit:		4000 MB
[runlim] argv[0]:		./cvc4
[runlim] argv[1]:		--nl-ext-tplanes
[runlim] argv[2]:		/tmp/RXdWsGrz.smt2
[runlim] start:			Thu Feb 14 00:37:25 2019
[runlim] main pid:		22749
/tmp/RXdWsGrz.smt2:4.12: No set-logic command was given before this point.
/tmp/RXdWsGrz.smt2:4.12: CVC4 will make all theories available.
/tmp/RXdWsGrz.smt2:4.12: Consider setting a stricter logic for (likely) better performance.
/tmp/RXdWsGrz.smt2:4.12: To suppress this warning in the future use (set-logic ALL).
[runlim] sample:		8.3 time, 10.2 real, 96.0 MB
[runlim] sample:		17.7 time, 20.2 real, 132.6 MB
[runlim] sample:		27.7 time, 30.2 real, 158.1 MB
[runlim] sample:		37.7 time, 40.2 real, 175.4 MB
[runlim] sample:		47.7 time, 50.2 real, 191.1 MB
[runlim] sample:		57.7 time, 60.2 real, 204.2 MB
[runlim] sample:		67.7 time, 70.2 real, 216.3 MB
[runlim] sample:		77.7 time, 80.2 real, 230.3 MB
[runlim] sample:		87.7 time, 90.2 real, 243.7 MB
[runlim] sample:		97.7 time, 100.2 real, 250.3 MB
[runlim] sample:		107.7 time, 110.2 real, 258.6 MB
[runlim] sample:		117.7 time, 120.2 real, 269.4 MB
[runlim] sample:		127.7 time, 130.2 real, 275.8 MB
[runlim] sample:		137.7 time, 140.2 real, 285.0 MB
[runlim] sample:		147.7 time, 150.2 real, 290.4 MB
[runlim] sample:		157.7 time, 160.2 real, 298.9 MB
[runlim] sample:		167.7 time, 170.2 real, 302.7 MB
[runlim] sample:		177.7 time, 180.2 real, 308.2 MB
[runlim] sample:		187.7 time, 190.2 real, 314.3 MB
[runlim] sample:		197.7 time, 200.2 real, 319.7 MB
[runlim] sample:		207.7 time, 210.2 real, 325.7 MB
[runlim] sample:		217.7 time, 220.2 real, 329.0 MB
[runlim] sample:		227.7 time, 230.2 real, 334.4 MB
[runlim] sample:		237.7 time, 240.2 real, 338.0 MB
[runlim] sample:		247.7 time, 250.2 real, 343.2 MB
[runlim] sample:		257.7 time, 260.2 real, 347.3 MB
[runlim] sample:		267.7 time, 270.2 real, 351.2 MB
[runlim] sample:		277.7 time, 280.2 real, 355.0 MB
[runlim] sample:		287.7 time, 290.2 real, 359.4 MB
[runlim] sample:		297.7 time, 300.2 real, 362.2 MB
CVC4 interrupted by SIGTERM.
[runlim] end:			Thu Feb 14 00:42:27 2019
[runlim] status:		out of time
[runlim] result:		2
[runlim] children:		0
[runlim] real:			302.50 seconds
[runlim] time:			300.01 seconds
[runlim] space:			364.0 MB
[runlim] samples:		3023
