[runlim] version:		1.10fixed
[runlim] time limit:		300 seconds
[runlim] real time limit:	311040000 seconds
[runlim] space limit:		4000 MB
[runlim] argv[0]:		./cvc4
[runlim] argv[1]:		--nl-ext-tplanes
[runlim] argv[2]:		/tmp/B9y0jUOh.smt2
[runlim] start:			Thu Feb 14 00:37:18 2019
[runlim] main pid:		29106
/tmp/B9y0jUOh.smt2:4.12: No set-logic command was given before this point.
/tmp/B9y0jUOh.smt2:4.12: CVC4 will make all theories available.
/tmp/B9y0jUOh.smt2:4.12: Consider setting a stricter logic for (likely) better performance.
/tmp/B9y0jUOh.smt2:4.12: To suppress this warning in the future use (set-logic ALL).
[runlim] sample:		9.5 time, 10.6 real, 116.0 MB
[runlim] sample:		19.3 time, 20.6 real, 158.1 MB
[runlim] sample:		27.5 time, 30.6 real, 181.0 MB
[runlim] sample:		36.8 time, 40.6 real, 204.9 MB
[runlim] sample:		46.4 time, 50.6 real, 222.4 MB
[runlim] sample:		56.2 time, 60.6 real, 245.6 MB
[runlim] sample:		66.2 time, 70.6 real, 261.3 MB
[runlim] sample:		76.2 time, 80.6 real, 275.6 MB
[runlim] sample:		86.2 time, 90.6 real, 286.9 MB
[runlim] sample:		96.2 time, 100.6 real, 298.5 MB
[runlim] sample:		106.2 time, 110.6 real, 308.8 MB
[runlim] sample:		116.2 time, 120.6 real, 318.6 MB
[runlim] sample:		126.2 time, 130.6 real, 328.4 MB
[runlim] sample:		136.2 time, 140.6 real, 337.9 MB
[runlim] sample:		146.2 time, 150.6 real, 344.6 MB
[runlim] sample:		156.2 time, 160.6 real, 353.3 MB
[runlim] sample:		166.2 time, 170.6 real, 361.1 MB
[runlim] sample:		176.2 time, 180.6 real, 367.8 MB
[runlim] sample:		186.2 time, 190.6 real, 374.4 MB
[runlim] sample:		196.2 time, 200.6 real, 385.5 MB
[runlim] sample:		206.2 time, 210.6 real, 391.7 MB
[runlim] sample:		216.2 time, 220.6 real, 401.0 MB
[runlim] sample:		226.2 time, 230.6 real, 406.1 MB
[runlim] sample:		236.2 time, 240.6 real, 419.1 MB
[runlim] sample:		246.2 time, 250.6 real, 420.4 MB
[runlim] sample:		256.2 time, 260.6 real, 424.2 MB
[runlim] sample:		266.2 time, 270.6 real, 431.2 MB
[runlim] sample:		276.2 time, 280.6 real, 445.5 MB
[runlim] sample:		286.2 time, 290.6 real, 450.1 MB
[runlim] sample:		296.2 time, 300.6 real, 456.6 MB
CVC4 interrupted by SIGTERM.
[runlim] end:			Thu Feb 14 00:42:22 2019
[runlim] status:		out of time
[runlim] result:		2
[runlim] children:		0
[runlim] real:			304.56 seconds
[runlim] time:			300.07 seconds
[runlim] space:			459.9 MB
[runlim] samples:		3039
