[runlim] version:		1.10fixed
[runlim] time limit:		300 seconds
[runlim] real time limit:	311040000 seconds
[runlim] space limit:		4000 MB
[runlim] argv[0]:		./cvc4
[runlim] argv[1]:		--nl-ext-tplanes
[runlim] argv[2]:		/tmp/RCef7aj3.smt2
[runlim] start:			Thu Feb 14 00:37:08 2019
[runlim] main pid:		18284
/tmp/RCef7aj3.smt2:4.12: No set-logic command was given before this point.
/tmp/RCef7aj3.smt2:4.12: CVC4 will make all theories available.
/tmp/RCef7aj3.smt2:4.12: Consider setting a stricter logic for (likely) better performance.
/tmp/RCef7aj3.smt2:4.12: To suppress this warning in the future use (set-logic ALL).
[runlim] sample:		7.6 time, 10.4 real, 99.7 MB
[runlim] sample:		17.0 time, 20.4 real, 143.9 MB
[runlim] sample:		26.6 time, 30.4 real, 170.9 MB
[runlim] sample:		36.4 time, 40.4 real, 191.5 MB
[runlim] sample:		45.6 time, 50.4 real, 209.0 MB
[runlim] sample:		53.4 time, 60.4 real, 222.5 MB
[runlim] sample:		61.2 time, 70.4 real, 237.9 MB
[runlim] sample:		70.8 time, 80.4 real, 251.3 MB
[runlim] sample:		80.8 time, 90.4 real, 265.0 MB
[runlim] sample:		90.8 time, 100.4 real, 278.4 MB
[runlim] sample:		100.8 time, 110.4 real, 287.1 MB
[runlim] sample:		110.8 time, 120.4 real, 295.6 MB
[runlim] sample:		120.8 time, 130.4 real, 304.1 MB
[runlim] sample:		130.8 time, 140.4 real, 311.3 MB
[runlim] sample:		140.8 time, 150.4 real, 318.0 MB
[runlim] sample:		150.8 time, 160.4 real, 327.1 MB
[runlim] sample:		160.8 time, 170.4 real, 334.9 MB
[runlim] sample:		170.8 time, 180.4 real, 338.7 MB
[runlim] sample:		180.4 time, 190.4 real, 344.4 MB
[runlim] sample:		190.4 time, 200.4 real, 350.0 MB
[runlim] sample:		200.4 time, 210.4 real, 356.0 MB
[runlim] sample:		210.1 time, 220.4 real, 361.6 MB
[runlim] sample:		220.1 time, 230.4 real, 367.6 MB
[runlim] sample:		229.0 time, 240.4 real, 372.2 MB
[runlim] sample:		238.8 time, 250.4 real, 377.9 MB
[runlim] sample:		248.7 time, 260.4 real, 384.0 MB
[runlim] sample:		258.7 time, 270.4 real, 387.9 MB
[runlim] sample:		268.6 time, 280.4 real, 393.8 MB
[runlim] sample:		276.6 time, 290.4 real, 396.9 MB
[runlim] sample:		284.5 time, 300.4 real, 402.6 MB
[runlim] sample:		293.6 time, 310.4 real, 406.4 MB
CVC4 interrupted by SIGTERM.
[runlim] end:			Thu Feb 14 00:42:24 2019
[runlim] status:		out of time
[runlim] result:		2
[runlim] children:		0
[runlim] real:			316.92 seconds
[runlim] time:			300.07 seconds
[runlim] space:			409.5 MB
[runlim] samples:		3165
