[runlim] version:		1.10fixed
[runlim] time limit:		300 seconds
[runlim] real time limit:	311040000 seconds
[runlim] space limit:		4000 MB
[runlim] argv[0]:		./cvc4
[runlim] argv[1]:		--nl-ext-tplanes
[runlim] argv[2]:		/tmp/HcPYdfvw.smt2
[runlim] start:			Thu Feb 14 00:38:00 2019
[runlim] main pid:		1822
/tmp/HcPYdfvw.smt2:4.12: No set-logic command was given before this point.
/tmp/HcPYdfvw.smt2:4.12: CVC4 will make all theories available.
/tmp/HcPYdfvw.smt2:4.12: Consider setting a stricter logic for (likely) better performance.
/tmp/HcPYdfvw.smt2:4.12: To suppress this warning in the future use (set-logic ALL).
[runlim] sample:		9.8 time, 10.0 real, 92.4 MB
[runlim] sample:		19.8 time, 20.0 real, 116.0 MB
[runlim] sample:		29.8 time, 30.0 real, 137.5 MB
[runlim] sample:		39.8 time, 40.0 real, 150.9 MB
[runlim] sample:		49.5 time, 50.0 real, 160.6 MB
[runlim] sample:		59.0 time, 60.0 real, 173.8 MB
[runlim] sample:		67.8 time, 70.0 real, 177.9 MB
[runlim] sample:		76.2 time, 80.0 real, 185.1 MB
[runlim] sample:		84.7 time, 90.0 real, 191.0 MB
[runlim] sample:		93.6 time, 100.0 real, 195.9 MB
[runlim] sample:		102.7 time, 110.0 real, 202.8 MB
[runlim] sample:		112.7 time, 120.0 real, 210.3 MB
[runlim] sample:		122.7 time, 130.0 real, 217.0 MB
[runlim] sample:		132.7 time, 140.0 real, 225.4 MB
[runlim] sample:		142.7 time, 150.0 real, 232.1 MB
[runlim] sample:		152.7 time, 160.0 real, 240.0 MB
[runlim] sample:		162.7 time, 170.0 real, 246.5 MB
[runlim] sample:		172.7 time, 180.0 real, 248.8 MB
[runlim] sample:		182.7 time, 190.0 real, 253.2 MB
[runlim] sample:		192.7 time, 200.0 real, 258.1 MB
[runlim] sample:		202.7 time, 210.0 real, 265.3 MB
[runlim] sample:		212.6 time, 220.0 real, 268.4 MB
[runlim] sample:		222.6 time, 230.0 real, 274.3 MB
[runlim] sample:		232.6 time, 240.0 real, 278.2 MB
[runlim] sample:		242.6 time, 250.0 real, 281.5 MB
[runlim] sample:		252.6 time, 260.0 real, 286.2 MB
[runlim] sample:		262.6 time, 270.0 real, 289.8 MB
[runlim] sample:		272.6 time, 280.0 real, 293.1 MB
[runlim] sample:		282.6 time, 290.0 real, 296.2 MB
[runlim] sample:		292.6 time, 300.0 real, 300.3 MB
CVC4 interrupted by SIGTERM.
[runlim] end:			Thu Feb 14 00:43:07 2019
[runlim] status:		out of time
[runlim] result:		2
[runlim] children:		0
[runlim] real:			307.44 seconds
[runlim] time:			300.03 seconds
[runlim] space:			301.8 MB
[runlim] samples:		3074
