[runlim] version:		1.10fixed
[runlim] time limit:		300 seconds
[runlim] real time limit:	311040000 seconds
[runlim] space limit:		4000 MB
[runlim] argv[0]:		./cvc4
[runlim] argv[1]:		--nl-ext-tplanes
[runlim] argv[2]:		/tmp/iZe54IDx.smt2
[runlim] start:			Thu Feb 14 00:37:09 2019
[runlim] main pid:		21371
/tmp/iZe54IDx.smt2:4.12: No set-logic command was given before this point.
/tmp/iZe54IDx.smt2:4.12: CVC4 will make all theories available.
/tmp/iZe54IDx.smt2:4.12: Consider setting a stricter logic for (likely) better performance.
/tmp/iZe54IDx.smt2:4.12: To suppress this warning in the future use (set-logic ALL).
[runlim] sample:		8.7 time, 10.1 real, 108.4 MB
[runlim] sample:		17.4 time, 20.1 real, 145.9 MB
[runlim] sample:		25.9 time, 30.1 real, 167.6 MB
[runlim] sample:		34.4 time, 40.1 real, 184.8 MB
[runlim] sample:		42.7 time, 50.1 real, 200.0 MB
[runlim] sample:		52.7 time, 60.1 real, 221.5 MB
[runlim] sample:		62.7 time, 70.1 real, 236.3 MB
[runlim] sample:		72.7 time, 80.1 real, 251.5 MB
[runlim] sample:		82.7 time, 90.1 real, 265.9 MB
[runlim] sample:		92.7 time, 100.1 real, 275.7 MB
[runlim] sample:		102.7 time, 110.1 real, 286.6 MB
[runlim] sample:		112.7 time, 120.1 real, 295.3 MB
[runlim] sample:		122.7 time, 130.1 real, 303.0 MB
[runlim] sample:		132.7 time, 140.1 real, 316.0 MB
[runlim] sample:		142.7 time, 150.1 real, 318.9 MB
[runlim] sample:		152.7 time, 160.1 real, 324.5 MB
[runlim] sample:		162.7 time, 170.1 real, 332.8 MB
[runlim] sample:		172.6 time, 180.1 real, 339.2 MB
[runlim] sample:		182.6 time, 190.1 real, 344.9 MB
[runlim] sample:		192.6 time, 200.1 real, 350.5 MB
[runlim] sample:		202.6 time, 210.1 real, 356.2 MB
[runlim] sample:		212.6 time, 220.1 real, 362.1 MB
[runlim] sample:		222.6 time, 230.1 real, 368.0 MB
[runlim] sample:		232.6 time, 240.1 real, 374.2 MB
[runlim] sample:		242.6 time, 250.1 real, 380.6 MB
[runlim] sample:		252.6 time, 260.1 real, 386.8 MB
[runlim] sample:		262.6 time, 270.1 real, 394.5 MB
[runlim] sample:		272.6 time, 280.1 real, 398.1 MB
[runlim] sample:		282.6 time, 290.1 real, 403.8 MB
[runlim] sample:		292.6 time, 300.1 real, 409.0 MB
CVC4 interrupted by SIGTERM.
[runlim] end:			Thu Feb 14 00:42:16 2019
[runlim] status:		out of time
[runlim] result:		2
[runlim] children:		0
[runlim] real:			307.55 seconds
[runlim] time:			300.01 seconds
[runlim] space:			412.6 MB
[runlim] samples:		3074
