[runlim] version:		1.10fixed
[runlim] time limit:		300 seconds
[runlim] real time limit:	311040000 seconds
[runlim] space limit:		4000 MB
[runlim] argv[0]:		./cvc4
[runlim] argv[1]:		--nl-ext-tplanes
[runlim] argv[2]:		/tmp/PIgJAik4.smt2
[runlim] start:			Thu Feb 14 00:37:53 2019
[runlim] main pid:		29350
/tmp/PIgJAik4.smt2:4.12: No set-logic command was given before this point.
/tmp/PIgJAik4.smt2:4.12: CVC4 will make all theories available.
/tmp/PIgJAik4.smt2:4.12: Consider setting a stricter logic for (likely) better performance.
/tmp/PIgJAik4.smt2:4.12: To suppress this warning in the future use (set-logic ALL).
[runlim] sample:		7.7 time, 10.5 real, 87.7 MB
[runlim] sample:		15.4 time, 20.5 real, 110.3 MB
[runlim] sample:		23.9 time, 30.5 real, 131.0 MB
[runlim] sample:		33.3 time, 40.5 real, 147.6 MB
[runlim] sample:		42.7 time, 50.5 real, 159.1 MB
[runlim] sample:		52.2 time, 60.5 real, 170.0 MB
[runlim] sample:		62.2 time, 70.5 real, 180.0 MB
[runlim] sample:		72.2 time, 80.5 real, 187.5 MB
[runlim] sample:		82.2 time, 90.5 real, 195.8 MB
[runlim] sample:		92.2 time, 100.5 real, 204.1 MB
[runlim] sample:		102.0 time, 110.5 real, 211.5 MB
[runlim] sample:		111.7 time, 120.5 real, 218.0 MB
[runlim] sample:		121.7 time, 130.5 real, 226.8 MB
[runlim] sample:		131.7 time, 140.5 real, 233.2 MB
[runlim] sample:		141.7 time, 150.5 real, 241.0 MB
[runlim] sample:		151.7 time, 160.5 real, 244.8 MB
[runlim] sample:		161.7 time, 170.5 real, 250.8 MB
[runlim] sample:		171.7 time, 180.5 real, 258.9 MB
[runlim] sample:		181.7 time, 190.5 real, 262.5 MB
[runlim] sample:		191.7 time, 200.5 real, 267.1 MB
[runlim] sample:		201.6 time, 210.5 real, 271.8 MB
[runlim] sample:		211.6 time, 220.5 real, 275.9 MB
[runlim] sample:		221.6 time, 230.5 real, 279.7 MB
[runlim] sample:		231.4 time, 240.5 real, 283.8 MB
[runlim] sample:		239.3 time, 250.5 real, 286.2 MB
[runlim] sample:		248.9 time, 260.5 real, 289.8 MB
[runlim] sample:		258.9 time, 270.5 real, 293.9 MB
[runlim] sample:		268.9 time, 280.5 real, 297.5 MB
[runlim] sample:		278.9 time, 290.5 real, 299.6 MB
[runlim] sample:		288.9 time, 300.5 real, 303.9 MB
[runlim] end:			Thu Feb 14 00:43:02 2019
[runlim] status:		signal(9)
[runlim] result:		11
[runlim] children:		0
[runlim] real:			309.57 seconds
[runlim] time:			297.88 seconds
[runlim] space:			305.7 MB
[runlim] samples:		3090
