[runlim] version:		1.10fixed
[runlim] time limit:		300 seconds
[runlim] real time limit:	311040000 seconds
[runlim] space limit:		4000 MB
[runlim] argv[0]:		./cvc4
[runlim] argv[1]:		--nl-ext-tplanes
[runlim] argv[2]:		/tmp/P3WLdxDw.smt2
[runlim] start:			Thu Feb 14 00:37:25 2019
[runlim] main pid:		27102
/tmp/P3WLdxDw.smt2:4.12: No set-logic command was given before this point.
/tmp/P3WLdxDw.smt2:4.12: CVC4 will make all theories available.
/tmp/P3WLdxDw.smt2:4.12: Consider setting a stricter logic for (likely) better performance.
/tmp/P3WLdxDw.smt2:4.12: To suppress this warning in the future use (set-logic ALL).
[runlim] sample:		9.0 time, 10.2 real, 114.1 MB
[runlim] sample:		16.9 time, 20.2 real, 153.6 MB
[runlim] sample:		26.1 time, 30.2 real, 183.5 MB
[runlim] sample:		35.8 time, 40.2 real, 209.6 MB
[runlim] sample:		45.8 time, 50.2 real, 234.1 MB
[runlim] sample:		55.8 time, 60.2 real, 254.8 MB
[runlim] sample:		65.8 time, 70.2 real, 274.1 MB
[runlim] sample:		75.8 time, 80.2 real, 289.3 MB
[runlim] sample:		85.8 time, 90.2 real, 300.6 MB
[runlim] sample:		95.8 time, 100.2 real, 313.3 MB
[runlim] sample:		105.8 time, 110.2 real, 326.1 MB
[runlim] sample:		115.8 time, 120.2 real, 335.9 MB
[runlim] sample:		125.8 time, 130.2 real, 346.2 MB
[runlim] sample:		134.3 time, 140.2 real, 353.4 MB
[runlim] sample:		143.3 time, 150.2 real, 361.5 MB
[runlim] sample:		152.1 time, 160.2 real, 371.0 MB
[runlim] sample:		161.5 time, 170.2 real, 379.8 MB
[runlim] sample:		171.1 time, 180.2 real, 388.5 MB
[runlim] sample:		180.3 time, 190.2 real, 397.3 MB
[runlim] sample:		190.3 time, 200.2 real, 406.8 MB
[runlim] sample:		199.9 time, 210.2 real, 419.5 MB
[runlim] sample:		209.6 time, 220.2 real, 420.8 MB
[runlim] sample:		219.2 time, 230.2 real, 426.7 MB
[runlim] sample:		228.3 time, 240.2 real, 433.4 MB
[runlim] sample:		238.3 time, 250.2 real, 448.1 MB
[runlim] sample:		247.1 time, 260.2 real, 456.1 MB
[runlim] sample:		256.1 time, 270.2 real, 460.7 MB
[runlim] sample:		264.2 time, 280.2 real, 465.1 MB
[runlim] sample:		273.9 time, 290.2 real, 476.1 MB
[runlim] sample:		283.9 time, 300.2 real, 483.9 MB
[runlim] sample:		293.9 time, 310.2 real, 487.8 MB
CVC4 interrupted by SIGTERM.
[runlim] end:			Thu Feb 14 00:42:41 2019
[runlim] status:		out of time
[runlim] result:		2
[runlim] children:		0
[runlim] real:			316.30 seconds
[runlim] time:			300.04 seconds
[runlim] space:			491.1 MB
[runlim] samples:		3161
