[runlim] version:		1.10fixed
[runlim] time limit:		300 seconds
[runlim] real time limit:	311040000 seconds
[runlim] space limit:		4000 MB
[runlim] argv[0]:		./cvc4
[runlim] argv[1]:		--nl-ext-tplanes
[runlim] argv[2]:		/tmp/Guj0lvzO.smt2
[runlim] start:			Thu Feb 14 00:37:08 2019
[runlim] main pid:		12603
/tmp/Guj0lvzO.smt2:4.12: No set-logic command was given before this point.
/tmp/Guj0lvzO.smt2:4.12: CVC4 will make all theories available.
/tmp/Guj0lvzO.smt2:4.12: Consider setting a stricter logic for (likely) better performance.
/tmp/Guj0lvzO.smt2:4.12: To suppress this warning in the future use (set-logic ALL).
[runlim] sample:		9.2 time, 10.4 real, 99.6 MB
[runlim] sample:		19.1 time, 20.4 real, 131.3 MB
[runlim] sample:		28.5 time, 30.4 real, 151.2 MB
[runlim] sample:		38.5 time, 40.4 real, 167.4 MB
[runlim] sample:		48.5 time, 50.4 real, 181.6 MB
[runlim] sample:		57.5 time, 60.4 real, 191.8 MB
[runlim] sample:		66.9 time, 70.4 real, 202.9 MB
[runlim] sample:		76.9 time, 80.4 real, 212.9 MB
[runlim] sample:		86.9 time, 90.4 real, 227.3 MB
[runlim] sample:		96.9 time, 100.4 real, 234.0 MB
[runlim] sample:		106.9 time, 110.4 real, 245.8 MB
[runlim] sample:		116.9 time, 120.4 real, 253.0 MB
[runlim] sample:		126.9 time, 130.4 real, 261.7 MB
[runlim] sample:		136.8 time, 140.4 real, 269.2 MB
[runlim] sample:		146.8 time, 150.4 real, 275.7 MB
[runlim] sample:		156.8 time, 160.4 real, 283.1 MB
[runlim] sample:		166.8 time, 170.4 real, 288.3 MB
[runlim] sample:		176.8 time, 180.4 real, 292.7 MB
[runlim] sample:		186.8 time, 190.4 real, 297.3 MB
[runlim] sample:		196.8 time, 200.4 real, 302.4 MB
[runlim] sample:		206.8 time, 210.4 real, 307.3 MB
[runlim] sample:		216.8 time, 220.4 real, 312.7 MB
[runlim] sample:		226.8 time, 230.4 real, 318.9 MB
[runlim] sample:		236.8 time, 240.4 real, 323.0 MB
[runlim] sample:		246.8 time, 250.4 real, 326.4 MB
[runlim] sample:		256.8 time, 260.4 real, 330.5 MB
[runlim] sample:		266.8 time, 270.4 real, 335.1 MB
[runlim] sample:		276.8 time, 280.4 real, 339.5 MB
[runlim] sample:		286.8 time, 290.4 real, 342.3 MB
[runlim] sample:		296.8 time, 300.4 real, 346.5 MB
CVC4 interrupted by SIGTERM.
[runlim] end:			Thu Feb 14 00:42:11 2019
[runlim] status:		out of time
[runlim] result:		2
[runlim] children:		0
[runlim] real:			303.77 seconds
[runlim] time:			300.10 seconds
[runlim] space:			348.0 MB
[runlim] samples:		3033
