[runlim] version:		1.10fixed
[runlim] time limit:		300 seconds
[runlim] real time limit:	311040000 seconds
[runlim] space limit:		4000 MB
[runlim] argv[0]:		./cvc4
[runlim] argv[1]:		--nl-ext-tplanes
[runlim] argv[2]:		/tmp/FIWh4g9B.smt2
[runlim] start:			Thu Feb 14 00:37:21 2019
[runlim] main pid:		18461
/tmp/FIWh4g9B.smt2:4.12: No set-logic command was given before this point.
/tmp/FIWh4g9B.smt2:4.12: CVC4 will make all theories available.
/tmp/FIWh4g9B.smt2:4.12: Consider setting a stricter logic for (likely) better performance.
/tmp/FIWh4g9B.smt2:4.12: To suppress this warning in the future use (set-logic ALL).
[runlim] sample:		8.3 time, 10.9 real, 107.9 MB
[runlim] sample:		18.3 time, 20.9 real, 155.1 MB
[runlim] sample:		27.9 time, 30.9 real, 184.0 MB
[runlim] sample:		37.2 time, 40.9 real, 208.2 MB
[runlim] sample:		46.5 time, 50.9 real, 228.5 MB
[runlim] sample:		55.8 time, 60.9 real, 249.8 MB
[runlim] sample:		65.5 time, 70.9 real, 266.8 MB
[runlim] sample:		74.7 time, 80.9 real, 279.0 MB
[runlim] sample:		84.5 time, 90.9 real, 291.8 MB
[runlim] sample:		94.5 time, 100.9 real, 302.3 MB
[runlim] sample:		104.4 time, 110.9 real, 313.2 MB
[runlim] sample:		113.1 time, 120.9 real, 323.7 MB
[runlim] sample:		122.0 time, 130.9 real, 331.9 MB
[runlim] sample:		130.1 time, 140.9 real, 339.9 MB
[runlim] sample:		139.9 time, 150.9 real, 348.2 MB
[runlim] sample:		149.9 time, 160.9 real, 357.7 MB
[runlim] sample:		159.9 time, 170.9 real, 365.7 MB
[runlim] sample:		169.9 time, 180.9 real, 373.2 MB
[runlim] sample:		179.9 time, 190.9 real, 381.4 MB
[runlim] sample:		189.9 time, 200.9 real, 391.7 MB
[runlim] sample:		199.8 time, 210.9 real, 398.9 MB
[runlim] sample:		209.9 time, 220.9 real, 406.4 MB
[runlim] sample:		219.9 time, 230.9 real, 413.1 MB
[runlim] sample:		229.9 time, 240.9 real, 422.4 MB
[runlim] sample:		239.9 time, 250.9 real, 427.1 MB
[runlim] sample:		249.4 time, 260.9 real, 434.0 MB
[runlim] sample:		259.1 time, 270.9 real, 439.2 MB
[runlim] sample:		269.1 time, 280.9 real, 444.8 MB
[runlim] sample:		279.1 time, 290.9 real, 456.7 MB
[runlim] sample:		289.1 time, 300.9 real, 463.2 MB
[runlim] sample:		299.1 time, 310.9 real, 469.1 MB
CVC4 interrupted by SIGTERM.
[runlim] end:			Thu Feb 14 00:42:32 2019
[runlim] status:		out of time
[runlim] result:		2
[runlim] children:		0
[runlim] real:			311.93 seconds
[runlim] time:			300.07 seconds
[runlim] space:			469.1 MB
[runlim] samples:		3110
