[runlim] version:		1.10fixed
[runlim] time limit:		300 seconds
[runlim] real time limit:	311040000 seconds
[runlim] space limit:		4000 MB
[runlim] argv[0]:		./cvc4
[runlim] argv[1]:		--nl-ext-tplanes
[runlim] argv[2]:		/tmp/B8UwLh54.smt2
[runlim] start:			Thu Feb 14 00:37:14 2019
[runlim] main pid:		9809
/tmp/B8UwLh54.smt2:4.12: No set-logic command was given before this point.
/tmp/B8UwLh54.smt2:4.12: CVC4 will make all theories available.
/tmp/B8UwLh54.smt2:4.12: Consider setting a stricter logic for (likely) better performance.
/tmp/B8UwLh54.smt2:4.12: To suppress this warning in the future use (set-logic ALL).
[runlim] sample:		8.6 time, 11.0 real, 83.1 MB
[runlim] sample:		18.6 time, 21.0 real, 100.6 MB
[runlim] sample:		28.6 time, 31.0 real, 114.7 MB
[runlim] sample:		38.6 time, 41.0 real, 132.2 MB
[runlim] sample:		48.6 time, 51.0 real, 137.4 MB
[runlim] sample:		58.6 time, 61.0 real, 158.2 MB
[runlim] sample:		68.6 time, 71.0 real, 160.0 MB
[runlim] sample:		78.6 time, 81.0 real, 176.3 MB
[runlim] sample:		88.6 time, 91.0 real, 186.6 MB
[runlim] sample:		98.6 time, 101.0 real, 190.4 MB
[runlim] sample:		107.2 time, 111.0 real, 200.2 MB
[runlim] sample:		116.0 time, 121.0 real, 237.4 MB
[runlim] sample:		125.7 time, 131.0 real, 237.4 MB
[runlim] sample:		135.7 time, 141.0 real, 242.6 MB
[runlim] sample:		145.7 time, 151.0 real, 242.6 MB
[runlim] sample:		155.7 time, 161.0 real, 245.2 MB
[runlim] sample:		165.2 time, 171.0 real, 245.2 MB
[runlim] sample:		174.6 time, 181.0 real, 254.6 MB
[runlim] sample:		184.0 time, 191.0 real, 254.6 MB
[runlim] sample:		193.3 time, 201.0 real, 262.1 MB
[runlim] sample:		202.1 time, 211.0 real, 262.4 MB
[runlim] sample:		210.5 time, 221.0 real, 263.1 MB
[runlim] sample:		218.5 time, 231.0 real, 284.3 MB
[runlim] sample:		227.6 time, 241.0 real, 284.3 MB
[runlim] sample:		237.6 time, 251.0 real, 292.5 MB
[runlim] sample:		247.6 time, 261.0 real, 293.0 MB
[runlim] sample:		257.6 time, 271.0 real, 293.6 MB
[runlim] sample:		267.6 time, 281.0 real, 315.2 MB
[runlim] sample:		277.6 time, 291.0 real, 315.7 MB
[runlim] sample:		287.6 time, 301.0 real, 316.2 MB
[runlim] end:			Thu Feb 14 00:42:23 2019
[runlim] status:		signal(9)
[runlim] result:		11
[runlim] children:		0
[runlim] real:			309.63 seconds
[runlim] time:			296.18 seconds
[runlim] space:			438.9 MB
[runlim] samples:		3086
