[runlim] version:		1.10fixed
[runlim] time limit:		300 seconds
[runlim] real time limit:	311040000 seconds
[runlim] space limit:		4000 MB
[runlim] argv[0]:		./cvc4
[runlim] argv[1]:		--nl-ext-tplanes
[runlim] argv[2]:		/tmp/SMIgzyiw.smt2
[runlim] start:			Thu Feb 14 00:37:12 2019
[runlim] main pid:		21437
/tmp/SMIgzyiw.smt2:4.12: No set-logic command was given before this point.
/tmp/SMIgzyiw.smt2:4.12: CVC4 will make all theories available.
/tmp/SMIgzyiw.smt2:4.12: Consider setting a stricter logic for (likely) better performance.
/tmp/SMIgzyiw.smt2:4.12: To suppress this warning in the future use (set-logic ALL).
[runlim] sample:		9.7 time, 10.8 real, 90.6 MB
[runlim] sample:		18.7 time, 20.8 real, 112.8 MB
[runlim] sample:		28.3 time, 30.8 real, 133.3 MB
[runlim] sample:		37.8 time, 40.8 real, 147.7 MB
[runlim] sample:		47.5 time, 50.8 real, 158.4 MB
[runlim] sample:		57.5 time, 60.8 real, 168.7 MB
[runlim] sample:		67.5 time, 70.8 real, 176.7 MB
[runlim] sample:		77.5 time, 80.8 real, 185.5 MB
[runlim] sample:		87.5 time, 90.8 real, 193.3 MB
[runlim] sample:		97.5 time, 100.8 real, 200.6 MB
[runlim] sample:		107.5 time, 110.8 real, 207.8 MB
[runlim] sample:		117.5 time, 120.8 real, 214.6 MB
[runlim] sample:		127.5 time, 130.8 real, 224.3 MB
[runlim] sample:		137.5 time, 140.8 real, 229.8 MB
[runlim] sample:		147.5 time, 150.8 real, 237.7 MB
[runlim] sample:		157.5 time, 160.8 real, 242.8 MB
[runlim] sample:		167.5 time, 170.8 real, 248.0 MB
[runlim] sample:		177.5 time, 180.8 real, 252.6 MB
[runlim] sample:		187.5 time, 190.8 real, 256.2 MB
[runlim] sample:		197.5 time, 200.8 real, 263.2 MB
[runlim] sample:		207.5 time, 210.8 real, 267.3 MB
[runlim] sample:		217.5 time, 220.8 real, 272.4 MB
[runlim] sample:		227.5 time, 230.8 real, 276.3 MB
[runlim] sample:		237.5 time, 240.8 real, 279.5 MB
[runlim] sample:		247.5 time, 250.8 real, 283.9 MB
[runlim] sample:		257.5 time, 260.8 real, 288.0 MB
[runlim] sample:		267.5 time, 270.8 real, 291.1 MB
[runlim] sample:		277.5 time, 280.8 real, 294.2 MB
[runlim] sample:		287.5 time, 290.8 real, 298.0 MB
[runlim] sample:		297.5 time, 300.8 real, 301.1 MB
CVC4 interrupted by SIGTERM.
[runlim] end:			Thu Feb 14 00:42:15 2019
[runlim] status:		out of time
[runlim] result:		2
[runlim] children:		0
[runlim] real:			303.29 seconds
[runlim] time:			300.02 seconds
[runlim] space:			301.1 MB
[runlim] samples:		3025
