[runlim] version:		1.10fixed
[runlim] time limit:		300 seconds
[runlim] real time limit:	311040000 seconds
[runlim] space limit:		4000 MB
[runlim] argv[0]:		./cvc4
[runlim] argv[1]:		--nl-ext-tplanes
[runlim] argv[2]:		/tmp/u247ThIv.smt2
[runlim] start:			Thu Feb 14 00:37:40 2019
[runlim] main pid:		30686
/tmp/u247ThIv.smt2:4.12: No set-logic command was given before this point.
/tmp/u247ThIv.smt2:4.12: CVC4 will make all theories available.
/tmp/u247ThIv.smt2:4.12: Consider setting a stricter logic for (likely) better performance.
/tmp/u247ThIv.smt2:4.12: To suppress this warning in the future use (set-logic ALL).
[runlim] sample:		8.3 time, 10.7 real, 105.6 MB
[runlim] sample:		16.9 time, 20.7 real, 151.3 MB
[runlim] sample:		26.1 time, 30.7 real, 183.6 MB
[runlim] sample:		35.7 time, 40.7 real, 208.4 MB
[runlim] sample:		45.7 time, 50.7 real, 231.8 MB
[runlim] sample:		55.7 time, 60.7 real, 257.8 MB
[runlim] sample:		65.7 time, 70.7 real, 272.4 MB
[runlim] sample:		75.7 time, 80.7 real, 288.4 MB
[runlim] sample:		85.2 time, 90.7 real, 300.5 MB
[runlim] sample:		94.6 time, 100.7 real, 311.2 MB
[runlim] sample:		103.6 time, 110.7 real, 322.6 MB
[runlim] sample:		112.3 time, 120.8 real, 331.1 MB
[runlim] sample:		122.1 time, 130.7 real, 342.4 MB
[runlim] sample:		132.0 time, 140.7 real, 350.7 MB
[runlim] sample:		142.0 time, 150.7 real, 359.0 MB
[runlim] sample:		151.4 time, 160.7 real, 367.5 MB
[runlim] sample:		161.1 time, 170.7 real, 375.4 MB
[runlim] sample:		170.9 time, 180.7 real, 384.5 MB
[runlim] sample:		180.4 time, 190.7 real, 393.5 MB
[runlim] sample:		189.5 time, 200.7 real, 402.5 MB
[runlim] sample:		199.4 time, 210.7 real, 409.2 MB
[runlim] sample:		209.4 time, 220.7 real, 420.6 MB
[runlim] sample:		219.3 time, 230.7 real, 423.2 MB
[runlim] sample:		229.0 time, 240.7 real, 431.4 MB
[runlim] sample:		238.7 time, 250.7 real, 440.9 MB
[runlim] sample:		248.4 time, 260.7 real, 450.7 MB
[runlim] sample:		258.2 time, 270.7 real, 456.8 MB
[runlim] sample:		268.2 time, 280.7 real, 464.1 MB
[runlim] sample:		278.2 time, 290.7 real, 473.6 MB
[runlim] sample:		288.2 time, 300.7 real, 480.3 MB
[runlim] sample:		298.2 time, 310.7 real, 486.0 MB
CVC4 interrupted by SIGTERM.
[runlim] end:			Thu Feb 14 00:42:52 2019
[runlim] status:		out of time
[runlim] result:		2
[runlim] children:		0
[runlim] real:			312.59 seconds
[runlim] time:			300.02 seconds
[runlim] space:			486.0 MB
[runlim] samples:		3118
