[runlim] version:		1.10fixed
[runlim] time limit:		300 seconds
[runlim] real time limit:	311040000 seconds
[runlim] space limit:		4000 MB
[runlim] argv[0]:		./cvc4
[runlim] argv[1]:		--nl-ext-tplanes
[runlim] argv[2]:		/tmp/ovjuc3RP.smt2
[runlim] start:			Thu Feb 14 00:37:44 2019
[runlim] main pid:		10234
/tmp/ovjuc3RP.smt2:4.12: No set-logic command was given before this point.
/tmp/ovjuc3RP.smt2:4.12: CVC4 will make all theories available.
/tmp/ovjuc3RP.smt2:4.12: Consider setting a stricter logic for (likely) better performance.
/tmp/ovjuc3RP.smt2:4.12: To suppress this warning in the future use (set-logic ALL).
[runlim] sample:		7.8 time, 10.1 real, 88.8 MB
[runlim] sample:		16.2 time, 20.1 real, 112.6 MB
[runlim] sample:		23.8 time, 30.1 real, 130.9 MB
[runlim] sample:		32.9 time, 40.1 real, 146.8 MB
[runlim] sample:		42.7 time, 50.1 real, 157.9 MB
[runlim] sample:		52.7 time, 60.1 real, 171.4 MB
[runlim] sample:		62.7 time, 70.1 real, 177.6 MB
[runlim] sample:		72.7 time, 80.1 real, 186.1 MB
[runlim] sample:		82.7 time, 90.1 real, 192.8 MB
[runlim] sample:		92.4 time, 100.1 real, 199.7 MB
[runlim] sample:		101.6 time, 110.1 real, 206.9 MB
[runlim] sample:		111.6 time, 120.1 real, 213.6 MB
[runlim] sample:		121.2 time, 130.1 real, 218.0 MB
[runlim] sample:		131.2 time, 140.1 real, 227.4 MB
[runlim] sample:		140.8 time, 150.1 real, 233.3 MB
[runlim] sample:		150.5 time, 160.1 real, 242.6 MB
[runlim] sample:		160.0 time, 170.1 real, 247.0 MB
[runlim] sample:		169.8 time, 180.1 real, 251.3 MB
[runlim] sample:		179.6 time, 190.1 real, 255.7 MB
[runlim] sample:		187.9 time, 200.1 real, 261.4 MB
[runlim] sample:		197.5 time, 210.1 real, 264.2 MB
[runlim] sample:		207.5 time, 220.1 real, 269.6 MB
[runlim] sample:		216.4 time, 230.1 real, 274.8 MB
[runlim] sample:		224.5 time, 240.1 real, 276.8 MB
[runlim] sample:		233.1 time, 250.1 real, 281.2 MB
[runlim] sample:		242.1 time, 260.1 real, 283.5 MB
[runlim] sample:		249.7 time, 270.1 real, 287.4 MB
[runlim] sample:		258.7 time, 280.1 real, 290.2 MB
[runlim] sample:		268.5 time, 290.1 real, 293.0 MB
[runlim] sample:		276.9 time, 300.1 real, 296.9 MB
[runlim] sample:		286.3 time, 310.1 real, 299.0 MB
[runlim] sample:		295.9 time, 320.1 real, 301.5 MB
[runlim] end:			Thu Feb 14 00:43:07 2019
[runlim] status:		signal(9)
[runlim] result:		11
[runlim] children:		0
[runlim] real:			323.09 seconds
[runlim] time:			297.91 seconds
[runlim] space:			303.1 MB
[runlim] samples:		3229
