[runlim] version:		1.10fixed
[runlim] time limit:		300 seconds
[runlim] real time limit:	311040000 seconds
[runlim] space limit:		4000 MB
[runlim] argv[0]:		./cvc4
[runlim] argv[1]:		--nl-ext-tplanes
[runlim] argv[2]:		/tmp/iScYMNAp.smt2
[runlim] start:			Thu Feb 14 00:37:13 2019
[runlim] main pid:		10764
/tmp/iScYMNAp.smt2:4.12: No set-logic command was given before this point.
/tmp/iScYMNAp.smt2:4.12: CVC4 will make all theories available.
/tmp/iScYMNAp.smt2:4.12: Consider setting a stricter logic for (likely) better performance.
/tmp/iScYMNAp.smt2:4.12: To suppress this warning in the future use (set-logic ALL).
[runlim] sample:		8.9 time, 10.7 real, 102.9 MB
[runlim] sample:		17.6 time, 20.7 real, 137.9 MB
[runlim] sample:		27.0 time, 30.7 real, 161.9 MB
[runlim] sample:		37.0 time, 40.7 real, 185.3 MB
[runlim] sample:		47.0 time, 50.7 real, 198.7 MB
[runlim] sample:		57.0 time, 60.7 real, 212.8 MB
[runlim] sample:		66.9 time, 70.7 real, 229.3 MB
[runlim] sample:		76.9 time, 80.7 real, 243.8 MB
[runlim] sample:		86.5 time, 90.7 real, 255.4 MB
[runlim] sample:		96.1 time, 100.7 real, 266.2 MB
[runlim] sample:		105.7 time, 110.7 real, 275.3 MB
[runlim] sample:		113.6 time, 120.7 real, 281.4 MB
[runlim] sample:		121.8 time, 130.7 real, 289.2 MB
[runlim] sample:		130.9 time, 140.7 real, 295.1 MB
[runlim] sample:		139.0 time, 150.7 real, 300.2 MB
[runlim] sample:		147.9 time, 160.7 real, 307.2 MB
[runlim] sample:		155.7 time, 170.7 real, 311.6 MB
[runlim] sample:		163.5 time, 180.7 real, 317.2 MB
[runlim] sample:		171.7 time, 190.7 real, 322.9 MB
[runlim] sample:		179.3 time, 200.7 real, 328.3 MB
[runlim] sample:		189.0 time, 210.7 real, 333.2 MB
[runlim] sample:		198.8 time, 220.7 real, 338.1 MB
[runlim] sample:		208.7 time, 230.7 real, 343.2 MB
[runlim] sample:		217.5 time, 240.7 real, 353.0 MB
[runlim] sample:		227.2 time, 250.7 real, 357.2 MB
[runlim] sample:		237.0 time, 260.7 real, 358.9 MB
[runlim] sample:		246.5 time, 270.7 real, 362.8 MB
[runlim] sample:		254.5 time, 280.7 real, 366.4 MB
[runlim] sample:		262.8 time, 290.7 real, 370.0 MB
[runlim] sample:		270.9 time, 300.7 real, 374.9 MB
[runlim] sample:		278.8 time, 310.7 real, 377.5 MB
[runlim] sample:		287.9 time, 320.7 real, 382.9 MB
[runlim] sample:		297.0 time, 330.7 real, 387.0 MB
[runlim] end:			Thu Feb 14 00:42:44 2019
[runlim] status:		signal(9)
[runlim] result:		11
[runlim] children:		0
[runlim] real:			331.91 seconds
[runlim] time:			298.10 seconds
[runlim] space:			387.0 MB
[runlim] samples:		3312
