[runlim] version:		1.10fixed
[runlim] time limit:		300 seconds
[runlim] real time limit:	311040000 seconds
[runlim] space limit:		4000 MB
[runlim] argv[0]:		./cvc4
[runlim] argv[1]:		--nl-ext-tplanes
[runlim] argv[2]:		/tmp/QRRsnDFS.smt2
[runlim] start:			Thu Feb 14 00:37:59 2019
[runlim] main pid:		21636
/tmp/QRRsnDFS.smt2:4.12: No set-logic command was given before this point.
/tmp/QRRsnDFS.smt2:4.12: CVC4 will make all theories available.
/tmp/QRRsnDFS.smt2:4.12: Consider setting a stricter logic for (likely) better performance.
/tmp/QRRsnDFS.smt2:4.12: To suppress this warning in the future use (set-logic ALL).
[runlim] sample:		9.4 time, 11.0 real, 90.3 MB
[runlim] sample:		19.4 time, 21.0 real, 114.4 MB
[runlim] sample:		29.3 time, 31.0 real, 135.8 MB
[runlim] sample:		37.9 time, 41.0 real, 147.4 MB
[runlim] sample:		46.3 time, 51.0 real, 156.4 MB
[runlim] sample:		55.0 time, 61.0 real, 166.2 MB
[runlim] sample:		65.0 time, 71.0 real, 175.2 MB
[runlim] sample:		75.0 time, 81.0 real, 182.9 MB
[runlim] sample:		85.0 time, 91.0 real, 189.9 MB
[runlim] sample:		95.0 time, 101.0 real, 197.3 MB
[runlim] sample:		105.0 time, 111.0 real, 204.4 MB
[runlim] sample:		115.0 time, 121.0 real, 212.8 MB
[runlim] sample:		125.0 time, 131.0 real, 218.2 MB
[runlim] sample:		135.0 time, 141.0 real, 225.7 MB
[runlim] sample:		145.0 time, 151.0 real, 230.8 MB
[runlim] sample:		155.0 time, 161.0 real, 239.5 MB
[runlim] sample:		165.0 time, 171.0 real, 243.1 MB
[runlim] sample:		175.0 time, 181.0 real, 247.7 MB
[runlim] sample:		185.0 time, 191.0 real, 252.6 MB
[runlim] sample:		195.0 time, 201.0 real, 259.6 MB
[runlim] sample:		205.0 time, 211.0 real, 262.2 MB
[runlim] sample:		215.0 time, 221.0 real, 266.8 MB
[runlim] sample:		225.0 time, 231.0 real, 271.2 MB
[runlim] sample:		235.0 time, 241.0 real, 275.0 MB
[runlim] sample:		245.0 time, 251.0 real, 278.9 MB
[runlim] sample:		255.0 time, 261.0 real, 282.5 MB
[runlim] sample:		265.0 time, 271.0 real, 286.4 MB
[runlim] sample:		275.0 time, 281.0 real, 288.9 MB
[runlim] sample:		285.0 time, 291.0 real, 291.8 MB
[runlim] sample:		295.0 time, 301.0 real, 295.6 MB
CVC4 interrupted by SIGTERM.
[runlim] end:			Thu Feb 14 00:43:05 2019
[runlim] status:		out of time
[runlim] result:		2
[runlim] children:		0
[runlim] real:			306.11 seconds
[runlim] time:			300.10 seconds
[runlim] space:			297.4 MB
[runlim] samples:		3051
