[runlim] version:		1.10fixed
[runlim] time limit:		300 seconds
[runlim] real time limit:	311040000 seconds
[runlim] space limit:		4000 MB
[runlim] argv[0]:		./cvc4
[runlim] argv[1]:		--nl-ext-tplanes
[runlim] argv[2]:		/tmp/Bl7gvRqP.smt2
[runlim] start:			Thu Feb 14 00:37:14 2019
[runlim] main pid:		18130
/tmp/Bl7gvRqP.smt2:4.12: No set-logic command was given before this point.
/tmp/Bl7gvRqP.smt2:4.12: CVC4 will make all theories available.
/tmp/Bl7gvRqP.smt2:4.12: Consider setting a stricter logic for (likely) better performance.
/tmp/Bl7gvRqP.smt2:4.12: To suppress this warning in the future use (set-logic ALL).
[runlim] sample:		9.8 time, 10.8 real, 101.4 MB
[runlim] sample:		19.4 time, 20.8 real, 130.8 MB
[runlim] sample:		28.5 time, 30.8 real, 150.4 MB
[runlim] sample:		38.4 time, 40.8 real, 167.2 MB
[runlim] sample:		47.4 time, 50.8 real, 178.3 MB
[runlim] sample:		57.4 time, 60.8 real, 190.9 MB
[runlim] sample:		66.0 time, 70.8 real, 199.1 MB
[runlim] sample:		74.9 time, 80.8 real, 208.2 MB
[runlim] sample:		84.2 time, 90.8 real, 222.0 MB
[runlim] sample:		92.8 time, 100.8 real, 226.6 MB
[runlim] sample:		101.5 time, 110.8 real, 237.1 MB
[runlim] sample:		111.5 time, 120.8 real, 243.0 MB
[runlim] sample:		121.5 time, 130.8 real, 250.2 MB
[runlim] sample:		131.5 time, 140.8 real, 258.5 MB
[runlim] sample:		141.4 time, 150.8 real, 265.4 MB
[runlim] sample:		148.8 time, 160.8 real, 270.3 MB
[runlim] sample:		158.0 time, 170.8 real, 276.5 MB
[runlim] sample:		167.9 time, 180.8 real, 281.7 MB
[runlim] sample:		177.9 time, 190.8 real, 286.8 MB
[runlim] sample:		187.9 time, 200.8 real, 293.1 MB
[runlim] sample:		197.9 time, 210.8 real, 297.5 MB
[runlim] sample:		207.9 time, 220.8 real, 300.9 MB
[runlim] sample:		217.9 time, 230.8 real, 305.0 MB
[runlim] sample:		227.9 time, 240.8 real, 310.4 MB
[runlim] sample:		237.9 time, 250.8 real, 316.1 MB
[runlim] sample:		247.9 time, 260.8 real, 319.1 MB
[runlim] sample:		257.9 time, 270.8 real, 324.3 MB
[runlim] sample:		267.9 time, 280.8 real, 326.9 MB
[runlim] sample:		277.9 time, 290.8 real, 332.0 MB
[runlim] sample:		287.9 time, 300.8 real, 334.6 MB
[runlim] sample:		297.9 time, 310.8 real, 337.7 MB
CVC4 interrupted by SIGTERM.
[runlim] end:			Thu Feb 14 00:42:26 2019
[runlim] status:		out of time
[runlim] result:		2
[runlim] children:		0
[runlim] real:			312.93 seconds
[runlim] time:			300.02 seconds
[runlim] space:			339.5 MB
[runlim] samples:		3121
