[runlim] version:		1.10fixed
[runlim] time limit:		300 seconds
[runlim] real time limit:	311040000 seconds
[runlim] space limit:		4000 MB
[runlim] argv[0]:		./cvc4
[runlim] argv[1]:		--nl-ext-tplanes
[runlim] argv[2]:		/tmp/ayFtWSBs.smt2
[runlim] start:			Tue Feb  5 09:52:46 2019
[runlim] main pid:		2988
/tmp/ayFtWSBs.smt2:4.12: No set-logic command was given before this point.
/tmp/ayFtWSBs.smt2:4.12: CVC4 will make all theories available.
/tmp/ayFtWSBs.smt2:4.12: Consider setting a stricter logic for (likely) better performance.
/tmp/ayFtWSBs.smt2:4.12: To suppress this warning in the future use (set-logic ALL).
[runlim] sample:		10.0 time, 10.4 real, 77.4 MB
[runlim] sample:		19.3 time, 20.4 real, 98.9 MB
[runlim] sample:		29.3 time, 30.4 real, 117.7 MB
[runlim] sample:		39.3 time, 40.4 real, 131.1 MB
[runlim] sample:		49.3 time, 50.4 real, 146.9 MB
[runlim] sample:		59.3 time, 60.4 real, 153.9 MB
[runlim] sample:		67.6 time, 70.4 real, 168.6 MB
[runlim] sample:		76.8 time, 80.4 real, 177.1 MB
[runlim] sample:		86.8 time, 90.4 real, 185.4 MB
[runlim] sample:		96.8 time, 100.4 real, 193.0 MB
[runlim] sample:		106.8 time, 110.4 real, 200.8 MB
[runlim] sample:		116.8 time, 120.4 real, 208.2 MB
[runlim] sample:		126.8 time, 130.4 real, 214.9 MB
[runlim] sample:		135.5 time, 140.4 real, 221.4 MB
[runlim] sample:		144.8 time, 150.4 real, 226.8 MB
[runlim] sample:		154.8 time, 160.4 real, 230.6 MB
[runlim] sample:		164.0 time, 170.4 real, 239.1 MB
[runlim] sample:		172.4 time, 180.4 real, 246.8 MB
[runlim] sample:		181.9 time, 190.4 real, 250.9 MB
[runlim] sample:		191.7 time, 200.4 real, 255.3 MB
[runlim] sample:		200.1 time, 210.4 real, 259.1 MB
[runlim] sample:		208.4 time, 220.4 real, 262.7 MB
[runlim] sample:		216.8 time, 230.4 real, 266.6 MB
[runlim] sample:		225.2 time, 240.4 real, 270.2 MB
[runlim] sample:		233.5 time, 250.4 real, 282.3 MB
[runlim] sample:		241.9 time, 260.4 real, 286.9 MB
[runlim] sample:		250.3 time, 270.4 real, 291.1 MB
[runlim] sample:		258.7 time, 280.4 real, 295.2 MB
[runlim] sample:		267.7 time, 290.4 real, 298.8 MB
[runlim] sample:		277.7 time, 300.4 real, 305.2 MB
[runlim] sample:		286.6 time, 310.4 real, 307.8 MB
[runlim] sample:		296.6 time, 320.4 real, 311.7 MB
[runlim] end:			Tue Feb  5 09:58:07 2019
[runlim] status:		signal(9)
[runlim] result:		11
[runlim] children:		0
[runlim] real:			321.08 seconds
[runlim] time:			297.32 seconds
[runlim] space:			311.7 MB
[runlim] samples:		3207
