[runlim] version:		1.10fixed
[runlim] time limit:		300 seconds
[runlim] real time limit:	311040000 seconds
[runlim] space limit:		4000 MB
[runlim] argv[0]:		./cvc4
[runlim] argv[1]:		--nl-ext-tplanes
[runlim] argv[2]:		/tmp/EBB3PRd0.smt2
[runlim] start:			Tue Jan 29 16:37:40 2019
[runlim] main pid:		26321
[runlim] sample:		8.3 time, 10.2 real, 61.2 MB
[runlim] sample:		16.0 time, 20.2 real, 99.1 MB
[runlim] sample:		25.6 time, 30.2 real, 147.3 MB
[runlim] sample:		35.6 time, 40.2 real, 195.5 MB
[runlim] sample:		45.6 time, 50.2 real, 248.4 MB
[runlim] sample:		55.6 time, 60.2 real, 294.8 MB
[runlim] sample:		65.5 time, 70.2 real, 343.8 MB
[runlim] sample:		75.2 time, 80.2 real, 386.8 MB
[runlim] sample:		84.2 time, 90.2 real, 433.0 MB
[runlim] sample:		93.9 time, 100.2 real, 479.1 MB
[runlim] sample:		103.4 time, 110.2 real, 486.9 MB
[runlim] sample:		112.1 time, 120.2 real, 521.4 MB
[runlim] sample:		121.9 time, 130.2 real, 569.1 MB
[runlim] sample:		131.9 time, 140.2 real, 615.5 MB
[runlim] sample:		140.9 time, 150.2 real, 661.1 MB
[runlim] sample:		150.9 time, 160.2 real, 706.2 MB
[runlim] sample:		160.9 time, 170.2 real, 751.1 MB
[runlim] sample:		170.9 time, 180.2 real, 807.5 MB
[runlim] sample:		180.9 time, 190.2 real, 853.9 MB
[runlim] sample:		190.9 time, 200.2 real, 902.3 MB
[runlim] sample:		200.9 time, 210.2 real, 940.0 MB
[runlim] sample:		210.9 time, 220.2 real, 985.9 MB
[runlim] sample:		220.9 time, 230.2 real, 1031.5 MB
[runlim] sample:		230.5 time, 240.2 real, 1074.6 MB
[runlim] sample:		240.3 time, 250.2 real, 1119.3 MB
[runlim] sample:		249.9 time, 260.2 real, 1165.0 MB
[runlim] sample:		259.6 time, 270.2 real, 1208.0 MB
[runlim] sample:		269.2 time, 280.2 real, 1252.9 MB
[runlim] sample:		278.8 time, 290.2 real, 1303.9 MB
[runlim] sample:		288.5 time, 300.2 real, 1331.8 MB
[runlim] sample:		298.1 time, 310.2 real, 1342.3 MB
[runlim] end:			Tue Jan 29 16:42:51 2019
[runlim] status:		signal(9)
[runlim] result:		11
[runlim] children:		0
[runlim] real:			311.73 seconds
[runlim] time:			299.57 seconds
[runlim] space:			1343.6 MB
[runlim] samples:		3115
