[runlim] version:		1.10fixed
[runlim] time limit:		300 seconds
[runlim] real time limit:	311040000 seconds
[runlim] space limit:		4000 MB
[runlim] argv[0]:		./cvc4
[runlim] argv[1]:		--nl-ext-tplanes
[runlim] argv[2]:		/tmp/x1s6BbH5.smt2
[runlim] start:			Tue Feb  5 13:01:24 2019
[runlim] main pid:		1133
/tmp/x1s6BbH5.smt2:4.12: No set-logic command was given before this point.
/tmp/x1s6BbH5.smt2:4.12: CVC4 will make all theories available.
/tmp/x1s6BbH5.smt2:4.12: Consider setting a stricter logic for (likely) better performance.
/tmp/x1s6BbH5.smt2:4.12: To suppress this warning in the future use (set-logic ALL).
[runlim] sample:		10.0 time, 10.1 real, 135.3 MB
[runlim] sample:		20.0 time, 20.1 real, 207.3 MB
[runlim] sample:		30.0 time, 30.1 real, 235.4 MB
[runlim] sample:		40.0 time, 40.1 real, 274.3 MB
[runlim] sample:		50.0 time, 50.1 real, 351.8 MB
[runlim] sample:		60.0 time, 60.1 real, 362.6 MB
[runlim] sample:		70.0 time, 70.1 real, 379.4 MB
[runlim] sample:		80.0 time, 80.1 real, 407.7 MB
[runlim] sample:		90.0 time, 90.1 real, 435.6 MB
[runlim] sample:		100.0 time, 100.1 real, 585.9 MB
[runlim] sample:		110.0 time, 110.1 real, 594.1 MB
[runlim] sample:		120.0 time, 120.1 real, 602.3 MB
[runlim] sample:		129.9 time, 130.1 real, 610.9 MB
[runlim] sample:		139.9 time, 140.1 real, 617.6 MB
[runlim] sample:		149.9 time, 150.1 real, 626.3 MB
[runlim] sample:		159.9 time, 160.1 real, 633.0 MB
[runlim] sample:		169.9 time, 170.1 real, 639.7 MB
[runlim] sample:		179.9 time, 180.1 real, 646.4 MB
[runlim] sample:		189.9 time, 190.1 real, 664.5 MB
[runlim] sample:		199.9 time, 200.1 real, 683.3 MB
[runlim] sample:		209.9 time, 210.1 real, 700.8 MB
[runlim] sample:		219.9 time, 220.1 real, 720.7 MB
[runlim] sample:		229.9 time, 230.1 real, 740.8 MB
[runlim] sample:		239.9 time, 240.1 real, 753.9 MB
[runlim] sample:		249.9 time, 250.1 real, 774.5 MB
[runlim] sample:		259.9 time, 260.1 real, 792.3 MB
[runlim] sample:		269.9 time, 270.1 real, 1054.0 MB
[runlim] sample:		279.9 time, 280.1 real, 1058.6 MB
[runlim] sample:		289.9 time, 290.1 real, 1066.3 MB
[runlim] sample:		299.9 time, 300.1 real, 1071.0 MB
CVC4 interrupted by SIGTERM.
[runlim] end:			Tue Feb  5 13:06:24 2019
[runlim] status:		out of time
[runlim] result:		2
[runlim] children:		0
[runlim] real:			300.32 seconds
[runlim] time:			300.10 seconds
[runlim] space:			1272.9 MB
[runlim] samples:		3002
