[runlim] version:		1.10fixed
[runlim] time limit:		300 seconds
[runlim] real time limit:	311040000 seconds
[runlim] space limit:		4000 MB
[runlim] argv[0]:		./cvc4
[runlim] argv[1]:		--nl-ext-tplanes
[runlim] argv[2]:		/tmp/Cflcqxk4.smt2
[runlim] start:			Tue Feb  5 09:52:46 2019
[runlim] main pid:		17144
/tmp/Cflcqxk4.smt2:4.12: No set-logic command was given before this point.
/tmp/Cflcqxk4.smt2:4.12: CVC4 will make all theories available.
/tmp/Cflcqxk4.smt2:4.12: Consider setting a stricter logic for (likely) better performance.
/tmp/Cflcqxk4.smt2:4.12: To suppress this warning in the future use (set-logic ALL).
[runlim] sample:		9.5 time, 10.9 real, 103.4 MB
[runlim] sample:		19.1 time, 20.9 real, 136.5 MB
[runlim] sample:		28.8 time, 30.9 real, 155.8 MB
[runlim] sample:		38.5 time, 40.9 real, 172.6 MB
[runlim] sample:		48.1 time, 50.9 real, 185.8 MB
[runlim] sample:		57.8 time, 60.9 real, 196.6 MB
[runlim] sample:		67.5 time, 70.9 real, 208.1 MB
[runlim] sample:		77.1 time, 80.9 real, 220.6 MB
[runlim] sample:		86.8 time, 90.9 real, 230.5 MB
[runlim] sample:		96.4 time, 100.9 real, 240.7 MB
[runlim] sample:		106.1 time, 110.9 real, 247.7 MB
[runlim] sample:		115.7 time, 120.9 real, 257.7 MB
[runlim] sample:		125.4 time, 130.9 real, 265.5 MB
[runlim] sample:		135.1 time, 140.9 real, 270.6 MB
[runlim] sample:		144.7 time, 150.9 real, 278.6 MB
[runlim] sample:		154.4 time, 160.9 real, 285.0 MB
[runlim] sample:		164.0 time, 170.9 real, 290.4 MB
[runlim] sample:		173.7 time, 180.9 real, 296.3 MB
[runlim] sample:		183.3 time, 190.9 real, 301.2 MB
[runlim] sample:		193.0 time, 200.9 real, 305.8 MB
[runlim] sample:		202.7 time, 210.9 real, 310.0 MB
[runlim] sample:		212.3 time, 220.9 real, 316.7 MB
[runlim] sample:		222.1 time, 230.9 real, 320.3 MB
[runlim] sample:		231.8 time, 240.9 real, 324.6 MB
[runlim] sample:		241.5 time, 250.9 real, 330.0 MB
[runlim] sample:		250.2 time, 260.9 real, 332.6 MB
[runlim] sample:		259.4 time, 270.9 real, 337.0 MB
[runlim] sample:		267.7 time, 280.9 real, 340.6 MB
[runlim] sample:		276.1 time, 290.9 real, 343.2 MB
[runlim] sample:		285.7 time, 300.9 real, 346.3 MB
[runlim] end:			Tue Feb  5 09:57:56 2019
[runlim] status:		signal(9)
[runlim] result:		11
[runlim] children:		0
[runlim] real:			310.79 seconds
[runlim] time:			295.59 seconds
[runlim] space:			351.1 MB
[runlim] samples:		3099
