[runlim] version:		1.10fixed
[runlim] time limit:		300 seconds
[runlim] real time limit:	311040000 seconds
[runlim] space limit:		4000 MB
[runlim] argv[0]:		./cvc4
[runlim] argv[1]:		--nl-ext-tplanes
[runlim] argv[2]:		/tmp/09kaKwbx.smt2
[runlim] start:			Tue Jan 29 16:38:51 2019
[runlim] main pid:		24776
[runlim] sample:		8.9 time, 10.2 real, 70.2 MB
[runlim] sample:		17.9 time, 20.2 real, 85.8 MB
[runlim] sample:		27.2 time, 30.2 real, 97.5 MB
[runlim] sample:		36.5 time, 40.2 real, 107.4 MB
[runlim] sample:		46.4 time, 50.2 real, 116.2 MB
[runlim] sample:		56.4 time, 60.2 real, 125.2 MB
[runlim] sample:		66.4 time, 70.2 real, 133.2 MB
[runlim] sample:		76.4 time, 80.2 real, 137.9 MB
[runlim] sample:		86.4 time, 90.2 real, 143.2 MB
[runlim] sample:		96.4 time, 100.2 real, 148.4 MB
[runlim] sample:		106.4 time, 110.2 real, 153.8 MB
[runlim] sample:		116.4 time, 120.2 real, 157.9 MB
[runlim] sample:		126.4 time, 130.2 real, 161.8 MB
[runlim] sample:		136.4 time, 140.2 real, 165.9 MB
[runlim] sample:		146.4 time, 150.2 real, 169.0 MB
[runlim] sample:		156.2 time, 160.2 real, 172.9 MB
[runlim] sample:		164.5 time, 170.2 real, 175.5 MB
[runlim] sample:		173.3 time, 180.2 real, 178.1 MB
[runlim] sample:		182.7 time, 190.2 real, 180.9 MB
[runlim] sample:		192.0 time, 200.2 real, 183.5 MB
[runlim] sample:		201.7 time, 210.2 real, 187.5 MB
[runlim] sample:		211.7 time, 220.2 real, 190.3 MB
[runlim] sample:		221.7 time, 230.2 real, 193.1 MB
[runlim] sample:		231.7 time, 240.2 real, 195.9 MB
[runlim] sample:		241.7 time, 250.2 real, 199.8 MB
[runlim] sample:		251.7 time, 260.2 real, 201.1 MB
[runlim] sample:		261.7 time, 270.2 real, 203.9 MB
[runlim] sample:		271.7 time, 280.2 real, 209.0 MB
[runlim] sample:		281.6 time, 290.2 real, 211.5 MB
[runlim] sample:		290.9 time, 300.2 real, 213.1 MB
CVC4 interrupted by SIGTERM.
[runlim] end:			Tue Jan 29 16:44:01 2019
[runlim] status:		out of time
[runlim] result:		2
[runlim] children:		0
[runlim] real:			310.03 seconds
[runlim] time:			300.09 seconds
[runlim] space:			215.6 MB
[runlim] samples:		3098
