[runlim] version:		1.10fixed
[runlim] time limit:		300 seconds
[runlim] real time limit:	311040000 seconds
[runlim] space limit:		4000 MB
[runlim] argv[0]:		./cvc4
[runlim] argv[1]:		--nl-ext-tplanes
[runlim] argv[2]:		/tmp/1wT29qLu.smt2
[runlim] start:			Tue Feb  5 09:57:41 2019
[runlim] main pid:		26173
/tmp/1wT29qLu.smt2:4.12: No set-logic command was given before this point.
/tmp/1wT29qLu.smt2:4.12: CVC4 will make all theories available.
/tmp/1wT29qLu.smt2:4.12: Consider setting a stricter logic for (likely) better performance.
/tmp/1wT29qLu.smt2:4.12: To suppress this warning in the future use (set-logic ALL).
[runlim] sample:		9.6 time, 11.0 real, 92.7 MB
[runlim] sample:		19.6 time, 21.0 real, 115.6 MB
[runlim] sample:		29.5 time, 31.0 real, 135.8 MB
[runlim] sample:		39.5 time, 41.0 real, 149.9 MB
[runlim] sample:		49.5 time, 51.0 real, 160.5 MB
[runlim] sample:		59.5 time, 61.0 real, 169.0 MB
[runlim] sample:		69.5 time, 71.0 real, 176.0 MB
[runlim] sample:		79.5 time, 81.0 real, 182.9 MB
[runlim] sample:		89.5 time, 91.0 real, 189.6 MB
[runlim] sample:		99.5 time, 101.0 real, 195.9 MB
[runlim] sample:		109.5 time, 111.0 real, 202.6 MB
[runlim] sample:		119.5 time, 121.0 real, 208.0 MB
[runlim] sample:		129.5 time, 131.0 real, 213.2 MB
[runlim] sample:		139.5 time, 141.0 real, 217.8 MB
[runlim] sample:		149.5 time, 151.0 real, 224.1 MB
[runlim] sample:		159.5 time, 161.0 real, 231.0 MB
[runlim] sample:		169.5 time, 171.0 real, 237.6 MB
[runlim] sample:		179.5 time, 181.0 real, 242.2 MB
[runlim] sample:		189.5 time, 191.0 real, 245.3 MB
[runlim] sample:		199.5 time, 201.0 real, 248.7 MB
[runlim] sample:		209.5 time, 211.0 real, 255.6 MB
[runlim] sample:		219.5 time, 221.0 real, 258.0 MB
[runlim] sample:		229.4 time, 231.0 real, 261.3 MB
[runlim] sample:		239.4 time, 241.0 real, 265.7 MB
[runlim] sample:		249.4 time, 251.0 real, 270.6 MB
[runlim] sample:		259.4 time, 261.0 real, 274.2 MB
[runlim] sample:		269.4 time, 271.0 real, 277.3 MB
[runlim] sample:		279.4 time, 281.0 real, 279.6 MB
[runlim] sample:		289.4 time, 291.0 real, 283.0 MB
[runlim] sample:		299.4 time, 301.0 real, 285.5 MB
CVC4 interrupted by SIGTERM.
[runlim] end:			Tue Feb  5 10:02:42 2019
[runlim] status:		out of time
[runlim] result:		2
[runlim] children:		0
[runlim] real:			301.60 seconds
[runlim] time:			300.02 seconds
[runlim] space:			286.6 MB
[runlim] samples:		3006
