[runlim] version:		1.10fixed
[runlim] time limit:		300 seconds
[runlim] real time limit:	311040000 seconds
[runlim] space limit:		4000 MB
[runlim] argv[0]:		./cvc4
[runlim] argv[1]:		--nl-ext-tplanes
[runlim] argv[2]:		/tmp/7St59GYx.smt2
[runlim] start:			Tue Feb  5 09:52:44 2019
[runlim] main pid:		2552
[runlim] sample:		9.7 time, 10.8 real, 29.8 MB
[runlim] sample:		19.7 time, 20.8 real, 34.6 MB
[runlim] sample:		29.7 time, 30.8 real, 56.2 MB
[runlim] sample:		39.1 time, 40.8 real, 60.6 MB
[runlim] sample:		49.1 time, 50.8 real, 67.8 MB
[runlim] sample:		59.1 time, 60.8 real, 72.5 MB
[runlim] sample:		69.1 time, 70.8 real, 75.3 MB
[runlim] sample:		78.8 time, 80.8 real, 86.4 MB
[runlim] sample:		88.2 time, 90.8 real, 143.2 MB
[runlim] sample:		98.2 time, 100.8 real, 165.4 MB
[runlim] sample:		108.1 time, 110.8 real, 166.5 MB
[runlim] sample:		118.1 time, 120.8 real, 167.5 MB
[runlim] sample:		128.1 time, 130.8 real, 167.5 MB
[runlim] sample:		138.1 time, 140.8 real, 181.6 MB
[runlim] sample:		148.1 time, 150.8 real, 183.1 MB
[runlim] sample:		158.1 time, 160.8 real, 185.4 MB
[runlim] sample:		167.9 time, 170.8 real, 207.6 MB
[runlim] sample:		176.7 time, 180.8 real, 207.8 MB
[runlim] sample:		186.1 time, 190.8 real, 214.8 MB
[runlim] sample:		195.7 time, 200.8 real, 218.4 MB
[runlim] sample:		205.7 time, 210.8 real, 221.2 MB
[runlim] sample:		215.6 time, 220.8 real, 221.2 MB
[runlim] sample:		225.6 time, 230.8 real, 221.5 MB
[runlim] sample:		235.6 time, 240.8 real, 223.0 MB
[runlim] sample:		245.3 time, 250.8 real, 223.0 MB
[runlim] sample:		254.6 time, 260.8 real, 225.9 MB
[runlim] sample:		264.0 time, 270.8 real, 241.6 MB
[runlim] sample:		272.8 time, 280.8 real, 241.8 MB
[runlim] sample:		281.3 time, 290.8 real, 241.8 MB
[runlim] sample:		290.9 time, 300.8 real, 241.8 MB
CVC4 interrupted by SIGTERM.
[runlim] end:			Tue Feb  5 09:57:54 2019
[runlim] status:		out of time
[runlim] result:		2
[runlim] children:		0
[runlim] real:			310.04 seconds
[runlim] time:			300.07 seconds
[runlim] space:			241.8 MB
[runlim] samples:		3092
