[runlim] version:		1.10fixed
[runlim] time limit:		300 seconds
[runlim] real time limit:	311040000 seconds
[runlim] space limit:		4000 MB
[runlim] argv[0]:		./cvc4
[runlim] argv[1]:		--nl-ext-tplanes
[runlim] argv[2]:		/tmp/oVY99f8F.smt2
[runlim] start:			Tue Feb  5 09:52:46 2019
[runlim] main pid:		23683
/tmp/oVY99f8F.smt2:4.12: No set-logic command was given before this point.
/tmp/oVY99f8F.smt2:4.12: CVC4 will make all theories available.
/tmp/oVY99f8F.smt2:4.12: Consider setting a stricter logic for (likely) better performance.
/tmp/oVY99f8F.smt2:4.12: To suppress this warning in the future use (set-logic ALL).
[runlim] sample:		9.1 time, 10.6 real, 89.2 MB
[runlim] sample:		19.1 time, 20.6 real, 120.2 MB
[runlim] sample:		29.1 time, 30.6 real, 147.9 MB
[runlim] sample:		39.1 time, 40.6 real, 171.5 MB
[runlim] sample:		49.1 time, 50.6 real, 184.9 MB
[runlim] sample:		59.1 time, 60.6 real, 200.0 MB
[runlim] sample:		69.1 time, 70.6 real, 217.2 MB
[runlim] sample:		79.1 time, 80.6 real, 230.1 MB
[runlim] sample:		89.1 time, 90.6 real, 237.3 MB
[runlim] sample:		99.0 time, 100.6 real, 251.5 MB
[runlim] sample:		109.0 time, 110.6 real, 258.7 MB
[runlim] sample:		119.0 time, 120.6 real, 266.2 MB
[runlim] sample:		129.0 time, 130.6 real, 283.4 MB
[runlim] sample:		137.1 time, 140.6 real, 288.6 MB
[runlim] sample:		145.1 time, 150.6 real, 292.4 MB
[runlim] sample:		153.1 time, 160.6 real, 298.6 MB
[runlim] sample:		162.6 time, 170.6 real, 308.1 MB
[runlim] sample:		170.6 time, 180.6 real, 316.1 MB
[runlim] sample:		179.9 time, 190.6 real, 325.4 MB
[runlim] sample:		189.9 time, 200.6 real, 338.8 MB
[runlim] sample:		199.3 time, 210.6 real, 344.7 MB
[runlim] sample:		207.9 time, 220.6 real, 348.7 MB
[runlim] sample:		217.9 time, 230.6 real, 355.7 MB
[runlim] sample:		227.7 time, 240.6 real, 366.0 MB
[runlim] sample:		235.6 time, 250.6 real, 369.8 MB
[runlim] sample:		243.6 time, 260.6 real, 371.9 MB
[runlim] sample:		253.0 time, 270.6 real, 376.5 MB
[runlim] sample:		263.0 time, 280.6 real, 381.9 MB
[runlim] sample:		273.0 time, 290.6 real, 386.0 MB
[runlim] sample:		283.0 time, 300.6 real, 387.6 MB
[runlim] sample:		292.9 time, 310.6 real, 392.7 MB
[runlim] end:			Tue Feb  5 09:58:03 2019
[runlim] status:		out of time
[runlim] result:		2
[runlim] children:		0
[runlim] real:			317.71 seconds
[runlim] time:			300.00 seconds
[runlim] space:			395.6 MB
[runlim] samples:		3171
