[runlim] version:		1.10fixed
[runlim] time limit:		300 seconds
[runlim] real time limit:	311040000 seconds
[runlim] space limit:		4000 MB
[runlim] argv[0]:		./cvc4
[runlim] argv[1]:		--nl-ext-tplanes
[runlim] argv[2]:		/tmp/NOtroE0G.smt2
[runlim] start:			Tue Feb  5 09:52:46 2019
[runlim] main pid:		5542
/tmp/NOtroE0G.smt2:4.12: No set-logic command was given before this point.
/tmp/NOtroE0G.smt2:4.12: CVC4 will make all theories available.
/tmp/NOtroE0G.smt2:4.12: Consider setting a stricter logic for (likely) better performance.
/tmp/NOtroE0G.smt2:4.12: To suppress this warning in the future use (set-logic ALL).
[runlim] sample:		9.6 time, 10.4 real, 92.4 MB
[runlim] sample:		19.5 time, 20.4 real, 122.8 MB
[runlim] sample:		29.5 time, 30.4 real, 144.6 MB
[runlim] sample:		39.5 time, 40.4 real, 166.5 MB
[runlim] sample:		49.5 time, 50.4 real, 181.7 MB
[runlim] sample:		59.5 time, 60.4 real, 195.3 MB
[runlim] sample:		69.5 time, 70.4 real, 212.5 MB
[runlim] sample:		79.5 time, 80.4 real, 220.2 MB
[runlim] sample:		89.5 time, 90.4 real, 234.1 MB
[runlim] sample:		99.5 time, 100.4 real, 242.1 MB
[runlim] sample:		109.5 time, 110.4 real, 255.8 MB
[runlim] sample:		119.5 time, 120.4 real, 261.7 MB
[runlim] sample:		129.4 time, 130.4 real, 270.7 MB
[runlim] sample:		139.4 time, 140.4 real, 276.9 MB
[runlim] sample:		149.4 time, 150.4 real, 284.1 MB
[runlim] sample:		159.4 time, 160.4 real, 297.2 MB
[runlim] sample:		169.4 time, 170.4 real, 303.6 MB
[runlim] sample:		179.4 time, 180.4 real, 313.2 MB
[runlim] sample:		189.4 time, 190.4 real, 322.7 MB
[runlim] sample:		199.4 time, 200.4 real, 328.9 MB
[runlim] sample:		209.4 time, 210.4 real, 337.1 MB
[runlim] sample:		219.4 time, 220.4 real, 352.2 MB
[runlim] sample:		229.4 time, 230.4 real, 359.6 MB
[runlim] sample:		239.4 time, 240.4 real, 364.5 MB
[runlim] sample:		249.4 time, 250.4 real, 370.9 MB
[runlim] sample:		258.6 time, 260.4 real, 377.8 MB
[runlim] sample:		267.6 time, 270.4 real, 383.3 MB
[runlim] sample:		276.2 time, 280.4 real, 384.8 MB
[runlim] sample:		285.5 time, 290.4 real, 390.2 MB
[runlim] sample:		295.1 time, 300.4 real, 395.1 MB
[runlim] end:			Tue Feb  5 09:57:51 2019
[runlim] status:		signal(9)
[runlim] result:		11
[runlim] children:		0
[runlim] real:			305.26 seconds
[runlim] time:			299.86 seconds
[runlim] space:			397.7 MB
[runlim] samples:		3048
