[runlim] version:		1.10fixed
[runlim] time limit:		300 seconds
[runlim] real time limit:	311040000 seconds
[runlim] space limit:		4000 MB
[runlim] argv[0]:		./cvc4
[runlim] argv[1]:		--nl-ext-tplanes
[runlim] argv[2]:		/tmp/hzBQjfbw.smt2
[runlim] start:			Tue Feb  5 09:57:42 2019
[runlim] main pid:		17354
/tmp/hzBQjfbw.smt2:4.12: No set-logic command was given before this point.
/tmp/hzBQjfbw.smt2:4.12: CVC4 will make all theories available.
/tmp/hzBQjfbw.smt2:4.12: Consider setting a stricter logic for (likely) better performance.
/tmp/hzBQjfbw.smt2:4.12: To suppress this warning in the future use (set-logic ALL).
[runlim] sample:		9.5 time, 10.1 real, 111.9 MB
[runlim] sample:		19.5 time, 20.1 real, 150.9 MB
[runlim] sample:		29.5 time, 30.1 real, 176.6 MB
[runlim] sample:		39.5 time, 40.1 real, 197.4 MB
[runlim] sample:		49.5 time, 50.1 real, 219.7 MB
[runlim] sample:		59.5 time, 60.1 real, 233.4 MB
[runlim] sample:		69.5 time, 70.1 real, 248.4 MB
[runlim] sample:		79.5 time, 80.1 real, 262.3 MB
[runlim] sample:		89.5 time, 90.1 real, 272.1 MB
[runlim] sample:		99.5 time, 100.1 real, 282.6 MB
[runlim] sample:		109.5 time, 110.1 real, 290.9 MB
[runlim] sample:		119.5 time, 120.1 real, 299.9 MB
[runlim] sample:		129.5 time, 130.1 real, 308.6 MB
[runlim] sample:		139.5 time, 140.1 real, 314.6 MB
[runlim] sample:		149.5 time, 150.1 real, 324.3 MB
[runlim] sample:		159.5 time, 160.1 real, 330.0 MB
[runlim] sample:		169.5 time, 170.1 real, 339.0 MB
[runlim] sample:		179.4 time, 180.1 real, 345.7 MB
[runlim] sample:		189.5 time, 190.1 real, 351.4 MB
[runlim] sample:		199.5 time, 200.1 real, 357.3 MB
[runlim] sample:		209.5 time, 210.1 real, 365.1 MB
[runlim] sample:		219.4 time, 220.1 real, 370.2 MB
[runlim] sample:		229.4 time, 230.1 real, 376.1 MB
[runlim] sample:		239.5 time, 240.1 real, 382.3 MB
[runlim] sample:		249.5 time, 250.1 real, 390.0 MB
[runlim] sample:		259.4 time, 260.1 real, 394.7 MB
[runlim] sample:		269.4 time, 270.1 real, 400.1 MB
[runlim] sample:		279.4 time, 280.1 real, 406.0 MB
[runlim] sample:		289.5 time, 290.1 real, 409.3 MB
[runlim] sample:		299.5 time, 300.1 real, 419.9 MB
CVC4 interrupted by SIGTERM.
[runlim] end:			Tue Feb  5 10:02:42 2019
[runlim] status:		out of time
[runlim] result:		2
[runlim] children:		0
[runlim] real:			300.70 seconds
[runlim] time:			300.06 seconds
[runlim] space:			419.9 MB
[runlim] samples:		3006
