[runlim] version:		1.10fixed
[runlim] time limit:		300 seconds
[runlim] real time limit:	311040000 seconds
[runlim] space limit:		4000 MB
[runlim] argv[0]:		./cvc4
[runlim] argv[1]:		--nl-ext-tplanes
[runlim] argv[2]:		/tmp/ouV8RZIX.smt2
[runlim] start:			Tue Jan 29 16:37:50 2019
[runlim] main pid:		30212
[runlim] sample:		9.5 time, 10.9 real, 98.2 MB
[runlim] sample:		18.8 time, 20.9 real, 133.5 MB
[runlim] sample:		28.8 time, 30.9 real, 157.2 MB
[runlim] sample:		38.7 time, 40.9 real, 176.0 MB
[runlim] sample:		48.7 time, 50.9 real, 191.5 MB
[runlim] sample:		58.2 time, 60.9 real, 210.0 MB
[runlim] sample:		65.5 time, 70.9 real, 218.8 MB
[runlim] sample:		73.4 time, 80.9 real, 228.0 MB
[runlim] sample:		82.5 time, 90.9 real, 237.0 MB
[runlim] sample:		92.5 time, 100.9 real, 250.1 MB
[runlim] sample:		102.5 time, 110.9 real, 259.6 MB
[runlim] sample:		111.7 time, 120.9 real, 269.1 MB
[runlim] sample:		121.7 time, 130.9 real, 278.3 MB
[runlim] sample:		131.7 time, 140.9 real, 285.7 MB
[runlim] sample:		141.7 time, 150.9 real, 294.1 MB
[runlim] sample:		151.7 time, 160.9 real, 301.0 MB
[runlim] sample:		161.7 time, 170.9 real, 308.5 MB
[runlim] sample:		171.7 time, 180.9 real, 315.7 MB
[runlim] sample:		181.7 time, 190.9 real, 322.5 MB
[runlim] sample:		191.7 time, 200.9 real, 328.2 MB
[runlim] sample:		201.1 time, 210.9 real, 335.1 MB
[runlim] sample:		210.4 time, 220.9 real, 339.8 MB
[runlim] sample:		219.1 time, 230.9 real, 345.2 MB
[runlim] sample:		228.7 time, 240.9 real, 351.2 MB
[runlim] sample:		238.7 time, 250.9 real, 357.2 MB
[runlim] sample:		248.7 time, 260.9 real, 363.3 MB
[runlim] sample:		258.7 time, 270.9 real, 369.3 MB
[runlim] sample:		268.6 time, 280.9 real, 372.4 MB
[runlim] sample:		278.6 time, 290.9 real, 380.9 MB
[runlim] sample:		288.6 time, 300.9 real, 384.0 MB
[runlim] sample:		298.6 time, 310.9 real, 393.0 MB
CVC4 interrupted by SIGTERM.
[runlim] end:			Tue Jan 29 16:43:02 2019
[runlim] status:		out of time
[runlim] result:		2
[runlim] children:		0
[runlim] real:			312.31 seconds
[runlim] time:			300.01 seconds
[runlim] space:			393.6 MB
[runlim] samples:		3114
