[runlim] version:		1.10fixed
[runlim] time limit:		300 seconds
[runlim] real time limit:	311040000 seconds
[runlim] space limit:		4000 MB
[runlim] argv[0]:		./cvc4
[runlim] argv[1]:		--nl-ext-tplanes
[runlim] argv[2]:		/tmp/gCyvxrGx.smt2
[runlim] start:			Tue Feb  5 13:01:23 2019
[runlim] main pid:		28606
/tmp/gCyvxrGx.smt2:4.12: No set-logic command was given before this point.
/tmp/gCyvxrGx.smt2:4.12: CVC4 will make all theories available.
/tmp/gCyvxrGx.smt2:4.12: Consider setting a stricter logic for (likely) better performance.
/tmp/gCyvxrGx.smt2:4.12: To suppress this warning in the future use (set-logic ALL).
[runlim] sample:		10.0 time, 10.8 real, 87.1 MB
[runlim] sample:		20.0 time, 20.8 real, 114.4 MB
[runlim] sample:		30.0 time, 30.8 real, 138.4 MB
[runlim] sample:		40.0 time, 40.8 real, 154.0 MB
[runlim] sample:		50.0 time, 50.8 real, 172.2 MB
[runlim] sample:		60.0 time, 60.8 real, 184.3 MB
[runlim] sample:		70.0 time, 70.8 real, 197.9 MB
[runlim] sample:		80.0 time, 80.8 real, 209.8 MB
[runlim] sample:		89.9 time, 90.8 real, 219.9 MB
[runlim] sample:		99.9 time, 100.8 real, 230.4 MB
[runlim] sample:		109.9 time, 110.8 real, 240.2 MB
[runlim] sample:		119.9 time, 120.8 real, 246.1 MB
[runlim] sample:		129.9 time, 130.8 real, 254.9 MB
[runlim] sample:		139.9 time, 140.8 real, 262.4 MB
[runlim] sample:		149.9 time, 150.8 real, 271.8 MB
[runlim] sample:		159.9 time, 160.8 real, 276.9 MB
[runlim] sample:		169.9 time, 170.8 real, 282.3 MB
[runlim] sample:		179.9 time, 180.8 real, 291.8 MB
[runlim] sample:		189.9 time, 190.8 real, 297.5 MB
[runlim] sample:		199.9 time, 200.8 real, 311.3 MB
[runlim] sample:		209.9 time, 210.8 real, 317.8 MB
[runlim] sample:		219.9 time, 220.8 real, 322.1 MB
[runlim] sample:		229.9 time, 230.8 real, 327.5 MB
[runlim] sample:		239.9 time, 240.8 real, 332.4 MB
[runlim] sample:		249.9 time, 250.8 real, 338.1 MB
[runlim] sample:		259.9 time, 260.8 real, 343.5 MB
[runlim] sample:		269.9 time, 270.8 real, 349.7 MB
[runlim] sample:		279.9 time, 280.8 real, 354.8 MB
[runlim] sample:		289.9 time, 290.8 real, 357.1 MB
[runlim] sample:		299.9 time, 300.8 real, 365.4 MB
CVC4 interrupted by SIGTERM.
[runlim] end:			Tue Feb  5 13:06:23 2019
[runlim] status:		out of time
[runlim] result:		2
[runlim] children:		0
[runlim] real:			301.00 seconds
[runlim] time:			300.05 seconds
[runlim] space:			365.4 MB
[runlim] samples:		3002
