[runlim] version:		1.10fixed
[runlim] time limit:		300 seconds
[runlim] real time limit:	311040000 seconds
[runlim] space limit:		4000 MB
[runlim] argv[0]:		./cvc4
[runlim] argv[1]:		--nl-ext-tplanes
[runlim] argv[2]:		/tmp/2grJWJyg.smt2
[runlim] start:			Tue Feb  5 13:01:20 2019
[runlim] main pid:		32014
[runlim] sample:		10.0 time, 10.0 real, 40.3 MB
[runlim] sample:		20.0 time, 20.0 real, 51.4 MB
[runlim] sample:		30.0 time, 30.0 real, 61.7 MB
[runlim] sample:		40.0 time, 40.0 real, 72.5 MB
[runlim] sample:		50.0 time, 50.0 real, 83.2 MB
[runlim] sample:		60.0 time, 60.0 real, 92.7 MB
[runlim] sample:		70.0 time, 70.0 real, 103.5 MB
[runlim] sample:		80.0 time, 80.0 real, 112.6 MB
[runlim] sample:		90.0 time, 90.0 real, 123.3 MB
[runlim] sample:		100.0 time, 100.0 real, 136.4 MB
[runlim] sample:		110.0 time, 110.0 real, 148.5 MB
[runlim] sample:		120.0 time, 120.0 real, 157.8 MB
[runlim] sample:		130.0 time, 130.0 real, 168.6 MB
[runlim] sample:		140.0 time, 140.0 real, 179.5 MB
[runlim] sample:		150.0 time, 150.0 real, 191.1 MB
[runlim] sample:		160.0 time, 160.0 real, 201.6 MB
[runlim] sample:		169.9 time, 170.0 real, 212.5 MB
[runlim] sample:		180.0 time, 180.0 real, 223.1 MB
[runlim] sample:		189.9 time, 190.0 real, 237.8 MB
[runlim] sample:		200.0 time, 200.0 real, 248.6 MB
[runlim] sample:		210.0 time, 210.0 real, 264.1 MB
[runlim] sample:		219.9 time, 220.0 real, 274.9 MB
[runlim] sample:		229.9 time, 230.0 real, 285.3 MB
[runlim] sample:		239.9 time, 240.0 real, 296.1 MB
[runlim] sample:		249.9 time, 250.0 real, 306.1 MB
[runlim] sample:		259.9 time, 260.0 real, 315.4 MB
[runlim] sample:		269.9 time, 270.0 real, 325.7 MB
[runlim] sample:		279.9 time, 280.0 real, 334.8 MB
[runlim] sample:		289.9 time, 290.0 real, 346.9 MB
[runlim] sample:		299.9 time, 300.0 real, 354.9 MB
CVC4 interrupted by SIGTERM.
[runlim] end:			Tue Feb  5 13:06:20 2019
[runlim] status:		out of time
[runlim] result:		2
[runlim] children:		0
[runlim] real:			300.15 seconds
[runlim] time:			300.03 seconds
[runlim] space:			354.9 MB
[runlim] samples:		3001
