[runlim] version:		1.10fixed
[runlim] time limit:		300 seconds
[runlim] real time limit:	311040000 seconds
[runlim] space limit:		4000 MB
[runlim] argv[0]:		./cvc4
[runlim] argv[1]:		--nl-ext-tplanes
[runlim] argv[2]:		/tmp/zg986k7R.smt2
[runlim] start:			Tue Feb  5 09:52:46 2019
[runlim] main pid:		17037
/tmp/zg986k7R.smt2:4.12: No set-logic command was given before this point.
/tmp/zg986k7R.smt2:4.12: CVC4 will make all theories available.
/tmp/zg986k7R.smt2:4.12: Consider setting a stricter logic for (likely) better performance.
/tmp/zg986k7R.smt2:4.12: To suppress this warning in the future use (set-logic ALL).
[runlim] sample:		10.0 time, 10.5 real, 110.1 MB
[runlim] sample:		19.9 time, 20.5 real, 146.8 MB
[runlim] sample:		29.7 time, 30.5 real, 168.0 MB
[runlim] sample:		38.7 time, 40.5 real, 183.2 MB
[runlim] sample:		47.1 time, 50.5 real, 197.8 MB
[runlim] sample:		57.1 time, 60.5 real, 211.3 MB
[runlim] sample:		67.2 time, 70.5 real, 223.5 MB
[runlim] sample:		77.2 time, 80.5 real, 238.9 MB
[runlim] sample:		87.1 time, 90.5 real, 249.5 MB
[runlim] sample:		97.1 time, 100.5 real, 260.6 MB
[runlim] sample:		107.2 time, 110.5 real, 269.6 MB
[runlim] sample:		117.1 time, 120.5 real, 279.6 MB
[runlim] sample:		127.1 time, 130.5 real, 286.2 MB
[runlim] sample:		137.1 time, 140.5 real, 294.7 MB
[runlim] sample:		147.1 time, 150.5 real, 300.7 MB
[runlim] sample:		157.1 time, 160.5 real, 307.1 MB
[runlim] sample:		167.1 time, 170.5 real, 313.8 MB
[runlim] sample:		177.0 time, 180.5 real, 321.5 MB
[runlim] sample:		186.8 time, 190.5 real, 325.9 MB
[runlim] sample:		196.8 time, 200.5 real, 332.1 MB
[runlim] sample:		206.8 time, 210.5 real, 338.0 MB
[runlim] sample:		216.8 time, 220.5 real, 343.1 MB
[runlim] sample:		226.8 time, 230.5 real, 346.8 MB
[runlim] sample:		236.8 time, 240.5 real, 352.4 MB
[runlim] sample:		246.8 time, 250.5 real, 357.3 MB
[runlim] sample:		256.8 time, 260.5 real, 361.2 MB
[runlim] sample:		266.8 time, 270.5 real, 367.1 MB
[runlim] sample:		276.8 time, 280.5 real, 370.7 MB
[runlim] sample:		286.8 time, 290.5 real, 377.9 MB
[runlim] sample:		296.1 time, 300.5 real, 381.0 MB
CVC4 interrupted by SIGTERM.
[runlim] end:			Tue Feb  5 09:57:51 2019
[runlim] status:		out of time
[runlim] result:		2
[runlim] children:		0
[runlim] real:			305.36 seconds
[runlim] time:			300.06 seconds
[runlim] space:			383.1 MB
[runlim] samples:		3048
