[runlim] version:		1.10fixed
[runlim] time limit:		300 seconds
[runlim] real time limit:	311040000 seconds
[runlim] space limit:		4000 MB
[runlim] argv[0]:		./cvc4
[runlim] argv[1]:		--nl-ext-tplanes
[runlim] argv[2]:		/tmp/FR1lEWD7.smt2
[runlim] start:			Tue Jan 29 16:37:49 2019
[runlim] main pid:		29992
[runlim] sample:		9.9 time, 10.9 real, 101.3 MB
[runlim] sample:		19.9 time, 20.9 real, 137.4 MB
[runlim] sample:		29.9 time, 30.9 real, 159.8 MB
[runlim] sample:		39.9 time, 40.9 real, 177.5 MB
[runlim] sample:		49.9 time, 50.9 real, 192.7 MB
[runlim] sample:		59.9 time, 60.9 real, 212.3 MB
[runlim] sample:		69.9 time, 70.9 real, 228.0 MB
[runlim] sample:		79.9 time, 80.9 real, 240.4 MB
[runlim] sample:		89.9 time, 90.9 real, 251.8 MB
[runlim] sample:		99.9 time, 100.9 real, 263.9 MB
[runlim] sample:		109.9 time, 110.9 real, 273.2 MB
[runlim] sample:		119.9 time, 120.9 real, 282.7 MB
[runlim] sample:		129.9 time, 130.9 real, 291.0 MB
[runlim] sample:		139.9 time, 140.9 real, 298.4 MB
[runlim] sample:		149.9 time, 150.9 real, 305.2 MB
[runlim] sample:		159.9 time, 160.9 real, 312.5 MB
[runlim] sample:		169.9 time, 170.9 real, 319.2 MB
[runlim] sample:		179.9 time, 180.9 real, 326.3 MB
[runlim] sample:		189.9 time, 190.9 real, 332.8 MB
[runlim] sample:		199.9 time, 200.9 real, 338.7 MB
[runlim] sample:		209.9 time, 210.9 real, 344.6 MB
[runlim] sample:		219.9 time, 220.9 real, 350.6 MB
[runlim] sample:		229.9 time, 230.9 real, 355.2 MB
[runlim] sample:		239.9 time, 240.9 real, 361.1 MB
[runlim] sample:		249.9 time, 250.9 real, 366.3 MB
[runlim] sample:		259.9 time, 260.9 real, 370.9 MB
[runlim] sample:		269.9 time, 270.9 real, 376.3 MB
[runlim] sample:		279.9 time, 280.9 real, 383.6 MB
[runlim] sample:		289.9 time, 290.9 real, 387.2 MB
[runlim] sample:		299.9 time, 300.9 real, 395.5 MB
CVC4 interrupted by SIGTERM.
[runlim] end:			Tue Jan 29 16:42:50 2019
[runlim] status:		out of time
[runlim] result:		2
[runlim] children:		0
[runlim] real:			301.20 seconds
[runlim] time:			300.06 seconds
[runlim] space:			395.5 MB
[runlim] samples:		3002
