[runlim] version:		1.10fixed
[runlim] time limit:		300 seconds
[runlim] real time limit:	311040000 seconds
[runlim] space limit:		4000 MB
[runlim] argv[0]:		./cvc4
[runlim] argv[1]:		--nl-ext-tplanes
[runlim] argv[2]:		/tmp/gm2YTwOK.smt2
[runlim] start:			Tue Feb  5 13:01:24 2019
[runlim] main pid:		8988
/tmp/gm2YTwOK.smt2:4.12: No set-logic command was given before this point.
/tmp/gm2YTwOK.smt2:4.12: CVC4 will make all theories available.
/tmp/gm2YTwOK.smt2:4.12: Consider setting a stricter logic for (likely) better performance.
/tmp/gm2YTwOK.smt2:4.12: To suppress this warning in the future use (set-logic ALL).
[runlim] sample:		10.0 time, 10.5 real, 81.4 MB
[runlim] sample:		19.8 time, 20.5 real, 106.6 MB
[runlim] sample:		29.8 time, 30.5 real, 125.0 MB
[runlim] sample:		39.8 time, 40.5 real, 139.8 MB
[runlim] sample:		49.8 time, 50.5 real, 150.9 MB
[runlim] sample:		59.8 time, 60.5 real, 166.3 MB
[runlim] sample:		69.8 time, 70.5 real, 175.7 MB
[runlim] sample:		79.8 time, 80.5 real, 191.0 MB
[runlim] sample:		89.8 time, 90.5 real, 199.8 MB
[runlim] sample:		99.8 time, 100.5 real, 207.8 MB
[runlim] sample:		109.8 time, 110.5 real, 215.7 MB
[runlim] sample:		119.7 time, 120.5 real, 224.5 MB
[runlim] sample:		129.7 time, 130.5 real, 228.9 MB
[runlim] sample:		139.7 time, 140.5 real, 237.1 MB
[runlim] sample:		149.7 time, 150.5 real, 241.5 MB
[runlim] sample:		159.5 time, 160.5 real, 249.5 MB
[runlim] sample:		168.5 time, 170.5 real, 254.4 MB
[runlim] sample:		177.2 time, 180.5 real, 262.7 MB
[runlim] sample:		186.7 time, 190.5 real, 266.9 MB
[runlim] sample:		195.2 time, 200.5 real, 271.2 MB
[runlim] sample:		203.5 time, 210.5 real, 277.2 MB
[runlim] sample:		211.9 time, 220.5 real, 280.3 MB
[runlim] sample:		220.2 time, 230.5 real, 283.6 MB
[runlim] sample:		228.6 time, 240.5 real, 288.0 MB
[runlim] sample:		237.0 time, 250.5 real, 291.8 MB
[runlim] sample:		245.7 time, 260.5 real, 296.5 MB
[runlim] sample:		255.7 time, 270.5 real, 309.3 MB
[runlim] sample:		264.7 time, 280.5 real, 313.1 MB
[runlim] sample:		273.1 time, 290.5 real, 317.3 MB
[runlim] sample:		282.9 time, 300.5 real, 321.6 MB
[runlim] sample:		292.9 time, 310.5 real, 329.1 MB
[runlim] end:			Tue Feb  5 13:06:38 2019
[runlim] status:		signal(9)
[runlim] result:		11
[runlim] children:		0
[runlim] real:			314.82 seconds
[runlim] time:			297.25 seconds
[runlim] space:			329.1 MB
[runlim] samples:		3143
