[runlim] version:		1.10fixed
[runlim] time limit:		300 seconds
[runlim] real time limit:	311040000 seconds
[runlim] space limit:		4000 MB
[runlim] argv[0]:		./cvc4
[runlim] argv[1]:		--nl-ext-tplanes
[runlim] argv[2]:		/tmp/0xHq54Ye.smt2
[runlim] start:			Tue Jan 29 16:38:58 2019
[runlim] main pid:		22358
[runlim] sample:		9.3 time, 10.9 real, 86.1 MB
[runlim] sample:		19.3 time, 20.9 real, 111.1 MB
[runlim] sample:		29.3 time, 30.9 real, 131.4 MB
[runlim] sample:		39.3 time, 40.9 real, 145.4 MB
[runlim] sample:		49.3 time, 50.9 real, 156.2 MB
[runlim] sample:		59.3 time, 60.9 real, 165.6 MB
[runlim] sample:		69.3 time, 70.9 real, 174.9 MB
[runlim] sample:		79.3 time, 80.9 real, 182.6 MB
[runlim] sample:		89.3 time, 90.9 real, 188.9 MB
[runlim] sample:		98.0 time, 100.9 real, 196.1 MB
[runlim] sample:		108.0 time, 110.9 real, 205.1 MB
[runlim] sample:		117.0 time, 120.9 real, 211.8 MB
[runlim] sample:		125.7 time, 130.9 real, 217.0 MB
[runlim] sample:		134.0 time, 140.9 real, 224.7 MB
[runlim] sample:		141.9 time, 150.9 real, 228.1 MB
[runlim] sample:		151.4 time, 160.9 real, 234.3 MB
[runlim] sample:		161.4 time, 170.9 real, 237.9 MB
[runlim] sample:		171.4 time, 180.9 real, 242.2 MB
[runlim] sample:		181.4 time, 190.9 real, 247.4 MB
[runlim] sample:		191.4 time, 200.9 real, 253.8 MB
[runlim] sample:		201.4 time, 210.9 real, 260.7 MB
[runlim] sample:		211.4 time, 220.9 real, 263.2 MB
[runlim] sample:		221.4 time, 230.9 real, 266.3 MB
[runlim] sample:		231.4 time, 240.9 real, 271.2 MB
[runlim] sample:		241.4 time, 250.9 real, 274.6 MB
[runlim] sample:		251.4 time, 260.9 real, 277.9 MB
[runlim] sample:		261.4 time, 270.9 real, 280.5 MB
[runlim] sample:		271.4 time, 280.9 real, 284.9 MB
[runlim] sample:		281.4 time, 290.9 real, 288.2 MB
[runlim] sample:		291.4 time, 300.9 real, 290.8 MB
[runlim] end:			Tue Jan 29 16:44:05 2019
[runlim] status:		signal(9)
[runlim] result:		11
[runlim] children:		0
[runlim] real:			307.71 seconds
[runlim] time:			298.21 seconds
[runlim] space:			292.6 MB
[runlim] samples:		3068
