[runlim] version:		1.10fixed
[runlim] time limit:		300 seconds
[runlim] real time limit:	311040000 seconds
[runlim] space limit:		4000 MB
[runlim] argv[0]:		./cvc4
[runlim] argv[1]:		--nl-ext-tplanes
[runlim] argv[2]:		/tmp/mxa3CTv9.smt2
[runlim] start:			Tue Feb  5 09:52:46 2019
[runlim] main pid:		20966
/tmp/mxa3CTv9.smt2:4.12: No set-logic command was given before this point.
/tmp/mxa3CTv9.smt2:4.12: CVC4 will make all theories available.
/tmp/mxa3CTv9.smt2:4.12: Consider setting a stricter logic for (likely) better performance.
/tmp/mxa3CTv9.smt2:4.12: To suppress this warning in the future use (set-logic ALL).
[runlim] sample:		10.0 time, 10.8 real, 109.6 MB
[runlim] sample:		19.9 time, 20.8 real, 145.8 MB
[runlim] sample:		29.9 time, 30.8 real, 167.5 MB
[runlim] sample:		39.6 time, 40.8 real, 184.2 MB
[runlim] sample:		49.2 time, 50.8 real, 200.2 MB
[runlim] sample:		58.9 time, 60.8 real, 213.2 MB
[runlim] sample:		68.7 time, 70.8 real, 226.5 MB
[runlim] sample:		78.7 time, 80.8 real, 242.1 MB
[runlim] sample:		88.7 time, 90.8 real, 252.9 MB
[runlim] sample:		98.7 time, 100.8 real, 263.0 MB
[runlim] sample:		108.7 time, 110.8 real, 272.8 MB
[runlim] sample:		118.7 time, 120.8 real, 281.3 MB
[runlim] sample:		128.3 time, 130.8 real, 288.0 MB
[runlim] sample:		136.8 time, 140.8 real, 295.2 MB
[runlim] sample:		146.5 time, 150.8 real, 300.6 MB
[runlim] sample:		156.1 time, 160.8 real, 308.6 MB
[runlim] sample:		164.7 time, 170.8 real, 314.5 MB
[runlim] sample:		172.8 time, 180.8 real, 319.4 MB
[runlim] sample:		182.3 time, 190.8 real, 324.6 MB
[runlim] sample:		191.7 time, 200.8 real, 329.5 MB
[runlim] sample:		201.0 time, 210.8 real, 334.6 MB
[runlim] sample:		209.4 time, 220.8 real, 339.8 MB
[runlim] sample:		219.1 time, 230.8 real, 344.9 MB
[runlim] sample:		228.8 time, 240.8 real, 349.8 MB
[runlim] sample:		238.5 time, 250.8 real, 355.0 MB
[runlim] sample:		248.1 time, 260.8 real, 359.3 MB
[runlim] sample:		257.1 time, 270.8 real, 362.2 MB
[runlim] sample:		265.5 time, 280.8 real, 367.3 MB
[runlim] sample:		274.2 time, 290.8 real, 370.1 MB
[runlim] sample:		284.2 time, 300.8 real, 375.8 MB
[runlim] sample:		294.2 time, 310.8 real, 381.2 MB
CVC4 interrupted by SIGTERM.
[runlim] end:			Tue Feb  5 09:58:02 2019
[runlim] status:		out of time
[runlim] result:		2
[runlim] children:		0
[runlim] real:			316.66 seconds
[runlim] time:			300.03 seconds
[runlim] space:			383.2 MB
[runlim] samples:		3158
