[runlim] version:		1.10fixed
[runlim] time limit:		300 seconds
[runlim] real time limit:	311040000 seconds
[runlim] space limit:		4000 MB
[runlim] argv[0]:		./cvc4
[runlim] argv[1]:		--nl-ext-tplanes
[runlim] argv[2]:		/tmp/oLdVjwFy.smt2
[runlim] start:			Tue Feb  5 09:52:47 2019
[runlim] main pid:		21032
/tmp/oLdVjwFy.smt2:4.12: No set-logic command was given before this point.
/tmp/oLdVjwFy.smt2:4.12: CVC4 will make all theories available.
/tmp/oLdVjwFy.smt2:4.12: Consider setting a stricter logic for (likely) better performance.
/tmp/oLdVjwFy.smt2:4.12: To suppress this warning in the future use (set-logic ALL).
[runlim] sample:		9.0 time, 10.2 real, 100.6 MB
[runlim] sample:		17.4 time, 20.2 real, 128.8 MB
[runlim] sample:		25.2 time, 30.2 real, 147.8 MB
[runlim] sample:		34.8 time, 40.2 real, 163.7 MB
[runlim] sample:		44.8 time, 50.2 real, 181.2 MB
[runlim] sample:		54.8 time, 60.2 real, 190.8 MB
[runlim] sample:		63.6 time, 70.2 real, 201.8 MB
[runlim] sample:		71.7 time, 80.2 real, 211.1 MB
[runlim] sample:		79.8 time, 90.2 real, 220.6 MB
[runlim] sample:		88.6 time, 100.2 real, 228.0 MB
[runlim] sample:		98.3 time, 110.2 real, 238.6 MB
[runlim] sample:		107.5 time, 120.2 real, 245.0 MB
[runlim] sample:		117.1 time, 130.2 real, 255.0 MB
[runlim] sample:		126.3 time, 140.2 real, 263.8 MB
[runlim] sample:		135.0 time, 150.2 real, 268.2 MB
[runlim] sample:		145.0 time, 160.2 real, 275.9 MB
[runlim] sample:		155.0 time, 170.2 real, 282.1 MB
[runlim] sample:		165.0 time, 180.2 real, 287.5 MB
[runlim] sample:		175.0 time, 190.2 real, 292.6 MB
[runlim] sample:		185.0 time, 200.2 real, 299.3 MB
[runlim] sample:		195.0 time, 210.2 real, 303.4 MB
[runlim] sample:		205.0 time, 220.2 real, 309.1 MB
[runlim] sample:		215.0 time, 230.2 real, 312.9 MB
[runlim] sample:		225.0 time, 240.2 real, 317.5 MB
[runlim] sample:		235.0 time, 250.2 real, 322.7 MB
[runlim] sample:		245.0 time, 260.2 real, 327.3 MB
[runlim] sample:		255.0 time, 270.2 real, 331.4 MB
[runlim] sample:		265.0 time, 280.2 real, 336.1 MB
[runlim] sample:		274.7 time, 290.2 real, 340.6 MB
[runlim] sample:		283.9 time, 300.2 real, 342.9 MB
[runlim] sample:		293.9 time, 310.2 real, 347.3 MB
CVC4 interrupted by SIGTERM.
[runlim] end:			Tue Feb  5 09:58:03 2019
[runlim] status:		out of time
[runlim] result:		2
[runlim] children:		0
[runlim] real:			316.40 seconds
[runlim] time:			300.05 seconds
[runlim] space:			349.9 MB
[runlim] samples:		3162
