[runlim] version:		1.10fixed
[runlim] time limit:		300 seconds
[runlim] real time limit:	311040000 seconds
[runlim] space limit:		4000 MB
[runlim] argv[0]:		./cvc4
[runlim] argv[1]:		--nl-ext-tplanes
[runlim] argv[2]:		/tmp/ZwPFqs8E.smt2
[runlim] start:			Tue Feb  5 09:52:47 2019
[runlim] main pid:		6230
/tmp/ZwPFqs8E.smt2:4.12: No set-logic command was given before this point.
/tmp/ZwPFqs8E.smt2:4.12: CVC4 will make all theories available.
/tmp/ZwPFqs8E.smt2:4.12: Consider setting a stricter logic for (likely) better performance.
/tmp/ZwPFqs8E.smt2:4.12: To suppress this warning in the future use (set-logic ALL).
[runlim] sample:		10.0 time, 10.0 real, 80.7 MB
[runlim] sample:		20.0 time, 20.0 real, 105.6 MB
[runlim] sample:		30.0 time, 30.0 real, 126.4 MB
[runlim] sample:		40.0 time, 40.0 real, 139.4 MB
[runlim] sample:		48.9 time, 50.0 real, 152.0 MB
[runlim] sample:		57.6 time, 60.0 real, 163.4 MB
[runlim] sample:		66.2 time, 70.0 real, 173.1 MB
[runlim] sample:		75.6 time, 80.0 real, 180.9 MB
[runlim] sample:		84.8 time, 90.0 real, 192.6 MB
[runlim] sample:		93.1 time, 100.0 real, 200.8 MB
[runlim] sample:		101.0 time, 110.0 real, 209.1 MB
[runlim] sample:		108.8 time, 120.0 real, 213.0 MB
[runlim] sample:		118.3 time, 130.0 real, 221.4 MB
[runlim] sample:		128.0 time, 140.0 real, 229.7 MB
[runlim] sample:		137.7 time, 150.0 real, 234.3 MB
[runlim] sample:		146.5 time, 160.0 real, 240.2 MB
[runlim] sample:		156.2 time, 170.0 real, 246.7 MB
[runlim] sample:		166.2 time, 180.0 real, 252.6 MB
[runlim] sample:		174.7 time, 190.0 real, 255.7 MB
[runlim] sample:		184.7 time, 200.0 real, 268.5 MB
[runlim] sample:		192.8 time, 210.0 real, 272.9 MB
[runlim] sample:		201.6 time, 220.0 real, 276.5 MB
[runlim] sample:		210.6 time, 230.0 real, 281.6 MB
[runlim] sample:		220.2 time, 240.0 real, 286.0 MB
[runlim] sample:		229.9 time, 250.0 real, 290.1 MB
[runlim] sample:		239.6 time, 260.0 real, 293.7 MB
[runlim] sample:		249.5 time, 270.0 real, 298.4 MB
[runlim] sample:		259.5 time, 280.0 real, 311.0 MB
[runlim] sample:		269.5 time, 290.0 real, 314.6 MB
[runlim] sample:		279.5 time, 300.0 real, 319.3 MB
[runlim] sample:		289.5 time, 310.0 real, 323.4 MB
[runlim] sample:		299.5 time, 320.0 real, 329.3 MB
CVC4 interrupted by SIGTERM.
[runlim] end:			Tue Feb  5 09:58:07 2019
[runlim] status:		out of time
[runlim] result:		2
[runlim] children:		0
[runlim] real:			320.65 seconds
[runlim] time:			300.07 seconds
[runlim] space:			329.3 MB
[runlim] samples:		3206
