[runlim] version:		1.10fixed
[runlim] time limit:		300 seconds
[runlim] real time limit:	311040000 seconds
[runlim] space limit:		4000 MB
[runlim] argv[0]:		./cvc4
[runlim] argv[1]:		--nl-ext-tplanes
[runlim] argv[2]:		/tmp/PuLdOz4A.smt2
[runlim] start:			Tue Feb  5 09:52:46 2019
[runlim] main pid:		25644
/tmp/PuLdOz4A.smt2:4.12: No set-logic command was given before this point.
/tmp/PuLdOz4A.smt2:4.12: CVC4 will make all theories available.
/tmp/PuLdOz4A.smt2:4.12: Consider setting a stricter logic for (likely) better performance.
/tmp/PuLdOz4A.smt2:4.12: To suppress this warning in the future use (set-logic ALL).
[runlim] sample:		9.9 time, 10.4 real, 86.0 MB
[runlim] sample:		19.9 time, 20.4 real, 106.3 MB
[runlim] sample:		29.9 time, 30.4 real, 123.8 MB
[runlim] sample:		39.9 time, 40.4 real, 137.2 MB
[runlim] sample:		49.9 time, 50.4 real, 146.7 MB
[runlim] sample:		59.9 time, 60.4 real, 154.2 MB
[runlim] sample:		69.9 time, 70.4 real, 161.4 MB
[runlim] sample:		79.9 time, 80.4 real, 168.6 MB
[runlim] sample:		89.9 time, 90.4 real, 174.0 MB
[runlim] sample:		99.9 time, 100.4 real, 179.2 MB
[runlim] sample:		109.9 time, 110.4 real, 183.8 MB
[runlim] sample:		119.9 time, 120.4 real, 189.7 MB
[runlim] sample:		129.9 time, 130.4 real, 194.6 MB
[runlim] sample:		139.9 time, 140.4 real, 199.2 MB
[runlim] sample:		149.9 time, 150.4 real, 202.6 MB
[runlim] sample:		159.9 time, 160.4 real, 207.7 MB
[runlim] sample:		169.9 time, 170.4 real, 212.5 MB
[runlim] sample:		179.8 time, 180.4 real, 216.6 MB
[runlim] sample:		189.8 time, 190.4 real, 219.7 MB
[runlim] sample:		199.8 time, 200.4 real, 225.0 MB
[runlim] sample:		209.7 time, 210.4 real, 226.6 MB
[runlim] sample:		219.4 time, 220.4 real, 233.2 MB
[runlim] sample:		229.2 time, 230.4 real, 237.9 MB
[runlim] sample:		239.2 time, 240.4 real, 239.9 MB
[runlim] sample:		249.2 time, 250.4 real, 245.0 MB
[runlim] sample:		259.2 time, 260.4 real, 248.1 MB
[runlim] sample:		269.2 time, 270.4 real, 251.1 MB
[runlim] sample:		279.0 time, 280.4 real, 254.2 MB
[runlim] sample:		288.3 time, 290.4 real, 255.8 MB
[runlim] sample:		297.4 time, 300.4 real, 260.9 MB
CVC4 interrupted by SIGTERM.
[runlim] end:			Tue Feb  5 09:57:49 2019
[runlim] status:		out of time
[runlim] result:		2
[runlim] children:		0
[runlim] real:			303.16 seconds
[runlim] time:			300.09 seconds
[runlim] space:			260.9 MB
[runlim] samples:		3027
