[runlim] version:		1.10fixed
[runlim] time limit:		300 seconds
[runlim] real time limit:	311040000 seconds
[runlim] space limit:		4000 MB
[runlim] argv[0]:		./cvc4
[runlim] argv[1]:		--nl-ext-tplanes
[runlim] argv[2]:		/tmp/5j5t4lBz.smt2
[runlim] start:			Tue Feb  5 13:01:24 2019
[runlim] main pid:		16320
/tmp/5j5t4lBz.smt2:4.12: No set-logic command was given before this point.
/tmp/5j5t4lBz.smt2:4.12: CVC4 will make all theories available.
/tmp/5j5t4lBz.smt2:4.12: Consider setting a stricter logic for (likely) better performance.
/tmp/5j5t4lBz.smt2:4.12: To suppress this warning in the future use (set-logic ALL).
[runlim] sample:		9.2 time, 10.8 real, 87.8 MB
[runlim] sample:		19.1 time, 20.8 real, 117.9 MB
[runlim] sample:		29.1 time, 30.8 real, 140.0 MB
[runlim] sample:		38.4 time, 40.8 real, 157.0 MB
[runlim] sample:		48.1 time, 50.8 real, 175.8 MB
[runlim] sample:		58.0 time, 60.8 real, 188.4 MB
[runlim] sample:		67.9 time, 70.8 real, 200.3 MB
[runlim] sample:		77.3 time, 80.8 real, 216.2 MB
[runlim] sample:		87.1 time, 90.8 real, 226.0 MB
[runlim] sample:		96.8 time, 100.8 real, 233.3 MB
[runlim] sample:		106.2 time, 110.8 real, 244.4 MB
[runlim] sample:		115.6 time, 120.8 real, 251.1 MB
[runlim] sample:		124.9 time, 130.8 real, 257.0 MB
[runlim] sample:		134.3 time, 140.8 real, 268.1 MB
[runlim] sample:		143.7 time, 150.8 real, 274.2 MB
[runlim] sample:		153.0 time, 160.8 real, 284.1 MB
[runlim] sample:		162.4 time, 170.8 real, 290.0 MB
[runlim] sample:		171.8 time, 180.8 real, 298.2 MB
[runlim] sample:		181.1 time, 190.8 real, 303.4 MB
[runlim] sample:		190.5 time, 200.8 real, 309.8 MB
[runlim] sample:		199.7 time, 210.8 real, 315.5 MB
[runlim] sample:		209.1 time, 220.8 real, 321.4 MB
[runlim] sample:		219.1 time, 230.8 real, 328.9 MB
[runlim] sample:		229.1 time, 240.8 real, 332.2 MB
[runlim] sample:		239.1 time, 250.8 real, 333.3 MB
[runlim] sample:		248.9 time, 260.8 real, 351.9 MB
[runlim] sample:		258.8 time, 270.8 real, 358.3 MB
[runlim] sample:		268.8 time, 280.8 real, 363.5 MB
[runlim] sample:		277.8 time, 290.8 real, 369.9 MB
[runlim] sample:		287.5 time, 300.8 real, 376.6 MB
[runlim] sample:		297.5 time, 310.8 real, 380.5 MB
[runlim] end:			Tue Feb  5 13:06:35 2019
[runlim] status:		signal(9)
[runlim] result:		11
[runlim] children:		0
[runlim] real:			311.76 seconds
[runlim] time:			298.37 seconds
[runlim] space:			382.3 MB
[runlim] samples:		3109
