[runlim] version:		1.10fixed
[runlim] time limit:		300 seconds
[runlim] real time limit:	311040000 seconds
[runlim] space limit:		4000 MB
[runlim] argv[0]:		./cvc4
[runlim] argv[1]:		--nl-ext-tplanes
[runlim] argv[2]:		/tmp/E9ML9jTv.smt2
[runlim] start:			Tue Jan 29 16:38:24 2019
[runlim] main pid:		11807
[runlim] sample:		9.5 time, 10.5 real, 68.5 MB
[runlim] sample:		19.4 time, 20.5 real, 84.1 MB
[runlim] sample:		29.4 time, 30.5 real, 94.9 MB
[runlim] sample:		39.4 time, 40.5 real, 104.0 MB
[runlim] sample:		49.3 time, 50.5 real, 112.5 MB
[runlim] sample:		59.1 time, 60.5 real, 120.2 MB
[runlim] sample:		67.2 time, 70.5 real, 123.8 MB
[runlim] sample:		76.2 time, 80.5 real, 128.7 MB
[runlim] sample:		84.3 time, 90.5 real, 133.6 MB
[runlim] sample:		93.2 time, 100.5 real, 136.7 MB
[runlim] sample:		103.2 time, 110.5 real, 140.8 MB
[runlim] sample:		113.2 time, 120.5 real, 144.6 MB
[runlim] sample:		123.2 time, 130.5 real, 148.7 MB
[runlim] sample:		133.1 time, 140.5 real, 153.1 MB
[runlim] sample:		141.7 time, 150.5 real, 155.9 MB
[runlim] sample:		151.7 time, 160.5 real, 158.8 MB
[runlim] sample:		159.7 time, 170.5 real, 161.6 MB
[runlim] sample:		169.1 time, 180.5 real, 164.4 MB
[runlim] sample:		179.1 time, 190.5 real, 167.3 MB
[runlim] sample:		189.1 time, 200.5 real, 170.1 MB
[runlim] sample:		199.0 time, 210.5 real, 172.4 MB
[runlim] sample:		209.0 time, 220.5 real, 174.3 MB
[runlim] sample:		219.0 time, 230.5 real, 176.9 MB
[runlim] sample:		227.6 time, 240.5 real, 179.5 MB
[runlim] sample:		236.1 time, 250.5 real, 180.8 MB
[runlim] sample:		246.1 time, 260.5 real, 183.5 MB
[runlim] sample:		256.1 time, 270.5 real, 185.3 MB
[runlim] sample:		265.7 time, 280.5 real, 188.2 MB
[runlim] sample:		274.8 time, 290.5 real, 189.7 MB
[runlim] sample:		284.8 time, 300.5 real, 192.3 MB
[runlim] sample:		294.8 time, 310.5 real, 193.6 MB
[runlim] end:			Tue Jan 29 16:43:38 2019
[runlim] status:		signal(9)
[runlim] result:		11
[runlim] children:		0
[runlim] real:			314.74 seconds
[runlim] time:			298.98 seconds
[runlim] space:			195.9 MB
[runlim] samples:		3142
