[runlim] version:		1.10fixed
[runlim] time limit:		300 seconds
[runlim] real time limit:	311040000 seconds
[runlim] space limit:		4000 MB
[runlim] argv[0]:		./cvc4
[runlim] argv[1]:		--nl-ext-tplanes
[runlim] argv[2]:		/tmp/xCAubBTa.smt2
[runlim] start:			Tue Feb  5 09:52:45 2019
[runlim] main pid:		3842
[runlim] sample:		9.1 time, 10.6 real, 31.8 MB
[runlim] sample:		18.7 time, 20.6 real, 41.8 MB
[runlim] sample:		28.7 time, 30.6 real, 44.1 MB
[runlim] sample:		38.1 time, 40.6 real, 49.0 MB
[runlim] sample:		46.8 time, 50.6 real, 51.1 MB
[runlim] sample:		56.6 time, 60.6 real, 61.1 MB
[runlim] sample:		65.7 time, 70.6 real, 62.9 MB
[runlim] sample:		74.2 time, 80.6 real, 71.6 MB
[runlim] sample:		83.2 time, 90.6 real, 75.2 MB
[runlim] sample:		93.0 time, 100.6 real, 77.0 MB
[runlim] sample:		103.1 time, 110.6 real, 77.5 MB
[runlim] sample:		111.7 time, 120.6 real, 78.8 MB
[runlim] sample:		120.7 time, 130.6 real, 80.0 MB
[runlim] sample:		129.7 time, 140.6 real, 81.0 MB
[runlim] sample:		138.7 time, 150.6 real, 82.8 MB
[runlim] sample:		147.7 time, 160.6 real, 83.6 MB
[runlim] sample:		156.7 time, 170.6 real, 84.3 MB
[runlim] sample:		165.7 time, 180.6 real, 84.5 MB
[runlim] sample:		174.7 time, 190.6 real, 84.7 MB
[runlim] sample:		183.7 time, 200.6 real, 85.5 MB
[runlim] sample:		192.7 time, 210.6 real, 85.5 MB
[runlim] sample:		202.4 time, 220.6 real, 86.2 MB
[runlim] sample:		212.4 time, 230.6 real, 87.7 MB
[runlim] sample:		222.4 time, 240.6 real, 89.7 MB
[runlim] sample:		232.4 time, 250.6 real, 90.0 MB
[runlim] sample:		242.4 time, 260.6 real, 90.0 MB
[runlim] sample:		252.4 time, 270.6 real, 90.0 MB
[runlim] sample:		262.4 time, 280.6 real, 91.0 MB
[runlim] sample:		272.4 time, 290.6 real, 91.0 MB
[runlim] sample:		282.4 time, 300.6 real, 91.3 MB
[runlim] sample:		292.2 time, 310.6 real, 91.5 MB
CVC4 interrupted by SIGTERM.
[runlim] end:			Tue Feb  5 09:58:03 2019
[runlim] status:		out of time
[runlim] result:		2
[runlim] children:		0
[runlim] real:			318.51 seconds
[runlim] time:			300.05 seconds
[runlim] space:			93.6 MB
[runlim] samples:		3179
