[runlim] version:		1.10fixed
[runlim] time limit:		300 seconds
[runlim] real time limit:	311040000 seconds
[runlim] space limit:		4000 MB
[runlim] argv[0]:		./cvc4
[runlim] argv[1]:		--nl-ext-tplanes
[runlim] argv[2]:		/tmp/OzWkCGuN.smt2
[runlim] start:			Tue Feb  5 09:57:42 2019
[runlim] main pid:		5045
/tmp/OzWkCGuN.smt2:4.12: No set-logic command was given before this point.
/tmp/OzWkCGuN.smt2:4.12: CVC4 will make all theories available.
/tmp/OzWkCGuN.smt2:4.12: Consider setting a stricter logic for (likely) better performance.
/tmp/OzWkCGuN.smt2:4.12: To suppress this warning in the future use (set-logic ALL).
[runlim] sample:		9.9 time, 10.2 real, 92.6 MB
[runlim] sample:		19.9 time, 20.2 real, 123.7 MB
[runlim] sample:		29.9 time, 30.2 real, 146.3 MB
[runlim] sample:		39.9 time, 40.2 real, 163.1 MB
[runlim] sample:		49.9 time, 50.2 real, 178.8 MB
[runlim] sample:		59.9 time, 60.2 real, 191.9 MB
[runlim] sample:		69.9 time, 70.2 real, 203.5 MB
[runlim] sample:		79.9 time, 80.2 real, 219.3 MB
[runlim] sample:		89.9 time, 90.2 real, 230.4 MB
[runlim] sample:		99.9 time, 100.2 real, 241.0 MB
[runlim] sample:		109.9 time, 110.2 real, 248.0 MB
[runlim] sample:		119.9 time, 120.2 real, 254.4 MB
[runlim] sample:		129.9 time, 130.2 real, 265.5 MB
[runlim] sample:		139.9 time, 140.2 real, 272.4 MB
[runlim] sample:		149.9 time, 150.2 real, 278.4 MB
[runlim] sample:		159.9 time, 160.2 real, 286.1 MB
[runlim] sample:		169.9 time, 170.2 real, 296.7 MB
[runlim] sample:		179.5 time, 180.2 real, 302.3 MB
[runlim] sample:		189.1 time, 190.2 real, 309.3 MB
[runlim] sample:		198.5 time, 200.2 real, 316.3 MB
[runlim] sample:		207.6 time, 210.2 real, 321.2 MB
[runlim] sample:		217.3 time, 220.2 real, 325.0 MB
[runlim] sample:		226.9 time, 230.2 real, 327.1 MB
[runlim] sample:		236.1 time, 240.2 real, 337.6 MB
[runlim] sample:		245.1 time, 250.2 real, 346.0 MB
[runlim] sample:		255.1 time, 260.2 real, 357.7 MB
[runlim] sample:		265.1 time, 270.2 real, 358.5 MB
[runlim] sample:		275.1 time, 280.2 real, 364.1 MB
[runlim] sample:		285.1 time, 290.2 real, 370.6 MB
[runlim] sample:		295.1 time, 300.2 real, 377.8 MB
CVC4 interrupted by SIGTERM.
[runlim] end:			Tue Feb  5 10:02:47 2019
[runlim] status:		out of time
[runlim] result:		2
[runlim] children:		0
[runlim] real:			305.24 seconds
[runlim] time:			300.09 seconds
[runlim] space:			377.8 MB
[runlim] samples:		3050
