[runlim] version:		1.10fixed
[runlim] time limit:		300 seconds
[runlim] real time limit:	311040000 seconds
[runlim] space limit:		4000 MB
[runlim] argv[0]:		./cvc4
[runlim] argv[1]:		--nl-ext-tplanes
[runlim] argv[2]:		--cbqi-all
[runlim] argv[3]:		/tmp/cIyhOwXA.smt2
[runlim] start:			Tue Jan 29 16:54:46 2019
[runlim] main pid:		27175
[runlim] sample:		7.7 time, 10.7 real, 83.8 MB
[runlim] sample:		17.4 time, 20.7 real, 117.7 MB
[runlim] sample:		27.0 time, 30.7 real, 142.7 MB
[runlim] sample:		36.7 time, 40.7 real, 162.1 MB
[runlim] sample:		46.6 time, 50.7 real, 178.8 MB
[runlim] sample:		56.6 time, 60.7 real, 192.0 MB
[runlim] sample:		66.7 time, 70.7 real, 208.6 MB
[runlim] sample:		76.7 time, 80.7 real, 222.8 MB
[runlim] sample:		86.6 time, 90.7 real, 233.9 MB
[runlim] sample:		96.6 time, 100.7 real, 242.6 MB
[runlim] sample:		104.2 time, 110.7 real, 252.5 MB
[runlim] sample:		112.7 time, 120.7 real, 259.3 MB
[runlim] sample:		122.7 time, 130.7 real, 267.3 MB
[runlim] sample:		132.7 time, 140.7 real, 275.3 MB
[runlim] sample:		142.7 time, 150.7 real, 282.5 MB
[runlim] sample:		152.7 time, 160.7 real, 290.0 MB
[runlim] sample:		162.6 time, 170.7 real, 295.1 MB
[runlim] sample:		172.6 time, 180.7 real, 300.9 MB
[runlim] sample:		182.6 time, 190.7 real, 307.6 MB
[runlim] sample:		192.6 time, 200.7 real, 312.8 MB
[runlim] sample:		202.6 time, 210.7 real, 318.4 MB
[runlim] sample:		212.6 time, 220.7 real, 325.7 MB
[runlim] sample:		222.6 time, 230.7 real, 328.5 MB
[runlim] sample:		232.6 time, 240.7 real, 333.4 MB
[runlim] sample:		242.6 time, 250.7 real, 338.5 MB
[runlim] sample:		252.6 time, 260.7 real, 343.9 MB
[runlim] sample:		262.6 time, 270.7 real, 349.9 MB
[runlim] sample:		272.6 time, 280.7 real, 353.5 MB
[runlim] sample:		282.6 time, 290.7 real, 359.4 MB
[runlim] sample:		292.6 time, 300.7 real, 362.5 MB
CVC4 interrupted by SIGTERM.
[runlim] end:			Tue Jan 29 16:59:54 2019
[runlim] status:		out of time
[runlim] result:		2
[runlim] children:		0
[runlim] real:			308.21 seconds
[runlim] time:			300.10 seconds
[runlim] space:			366.3 MB
[runlim] samples:		3075
