[runlim] version:		1.10fixed
[runlim] time limit:		300 seconds
[runlim] real time limit:	311040000 seconds
[runlim] space limit:		4000 MB
[runlim] argv[0]:		./cvc4
[runlim] argv[1]:		--nl-ext-tplanes
[runlim] argv[2]:		--cbqi-all
[runlim] argv[3]:		/tmp/gFYTGML5.smt2
[runlim] start:			Tue Feb  5 13:21:33 2019
[runlim] main pid:		21118
[runlim] sample:		8.6 time, 10.7 real, 40.2 MB
[runlim] sample:		17.9 time, 20.7 real, 52.6 MB
[runlim] sample:		27.6 time, 30.7 real, 60.3 MB
[runlim] sample:		36.9 time, 40.7 real, 67.8 MB
[runlim] sample:		46.8 time, 50.7 real, 76.3 MB
[runlim] sample:		56.8 time, 60.7 real, 82.5 MB
[runlim] sample:		66.8 time, 70.7 real, 87.4 MB
[runlim] sample:		76.8 time, 80.7 real, 92.6 MB
[runlim] sample:		86.8 time, 90.7 real, 96.7 MB
[runlim] sample:		95.7 time, 100.7 real, 100.5 MB
[runlim] sample:		105.1 time, 110.7 real, 107.8 MB
[runlim] sample:		115.1 time, 120.7 real, 117.0 MB
[runlim] sample:		125.1 time, 130.7 real, 117.8 MB
[runlim] sample:		135.1 time, 140.7 real, 120.7 MB
[runlim] sample:		145.1 time, 150.7 real, 123.7 MB
[runlim] sample:		155.1 time, 160.7 real, 126.6 MB
[runlim] sample:		165.1 time, 170.7 real, 129.2 MB
[runlim] sample:		175.1 time, 180.7 real, 132.0 MB
[runlim] sample:		184.7 time, 190.7 real, 134.8 MB
[runlim] sample:		194.3 time, 200.7 real, 137.4 MB
[runlim] sample:		204.0 time, 210.7 real, 139.7 MB
[runlim] sample:		213.6 time, 220.7 real, 142.1 MB
[runlim] sample:		223.3 time, 230.7 real, 144.1 MB
[runlim] sample:		233.3 time, 240.7 real, 146.4 MB
[runlim] sample:		243.3 time, 250.7 real, 148.5 MB
[runlim] sample:		253.3 time, 260.7 real, 150.8 MB
[runlim] sample:		263.4 time, 270.7 real, 152.9 MB
[runlim] sample:		273.4 time, 280.7 real, 154.7 MB
[runlim] sample:		283.3 time, 290.7 real, 156.7 MB
[runlim] sample:		293.3 time, 300.7 real, 158.3 MB
[runlim] end:			Tue Feb  5 13:26:39 2019
[runlim] status:		signal(9)
[runlim] result:		11
[runlim] children:		0
[runlim] real:			306.05 seconds
[runlim] time:			298.64 seconds
[runlim] space:			159.3 MB
[runlim] samples:		3053
