[runlim] version:		1.10fixed
[runlim] time limit:		300 seconds
[runlim] real time limit:	311040000 seconds
[runlim] space limit:		4000 MB
[runlim] argv[0]:		./cvc4
[runlim] argv[1]:		--nl-ext-tplanes
[runlim] argv[2]:		--cbqi-all
[runlim] argv[3]:		/tmp/Ty2Q0brn.smt2
[runlim] start:			Tue Feb  5 10:17:55 2019
[runlim] main pid:		30693
[runlim] sample:		9.7 time, 11.0 real, 53.2 MB
[runlim] sample:		19.4 time, 21.0 real, 67.0 MB
[runlim] sample:		28.9 time, 31.0 real, 75.2 MB
[runlim] sample:		38.5 time, 41.0 real, 83.0 MB
[runlim] sample:		48.3 time, 51.0 real, 89.7 MB
[runlim] sample:		58.3 time, 61.0 real, 96.2 MB
[runlim] sample:		68.3 time, 71.0 real, 102.3 MB
[runlim] sample:		78.3 time, 81.0 real, 109.5 MB
[runlim] sample:		88.3 time, 91.0 real, 113.9 MB
[runlim] sample:		98.3 time, 101.0 real, 117.8 MB
[runlim] sample:		108.3 time, 111.0 real, 121.1 MB
[runlim] sample:		118.3 time, 121.0 real, 124.5 MB
[runlim] sample:		128.3 time, 131.0 real, 127.6 MB
[runlim] sample:		138.3 time, 141.0 real, 130.9 MB
[runlim] sample:		148.3 time, 151.0 real, 134.2 MB
[runlim] sample:		158.3 time, 161.0 real, 137.9 MB
[runlim] sample:		168.3 time, 171.0 real, 140.7 MB
[runlim] sample:		178.3 time, 181.0 real, 143.8 MB
[runlim] sample:		188.3 time, 191.0 real, 146.4 MB
[runlim] sample:		198.3 time, 201.0 real, 148.7 MB
[runlim] sample:		208.3 time, 211.0 real, 151.2 MB
[runlim] sample:		218.3 time, 221.0 real, 155.4 MB
[runlim] sample:		228.3 time, 231.0 real, 157.4 MB
[runlim] sample:		238.3 time, 241.0 real, 159.8 MB
[runlim] sample:		248.3 time, 251.0 real, 162.1 MB
[runlim] sample:		258.3 time, 261.0 real, 163.6 MB
[runlim] sample:		268.3 time, 271.0 real, 165.9 MB
[runlim] sample:		278.3 time, 281.0 real, 169.8 MB
[runlim] sample:		288.3 time, 291.0 real, 171.6 MB
[runlim] sample:		298.3 time, 301.0 real, 173.2 MB
CVC4 interrupted by SIGTERM.
[runlim] end:			Tue Feb  5 10:22:57 2019
[runlim] status:		out of time
[runlim] result:		2
[runlim] children:		0
[runlim] real:			302.80 seconds
[runlim] time:			300.08 seconds
[runlim] space:			173.7 MB
[runlim] samples:		3018
