[runlim] version:		1.10fixed
[runlim] time limit:		300 seconds
[runlim] real time limit:	311040000 seconds
[runlim] space limit:		4000 MB
[runlim] argv[0]:		./cvc4
[runlim] argv[1]:		--nl-ext-tplanes
[runlim] argv[2]:		--cbqi-all
[runlim] argv[3]:		/tmp/hdEXU0Xx.smt2
[runlim] start:			Tue Feb  5 10:18:34 2019
[runlim] main pid:		29791
/tmp/hdEXU0Xx.smt2:4.12: No set-logic command was given before this point.
/tmp/hdEXU0Xx.smt2:4.12: CVC4 will make all theories available.
/tmp/hdEXU0Xx.smt2:4.12: Consider setting a stricter logic for (likely) better performance.
/tmp/hdEXU0Xx.smt2:4.12: To suppress this warning in the future use (set-logic ALL).
[runlim] sample:		9.0 time, 10.6 real, 102.8 MB
[runlim] sample:		17.0 time, 20.6 real, 136.2 MB
[runlim] sample:		26.9 time, 30.6 real, 158.9 MB
[runlim] sample:		36.9 time, 40.6 real, 177.2 MB
[runlim] sample:		46.9 time, 50.6 real, 193.3 MB
[runlim] sample:		56.9 time, 60.6 real, 204.9 MB
[runlim] sample:		66.9 time, 70.6 real, 216.2 MB
[runlim] sample:		76.9 time, 80.6 real, 227.9 MB
[runlim] sample:		86.9 time, 90.6 real, 238.4 MB
[runlim] sample:		96.9 time, 100.6 real, 248.1 MB
[runlim] sample:		106.9 time, 110.6 real, 256.3 MB
[runlim] sample:		116.9 time, 120.6 real, 266.9 MB
[runlim] sample:		126.9 time, 130.6 real, 274.9 MB
[runlim] sample:		136.9 time, 140.6 real, 282.1 MB
[runlim] sample:		146.9 time, 150.6 real, 288.3 MB
[runlim] sample:		156.9 time, 160.6 real, 293.7 MB
[runlim] sample:		166.9 time, 170.6 real, 301.1 MB
[runlim] sample:		176.9 time, 180.6 real, 306.3 MB
[runlim] sample:		186.9 time, 190.6 real, 311.9 MB
[runlim] sample:		196.9 time, 200.6 real, 317.6 MB
[runlim] sample:		206.9 time, 210.6 real, 323.5 MB
[runlim] sample:		216.9 time, 220.6 real, 328.6 MB
[runlim] sample:		226.9 time, 230.6 real, 333.8 MB
[runlim] sample:		236.9 time, 240.6 real, 339.2 MB
[runlim] sample:		246.9 time, 250.6 real, 344.3 MB
[runlim] sample:		256.9 time, 260.6 real, 347.4 MB
[runlim] sample:		266.9 time, 270.6 real, 351.5 MB
[runlim] sample:		276.9 time, 280.6 real, 357.2 MB
[runlim] sample:		286.9 time, 290.6 real, 360.0 MB
[runlim] sample:		296.9 time, 300.6 real, 364.4 MB
CVC4 interrupted by SIGTERM.
[runlim] end:			Tue Feb  5 10:23:37 2019
[runlim] status:		out of time
[runlim] result:		2
[runlim] children:		0
[runlim] real:			303.83 seconds
[runlim] time:			300.07 seconds
[runlim] space:			364.9 MB
[runlim] samples:		3032
