[runlim] version:		1.10fixed
[runlim] time limit:		300 seconds
[runlim] real time limit:	311040000 seconds
[runlim] space limit:		4000 MB
[runlim] argv[0]:		./cvc4
[runlim] argv[1]:		--nl-ext-tplanes
[runlim] argv[2]:		--cbqi-all
[runlim] argv[3]:		/tmp/Bx2Nzwvq.smt2
[runlim] start:			Tue Jan 29 16:55:01 2019
[runlim] main pid:		3390
[runlim] sample:		8.2 time, 11.0 real, 73.5 MB
[runlim] sample:		17.3 time, 21.0 real, 93.7 MB
[runlim] sample:		27.3 time, 31.0 real, 111.6 MB
[runlim] sample:		37.3 time, 41.0 real, 127.0 MB
[runlim] sample:		47.3 time, 51.0 real, 138.4 MB
[runlim] sample:		57.3 time, 61.0 real, 146.8 MB
[runlim] sample:		67.3 time, 71.0 real, 155.3 MB
[runlim] sample:		77.3 time, 81.0 real, 161.6 MB
[runlim] sample:		87.2 time, 91.0 real, 168.7 MB
[runlim] sample:		97.3 time, 101.0 real, 174.4 MB
[runlim] sample:		107.3 time, 111.0 real, 180.3 MB
[runlim] sample:		117.3 time, 121.0 real, 185.5 MB
[runlim] sample:		127.2 time, 131.0 real, 190.9 MB
[runlim] sample:		137.3 time, 141.0 real, 195.0 MB
[runlim] sample:		147.3 time, 151.0 real, 201.2 MB
[runlim] sample:		157.2 time, 161.0 real, 208.1 MB
[runlim] sample:		167.3 time, 171.0 real, 212.0 MB
[runlim] sample:		177.2 time, 181.0 real, 217.1 MB
[runlim] sample:		187.3 time, 191.0 real, 221.2 MB
[runlim] sample:		197.2 time, 201.0 real, 227.4 MB
[runlim] sample:		207.2 time, 211.0 real, 231.8 MB
[runlim] sample:		215.0 time, 221.0 real, 233.6 MB
[runlim] sample:		223.6 time, 231.0 real, 235.7 MB
[runlim] sample:		233.3 time, 241.0 real, 239.5 MB
[runlim] sample:		243.0 time, 251.0 real, 243.6 MB
[runlim] sample:		252.7 time, 261.0 real, 246.5 MB
[runlim] sample:		262.7 time, 271.0 real, 249.3 MB
[runlim] sample:		272.7 time, 281.0 real, 254.8 MB
[runlim] sample:		282.7 time, 291.0 real, 257.1 MB
[runlim] sample:		292.7 time, 301.0 real, 261.0 MB
CVC4 interrupted by SIGTERM.
[runlim] end:			Tue Jan 29 17:00:09 2019
[runlim] status:		out of time
[runlim] result:		2
[runlim] children:		0
[runlim] real:			308.40 seconds
[runlim] time:			300.10 seconds
[runlim] space:			263.5 MB
[runlim] samples:		3074
