[runlim] version:		1.10fixed
[runlim] time limit:		300 seconds
[runlim] real time limit:	311040000 seconds
[runlim] space limit:		4000 MB
[runlim] argv[0]:		./cvc4
[runlim] argv[1]:		--nl-ext-tplanes
[runlim] argv[2]:		--cbqi-all
[runlim] argv[3]:		/tmp/vzctyoH8.smt2
[runlim] start:			Tue Feb  5 13:16:57 2019
[runlim] main pid:		9097
[runlim] sample:		8.8 time, 10.1 real, 51.4 MB
[runlim] sample:		18.2 time, 20.1 real, 65.9 MB
[runlim] sample:		26.5 time, 30.1 real, 73.3 MB
[runlim] sample:		36.5 time, 40.1 real, 81.8 MB
[runlim] sample:		46.3 time, 50.1 real, 88.8 MB
[runlim] sample:		56.4 time, 60.1 real, 95.4 MB
[runlim] sample:		65.1 time, 70.1 real, 100.5 MB
[runlim] sample:		73.2 time, 80.1 real, 107.4 MB
[runlim] sample:		82.8 time, 90.1 real, 112.0 MB
[runlim] sample:		92.3 time, 100.1 real, 115.6 MB
[runlim] sample:		100.4 time, 110.1 real, 118.9 MB
[runlim] sample:		109.1 time, 120.1 real, 121.8 MB
[runlim] sample:		119.1 time, 130.1 real, 125.1 MB
[runlim] sample:		128.9 time, 140.1 real, 128.5 MB
[runlim] sample:		137.9 time, 150.1 real, 131.3 MB
[runlim] sample:		147.6 time, 160.1 real, 134.7 MB
[runlim] sample:		156.0 time, 170.1 real, 138.0 MB
[runlim] sample:		165.5 time, 180.1 real, 140.3 MB
[runlim] sample:		174.4 time, 190.1 real, 143.2 MB
[runlim] sample:		183.9 time, 200.1 real, 146.0 MB
[runlim] sample:		193.3 time, 210.1 real, 148.3 MB
[runlim] sample:		202.6 time, 220.1 real, 150.6 MB
[runlim] sample:		212.0 time, 230.1 real, 152.7 MB
[runlim] sample:		221.3 time, 240.1 real, 156.6 MB
[runlim] sample:		231.2 time, 250.1 real, 158.9 MB
[runlim] sample:		241.0 time, 260.1 real, 160.4 MB
[runlim] sample:		251.0 time, 270.1 real, 163.0 MB
[runlim] sample:		261.0 time, 280.1 real, 165.1 MB
[runlim] sample:		271.0 time, 290.1 real, 168.9 MB
[runlim] sample:		281.0 time, 300.1 real, 170.9 MB
[runlim] sample:		291.0 time, 310.1 real, 172.7 MB
[runlim] end:			Tue Feb  5 13:22:07 2019
[runlim] status:		signal(9)
[runlim] result:		11
[runlim] children:		0
[runlim] real:			310.25 seconds
[runlim] time:			291.11 seconds
[runlim] space:			172.7 MB
[runlim] samples:		3101
