[runlim] version:		1.10fixed
[runlim] time limit:		300 seconds
[runlim] real time limit:	311040000 seconds
[runlim] space limit:		4000 MB
[runlim] argv[0]:		./cvc4
[runlim] argv[1]:		--nl-ext-tplanes
[runlim] argv[2]:		--cbqi-all
[runlim] argv[3]:		/tmp/8Xe0tG2b.smt2
[runlim] start:			Tue Feb  5 10:18:17 2019
[runlim] main pid:		8060
[runlim] sample:		8.0 time, 10.2 real, 50.6 MB
[runlim] sample:		17.2 time, 20.2 real, 64.7 MB
[runlim] sample:		27.2 time, 30.2 real, 74.2 MB
[runlim] sample:		37.2 time, 40.2 real, 82.5 MB
[runlim] sample:		47.2 time, 50.2 real, 89.7 MB
[runlim] sample:		57.2 time, 60.2 real, 96.3 MB
[runlim] sample:		67.2 time, 70.2 real, 102.2 MB
[runlim] sample:		77.2 time, 80.2 real, 109.9 MB
[runlim] sample:		87.2 time, 90.2 real, 114.2 MB
[runlim] sample:		97.2 time, 100.2 real, 117.9 MB
[runlim] sample:		107.2 time, 110.2 real, 121.5 MB
[runlim] sample:		117.2 time, 120.2 real, 124.8 MB
[runlim] sample:		127.2 time, 130.2 real, 127.6 MB
[runlim] sample:		137.2 time, 140.2 real, 131.5 MB
[runlim] sample:		147.2 time, 150.2 real, 134.3 MB
[runlim] sample:		157.2 time, 160.2 real, 138.2 MB
[runlim] sample:		167.2 time, 170.2 real, 141.0 MB
[runlim] sample:		177.2 time, 180.2 real, 143.9 MB
[runlim] sample:		187.2 time, 190.2 real, 146.2 MB
[runlim] sample:		197.2 time, 200.2 real, 148.5 MB
[runlim] sample:		207.2 time, 210.2 real, 151.1 MB
[runlim] sample:		217.2 time, 220.2 real, 155.2 MB
[runlim] sample:		227.2 time, 230.2 real, 157.8 MB
[runlim] sample:		237.2 time, 240.2 real, 159.9 MB
[runlim] sample:		247.2 time, 250.2 real, 162.2 MB
[runlim] sample:		257.2 time, 260.2 real, 164.2 MB
[runlim] sample:		267.2 time, 270.2 real, 166.0 MB
[runlim] sample:		277.2 time, 280.2 real, 169.7 MB
[runlim] sample:		287.2 time, 290.2 real, 171.5 MB
[runlim] sample:		297.1 time, 300.2 real, 173.5 MB
CVC4 interrupted by SIGTERM.
[runlim] end:			Tue Feb  5 10:23:20 2019
[runlim] status:		out of time
[runlim] result:		2
[runlim] children:		0
[runlim] real:			303.17 seconds
[runlim] time:			300.05 seconds
[runlim] space:			174.3 MB
[runlim] samples:		3029
