[runlim] version:		1.10fixed
[runlim] time limit:		300 seconds
[runlim] real time limit:	311040000 seconds
[runlim] space limit:		4000 MB
[runlim] argv[0]:		./cvc4
[runlim] argv[1]:		--nl-ext-tplanes
[runlim] argv[2]:		--cbqi-all
[runlim] argv[3]:		/tmp/AHp1c38G.smt2
[runlim] start:			Tue Feb  5 10:18:30 2019
[runlim] main pid:		30904
/tmp/AHp1c38G.smt2:4.12: No set-logic command was given before this point.
/tmp/AHp1c38G.smt2:4.12: CVC4 will make all theories available.
/tmp/AHp1c38G.smt2:4.12: Consider setting a stricter logic for (likely) better performance.
/tmp/AHp1c38G.smt2:4.12: To suppress this warning in the future use (set-logic ALL).
[runlim] sample:		9.6 time, 10.9 real, 101.6 MB
[runlim] sample:		19.3 time, 20.9 real, 135.9 MB
[runlim] sample:		29.1 time, 30.9 real, 157.7 MB
[runlim] sample:		38.5 time, 40.9 real, 172.1 MB
[runlim] sample:		48.0 time, 50.9 real, 184.2 MB
[runlim] sample:		57.7 time, 60.9 real, 194.8 MB
[runlim] sample:		67.2 time, 70.9 real, 205.6 MB
[runlim] sample:		76.8 time, 80.9 real, 214.4 MB
[runlim] sample:		86.7 time, 90.9 real, 226.0 MB
[runlim] sample:		96.6 time, 100.9 real, 233.5 MB
[runlim] sample:		106.2 time, 110.9 real, 241.4 MB
[runlim] sample:		115.9 time, 120.9 real, 250.0 MB
[runlim] sample:		125.6 time, 130.9 real, 256.4 MB
[runlim] sample:		135.2 time, 140.9 real, 266.4 MB
[runlim] sample:		145.2 time, 150.9 real, 271.6 MB
[runlim] sample:		155.1 time, 160.9 real, 277.5 MB
[runlim] sample:		164.0 time, 170.9 real, 282.8 MB
[runlim] sample:		172.7 time, 180.9 real, 287.7 MB
[runlim] sample:		181.4 time, 190.9 real, 290.3 MB
[runlim] sample:		190.2 time, 200.9 real, 295.7 MB
[runlim] sample:		199.4 time, 210.9 real, 298.5 MB
[runlim] sample:		209.1 time, 220.9 real, 303.4 MB
[runlim] sample:		217.9 time, 230.9 real, 308.0 MB
[runlim] sample:		227.2 time, 240.9 real, 311.4 MB
[runlim] sample:		236.6 time, 250.9 real, 317.8 MB
[runlim] sample:		245.3 time, 260.9 real, 320.9 MB
[runlim] sample:		254.0 time, 270.9 real, 323.2 MB
[runlim] sample:		262.9 time, 280.9 real, 327.6 MB
[runlim] sample:		272.9 time, 290.9 real, 331.2 MB
[runlim] sample:		282.9 time, 300.9 real, 334.3 MB
[runlim] sample:		292.9 time, 310.9 real, 339.2 MB
[runlim] end:			Tue Feb  5 10:23:47 2019
[runlim] status:		signal(9)
[runlim] result:		11
[runlim] children:		0
[runlim] real:			317.70 seconds
[runlim] time:			299.64 seconds
[runlim] space:			341.7 MB
[runlim] samples:		3167
