[runlim] version:		1.10fixed
[runlim] time limit:		300 seconds
[runlim] real time limit:	311040000 seconds
[runlim] space limit:		4000 MB
[runlim] argv[0]:		./cvc4
[runlim] argv[1]:		--nl-ext-tplanes
[runlim] argv[2]:		--cbqi-all
[runlim] argv[3]:		/tmp/inetSz33.smt2
[runlim] start:			Tue Jan 29 16:55:43 2019
[runlim] main pid:		21265
[runlim] sample:		9.0 time, 11.0 real, 41.3 MB
[runlim] sample:		18.3 time, 21.0 real, 54.0 MB
[runlim] sample:		28.1 time, 31.0 real, 63.7 MB
[runlim] sample:		37.5 time, 41.0 real, 72.8 MB
[runlim] sample:		47.0 time, 51.0 real, 79.0 MB
[runlim] sample:		57.0 time, 61.0 real, 84.6 MB
[runlim] sample:		67.0 time, 71.0 real, 90.3 MB
[runlim] sample:		77.0 time, 81.0 real, 95.5 MB
[runlim] sample:		86.1 time, 91.0 real, 99.1 MB
[runlim] sample:		95.5 time, 101.0 real, 109.2 MB
[runlim] sample:		104.5 time, 111.0 real, 113.1 MB
[runlim] sample:		113.3 time, 121.0 real, 116.7 MB
[runlim] sample:		122.0 time, 131.0 real, 119.8 MB
[runlim] sample:		130.6 time, 141.0 real, 122.6 MB
[runlim] sample:		140.1 time, 151.0 real, 125.7 MB
[runlim] sample:		150.1 time, 161.0 real, 128.8 MB
[runlim] sample:		160.1 time, 171.0 real, 131.9 MB
[runlim] sample:		170.1 time, 181.0 real, 134.7 MB
[runlim] sample:		180.1 time, 191.0 real, 137.6 MB
[runlim] sample:		190.1 time, 201.0 real, 140.1 MB
[runlim] sample:		200.0 time, 211.0 real, 142.5 MB
[runlim] sample:		210.0 time, 221.0 real, 145.3 MB
[runlim] sample:		220.0 time, 231.0 real, 147.9 MB
[runlim] sample:		230.0 time, 241.0 real, 149.9 MB
[runlim] sample:		240.0 time, 251.0 real, 152.3 MB
[runlim] sample:		250.0 time, 261.0 real, 154.6 MB
[runlim] sample:		260.0 time, 271.0 real, 156.9 MB
[runlim] sample:		270.0 time, 281.0 real, 159.0 MB
[runlim] sample:		280.0 time, 291.0 real, 160.8 MB
[runlim] sample:		290.0 time, 301.0 real, 162.8 MB
[runlim] sample:		300.0 time, 311.0 real, 164.9 MB
CVC4 interrupted by SIGTERM.
[runlim] end:			Tue Jan 29 17:00:54 2019
[runlim] status:		out of time
[runlim] result:		2
[runlim] children:		0
[runlim] real:			311.11 seconds
[runlim] time:			300.09 seconds
[runlim] space:			164.9 MB
[runlim] samples:		3101
