[runlim] version:		1.10fixed
[runlim] time limit:		300 seconds
[runlim] real time limit:	311040000 seconds
[runlim] space limit:		4000 MB
[runlim] argv[0]:		./cvc4
[runlim] argv[1]:		--nl-ext-tplanes
[runlim] argv[2]:		--cbqi-all
[runlim] argv[3]:		/tmp/Z2GtY1sD.smt2
[runlim] start:			Tue Feb  5 10:18:17 2019
[runlim] main pid:		25072
[runlim] sample:		7.7 time, 10.9 real, 50.0 MB
[runlim] sample:		17.2 time, 20.9 real, 65.1 MB
[runlim] sample:		27.2 time, 30.9 real, 74.1 MB
[runlim] sample:		37.0 time, 40.9 real, 82.6 MB
[runlim] sample:		47.0 time, 50.9 real, 89.6 MB
[runlim] sample:		57.0 time, 60.9 real, 95.8 MB
[runlim] sample:		67.0 time, 70.9 real, 102.2 MB
[runlim] sample:		77.0 time, 80.9 real, 109.5 MB
[runlim] sample:		87.0 time, 90.9 real, 113.8 MB
[runlim] sample:		97.0 time, 100.9 real, 118.0 MB
[runlim] sample:		106.5 time, 110.9 real, 121.1 MB
[runlim] sample:		114.9 time, 120.9 real, 123.9 MB
[runlim] sample:		123.3 time, 130.9 real, 126.5 MB
[runlim] sample:		131.7 time, 140.9 real, 129.0 MB
[runlim] sample:		140.0 time, 150.9 real, 131.9 MB
[runlim] sample:		148.7 time, 160.9 real, 134.7 MB
[runlim] sample:		158.7 time, 170.9 real, 138.3 MB
[runlim] sample:		168.7 time, 180.9 real, 140.6 MB
[runlim] sample:		178.7 time, 190.9 real, 144.0 MB
[runlim] sample:		188.7 time, 200.9 real, 146.3 MB
[runlim] sample:		198.7 time, 210.9 real, 148.9 MB
[runlim] sample:		208.7 time, 220.9 real, 151.5 MB
[runlim] sample:		218.7 time, 230.9 real, 155.6 MB
[runlim] sample:		228.7 time, 240.9 real, 157.9 MB
[runlim] sample:		238.7 time, 250.9 real, 159.7 MB
[runlim] sample:		248.7 time, 260.9 real, 162.3 MB
[runlim] sample:		258.7 time, 270.9 real, 164.1 MB
[runlim] sample:		268.7 time, 280.9 real, 166.1 MB
[runlim] sample:		278.7 time, 290.9 real, 170.0 MB
[runlim] sample:		288.7 time, 300.9 real, 171.8 MB
[runlim] end:			Tue Feb  5 10:23:23 2019
[runlim] status:		signal(9)
[runlim] result:		11
[runlim] children:		0
[runlim] real:			306.02 seconds
[runlim] time:			293.79 seconds
[runlim] space:			172.6 MB
[runlim] samples:		3051
