[runlim] version:		1.10fixed
[runlim] time limit:		300 seconds
[runlim] real time limit:	311040000 seconds
[runlim] space limit:		4000 MB
[runlim] argv[0]:		./cvc4
[runlim] argv[1]:		--nl-ext-tplanes
[runlim] argv[2]:		--cbqi-all
[runlim] argv[3]:		/tmp/XqnDhjZQ.smt2
[runlim] start:			Tue Feb  5 13:17:07 2019
[runlim] main pid:		15737
/tmp/XqnDhjZQ.smt2:4.12: No set-logic command was given before this point.
/tmp/XqnDhjZQ.smt2:4.12: CVC4 will make all theories available.
/tmp/XqnDhjZQ.smt2:4.12: Consider setting a stricter logic for (likely) better performance.
/tmp/XqnDhjZQ.smt2:4.12: To suppress this warning in the future use (set-logic ALL).
[runlim] sample:		7.6 time, 10.7 real, 68.4 MB
[runlim] sample:		16.3 time, 20.7 real, 88.0 MB
[runlim] sample:		26.3 time, 30.7 real, 101.4 MB
[runlim] sample:		35.0 time, 40.7 real, 109.6 MB
[runlim] sample:		44.0 time, 50.7 real, 117.0 MB
[runlim] sample:		54.0 time, 60.7 real, 124.2 MB
[runlim] sample:		64.0 time, 70.7 real, 132.5 MB
[runlim] sample:		74.0 time, 80.7 real, 139.9 MB
[runlim] sample:		84.0 time, 90.7 real, 145.1 MB
[runlim] sample:		94.0 time, 100.7 real, 149.4 MB
[runlim] sample:		103.9 time, 110.7 real, 154.9 MB
[runlim] sample:		114.0 time, 120.7 real, 157.9 MB
[runlim] sample:		124.0 time, 130.7 real, 162.1 MB
[runlim] sample:		133.9 time, 140.7 real, 165.4 MB
[runlim] sample:		143.9 time, 150.7 real, 169.3 MB
[runlim] sample:		153.9 time, 160.7 real, 172.3 MB
[runlim] sample:		163.9 time, 170.7 real, 175.2 MB
[runlim] sample:		173.9 time, 180.7 real, 178.3 MB
[runlim] sample:		183.9 time, 190.7 real, 180.8 MB
[runlim] sample:		193.9 time, 200.7 real, 183.6 MB
[runlim] sample:		203.9 time, 210.7 real, 186.4 MB
[runlim] sample:		213.9 time, 220.7 real, 189.5 MB
[runlim] sample:		223.9 time, 230.7 real, 191.3 MB
[runlim] sample:		233.9 time, 240.7 real, 193.4 MB
[runlim] sample:		243.9 time, 250.7 real, 196.5 MB
[runlim] sample:		253.9 time, 260.7 real, 198.0 MB
[runlim] sample:		263.9 time, 270.7 real, 200.6 MB
[runlim] sample:		273.9 time, 280.7 real, 202.1 MB
[runlim] sample:		283.9 time, 290.7 real, 204.9 MB
[runlim] sample:		293.9 time, 300.7 real, 206.5 MB
CVC4 interrupted by SIGTERM.
[runlim] end:			Tue Feb  5 13:22:13 2019
[runlim] status:		out of time
[runlim] result:		2
[runlim] children:		0
[runlim] real:			306.84 seconds
[runlim] time:			300.04 seconds
[runlim] space:			207.8 MB
[runlim] samples:		3061
