[runlim] version:		1.10fixed
[runlim] time limit:		300 seconds
[runlim] real time limit:	311040000 seconds
[runlim] space limit:		4000 MB
[runlim] argv[0]:		./cvc4
[runlim] argv[1]:		--nl-ext-tplanes
[runlim] argv[2]:		--cbqi-all
[runlim] argv[3]:		/tmp/0NApIeAN.smt2
[runlim] start:			Tue Feb  5 10:18:01 2019
[runlim] main pid:		20158
[runlim] sample:		9.7 time, 10.3 real, 52.9 MB
[runlim] sample:		19.4 time, 20.3 real, 66.7 MB
[runlim] sample:		29.0 time, 30.3 real, 75.2 MB
[runlim] sample:		38.7 time, 40.3 real, 82.9 MB
[runlim] sample:		48.4 time, 50.3 real, 89.6 MB
[runlim] sample:		57.9 time, 60.3 real, 95.9 MB
[runlim] sample:		67.9 time, 70.3 real, 101.8 MB
[runlim] sample:		77.9 time, 80.3 real, 109.3 MB
[runlim] sample:		87.9 time, 90.3 real, 113.7 MB
[runlim] sample:		97.9 time, 100.3 real, 117.8 MB
[runlim] sample:		107.9 time, 110.3 real, 120.9 MB
[runlim] sample:		117.9 time, 120.3 real, 124.2 MB
[runlim] sample:		127.9 time, 130.3 real, 127.3 MB
[runlim] sample:		137.9 time, 140.3 real, 130.7 MB
[runlim] sample:		147.9 time, 150.3 real, 134.0 MB
[runlim] sample:		157.9 time, 160.3 real, 137.6 MB
[runlim] sample:		167.9 time, 170.3 real, 140.5 MB
[runlim] sample:		177.9 time, 180.3 real, 143.6 MB
[runlim] sample:		187.9 time, 190.3 real, 146.1 MB
[runlim] sample:		197.9 time, 200.3 real, 148.5 MB
[runlim] sample:		207.9 time, 210.3 real, 151.0 MB
[runlim] sample:		217.9 time, 220.3 real, 155.2 MB
[runlim] sample:		227.9 time, 230.3 real, 157.5 MB
[runlim] sample:		237.9 time, 240.3 real, 159.6 MB
[runlim] sample:		247.9 time, 250.3 real, 161.9 MB
[runlim] sample:		257.9 time, 260.3 real, 163.7 MB
[runlim] sample:		267.2 time, 270.3 real, 165.5 MB
[runlim] sample:		275.2 time, 280.3 real, 169.3 MB
[runlim] sample:		283.6 time, 290.3 real, 170.6 MB
[runlim] sample:		292.9 time, 300.3 real, 172.1 MB
CVC4 interrupted by SIGTERM.
[runlim] end:			Tue Feb  5 10:23:08 2019
[runlim] status:		out of time
[runlim] result:		2
[runlim] children:		0
[runlim] real:			307.75 seconds
[runlim] time:			300.05 seconds
[runlim] space:			173.6 MB
[runlim] samples:		3074
