[runlim] version:		1.10fixed
[runlim] time limit:		300 seconds
[runlim] real time limit:	311040000 seconds
[runlim] space limit:		4000 MB
[runlim] argv[0]:		./cvc4
[runlim] argv[1]:		--nl-ext-tplanes
[runlim] argv[2]:		--cbqi-all
[runlim] argv[3]:		/tmp/70hlnxmJ.smt2
[runlim] start:			Tue Feb  5 13:17:08 2019
[runlim] main pid:		4203
/tmp/70hlnxmJ.smt2:4.12: No set-logic command was given before this point.
/tmp/70hlnxmJ.smt2:4.12: CVC4 will make all theories available.
/tmp/70hlnxmJ.smt2:4.12: Consider setting a stricter logic for (likely) better performance.
/tmp/70hlnxmJ.smt2:4.12: To suppress this warning in the future use (set-logic ALL).
[runlim] sample:		8.7 time, 10.9 real, 102.1 MB
[runlim] sample:		18.7 time, 20.9 real, 143.1 MB
[runlim] sample:		28.7 time, 30.9 real, 165.8 MB
[runlim] sample:		38.7 time, 40.9 real, 183.8 MB
[runlim] sample:		48.7 time, 50.9 real, 198.2 MB
[runlim] sample:		58.7 time, 60.9 real, 210.6 MB
[runlim] sample:		68.7 time, 70.9 real, 224.9 MB
[runlim] sample:		78.7 time, 80.9 real, 240.5 MB
[runlim] sample:		88.7 time, 90.9 real, 247.9 MB
[runlim] sample:		98.7 time, 100.9 real, 258.0 MB
[runlim] sample:		108.7 time, 110.9 real, 268.3 MB
[runlim] sample:		118.7 time, 120.9 real, 275.0 MB
[runlim] sample:		128.7 time, 130.9 real, 282.5 MB
[runlim] sample:		138.7 time, 140.9 real, 289.9 MB
[runlim] sample:		148.7 time, 150.9 real, 296.1 MB
[runlim] sample:		158.7 time, 160.9 real, 301.2 MB
[runlim] sample:		168.7 time, 170.9 real, 307.2 MB
[runlim] sample:		178.7 time, 180.9 real, 313.6 MB
[runlim] sample:		188.7 time, 190.9 real, 321.1 MB
[runlim] sample:		198.7 time, 200.9 real, 326.7 MB
[runlim] sample:		208.7 time, 210.9 real, 331.9 MB
[runlim] sample:		218.7 time, 220.9 real, 336.0 MB
[runlim] sample:		228.7 time, 230.9 real, 340.4 MB
[runlim] sample:		238.7 time, 240.9 real, 345.2 MB
[runlim] sample:		248.6 time, 250.9 real, 350.4 MB
[runlim] sample:		258.6 time, 260.9 real, 353.5 MB
[runlim] sample:		268.6 time, 270.9 real, 358.6 MB
[runlim] sample:		278.6 time, 280.9 real, 363.8 MB
[runlim] sample:		288.6 time, 290.9 real, 366.3 MB
[runlim] sample:		298.6 time, 300.9 real, 372.0 MB
CVC4 interrupted by SIGTERM.
[runlim] end:			Tue Feb  5 13:22:10 2019
[runlim] status:		out of time
[runlim] result:		2
[runlim] children:		0
[runlim] real:			302.31 seconds
[runlim] time:			300.03 seconds
[runlim] space:			372.0 MB
[runlim] samples:		3014
