[runlim] version:		1.10fixed
[runlim] time limit:		300 seconds
[runlim] real time limit:	311040000 seconds
[runlim] space limit:		4000 MB
[runlim] argv[0]:		./cvc4
[runlim] argv[1]:		--nl-ext-tplanes
[runlim] argv[2]:		--cbqi-all
[runlim] argv[3]:		/tmp/AP918vxP.smt2
[runlim] start:			Tue Jan 29 16:57:28 2019
[runlim] main pid:		32103
[runlim] sample:		9.7 time, 10.6 real, 39.0 MB
[runlim] sample:		19.5 time, 20.6 real, 45.4 MB
[runlim] sample:		29.5 time, 30.6 real, 50.8 MB
[runlim] sample:		39.5 time, 40.6 real, 54.4 MB
[runlim] sample:		49.5 time, 50.6 real, 55.4 MB
[runlim] sample:		59.4 time, 60.6 real, 59.3 MB
[runlim] sample:		69.0 time, 70.6 real, 60.3 MB
[runlim] sample:		78.7 time, 80.6 real, 74.2 MB
[runlim] sample:		88.4 time, 90.6 real, 88.1 MB
[runlim] sample:		98.0 time, 100.6 real, 104.8 MB
[runlim] sample:		107.3 time, 110.6 real, 120.6 MB
[runlim] sample:		116.6 time, 120.6 real, 130.1 MB
[runlim] sample:		125.4 time, 130.6 real, 139.4 MB
[runlim] sample:		134.7 time, 140.6 real, 149.2 MB
[runlim] sample:		143.7 time, 150.6 real, 159.7 MB
[runlim] sample:		152.6 time, 160.6 real, 169.2 MB
[runlim] sample:		161.6 time, 170.6 real, 176.4 MB
[runlim] sample:		171.2 time, 180.6 real, 191.9 MB
[runlim] sample:		181.2 time, 190.6 real, 199.1 MB
[runlim] sample:		191.1 time, 200.6 real, 206.6 MB
[runlim] sample:		200.8 time, 210.6 real, 216.7 MB
[runlim] sample:		209.6 time, 220.6 real, 220.5 MB
[runlim] sample:		218.8 time, 230.6 real, 224.9 MB
[runlim] sample:		228.8 time, 240.6 real, 230.8 MB
[runlim] sample:		238.7 time, 250.6 real, 236.5 MB
[runlim] sample:		247.9 time, 260.6 real, 244.7 MB
[runlim] sample:		257.9 time, 270.6 real, 250.4 MB
[runlim] sample:		267.5 time, 280.6 real, 257.1 MB
[runlim] sample:		276.5 time, 290.6 real, 264.1 MB
[runlim] sample:		285.6 time, 300.6 real, 266.1 MB
[runlim] sample:		293.9 time, 310.6 real, 273.3 MB
CVC4 interrupted by SIGTERM.
[runlim] end:			Tue Jan 29 17:02:46 2019
[runlim] status:		out of time
[runlim] result:		2
[runlim] children:		0
[runlim] real:			318.06 seconds
[runlim] time:			300.06 seconds
[runlim] space:			273.3 MB
[runlim] samples:		3174
