[runlim] version:		1.10fixed
[runlim] time limit:		300 seconds
[runlim] real time limit:	311040000 seconds
[runlim] space limit:		4000 MB
[runlim] argv[0]:		./cvc4
[runlim] argv[1]:		--nl-ext-tplanes
[runlim] argv[2]:		--cbqi-all
[runlim] argv[3]:		/tmp/wlV5Qcwd.smt2
[runlim] start:			Tue Feb  5 10:18:34 2019
[runlim] main pid:		25408
/tmp/wlV5Qcwd.smt2:4.12: No set-logic command was given before this point.
/tmp/wlV5Qcwd.smt2:4.12: CVC4 will make all theories available.
/tmp/wlV5Qcwd.smt2:4.12: Consider setting a stricter logic for (likely) better performance.
/tmp/wlV5Qcwd.smt2:4.12: To suppress this warning in the future use (set-logic ALL).
[runlim] sample:		9.3 time, 10.9 real, 112.3 MB
[runlim] sample:		19.3 time, 20.9 real, 157.7 MB
[runlim] sample:		29.3 time, 30.9 real, 183.9 MB
[runlim] sample:		39.3 time, 40.9 real, 204.4 MB
[runlim] sample:		49.3 time, 50.9 real, 218.8 MB
[runlim] sample:		59.3 time, 60.9 real, 235.3 MB
[runlim] sample:		69.3 time, 70.9 real, 249.7 MB
[runlim] sample:		79.3 time, 80.9 real, 266.0 MB
[runlim] sample:		89.3 time, 90.9 real, 273.8 MB
[runlim] sample:		99.3 time, 100.9 real, 283.0 MB
[runlim] sample:		109.3 time, 110.9 real, 293.6 MB
[runlim] sample:		119.3 time, 120.9 real, 300.3 MB
[runlim] sample:		129.3 time, 130.9 real, 309.8 MB
[runlim] sample:		139.3 time, 140.9 real, 318.0 MB
[runlim] sample:		149.3 time, 150.9 real, 326.5 MB
[runlim] sample:		159.3 time, 160.9 real, 333.0 MB
[runlim] sample:		169.3 time, 170.9 real, 339.9 MB
[runlim] sample:		179.3 time, 180.9 real, 345.6 MB
[runlim] sample:		189.3 time, 190.9 real, 350.2 MB
[runlim] sample:		199.3 time, 200.9 real, 356.9 MB
[runlim] sample:		209.3 time, 210.9 real, 364.6 MB
[runlim] sample:		219.3 time, 220.9 real, 368.0 MB
[runlim] sample:		229.3 time, 230.9 real, 375.4 MB
[runlim] sample:		239.3 time, 240.9 real, 379.0 MB
[runlim] sample:		249.3 time, 250.9 real, 386.0 MB
[runlim] sample:		259.3 time, 260.9 real, 389.1 MB
[runlim] sample:		269.3 time, 270.9 real, 393.4 MB
[runlim] sample:		279.3 time, 280.9 real, 400.9 MB
[runlim] sample:		289.3 time, 290.9 real, 404.5 MB
[runlim] sample:		299.3 time, 300.9 real, 412.1 MB
CVC4 interrupted by SIGTERM.
[runlim] end:			Tue Feb  5 10:23:35 2019
[runlim] status:		out of time
[runlim] result:		2
[runlim] children:		0
[runlim] real:			301.69 seconds
[runlim] time:			300.08 seconds
[runlim] space:			412.4 MB
[runlim] samples:		3008
