[runlim] version:		1.10fixed
[runlim] time limit:		300 seconds
[runlim] real time limit:	311040000 seconds
[runlim] space limit:		4000 MB
[runlim] argv[0]:		./cvc4
[runlim] argv[1]:		--nl-ext-tplanes
[runlim] argv[2]:		--cbqi-all
[runlim] argv[3]:		/tmp/kJwyVMAk.smt2
[runlim] start:			Tue Feb  5 10:18:59 2019
[runlim] main pid:		24089
[runlim] sample:		8.3 time, 11.0 real, 40.4 MB
[runlim] sample:		18.0 time, 21.0 real, 53.1 MB
[runlim] sample:		27.4 time, 31.0 real, 61.1 MB
[runlim] sample:		37.1 time, 41.0 real, 71.4 MB
[runlim] sample:		46.3 time, 51.0 real, 77.3 MB
[runlim] sample:		55.1 time, 61.0 real, 82.2 MB
[runlim] sample:		63.2 time, 71.0 real, 86.8 MB
[runlim] sample:		72.9 time, 81.0 real, 91.7 MB
[runlim] sample:		81.6 time, 91.0 real, 95.6 MB
[runlim] sample:		91.4 time, 101.0 real, 100.0 MB
[runlim] sample:		99.6 time, 111.0 real, 105.7 MB
[runlim] sample:		109.2 time, 121.0 real, 113.5 MB
[runlim] sample:		118.7 time, 131.0 real, 117.3 MB
[runlim] sample:		128.2 time, 141.0 real, 120.4 MB
[runlim] sample:		137.3 time, 151.0 real, 123.3 MB
[runlim] sample:		146.3 time, 161.0 real, 126.1 MB
[runlim] sample:		156.0 time, 171.0 real, 129.2 MB
[runlim] sample:		165.9 time, 181.0 real, 132.3 MB
[runlim] sample:		175.9 time, 191.0 real, 134.9 MB
[runlim] sample:		185.9 time, 201.0 real, 137.4 MB
[runlim] sample:		195.9 time, 211.0 real, 140.3 MB
[runlim] sample:		205.6 time, 221.0 real, 142.6 MB
[runlim] sample:		215.6 time, 231.0 real, 144.9 MB
[runlim] sample:		225.6 time, 241.0 real, 147.5 MB
[runlim] sample:		234.6 time, 251.0 real, 149.3 MB
[runlim] sample:		244.3 time, 261.0 real, 151.6 MB
[runlim] sample:		253.5 time, 271.0 real, 153.4 MB
[runlim] sample:		262.5 time, 281.0 real, 155.8 MB
[runlim] sample:		270.9 time, 291.0 real, 157.6 MB
[runlim] sample:		279.8 time, 301.0 real, 159.1 MB
[runlim] sample:		289.0 time, 311.0 real, 160.9 MB
[runlim] end:			Tue Feb  5 10:24:16 2019
[runlim] status:		signal(9)
[runlim] result:		11
[runlim] children:		0
[runlim] real:			317.85 seconds
[runlim] time:			295.46 seconds
[runlim] space:			161.9 MB
[runlim] samples:		3168
