[runlim] version:		1.10fixed
[runlim] time limit:		300 seconds
[runlim] real time limit:	311040000 seconds
[runlim] space limit:		4000 MB
[runlim] argv[0]:		./cvc4
[runlim] argv[1]:		--nl-ext-tplanes
[runlim] argv[2]:		--cbqi-all
[runlim] argv[3]:		/tmp/laDnWfBy.smt2
[runlim] start:			Tue Feb  5 13:20:03 2019
[runlim] main pid:		9088
[runlim] sample:		8.1 time, 10.4 real, 41.0 MB
[runlim] sample:		17.4 time, 20.4 real, 54.0 MB
[runlim] sample:		26.2 time, 30.4 real, 63.1 MB
[runlim] sample:		35.2 time, 40.4 real, 71.8 MB
[runlim] sample:		44.9 time, 50.4 real, 78.7 MB
[runlim] sample:		54.7 time, 60.4 real, 84.2 MB
[runlim] sample:		64.5 time, 70.4 real, 89.8 MB
[runlim] sample:		73.5 time, 80.4 real, 94.7 MB
[runlim] sample:		83.4 time, 90.4 real, 99.6 MB
[runlim] sample:		93.0 time, 100.4 real, 109.9 MB
[runlim] sample:		102.8 time, 110.4 real, 114.0 MB
[runlim] sample:		112.8 time, 120.4 real, 118.1 MB
[runlim] sample:		122.8 time, 130.4 real, 121.7 MB
[runlim] sample:		132.8 time, 140.4 real, 124.8 MB
[runlim] sample:		142.8 time, 150.4 real, 128.2 MB
[runlim] sample:		152.8 time, 160.4 real, 131.3 MB
[runlim] sample:		162.8 time, 170.4 real, 134.6 MB
[runlim] sample:		172.8 time, 180.4 real, 137.7 MB
[runlim] sample:		182.8 time, 190.4 real, 140.5 MB
[runlim] sample:		192.8 time, 200.4 real, 142.9 MB
[runlim] sample:		202.8 time, 210.4 real, 145.4 MB
[runlim] sample:		212.8 time, 220.4 real, 148.0 MB
[runlim] sample:		222.8 time, 230.4 real, 150.3 MB
[runlim] sample:		232.8 time, 240.4 real, 152.7 MB
[runlim] sample:		242.8 time, 250.4 real, 155.0 MB
[runlim] sample:		252.8 time, 260.4 real, 157.0 MB
[runlim] sample:		262.8 time, 270.4 real, 159.1 MB
[runlim] sample:		272.8 time, 280.4 real, 161.4 MB
[runlim] sample:		282.8 time, 290.4 real, 163.0 MB
[runlim] sample:		292.8 time, 300.4 real, 165.3 MB
CVC4 interrupted by SIGTERM.
[runlim] end:			Tue Feb  5 13:25:10 2019
[runlim] status:		out of time
[runlim] result:		2
[runlim] children:		0
[runlim] real:			307.74 seconds
[runlim] time:			300.02 seconds
[runlim] space:			166.6 MB
[runlim] samples:		3073
