[runlim] version:		1.10fixed
[runlim] time limit:		300 seconds
[runlim] real time limit:	311040000 seconds
[runlim] space limit:		4000 MB
[runlim] argv[0]:		./cvc4
[runlim] argv[1]:		--nl-ext-tplanes
[runlim] argv[2]:		--cbqi-all
[runlim] argv[3]:		/tmp/YgK55ysf.smt2
[runlim] start:			Tue Feb  5 13:16:50 2019
[runlim] main pid:		25702
[runlim] sample:		9.7 time, 10.6 real, 54.2 MB
[runlim] sample:		19.7 time, 20.6 real, 68.5 MB
[runlim] sample:		29.7 time, 30.6 real, 77.8 MB
[runlim] sample:		39.7 time, 40.6 real, 85.7 MB
[runlim] sample:		49.7 time, 50.6 real, 92.2 MB
[runlim] sample:		59.7 time, 60.6 real, 99.2 MB
[runlim] sample:		69.2 time, 70.6 real, 106.6 MB
[runlim] sample:		77.1 time, 80.6 real, 111.3 MB
[runlim] sample:		85.1 time, 90.6 real, 114.6 MB
[runlim] sample:		94.3 time, 100.6 real, 118.0 MB
[runlim] sample:		103.4 time, 110.6 real, 121.3 MB
[runlim] sample:		113.4 time, 120.6 real, 124.7 MB
[runlim] sample:		123.4 time, 130.6 real, 128.0 MB
[runlim] sample:		133.4 time, 140.6 real, 131.4 MB
[runlim] sample:		143.4 time, 150.6 real, 134.7 MB
[runlim] sample:		153.4 time, 160.6 real, 138.6 MB
[runlim] sample:		163.1 time, 170.6 real, 141.4 MB
[runlim] sample:		171.1 time, 180.6 real, 144.3 MB
[runlim] sample:		179.1 time, 190.6 real, 145.8 MB
[runlim] sample:		187.0 time, 200.6 real, 148.1 MB
[runlim] sample:		196.4 time, 210.6 real, 150.4 MB
[runlim] sample:		206.4 time, 220.6 real, 153.3 MB
[runlim] sample:		216.4 time, 230.6 real, 157.1 MB
[runlim] sample:		226.4 time, 240.6 real, 159.2 MB
[runlim] sample:		236.4 time, 250.6 real, 161.5 MB
[runlim] sample:		244.9 time, 260.6 real, 163.3 MB
[runlim] sample:		252.8 time, 270.6 real, 164.9 MB
[runlim] sample:		260.9 time, 280.6 real, 168.5 MB
[runlim] sample:		270.1 time, 290.6 real, 170.3 MB
[runlim] sample:		280.1 time, 300.6 real, 172.4 MB
[runlim] sample:		289.4 time, 310.6 real, 174.2 MB
[runlim] end:			Tue Feb  5 13:22:05 2019
[runlim] status:		signal(9)
[runlim] result:		11
[runlim] children:		0
[runlim] real:			315.48 seconds
[runlim] time:			294.00 seconds
[runlim] space:			174.9 MB
[runlim] samples:		3148
