[runlim] version:		1.10fixed
[runlim] time limit:		300 seconds
[runlim] real time limit:	311040000 seconds
[runlim] space limit:		4000 MB
[runlim] argv[0]:		./cvc4
[runlim] argv[1]:		--nl-ext-tplanes
[runlim] argv[2]:		--cbqi-all
[runlim] argv[3]:		/tmp/bLrgNpAB.smt2
[runlim] start:			Tue Feb  5 13:21:47 2019
[runlim] main pid:		21140
[runlim] sample:		8.3 time, 10.6 real, 38.1 MB
[runlim] sample:		16.9 time, 20.6 real, 45.8 MB
[runlim] sample:		25.9 time, 30.6 real, 53.5 MB
[runlim] sample:		35.9 time, 40.6 real, 59.7 MB
[runlim] sample:		45.9 time, 50.6 real, 65.4 MB
[runlim] sample:		55.9 time, 60.6 real, 70.0 MB
[runlim] sample:		65.6 time, 70.6 real, 75.5 MB
[runlim] sample:		73.7 time, 80.6 real, 77.6 MB
[runlim] sample:		83.7 time, 90.6 real, 83.3 MB
[runlim] sample:		93.7 time, 100.6 real, 87.2 MB
[runlim] sample:		103.7 time, 110.6 real, 90.0 MB
[runlim] sample:		113.7 time, 120.6 real, 94.1 MB
[runlim] sample:		122.2 time, 130.6 real, 97.0 MB
[runlim] sample:		132.2 time, 140.6 real, 99.8 MB
[runlim] sample:		141.5 time, 150.6 real, 103.7 MB
[runlim] sample:		150.6 time, 160.6 real, 108.3 MB
[runlim] sample:		160.6 time, 170.6 real, 108.6 MB
[runlim] sample:		170.6 time, 180.6 real, 111.9 MB
[runlim] sample:		180.6 time, 190.6 real, 115.3 MB
[runlim] sample:		190.6 time, 200.6 real, 117.8 MB
[runlim] sample:		200.6 time, 210.6 real, 120.2 MB
[runlim] sample:		210.6 time, 220.6 real, 122.5 MB
[runlim] sample:		220.6 time, 230.6 real, 125.1 MB
[runlim] sample:		230.6 time, 240.6 real, 127.6 MB
[runlim] sample:		240.6 time, 250.6 real, 130.0 MB
[runlim] sample:		250.6 time, 260.6 real, 132.5 MB
[runlim] sample:		260.6 time, 270.6 real, 135.1 MB
[runlim] sample:		270.5 time, 280.6 real, 137.4 MB
[runlim] sample:		280.5 time, 290.6 real, 139.8 MB
[runlim] sample:		288.9 time, 300.6 real, 140.8 MB
[runlim] sample:		298.2 time, 310.6 real, 143.4 MB
[runlim] end:			Tue Feb  5 13:26:59 2019
[runlim] status:		signal(9)
[runlim] result:		11
[runlim] children:		0
[runlim] real:			312.03 seconds
[runlim] time:			299.41 seconds
[runlim] space:			143.4 MB
[runlim] samples:		3113
