[runlim] version:		1.10fixed
[runlim] time limit:		300 seconds
[runlim] real time limit:	311040000 seconds
[runlim] space limit:		4000 MB
[runlim] argv[0]:		./cvc4
[runlim] argv[1]:		--nl-ext-tplanes
[runlim] argv[2]:		--cbqi-all
[runlim] argv[3]:		/tmp/tsnchK44.smt2
[runlim] start:			Tue Jan 29 16:53:52 2019
[runlim] main pid:		16637
[runlim] sample:		8.5 time, 10.9 real, 51.5 MB
[runlim] sample:		17.1 time, 20.9 real, 65.0 MB
[runlim] sample:		26.6 time, 30.9 real, 73.5 MB
[runlim] sample:		36.6 time, 40.9 real, 82.1 MB
[runlim] sample:		46.6 time, 50.9 real, 89.3 MB
[runlim] sample:		56.6 time, 60.9 real, 95.6 MB
[runlim] sample:		66.6 time, 70.9 real, 101.8 MB
[runlim] sample:		76.6 time, 80.9 real, 109.2 MB
[runlim] sample:		86.6 time, 90.9 real, 113.9 MB
[runlim] sample:		96.6 time, 100.9 real, 117.7 MB
[runlim] sample:		106.6 time, 110.9 real, 121.3 MB
[runlim] sample:		116.6 time, 120.9 real, 124.4 MB
[runlim] sample:		126.6 time, 130.9 real, 127.5 MB
[runlim] sample:		136.6 time, 140.9 real, 130.3 MB
[runlim] sample:		146.6 time, 150.9 real, 134.2 MB
[runlim] sample:		156.6 time, 160.9 real, 137.8 MB
[runlim] sample:		166.6 time, 170.9 real, 140.4 MB
[runlim] sample:		176.6 time, 180.9 real, 143.5 MB
[runlim] sample:		186.6 time, 190.9 real, 146.1 MB
[runlim] sample:		196.6 time, 200.9 real, 148.6 MB
[runlim] sample:		206.6 time, 210.9 real, 151.0 MB
[runlim] sample:		216.6 time, 220.9 real, 155.3 MB
[runlim] sample:		226.6 time, 230.9 real, 157.4 MB
[runlim] sample:		236.6 time, 240.9 real, 159.5 MB
[runlim] sample:		246.6 time, 250.9 real, 162.0 MB
[runlim] sample:		256.6 time, 260.9 real, 163.8 MB
[runlim] sample:		266.6 time, 270.9 real, 165.9 MB
[runlim] sample:		276.6 time, 280.9 real, 169.6 MB
[runlim] sample:		286.6 time, 290.9 real, 171.4 MB
[runlim] sample:		296.6 time, 300.9 real, 173.3 MB
CVC4 interrupted by SIGTERM.
[runlim] end:			Tue Jan 29 16:58:56 2019
[runlim] status:		out of time
[runlim] result:		2
[runlim] children:		0
[runlim] real:			304.45 seconds
[runlim] time:			300.06 seconds
[runlim] space:			173.8 MB
[runlim] samples:		3035
