[runlim] version:		1.10fixed
[runlim] time limit:		300 seconds
[runlim] real time limit:	311040000 seconds
[runlim] space limit:		4000 MB
[runlim] argv[0]:		./cvc4
[runlim] argv[1]:		--nl-ext-tplanes
[runlim] argv[2]:		--cbqi-all
[runlim] argv[3]:		/tmp/Rgkc1cpo.smt2
[runlim] start:			Tue Feb  5 13:16:57 2019
[runlim] main pid:		31581
[runlim] sample:		8.7 time, 10.1 real, 51.3 MB
[runlim] sample:		18.7 time, 20.1 real, 66.0 MB
[runlim] sample:		28.7 time, 30.1 real, 74.7 MB
[runlim] sample:		38.7 time, 40.1 real, 82.7 MB
[runlim] sample:		48.7 time, 50.1 real, 89.7 MB
[runlim] sample:		58.7 time, 60.1 real, 96.3 MB
[runlim] sample:		68.7 time, 70.1 real, 102.2 MB
[runlim] sample:		78.7 time, 80.1 real, 109.7 MB
[runlim] sample:		88.7 time, 90.1 real, 113.8 MB
[runlim] sample:		98.6 time, 100.1 real, 117.7 MB
[runlim] sample:		108.1 time, 110.1 real, 120.8 MB
[runlim] sample:		117.3 time, 120.1 real, 123.9 MB
[runlim] sample:		126.2 time, 130.1 real, 126.7 MB
[runlim] sample:		135.4 time, 140.1 real, 129.6 MB
[runlim] sample:		145.1 time, 150.1 real, 132.9 MB
[runlim] sample:		154.0 time, 160.1 real, 135.7 MB
[runlim] sample:		162.1 time, 170.1 real, 138.6 MB
[runlim] sample:		171.4 time, 180.1 real, 140.9 MB
[runlim] sample:		180.5 time, 190.1 real, 143.7 MB
[runlim] sample:		189.9 time, 200.1 real, 145.8 MB
[runlim] sample:		199.6 time, 210.1 real, 148.4 MB
[runlim] sample:		209.6 time, 220.1 real, 150.9 MB
[runlim] sample:		219.6 time, 230.1 real, 155.1 MB
[runlim] sample:		229.6 time, 240.1 real, 157.4 MB
[runlim] sample:		239.6 time, 250.1 real, 159.4 MB
[runlim] sample:		249.6 time, 260.1 real, 161.5 MB
[runlim] sample:		259.6 time, 270.1 real, 163.6 MB
[runlim] sample:		269.6 time, 280.1 real, 165.6 MB
[runlim] sample:		279.6 time, 290.1 real, 169.2 MB
[runlim] sample:		289.6 time, 300.1 real, 171.0 MB
[runlim] end:			Tue Feb  5 13:22:06 2019
[runlim] status:		signal(9)
[runlim] result:		11
[runlim] children:		0
[runlim] real:			309.51 seconds
[runlim] time:			298.94 seconds
[runlim] space:			172.8 MB
[runlim] samples:		3094
