[runlim] version:		1.10fixed
[runlim] time limit:		300 seconds
[runlim] real time limit:	311040000 seconds
[runlim] space limit:		4000 MB
[runlim] argv[0]:		./cvc4
[runlim] argv[1]:		--nl-ext-tplanes
[runlim] argv[2]:		--cbqi-all
[runlim] argv[3]:		/tmp/pr7EXHCl.smt2
[runlim] start:			Tue Feb  5 10:18:17 2019
[runlim] main pid:		22367
[runlim] sample:		9.5 time, 10.6 real, 53.4 MB
[runlim] sample:		19.5 time, 20.6 real, 67.6 MB
[runlim] sample:		29.5 time, 30.6 real, 76.9 MB
[runlim] sample:		39.3 time, 40.6 real, 84.6 MB
[runlim] sample:		48.7 time, 50.6 real, 90.5 MB
[runlim] sample:		58.7 time, 60.6 real, 97.0 MB
[runlim] sample:		68.1 time, 70.6 real, 102.4 MB
[runlim] sample:		76.6 time, 80.6 real, 109.1 MB
[runlim] sample:		84.8 time, 90.6 real, 112.7 MB
[runlim] sample:		93.1 time, 100.6 real, 116.0 MB
[runlim] sample:		103.1 time, 110.6 real, 119.9 MB
[runlim] sample:		113.1 time, 120.6 real, 123.0 MB
[runlim] sample:		123.1 time, 130.6 real, 126.1 MB
[runlim] sample:		130.7 time, 140.6 real, 128.7 MB
[runlim] sample:		139.3 time, 150.6 real, 131.5 MB
[runlim] sample:		148.0 time, 160.6 real, 134.3 MB
[runlim] sample:		157.4 time, 170.6 real, 137.7 MB
[runlim] sample:		167.4 time, 180.6 real, 140.3 MB
[runlim] sample:		177.4 time, 190.6 real, 143.4 MB
[runlim] sample:		186.6 time, 200.6 real, 145.7 MB
[runlim] sample:		194.5 time, 210.6 real, 147.7 MB
[runlim] sample:		204.5 time, 220.6 real, 150.3 MB
[runlim] sample:		214.5 time, 230.6 real, 153.1 MB
[runlim] sample:		224.4 time, 240.6 real, 157.5 MB
[runlim] sample:		234.4 time, 250.6 real, 159.1 MB
[runlim] sample:		244.4 time, 260.6 real, 161.4 MB
[runlim] sample:		254.4 time, 270.6 real, 163.5 MB
[runlim] sample:		263.2 time, 280.6 real, 164.7 MB
[runlim] sample:		272.4 time, 290.6 real, 166.5 MB
[runlim] sample:		281.1 time, 300.6 real, 170.4 MB
[runlim] sample:		291.1 time, 310.6 real, 172.2 MB
CVC4 interrupted by SIGTERM.
[runlim] end:			Tue Feb  5 10:23:36 2019
[runlim] status:		out of time
[runlim] result:		2
[runlim] children:		0
[runlim] real:			319.61 seconds
[runlim] time:			300.08 seconds
[runlim] space:			173.8 MB
[runlim] samples:		3190
