[runlim] version:		1.10fixed
[runlim] time limit:		300 seconds
[runlim] real time limit:	311040000 seconds
[runlim] space limit:		4000 MB
[runlim] argv[0]:		./cvc4
[runlim] argv[1]:		--nl-ext-tplanes
[runlim] argv[2]:		--cbqi-all
[runlim] argv[3]:		/tmp/yY2LXeeI.smt2
[runlim] start:			Tue Feb  5 13:17:46 2019
[runlim] main pid:		9121
/tmp/yY2LXeeI.smt2:4.12: No set-logic command was given before this point.
/tmp/yY2LXeeI.smt2:4.12: CVC4 will make all theories available.
/tmp/yY2LXeeI.smt2:4.12: Consider setting a stricter logic for (likely) better performance.
/tmp/yY2LXeeI.smt2:4.12: To suppress this warning in the future use (set-logic ALL).
[runlim] sample:		8.2 time, 10.2 real, 87.3 MB
[runlim] sample:		18.2 time, 20.2 real, 119.4 MB
[runlim] sample:		27.3 time, 30.2 real, 137.3 MB
[runlim] sample:		35.9 time, 40.2 real, 149.6 MB
[runlim] sample:		45.0 time, 50.2 real, 160.4 MB
[runlim] sample:		54.7 time, 60.2 real, 171.0 MB
[runlim] sample:		64.0 time, 70.2 real, 178.2 MB
[runlim] sample:		73.4 time, 80.2 real, 187.0 MB
[runlim] sample:		82.4 time, 90.2 real, 192.9 MB
[runlim] sample:		91.5 time, 100.2 real, 198.5 MB
[runlim] sample:		100.8 time, 110.2 real, 205.4 MB
[runlim] sample:		110.4 time, 120.2 real, 210.6 MB
[runlim] sample:		120.4 time, 130.2 real, 217.5 MB
[runlim] sample:		130.4 time, 140.2 real, 221.9 MB
[runlim] sample:		140.1 time, 150.2 real, 229.0 MB
[runlim] sample:		149.7 time, 160.2 real, 236.9 MB
[runlim] sample:		159.4 time, 170.2 real, 240.2 MB
[runlim] sample:		168.3 time, 180.2 real, 243.5 MB
[runlim] sample:		176.8 time, 190.2 real, 250.2 MB
[runlim] sample:		186.3 time, 200.2 real, 255.1 MB
[runlim] sample:		195.0 time, 210.2 real, 257.4 MB
[runlim] sample:		205.0 time, 220.2 real, 261.7 MB
[runlim] sample:		215.0 time, 230.2 real, 268.4 MB
[runlim] sample:		224.9 time, 240.2 real, 271.0 MB
[runlim] sample:		234.3 time, 250.2 real, 274.9 MB
[runlim] sample:		244.1 time, 260.2 real, 278.5 MB
[runlim] sample:		254.1 time, 270.2 real, 282.8 MB
[runlim] sample:		264.0 time, 280.2 real, 286.7 MB
[runlim] sample:		273.3 time, 290.2 real, 289.5 MB
[runlim] sample:		282.8 time, 300.2 real, 291.8 MB
[runlim] sample:		292.4 time, 310.2 real, 296.2 MB
[runlim] end:			Tue Feb  5 13:23:01 2019
[runlim] status:		signal(9)
[runlim] result:		11
[runlim] children:		0
[runlim] real:			315.84 seconds
[runlim] time:			297.82 seconds
[runlim] space:			296.2 MB
[runlim] samples:		3156
