[runlim] version:		1.10fixed
[runlim] time limit:		300 seconds
[runlim] real time limit:	311040000 seconds
[runlim] space limit:		4000 MB
[runlim] argv[0]:		./cvc4
[runlim] argv[1]:		--nl-ext-tplanes
[runlim] argv[2]:		--cbqi-all
[runlim] argv[3]:		/tmp/vRjQDmsq.smt2
[runlim] start:			Tue Jan 29 16:57:18 2019
[runlim] main pid:		29641
[runlim] sample:		8.6 time, 10.3 real, 52.0 MB
[runlim] sample:		17.8 time, 20.3 real, 61.3 MB
[runlim] sample:		27.8 time, 30.3 real, 62.3 MB
[runlim] sample:		37.4 time, 40.3 real, 63.1 MB
[runlim] sample:		46.5 time, 50.3 real, 66.2 MB
[runlim] sample:		56.4 time, 60.3 real, 67.8 MB
[runlim] sample:		66.1 time, 70.3 real, 68.0 MB
[runlim] sample:		75.9 time, 80.3 real, 72.4 MB
[runlim] sample:		85.0 time, 90.3 real, 78.6 MB
[runlim] sample:		94.8 time, 100.3 real, 83.5 MB
[runlim] sample:		104.0 time, 110.3 real, 85.8 MB
[runlim] sample:		112.7 time, 120.3 real, 86.1 MB
[runlim] sample:		122.0 time, 130.3 real, 86.6 MB
[runlim] sample:		132.0 time, 140.3 real, 86.8 MB
[runlim] sample:		142.0 time, 150.3 real, 86.8 MB
[runlim] end:			Tue Jan 29 16:59:57 2019
[runlim] status:		ok
[runlim] result:		0
[runlim] children:		0
[runlim] real:			159.42 seconds
[runlim] time:			151.09 seconds
[runlim] space:			89.2 MB
[runlim] samples:		1591
