[runlim] version:		1.10fixed
[runlim] time limit:		300 seconds
[runlim] real time limit:	311040000 seconds
[runlim] space limit:		4000 MB
[runlim] argv[0]:		./cvc4
[runlim] argv[1]:		--nl-ext-tplanes
[runlim] argv[2]:		--cbqi-all
[runlim] argv[3]:		/tmp/kL8AUFfs.smt2
[runlim] start:			Tue Jan 29 16:56:13 2019
[runlim] main pid:		31091
[runlim] sample:		8.8 time, 10.7 real, 41.3 MB
[runlim] sample:		17.6 time, 20.7 real, 53.2 MB
[runlim] sample:		25.9 time, 30.7 real, 60.4 MB
[runlim] sample:		34.3 time, 40.7 real, 69.6 MB
[runlim] sample:		42.8 time, 50.7 real, 75.5 MB
[runlim] sample:		52.2 time, 60.7 real, 80.9 MB
[runlim] sample:		61.5 time, 70.7 real, 86.4 MB
[runlim] sample:		70.5 time, 80.7 real, 91.3 MB
[runlim] sample:		80.1 time, 90.7 real, 95.6 MB
[runlim] sample:		90.1 time, 100.7 real, 99.5 MB
[runlim] sample:		100.1 time, 110.7 real, 110.2 MB
[runlim] sample:		110.1 time, 120.7 real, 114.3 MB
[runlim] sample:		120.1 time, 130.7 real, 118.2 MB
[runlim] sample:		129.0 time, 140.7 real, 121.0 MB
[runlim] sample:		137.1 time, 150.7 real, 123.6 MB
[runlim] sample:		145.3 time, 160.7 real, 126.4 MB
[runlim] sample:		152.6 time, 170.7 real, 128.3 MB
[runlim] sample:		161.7 time, 180.7 real, 131.1 MB
[runlim] sample:		169.8 time, 190.7 real, 133.4 MB
[runlim] sample:		179.8 time, 200.7 real, 136.2 MB
[runlim] sample:		189.8 time, 210.7 real, 138.8 MB
[runlim] sample:		198.2 time, 220.7 real, 140.9 MB
[runlim] sample:		207.8 time, 230.7 real, 143.2 MB
[runlim] sample:		217.8 time, 240.7 real, 145.8 MB
[runlim] sample:		227.1 time, 250.7 real, 147.8 MB
[runlim] sample:		236.7 time, 260.7 real, 149.9 MB
[runlim] sample:		246.1 time, 270.7 real, 152.0 MB
[runlim] sample:		255.8 time, 280.7 real, 154.3 MB
[runlim] sample:		265.6 time, 290.7 real, 156.4 MB
[runlim] sample:		274.9 time, 300.7 real, 158.7 MB
[runlim] sample:		284.2 time, 310.7 real, 160.2 MB
[runlim] sample:		294.2 time, 320.7 real, 162.3 MB
CVC4 interrupted by SIGTERM.
[runlim] end:			Tue Jan 29 17:01:39 2019
[runlim] status:		out of time
[runlim] result:		2
[runlim] children:		0
[runlim] real:			326.50 seconds
[runlim] time:			300.05 seconds
[runlim] space:			163.3 MB
[runlim] samples:		3258
