[runlim] version:		1.10fixed
[runlim] time limit:		300 seconds
[runlim] real time limit:	311040000 seconds
[runlim] space limit:		4000 MB
[runlim] argv[0]:		./cvc4
[runlim] argv[1]:		--nl-ext-tplanes
[runlim] argv[2]:		--cbqi-all
[runlim] argv[3]:		/tmp/kTwYecDy.smt2
[runlim] start:			Tue Feb  5 10:18:33 2019
[runlim] main pid:		21945
/tmp/kTwYecDy.smt2:4.12: No set-logic command was given before this point.
/tmp/kTwYecDy.smt2:4.12: CVC4 will make all theories available.
/tmp/kTwYecDy.smt2:4.12: Consider setting a stricter logic for (likely) better performance.
/tmp/kTwYecDy.smt2:4.12: To suppress this warning in the future use (set-logic ALL).
[runlim] sample:		8.6 time, 11.0 real, 107.3 MB
[runlim] sample:		18.6 time, 21.0 real, 154.5 MB
[runlim] sample:		26.9 time, 31.0 real, 178.2 MB
[runlim] sample:		36.3 time, 41.0 real, 196.5 MB
[runlim] sample:		45.3 time, 51.0 real, 210.9 MB
[runlim] sample:		54.6 time, 61.0 real, 228.5 MB
[runlim] sample:		64.6 time, 71.0 real, 243.4 MB
[runlim] sample:		74.5 time, 81.0 real, 256.5 MB
[runlim] sample:		84.5 time, 91.0 real, 268.6 MB
[runlim] sample:		93.9 time, 101.0 real, 280.0 MB
[runlim] sample:		103.5 time, 111.0 real, 286.7 MB
[runlim] sample:		112.2 time, 121.0 real, 294.2 MB
[runlim] sample:		121.7 time, 131.0 real, 303.7 MB
[runlim] sample:		131.7 time, 141.0 real, 311.1 MB
[runlim] sample:		141.7 time, 151.0 real, 317.8 MB
[runlim] sample:		151.2 time, 161.0 real, 326.6 MB
[runlim] sample:		160.8 time, 171.0 real, 332.8 MB
[runlim] sample:		170.6 time, 181.0 real, 340.0 MB
[runlim] sample:		179.1 time, 191.0 real, 343.6 MB
[runlim] sample:		189.1 time, 201.0 real, 350.0 MB
[runlim] sample:		199.1 time, 211.0 real, 357.2 MB
[runlim] sample:		209.0 time, 221.0 real, 361.1 MB
[runlim] sample:		219.0 time, 231.0 real, 368.0 MB
[runlim] sample:		229.0 time, 241.0 real, 373.9 MB
[runlim] sample:		238.4 time, 251.0 real, 378.8 MB
[runlim] sample:		248.0 time, 261.0 real, 384.5 MB
[runlim] sample:		256.4 time, 271.0 real, 387.6 MB
[runlim] sample:		264.9 time, 281.0 real, 393.0 MB
[runlim] sample:		274.3 time, 291.0 real, 396.3 MB
[runlim] sample:		283.4 time, 301.0 real, 400.7 MB
[runlim] sample:		292.5 time, 311.0 real, 404.6 MB
CVC4 interrupted by SIGTERM.
[runlim] end:			Tue Feb  5 10:23:52 2019
[runlim] status:		out of time
[runlim] result:		2
[runlim] children:		0
[runlim] real:			319.03 seconds
[runlim] time:			300.02 seconds
[runlim] space:			411.7 MB
[runlim] samples:		3180
