[runlim] version:		1.10fixed
[runlim] time limit:		300 seconds
[runlim] real time limit:	311040000 seconds
[runlim] space limit:		4000 MB
[runlim] argv[0]:		./cvc4
[runlim] argv[1]:		--nl-ext-tplanes
[runlim] argv[2]:		--cbqi-all
[runlim] argv[3]:		/tmp/U9GBiyYG.smt2
[runlim] start:			Tue Feb  5 10:23:23 2019
[runlim] main pid:		26076
[runlim] sample:		8.7 time, 10.4 real, 46.8 MB
[runlim] sample:		18.1 time, 20.4 real, 66.0 MB
[runlim] sample:		28.0 time, 30.4 real, 83.7 MB
[runlim] sample:		38.0 time, 40.4 real, 99.4 MB
[runlim] sample:		48.0 time, 50.4 real, 114.4 MB
[runlim] sample:		58.0 time, 60.4 real, 128.1 MB
[runlim] sample:		68.0 time, 70.4 real, 140.7 MB
[runlim] sample:		78.0 time, 80.4 real, 156.9 MB
[runlim] sample:		87.7 time, 90.4 real, 169.1 MB
[runlim] sample:		97.7 time, 100.4 real, 180.4 MB
[runlim] sample:		107.7 time, 110.4 real, 192.0 MB
[runlim] sample:		117.6 time, 120.4 real, 203.6 MB
[runlim] sample:		127.6 time, 130.4 real, 216.0 MB
[runlim] sample:		137.4 time, 140.4 real, 228.4 MB
[runlim] sample:		147.1 time, 150.4 real, 239.5 MB
[runlim] sample:		156.9 time, 160.4 real, 252.7 MB
[runlim] sample:		166.2 time, 170.4 real, 258.6 MB
[runlim] sample:		175.6 time, 180.4 real, 268.4 MB
[runlim] sample:		184.6 time, 190.4 real, 276.1 MB
[runlim] sample:		192.8 time, 200.4 real, 287.0 MB
[runlim] sample:		201.2 time, 210.4 real, 294.7 MB
[runlim] sample:		210.1 time, 220.4 real, 302.7 MB
[runlim] sample:		220.1 time, 230.4 real, 311.4 MB
[runlim] sample:		229.9 time, 240.4 real, 322.0 MB
[runlim] sample:		239.9 time, 250.4 real, 337.3 MB
[runlim] sample:		249.9 time, 260.4 real, 345.3 MB
[runlim] sample:		259.5 time, 270.4 real, 356.4 MB
[runlim] sample:		269.4 time, 280.4 real, 365.7 MB
[runlim] sample:		278.6 time, 290.4 real, 374.7 MB
[runlim] sample:		288.6 time, 300.4 real, 406.4 MB
[runlim] sample:		298.6 time, 310.4 real, 407.7 MB
[runlim] end:			Tue Feb  5 10:28:33 2019
[runlim] status:		signal(9)
[runlim] result:		11
[runlim] children:		0
[runlim] real:			310.69 seconds
[runlim] time:			298.76 seconds
[runlim] space:			433.0 MB
[runlim] samples:		3102
