[runlim] version:		1.10fixed
[runlim] time limit:		300 seconds
[runlim] real time limit:	311040000 seconds
[runlim] space limit:		4000 MB
[runlim] argv[0]:		./cvc4
[runlim] argv[1]:		--nl-ext-tplanes
[runlim] argv[2]:		--cbqi-all
[runlim] argv[3]:		/tmp/Y8KJX5pb.smt2
[runlim] start:			Tue Feb  5 10:19:51 2019
[runlim] main pid:		7065
[runlim] sample:		8.3 time, 10.6 real, 37.3 MB
[runlim] sample:		17.7 time, 20.6 real, 45.3 MB
[runlim] sample:		27.1 time, 30.6 real, 52.1 MB
[runlim] sample:		35.0 time, 40.6 real, 57.6 MB
[runlim] sample:		44.4 time, 50.6 real, 62.3 MB
[runlim] sample:		52.6 time, 60.7 real, 66.4 MB
[runlim] sample:		60.5 time, 70.6 real, 70.0 MB
[runlim] sample:		69.4 time, 80.6 real, 73.4 MB
[runlim] sample:		78.3 time, 90.6 real, 76.8 MB
[runlim] sample:		87.8 time, 100.6 real, 80.9 MB
[runlim] sample:		97.5 time, 110.6 real, 85.5 MB
[runlim] sample:		107.2 time, 120.6 real, 88.9 MB
[runlim] sample:		117.1 time, 130.6 real, 92.0 MB
[runlim] sample:		127.1 time, 140.6 real, 95.3 MB
[runlim] sample:		137.1 time, 150.6 real, 98.1 MB
[runlim] sample:		147.1 time, 160.6 real, 101.5 MB
[runlim] sample:		157.1 time, 170.6 real, 103.8 MB
[runlim] sample:		167.1 time, 180.6 real, 108.3 MB
[runlim] sample:		177.1 time, 190.6 real, 109.9 MB
[runlim] sample:		186.8 time, 200.6 real, 113.2 MB
[runlim] sample:		196.4 time, 210.6 real, 115.3 MB
[runlim] sample:		206.2 time, 220.6 real, 117.6 MB
[runlim] sample:		215.1 time, 230.6 real, 119.9 MB
[runlim] sample:		225.1 time, 240.6 real, 122.0 MB
[runlim] sample:		235.1 time, 250.6 real, 123.8 MB
[runlim] sample:		245.1 time, 260.6 real, 125.6 MB
[runlim] sample:		255.1 time, 270.6 real, 128.2 MB
[runlim] sample:		265.1 time, 280.6 real, 130.0 MB
[runlim] sample:		275.1 time, 290.6 real, 132.3 MB
[runlim] sample:		285.1 time, 300.6 real, 135.4 MB
[runlim] sample:		295.1 time, 310.6 real, 137.5 MB
CVC4 interrupted by SIGTERM.
[runlim] end:			Tue Feb  5 10:25:06 2019
[runlim] status:		out of time
[runlim] result:		2
[runlim] children:		0
[runlim] real:			315.67 seconds
[runlim] time:			300.04 seconds
[runlim] space:			138.2 MB
[runlim] samples:		3150
