[runlim] version:		1.10fixed
[runlim] time limit:		300 seconds
[runlim] real time limit:	311040000 seconds
[runlim] space limit:		4000 MB
[runlim] argv[0]:		./cvc4
[runlim] argv[1]:		--nl-ext-tplanes
[runlim] argv[2]:		--cbqi-all
[runlim] argv[3]:		/tmp/uW1lfwjN.smt2
[runlim] start:			Tue Feb  5 10:14:00 2019
[runlim] main pid:		15734
[runlim] sample:		9.8 time, 10.2 real, 53.3 MB
[runlim] sample:		19.1 time, 20.2 real, 66.5 MB
[runlim] sample:		28.9 time, 30.2 real, 75.3 MB
[runlim] sample:		38.0 time, 40.2 real, 82.5 MB
[runlim] sample:		48.0 time, 50.2 real, 89.5 MB
[runlim] sample:		58.0 time, 60.2 real, 95.7 MB
[runlim] sample:		67.6 time, 70.2 real, 101.4 MB
[runlim] sample:		76.9 time, 80.2 real, 108.6 MB
[runlim] sample:		85.7 time, 90.2 real, 112.7 MB
[runlim] sample:		94.4 time, 100.2 real, 116.6 MB
[runlim] sample:		103.3 time, 110.2 real, 119.4 MB
[runlim] sample:		112.7 time, 120.2 real, 122.5 MB
[runlim] sample:		122.3 time, 130.2 real, 125.4 MB
[runlim] sample:		131.6 time, 140.2 real, 128.2 MB
[runlim] sample:		140.6 time, 150.2 real, 131.8 MB
[runlim] sample:		149.7 time, 160.2 real, 134.4 MB
[runlim] sample:		158.5 time, 170.2 real, 137.5 MB
[runlim] sample:		167.4 time, 180.2 real, 140.0 MB
[runlim] sample:		177.1 time, 190.2 real, 142.9 MB
[runlim] sample:		186.7 time, 200.2 real, 145.2 MB
[runlim] sample:		196.1 time, 210.2 real, 147.3 MB
[runlim] sample:		205.3 time, 220.2 real, 149.8 MB
[runlim] sample:		215.2 time, 230.2 real, 152.4 MB
[runlim] sample:		225.2 time, 240.2 real, 157.3 MB
[runlim] sample:		234.8 time, 250.2 real, 158.3 MB
[runlim] sample:		244.8 time, 260.2 real, 160.6 MB
[runlim] sample:		254.8 time, 270.2 real, 163.0 MB
[runlim] sample:		264.8 time, 280.2 real, 164.8 MB
[runlim] sample:		274.0 time, 290.2 real, 166.3 MB
[runlim] sample:		281.9 time, 300.2 real, 169.7 MB
[runlim] sample:		291.9 time, 310.2 real, 171.5 MB
[runlim] end:			Tue Feb  5 10:19:17 2019
[runlim] status:		signal(9)
[runlim] result:		11
[runlim] children:		0
[runlim] real:			317.85 seconds
[runlim] time:			299.52 seconds
[runlim] space:			173.0 MB
[runlim] samples:		3176
