[runlim] version:		1.10fixed
[runlim] time limit:		300 seconds
[runlim] real time limit:	311040000 seconds
[runlim] space limit:		4000 MB
[runlim] argv[0]:		./cvc4
[runlim] argv[1]:		--nl-ext-tplanes
[runlim] argv[2]:		--cbqi-all
[runlim] argv[3]:		/tmp/Mom7Mtu6.smt2
[runlim] start:			Tue Feb  5 10:18:49 2019
[runlim] main pid:		21906
[runlim] sample:		8.0 time, 10.8 real, 39.9 MB
[runlim] sample:		17.6 time, 20.8 real, 53.1 MB
[runlim] sample:		27.4 time, 30.8 real, 61.6 MB
[runlim] sample:		37.4 time, 40.8 real, 71.9 MB
[runlim] sample:		47.4 time, 50.8 real, 78.1 MB
[runlim] sample:		57.4 time, 60.8 real, 83.8 MB
[runlim] sample:		67.4 time, 70.8 real, 88.6 MB
[runlim] sample:		77.4 time, 80.8 real, 93.5 MB
[runlim] sample:		87.4 time, 90.8 real, 97.9 MB
[runlim] sample:		97.4 time, 100.8 real, 103.8 MB
[runlim] sample:		107.4 time, 110.8 real, 112.0 MB
[runlim] sample:		117.4 time, 120.8 real, 115.6 MB
[runlim] sample:		127.4 time, 130.8 real, 119.0 MB
[runlim] sample:		137.4 time, 140.8 real, 122.1 MB
[runlim] sample:		147.4 time, 150.8 real, 124.9 MB
[runlim] sample:		157.4 time, 160.8 real, 127.7 MB
[runlim] sample:		167.4 time, 170.8 real, 130.6 MB
[runlim] sample:		177.4 time, 180.8 real, 133.7 MB
[runlim] sample:		187.4 time, 190.8 real, 136.2 MB
[runlim] sample:		197.4 time, 200.8 real, 138.8 MB
[runlim] sample:		207.4 time, 210.8 real, 141.1 MB
[runlim] sample:		217.4 time, 220.8 real, 143.5 MB
[runlim] sample:		227.4 time, 230.8 real, 145.8 MB
[runlim] sample:		237.4 time, 240.8 real, 147.8 MB
[runlim] sample:		247.4 time, 250.8 real, 149.6 MB
[runlim] sample:		257.4 time, 260.8 real, 152.0 MB
[runlim] sample:		267.4 time, 270.8 real, 154.0 MB
[runlim] sample:		277.4 time, 280.8 real, 155.8 MB
[runlim] sample:		287.4 time, 290.8 real, 157.6 MB
[runlim] sample:		297.4 time, 300.8 real, 159.7 MB
CVC4 interrupted by SIGTERM.
[runlim] end:			Tue Feb  5 10:23:52 2019
[runlim] status:		out of time
[runlim] result:		2
[runlim] children:		0
[runlim] real:			303.57 seconds
[runlim] time:			300.09 seconds
[runlim] space:			160.0 MB
[runlim] samples:		3027
