[runlim] version:		1.10fixed
[runlim] time limit:		300 seconds
[runlim] real time limit:	311040000 seconds
[runlim] space limit:		4000 MB
[runlim] argv[0]:		./cvc4
[runlim] argv[1]:		--nl-ext-tplanes
[runlim] argv[2]:		--cbqi-all
[runlim] argv[3]:		/tmp/6H9b7PHI.smt2
[runlim] start:			Tue Feb  5 10:17:37 2019
[runlim] main pid:		7417
[runlim] sample:		9.7 time, 10.1 real, 55.1 MB
[runlim] sample:		19.4 time, 20.1 real, 70.3 MB
[runlim] sample:		28.9 time, 30.1 real, 79.8 MB
[runlim] sample:		38.9 time, 40.1 real, 91.7 MB
[runlim] sample:		48.9 time, 50.1 real, 100.0 MB
[runlim] sample:		58.9 time, 60.1 real, 106.9 MB
[runlim] sample:		68.6 time, 70.1 real, 114.2 MB
[runlim] sample:		78.6 time, 80.1 real, 119.3 MB
[runlim] sample:		88.6 time, 90.1 real, 124.5 MB
[runlim] sample:		98.6 time, 100.1 real, 129.1 MB
[runlim] sample:		108.2 time, 110.1 real, 133.2 MB
[runlim] sample:		117.9 time, 120.1 real, 139.1 MB
[runlim] sample:		127.5 time, 130.1 real, 143.0 MB
[runlim] sample:		137.2 time, 140.1 real, 150.7 MB
[runlim] sample:		147.0 time, 150.1 real, 154.8 MB
[runlim] sample:		157.0 time, 160.1 real, 158.4 MB
[runlim] sample:		167.0 time, 170.1 real, 162.3 MB
[runlim] sample:		177.0 time, 180.1 real, 165.6 MB
[runlim] sample:		187.0 time, 190.1 real, 169.8 MB
[runlim] sample:		197.0 time, 200.1 real, 172.6 MB
[runlim] sample:		207.0 time, 210.1 real, 175.9 MB
[runlim] sample:		217.0 time, 220.1 real, 178.8 MB
[runlim] sample:		227.0 time, 230.1 real, 183.2 MB
[runlim] sample:		237.0 time, 240.1 real, 186.0 MB
[runlim] sample:		247.0 time, 250.1 real, 188.8 MB
[runlim] sample:		257.0 time, 260.1 real, 191.7 MB
[runlim] sample:		267.0 time, 270.1 real, 193.7 MB
[runlim] sample:		277.0 time, 280.1 real, 196.6 MB
[runlim] sample:		287.0 time, 290.1 real, 198.9 MB
[runlim] sample:		297.0 time, 300.1 real, 201.2 MB
CVC4 interrupted by SIGTERM.
[runlim] end:			Tue Feb  5 10:22:40 2019
[runlim] status:		out of time
[runlim] result:		2
[runlim] children:		0
[runlim] real:			303.26 seconds
[runlim] time:			300.09 seconds
[runlim] space:			202.0 MB
[runlim] samples:		3031
