[runlim] version:		1.10fixed
[runlim] time limit:		300 seconds
[runlim] real time limit:	311040000 seconds
[runlim] space limit:		4000 MB
[runlim] argv[0]:		./cvc4
[runlim] argv[1]:		--nl-ext-tplanes
[runlim] argv[2]:		--cbqi-all
[runlim] argv[3]:		/tmp/ByEywi6t.smt2
[runlim] start:			Tue Jan 29 16:55:38 2019
[runlim] main pid:		30825
[runlim] sample:		9.0 time, 10.7 real, 42.6 MB
[runlim] sample:		18.1 time, 20.7 real, 54.6 MB
[runlim] sample:		28.0 time, 30.7 real, 64.4 MB
[runlim] sample:		38.0 time, 40.7 real, 74.1 MB
[runlim] sample:		48.0 time, 50.7 real, 80.3 MB
[runlim] sample:		58.0 time, 60.7 real, 86.2 MB
[runlim] sample:		68.0 time, 70.7 real, 91.7 MB
[runlim] sample:		78.0 time, 80.7 real, 97.1 MB
[runlim] sample:		88.0 time, 90.7 real, 103.3 MB
[runlim] sample:		98.0 time, 100.7 real, 111.8 MB
[runlim] sample:		108.0 time, 110.7 real, 115.7 MB
[runlim] sample:		118.0 time, 120.7 real, 119.8 MB
[runlim] sample:		128.0 time, 130.7 real, 123.2 MB
[runlim] sample:		138.0 time, 140.7 real, 126.3 MB
[runlim] sample:		148.0 time, 150.7 real, 129.1 MB
[runlim] sample:		158.0 time, 160.7 real, 132.2 MB
[runlim] sample:		167.8 time, 170.7 real, 135.8 MB
[runlim] sample:		177.8 time, 180.7 real, 138.9 MB
[runlim] sample:		187.6 time, 190.7 real, 141.5 MB
[runlim] sample:		197.6 time, 200.7 real, 144.0 MB
[runlim] sample:		207.6 time, 210.7 real, 146.4 MB
[runlim] sample:		217.6 time, 220.7 real, 148.7 MB
[runlim] sample:		227.6 time, 230.7 real, 151.0 MB
[runlim] sample:		235.8 time, 240.7 real, 152.8 MB
[runlim] sample:		245.8 time, 250.7 real, 155.1 MB
[runlim] sample:		255.8 time, 260.7 real, 157.2 MB
[runlim] sample:		265.7 time, 270.7 real, 159.5 MB
[runlim] sample:		275.7 time, 280.7 real, 161.3 MB
[runlim] sample:		285.7 time, 290.7 real, 163.1 MB
[runlim] sample:		295.7 time, 300.7 real, 165.2 MB
CVC4 interrupted by SIGTERM.
[runlim] end:			Tue Jan 29 17:00:43 2019
[runlim] status:		out of time
[runlim] result:		2
[runlim] children:		0
[runlim] real:			305.09 seconds
[runlim] time:			300.02 seconds
[runlim] space:			166.0 MB
[runlim] samples:		3043
