[runlim] version:		1.10fixed
[runlim] time limit:		300 seconds
[runlim] real time limit:	311040000 seconds
[runlim] space limit:		4000 MB
[runlim] argv[0]:		./cvc4
[runlim] argv[1]:		--nl-ext-tplanes
[runlim] argv[2]:		--cbqi-all
[runlim] argv[3]:		/tmp/GN6QSAtS.smt2
[runlim] start:			Tue Feb  5 10:18:52 2019
[runlim] main pid:		2424
[runlim] sample:		9.0 time, 10.6 real, 41.8 MB
[runlim] sample:		19.0 time, 20.6 real, 54.6 MB
[runlim] sample:		29.0 time, 30.6 real, 63.8 MB
[runlim] sample:		38.8 time, 40.6 real, 73.5 MB
[runlim] sample:		48.8 time, 50.6 real, 79.4 MB
[runlim] sample:		58.8 time, 60.6 real, 85.9 MB
[runlim] sample:		68.8 time, 70.6 real, 91.0 MB
[runlim] sample:		78.8 time, 80.6 real, 96.2 MB
[runlim] sample:		88.8 time, 90.6 real, 100.6 MB
[runlim] sample:		98.8 time, 100.6 real, 110.9 MB
[runlim] sample:		108.8 time, 110.6 real, 115.1 MB
[runlim] sample:		118.8 time, 120.6 real, 118.7 MB
[runlim] sample:		128.8 time, 130.6 real, 122.3 MB
[runlim] sample:		138.8 time, 140.6 real, 125.4 MB
[runlim] sample:		147.4 time, 150.6 real, 128.0 MB
[runlim] sample:		155.9 time, 160.6 real, 130.8 MB
[runlim] sample:		164.6 time, 170.6 real, 133.6 MB
[runlim] sample:		172.6 time, 180.6 real, 136.2 MB
[runlim] sample:		180.6 time, 190.6 real, 138.3 MB
[runlim] sample:		188.6 time, 200.6 real, 140.3 MB
[runlim] sample:		197.7 time, 210.6 real, 142.7 MB
[runlim] sample:		207.7 time, 220.6 real, 145.0 MB
[runlim] sample:		217.7 time, 230.6 real, 147.6 MB
[runlim] sample:		227.7 time, 240.6 real, 149.6 MB
[runlim] sample:		237.7 time, 250.6 real, 151.9 MB
[runlim] sample:		247.7 time, 260.6 real, 154.0 MB
[runlim] sample:		257.2 time, 270.6 real, 156.1 MB
[runlim] sample:		266.4 time, 280.6 real, 158.4 MB
[runlim] sample:		275.9 time, 290.6 real, 159.9 MB
[runlim] sample:		285.9 time, 300.6 real, 162.3 MB
[runlim] sample:		295.9 time, 310.6 real, 164.1 MB
[runlim] end:			Tue Feb  5 10:24:03 2019
[runlim] status:		signal(9)
[runlim] result:		11
[runlim] children:		0
[runlim] real:			311.77 seconds
[runlim] time:			296.97 seconds
[runlim] space:			164.6 MB
[runlim] samples:		3111
