[runlim] version:		1.10fixed
[runlim] time limit:		300 seconds
[runlim] real time limit:	311040000 seconds
[runlim] space limit:		4000 MB
[runlim] argv[0]:		./cvc4
[runlim] argv[1]:		--nl-ext-tplanes
[runlim] argv[2]:		--cbqi-all
[runlim] argv[3]:		/tmp/Khyz1Fwq.smt2
[runlim] start:			Tue Feb  5 13:16:53 2019
[runlim] main pid:		14027
[runlim] sample:		9.3 time, 10.5 real, 52.3 MB
[runlim] sample:		19.3 time, 20.5 real, 66.7 MB
[runlim] sample:		29.3 time, 30.5 real, 75.5 MB
[runlim] sample:		39.3 time, 40.5 real, 83.2 MB
[runlim] sample:		49.3 time, 50.5 real, 89.9 MB
[runlim] sample:		59.3 time, 60.5 real, 96.3 MB
[runlim] sample:		69.3 time, 70.5 real, 102.5 MB
[runlim] sample:		79.3 time, 80.5 real, 109.8 MB
[runlim] sample:		89.3 time, 90.5 real, 114.1 MB
[runlim] sample:		99.3 time, 100.5 real, 118.0 MB
[runlim] sample:		109.3 time, 110.5 real, 121.3 MB
[runlim] sample:		119.3 time, 120.5 real, 124.4 MB
[runlim] sample:		129.3 time, 130.5 real, 127.8 MB
[runlim] sample:		139.3 time, 140.5 real, 130.9 MB
[runlim] sample:		149.3 time, 150.5 real, 134.2 MB
[runlim] sample:		159.3 time, 160.5 real, 137.8 MB
[runlim] sample:		169.3 time, 170.5 real, 140.4 MB
[runlim] sample:		179.3 time, 180.5 real, 143.5 MB
[runlim] sample:		189.3 time, 190.5 real, 145.8 MB
[runlim] sample:		199.3 time, 200.5 real, 148.4 MB
[runlim] sample:		209.3 time, 210.5 real, 151.0 MB
[runlim] sample:		219.3 time, 220.5 real, 155.1 MB
[runlim] sample:		229.3 time, 230.5 real, 157.2 MB
[runlim] sample:		239.3 time, 240.5 real, 159.2 MB
[runlim] sample:		249.3 time, 250.5 real, 161.5 MB
[runlim] sample:		259.3 time, 260.5 real, 163.6 MB
[runlim] sample:		269.3 time, 270.5 real, 165.7 MB
[runlim] sample:		279.3 time, 280.5 real, 169.2 MB
[runlim] sample:		289.2 time, 290.5 real, 171.0 MB
[runlim] sample:		299.3 time, 300.5 real, 172.8 MB
CVC4 interrupted by SIGTERM.
[runlim] end:			Tue Feb  5 13:21:54 2019
[runlim] status:		out of time
[runlim] result:		2
[runlim] children:		0
[runlim] real:			301.36 seconds
[runlim] time:			300.06 seconds
[runlim] space:			173.3 MB
[runlim] samples:		3008
