[runlim] version:		1.10fixed
[runlim] time limit:		300 seconds
[runlim] real time limit:	311040000 seconds
[runlim] space limit:		4000 MB
[runlim] argv[0]:		./cvc4
[runlim] argv[1]:		--nl-ext-tplanes
[runlim] argv[2]:		--cbqi-all
[runlim] argv[3]:		/tmp/OMWxw5KC.smt2
[runlim] start:			Tue Feb  5 10:18:31 2019
[runlim] main pid:		10040
/tmp/OMWxw5KC.smt2:4.12: No set-logic command was given before this point.
/tmp/OMWxw5KC.smt2:4.12: CVC4 will make all theories available.
/tmp/OMWxw5KC.smt2:4.12: Consider setting a stricter logic for (likely) better performance.
/tmp/OMWxw5KC.smt2:4.12: To suppress this warning in the future use (set-logic ALL).
[runlim] sample:		7.7 time, 10.1 real, 82.7 MB
[runlim] sample:		16.9 time, 20.1 real, 109.2 MB
[runlim] sample:		26.9 time, 30.1 real, 130.2 MB
[runlim] sample:		36.8 time, 40.1 real, 144.1 MB
[runlim] sample:		46.9 time, 50.1 real, 154.4 MB
[runlim] sample:		56.8 time, 60.1 real, 164.5 MB
[runlim] sample:		66.8 time, 70.1 real, 171.9 MB
[runlim] sample:		76.8 time, 80.1 real, 179.6 MB
[runlim] sample:		86.8 time, 90.1 real, 186.3 MB
[runlim] sample:		96.8 time, 100.1 real, 192.8 MB
[runlim] sample:		106.8 time, 110.1 real, 198.4 MB
[runlim] sample:		116.8 time, 120.1 real, 203.6 MB
[runlim] sample:		126.8 time, 130.1 real, 210.1 MB
[runlim] sample:		136.8 time, 140.1 real, 214.5 MB
[runlim] sample:		146.8 time, 150.1 real, 218.9 MB
[runlim] sample:		156.8 time, 160.1 real, 224.0 MB
[runlim] sample:		166.8 time, 170.1 real, 232.1 MB
[runlim] sample:		176.8 time, 180.1 real, 235.9 MB
[runlim] sample:		186.8 time, 190.1 real, 243.3 MB
[runlim] sample:		196.8 time, 200.1 real, 246.6 MB
[runlim] sample:		206.8 time, 210.1 real, 250.2 MB
[runlim] sample:		216.8 time, 220.1 real, 256.9 MB
[runlim] sample:		226.8 time, 230.1 real, 259.5 MB
[runlim] sample:		236.8 time, 240.1 real, 262.8 MB
[runlim] sample:		246.8 time, 250.1 real, 269.6 MB
[runlim] sample:		256.8 time, 260.1 real, 271.2 MB
[runlim] sample:		266.8 time, 270.1 real, 273.2 MB
[runlim] sample:		276.8 time, 280.1 real, 276.8 MB
[runlim] sample:		286.8 time, 290.1 real, 280.4 MB
[runlim] sample:		296.8 time, 300.1 real, 283.2 MB
CVC4 interrupted by SIGTERM.
[runlim] end:			Tue Feb  5 10:23:34 2019
[runlim] status:		out of time
[runlim] result:		2
[runlim] children:		0
[runlim] real:			303.45 seconds
[runlim] time:			300.10 seconds
[runlim] space:			284.0 MB
[runlim] samples:		3033
