[runlim] version:		1.10fixed
[runlim] time limit:		300 seconds
[runlim] real time limit:	311040000 seconds
[runlim] space limit:		4000 MB
[runlim] argv[0]:		./cvc4
[runlim] argv[1]:		--nl-ext-tplanes
[runlim] argv[2]:		--cbqi-all
[runlim] argv[3]:		/tmp/MsYAFTuB.smt2
[runlim] start:			Tue Feb  5 10:23:02 2019
[runlim] main pid:		21952
[runlim] sample:		7.8 time, 10.4 real, 46.0 MB
[runlim] sample:		16.9 time, 20.4 real, 66.0 MB
[runlim] sample:		25.4 time, 30.4 real, 82.8 MB
[runlim] sample:		34.9 time, 40.4 real, 99.1 MB
[runlim] sample:		43.2 time, 50.4 real, 112.2 MB
[runlim] sample:		52.1 time, 60.4 real, 124.6 MB
[runlim] sample:		62.1 time, 70.4 real, 138.0 MB
[runlim] sample:		72.1 time, 80.4 real, 154.6 MB
[runlim] sample:		82.1 time, 90.4 real, 167.0 MB
[runlim] sample:		90.2 time, 100.4 real, 177.5 MB
[runlim] sample:		99.9 time, 110.4 real, 189.4 MB
[runlim] sample:		109.7 time, 120.4 real, 200.2 MB
[runlim] sample:		119.7 time, 130.4 real, 212.1 MB
[runlim] sample:		129.7 time, 140.4 real, 224.4 MB
[runlim] sample:		139.7 time, 150.4 real, 236.3 MB
[runlim] sample:		149.7 time, 160.4 real, 250.6 MB
[runlim] sample:		157.8 time, 170.4 real, 256.3 MB
[runlim] sample:		167.5 time, 180.4 real, 266.1 MB
[runlim] sample:		176.6 time, 190.4 real, 275.9 MB
[runlim] sample:		185.9 time, 200.4 real, 287.7 MB
[runlim] sample:		195.3 time, 210.4 real, 296.0 MB
[runlim] sample:		204.6 time, 220.4 real, 306.3 MB
[runlim] sample:		213.0 time, 230.4 real, 314.3 MB
[runlim] sample:		221.6 time, 240.4 real, 323.8 MB
[runlim] sample:		231.6 time, 250.4 real, 337.3 MB
[runlim] sample:		241.6 time, 260.4 real, 348.7 MB
[runlim] sample:		251.6 time, 270.4 real, 357.4 MB
[runlim] sample:		261.6 time, 280.4 real, 366.5 MB
[runlim] sample:		271.6 time, 290.4 real, 398.1 MB
[runlim] sample:		281.6 time, 300.4 real, 399.4 MB
[runlim] sample:		291.6 time, 310.4 real, 400.9 MB
[runlim] end:			Tue Feb  5 10:28:15 2019
[runlim] status:		signal(9)
[runlim] result:		11
[runlim] children:		0
[runlim] real:			313.03 seconds
[runlim] time:			294.16 seconds
[runlim] space:			423.4 MB
[runlim] samples:		3126
