[runlim] version:		1.10fixed
[runlim] time limit:		300 seconds
[runlim] real time limit:	311040000 seconds
[runlim] space limit:		4000 MB
[runlim] argv[0]:		./cvc4
[runlim] argv[1]:		--nl-ext-tplanes
[runlim] argv[2]:		--cbqi-all
[runlim] argv[3]:		/tmp/kpils0Yt.smt2
[runlim] start:			Tue Feb  5 13:21:33 2019
[runlim] main pid:		16007
[runlim] sample:		9.8 time, 10.8 real, 38.5 MB
[runlim] sample:		19.8 time, 20.8 real, 44.7 MB
[runlim] sample:		29.8 time, 30.8 real, 50.4 MB
[runlim] sample:		39.8 time, 40.8 real, 55.5 MB
[runlim] sample:		49.8 time, 50.8 real, 59.6 MB
[runlim] sample:		59.8 time, 60.8 real, 63.8 MB
[runlim] sample:		69.8 time, 70.8 real, 67.1 MB
[runlim] sample:		79.8 time, 80.8 real, 72.0 MB
[runlim] sample:		89.8 time, 90.8 real, 74.3 MB
[runlim] sample:		99.8 time, 100.8 real, 76.9 MB
[runlim] sample:		109.8 time, 110.8 real, 80.0 MB
[runlim] sample:		119.8 time, 120.8 real, 82.6 MB
[runlim] sample:		129.8 time, 130.8 real, 85.7 MB
[runlim] sample:		139.3 time, 140.8 real, 88.0 MB
[runlim] sample:		148.6 time, 150.8 real, 90.6 MB
[runlim] sample:		157.9 time, 160.8 real, 92.6 MB
[runlim] sample:		167.2 time, 170.8 real, 94.7 MB
[runlim] sample:		176.5 time, 180.8 real, 97.0 MB
[runlim] sample:		185.8 time, 190.8 real, 99.1 MB
[runlim] sample:		195.1 time, 200.8 real, 100.9 MB
[runlim] sample:		204.9 time, 210.8 real, 105.0 MB
[runlim] sample:		214.9 time, 220.8 real, 106.6 MB
[runlim] sample:		224.5 time, 230.8 real, 108.4 MB
[runlim] sample:		232.5 time, 240.8 real, 109.6 MB
[runlim] sample:		240.5 time, 250.8 real, 110.9 MB
[runlim] sample:		248.4 time, 260.8 real, 112.2 MB
[runlim] sample:		256.4 time, 270.8 real, 116.6 MB
[runlim] sample:		264.4 time, 280.8 real, 118.4 MB
[runlim] sample:		272.5 time, 290.8 real, 118.9 MB
[runlim] sample:		281.8 time, 300.8 real, 121.0 MB
[runlim] sample:		291.1 time, 310.8 real, 122.0 MB
[runlim] end:			Tue Feb  5 13:26:49 2019
[runlim] status:		signal(9)
[runlim] result:		11
[runlim] children:		0
[runlim] real:			316.50 seconds
[runlim] time:			296.69 seconds
[runlim] space:			123.3 MB
[runlim] samples:		3157
