[runlim] version:		1.10fixed
[runlim] time limit:		300 seconds
[runlim] real time limit:	311040000 seconds
[runlim] space limit:		4000 MB
[runlim] argv[0]:		./cvc4
[runlim] argv[1]:		--nl-ext-tplanes
[runlim] argv[2]:		--cbqi-all
[runlim] argv[3]:		/tmp/JpJqrnXY.smt2
[runlim] start:			Tue Feb  5 10:18:50 2019
[runlim] main pid:		25496
[runlim] sample:		9.9 time, 10.6 real, 43.5 MB
[runlim] sample:		19.9 time, 20.6 real, 55.0 MB
[runlim] sample:		29.6 time, 30.6 real, 63.9 MB
[runlim] sample:		37.3 time, 40.6 real, 71.4 MB
[runlim] sample:		44.9 time, 50.6 real, 75.8 MB
[runlim] sample:		52.7 time, 60.6 real, 80.2 MB
[runlim] sample:		62.4 time, 70.6 real, 85.3 MB
[runlim] sample:		72.0 time, 80.6 real, 90.5 MB
[runlim] sample:		81.3 time, 90.6 real, 94.6 MB
[runlim] sample:		89.2 time, 100.6 real, 97.7 MB
[runlim] sample:		97.2 time, 110.6 real, 100.8 MB
[runlim] sample:		105.2 time, 120.6 real, 110.3 MB
[runlim] sample:		113.8 time, 130.6 real, 113.4 MB
[runlim] sample:		123.4 time, 140.6 real, 117.0 MB
[runlim] sample:		133.1 time, 150.6 real, 120.1 MB
[runlim] sample:		142.7 time, 160.6 real, 122.9 MB
[runlim] sample:		152.4 time, 170.6 real, 125.8 MB
[runlim] sample:		162.0 time, 180.6 real, 128.6 MB
[runlim] sample:		171.7 time, 190.6 real, 131.2 MB
[runlim] sample:		181.3 time, 200.6 real, 133.8 MB
[runlim] sample:		191.0 time, 210.6 real, 136.1 MB
[runlim] sample:		200.7 time, 220.6 real, 138.4 MB
[runlim] sample:		209.9 time, 230.6 real, 140.5 MB
[runlim] sample:		217.8 time, 240.6 real, 142.0 MB
[runlim] sample:		225.8 time, 250.6 real, 143.8 MB
[runlim] sample:		233.8 time, 260.6 real, 145.4 MB
[runlim] sample:		241.8 time, 270.6 real, 147.2 MB
[runlim] sample:		251.2 time, 280.6 real, 149.0 MB
[runlim] sample:		260.7 time, 290.6 real, 150.8 MB
[runlim] sample:		269.9 time, 300.6 real, 152.6 MB
[runlim] sample:		279.5 time, 310.6 real, 154.6 MB
[runlim] sample:		289.5 time, 320.6 real, 156.4 MB
[runlim] sample:		299.5 time, 330.6 real, 158.2 MB
CVC4 interrupted by SIGTERM.
[runlim] end:			Tue Feb  5 10:24:21 2019
[runlim] status:		out of time
[runlim] result:		2
[runlim] children:		0
[runlim] real:			331.11 seconds
[runlim] time:			300.04 seconds
[runlim] space:			158.5 MB
[runlim] samples:		3305
