[runlim] version:		1.10fixed
[runlim] time limit:		300 seconds
[runlim] real time limit:	311040000 seconds
[runlim] space limit:		4000 MB
[runlim] argv[0]:		./cvc4
[runlim] argv[1]:		--nl-ext-tplanes
[runlim] argv[2]:		--cbqi-all
[runlim] argv[3]:		/tmp/Wep0G2y0.smt2
[runlim] start:			Tue Feb  5 10:18:55 2019
[runlim] main pid:		5565
[runlim] sample:		8.8 time, 10.7 real, 41.9 MB
[runlim] sample:		18.8 time, 20.7 real, 54.8 MB
[runlim] sample:		28.8 time, 30.7 real, 64.5 MB
[runlim] sample:		38.8 time, 40.7 real, 73.7 MB
[runlim] sample:		48.8 time, 50.7 real, 80.2 MB
[runlim] sample:		58.8 time, 60.7 real, 86.1 MB
[runlim] sample:		68.8 time, 70.7 real, 91.5 MB
[runlim] sample:		78.8 time, 80.7 real, 96.9 MB
[runlim] sample:		88.8 time, 90.7 real, 103.4 MB
[runlim] sample:		98.8 time, 100.7 real, 111.7 MB
[runlim] sample:		108.2 time, 110.7 real, 115.3 MB
[runlim] sample:		118.2 time, 120.6 real, 119.2 MB
[runlim] sample:		127.9 time, 130.7 real, 122.5 MB
[runlim] sample:		137.2 time, 140.7 real, 125.4 MB
[runlim] sample:		146.6 time, 150.7 real, 128.2 MB
[runlim] sample:		155.1 time, 160.7 real, 131.0 MB
[runlim] sample:		163.5 time, 170.7 real, 133.6 MB
[runlim] sample:		171.9 time, 180.7 real, 136.2 MB
[runlim] sample:		180.9 time, 190.7 real, 139.0 MB
[runlim] sample:		189.3 time, 200.7 real, 141.4 MB
[runlim] sample:		198.7 time, 210.7 real, 143.7 MB
[runlim] sample:		208.4 time, 220.7 real, 146.0 MB
[runlim] sample:		217.9 time, 230.7 real, 148.3 MB
[runlim] sample:		227.2 time, 240.7 real, 150.4 MB
[runlim] sample:		236.8 time, 250.7 real, 152.7 MB
[runlim] sample:		245.8 time, 260.7 real, 154.5 MB
[runlim] sample:		255.6 time, 270.7 real, 156.6 MB
[runlim] sample:		264.7 time, 280.7 real, 158.6 MB
[runlim] sample:		274.6 time, 290.7 real, 160.7 MB
[runlim] sample:		283.8 time, 300.7 real, 162.5 MB
[runlim] sample:		293.3 time, 310.7 real, 164.3 MB
[runlim] end:			Tue Feb  5 10:24:12 2019
[runlim] status:		signal(9)
[runlim] result:		11
[runlim] children:		0
[runlim] real:			317.49 seconds
[runlim] time:			299.76 seconds
[runlim] space:			165.3 MB
[runlim] samples:		3168
