[runlim] version:		1.10fixed
[runlim] time limit:		300 seconds
[runlim] real time limit:	311040000 seconds
[runlim] space limit:		4000 MB
[runlim] argv[0]:		./cvc4
[runlim] argv[1]:		--nl-ext-tplanes
[runlim] argv[2]:		--cbqi-all
[runlim] argv[3]:		/tmp/ZXJIdDqd.smt2
[runlim] start:			Tue Feb  5 10:18:36 2019
[runlim] main pid:		21589
/tmp/ZXJIdDqd.smt2:4.12: No set-logic command was given before this point.
/tmp/ZXJIdDqd.smt2:4.12: CVC4 will make all theories available.
/tmp/ZXJIdDqd.smt2:4.12: Consider setting a stricter logic for (likely) better performance.
/tmp/ZXJIdDqd.smt2:4.12: To suppress this warning in the future use (set-logic ALL).
[runlim] sample:		9.1 time, 10.4 real, 99.6 MB
[runlim] sample:		18.8 time, 20.4 real, 135.4 MB
[runlim] sample:		28.4 time, 30.4 real, 156.4 MB
[runlim] sample:		38.3 time, 40.4 real, 172.4 MB
[runlim] sample:		48.3 time, 50.4 real, 185.3 MB
[runlim] sample:		58.3 time, 60.4 real, 196.4 MB
[runlim] sample:		68.3 time, 70.4 real, 207.5 MB
[runlim] sample:		78.0 time, 80.4 real, 215.7 MB
[runlim] sample:		88.0 time, 90.4 real, 225.6 MB
[runlim] sample:		98.0 time, 100.4 real, 234.7 MB
[runlim] sample:		108.0 time, 110.4 real, 246.0 MB
[runlim] sample:		118.0 time, 120.4 real, 252.2 MB
[runlim] sample:		128.0 time, 130.4 real, 262.7 MB
[runlim] sample:		138.0 time, 140.4 real, 267.6 MB
[runlim] sample:		148.0 time, 150.4 real, 275.1 MB
[runlim] sample:		158.0 time, 160.4 real, 281.8 MB
[runlim] sample:		167.3 time, 170.4 real, 285.9 MB
[runlim] sample:		175.9 time, 180.4 real, 289.2 MB
[runlim] sample:		185.9 time, 190.4 real, 298.0 MB
[runlim] sample:		195.8 time, 200.4 real, 299.8 MB
[runlim] sample:		204.9 time, 210.4 real, 303.4 MB
[runlim] sample:		213.5 time, 220.4 real, 307.6 MB
[runlim] sample:		223.5 time, 230.4 real, 313.0 MB
[runlim] sample:		233.5 time, 240.4 real, 316.1 MB
[runlim] sample:		243.5 time, 250.4 real, 322.3 MB
[runlim] sample:		253.4 time, 260.4 real, 324.8 MB
[runlim] sample:		263.4 time, 270.4 real, 330.0 MB
[runlim] sample:		273.4 time, 280.4 real, 332.6 MB
[runlim] sample:		283.4 time, 290.4 real, 335.9 MB
[runlim] sample:		293.4 time, 300.4 real, 340.8 MB
CVC4 interrupted by SIGTERM.
[runlim] end:			Tue Feb  5 10:23:44 2019
[runlim] status:		out of time
[runlim] result:		2
[runlim] children:		0
[runlim] real:			308.51 seconds
[runlim] time:			300.05 seconds
[runlim] space:			343.4 MB
[runlim] samples:		3081
