[runlim] version:		1.10fixed
[runlim] time limit:		300 seconds
[runlim] real time limit:	311040000 seconds
[runlim] space limit:		4000 MB
[runlim] argv[0]:		./cvc4
[runlim] argv[1]:		--nl-ext-tplanes
[runlim] argv[2]:		--cbqi-all
[runlim] argv[3]:		/tmp/0HhTJcGG.smt2
[runlim] start:			Tue Jan 29 16:53:57 2019
[runlim] main pid:		26193
[runlim] sample:		9.4 time, 10.8 real, 53.4 MB
[runlim] sample:		19.2 time, 20.8 real, 67.5 MB
[runlim] sample:		29.0 time, 30.8 real, 76.6 MB
[runlim] sample:		39.0 time, 40.8 real, 84.8 MB
[runlim] sample:		49.0 time, 50.8 real, 91.0 MB
[runlim] sample:		59.0 time, 60.8 real, 97.7 MB
[runlim] sample:		69.0 time, 70.8 real, 105.7 MB
[runlim] sample:		79.0 time, 80.8 real, 110.8 MB
[runlim] sample:		89.0 time, 90.8 real, 115.0 MB
[runlim] sample:		99.0 time, 100.8 real, 118.8 MB
[runlim] sample:		108.9 time, 110.8 real, 122.4 MB
[runlim] sample:		119.0 time, 120.8 real, 126.0 MB
[runlim] sample:		128.9 time, 130.8 real, 129.4 MB
[runlim] sample:		138.9 time, 140.8 real, 132.5 MB
[runlim] sample:		148.9 time, 150.8 real, 135.8 MB
[runlim] sample:		158.9 time, 160.8 real, 139.4 MB
[runlim] sample:		168.9 time, 170.8 real, 141.8 MB
[runlim] sample:		178.9 time, 180.8 real, 145.1 MB
[runlim] sample:		188.9 time, 190.8 real, 147.7 MB
[runlim] sample:		198.9 time, 200.8 real, 150.3 MB
[runlim] sample:		208.9 time, 210.8 real, 152.8 MB
[runlim] sample:		218.9 time, 220.8 real, 156.7 MB
[runlim] sample:		228.9 time, 230.8 real, 159.0 MB
[runlim] sample:		238.9 time, 240.8 real, 161.1 MB
[runlim] sample:		248.9 time, 250.8 real, 163.4 MB
[runlim] sample:		258.9 time, 260.8 real, 167.3 MB
[runlim] sample:		268.9 time, 270.8 real, 169.3 MB
[runlim] sample:		278.9 time, 280.8 real, 171.1 MB
[runlim] sample:		288.9 time, 290.8 real, 172.9 MB
[runlim] sample:		298.9 time, 300.8 real, 174.8 MB
CVC4 interrupted by SIGTERM.
[runlim] end:			Tue Jan 29 16:58:58 2019
[runlim] status:		out of time
[runlim] result:		2
[runlim] children:		0
[runlim] real:			301.93 seconds
[runlim] time:			300.02 seconds
[runlim] space:			175.3 MB
[runlim] samples:		3011
