[runlim] version:		1.10fixed
[runlim] time limit:		300 seconds
[runlim] real time limit:	311040000 seconds
[runlim] space limit:		4000 MB
[runlim] argv[0]:		./cvc4
[runlim] argv[1]:		--nl-ext-tplanes
[runlim] argv[2]:		--cbqi-all
[runlim] argv[3]:		/tmp/it7d76wW.smt2
[runlim] start:			Tue Feb  5 10:22:22 2019
[runlim] main pid:		25942
[runlim] sample:		8.0 time, 10.3 real, 37.3 MB
[runlim] sample:		16.7 time, 20.3 real, 44.9 MB
[runlim] sample:		26.3 time, 30.3 real, 52.2 MB
[runlim] sample:		36.0 time, 40.3 real, 58.2 MB
[runlim] sample:		45.6 time, 50.3 real, 63.9 MB
[runlim] sample:		55.3 time, 60.3 real, 68.3 MB
[runlim] sample:		65.0 time, 70.3 real, 71.6 MB
[runlim] sample:		74.9 time, 80.3 real, 76.6 MB
[runlim] sample:		84.9 time, 90.3 real, 81.1 MB
[runlim] sample:		94.9 time, 100.3 real, 85.4 MB
[runlim] sample:		104.9 time, 110.3 real, 89.0 MB
[runlim] sample:		113.8 time, 120.3 real, 91.3 MB
[runlim] sample:		123.8 time, 130.3 real, 95.0 MB
[runlim] sample:		133.8 time, 140.3 real, 97.8 MB
[runlim] sample:		143.8 time, 150.3 real, 101.1 MB
[runlim] sample:		153.8 time, 160.3 real, 104.0 MB
[runlim] sample:		163.8 time, 170.3 real, 107.0 MB
[runlim] sample:		173.8 time, 180.3 real, 110.4 MB
[runlim] sample:		183.7 time, 190.3 real, 112.7 MB
[runlim] sample:		193.7 time, 200.3 real, 115.0 MB
[runlim] sample:		203.7 time, 210.3 real, 117.6 MB
[runlim] sample:		213.7 time, 220.3 real, 119.9 MB
[runlim] sample:		223.7 time, 230.3 real, 122.5 MB
[runlim] sample:		233.7 time, 240.3 real, 124.6 MB
[runlim] sample:		243.7 time, 250.3 real, 126.9 MB
[runlim] sample:		253.7 time, 260.3 real, 129.4 MB
[runlim] sample:		263.7 time, 270.3 real, 131.5 MB
[runlim] sample:		273.7 time, 280.3 real, 134.1 MB
[runlim] sample:		283.7 time, 290.3 real, 136.9 MB
[runlim] sample:		293.7 time, 300.3 real, 138.2 MB
CVC4 interrupted by SIGTERM.
[runlim] end:			Tue Feb  5 10:27:28 2019
[runlim] status:		out of time
[runlim] result:		2
[runlim] children:		0
[runlim] real:			306.75 seconds
[runlim] time:			300.10 seconds
[runlim] space:			139.8 MB
[runlim] samples:		3064
