[runlim] version:		1.10fixed
[runlim] time limit:		300 seconds
[runlim] real time limit:	311040000 seconds
[runlim] space limit:		4000 MB
[runlim] argv[0]:		./cvc4
[runlim] argv[1]:		--nl-ext-tplanes
[runlim] argv[2]:		--cbqi-all
[runlim] argv[3]:		/tmp/0HbRFEkA.smt2
[runlim] start:			Tue Jan 29 16:54:38 2019
[runlim] main pid:		30220
[runlim] sample:		8.7 time, 10.5 real, 77.7 MB
[runlim] sample:		16.3 time, 20.5 real, 97.0 MB
[runlim] sample:		25.7 time, 30.5 real, 116.8 MB
[runlim] sample:		33.4 time, 40.5 real, 128.4 MB
[runlim] sample:		41.1 time, 50.5 real, 137.1 MB
[runlim] sample:		50.4 time, 60.5 real, 146.9 MB
[runlim] sample:		60.4 time, 70.5 real, 157.6 MB
[runlim] sample:		70.4 time, 80.5 real, 164.1 MB
[runlim] sample:		80.4 time, 90.5 real, 173.2 MB
[runlim] sample:		90.4 time, 100.5 real, 180.6 MB
[runlim] sample:		100.4 time, 110.5 real, 186.8 MB
[runlim] sample:		109.0 time, 120.5 real, 191.9 MB
[runlim] sample:		116.4 time, 130.5 real, 199.1 MB
[runlim] sample:		125.3 time, 140.5 real, 203.2 MB
[runlim] sample:		134.1 time, 150.5 real, 207.8 MB
[runlim] sample:		143.2 time, 160.5 real, 213.2 MB
[runlim] sample:		153.2 time, 170.5 real, 221.2 MB
[runlim] sample:		162.1 time, 180.5 real, 225.1 MB
[runlim] sample:		172.1 time, 190.5 real, 229.2 MB
[runlim] sample:		182.1 time, 200.5 real, 233.1 MB
[runlim] sample:		191.9 time, 210.5 real, 237.4 MB
[runlim] sample:		201.8 time, 220.5 real, 241.0 MB
[runlim] sample:		211.4 time, 230.5 real, 246.1 MB
[runlim] sample:		221.4 time, 240.5 real, 250.7 MB
[runlim] sample:		231.4 time, 250.5 real, 253.1 MB
[runlim] sample:		241.4 time, 260.5 real, 257.9 MB
[runlim] sample:		251.4 time, 270.5 real, 260.3 MB
[runlim] sample:		260.5 time, 280.5 real, 264.1 MB
[runlim] sample:		268.2 time, 290.5 real, 266.2 MB
[runlim] sample:		277.2 time, 300.5 real, 268.5 MB
[runlim] sample:		287.2 time, 310.5 real, 271.1 MB
[runlim] end:			Tue Jan 29 16:59:48 2019
[runlim] status:		signal(9)
[runlim] result:		11
[runlim] children:		0
[runlim] real:			310.72 seconds
[runlim] time:			287.43 seconds
[runlim] space:			271.1 MB
[runlim] samples:		3102
