[runlim] version:		1.10fixed
[runlim] time limit:		300 seconds
[runlim] real time limit:	311040000 seconds
[runlim] space limit:		4000 MB
[runlim] argv[0]:		./cvc4
[runlim] argv[1]:		--nl-ext-tplanes
[runlim] argv[2]:		--cbqi-all
[runlim] argv[3]:		/tmp/nYweXSr9.smt2
[runlim] start:			Tue Jan 29 16:53:17 2019
[runlim] main pid:		16137
[runlim] sample:		9.4 time, 10.4 real, 52.8 MB
[runlim] sample:		19.4 time, 20.4 real, 66.9 MB
[runlim] sample:		28.9 time, 30.4 real, 77.0 MB
[runlim] sample:		37.2 time, 40.4 real, 83.4 MB
[runlim] sample:		45.6 time, 50.4 real, 89.6 MB
[runlim] sample:		53.9 time, 60.4 real, 95.5 MB
[runlim] sample:		62.2 time, 70.4 real, 100.4 MB
[runlim] sample:		70.5 time, 80.4 real, 105.8 MB
[runlim] sample:		80.3 time, 90.4 real, 111.4 MB
[runlim] sample:		90.3 time, 100.4 real, 117.4 MB
[runlim] sample:		100.3 time, 110.4 real, 121.6 MB
[runlim] sample:		110.3 time, 120.4 real, 126.2 MB
[runlim] sample:		119.4 time, 130.4 real, 129.3 MB
[runlim] sample:		128.4 time, 140.4 real, 132.9 MB
[runlim] sample:		137.7 time, 150.4 real, 136.0 MB
[runlim] sample:		147.7 time, 160.4 real, 139.1 MB
[runlim] sample:		157.7 time, 170.4 real, 142.2 MB
[runlim] sample:		167.6 time, 180.4 real, 146.6 MB
[runlim] sample:		177.6 time, 190.4 real, 149.6 MB
[runlim] sample:		187.7 time, 200.4 real, 152.5 MB
[runlim] sample:		197.7 time, 210.4 real, 155.3 MB
[runlim] sample:		207.6 time, 220.4 real, 158.4 MB
[runlim] sample:		217.6 time, 230.4 real, 161.0 MB
[runlim] sample:		227.6 time, 240.4 real, 164.6 MB
[runlim] sample:		237.6 time, 250.4 real, 167.2 MB
[runlim] sample:		247.6 time, 260.4 real, 170.8 MB
[runlim] sample:		257.6 time, 270.4 real, 172.8 MB
[runlim] sample:		267.6 time, 280.4 real, 175.4 MB
[runlim] sample:		277.6 time, 290.4 real, 177.5 MB
[runlim] sample:		287.6 time, 300.4 real, 179.5 MB
[runlim] sample:		297.6 time, 310.4 real, 181.6 MB
[runlim] end:			Tue Jan 29 16:58:28 2019
[runlim] status:		signal(9)
[runlim] result:		11
[runlim] children:		0
[runlim] real:			311.50 seconds
[runlim] time:			298.73 seconds
[runlim] space:			181.6 MB
[runlim] samples:		3111
