[runlim] version:		1.10fixed
[runlim] time limit:		300 seconds
[runlim] real time limit:	311040000 seconds
[runlim] space limit:		4000 MB
[runlim] argv[0]:		./cvc4
[runlim] argv[1]:		--nl-ext-tplanes
[runlim] argv[2]:		--cbqi-all
[runlim] argv[3]:		/tmp/NMQXT0qV.smt2
[runlim] start:			Tue Jan 29 16:57:09 2019
[runlim] main pid:		31894
[runlim] sample:		8.6 time, 10.8 real, 38.2 MB
[runlim] sample:		18.6 time, 20.8 real, 44.4 MB
[runlim] sample:		28.6 time, 30.8 real, 48.6 MB
[runlim] sample:		38.6 time, 40.8 real, 51.9 MB
[runlim] sample:		48.6 time, 50.8 real, 55.0 MB
[runlim] sample:		58.6 time, 60.8 real, 56.8 MB
[runlim] sample:		68.6 time, 70.8 real, 59.6 MB
[runlim] sample:		78.6 time, 80.8 real, 61.4 MB
[runlim] sample:		88.6 time, 90.8 real, 62.2 MB
[runlim] sample:		98.6 time, 100.8 real, 65.8 MB
[runlim] sample:		108.6 time, 110.8 real, 67.3 MB
[runlim] sample:		118.6 time, 120.8 real, 68.1 MB
[runlim] sample:		128.6 time, 130.8 real, 68.4 MB
[runlim] sample:		138.6 time, 140.8 real, 71.7 MB
[runlim] sample:		148.6 time, 150.8 real, 73.5 MB
[runlim] sample:		158.6 time, 160.8 real, 73.8 MB
[runlim] sample:		168.6 time, 170.8 real, 75.1 MB
[runlim] sample:		178.6 time, 180.8 real, 77.9 MB
[runlim] sample:		188.6 time, 190.8 real, 79.2 MB
[runlim] sample:		198.6 time, 200.8 real, 81.2 MB
[runlim] sample:		208.6 time, 210.8 real, 81.7 MB
[runlim] sample:		218.6 time, 220.8 real, 82.5 MB
[runlim] sample:		228.6 time, 230.8 real, 82.5 MB
[runlim] sample:		238.6 time, 240.8 real, 83.0 MB
[runlim] sample:		248.6 time, 250.8 real, 85.6 MB
[runlim] sample:		258.6 time, 260.8 real, 87.4 MB
[runlim] sample:		268.6 time, 270.8 real, 89.7 MB
[runlim] sample:		278.6 time, 280.8 real, 89.7 MB
[runlim] sample:		288.6 time, 290.8 real, 90.2 MB
[runlim] sample:		298.6 time, 300.8 real, 90.7 MB
CVC4 interrupted by SIGTERM.
[runlim] end:			Tue Jan 29 17:02:11 2019
[runlim] status:		out of time
[runlim] result:		2
[runlim] children:		0
[runlim] real:			302.31 seconds
[runlim] time:			300.07 seconds
[runlim] space:			90.7 MB
[runlim] samples:		3015
