[runlim] version:		1.10fixed
[runlim] time limit:		300 seconds
[runlim] real time limit:	311040000 seconds
[runlim] space limit:		4000 MB
[runlim] argv[0]:		./cvc4
[runlim] argv[1]:		--nl-ext-tplanes
[runlim] argv[2]:		--cbqi-all
[runlim] argv[3]:		/tmp/EUmeKlnp.smt2
[runlim] start:			Tue Feb  5 10:19:13 2019
[runlim] main pid:		22932
[runlim] sample:		9.9 time, 10.4 real, 44.2 MB
[runlim] sample:		19.0 time, 20.4 real, 55.5 MB
[runlim] sample:		27.7 time, 30.4 real, 65.1 MB
[runlim] sample:		37.3 time, 40.4 real, 73.3 MB
[runlim] sample:		47.3 time, 50.4 real, 80.3 MB
[runlim] sample:		56.3 time, 60.4 real, 85.7 MB
[runlim] sample:		65.0 time, 70.4 real, 90.1 MB
[runlim] sample:		73.7 time, 80.4 real, 94.5 MB
[runlim] sample:		82.4 time, 90.4 real, 98.8 MB
[runlim] sample:		91.1 time, 100.4 real, 105.5 MB
[runlim] sample:		100.1 time, 110.4 real, 114.3 MB
[runlim] sample:		110.1 time, 120.4 real, 116.9 MB
[runlim] sample:		119.9 time, 130.4 real, 120.5 MB
[runlim] sample:		128.6 time, 140.4 real, 123.3 MB
[runlim] sample:		138.5 time, 150.4 real, 126.7 MB
[runlim] sample:		148.5 time, 160.4 real, 129.8 MB
[runlim] sample:		157.6 time, 170.4 real, 132.6 MB
[runlim] sample:		166.6 time, 180.4 real, 135.4 MB
[runlim] sample:		176.6 time, 190.4 real, 138.5 MB
[runlim] sample:		186.6 time, 200.4 real, 141.6 MB
[runlim] sample:		196.6 time, 210.4 real, 144.2 MB
[runlim] sample:		206.6 time, 220.4 real, 146.3 MB
[runlim] sample:		216.6 time, 230.4 real, 148.9 MB
[runlim] sample:		226.3 time, 240.4 real, 151.4 MB
[runlim] sample:		234.4 time, 250.4 real, 153.2 MB
[runlim] sample:		242.4 time, 260.4 real, 155.0 MB
[runlim] sample:		252.2 time, 270.4 real, 156.8 MB
[runlim] sample:		262.1 time, 280.4 real, 159.2 MB
[runlim] sample:		272.1 time, 290.4 real, 161.2 MB
[runlim] sample:		282.1 time, 300.4 real, 163.0 MB
[runlim] sample:		292.1 time, 310.4 real, 165.1 MB
[runlim] end:			Tue Feb  5 10:24:29 2019
[runlim] status:		signal(9)
[runlim] result:		11
[runlim] children:		0
[runlim] real:			316.95 seconds
[runlim] time:			298.63 seconds
[runlim] space:			166.4 MB
[runlim] samples:		3165
