[runlim] version:		1.10fixed
[runlim] time limit:		300 seconds
[runlim] real time limit:	311040000 seconds
[runlim] space limit:		4000 MB
[runlim] argv[0]:		./cvc4
[runlim] argv[1]:		--nl-ext-tplanes
[runlim] argv[2]:		--cbqi-all
[runlim] argv[3]:		/tmp/mGB28IYz.smt2
[runlim] start:			Tue Feb  5 10:18:33 2019
[runlim] main pid:		2639
/tmp/mGB28IYz.smt2:4.12: No set-logic command was given before this point.
/tmp/mGB28IYz.smt2:4.12: CVC4 will make all theories available.
/tmp/mGB28IYz.smt2:4.12: Consider setting a stricter logic for (likely) better performance.
/tmp/mGB28IYz.smt2:4.12: To suppress this warning in the future use (set-logic ALL).
[runlim] sample:		9.7 time, 10.6 real, 85.6 MB
[runlim] sample:		17.8 time, 20.6 real, 106.2 MB
[runlim] sample:		27.3 time, 30.6 real, 122.1 MB
[runlim] sample:		36.2 time, 40.6 real, 136.8 MB
[runlim] sample:		45.5 time, 50.6 real, 147.1 MB
[runlim] sample:		55.2 time, 60.6 real, 154.6 MB
[runlim] sample:		65.1 time, 70.6 real, 162.2 MB
[runlim] sample:		75.1 time, 80.6 real, 169.1 MB
[runlim] sample:		85.1 time, 90.6 real, 176.0 MB
[runlim] sample:		94.1 time, 100.6 real, 180.1 MB
[runlim] sample:		102.4 time, 110.6 real, 185.5 MB
[runlim] sample:		110.8 time, 120.6 real, 189.4 MB
[runlim] sample:		119.1 time, 130.6 real, 193.5 MB
[runlim] sample:		127.5 time, 140.6 real, 197.8 MB
[runlim] sample:		137.2 time, 150.6 real, 201.7 MB
[runlim] sample:		146.8 time, 160.6 real, 205.3 MB
[runlim] sample:		156.5 time, 170.6 real, 208.9 MB
[runlim] sample:		166.2 time, 180.6 real, 213.3 MB
[runlim] sample:		175.8 time, 190.6 real, 216.9 MB
[runlim] sample:		185.5 time, 200.6 real, 221.8 MB
[runlim] sample:		195.2 time, 210.6 real, 225.1 MB
[runlim] sample:		204.8 time, 220.6 real, 234.3 MB
[runlim] sample:		214.5 time, 230.6 real, 236.1 MB
[runlim] sample:		224.2 time, 240.6 real, 239.2 MB
[runlim] sample:		233.9 time, 250.6 real, 244.5 MB
[runlim] sample:		243.5 time, 260.6 real, 247.1 MB
[runlim] sample:		253.2 time, 270.6 real, 249.7 MB
[runlim] sample:		262.9 time, 280.6 real, 253.8 MB
[runlim] sample:		271.9 time, 290.6 real, 258.7 MB
[runlim] sample:		281.8 time, 300.6 real, 259.5 MB
[runlim] sample:		291.1 time, 310.6 real, 263.3 MB
[runlim] end:			Tue Feb  5 10:23:50 2019
[runlim] status:		signal(9)
[runlim] result:		11
[runlim] children:		0
[runlim] real:			317.40 seconds
[runlim] time:			297.48 seconds
[runlim] space:			264.6 MB
[runlim] samples:		3168
