[runlim] version:		1.10fixed
[runlim] time limit:		300 seconds
[runlim] real time limit:	311040000 seconds
[runlim] space limit:		4000 MB
[runlim] argv[0]:		./cvc4
[runlim] argv[1]:		--nl-ext-tplanes
[runlim] argv[2]:		--cbqi-all
[runlim] argv[3]:		/tmp/kKZu8adt.smt2
[runlim] start:			Tue Feb  5 10:23:15 2019
[runlim] main pid:		22041
[runlim] sample:		9.7 time, 10.0 real, 40.4 MB
[runlim] sample:		19.6 time, 20.0 real, 48.7 MB
[runlim] sample:		29.6 time, 30.0 real, 56.2 MB
[runlim] sample:		39.5 time, 40.0 real, 62.2 MB
[runlim] sample:		49.5 time, 50.0 real, 67.9 MB
[runlim] sample:		59.5 time, 60.0 real, 72.5 MB
[runlim] sample:		69.5 time, 70.0 real, 76.6 MB
[runlim] sample:		79.5 time, 80.0 real, 82.7 MB
[runlim] sample:		89.5 time, 90.0 real, 86.6 MB
[runlim] sample:		99.5 time, 100.0 real, 90.2 MB
[runlim] sample:		109.5 time, 110.0 real, 93.0 MB
[runlim] sample:		119.5 time, 120.0 real, 96.7 MB
[runlim] sample:		129.6 time, 130.0 real, 100.5 MB
[runlim] sample:		139.5 time, 140.0 real, 103.4 MB
[runlim] sample:		149.5 time, 150.0 real, 109.1 MB
[runlim] sample:		159.5 time, 160.0 real, 109.4 MB
[runlim] sample:		169.5 time, 170.0 real, 112.2 MB
[runlim] sample:		179.5 time, 180.0 real, 115.1 MB
[runlim] sample:		189.5 time, 190.0 real, 117.9 MB
[runlim] sample:		199.5 time, 200.0 real, 121.0 MB
[runlim] sample:		209.5 time, 210.0 real, 123.6 MB
[runlim] sample:		219.5 time, 220.0 real, 126.2 MB
[runlim] sample:		229.5 time, 230.0 real, 128.5 MB
[runlim] sample:		239.5 time, 240.0 real, 130.8 MB
[runlim] sample:		249.5 time, 250.0 real, 133.6 MB
[runlim] sample:		259.5 time, 260.0 real, 135.7 MB
[runlim] sample:		269.5 time, 270.0 real, 137.2 MB
[runlim] sample:		279.5 time, 280.0 real, 140.3 MB
[runlim] sample:		289.5 time, 290.0 real, 142.1 MB
[runlim] sample:		299.5 time, 300.0 real, 144.7 MB
CVC4 interrupted by SIGTERM.
[runlim] end:			Tue Feb  5 10:28:15 2019
[runlim] status:		out of time
[runlim] result:		2
[runlim] children:		0
[runlim] real:			300.54 seconds
[runlim] time:			300.03 seconds
[runlim] space:			144.7 MB
[runlim] samples:		3005
