[runlim] version:		1.10fixed
[runlim] time limit:		300 seconds
[runlim] real time limit:	311040000 seconds
[runlim] space limit:		4000 MB
[runlim] argv[0]:		./cvc4
[runlim] argv[1]:		--nl-ext-tplanes
[runlim] argv[2]:		--cbqi-all
[runlim] argv[3]:		/tmp/tfANZv8I.smt2
[runlim] start:			Tue Feb  5 10:18:51 2019
[runlim] main pid:		25139
[runlim] sample:		9.8 time, 10.7 real, 42.6 MB
[runlim] sample:		19.8 time, 20.7 real, 55.0 MB
[runlim] sample:		29.8 time, 30.7 real, 62.5 MB
[runlim] sample:		39.8 time, 40.7 real, 72.4 MB
[runlim] sample:		49.8 time, 50.7 real, 78.1 MB
[runlim] sample:		59.8 time, 60.7 real, 83.5 MB
[runlim] sample:		69.8 time, 70.7 real, 88.9 MB
[runlim] sample:		79.8 time, 80.7 real, 93.3 MB
[runlim] sample:		89.8 time, 90.7 real, 97.2 MB
[runlim] sample:		99.8 time, 100.7 real, 101.6 MB
[runlim] sample:		109.8 time, 110.7 real, 111.3 MB
[runlim] sample:		119.8 time, 120.7 real, 114.9 MB
[runlim] sample:		129.6 time, 130.7 real, 118.2 MB
[runlim] sample:		139.3 time, 140.7 real, 121.1 MB
[runlim] sample:		149.0 time, 150.7 real, 123.9 MB
[runlim] sample:		157.9 time, 160.7 real, 126.5 MB
[runlim] sample:		167.6 time, 170.7 real, 129.3 MB
[runlim] sample:		177.4 time, 180.7 real, 131.6 MB
[runlim] sample:		187.4 time, 190.7 real, 134.2 MB
[runlim] sample:		197.4 time, 200.7 real, 136.8 MB
[runlim] sample:		207.4 time, 210.7 real, 139.1 MB
[runlim] sample:		217.4 time, 220.7 real, 141.2 MB
[runlim] sample:		227.4 time, 230.7 real, 143.2 MB
[runlim] sample:		236.6 time, 240.7 real, 145.3 MB
[runlim] sample:		245.2 time, 250.7 real, 147.1 MB
[runlim] sample:		254.9 time, 260.7 real, 149.2 MB
[runlim] sample:		264.6 time, 270.7 real, 151.0 MB
[runlim] sample:		274.4 time, 280.7 real, 152.8 MB
[runlim] sample:		284.4 time, 290.7 real, 154.8 MB
[runlim] sample:		294.4 time, 300.7 real, 156.9 MB
CVC4 interrupted by SIGTERM.
[runlim] end:			Tue Feb  5 10:23:57 2019
[runlim] status:		out of time
[runlim] result:		2
[runlim] children:		0
[runlim] real:			306.34 seconds
[runlim] time:			300.04 seconds
[runlim] space:			157.9 MB
[runlim] samples:		3056
