[runlim] version:		1.10fixed
[runlim] time limit:		300 seconds
[runlim] real time limit:	311040000 seconds
[runlim] space limit:		4000 MB
[runlim] argv[0]:		./cvc4
[runlim] argv[1]:		--nl-ext-tplanes
[runlim] argv[2]:		--cbqi-all
[runlim] argv[3]:		/tmp/Jm37gWJq.smt2
[runlim] start:			Tue Feb  5 10:18:52 2019
[runlim] main pid:		6261
[runlim] sample:		8.4 time, 10.3 real, 40.3 MB
[runlim] sample:		18.4 time, 20.3 real, 53.4 MB
[runlim] sample:		28.4 time, 30.3 real, 61.7 MB
[runlim] sample:		38.4 time, 40.3 real, 71.7 MB
[runlim] sample:		48.4 time, 50.3 real, 77.9 MB
[runlim] sample:		58.0 time, 60.3 real, 83.0 MB
[runlim] sample:		67.3 time, 70.3 real, 87.7 MB
[runlim] sample:		76.7 time, 80.3 real, 92.1 MB
[runlim] sample:		86.5 time, 90.3 real, 96.2 MB
[runlim] sample:		95.9 time, 100.3 real, 99.8 MB
[runlim] sample:		104.2 time, 110.3 real, 105.3 MB
[runlim] sample:		112.1 time, 120.3 real, 112.1 MB
[runlim] sample:		120.2 time, 130.3 real, 115.2 MB
[runlim] sample:		128.3 time, 140.3 real, 118.0 MB
[runlim] sample:		136.5 time, 150.3 real, 120.6 MB
[runlim] sample:		145.9 time, 160.3 real, 123.2 MB
[runlim] sample:		155.9 time, 170.3 real, 126.3 MB
[runlim] sample:		165.9 time, 180.3 real, 128.8 MB
[runlim] sample:		174.6 time, 190.3 real, 131.2 MB
[runlim] sample:		182.8 time, 200.3 real, 133.2 MB
[runlim] sample:		191.6 time, 210.3 real, 135.6 MB
[runlim] sample:		201.6 time, 220.3 real, 137.6 MB
[runlim] sample:		211.5 time, 230.3 real, 139.9 MB
[runlim] sample:		220.2 time, 240.3 real, 141.7 MB
[runlim] sample:		228.7 time, 250.3 real, 143.5 MB
[runlim] sample:		237.1 time, 260.3 real, 145.3 MB
[runlim] sample:		246.6 time, 270.3 real, 147.2 MB
[runlim] sample:		255.7 time, 280.3 real, 149.2 MB
[runlim] sample:		264.4 time, 290.3 real, 150.8 MB
[runlim] sample:		274.4 time, 300.3 real, 152.6 MB
[runlim] sample:		284.4 time, 310.3 real, 154.6 MB
[runlim] sample:		294.4 time, 320.3 real, 156.7 MB
CVC4 interrupted by SIGTERM.
[runlim] end:			Tue Feb  5 10:24:17 2019
[runlim] status:		out of time
[runlim] result:		2
[runlim] children:		0
[runlim] real:			325.96 seconds
[runlim] time:			300.03 seconds
[runlim] space:			157.7 MB
[runlim] samples:		3256
