[runlim] version:		1.10fixed
[runlim] time limit:		300 seconds
[runlim] real time limit:	311040000 seconds
[runlim] space limit:		4000 MB
[runlim] argv[0]:		./cvc4
[runlim] argv[1]:		--nl-ext-tplanes
[runlim] argv[2]:		--cbqi-all
[runlim] argv[3]:		/tmp/aCoRg58N.smt2
[runlim] start:			Tue Jan 29 16:54:46 2019
[runlim] main pid:		9540
[runlim] sample:		8.2 time, 10.3 real, 65.4 MB
[runlim] sample:		16.8 time, 20.3 real, 82.3 MB
[runlim] sample:		26.8 time, 30.3 real, 95.0 MB
[runlim] sample:		36.0 time, 40.3 real, 103.9 MB
[runlim] sample:		43.9 time, 50.3 real, 110.5 MB
[runlim] sample:		53.2 time, 60.3 real, 118.3 MB
[runlim] sample:		62.6 time, 70.3 real, 125.2 MB
[runlim] sample:		71.6 time, 80.3 real, 129.3 MB
[runlim] sample:		81.4 time, 90.3 real, 135.8 MB
[runlim] sample:		91.1 time, 100.3 real, 140.3 MB
[runlim] sample:		101.1 time, 110.3 real, 144.9 MB
[runlim] sample:		111.1 time, 120.3 real, 149.1 MB
[runlim] sample:		121.1 time, 130.3 real, 152.4 MB
[runlim] sample:		131.1 time, 140.3 real, 156.7 MB
[runlim] sample:		141.1 time, 150.3 real, 159.5 MB
[runlim] sample:		151.1 time, 160.3 real, 163.7 MB
[runlim] sample:		161.1 time, 170.3 real, 166.8 MB
[runlim] sample:		170.7 time, 180.3 real, 169.6 MB
[runlim] sample:		179.9 time, 190.3 real, 172.2 MB
[runlim] sample:		189.9 time, 200.3 real, 174.5 MB
[runlim] sample:		199.9 time, 210.3 real, 177.6 MB
[runlim] sample:		209.8 time, 220.3 real, 180.4 MB
[runlim] sample:		219.6 time, 230.3 real, 183.5 MB
[runlim] sample:		229.4 time, 240.3 real, 185.0 MB
[runlim] sample:		239.3 time, 250.3 real, 187.8 MB
[runlim] sample:		249.0 time, 260.3 real, 189.8 MB
[runlim] sample:		258.7 time, 270.3 real, 193.5 MB
[runlim] sample:		268.2 time, 280.3 real, 195.4 MB
[runlim] sample:		277.7 time, 290.3 real, 197.7 MB
[runlim] sample:		286.8 time, 300.3 real, 198.9 MB
[runlim] sample:		296.6 time, 310.3 real, 200.7 MB
CVC4 interrupted by SIGTERM.
[runlim] end:			Tue Jan 29 16:59:59 2019
[runlim] status:		out of time
[runlim] result:		2
[runlim] children:		0
[runlim] real:			313.90 seconds
[runlim] time:			300.09 seconds
[runlim] space:			202.0 MB
[runlim] samples:		3136
