[runlim] version:		1.10fixed
[runlim] time limit:		300 seconds
[runlim] real time limit:	311040000 seconds
[runlim] space limit:		4000 MB
[runlim] argv[0]:		./cvc4
[runlim] argv[1]:		--nl-ext-tplanes
[runlim] argv[2]:		--cbqi-all
[runlim] argv[3]:		/tmp/EB55gQLa.smt2
[runlim] start:			Tue Jan 29 16:56:16 2019
[runlim] main pid:		3526
[runlim] sample:		9.0 time, 11.0 real, 41.9 MB
[runlim] sample:		18.1 time, 21.0 real, 53.4 MB
[runlim] sample:		26.8 time, 31.0 real, 61.1 MB
[runlim] sample:		35.3 time, 41.0 real, 70.6 MB
[runlim] sample:		44.3 time, 51.0 real, 76.5 MB
[runlim] sample:		54.3 time, 61.0 real, 82.5 MB
[runlim] sample:		64.3 time, 71.0 real, 87.9 MB
[runlim] sample:		74.3 time, 81.0 real, 93.0 MB
[runlim] sample:		84.3 time, 91.0 real, 97.9 MB
[runlim] sample:		94.3 time, 101.0 real, 104.2 MB
[runlim] sample:		104.2 time, 111.0 real, 112.5 MB
[runlim] sample:		113.8 time, 121.0 real, 116.4 MB
[runlim] sample:		123.8 time, 131.0 real, 120.0 MB
[runlim] sample:		133.6 time, 141.0 real, 123.1 MB
[runlim] sample:		143.3 time, 151.0 real, 126.2 MB
[runlim] sample:		152.9 time, 161.0 real, 128.8 MB
[runlim] sample:		162.9 time, 171.0 real, 132.1 MB
[runlim] sample:		171.7 time, 181.0 real, 135.2 MB
[runlim] sample:		180.8 time, 191.0 real, 137.8 MB
[runlim] sample:		188.9 time, 201.0 real, 139.9 MB
[runlim] sample:		198.9 time, 211.0 real, 142.4 MB
[runlim] sample:		208.9 time, 221.0 real, 145.0 MB
[runlim] sample:		218.9 time, 231.0 real, 147.6 MB
[runlim] sample:		228.9 time, 241.0 real, 149.9 MB
[runlim] sample:		238.9 time, 251.0 real, 152.2 MB
[runlim] sample:		248.9 time, 261.0 real, 154.3 MB
[runlim] sample:		258.9 time, 271.0 real, 156.4 MB
[runlim] sample:		268.9 time, 281.0 real, 158.7 MB
[runlim] sample:		278.9 time, 291.0 real, 160.7 MB
[runlim] sample:		288.9 time, 301.0 real, 162.5 MB
[runlim] sample:		298.9 time, 311.0 real, 164.6 MB
[runlim] end:			Tue Jan 29 17:01:27 2019
[runlim] status:		signal(9)
[runlim] result:		11
[runlim] children:		0
[runlim] real:			311.98 seconds
[runlim] time:			299.82 seconds
[runlim] space:			164.9 MB
[runlim] samples:		3109
