[runlim] version:		1.10fixed
[runlim] time limit:		300 seconds
[runlim] real time limit:	311040000 seconds
[runlim] space limit:		4000 MB
[runlim] argv[0]:		./cvc4
[runlim] argv[1]:		--nl-ext-tplanes
[runlim] argv[2]:		--cbqi-all
[runlim] argv[3]:		/tmp/KWKgbTZz.smt2
[runlim] start:			Tue Feb  5 10:14:04 2019
[runlim] main pid:		21725
[runlim] sample:		9.5 time, 10.5 real, 52.6 MB
[runlim] sample:		19.5 time, 20.5 real, 66.7 MB
[runlim] sample:		29.5 time, 30.5 real, 75.4 MB
[runlim] sample:		39.5 time, 40.5 real, 84.2 MB
[runlim] sample:		49.5 time, 50.5 real, 89.9 MB
[runlim] sample:		59.5 time, 60.5 real, 96.2 MB
[runlim] sample:		69.5 time, 70.5 real, 102.4 MB
[runlim] sample:		79.5 time, 80.5 real, 109.9 MB
[runlim] sample:		89.5 time, 90.5 real, 114.1 MB
[runlim] sample:		98.4 time, 100.5 real, 117.2 MB
[runlim] sample:		106.2 time, 110.5 real, 120.3 MB
[runlim] sample:		115.5 time, 120.5 real, 123.1 MB
[runlim] sample:		124.7 time, 130.5 real, 125.9 MB
[runlim] sample:		133.2 time, 140.5 real, 128.8 MB
[runlim] sample:		142.1 time, 150.5 real, 131.9 MB
[runlim] sample:		151.3 time, 160.5 real, 134.7 MB
[runlim] sample:		160.2 time, 170.5 real, 138.0 MB
[runlim] sample:		168.5 time, 180.5 real, 140.1 MB
[runlim] sample:		178.3 time, 190.5 real, 142.9 MB
[runlim] sample:		187.9 time, 200.5 real, 145.2 MB
[runlim] sample:		197.6 time, 210.5 real, 147.8 MB
[runlim] sample:		207.4 time, 220.5 real, 150.4 MB
[runlim] sample:		217.0 time, 230.5 real, 152.7 MB
[runlim] sample:		226.7 time, 240.5 real, 157.1 MB
[runlim] sample:		236.4 time, 250.5 real, 158.6 MB
[runlim] sample:		246.3 time, 260.5 real, 161.2 MB
[runlim] sample:		256.3 time, 270.5 real, 163.0 MB
[runlim] sample:		266.3 time, 280.5 real, 164.6 MB
[runlim] sample:		274.2 time, 290.5 real, 166.1 MB
[runlim] sample:		283.3 time, 300.5 real, 169.8 MB
[runlim] sample:		292.0 time, 310.5 real, 171.3 MB
CVC4 interrupted by SIGTERM.
[runlim] end:			Tue Feb  5 10:19:22 2019
[runlim] status:		out of time
[runlim] result:		2
[runlim] children:		0
[runlim] real:			318.51 seconds
[runlim] time:			300.02 seconds
[runlim] space:			172.9 MB
[runlim] samples:		3180
