[runlim] version:		1.10fixed
[runlim] time limit:		300 seconds
[runlim] real time limit:	311040000 seconds
[runlim] space limit:		4000 MB
[runlim] argv[0]:		./cvc4
[runlim] argv[1]:		--nl-ext-tplanes
[runlim] argv[2]:		--cbqi-all
[runlim] argv[3]:		/tmp/l6jFOUvQ.smt2
[runlim] start:			Tue Jan 29 16:54:52 2019
[runlim] main pid:		1861
[runlim] sample:		9.4 time, 10.4 real, 85.6 MB
[runlim] sample:		18.7 time, 20.4 real, 113.3 MB
[runlim] sample:		28.4 time, 30.4 real, 135.8 MB
[runlim] sample:		38.0 time, 40.4 real, 153.2 MB
[runlim] sample:		47.7 time, 50.4 real, 168.7 MB
[runlim] sample:		57.4 time, 60.4 real, 180.6 MB
[runlim] sample:		66.7 time, 70.4 real, 190.6 MB
[runlim] sample:		76.0 time, 80.4 real, 204.0 MB
[runlim] sample:		85.4 time, 90.4 real, 215.0 MB
[runlim] sample:		94.8 time, 100.4 real, 225.1 MB
[runlim] sample:		104.4 time, 110.4 real, 232.8 MB
[runlim] sample:		113.8 time, 120.4 real, 240.3 MB
[runlim] sample:		123.8 time, 130.4 real, 250.7 MB
[runlim] sample:		133.8 time, 140.4 real, 257.4 MB
[runlim] sample:		143.8 time, 150.4 real, 263.3 MB
[runlim] sample:		153.8 time, 160.4 real, 271.7 MB
[runlim] sample:		163.8 time, 170.4 real, 277.9 MB
[runlim] sample:		173.8 time, 180.4 real, 284.4 MB
[runlim] sample:		183.4 time, 190.4 real, 290.3 MB
[runlim] sample:		191.8 time, 200.4 real, 293.3 MB
[runlim] sample:		201.6 time, 210.4 real, 299.8 MB
[runlim] sample:		211.6 time, 220.4 real, 305.0 MB
[runlim] sample:		221.2 time, 230.4 real, 308.6 MB
[runlim] sample:		230.0 time, 240.4 real, 313.5 MB
[runlim] sample:		240.0 time, 250.4 real, 318.4 MB
[runlim] sample:		250.0 time, 260.4 real, 322.3 MB
[runlim] sample:		260.0 time, 270.4 real, 328.4 MB
[runlim] sample:		270.0 time, 280.4 real, 331.0 MB
[runlim] sample:		279.8 time, 290.4 real, 336.7 MB
[runlim] sample:		289.6 time, 300.4 real, 339.7 MB
[runlim] sample:		299.6 time, 310.4 real, 345.6 MB
CVC4 interrupted by SIGTERM.
[runlim] end:			Tue Jan 29 17:00:03 2019
[runlim] status:		out of time
[runlim] result:		2
[runlim] children:		0
[runlim] real:			311.03 seconds
[runlim] time:			300.03 seconds
[runlim] space:			345.6 MB
[runlim] samples:		3106
