[runlim] version:		1.10fixed
[runlim] time limit:		300 seconds
[runlim] real time limit:	311040000 seconds
[runlim] space limit:		4000 MB
[runlim] argv[0]:		./cvc4
[runlim] argv[1]:		--nl-ext-tplanes
[runlim] argv[2]:		--cbqi-all
[runlim] argv[3]:		/tmp/f7NkQvOG.smt2
[runlim] start:			Tue Jan 29 16:56:57 2019
[runlim] main pid:		12737
[runlim] sample:		8.4 time, 10.0 real, 37.4 MB
[runlim] sample:		17.4 time, 20.0 real, 43.4 MB
[runlim] sample:		26.3 time, 30.0 real, 47.1 MB
[runlim] sample:		36.3 time, 40.0 real, 50.7 MB
[runlim] sample:		46.3 time, 50.0 real, 53.8 MB
[runlim] sample:		56.3 time, 60.0 real, 55.6 MB
[runlim] sample:		66.3 time, 70.0 real, 58.5 MB
[runlim] sample:		76.3 time, 80.0 real, 61.0 MB
[runlim] sample:		86.3 time, 90.0 real, 61.6 MB
[runlim] sample:		96.3 time, 100.0 real, 65.2 MB
[runlim] sample:		106.3 time, 110.0 real, 67.2 MB
[runlim] sample:		116.3 time, 120.0 real, 67.7 MB
[runlim] sample:		126.3 time, 130.0 real, 68.3 MB
[runlim] sample:		136.3 time, 140.0 real, 72.7 MB
[runlim] sample:		146.3 time, 150.0 real, 74.3 MB
[runlim] sample:		156.3 time, 160.0 real, 75.0 MB
[runlim] sample:		166.3 time, 170.0 real, 76.3 MB
[runlim] sample:		176.3 time, 180.0 real, 78.6 MB
[runlim] sample:		186.3 time, 190.0 real, 79.7 MB
[runlim] sample:		196.3 time, 200.0 real, 81.5 MB
[runlim] sample:		206.3 time, 210.0 real, 82.0 MB
[runlim] sample:		216.2 time, 220.0 real, 82.2 MB
[runlim] sample:		226.2 time, 230.0 real, 83.0 MB
[runlim] sample:		236.2 time, 240.0 real, 83.5 MB
[runlim] sample:		246.2 time, 250.0 real, 86.4 MB
[runlim] sample:		256.2 time, 260.0 real, 88.7 MB
[runlim] sample:		266.2 time, 270.0 real, 89.7 MB
[runlim] sample:		276.2 time, 280.0 real, 90.2 MB
[runlim] sample:		286.2 time, 290.0 real, 90.7 MB
[runlim] sample:		296.2 time, 300.0 real, 91.0 MB
CVC4 interrupted by SIGTERM.
[runlim] end:			Tue Jan 29 17:02:00 2019
[runlim] status:		out of time
[runlim] result:		2
[runlim] children:		0
[runlim] real:			303.84 seconds
[runlim] time:			300.02 seconds
[runlim] space:			91.3 MB
[runlim] samples:		3038
