[runlim] version:		1.10fixed
[runlim] time limit:		300 seconds
[runlim] real time limit:	311040000 seconds
[runlim] space limit:		4000 MB
[runlim] argv[0]:		./cvc4
[runlim] argv[1]:		--nl-ext-tplanes
[runlim] argv[2]:		--cbqi-all
[runlim] argv[3]:		/tmp/UcWX8OdJ.smt2
[runlim] start:			Tue Feb  5 13:21:28 2019
[runlim] main pid:		9998
[runlim] sample:		8.7 time, 10.9 real, 41.7 MB
[runlim] sample:		18.4 time, 20.9 real, 54.7 MB
[runlim] sample:		28.4 time, 30.9 real, 66.3 MB
[runlim] sample:		38.5 time, 40.9 real, 73.8 MB
[runlim] sample:		48.4 time, 50.9 real, 79.7 MB
[runlim] sample:		58.4 time, 60.9 real, 85.7 MB
[runlim] sample:		68.4 time, 70.9 real, 91.1 MB
[runlim] sample:		78.4 time, 80.9 real, 96.0 MB
[runlim] sample:		88.4 time, 90.9 real, 100.1 MB
[runlim] sample:		98.4 time, 100.9 real, 110.9 MB
[runlim] sample:		108.4 time, 110.9 real, 114.5 MB
[runlim] sample:		118.4 time, 120.9 real, 118.7 MB
[runlim] sample:		128.4 time, 130.9 real, 122.3 MB
[runlim] sample:		138.4 time, 140.9 real, 125.4 MB
[runlim] sample:		148.4 time, 150.9 real, 128.2 MB
[runlim] sample:		157.6 time, 160.9 real, 131.3 MB
[runlim] sample:		165.0 time, 170.9 real, 133.6 MB
[runlim] sample:		173.7 time, 180.9 real, 135.9 MB
[runlim] sample:		182.0 time, 190.9 real, 138.2 MB
[runlim] sample:		191.1 time, 200.9 real, 140.6 MB
[runlim] sample:		201.1 time, 210.9 real, 142.6 MB
[runlim] sample:		210.2 time, 220.9 real, 145.2 MB
[runlim] sample:		220.2 time, 230.9 real, 147.8 MB
[runlim] sample:		228.8 time, 240.9 real, 149.6 MB
[runlim] sample:		236.0 time, 250.9 real, 151.1 MB
[runlim] sample:		244.6 time, 260.9 real, 153.5 MB
[runlim] sample:		254.6 time, 270.9 real, 155.5 MB
[runlim] sample:		264.6 time, 280.9 real, 157.3 MB
[runlim] sample:		274.6 time, 290.9 real, 159.6 MB
[runlim] sample:		284.6 time, 300.9 real, 161.4 MB
[runlim] sample:		294.6 time, 310.9 real, 163.5 MB
[runlim] end:			Tue Feb  5 13:26:40 2019
[runlim] status:		signal(9)
[runlim] result:		11
[runlim] children:		0
[runlim] real:			312.89 seconds
[runlim] time:			296.45 seconds
[runlim] space:			163.8 MB
[runlim] samples:		3119
