[runlim] version:		1.10fixed
[runlim] time limit:		300 seconds
[runlim] real time limit:	311040000 seconds
[runlim] space limit:		4000 MB
[runlim] argv[0]:		./cvc4
[runlim] argv[1]:		--nl-ext-tplanes
[runlim] argv[2]:		--cbqi-all
[runlim] argv[3]:		/tmp/dJsdDYiT.smt2
[runlim] start:			Tue Jan 29 16:56:40 2019
[runlim] main pid:		28945
[runlim] sample:		9.8 time, 10.1 real, 42.2 MB
[runlim] sample:		19.8 time, 20.1 real, 54.8 MB
[runlim] sample:		27.3 time, 30.1 real, 61.0 MB
[runlim] sample:		34.8 time, 40.1 real, 69.2 MB
[runlim] sample:		44.4 time, 50.1 real, 75.7 MB
[runlim] sample:		52.4 time, 60.1 real, 80.3 MB
[runlim] sample:		62.0 time, 70.1 real, 86.0 MB
[runlim] sample:		70.8 time, 80.1 real, 90.4 MB
[runlim] sample:		80.3 time, 90.1 real, 94.7 MB
[runlim] sample:		90.3 time, 100.1 real, 99.1 MB
[runlim] sample:		100.0 time, 110.1 real, 105.2 MB
[runlim] sample:		109.7 time, 120.1 real, 113.4 MB
[runlim] sample:		119.0 time, 130.1 real, 116.7 MB
[runlim] sample:		128.4 time, 140.1 real, 120.1 MB
[runlim] sample:		138.4 time, 150.1 real, 123.2 MB
[runlim] sample:		148.0 time, 160.1 real, 126.0 MB
[runlim] sample:		158.0 time, 170.1 real, 129.6 MB
[runlim] sample:		168.0 time, 180.1 real, 132.2 MB
[runlim] sample:		178.0 time, 190.1 real, 135.0 MB
[runlim] sample:		188.0 time, 200.1 real, 137.6 MB
[runlim] sample:		198.0 time, 210.1 real, 139.9 MB
[runlim] sample:		208.0 time, 220.1 real, 142.8 MB
[runlim] sample:		218.0 time, 230.1 real, 145.1 MB
[runlim] sample:		228.0 time, 240.1 real, 147.4 MB
[runlim] sample:		238.0 time, 250.1 real, 150.0 MB
[runlim] sample:		247.9 time, 260.1 real, 152.0 MB
[runlim] sample:		257.9 time, 270.1 real, 154.4 MB
[runlim] sample:		267.9 time, 280.1 real, 156.7 MB
[runlim] sample:		277.5 time, 290.1 real, 158.5 MB
[runlim] sample:		286.7 time, 300.1 real, 160.0 MB
[runlim] sample:		295.2 time, 310.1 real, 161.8 MB
CVC4 interrupted by SIGTERM.
[runlim] end:			Tue Jan 29 17:01:55 2019
[runlim] status:		out of time
[runlim] result:		2
[runlim] children:		0
[runlim] real:			315.82 seconds
[runlim] time:			300.04 seconds
[runlim] space:			162.9 MB
[runlim] samples:		3157
