[runlim] version:		1.10fixed
[runlim] time limit:		300 seconds
[runlim] real time limit:	311040000 seconds
[runlim] space limit:		4000 MB
[runlim] argv[0]:		./cvc4
[runlim] argv[1]:		--nl-ext-tplanes
[runlim] argv[2]:		--cbqi-all
[runlim] argv[3]:		/tmp/1NVZYOXo.smt2
[runlim] start:			Tue Feb  5 10:17:53 2019
[runlim] main pid:		21456
[runlim] sample:		8.0 time, 10.4 real, 50.2 MB
[runlim] sample:		16.7 time, 20.4 real, 63.3 MB
[runlim] sample:		26.7 time, 30.4 real, 73.5 MB
[runlim] sample:		36.7 time, 40.4 real, 81.7 MB
[runlim] sample:		46.7 time, 50.4 real, 89.2 MB
[runlim] sample:		56.7 time, 60.4 real, 95.6 MB
[runlim] sample:		66.7 time, 70.4 real, 101.6 MB
[runlim] sample:		76.7 time, 80.4 real, 108.7 MB
[runlim] sample:		86.7 time, 90.4 real, 113.9 MB
[runlim] sample:		96.7 time, 100.4 real, 117.5 MB
[runlim] sample:		106.7 time, 110.4 real, 121.1 MB
[runlim] sample:		116.7 time, 120.4 real, 124.5 MB
[runlim] sample:		126.7 time, 130.4 real, 127.0 MB
[runlim] sample:		136.3 time, 140.4 real, 130.4 MB
[runlim] sample:		144.7 time, 150.4 real, 133.7 MB
[runlim] sample:		153.1 time, 160.4 real, 136.6 MB
[runlim] sample:		162.0 time, 170.4 real, 139.1 MB
[runlim] sample:		172.1 time, 180.4 real, 142.2 MB
[runlim] sample:		182.0 time, 190.4 real, 144.8 MB
[runlim] sample:		192.0 time, 200.4 real, 147.1 MB
[runlim] sample:		202.0 time, 210.4 real, 149.7 MB
[runlim] sample:		212.0 time, 220.4 real, 152.3 MB
[runlim] sample:		222.0 time, 230.4 real, 157.2 MB
[runlim] sample:		232.0 time, 240.4 real, 158.7 MB
[runlim] sample:		242.0 time, 250.4 real, 160.5 MB
[runlim] sample:		252.0 time, 260.4 real, 162.9 MB
[runlim] sample:		261.3 time, 270.4 real, 164.7 MB
[runlim] sample:		271.3 time, 280.4 real, 166.5 MB
[runlim] sample:		281.3 time, 290.4 real, 170.5 MB
[runlim] sample:		291.3 time, 300.4 real, 172.3 MB
CVC4 interrupted by SIGTERM.
[runlim] end:			Tue Feb  5 10:23:02 2019
[runlim] status:		out of time
[runlim] result:		2
[runlim] children:		0
[runlim] real:			309.17 seconds
[runlim] time:			300.03 seconds
[runlim] space:			173.8 MB
[runlim] samples:		3087
