[runlim] version:		1.10fixed
[runlim] time limit:		300 seconds
[runlim] real time limit:	311040000 seconds
[runlim] space limit:		4000 MB
[runlim] argv[0]:		./cvc4
[runlim] argv[1]:		--nl-ext-tplanes
[runlim] argv[2]:		--cbqi-all
[runlim] argv[3]:		/tmp/Li1wgtUQ.smt2
[runlim] start:			Tue Feb  5 10:18:04 2019
[runlim] main pid:		5817
[runlim] sample:		9.7 time, 10.2 real, 53.3 MB
[runlim] sample:		19.4 time, 20.2 real, 66.9 MB
[runlim] sample:		29.4 time, 30.2 real, 75.7 MB
[runlim] sample:		39.4 time, 40.2 real, 84.4 MB
[runlim] sample:		49.4 time, 50.2 real, 90.6 MB
[runlim] sample:		59.4 time, 60.2 real, 96.9 MB
[runlim] sample:		69.4 time, 70.2 real, 102.8 MB
[runlim] sample:		79.4 time, 80.2 real, 110.5 MB
[runlim] sample:		89.4 time, 90.2 real, 114.7 MB
[runlim] sample:		99.4 time, 100.2 real, 118.3 MB
[runlim] sample:		109.4 time, 110.2 real, 121.6 MB
[runlim] sample:		119.4 time, 120.2 real, 125.0 MB
[runlim] sample:		128.8 time, 130.2 real, 127.8 MB
[runlim] sample:		138.1 time, 140.2 real, 130.9 MB
[runlim] sample:		147.0 time, 150.2 real, 134.2 MB
[runlim] sample:		155.4 time, 160.2 real, 137.3 MB
[runlim] sample:		163.2 time, 170.2 real, 139.1 MB
[runlim] sample:		171.4 time, 180.2 real, 142.2 MB
[runlim] sample:		179.4 time, 190.2 real, 144.0 MB
[runlim] sample:		188.5 time, 200.2 real, 146.4 MB
[runlim] sample:		198.1 time, 210.2 real, 148.7 MB
[runlim] sample:		207.6 time, 220.2 real, 151.0 MB
[runlim] sample:		217.1 time, 230.2 real, 155.4 MB
[runlim] sample:		226.6 time, 240.2 real, 157.4 MB
[runlim] sample:		236.0 time, 250.2 real, 159.0 MB
[runlim] sample:		244.5 time, 260.2 real, 161.3 MB
[runlim] sample:		253.9 time, 270.2 real, 162.8 MB
[runlim] sample:		262.3 time, 280.2 real, 164.1 MB
[runlim] sample:		271.6 time, 290.2 real, 165.9 MB
[runlim] sample:		280.8 time, 300.2 real, 169.7 MB
[runlim] sample:		289.0 time, 310.2 real, 171.2 MB
[runlim] sample:		297.3 time, 320.2 real, 172.8 MB
CVC4 interrupted by SIGTERM.
[runlim] end:			Tue Feb  5 10:23:28 2019
[runlim] status:		out of time
[runlim] result:		2
[runlim] children:		0
[runlim] real:			324.10 seconds
[runlim] time:			300.05 seconds
[runlim] space:			173.3 MB
[runlim] samples:		3239
