[runlim] version:		1.10fixed
[runlim] time limit:		300 seconds
[runlim] real time limit:	311040000 seconds
[runlim] space limit:		4000 MB
[runlim] argv[0]:		./cvc4
[runlim] argv[1]:		--nl-ext-tplanes
[runlim] argv[2]:		--cbqi-all
[runlim] argv[3]:		/tmp/1tZOBJP2.smt2
[runlim] start:			Tue Feb  5 10:23:17 2019
[runlim] main pid:		12713
[runlim] sample:		9.9 time, 10.9 real, 39.3 MB
[runlim] sample:		19.9 time, 20.9 real, 47.8 MB
[runlim] sample:		28.5 time, 30.9 real, 53.8 MB
[runlim] sample:		37.2 time, 40.9 real, 59.3 MB
[runlim] sample:		46.0 time, 50.9 real, 64.2 MB
[runlim] sample:		55.7 time, 60.9 real, 68.6 MB
[runlim] sample:		65.3 time, 70.9 real, 72.9 MB
[runlim] sample:		75.0 time, 80.9 real, 76.7 MB
[runlim] sample:		84.7 time, 90.9 real, 81.1 MB
[runlim] sample:		94.3 time, 100.9 real, 85.7 MB
[runlim] sample:		104.0 time, 110.9 real, 89.0 MB
[runlim] sample:		113.6 time, 120.9 real, 92.1 MB
[runlim] sample:		123.3 time, 130.9 real, 95.4 MB
[runlim] sample:		132.9 time, 140.9 real, 97.8 MB
[runlim] sample:		142.6 time, 150.9 real, 101.4 MB
[runlim] sample:		152.2 time, 160.9 real, 103.7 MB
[runlim] sample:		161.9 time, 170.9 real, 106.5 MB
[runlim] sample:		171.5 time, 180.9 real, 108.8 MB
[runlim] sample:		181.2 time, 190.9 real, 112.7 MB
[runlim] sample:		190.8 time, 200.9 real, 115.2 MB
[runlim] sample:		200.5 time, 210.9 real, 117.3 MB
[runlim] sample:		210.1 time, 220.9 real, 119.6 MB
[runlim] sample:		219.8 time, 230.9 real, 121.9 MB
[runlim] sample:		229.4 time, 240.9 real, 124.5 MB
[runlim] sample:		239.1 time, 250.9 real, 126.8 MB
[runlim] sample:		248.8 time, 260.9 real, 127.8 MB
[runlim] sample:		258.4 time, 270.9 real, 130.1 MB
[runlim] sample:		268.1 time, 280.9 real, 132.2 MB
[runlim] sample:		277.7 time, 290.9 real, 134.8 MB
[runlim] sample:		287.4 time, 300.9 real, 137.1 MB
[runlim] end:			Tue Feb  5 10:28:25 2019
[runlim] status:		signal(9)
[runlim] result:		11
[runlim] children:		0
[runlim] real:			308.23 seconds
[runlim] time:			294.40 seconds
[runlim] space:			138.4 MB
[runlim] samples:		3073
