[runlim] version:		1.10fixed
[runlim] time limit:		300 seconds
[runlim] real time limit:	311040000 seconds
[runlim] space limit:		4000 MB
[runlim] argv[0]:		./cvc4
[runlim] argv[1]:		--nl-ext-tplanes
[runlim] argv[2]:		--cbqi-all
[runlim] argv[3]:		/tmp/G1Z5znXp.smt2
[runlim] start:			Tue Feb  5 10:18:41 2019
[runlim] main pid:		6360
/tmp/G1Z5znXp.smt2:4.12: No set-logic command was given before this point.
/tmp/G1Z5znXp.smt2:4.12: CVC4 will make all theories available.
/tmp/G1Z5znXp.smt2:4.12: Consider setting a stricter logic for (likely) better performance.
/tmp/G1Z5znXp.smt2:4.12: To suppress this warning in the future use (set-logic ALL).
[runlim] sample:		9.2 time, 10.7 real, 110.5 MB
[runlim] sample:		19.2 time, 20.7 real, 157.7 MB
[runlim] sample:		29.2 time, 30.7 real, 182.2 MB
[runlim] sample:		39.2 time, 40.7 real, 204.6 MB
[runlim] sample:		49.2 time, 50.7 real, 218.9 MB
[runlim] sample:		59.1 time, 60.7 real, 235.3 MB
[runlim] sample:		69.1 time, 70.7 real, 251.4 MB
[runlim] sample:		79.1 time, 80.7 real, 265.4 MB
[runlim] sample:		89.1 time, 90.7 real, 275.4 MB
[runlim] sample:		99.1 time, 100.7 real, 283.9 MB
[runlim] sample:		109.1 time, 110.7 real, 293.7 MB
[runlim] sample:		119.0 time, 120.7 real, 301.4 MB
[runlim] sample:		128.6 time, 130.7 real, 311.2 MB
[runlim] sample:		137.7 time, 140.7 real, 318.4 MB
[runlim] sample:		147.4 time, 150.7 real, 326.4 MB
[runlim] sample:		156.1 time, 160.7 real, 329.7 MB
[runlim] sample:		165.7 time, 170.7 real, 336.4 MB
[runlim] sample:		175.7 time, 180.7 real, 342.9 MB
[runlim] sample:		185.7 time, 190.7 real, 349.8 MB
[runlim] sample:		194.5 time, 200.7 real, 353.7 MB
[runlim] sample:		203.1 time, 210.7 real, 360.6 MB
[runlim] sample:		213.1 time, 220.7 real, 364.8 MB
[runlim] sample:		222.9 time, 230.7 real, 371.2 MB
[runlim] sample:		232.6 time, 240.7 real, 375.8 MB
[runlim] sample:		242.3 time, 250.7 real, 384.6 MB
[runlim] sample:		252.0 time, 260.7 real, 385.9 MB
[runlim] sample:		261.8 time, 270.7 real, 392.3 MB
[runlim] sample:		271.4 time, 280.7 real, 396.7 MB
[runlim] sample:		280.8 time, 290.7 real, 401.1 MB
[runlim] sample:		289.8 time, 300.7 real, 409.8 MB
[runlim] sample:		299.1 time, 310.7 real, 411.1 MB
CVC4 interrupted by SIGTERM.
[runlim] end:			Tue Feb  5 10:23:52 2019
[runlim] status:		out of time
[runlim] result:		2
[runlim] children:		0
[runlim] real:			311.69 seconds
[runlim] time:			300.10 seconds
[runlim] space:			412.7 MB
[runlim] samples:		3110
