[runlim] version:		1.10fixed
[runlim] time limit:		300 seconds
[runlim] real time limit:	311040000 seconds
[runlim] space limit:		4000 MB
[runlim] argv[0]:		./cvc4
[runlim] argv[1]:		--nl-ext-tplanes
[runlim] argv[2]:		--cbqi-all
[runlim] argv[3]:		/tmp/TFf7n4aD.smt2
[runlim] start:			Tue Feb  5 10:19:00 2019
[runlim] main pid:		20369
[runlim] sample:		9.2 time, 11.0 real, 41.0 MB
[runlim] sample:		18.1 time, 21.0 real, 53.0 MB
[runlim] sample:		27.1 time, 31.0 real, 60.5 MB
[runlim] sample:		36.1 time, 41.0 real, 69.7 MB
[runlim] sample:		45.0 time, 51.0 real, 75.1 MB
[runlim] sample:		53.8 time, 61.0 real, 80.0 MB
[runlim] sample:		62.8 time, 71.0 real, 84.7 MB
[runlim] sample:		72.8 time, 81.0 real, 90.1 MB
[runlim] sample:		81.3 time, 91.0 real, 93.7 MB
[runlim] sample:		89.6 time, 101.0 real, 96.8 MB
[runlim] sample:		97.9 time, 111.0 real, 100.1 MB
[runlim] sample:		106.2 time, 121.0 real, 105.4 MB
[runlim] sample:		114.5 time, 131.0 real, 112.5 MB
[runlim] sample:		122.8 time, 141.0 real, 115.6 MB
[runlim] sample:		131.4 time, 151.0 real, 118.4 MB
[runlim] sample:		141.4 time, 161.0 real, 121.3 MB
[runlim] sample:		151.4 time, 171.0 real, 124.4 MB
[runlim] sample:		161.4 time, 181.0 real, 126.9 MB
[runlim] sample:		171.4 time, 191.0 real, 129.8 MB
[runlim] sample:		181.4 time, 201.0 real, 132.4 MB
[runlim] sample:		191.4 time, 211.0 real, 134.9 MB
[runlim] sample:		201.4 time, 221.0 real, 137.3 MB
[runlim] sample:		211.4 time, 231.0 real, 139.3 MB
[runlim] sample:		221.4 time, 241.0 real, 141.4 MB
[runlim] sample:		231.4 time, 251.0 real, 143.7 MB
[runlim] sample:		241.3 time, 261.0 real, 145.8 MB
[runlim] sample:		251.3 time, 271.0 real, 147.8 MB
[runlim] sample:		261.4 time, 281.0 real, 149.9 MB
[runlim] sample:		271.4 time, 291.0 real, 152.2 MB
[runlim] sample:		281.4 time, 301.0 real, 153.5 MB
[runlim] sample:		289.9 time, 311.0 real, 155.3 MB
[runlim] end:			Tue Feb  5 10:24:13 2019
[runlim] status:		signal(9)
[runlim] result:		11
[runlim] children:		0
[runlim] real:			313.68 seconds
[runlim] time:			292.53 seconds
[runlim] space:			155.6 MB
[runlim] samples:		3126
