[runlim] version:		1.10fixed
[runlim] time limit:		300 seconds
[runlim] real time limit:	311040000 seconds
[runlim] space limit:		4000 MB
[runlim] argv[0]:		./cvc4
[runlim] argv[1]:		--nl-ext-tplanes
[runlim] argv[2]:		--cbqi-all
[runlim] argv[3]:		/tmp/r4znpmu6.smt2
[runlim] start:			Tue Feb  5 10:18:34 2019
[runlim] main pid:		8616
/tmp/r4znpmu6.smt2:4.12: No set-logic command was given before this point.
/tmp/r4znpmu6.smt2:4.12: CVC4 will make all theories available.
/tmp/r4znpmu6.smt2:4.12: Consider setting a stricter logic for (likely) better performance.
/tmp/r4znpmu6.smt2:4.12: To suppress this warning in the future use (set-logic ALL).
[runlim] sample:		8.3 time, 10.1 real, 81.9 MB
[runlim] sample:		16.9 time, 20.1 real, 101.7 MB
[runlim] sample:		26.9 time, 30.1 real, 117.6 MB
[runlim] sample:		36.1 time, 40.1 real, 132.1 MB
[runlim] sample:		46.1 time, 50.1 real, 143.2 MB
[runlim] sample:		56.1 time, 60.1 real, 151.4 MB
[runlim] sample:		66.1 time, 70.1 real, 158.9 MB
[runlim] sample:		76.1 time, 80.1 real, 165.8 MB
[runlim] sample:		86.1 time, 90.1 real, 172.0 MB
[runlim] sample:		96.1 time, 100.1 real, 176.6 MB
[runlim] sample:		106.1 time, 110.1 real, 183.1 MB
[runlim] sample:		116.1 time, 120.1 real, 187.7 MB
[runlim] sample:		126.1 time, 130.1 real, 192.6 MB
[runlim] sample:		135.5 time, 140.1 real, 195.7 MB
[runlim] sample:		143.5 time, 150.1 real, 199.0 MB
[runlim] sample:		151.5 time, 160.1 real, 202.6 MB
[runlim] sample:		159.6 time, 170.1 real, 205.5 MB
[runlim] sample:		168.6 time, 180.1 real, 208.8 MB
[runlim] sample:		178.3 time, 190.1 real, 212.8 MB
[runlim] sample:		188.0 time, 200.1 real, 217.2 MB
[runlim] sample:		197.6 time, 210.1 real, 220.5 MB
[runlim] sample:		207.3 time, 220.1 real, 223.9 MB
[runlim] sample:		217.0 time, 230.1 real, 230.1 MB
[runlim] sample:		226.7 time, 240.1 real, 236.5 MB
[runlim] sample:		236.4 time, 250.1 real, 237.0 MB
[runlim] sample:		246.1 time, 260.1 real, 239.6 MB
[runlim] sample:		255.8 time, 270.1 real, 246.7 MB
[runlim] sample:		265.5 time, 280.1 real, 249.7 MB
[runlim] sample:		275.1 time, 290.1 real, 251.0 MB
[runlim] sample:		284.8 time, 300.1 real, 253.8 MB
[runlim] sample:		294.6 time, 310.1 real, 257.1 MB
[runlim] end:			Tue Feb  5 10:23:47 2019
[runlim] status:		signal(9)
[runlim] result:		11
[runlim] children:		0
[runlim] real:			313.79 seconds
[runlim] time:			298.18 seconds
[runlim] space:			257.1 MB
[runlim] samples:		3136
