[runlim] version:		1.10fixed
[runlim] time limit:		300 seconds
[runlim] real time limit:	311040000 seconds
[runlim] space limit:		4000 MB
[runlim] argv[0]:		./cvc4
[runlim] argv[1]:		--nl-ext-tplanes
[runlim] argv[2]:		--cbqi-all
[runlim] argv[3]:		/tmp/PtqOvk75.smt2
[runlim] start:			Tue Feb  5 10:18:13 2019
[runlim] main pid:		6772
[runlim] sample:		8.8 time, 10.6 real, 50.4 MB
[runlim] sample:		17.5 time, 20.6 real, 81.0 MB
[runlim] sample:		25.7 time, 30.6 real, 84.7 MB
[runlim] sample:		34.8 time, 40.6 real, 87.5 MB
[runlim] sample:		44.2 time, 50.6 real, 89.5 MB
[runlim] sample:		53.5 time, 60.6 real, 90.6 MB
[runlim] sample:		62.5 time, 70.6 real, 91.3 MB
[runlim] sample:		70.7 time, 80.6 real, 91.3 MB
[runlim] sample:		80.2 time, 90.6 real, 95.2 MB
[runlim] sample:		89.9 time, 100.6 real, 96.2 MB
[runlim] sample:		99.0 time, 110.6 real, 96.2 MB
[runlim] sample:		108.3 time, 120.6 real, 98.9 MB
[runlim] sample:		116.8 time, 130.6 real, 102.6 MB
[runlim] sample:		126.2 time, 140.6 real, 106.9 MB
[runlim] sample:		134.3 time, 150.6 real, 107.2 MB
[runlim] sample:		142.6 time, 160.6 real, 111.4 MB
[runlim] sample:		150.3 time, 170.6 real, 112.5 MB
[runlim] sample:		158.2 time, 180.6 real, 112.5 MB
[runlim] sample:		166.7 time, 190.6 real, 112.7 MB
[runlim] sample:		175.8 time, 200.6 real, 121.2 MB
[runlim] sample:		184.8 time, 210.6 real, 121.5 MB
[runlim] sample:		194.6 time, 220.6 real, 121.7 MB
[runlim] sample:		204.6 time, 230.6 real, 121.7 MB
[runlim] sample:		214.5 time, 240.6 real, 123.8 MB
[runlim] sample:		224.1 time, 250.6 real, 134.1 MB
[runlim] sample:		233.8 time, 260.6 real, 142.6 MB
[runlim] sample:		243.4 time, 270.6 real, 145.8 MB
[runlim] sample:		253.1 time, 280.6 real, 146.2 MB
[runlim] sample:		262.8 time, 290.6 real, 146.2 MB
[runlim] sample:		272.8 time, 300.6 real, 147.0 MB
[runlim] sample:		282.8 time, 310.6 real, 150.1 MB
[runlim] sample:		292.7 time, 320.6 real, 150.6 MB
[runlim] end:			Tue Feb  5 10:23:40 2019
[runlim] status:		signal(9)
[runlim] result:		11
[runlim] children:		0
[runlim] real:			327.80 seconds
[runlim] time:			299.94 seconds
[runlim] space:			153.2 MB
[runlim] samples:		3272
