[runlim] version:		1.10fixed
[runlim] time limit:		300 seconds
[runlim] real time limit:	311040000 seconds
[runlim] space limit:		4000 MB
[runlim] argv[0]:		./cvc4
[runlim] argv[1]:		--nl-ext-tplanes
[runlim] argv[2]:		--cbqi-all
[runlim] argv[3]:		/tmp/3txcgoss.smt2
[runlim] start:			Tue Feb  5 10:19:11 2019
[runlim] main pid:		16125
[runlim] sample:		8.9 time, 10.1 real, 41.7 MB
[runlim] sample:		17.9 time, 20.1 real, 53.9 MB
[runlim] sample:		27.6 time, 30.1 real, 62.8 MB
[runlim] sample:		36.6 time, 40.1 real, 71.8 MB
[runlim] sample:		44.3 time, 50.1 real, 76.7 MB
[runlim] sample:		52.9 time, 60.1 real, 81.6 MB
[runlim] sample:		62.4 time, 70.1 real, 87.3 MB
[runlim] sample:		72.4 time, 80.1 real, 92.2 MB
[runlim] sample:		82.0 time, 90.1 real, 96.6 MB
[runlim] sample:		91.8 time, 100.1 real, 103.0 MB
[runlim] sample:		100.6 time, 110.1 real, 110.7 MB
[runlim] sample:		110.6 time, 120.1 real, 114.9 MB
[runlim] sample:		118.8 time, 130.1 real, 118.0 MB
[runlim] sample:		127.5 time, 140.1 real, 121.1 MB
[runlim] sample:		137.1 time, 150.1 real, 124.1 MB
[runlim] sample:		147.1 time, 160.1 real, 127.2 MB
[runlim] sample:		155.8 time, 170.1 real, 130.1 MB
[runlim] sample:		164.4 time, 180.1 real, 132.7 MB
[runlim] sample:		173.7 time, 190.1 real, 135.5 MB
[runlim] sample:		183.1 time, 200.1 real, 137.8 MB
[runlim] sample:		192.0 time, 210.1 real, 139.9 MB
[runlim] sample:		200.8 time, 220.1 real, 142.2 MB
[runlim] sample:		210.8 time, 230.1 real, 144.5 MB
[runlim] sample:		220.8 time, 240.1 real, 147.1 MB
[runlim] sample:		229.9 time, 250.1 real, 148.9 MB
[runlim] sample:		239.2 time, 260.1 real, 151.2 MB
[runlim] sample:		248.6 time, 270.1 real, 153.5 MB
[runlim] sample:		257.9 time, 280.1 real, 155.3 MB
[runlim] sample:		267.2 time, 290.1 real, 157.4 MB
[runlim] sample:		276.6 time, 300.1 real, 159.2 MB
[runlim] sample:		285.9 time, 310.1 real, 161.0 MB
[runlim] sample:		295.3 time, 320.1 real, 162.8 MB
[runlim] end:			Tue Feb  5 10:24:33 2019
[runlim] status:		signal(9)
[runlim] result:		11
[runlim] children:		0
[runlim] real:			322.93 seconds
[runlim] time:			297.98 seconds
[runlim] space:			163.3 MB
[runlim] samples:		3228
