[runlim] version:		1.10fixed
[runlim] time limit:		300 seconds
[runlim] real time limit:	311040000 seconds
[runlim] space limit:		4000 MB
[runlim] argv[0]:		./cvc4
[runlim] argv[1]:		--nl-ext-tplanes
[runlim] argv[2]:		--cbqi-all
[runlim] argv[3]:		/tmp/CtOboCEY.smt2
[runlim] start:			Tue Jan 29 16:57:02 2019
[runlim] main pid:		25295
[runlim] sample:		8.9 time, 10.6 real, 39.2 MB
[runlim] sample:		18.9 time, 20.6 real, 57.0 MB
[runlim] sample:		28.9 time, 30.6 real, 78.8 MB
[runlim] sample:		38.9 time, 40.6 real, 92.4 MB
[runlim] sample:		48.9 time, 50.6 real, 132.3 MB
[runlim] sample:		57.0 time, 60.6 real, 142.6 MB
[runlim] sample:		66.9 time, 70.6 real, 154.0 MB
[runlim] sample:		76.9 time, 80.6 real, 161.0 MB
[runlim] sample:		86.8 time, 90.6 real, 168.4 MB
[runlim] sample:		96.8 time, 100.6 real, 180.8 MB
[runlim] sample:		106.8 time, 110.6 real, 194.7 MB
[runlim] sample:		116.8 time, 120.6 real, 214.5 MB
[runlim] sample:		126.8 time, 130.6 real, 225.6 MB
[runlim] sample:		136.4 time, 140.6 real, 227.9 MB
[runlim] sample:		146.2 time, 150.6 real, 227.9 MB
[runlim] sample:		156.1 time, 160.6 real, 232.3 MB
[runlim] sample:		166.0 time, 170.6 real, 234.6 MB
[runlim] sample:		176.0 time, 180.6 real, 234.6 MB
[runlim] sample:		186.0 time, 190.6 real, 361.0 MB
[runlim] sample:		195.9 time, 200.6 real, 414.7 MB
[runlim] sample:		206.0 time, 210.6 real, 416.3 MB
[runlim] sample:		215.9 time, 220.6 real, 425.3 MB
[runlim] sample:		225.9 time, 230.6 real, 425.5 MB
[runlim] sample:		235.9 time, 240.6 real, 426.6 MB
[runlim] sample:		245.9 time, 250.6 real, 426.8 MB
[runlim] sample:		255.9 time, 260.6 real, 427.1 MB
[runlim] sample:		265.9 time, 270.6 real, 429.4 MB
[runlim] sample:		275.9 time, 280.6 real, 429.6 MB
[runlim] sample:		285.9 time, 290.6 real, 436.9 MB
[runlim] sample:		295.9 time, 300.6 real, 439.0 MB
CVC4 interrupted by SIGTERM.
[runlim] end:			Tue Jan 29 17:02:06 2019
[runlim] status:		out of time
[runlim] result:		2
[runlim] children:		0
[runlim] real:			304.73 seconds
[runlim] time:			300.03 seconds
[runlim] space:			439.0 MB
[runlim] samples:		3041
