[runlim] version:		1.10fixed
[runlim] time limit:		300 seconds
[runlim] real time limit:	311040000 seconds
[runlim] space limit:		4000 MB
[runlim] argv[0]:		./cvc4
[runlim] argv[1]:		--nl-ext-tplanes
[runlim] argv[2]:		--cbqi-all
[runlim] argv[3]:		/tmp/lVwcV8bS.smt2
[runlim] start:			Tue Feb  5 10:19:11 2019
[runlim] main pid:		28355
[runlim] sample:		8.0 time, 11.0 real, 39.2 MB
[runlim] sample:		16.0 time, 21.0 real, 50.6 MB
[runlim] sample:		25.3 time, 31.0 real, 59.1 MB
[runlim] sample:		35.3 time, 41.0 real, 69.6 MB
[runlim] sample:		45.3 time, 51.0 real, 76.0 MB
[runlim] sample:		55.3 time, 61.0 real, 81.5 MB
[runlim] sample:		65.3 time, 71.0 real, 86.9 MB
[runlim] sample:		75.3 time, 81.0 real, 91.8 MB
[runlim] sample:		85.3 time, 91.0 real, 96.2 MB
[runlim] sample:		95.3 time, 101.0 real, 100.0 MB
[runlim] sample:		105.3 time, 111.0 real, 110.2 MB
[runlim] sample:		115.3 time, 121.0 real, 113.9 MB
[runlim] sample:		125.3 time, 131.0 real, 117.7 MB
[runlim] sample:		135.3 time, 141.0 real, 120.6 MB
[runlim] sample:		145.3 time, 151.0 real, 123.7 MB
[runlim] sample:		155.3 time, 161.0 real, 126.5 MB
[runlim] sample:		165.3 time, 171.0 real, 129.6 MB
[runlim] sample:		175.3 time, 181.0 real, 132.4 MB
[runlim] sample:		185.3 time, 191.0 real, 134.7 MB
[runlim] sample:		195.3 time, 201.0 real, 137.3 MB
[runlim] sample:		205.3 time, 211.0 real, 139.6 MB
[runlim] sample:		215.3 time, 221.0 real, 142.0 MB
[runlim] sample:		225.3 time, 231.0 real, 144.3 MB
[runlim] sample:		235.3 time, 241.0 real, 146.6 MB
[runlim] sample:		245.3 time, 251.0 real, 148.7 MB
[runlim] sample:		255.3 time, 261.0 real, 150.7 MB
[runlim] sample:		265.3 time, 271.0 real, 152.8 MB
[runlim] sample:		274.4 time, 281.0 real, 154.3 MB
[runlim] sample:		282.8 time, 291.0 real, 155.9 MB
[runlim] sample:		292.1 time, 301.0 real, 157.4 MB
CVC4 interrupted by SIGTERM.
[runlim] end:			Tue Feb  5 10:24:20 2019
[runlim] status:		out of time
[runlim] result:		2
[runlim] children:		0
[runlim] real:			309.48 seconds
[runlim] time:			300.09 seconds
[runlim] space:			159.2 MB
[runlim] samples:		3085
