[runlim] version:		1.10fixed
[runlim] time limit:		300 seconds
[runlim] real time limit:	311040000 seconds
[runlim] space limit:		4000 MB
[runlim] argv[0]:		./cvc4
[runlim] argv[1]:		--nl-ext-tplanes
[runlim] argv[2]:		--cbqi-all
[runlim] argv[3]:		/tmp/PTuzVlqn.smt2
[runlim] start:			Tue Feb  5 10:08:51 2019
[runlim] main pid:		12945
[runlim] sample:		9.4 time, 11.0 real, 41.6 MB
[runlim] sample:		19.1 time, 21.0 real, 54.3 MB
[runlim] sample:		28.8 time, 31.0 real, 62.2 MB
[runlim] sample:		38.5 time, 41.0 real, 72.1 MB
[runlim] sample:		48.2 time, 51.0 real, 78.0 MB
[runlim] sample:		57.9 time, 61.0 real, 83.4 MB
[runlim] sample:		67.6 time, 71.0 real, 89.1 MB
[runlim] sample:		75.9 time, 81.0 real, 93.2 MB
[runlim] sample:		84.4 time, 91.0 real, 96.6 MB
[runlim] sample:		94.1 time, 101.0 real, 100.9 MB
[runlim] sample:		104.1 time, 111.0 real, 111.4 MB
[runlim] sample:		114.1 time, 121.0 real, 115.3 MB
[runlim] sample:		124.1 time, 131.0 real, 119.2 MB
[runlim] sample:		134.1 time, 141.0 real, 122.5 MB
[runlim] sample:		144.1 time, 151.0 real, 125.6 MB
[runlim] sample:		154.1 time, 161.0 real, 128.7 MB
[runlim] sample:		164.1 time, 171.0 real, 131.8 MB
[runlim] sample:		174.1 time, 181.0 real, 134.6 MB
[runlim] sample:		184.1 time, 191.0 real, 137.2 MB
[runlim] sample:		194.1 time, 201.0 real, 139.8 MB
[runlim] sample:		202.9 time, 211.0 real, 141.8 MB
[runlim] sample:		212.7 time, 221.0 real, 144.4 MB
[runlim] sample:		222.7 time, 231.0 real, 146.7 MB
[runlim] sample:		232.7 time, 241.0 real, 149.1 MB
[runlim] sample:		241.5 time, 251.0 real, 151.1 MB
[runlim] sample:		250.3 time, 261.0 real, 152.9 MB
[runlim] sample:		259.1 time, 271.0 real, 154.7 MB
[runlim] sample:		268.5 time, 281.0 real, 157.1 MB
[runlim] sample:		278.5 time, 291.0 real, 159.1 MB
[runlim] sample:		288.4 time, 301.0 real, 160.9 MB
[runlim] end:			Tue Feb  5 10:14:01 2019
[runlim] status:		signal(9)
[runlim] result:		11
[runlim] children:		0
[runlim] real:			310.63 seconds
[runlim] time:			297.66 seconds
[runlim] space:			162.5 MB
[runlim] samples:		3096
