[runlim] version:		1.10fixed
[runlim] time limit:		300 seconds
[runlim] real time limit:	311040000 seconds
[runlim] space limit:		4000 MB
[runlim] argv[0]:		./cvc4
[runlim] argv[1]:		--nl-ext-tplanes
[runlim] argv[2]:		--cbqi-all
[runlim] argv[3]:		/tmp/kpj3he8E.smt2
[runlim] start:			Tue Feb  5 10:13:46 2019
[runlim] main pid:		30491
/tmp/kpj3he8E.smt2:4.12: No set-logic command was given before this point.
/tmp/kpj3he8E.smt2:4.12: CVC4 will make all theories available.
/tmp/kpj3he8E.smt2:4.12: Consider setting a stricter logic for (likely) better performance.
/tmp/kpj3he8E.smt2:4.12: To suppress this warning in the future use (set-logic ALL).
[runlim] sample:		9.4 time, 10.1 real, 89.6 MB
[runlim] sample:		18.9 time, 20.1 real, 111.5 MB
[runlim] sample:		28.4 time, 30.1 real, 131.9 MB
[runlim] sample:		37.7 time, 40.1 real, 146.3 MB
[runlim] sample:		47.7 time, 50.1 real, 156.9 MB
[runlim] sample:		57.2 time, 60.1 real, 166.4 MB
[runlim] sample:		65.9 time, 70.1 real, 173.6 MB
[runlim] sample:		75.2 time, 80.1 real, 181.1 MB
[runlim] sample:		83.9 time, 90.1 real, 186.8 MB
[runlim] sample:		93.9 time, 100.1 real, 194.2 MB
[runlim] sample:		103.9 time, 110.1 real, 200.1 MB
[runlim] sample:		113.9 time, 120.1 real, 206.8 MB
[runlim] sample:		123.5 time, 130.1 real, 212.8 MB
[runlim] sample:		132.9 time, 140.1 real, 218.0 MB
[runlim] sample:		142.2 time, 150.1 real, 226.0 MB
[runlim] sample:		151.6 time, 160.1 real, 231.2 MB
[runlim] sample:		160.9 time, 170.1 real, 237.9 MB
[runlim] sample:		170.5 time, 180.1 real, 243.4 MB
[runlim] sample:		180.5 time, 190.1 real, 247.3 MB
[runlim] sample:		190.5 time, 200.1 real, 252.5 MB
[runlim] sample:		200.5 time, 210.1 real, 258.6 MB
[runlim] sample:		209.6 time, 220.1 real, 262.5 MB
[runlim] sample:		218.9 time, 230.1 real, 266.9 MB
[runlim] sample:		228.4 time, 240.1 real, 270.7 MB
[runlim] sample:		237.2 time, 250.1 real, 273.3 MB
[runlim] sample:		246.5 time, 260.1 real, 277.2 MB
[runlim] sample:		256.5 time, 270.1 real, 280.8 MB
[runlim] sample:		266.5 time, 280.1 real, 283.6 MB
[runlim] sample:		276.5 time, 290.1 real, 286.4 MB
[runlim] sample:		286.5 time, 300.1 real, 290.0 MB
[runlim] sample:		296.5 time, 310.1 real, 292.6 MB
CVC4 interrupted by SIGTERM.
[runlim] end:			Tue Feb  5 10:18:59 2019
[runlim] status:		out of time
[runlim] result:		2
[runlim] children:		0
[runlim] real:			313.70 seconds
[runlim] time:			300.10 seconds
[runlim] space:			293.6 MB
[runlim] samples:		3136
