[runlim] version:		1.10fixed
[runlim] time limit:		300 seconds
[runlim] real time limit:	311040000 seconds
[runlim] space limit:		4000 MB
[runlim] argv[0]:		./cvc4
[runlim] argv[1]:		--nl-ext-tplanes
[runlim] argv[2]:		--cbqi-all
[runlim] argv[3]:		/tmp/K26FiG1S.smt2
[runlim] start:			Tue Feb  5 13:16:45 2019
[runlim] main pid:		13827
/tmp/K26FiG1S.smt2:4.12: No set-logic command was given before this point.
/tmp/K26FiG1S.smt2:4.12: CVC4 will make all theories available.
/tmp/K26FiG1S.smt2:4.12: Consider setting a stricter logic for (likely) better performance.
/tmp/K26FiG1S.smt2:4.12: To suppress this warning in the future use (set-logic ALL).
[runlim] sample:		9.8 time, 10.8 real, 85.9 MB
[runlim] sample:		19.8 time, 20.8 real, 109.3 MB
[runlim] sample:		29.8 time, 30.8 real, 128.7 MB
[runlim] sample:		39.8 time, 40.8 real, 142.6 MB
[runlim] sample:		48.9 time, 50.8 real, 152.8 MB
[runlim] sample:		58.9 time, 60.8 real, 161.3 MB
[runlim] sample:		67.1 time, 70.8 real, 168.8 MB
[runlim] sample:		75.1 time, 80.8 real, 173.9 MB
[runlim] sample:		83.1 time, 90.8 real, 179.6 MB
[runlim] sample:		92.7 time, 100.8 real, 186.3 MB
[runlim] sample:		102.2 time, 110.8 real, 191.4 MB
[runlim] sample:		111.4 time, 120.8 real, 197.1 MB
[runlim] sample:		120.4 time, 130.8 real, 202.5 MB
[runlim] sample:		128.4 time, 140.8 real, 206.6 MB
[runlim] sample:		138.1 time, 150.8 real, 211.8 MB
[runlim] sample:		147.5 time, 160.8 real, 219.9 MB
[runlim] sample:		157.5 time, 170.8 real, 225.7 MB
[runlim] sample:		167.1 time, 180.8 real, 227.5 MB
[runlim] sample:		175.4 time, 190.8 real, 233.1 MB
[runlim] sample:		185.3 time, 200.8 real, 238.0 MB
[runlim] sample:		194.7 time, 210.8 real, 241.3 MB
[runlim] sample:		204.0 time, 220.8 real, 247.2 MB
[runlim] sample:		213.8 time, 230.8 real, 252.1 MB
[runlim] sample:		223.8 time, 240.8 real, 256.4 MB
[runlim] sample:		233.5 time, 250.8 real, 261.9 MB
[runlim] sample:		242.9 time, 260.8 real, 264.9 MB
[runlim] sample:		252.2 time, 270.8 real, 268.0 MB
[runlim] sample:		262.0 time, 280.8 real, 271.6 MB
[runlim] sample:		270.8 time, 290.8 real, 275.5 MB
[runlim] sample:		280.6 time, 300.8 real, 277.9 MB
[runlim] sample:		290.6 time, 310.8 real, 281.0 MB
[runlim] end:			Tue Feb  5 13:21:59 2019
[runlim] status:		signal(9)
[runlim] result:		11
[runlim] children:		0
[runlim] real:			314.66 seconds
[runlim] time:			294.36 seconds
[runlim] space:			282.5 MB
[runlim] samples:		3138
