[runlim] version:		1.10fixed
[runlim] time limit:		300 seconds
[runlim] real time limit:	311040000 seconds
[runlim] space limit:		4000 MB
[runlim] argv[0]:		./cvc4
[runlim] argv[1]:		--nl-ext-tplanes
[runlim] argv[2]:		--cbqi-all
[runlim] argv[3]:		/tmp/qGo89OC2.smt2
[runlim] start:			Tue Feb  5 13:11:50 2019
[runlim] main pid:		3207
[runlim] sample:		7.7 time, 10.5 real, 48.1 MB
[runlim] sample:		16.7 time, 20.5 real, 61.5 MB
[runlim] sample:		26.2 time, 30.5 real, 71.4 MB
[runlim] sample:		35.8 time, 40.5 real, 79.7 MB
[runlim] sample:		45.5 time, 50.5 real, 86.4 MB
[runlim] sample:		55.2 time, 60.5 real, 92.1 MB
[runlim] sample:		64.8 time, 70.5 real, 98.6 MB
[runlim] sample:		74.5 time, 80.5 real, 103.7 MB
[runlim] sample:		84.2 time, 90.5 real, 110.6 MB
[runlim] sample:		93.8 time, 100.5 real, 114.2 MB
[runlim] sample:		103.5 time, 110.5 real, 117.5 MB
[runlim] sample:		113.1 time, 120.5 real, 121.1 MB
[runlim] sample:		122.8 time, 130.5 real, 124.0 MB
[runlim] sample:		132.5 time, 140.5 real, 127.1 MB
[runlim] sample:		142.1 time, 150.5 real, 130.1 MB
[runlim] sample:		151.8 time, 160.5 real, 133.2 MB
[runlim] sample:		161.5 time, 170.5 real, 136.8 MB
[runlim] sample:		171.1 time, 180.5 real, 139.2 MB
[runlim] sample:		180.8 time, 190.5 real, 142.0 MB
[runlim] sample:		190.7 time, 200.5 real, 144.6 MB
[runlim] sample:		200.7 time, 210.5 real, 147.7 MB
[runlim] sample:		210.7 time, 220.5 real, 150.0 MB
[runlim] sample:		220.7 time, 230.5 real, 152.6 MB
[runlim] sample:		230.7 time, 240.5 real, 156.7 MB
[runlim] sample:		240.7 time, 250.5 real, 158.7 MB
[runlim] sample:		248.6 time, 260.5 real, 159.8 MB
[runlim] sample:		257.9 time, 270.5 real, 162.1 MB
[runlim] sample:		266.0 time, 280.5 real, 163.4 MB
[runlim] sample:		276.0 time, 290.5 real, 165.7 MB
[runlim] sample:		286.0 time, 300.5 real, 167.2 MB
[runlim] end:			Tue Feb  5 13:16:59 2019
[runlim] status:		signal(9)
[runlim] result:		11
[runlim] children:		0
[runlim] real:			309.62 seconds
[runlim] time:			294.99 seconds
[runlim] space:			171.9 MB
[runlim] samples:		3090
