[runlim] version:		1.10fixed
[runlim] time limit:		300 seconds
[runlim] real time limit:	311040000 seconds
[runlim] space limit:		4000 MB
[runlim] argv[0]:		./cvc4
[runlim] argv[1]:		--nl-ext-tplanes
[runlim] argv[2]:		--cbqi-all
[runlim] argv[3]:		/tmp/RBA8wKsj.smt2
[runlim] start:			Tue Feb  5 10:13:04 2019
[runlim] main pid:		19919
[runlim] sample:		10.0 time, 10.3 real, 43.3 MB
[runlim] sample:		20.0 time, 20.3 real, 55.7 MB
[runlim] sample:		30.0 time, 30.3 real, 64.7 MB
[runlim] sample:		40.0 time, 40.3 real, 74.1 MB
[runlim] sample:		50.0 time, 50.3 real, 80.1 MB
[runlim] sample:		60.0 time, 60.3 real, 85.7 MB
[runlim] sample:		70.0 time, 70.3 real, 91.2 MB
[runlim] sample:		80.0 time, 80.3 real, 96.1 MB
[runlim] sample:		90.0 time, 90.3 real, 100.2 MB
[runlim] sample:		100.0 time, 100.3 real, 110.9 MB
[runlim] sample:		110.0 time, 110.3 real, 114.7 MB
[runlim] sample:		120.0 time, 120.3 real, 118.6 MB
[runlim] sample:		130.0 time, 130.3 real, 121.9 MB
[runlim] sample:		140.0 time, 140.3 real, 125.3 MB
[runlim] sample:		150.0 time, 150.3 real, 128.4 MB
[runlim] sample:		160.0 time, 160.3 real, 131.5 MB
[runlim] sample:		170.0 time, 170.3 real, 134.3 MB
[runlim] sample:		180.0 time, 180.3 real, 137.1 MB
[runlim] sample:		190.0 time, 190.3 real, 139.5 MB
[runlim] sample:		199.9 time, 200.3 real, 142.3 MB
[runlim] sample:		209.9 time, 210.3 real, 144.6 MB
[runlim] sample:		219.9 time, 220.3 real, 146.9 MB
[runlim] sample:		229.9 time, 230.3 real, 149.3 MB
[runlim] sample:		239.9 time, 240.3 real, 151.8 MB
[runlim] sample:		249.9 time, 250.3 real, 153.9 MB
[runlim] sample:		259.9 time, 260.3 real, 156.2 MB
[runlim] sample:		269.9 time, 270.3 real, 158.5 MB
[runlim] sample:		279.9 time, 280.3 real, 160.6 MB
[runlim] sample:		289.9 time, 290.3 real, 162.2 MB
[runlim] sample:		299.9 time, 300.3 real, 164.2 MB
CVC4 interrupted by SIGTERM.
[runlim] end:			Tue Feb  5 10:18:04 2019
[runlim] status:		out of time
[runlim] result:		2
[runlim] children:		0
[runlim] real:			300.45 seconds
[runlim] time:			300.05 seconds
[runlim] space:			164.2 MB
[runlim] samples:		3001
