[runlim] version:		1.10fixed
[runlim] time limit:		300 seconds
[runlim] real time limit:	311040000 seconds
[runlim] space limit:		4000 MB
[runlim] argv[0]:		./cvc4
[runlim] argv[1]:		--nl-ext-tplanes
[runlim] argv[2]:		--cbqi-all
[runlim] argv[3]:		/tmp/VHDpW8y5.smt2
[runlim] start:			Tue Feb  5 13:12:08 2019
[runlim] main pid:		324
[runlim] sample:		9.2 time, 10.8 real, 42.9 MB
[runlim] sample:		18.9 time, 20.8 real, 55.0 MB
[runlim] sample:		28.9 time, 30.8 real, 66.5 MB
[runlim] sample:		38.9 time, 40.8 real, 74.0 MB
[runlim] sample:		48.9 time, 50.8 real, 80.2 MB
[runlim] sample:		58.9 time, 60.8 real, 85.8 MB
[runlim] sample:		68.9 time, 70.8 real, 91.5 MB
[runlim] sample:		78.7 time, 80.8 real, 96.1 MB
[runlim] sample:		88.7 time, 90.8 real, 102.4 MB
[runlim] sample:		98.7 time, 100.8 real, 110.8 MB
[runlim] sample:		108.7 time, 110.8 real, 114.9 MB
[runlim] sample:		118.7 time, 120.8 real, 118.5 MB
[runlim] sample:		128.7 time, 130.8 real, 121.8 MB
[runlim] sample:		138.7 time, 140.8 real, 124.9 MB
[runlim] sample:		148.6 time, 150.8 real, 127.8 MB
[runlim] sample:		158.1 time, 160.8 real, 130.6 MB
[runlim] sample:		168.1 time, 170.8 real, 134.0 MB
[runlim] sample:		178.1 time, 180.8 real, 136.8 MB
[runlim] sample:		188.1 time, 190.8 real, 139.6 MB
[runlim] sample:		198.0 time, 200.8 real, 142.2 MB
[runlim] sample:		206.9 time, 210.8 real, 144.5 MB
[runlim] sample:		214.8 time, 220.8 real, 146.3 MB
[runlim] sample:		223.2 time, 230.8 real, 148.4 MB
[runlim] sample:		231.2 time, 240.8 real, 150.2 MB
[runlim] sample:		239.5 time, 250.8 real, 152.0 MB
[runlim] sample:		248.5 time, 260.8 real, 153.8 MB
[runlim] sample:		258.5 time, 270.8 real, 156.1 MB
[runlim] sample:		268.5 time, 280.8 real, 158.2 MB
[runlim] sample:		278.5 time, 290.8 real, 160.5 MB
[runlim] sample:		288.5 time, 300.8 real, 162.1 MB
[runlim] end:			Tue Feb  5 13:17:18 2019
[runlim] status:		signal(9)
[runlim] result:		11
[runlim] children:		0
[runlim] real:			310.56 seconds
[runlim] time:			298.21 seconds
[runlim] space:			164.1 MB
[runlim] samples:		3097
