[runlim] version:		1.10fixed
[runlim] time limit:		300 seconds
[runlim] real time limit:	311040000 seconds
[runlim] space limit:		4000 MB
[runlim] argv[0]:		./cvc4
[runlim] argv[1]:		--nl-ext-tplanes
[runlim] argv[2]:		--cbqi-all
[runlim] argv[3]:		/tmp/VzyrRpWz.smt2
[runlim] start:			Tue Feb  5 10:11:25 2019
[runlim] main pid:		29025
[runlim] sample:		8.3 time, 10.4 real, 40.0 MB
[runlim] sample:		16.9 time, 20.4 real, 51.8 MB
[runlim] sample:		25.9 time, 30.4 real, 59.3 MB
[runlim] sample:		34.2 time, 40.4 real, 68.7 MB
[runlim] sample:		42.2 time, 50.4 real, 74.1 MB
[runlim] sample:		50.2 time, 60.4 real, 78.7 MB
[runlim] sample:		59.7 time, 70.4 real, 83.9 MB
[runlim] sample:		69.4 time, 80.4 real, 89.3 MB
[runlim] sample:		79.0 time, 90.4 real, 93.9 MB
[runlim] sample:		88.7 time, 100.4 real, 98.0 MB
[runlim] sample:		97.6 time, 110.4 real, 101.7 MB
[runlim] sample:		107.0 time, 120.4 real, 111.4 MB
[runlim] sample:		116.4 time, 130.4 real, 115.3 MB
[runlim] sample:		125.8 time, 140.4 real, 118.4 MB
[runlim] sample:		135.4 time, 150.4 real, 121.7 MB
[runlim] sample:		143.9 time, 160.4 real, 124.3 MB
[runlim] sample:		152.2 time, 170.4 real, 127.2 MB
[runlim] sample:		161.0 time, 180.4 real, 129.7 MB
[runlim] sample:		169.4 time, 190.4 real, 132.3 MB
[runlim] sample:		177.9 time, 200.4 real, 134.6 MB
[runlim] sample:		187.4 time, 210.4 real, 137.2 MB
[runlim] sample:		197.0 time, 220.4 real, 139.8 MB
[runlim] sample:		206.3 time, 230.4 real, 141.9 MB
[runlim] sample:		214.9 time, 240.4 real, 144.2 MB
[runlim] sample:		223.3 time, 250.4 real, 146.0 MB
[runlim] sample:		233.2 time, 260.4 real, 148.3 MB
[runlim] sample:		243.2 time, 270.4 real, 150.6 MB
[runlim] sample:		253.2 time, 280.4 real, 152.7 MB
[runlim] sample:		263.1 time, 290.4 real, 155.0 MB
[runlim] sample:		271.3 time, 300.4 real, 156.8 MB
[runlim] sample:		279.0 time, 310.4 real, 158.3 MB
[runlim] sample:		286.7 time, 320.4 real, 159.9 MB
[runlim] end:			Tue Feb  5 10:16:50 2019
[runlim] status:		signal(9)
[runlim] result:		11
[runlim] children:		0
[runlim] real:			325.30 seconds
[runlim] time:			290.51 seconds
[runlim] space:			160.7 MB
[runlim] samples:		3249
