[runlim] version:		1.10fixed
[runlim] time limit:		300 seconds
[runlim] real time limit:	311040000 seconds
[runlim] space limit:		4000 MB
[runlim] argv[0]:		./cvc4
[runlim] argv[1]:		--nl-ext-tplanes
[runlim] argv[2]:		--cbqi-all
[runlim] argv[3]:		/tmp/JcV62CJB.smt2
[runlim] start:			Tue Feb  5 10:13:24 2019
[runlim] main pid:		13074
[runlim] sample:		9.0 time, 10.6 real, 46.8 MB
[runlim] sample:		18.9 time, 20.6 real, 66.6 MB
[runlim] sample:		28.9 time, 30.6 real, 84.5 MB
[runlim] sample:		38.9 time, 40.6 real, 99.9 MB
[runlim] sample:		48.9 time, 50.6 real, 114.3 MB
[runlim] sample:		58.9 time, 60.6 real, 127.1 MB
[runlim] sample:		68.9 time, 70.6 real, 140.3 MB
[runlim] sample:		78.9 time, 80.6 real, 154.4 MB
[runlim] sample:		88.6 time, 90.6 real, 167.8 MB
[runlim] sample:		98.4 time, 100.6 real, 180.2 MB
[runlim] sample:		108.4 time, 110.6 real, 192.1 MB
[runlim] sample:		118.4 time, 120.6 real, 202.1 MB
[runlim] sample:		128.4 time, 130.6 real, 213.5 MB
[runlim] sample:		138.4 time, 140.6 real, 225.6 MB
[runlim] sample:		148.4 time, 150.6 real, 237.7 MB
[runlim] sample:		158.4 time, 160.6 real, 252.5 MB
[runlim] sample:		168.4 time, 170.6 real, 258.2 MB
[runlim] sample:		178.4 time, 180.6 real, 267.5 MB
[runlim] sample:		188.4 time, 190.6 real, 276.5 MB
[runlim] sample:		198.4 time, 200.6 real, 288.6 MB
[runlim] sample:		208.4 time, 210.6 real, 297.1 MB
[runlim] sample:		218.4 time, 220.6 real, 307.4 MB
[runlim] sample:		228.4 time, 230.6 real, 315.7 MB
[runlim] sample:		238.4 time, 240.6 real, 329.9 MB
[runlim] sample:		248.4 time, 250.6 real, 341.7 MB
[runlim] sample:		258.4 time, 260.6 real, 349.9 MB
[runlim] sample:		268.4 time, 270.6 real, 358.7 MB
[runlim] sample:		278.4 time, 280.6 real, 367.2 MB
[runlim] sample:		288.4 time, 290.6 real, 399.3 MB
[runlim] sample:		298.4 time, 300.6 real, 400.6 MB
CVC4 interrupted by SIGTERM.
[runlim] end:			Tue Feb  5 10:18:26 2019
[runlim] status:		out of time
[runlim] result:		2
[runlim] children:		0
[runlim] real:			302.31 seconds
[runlim] time:			300.05 seconds
[runlim] space:			421.9 MB
[runlim] samples:		3017
