[runlim] version:		1.10fixed
[runlim] time limit:		300 seconds
[runlim] real time limit:	311040000 seconds
[runlim] space limit:		4000 MB
[runlim] argv[0]:		./cvc4
[runlim] argv[1]:		--nl-ext-tplanes
[runlim] argv[2]:		--cbqi-all
[runlim] argv[3]:		/tmp/vYh7N9kT.smt2
[runlim] start:			Tue Feb  5 10:13:37 2019
[runlim] main pid:		13266
/tmp/vYh7N9kT.smt2:4.12: No set-logic command was given before this point.
/tmp/vYh7N9kT.smt2:4.12: CVC4 will make all theories available.
/tmp/vYh7N9kT.smt2:4.12: Consider setting a stricter logic for (likely) better performance.
/tmp/vYh7N9kT.smt2:4.12: To suppress this warning in the future use (set-logic ALL).
[runlim] sample:		8.8 time, 10.7 real, 83.6 MB
[runlim] sample:		17.3 time, 20.7 real, 103.5 MB
[runlim] sample:		27.0 time, 30.7 real, 117.6 MB
[runlim] sample:		34.2 time, 40.7 real, 130.2 MB
[runlim] sample:		43.1 time, 50.7 real, 142.1 MB
[runlim] sample:		52.4 time, 60.7 real, 150.0 MB
[runlim] sample:		62.0 time, 70.7 real, 157.9 MB
[runlim] sample:		71.2 time, 80.7 real, 164.9 MB
[runlim] sample:		79.6 time, 90.7 real, 170.3 MB
[runlim] sample:		88.4 time, 100.7 real, 175.7 MB
[runlim] sample:		97.2 time, 110.7 real, 180.3 MB
[runlim] sample:		106.5 time, 120.7 real, 184.7 MB
[runlim] sample:		115.5 time, 130.7 real, 190.4 MB
[runlim] sample:		123.4 time, 140.7 real, 195.6 MB
[runlim] sample:		132.1 time, 150.7 real, 198.0 MB
[runlim] sample:		141.7 time, 160.7 real, 201.6 MB
[runlim] sample:		151.3 time, 170.7 real, 207.0 MB
[runlim] sample:		161.0 time, 180.7 real, 211.3 MB
[runlim] sample:		170.5 time, 190.7 real, 215.2 MB
[runlim] sample:		180.5 time, 200.7 real, 218.8 MB
[runlim] sample:		190.5 time, 210.7 real, 223.2 MB
[runlim] sample:		200.5 time, 220.7 real, 228.9 MB
[runlim] sample:		210.5 time, 230.7 real, 234.0 MB
[runlim] sample:		220.4 time, 240.7 real, 239.2 MB
[runlim] sample:		230.4 time, 250.7 real, 244.3 MB
[runlim] sample:		240.4 time, 260.7 real, 246.2 MB
[runlim] sample:		250.4 time, 270.7 real, 249.5 MB
[runlim] sample:		259.7 time, 280.7 real, 251.6 MB
[runlim] sample:		269.7 time, 290.7 real, 255.2 MB
[runlim] sample:		279.0 time, 300.7 real, 259.3 MB
[runlim] sample:		289.0 time, 310.7 real, 263.7 MB
[runlim] sample:		299.0 time, 320.7 real, 265.2 MB
[runlim] end:			Tue Feb  5 10:18:58 2019
[runlim] status:		signal(9)
[runlim] result:		11
[runlim] children:		0
[runlim] real:			321.03 seconds
[runlim] time:			299.31 seconds
[runlim] space:			265.2 MB
[runlim] samples:		3203
