[runlim] version:		1.10fixed
[runlim] time limit:		300 seconds
[runlim] real time limit:	311040000 seconds
[runlim] space limit:		4000 MB
[runlim] argv[0]:		./cvc4
[runlim] argv[1]:		--nl-ext-tplanes
[runlim] argv[2]:		--cbqi-all
[runlim] argv[3]:		/tmp/ujuVDAnE.smt2
[runlim] start:			Tue Jan 29 16:49:37 2019
[runlim] main pid:		3685
[runlim] sample:		9.2 time, 10.4 real, 52.1 MB
[runlim] sample:		18.8 time, 20.4 real, 65.2 MB
[runlim] sample:		28.8 time, 30.4 real, 74.2 MB
[runlim] sample:		38.8 time, 40.4 real, 81.9 MB
[runlim] sample:		48.8 time, 50.4 real, 89.1 MB
[runlim] sample:		58.8 time, 60.4 real, 95.1 MB
[runlim] sample:		68.8 time, 70.4 real, 101.0 MB
[runlim] sample:		78.8 time, 80.4 real, 108.3 MB
[runlim] sample:		88.8 time, 90.4 real, 112.9 MB
[runlim] sample:		98.3 time, 100.4 real, 116.5 MB
[runlim] sample:		107.6 time, 110.4 real, 119.9 MB
[runlim] sample:		116.7 time, 120.4 real, 122.7 MB
[runlim] sample:		126.4 time, 130.4 real, 125.6 MB
[runlim] sample:		136.0 time, 140.4 real, 128.7 MB
[runlim] sample:		145.6 time, 150.4 real, 132.0 MB
[runlim] sample:		153.6 time, 160.4 real, 134.6 MB
[runlim] sample:		163.2 time, 170.4 real, 137.7 MB
[runlim] sample:		172.9 time, 180.4 real, 140.2 MB
[runlim] sample:		182.2 time, 190.4 real, 143.1 MB
[runlim] sample:		190.2 time, 200.4 real, 144.9 MB
[runlim] sample:		199.1 time, 210.4 real, 147.2 MB
[runlim] sample:		208.7 time, 220.4 real, 149.8 MB
[runlim] sample:		217.8 time, 230.4 real, 152.3 MB
[runlim] sample:		226.7 time, 240.4 real, 156.7 MB
[runlim] sample:		235.8 time, 250.4 real, 157.5 MB
[runlim] sample:		244.9 time, 260.4 real, 159.3 MB
[runlim] sample:		254.8 time, 270.4 real, 161.9 MB
[runlim] sample:		264.8 time, 280.4 real, 163.7 MB
[runlim] sample:		274.2 time, 290.4 real, 165.5 MB
[runlim] sample:		282.8 time, 300.4 real, 169.1 MB
[runlim] sample:		292.8 time, 310.4 real, 170.9 MB
[runlim] end:			Tue Jan 29 16:54:52 2019
[runlim] status:		signal(9)
[runlim] result:		11
[runlim] children:		0
[runlim] real:			315.46 seconds
[runlim] time:			297.83 seconds
[runlim] space:			171.9 MB
[runlim] samples:		3150
