[runlim] version:		1.10fixed
[runlim] time limit:		300 seconds
[runlim] real time limit:	311040000 seconds
[runlim] space limit:		4000 MB
[runlim] argv[0]:		./cvc4
[runlim] argv[1]:		--nl-ext-tplanes
[runlim] argv[2]:		--cbqi-all
[runlim] argv[3]:		/tmp/AUZSWcJF.smt2
[runlim] start:			Tue Feb  5 13:12:05 2019
[runlim] main pid:		19445
[runlim] sample:		8.6 time, 10.5 real, 40.6 MB
[runlim] sample:		17.5 time, 20.5 real, 53.2 MB
[runlim] sample:		26.3 time, 30.5 real, 60.9 MB
[runlim] sample:		35.0 time, 40.5 real, 70.6 MB
[runlim] sample:		43.8 time, 50.5 real, 76.3 MB
[runlim] sample:		52.8 time, 60.5 real, 81.7 MB
[runlim] sample:		61.9 time, 70.5 real, 87.1 MB
[runlim] sample:		70.9 time, 80.5 real, 91.5 MB
[runlim] sample:		79.9 time, 90.5 real, 95.4 MB
[runlim] sample:		89.0 time, 100.5 real, 99.5 MB
[runlim] sample:		97.8 time, 110.5 real, 105.4 MB
[runlim] sample:		106.5 time, 120.5 real, 113.2 MB
[runlim] sample:		115.2 time, 130.5 real, 116.3 MB
[runlim] sample:		124.2 time, 140.5 real, 119.7 MB
[runlim] sample:		133.3 time, 150.5 real, 122.5 MB
[runlim] sample:		142.7 time, 160.5 real, 125.6 MB
[runlim] sample:		152.0 time, 170.5 real, 128.7 MB
[runlim] sample:		161.2 time, 180.5 real, 131.5 MB
[runlim] sample:		170.2 time, 190.5 real, 134.1 MB
[runlim] sample:		178.9 time, 200.5 real, 136.2 MB
[runlim] sample:		187.6 time, 210.5 real, 138.5 MB
[runlim] sample:		197.0 time, 220.5 real, 140.6 MB
[runlim] sample:		207.0 time, 230.5 real, 142.6 MB
[runlim] sample:		217.0 time, 240.5 real, 145.5 MB
[runlim] sample:		227.0 time, 250.5 real, 147.5 MB
[runlim] sample:		237.0 time, 260.5 real, 149.3 MB
[runlim] sample:		246.9 time, 270.5 real, 151.9 MB
[runlim] sample:		256.0 time, 280.5 real, 154.0 MB
[runlim] sample:		266.0 time, 290.5 real, 156.0 MB
[runlim] sample:		274.9 time, 300.5 real, 158.1 MB
[runlim] sample:		284.2 time, 310.5 real, 159.9 MB
[runlim] end:			Tue Feb  5 13:17:23 2019
[runlim] status:		signal(9)
[runlim] result:		11
[runlim] children:		0
[runlim] real:			318.79 seconds
[runlim] time:			292.45 seconds
[runlim] space:			161.2 MB
[runlim] samples:		3182
