[runlim] version:		1.10fixed
[runlim] time limit:		300 seconds
[runlim] real time limit:	311040000 seconds
[runlim] space limit:		4000 MB
[runlim] argv[0]:		./cvc4
[runlim] argv[1]:		--nl-ext-tplanes
[runlim] argv[2]:		--cbqi-all
[runlim] argv[3]:		/tmp/bR0bv3Na.smt2
[runlim] start:			Tue Jan 29 16:49:22 2019
[runlim] main pid:		23033
[runlim] sample:		8.4 time, 10.5 real, 50.5 MB
[runlim] sample:		18.4 time, 20.5 real, 64.9 MB
[runlim] sample:		28.4 time, 30.5 real, 73.6 MB
[runlim] sample:		38.4 time, 40.5 real, 81.6 MB
[runlim] sample:		48.4 time, 50.5 real, 88.6 MB
[runlim] sample:		58.4 time, 60.5 real, 93.7 MB
[runlim] sample:		67.6 time, 70.5 real, 99.7 MB
[runlim] sample:		77.0 time, 80.5 real, 107.0 MB
[runlim] sample:		86.0 time, 90.5 real, 111.9 MB
[runlim] sample:		94.2 time, 100.5 real, 114.5 MB
[runlim] sample:		103.7 time, 110.5 real, 118.3 MB
[runlim] sample:		113.4 time, 120.5 real, 121.4 MB
[runlim] sample:		123.4 time, 130.5 real, 124.3 MB
[runlim] sample:		132.1 time, 140.5 real, 127.4 MB
[runlim] sample:		141.7 time, 150.5 real, 130.2 MB
[runlim] sample:		151.1 time, 160.5 real, 133.5 MB
[runlim] sample:		159.5 time, 170.5 real, 137.1 MB
[runlim] sample:		168.6 time, 180.5 real, 138.9 MB
[runlim] sample:		178.4 time, 190.5 real, 142.3 MB
[runlim] sample:		188.4 time, 200.5 real, 144.6 MB
[runlim] sample:		198.4 time, 210.5 real, 146.9 MB
[runlim] sample:		208.4 time, 220.5 real, 149.8 MB
[runlim] sample:		218.4 time, 230.5 real, 152.3 MB
[runlim] sample:		228.4 time, 240.5 real, 157.0 MB
[runlim] sample:		238.4 time, 250.5 real, 158.5 MB
[runlim] sample:		248.4 time, 260.5 real, 161.1 MB
[runlim] sample:		258.4 time, 270.5 real, 162.6 MB
[runlim] sample:		268.2 time, 280.5 real, 164.7 MB
[runlim] sample:		276.3 time, 290.5 real, 166.0 MB
[runlim] sample:		283.9 time, 300.5 real, 169.2 MB
[runlim] sample:		293.8 time, 310.5 real, 171.1 MB
[runlim] end:			Tue Jan 29 16:54:33 2019
[runlim] status:		signal(9)
[runlim] result:		11
[runlim] children:		0
[runlim] real:			311.39 seconds
[runlim] time:			294.74 seconds
[runlim] space:			171.3 MB
[runlim] samples:		3109
