[runlim] version:		1.10fixed
[runlim] time limit:		300 seconds
[runlim] real time limit:	311040000 seconds
[runlim] space limit:		4000 MB
[runlim] argv[0]:		./cvc4
[runlim] argv[1]:		--nl-ext-tplanes
[runlim] argv[2]:		--cbqi-all
[runlim] argv[3]:		/tmp/XShzdBeY.smt2
[runlim] start:			Tue Feb  5 13:11:52 2019
[runlim] main pid:		32658
[runlim] sample:		9.5 time, 10.2 real, 52.3 MB
[runlim] sample:		19.5 time, 20.2 real, 66.5 MB
[runlim] sample:		29.2 time, 30.2 real, 75.0 MB
[runlim] sample:		38.4 time, 40.2 real, 82.2 MB
[runlim] sample:		47.7 time, 50.2 real, 88.7 MB
[runlim] sample:		55.7 time, 60.2 real, 92.8 MB
[runlim] sample:		63.8 time, 70.2 real, 98.6 MB
[runlim] sample:		73.1 time, 80.2 real, 105.8 MB
[runlim] sample:		81.8 time, 90.2 real, 110.4 MB
[runlim] sample:		91.8 time, 100.2 real, 114.8 MB
[runlim] sample:		101.8 time, 110.2 real, 118.1 MB
[runlim] sample:		111.3 time, 120.2 real, 121.8 MB
[runlim] sample:		120.6 time, 130.2 real, 124.6 MB
[runlim] sample:		129.1 time, 140.2 real, 127.2 MB
[runlim] sample:		137.1 time, 150.2 real, 129.5 MB
[runlim] sample:		144.9 time, 160.2 real, 132.1 MB
[runlim] sample:		153.6 time, 170.2 real, 134.9 MB
[runlim] sample:		163.6 time, 180.2 real, 138.5 MB
[runlim] sample:		173.6 time, 190.2 real, 141.1 MB
[runlim] sample:		183.6 time, 200.2 real, 144.2 MB
[runlim] sample:		193.6 time, 210.2 real, 146.2 MB
[runlim] sample:		203.6 time, 220.2 real, 148.8 MB
[runlim] sample:		213.3 time, 230.2 real, 151.1 MB
[runlim] sample:		222.7 time, 240.2 real, 155.2 MB
[runlim] sample:		231.6 time, 250.2 real, 157.3 MB
[runlim] sample:		240.9 time, 260.2 real, 159.1 MB
[runlim] sample:		249.5 time, 270.2 real, 161.4 MB
[runlim] sample:		258.5 time, 280.2 real, 162.7 MB
[runlim] sample:		267.6 time, 290.2 real, 164.5 MB
[runlim] sample:		277.6 time, 300.2 real, 166.3 MB
[runlim] sample:		287.6 time, 310.2 real, 170.2 MB
[runlim] end:			Tue Feb  5 13:17:12 2019
[runlim] status:		signal(9)
[runlim] result:		11
[runlim] children:		0
[runlim] real:			320.01 seconds
[runlim] time:			296.38 seconds
[runlim] space:			171.8 MB
[runlim] samples:		3197
