[runlim] version:		1.10fixed
[runlim] time limit:		300 seconds
[runlim] real time limit:	311040000 seconds
[runlim] space limit:		4000 MB
[runlim] argv[0]:		./cvc4
[runlim] argv[1]:		--nl-ext-tplanes
[runlim] argv[2]:		--cbqi-all
[runlim] argv[3]:		/tmp/JDEy5t4o.smt2
[runlim] start:			Tue Feb  5 10:08:30 2019
[runlim] main pid:		21651
[runlim] sample:		9.9 time, 10.9 real, 53.7 MB
[runlim] sample:		19.9 time, 20.9 real, 67.6 MB
[runlim] sample:		29.9 time, 30.9 real, 76.7 MB
[runlim] sample:		39.9 time, 40.9 real, 84.6 MB
[runlim] sample:		49.9 time, 50.9 real, 90.8 MB
[runlim] sample:		59.6 time, 60.9 real, 97.2 MB
[runlim] sample:		69.6 time, 70.9 real, 102.9 MB
[runlim] sample:		79.6 time, 80.9 real, 110.5 MB
[runlim] sample:		89.6 time, 90.9 real, 114.6 MB
[runlim] sample:		99.6 time, 100.9 real, 118.5 MB
[runlim] sample:		109.0 time, 110.9 real, 121.6 MB
[runlim] sample:		118.8 time, 120.9 real, 124.9 MB
[runlim] sample:		128.7 time, 130.9 real, 127.8 MB
[runlim] sample:		138.7 time, 140.9 real, 130.9 MB
[runlim] sample:		148.7 time, 150.9 real, 134.2 MB
[runlim] sample:		158.7 time, 160.9 real, 137.8 MB
[runlim] sample:		167.9 time, 170.9 real, 140.4 MB
[runlim] sample:		176.2 time, 180.9 real, 143.0 MB
[runlim] sample:		184.4 time, 190.9 real, 144.8 MB
[runlim] sample:		192.6 time, 200.9 real, 146.6 MB
[runlim] sample:		202.6 time, 210.9 real, 149.2 MB
[runlim] sample:		212.6 time, 220.9 real, 151.7 MB
[runlim] sample:		222.6 time, 230.9 real, 155.3 MB
[runlim] sample:		231.8 time, 240.9 real, 157.7 MB
[runlim] sample:		241.8 time, 250.9 real, 159.7 MB
[runlim] sample:		251.8 time, 260.9 real, 162.3 MB
[runlim] sample:		260.8 time, 270.9 real, 163.8 MB
[runlim] sample:		270.4 time, 280.9 real, 165.6 MB
[runlim] sample:		280.4 time, 290.9 real, 169.7 MB
[runlim] sample:		290.4 time, 300.9 real, 171.5 MB
CVC4 interrupted by SIGTERM.
[runlim] end:			Tue Feb  5 10:13:40 2019
[runlim] status:		out of time
[runlim] result:		2
[runlim] children:		0
[runlim] real:			310.56 seconds
[runlim] time:			300.03 seconds
[runlim] space:			173.3 MB
[runlim] samples:		3096
