[runlim] version:		1.10fixed
[runlim] time limit:		300 seconds
[runlim] real time limit:	311040000 seconds
[runlim] space limit:		4000 MB
[runlim] argv[0]:		./cvc4
[runlim] argv[1]:		--nl-ext-tplanes
[runlim] argv[2]:		--cbqi-all
[runlim] argv[3]:		/tmp/GaTIattG.smt2
[runlim] start:			Tue Jan 29 16:51:42 2019
[runlim] main pid:		25180
[runlim] sample:		9.3 time, 10.6 real, 37.9 MB
[runlim] sample:		19.3 time, 20.6 real, 44.3 MB
[runlim] sample:		29.3 time, 30.6 real, 48.2 MB
[runlim] sample:		39.3 time, 40.6 real, 50.0 MB
[runlim] sample:		49.3 time, 50.6 real, 53.6 MB
[runlim] sample:		59.3 time, 60.6 real, 54.6 MB
[runlim] sample:		69.3 time, 70.6 real, 59.0 MB
[runlim] sample:		79.3 time, 80.6 real, 59.5 MB
[runlim] sample:		89.3 time, 90.6 real, 62.9 MB
[runlim] sample:		99.3 time, 100.6 real, 64.7 MB
[runlim] sample:		109.3 time, 110.6 real, 65.7 MB
[runlim] sample:		119.3 time, 120.6 real, 65.7 MB
[runlim] sample:		129.3 time, 130.6 real, 69.3 MB
[runlim] sample:		139.3 time, 140.6 real, 71.4 MB
[runlim] sample:		149.3 time, 150.6 real, 71.7 MB
[runlim] sample:		159.3 time, 160.6 real, 72.4 MB
[runlim] sample:		169.3 time, 170.6 real, 76.7 MB
[runlim] sample:		179.3 time, 180.6 real, 78.0 MB
[runlim] sample:		189.3 time, 190.6 real, 79.6 MB
[runlim] sample:		199.3 time, 200.6 real, 79.8 MB
[runlim] sample:		209.3 time, 210.6 real, 80.3 MB
[runlim] sample:		219.2 time, 220.6 real, 80.8 MB
[runlim] sample:		229.3 time, 230.6 real, 82.6 MB
[runlim] sample:		239.3 time, 240.6 real, 84.7 MB
[runlim] sample:		249.3 time, 250.6 real, 87.3 MB
[runlim] sample:		259.2 time, 260.6 real, 88.1 MB
[runlim] sample:		269.2 time, 270.6 real, 88.1 MB
[runlim] sample:		279.2 time, 280.6 real, 88.8 MB
[runlim] sample:		289.2 time, 290.6 real, 89.3 MB
[runlim] sample:		299.2 time, 300.6 real, 89.3 MB
CVC4 interrupted by SIGTERM.
[runlim] end:			Tue Jan 29 16:56:43 2019
[runlim] status:		out of time
[runlim] result:		2
[runlim] children:		0
[runlim] real:			301.40 seconds
[runlim] time:			300.04 seconds
[runlim] space:			89.3 MB
[runlim] samples:		3008
