[runlim] version:		1.10fixed
[runlim] time limit:		300 seconds
[runlim] real time limit:	311040000 seconds
[runlim] space limit:		4000 MB
[runlim] argv[0]:		./cvc4
[runlim] argv[1]:		--nl-ext-tplanes
[runlim] argv[2]:		--cbqi-all
[runlim] argv[3]:		/tmp/MRE02V3E.smt2
[runlim] start:			Tue Feb  5 10:08:19 2019
[runlim] main pid:		20610
[runlim] sample:		8.9 time, 10.9 real, 52.2 MB
[runlim] sample:		18.9 time, 20.9 real, 67.8 MB
[runlim] sample:		28.9 time, 30.9 real, 77.9 MB
[runlim] sample:		38.9 time, 40.9 real, 88.1 MB
[runlim] sample:		48.9 time, 50.9 real, 97.6 MB
[runlim] sample:		58.9 time, 60.9 real, 103.7 MB
[runlim] sample:		68.0 time, 70.9 real, 109.4 MB
[runlim] sample:		77.0 time, 80.9 real, 114.8 MB
[runlim] sample:		84.7 time, 90.9 real, 118.4 MB
[runlim] sample:		94.7 time, 100.9 real, 123.3 MB
[runlim] sample:		103.7 time, 110.9 real, 126.9 MB
[runlim] sample:		111.5 time, 120.9 real, 130.0 MB
[runlim] sample:		120.4 time, 130.9 real, 133.6 MB
[runlim] sample:		130.2 time, 140.9 real, 139.1 MB
[runlim] sample:		138.2 time, 150.9 real, 141.6 MB
[runlim] sample:		147.6 time, 160.9 real, 145.0 MB
[runlim] sample:		157.6 time, 170.9 real, 152.4 MB
[runlim] sample:		167.6 time, 180.9 real, 156.0 MB
[runlim] sample:		176.9 time, 190.9 real, 158.8 MB
[runlim] sample:		186.9 time, 200.9 real, 162.4 MB
[runlim] sample:		196.9 time, 210.9 real, 165.2 MB
[runlim] sample:		206.4 time, 220.9 real, 168.3 MB
[runlim] sample:		215.8 time, 230.9 real, 171.2 MB
[runlim] sample:		224.6 time, 240.9 real, 173.2 MB
[runlim] sample:		232.8 time, 250.9 real, 175.5 MB
[runlim] sample:		241.4 time, 260.9 real, 177.3 MB
[runlim] sample:		249.9 time, 270.9 real, 179.7 MB
[runlim] sample:		258.3 time, 280.9 real, 181.7 MB
[runlim] sample:		266.7 time, 290.9 real, 186.4 MB
[runlim] sample:		276.3 time, 300.9 real, 187.4 MB
[runlim] sample:		285.6 time, 310.9 real, 189.5 MB
[runlim] sample:		294.5 time, 320.9 real, 191.8 MB
[runlim] end:			Tue Feb  5 10:13:43 2019
[runlim] status:		signal(9)
[runlim] result:		11
[runlim] children:		0
[runlim] real:			324.13 seconds
[runlim] time:			297.34 seconds
[runlim] space:			192.6 MB
[runlim] samples:		3232
