[runlim] version:		1.10fixed
[runlim] time limit:		300 seconds
[runlim] real time limit:	311040000 seconds
[runlim] space limit:		4000 MB
[runlim] argv[0]:		./cvc4
[runlim] argv[1]:		--nl-ext-tplanes
[runlim] argv[2]:		--cbqi-all
[runlim] argv[3]:		/tmp/myunR8Vx.smt2
[runlim] start:			Tue Feb  5 10:13:14 2019
[runlim] main pid:		11783
[runlim] sample:		8.9 time, 10.2 real, 47.6 MB
[runlim] sample:		17.0 time, 20.2 real, 64.5 MB
[runlim] sample:		26.3 time, 30.2 real, 82.4 MB
[runlim] sample:		36.0 time, 40.2 real, 97.9 MB
[runlim] sample:		46.0 time, 50.2 real, 113.2 MB
[runlim] sample:		56.0 time, 60.2 real, 127.4 MB
[runlim] sample:		66.0 time, 70.2 real, 140.3 MB
[runlim] sample:		76.0 time, 80.2 real, 156.3 MB
[runlim] sample:		86.0 time, 90.2 real, 168.4 MB
[runlim] sample:		96.0 time, 100.2 real, 180.3 MB
[runlim] sample:		106.0 time, 110.2 real, 192.4 MB
[runlim] sample:		116.0 time, 120.2 real, 204.0 MB
[runlim] sample:		126.0 time, 130.2 real, 214.8 MB
[runlim] sample:		136.0 time, 140.2 real, 228.8 MB
[runlim] sample:		146.0 time, 150.2 real, 238.8 MB
[runlim] sample:		156.0 time, 160.2 real, 252.6 MB
[runlim] sample:		166.0 time, 170.2 real, 260.1 MB
[runlim] sample:		176.0 time, 180.2 real, 270.1 MB
[runlim] sample:		186.0 time, 190.2 real, 279.7 MB
[runlim] sample:		195.9 time, 200.2 real, 290.5 MB
[runlim] sample:		205.9 time, 210.2 real, 302.6 MB
[runlim] sample:		215.9 time, 220.2 real, 309.8 MB
[runlim] sample:		225.9 time, 230.2 real, 323.2 MB
[runlim] sample:		235.9 time, 240.2 real, 336.0 MB
[runlim] sample:		245.9 time, 250.2 real, 343.7 MB
[runlim] sample:		255.9 time, 260.2 real, 353.5 MB
[runlim] sample:		265.9 time, 270.2 real, 364.4 MB
[runlim] sample:		275.9 time, 280.2 real, 373.6 MB
[runlim] sample:		285.9 time, 290.2 real, 401.1 MB
[runlim] sample:		295.9 time, 300.2 real, 402.4 MB
CVC4 interrupted by SIGTERM.
[runlim] end:			Tue Feb  5 10:18:18 2019
[runlim] status:		out of time
[runlim] result:		2
[runlim] children:		0
[runlim] real:			304.47 seconds
[runlim] time:			300.09 seconds
[runlim] space:			428.6 MB
[runlim] samples:		3042
