[runlim] version:		1.10fixed
[runlim] time limit:		300 seconds
[runlim] real time limit:	311040000 seconds
[runlim] space limit:		4000 MB
[runlim] argv[0]:		./cvc4
[runlim] argv[1]:		--nl-ext-tplanes
[runlim] argv[2]:		--cbqi-all
[runlim] argv[3]:		/tmp/iXNAb2NQ.smt2
[runlim] start:			Tue Feb  5 13:11:54 2019
[runlim] main pid:		27490
[runlim] sample:		9.4 time, 10.8 real, 53.9 MB
[runlim] sample:		19.4 time, 20.8 real, 67.8 MB
[runlim] sample:		29.4 time, 30.8 real, 77.0 MB
[runlim] sample:		39.4 time, 40.8 real, 85.0 MB
[runlim] sample:		49.4 time, 50.8 real, 91.2 MB
[runlim] sample:		59.4 time, 60.8 real, 97.7 MB
[runlim] sample:		69.4 time, 70.8 real, 105.4 MB
[runlim] sample:		79.4 time, 80.8 real, 111.4 MB
[runlim] sample:		89.4 time, 90.8 real, 115.2 MB
[runlim] sample:		99.3 time, 100.8 real, 119.1 MB
[runlim] sample:		108.6 time, 110.8 real, 122.5 MB
[runlim] sample:		116.2 time, 120.8 real, 124.8 MB
[runlim] sample:		125.7 time, 130.8 real, 127.9 MB
[runlim] sample:		135.3 time, 140.8 real, 131.0 MB
[runlim] sample:		143.8 time, 150.8 real, 134.3 MB
[runlim] sample:		152.2 time, 160.8 real, 136.4 MB
[runlim] sample:		161.3 time, 170.8 real, 140.0 MB
[runlim] sample:		170.1 time, 180.8 real, 142.0 MB
[runlim] sample:		179.3 time, 190.8 real, 144.9 MB
[runlim] sample:		189.3 time, 200.8 real, 147.4 MB
[runlim] sample:		199.3 time, 210.8 real, 149.8 MB
[runlim] sample:		208.5 time, 220.8 real, 152.1 MB
[runlim] sample:		216.5 time, 230.8 real, 153.9 MB
[runlim] sample:		224.6 time, 240.8 real, 159.6 MB
[runlim] sample:		232.6 time, 250.8 real, 159.8 MB
[runlim] sample:		241.7 time, 260.8 real, 161.1 MB
[runlim] sample:		250.5 time, 270.8 real, 163.2 MB
[runlim] sample:		258.7 time, 280.8 real, 164.7 MB
[runlim] sample:		268.7 time, 290.8 real, 168.7 MB
[runlim] sample:		278.7 time, 300.8 real, 170.5 MB
[runlim] sample:		288.7 time, 310.8 real, 172.5 MB
[runlim] end:			Tue Feb  5 13:17:07 2019
[runlim] status:		signal(9)
[runlim] result:		11
[runlim] children:		0
[runlim] real:			313.71 seconds
[runlim] time:			291.56 seconds
[runlim] space:			173.1 MB
[runlim] samples:		3129
