[runlim] version:		1.10fixed
[runlim] time limit:		300 seconds
[runlim] real time limit:	311040000 seconds
[runlim] space limit:		4000 MB
[runlim] argv[0]:		./cvc4
[runlim] argv[1]:		--nl-ext-tplanes
[runlim] argv[2]:		--cbqi-all
[runlim] argv[3]:		/tmp/fJL0aEQ0.smt2
[runlim] start:			Tue Feb  5 10:13:09 2019
[runlim] main pid:		21133
[runlim] sample:		9.9 time, 11.0 real, 49.6 MB
[runlim] sample:		19.9 time, 21.0 real, 69.6 MB
[runlim] sample:		29.9 time, 31.0 real, 87.6 MB
[runlim] sample:		39.7 time, 41.0 real, 102.3 MB
[runlim] sample:		49.7 time, 51.0 real, 116.4 MB
[runlim] sample:		59.7 time, 61.0 real, 129.6 MB
[runlim] sample:		69.7 time, 71.0 real, 143.0 MB
[runlim] sample:		79.7 time, 81.0 real, 158.9 MB
[runlim] sample:		89.7 time, 91.0 real, 169.7 MB
[runlim] sample:		99.7 time, 101.0 real, 181.0 MB
[runlim] sample:		109.7 time, 111.0 real, 192.6 MB
[runlim] sample:		119.7 time, 121.0 real, 203.7 MB
[runlim] sample:		129.7 time, 131.0 real, 214.3 MB
[runlim] sample:		139.7 time, 141.0 real, 227.4 MB
[runlim] sample:		149.7 time, 151.0 real, 237.8 MB
[runlim] sample:		159.7 time, 161.0 real, 251.7 MB
[runlim] sample:		169.7 time, 171.0 real, 258.4 MB
[runlim] sample:		179.7 time, 181.0 real, 268.7 MB
[runlim] sample:		189.7 time, 191.0 real, 277.5 MB
[runlim] sample:		199.7 time, 201.0 real, 288.5 MB
[runlim] sample:		209.7 time, 211.0 real, 298.3 MB
[runlim] sample:		219.7 time, 221.0 real, 307.6 MB
[runlim] sample:		229.7 time, 231.0 real, 315.4 MB
[runlim] sample:		239.7 time, 241.0 real, 328.2 MB
[runlim] sample:		249.7 time, 251.0 real, 341.6 MB
[runlim] sample:		259.7 time, 261.0 real, 350.1 MB
[runlim] sample:		269.7 time, 271.0 real, 358.6 MB
[runlim] sample:		279.7 time, 281.0 real, 366.9 MB
[runlim] sample:		289.7 time, 291.0 real, 398.1 MB
[runlim] sample:		299.7 time, 301.0 real, 399.6 MB
CVC4 interrupted by SIGTERM.
[runlim] end:			Tue Feb  5 10:18:10 2019
[runlim] status:		out of time
[runlim] result:		2
[runlim] children:		0
[runlim] real:			301.40 seconds
[runlim] time:			300.10 seconds
[runlim] space:			418.2 MB
[runlim] samples:		3004
