[runlim] version:		1.10fixed
[runlim] time limit:		300 seconds
[runlim] real time limit:	311040000 seconds
[runlim] space limit:		4000 MB
[runlim] argv[0]:		./cvc4
[runlim] argv[1]:		--nl-ext-tplanes
[runlim] argv[2]:		--cbqi-all
[runlim] argv[3]:		/tmp/i30luaPe.smt2
[runlim] start:			Tue Feb  5 13:11:48 2019
[runlim] main pid:		28017
[runlim] sample:		9.1 time, 10.4 real, 51.3 MB
[runlim] sample:		19.1 time, 20.4 real, 65.8 MB
[runlim] sample:		29.1 time, 30.4 real, 74.8 MB
[runlim] sample:		39.1 time, 40.4 real, 82.8 MB
[runlim] sample:		49.1 time, 50.4 real, 89.8 MB
[runlim] sample:		59.1 time, 60.4 real, 95.9 MB
[runlim] sample:		69.1 time, 70.4 real, 101.8 MB
[runlim] sample:		79.1 time, 80.4 real, 109.2 MB
[runlim] sample:		89.1 time, 90.4 real, 113.6 MB
[runlim] sample:		99.1 time, 100.4 real, 117.4 MB
[runlim] sample:		109.1 time, 110.4 real, 121.0 MB
[runlim] sample:		119.1 time, 120.4 real, 124.1 MB
[runlim] sample:		129.1 time, 130.4 real, 127.2 MB
[runlim] sample:		139.1 time, 140.4 real, 130.6 MB
[runlim] sample:		149.1 time, 150.4 real, 134.2 MB
[runlim] sample:		159.1 time, 160.4 real, 138.0 MB
[runlim] sample:		169.1 time, 170.4 real, 140.6 MB
[runlim] sample:		179.1 time, 180.4 real, 143.9 MB
[runlim] sample:		189.1 time, 190.4 real, 146.3 MB
[runlim] sample:		199.1 time, 200.4 real, 148.8 MB
[runlim] sample:		209.1 time, 210.4 real, 151.4 MB
[runlim] sample:		219.0 time, 220.4 real, 155.0 MB
[runlim] sample:		229.0 time, 230.4 real, 157.6 MB
[runlim] sample:		239.0 time, 240.4 real, 159.7 MB
[runlim] sample:		249.0 time, 250.4 real, 162.0 MB
[runlim] sample:		259.0 time, 260.4 real, 163.8 MB
[runlim] sample:		269.0 time, 270.4 real, 165.6 MB
[runlim] sample:		279.0 time, 280.4 real, 169.7 MB
[runlim] sample:		289.0 time, 290.4 real, 171.5 MB
[runlim] sample:		299.0 time, 300.4 real, 173.3 MB
CVC4 interrupted by SIGTERM.
[runlim] end:			Tue Feb  5 13:16:49 2019
[runlim] status:		out of time
[runlim] result:		2
[runlim] children:		0
[runlim] real:			301.40 seconds
[runlim] time:			300.02 seconds
[runlim] space:			173.3 MB
[runlim] samples:		3010
