[runlim] version:		1.10fixed
[runlim] time limit:		300 seconds
[runlim] real time limit:	311040000 seconds
[runlim] space limit:		4000 MB
[runlim] argv[0]:		./cvc4
[runlim] argv[1]:		--nl-ext-tplanes
[runlim] argv[2]:		--cbqi-all
[runlim] argv[3]:		/tmp/KWhukzw0.smt2
[runlim] start:			Tue Feb  5 10:13:31 2019
[runlim] main pid:		30387
/tmp/KWhukzw0.smt2:4.12: No set-logic command was given before this point.
/tmp/KWhukzw0.smt2:4.12: CVC4 will make all theories available.
/tmp/KWhukzw0.smt2:4.12: Consider setting a stricter logic for (likely) better performance.
/tmp/KWhukzw0.smt2:4.12: To suppress this warning in the future use (set-logic ALL).
[runlim] sample:		9.4 time, 10.2 real, 112.6 MB
[runlim] sample:		19.4 time, 20.2 real, 154.9 MB
[runlim] sample:		29.4 time, 30.2 real, 179.8 MB
[runlim] sample:		39.4 time, 40.2 real, 201.9 MB
[runlim] sample:		48.8 time, 50.2 real, 221.2 MB
[runlim] sample:		57.1 time, 60.2 real, 236.0 MB
[runlim] sample:		66.1 time, 70.2 real, 251.8 MB
[runlim] sample:		76.1 time, 80.2 real, 267.8 MB
[runlim] sample:		86.1 time, 90.2 real, 279.8 MB
[runlim] sample:		94.5 time, 100.2 real, 288.3 MB
[runlim] sample:		102.7 time, 110.2 real, 296.3 MB
[runlim] sample:		111.7 time, 120.2 real, 304.3 MB
[runlim] sample:		120.2 time, 130.2 real, 312.0 MB
[runlim] sample:		128.9 time, 140.2 real, 319.0 MB
[runlim] sample:		138.7 time, 150.2 real, 328.0 MB
[runlim] sample:		148.7 time, 160.2 real, 337.6 MB
[runlim] sample:		158.7 time, 170.2 real, 343.5 MB
[runlim] sample:		168.1 time, 180.2 real, 348.4 MB
[runlim] sample:		177.9 time, 190.2 real, 355.4 MB
[runlim] sample:		186.9 time, 200.2 real, 362.3 MB
[runlim] sample:		194.8 time, 210.2 real, 367.0 MB
[runlim] sample:		204.0 time, 220.2 real, 373.4 MB
[runlim] sample:		213.3 time, 230.2 real, 380.1 MB
[runlim] sample:		222.6 time, 240.2 real, 386.5 MB
[runlim] sample:		231.9 time, 250.2 real, 393.2 MB
[runlim] sample:		241.2 time, 260.2 real, 397.1 MB
[runlim] sample:		249.9 time, 270.2 real, 402.2 MB
[runlim] sample:		259.8 time, 280.2 real, 407.9 MB
[runlim] sample:		269.8 time, 290.2 real, 420.4 MB
[runlim] sample:		279.8 time, 300.2 real, 422.7 MB
[runlim] sample:		289.8 time, 310.2 real, 425.5 MB
[runlim] end:			Tue Feb  5 10:18:47 2019
[runlim] status:		signal(9)
[runlim] result:		11
[runlim] children:		0
[runlim] real:			316.95 seconds
[runlim] time:			296.48 seconds
[runlim] space:			428.9 MB
[runlim] samples:		3167
