[runlim] version:		1.10fixed
[runlim] time limit:		300 seconds
[runlim] real time limit:	311040000 seconds
[runlim] space limit:		4000 MB
[runlim] argv[0]:		./cvc4
[runlim] argv[1]:		--nl-ext-tplanes
[runlim] argv[2]:		--cbqi-all
[runlim] argv[3]:		/tmp/V1PtDpWV.smt2
[runlim] start:			Tue Feb  5 13:16:42 2019
[runlim] main pid:		29715
/tmp/V1PtDpWV.smt2:4.12: No set-logic command was given before this point.
/tmp/V1PtDpWV.smt2:4.12: CVC4 will make all theories available.
/tmp/V1PtDpWV.smt2:4.12: Consider setting a stricter logic for (likely) better performance.
/tmp/V1PtDpWV.smt2:4.12: To suppress this warning in the future use (set-logic ALL).
[runlim] sample:		8.5 time, 11.0 real, 99.8 MB
[runlim] sample:		18.5 time, 21.0 real, 138.7 MB
[runlim] sample:		28.5 time, 31.0 real, 162.9 MB
[runlim] sample:		36.2 time, 41.0 real, 176.3 MB
[runlim] sample:		43.6 time, 51.0 real, 187.6 MB
[runlim] sample:		52.4 time, 61.0 real, 201.8 MB
[runlim] sample:		62.4 time, 71.0 real, 212.8 MB
[runlim] sample:		72.4 time, 81.0 real, 228.5 MB
[runlim] sample:		82.4 time, 91.0 real, 240.8 MB
[runlim] sample:		92.3 time, 101.0 real, 254.8 MB
[runlim] sample:		100.9 time, 111.0 real, 260.2 MB
[runlim] sample:		108.9 time, 121.0 real, 269.2 MB
[runlim] sample:		116.7 time, 131.0 real, 275.9 MB
[runlim] sample:		124.4 time, 141.0 real, 281.8 MB
[runlim] sample:		132.4 time, 151.0 real, 287.9 MB
[runlim] sample:		140.4 time, 161.0 real, 293.6 MB
[runlim] sample:		148.5 time, 171.0 real, 297.5 MB
[runlim] sample:		156.6 time, 181.0 real, 302.6 MB
[runlim] sample:		164.6 time, 191.0 real, 308.3 MB
[runlim] sample:		172.7 time, 201.0 real, 313.2 MB
[runlim] sample:		180.7 time, 211.0 real, 318.1 MB
[runlim] sample:		188.8 time, 221.0 real, 322.4 MB
[runlim] sample:		196.8 time, 231.0 real, 327.4 MB
[runlim] sample:		206.2 time, 241.0 real, 332.5 MB
[runlim] sample:		216.0 time, 251.0 real, 335.6 MB
[runlim] sample:		225.7 time, 261.0 real, 341.0 MB
[runlim] sample:		235.7 time, 271.0 real, 347.0 MB
[runlim] sample:		245.7 time, 281.0 real, 349.8 MB
[runlim] sample:		255.7 time, 291.0 real, 355.7 MB
[runlim] sample:		265.7 time, 301.0 real, 358.8 MB
[runlim] sample:		275.7 time, 311.0 real, 364.5 MB
[runlim] end:			Tue Feb  5 13:22:01 2019
[runlim] status:		signal(9)
[runlim] result:		11
[runlim] children:		0
[runlim] real:			319.50 seconds
[runlim] time:			284.16 seconds
[runlim] space:			367.3 MB
[runlim] samples:		3185
