[runlim] version:		1.10fixed
[runlim] time limit:		300 seconds
[runlim] real time limit:	311040000 seconds
[runlim] space limit:		4000 MB
[runlim] argv[0]:		./cvc4
[runlim] argv[1]:		--nl-ext-tplanes
[runlim] argv[2]:		--cbqi-all
[runlim] argv[3]:		/tmp/nuGIu9Su.smt2
[runlim] start:			Tue Feb  5 13:12:07 2019
[runlim] main pid:		18723
[runlim] sample:		8.6 time, 10.9 real, 40.9 MB
[runlim] sample:		18.6 time, 20.9 real, 53.9 MB
[runlim] sample:		28.6 time, 30.9 real, 63.6 MB
[runlim] sample:		38.6 time, 40.9 real, 72.9 MB
[runlim] sample:		48.6 time, 50.9 real, 79.1 MB
[runlim] sample:		58.6 time, 60.9 real, 84.8 MB
[runlim] sample:		68.6 time, 70.9 real, 90.2 MB
[runlim] sample:		78.6 time, 80.9 real, 94.8 MB
[runlim] sample:		88.6 time, 90.9 real, 98.9 MB
[runlim] sample:		98.6 time, 100.9 real, 105.3 MB
[runlim] sample:		108.6 time, 110.9 real, 113.6 MB
[runlim] sample:		117.8 time, 120.9 real, 116.9 MB
[runlim] sample:		127.1 time, 130.9 real, 120.3 MB
[runlim] sample:		137.1 time, 140.9 real, 123.6 MB
[runlim] sample:		147.1 time, 150.9 real, 126.7 MB
[runlim] sample:		157.1 time, 160.9 real, 129.8 MB
[runlim] sample:		167.1 time, 170.9 real, 132.6 MB
[runlim] sample:		177.1 time, 180.9 real, 135.5 MB
[runlim] sample:		187.1 time, 190.9 real, 138.0 MB
[runlim] sample:		197.1 time, 200.9 real, 140.6 MB
[runlim] sample:		207.1 time, 210.9 real, 142.9 MB
[runlim] sample:		215.8 time, 220.9 real, 145.3 MB
[runlim] sample:		225.7 time, 230.9 real, 147.8 MB
[runlim] sample:		235.7 time, 240.9 real, 150.2 MB
[runlim] sample:		245.7 time, 250.9 real, 152.5 MB
[runlim] sample:		255.7 time, 260.9 real, 154.8 MB
[runlim] sample:		265.6 time, 270.9 real, 156.6 MB
[runlim] sample:		275.6 time, 280.9 real, 159.2 MB
[runlim] sample:		285.6 time, 290.9 real, 161.0 MB
[runlim] sample:		295.6 time, 300.9 real, 162.8 MB
CVC4 interrupted by SIGTERM.
[runlim] end:			Tue Feb  5 13:17:12 2019
[runlim] status:		out of time
[runlim] result:		2
[runlim] children:		0
[runlim] real:			305.31 seconds
[runlim] time:			300.04 seconds
[runlim] space:			163.3 MB
[runlim] samples:		3044
