[runlim] version:		1.10fixed
[runlim] time limit:		300 seconds
[runlim] real time limit:	311040000 seconds
[runlim] space limit:		4000 MB
[runlim] argv[0]:		./cvc4
[runlim] argv[1]:		--nl-ext-tplanes
[runlim] argv[2]:		--cbqi-all
[runlim] argv[3]:		/tmp/72xRpgAa.smt2
[runlim] start:			Tue Feb  5 10:13:04 2019
[runlim] main pid:		21194
[runlim] sample:		8.6 time, 11.0 real, 41.2 MB
[runlim] sample:		17.9 time, 21.0 real, 53.9 MB
[runlim] sample:		27.5 time, 31.0 real, 61.9 MB
[runlim] sample:		37.5 time, 41.0 real, 72.4 MB
[runlim] sample:		47.5 time, 51.0 real, 78.8 MB
[runlim] sample:		57.5 time, 61.0 real, 84.8 MB
[runlim] sample:		67.5 time, 71.0 real, 90.4 MB
[runlim] sample:		77.5 time, 81.0 real, 95.3 MB
[runlim] sample:		87.5 time, 91.0 real, 100.0 MB
[runlim] sample:		97.5 time, 101.0 real, 110.3 MB
[runlim] sample:		107.5 time, 111.0 real, 114.5 MB
[runlim] sample:		117.5 time, 121.0 real, 118.6 MB
[runlim] sample:		127.5 time, 131.0 real, 121.9 MB
[runlim] sample:		137.5 time, 141.0 real, 125.3 MB
[runlim] sample:		147.5 time, 151.0 real, 128.1 MB
[runlim] sample:		157.5 time, 161.0 real, 131.2 MB
[runlim] sample:		167.5 time, 171.0 real, 134.6 MB
[runlim] sample:		177.5 time, 181.0 real, 137.7 MB
[runlim] sample:		187.5 time, 191.0 real, 140.5 MB
[runlim] sample:		197.5 time, 201.0 real, 143.1 MB
[runlim] sample:		207.4 time, 211.0 real, 145.4 MB
[runlim] sample:		217.4 time, 221.0 real, 148.0 MB
[runlim] sample:		227.4 time, 231.0 real, 150.3 MB
[runlim] sample:		237.4 time, 241.0 real, 152.6 MB
[runlim] sample:		247.4 time, 251.0 real, 154.9 MB
[runlim] sample:		257.4 time, 261.0 real, 157.0 MB
[runlim] sample:		267.4 time, 271.0 real, 159.1 MB
[runlim] sample:		277.4 time, 281.0 real, 161.1 MB
[runlim] sample:		287.4 time, 291.0 real, 162.9 MB
[runlim] sample:		297.4 time, 301.0 real, 164.7 MB
CVC4 interrupted by SIGTERM.
[runlim] end:			Tue Feb  5 10:18:07 2019
[runlim] status:		out of time
[runlim] result:		2
[runlim] children:		0
[runlim] real:			303.70 seconds
[runlim] time:			300.10 seconds
[runlim] space:			165.2 MB
[runlim] samples:		3027
