[runlim] version:		1.10fixed
[runlim] time limit:		300 seconds
[runlim] real time limit:	311040000 seconds
[runlim] space limit:		4000 MB
[runlim] argv[0]:		./cvc4
[runlim] argv[1]:		--nl-ext-tplanes
[runlim] argv[2]:		--cbqi-all
[runlim] argv[3]:		/tmp/KdWQe4KU.smt2
[runlim] start:			Tue Jan 29 16:50:33 2019
[runlim] main pid:		30789
[runlim] sample:		8.9 time, 10.3 real, 41.2 MB
[runlim] sample:		17.9 time, 20.3 real, 53.8 MB
[runlim] sample:		27.2 time, 30.3 real, 61.8 MB
[runlim] sample:		36.8 time, 40.3 real, 71.6 MB
[runlim] sample:		46.8 time, 50.3 real, 78.1 MB
[runlim] sample:		56.3 time, 60.3 real, 83.8 MB
[runlim] sample:		65.9 time, 70.3 real, 88.9 MB
[runlim] sample:		75.8 time, 80.3 real, 93.8 MB
[runlim] sample:		85.8 time, 90.3 real, 97.9 MB
[runlim] sample:		95.8 time, 100.3 real, 104.2 MB
[runlim] sample:		105.8 time, 110.3 real, 112.4 MB
[runlim] sample:		115.8 time, 120.3 real, 116.3 MB
[runlim] sample:		125.8 time, 130.3 real, 120.1 MB
[runlim] sample:		135.8 time, 140.3 real, 123.5 MB
[runlim] sample:		145.8 time, 150.3 real, 126.9 MB
[runlim] sample:		155.8 time, 160.3 real, 129.7 MB
[runlim] sample:		165.8 time, 170.3 real, 132.8 MB
[runlim] sample:		175.8 time, 180.3 real, 135.6 MB
[runlim] sample:		183.5 time, 190.3 real, 137.9 MB
[runlim] sample:		193.4 time, 200.3 real, 140.3 MB
[runlim] sample:		203.4 time, 210.3 real, 142.8 MB
[runlim] sample:		213.4 time, 220.3 real, 145.4 MB
[runlim] sample:		223.4 time, 230.3 real, 148.0 MB
[runlim] sample:		233.4 time, 240.3 real, 150.1 MB
[runlim] sample:		243.4 time, 250.3 real, 152.4 MB
[runlim] sample:		253.4 time, 260.3 real, 154.7 MB
[runlim] sample:		263.4 time, 270.3 real, 157.0 MB
[runlim] sample:		273.4 time, 280.3 real, 159.1 MB
[runlim] sample:		283.4 time, 290.3 real, 160.9 MB
[runlim] sample:		293.4 time, 300.3 real, 162.9 MB
CVC4 interrupted by SIGTERM.
[runlim] end:			Tue Jan 29 16:55:40 2019
[runlim] status:		out of time
[runlim] result:		2
[runlim] children:		0
[runlim] real:			307.03 seconds
[runlim] time:			300.06 seconds
[runlim] space:			164.2 MB
[runlim] samples:		3067
