[runlim] version:		1.10fixed
[runlim] time limit:		300 seconds
[runlim] real time limit:	311040000 seconds
[runlim] space limit:		4000 MB
[runlim] argv[0]:		./cvc4
[runlim] argv[1]:		--nl-ext-tplanes
[runlim] argv[2]:		--cbqi-all
[runlim] argv[3]:		/tmp/P2MCbq58.smt2
[runlim] start:			Tue Feb  5 10:13:21 2019
[runlim] main pid:		5621
[runlim] sample:		8.4 time, 10.3 real, 38.8 MB
[runlim] sample:		16.4 time, 20.3 real, 44.9 MB
[runlim] sample:		26.4 time, 30.3 real, 52.4 MB
[runlim] sample:		34.1 time, 40.3 real, 56.2 MB
[runlim] sample:		41.4 time, 50.3 real, 60.3 MB
[runlim] sample:		50.2 time, 60.3 real, 63.9 MB
[runlim] sample:		59.3 time, 70.3 real, 68.3 MB
[runlim] sample:		68.6 time, 80.3 real, 71.6 MB
[runlim] sample:		78.1 time, 90.3 real, 75.3 MB
[runlim] sample:		87.5 time, 100.3 real, 79.1 MB
[runlim] sample:		96.5 time, 110.3 real, 82.1 MB
[runlim] sample:		104.8 time, 120.3 real, 85.5 MB
[runlim] sample:		113.4 time, 130.3 real, 88.8 MB
[runlim] sample:		121.2 time, 140.3 real, 91.1 MB
[runlim] sample:		129.7 time, 150.3 real, 93.7 MB
[runlim] sample:		138.7 time, 160.3 real, 96.8 MB
[runlim] sample:		148.4 time, 170.3 real, 99.1 MB
[runlim] sample:		158.3 time, 180.3 real, 101.7 MB
[runlim] sample:		168.3 time, 190.3 real, 104.5 MB
[runlim] sample:		178.3 time, 200.3 real, 109.3 MB
[runlim] sample:		188.3 time, 210.3 real, 110.0 MB
[runlim] sample:		198.3 time, 220.3 real, 112.6 MB
[runlim] sample:		208.3 time, 230.3 real, 115.2 MB
[runlim] sample:		218.3 time, 240.3 real, 117.5 MB
[runlim] sample:		228.3 time, 250.3 real, 119.6 MB
[runlim] sample:		238.3 time, 260.3 real, 121.9 MB
[runlim] sample:		248.3 time, 270.3 real, 124.5 MB
[runlim] sample:		258.3 time, 280.3 real, 126.3 MB
[runlim] sample:		268.3 time, 290.3 real, 128.6 MB
[runlim] sample:		278.3 time, 300.3 real, 130.7 MB
[runlim] sample:		288.2 time, 310.3 real, 133.5 MB
[runlim] sample:		298.2 time, 320.3 real, 136.1 MB
[runlim] end:			Tue Feb  5 10:18:41 2019
[runlim] status:		signal(9)
[runlim] result:		11
[runlim] children:		0
[runlim] real:			320.60 seconds
[runlim] time:			298.45 seconds
[runlim] space:			136.1 MB
[runlim] samples:		3202
