[runlim] version:		1.10fixed
[runlim] time limit:		300 seconds
[runlim] real time limit:	311040000 seconds
[runlim] space limit:		4000 MB
[runlim] argv[0]:		./cvc4
[runlim] argv[1]:		--nl-ext-tplanes
[runlim] argv[2]:		--cbqi-all
[runlim] argv[3]:		/tmp/WdxhnIbG.smt2
[runlim] start:			Tue Jan 29 16:52:10 2019
[runlim] main pid:		16591
[runlim] sample:		8.3 time, 10.6 real, 83.7 MB
[runlim] sample:		15.9 time, 20.6 real, 105.2 MB
[runlim] sample:		23.7 time, 30.6 real, 123.7 MB
[runlim] sample:		33.4 time, 40.6 real, 141.9 MB
[runlim] sample:		43.0 time, 50.6 real, 154.5 MB
[runlim] sample:		53.0 time, 60.6 real, 167.3 MB
[runlim] sample:		63.0 time, 70.6 real, 177.0 MB
[runlim] sample:		72.9 time, 80.6 real, 186.7 MB
[runlim] sample:		82.8 time, 90.6 real, 197.3 MB
[runlim] sample:		92.1 time, 100.6 real, 206.6 MB
[runlim] sample:		102.0 time, 110.6 real, 215.6 MB
[runlim] sample:		111.6 time, 120.6 real, 223.8 MB
[runlim] sample:		121.4 time, 130.6 real, 230.7 MB
[runlim] sample:		131.4 time, 140.6 real, 238.7 MB
[runlim] sample:		139.8 time, 150.6 real, 246.3 MB
[runlim] sample:		148.8 time, 160.6 real, 251.2 MB
[runlim] sample:		157.4 time, 170.6 real, 255.6 MB
[runlim] sample:		167.4 time, 180.6 real, 260.2 MB
[runlim] sample:		176.9 time, 190.6 real, 265.5 MB
[runlim] sample:		186.9 time, 200.6 real, 271.0 MB
[runlim] sample:		196.9 time, 210.6 real, 275.6 MB
[runlim] sample:		206.9 time, 220.6 real, 280.3 MB
[runlim] sample:		216.8 time, 230.6 real, 286.2 MB
[runlim] sample:		226.7 time, 240.6 real, 291.3 MB
[runlim] sample:		236.7 time, 250.6 real, 294.7 MB
[runlim] sample:		246.7 time, 260.6 real, 298.7 MB
[runlim] sample:		256.7 time, 270.6 real, 303.3 MB
[runlim] sample:		266.7 time, 280.6 real, 306.6 MB
[runlim] sample:		276.7 time, 290.6 real, 311.3 MB
[runlim] sample:		286.7 time, 300.6 real, 313.9 MB
[runlim] sample:		296.7 time, 310.6 real, 319.3 MB
CVC4 interrupted by SIGTERM.
[runlim] end:			Tue Jan 29 16:57:23 2019
[runlim] status:		out of time
[runlim] result:		2
[runlim] children:		0
[runlim] real:			313.89 seconds
[runlim] time:			300.02 seconds
[runlim] space:			319.3 MB
[runlim] samples:		3133
