[runlim] version:		1.10fixed
[runlim] time limit:		300 seconds
[runlim] real time limit:	311040000 seconds
[runlim] space limit:		4000 MB
[runlim] argv[0]:		./cvc4
[runlim] argv[1]:		--nl-ext-tplanes
[runlim] argv[2]:		--cbqi-all
[runlim] argv[3]:		/tmp/ELz4Qbxt.smt2
[runlim] start:			Tue Feb  5 10:08:47 2019
[runlim] main pid:		20810
[runlim] sample:		7.9 time, 10.6 real, 39.6 MB
[runlim] sample:		17.3 time, 20.6 real, 52.3 MB
[runlim] sample:		25.5 time, 30.6 real, 59.2 MB
[runlim] sample:		35.5 time, 40.6 real, 70.0 MB
[runlim] sample:		44.3 time, 50.6 real, 75.9 MB
[runlim] sample:		54.3 time, 60.6 real, 81.6 MB
[runlim] sample:		64.3 time, 70.6 real, 87.5 MB
[runlim] sample:		73.8 time, 80.6 real, 92.4 MB
[runlim] sample:		83.8 time, 90.6 real, 97.1 MB
[runlim] sample:		92.0 time, 100.6 real, 100.4 MB
[runlim] sample:		100.8 time, 110.6 real, 110.7 MB
[runlim] sample:		110.4 time, 120.6 real, 114.5 MB
[runlim] sample:		120.4 time, 130.6 real, 118.1 MB
[runlim] sample:		130.2 time, 140.6 real, 121.5 MB
[runlim] sample:		140.2 time, 150.6 real, 124.8 MB
[runlim] sample:		150.2 time, 160.6 real, 127.7 MB
[runlim] sample:		159.1 time, 170.6 real, 130.5 MB
[runlim] sample:		169.1 time, 180.6 real, 133.3 MB
[runlim] sample:		177.4 time, 190.6 real, 135.7 MB
[runlim] sample:		185.2 time, 200.6 real, 138.0 MB
[runlim] sample:		193.4 time, 210.6 real, 139.8 MB
[runlim] sample:		203.4 time, 220.6 real, 142.1 MB
[runlim] sample:		211.8 time, 230.6 real, 143.9 MB
[runlim] sample:		219.9 time, 240.6 real, 146.0 MB
[runlim] sample:		228.1 time, 250.6 real, 148.0 MB
[runlim] sample:		238.1 time, 260.6 real, 150.1 MB
[runlim] sample:		248.1 time, 270.6 real, 152.4 MB
[runlim] sample:		258.1 time, 280.6 real, 154.7 MB
[runlim] sample:		267.9 time, 290.6 real, 156.5 MB
[runlim] sample:		277.5 time, 300.6 real, 158.6 MB
[runlim] sample:		287.2 time, 310.6 real, 160.4 MB
[runlim] end:			Tue Feb  5 10:14:01 2019
[runlim] status:		signal(9)
[runlim] result:		11
[runlim] children:		0
[runlim] real:			314.93 seconds
[runlim] time:			291.07 seconds
[runlim] space:			161.2 MB
[runlim] samples:		3142
