[runlim] version:		1.10fixed
[runlim] time limit:		300 seconds
[runlim] real time limit:	311040000 seconds
[runlim] space limit:		4000 MB
[runlim] argv[0]:		./cvc4
[runlim] argv[1]:		--nl-ext-tplanes
[runlim] argv[2]:		--cbqi-all
[runlim] argv[3]:		/tmp/jONlMfb5.smt2
[runlim] start:			Tue Feb  5 13:16:43 2019
[runlim] main pid:		4925
/tmp/jONlMfb5.smt2:4.12: No set-logic command was given before this point.
/tmp/jONlMfb5.smt2:4.12: CVC4 will make all theories available.
/tmp/jONlMfb5.smt2:4.12: Consider setting a stricter logic for (likely) better performance.
/tmp/jONlMfb5.smt2:4.12: To suppress this warning in the future use (set-logic ALL).
[runlim] sample:		9.5 time, 10.7 real, 103.0 MB
[runlim] sample:		19.5 time, 20.7 real, 145.2 MB
[runlim] sample:		28.2 time, 30.7 real, 166.3 MB
[runlim] sample:		36.1 time, 40.7 real, 182.6 MB
[runlim] sample:		43.9 time, 50.7 real, 194.9 MB
[runlim] sample:		52.8 time, 60.7 real, 211.8 MB
[runlim] sample:		61.4 time, 70.7 real, 224.8 MB
[runlim] sample:		71.2 time, 80.7 real, 243.3 MB
[runlim] sample:		81.2 time, 90.7 real, 258.3 MB
[runlim] sample:		91.2 time, 100.7 real, 268.6 MB
[runlim] sample:		101.2 time, 110.7 real, 280.7 MB
[runlim] sample:		111.2 time, 120.7 real, 289.9 MB
[runlim] sample:		120.8 time, 130.7 real, 296.8 MB
[runlim] sample:		130.2 time, 140.7 real, 305.6 MB
[runlim] sample:		138.4 time, 150.7 real, 311.8 MB
[runlim] sample:		147.3 time, 160.7 real, 319.5 MB
[runlim] sample:		156.3 time, 170.7 real, 325.7 MB
[runlim] sample:		164.8 time, 180.7 real, 332.1 MB
[runlim] sample:		173.5 time, 190.7 real, 337.8 MB
[runlim] sample:		181.8 time, 200.7 real, 344.0 MB
[runlim] sample:		190.4 time, 210.7 real, 349.9 MB
[runlim] sample:		199.1 time, 220.7 real, 353.5 MB
[runlim] sample:		207.4 time, 230.7 real, 358.9 MB
[runlim] sample:		216.1 time, 240.7 real, 365.1 MB
[runlim] sample:		225.0 time, 250.7 real, 368.4 MB
[runlim] sample:		234.7 time, 260.7 real, 374.1 MB
[runlim] sample:		243.8 time, 270.7 real, 380.5 MB
[runlim] sample:		253.0 time, 280.7 real, 384.6 MB
[runlim] sample:		261.9 time, 290.7 real, 391.6 MB
[runlim] sample:		270.8 time, 300.7 real, 395.7 MB
[runlim] sample:		279.2 time, 310.7 real, 404.3 MB
[runlim] sample:		287.9 time, 320.7 real, 407.6 MB
[runlim] end:			Tue Feb  5 13:22:12 2019
[runlim] status:		signal(9)
[runlim] result:		11
[runlim] children:		0
[runlim] real:			329.90 seconds
[runlim] time:			296.18 seconds
[runlim] space:			410.7 MB
[runlim] samples:		3291
