[runlim] version:		1.10fixed
[runlim] time limit:		300 seconds
[runlim] real time limit:	311040000 seconds
[runlim] space limit:		4000 MB
[runlim] argv[0]:		./cvc4
[runlim] argv[1]:		--nl-ext-tplanes
[runlim] argv[2]:		--cbqi-all
[runlim] argv[3]:		/tmp/Tx33Dyjt.smt2
[runlim] start:			Tue Feb  5 10:08:16 2019
[runlim] main pid:		7989
[runlim] sample:		9.8 time, 10.3 real, 53.0 MB
[runlim] sample:		19.8 time, 20.3 real, 66.6 MB
[runlim] sample:		29.8 time, 30.3 real, 75.1 MB
[runlim] sample:		39.8 time, 40.3 real, 82.9 MB
[runlim] sample:		49.3 time, 50.3 real, 89.6 MB
[runlim] sample:		58.5 time, 60.3 real, 95.5 MB
[runlim] sample:		68.4 time, 70.3 real, 101.2 MB
[runlim] sample:		78.4 time, 80.3 real, 108.7 MB
[runlim] sample:		88.1 time, 90.3 real, 113.1 MB
[runlim] sample:		98.0 time, 100.3 real, 116.9 MB
[runlim] sample:		108.0 time, 110.3 real, 120.6 MB
[runlim] sample:		118.0 time, 120.3 real, 123.7 MB
[runlim] sample:		128.1 time, 130.3 real, 126.7 MB
[runlim] sample:		138.0 time, 140.3 real, 130.1 MB
[runlim] sample:		147.1 time, 150.3 real, 133.2 MB
[runlim] sample:		157.0 time, 160.3 real, 136.8 MB
[runlim] sample:		166.3 time, 170.3 real, 139.4 MB
[runlim] sample:		176.3 time, 180.3 real, 142.5 MB
[runlim] sample:		185.0 time, 190.3 real, 144.5 MB
[runlim] sample:		195.0 time, 200.3 real, 146.6 MB
[runlim] sample:		205.0 time, 210.3 real, 149.4 MB
[runlim] sample:		215.0 time, 220.3 real, 152.0 MB
[runlim] sample:		224.2 time, 230.3 real, 155.6 MB
[runlim] sample:		231.5 time, 240.3 real, 157.7 MB
[runlim] sample:		238.8 time, 250.3 real, 158.9 MB
[runlim] sample:		246.7 time, 260.3 real, 160.8 MB
[runlim] sample:		254.3 time, 270.3 real, 162.0 MB
[runlim] sample:		264.3 time, 280.3 real, 164.4 MB
[runlim] sample:		273.6 time, 290.3 real, 165.9 MB
[runlim] sample:		282.4 time, 300.3 real, 169.4 MB
[runlim] sample:		290.2 time, 310.3 real, 170.9 MB
[runlim] end:			Tue Feb  5 10:13:35 2019
[runlim] status:		signal(9)
[runlim] result:		11
[runlim] children:		0
[runlim] real:			319.92 seconds
[runlim] time:			297.40 seconds
[runlim] space:			171.9 MB
[runlim] samples:		3195
