[runlim] version:		1.10fixed
[runlim] time limit:		300 seconds
[runlim] real time limit:	311040000 seconds
[runlim] space limit:		4000 MB
[runlim] argv[0]:		./cvc4
[runlim] argv[1]:		--nl-ext-tplanes
[runlim] argv[2]:		--cbqi-all
[runlim] argv[3]:		/tmp/PxnLFp9P.smt2
[runlim] start:			Tue Jan 29 16:51:49 2019
[runlim] main pid:		28652
[runlim] sample:		8.4 time, 10.3 real, 38.2 MB
[runlim] sample:		16.8 time, 20.3 real, 43.6 MB
[runlim] sample:		25.3 time, 30.3 real, 48.1 MB
[runlim] sample:		34.9 time, 40.3 real, 51.2 MB
[runlim] sample:		44.0 time, 50.3 real, 53.0 MB
[runlim] sample:		53.8 time, 60.3 real, 56.6 MB
[runlim] sample:		63.5 time, 70.3 real, 57.7 MB
[runlim] sample:		73.2 time, 80.3 real, 62.1 MB
[runlim] sample:		82.3 time, 90.3 real, 62.9 MB
[runlim] sample:		90.7 time, 100.3 real, 63.6 MB
[runlim] sample:		99.2 time, 110.3 real, 66.7 MB
[runlim] sample:		107.3 time, 120.3 real, 68.3 MB
[runlim] sample:		115.3 time, 130.3 real, 68.8 MB
[runlim] sample:		123.4 time, 140.3 real, 69.5 MB
[runlim] sample:		132.6 time, 150.3 real, 73.1 MB
[runlim] sample:		142.0 time, 160.3 real, 74.9 MB
[runlim] sample:		151.2 time, 170.3 real, 75.7 MB
[runlim] sample:		160.1 time, 180.3 real, 77.8 MB
[runlim] sample:		168.3 time, 190.3 real, 77.8 MB
[runlim] sample:		177.5 time, 200.3 real, 79.3 MB
[runlim] sample:		186.1 time, 210.3 real, 80.6 MB
[runlim] sample:		195.1 time, 220.3 real, 82.4 MB
[runlim] sample:		205.1 time, 230.3 real, 82.9 MB
[runlim] sample:		215.1 time, 240.3 real, 83.7 MB
[runlim] sample:		223.2 time, 250.3 real, 84.2 MB
[runlim] sample:		231.8 time, 260.3 real, 84.2 MB
[runlim] sample:		240.4 time, 270.3 real, 84.7 MB
[runlim] sample:		248.7 time, 280.3 real, 87.5 MB
[runlim] sample:		258.4 time, 290.3 real, 89.9 MB
[runlim] sample:		268.3 time, 300.3 real, 91.7 MB
[runlim] sample:		277.8 time, 310.3 real, 91.9 MB
[runlim] sample:		287.3 time, 320.3 real, 92.2 MB
[runlim] sample:		297.1 time, 330.3 real, 92.7 MB
CVC4 interrupted by SIGTERM.
[runlim] end:			Tue Jan 29 16:57:22 2019
[runlim] status:		out of time
[runlim] result:		2
[runlim] children:		0
[runlim] real:			333.27 seconds
[runlim] time:			300.07 seconds
[runlim] space:			92.7 MB
[runlim] samples:		3330
