[runlim] version:		1.10fixed
[runlim] time limit:		300 seconds
[runlim] real time limit:	311040000 seconds
[runlim] space limit:		4000 MB
[runlim] argv[0]:		./cvc4
[runlim] argv[1]:		--nl-ext-tplanes
[runlim] argv[2]:		--cbqi-all
[runlim] argv[3]:		/tmp/Mjn1FWH8.smt2
[runlim] start:			Tue Feb  5 13:12:02 2019
[runlim] main pid:		3103
[runlim] sample:		9.7 time, 10.7 real, 41.2 MB
[runlim] sample:		19.6 time, 20.7 real, 53.7 MB
[runlim] sample:		29.6 time, 30.7 real, 61.9 MB
[runlim] sample:		39.6 time, 40.7 real, 72.0 MB
[runlim] sample:		49.6 time, 50.7 real, 78.7 MB
[runlim] sample:		59.6 time, 60.7 real, 84.6 MB
[runlim] sample:		69.6 time, 70.7 real, 90.1 MB
[runlim] sample:		79.6 time, 80.7 real, 95.2 MB
[runlim] sample:		89.6 time, 90.7 real, 99.8 MB
[runlim] sample:		99.6 time, 100.7 real, 106.1 MB
[runlim] sample:		109.6 time, 110.7 real, 114.2 MB
[runlim] sample:		119.6 time, 120.7 real, 117.8 MB
[runlim] sample:		129.6 time, 130.7 real, 121.4 MB
[runlim] sample:		139.6 time, 140.7 real, 124.8 MB
[runlim] sample:		149.6 time, 150.7 real, 128.1 MB
[runlim] sample:		159.6 time, 160.7 real, 131.2 MB
[runlim] sample:		169.6 time, 170.7 real, 134.3 MB
[runlim] sample:		179.6 time, 180.7 real, 136.9 MB
[runlim] sample:		189.6 time, 190.7 real, 139.5 MB
[runlim] sample:		199.6 time, 200.7 real, 142.3 MB
[runlim] sample:		209.6 time, 210.7 real, 144.4 MB
[runlim] sample:		219.6 time, 220.7 real, 146.7 MB
[runlim] sample:		229.6 time, 230.7 real, 149.0 MB
[runlim] sample:		239.6 time, 240.7 real, 151.3 MB
[runlim] sample:		249.6 time, 250.7 real, 153.4 MB
[runlim] sample:		259.6 time, 260.7 real, 155.5 MB
[runlim] sample:		269.6 time, 270.7 real, 157.8 MB
[runlim] sample:		279.6 time, 280.7 real, 159.6 MB
[runlim] sample:		289.6 time, 290.7 real, 161.7 MB
[runlim] sample:		299.6 time, 300.7 real, 163.7 MB
CVC4 interrupted by SIGTERM.
[runlim] end:			Tue Feb  5 13:17:03 2019
[runlim] status:		out of time
[runlim] result:		2
[runlim] children:		0
[runlim] real:			301.18 seconds
[runlim] time:			300.09 seconds
[runlim] space:			163.7 MB
[runlim] samples:		3005
