[runlim] version:		1.10fixed
[runlim] time limit:		300 seconds
[runlim] real time limit:	311040000 seconds
[runlim] space limit:		4000 MB
[runlim] argv[0]:		./cvc4
[runlim] argv[1]:		--nl-ext-tplanes
[runlim] argv[2]:		--cbqi-all
[runlim] argv[3]:		/tmp/81YqX3vL.smt2
[runlim] start:			Tue Feb  5 10:08:26 2019
[runlim] main pid:		5316
[runlim] sample:		8.9 time, 10.6 real, 51.6 MB
[runlim] sample:		16.5 time, 20.6 real, 62.4 MB
[runlim] sample:		24.2 time, 30.6 real, 71.3 MB
[runlim] sample:		33.5 time, 40.6 real, 78.5 MB
[runlim] sample:		43.2 time, 50.6 real, 86.7 MB
[runlim] sample:		53.1 time, 60.6 real, 91.6 MB
[runlim] sample:		63.1 time, 70.6 real, 98.0 MB
[runlim] sample:		73.1 time, 80.6 real, 103.7 MB
[runlim] sample:		83.1 time, 90.6 real, 110.7 MB
[runlim] sample:		93.1 time, 100.6 real, 114.5 MB
[runlim] sample:		103.1 time, 110.6 real, 118.1 MB
[runlim] sample:		112.8 time, 120.6 real, 121.2 MB
[runlim] sample:		122.7 time, 130.6 real, 124.6 MB
[runlim] sample:		132.7 time, 140.6 real, 127.4 MB
[runlim] sample:		142.7 time, 150.6 real, 130.8 MB
[runlim] sample:		152.7 time, 160.6 real, 134.1 MB
[runlim] sample:		162.7 time, 170.6 real, 137.7 MB
[runlim] sample:		172.7 time, 180.6 real, 140.3 MB
[runlim] sample:		182.7 time, 190.6 real, 143.4 MB
[runlim] sample:		192.7 time, 200.6 real, 145.7 MB
[runlim] sample:		202.7 time, 210.6 real, 148.5 MB
[runlim] sample:		212.7 time, 220.6 real, 150.8 MB
[runlim] sample:		222.7 time, 230.6 real, 155.0 MB
[runlim] sample:		232.7 time, 240.6 real, 157.3 MB
[runlim] sample:		242.7 time, 250.6 real, 159.1 MB
[runlim] sample:		252.7 time, 260.6 real, 161.7 MB
[runlim] sample:		262.6 time, 270.6 real, 163.5 MB
[runlim] sample:		272.6 time, 280.6 real, 165.3 MB
[runlim] sample:		282.6 time, 290.6 real, 169.2 MB
[runlim] sample:		292.6 time, 300.6 real, 171.0 MB
CVC4 interrupted by SIGTERM.
[runlim] end:			Tue Feb  5 10:13:33 2019
[runlim] status:		out of time
[runlim] result:		2
[runlim] children:		0
[runlim] real:			308.00 seconds
[runlim] time:			300.04 seconds
[runlim] space:			172.5 MB
[runlim] samples:		3074
