[runlim] version:		1.10fixed
[runlim] time limit:		300 seconds
[runlim] real time limit:	311040000 seconds
[runlim] space limit:		4000 MB
[runlim] argv[0]:		./cvc4
[runlim] argv[1]:		--nl-ext-tplanes
[runlim] argv[2]:		--cbqi-all
[runlim] argv[3]:		/tmp/XxvPsNbi.smt2
[runlim] start:			Tue Feb  5 10:08:45 2019
[runlim] main pid:		4495
[runlim] sample:		9.7 time, 10.5 real, 42.8 MB
[runlim] sample:		18.2 time, 20.5 real, 53.5 MB
[runlim] sample:		26.9 time, 30.5 real, 61.2 MB
[runlim] sample:		35.2 time, 40.5 real, 70.4 MB
[runlim] sample:		44.6 time, 50.5 real, 76.6 MB
[runlim] sample:		53.4 time, 60.5 real, 81.8 MB
[runlim] sample:		61.8 time, 70.5 real, 86.2 MB
[runlim] sample:		70.4 time, 80.5 real, 90.5 MB
[runlim] sample:		79.4 time, 90.5 real, 95.2 MB
[runlim] sample:		88.3 time, 100.5 real, 98.5 MB
[runlim] sample:		98.2 time, 110.5 real, 104.9 MB
[runlim] sample:		108.2 time, 120.5 real, 112.7 MB
[runlim] sample:		117.2 time, 130.5 real, 116.3 MB
[runlim] sample:		125.8 time, 140.5 real, 119.4 MB
[runlim] sample:		134.7 time, 150.5 real, 122.5 MB
[runlim] sample:		144.3 time, 160.5 real, 125.4 MB
[runlim] sample:		154.3 time, 170.5 real, 128.7 MB
[runlim] sample:		164.3 time, 180.5 real, 131.5 MB
[runlim] sample:		173.5 time, 190.5 real, 134.1 MB
[runlim] sample:		183.5 time, 200.5 real, 137.0 MB
[runlim] sample:		193.5 time, 210.5 real, 139.8 MB
[runlim] sample:		203.3 time, 220.5 real, 141.6 MB
[runlim] sample:		213.3 time, 230.5 real, 144.2 MB
[runlim] sample:		222.9 time, 240.5 real, 146.5 MB
[runlim] sample:		232.6 time, 250.5 real, 148.6 MB
[runlim] sample:		242.6 time, 260.5 real, 150.9 MB
[runlim] sample:		252.6 time, 270.5 real, 152.9 MB
[runlim] sample:		262.6 time, 280.5 real, 155.3 MB
[runlim] sample:		272.6 time, 290.5 real, 157.3 MB
[runlim] sample:		282.6 time, 300.5 real, 159.6 MB
[runlim] sample:		292.6 time, 310.5 real, 161.4 MB
[runlim] end:			Tue Feb  5 10:14:02 2019
[runlim] status:		signal(9)
[runlim] result:		11
[runlim] children:		0
[runlim] real:			317.69 seconds
[runlim] time:			299.67 seconds
[runlim] space:			162.7 MB
[runlim] samples:		3171
