[runlim] version:		1.10fixed
[runlim] time limit:		300 seconds
[runlim] real time limit:	311040000 seconds
[runlim] space limit:		4000 MB
[runlim] argv[0]:		./cvc4
[runlim] argv[1]:		--nl-ext-tplanes
[runlim] argv[2]:		--cbqi-all
[runlim] argv[3]:		/tmp/ZvlsI6J5.smt2
[runlim] start:			Tue Feb  5 13:11:59 2019
[runlim] main pid:		8427
[runlim] sample:		8.5 time, 10.9 real, 50.0 MB
[runlim] sample:		16.0 time, 20.9 real, 60.2 MB
[runlim] sample:		24.9 time, 30.9 real, 70.1 MB
[runlim] sample:		34.5 time, 40.9 real, 78.1 MB
[runlim] sample:		44.5 time, 50.9 real, 85.6 MB
[runlim] sample:		54.1 time, 60.9 real, 91.0 MB
[runlim] sample:		62.3 time, 70.9 real, 96.4 MB
[runlim] sample:		72.3 time, 80.9 real, 102.3 MB
[runlim] sample:		82.3 time, 90.9 real, 109.5 MB
[runlim] sample:		92.3 time, 100.9 real, 113.8 MB
[runlim] sample:		102.3 time, 110.9 real, 117.7 MB
[runlim] sample:		112.3 time, 120.9 real, 121.1 MB
[runlim] sample:		122.3 time, 130.9 real, 124.1 MB
[runlim] sample:		132.3 time, 140.9 real, 127.0 MB
[runlim] sample:		141.8 time, 150.9 real, 130.3 MB
[runlim] sample:		151.8 time, 160.9 real, 133.7 MB
[runlim] sample:		161.8 time, 170.9 real, 137.5 MB
[runlim] sample:		171.8 time, 180.9 real, 139.9 MB
[runlim] sample:		181.8 time, 190.9 real, 143.2 MB
[runlim] sample:		191.8 time, 200.9 real, 145.5 MB
[runlim] sample:		201.8 time, 210.9 real, 148.1 MB
[runlim] sample:		211.8 time, 220.9 real, 150.7 MB
[runlim] sample:		221.8 time, 230.9 real, 153.3 MB
[runlim] sample:		231.8 time, 240.9 real, 157.4 MB
[runlim] sample:		239.4 time, 250.9 real, 158.9 MB
[runlim] sample:		247.1 time, 260.9 real, 159.7 MB
[runlim] sample:		257.1 time, 270.9 real, 162.3 MB
[runlim] sample:		267.1 time, 280.9 real, 164.1 MB
[runlim] sample:		277.1 time, 290.9 real, 165.9 MB
[runlim] sample:		287.1 time, 300.9 real, 169.5 MB
[runlim] sample:		297.1 time, 310.9 real, 171.6 MB
CVC4 interrupted by SIGTERM.
[runlim] end:			Tue Feb  5 13:17:12 2019
[runlim] status:		out of time
[runlim] result:		2
[runlim] children:		0
[runlim] real:			313.89 seconds
[runlim] time:			300.05 seconds
[runlim] space:			172.1 MB
[runlim] samples:		3130
