[runlim] version:		1.10fixed
[runlim] time limit:		300 seconds
[runlim] real time limit:	311040000 seconds
[runlim] space limit:		4000 MB
[runlim] argv[0]:		./cvc4
[runlim] argv[1]:		--nl-ext-tplanes
[runlim] argv[2]:		--cbqi-all
[runlim] argv[3]:		/tmp/bNJ01cIN.smt2
[runlim] start:			Tue Feb  5 10:13:10 2019
[runlim] main pid:		6506
[runlim] sample:		8.2 time, 10.4 real, 45.3 MB
[runlim] sample:		18.2 time, 20.4 real, 65.8 MB
[runlim] sample:		28.2 time, 30.4 real, 83.8 MB
[runlim] sample:		38.2 time, 40.4 real, 99.0 MB
[runlim] sample:		48.2 time, 50.4 real, 113.9 MB
[runlim] sample:		58.2 time, 60.4 real, 128.1 MB
[runlim] sample:		67.9 time, 70.4 real, 140.4 MB
[runlim] sample:		77.5 time, 80.4 real, 154.4 MB
[runlim] sample:		86.7 time, 90.4 real, 166.6 MB
[runlim] sample:		95.0 time, 100.4 real, 175.6 MB
[runlim] sample:		102.9 time, 110.4 real, 186.2 MB
[runlim] sample:		110.9 time, 120.4 real, 194.9 MB
[runlim] sample:		120.3 time, 130.4 real, 204.5 MB
[runlim] sample:		129.8 time, 140.4 real, 216.1 MB
[runlim] sample:		138.1 time, 150.4 real, 225.6 MB
[runlim] sample:		146.6 time, 160.4 real, 234.6 MB
[runlim] sample:		156.2 time, 170.4 real, 251.5 MB
[runlim] sample:		166.1 time, 180.4 real, 253.3 MB
[runlim] sample:		176.0 time, 190.4 real, 264.9 MB
[runlim] sample:		186.0 time, 200.4 real, 272.9 MB
[runlim] sample:		195.7 time, 210.4 real, 284.5 MB
[runlim] sample:		203.3 time, 220.4 real, 291.2 MB
[runlim] sample:		213.1 time, 230.4 real, 299.2 MB
[runlim] sample:		222.4 time, 240.4 real, 307.4 MB
[runlim] sample:		230.6 time, 250.4 real, 315.2 MB
[runlim] sample:		239.4 time, 260.4 real, 326.5 MB
[runlim] sample:		247.9 time, 270.4 real, 337.5 MB
[runlim] sample:		257.3 time, 280.4 real, 345.3 MB
[runlim] sample:		267.3 time, 290.4 real, 354.5 MB
[runlim] sample:		277.1 time, 300.4 real, 362.8 MB
[runlim] sample:		286.7 time, 310.4 real, 371.6 MB
[runlim] sample:		296.7 time, 320.4 real, 399.2 MB
CVC4 interrupted by SIGTERM.
[runlim] end:			Tue Feb  5 10:18:33 2019
[runlim] status:		out of time
[runlim] result:		2
[runlim] children:		0
[runlim] real:			323.68 seconds
[runlim] time:			300.01 seconds
[runlim] space:			426.0 MB
[runlim] samples:		3233
