[runlim] version:		1.10fixed
[runlim] time limit:		300 seconds
[runlim] real time limit:	311040000 seconds
[runlim] space limit:		4000 MB
[runlim] argv[0]:		./cvc4
[runlim] argv[1]:		--nl-ext-tplanes
[runlim] argv[2]:		--cbqi-all
[runlim] argv[3]:		/tmp/heM4hajK.smt2
[runlim] start:			Tue Jan 29 16:48:58 2019
[runlim] main pid:		12714
[runlim] sample:		8.0 time, 10.3 real, 51.2 MB
[runlim] sample:		18.0 time, 20.3 real, 65.7 MB
[runlim] sample:		26.9 time, 30.3 real, 74.2 MB
[runlim] sample:		36.7 time, 40.3 real, 82.7 MB
[runlim] sample:		46.5 time, 50.3 real, 89.9 MB
[runlim] sample:		56.2 time, 60.3 real, 96.3 MB
[runlim] sample:		65.8 time, 70.3 real, 102.4 MB
[runlim] sample:		75.5 time, 80.3 real, 110.0 MB
[runlim] sample:		85.2 time, 90.3 real, 113.8 MB
[runlim] sample:		95.1 time, 100.3 real, 118.0 MB
[runlim] sample:		105.1 time, 110.3 real, 121.3 MB
[runlim] sample:		115.1 time, 120.3 real, 124.9 MB
[runlim] sample:		125.1 time, 130.3 real, 128.0 MB
[runlim] sample:		135.1 time, 140.3 real, 131.6 MB
[runlim] sample:		143.5 time, 150.3 real, 134.5 MB
[runlim] sample:		152.7 time, 160.3 real, 137.8 MB
[runlim] sample:		162.7 time, 170.3 real, 140.9 MB
[runlim] sample:		172.7 time, 180.3 real, 143.5 MB
[runlim] sample:		182.7 time, 190.3 real, 146.6 MB
[runlim] sample:		192.7 time, 200.3 real, 149.4 MB
[runlim] sample:		202.7 time, 210.3 real, 152.0 MB
[runlim] sample:		212.7 time, 220.3 real, 154.3 MB
[runlim] sample:		222.7 time, 230.3 real, 158.9 MB
[runlim] sample:		232.3 time, 240.3 real, 160.5 MB
[runlim] sample:		240.0 time, 250.3 real, 162.3 MB
[runlim] sample:		248.8 time, 260.3 real, 164.3 MB
[runlim] sample:		258.8 time, 270.3 real, 166.4 MB
[runlim] sample:		268.8 time, 280.3 real, 170.0 MB
[runlim] sample:		278.5 time, 290.3 real, 172.1 MB
[runlim] sample:		288.2 time, 300.3 real, 173.9 MB
[runlim] sample:		298.2 time, 310.3 real, 176.0 MB
[runlim] end:			Tue Jan 29 16:54:09 2019
[runlim] status:		signal(9)
[runlim] result:		11
[runlim] children:		0
[runlim] real:			311.02 seconds
[runlim] time:			298.90 seconds
[runlim] space:			176.2 MB
[runlim] samples:		3107
