[runlim] version:		1.10fixed
[runlim] time limit:		300 seconds
[runlim] real time limit:	311040000 seconds
[runlim] space limit:		4000 MB
[runlim] argv[0]:		./cvc4
[runlim] argv[1]:		--nl-ext-tplanes
[runlim] argv[2]:		--cbqi-all
[runlim] argv[3]:		/tmp/gIFsSKeu.smt2
[runlim] start:			Tue Jan 29 16:49:16 2019
[runlim] main pid:		29349
[runlim] sample:		7.5 time, 10.3 real, 48.0 MB
[runlim] sample:		16.2 time, 20.3 real, 61.0 MB
[runlim] sample:		25.6 time, 30.3 real, 71.0 MB
[runlim] sample:		35.6 time, 40.3 real, 79.2 MB
[runlim] sample:		44.1 time, 50.3 real, 85.4 MB
[runlim] sample:		53.5 time, 60.3 real, 91.1 MB
[runlim] sample:		63.5 time, 70.3 real, 97.8 MB
[runlim] sample:		73.5 time, 80.3 real, 103.2 MB
[runlim] sample:		83.5 time, 90.3 real, 110.5 MB
[runlim] sample:		93.5 time, 100.3 real, 114.1 MB
[runlim] sample:		103.5 time, 110.3 real, 118.2 MB
[runlim] sample:		113.4 time, 120.3 real, 121.6 MB
[runlim] sample:		123.4 time, 130.3 real, 124.4 MB
[runlim] sample:		133.3 time, 140.3 real, 127.5 MB
[runlim] sample:		143.3 time, 150.3 real, 131.4 MB
[runlim] sample:		153.3 time, 160.3 real, 134.2 MB
[runlim] sample:		163.3 time, 170.3 real, 137.8 MB
[runlim] sample:		173.3 time, 180.3 real, 140.1 MB
[runlim] sample:		183.3 time, 190.3 real, 143.2 MB
[runlim] sample:		193.3 time, 200.3 real, 145.8 MB
[runlim] sample:		203.3 time, 210.3 real, 148.4 MB
[runlim] sample:		213.3 time, 220.3 real, 150.7 MB
[runlim] sample:		223.3 time, 230.3 real, 155.1 MB
[runlim] sample:		233.3 time, 240.3 real, 157.2 MB
[runlim] sample:		243.3 time, 250.3 real, 159.2 MB
[runlim] sample:		253.3 time, 260.3 real, 161.5 MB
[runlim] sample:		263.3 time, 270.3 real, 163.3 MB
[runlim] sample:		273.3 time, 280.3 real, 165.4 MB
[runlim] sample:		283.3 time, 290.3 real, 167.2 MB
[runlim] sample:		293.3 time, 300.3 real, 171.1 MB
CVC4 interrupted by SIGTERM.
[runlim] end:			Tue Jan 29 16:54:23 2019
[runlim] status:		out of time
[runlim] result:		2
[runlim] children:		0
[runlim] real:			307.16 seconds
[runlim] time:			300.09 seconds
[runlim] space:			172.4 MB
[runlim] samples:		3068
