[runlim] version:		1.10fixed
[runlim] time limit:		300 seconds
[runlim] real time limit:	311040000 seconds
[runlim] space limit:		4000 MB
[runlim] argv[0]:		./cvc4
[runlim] argv[1]:		--nl-ext-tplanes
[runlim] argv[2]:		--cbqi-all
[runlim] argv[3]:		/tmp/EPB3KjkO.smt2
[runlim] start:			Tue Feb  5 10:08:18 2019
[runlim] main pid:		4873
[runlim] sample:		8.4 time, 10.5 real, 50.4 MB
[runlim] sample:		18.2 time, 20.5 real, 65.0 MB
[runlim] sample:		27.6 time, 30.5 real, 73.8 MB
[runlim] sample:		36.9 time, 40.5 real, 81.5 MB
[runlim] sample:		45.1 time, 50.5 real, 87.2 MB
[runlim] sample:		53.0 time, 60.5 real, 91.6 MB
[runlim] sample:		62.0 time, 70.5 real, 97.6 MB
[runlim] sample:		70.1 time, 80.5 real, 102.7 MB
[runlim] sample:		78.8 time, 90.5 real, 109.4 MB
[runlim] sample:		87.9 time, 100.5 real, 113.0 MB
[runlim] sample:		96.5 time, 110.5 real, 116.6 MB
[runlim] sample:		105.6 time, 120.5 real, 119.7 MB
[runlim] sample:		115.2 time, 130.5 real, 122.8 MB
[runlim] sample:		124.9 time, 140.5 real, 125.9 MB
[runlim] sample:		134.6 time, 150.5 real, 129.2 MB
[runlim] sample:		142.9 time, 160.5 real, 131.5 MB
[runlim] sample:		151.1 time, 170.5 real, 134.4 MB
[runlim] sample:		159.7 time, 180.5 real, 137.5 MB
[runlim] sample:		169.1 time, 190.5 real, 140.1 MB
[runlim] sample:		178.6 time, 200.5 real, 143.1 MB
[runlim] sample:		187.7 time, 210.5 real, 145.7 MB
[runlim] sample:		196.7 time, 220.5 real, 147.8 MB
[runlim] sample:		205.5 time, 230.5 real, 149.8 MB
[runlim] sample:		214.5 time, 240.5 real, 151.9 MB
[runlim] sample:		223.1 time, 250.5 real, 154.7 MB
[runlim] sample:		232.0 time, 260.5 real, 158.1 MB
[runlim] sample:		241.2 time, 270.5 real, 159.6 MB
[runlim] sample:		251.2 time, 280.5 real, 162.2 MB
[runlim] sample:		261.2 time, 290.5 real, 164.0 MB
[runlim] sample:		271.2 time, 300.5 real, 167.9 MB
[runlim] sample:		281.2 time, 310.5 real, 170.2 MB
[runlim] sample:		291.1 time, 320.5 real, 172.0 MB
CVC4 interrupted by SIGTERM.
[runlim] end:			Tue Feb  5 10:13:47 2019
[runlim] status:		out of time
[runlim] result:		2
[runlim] children:		0
[runlim] real:			329.59 seconds
[runlim] time:			300.02 seconds
[runlim] space:			173.5 MB
[runlim] samples:		3291
