[runlim] version:		1.10fixed
[runlim] time limit:		300 seconds
[runlim] real time limit:	311040000 seconds
[runlim] space limit:		4000 MB
[runlim] argv[0]:		./cvc4
[runlim] argv[1]:		--nl-ext-tplanes
[runlim] argv[2]:		--cbqi-all
[runlim] argv[3]:		/tmp/yRgjEI6V.smt2
[runlim] start:			Tue Feb  5 10:13:27 2019
[runlim] main pid:		1660
/tmp/yRgjEI6V.smt2:4.12: No set-logic command was given before this point.
/tmp/yRgjEI6V.smt2:4.12: CVC4 will make all theories available.
/tmp/yRgjEI6V.smt2:4.12: Consider setting a stricter logic for (likely) better performance.
/tmp/yRgjEI6V.smt2:4.12: To suppress this warning in the future use (set-logic ALL).
[runlim] sample:		9.5 time, 10.5 real, 113.4 MB
[runlim] sample:		19.3 time, 20.5 real, 153.7 MB
[runlim] sample:		28.7 time, 30.5 real, 177.7 MB
[runlim] sample:		38.2 time, 40.5 real, 199.5 MB
[runlim] sample:		46.5 time, 50.5 real, 213.4 MB
[runlim] sample:		55.4 time, 60.5 real, 231.5 MB
[runlim] sample:		65.4 time, 70.5 real, 247.8 MB
[runlim] sample:		75.4 time, 80.5 real, 263.3 MB
[runlim] sample:		85.4 time, 90.5 real, 274.6 MB
[runlim] sample:		95.4 time, 100.5 real, 285.7 MB
[runlim] sample:		105.4 time, 110.5 real, 294.9 MB
[runlim] sample:		115.4 time, 120.5 real, 305.2 MB
[runlim] sample:		125.4 time, 130.5 real, 312.9 MB
[runlim] sample:		134.6 time, 140.5 real, 319.6 MB
[runlim] sample:		143.6 time, 150.5 real, 327.6 MB
[runlim] sample:		152.6 time, 160.5 real, 334.6 MB
[runlim] sample:		162.0 time, 170.5 real, 341.3 MB
[runlim] sample:		170.4 time, 180.5 real, 348.2 MB
[runlim] sample:		178.8 time, 190.5 real, 351.8 MB
[runlim] sample:		187.2 time, 200.5 real, 359.3 MB
[runlim] sample:		195.5 time, 210.5 real, 363.9 MB
[runlim] sample:		204.2 time, 220.5 real, 370.6 MB
[runlim] sample:		214.2 time, 230.5 real, 379.9 MB
[runlim] sample:		224.2 time, 240.5 real, 384.0 MB
[runlim] sample:		234.2 time, 250.5 real, 388.9 MB
[runlim] sample:		244.2 time, 260.5 real, 394.3 MB
[runlim] sample:		254.2 time, 270.5 real, 400.7 MB
[runlim] sample:		264.2 time, 280.5 real, 406.4 MB
[runlim] sample:		274.2 time, 290.5 real, 417.7 MB
[runlim] sample:		284.2 time, 300.5 real, 419.8 MB
[runlim] sample:		294.2 time, 310.5 real, 425.4 MB
[runlim] end:			Tue Feb  5 10:18:38 2019
[runlim] status:		signal(9)
[runlim] result:		11
[runlim] children:		0
[runlim] real:			311.07 seconds
[runlim] time:			294.74 seconds
[runlim] space:			426.0 MB
[runlim] samples:		3105
