[runlim] version:		1.10fixed
[runlim] time limit:		300 seconds
[runlim] real time limit:	311040000 seconds
[runlim] space limit:		4000 MB
[runlim] argv[0]:		./cvc4
[runlim] argv[1]:		--nl-ext-tplanes
[runlim] argv[2]:		--cbqi-all
[runlim] argv[3]:		/tmp/OEn3qqMA.smt2
[runlim] start:			Tue Feb  5 10:13:09 2019
[runlim] main pid:		13280
[runlim] sample:		8.8 time, 10.3 real, 38.4 MB
[runlim] sample:		18.1 time, 20.3 real, 46.5 MB
[runlim] sample:		27.9 time, 30.3 real, 53.9 MB
[runlim] sample:		37.9 time, 40.3 real, 60.5 MB
[runlim] sample:		47.9 time, 50.3 real, 65.4 MB
[runlim] sample:		57.9 time, 60.3 real, 70.3 MB
[runlim] sample:		67.9 time, 70.3 real, 75.5 MB
[runlim] sample:		77.9 time, 80.3 real, 79.7 MB
[runlim] sample:		87.9 time, 90.3 real, 84.9 MB
[runlim] sample:		97.9 time, 100.3 real, 88.5 MB
[runlim] sample:		107.9 time, 110.3 real, 91.8 MB
[runlim] sample:		117.9 time, 120.3 real, 95.7 MB
[runlim] sample:		127.9 time, 130.3 real, 99.1 MB
[runlim] sample:		137.9 time, 140.3 real, 101.9 MB
[runlim] sample:		147.9 time, 150.3 real, 107.6 MB
[runlim] sample:		157.9 time, 160.3 real, 108.1 MB
[runlim] sample:		167.9 time, 170.3 real, 111.5 MB
[runlim] sample:		177.9 time, 180.3 real, 114.3 MB
[runlim] sample:		187.9 time, 190.3 real, 117.4 MB
[runlim] sample:		197.8 time, 200.3 real, 119.7 MB
[runlim] sample:		207.8 time, 210.3 real, 121.8 MB
[runlim] sample:		217.8 time, 220.3 real, 124.9 MB
[runlim] sample:		227.8 time, 230.3 real, 127.2 MB
[runlim] sample:		237.8 time, 240.3 real, 129.5 MB
[runlim] sample:		247.8 time, 250.3 real, 131.8 MB
[runlim] sample:		257.8 time, 260.3 real, 134.1 MB
[runlim] sample:		267.8 time, 270.3 real, 137.0 MB
[runlim] sample:		277.8 time, 280.3 real, 138.8 MB
[runlim] sample:		287.8 time, 290.3 real, 140.8 MB
[runlim] sample:		297.8 time, 300.3 real, 143.2 MB
CVC4 interrupted by SIGTERM.
[runlim] end:			Tue Feb  5 10:18:11 2019
[runlim] status:		out of time
[runlim] result:		2
[runlim] children:		0
[runlim] real:			302.48 seconds
[runlim] time:			300.04 seconds
[runlim] space:			143.4 MB
[runlim] samples:		3022
