[runlim] version:		1.10fixed
[runlim] time limit:		300 seconds
[runlim] real time limit:	311040000 seconds
[runlim] space limit:		4000 MB
[runlim] argv[0]:		./cvc4
[runlim] argv[1]:		--nl-ext-tplanes
[runlim] argv[2]:		--cbqi-all
[runlim] argv[3]:		/tmp/JAM0Fafd.smt2
[runlim] start:			Tue Feb  5 10:08:32 2019
[runlim] main pid:		22870
[runlim] sample:		8.7 time, 10.8 real, 53.1 MB
[runlim] sample:		17.4 time, 20.8 real, 68.0 MB
[runlim] sample:		26.4 time, 30.8 real, 77.6 MB
[runlim] sample:		36.5 time, 40.8 real, 87.6 MB
[runlim] sample:		46.5 time, 50.8 real, 97.4 MB
[runlim] sample:		56.5 time, 60.8 real, 104.6 MB
[runlim] sample:		66.4 time, 70.8 real, 111.3 MB
[runlim] sample:		76.4 time, 80.8 real, 117.5 MB
[runlim] sample:		85.9 time, 90.8 real, 121.9 MB
[runlim] sample:		94.6 time, 100.8 real, 126.3 MB
[runlim] sample:		104.5 time, 110.8 real, 130.1 MB
[runlim] sample:		114.3 time, 120.8 real, 134.2 MB
[runlim] sample:		124.3 time, 130.8 real, 137.6 MB
[runlim] sample:		134.2 time, 140.8 real, 143.0 MB
[runlim] sample:		143.8 time, 150.8 real, 146.4 MB
[runlim] sample:		153.3 time, 160.8 real, 153.5 MB
[runlim] sample:		162.9 time, 170.8 real, 156.8 MB
[runlim] sample:		171.8 time, 180.8 real, 160.2 MB
[runlim] sample:		179.8 time, 190.8 real, 163.0 MB
[runlim] sample:		188.1 time, 200.8 real, 165.6 MB
[runlim] sample:		196.7 time, 210.8 real, 167.9 MB
[runlim] sample:		205.1 time, 220.8 real, 171.3 MB
[runlim] sample:		213.3 time, 230.8 real, 173.1 MB
[runlim] sample:		222.0 time, 240.8 real, 175.6 MB
[runlim] sample:		230.4 time, 250.8 real, 177.4 MB
[runlim] sample:		239.9 time, 260.8 real, 180.0 MB
[runlim] sample:		248.4 time, 270.8 real, 182.1 MB
[runlim] sample:		257.6 time, 280.8 real, 187.2 MB
[runlim] sample:		265.9 time, 290.8 real, 188.3 MB
[runlim] sample:		275.4 time, 300.8 real, 190.1 MB
[runlim] sample:		284.4 time, 310.8 real, 192.7 MB
[runlim] sample:		293.0 time, 320.8 real, 194.5 MB
CVC4 interrupted by SIGTERM.
[runlim] end:			Tue Feb  5 10:14:01 2019
[runlim] status:		out of time
[runlim] result:		2
[runlim] children:		0
[runlim] real:			329.34 seconds
[runlim] time:			300.01 seconds
[runlim] space:			195.8 MB
[runlim] samples:		3285
