[runlim] version:		1.10fixed
[runlim] time limit:		300 seconds
[runlim] real time limit:	311040000 seconds
[runlim] space limit:		4000 MB
[runlim] argv[0]:		./cvc4
[runlim] argv[1]:		--nl-ext-tplanes
[runlim] argv[2]:		--cbqi-all
[runlim] argv[3]:		/tmp/DTxSfMR1.smt2
[runlim] start:			Tue Feb  5 13:16:35 2019
[runlim] main pid:		25502
[runlim] sample:		9.6 time, 10.6 real, 41.9 MB
[runlim] sample:		19.3 time, 20.6 real, 57.4 MB
[runlim] sample:		29.3 time, 30.6 real, 73.8 MB
[runlim] sample:		39.3 time, 40.6 real, 89.8 MB
[runlim] sample:		49.3 time, 50.6 real, 103.4 MB
[runlim] sample:		59.3 time, 60.6 real, 117.2 MB
[runlim] sample:		69.3 time, 70.6 real, 129.0 MB
[runlim] sample:		79.3 time, 80.6 real, 140.4 MB
[runlim] sample:		89.3 time, 90.6 real, 152.7 MB
[runlim] sample:		99.3 time, 100.6 real, 166.1 MB
[runlim] sample:		109.3 time, 110.6 real, 177.7 MB
[runlim] sample:		119.3 time, 120.6 real, 188.3 MB
[runlim] sample:		129.3 time, 130.6 real, 199.6 MB
[runlim] sample:		139.3 time, 140.6 real, 209.7 MB
[runlim] sample:		149.3 time, 150.6 real, 222.5 MB
[runlim] sample:		159.3 time, 160.6 real, 247.8 MB
[runlim] sample:		169.3 time, 170.6 real, 249.3 MB
[runlim] sample:		179.3 time, 180.6 real, 251.7 MB
[runlim] sample:		189.3 time, 190.6 real, 261.2 MB
[runlim] sample:		199.3 time, 200.6 real, 270.2 MB
[runlim] sample:		209.3 time, 210.6 real, 280.8 MB
[runlim] sample:		219.3 time, 220.6 real, 288.8 MB
[runlim] sample:		229.3 time, 230.6 real, 297.6 MB
[runlim] sample:		239.3 time, 240.6 real, 307.9 MB
[runlim] sample:		249.3 time, 250.6 real, 316.4 MB
[runlim] sample:		259.3 time, 260.6 real, 324.9 MB
[runlim] sample:		269.3 time, 270.6 real, 332.6 MB
[runlim] sample:		279.3 time, 280.6 real, 340.6 MB
[runlim] sample:		289.3 time, 290.6 real, 353.5 MB
[runlim] sample:		299.3 time, 300.6 real, 379.5 MB
CVC4 interrupted by SIGTERM.
[runlim] end:			Tue Feb  5 13:21:36 2019
[runlim] status:		out of time
[runlim] result:		2
[runlim] children:		0
[runlim] real:			301.38 seconds
[runlim] time:			300.09 seconds
[runlim] space:			402.5 MB
[runlim] samples:		3008
