[runlim] version:		1.10fixed
[runlim] time limit:		300 seconds
[runlim] real time limit:	311040000 seconds
[runlim] space limit:		4000 MB
[runlim] argv[0]:		./cvc4
[runlim] argv[1]:		--nl-ext-tplanes
[runlim] argv[2]:		--cbqi-all
[runlim] argv[3]:		/tmp/0rTsBPhA.smt2
[runlim] start:			Tue Feb  5 10:12:52 2019
[runlim] main pid:		7881
[runlim] sample:		8.8 time, 10.9 real, 41.2 MB
[runlim] sample:		18.8 time, 20.9 real, 54.2 MB
[runlim] sample:		28.8 time, 30.9 real, 63.5 MB
[runlim] sample:		38.8 time, 40.9 real, 72.9 MB
[runlim] sample:		48.0 time, 50.9 real, 78.6 MB
[runlim] sample:		57.0 time, 60.9 real, 83.5 MB
[runlim] sample:		65.5 time, 70.9 real, 88.7 MB
[runlim] sample:		73.4 time, 80.9 real, 92.3 MB
[runlim] sample:		81.7 time, 90.9 real, 96.4 MB
[runlim] sample:		89.9 time, 100.9 real, 99.8 MB
[runlim] sample:		97.7 time, 110.9 real, 105.3 MB
[runlim] sample:		105.7 time, 120.9 real, 112.8 MB
[runlim] sample:		114.1 time, 130.9 real, 116.1 MB
[runlim] sample:		123.6 time, 140.9 real, 119.5 MB
[runlim] sample:		133.2 time, 150.9 real, 122.8 MB
[runlim] sample:		141.8 time, 160.9 real, 125.4 MB
[runlim] sample:		151.3 time, 170.9 real, 128.2 MB
[runlim] sample:		161.3 time, 180.9 real, 131.1 MB
[runlim] sample:		171.2 time, 190.9 real, 134.2 MB
[runlim] sample:		180.7 time, 200.9 real, 136.7 MB
[runlim] sample:		190.4 time, 210.9 real, 139.3 MB
[runlim] sample:		199.4 time, 220.9 real, 141.4 MB
[runlim] sample:		207.9 time, 230.9 real, 143.4 MB
[runlim] sample:		216.3 time, 240.9 real, 145.2 MB
[runlim] sample:		223.6 time, 250.9 real, 147.0 MB
[runlim] sample:		232.1 time, 260.9 real, 148.8 MB
[runlim] sample:		241.4 time, 270.9 real, 151.2 MB
[runlim] sample:		250.8 time, 280.9 real, 153.2 MB
[runlim] sample:		260.5 time, 290.9 real, 155.3 MB
[runlim] sample:		270.0 time, 300.9 real, 157.4 MB
[runlim] sample:		279.4 time, 310.9 real, 159.4 MB
[runlim] sample:		288.7 time, 320.9 real, 161.0 MB
[runlim] sample:		298.1 time, 330.9 real, 162.8 MB
[runlim] end:			Tue Feb  5 10:18:24 2019
[runlim] status:		signal(9)
[runlim] result:		11
[runlim] children:		0
[runlim] real:			332.02 seconds
[runlim] time:			299.02 seconds
[runlim] space:			163.0 MB
[runlim] samples:		3310
