[runlim] version:		1.10fixed
[runlim] time limit:		300 seconds
[runlim] real time limit:	311040000 seconds
[runlim] space limit:		4000 MB
[runlim] argv[0]:		./cvc4
[runlim] argv[1]:		--nl-ext-tplanes
[runlim] argv[2]:		--cbqi-all
[runlim] argv[3]:		/tmp/7DlDV746.smt2
[runlim] start:			Tue Feb  5 10:13:16 2019
[runlim] main pid:		19684
[runlim] sample:		9.3 time, 10.6 real, 47.9 MB
[runlim] sample:		19.3 time, 20.6 real, 68.7 MB
[runlim] sample:		29.3 time, 30.6 real, 86.5 MB
[runlim] sample:		38.9 time, 40.6 real, 101.5 MB
[runlim] sample:		48.9 time, 50.6 real, 115.4 MB
[runlim] sample:		58.9 time, 60.6 real, 129.3 MB
[runlim] sample:		68.9 time, 70.6 real, 143.5 MB
[runlim] sample:		78.9 time, 80.6 real, 156.5 MB
[runlim] sample:		88.9 time, 90.6 real, 169.3 MB
[runlim] sample:		98.9 time, 100.6 real, 181.1 MB
[runlim] sample:		108.9 time, 110.6 real, 193.0 MB
[runlim] sample:		118.9 time, 120.6 real, 204.1 MB
[runlim] sample:		128.2 time, 130.6 real, 215.9 MB
[runlim] sample:		136.5 time, 140.6 real, 225.2 MB
[runlim] sample:		145.6 time, 150.6 real, 235.3 MB
[runlim] sample:		154.3 time, 160.6 real, 249.8 MB
[runlim] sample:		163.9 time, 170.6 real, 254.7 MB
[runlim] sample:		172.7 time, 180.6 real, 262.1 MB
[runlim] sample:		182.1 time, 190.6 real, 273.2 MB
[runlim] sample:		191.6 time, 200.6 real, 281.5 MB
[runlim] sample:		201.5 time, 210.6 real, 293.1 MB
[runlim] sample:		210.6 time, 220.6 real, 300.6 MB
[runlim] sample:		219.9 time, 230.6 real, 308.8 MB
[runlim] sample:		229.2 time, 240.6 real, 317.1 MB
[runlim] sample:		238.6 time, 250.6 real, 328.7 MB
[runlim] sample:		248.2 time, 260.6 real, 342.5 MB
[runlim] sample:		257.9 time, 270.6 real, 351.0 MB
[runlim] sample:		267.9 time, 280.6 real, 359.3 MB
[runlim] sample:		277.9 time, 290.6 real, 367.5 MB
[runlim] sample:		286.9 time, 300.6 real, 396.8 MB
[runlim] sample:		296.9 time, 310.6 real, 398.0 MB
CVC4 interrupted by SIGTERM.
[runlim] end:			Tue Feb  5 10:18:30 2019
[runlim] status:		out of time
[runlim] result:		2
[runlim] children:		0
[runlim] real:			314.25 seconds
[runlim] time:			300.02 seconds
[runlim] space:			424.2 MB
[runlim] samples:		3136
