[runlim] version:		1.10fixed
[runlim] time limit:		300 seconds
[runlim] real time limit:	311040000 seconds
[runlim] space limit:		4000 MB
[runlim] argv[0]:		./cvc4
[runlim] argv[1]:		--nl-ext-tplanes
[runlim] argv[2]:		--cbqi-all
[runlim] argv[3]:		/tmp/IFOH4DMl.smt2
[runlim] start:			Tue Feb  5 10:09:29 2019
[runlim] main pid:		28102
[runlim] sample:		8.5 time, 10.4 real, 40.0 MB
[runlim] sample:		16.9 time, 20.4 real, 51.5 MB
[runlim] sample:		25.2 time, 30.4 real, 58.7 MB
[runlim] sample:		33.9 time, 40.4 real, 65.3 MB
[runlim] sample:		41.8 time, 50.4 real, 72.5 MB
[runlim] sample:		50.7 time, 60.4 real, 77.7 MB
[runlim] sample:		58.7 time, 70.4 real, 82.1 MB
[runlim] sample:		67.2 time, 80.4 real, 86.4 MB
[runlim] sample:		76.1 time, 90.4 real, 90.8 MB
[runlim] sample:		85.8 time, 100.4 real, 94.9 MB
[runlim] sample:		95.5 time, 110.4 real, 99.1 MB
[runlim] sample:		105.1 time, 120.4 real, 104.6 MB
[runlim] sample:		114.8 time, 130.4 real, 112.8 MB
[runlim] sample:		124.5 time, 140.4 real, 116.2 MB
[runlim] sample:		134.1 time, 150.4 real, 119.5 MB
[runlim] sample:		143.8 time, 160.4 real, 122.4 MB
[runlim] sample:		153.5 time, 170.4 real, 125.2 MB
[runlim] sample:		163.2 time, 180.4 real, 128.3 MB
[runlim] sample:		172.8 time, 190.4 real, 130.9 MB
[runlim] sample:		182.5 time, 200.4 real, 133.2 MB
[runlim] sample:		192.2 time, 210.4 real, 136.0 MB
[runlim] sample:		201.8 time, 220.4 real, 138.1 MB
[runlim] sample:		211.5 time, 230.4 real, 140.1 MB
[runlim] sample:		220.7 time, 240.4 real, 142.5 MB
[runlim] sample:		230.1 time, 250.4 real, 144.3 MB
[runlim] sample:		240.1 time, 260.4 real, 146.6 MB
[runlim] sample:		250.1 time, 270.4 real, 148.6 MB
[runlim] sample:		260.1 time, 280.4 real, 150.7 MB
[runlim] sample:		270.1 time, 290.4 real, 152.8 MB
[runlim] sample:		280.1 time, 300.4 real, 154.6 MB
[runlim] sample:		290.1 time, 310.4 real, 156.6 MB
[runlim] end:			Tue Feb  5 10:14:43 2019
[runlim] status:		signal(9)
[runlim] result:		11
[runlim] children:		0
[runlim] real:			314.31 seconds
[runlim] time:			293.98 seconds
[runlim] space:			157.4 MB
[runlim] samples:		3139
