[runlim] version:		1.10fixed
[runlim] time limit:		300 seconds
[runlim] real time limit:	311040000 seconds
[runlim] space limit:		4000 MB
[runlim] argv[0]:		./cvc4
[runlim] argv[1]:		--nl-ext-tplanes
[runlim] argv[2]:		--cbqi-all
[runlim] argv[3]:		/tmp/KAlj16jT.smt2
[runlim] start:			Tue Feb  5 13:12:08 2019
[runlim] main pid:		10410
[runlim] sample:		7.9 time, 10.6 real, 40.2 MB
[runlim] sample:		16.3 time, 20.6 real, 52.8 MB
[runlim] sample:		25.1 time, 30.6 real, 60.5 MB
[runlim] sample:		33.8 time, 40.6 real, 70.4 MB
[runlim] sample:		43.5 time, 50.6 real, 77.1 MB
[runlim] sample:		51.9 time, 60.6 real, 82.0 MB
[runlim] sample:		59.8 time, 70.6 real, 86.6 MB
[runlim] sample:		68.3 time, 80.6 real, 91.0 MB
[runlim] sample:		78.1 time, 90.6 real, 96.4 MB
[runlim] sample:		88.1 time, 100.6 real, 100.5 MB
[runlim] sample:		98.1 time, 110.6 real, 110.8 MB
[runlim] sample:		108.1 time, 120.6 real, 114.9 MB
[runlim] sample:		117.2 time, 130.6 real, 118.5 MB
[runlim] sample:		125.7 time, 140.6 real, 121.6 MB
[runlim] sample:		134.6 time, 150.6 real, 124.4 MB
[runlim] sample:		143.3 time, 160.6 real, 127.3 MB
[runlim] sample:		153.0 time, 170.6 real, 129.8 MB
[runlim] sample:		161.4 time, 180.6 real, 132.7 MB
[runlim] sample:		170.4 time, 190.6 real, 135.8 MB
[runlim] sample:		179.8 time, 200.6 real, 138.6 MB
[runlim] sample:		188.9 time, 210.6 real, 141.4 MB
[runlim] sample:		198.6 time, 220.6 real, 143.5 MB
[runlim] sample:		208.5 time, 230.6 real, 146.3 MB
[runlim] sample:		218.5 time, 240.6 real, 148.4 MB
[runlim] sample:		228.5 time, 250.6 real, 150.7 MB
[runlim] sample:		238.5 time, 260.6 real, 153.3 MB
[runlim] sample:		248.5 time, 270.6 real, 155.4 MB
[runlim] sample:		258.5 time, 280.6 real, 157.2 MB
[runlim] sample:		268.5 time, 290.6 real, 159.5 MB
[runlim] sample:		278.4 time, 300.6 real, 161.5 MB
[runlim] sample:		287.6 time, 310.6 real, 162.8 MB
[runlim] end:			Tue Feb  5 13:17:26 2019
[runlim] status:		signal(9)
[runlim] result:		11
[runlim] children:		0
[runlim] real:			318.19 seconds
[runlim] time:			295.17 seconds
[runlim] space:			164.4 MB
[runlim] samples:		3176
