[runlim] version:		1.10fixed
[runlim] time limit:		300 seconds
[runlim] real time limit:	311040000 seconds
[runlim] space limit:		4000 MB
[runlim] argv[0]:		./cvc4
[runlim] argv[1]:		--nl-ext-tplanes
[runlim] argv[2]:		--cbqi-all
[runlim] argv[3]:		/tmp/mP0HaxTU.smt2
[runlim] start:			Tue Jan 29 16:49:55 2019
[runlim] main pid:		13422
[runlim] sample:		9.5 time, 10.6 real, 41.7 MB
[runlim] sample:		19.0 time, 20.6 real, 53.9 MB
[runlim] sample:		28.0 time, 30.6 real, 61.4 MB
[runlim] sample:		37.7 time, 40.6 real, 71.3 MB
[runlim] sample:		46.3 time, 50.6 real, 76.8 MB
[runlim] sample:		54.7 time, 60.6 real, 81.7 MB
[runlim] sample:		64.6 time, 70.6 real, 87.3 MB
[runlim] sample:		74.6 time, 80.6 real, 92.2 MB
[runlim] sample:		84.6 time, 90.6 real, 96.6 MB
[runlim] sample:		94.6 time, 100.6 real, 101.0 MB
[runlim] sample:		104.6 time, 110.6 real, 111.4 MB
[runlim] sample:		114.6 time, 120.6 real, 115.2 MB
[runlim] sample:		124.6 time, 130.6 real, 119.1 MB
[runlim] sample:		134.6 time, 140.6 real, 122.2 MB
[runlim] sample:		144.6 time, 150.6 real, 125.6 MB
[runlim] sample:		154.6 time, 160.6 real, 128.6 MB
[runlim] sample:		164.6 time, 170.6 real, 131.7 MB
[runlim] sample:		174.6 time, 180.6 real, 134.3 MB
[runlim] sample:		184.6 time, 190.6 real, 137.2 MB
[runlim] sample:		194.4 time, 200.6 real, 139.7 MB
[runlim] sample:		204.0 time, 210.6 real, 142.1 MB
[runlim] sample:		212.5 time, 220.6 real, 144.1 MB
[runlim] sample:		220.1 time, 230.6 real, 145.7 MB
[runlim] sample:		228.4 time, 240.6 real, 147.7 MB
[runlim] sample:		236.3 time, 250.6 real, 149.5 MB
[runlim] sample:		245.3 time, 260.6 real, 151.8 MB
[runlim] sample:		254.6 time, 270.6 real, 153.9 MB
[runlim] sample:		263.1 time, 280.6 real, 155.7 MB
[runlim] sample:		272.6 time, 290.6 real, 157.5 MB
[runlim] sample:		282.0 time, 300.6 real, 159.6 MB
[runlim] sample:		292.0 time, 310.6 real, 161.4 MB
CVC4 interrupted by SIGTERM.
[runlim] end:			Tue Jan 29 16:55:13 2019
[runlim] status:		out of time
[runlim] result:		2
[runlim] children:		0
[runlim] real:			318.70 seconds
[runlim] time:			300.09 seconds
[runlim] space:			162.9 MB
[runlim] samples:		3181
