[runlim] version:		1.10fixed
[runlim] time limit:		300 seconds
[runlim] real time limit:	311040000 seconds
[runlim] space limit:		4000 MB
[runlim] argv[0]:		./cvc4
[runlim] argv[1]:		--nl-ext-tplanes
[runlim] argv[2]:		--cbqi-all
[runlim] argv[3]:		/tmp/1IAwKKc4.smt2
[runlim] start:			Tue Jan 29 16:50:02 2019
[runlim] main pid:		23122
[runlim] sample:		8.0 time, 10.3 real, 38.7 MB
[runlim] sample:		16.0 time, 20.3 real, 45.9 MB
[runlim] sample:		25.4 time, 30.3 real, 53.4 MB
[runlim] sample:		35.4 time, 40.3 real, 59.3 MB
[runlim] sample:		45.4 time, 50.3 real, 64.9 MB
[runlim] sample:		55.1 time, 60.3 real, 71.0 MB
[runlim] sample:		65.1 time, 70.3 real, 78.1 MB
[runlim] sample:		74.6 time, 80.3 real, 82.2 MB
[runlim] sample:		82.3 time, 90.3 real, 85.9 MB
[runlim] sample:		92.2 time, 100.3 real, 90.0 MB
[runlim] sample:		101.2 time, 110.3 real, 93.1 MB
[runlim] sample:		111.2 time, 120.3 real, 96.7 MB
[runlim] sample:		120.9 time, 130.3 real, 99.8 MB
[runlim] sample:		130.2 time, 140.3 real, 102.3 MB
[runlim] sample:		139.6 time, 150.3 real, 104.9 MB
[runlim] sample:		149.2 time, 160.3 real, 107.5 MB
[runlim] sample:		158.4 time, 170.3 real, 112.1 MB
[runlim] sample:		167.6 time, 180.3 real, 118.5 MB
[runlim] sample:		177.4 time, 190.3 real, 121.1 MB
[runlim] sample:		186.6 time, 200.3 real, 123.4 MB
[runlim] sample:		194.9 time, 210.3 real, 125.2 MB
[runlim] sample:		204.5 time, 220.3 real, 127.6 MB
[runlim] sample:		214.5 time, 230.3 real, 129.9 MB
[runlim] sample:		224.5 time, 240.3 real, 132.2 MB
[runlim] sample:		234.5 time, 250.3 real, 134.5 MB
[runlim] sample:		244.5 time, 260.3 real, 136.6 MB
[runlim] sample:		254.5 time, 270.3 real, 138.6 MB
[runlim] sample:		264.5 time, 280.3 real, 140.7 MB
[runlim] sample:		274.5 time, 290.3 real, 142.8 MB
[runlim] sample:		284.5 time, 300.3 real, 144.8 MB
[runlim] sample:		294.5 time, 310.3 real, 146.9 MB
[runlim] end:			Tue Jan 29 16:55:14 2019
[runlim] status:		signal(9)
[runlim] result:		11
[runlim] children:		0
[runlim] real:			312.90 seconds
[runlim] time:			297.07 seconds
[runlim] space:			147.4 MB
[runlim] samples:		3126
