[runlim] version:		1.10fixed
[runlim] time limit:		300 seconds
[runlim] real time limit:	311040000 seconds
[runlim] space limit:		4000 MB
[runlim] argv[0]:		./cvc4
[runlim] argv[1]:		--nl-ext-tplanes
[runlim] argv[2]:		--cbqi-all
[runlim] argv[3]:		/tmp/KwxX3eFM.smt2
[runlim] start:			Tue Feb  5 10:08:35 2019
[runlim] main pid:		4385
[runlim] sample:		9.3 time, 10.4 real, 52.5 MB
[runlim] sample:		18.1 time, 20.4 real, 65.1 MB
[runlim] sample:		28.1 time, 30.4 real, 74.6 MB
[runlim] sample:		38.1 time, 40.4 real, 82.6 MB
[runlim] sample:		48.1 time, 50.4 real, 89.8 MB
[runlim] sample:		56.7 time, 60.4 real, 95.4 MB
[runlim] sample:		65.4 time, 70.4 real, 100.5 MB
[runlim] sample:		75.3 time, 80.4 real, 108.2 MB
[runlim] sample:		85.3 time, 90.4 real, 112.9 MB
[runlim] sample:		95.4 time, 100.4 real, 116.5 MB
[runlim] sample:		105.3 time, 110.4 real, 120.3 MB
[runlim] sample:		115.3 time, 120.4 real, 123.2 MB
[runlim] sample:		125.3 time, 130.4 real, 126.3 MB
[runlim] sample:		135.3 time, 140.4 real, 129.6 MB
[runlim] sample:		145.3 time, 150.4 real, 133.0 MB
[runlim] sample:		155.3 time, 160.4 real, 136.6 MB
[runlim] sample:		164.4 time, 170.4 real, 139.2 MB
[runlim] sample:		172.7 time, 180.4 real, 141.2 MB
[runlim] sample:		181.6 time, 190.4 real, 144.0 MB
[runlim] sample:		191.6 time, 200.4 real, 146.4 MB
[runlim] sample:		201.6 time, 210.4 real, 148.7 MB
[runlim] sample:		211.6 time, 220.4 real, 151.3 MB
[runlim] sample:		221.2 time, 230.4 real, 155.4 MB
[runlim] sample:		230.1 time, 240.4 real, 157.4 MB
[runlim] sample:		239.3 time, 250.4 real, 159.0 MB
[runlim] sample:		249.3 time, 260.4 real, 161.3 MB
[runlim] sample:		259.3 time, 270.4 real, 163.4 MB
[runlim] sample:		269.2 time, 280.4 real, 165.2 MB
[runlim] sample:		279.0 time, 290.4 real, 167.0 MB
[runlim] sample:		289.0 time, 300.4 real, 170.8 MB
[runlim] sample:		299.0 time, 310.4 real, 172.6 MB
CVC4 interrupted by SIGTERM.
[runlim] end:			Tue Feb  5 10:13:46 2019
[runlim] status:		out of time
[runlim] result:		2
[runlim] children:		0
[runlim] real:			311.40 seconds
[runlim] time:			300.04 seconds
[runlim] space:			172.9 MB
[runlim] samples:		3110
