[runlim] version:		1.10fixed
[runlim] time limit:		300 seconds
[runlim] real time limit:	311040000 seconds
[runlim] space limit:		4000 MB
[runlim] argv[0]:		./cvc4
[runlim] argv[1]:		--nl-ext-tplanes
[runlim] argv[2]:		--cbqi-all
[runlim] argv[3]:		/tmp/7s5nwcQr.smt2
[runlim] start:			Tue Feb  5 13:16:47 2019
[runlim] main pid:		20559
/tmp/7s5nwcQr.smt2:4.12: No set-logic command was given before this point.
/tmp/7s5nwcQr.smt2:4.12: CVC4 will make all theories available.
/tmp/7s5nwcQr.smt2:4.12: Consider setting a stricter logic for (likely) better performance.
/tmp/7s5nwcQr.smt2:4.12: To suppress this warning in the future use (set-logic ALL).
[runlim] sample:		9.7 time, 10.7 real, 61.9 MB
[runlim] sample:		19.7 time, 20.7 real, 75.2 MB
[runlim] sample:		29.7 time, 30.7 real, 97.8 MB
[runlim] sample:		39.7 time, 40.7 real, 102.9 MB
[runlim] sample:		49.7 time, 50.7 real, 112.2 MB
[runlim] sample:		59.7 time, 60.7 real, 119.4 MB
[runlim] sample:		69.7 time, 70.7 real, 140.9 MB
[runlim] sample:		79.7 time, 80.7 real, 141.9 MB
[runlim] sample:		89.7 time, 90.7 real, 144.0 MB
[runlim] sample:		99.7 time, 100.7 real, 150.6 MB
[runlim] sample:		109.7 time, 110.7 real, 153.5 MB
[runlim] sample:		119.7 time, 120.7 real, 164.0 MB
[runlim] sample:		129.7 time, 130.7 real, 167.6 MB
[runlim] sample:		139.7 time, 140.7 real, 177.7 MB
[runlim] sample:		149.7 time, 150.7 real, 211.6 MB
[runlim] sample:		159.7 time, 160.7 real, 211.6 MB
[runlim] sample:		169.7 time, 170.7 real, 214.4 MB
[runlim] sample:		179.7 time, 180.7 real, 216.0 MB
[runlim] sample:		189.7 time, 190.7 real, 219.1 MB
[runlim] sample:		199.7 time, 200.7 real, 220.9 MB
[runlim] sample:		209.7 time, 210.7 real, 220.9 MB
[runlim] sample:		219.7 time, 220.7 real, 227.3 MB
[runlim] sample:		229.7 time, 230.7 real, 231.5 MB
[runlim] sample:		239.7 time, 240.7 real, 234.3 MB
[runlim] sample:		249.7 time, 250.7 real, 243.8 MB
[runlim] sample:		259.7 time, 260.7 real, 248.2 MB
[runlim] sample:		269.7 time, 270.7 real, 249.2 MB
[runlim] sample:		279.7 time, 280.7 real, 260.6 MB
[runlim] sample:		289.7 time, 290.7 real, 261.6 MB
[runlim] sample:		299.7 time, 300.7 real, 266.0 MB
CVC4 interrupted by SIGTERM.
[runlim] end:			Tue Feb  5 13:21:48 2019
[runlim] status:		out of time
[runlim] result:		2
[runlim] children:		0
[runlim] real:			301.09 seconds
[runlim] time:			300.07 seconds
[runlim] space:			266.0 MB
[runlim] samples:		3004
