[runlim] version:		1.10fixed
[runlim] time limit:		300 seconds
[runlim] real time limit:	311040000 seconds
[runlim] space limit:		4000 MB
[runlim] argv[0]:		./cvc4
[runlim] argv[1]:		--nl-ext-tplanes
[runlim] argv[2]:		--cbqi-all
[runlim] argv[3]:		/tmp/QoqBc74M.smt2
[runlim] start:			Tue Feb  5 13:16:26 2019
[runlim] main pid:		29560
[runlim] sample:		8.6 time, 10.7 real, 47.3 MB
[runlim] sample:		18.4 time, 20.7 real, 67.9 MB
[runlim] sample:		28.4 time, 30.7 real, 86.5 MB
[runlim] sample:		37.1 time, 40.7 real, 100.2 MB
[runlim] sample:		45.0 time, 50.7 real, 113.3 MB
[runlim] sample:		55.0 time, 60.7 real, 126.1 MB
[runlim] sample:		65.0 time, 70.7 real, 139.8 MB
[runlim] sample:		75.0 time, 80.7 real, 157.4 MB
[runlim] sample:		85.0 time, 90.7 real, 171.6 MB
[runlim] sample:		94.3 time, 100.7 real, 180.7 MB
[runlim] sample:		101.8 time, 110.7 real, 189.7 MB
[runlim] sample:		110.3 time, 120.7 real, 198.5 MB
[runlim] sample:		118.5 time, 130.7 real, 207.7 MB
[runlim] sample:		128.3 time, 140.7 real, 221.4 MB
[runlim] sample:		138.0 time, 150.7 real, 232.0 MB
[runlim] sample:		147.7 time, 160.7 real, 252.2 MB
[runlim] sample:		157.4 time, 170.7 real, 254.0 MB
[runlim] sample:		167.1 time, 180.7 real, 265.3 MB
[runlim] sample:		176.8 time, 190.7 real, 273.8 MB
[runlim] sample:		186.5 time, 200.7 real, 284.4 MB
[runlim] sample:		196.2 time, 210.7 real, 296.0 MB
[runlim] sample:		205.9 time, 220.7 real, 305.0 MB
[runlim] sample:		215.6 time, 230.7 real, 317.6 MB
[runlim] sample:		225.3 time, 240.7 real, 330.3 MB
[runlim] sample:		235.0 time, 250.7 real, 341.4 MB
[runlim] sample:		245.0 time, 260.7 real, 349.4 MB
[runlim] sample:		255.0 time, 270.7 real, 358.9 MB
[runlim] sample:		264.9 time, 280.7 real, 371.3 MB
[runlim] sample:		274.8 time, 290.7 real, 400.5 MB
[runlim] sample:		284.8 time, 300.7 real, 402.1 MB
[runlim] sample:		294.8 time, 310.7 real, 403.4 MB
[runlim] end:			Tue Feb  5 13:21:41 2019
[runlim] status:		signal(9)
[runlim] result:		11
[runlim] children:		0
[runlim] real:			315.73 seconds
[runlim] time:			299.70 seconds
[runlim] space:			417.7 MB
[runlim] samples:		3150
