[runlim] version:		1.10fixed
[runlim] time limit:		300 seconds
[runlim] real time limit:	311040000 seconds
[runlim] space limit:		4000 MB
[runlim] argv[0]:		./cvc4
[runlim] argv[1]:		--nl-ext-tplanes
[runlim] argv[2]:		--cbqi-all
[runlim] argv[3]:		/tmp/gxsKWYrH.smt2
[runlim] start:			Tue Jan 29 16:51:44 2019
[runlim] main pid:		31495
[runlim] sample:		9.2 time, 10.6 real, 38.3 MB
[runlim] sample:		18.9 time, 20.6 real, 42.9 MB
[runlim] sample:		28.6 time, 30.6 real, 47.5 MB
[runlim] sample:		38.2 time, 40.6 real, 50.6 MB
[runlim] sample:		47.9 time, 50.6 real, 53.9 MB
[runlim] sample:		57.7 time, 60.6 real, 55.5 MB
[runlim] sample:		67.7 time, 70.6 real, 58.8 MB
[runlim] sample:		77.7 time, 80.6 real, 60.6 MB
[runlim] sample:		87.7 time, 90.6 real, 61.4 MB
[runlim] sample:		97.7 time, 100.6 real, 65.1 MB
[runlim] sample:		107.2 time, 110.6 real, 66.9 MB
[runlim] sample:		117.2 time, 120.6 real, 67.1 MB
[runlim] sample:		127.2 time, 130.6 real, 67.9 MB
[runlim] sample:		137.2 time, 140.6 real, 72.2 MB
[runlim] sample:		146.6 time, 150.6 real, 73.8 MB
[runlim] sample:		156.3 time, 160.6 real, 74.6 MB
[runlim] sample:		166.1 time, 170.6 real, 75.9 MB
[runlim] sample:		175.1 time, 180.6 real, 77.9 MB
[runlim] sample:		185.1 time, 190.6 real, 78.9 MB
[runlim] sample:		195.1 time, 200.6 real, 81.0 MB
[runlim] sample:		205.1 time, 210.6 real, 81.5 MB
[runlim] sample:		215.1 time, 220.6 real, 81.8 MB
[runlim] sample:		225.1 time, 230.6 real, 82.3 MB
[runlim] sample:		235.1 time, 240.6 real, 82.6 MB
[runlim] sample:		245.1 time, 250.6 real, 85.9 MB
[runlim] sample:		254.8 time, 260.6 real, 88.0 MB
[runlim] sample:		264.5 time, 270.6 real, 89.2 MB
[runlim] sample:		273.4 time, 280.6 real, 89.5 MB
[runlim] sample:		283.4 time, 290.6 real, 90.3 MB
[runlim] sample:		293.4 time, 300.6 real, 90.3 MB
CVC4 interrupted by SIGTERM.
[runlim] end:			Tue Jan 29 16:56:51 2019
[runlim] status:		out of time
[runlim] result:		2
[runlim] children:		0
[runlim] real:			307.40 seconds
[runlim] time:			300.08 seconds
[runlim] space:			90.5 MB
[runlim] samples:		3068
