[runlim] version:		1.10fixed
[runlim] time limit:		300 seconds
[runlim] real time limit:	311040000 seconds
[runlim] space limit:		4000 MB
[runlim] argv[0]:		./cvc4
[runlim] argv[1]:		--nl-ext-tplanes
[runlim] argv[2]:		--cbqi-all
[runlim] argv[3]:		/tmp/psnWFfeX.smt2
[runlim] start:			Tue Feb  5 10:13:24 2019
[runlim] main pid:		13089
[runlim] sample:		8.0 time, 10.2 real, 43.5 MB
[runlim] sample:		16.9 time, 20.2 real, 63.6 MB
[runlim] sample:		24.1 time, 30.2 real, 71.5 MB
[runlim] sample:		32.1 time, 40.2 real, 93.2 MB
[runlim] sample:		40.9 time, 50.2 real, 105.0 MB
[runlim] sample:		50.6 time, 60.2 real, 106.3 MB
[runlim] sample:		60.2 time, 70.2 real, 120.7 MB
[runlim] sample:		69.9 time, 80.2 real, 125.1 MB
[runlim] sample:		79.6 time, 90.2 real, 129.8 MB
[runlim] sample:		89.0 time, 100.2 real, 138.0 MB
[runlim] sample:		98.7 time, 110.2 real, 140.8 MB
[runlim] sample:		106.5 time, 120.2 real, 148.1 MB
[runlim] sample:		113.9 time, 130.2 real, 150.4 MB
[runlim] sample:		122.0 time, 140.2 real, 152.7 MB
[runlim] sample:		129.8 time, 150.2 real, 159.1 MB
[runlim] sample:		138.4 time, 160.2 real, 162.2 MB
[runlim] sample:		147.7 time, 170.2 real, 164.3 MB
[runlim] sample:		157.3 time, 180.2 real, 171.0 MB
[runlim] sample:		167.0 time, 190.2 real, 173.3 MB
[runlim] sample:		176.7 time, 200.2 real, 178.1 MB
[runlim] sample:		186.3 time, 210.2 real, 180.4 MB
[runlim] sample:		196.0 time, 220.2 real, 180.7 MB
[runlim] sample:		205.6 time, 230.2 real, 183.5 MB
[runlim] sample:		215.3 time, 240.2 real, 189.9 MB
[runlim] sample:		224.9 time, 250.2 real, 205.7 MB
[runlim] end:			Tue Feb  5 10:17:39 2019
[runlim] status:		ok
[runlim] result:		0
[runlim] children:		0
[runlim] real:			255.47 seconds
[runlim] time:			230.12 seconds
[runlim] space:			206.4 MB
[runlim] samples:		2553
