[runlim] version:		1.10fixed
[runlim] time limit:		300 seconds
[runlim] real time limit:	311040000 seconds
[runlim] space limit:		4000 MB
[runlim] argv[0]:		./cvc4
[runlim] argv[1]:		--nl-ext-tplanes
[runlim] argv[2]:		--cbqi-all
[runlim] argv[3]:		/tmp/cU01Zxb2.smt2
[runlim] start:			Tue Feb  5 10:13:16 2019
[runlim] main pid:		28345
[runlim] sample:		9.6 time, 10.9 real, 48.4 MB
[runlim] sample:		19.6 time, 20.9 real, 67.8 MB
[runlim] sample:		29.2 time, 30.9 real, 85.3 MB
[runlim] sample:		37.9 time, 40.9 real, 98.8 MB
[runlim] sample:		47.0 time, 50.9 real, 112.5 MB
[runlim] sample:		56.2 time, 60.9 real, 124.1 MB
[runlim] sample:		66.2 time, 70.9 real, 137.0 MB
[runlim] sample:		75.4 time, 80.9 real, 149.6 MB
[runlim] sample:		84.3 time, 90.9 real, 166.7 MB
[runlim] sample:		93.8 time, 100.9 real, 172.9 MB
[runlim] sample:		103.2 time, 110.9 real, 184.3 MB
[runlim] sample:		113.2 time, 120.9 real, 195.3 MB
[runlim] sample:		123.2 time, 130.9 real, 206.9 MB
[runlim] sample:		133.2 time, 140.9 real, 218.8 MB
[runlim] sample:		143.2 time, 150.9 real, 228.3 MB
[runlim] sample:		151.9 time, 160.9 real, 237.9 MB
[runlim] sample:		160.3 time, 170.9 real, 251.6 MB
[runlim] sample:		170.3 time, 180.9 real, 255.9 MB
[runlim] sample:		180.3 time, 190.9 real, 266.0 MB
[runlim] sample:		190.0 time, 200.9 real, 277.6 MB
[runlim] sample:		198.3 time, 210.9 real, 285.3 MB
[runlim] sample:		206.9 time, 220.9 real, 293.1 MB
[runlim] sample:		216.9 time, 230.9 real, 301.3 MB
[runlim] sample:		226.5 time, 240.9 real, 312.4 MB
[runlim] sample:		236.0 time, 250.9 real, 320.1 MB
[runlim] sample:		245.6 time, 260.9 real, 334.5 MB
[runlim] sample:		255.3 time, 270.9 real, 342.7 MB
[runlim] sample:		264.9 time, 280.9 real, 351.5 MB
[runlim] sample:		274.6 time, 290.9 real, 360.0 MB
[runlim] sample:		284.3 time, 300.9 real, 369.3 MB
[runlim] sample:		293.9 time, 310.9 real, 399.8 MB
CVC4 interrupted by SIGTERM.
[runlim] end:			Tue Feb  5 10:18:33 2019
[runlim] status:		out of time
[runlim] result:		2
[runlim] children:		0
[runlim] real:			317.12 seconds
[runlim] time:			300.01 seconds
[runlim] space:			427.5 MB
[runlim] samples:		3162
