[runlim] version:		1.10fixed
[runlim] time limit:		300 seconds
[runlim] real time limit:	311040000 seconds
[runlim] space limit:		4000 MB
[runlim] argv[0]:		./cvc4
[runlim] argv[1]:		--nl-ext-tplanes
[runlim] argv[2]:		--cbqi-all
[runlim] argv[3]:		/tmp/PYXV4Jlz.smt2
[runlim] start:			Tue Jan 29 16:49:27 2019
[runlim] main pid:		25260
[runlim] sample:		9.8 time, 11.0 real, 54.2 MB
[runlim] sample:		19.8 time, 21.0 real, 68.2 MB
[runlim] sample:		29.8 time, 31.0 real, 77.4 MB
[runlim] sample:		39.8 time, 41.0 real, 85.2 MB
[runlim] sample:		48.3 time, 51.0 real, 90.3 MB
[runlim] sample:		55.9 time, 61.0 real, 95.7 MB
[runlim] sample:		64.2 time, 71.0 real, 100.3 MB
[runlim] sample:		71.9 time, 81.0 real, 107.1 MB
[runlim] sample:		81.5 time, 91.0 real, 111.7 MB
[runlim] sample:		91.2 time, 101.0 real, 115.6 MB
[runlim] sample:		101.0 time, 111.0 real, 119.2 MB
[runlim] sample:		111.0 time, 121.0 real, 122.8 MB
[runlim] sample:		121.0 time, 131.0 real, 126.4 MB
[runlim] sample:		131.0 time, 141.0 real, 129.8 MB
[runlim] sample:		141.0 time, 151.0 real, 133.1 MB
[runlim] sample:		151.0 time, 161.0 real, 137.0 MB
[runlim] sample:		161.0 time, 171.0 real, 139.6 MB
[runlim] sample:		171.0 time, 181.0 real, 142.4 MB
[runlim] sample:		181.0 time, 191.0 real, 145.5 MB
[runlim] sample:		191.0 time, 201.0 real, 148.1 MB
[runlim] sample:		201.0 time, 211.0 real, 150.6 MB
[runlim] sample:		210.8 time, 221.0 real, 153.2 MB
[runlim] sample:		219.9 time, 231.0 real, 157.3 MB
[runlim] sample:		229.9 time, 241.0 real, 159.1 MB
[runlim] sample:		239.9 time, 251.0 real, 160.9 MB
[runlim] sample:		249.9 time, 261.0 real, 163.5 MB
[runlim] sample:		259.9 time, 271.0 real, 167.4 MB
[runlim] sample:		269.9 time, 281.0 real, 169.5 MB
[runlim] sample:		279.9 time, 291.0 real, 171.3 MB
[runlim] sample:		289.9 time, 301.0 real, 173.1 MB
[runlim] sample:		299.9 time, 311.0 real, 175.2 MB
CVC4 interrupted by SIGTERM.
[runlim] end:			Tue Jan 29 16:54:38 2019
[runlim] status:		out of time
[runlim] result:		2
[runlim] children:		0
[runlim] real:			311.10 seconds
[runlim] time:			300.04 seconds
[runlim] space:			175.2 MB
[runlim] samples:		3101
