[runlim] version:		1.10fixed
[runlim] time limit:		300 seconds
[runlim] real time limit:	311040000 seconds
[runlim] space limit:		4000 MB
[runlim] argv[0]:		./cvc4
[runlim] argv[1]:		--nl-ext-tplanes
[runlim] argv[2]:		--cbqi-all
[runlim] argv[3]:		/tmp/TIJD7kZh.smt2
[runlim] start:			Tue Jan 29 16:49:58 2019
[runlim] main pid:		27508
[runlim] sample:		9.3 time, 10.6 real, 41.0 MB
[runlim] sample:		17.4 time, 20.6 real, 51.6 MB
[runlim] sample:		25.3 time, 30.6 real, 58.3 MB
[runlim] sample:		35.3 time, 40.6 real, 66.3 MB
[runlim] sample:		44.0 time, 50.6 real, 74.2 MB
[runlim] sample:		53.9 time, 60.6 real, 79.9 MB
[runlim] sample:		63.5 time, 70.6 real, 85.1 MB
[runlim] sample:		73.5 time, 80.6 real, 90.2 MB
[runlim] sample:		83.5 time, 90.6 real, 94.8 MB
[runlim] sample:		93.5 time, 100.6 real, 99.0 MB
[runlim] sample:		103.5 time, 110.6 real, 104.7 MB
[runlim] sample:		113.5 time, 120.6 real, 112.7 MB
[runlim] sample:		123.5 time, 130.6 real, 116.3 MB
[runlim] sample:		133.4 time, 140.6 real, 119.4 MB
[runlim] sample:		141.9 time, 150.6 real, 122.2 MB
[runlim] sample:		150.8 time, 160.6 real, 124.3 MB
[runlim] sample:		160.8 time, 170.6 real, 127.4 MB
[runlim] sample:		170.8 time, 180.6 real, 129.7 MB
[runlim] sample:		180.8 time, 190.6 real, 133.1 MB
[runlim] sample:		190.8 time, 200.6 real, 135.9 MB
[runlim] sample:		200.8 time, 210.6 real, 138.5 MB
[runlim] sample:		210.8 time, 220.6 real, 140.8 MB
[runlim] sample:		220.8 time, 230.6 real, 143.1 MB
[runlim] sample:		230.8 time, 240.6 real, 145.2 MB
[runlim] sample:		240.8 time, 250.6 real, 147.2 MB
[runlim] sample:		250.8 time, 260.6 real, 149.3 MB
[runlim] sample:		260.8 time, 270.6 real, 151.4 MB
[runlim] sample:		270.8 time, 280.6 real, 153.4 MB
[runlim] sample:		280.8 time, 290.6 real, 155.2 MB
[runlim] sample:		290.8 time, 300.6 real, 157.3 MB
CVC4 interrupted by SIGTERM.
[runlim] end:			Tue Jan 29 16:55:07 2019
[runlim] status:		out of time
[runlim] result:		2
[runlim] children:		0
[runlim] real:			309.89 seconds
[runlim] time:			300.09 seconds
[runlim] space:			158.8 MB
[runlim] samples:		3093
