[runlim] version:		1.10fixed
[runlim] time limit:		300 seconds
[runlim] real time limit:	311040000 seconds
[runlim] space limit:		4000 MB
[runlim] argv[0]:		./cvc4
[runlim] argv[1]:		--nl-ext-tplanes
[runlim] argv[2]:		--cbqi-all
[runlim] argv[3]:		/tmp/TjiAFpJz.smt2
[runlim] start:			Tue Feb  5 13:11:56 2019
[runlim] main pid:		26924
[runlim] sample:		9.3 time, 10.2 real, 51.1 MB
[runlim] sample:		19.3 time, 20.2 real, 64.8 MB
[runlim] sample:		29.3 time, 30.2 real, 72.8 MB
[runlim] sample:		39.3 time, 40.2 real, 80.5 MB
[runlim] sample:		49.3 time, 50.2 real, 86.7 MB
[runlim] sample:		59.0 time, 60.2 real, 91.8 MB
[runlim] sample:		67.8 time, 70.2 real, 97.2 MB
[runlim] sample:		77.6 time, 80.2 real, 102.3 MB
[runlim] sample:		87.5 time, 90.2 real, 109.2 MB
[runlim] sample:		97.5 time, 100.2 real, 113.3 MB
[runlim] sample:		107.5 time, 110.2 real, 116.7 MB
[runlim] sample:		117.5 time, 120.2 real, 119.8 MB
[runlim] sample:		127.5 time, 130.2 real, 122.6 MB
[runlim] sample:		137.6 time, 140.2 real, 125.2 MB
[runlim] sample:		147.6 time, 150.2 real, 128.0 MB
[runlim] sample:		157.6 time, 160.2 real, 131.4 MB
[runlim] sample:		167.6 time, 170.2 real, 133.9 MB
[runlim] sample:		177.6 time, 180.2 real, 137.5 MB
[runlim] sample:		187.6 time, 190.2 real, 139.9 MB
[runlim] sample:		197.6 time, 200.2 real, 142.4 MB
[runlim] sample:		207.5 time, 210.2 real, 144.5 MB
[runlim] sample:		217.6 time, 220.2 real, 146.8 MB
[runlim] sample:		227.6 time, 230.2 real, 149.4 MB
[runlim] sample:		237.6 time, 240.2 real, 151.2 MB
[runlim] sample:		247.6 time, 250.2 real, 154.8 MB
[runlim] sample:		257.6 time, 260.2 real, 157.1 MB
[runlim] sample:		267.6 time, 270.2 real, 158.4 MB
[runlim] sample:		277.6 time, 280.2 real, 161.0 MB
[runlim] sample:		287.5 time, 290.2 real, 162.3 MB
[runlim] sample:		297.5 time, 300.2 real, 164.1 MB
CVC4 interrupted by SIGTERM.
[runlim] end:			Tue Feb  5 13:16:58 2019
[runlim] status:		out of time
[runlim] result:		2
[runlim] children:		0
[runlim] real:			302.68 seconds
[runlim] time:			300.04 seconds
[runlim] space:			164.3 MB
[runlim] samples:		3025
