[runlim] version:		1.10fixed
[runlim] time limit:		300 seconds
[runlim] real time limit:	311040000 seconds
[runlim] space limit:		4000 MB
[runlim] argv[0]:		./cvc4
[runlim] argv[1]:		--nl-ext-tplanes
[runlim] argv[2]:		--cbqi-all
[runlim] argv[3]:		/tmp/6vfI94Hs.smt2
[runlim] start:			Tue Feb  5 13:12:08 2019
[runlim] main pid:		9650
[runlim] sample:		8.6 time, 10.0 real, 40.6 MB
[runlim] sample:		17.3 time, 20.0 real, 52.9 MB
[runlim] sample:		26.6 time, 30.0 real, 61.2 MB
[runlim] sample:		35.7 time, 40.0 real, 70.9 MB
[runlim] sample:		44.4 time, 50.0 real, 76.6 MB
[runlim] sample:		53.9 time, 60.0 real, 82.3 MB
[runlim] sample:		63.2 time, 70.0 real, 87.7 MB
[runlim] sample:		72.6 time, 80.0 real, 92.3 MB
[runlim] sample:		82.1 time, 90.0 real, 96.7 MB
[runlim] sample:		91.5 time, 100.0 real, 102.5 MB
[runlim] sample:		100.4 time, 110.0 real, 111.0 MB
[runlim] sample:		108.5 time, 120.0 real, 114.3 MB
[runlim] sample:		116.0 time, 130.0 real, 117.2 MB
[runlim] sample:		124.3 time, 140.0 real, 120.0 MB
[runlim] sample:		133.5 time, 150.0 real, 123.1 MB
[runlim] sample:		143.5 time, 160.0 real, 126.4 MB
[runlim] sample:		153.5 time, 170.0 real, 129.3 MB
[runlim] sample:		163.5 time, 180.0 real, 132.6 MB
[runlim] sample:		173.5 time, 190.0 real, 135.5 MB
[runlim] sample:		183.5 time, 200.0 real, 138.0 MB
[runlim] sample:		193.5 time, 210.0 real, 140.6 MB
[runlim] sample:		203.5 time, 220.0 real, 142.9 MB
[runlim] sample:		213.5 time, 230.0 real, 145.3 MB
[runlim] sample:		223.5 time, 240.0 real, 147.6 MB
[runlim] sample:		233.5 time, 250.0 real, 149.9 MB
[runlim] sample:		243.5 time, 260.0 real, 152.2 MB
[runlim] sample:		253.5 time, 270.0 real, 154.5 MB
[runlim] sample:		263.5 time, 280.0 real, 156.6 MB
[runlim] sample:		273.5 time, 290.0 real, 158.9 MB
[runlim] sample:		283.4 time, 300.0 real, 161.0 MB
[runlim] sample:		293.4 time, 310.0 real, 162.8 MB
[runlim] end:			Tue Feb  5 13:17:23 2019
[runlim] status:		signal(9)
[runlim] result:		11
[runlim] children:		0
[runlim] real:			315.14 seconds
[runlim] time:			298.55 seconds
[runlim] space:			163.8 MB
[runlim] samples:		3151
