[runlim] version:		1.10fixed
[runlim] time limit:		300 seconds
[runlim] real time limit:	311040000 seconds
[runlim] space limit:		4000 MB
[runlim] argv[0]:		./cvc4
[runlim] argv[1]:		--nl-ext-tplanes
[runlim] argv[2]:		--cbqi-all
[runlim] argv[3]:		/tmp/CGRHeJyT.smt2
[runlim] start:			Tue Feb  5 13:16:28 2019
[runlim] main pid:		25370
[runlim] sample:		8.7 time, 10.6 real, 46.9 MB
[runlim] sample:		18.7 time, 20.6 real, 67.8 MB
[runlim] sample:		28.7 time, 30.6 real, 86.4 MB
[runlim] sample:		38.7 time, 40.6 real, 101.4 MB
[runlim] sample:		48.7 time, 50.6 real, 115.9 MB
[runlim] sample:		58.7 time, 60.6 real, 129.6 MB
[runlim] sample:		68.7 time, 70.6 real, 143.8 MB
[runlim] sample:		78.7 time, 80.6 real, 159.5 MB
[runlim] sample:		88.7 time, 90.6 real, 170.5 MB
[runlim] sample:		98.7 time, 100.6 real, 183.1 MB
[runlim] sample:		108.7 time, 110.6 real, 194.9 MB
[runlim] sample:		118.7 time, 120.6 real, 205.8 MB
[runlim] sample:		128.7 time, 130.6 real, 218.1 MB
[runlim] sample:		138.7 time, 140.6 real, 230.8 MB
[runlim] sample:		148.7 time, 150.6 real, 249.0 MB
[runlim] sample:		158.7 time, 160.6 real, 250.5 MB
[runlim] sample:		168.7 time, 170.6 real, 261.6 MB
[runlim] sample:		178.7 time, 180.6 real, 271.7 MB
[runlim] sample:		188.7 time, 190.6 real, 281.5 MB
[runlim] sample:		198.7 time, 200.6 real, 292.8 MB
[runlim] sample:		208.7 time, 210.6 real, 301.6 MB
[runlim] sample:		218.7 time, 220.6 real, 312.4 MB
[runlim] sample:		228.7 time, 230.6 real, 320.2 MB
[runlim] sample:		238.7 time, 240.6 real, 333.0 MB
[runlim] sample:		248.7 time, 250.6 real, 346.7 MB
[runlim] sample:		258.7 time, 260.6 real, 355.0 MB
[runlim] sample:		268.7 time, 270.6 real, 363.2 MB
[runlim] sample:		278.7 time, 280.6 real, 396.0 MB
[runlim] sample:		288.7 time, 290.6 real, 397.3 MB
[runlim] sample:		298.7 time, 300.6 real, 398.8 MB
CVC4 interrupted by SIGTERM.
[runlim] end:			Tue Feb  5 13:21:30 2019
[runlim] status:		out of time
[runlim] result:		2
[runlim] children:		0
[runlim] real:			302.03 seconds
[runlim] time:			300.09 seconds
[runlim] space:			423.8 MB
[runlim] samples:		3014
