[runlim] version:		1.10fixed
[runlim] time limit:		300 seconds
[runlim] real time limit:	311040000 seconds
[runlim] space limit:		4000 MB
[runlim] argv[0]:		./cvc4
[runlim] argv[1]:		--nl-ext-tplanes
[runlim] argv[2]:		--cbqi-all
[runlim] argv[3]:		/tmp/fo1qwwS1.smt2
[runlim] start:			Tue Feb  5 10:13:17 2019
[runlim] main pid:		5450
[runlim] sample:		8.8 time, 10.2 real, 38.1 MB
[runlim] sample:		17.5 time, 20.2 real, 45.1 MB
[runlim] sample:		27.2 time, 30.2 real, 52.9 MB
[runlim] sample:		37.2 time, 40.2 real, 59.1 MB
[runlim] sample:		46.5 time, 50.2 real, 64.0 MB
[runlim] sample:		55.7 time, 60.2 real, 68.3 MB
[runlim] sample:		65.7 time, 70.2 real, 73.0 MB
[runlim] sample:		75.7 time, 80.2 real, 76.8 MB
[runlim] sample:		85.7 time, 90.2 real, 81.3 MB
[runlim] sample:		95.7 time, 100.2 real, 85.4 MB
[runlim] sample:		105.7 time, 110.2 real, 89.0 MB
[runlim] sample:		115.6 time, 120.2 real, 92.9 MB
[runlim] sample:		125.0 time, 130.2 real, 95.5 MB
[runlim] sample:		134.3 time, 140.2 real, 98.0 MB
[runlim] sample:		143.4 time, 150.2 real, 101.1 MB
[runlim] sample:		152.7 time, 160.2 real, 103.2 MB
[runlim] sample:		162.6 time, 170.2 real, 105.9 MB
[runlim] sample:		172.6 time, 180.2 real, 108.5 MB
[runlim] sample:		182.5 time, 190.2 real, 112.6 MB
[runlim] sample:		191.8 time, 200.2 real, 114.9 MB
[runlim] sample:		201.2 time, 210.2 real, 117.3 MB
[runlim] sample:		210.5 time, 220.2 real, 119.6 MB
[runlim] sample:		219.8 time, 230.2 real, 121.6 MB
[runlim] sample:		229.1 time, 240.2 real, 124.5 MB
[runlim] sample:		238.5 time, 250.2 real, 125.5 MB
[runlim] sample:		248.1 time, 260.2 real, 127.3 MB
[runlim] sample:		257.8 time, 270.2 real, 129.9 MB
[runlim] sample:		267.4 time, 280.2 real, 132.2 MB
[runlim] sample:		277.1 time, 290.2 real, 134.5 MB
[runlim] sample:		286.8 time, 300.2 real, 137.1 MB
[runlim] sample:		296.3 time, 310.2 real, 139.7 MB
[runlim] end:			Tue Feb  5 10:18:29 2019
[runlim] status:		signal(9)
[runlim] result:		11
[runlim] children:		0
[runlim] real:			312.79 seconds
[runlim] time:			298.67 seconds
[runlim] space:			139.7 MB
[runlim] samples:		3126
