[runlim] version:		1.10fixed
[runlim] time limit:		300 seconds
[runlim] real time limit:	311040000 seconds
[runlim] space limit:		4000 MB
[runlim] argv[0]:		./cvc4
[runlim] argv[1]:		--nl-ext-tplanes
[runlim] argv[2]:		--cbqi-all
[runlim] argv[3]:		/tmp/5IKYQM6e.smt2
[runlim] start:			Tue Feb  5 10:13:07 2019
[runlim] main pid:		5383
[runlim] sample:		9.5 time, 10.8 real, 38.4 MB
[runlim] sample:		19.1 time, 20.8 real, 44.1 MB
[runlim] sample:		28.2 time, 30.8 real, 49.2 MB
[runlim] sample:		38.1 time, 40.8 real, 54.1 MB
[runlim] sample:		48.1 time, 50.8 real, 58.8 MB
[runlim] sample:		58.1 time, 60.8 real, 62.4 MB
[runlim] sample:		68.0 time, 70.8 real, 66.0 MB
[runlim] sample:		77.4 time, 80.8 real, 69.3 MB
[runlim] sample:		86.5 time, 90.8 real, 72.9 MB
[runlim] sample:		96.5 time, 100.8 real, 75.5 MB
[runlim] sample:		105.7 time, 110.8 real, 78.1 MB
[runlim] sample:		113.7 time, 120.8 real, 80.2 MB
[runlim] sample:		122.9 time, 130.8 real, 82.7 MB
[runlim] sample:		132.2 time, 140.8 real, 85.3 MB
[runlim] sample:		142.1 time, 150.8 real, 87.6 MB
[runlim] sample:		152.1 time, 160.8 real, 91.0 MB
[runlim] sample:		162.1 time, 170.8 real, 93.0 MB
[runlim] sample:		171.4 time, 180.8 real, 95.1 MB
[runlim] sample:		180.8 time, 190.8 real, 97.4 MB
[runlim] sample:		190.2 time, 200.8 real, 99.0 MB
[runlim] sample:		200.2 time, 210.8 real, 101.3 MB
[runlim] sample:		210.2 time, 220.8 real, 104.9 MB
[runlim] sample:		220.2 time, 230.8 real, 106.7 MB
[runlim] sample:		230.2 time, 240.8 real, 108.8 MB
[runlim] sample:		240.2 time, 250.8 real, 110.3 MB
[runlim] sample:		250.2 time, 260.8 real, 112.1 MB
[runlim] sample:		260.2 time, 270.8 real, 116.5 MB
[runlim] sample:		270.2 time, 280.8 real, 118.6 MB
[runlim] sample:		279.6 time, 290.8 real, 120.1 MB
[runlim] sample:		289.3 time, 300.8 real, 121.9 MB
[runlim] sample:		299.3 time, 310.8 real, 123.2 MB
[runlim] end:			Tue Feb  5 10:18:18 2019
[runlim] status:		signal(9)
[runlim] result:		11
[runlim] children:		0
[runlim] real:			311.04 seconds
[runlim] time:			299.46 seconds
[runlim] space:			123.2 MB
[runlim] samples:		3102
