[runlim] version:		1.10fixed
[runlim] time limit:		300 seconds
[runlim] real time limit:	311040000 seconds
[runlim] space limit:		4000 MB
[runlim] argv[0]:		./cvc4
[runlim] argv[1]:		--nl-ext-tplanes
[runlim] argv[2]:		--cbqi-all
[runlim] argv[3]:		/tmp/0EMRP3Wk.smt2
[runlim] start:			Tue Feb  5 10:13:38 2019
[runlim] main pid:		26039
/tmp/0EMRP3Wk.smt2:4.12: No set-logic command was given before this point.
/tmp/0EMRP3Wk.smt2:4.12: CVC4 will make all theories available.
/tmp/0EMRP3Wk.smt2:4.12: Consider setting a stricter logic for (likely) better performance.
/tmp/0EMRP3Wk.smt2:4.12: To suppress this warning in the future use (set-logic ALL).
[runlim] sample:		8.7 time, 10.5 real, 84.6 MB
[runlim] sample:		18.7 time, 20.5 real, 109.0 MB
[runlim] sample:		28.7 time, 30.5 real, 129.0 MB
[runlim] sample:		38.6 time, 40.5 real, 142.4 MB
[runlim] sample:		48.1 time, 50.5 real, 152.4 MB
[runlim] sample:		58.1 time, 60.5 real, 161.4 MB
[runlim] sample:		67.3 time, 70.5 real, 169.4 MB
[runlim] sample:		75.6 time, 80.5 real, 174.3 MB
[runlim] sample:		84.7 time, 90.5 real, 180.7 MB
[runlim] sample:		93.5 time, 100.5 real, 186.1 MB
[runlim] sample:		103.4 time, 110.5 real, 192.6 MB
[runlim] sample:		113.4 time, 120.5 real, 198.2 MB
[runlim] sample:		123.4 time, 130.5 real, 203.1 MB
[runlim] sample:		133.4 time, 140.5 real, 208.3 MB
[runlim] sample:		143.4 time, 150.5 real, 215.2 MB
[runlim] sample:		153.4 time, 160.5 real, 219.9 MB
[runlim] sample:		162.8 time, 170.5 real, 223.2 MB
[runlim] sample:		172.5 time, 180.5 real, 229.9 MB
[runlim] sample:		181.8 time, 190.5 real, 236.1 MB
[runlim] sample:		191.8 time, 200.5 real, 239.9 MB
[runlim] sample:		201.8 time, 210.5 real, 246.0 MB
[runlim] sample:		211.8 time, 220.5 real, 250.1 MB
[runlim] sample:		221.3 time, 230.5 real, 253.7 MB
[runlim] sample:		230.3 time, 240.5 real, 257.0 MB
[runlim] sample:		239.8 time, 250.5 real, 262.4 MB
[runlim] sample:		249.2 time, 260.5 real, 265.3 MB
[runlim] sample:		259.2 time, 270.5 real, 268.9 MB
[runlim] sample:		269.2 time, 280.5 real, 272.0 MB
[runlim] sample:		279.2 time, 290.5 real, 275.8 MB
[runlim] sample:		289.2 time, 300.5 real, 278.7 MB
[runlim] sample:		299.2 time, 310.5 real, 281.2 MB
[runlim] end:			Tue Feb  5 10:18:49 2019
[runlim] status:		signal(9)
[runlim] result:		11
[runlim] children:		0
[runlim] real:			311.14 seconds
[runlim] time:			299.81 seconds
[runlim] space:			281.2 MB
[runlim] samples:		3106
