[runlim] version:		1.10fixed
[runlim] time limit:		300 seconds
[runlim] real time limit:	311040000 seconds
[runlim] space limit:		4000 MB
[runlim] argv[0]:		./cvc4
[runlim] argv[1]:		--nl-ext-tplanes
[runlim] argv[2]:		--cbqi-all
[runlim] argv[3]:		/tmp/7WqeRWkL.smt2
[runlim] start:			Tue Feb  5 13:13:18 2019
[runlim] main pid:		31197
[runlim] sample:		8.6 time, 10.7 real, 37.1 MB
[runlim] sample:		18.6 time, 20.7 real, 47.2 MB
[runlim] sample:		28.6 time, 30.7 real, 54.4 MB
[runlim] sample:		38.6 time, 40.7 real, 59.3 MB
[runlim] sample:		48.6 time, 50.7 real, 64.4 MB
[runlim] sample:		58.6 time, 60.7 real, 68.6 MB
[runlim] sample:		68.0 time, 70.7 real, 73.2 MB
[runlim] sample:		76.5 time, 80.7 real, 75.3 MB
[runlim] sample:		86.5 time, 90.7 real, 78.9 MB
[runlim] sample:		96.5 time, 100.7 real, 82.5 MB
[runlim] sample:		106.5 time, 110.7 real, 84.8 MB
[runlim] sample:		116.5 time, 120.7 real, 87.9 MB
[runlim] sample:		126.5 time, 130.7 real, 91.2 MB
[runlim] sample:		134.9 time, 140.7 real, 93.0 MB
[runlim] sample:		143.3 time, 150.7 real, 95.4 MB
[runlim] sample:		151.6 time, 160.7 real, 97.4 MB
[runlim] sample:		160.4 time, 170.7 real, 99.0 MB
[runlim] sample:		170.1 time, 180.7 real, 101.3 MB
[runlim] sample:		179.8 time, 190.7 real, 103.4 MB
[runlim] sample:		189.7 time, 200.7 real, 105.4 MB
[runlim] sample:		199.7 time, 210.7 real, 108.3 MB
[runlim] sample:		209.7 time, 220.7 real, 110.1 MB
[runlim] sample:		219.5 time, 230.7 real, 112.1 MB
[runlim] sample:		226.9 time, 240.7 real, 115.2 MB
[runlim] sample:		235.5 time, 250.7 real, 115.2 MB
[runlim] sample:		244.9 time, 260.7 real, 117.0 MB
[runlim] sample:		254.9 time, 270.7 real, 118.8 MB
[runlim] sample:		264.9 time, 280.7 real, 124.0 MB
[runlim] sample:		274.9 time, 290.7 real, 124.8 MB
[runlim] sample:		284.4 time, 300.7 real, 126.3 MB
[runlim] sample:		291.9 time, 310.7 real, 127.6 MB
[runlim] end:			Tue Feb  5 13:18:28 2019
[runlim] status:		signal(9)
[runlim] result:		11
[runlim] children:		0
[runlim] real:			310.77 seconds
[runlim] time:			291.90 seconds
[runlim] space:			127.6 MB
[runlim] samples:		3100
