[runlim] version:		1.10fixed
[runlim] time limit:		300 seconds
[runlim] real time limit:	311040000 seconds
[runlim] space limit:		4000 MB
[runlim] argv[0]:		./cvc4
[runlim] argv[1]:		--nl-ext-tplanes
[runlim] argv[2]:		--cbqi-all
[runlim] argv[3]:		/tmp/q21c3mP5.smt2
[runlim] start:			Tue Feb  5 10:11:19 2019
[runlim] main pid:		20666
[runlim] sample:		7.3 time, 10.3 real, 39.0 MB
[runlim] sample:		16.1 time, 20.3 real, 51.1 MB
[runlim] sample:		25.1 time, 30.3 real, 59.1 MB
[runlim] sample:		33.5 time, 40.3 real, 69.8 MB
[runlim] sample:		43.5 time, 50.3 real, 74.5 MB
[runlim] sample:		53.5 time, 60.3 real, 80.4 MB
[runlim] sample:		63.5 time, 70.3 real, 85.8 MB
[runlim] sample:		73.5 time, 80.3 real, 90.7 MB
[runlim] sample:		83.5 time, 90.3 real, 95.1 MB
[runlim] sample:		93.5 time, 100.3 real, 99.0 MB
[runlim] sample:		103.3 time, 110.3 real, 105.5 MB
[runlim] sample:		112.0 time, 120.3 real, 112.9 MB
[runlim] sample:		121.5 time, 130.3 real, 116.8 MB
[runlim] sample:		131.2 time, 140.3 real, 120.1 MB
[runlim] sample:		140.9 time, 150.3 real, 123.2 MB
[runlim] sample:		150.9 time, 160.3 real, 126.3 MB
[runlim] sample:		160.9 time, 170.3 real, 129.4 MB
[runlim] sample:		170.9 time, 180.3 real, 132.5 MB
[runlim] sample:		180.9 time, 190.3 real, 135.1 MB
[runlim] sample:		190.9 time, 200.3 real, 137.7 MB
[runlim] sample:		200.9 time, 210.3 real, 140.2 MB
[runlim] sample:		210.9 time, 220.3 real, 142.8 MB
[runlim] sample:		220.9 time, 230.3 real, 145.1 MB
[runlim] sample:		230.9 time, 240.3 real, 147.5 MB
[runlim] sample:		240.9 time, 250.3 real, 149.8 MB
[runlim] sample:		250.9 time, 260.3 real, 152.1 MB
[runlim] sample:		260.9 time, 270.3 real, 154.2 MB
[runlim] sample:		270.9 time, 280.3 real, 156.5 MB
[runlim] sample:		280.9 time, 290.3 real, 158.3 MB
[runlim] sample:		290.9 time, 300.3 real, 160.4 MB
[runlim] end:			Tue Feb  5 10:16:27 2019
[runlim] status:		signal(9)
[runlim] result:		11
[runlim] children:		0
[runlim] real:			308.82 seconds
[runlim] time:			299.39 seconds
[runlim] space:			161.9 MB
[runlim] samples:		3085
