[runlim] version:		1.10fixed
[runlim] time limit:		300 seconds
[runlim] real time limit:	311040000 seconds
[runlim] space limit:		4000 MB
[runlim] argv[0]:		./cvc4
[runlim] argv[1]:		--nl-ext-tplanes
[runlim] argv[2]:		--cbqi-all
[runlim] argv[3]:		/tmp/2GrdE0GE.smt2
[runlim] start:			Tue Feb  5 13:11:52 2019
[runlim] main pid:		13426
[runlim] sample:		9.6 time, 10.3 real, 52.3 MB
[runlim] sample:		19.3 time, 20.3 real, 65.9 MB
[runlim] sample:		29.3 time, 30.3 real, 74.7 MB
[runlim] sample:		39.3 time, 40.3 real, 82.7 MB
[runlim] sample:		49.3 time, 50.3 real, 89.7 MB
[runlim] sample:		59.3 time, 60.3 real, 95.8 MB
[runlim] sample:		69.3 time, 70.3 real, 102.0 MB
[runlim] sample:		79.3 time, 80.3 real, 109.5 MB
[runlim] sample:		89.3 time, 90.3 real, 113.6 MB
[runlim] sample:		99.3 time, 100.3 real, 117.8 MB
[runlim] sample:		109.3 time, 110.3 real, 120.9 MB
[runlim] sample:		119.3 time, 120.3 real, 123.9 MB
[runlim] sample:		129.2 time, 130.3 real, 127.3 MB
[runlim] sample:		139.2 time, 140.3 real, 130.4 MB
[runlim] sample:		149.2 time, 150.3 real, 134.3 MB
[runlim] sample:		159.2 time, 160.3 real, 137.6 MB
[runlim] sample:		169.3 time, 170.3 real, 140.2 MB
[runlim] sample:		179.2 time, 180.3 real, 143.0 MB
[runlim] sample:		189.2 time, 190.3 real, 145.6 MB
[runlim] sample:		199.2 time, 200.3 real, 147.9 MB
[runlim] sample:		209.2 time, 210.3 real, 150.5 MB
[runlim] sample:		219.2 time, 220.3 real, 153.8 MB
[runlim] sample:		229.2 time, 230.3 real, 157.2 MB
[runlim] sample:		239.2 time, 240.3 real, 159.0 MB
[runlim] sample:		249.2 time, 250.3 real, 161.3 MB
[runlim] sample:		259.2 time, 260.3 real, 163.4 MB
[runlim] sample:		269.2 time, 270.3 real, 165.2 MB
[runlim] sample:		279.2 time, 280.3 real, 166.7 MB
[runlim] sample:		289.2 time, 290.3 real, 170.7 MB
[runlim] sample:		299.2 time, 300.3 real, 172.5 MB
CVC4 interrupted by SIGTERM.
[runlim] end:			Tue Feb  5 13:16:53 2019
[runlim] status:		out of time
[runlim] result:		2
[runlim] children:		0
[runlim] real:			301.10 seconds
[runlim] time:			300.03 seconds
[runlim] space:			172.8 MB
[runlim] samples:		3008
