[runlim] version:		1.10fixed
[runlim] time limit:		300 seconds
[runlim] real time limit:	311040000 seconds
[runlim] space limit:		4000 MB
[runlim] argv[0]:		./cvc4
[runlim] argv[1]:		--nl-ext-tplanes
[runlim] argv[2]:		--cbqi-all
[runlim] argv[3]:		/tmp/rZTKIAx7.smt2
[runlim] start:			Tue Feb  5 10:13:25 2019
[runlim] main pid:		30270
[runlim] sample:		9.2 time, 10.0 real, 47.9 MB
[runlim] sample:		17.2 time, 20.0 real, 64.3 MB
[runlim] sample:		26.3 time, 30.0 real, 81.0 MB
[runlim] sample:		36.0 time, 40.0 real, 96.5 MB
[runlim] sample:		45.1 time, 50.0 real, 110.2 MB
[runlim] sample:		54.5 time, 60.0 real, 122.9 MB
[runlim] sample:		63.9 time, 70.0 real, 135.5 MB
[runlim] sample:		73.6 time, 80.0 real, 151.1 MB
[runlim] sample:		83.4 time, 90.0 real, 164.0 MB
[runlim] sample:		92.8 time, 100.0 real, 175.1 MB
[runlim] sample:		102.5 time, 110.0 real, 186.2 MB
[runlim] sample:		112.5 time, 120.0 real, 198.1 MB
[runlim] sample:		122.5 time, 130.0 real, 209.7 MB
[runlim] sample:		132.1 time, 140.0 real, 220.5 MB
[runlim] sample:		141.3 time, 150.0 real, 230.8 MB
[runlim] sample:		150.1 time, 160.0 real, 240.1 MB
[runlim] sample:		160.1 time, 170.0 real, 254.1 MB
[runlim] sample:		170.1 time, 180.0 real, 260.9 MB
[runlim] sample:		180.1 time, 190.0 real, 271.4 MB
[runlim] sample:		190.1 time, 200.0 real, 280.2 MB
[runlim] sample:		200.1 time, 210.0 real, 291.3 MB
[runlim] sample:		210.1 time, 220.0 real, 299.5 MB
[runlim] sample:		220.1 time, 230.0 real, 310.1 MB
[runlim] sample:		230.1 time, 240.0 real, 321.7 MB
[runlim] sample:		240.1 time, 250.0 real, 333.1 MB
[runlim] sample:		249.9 time, 260.0 real, 344.4 MB
[runlim] sample:		259.8 time, 270.0 real, 352.4 MB
[runlim] sample:		269.8 time, 280.0 real, 360.9 MB
[runlim] sample:		279.8 time, 290.0 real, 369.1 MB
[runlim] sample:		289.8 time, 300.0 real, 400.7 MB
[runlim] sample:		299.8 time, 310.0 real, 402.3 MB
CVC4 interrupted by SIGTERM.
[runlim] end:			Tue Feb  5 10:18:35 2019
[runlim] status:		out of time
[runlim] result:		2
[runlim] children:		0
[runlim] real:			310.36 seconds
[runlim] time:			300.05 seconds
[runlim] space:			424.8 MB
[runlim] samples:		3103
