[runlim] version:		1.10fixed
[runlim] time limit:		300 seconds
[runlim] real time limit:	311040000 seconds
[runlim] space limit:		4000 MB
[runlim] argv[0]:		./cvc4
[runlim] argv[1]:		--nl-ext-tplanes
[runlim] argv[2]:		--cbqi-all
[runlim] argv[3]:		/tmp/PjJD6wj7.smt2
[runlim] start:			Tue Feb  5 10:13:10 2019
[runlim] main pid:		22739
[runlim] sample:		7.8 time, 10.6 real, 37.3 MB
[runlim] sample:		17.1 time, 20.6 real, 44.7 MB
[runlim] sample:		25.6 time, 30.6 real, 51.5 MB
[runlim] sample:		34.0 time, 40.6 real, 56.7 MB
[runlim] sample:		42.6 time, 50.6 real, 61.3 MB
[runlim] sample:		51.6 time, 60.6 real, 66.0 MB
[runlim] sample:		60.8 time, 70.6 real, 69.8 MB
[runlim] sample:		70.5 time, 80.6 real, 74.0 MB
[runlim] sample:		80.4 time, 90.6 real, 77.7 MB
[runlim] sample:		90.1 time, 100.6 real, 81.7 MB
[runlim] sample:		100.1 time, 110.6 real, 86.2 MB
[runlim] sample:		110.1 time, 120.6 real, 89.8 MB
[runlim] sample:		120.1 time, 130.6 real, 92.9 MB
[runlim] sample:		130.1 time, 140.6 real, 96.3 MB
[runlim] sample:		140.1 time, 150.6 real, 98.9 MB
[runlim] sample:		150.1 time, 160.6 real, 102.2 MB
[runlim] sample:		160.1 time, 170.6 real, 104.5 MB
[runlim] sample:		170.1 time, 180.6 real, 107.2 MB
[runlim] sample:		180.1 time, 190.6 real, 110.8 MB
[runlim] sample:		190.1 time, 200.6 real, 113.1 MB
[runlim] sample:		200.1 time, 210.6 real, 116.2 MB
[runlim] sample:		210.1 time, 220.6 real, 118.3 MB
[runlim] sample:		220.0 time, 230.6 real, 120.6 MB
[runlim] sample:		230.0 time, 240.6 real, 122.9 MB
[runlim] sample:		240.0 time, 250.6 real, 125.5 MB
[runlim] sample:		250.0 time, 260.6 real, 127.8 MB
[runlim] sample:		260.0 time, 270.6 real, 130.1 MB
[runlim] sample:		270.0 time, 280.6 real, 132.5 MB
[runlim] sample:		280.0 time, 290.6 real, 133.8 MB
[runlim] sample:		290.0 time, 300.6 real, 136.1 MB
[runlim] sample:		300.0 time, 310.6 real, 138.4 MB
CVC4 interrupted by SIGTERM.
[runlim] end:			Tue Feb  5 10:18:20 2019
[runlim] status:		out of time
[runlim] result:		2
[runlim] children:		0
[runlim] real:			310.66 seconds
[runlim] time:			300.02 seconds
[runlim] space:			138.4 MB
[runlim] samples:		3100
