[runlim] version:		1.10fixed
[runlim] time limit:		300 seconds
[runlim] real time limit:	311040000 seconds
[runlim] space limit:		4000 MB
[runlim] argv[0]:		./cvc4
[runlim] argv[1]:		--nl-ext-tplanes
[runlim] argv[2]:		--cbqi-all
[runlim] argv[3]:		/tmp/AVGi1XGj.smt2
[runlim] start:			Tue Feb  5 10:08:24 2019
[runlim] main pid:		21820
[runlim] sample:		8.3 time, 10.6 real, 50.6 MB
[runlim] sample:		16.6 time, 20.6 real, 62.8 MB
[runlim] sample:		26.5 time, 30.6 real, 73.0 MB
[runlim] sample:		36.5 time, 40.6 real, 81.5 MB
[runlim] sample:		46.5 time, 50.6 real, 88.7 MB
[runlim] sample:		56.5 time, 60.6 real, 95.2 MB
[runlim] sample:		66.4 time, 70.6 real, 101.2 MB
[runlim] sample:		76.5 time, 80.6 real, 108.9 MB
[runlim] sample:		86.4 time, 90.6 real, 113.2 MB
[runlim] sample:		96.4 time, 100.6 real, 117.1 MB
[runlim] sample:		106.4 time, 110.6 real, 120.5 MB
[runlim] sample:		116.4 time, 120.6 real, 123.8 MB
[runlim] sample:		126.4 time, 130.6 real, 126.6 MB
[runlim] sample:		135.8 time, 140.6 real, 129.5 MB
[runlim] sample:		144.9 time, 150.6 real, 132.8 MB
[runlim] sample:		154.1 time, 160.6 real, 135.7 MB
[runlim] sample:		161.9 time, 170.6 real, 138.2 MB
[runlim] sample:		170.3 time, 180.6 real, 140.6 MB
[runlim] sample:		178.3 time, 190.6 real, 143.1 MB
[runlim] sample:		186.2 time, 200.6 real, 145.2 MB
[runlim] sample:		195.3 time, 210.6 real, 147.3 MB
[runlim] sample:		205.3 time, 220.6 real, 149.6 MB
[runlim] sample:		213.5 time, 230.6 real, 151.9 MB
[runlim] sample:		220.4 time, 240.6 real, 155.2 MB
[runlim] sample:		228.7 time, 250.6 real, 157.3 MB
[runlim] sample:		238.7 time, 260.6 real, 158.9 MB
[runlim] sample:		248.7 time, 270.6 real, 161.4 MB
[runlim] sample:		258.7 time, 280.6 real, 163.5 MB
[runlim] sample:		268.1 time, 290.6 real, 165.0 MB
[runlim] sample:		278.0 time, 300.6 real, 169.1 MB
[runlim] sample:		286.9 time, 310.6 real, 170.4 MB
[runlim] sample:		295.0 time, 320.6 real, 171.9 MB
CVC4 interrupted by SIGTERM.
[runlim] end:			Tue Feb  5 10:13:50 2019
[runlim] status:		out of time
[runlim] result:		2
[runlim] children:		0
[runlim] real:			326.70 seconds
[runlim] time:			300.03 seconds
[runlim] space:			173.0 MB
[runlim] samples:		3261
