[runlim] version:		1.10fixed
[runlim] time limit:		300 seconds
[runlim] real time limit:	311040000 seconds
[runlim] space limit:		4000 MB
[runlim] argv[0]:		./cvc4
[runlim] argv[1]:		--nl-ext-tplanes
[runlim] argv[2]:		--cbqi-all
[runlim] argv[3]:		/tmp/IfBfBaIM.smt2
[runlim] start:			Tue Feb  5 10:12:58 2019
[runlim] main pid:		28212
[runlim] sample:		8.5 time, 10.4 real, 41.2 MB
[runlim] sample:		18.1 time, 20.4 real, 54.8 MB
[runlim] sample:		28.1 time, 30.4 real, 66.8 MB
[runlim] sample:		38.1 time, 40.4 real, 74.2 MB
[runlim] sample:		48.1 time, 50.4 real, 80.7 MB
[runlim] sample:		58.1 time, 60.4 real, 86.4 MB
[runlim] sample:		68.1 time, 70.4 real, 91.8 MB
[runlim] sample:		78.1 time, 80.4 real, 97.2 MB
[runlim] sample:		88.1 time, 90.4 real, 103.5 MB
[runlim] sample:		98.1 time, 100.4 real, 111.9 MB
[runlim] sample:		108.1 time, 110.4 real, 116.0 MB
[runlim] sample:		118.1 time, 120.4 real, 119.7 MB
[runlim] sample:		128.1 time, 130.4 real, 123.5 MB
[runlim] sample:		138.1 time, 140.4 real, 126.4 MB
[runlim] sample:		148.1 time, 150.4 real, 129.4 MB
[runlim] sample:		158.1 time, 160.4 real, 132.8 MB
[runlim] sample:		168.1 time, 170.4 real, 135.9 MB
[runlim] sample:		178.1 time, 180.4 real, 139.0 MB
[runlim] sample:		188.1 time, 190.4 real, 141.8 MB
[runlim] sample:		198.1 time, 200.4 real, 144.4 MB
[runlim] sample:		208.1 time, 210.4 real, 146.7 MB
[runlim] sample:		218.1 time, 220.4 real, 149.3 MB
[runlim] sample:		228.1 time, 230.4 real, 151.4 MB
[runlim] sample:		238.1 time, 240.4 real, 153.9 MB
[runlim] sample:		248.0 time, 250.4 real, 156.2 MB
[runlim] sample:		258.0 time, 260.4 real, 158.3 MB
[runlim] sample:		268.0 time, 270.4 real, 160.4 MB
[runlim] sample:		278.0 time, 280.4 real, 162.2 MB
[runlim] sample:		288.0 time, 290.4 real, 164.2 MB
[runlim] sample:		298.0 time, 300.4 real, 166.0 MB
CVC4 interrupted by SIGTERM.
[runlim] end:			Tue Feb  5 10:18:00 2019
[runlim] status:		out of time
[runlim] result:		2
[runlim] children:		0
[runlim] real:			302.43 seconds
[runlim] time:			300.03 seconds
[runlim] space:			166.6 MB
[runlim] samples:		3020
