[runlim] version:		1.10fixed
[runlim] time limit:		300 seconds
[runlim] real time limit:	311040000 seconds
[runlim] space limit:		4000 MB
[runlim] argv[0]:		./cvc4
[runlim] argv[1]:		--nl-ext-tplanes
[runlim] argv[2]:		--cbqi-all
[runlim] argv[3]:		/tmp/JuOjw8RT.smt2
[runlim] start:			Tue Feb  5 10:13:46 2019
[runlim] main pid:		21090
/tmp/JuOjw8RT.smt2:4.12: No set-logic command was given before this point.
/tmp/JuOjw8RT.smt2:4.12: CVC4 will make all theories available.
/tmp/JuOjw8RT.smt2:4.12: Consider setting a stricter logic for (likely) better performance.
/tmp/JuOjw8RT.smt2:4.12: To suppress this warning in the future use (set-logic ALL).
[runlim] sample:		9.1 time, 10.8 real, 86.9 MB
[runlim] sample:		19.1 time, 20.8 real, 109.8 MB
[runlim] sample:		27.6 time, 30.8 real, 127.0 MB
[runlim] sample:		35.7 time, 40.8 real, 139.2 MB
[runlim] sample:		44.3 time, 50.8 real, 150.0 MB
[runlim] sample:		53.0 time, 60.8 real, 158.5 MB
[runlim] sample:		61.0 time, 70.8 real, 165.7 MB
[runlim] sample:		70.2 time, 80.8 real, 172.9 MB
[runlim] sample:		79.1 time, 90.8 real, 178.8 MB
[runlim] sample:		88.8 time, 100.8 real, 185.0 MB
[runlim] sample:		98.2 time, 110.8 real, 191.5 MB
[runlim] sample:		107.8 time, 120.8 real, 197.4 MB
[runlim] sample:		116.1 time, 130.8 real, 201.0 MB
[runlim] sample:		126.1 time, 140.8 real, 206.7 MB
[runlim] sample:		134.9 time, 150.8 real, 212.6 MB
[runlim] sample:		144.3 time, 160.8 real, 217.4 MB
[runlim] sample:		154.1 time, 170.8 real, 222.5 MB
[runlim] sample:		164.1 time, 180.8 real, 231.4 MB
[runlim] sample:		173.9 time, 190.8 real, 235.5 MB
[runlim] sample:		183.9 time, 200.8 real, 242.2 MB
[runlim] sample:		193.6 time, 210.8 real, 246.0 MB
[runlim] sample:		201.4 time, 220.8 real, 248.9 MB
[runlim] sample:		209.5 time, 230.8 real, 253.1 MB
[runlim] sample:		218.6 time, 240.8 real, 257.7 MB
[runlim] sample:		227.6 time, 250.8 real, 260.8 MB
[runlim] sample:		237.6 time, 260.8 real, 263.9 MB
[runlim] sample:		246.8 time, 270.8 real, 268.3 MB
[runlim] sample:		255.7 time, 280.8 real, 272.1 MB
[runlim] sample:		265.7 time, 290.8 real, 275.8 MB
[runlim] sample:		275.6 time, 300.8 real, 278.3 MB
[runlim] sample:		285.6 time, 310.8 real, 281.2 MB
[runlim] sample:		295.6 time, 320.8 real, 284.8 MB
[runlim] end:			Tue Feb  5 10:19:10 2019
[runlim] status:		signal(9)
[runlim] result:		11
[runlim] children:		0
[runlim] real:			324.33 seconds
[runlim] time:			299.14 seconds
[runlim] space:			286.3 MB
[runlim] samples:		3235
