[runlim] version:		1.10fixed
[runlim] time limit:		300 seconds
[runlim] real time limit:	311040000 seconds
[runlim] space limit:		4000 MB
[runlim] argv[0]:		./cvc4
[runlim] argv[1]:		--nl-ext-tplanes
[runlim] argv[2]:		--cbqi-all
[runlim] argv[3]:		/tmp/mebaKH76.smt2
[runlim] start:			Tue Jan 29 16:51:08 2019
[runlim] main pid:		16413
[runlim] sample:		9.1 time, 10.8 real, 38.2 MB
[runlim] sample:		18.2 time, 20.8 real, 43.1 MB
[runlim] sample:		28.0 time, 30.8 real, 46.8 MB
[runlim] sample:		37.2 time, 40.8 real, 50.6 MB
[runlim] sample:		47.2 time, 50.8 real, 54.2 MB
[runlim] sample:		57.2 time, 60.8 real, 55.8 MB
[runlim] sample:		67.2 time, 70.8 real, 59.1 MB
[runlim] sample:		77.2 time, 80.8 real, 60.9 MB
[runlim] sample:		87.2 time, 90.8 real, 63.7 MB
[runlim] sample:		97.2 time, 100.8 real, 65.8 MB
[runlim] sample:		107.2 time, 110.8 real, 66.8 MB
[runlim] sample:		117.2 time, 120.8 real, 67.3 MB
[runlim] sample:		127.2 time, 130.8 real, 70.9 MB
[runlim] sample:		135.4 time, 140.8 real, 72.2 MB
[runlim] sample:		144.1 time, 150.8 real, 72.7 MB
[runlim] sample:		154.1 time, 160.8 real, 73.5 MB
[runlim] sample:		164.1 time, 170.8 real, 74.8 MB
[runlim] sample:		172.9 time, 180.8 real, 77.9 MB
[runlim] sample:		182.6 time, 190.8 real, 79.7 MB
[runlim] sample:		192.6 time, 200.8 real, 80.7 MB
[runlim] sample:		202.6 time, 210.8 real, 81.2 MB
[runlim] sample:		212.5 time, 220.8 real, 81.5 MB
[runlim] sample:		222.2 time, 230.8 real, 82.0 MB
[runlim] sample:		231.8 time, 240.8 real, 84.1 MB
[runlim] sample:		241.5 time, 250.8 real, 85.9 MB
[runlim] sample:		251.1 time, 260.8 real, 88.2 MB
[runlim] sample:		260.8 time, 270.8 real, 89.0 MB
[runlim] sample:		270.4 time, 280.8 real, 89.5 MB
[runlim] sample:		280.1 time, 290.8 real, 90.3 MB
[runlim] sample:		288.6 time, 300.8 real, 90.3 MB
[runlim] sample:		298.1 time, 310.8 real, 90.5 MB
CVC4 interrupted by SIGTERM.
[runlim] end:			Tue Jan 29 16:56:20 2019
[runlim] status:		out of time
[runlim] result:		2
[runlim] children:		0
[runlim] real:			312.78 seconds
[runlim] time:			300.09 seconds
[runlim] space:			90.5 MB
[runlim] samples:		3120
