[runlim] version:		1.10fixed
[runlim] time limit:		300 seconds
[runlim] real time limit:	311040000 seconds
[runlim] space limit:		4000 MB
[runlim] argv[0]:		./cvc4
[runlim] argv[1]:		--nl-ext-tplanes
[runlim] argv[2]:		--cbqi-all
[runlim] argv[3]:		/tmp/9kB0HD2w.smt2
[runlim] start:			Tue Feb  5 10:13:36 2019
[runlim] main pid:		30625
/tmp/9kB0HD2w.smt2:4.12: No set-logic command was given before this point.
/tmp/9kB0HD2w.smt2:4.12: CVC4 will make all theories available.
/tmp/9kB0HD2w.smt2:4.12: Consider setting a stricter logic for (likely) better performance.
/tmp/9kB0HD2w.smt2:4.12: To suppress this warning in the future use (set-logic ALL).
[runlim] sample:		8.3 time, 10.0 real, 80.6 MB
[runlim] sample:		18.1 time, 20.0 real, 101.2 MB
[runlim] sample:		27.3 time, 30.0 real, 114.6 MB
[runlim] sample:		36.3 time, 40.0 real, 128.3 MB
[runlim] sample:		46.3 time, 50.0 real, 140.1 MB
[runlim] sample:		56.3 time, 60.0 real, 148.1 MB
[runlim] sample:		66.0 time, 70.0 real, 155.0 MB
[runlim] sample:		75.6 time, 80.0 real, 160.9 MB
[runlim] sample:		85.3 time, 90.0 real, 167.5 MB
[runlim] sample:		95.0 time, 100.0 real, 173.4 MB
[runlim] sample:		104.7 time, 110.0 real, 178.1 MB
[runlim] sample:		114.4 time, 120.0 real, 182.7 MB
[runlim] sample:		124.0 time, 130.0 real, 187.1 MB
[runlim] sample:		132.4 time, 140.0 real, 191.9 MB
[runlim] sample:		140.7 time, 150.0 real, 195.0 MB
[runlim] sample:		149.1 time, 160.0 real, 198.6 MB
[runlim] sample:		157.4 time, 170.0 real, 203.1 MB
[runlim] sample:		166.2 time, 180.0 real, 206.5 MB
[runlim] sample:		176.2 time, 190.0 real, 209.6 MB
[runlim] sample:		186.2 time, 200.0 real, 214.2 MB
[runlim] sample:		196.2 time, 210.0 real, 217.8 MB
[runlim] sample:		206.2 time, 220.0 real, 220.6 MB
[runlim] sample:		216.2 time, 230.0 real, 225.5 MB
[runlim] sample:		226.2 time, 240.0 real, 231.6 MB
[runlim] sample:		236.2 time, 250.0 real, 232.1 MB
[runlim] sample:		246.2 time, 260.0 real, 237.6 MB
[runlim] sample:		255.4 time, 270.0 real, 240.4 MB
[runlim] sample:		265.0 time, 280.0 real, 243.5 MB
[runlim] sample:		274.8 time, 290.0 real, 249.1 MB
[runlim] sample:		284.3 time, 300.0 real, 251.7 MB
[runlim] sample:		294.0 time, 310.0 real, 253.2 MB
[runlim] end:			Tue Feb  5 10:18:49 2019
[runlim] status:		signal(9)
[runlim] result:		11
[runlim] children:		0
[runlim] real:			313.02 seconds
[runlim] time:			296.81 seconds
[runlim] space:			254.7 MB
[runlim] samples:		3129
