[runlim] version:		1.10fixed
[runlim] time limit:		300 seconds
[runlim] real time limit:	311040000 seconds
[runlim] space limit:		4000 MB
[runlim] argv[0]:		./cvc4
[runlim] argv[1]:		--nl-ext-tplanes
[runlim] argv[2]:		--cbqi-all
[runlim] argv[3]:		/tmp/P5sYcwWH.smt2
[runlim] start:			Tue Feb  5 10:13:09 2019
[runlim] main pid:		12933
[runlim] sample:		7.9 time, 10.1 real, 40.2 MB
[runlim] sample:		16.4 time, 20.1 real, 51.8 MB
[runlim] sample:		24.8 time, 30.1 real, 59.5 MB
[runlim] sample:		33.8 time, 40.1 real, 69.3 MB
[runlim] sample:		42.7 time, 50.1 real, 75.5 MB
[runlim] sample:		52.7 time, 60.1 real, 81.4 MB
[runlim] sample:		61.9 time, 70.1 real, 86.8 MB
[runlim] sample:		71.2 time, 80.1 real, 91.4 MB
[runlim] sample:		79.5 time, 90.1 real, 95.6 MB
[runlim] sample:		88.3 time, 100.1 real, 99.4 MB
[runlim] sample:		98.2 time, 110.1 real, 105.5 MB
[runlim] sample:		105.9 time, 120.1 real, 112.5 MB
[runlim] sample:		114.2 time, 130.1 real, 115.8 MB
[runlim] sample:		123.7 time, 140.1 real, 119.4 MB
[runlim] sample:		132.2 time, 150.1 real, 122.3 MB
[runlim] sample:		140.2 time, 160.1 real, 124.9 MB
[runlim] sample:		148.9 time, 170.1 real, 127.2 MB
[runlim] sample:		157.6 time, 180.1 real, 130.0 MB
[runlim] sample:		166.8 time, 190.1 real, 133.1 MB
[runlim] sample:		176.2 time, 200.1 real, 135.9 MB
[runlim] sample:		185.5 time, 210.1 real, 138.5 MB
[runlim] sample:		194.8 time, 220.1 real, 141.1 MB
[runlim] sample:		204.0 time, 230.1 real, 143.4 MB
[runlim] sample:		213.0 time, 240.1 real, 145.5 MB
[runlim] sample:		222.0 time, 250.1 real, 147.5 MB
[runlim] sample:		231.0 time, 260.1 real, 149.9 MB
[runlim] sample:		240.1 time, 270.1 real, 151.9 MB
[runlim] sample:		249.9 time, 280.1 real, 154.0 MB
[runlim] sample:		259.6 time, 290.1 real, 155.8 MB
[runlim] sample:		268.8 time, 300.1 real, 157.8 MB
[runlim] sample:		277.4 time, 310.1 real, 159.4 MB
[runlim] sample:		286.1 time, 320.1 real, 161.2 MB
[runlim] end:			Tue Feb  5 10:18:38 2019
[runlim] status:		signal(9)
[runlim] result:		11
[runlim] children:		0
[runlim] real:			329.61 seconds
[runlim] time:			294.84 seconds
[runlim] space:			163.0 MB
[runlim] samples:		3294
