[runlim] version:		1.10fixed
[runlim] time limit:		300 seconds
[runlim] real time limit:	311040000 seconds
[runlim] space limit:		4000 MB
[runlim] argv[0]:		./cvc4
[runlim] argv[1]:		--nl-ext-tplanes
[runlim] argv[2]:		--cbqi-all
[runlim] argv[3]:		/tmp/ArtKDgk5.smt2
[runlim] start:			Tue Feb  5 10:12:47 2019
[runlim] main pid:		28647
[runlim] sample:		9.8 time, 10.4 real, 43.1 MB
[runlim] sample:		19.1 time, 20.4 real, 54.9 MB
[runlim] sample:		28.5 time, 30.4 real, 63.9 MB
[runlim] sample:		38.5 time, 40.4 real, 73.4 MB
[runlim] sample:		48.5 time, 50.4 real, 79.3 MB
[runlim] sample:		58.5 time, 60.4 real, 85.0 MB
[runlim] sample:		68.5 time, 70.4 real, 90.6 MB
[runlim] sample:		78.5 time, 80.4 real, 95.5 MB
[runlim] sample:		88.5 time, 90.4 real, 99.6 MB
[runlim] sample:		98.5 time, 100.4 real, 110.3 MB
[runlim] sample:		108.5 time, 110.4 real, 114.2 MB
[runlim] sample:		118.5 time, 120.4 real, 117.8 MB
[runlim] sample:		128.5 time, 130.4 real, 121.6 MB
[runlim] sample:		138.5 time, 140.4 real, 124.7 MB
[runlim] sample:		148.5 time, 150.4 real, 128.1 MB
[runlim] sample:		158.5 time, 160.4 real, 131.2 MB
[runlim] sample:		168.5 time, 170.4 real, 133.8 MB
[runlim] sample:		178.5 time, 180.4 real, 136.6 MB
[runlim] sample:		188.5 time, 190.4 real, 139.4 MB
[runlim] sample:		198.5 time, 200.4 real, 141.7 MB
[runlim] sample:		208.5 time, 210.4 real, 144.1 MB
[runlim] sample:		218.5 time, 220.4 real, 146.6 MB
[runlim] sample:		228.5 time, 230.4 real, 149.0 MB
[runlim] sample:		238.5 time, 240.4 real, 151.3 MB
[runlim] sample:		248.5 time, 250.4 real, 153.6 MB
[runlim] sample:		258.5 time, 260.4 real, 155.7 MB
[runlim] sample:		268.5 time, 270.4 real, 157.7 MB
[runlim] sample:		278.5 time, 280.4 real, 159.8 MB
[runlim] sample:		288.5 time, 290.4 real, 161.8 MB
[runlim] sample:		298.5 time, 300.4 real, 163.7 MB
CVC4 interrupted by SIGTERM.
[runlim] end:			Tue Feb  5 10:17:48 2019
[runlim] status:		out of time
[runlim] result:		2
[runlim] children:		0
[runlim] real:			301.98 seconds
[runlim] time:			300.09 seconds
[runlim] space:			163.9 MB
[runlim] samples:		3016
