[runlim] version:		1.10fixed
[runlim] time limit:		300 seconds
[runlim] real time limit:	311040000 seconds
[runlim] space limit:		4000 MB
[runlim] argv[0]:		./cvc4
[runlim] argv[1]:		--nl-ext-tplanes
[runlim] argv[2]:		--cbqi-all
[runlim] argv[3]:		/tmp/SQyGkcEE.smt2
[runlim] start:			Tue Feb  5 10:08:18 2019
[runlim] main pid:		4681
[runlim] sample:		9.4 time, 10.8 real, 52.9 MB
[runlim] sample:		18.5 time, 20.8 real, 59.6 MB
[runlim] sample:		26.1 time, 30.8 real, 65.0 MB
[runlim] sample:		33.9 time, 40.8 real, 71.2 MB
[runlim] sample:		43.8 time, 50.8 real, 79.0 MB
[runlim] sample:		53.4 time, 60.8 real, 86.7 MB
[runlim] sample:		62.8 time, 70.8 real, 93.4 MB
[runlim] sample:		71.4 time, 80.8 real, 99.8 MB
[runlim] sample:		81.4 time, 90.8 real, 107.5 MB
[runlim] sample:		91.4 time, 100.8 real, 115.0 MB
[runlim] sample:		100.5 time, 110.8 real, 122.8 MB
[runlim] sample:		110.0 time, 120.8 real, 130.3 MB
[runlim] sample:		119.6 time, 130.8 real, 138.2 MB
[runlim] sample:		128.4 time, 140.8 real, 145.7 MB
[runlim] sample:		138.0 time, 150.8 real, 152.9 MB
[runlim] sample:		146.6 time, 160.8 real, 159.9 MB
[runlim] sample:		155.4 time, 170.8 real, 166.3 MB
[runlim] sample:		163.7 time, 180.8 real, 173.6 MB
[runlim] sample:		172.6 time, 190.8 real, 180.1 MB
[runlim] sample:		181.5 time, 200.8 real, 186.5 MB
[runlim] sample:		191.2 time, 210.8 real, 193.5 MB
[runlim] sample:		201.1 time, 220.8 real, 200.7 MB
[runlim] sample:		211.1 time, 230.8 real, 207.7 MB
[runlim] sample:		221.1 time, 240.8 real, 215.2 MB
[runlim] sample:		231.1 time, 250.8 real, 223.1 MB
[runlim] sample:		240.8 time, 260.8 real, 229.6 MB
[runlim] sample:		250.1 time, 270.8 real, 237.8 MB
[runlim] sample:		259.0 time, 280.8 real, 247.4 MB
[runlim] sample:		268.9 time, 290.8 real, 256.4 MB
[runlim] sample:		278.9 time, 300.8 real, 263.1 MB
[runlim] sample:		288.9 time, 310.8 real, 271.4 MB
[runlim] sample:		298.9 time, 320.8 real, 280.1 MB
CVC4 interrupted by SIGTERM.
[runlim] end:			Tue Feb  5 10:13:40 2019
[runlim] status:		out of time
[runlim] result:		2
[runlim] children:		0
[runlim] real:			322.03 seconds
[runlim] time:			300.11 seconds
[runlim] space:			281.2 MB
[runlim] samples:		3212
