[runlim] version:		1.10fixed
[runlim] time limit:		300 seconds
[runlim] real time limit:	311040000 seconds
[runlim] space limit:		4000 MB
[runlim] argv[0]:		./cvc4
[runlim] argv[1]:		--nl-ext-tplanes
[runlim] argv[2]:		--cbqi-all
[runlim] argv[3]:		/tmp/HZcnoAin.smt2
[runlim] start:			Tue Feb  5 13:16:44 2019
[runlim] main pid:		8697
/tmp/HZcnoAin.smt2:4.12: No set-logic command was given before this point.
/tmp/HZcnoAin.smt2:4.12: CVC4 will make all theories available.
/tmp/HZcnoAin.smt2:4.12: Consider setting a stricter logic for (likely) better performance.
/tmp/HZcnoAin.smt2:4.12: To suppress this warning in the future use (set-logic ALL).
[runlim] sample:		9.0 time, 10.1 real, 104.9 MB
[runlim] sample:		18.6 time, 20.1 real, 142.1 MB
[runlim] sample:		28.2 time, 30.1 real, 164.0 MB
[runlim] sample:		37.9 time, 40.1 real, 182.8 MB
[runlim] sample:		45.7 time, 50.1 real, 195.7 MB
[runlim] sample:		53.3 time, 60.1 real, 205.4 MB
[runlim] sample:		63.2 time, 70.1 real, 221.2 MB
[runlim] sample:		70.8 time, 80.1 real, 229.2 MB
[runlim] sample:		79.0 time, 90.1 real, 241.4 MB
[runlim] sample:		88.9 time, 100.1 real, 252.7 MB
[runlim] sample:		98.7 time, 110.1 real, 262.3 MB
[runlim] sample:		108.4 time, 120.1 real, 273.3 MB
[runlim] sample:		118.2 time, 130.1 real, 281.3 MB
[runlim] sample:		128.2 time, 140.1 real, 289.1 MB
[runlim] sample:		138.2 time, 150.1 real, 295.5 MB
[runlim] sample:		148.2 time, 160.1 real, 303.5 MB
[runlim] sample:		158.2 time, 170.1 real, 311.7 MB
[runlim] sample:		168.2 time, 180.1 real, 317.6 MB
[runlim] sample:		178.2 time, 190.1 real, 323.0 MB
[runlim] sample:		188.1 time, 200.1 real, 329.5 MB
[runlim] sample:		197.8 time, 210.1 real, 334.1 MB
[runlim] sample:		207.5 time, 220.1 real, 340.0 MB
[runlim] sample:		217.2 time, 230.1 real, 346.7 MB
[runlim] sample:		226.9 time, 240.1 real, 350.9 MB
[runlim] sample:		236.9 time, 250.1 real, 356.8 MB
[runlim] sample:		246.9 time, 260.1 real, 362.7 MB
[runlim] sample:		256.9 time, 270.1 real, 366.6 MB
[runlim] sample:		266.9 time, 280.1 real, 373.4 MB
[runlim] sample:		276.9 time, 290.1 real, 377.7 MB
[runlim] sample:		286.1 time, 300.1 real, 380.3 MB
[runlim] sample:		295.8 time, 310.1 real, 386.2 MB
CVC4 interrupted by SIGTERM.
[runlim] end:			Tue Feb  5 13:21:58 2019
[runlim] status:		out of time
[runlim] result:		2
[runlim] children:		0
[runlim] real:			314.44 seconds
[runlim] time:			300.07 seconds
[runlim] space:			386.2 MB
[runlim] samples:		3143
