[runlim] version:		1.10fixed
[runlim] time limit:		300 seconds
[runlim] real time limit:	311040000 seconds
[runlim] space limit:		4000 MB
[runlim] argv[0]:		./cvc4
[runlim] argv[1]:		--nl-ext-tplanes
[runlim] argv[2]:		--cbqi-all
[runlim] argv[3]:		/tmp/iuSiayqY.smt2
[runlim] start:			Tue Feb  5 10:12:12 2019
[runlim] main pid:		28189
[runlim] sample:		8.2 time, 10.6 real, 40.3 MB
[runlim] sample:		16.5 time, 20.6 real, 51.9 MB
[runlim] sample:		26.0 time, 30.6 real, 60.4 MB
[runlim] sample:		35.8 time, 40.6 real, 70.7 MB
[runlim] sample:		45.2 time, 50.6 real, 77.2 MB
[runlim] sample:		54.6 time, 60.6 real, 82.8 MB
[runlim] sample:		64.5 time, 70.6 real, 88.0 MB
[runlim] sample:		74.5 time, 80.6 real, 93.2 MB
[runlim] sample:		84.5 time, 90.6 real, 97.5 MB
[runlim] sample:		94.5 time, 100.6 real, 104.0 MB
[runlim] sample:		104.5 time, 110.6 real, 112.3 MB
[runlim] sample:		114.5 time, 120.6 real, 116.4 MB
[runlim] sample:		124.5 time, 130.6 real, 120.1 MB
[runlim] sample:		134.5 time, 140.6 real, 122.9 MB
[runlim] sample:		144.5 time, 150.6 real, 126.5 MB
[runlim] sample:		154.5 time, 160.6 real, 129.9 MB
[runlim] sample:		164.5 time, 170.6 real, 132.4 MB
[runlim] sample:		174.5 time, 180.6 real, 135.0 MB
[runlim] sample:		184.5 time, 190.6 real, 137.8 MB
[runlim] sample:		194.5 time, 200.6 real, 140.4 MB
[runlim] sample:		204.5 time, 210.6 real, 142.7 MB
[runlim] sample:		214.5 time, 220.6 real, 145.3 MB
[runlim] sample:		224.5 time, 230.6 real, 147.6 MB
[runlim] sample:		234.5 time, 240.6 real, 149.7 MB
[runlim] sample:		244.5 time, 250.6 real, 152.0 MB
[runlim] sample:		254.5 time, 260.6 real, 154.3 MB
[runlim] sample:		264.5 time, 270.6 real, 156.4 MB
[runlim] sample:		274.5 time, 280.6 real, 158.7 MB
[runlim] sample:		284.5 time, 290.6 real, 161.0 MB
[runlim] sample:		294.5 time, 300.6 real, 162.9 MB
CVC4 interrupted by SIGTERM.
[runlim] end:			Tue Feb  5 10:17:18 2019
[runlim] status:		out of time
[runlim] result:		2
[runlim] children:		0
[runlim] real:			306.22 seconds
[runlim] time:			300.08 seconds
[runlim] space:			163.9 MB
[runlim] samples:		3056
